2024/03/05 10:07:02 making map order &{0 [../pg-being_ernest.txt] 0 10}
2024/03/05 10:07:02 making map order &{0 [../pg-dorian_gray.txt] 1 10}
2024/03/05 10:07:02 making map order &{0 [../pg-frankenstein.txt] 2 10}
2024/03/05 10:07:02 making map order &{0 [../pg-grimm.txt] 3 10}
2024/03/05 10:07:02 making map order &{0 [../pg-huckleberry_finn.txt] 4 10}
2024/03/05 10:07:02 making map order &{0 [../pg-metamorphosis.txt] 5 10}
2024/03/05 10:07:02 making map order &{0 [../pg-sherlock_holmes.txt] 6 10}
2024/03/05 10:07:02 making map order &{0 [../pg-tom_sawyer.txt] 7 10}
2024/03/05 10:07:02 done with make map order
2024/03/05 10:07:02 Map: 0 done vs. 8 working, Reduce 0 done vs. 0 working
2024/03/05 10:07:03 Coordinator work
2024/03/05 10:07:03 Coordinator status 0
2024/03/05 10:07:03 Coordinator work
2024/03/05 10:07:03 Coordinator status 0
2024/03/05 10:07:03 Coordinator work
2024/03/05 10:07:03 Coordinator status 0
2024/03/05 10:07:03 Coordinator work
2024/03/05 10:07:03 Coordinator status 0
2024/03/05 10:07:03 IsDone &{0 2024-03-05 10:07:03.633715216 +0800 CST m=+1.026555926 0xc000072480} true
2024/03/05 10:07:03 Order 1 finish Map
2024/03/05 10:07:04 Coordinator work
2024/03/05 10:07:04 Coordinator status 0
2024/03/05 10:07:04 Coordinator work
2024/03/05 10:07:04 Coordinator status 0
2024/03/05 10:07:04 IsDone &{0 2024-03-05 10:07:04.698269405 +0800 CST m=+2.091110110 0xc0000726c0} true
2024/03/05 10:07:04 Order 5 finish Map
2024/03/05 10:07:04 IsDone &{0 2024-03-05 10:07:03.645067992 +0800 CST m=+1.037908703 0xc000072510} true
2024/03/05 10:07:04 Order 2 finish Map
2024/03/05 10:07:05 Coordinator work
2024/03/05 10:07:05 Coordinator status 0
2024/03/05 10:07:05 Coordinator work
2024/03/05 10:07:05 Coordinator status 0
2024/03/05 10:07:05 IsDone &{0 2024-03-05 10:07:05.881309383 +0800 CST m=+3.274150088 0xc0000727e0} true
2024/03/05 10:07:05 Order 7 finish Map
2024/03/05 10:07:06 IsDone &{0 2024-03-05 10:07:03.627228635 +0800 CST m=+1.020069343 0xc0000723f0} true
2024/03/05 10:07:06 Order 0 finish Map
2024/03/05 10:07:06 Coordinator work
2024/03/05 10:07:06 Coordinator status 0
2024/03/05 10:07:06 Map: 5 done vs. 3 working, Reduce 0 done vs. 0 working
2024/03/05 10:07:07 Coordinator work
2024/03/05 10:07:07 Coordinator status 0
2024/03/05 10:07:07 Map: 5 done vs. 3 working, Reduce 0 done vs. 0 working
2024/03/05 10:07:08 Coordinator work
2024/03/05 10:07:08 Coordinator status 0
2024/03/05 10:07:08 Map: 5 done vs. 3 working, Reduce 0 done vs. 0 working
2024/03/05 10:07:09 Coordinator work
2024/03/05 10:07:09 Coordinator status 0
2024/03/05 10:07:09 Map: 5 done vs. 3 working, Reduce 0 done vs. 0 working
2024/03/05 10:07:10 Coordinator work
2024/03/05 10:07:10 Coordinator status 0
2024/03/05 10:07:10 Map: 5 done vs. 3 working, Reduce 0 done vs. 0 working
2024/03/05 10:07:11 Coordinator work
2024/03/05 10:07:11 Coordinator status 0
2024/03/05 10:07:11 Map: 5 done vs. 3 working, Reduce 0 done vs. 0 working
2024/03/05 10:07:12 IsDone &{0 2024-03-05 10:07:05.70706662 +0800 CST m=+3.099907332 0xc000072750} true
2024/03/05 10:07:12 Order 6 finish Map
2024/03/05 10:07:12 Coordinator work
2024/03/05 10:07:12 Coordinator status 0
2024/03/05 10:07:12 Map: 6 done vs. 2 working, Reduce 0 done vs. 0 working
2024/03/05 10:07:13 IsDone &{0 2024-03-05 10:07:04.679162289 +0800 CST m=+2.072002997 0xc000072630} true
2024/03/05 10:07:13 Order 4 finish Map
2024/03/05 10:07:13 Coordinator work
2024/03/05 10:07:13 Coordinator status 0
2024/03/05 10:07:13 Map: 7 done vs. 1 working, Reduce 0 done vs. 0 working
2024/03/05 10:07:13 Coordinator work
2024/03/05 10:07:13 Coordinator status 0
2024/03/05 10:07:13 Map: 7 done vs. 1 working, Reduce 0 done vs. 0 working
2024/03/05 10:07:14 Coordinator work
2024/03/05 10:07:14 Coordinator status 0
2024/03/05 10:07:14 Map: 7 done vs. 1 working, Reduce 0 done vs. 0 working
2024/03/05 10:07:14 Coordiantor restart Map order 3
2024/03/05 10:07:14 Coordinator work
2024/03/05 10:07:14 Coordinator status 0
2024/03/05 10:07:14 IsDone &{0 2024-03-05 10:07:14.907704359 +0800 CST m=+12.300545063 0xc0000725a0} true
2024/03/05 10:07:14 Order 3 finish Map
2024/03/05 10:07:15 Coordinator work
2024/03/05 10:07:15 Coordinator status 0
2024/03/05 10:07:15 Map: 8 done vs. 0 working, Reduce 0 done vs. 0 working
2024/03/05 10:07:15 forward: forward to Reuce Phase
2024/03/05 10:07:15 making reduce order : 8
2024/03/05 10:07:15 making reduce order : 9
2024/03/05 10:07:15 making reduce order : 10
2024/03/05 10:07:15 making reduce order : 11
2024/03/05 10:07:15 making reduce order : 12
2024/03/05 10:07:15 making reduce order : 13
2024/03/05 10:07:15 making reduce order : 14
2024/03/05 10:07:15 making reduce order : 15
2024/03/05 10:07:15 making reduce order : 16
2024/03/05 10:07:15 making reduce order : 17
2024/03/05 10:07:15 done with make reduce order
2024/03/05 10:07:15 Map: 8 done vs. 0 working, Reduce 0 done vs. 10 working
2024/03/05 10:07:15 Coordinator work
2024/03/05 10:07:15 Coordinator status 1
2024/03/05 10:07:15 Order 8 finish Reduce
2024/03/05 10:07:15 Coordinator work
2024/03/05 10:07:15 Coordinator status 1
2024/03/05 10:07:15 Order 9 finish Reduce
2024/03/05 10:07:16 Coordinator work
2024/03/05 10:07:16 Coordinator status 1
2024/03/05 10:07:16 Coordinator work
2024/03/05 10:07:16 Coordinator status 1
2024/03/05 10:07:16 Order 11 finish Reduce
2024/03/05 10:07:16 Coordinator work
2024/03/05 10:07:16 Coordinator status 1
2024/03/05 10:07:16 Order 12 finish Reduce
2024/03/05 10:07:17 Coordinator work
2024/03/05 10:07:17 Coordinator status 1
2024/03/05 10:07:17 Coordinator work
2024/03/05 10:07:17 Coordinator status 1
2024/03/05 10:07:17 Order 14 finish Reduce
2024/03/05 10:07:17 Coordinator work
2024/03/05 10:07:17 Coordinator status 1
2024/03/05 10:07:17 Order 15 finish Reduce
2024/03/05 10:07:17 Coordinator work
2024/03/05 10:07:17 Coordinator status 1
2024/03/05 10:07:17 Order 16 finish Reduce
2024/03/05 10:07:18 Coordinator work
2024/03/05 10:07:18 Coordinator status 1
2024/03/05 10:07:18 Order 17 finish Reduce
2024/03/05 10:07:18 Coordinator work
2024/03/05 10:07:18 Coordinator status 1
2024/03/05 10:07:18 Map: 8 done vs. 0 working, Reduce 8 done vs. 2 working
2024/03/05 10:07:18 Coordinator work
2024/03/05 10:07:18 Coordinator status 1
2024/03/05 10:07:18 Map: 8 done vs. 0 working, Reduce 8 done vs. 2 working
2024/03/05 10:07:19 Coordinator work
2024/03/05 10:07:19 Coordinator status 1
2024/03/05 10:07:19 Map: 8 done vs. 0 working, Reduce 8 done vs. 2 working
2024/03/05 10:07:20 Coordinator work
2024/03/05 10:07:20 Coordinator status 1
2024/03/05 10:07:20 Map: 8 done vs. 0 working, Reduce 8 done vs. 2 working
2024/03/05 10:07:20 Coordinator work
2024/03/05 10:07:20 Coordinator status 1
2024/03/05 10:07:20 Map: 8 done vs. 0 working, Reduce 8 done vs. 2 working
2024/03/05 10:07:21 Coordinator work
2024/03/05 10:07:21 Coordinator status 1
2024/03/05 10:07:21 Map: 8 done vs. 0 working, Reduce 8 done vs. 2 working
2024/03/05 10:07:21 Order 13 finish Reduce
2024/03/05 10:07:22 Coordinator work
2024/03/05 10:07:22 Coordinator status 1
2024/03/05 10:07:22 Map: 8 done vs. 0 working, Reduce 9 done vs. 1 working
2024/03/05 10:07:22 Coordinator work
2024/03/05 10:07:22 Coordinator status 1
2024/03/05 10:07:22 Map: 8 done vs. 0 working, Reduce 9 done vs. 1 working
2024/03/05 10:07:22 Coordinator work
2024/03/05 10:07:22 Coordinator status 1
2024/03/05 10:07:22 Map: 8 done vs. 0 working, Reduce 9 done vs. 1 working
2024/03/05 10:07:23 Coordinator work
2024/03/05 10:07:23 Coordinator status 1
2024/03/05 10:07:23 Map: 8 done vs. 0 working, Reduce 9 done vs. 1 working
2024/03/05 10:07:24 Coordinator work
2024/03/05 10:07:24 Coordinator status 1
2024/03/05 10:07:24 Map: 8 done vs. 0 working, Reduce 9 done vs. 1 working
2024/03/05 10:07:24 Coordinator work
2024/03/05 10:07:24 Coordinator status 1
2024/03/05 10:07:24 Map: 8 done vs. 0 working, Reduce 9 done vs. 1 working
2024/03/05 10:07:24 Coordinator work
2024/03/05 10:07:24 Coordinator status 1
2024/03/05 10:07:24 Map: 8 done vs. 0 working, Reduce 9 done vs. 1 working
2024/03/05 10:07:25 Coordinator work
2024/03/05 10:07:25 Coordinator status 1
2024/03/05 10:07:25 Map: 8 done vs. 0 working, Reduce 9 done vs. 1 working
2024/03/05 10:07:26 Coordinator work
2024/03/05 10:07:26 Coordinator status 1
2024/03/05 10:07:26 Map: 8 done vs. 0 working, Reduce 9 done vs. 1 working
2024/03/05 10:07:26 Coordinator work
2024/03/05 10:07:26 Coordinator status 1
2024/03/05 10:07:26 Map: 8 done vs. 0 working, Reduce 9 done vs. 1 working
2024/03/05 10:07:26 Coordiantor restart Reduce order 10
2024/03/05 10:07:26 Coordinator work
2024/03/05 10:07:26 Coordinator status 1
2024/03/05 10:07:26 Order 10 finish Reduce
2024/03/05 10:07:27 Coordinator work
2024/03/05 10:07:27 Coordinator status 1
2024/03/05 10:07:27 Map: 8 done vs. 0 working, Reduce 10 done vs. 0 working
2024/03/05 10:07:27 forward: forward to done phase
2024/03/05 10:07:27 Coordinator work
2024/03/05 10:07:27 Coordinator status 2
2024/03/05 10:07:28 Coordinator work
2024/03/05 10:07:28 Coordinator status 2
2024/03/05 10:07:28 Coordinator work
2024/03/05 10:07:28 Coordinator status 2
