2024/03/05 05:26:47 making map order &{0 [../pg-being_ernest.txt] 0 10}
2024/03/05 05:26:47 making map order &{0 [../pg-dorian_gray.txt] 1 10}
2024/03/05 05:26:47 making map order &{0 [../pg-frankenstein.txt] 2 10}
2024/03/05 05:26:47 making map order &{0 [../pg-grimm.txt] 3 10}
2024/03/05 05:26:47 making map order &{0 [../pg-huckleberry_finn.txt] 4 10}
2024/03/05 05:26:47 making map order &{0 [../pg-metamorphosis.txt] 5 10}
2024/03/05 05:26:47 making map order &{0 [../pg-sherlock_holmes.txt] 6 10}
2024/03/05 05:26:47 making map order &{0 [../pg-tom_sawyer.txt] 7 10}
2024/03/05 05:26:47 done with make map order
2024/03/05 05:26:47 Map: 0 done vs. 8 working, Reduce 0 done vs. 0 working
2024/03/05 05:26:48 Coordinator work
2024/03/05 05:26:48 Coordinator status 0
2024/03/05 05:26:48 Coordinator work
2024/03/05 05:26:48 Coordinator status 0
2024/03/05 05:26:48 Coordinator work
2024/03/05 05:26:48 Coordinator status 0
2024/03/05 05:26:48 Coordinator work
2024/03/05 05:26:48 Coordinator status 0
2024/03/05 05:26:48 IsDone &{0 2024-03-05 05:26:48.388811038 +0800 CST m=+1.044087539 0xc000074360} true
2024/03/05 05:26:48 Order 3 finish Map
2024/03/05 05:26:49 Coordinator work
2024/03/05 05:26:49 Coordinator status 0
2024/03/05 05:26:49 IsDone &{0 2024-03-05 05:26:49.413214172 +0800 CST m=+2.068490663 0xc0000743f0} true
2024/03/05 05:26:49 Order 4 finish Map
2024/03/05 05:26:49 Coordinator work
2024/03/05 05:26:49 Coordinator status 0
2024/03/05 05:26:49 IsDone &{0 2024-03-05 05:26:49.437866866 +0800 CST m=+2.093143374 0xc000074480} true
2024/03/05 05:26:49 Order 5 finish Map
2024/03/05 05:26:50 Coordinator work
2024/03/05 05:26:50 Coordinator status 0
2024/03/05 05:26:50 Coordinator work
2024/03/05 05:26:50 Coordinator status 0
2024/03/05 05:26:50 IsDone &{0 2024-03-05 05:26:50.448090473 +0800 CST m=+3.103366988 0xc0000745a0} true
2024/03/05 05:26:50 Order 7 finish Map
2024/03/05 05:26:50 IsDone &{0 2024-03-05 05:26:50.438051333 +0800 CST m=+3.093327874 0xc000074510} true
2024/03/05 05:26:50 Order 6 finish Map
2024/03/05 05:26:51 IsDone &{0 2024-03-05 05:26:48.382244607 +0800 CST m=+1.037521115 0xc000074240} true
2024/03/05 05:26:51 Order 1 finish Map
2024/03/05 05:26:51 Coordinator work
2024/03/05 05:26:51 Coordinator status 0
2024/03/05 05:26:51 Map: 6 done vs. 2 working, Reduce 0 done vs. 0 working
2024/03/05 05:26:51 Coordinator work
2024/03/05 05:26:51 Coordinator status 0
2024/03/05 05:26:51 Map: 6 done vs. 2 working, Reduce 0 done vs. 0 working
2024/03/05 05:26:52 Coordinator work
2024/03/05 05:26:52 Coordinator status 0
2024/03/05 05:26:52 Map: 6 done vs. 2 working, Reduce 0 done vs. 0 working
2024/03/05 05:26:53 Coordinator work
2024/03/05 05:26:53 Coordinator status 0
2024/03/05 05:26:53 Map: 6 done vs. 2 working, Reduce 0 done vs. 0 working
2024/03/05 05:26:53 Coordinator work
2024/03/05 05:26:53 Coordinator status 0
2024/03/05 05:26:53 Map: 6 done vs. 2 working, Reduce 0 done vs. 0 working
2024/03/05 05:26:54 Coordinator work
2024/03/05 05:26:54 Coordinator status 0
2024/03/05 05:26:54 Map: 6 done vs. 2 working, Reduce 0 done vs. 0 working
2024/03/05 05:26:55 Coordinator work
2024/03/05 05:26:55 Coordinator status 0
2024/03/05 05:26:55 Map: 6 done vs. 2 working, Reduce 0 done vs. 0 working
2024/03/05 05:26:55 Coordinator work
2024/03/05 05:26:55 Coordinator status 0
2024/03/05 05:26:55 Map: 6 done vs. 2 working, Reduce 0 done vs. 0 working
2024/03/05 05:26:56 Coordinator work
2024/03/05 05:26:56 Coordinator status 0
2024/03/05 05:26:56 Map: 6 done vs. 2 working, Reduce 0 done vs. 0 working
2024/03/05 05:26:57 Coordinator work
2024/03/05 05:26:57 Coordinator status 0
2024/03/05 05:26:57 Map: 6 done vs. 2 working, Reduce 0 done vs. 0 working
2024/03/05 05:26:57 Coordinator work
2024/03/05 05:26:57 Coordinator status 0
2024/03/05 05:26:57 Map: 6 done vs. 2 working, Reduce 0 done vs. 0 working
2024/03/05 05:26:58 Coordinator work
2024/03/05 05:26:58 Coordinator status 0
2024/03/05 05:26:58 Map: 6 done vs. 2 working, Reduce 0 done vs. 0 working
2024/03/05 05:26:59 Coordiantor restart Map order 0
2024/03/05 05:26:59 Coordiantor restart Map order 2
2024/03/05 05:26:59 Coordinator work
2024/03/05 05:26:59 Coordinator status 0
2024/03/05 05:26:59 Coordinator work
2024/03/05 05:26:59 Coordinator status 0
2024/03/05 05:27:00 Coordinator work
2024/03/05 05:27:00 Coordinator status 0
2024/03/05 05:27:00 Map: 6 done vs. 2 working, Reduce 0 done vs. 0 working
2024/03/05 05:27:00 Coordinator work
2024/03/05 05:27:00 Coordinator status 0
2024/03/05 05:27:00 Map: 6 done vs. 2 working, Reduce 0 done vs. 0 working
2024/03/05 05:27:02 Coordinator work
2024/03/05 05:27:02 Coordinator status 0
2024/03/05 05:27:02 Map: 6 done vs. 2 working, Reduce 0 done vs. 0 working
2024/03/05 05:27:02 Coordinator work
2024/03/05 05:27:02 Coordinator status 0
2024/03/05 05:27:02 Map: 6 done vs. 2 working, Reduce 0 done vs. 0 working
2024/03/05 05:27:03 IsDone &{0 2024-03-05 05:26:59.480109389 +0800 CST m=+12.135385897 0xc0000741b0} true
2024/03/05 05:27:03 Order 0 finish Map
2024/03/05 05:27:04 Coordinator work
2024/03/05 05:27:04 Coordinator status 0
2024/03/05 05:27:04 Map: 7 done vs. 1 working, Reduce 0 done vs. 0 working
2024/03/05 05:27:04 Coordinator work
2024/03/05 05:27:04 Coordinator status 0
2024/03/05 05:27:04 Map: 7 done vs. 1 working, Reduce 0 done vs. 0 working
2024/03/05 05:27:04 Coordinator work
2024/03/05 05:27:04 Coordinator status 0
2024/03/05 05:27:04 Map: 7 done vs. 1 working, Reduce 0 done vs. 0 working
2024/03/05 05:27:06 Coordinator work
2024/03/05 05:27:06 Coordinator status 0
2024/03/05 05:27:06 Map: 7 done vs. 1 working, Reduce 0 done vs. 0 working
2024/03/05 05:27:06 Coordinator work
2024/03/05 05:27:06 Coordinator status 0
2024/03/05 05:27:06 Map: 7 done vs. 1 working, Reduce 0 done vs. 0 working
2024/03/05 05:27:06 Coordinator work
2024/03/05 05:27:06 Coordinator status 0
2024/03/05 05:27:06 Map: 7 done vs. 1 working, Reduce 0 done vs. 0 working
2024/03/05 05:27:08 Coordinator work
2024/03/05 05:27:08 Coordinator status 0
2024/03/05 05:27:08 Map: 7 done vs. 1 working, Reduce 0 done vs. 0 working
2024/03/05 05:27:08 Coordinator work
2024/03/05 05:27:08 Coordinator status 0
2024/03/05 05:27:08 Map: 7 done vs. 1 working, Reduce 0 done vs. 0 working
2024/03/05 05:27:08 Coordinator work
2024/03/05 05:27:08 Coordinator status 0
2024/03/05 05:27:08 Map: 7 done vs. 1 working, Reduce 0 done vs. 0 working
2024/03/05 05:27:10 Coordinator work
2024/03/05 05:27:10 Coordinator status 0
2024/03/05 05:27:10 Map: 7 done vs. 1 working, Reduce 0 done vs. 0 working
2024/03/05 05:27:10 Coordiantor restart Map order 2
2024/03/05 05:27:10 Coordinator work
2024/03/05 05:27:10 Coordinator status 0
2024/03/05 05:27:10 IsDone &{0 2024-03-05 05:27:10.4247809 +0800 CST m=+23.080057407 0xc0000742d0} true
2024/03/05 05:27:10 Order 2 finish Map
2024/03/05 05:27:10 Coordinator work
2024/03/05 05:27:10 Coordinator status 0
2024/03/05 05:27:10 Map: 8 done vs. 0 working, Reduce 0 done vs. 0 working
2024/03/05 05:27:10 forward: forward to Reuce Phase
2024/03/05 05:27:10 making reduce order : 8
2024/03/05 05:27:10 making reduce order : 9
2024/03/05 05:27:10 making reduce order : 10
2024/03/05 05:27:10 making reduce order : 11
2024/03/05 05:27:10 making reduce order : 12
2024/03/05 05:27:10 making reduce order : 13
2024/03/05 05:27:10 making reduce order : 14
2024/03/05 05:27:10 making reduce order : 15
2024/03/05 05:27:10 making reduce order : 16
2024/03/05 05:27:10 making reduce order : 17
2024/03/05 05:27:10 done with make reduce order
2024/03/05 05:27:10 Map: 8 done vs. 0 working, Reduce 0 done vs. 10 working
2024/03/05 05:27:11 Coordinator work
2024/03/05 05:27:11 Coordinator status 1
2024/03/05 05:27:11 Order 8 finish Reduce
2024/03/05 05:27:12 Coordinator work
2024/03/05 05:27:12 Coordinator status 1
2024/03/05 05:27:12 Order 9 finish Reduce
2024/03/05 05:27:12 Coordinator work
2024/03/05 05:27:12 Coordinator status 1
2024/03/05 05:27:12 Order 10 finish Reduce
2024/03/05 05:27:12 Coordinator work
2024/03/05 05:27:12 Coordinator status 1
2024/03/05 05:27:12 Order 11 finish Reduce
2024/03/05 05:27:13 Coordinator work
2024/03/05 05:27:13 Coordinator status 1
2024/03/05 05:27:13 Order 12 finish Reduce
2024/03/05 05:27:13 Coordinator work
2024/03/05 05:27:13 Coordinator status 1
2024/03/05 05:27:13 Coordinator work
2024/03/05 05:27:13 Coordinator status 1
2024/03/05 05:27:13 Order 14 finish Reduce
2024/03/05 05:27:14 Coordinator work
2024/03/05 05:27:14 Coordinator status 1
2024/03/05 05:27:14 Order 15 finish Reduce
2024/03/05 05:27:14 Coordinator work
2024/03/05 05:27:14 Coordinator status 1
2024/03/05 05:27:14 Order 16 finish Reduce
2024/03/05 05:27:15 Coordinator work
2024/03/05 05:27:15 Coordinator status 1
2024/03/05 05:27:15 Order 17 finish Reduce
2024/03/05 05:27:15 Coordinator work
2024/03/05 05:27:15 Coordinator status 1
2024/03/05 05:27:15 Map: 8 done vs. 0 working, Reduce 9 done vs. 1 working
2024/03/05 05:27:16 Coordinator work
2024/03/05 05:27:16 Coordinator status 1
2024/03/05 05:27:16 Map: 8 done vs. 0 working, Reduce 9 done vs. 1 working
2024/03/05 05:27:17 Coordinator work
2024/03/05 05:27:17 Coordinator status 1
2024/03/05 05:27:17 Map: 8 done vs. 0 working, Reduce 9 done vs. 1 working
2024/03/05 05:27:18 Order 13 finish Reduce
2024/03/05 05:27:18 Coordinator work
2024/03/05 05:27:18 Coordinator status 1
2024/03/05 05:27:18 Map: 8 done vs. 0 working, Reduce 10 done vs. 0 working
2024/03/05 05:27:18 forward: forward to done phase
2024/03/05 05:27:19 Coordinator work
2024/03/05 05:27:19 Coordinator status 2
