2024/03/05 05:25:47 making map order &{0 [../pg-being_ernest.txt] 0 10}
2024/03/05 05:25:47 making map order &{0 [../pg-dorian_gray.txt] 1 10}
2024/03/05 05:25:47 making map order &{0 [../pg-frankenstein.txt] 2 10}
2024/03/05 05:25:47 making map order &{0 [../pg-grimm.txt] 3 10}
2024/03/05 05:25:47 making map order &{0 [../pg-huckleberry_finn.txt] 4 10}
2024/03/05 05:25:47 making map order &{0 [../pg-metamorphosis.txt] 5 10}
2024/03/05 05:25:47 making map order &{0 [../pg-sherlock_holmes.txt] 6 10}
2024/03/05 05:25:47 making map order &{0 [../pg-tom_sawyer.txt] 7 10}
2024/03/05 05:25:47 done with make map order
2024/03/05 05:25:47 Map: 0 done vs. 8 working, Reduce 0 done vs. 0 working
2024/03/05 05:25:48 Coordinator work
2024/03/05 05:25:48 Coordinator status 0
2024/03/05 05:25:48 Coordinator work
2024/03/05 05:25:48 Coordinator status 0
2024/03/05 05:25:48 IsDone &{0 2024-03-05 05:25:48.897988861 +0800 CST m=+1.015463890 0xc00007dd10} true
2024/03/05 05:25:48 Order 0 finish Map
2024/03/05 05:25:48 IsDone &{0 2024-03-05 05:25:48.905722865 +0800 CST m=+1.023197890 0xc00007dda0} true
2024/03/05 05:25:48 Order 1 finish Map
2024/03/05 05:25:49 Coordinator work
2024/03/05 05:25:49 Coordinator status 0
2024/03/05 05:25:49 IsDone &{0 2024-03-05 05:25:49.910434148 +0800 CST m=+2.027909178 0xc00007de30} true
2024/03/05 05:25:49 Order 2 finish Map
2024/03/05 05:25:49 Coordinator work
2024/03/05 05:25:49 Coordinator status 0
2024/03/05 05:25:49 IsDone &{0 2024-03-05 05:25:49.927356506 +0800 CST m=+2.044831534 0xc00007dec0} true
2024/03/05 05:25:49 Order 3 finish Map
2024/03/05 05:25:50 Coordinator work
2024/03/05 05:25:50 Coordinator status 0
2024/03/05 05:25:50 Coordinator work
2024/03/05 05:25:50 Coordinator status 0
2024/03/05 05:25:50 IsDone &{0 2024-03-05 05:25:50.927871595 +0800 CST m=+3.045346627 0xc00007df50} true
2024/03/05 05:25:50 Order 4 finish Map
2024/03/05 05:25:50 IsDone &{0 2024-03-05 05:25:50.945604358 +0800 CST m=+3.063079388 0xc000162000} true
2024/03/05 05:25:50 Order 5 finish Map
2024/03/05 05:25:51 Coordinator work
2024/03/05 05:25:51 Coordinator status 0
2024/03/05 05:25:51 Coordinator work
2024/03/05 05:25:51 Coordinator status 0
2024/03/05 05:25:51 IsDone &{0 2024-03-05 05:25:51.958354757 +0800 CST m=+4.075829790 0xc000162120} true
2024/03/05 05:25:51 Order 7 finish Map
2024/03/05 05:25:51 IsDone &{0 2024-03-05 05:25:51.949233629 +0800 CST m=+4.066708662 0xc000162090} true
2024/03/05 05:25:51 Order 6 finish Map
2024/03/05 05:25:52 Coordinator work
2024/03/05 05:25:52 Coordinator status 0
2024/03/05 05:25:52 Map: 8 done vs. 0 working, Reduce 0 done vs. 0 working
2024/03/05 05:25:52 forward: forward to Reuce Phase
2024/03/05 05:25:52 making reduce order : 8
2024/03/05 05:25:52 making reduce order : 9
2024/03/05 05:25:52 making reduce order : 10
2024/03/05 05:25:52 making reduce order : 11
2024/03/05 05:25:52 making reduce order : 12
2024/03/05 05:25:52 making reduce order : 13
2024/03/05 05:25:52 making reduce order : 14
2024/03/05 05:25:52 making reduce order : 15
2024/03/05 05:25:52 making reduce order : 16
2024/03/05 05:25:52 making reduce order : 17
2024/03/05 05:25:52 done with make reduce order
2024/03/05 05:25:52 Map: 8 done vs. 0 working, Reduce 0 done vs. 10 working
2024/03/05 05:25:52 Coordinator work
2024/03/05 05:25:52 Coordinator status 1
2024/03/05 05:25:53 Order 8 finish Reduce
2024/03/05 05:25:54 Coordinator work
2024/03/05 05:25:54 Coordinator status 1
2024/03/05 05:25:54 Coordinator work
2024/03/05 05:25:54 Coordinator status 1
2024/03/05 05:25:55 Order 9 finish Reduce
2024/03/05 05:25:56 Order 10 finish Reduce
2024/03/05 05:25:56 Coordinator work
2024/03/05 05:25:56 Coordinator status 1
2024/03/05 05:25:57 Coordinator work
2024/03/05 05:25:57 Coordinator status 1
2024/03/05 05:25:58 Order 11 finish Reduce
2024/03/05 05:25:59 Order 12 finish Reduce
2024/03/05 05:25:59 Coordinator work
2024/03/05 05:25:59 Coordinator status 1
2024/03/05 05:26:00 Coordinator work
2024/03/05 05:26:00 Coordinator status 1
2024/03/05 05:26:01 Order 13 finish Reduce
2024/03/05 05:26:01 Order 14 finish Reduce
2024/03/05 05:26:02 Coordinator work
2024/03/05 05:26:02 Coordinator status 1
2024/03/05 05:26:02 Order 15 finish Reduce
2024/03/05 05:26:02 Coordinator work
2024/03/05 05:26:02 Coordinator status 1
2024/03/05 05:26:02 Order 16 finish Reduce
2024/03/05 05:26:03 Coordinator work
2024/03/05 05:26:03 Coordinator status 1
2024/03/05 05:26:03 Coordinator work
2024/03/05 05:26:03 Coordinator status 1
2024/03/05 05:26:03 Map: 8 done vs. 0 working, Reduce 9 done vs. 1 working
2024/03/05 05:26:04 Order 17 finish Reduce
2024/03/05 05:26:05 Coordinator work
2024/03/05 05:26:05 Coordinator status 1
2024/03/05 05:26:05 Map: 8 done vs. 0 working, Reduce 10 done vs. 0 working
2024/03/05 05:26:05 forward: forward to done phase
2024/03/05 05:26:05 Coordinator work
2024/03/05 05:26:05 Coordinator status 2
