2024/03/04 22:29:04 making map order &{0 [../pg-being_ernest.txt] 0 10}
2024/03/04 22:29:04 making map order &{0 [../pg-dorian_gray.txt] 1 10}
2024/03/04 22:29:04 making map order &{0 [../pg-frankenstein.txt] 2 10}
2024/03/04 22:29:04 making map order &{0 [../pg-grimm.txt] 3 10}
2024/03/04 22:29:04 making map order &{0 [../pg-huckleberry_finn.txt] 4 10}
2024/03/04 22:29:04 making map order &{0 [../pg-metamorphosis.txt] 5 10}
2024/03/04 22:29:04 making map order &{0 [../pg-sherlock_holmes.txt] 6 10}
2024/03/04 22:29:04 making map order &{0 [../pg-tom_sawyer.txt] 7 10}
2024/03/04 22:29:04 done with make map order
2024/03/04 22:29:04 Map: 0 done vs. 8 working, Reduce 0 done vs. 0 working
2024/03/04 22:29:05 Coordinator work
2024/03/04 22:29:05 Coordinator status 0
2024/03/04 22:29:05 Coordinator work
2024/03/04 22:29:05 Coordinator status 0
2024/03/04 22:29:05 Coordinator work
2024/03/04 22:29:05 Coordinator status 0
2024/03/04 22:29:05 IsDone &{0 2024-03-04 22:29:05.449950618 +0800 CST m=+1.034500282 0xc0000723c0} true
2024/03/04 22:29:05 Order 1 finish Map
2024/03/04 22:29:05 IsDone &{0 2024-03-04 22:29:05.454072757 +0800 CST m=+1.038622425 0xc000072450} true
2024/03/04 22:29:05 Order 2 finish Map
2024/03/04 22:29:05 Coordinator work
2024/03/04 22:29:05 Coordinator status 0
2024/03/04 22:29:06 Coordinator work
2024/03/04 22:29:06 Coordinator status 0
2024/03/04 22:29:06 Coordinator work
2024/03/04 22:29:06 Coordinator status 0
2024/03/04 22:29:06 Coordinator work
2024/03/04 22:29:06 Coordinator status 0
2024/03/04 22:29:06 IsDone &{0 2024-03-04 22:29:06.514303742 +0800 CST m=+2.098853406 0xc000072690} true
2024/03/04 22:29:06 Order 6 finish Map
2024/03/04 22:29:07 Coordinator work
2024/03/04 22:29:07 Coordinator status 0
2024/03/04 22:29:07 IsDone &{0 2024-03-04 22:29:07.506850443 +0800 CST m=+3.091400123 0xc000072720} true
2024/03/04 22:29:07 Order 7 finish Map
2024/03/04 22:29:07 Coordinator work
2024/03/04 22:29:07 Coordinator status 0
2024/03/04 22:29:07 Map: 4 done vs. 4 working, Reduce 0 done vs. 0 working
2024/03/04 22:29:07 Coordinator work
2024/03/04 22:29:07 Coordinator status 0
2024/03/04 22:29:07 Map: 4 done vs. 4 working, Reduce 0 done vs. 0 working
2024/03/04 22:29:08 Coordinator work
2024/03/04 22:29:08 Coordinator status 0
2024/03/04 22:29:08 Map: 4 done vs. 4 working, Reduce 0 done vs. 0 working
2024/03/04 22:29:09 Coordinator work
2024/03/04 22:29:09 Coordinator status 0
2024/03/04 22:29:09 Map: 4 done vs. 4 working, Reduce 0 done vs. 0 working
2024/03/04 22:29:09 Coordinator work
2024/03/04 22:29:09 Coordinator status 0
2024/03/04 22:29:09 Map: 4 done vs. 4 working, Reduce 0 done vs. 0 working
2024/03/04 22:29:10 Coordinator work
2024/03/04 22:29:10 Coordinator status 0
2024/03/04 22:29:10 Map: 4 done vs. 4 working, Reduce 0 done vs. 0 working
2024/03/04 22:29:11 Coordinator work
2024/03/04 22:29:11 Coordinator status 0
2024/03/04 22:29:11 Map: 4 done vs. 4 working, Reduce 0 done vs. 0 working
2024/03/04 22:29:11 Coordinator work
2024/03/04 22:29:11 Coordinator status 0
2024/03/04 22:29:11 Map: 4 done vs. 4 working, Reduce 0 done vs. 0 working
2024/03/04 22:29:12 Coordinator work
2024/03/04 22:29:12 Coordinator status 0
2024/03/04 22:29:12 Map: 4 done vs. 4 working, Reduce 0 done vs. 0 working
2024/03/04 22:29:13 Coordinator work
2024/03/04 22:29:13 Coordinator status 0
2024/03/04 22:29:13 Map: 4 done vs. 4 working, Reduce 0 done vs. 0 working
2024/03/04 22:29:13 Coordinator work
2024/03/04 22:29:13 Coordinator status 0
2024/03/04 22:29:13 Map: 4 done vs. 4 working, Reduce 0 done vs. 0 working
2024/03/04 22:29:14 Coordinator work
2024/03/04 22:29:14 Coordinator status 0
2024/03/04 22:29:14 Map: 4 done vs. 4 working, Reduce 0 done vs. 0 working
2024/03/04 22:29:15 Coordinator work
2024/03/04 22:29:15 Coordinator status 0
2024/03/04 22:29:15 Map: 4 done vs. 4 working, Reduce 0 done vs. 0 working
2024/03/04 22:29:15 Coordinator work
2024/03/04 22:29:15 Coordinator status 0
2024/03/04 22:29:15 Map: 4 done vs. 4 working, Reduce 0 done vs. 0 working
2024/03/04 22:29:16 Coordiantor restart Map order 0
2024/03/04 22:29:16 Coordiantor restart Map order 3
2024/03/04 22:29:16 Coordinator work
2024/03/04 22:29:16 Coordinator status 0
2024/03/04 22:29:16 IsDone &{0 2024-03-04 22:29:16.536171583 +0800 CST m=+12.120721250 0xc000072330} true
2024/03/04 22:29:16 Order 0 finish Map
2024/03/04 22:29:17 Coordiantor restart Map order 5
2024/03/04 22:29:17 Coordiantor restart Map order 4
2024/03/04 22:29:17 Coordinator work
2024/03/04 22:29:17 Coordinator status 0
2024/03/04 22:29:17 Coordinator work
2024/03/04 22:29:17 Coordinator status 0
2024/03/04 22:29:17 Coordinator work
2024/03/04 22:29:17 Coordinator status 0
2024/03/04 22:29:17 IsDone &{0 2024-03-04 22:29:17.552692851 +0800 CST m=+13.137242518 0xc000072570} true
2024/03/04 22:29:17 Order 4 finish Map
2024/03/04 22:29:18 Coordinator work
2024/03/04 22:29:18 Coordinator status 0
2024/03/04 22:29:18 Map: 6 done vs. 2 working, Reduce 0 done vs. 0 working
2024/03/04 22:29:20 Coordinator work
2024/03/04 22:29:20 Coordinator status 0
2024/03/04 22:29:20 Map: 6 done vs. 2 working, Reduce 0 done vs. 0 working
2024/03/04 22:29:22 Coordinator work
2024/03/04 22:29:22 Coordinator status 0
2024/03/04 22:29:22 Map: 6 done vs. 2 working, Reduce 0 done vs. 0 working
2024/03/04 22:29:24 Coordinator work
2024/03/04 22:29:24 Coordinator status 0
2024/03/04 22:29:24 Map: 6 done vs. 2 working, Reduce 0 done vs. 0 working
2024/03/04 22:29:26 IsDone &{0 2024-03-04 22:29:17.538997958 +0800 CST m=+13.123547622 0xc0000724e0} true
2024/03/04 22:29:26 Order 3 finish Map
2024/03/04 22:29:26 IsDone &{0 2024-03-04 22:29:17.546757399 +0800 CST m=+13.131307067 0xc000072600} true
2024/03/04 22:29:26 Order 5 finish Map
2024/03/04 22:29:26 Coordinator work
2024/03/04 22:29:26 Coordinator status 0
2024/03/04 22:29:26 Map: 8 done vs. 0 working, Reduce 0 done vs. 0 working
2024/03/04 22:29:26 forward: forward to Reuce Phase
2024/03/04 22:29:26 making reduce order : 8
2024/03/04 22:29:26 making reduce order : 9
2024/03/04 22:29:26 making reduce order : 10
2024/03/04 22:29:26 making reduce order : 11
2024/03/04 22:29:26 making reduce order : 12
2024/03/04 22:29:26 making reduce order : 13
2024/03/04 22:29:26 making reduce order : 14
2024/03/04 22:29:26 making reduce order : 15
2024/03/04 22:29:26 making reduce order : 16
2024/03/04 22:29:26 making reduce order : 17
2024/03/04 22:29:26 done with make reduce order
2024/03/04 22:29:26 Map: 8 done vs. 0 working, Reduce 0 done vs. 10 working
2024/03/04 22:29:27 Coordinator work
2024/03/04 22:29:27 Coordinator status 1
2024/03/04 22:29:27 Coordinator work
2024/03/04 22:29:27 Coordinator status 1
2024/03/04 22:29:27 Order 9 finish Reduce
2024/03/04 22:29:28 Coordinator work
2024/03/04 22:29:28 Coordinator status 1
2024/03/04 22:29:28 Order 10 finish Reduce
2024/03/04 22:29:28 Coordinator work
2024/03/04 22:29:28 Coordinator status 1
2024/03/04 22:29:28 Order 11 finish Reduce
2024/03/04 22:29:28 Coordinator work
2024/03/04 22:29:28 Coordinator status 1
2024/03/04 22:29:28 Order 12 finish Reduce
2024/03/04 22:29:29 Coordinator work
2024/03/04 22:29:29 Coordinator status 1
2024/03/04 22:29:29 Coordinator work
2024/03/04 22:29:29 Coordinator status 1
2024/03/04 22:29:29 Order 14 finish Reduce
2024/03/04 22:29:29 Coordinator work
2024/03/04 22:29:29 Coordinator status 1
2024/03/04 22:29:29 Order 15 finish Reduce
2024/03/04 22:29:30 Coordinator work
2024/03/04 22:29:30 Coordinator status 1
2024/03/04 22:29:30 Order 16 finish Reduce
2024/03/04 22:29:30 Coordinator work
2024/03/04 22:29:30 Coordinator status 1
2024/03/04 22:29:30 Coordinator work
2024/03/04 22:29:30 Coordinator status 1
2024/03/04 22:29:30 Map: 8 done vs. 0 working, Reduce 7 done vs. 3 working
2024/03/04 22:29:31 Coordinator work
2024/03/04 22:29:31 Coordinator status 1
2024/03/04 22:29:31 Map: 8 done vs. 0 working, Reduce 7 done vs. 3 working
2024/03/04 22:29:32 Coordinator work
2024/03/04 22:29:32 Coordinator status 1
2024/03/04 22:29:32 Map: 8 done vs. 0 working, Reduce 7 done vs. 3 working
2024/03/04 22:29:32 Order 17 finish Reduce
2024/03/04 22:29:33 Coordinator work
2024/03/04 22:29:33 Coordinator status 1
2024/03/04 22:29:33 Map: 8 done vs. 0 working, Reduce 8 done vs. 2 working
2024/03/04 22:29:33 Coordinator work
2024/03/04 22:29:33 Coordinator status 1
2024/03/04 22:29:33 Map: 8 done vs. 0 working, Reduce 8 done vs. 2 working
2024/03/04 22:29:34 Coordinator work
2024/03/04 22:29:34 Coordinator status 1
2024/03/04 22:29:34 Map: 8 done vs. 0 working, Reduce 8 done vs. 2 working
2024/03/04 22:29:35 Coordinator work
2024/03/04 22:29:35 Coordinator status 1
2024/03/04 22:29:35 Map: 8 done vs. 0 working, Reduce 8 done vs. 2 working
2024/03/04 22:29:35 Coordinator work
2024/03/04 22:29:35 Coordinator status 1
2024/03/04 22:29:35 Map: 8 done vs. 0 working, Reduce 8 done vs. 2 working
2024/03/04 22:29:36 Coordinator work
2024/03/04 22:29:36 Coordinator status 1
2024/03/04 22:29:36 Map: 8 done vs. 0 working, Reduce 8 done vs. 2 working
2024/03/04 22:29:37 Coordinator work
2024/03/04 22:29:37 Coordinator status 1
2024/03/04 22:29:37 Map: 8 done vs. 0 working, Reduce 8 done vs. 2 working
2024/03/04 22:29:37 Coordiantor restart Reduce order 8
2024/03/04 22:29:37 Coordinator work
2024/03/04 22:29:37 Coordinator status 1
2024/03/04 22:29:37 Order 8 finish Reduce
2024/03/04 22:29:38 Coordinator work
2024/03/04 22:29:38 Coordinator status 1
2024/03/04 22:29:38 Map: 8 done vs. 0 working, Reduce 9 done vs. 1 working
2024/03/04 22:29:38 Coordinator work
2024/03/04 22:29:38 Coordinator status 1
2024/03/04 22:29:38 Map: 8 done vs. 0 working, Reduce 9 done vs. 1 working
2024/03/04 22:29:39 Coordinator work
2024/03/04 22:29:39 Coordinator status 1
2024/03/04 22:29:39 Map: 8 done vs. 0 working, Reduce 9 done vs. 1 working
2024/03/04 22:29:39 Coordiantor restart Reduce order 13
2024/03/04 22:29:40 Coordinator work
2024/03/04 22:29:40 Coordinator status 1
2024/03/04 22:29:40 Order 13 finish Reduce
2024/03/04 22:29:40 Coordinator work
2024/03/04 22:29:40 Coordinator status 1
2024/03/04 22:29:40 Map: 8 done vs. 0 working, Reduce 10 done vs. 0 working
2024/03/04 22:29:40 forward: forward to done phase
2024/03/04 22:29:41 Coordinator work
2024/03/04 22:29:41 Coordinator status 2
2024/03/04 22:29:41 Coordinator work
2024/03/04 22:29:41 Coordinator status 2
