2024/03/05 05:19:52 making map order &{0 [../pg-being_ernest.txt] 0 10}
2024/03/05 05:19:52 making map order &{0 [../pg-dorian_gray.txt] 1 10}
2024/03/05 05:19:52 making map order &{0 [../pg-frankenstein.txt] 2 10}
2024/03/05 05:19:52 making map order &{0 [../pg-grimm.txt] 3 10}
2024/03/05 05:19:52 making map order &{0 [../pg-huckleberry_finn.txt] 4 10}
2024/03/05 05:19:52 making map order &{0 [../pg-metamorphosis.txt] 5 10}
2024/03/05 05:19:52 making map order &{0 [../pg-sherlock_holmes.txt] 6 10}
2024/03/05 05:19:52 making map order &{0 [../pg-tom_sawyer.txt] 7 10}
2024/03/05 05:19:52 done with make map order
2024/03/05 05:19:52 Map: 0 done vs. 8 working, Reduce 0 done vs. 0 working
2024/03/05 05:19:53 Coordinator work
2024/03/05 05:19:53 Coordinator status 0
2024/03/05 05:19:53 Coordinator work
2024/03/05 05:19:53 Coordinator status 0
2024/03/05 05:19:54 IsDone &{0 2024-03-05 05:19:53.944139226 +0800 CST m=+1.018342080 0xc000076270} true
2024/03/05 05:19:54 Order 0 finish Map
2024/03/05 05:19:54 IsDone &{0 2024-03-05 05:19:53.951647311 +0800 CST m=+1.025850161 0xc000076300} true
2024/03/05 05:19:54 Order 1 finish Map
2024/03/05 05:19:55 Coordinator work
2024/03/05 05:19:55 Coordinator status 0
2024/03/05 05:19:55 Coordinator work
2024/03/05 05:19:55 Coordinator status 0
2024/03/05 05:19:55 IsDone &{0 2024-03-05 05:19:55.082028875 +0800 CST m=+2.156231725 0xc000076390} true
2024/03/05 05:19:55 Order 2 finish Map
2024/03/05 05:19:55 IsDone &{0 2024-03-05 05:19:55.225830156 +0800 CST m=+2.300033008 0xc000076420} true
2024/03/05 05:19:55 Order 3 finish Map
2024/03/05 05:19:56 Coordinator work
2024/03/05 05:19:56 Coordinator status 0
2024/03/05 05:19:56 Coordinator work
2024/03/05 05:19:56 Coordinator status 0
2024/03/05 05:19:56 IsDone &{0 2024-03-05 05:19:56.296863747 +0800 CST m=+3.371066601 0xc0000764b0} true
2024/03/05 05:19:56 Order 4 finish Map
2024/03/05 05:19:56 IsDone &{0 2024-03-05 05:19:56.42645896 +0800 CST m=+3.500661812 0xc000076540} true
2024/03/05 05:19:56 Order 5 finish Map
2024/03/05 05:19:57 Coordinator work
2024/03/05 05:19:57 Coordinator status 0
2024/03/05 05:19:57 Coordinator work
2024/03/05 05:19:57 Coordinator status 0
2024/03/05 05:19:57 IsDone &{0 2024-03-05 05:19:57.547214856 +0800 CST m=+4.621417709 0xc000076660} true
2024/03/05 05:19:57 Order 7 finish Map
2024/03/05 05:19:57 IsDone &{0 2024-03-05 05:19:57.535169688 +0800 CST m=+4.609372539 0xc0000765d0} true
2024/03/05 05:19:57 Order 6 finish Map
2024/03/05 05:19:58 Coordinator work
2024/03/05 05:19:58 Coordinator status 0
2024/03/05 05:19:58 Map: 8 done vs. 0 working, Reduce 0 done vs. 0 working
2024/03/05 05:19:58 forward: forward to Reuce Phase
2024/03/05 05:19:58 making reduce order : 8
2024/03/05 05:19:58 making reduce order : 9
2024/03/05 05:19:58 making reduce order : 10
2024/03/05 05:19:58 making reduce order : 11
2024/03/05 05:19:58 making reduce order : 12
2024/03/05 05:19:58 making reduce order : 13
2024/03/05 05:19:58 making reduce order : 14
2024/03/05 05:19:58 making reduce order : 15
2024/03/05 05:19:58 making reduce order : 16
2024/03/05 05:19:58 making reduce order : 17
2024/03/05 05:19:58 done with make reduce order
2024/03/05 05:19:58 Map: 8 done vs. 0 working, Reduce 0 done vs. 10 working
2024/03/05 05:19:58 Coordinator work
2024/03/05 05:19:58 Coordinator status 1
2024/03/05 05:19:58 Order 8 finish Reduce
2024/03/05 05:19:59 Coordinator work
2024/03/05 05:19:59 Coordinator status 1
2024/03/05 05:20:00 Order 9 finish Reduce
2024/03/05 05:20:00 Coordinator work
2024/03/05 05:20:00 Coordinator status 1
2024/03/05 05:20:00 Order 10 finish Reduce
2024/03/05 05:20:01 Coordinator work
2024/03/05 05:20:01 Coordinator status 1
2024/03/05 05:20:01 Order 11 finish Reduce
2024/03/05 05:20:01 Coordinator work
2024/03/05 05:20:01 Coordinator status 1
2024/03/05 05:20:02 Order 12 finish Reduce
2024/03/05 05:20:02 Coordinator work
2024/03/05 05:20:02 Coordinator status 1
2024/03/05 05:20:02 Order 13 finish Reduce
2024/03/05 05:20:03 Coordinator work
2024/03/05 05:20:03 Coordinator status 1
2024/03/05 05:20:03 Order 14 finish Reduce
2024/03/05 05:20:03 Coordinator work
2024/03/05 05:20:03 Coordinator status 1
2024/03/05 05:20:03 Order 15 finish Reduce
2024/03/05 05:20:04 Coordinator work
2024/03/05 05:20:04 Coordinator status 1
2024/03/05 05:20:04 Order 16 finish Reduce
2024/03/05 05:20:04 Coordinator work
2024/03/05 05:20:04 Coordinator status 1
2024/03/05 05:20:04 Order 17 finish Reduce
2024/03/05 05:20:05 Coordinator work
2024/03/05 05:20:05 Coordinator status 1
2024/03/05 05:20:05 Map: 8 done vs. 0 working, Reduce 10 done vs. 0 working
2024/03/05 05:20:05 forward: forward to done phase
2024/03/05 05:20:05 Coordinator work
2024/03/05 05:20:05 Coordinator status 2
