2024/03/05 08:46:00 making map order &{0 [../pg-being_ernest.txt] 0 10}
2024/03/05 08:46:00 making map order &{0 [../pg-dorian_gray.txt] 1 10}
2024/03/05 08:46:00 making map order &{0 [../pg-frankenstein.txt] 2 10}
2024/03/05 08:46:00 making map order &{0 [../pg-grimm.txt] 3 10}
2024/03/05 08:46:00 making map order &{0 [../pg-huckleberry_finn.txt] 4 10}
2024/03/05 08:46:00 making map order &{0 [../pg-metamorphosis.txt] 5 10}
2024/03/05 08:46:00 making map order &{0 [../pg-sherlock_holmes.txt] 6 10}
2024/03/05 08:46:00 making map order &{0 [../pg-tom_sawyer.txt] 7 10}
2024/03/05 08:46:00 done with make map order
2024/03/05 08:46:00 Map: 0 done vs. 8 working, Reduce 0 done vs. 0 working
2024/03/05 08:46:01 Coordinator work
2024/03/05 08:46:01 Coordinator status 0
2024/03/05 08:46:01 Coordinator work
2024/03/05 08:46:01 Coordinator status 0
2024/03/05 08:46:01 IsDone &{0 2024-03-05 08:46:01.587837577 +0800 CST m=+1.015140631 0xc00009de90} true
2024/03/05 08:46:01 Order 0 finish Map
2024/03/05 08:46:01 IsDone &{0 2024-03-05 08:46:01.589484786 +0800 CST m=+1.016787841 0xc00009df20} true
2024/03/05 08:46:01 Order 1 finish Map
2024/03/05 08:46:02 Coordinator work
2024/03/05 08:46:02 Coordinator status 0
2024/03/05 08:46:02 Coordinator work
2024/03/05 08:46:02 Coordinator status 0
2024/03/05 08:46:02 IsDone &{0 2024-03-05 08:46:02.597436605 +0800 CST m=+2.024739665 0xc00009dfb0} true
2024/03/05 08:46:02 Order 2 finish Map
2024/03/05 08:46:02 IsDone &{0 2024-03-05 08:46:02.609322918 +0800 CST m=+2.036625971 0xc00011a060} true
2024/03/05 08:46:02 Order 3 finish Map
2024/03/05 08:46:03 Coordinator work
2024/03/05 08:46:03 Coordinator status 0
2024/03/05 08:46:03 Coordinator work
2024/03/05 08:46:03 Coordinator status 0
2024/03/05 08:46:03 IsDone &{0 2024-03-05 08:46:03.627286218 +0800 CST m=+3.054589274 0xc00011a180} true
2024/03/05 08:46:03 Order 5 finish Map
2024/03/05 08:46:03 IsDone &{0 2024-03-05 08:46:03.617775001 +0800 CST m=+3.045078057 0xc00011a0f0} true
2024/03/05 08:46:03 Order 4 finish Map
2024/03/05 08:46:04 Coordinator work
2024/03/05 08:46:04 Coordinator status 0
2024/03/05 08:46:04 Coordinator work
2024/03/05 08:46:04 Coordinator status 0
2024/03/05 08:46:04 IsDone &{0 2024-03-05 08:46:04.638973051 +0800 CST m=+4.066276108 0xc00011a210} true
2024/03/05 08:46:04 Order 6 finish Map
2024/03/05 08:46:04 IsDone &{0 2024-03-05 08:46:04.644273661 +0800 CST m=+4.071576715 0xc00011a2a0} true
2024/03/05 08:46:04 Order 7 finish Map
2024/03/05 08:46:05 Coordinator work
2024/03/05 08:46:05 Coordinator status 0
2024/03/05 08:46:05 Map: 8 done vs. 0 working, Reduce 0 done vs. 0 working
2024/03/05 08:46:05 forward: forward to Reuce Phase
2024/03/05 08:46:05 making reduce order : 8
2024/03/05 08:46:05 making reduce order : 9
2024/03/05 08:46:05 making reduce order : 10
2024/03/05 08:46:05 making reduce order : 11
2024/03/05 08:46:05 making reduce order : 12
2024/03/05 08:46:05 making reduce order : 13
2024/03/05 08:46:05 making reduce order : 14
2024/03/05 08:46:05 making reduce order : 15
2024/03/05 08:46:05 making reduce order : 16
2024/03/05 08:46:05 Coordinator work
2024/03/05 08:46:05 making reduce order : 17
2024/03/05 08:46:05 done with make reduce order
2024/03/05 08:46:05 Map: 8 done vs. 0 working, Reduce 0 done vs. 10 working
2024/03/05 08:46:05 Coordinator status 1
2024/03/05 08:46:06 Order 8 finish Reduce
2024/03/05 08:46:07 Coordinator work
2024/03/05 08:46:07 Coordinator status 1
2024/03/05 08:46:07 Coordinator work
2024/03/05 08:46:07 Coordinator status 1
2024/03/05 08:46:08 Order 9 finish Reduce
2024/03/05 08:46:08 Order 10 finish Reduce
2024/03/05 08:46:09 Coordinator work
2024/03/05 08:46:09 Coordinator status 1
2024/03/05 08:46:09 Coordinator work
2024/03/05 08:46:09 Coordinator status 1
2024/03/05 08:46:11 Order 11 finish Reduce
2024/03/05 08:46:11 Order 12 finish Reduce
2024/03/05 08:46:12 Coordinator work
2024/03/05 08:46:12 Coordinator status 1
2024/03/05 08:46:12 Coordinator work
2024/03/05 08:46:12 Coordinator status 1
2024/03/05 08:46:13 Order 13 finish Reduce
2024/03/05 08:46:13 Order 14 finish Reduce
2024/03/05 08:46:14 Coordinator work
2024/03/05 08:46:14 Coordinator status 1
2024/03/05 08:46:14 Order 15 finish Reduce
2024/03/05 08:46:14 Coordinator work
2024/03/05 08:46:14 Coordinator status 1
2024/03/05 08:46:14 Order 16 finish Reduce
2024/03/05 08:46:15 Coordinator work
2024/03/05 08:46:15 Coordinator status 1
2024/03/05 08:46:15 Coordinator work
2024/03/05 08:46:15 Coordinator status 1
2024/03/05 08:46:15 Map: 8 done vs. 0 working, Reduce 9 done vs. 1 working
2024/03/05 08:46:16 Order 17 finish Reduce
2024/03/05 08:46:17 Coordinator work
2024/03/05 08:46:17 Coordinator status 1
2024/03/05 08:46:17 Map: 8 done vs. 0 working, Reduce 10 done vs. 0 working
2024/03/05 08:46:17 forward: forward to done phase
2024/03/05 08:46:17 Coordinator work
2024/03/05 08:46:17 Coordinator status 2
