2024/03/05 07:41:21 making map order &{0 [../pg-being_ernest.txt] 0 10}
2024/03/05 07:41:21 making map order &{0 [../pg-dorian_gray.txt] 1 10}
2024/03/05 07:41:21 making map order &{0 [../pg-frankenstein.txt] 2 10}
2024/03/05 07:41:21 making map order &{0 [../pg-grimm.txt] 3 10}
2024/03/05 07:41:21 making map order &{0 [../pg-huckleberry_finn.txt] 4 10}
2024/03/05 07:41:21 making map order &{0 [../pg-metamorphosis.txt] 5 10}
2024/03/05 07:41:21 making map order &{0 [../pg-sherlock_holmes.txt] 6 10}
2024/03/05 07:41:21 making map order &{0 [../pg-tom_sawyer.txt] 7 10}
2024/03/05 07:41:21 done with make map order
2024/03/05 07:41:21 Map: 0 done vs. 8 working, Reduce 0 done vs. 0 working
2024/03/05 07:41:22 Coordinator work
2024/03/05 07:41:22 Coordinator status 0
2024/03/05 07:41:22 Coordinator work
2024/03/05 07:41:22 Coordinator status 0
2024/03/05 07:41:22 IsDone &{0 2024-03-05 07:41:22.711178228 +0800 CST m=+1.022679387 0xc0000a3e00} true
2024/03/05 07:41:22 Order 0 finish Map
2024/03/05 07:41:22 IsDone &{0 2024-03-05 07:41:22.715076248 +0800 CST m=+1.026577404 0xc0000a3e90} true
2024/03/05 07:41:22 Order 1 finish Map
2024/03/05 07:41:23 Coordinator work
2024/03/05 07:41:23 Coordinator status 0
2024/03/05 07:41:23 IsDone &{0 2024-03-05 07:41:23.720383768 +0800 CST m=+2.031884927 0xc0000a3f20} true
2024/03/05 07:41:23 Order 2 finish Map
2024/03/05 07:41:23 Coordinator work
2024/03/05 07:41:23 Coordinator status 0
2024/03/05 07:41:23 IsDone &{0 2024-03-05 07:41:23.738564024 +0800 CST m=+2.050065182 0xc0000a3fb0} true
2024/03/05 07:41:23 Order 3 finish Map
2024/03/05 07:41:24 Coordinator work
2024/03/05 07:41:24 Coordinator status 0
2024/03/05 07:41:24 Coordinator work
2024/03/05 07:41:24 Coordinator status 0
2024/03/05 07:41:24 IsDone &{0 2024-03-05 07:41:24.754134102 +0800 CST m=+3.065635260 0xc00011a0f0} true
2024/03/05 07:41:24 Order 5 finish Map
2024/03/05 07:41:24 IsDone &{0 2024-03-05 07:41:24.737725605 +0800 CST m=+3.049226763 0xc00011a060} true
2024/03/05 07:41:24 Order 4 finish Map
2024/03/05 07:41:25 Coordinator work
2024/03/05 07:41:25 Coordinator status 0
2024/03/05 07:41:25 Coordinator work
2024/03/05 07:41:25 Coordinator status 0
2024/03/05 07:41:25 IsDone &{0 2024-03-05 07:41:25.764789437 +0800 CST m=+4.076290587 0xc00011a210} true
2024/03/05 07:41:25 Order 7 finish Map
2024/03/05 07:41:25 IsDone &{0 2024-03-05 07:41:25.761956524 +0800 CST m=+4.073457678 0xc00011a180} true
2024/03/05 07:41:25 Order 6 finish Map
2024/03/05 07:41:26 Coordinator work
2024/03/05 07:41:26 Coordinator status 0
2024/03/05 07:41:26 Map: 8 done vs. 0 working, Reduce 0 done vs. 0 working
2024/03/05 07:41:26 forward: forward to Reuce Phase
2024/03/05 07:41:26 making reduce order : 8
2024/03/05 07:41:26 making reduce order : 9
2024/03/05 07:41:26 making reduce order : 10
2024/03/05 07:41:26 making reduce order : 11
2024/03/05 07:41:26 making reduce order : 12
2024/03/05 07:41:26 making reduce order : 13
2024/03/05 07:41:26 making reduce order : 14
2024/03/05 07:41:26 making reduce order : 15
2024/03/05 07:41:26 making reduce order : 16
2024/03/05 07:41:26 making reduce order : 17
2024/03/05 07:41:26 Coordinator work
2024/03/05 07:41:26 done with make reduce order
2024/03/05 07:41:26 Map: 8 done vs. 0 working, Reduce 0 done vs. 10 working
2024/03/05 07:41:26 Coordinator status 1
2024/03/05 07:41:27 Order 8 finish Reduce
2024/03/05 07:41:28 Coordinator work
2024/03/05 07:41:28 Coordinator status 1
2024/03/05 07:41:28 Coordinator work
2024/03/05 07:41:28 Coordinator status 1
2024/03/05 07:41:29 Order 9 finish Reduce
2024/03/05 07:41:29 Order 10 finish Reduce
2024/03/05 07:41:30 Coordinator work
2024/03/05 07:41:30 Coordinator status 1
2024/03/05 07:41:30 Coordinator work
2024/03/05 07:41:30 Coordinator status 1
2024/03/05 07:41:32 Order 11 finish Reduce
2024/03/05 07:41:32 Order 12 finish Reduce
2024/03/05 07:41:33 Coordinator work
2024/03/05 07:41:33 Coordinator status 1
2024/03/05 07:41:33 Coordinator work
2024/03/05 07:41:33 Coordinator status 1
2024/03/05 07:41:34 Order 13 finish Reduce
2024/03/05 07:41:34 Order 14 finish Reduce
2024/03/05 07:41:35 Coordinator work
2024/03/05 07:41:35 Coordinator status 1
2024/03/05 07:41:35 Coordinator work
2024/03/05 07:41:35 Coordinator status 1
2024/03/05 07:41:35 Order 15 finish Reduce
2024/03/05 07:41:35 Order 16 finish Reduce
2024/03/05 07:41:36 Coordinator work
2024/03/05 07:41:36 Coordinator status 1
2024/03/05 07:41:36 Coordinator work
2024/03/05 07:41:36 Coordinator status 1
2024/03/05 07:41:36 Map: 8 done vs. 0 working, Reduce 9 done vs. 1 working
2024/03/05 07:41:37 Order 17 finish Reduce
2024/03/05 07:41:38 Coordinator work
2024/03/05 07:41:38 Coordinator status 1
2024/03/05 07:41:38 Map: 8 done vs. 0 working, Reduce 10 done vs. 0 working
2024/03/05 07:41:38 forward: forward to done phase
2024/03/05 07:41:38 Coordinator work
2024/03/05 07:41:38 Coordinator status 2
