2024/03/05 09:37:29 making map order &{0 [../pg-being_ernest.txt] 0 10}
2024/03/05 09:37:29 making map order &{0 [../pg-dorian_gray.txt] 1 10}
2024/03/05 09:37:29 making map order &{0 [../pg-frankenstein.txt] 2 10}
2024/03/05 09:37:29 making map order &{0 [../pg-grimm.txt] 3 10}
2024/03/05 09:37:29 making map order &{0 [../pg-huckleberry_finn.txt] 4 10}
2024/03/05 09:37:29 making map order &{0 [../pg-metamorphosis.txt] 5 10}
2024/03/05 09:37:29 making map order &{0 [../pg-sherlock_holmes.txt] 6 10}
2024/03/05 09:37:29 making map order &{0 [../pg-tom_sawyer.txt] 7 10}
2024/03/05 09:37:29 done with make map order
2024/03/05 09:37:29 Map: 0 done vs. 8 working, Reduce 0 done vs. 0 working
2024/03/05 09:37:30 Coordinator work
2024/03/05 09:37:30 Coordinator status 0
2024/03/05 09:37:30 Coordinator work
2024/03/05 09:37:30 Coordinator status 0
2024/03/05 09:37:30 IsDone &{0 2024-03-05 09:37:30.509934889 +0800 CST m=+1.015358367 0xc0001022a0} true
2024/03/05 09:37:30 Order 0 finish Map
2024/03/05 09:37:30 IsDone &{0 2024-03-05 09:37:30.521189296 +0800 CST m=+1.026612778 0xc000102330} true
2024/03/05 09:37:30 Order 1 finish Map
2024/03/05 09:37:31 Coordinator work
2024/03/05 09:37:31 Coordinator status 0
2024/03/05 09:37:31 Coordinator work
2024/03/05 09:37:31 Coordinator status 0
2024/03/05 09:37:31 IsDone &{0 2024-03-05 09:37:31.625677393 +0800 CST m=+2.131100873 0xc0001023c0} true
2024/03/05 09:37:31 Order 2 finish Map
2024/03/05 09:37:31 IsDone &{0 2024-03-05 09:37:31.73420362 +0800 CST m=+2.239627106 0xc000102450} true
2024/03/05 09:37:31 Order 3 finish Map
2024/03/05 09:37:32 Coordinator work
2024/03/05 09:37:32 Coordinator status 0
2024/03/05 09:37:32 Coordinator work
2024/03/05 09:37:32 Coordinator status 0
2024/03/05 09:37:33 IsDone &{0 2024-03-05 09:37:32.966196367 +0800 CST m=+3.471619851 0xc000102570} true
2024/03/05 09:37:33 Order 5 finish Map
2024/03/05 09:37:33 IsDone &{0 2024-03-05 09:37:32.87502519 +0800 CST m=+3.380448670 0xc0001024e0} true
2024/03/05 09:37:33 Order 4 finish Map
2024/03/05 09:37:34 Coordinator work
2024/03/05 09:37:34 Coordinator status 0
2024/03/05 09:37:34 Coordinator work
2024/03/05 09:37:34 Coordinator status 0
2024/03/05 09:37:34 IsDone &{0 2024-03-05 09:37:34.074226819 +0800 CST m=+4.579650302 0xc000102600} true
2024/03/05 09:37:34 Order 6 finish Map
2024/03/05 09:37:34 IsDone &{0 2024-03-05 09:37:34.20915806 +0800 CST m=+4.714581535 0xc000102690} true
2024/03/05 09:37:34 Order 7 finish Map
2024/03/05 09:37:35 Coordinator work
2024/03/05 09:37:35 Coordinator status 0
2024/03/05 09:37:35 Map: 8 done vs. 0 working, Reduce 0 done vs. 0 working
2024/03/05 09:37:35 forward: forward to Reuce Phase
2024/03/05 09:37:35 making reduce order : 8
2024/03/05 09:37:35 making reduce order : 9
2024/03/05 09:37:35 making reduce order : 10
2024/03/05 09:37:35 making reduce order : 11
2024/03/05 09:37:35 making reduce order : 12
2024/03/05 09:37:35 making reduce order : 13
2024/03/05 09:37:35 making reduce order : 14
2024/03/05 09:37:35 making reduce order : 15
2024/03/05 09:37:35 making reduce order : 16
2024/03/05 09:37:35 making reduce order : 17
2024/03/05 09:37:35 done with make reduce order
2024/03/05 09:37:35 Map: 8 done vs. 0 working, Reduce 0 done vs. 10 working
2024/03/05 09:37:35 Coordinator work
2024/03/05 09:37:35 Coordinator status 1
2024/03/05 09:37:35 Order 8 finish Reduce
2024/03/05 09:37:36 Coordinator work
2024/03/05 09:37:36 Coordinator status 1
2024/03/05 09:37:36 Order 9 finish Reduce
2024/03/05 09:37:37 Coordinator work
2024/03/05 09:37:37 Coordinator status 1
2024/03/05 09:37:37 Order 10 finish Reduce
2024/03/05 09:37:37 Coordinator work
2024/03/05 09:37:37 Coordinator status 1
2024/03/05 09:37:37 Order 11 finish Reduce
2024/03/05 09:37:38 Coordinator work
2024/03/05 09:37:38 Coordinator status 1
2024/03/05 09:37:38 Order 12 finish Reduce
2024/03/05 09:37:38 Coordinator work
2024/03/05 09:37:38 Coordinator status 1
2024/03/05 09:37:38 Order 13 finish Reduce
2024/03/05 09:37:39 Coordinator work
2024/03/05 09:37:39 Coordinator status 1
2024/03/05 09:37:39 Order 14 finish Reduce
2024/03/05 09:37:39 Coordinator work
2024/03/05 09:37:39 Coordinator status 1
2024/03/05 09:37:40 Order 15 finish Reduce
2024/03/05 09:37:40 Coordinator work
2024/03/05 09:37:40 Coordinator status 1
2024/03/05 09:37:40 Order 16 finish Reduce
2024/03/05 09:37:41 Coordinator work
2024/03/05 09:37:41 Coordinator status 1
2024/03/05 09:37:41 Order 17 finish Reduce
2024/03/05 09:37:41 Coordinator work
2024/03/05 09:37:41 Coordinator status 1
2024/03/05 09:37:41 Map: 8 done vs. 0 working, Reduce 10 done vs. 0 working
2024/03/05 09:37:41 forward: forward to done phase
2024/03/05 09:37:42 Coordinator work
2024/03/05 09:37:42 Coordinator status 2
