2024/03/04 23:55:22 making map order &{0 [../pg-being_ernest.txt] 0 10}
2024/03/04 23:55:22 making map order &{0 [../pg-dorian_gray.txt] 1 10}
2024/03/04 23:55:22 making map order &{0 [../pg-frankenstein.txt] 2 10}
2024/03/04 23:55:22 making map order &{0 [../pg-grimm.txt] 3 10}
2024/03/04 23:55:22 making map order &{0 [../pg-huckleberry_finn.txt] 4 10}
2024/03/04 23:55:22 making map order &{0 [../pg-metamorphosis.txt] 5 10}
2024/03/04 23:55:22 making map order &{0 [../pg-sherlock_holmes.txt] 6 10}
2024/03/04 23:55:22 making map order &{0 [../pg-tom_sawyer.txt] 7 10}
2024/03/04 23:55:22 done with make map order
2024/03/04 23:55:22 Map: 0 done vs. 8 working, Reduce 0 done vs. 0 working
2024/03/04 23:55:23 Coordinator work
2024/03/04 23:55:23 Coordinator status 0
2024/03/04 23:55:23 Coordinator work
2024/03/04 23:55:23 Coordinator status 0
2024/03/04 23:55:23 Coordinator work
2024/03/04 23:55:23 Coordinator status 0
2024/03/04 23:55:23 IsDone &{0 2024-03-04 23:55:23.709184379 +0800 CST m=+1.030028708 0xc00009de60} true
2024/03/04 23:55:23 Order 1 finish Map
2024/03/04 23:55:23 IsDone &{0 2024-03-04 23:55:23.707640119 +0800 CST m=+1.028484452 0xc00009ddd0} true
2024/03/04 23:55:23 Order 0 finish Map
2024/03/04 23:55:23 IsDone &{0 2024-03-04 23:55:23.715841183 +0800 CST m=+1.036685516 0xc00009def0} true
2024/03/04 23:55:23 Order 2 finish Map
2024/03/04 23:55:24 Coordinator work
2024/03/04 23:55:24 Coordinator status 0
2024/03/04 23:55:24 Coordinator work
2024/03/04 23:55:24 Coordinator status 0
2024/03/04 23:55:24 Coordinator work
2024/03/04 23:55:24 Coordinator status 0
2024/03/04 23:55:24 IsDone &{0 2024-03-04 23:55:24.737262367 +0800 CST m=+2.058106704 0xc00009df80} true
2024/03/04 23:55:24 Order 3 finish Map
2024/03/04 23:55:24 IsDone &{0 2024-03-04 23:55:24.746508549 +0800 CST m=+2.067352882 0xc00011a0c0} true
2024/03/04 23:55:24 Order 5 finish Map
2024/03/04 23:55:24 IsDone &{0 2024-03-04 23:55:24.738398913 +0800 CST m=+2.059243244 0xc00011a030} true
2024/03/04 23:55:24 Order 4 finish Map
2024/03/04 23:55:25 Coordinator work
2024/03/04 23:55:25 Coordinator status 0
2024/03/04 23:55:25 Coordinator work
2024/03/04 23:55:25 Coordinator status 0
2024/03/04 23:55:25 Coordinator work
2024/03/04 23:55:25 Coordinator status 0
2024/03/04 23:55:25 Map: 6 done vs. 2 working, Reduce 0 done vs. 0 working
2024/03/04 23:55:25 IsDone &{0 2024-03-04 23:55:25.758185507 +0800 CST m=+3.079029834 0xc00011a150} true
2024/03/04 23:55:25 Order 6 finish Map
2024/03/04 23:55:25 IsDone &{0 2024-03-04 23:55:25.768050894 +0800 CST m=+3.088895220 0xc00011a1e0} true
2024/03/04 23:55:25 Order 7 finish Map
2024/03/04 23:55:26 Coordinator work
2024/03/04 23:55:26 Coordinator status 0
2024/03/04 23:55:26 Map: 8 done vs. 0 working, Reduce 0 done vs. 0 working
2024/03/04 23:55:26 forward: forward to Reuce Phase
2024/03/04 23:55:26 making reduce order : 8
2024/03/04 23:55:26 making reduce order : 9
2024/03/04 23:55:26 making reduce order : 10
2024/03/04 23:55:26 making reduce order : 11
2024/03/04 23:55:26 making reduce order : 12
2024/03/04 23:55:26 making reduce order : 13
2024/03/04 23:55:26 making reduce order : 14
2024/03/04 23:55:26 making reduce order : 15
2024/03/04 23:55:26 making reduce order : 16
2024/03/04 23:55:26 making reduce order : 17
2024/03/04 23:55:26 Coordinator work
2024/03/04 23:55:26 done with make reduce order
2024/03/04 23:55:26 Map: 8 done vs. 0 working, Reduce 0 done vs. 10 working
2024/03/04 23:55:26 Coordinator status 1
2024/03/04 23:55:26 Order 8 finish Reduce
2024/03/04 23:55:27 Coordinator work
2024/03/04 23:55:27 Coordinator status 1
2024/03/04 23:55:27 Order 9 finish Reduce
2024/03/04 23:55:27 Coordinator work
2024/03/04 23:55:27 Coordinator status 1
2024/03/04 23:55:28 Coordinator work
2024/03/04 23:55:28 Coordinator status 1
2024/03/04 23:55:28 Order 11 finish Reduce
2024/03/04 23:55:28 Coordinator work
2024/03/04 23:55:28 Coordinator status 1
2024/03/04 23:55:28 Order 12 finish Reduce
2024/03/04 23:55:29 Coordinator work
2024/03/04 23:55:29 Coordinator status 1
2024/03/04 23:55:29 Order 13 finish Reduce
2024/03/04 23:55:29 Coordinator work
2024/03/04 23:55:29 Coordinator status 1
2024/03/04 23:55:30 Coordinator work
2024/03/04 23:55:30 Coordinator status 1
2024/03/04 23:55:30 Order 15 finish Reduce
2024/03/04 23:55:30 Order 10 finish Reduce
2024/03/04 23:55:31 Coordinator work
2024/03/04 23:55:31 Coordinator status 1
2024/03/04 23:55:31 Order 16 finish Reduce
2024/03/04 23:55:31 Coordinator work
2024/03/04 23:55:31 Coordinator status 1
2024/03/04 23:55:31 Order 17 finish Reduce
2024/03/04 23:55:32 Order 14 finish Reduce
2024/03/04 23:55:32 Coordinator work
2024/03/04 23:55:32 Coordinator status 1
2024/03/04 23:55:32 Map: 8 done vs. 0 working, Reduce 10 done vs. 0 working
2024/03/04 23:55:32 forward: forward to done phase
2024/03/04 23:55:32 Coordinator work
2024/03/04 23:55:32 Coordinator status 2
2024/03/04 23:55:33 Coordinator work
2024/03/04 23:55:33 Coordinator status 2
