2024/03/05 00:52:30 making map order &{0 [../pg-being_ernest.txt] 0 10}
2024/03/05 00:52:30 making map order &{0 [../pg-dorian_gray.txt] 1 10}
2024/03/05 00:52:30 making map order &{0 [../pg-frankenstein.txt] 2 10}
2024/03/05 00:52:30 making map order &{0 [../pg-grimm.txt] 3 10}
2024/03/05 00:52:30 making map order &{0 [../pg-huckleberry_finn.txt] 4 10}
2024/03/05 00:52:30 making map order &{0 [../pg-metamorphosis.txt] 5 10}
2024/03/05 00:52:30 making map order &{0 [../pg-sherlock_holmes.txt] 6 10}
2024/03/05 00:52:30 making map order &{0 [../pg-tom_sawyer.txt] 7 10}
2024/03/05 00:52:30 done with make map order
2024/03/05 00:52:30 Map: 0 done vs. 8 working, Reduce 0 done vs. 0 working
2024/03/05 00:52:31 Coordinator work
2024/03/05 00:52:31 Coordinator status 0
2024/03/05 00:52:31 Coordinator work
2024/03/05 00:52:31 Coordinator status 0
2024/03/05 00:52:31 Coordinator work
2024/03/05 00:52:31 Coordinator status 0
2024/03/05 00:52:31 IsDone &{0 2024-03-05 00:52:31.113426484 +0800 CST m=+1.015530282 0xc00008c4b0} true
2024/03/05 00:52:31 Order 0 finish Map
2024/03/05 00:52:32 IsDone &{0 2024-03-05 00:52:31.143786749 +0800 CST m=+1.045890559 0xc00008c5d0} true
2024/03/05 00:52:32 Order 2 finish Map
2024/03/05 00:52:32 Coordinator work
2024/03/05 00:52:32 Coordinator status 0
2024/03/05 00:52:32 IsDone &{0 2024-03-05 00:52:31.115841215 +0800 CST m=+1.017945013 0xc00008c540} true
2024/03/05 00:52:32 Order 1 finish Map
2024/03/05 00:52:33 Coordinator work
2024/03/05 00:52:33 Coordinator status 0
2024/03/05 00:52:33 Coordinator work
2024/03/05 00:52:33 Coordinator status 0
2024/03/05 00:52:34 IsDone &{0 2024-03-05 00:52:33.717334564 +0800 CST m=+3.619438371 0xc00008c780} true
2024/03/05 00:52:34 Order 5 finish Map
2024/03/05 00:52:34 IsDone &{0 2024-03-05 00:52:32.693401532 +0800 CST m=+2.595505335 0xc00008c660} true
2024/03/05 00:52:34 Order 3 finish Map
2024/03/05 00:52:35 Coordinator work
2024/03/05 00:52:35 Coordinator status 0
2024/03/05 00:52:35 Coordinator work
2024/03/05 00:52:35 Coordinator status 0
2024/03/05 00:52:35 IsDone &{0 2024-03-05 00:52:33.63247877 +0800 CST m=+3.534582568 0xc00008c6f0} true
2024/03/05 00:52:35 Order 4 finish Map
2024/03/05 00:52:36 Coordinator work
2024/03/05 00:52:36 Coordinator status 0
2024/03/05 00:52:36 Map: 6 done vs. 2 working, Reduce 0 done vs. 0 working
2024/03/05 00:52:36 IsDone &{0 2024-03-05 00:52:35.415605803 +0800 CST m=+5.317709601 0xc00008c8a0} true
2024/03/05 00:52:36 Order 7 finish Map
2024/03/05 00:52:37 IsDone &{0 2024-03-05 00:52:35.360477447 +0800 CST m=+5.262581250 0xc00008c810} true
2024/03/05 00:52:37 Order 6 finish Map
2024/03/05 00:52:37 Coordinator work
2024/03/05 00:52:37 Coordinator status 0
2024/03/05 00:52:37 Map: 8 done vs. 0 working, Reduce 0 done vs. 0 working
2024/03/05 00:52:37 forward: forward to Reuce Phase
2024/03/05 00:52:37 making reduce order : 8
2024/03/05 00:52:37 making reduce order : 9
2024/03/05 00:52:37 making reduce order : 10
2024/03/05 00:52:37 making reduce order : 11
2024/03/05 00:52:37 making reduce order : 12
2024/03/05 00:52:37 making reduce order : 13
2024/03/05 00:52:37 making reduce order : 14
2024/03/05 00:52:37 making reduce order : 15
2024/03/05 00:52:37 making reduce order : 16
2024/03/05 00:52:37 making reduce order : 17
2024/03/05 00:52:37 done with make reduce order
2024/03/05 00:52:37 Map: 8 done vs. 0 working, Reduce 0 done vs. 10 working
2024/03/05 00:52:38 Coordinator work
2024/03/05 00:52:38 Coordinator status 1
2024/03/05 00:52:38 Coordinator work
2024/03/05 00:52:38 Coordinator status 1
2024/03/05 00:52:38 Order 8 finish Reduce
2024/03/05 00:52:39 Order 9 finish Reduce
2024/03/05 00:52:39 Coordinator work
2024/03/05 00:52:39 Coordinator status 1
2024/03/05 00:52:39 Coordinator work
2024/03/05 00:52:39 Coordinator status 1
2024/03/05 00:52:40 Coordinator work
2024/03/05 00:52:40 Coordinator status 1
2024/03/05 00:52:40 Order 11 finish Reduce
2024/03/05 00:52:41 Order 10 finish Reduce
2024/03/05 00:52:41 Order 12 finish Reduce
2024/03/05 00:52:41 Coordinator work
2024/03/05 00:52:41 Coordinator status 1
2024/03/05 00:52:42 Order 13 finish Reduce
2024/03/05 00:52:42 Coordinator work
2024/03/05 00:52:42 Coordinator status 1
2024/03/05 00:52:42 Coordinator work
2024/03/05 00:52:42 Coordinator status 1
2024/03/05 00:52:42 Order 15 finish Reduce
2024/03/05 00:52:43 Coordinator work
2024/03/05 00:52:43 Coordinator status 1
2024/03/05 00:52:43 Order 14 finish Reduce
2024/03/05 00:52:43 Coordinator work
2024/03/05 00:52:43 Coordinator status 1
2024/03/05 00:52:43 Order 16 finish Reduce
2024/03/05 00:52:44 Coordinator work
2024/03/05 00:52:44 Coordinator status 1
2024/03/05 00:52:44 Map: 8 done vs. 0 working, Reduce 9 done vs. 1 working
2024/03/05 00:52:44 Order 17 finish Reduce
2024/03/05 00:52:44 Coordinator work
2024/03/05 00:52:44 Coordinator status 1
2024/03/05 00:52:44 Map: 8 done vs. 0 working, Reduce 10 done vs. 0 working
2024/03/05 00:52:44 forward: forward to done phase
2024/03/05 00:52:45 Coordinator work
2024/03/05 00:52:45 Coordinator status 2
