2024/03/05 10:13:26 making map order &{0 [../pg-being_ernest.txt] 0 10}
2024/03/05 10:13:26 making map order &{0 [../pg-dorian_gray.txt] 1 10}
2024/03/05 10:13:26 making map order &{0 [../pg-frankenstein.txt] 2 10}
2024/03/05 10:13:26 making map order &{0 [../pg-grimm.txt] 3 10}
2024/03/05 10:13:26 making map order &{0 [../pg-huckleberry_finn.txt] 4 10}
2024/03/05 10:13:26 making map order &{0 [../pg-metamorphosis.txt] 5 10}
2024/03/05 10:13:26 making map order &{0 [../pg-sherlock_holmes.txt] 6 10}
2024/03/05 10:13:26 making map order &{0 [../pg-tom_sawyer.txt] 7 10}
2024/03/05 10:13:26 done with make map order
2024/03/05 10:13:26 Map: 0 done vs. 8 working, Reduce 0 done vs. 0 working
2024/03/05 10:13:27 Coordinator work
2024/03/05 10:13:27 Coordinator status 0
2024/03/05 10:13:27 Coordinator work
2024/03/05 10:13:27 Coordinator status 0
2024/03/05 10:13:27 Coordinator work
2024/03/05 10:13:27 Coordinator status 0
2024/03/05 10:13:29 IsDone &{0 2024-03-05 10:13:27.714762214 +0800 CST m=+1.541373080 0xc00007c480} true
2024/03/05 10:13:29 Order 0 finish Map
2024/03/05 10:13:30 Coordinator work
2024/03/05 10:13:30 Coordinator status 0
2024/03/05 10:13:30 IsDone &{0 2024-03-05 10:13:27.71633002 +0800 CST m=+1.542940884 0xc00007c5a0} true
2024/03/05 10:13:30 Order 2 finish Map
2024/03/05 10:13:31 IsDone &{0 2024-03-05 10:13:27.715099846 +0800 CST m=+1.541710707 0xc00007c510} true
2024/03/05 10:13:31 Order 1 finish Map
2024/03/05 10:13:31 Coordinator work
2024/03/05 10:13:31 Coordinator status 0
2024/03/05 10:13:32 Coordinator work
2024/03/05 10:13:32 Coordinator status 0
2024/03/05 10:13:33 IsDone &{0 2024-03-05 10:13:32.111042813 +0800 CST m=+5.937653676 0xc00007c750} true
2024/03/05 10:13:33 Order 5 finish Map
2024/03/05 10:13:33 IsDone &{0 2024-03-05 10:13:30.098833853 +0800 CST m=+3.925444716 0xc00007c630} true
2024/03/05 10:13:33 Order 3 finish Map
2024/03/05 10:13:34 Coordinator work
2024/03/05 10:13:34 Coordinator status 0
2024/03/05 10:13:34 Coordinator work
2024/03/05 10:13:34 Coordinator status 0
2024/03/05 10:13:36 IsDone &{0 2024-03-05 10:13:31.984340304 +0800 CST m=+5.810951165 0xc00007c6c0} true
2024/03/05 10:13:36 Order 4 finish Map
2024/03/05 10:13:37 Coordinator work
2024/03/05 10:13:37 Coordinator status 0
2024/03/05 10:13:37 Map: 6 done vs. 2 working, Reduce 0 done vs. 0 working
2024/03/05 10:13:37 IsDone &{0 2024-03-05 10:13:34.964278376 +0800 CST m=+8.790889239 0xc00007c870} true
2024/03/05 10:13:37 Order 7 finish Map
2024/03/05 10:13:37 IsDone &{0 2024-03-05 10:13:34.241979726 +0800 CST m=+8.068590590 0xc00007c7e0} true
2024/03/05 10:13:37 Order 6 finish Map
2024/03/05 10:13:38 Coordinator work
2024/03/05 10:13:38 Coordinator status 0
2024/03/05 10:13:38 Map: 8 done vs. 0 working, Reduce 0 done vs. 0 working
2024/03/05 10:13:38 forward: forward to Reuce Phase
2024/03/05 10:13:38 making reduce order : 8
2024/03/05 10:13:38 making reduce order : 9
2024/03/05 10:13:38 making reduce order : 10
2024/03/05 10:13:38 making reduce order : 11
2024/03/05 10:13:38 making reduce order : 12
2024/03/05 10:13:38 making reduce order : 13
2024/03/05 10:13:38 making reduce order : 14
2024/03/05 10:13:38 making reduce order : 15
2024/03/05 10:13:38 making reduce order : 16
2024/03/05 10:13:38 making reduce order : 17
2024/03/05 10:13:38 done with make reduce order
2024/03/05 10:13:38 Map: 8 done vs. 0 working, Reduce 0 done vs. 10 working
2024/03/05 10:13:38 Coordinator work
2024/03/05 10:13:38 Coordinator status 1
2024/03/05 10:13:39 Coordinator work
2024/03/05 10:13:39 Coordinator status 1
2024/03/05 10:13:39 Order 8 finish Reduce
2024/03/05 10:13:39 Order 9 finish Reduce
2024/03/05 10:13:40 Coordinator work
2024/03/05 10:13:40 Coordinator status 1
2024/03/05 10:13:40 Coordinator work
2024/03/05 10:13:40 Coordinator status 1
2024/03/05 10:13:40 Coordinator work
2024/03/05 10:13:40 Coordinator status 1
2024/03/05 10:13:41 Order 11 finish Reduce
2024/03/05 10:13:41 Order 12 finish Reduce
2024/03/05 10:13:41 Order 10 finish Reduce
2024/03/05 10:13:42 Coordinator work
2024/03/05 10:13:42 Coordinator status 1
2024/03/05 10:13:42 Order 13 finish Reduce
2024/03/05 10:13:42 Coordinator work
2024/03/05 10:13:42 Coordinator status 1
2024/03/05 10:13:42 Coordinator work
2024/03/05 10:13:42 Coordinator status 1
2024/03/05 10:13:43 Coordinator work
2024/03/05 10:13:43 Coordinator status 1
2024/03/05 10:13:43 Order 15 finish Reduce
2024/03/05 10:13:44 Order 14 finish Reduce
2024/03/05 10:13:44 Coordinator work
2024/03/05 10:13:44 Coordinator status 1
2024/03/05 10:13:44 Order 16 finish Reduce
2024/03/05 10:13:45 Coordinator work
2024/03/05 10:13:45 Coordinator status 1
2024/03/05 10:13:45 Map: 8 done vs. 0 working, Reduce 9 done vs. 1 working
2024/03/05 10:13:45 Order 17 finish Reduce
2024/03/05 10:13:45 Coordinator work
2024/03/05 10:13:45 Coordinator status 1
2024/03/05 10:13:45 Map: 8 done vs. 0 working, Reduce 10 done vs. 0 working
2024/03/05 10:13:45 forward: forward to done phase
2024/03/05 10:13:46 Coordinator work
2024/03/05 10:13:46 Coordinator status 2
2024/03/05 10:13:47 Coordinator work
2024/03/05 10:13:47 Coordinator status 2
