2024/03/05 07:14:52 making map order &{0 [../pg-being_ernest.txt] 0 10}
2024/03/05 07:14:52 making map order &{0 [../pg-dorian_gray.txt] 1 10}
2024/03/05 07:14:52 making map order &{0 [../pg-frankenstein.txt] 2 10}
2024/03/05 07:14:52 making map order &{0 [../pg-grimm.txt] 3 10}
2024/03/05 07:14:52 making map order &{0 [../pg-huckleberry_finn.txt] 4 10}
2024/03/05 07:14:52 making map order &{0 [../pg-metamorphosis.txt] 5 10}
2024/03/05 07:14:52 making map order &{0 [../pg-sherlock_holmes.txt] 6 10}
2024/03/05 07:14:52 making map order &{0 [../pg-tom_sawyer.txt] 7 10}
2024/03/05 07:14:52 done with make map order
2024/03/05 07:14:52 Map: 0 done vs. 8 working, Reduce 0 done vs. 0 working
2024/03/05 07:14:53 Coordinator work
2024/03/05 07:14:53 Coordinator status 0
2024/03/05 07:14:53 Coordinator work
2024/03/05 07:14:53 Coordinator status 0
2024/03/05 07:14:57 IsDone &{0 2024-03-05 07:14:53.165945885 +0800 CST m=+1.016388312 0xc00008a360} true
2024/03/05 07:14:57 Order 0 finish Map
2024/03/05 07:14:57 IsDone &{0 2024-03-05 07:14:53.1815168 +0800 CST m=+1.031959230 0xc00008a3f0} true
2024/03/05 07:14:57 Order 1 finish Map
2024/03/05 07:14:58 Coordinator work
2024/03/05 07:14:58 Coordinator status 0
2024/03/05 07:14:58 Coordinator work
2024/03/05 07:14:58 Coordinator status 0
2024/03/05 07:15:02 IsDone &{0 2024-03-05 07:14:58.267878099 +0800 CST m=+6.118320525 0xc00008a480} true
2024/03/05 07:15:02 Order 2 finish Map
2024/03/05 07:15:02 IsDone &{0 2024-03-05 07:14:58.282071763 +0800 CST m=+6.132514187 0xc00008a510} true
2024/03/05 07:15:02 Order 3 finish Map
2024/03/05 07:15:03 Coordinator work
2024/03/05 07:15:03 Coordinator status 0
2024/03/05 07:15:03 Coordinator work
2024/03/05 07:15:03 Coordinator status 0
2024/03/05 07:15:07 IsDone &{0 2024-03-05 07:15:03.173340398 +0800 CST m=+11.023782831 0xc00008a5a0} true
2024/03/05 07:15:07 Order 4 finish Map
2024/03/05 07:15:07 IsDone &{0 2024-03-05 07:15:03.189704438 +0800 CST m=+11.040146870 0xc00008a630} true
2024/03/05 07:15:07 Order 5 finish Map
2024/03/05 07:15:08 Coordinator work
2024/03/05 07:15:08 Coordinator status 0
2024/03/05 07:15:08 Coordinator work
2024/03/05 07:15:08 Coordinator status 0
2024/03/05 07:15:10 IsDone &{0 2024-03-05 07:15:08.044519096 +0800 CST m=+15.894961529 0xc00008a750} true
2024/03/05 07:15:10 Order 7 finish Map
2024/03/05 07:15:10 IsDone &{0 2024-03-05 07:15:08.038681563 +0800 CST m=+15.889123995 0xc00008a6c0} true
2024/03/05 07:15:10 Order 6 finish Map
2024/03/05 07:15:11 Coordinator work
2024/03/05 07:15:11 Coordinator status 0
2024/03/05 07:15:11 Map: 8 done vs. 0 working, Reduce 0 done vs. 0 working
2024/03/05 07:15:11 forward: forward to Reuce Phase
2024/03/05 07:15:11 making reduce order : 8
2024/03/05 07:15:11 Coordinator work
2024/03/05 07:15:11 making reduce order : 9
2024/03/05 07:15:11 making reduce order : 10
2024/03/05 07:15:11 making reduce order : 11
2024/03/05 07:15:11 making reduce order : 12
2024/03/05 07:15:11 making reduce order : 13
2024/03/05 07:15:11 making reduce order : 14
2024/03/05 07:15:11 making reduce order : 15
2024/03/05 07:15:11 making reduce order : 16
2024/03/05 07:15:11 making reduce order : 17
2024/03/05 07:15:11 done with make reduce order
2024/03/05 07:15:11 Map: 8 done vs. 0 working, Reduce 0 done vs. 10 working
2024/03/05 07:15:11 Coordinator status 1
2024/03/05 07:15:11 Order 8 finish Reduce
2024/03/05 07:15:12 Coordinator work
2024/03/05 07:15:12 Coordinator status 1
2024/03/05 07:15:12 Order 9 finish Reduce
2024/03/05 07:15:13 Coordinator work
2024/03/05 07:15:13 Coordinator status 1
2024/03/05 07:15:13 Order 10 finish Reduce
2024/03/05 07:15:13 Coordinator work
2024/03/05 07:15:13 Coordinator status 1
2024/03/05 07:15:13 Order 11 finish Reduce
2024/03/05 07:15:14 Coordinator work
2024/03/05 07:15:14 Coordinator status 1
2024/03/05 07:15:14 Order 12 finish Reduce
2024/03/05 07:15:14 Coordinator work
2024/03/05 07:15:14 Coordinator status 1
2024/03/05 07:15:14 Order 13 finish Reduce
2024/03/05 07:15:15 Coordinator work
2024/03/05 07:15:15 Coordinator status 1
2024/03/05 07:15:15 Order 14 finish Reduce
2024/03/05 07:15:15 Coordinator work
2024/03/05 07:15:15 Coordinator status 1
2024/03/05 07:15:15 Order 15 finish Reduce
2024/03/05 07:15:16 Coordinator work
2024/03/05 07:15:16 Coordinator status 1
2024/03/05 07:15:16 Order 16 finish Reduce
2024/03/05 07:15:16 Coordinator work
2024/03/05 07:15:16 Coordinator status 1
2024/03/05 07:15:16 Order 17 finish Reduce
2024/03/05 07:15:17 Coordinator work
2024/03/05 07:15:17 Coordinator status 1
2024/03/05 07:15:17 Map: 8 done vs. 0 working, Reduce 10 done vs. 0 working
2024/03/05 07:15:17 forward: forward to done phase
2024/03/05 07:15:17 Coordinator work
2024/03/05 07:15:17 Coordinator status 2
