2024/03/04 23:19:01 making map order &{0 [../pg-being_ernest.txt] 0 10}
2024/03/04 23:19:01 making map order &{0 [../pg-dorian_gray.txt] 1 10}
2024/03/04 23:19:01 making map order &{0 [../pg-frankenstein.txt] 2 10}
2024/03/04 23:19:01 making map order &{0 [../pg-grimm.txt] 3 10}
2024/03/04 23:19:01 making map order &{0 [../pg-huckleberry_finn.txt] 4 10}
2024/03/04 23:19:01 making map order &{0 [../pg-metamorphosis.txt] 5 10}
2024/03/04 23:19:01 making map order &{0 [../pg-sherlock_holmes.txt] 6 10}
2024/03/04 23:19:01 making map order &{0 [../pg-tom_sawyer.txt] 7 10}
2024/03/04 23:19:01 done with make map order
2024/03/04 23:19:01 Map: 0 done vs. 8 working, Reduce 0 done vs. 0 working
2024/03/04 23:19:02 Coordinator work
2024/03/04 23:19:02 Coordinator status 0
2024/03/04 23:19:02 Coordinator work
2024/03/04 23:19:02 Coordinator status 0
2024/03/04 23:19:02 Coordinator work
2024/03/04 23:19:02 Coordinator status 0
2024/03/04 23:19:02 Coordinator work
2024/03/04 23:19:02 Coordinator status 0
2024/03/04 23:19:10 IsDone &{0 2024-03-04 23:19:02.933600849 +0800 CST m=+1.033842813 0xc0000723f0} true
2024/03/04 23:19:10 Order 1 finish Map
2024/03/04 23:19:11 Coordinator work
2024/03/04 23:19:11 Coordinator status 0
2024/03/04 23:19:12 IsDone &{0 2024-03-04 23:19:02.941021204 +0800 CST m=+1.041263179 0xc000072510} true
2024/03/04 23:19:12 Order 3 finish Map
2024/03/04 23:19:12 IsDone &{0 2024-03-04 23:19:02.936505273 +0800 CST m=+1.036747234 0xc000072480} true
2024/03/04 23:19:12 Order 2 finish Map
2024/03/04 23:19:13 Coordinator work
2024/03/04 23:19:13 Coordinator status 0
2024/03/04 23:19:13 IsDone &{0 2024-03-04 23:19:13.386252863 +0800 CST m=+11.486494823 0xc000072630} true
2024/03/04 23:19:13 Order 5 finish Map
2024/03/04 23:19:13 Coordinator work
2024/03/04 23:19:13 Coordinator status 0
2024/03/04 23:19:13 Coordiantor restart Map order 0
2024/03/04 23:19:14 IsDone &{0 2024-03-04 23:19:11.803943737 +0800 CST m=+9.904185702 0xc0000725a0} true
2024/03/04 23:19:14 Order 4 finish Map
2024/03/04 23:19:14 Coordinator work
2024/03/04 23:19:14 Coordinator status 0
2024/03/04 23:19:14 Coordinator work
2024/03/04 23:19:14 Coordinator status 0
2024/03/04 23:19:15 Coordinator work
2024/03/04 23:19:15 Coordinator status 0
2024/03/04 23:19:15 Map: 5 done vs. 3 working, Reduce 0 done vs. 0 working
2024/03/04 23:19:15 Coordinator work
2024/03/04 23:19:15 Coordinator status 0
2024/03/04 23:19:15 Map: 5 done vs. 3 working, Reduce 0 done vs. 0 working
2024/03/04 23:19:15 IsDone &{0 2024-03-04 23:19:14.582533998 +0800 CST m=+12.682775953 0xc000072360} true
2024/03/04 23:19:15 Order 0 finish Map
2024/03/04 23:19:16 Coordinator work
2024/03/04 23:19:16 Coordinator status 0
2024/03/04 23:19:16 Map: 6 done vs. 2 working, Reduce 0 done vs. 0 working
2024/03/04 23:19:17 Coordinator work
2024/03/04 23:19:17 Coordinator status 0
2024/03/04 23:19:17 Map: 6 done vs. 2 working, Reduce 0 done vs. 0 working
2024/03/04 23:19:17 Coordinator work
2024/03/04 23:19:17 Coordinator status 0
2024/03/04 23:19:17 Map: 6 done vs. 2 working, Reduce 0 done vs. 0 working
2024/03/04 23:19:18 Coordinator work
2024/03/04 23:19:18 Coordinator status 0
2024/03/04 23:19:18 Map: 6 done vs. 2 working, Reduce 0 done vs. 0 working
2024/03/04 23:19:19 Coordinator work
2024/03/04 23:19:19 Coordinator status 0
2024/03/04 23:19:19 Map: 6 done vs. 2 working, Reduce 0 done vs. 0 working
2024/03/04 23:19:19 Coordinator work
2024/03/04 23:19:19 Coordinator status 0
2024/03/04 23:19:19 Map: 6 done vs. 2 working, Reduce 0 done vs. 0 working
2024/03/04 23:19:20 Coordinator work
2024/03/04 23:19:20 Coordinator status 0
2024/03/04 23:19:20 Map: 6 done vs. 2 working, Reduce 0 done vs. 0 working
2024/03/04 23:19:21 Coordinator work
2024/03/04 23:19:21 Coordinator status 0
2024/03/04 23:19:21 Map: 6 done vs. 2 working, Reduce 0 done vs. 0 working
2024/03/04 23:19:21 Coordinator work
2024/03/04 23:19:21 Coordinator status 0
2024/03/04 23:19:21 Map: 6 done vs. 2 working, Reduce 0 done vs. 0 working
2024/03/04 23:19:22 Coordinator work
2024/03/04 23:19:22 Coordinator status 0
2024/03/04 23:19:22 Map: 6 done vs. 2 working, Reduce 0 done vs. 0 working
2024/03/04 23:19:23 Coordinator work
2024/03/04 23:19:23 Coordinator status 0
2024/03/04 23:19:23 Map: 6 done vs. 2 working, Reduce 0 done vs. 0 working
2024/03/04 23:19:23 Coordinator work
2024/03/04 23:19:23 Coordinator status 0
2024/03/04 23:19:23 Map: 6 done vs. 2 working, Reduce 0 done vs. 0 working
2024/03/04 23:19:23 Coordiantor restart Map order 6
2024/03/04 23:19:24 Coordinator work
2024/03/04 23:19:24 Coordinator status 0
2024/03/04 23:19:24 Coordiantor restart Map order 7
2024/03/04 23:19:25 Coordinator work
2024/03/04 23:19:25 Coordinator status 0
2024/03/04 23:19:25 IsDone &{0 2024-03-04 23:19:25.287377452 +0800 CST m=+23.387619409 0xc000072750} true
2024/03/04 23:19:25 Order 7 finish Map
2024/03/04 23:19:25 Coordinator work
2024/03/04 23:19:25 Coordinator status 0
2024/03/04 23:19:25 Map: 7 done vs. 1 working, Reduce 0 done vs. 0 working
2024/03/04 23:19:25 Coordinator work
2024/03/04 23:19:25 Coordinator status 0
2024/03/04 23:19:25 Map: 7 done vs. 1 working, Reduce 0 done vs. 0 working
2024/03/04 23:19:26 Coordinator work
2024/03/04 23:19:26 Coordinator status 0
2024/03/04 23:19:26 Map: 7 done vs. 1 working, Reduce 0 done vs. 0 working
2024/03/04 23:19:27 Coordinator work
2024/03/04 23:19:27 Coordinator status 0
2024/03/04 23:19:27 Map: 7 done vs. 1 working, Reduce 0 done vs. 0 working
2024/03/04 23:19:27 Coordinator work
2024/03/04 23:19:27 Coordinator status 0
2024/03/04 23:19:27 Map: 7 done vs. 1 working, Reduce 0 done vs. 0 working
2024/03/04 23:19:28 Coordinator work
2024/03/04 23:19:28 Coordinator status 0
2024/03/04 23:19:28 Map: 7 done vs. 1 working, Reduce 0 done vs. 0 working
2024/03/04 23:19:29 Coordinator work
2024/03/04 23:19:29 Coordinator status 0
2024/03/04 23:19:29 Map: 7 done vs. 1 working, Reduce 0 done vs. 0 working
2024/03/04 23:19:29 Coordinator work
2024/03/04 23:19:29 Coordinator status 0
2024/03/04 23:19:29 Map: 7 done vs. 1 working, Reduce 0 done vs. 0 working
2024/03/04 23:19:30 Coordinator work
2024/03/04 23:19:30 Coordinator status 0
2024/03/04 23:19:30 Map: 7 done vs. 1 working, Reduce 0 done vs. 0 working
2024/03/04 23:19:31 Coordinator work
2024/03/04 23:19:31 Coordinator status 0
2024/03/04 23:19:31 Map: 7 done vs. 1 working, Reduce 0 done vs. 0 working
2024/03/04 23:19:31 Coordinator work
2024/03/04 23:19:31 Coordinator status 0
2024/03/04 23:19:31 Map: 7 done vs. 1 working, Reduce 0 done vs. 0 working
2024/03/04 23:19:32 Coordinator work
2024/03/04 23:19:32 Coordinator status 0
2024/03/04 23:19:32 Map: 7 done vs. 1 working, Reduce 0 done vs. 0 working
2024/03/04 23:19:33 Coordinator work
2024/03/04 23:19:33 Coordinator status 0
2024/03/04 23:19:33 Map: 7 done vs. 1 working, Reduce 0 done vs. 0 working
2024/03/04 23:19:33 Coordinator work
2024/03/04 23:19:33 Coordinator status 0
2024/03/04 23:19:33 Map: 7 done vs. 1 working, Reduce 0 done vs. 0 working
2024/03/04 23:19:34 Coordinator work
2024/03/04 23:19:34 Coordinator status 0
2024/03/04 23:19:34 Map: 7 done vs. 1 working, Reduce 0 done vs. 0 working
2024/03/04 23:19:34 Coordiantor restart Map order 6
2024/03/04 23:19:35 Coordinator work
2024/03/04 23:19:35 Coordinator status 0
2024/03/04 23:19:35 Coordinator work
2024/03/04 23:19:35 Coordinator status 0
2024/03/04 23:19:35 Map: 7 done vs. 1 working, Reduce 0 done vs. 0 working
2024/03/04 23:19:36 Coordinator work
2024/03/04 23:19:36 Coordinator status 0
2024/03/04 23:19:36 Map: 7 done vs. 1 working, Reduce 0 done vs. 0 working
2024/03/04 23:19:36 Coordinator work
2024/03/04 23:19:36 Coordinator status 0
2024/03/04 23:19:36 Map: 7 done vs. 1 working, Reduce 0 done vs. 0 working
2024/03/04 23:19:37 Coordinator work
2024/03/04 23:19:37 Coordinator status 0
2024/03/04 23:19:37 Map: 7 done vs. 1 working, Reduce 0 done vs. 0 working
2024/03/04 23:19:38 Coordinator work
2024/03/04 23:19:38 Coordinator status 0
2024/03/04 23:19:38 Map: 7 done vs. 1 working, Reduce 0 done vs. 0 working
2024/03/04 23:19:38 Coordinator work
2024/03/04 23:19:38 Coordinator status 0
2024/03/04 23:19:38 Map: 7 done vs. 1 working, Reduce 0 done vs. 0 working
2024/03/04 23:19:39 Coordinator work
2024/03/04 23:19:39 Coordinator status 0
2024/03/04 23:19:39 Map: 7 done vs. 1 working, Reduce 0 done vs. 0 working
2024/03/04 23:19:40 Coordinator work
2024/03/04 23:19:40 Coordinator status 0
2024/03/04 23:19:40 Map: 7 done vs. 1 working, Reduce 0 done vs. 0 working
2024/03/04 23:19:40 Coordinator work
2024/03/04 23:19:40 Coordinator status 0
2024/03/04 23:19:40 Map: 7 done vs. 1 working, Reduce 0 done vs. 0 working
2024/03/04 23:19:41 Coordinator work
2024/03/04 23:19:41 Coordinator status 0
2024/03/04 23:19:41 Map: 7 done vs. 1 working, Reduce 0 done vs. 0 working
2024/03/04 23:19:42 Coordinator work
2024/03/04 23:19:42 Coordinator status 0
2024/03/04 23:19:42 Map: 7 done vs. 1 working, Reduce 0 done vs. 0 working
2024/03/04 23:19:42 Coordinator work
2024/03/04 23:19:42 Coordinator status 0
2024/03/04 23:19:42 Map: 7 done vs. 1 working, Reduce 0 done vs. 0 working
2024/03/04 23:19:43 Coordinator work
2024/03/04 23:19:43 Coordinator status 0
2024/03/04 23:19:43 Map: 7 done vs. 1 working, Reduce 0 done vs. 0 working
2024/03/04 23:19:44 Coordinator work
2024/03/04 23:19:44 Coordinator status 0
2024/03/04 23:19:44 Map: 7 done vs. 1 working, Reduce 0 done vs. 0 working
2024/03/04 23:19:44 Coordinator work
2024/03/04 23:19:44 Coordinator status 0
2024/03/04 23:19:44 Map: 7 done vs. 1 working, Reduce 0 done vs. 0 working
2024/03/04 23:19:45 Coordinator work
2024/03/04 23:19:45 Coordinator status 0
2024/03/04 23:19:45 Map: 7 done vs. 1 working, Reduce 0 done vs. 0 working
2024/03/04 23:19:45 Coordiantor restart Map order 6
2024/03/04 23:19:46 Coordinator work
2024/03/04 23:19:46 Coordinator status 0
2024/03/04 23:19:46 Coordinator work
2024/03/04 23:19:46 Coordinator status 0
2024/03/04 23:19:46 Map: 7 done vs. 1 working, Reduce 0 done vs. 0 working
2024/03/04 23:19:47 Coordinator work
2024/03/04 23:19:47 Coordinator status 0
2024/03/04 23:19:47 Map: 7 done vs. 1 working, Reduce 0 done vs. 0 working
2024/03/04 23:19:48 Coordinator work
2024/03/04 23:19:48 Coordinator status 0
2024/03/04 23:19:48 Map: 7 done vs. 1 working, Reduce 0 done vs. 0 working
2024/03/04 23:19:49 Coordinator work
2024/03/04 23:19:49 Coordinator status 0
2024/03/04 23:19:49 Map: 7 done vs. 1 working, Reduce 0 done vs. 0 working
2024/03/04 23:19:50 Coordinator work
2024/03/04 23:19:50 Coordinator status 0
2024/03/04 23:19:50 Map: 7 done vs. 1 working, Reduce 0 done vs. 0 working
2024/03/04 23:19:50 IsDone &{0 2024-03-04 23:19:46.33508398 +0800 CST m=+44.435325940 0xc0000726c0} true
2024/03/04 23:19:50 Order 6 finish Map
2024/03/04 23:19:51 Coordinator work
2024/03/04 23:19:51 Coordinator status 0
2024/03/04 23:19:51 Map: 8 done vs. 0 working, Reduce 0 done vs. 0 working
2024/03/04 23:19:51 forward: forward to Reuce Phase
2024/03/04 23:19:51 making reduce order : 8
2024/03/04 23:19:51 making reduce order : 9
2024/03/04 23:19:51 making reduce order : 10
2024/03/04 23:19:51 making reduce order : 11
2024/03/04 23:19:51 making reduce order : 12
2024/03/04 23:19:51 making reduce order : 13
2024/03/04 23:19:51 making reduce order : 14
2024/03/04 23:19:51 making reduce order : 15
2024/03/04 23:19:51 making reduce order : 16
2024/03/04 23:19:51 making reduce order : 17
2024/03/04 23:19:51 done with make reduce order
2024/03/04 23:19:51 Map: 8 done vs. 0 working, Reduce 0 done vs. 10 working
2024/03/04 23:19:51 Coordinator work
2024/03/04 23:19:51 Coordinator status 1
2024/03/04 23:19:52 Coordinator work
2024/03/04 23:19:52 Coordinator status 1
2024/03/04 23:19:52 Order 9 finish Reduce
2024/03/04 23:19:53 Coordinator work
2024/03/04 23:19:53 Coordinator status 1
2024/03/04 23:19:53 Coordinator work
2024/03/04 23:19:53 Coordinator status 1
2024/03/04 23:19:53 Order 11 finish Reduce
2024/03/04 23:19:54 Coordinator work
2024/03/04 23:19:54 Coordinator status 1
2024/03/04 23:19:54 Order 12 finish Reduce
2024/03/04 23:19:54 Order 10 finish Reduce
2024/03/04 23:19:55 Coordinator work
2024/03/04 23:19:55 Coordinator status 1
2024/03/04 23:19:55 Coordinator work
2024/03/04 23:19:55 Coordinator status 1
2024/03/04 23:19:55 Order 14 finish Reduce
2024/03/04 23:19:55 Order 8 finish Reduce
2024/03/04 23:19:56 Coordinator work
2024/03/04 23:19:56 Coordinator status 1
2024/03/04 23:19:56 Order 15 finish Reduce
2024/03/04 23:19:56 Coordinator work
2024/03/04 23:19:56 Coordinator status 1
2024/03/04 23:19:56 Order 16 finish Reduce
2024/03/04 23:19:57 Coordinator work
2024/03/04 23:19:57 Coordinator status 1
2024/03/04 23:19:57 Order 17 finish Reduce
2024/03/04 23:19:57 Coordinator work
2024/03/04 23:19:57 Coordinator status 1
2024/03/04 23:19:57 Map: 8 done vs. 0 working, Reduce 9 done vs. 1 working
2024/03/04 23:19:58 Coordinator work
2024/03/04 23:19:58 Coordinator status 1
2024/03/04 23:19:58 Map: 8 done vs. 0 working, Reduce 9 done vs. 1 working
2024/03/04 23:19:59 Coordinator work
2024/03/04 23:19:59 Coordinator status 1
2024/03/04 23:19:59 Map: 8 done vs. 0 working, Reduce 9 done vs. 1 working
2024/03/04 23:20:00 Coordinator work
2024/03/04 23:20:00 Coordinator status 1
2024/03/04 23:20:00 Map: 8 done vs. 0 working, Reduce 9 done vs. 1 working
2024/03/04 23:20:01 Coordinator work
2024/03/04 23:20:01 Coordinator status 1
2024/03/04 23:20:01 Map: 8 done vs. 0 working, Reduce 9 done vs. 1 working
2024/03/04 23:20:02 Coordinator work
2024/03/04 23:20:02 Coordinator status 1
2024/03/04 23:20:02 Map: 8 done vs. 0 working, Reduce 9 done vs. 1 working
2024/03/04 23:20:03 Coordinator work
2024/03/04 23:20:03 Coordinator status 1
2024/03/04 23:20:03 Map: 8 done vs. 0 working, Reduce 9 done vs. 1 working
2024/03/04 23:20:04 Order 13 finish Reduce
2024/03/04 23:20:04 Coordinator work
2024/03/04 23:20:04 Coordinator status 1
2024/03/04 23:20:04 Map: 8 done vs. 0 working, Reduce 10 done vs. 0 working
2024/03/04 23:20:04 forward: forward to done phase
2024/03/04 23:20:05 Coordinator work
2024/03/04 23:20:05 Coordinator status 2
