2024/03/05 00:54:07 making map order &{0 [../pg-being_ernest.txt] 0 10}
2024/03/05 00:54:07 making map order &{0 [../pg-dorian_gray.txt] 1 10}
2024/03/05 00:54:07 making map order &{0 [../pg-frankenstein.txt] 2 10}
2024/03/05 00:54:07 making map order &{0 [../pg-grimm.txt] 3 10}
2024/03/05 00:54:07 making map order &{0 [../pg-huckleberry_finn.txt] 4 10}
2024/03/05 00:54:07 making map order &{0 [../pg-metamorphosis.txt] 5 10}
2024/03/05 00:54:07 making map order &{0 [../pg-sherlock_holmes.txt] 6 10}
2024/03/05 00:54:07 making map order &{0 [../pg-tom_sawyer.txt] 7 10}
2024/03/05 00:54:07 done with make map order
2024/03/05 00:54:07 Map: 0 done vs. 8 working, Reduce 0 done vs. 0 working
2024/03/05 00:54:08 Coordinator work
2024/03/05 00:54:08 Coordinator status 0
2024/03/05 00:54:08 Coordinator work
2024/03/05 00:54:08 Coordinator status 0
2024/03/05 00:54:08 Coordinator work
2024/03/05 00:54:08 Coordinator status 0
2024/03/05 00:54:08 IsDone &{0 2024-03-05 00:54:08.050555574 +0800 CST m=+1.029104842 0xc00008a270} true
2024/03/05 00:54:08 Order 0 finish Map
2024/03/05 00:54:08 IsDone &{0 2024-03-05 00:54:08.053572979 +0800 CST m=+1.032122248 0xc00008a300} true
2024/03/05 00:54:08 Order 1 finish Map
2024/03/05 00:54:08 IsDone &{0 2024-03-05 00:54:08.056836402 +0800 CST m=+1.035385670 0xc00008a390} true
2024/03/05 00:54:08 Order 2 finish Map
2024/03/05 00:54:09 Coordinator work
2024/03/05 00:54:09 Coordinator status 0
2024/03/05 00:54:09 Coordinator work
2024/03/05 00:54:09 Coordinator status 0
2024/03/05 00:54:09 Coordinator work
2024/03/05 00:54:09 Coordinator status 0
2024/03/05 00:54:09 IsDone &{0 2024-03-05 00:54:09.07820705 +0800 CST m=+2.056756314 0xc00008a540} true
2024/03/05 00:54:09 Order 5 finish Map
2024/03/05 00:54:09 IsDone &{0 2024-03-05 00:54:09.070147266 +0800 CST m=+2.048696533 0xc00008a420} true
2024/03/05 00:54:09 Order 3 finish Map
2024/03/05 00:54:09 IsDone &{0 2024-03-05 00:54:09.074520169 +0800 CST m=+2.053069436 0xc00008a4b0} true
2024/03/05 00:54:09 Order 4 finish Map
2024/03/05 00:54:10 Coordinator work
2024/03/05 00:54:10 Coordinator status 0
2024/03/05 00:54:10 Coordinator work
2024/03/05 00:54:10 Coordinator status 0
2024/03/05 00:54:10 Coordinator work
2024/03/05 00:54:10 Coordinator status 0
2024/03/05 00:54:10 Map: 6 done vs. 2 working, Reduce 0 done vs. 0 working
2024/03/05 00:54:10 IsDone &{0 2024-03-05 00:54:10.095405678 +0800 CST m=+3.073954946 0xc00008a5d0} true
2024/03/05 00:54:10 Order 6 finish Map
2024/03/05 00:54:10 IsDone &{0 2024-03-05 00:54:10.10544247 +0800 CST m=+3.083991736 0xc00008a660} true
2024/03/05 00:54:10 Order 7 finish Map
2024/03/05 00:54:11 Coordinator work
2024/03/05 00:54:11 Coordinator status 0
2024/03/05 00:54:11 Map: 8 done vs. 0 working, Reduce 0 done vs. 0 working
2024/03/05 00:54:11 forward: forward to Reuce Phase
2024/03/05 00:54:11 making reduce order : 8
2024/03/05 00:54:11 making reduce order : 9
2024/03/05 00:54:11 making reduce order : 10
2024/03/05 00:54:11 Coordinator work
2024/03/05 00:54:11 making reduce order : 11
2024/03/05 00:54:11 making reduce order : 12
2024/03/05 00:54:11 making reduce order : 13
2024/03/05 00:54:11 making reduce order : 14
2024/03/05 00:54:11 making reduce order : 15
2024/03/05 00:54:11 making reduce order : 16
2024/03/05 00:54:11 making reduce order : 17
2024/03/05 00:54:11 done with make reduce order
2024/03/05 00:54:11 Map: 8 done vs. 0 working, Reduce 0 done vs. 10 working
2024/03/05 00:54:11 Coordinator status 1
2024/03/05 00:54:11 Order 8 finish Reduce
2024/03/05 00:54:12 Coordinator work
2024/03/05 00:54:12 Coordinator status 1
2024/03/05 00:54:12 Order 9 finish Reduce
2024/03/05 00:54:12 Coordinator work
2024/03/05 00:54:12 Coordinator status 1
2024/03/05 00:54:13 Coordinator work
2024/03/05 00:54:13 Coordinator status 1
2024/03/05 00:54:13 Order 11 finish Reduce
2024/03/05 00:54:13 Coordinator work
2024/03/05 00:54:13 Coordinator status 1
2024/03/05 00:54:13 Order 12 finish Reduce
2024/03/05 00:54:14 Coordinator work
2024/03/05 00:54:14 Coordinator status 1
2024/03/05 00:54:14 Order 13 finish Reduce
2024/03/05 00:54:14 Coordinator work
2024/03/05 00:54:14 Coordinator status 1
2024/03/05 00:54:15 Coordinator work
2024/03/05 00:54:15 Coordinator status 1
2024/03/05 00:54:15 Order 15 finish Reduce
2024/03/05 00:54:15 Order 10 finish Reduce
2024/03/05 00:54:16 Coordinator work
2024/03/05 00:54:16 Coordinator status 1
2024/03/05 00:54:16 Order 16 finish Reduce
2024/03/05 00:54:16 Coordinator work
2024/03/05 00:54:16 Coordinator status 1
2024/03/05 00:54:16 Order 17 finish Reduce
2024/03/05 00:54:17 Coordinator work
2024/03/05 00:54:17 Coordinator status 1
2024/03/05 00:54:17 Map: 8 done vs. 0 working, Reduce 9 done vs. 1 working
2024/03/05 00:54:17 Order 14 finish Reduce
2024/03/05 00:54:17 Coordinator work
2024/03/05 00:54:17 Coordinator status 1
2024/03/05 00:54:17 Map: 8 done vs. 0 working, Reduce 10 done vs. 0 working
2024/03/05 00:54:17 forward: forward to done phase
2024/03/05 00:54:18 Coordinator work
2024/03/05 00:54:18 Coordinator status 2
