2024/03/04 23:24:51 making map order &{0 [../pg-being_ernest.txt] 0 10}
2024/03/04 23:24:51 making map order &{0 [../pg-dorian_gray.txt] 1 10}
2024/03/04 23:24:51 making map order &{0 [../pg-frankenstein.txt] 2 10}
2024/03/04 23:24:51 making map order &{0 [../pg-grimm.txt] 3 10}
2024/03/04 23:24:51 making map order &{0 [../pg-huckleberry_finn.txt] 4 10}
2024/03/04 23:24:51 making map order &{0 [../pg-metamorphosis.txt] 5 10}
2024/03/04 23:24:51 making map order &{0 [../pg-sherlock_holmes.txt] 6 10}
2024/03/04 23:24:51 making map order &{0 [../pg-tom_sawyer.txt] 7 10}
2024/03/04 23:24:51 done with make map order
2024/03/04 23:24:51 Map: 0 done vs. 8 working, Reduce 0 done vs. 0 working
2024/03/04 23:24:52 Coordinator work
2024/03/04 23:24:52 Coordinator status 0
2024/03/04 23:24:52 Coordinator work
2024/03/04 23:24:52 Coordinator status 0
2024/03/04 23:24:52 IsDone &{0 2024-03-04 23:24:52.758886594 +0800 CST m=+1.026739804 0xc00009a390} true
2024/03/04 23:24:52 Order 0 finish Map
2024/03/04 23:24:52 Coordinator work
2024/03/04 23:24:52 Coordinator status 0
2024/03/04 23:24:52 Coordinator work
2024/03/04 23:24:52 Coordinator status 0
2024/03/04 23:24:52 IsDone &{0 2024-03-04 23:24:52.788253381 +0800 CST m=+1.056106590 0xc00009a540} true
2024/03/04 23:24:52 Order 3 finish Map
2024/03/04 23:24:53 Coordinator work
2024/03/04 23:24:53 Coordinator status 0
2024/03/04 23:24:53 IsDone &{0 2024-03-04 23:24:53.780510886 +0800 CST m=+2.048364098 0xc00009a5d0} true
2024/03/04 23:24:53 Order 4 finish Map
2024/03/04 23:24:53 Coordinator work
2024/03/04 23:24:53 Coordinator status 0
2024/03/04 23:24:53 Coordinator work
2024/03/04 23:24:53 Coordinator status 0
2024/03/04 23:24:54 Coordinator work
2024/03/04 23:24:54 Coordinator status 0
2024/03/04 23:24:54 Coordinator work
2024/03/04 23:24:54 Coordinator status 0
2024/03/04 23:24:54 Map: 3 done vs. 5 working, Reduce 0 done vs. 0 working
2024/03/04 23:24:54 Coordinator work
2024/03/04 23:24:54 Coordinator status 0
2024/03/04 23:24:54 Map: 3 done vs. 5 working, Reduce 0 done vs. 0 working
2024/03/04 23:24:55 Coordinator work
2024/03/04 23:24:55 Coordinator status 0
2024/03/04 23:24:55 Map: 3 done vs. 5 working, Reduce 0 done vs. 0 working
2024/03/04 23:24:56 IsDone &{0 2024-03-04 23:24:52.768823847 +0800 CST m=+1.036677051 0xc00009a4b0} true
2024/03/04 23:24:56 Order 2 finish Map
2024/03/04 23:24:56 Coordinator work
2024/03/04 23:24:56 Coordinator status 0
2024/03/04 23:24:56 Map: 4 done vs. 4 working, Reduce 0 done vs. 0 working
2024/03/04 23:24:56 Coordinator work
2024/03/04 23:24:56 Coordinator status 0
2024/03/04 23:24:56 Map: 4 done vs. 4 working, Reduce 0 done vs. 0 working
2024/03/04 23:24:57 Coordinator work
2024/03/04 23:24:57 Coordinator status 0
2024/03/04 23:24:57 Map: 4 done vs. 4 working, Reduce 0 done vs. 0 working
2024/03/04 23:24:57 Coordinator work
2024/03/04 23:24:57 Coordinator status 0
2024/03/04 23:24:57 Map: 4 done vs. 4 working, Reduce 0 done vs. 0 working
2024/03/04 23:24:58 Coordinator work
2024/03/04 23:24:58 Coordinator status 0
2024/03/04 23:24:58 Map: 4 done vs. 4 working, Reduce 0 done vs. 0 working
2024/03/04 23:24:58 Coordinator work
2024/03/04 23:24:58 Coordinator status 0
2024/03/04 23:24:58 Map: 4 done vs. 4 working, Reduce 0 done vs. 0 working
2024/03/04 23:24:59 Coordinator work
2024/03/04 23:24:59 Coordinator status 0
2024/03/04 23:24:59 Map: 4 done vs. 4 working, Reduce 0 done vs. 0 working
2024/03/04 23:24:59 Coordinator work
2024/03/04 23:24:59 Coordinator status 0
2024/03/04 23:24:59 Map: 4 done vs. 4 working, Reduce 0 done vs. 0 working
2024/03/04 23:25:00 Coordinator work
2024/03/04 23:25:00 Coordinator status 0
2024/03/04 23:25:00 Map: 4 done vs. 4 working, Reduce 0 done vs. 0 working
2024/03/04 23:25:00 Coordinator work
2024/03/04 23:25:00 Coordinator status 0
2024/03/04 23:25:00 Map: 4 done vs. 4 working, Reduce 0 done vs. 0 working
2024/03/04 23:25:01 Coordinator work
2024/03/04 23:25:01 Coordinator status 0
2024/03/04 23:25:01 Map: 4 done vs. 4 working, Reduce 0 done vs. 0 working
2024/03/04 23:25:01 Coordinator work
2024/03/04 23:25:01 Coordinator status 0
2024/03/04 23:25:01 Map: 4 done vs. 4 working, Reduce 0 done vs. 0 working
2024/03/04 23:25:02 Coordinator work
2024/03/04 23:25:02 Coordinator status 0
2024/03/04 23:25:02 Map: 4 done vs. 4 working, Reduce 0 done vs. 0 working
2024/03/04 23:25:02 Coordinator work
2024/03/04 23:25:02 Coordinator status 0
2024/03/04 23:25:02 Map: 4 done vs. 4 working, Reduce 0 done vs. 0 working
2024/03/04 23:25:03 Coordinator work
2024/03/04 23:25:03 Coordinator status 0
2024/03/04 23:25:03 Map: 4 done vs. 4 working, Reduce 0 done vs. 0 working
2024/03/04 23:25:03 Coordiantor restart Map order 1
2024/03/04 23:25:03 Coordinator work
2024/03/04 23:25:03 Coordinator status 0
2024/03/04 23:25:04 Coordiantor restart Map order 6
2024/03/04 23:25:04 Coordiantor restart Map order 5
2024/03/04 23:25:04 Coordinator work
2024/03/04 23:25:04 Coordinator status 0
2024/03/04 23:25:04 Coordinator work
2024/03/04 23:25:04 Coordinator status 0
2024/03/04 23:25:04 Coordinator work
2024/03/04 23:25:04 Coordinator status 0
2024/03/04 23:25:04 Map: 4 done vs. 4 working, Reduce 0 done vs. 0 working
2024/03/04 23:25:05 Coordinator work
2024/03/04 23:25:05 Coordinator status 0
2024/03/04 23:25:05 Map: 4 done vs. 4 working, Reduce 0 done vs. 0 working
2024/03/04 23:25:05 Coordiantor restart Map order 7
2024/03/04 23:25:05 Coordinator work
2024/03/04 23:25:05 Coordinator status 0
2024/03/04 23:25:05 IsDone &{0 2024-03-04 23:25:05.905248602 +0800 CST m=+14.173101831 0xc00009a780} true
2024/03/04 23:25:05 Order 7 finish Map
2024/03/04 23:25:06 Coordinator work
2024/03/04 23:25:06 Coordinator status 0
2024/03/04 23:25:06 Map: 5 done vs. 3 working, Reduce 0 done vs. 0 working
2024/03/04 23:25:06 Coordinator work
2024/03/04 23:25:06 Coordinator status 0
2024/03/04 23:25:06 Map: 5 done vs. 3 working, Reduce 0 done vs. 0 working
2024/03/04 23:25:07 Coordinator work
2024/03/04 23:25:07 Coordinator status 0
2024/03/04 23:25:07 Map: 5 done vs. 3 working, Reduce 0 done vs. 0 working
2024/03/04 23:25:08 Coordinator work
2024/03/04 23:25:08 Coordinator status 0
2024/03/04 23:25:08 Map: 5 done vs. 3 working, Reduce 0 done vs. 0 working
2024/03/04 23:25:08 Coordinator work
2024/03/04 23:25:08 Coordinator status 0
2024/03/04 23:25:08 Map: 5 done vs. 3 working, Reduce 0 done vs. 0 working
2024/03/04 23:25:09 Coordinator work
2024/03/04 23:25:09 Coordinator status 0
2024/03/04 23:25:09 Map: 5 done vs. 3 working, Reduce 0 done vs. 0 working
2024/03/04 23:25:09 IsDone &{0 2024-03-04 23:25:04.856622108 +0800 CST m=+13.124475316 0xc00009a6f0} true
2024/03/04 23:25:09 Order 6 finish Map
2024/03/04 23:25:10 Coordinator work
2024/03/04 23:25:10 Coordinator status 0
2024/03/04 23:25:10 Map: 6 done vs. 2 working, Reduce 0 done vs. 0 working
2024/03/04 23:25:10 Coordinator work
2024/03/04 23:25:10 Coordinator status 0
2024/03/04 23:25:10 Map: 6 done vs. 2 working, Reduce 0 done vs. 0 working
2024/03/04 23:25:10 Coordinator work
2024/03/04 23:25:10 Coordinator status 0
2024/03/04 23:25:10 Map: 6 done vs. 2 working, Reduce 0 done vs. 0 working
2024/03/04 23:25:11 Coordinator work
2024/03/04 23:25:11 Coordinator status 0
2024/03/04 23:25:11 Map: 6 done vs. 2 working, Reduce 0 done vs. 0 working
2024/03/04 23:25:12 Coordinator work
2024/03/04 23:25:12 Coordinator status 0
2024/03/04 23:25:12 Map: 6 done vs. 2 working, Reduce 0 done vs. 0 working
2024/03/04 23:25:12 Coordinator work
2024/03/04 23:25:12 Coordinator status 0
2024/03/04 23:25:12 Map: 6 done vs. 2 working, Reduce 0 done vs. 0 working
2024/03/04 23:25:12 Coordinator work
2024/03/04 23:25:12 Coordinator status 0
2024/03/04 23:25:12 Map: 6 done vs. 2 working, Reduce 0 done vs. 0 working
2024/03/04 23:25:13 Coordinator work
2024/03/04 23:25:13 Coordinator status 0
2024/03/04 23:25:13 Map: 6 done vs. 2 working, Reduce 0 done vs. 0 working
2024/03/04 23:25:14 Coordinator work
2024/03/04 23:25:14 Coordinator status 0
2024/03/04 23:25:14 Map: 6 done vs. 2 working, Reduce 0 done vs. 0 working
2024/03/04 23:25:14 Coordiantor restart Map order 1
2024/03/04 23:25:14 Coordinator work
2024/03/04 23:25:14 Coordinator status 0
2024/03/04 23:25:14 Coordinator work
2024/03/04 23:25:14 Coordinator status 0
2024/03/04 23:25:14 Map: 6 done vs. 2 working, Reduce 0 done vs. 0 working
2024/03/04 23:25:15 Coordinator work
2024/03/04 23:25:15 Coordinator status 0
2024/03/04 23:25:15 Map: 6 done vs. 2 working, Reduce 0 done vs. 0 working
2024/03/04 23:25:15 Coordiantor restart Map order 5
2024/03/04 23:25:16 Coordinator work
2024/03/04 23:25:16 Coordinator status 0
2024/03/04 23:25:16 Coordinator work
2024/03/04 23:25:16 Coordinator status 0
2024/03/04 23:25:16 Map: 6 done vs. 2 working, Reduce 0 done vs. 0 working
2024/03/04 23:25:17 Coordinator work
2024/03/04 23:25:17 Coordinator status 0
2024/03/04 23:25:17 Map: 6 done vs. 2 working, Reduce 0 done vs. 0 working
2024/03/04 23:25:18 IsDone &{0 2024-03-04 23:25:14.916769234 +0800 CST m=+23.184622444 0xc00009a420} true
2024/03/04 23:25:18 Order 1 finish Map
2024/03/04 23:25:18 Coordinator work
2024/03/04 23:25:18 Coordinator status 0
2024/03/04 23:25:18 Map: 7 done vs. 1 working, Reduce 0 done vs. 0 working
2024/03/04 23:25:19 Coordinator work
2024/03/04 23:25:19 Coordinator status 0
2024/03/04 23:25:19 Map: 7 done vs. 1 working, Reduce 0 done vs. 0 working
2024/03/04 23:25:19 Coordinator work
2024/03/04 23:25:19 Coordinator status 0
2024/03/04 23:25:19 Map: 7 done vs. 1 working, Reduce 0 done vs. 0 working
2024/03/04 23:25:20 IsDone &{0 2024-03-04 23:25:16.692482279 +0800 CST m=+24.960335495 0xc00009a660} true
2024/03/04 23:25:20 Order 5 finish Map
2024/03/04 23:25:20 Coordinator work
2024/03/04 23:25:20 Coordinator status 0
2024/03/04 23:25:20 Map: 8 done vs. 0 working, Reduce 0 done vs. 0 working
2024/03/04 23:25:20 forward: forward to Reuce Phase
2024/03/04 23:25:20 making reduce order : 8
2024/03/04 23:25:20 making reduce order : 9
2024/03/04 23:25:20 making reduce order : 10
2024/03/04 23:25:20 making reduce order : 11
2024/03/04 23:25:20 making reduce order : 12
2024/03/04 23:25:20 making reduce order : 13
2024/03/04 23:25:20 making reduce order : 14
2024/03/04 23:25:20 making reduce order : 15
2024/03/04 23:25:20 making reduce order : 16
2024/03/04 23:25:20 making reduce order : 17
2024/03/04 23:25:20 done with make reduce order
2024/03/04 23:25:20 Map: 8 done vs. 0 working, Reduce 0 done vs. 10 working
2024/03/04 23:25:21 Coordinator work
2024/03/04 23:25:21 Coordinator status 1
2024/03/04 23:25:21 Order 8 finish Reduce
2024/03/04 23:25:21 Coordinator work
2024/03/04 23:25:21 Coordinator status 1
2024/03/04 23:25:21 Order 9 finish Reduce
2024/03/04 23:25:21 Coordinator work
2024/03/04 23:25:21 Coordinator status 1
2024/03/04 23:25:21 Order 10 finish Reduce
2024/03/04 23:25:22 Coordinator work
2024/03/04 23:25:22 Coordinator status 1
2024/03/04 23:25:22 Order 11 finish Reduce
2024/03/04 23:25:22 Coordinator work
2024/03/04 23:25:22 Coordinator status 1
2024/03/04 23:25:22 Order 12 finish Reduce
2024/03/04 23:25:22 Coordinator work
2024/03/04 23:25:22 Coordinator status 1
2024/03/04 23:25:22 Coordinator work
2024/03/04 23:25:22 Coordinator status 1
2024/03/04 23:25:22 Order 14 finish Reduce
2024/03/04 23:25:23 Coordinator work
2024/03/04 23:25:23 Coordinator status 1
2024/03/04 23:25:23 Order 15 finish Reduce
2024/03/04 23:25:23 Coordinator work
2024/03/04 23:25:23 Coordinator status 1
2024/03/04 23:25:23 Order 16 finish Reduce
2024/03/04 23:25:23 Coordinator work
2024/03/04 23:25:23 Coordinator status 1
2024/03/04 23:25:23 Coordinator work
2024/03/04 23:25:23 Coordinator status 1
2024/03/04 23:25:23 Map: 8 done vs. 0 working, Reduce 8 done vs. 2 working
2024/03/04 23:25:24 Coordinator work
2024/03/04 23:25:24 Coordinator status 1
2024/03/04 23:25:24 Map: 8 done vs. 0 working, Reduce 8 done vs. 2 working
2024/03/04 23:25:24 Coordinator work
2024/03/04 23:25:24 Coordinator status 1
2024/03/04 23:25:24 Map: 8 done vs. 0 working, Reduce 8 done vs. 2 working
2024/03/04 23:25:24 Coordinator work
2024/03/04 23:25:24 Coordinator status 1
2024/03/04 23:25:24 Map: 8 done vs. 0 working, Reduce 8 done vs. 2 working
2024/03/04 23:25:25 Coordinator work
2024/03/04 23:25:25 Coordinator status 1
2024/03/04 23:25:25 Map: 8 done vs. 0 working, Reduce 8 done vs. 2 working
2024/03/04 23:25:26 Coordinator work
2024/03/04 23:25:26 Coordinator status 1
2024/03/04 23:25:26 Map: 8 done vs. 0 working, Reduce 8 done vs. 2 working
2024/03/04 23:25:26 Coordinator work
2024/03/04 23:25:26 Coordinator status 1
2024/03/04 23:25:26 Map: 8 done vs. 0 working, Reduce 8 done vs. 2 working
2024/03/04 23:25:26 Coordinator work
2024/03/04 23:25:26 Coordinator status 1
2024/03/04 23:25:26 Map: 8 done vs. 0 working, Reduce 8 done vs. 2 working
2024/03/04 23:25:27 Coordinator work
2024/03/04 23:25:27 Coordinator status 1
2024/03/04 23:25:27 Map: 8 done vs. 0 working, Reduce 8 done vs. 2 working
2024/03/04 23:25:28 Coordinator work
2024/03/04 23:25:28 Coordinator status 1
2024/03/04 23:25:28 Map: 8 done vs. 0 working, Reduce 8 done vs. 2 working
2024/03/04 23:25:28 Coordinator work
2024/03/04 23:25:28 Coordinator status 1
2024/03/04 23:25:28 Map: 8 done vs. 0 working, Reduce 8 done vs. 2 working
2024/03/04 23:25:28 Coordinator work
2024/03/04 23:25:28 Coordinator status 1
2024/03/04 23:25:28 Map: 8 done vs. 0 working, Reduce 8 done vs. 2 working
2024/03/04 23:25:29 Coordinator work
2024/03/04 23:25:29 Coordinator status 1
2024/03/04 23:25:29 Map: 8 done vs. 0 working, Reduce 8 done vs. 2 working
2024/03/04 23:25:30 Coordinator work
2024/03/04 23:25:30 Coordinator status 1
2024/03/04 23:25:30 Map: 8 done vs. 0 working, Reduce 8 done vs. 2 working
2024/03/04 23:25:30 Coordinator work
2024/03/04 23:25:30 Coordinator status 1
2024/03/04 23:25:30 Map: 8 done vs. 0 working, Reduce 8 done vs. 2 working
2024/03/04 23:25:30 Coordinator work
2024/03/04 23:25:30 Coordinator status 1
2024/03/04 23:25:30 Map: 8 done vs. 0 working, Reduce 8 done vs. 2 working
2024/03/04 23:25:31 Coordinator work
2024/03/04 23:25:31 Coordinator status 1
2024/03/04 23:25:31 Map: 8 done vs. 0 working, Reduce 8 done vs. 2 working
2024/03/04 23:25:32 Coordinator work
2024/03/04 23:25:32 Coordinator status 1
2024/03/04 23:25:32 Map: 8 done vs. 0 working, Reduce 8 done vs. 2 working
2024/03/04 23:25:32 Coordinator work
2024/03/04 23:25:32 Coordinator status 1
2024/03/04 23:25:32 Map: 8 done vs. 0 working, Reduce 8 done vs. 2 working
2024/03/04 23:25:32 Coordiantor restart Reduce order 13
2024/03/04 23:25:32 Coordinator work
2024/03/04 23:25:32 Coordinator status 1
2024/03/04 23:25:33 Coordiantor restart Reduce order 17
2024/03/04 23:25:33 Coordinator work
2024/03/04 23:25:33 Coordinator status 1
2024/03/04 23:25:33 Order 17 finish Reduce
2024/03/04 23:25:33 Coordinator work
2024/03/04 23:25:33 Coordinator status 1
2024/03/04 23:25:33 Map: 8 done vs. 0 working, Reduce 9 done vs. 1 working
2024/03/04 23:25:34 Coordinator work
2024/03/04 23:25:34 Coordinator status 1
2024/03/04 23:25:34 Map: 8 done vs. 0 working, Reduce 9 done vs. 1 working
2024/03/04 23:25:34 Coordinator work
2024/03/04 23:25:34 Coordinator status 1
2024/03/04 23:25:34 Map: 8 done vs. 0 working, Reduce 9 done vs. 1 working
2024/03/04 23:25:34 Coordinator work
2024/03/04 23:25:34 Coordinator status 1
2024/03/04 23:25:34 Map: 8 done vs. 0 working, Reduce 9 done vs. 1 working
2024/03/04 23:25:35 Coordinator work
2024/03/04 23:25:35 Coordinator status 1
2024/03/04 23:25:35 Map: 8 done vs. 0 working, Reduce 9 done vs. 1 working
2024/03/04 23:25:36 Coordinator work
2024/03/04 23:25:36 Coordinator status 1
2024/03/04 23:25:36 Map: 8 done vs. 0 working, Reduce 9 done vs. 1 working
2024/03/04 23:25:36 Coordinator work
2024/03/04 23:25:36 Coordinator status 1
2024/03/04 23:25:36 Map: 8 done vs. 0 working, Reduce 9 done vs. 1 working
2024/03/04 23:25:36 Coordinator work
2024/03/04 23:25:36 Coordinator status 1
2024/03/04 23:25:36 Map: 8 done vs. 0 working, Reduce 9 done vs. 1 working
2024/03/04 23:25:37 Coordinator work
2024/03/04 23:25:37 Coordinator status 1
2024/03/04 23:25:37 Map: 8 done vs. 0 working, Reduce 9 done vs. 1 working
2024/03/04 23:25:38 Coordinator work
2024/03/04 23:25:38 Coordinator status 1
2024/03/04 23:25:38 Map: 8 done vs. 0 working, Reduce 9 done vs. 1 working
2024/03/04 23:25:38 Coordinator work
2024/03/04 23:25:38 Coordinator status 1
2024/03/04 23:25:38 Map: 8 done vs. 0 working, Reduce 9 done vs. 1 working
2024/03/04 23:25:38 Coordinator work
2024/03/04 23:25:38 Coordinator status 1
2024/03/04 23:25:38 Map: 8 done vs. 0 working, Reduce 9 done vs. 1 working
2024/03/04 23:25:39 Coordinator work
2024/03/04 23:25:39 Coordinator status 1
2024/03/04 23:25:39 Map: 8 done vs. 0 working, Reduce 9 done vs. 1 working
2024/03/04 23:25:40 Coordinator work
2024/03/04 23:25:40 Coordinator status 1
2024/03/04 23:25:40 Map: 8 done vs. 0 working, Reduce 9 done vs. 1 working
2024/03/04 23:25:40 Coordinator work
2024/03/04 23:25:40 Coordinator status 1
2024/03/04 23:25:40 Map: 8 done vs. 0 working, Reduce 9 done vs. 1 working
2024/03/04 23:25:40 Coordinator work
2024/03/04 23:25:40 Coordinator status 1
2024/03/04 23:25:40 Map: 8 done vs. 0 working, Reduce 9 done vs. 1 working
2024/03/04 23:25:41 Coordinator work
2024/03/04 23:25:41 Coordinator status 1
2024/03/04 23:25:41 Map: 8 done vs. 0 working, Reduce 9 done vs. 1 working
2024/03/04 23:25:42 Coordinator work
2024/03/04 23:25:42 Coordinator status 1
2024/03/04 23:25:42 Map: 8 done vs. 0 working, Reduce 9 done vs. 1 working
2024/03/04 23:25:42 Coordinator work
2024/03/04 23:25:42 Coordinator status 1
2024/03/04 23:25:42 Map: 8 done vs. 0 working, Reduce 9 done vs. 1 working
2024/03/04 23:25:42 Coordinator work
2024/03/04 23:25:42 Coordinator status 1
2024/03/04 23:25:42 Map: 8 done vs. 0 working, Reduce 9 done vs. 1 working
2024/03/04 23:25:43 Coordiantor restart Reduce order 13
2024/03/04 23:25:43 Coordinator work
2024/03/04 23:25:43 Coordinator status 1
2024/03/04 23:25:44 Coordinator work
2024/03/04 23:25:44 Coordinator status 1
2024/03/04 23:25:44 Map: 8 done vs. 0 working, Reduce 9 done vs. 1 working
2024/03/04 23:25:44 Coordinator work
2024/03/04 23:25:44 Coordinator status 1
2024/03/04 23:25:44 Map: 8 done vs. 0 working, Reduce 9 done vs. 1 working
2024/03/04 23:25:44 Coordinator work
2024/03/04 23:25:44 Coordinator status 1
2024/03/04 23:25:44 Map: 8 done vs. 0 working, Reduce 9 done vs. 1 working
2024/03/04 23:25:45 Coordinator work
2024/03/04 23:25:45 Coordinator status 1
2024/03/04 23:25:45 Map: 8 done vs. 0 working, Reduce 9 done vs. 1 working
2024/03/04 23:25:46 Coordinator work
2024/03/04 23:25:46 Coordinator status 1
2024/03/04 23:25:46 Map: 8 done vs. 0 working, Reduce 9 done vs. 1 working
2024/03/04 23:25:46 Coordinator work
2024/03/04 23:25:46 Coordinator status 1
2024/03/04 23:25:46 Map: 8 done vs. 0 working, Reduce 9 done vs. 1 working
2024/03/04 23:25:46 Coordinator work
2024/03/04 23:25:46 Coordinator status 1
2024/03/04 23:25:46 Map: 8 done vs. 0 working, Reduce 9 done vs. 1 working
2024/03/04 23:25:47 Coordinator work
2024/03/04 23:25:47 Coordinator status 1
2024/03/04 23:25:47 Map: 8 done vs. 0 working, Reduce 9 done vs. 1 working
2024/03/04 23:25:48 Coordinator work
2024/03/04 23:25:48 Coordinator status 1
2024/03/04 23:25:48 Map: 8 done vs. 0 working, Reduce 9 done vs. 1 working
2024/03/04 23:25:48 Coordinator work
2024/03/04 23:25:48 Coordinator status 1
2024/03/04 23:25:48 Map: 8 done vs. 0 working, Reduce 9 done vs. 1 working
2024/03/04 23:25:48 Coordinator work
2024/03/04 23:25:48 Coordinator status 1
2024/03/04 23:25:48 Map: 8 done vs. 0 working, Reduce 9 done vs. 1 working
2024/03/04 23:25:49 Coordinator work
2024/03/04 23:25:49 Coordinator status 1
2024/03/04 23:25:49 Map: 8 done vs. 0 working, Reduce 9 done vs. 1 working
2024/03/04 23:25:50 Coordinator work
2024/03/04 23:25:50 Coordinator status 1
2024/03/04 23:25:50 Map: 8 done vs. 0 working, Reduce 9 done vs. 1 working
2024/03/04 23:25:50 Coordinator work
2024/03/04 23:25:50 Coordinator status 1
2024/03/04 23:25:50 Map: 8 done vs. 0 working, Reduce 9 done vs. 1 working
2024/03/04 23:25:50 Coordinator work
2024/03/04 23:25:50 Coordinator status 1
2024/03/04 23:25:50 Map: 8 done vs. 0 working, Reduce 9 done vs. 1 working
2024/03/04 23:25:51 Coordinator work
2024/03/04 23:25:51 Coordinator status 1
2024/03/04 23:25:51 Map: 8 done vs. 0 working, Reduce 9 done vs. 1 working
2024/03/04 23:25:52 Coordinator work
2024/03/04 23:25:52 Coordinator status 1
2024/03/04 23:25:52 Map: 8 done vs. 0 working, Reduce 9 done vs. 1 working
2024/03/04 23:25:52 Coordinator work
2024/03/04 23:25:52 Coordinator status 1
2024/03/04 23:25:52 Map: 8 done vs. 0 working, Reduce 9 done vs. 1 working
2024/03/04 23:25:52 Coordinator work
2024/03/04 23:25:52 Coordinator status 1
2024/03/04 23:25:52 Map: 8 done vs. 0 working, Reduce 9 done vs. 1 working
2024/03/04 23:25:53 Coordinator work
2024/03/04 23:25:53 Coordinator status 1
2024/03/04 23:25:53 Map: 8 done vs. 0 working, Reduce 9 done vs. 1 working
2024/03/04 23:25:54 Coordinator work
2024/03/04 23:25:54 Coordinator status 1
2024/03/04 23:25:54 Map: 8 done vs. 0 working, Reduce 9 done vs. 1 working
2024/03/04 23:25:54 Coordinator work
2024/03/04 23:25:54 Coordinator status 1
2024/03/04 23:25:54 Map: 8 done vs. 0 working, Reduce 9 done vs. 1 working
2024/03/04 23:25:54 Coordiantor restart Reduce order 13
2024/03/04 23:25:54 Coordinator work
2024/03/04 23:25:54 Coordinator status 1
2024/03/04 23:25:54 Order 13 finish Reduce
2024/03/04 23:25:55 Coordinator work
2024/03/04 23:25:55 Coordinator status 1
2024/03/04 23:25:55 Map: 8 done vs. 0 working, Reduce 10 done vs. 0 working
2024/03/04 23:25:55 forward: forward to done phase
2024/03/04 23:25:55 Coordinator work
2024/03/04 23:25:55 Coordinator status 2
2024/03/04 23:25:56 Coordinator work
2024/03/04 23:25:56 Coordinator status 2
2024/03/04 23:25:56 Coordinator work
2024/03/04 23:25:56 Coordinator status 2
