2024/03/05 12:45:39 making map order &{0 [../pg-being_ernest.txt] 0 10}
2024/03/05 12:45:39 making map order &{0 [../pg-dorian_gray.txt] 1 10}
2024/03/05 12:45:39 making map order &{0 [../pg-frankenstein.txt] 2 10}
2024/03/05 12:45:39 making map order &{0 [../pg-grimm.txt] 3 10}
2024/03/05 12:45:39 making map order &{0 [../pg-huckleberry_finn.txt] 4 10}
2024/03/05 12:45:39 making map order &{0 [../pg-metamorphosis.txt] 5 10}
2024/03/05 12:45:39 making map order &{0 [../pg-sherlock_holmes.txt] 6 10}
2024/03/05 12:45:39 making map order &{0 [../pg-tom_sawyer.txt] 7 10}
2024/03/05 12:45:39 done with make map order
2024/03/05 12:45:39 Map: 0 done vs. 8 working, Reduce 0 done vs. 0 working
2024/03/05 12:45:40 Coordinator work
2024/03/05 12:45:40 Coordinator status 0
2024/03/05 12:45:40 Coordinator work
2024/03/05 12:45:40 Coordinator status 0
2024/03/05 12:45:40 Coordinator work
2024/03/05 12:45:40 Coordinator status 0
2024/03/05 12:45:40 Coordinator work
2024/03/05 12:45:40 Coordinator status 0
2024/03/05 12:45:40 IsDone &{0 2024-03-05 12:45:40.343146818 +0800 CST m=+1.060232542 0xc00011a000} true
2024/03/05 12:45:40 Order 2 finish Map
2024/03/05 12:45:40 IsDone &{0 2024-03-05 12:45:40.354720537 +0800 CST m=+1.071806282 0xc00011a090} true
2024/03/05 12:45:40 Order 3 finish Map
2024/03/05 12:45:41 Coordinator work
2024/03/05 12:45:41 Coordinator status 0
2024/03/05 12:45:41 Coordinator work
2024/03/05 12:45:41 Coordinator status 0
2024/03/05 12:45:41 Coordinator work
2024/03/05 12:45:41 Coordinator status 0
2024/03/05 12:45:41 IsDone &{0 2024-03-05 12:45:41.390220668 +0800 CST m=+2.107306392 0xc00011a240} true
2024/03/05 12:45:41 Order 6 finish Map
2024/03/05 12:45:41 Coordinator work
2024/03/05 12:45:41 Coordinator status 0
2024/03/05 12:45:42 Coordinator work
2024/03/05 12:45:42 Coordinator status 0
2024/03/05 12:45:42 Map: 3 done vs. 5 working, Reduce 0 done vs. 0 working
2024/03/05 12:45:42 Coordinator work
2024/03/05 12:45:42 Coordinator status 0
2024/03/05 12:45:42 Map: 3 done vs. 5 working, Reduce 0 done vs. 0 working
2024/03/05 12:45:44 Coordinator work
2024/03/05 12:45:44 Coordinator status 0
2024/03/05 12:45:44 Map: 3 done vs. 5 working, Reduce 0 done vs. 0 working
2024/03/05 12:45:44 Coordinator work
2024/03/05 12:45:44 Coordinator status 0
2024/03/05 12:45:44 Map: 3 done vs. 5 working, Reduce 0 done vs. 0 working
2024/03/05 12:45:45 IsDone &{0 2024-03-05 12:45:41.421383818 +0800 CST m=+2.138469539 0xc00011a2d0} true
2024/03/05 12:45:45 Order 7 finish Map
2024/03/05 12:45:46 Coordinator work
2024/03/05 12:45:46 Coordinator status 0
2024/03/05 12:45:46 Map: 4 done vs. 4 working, Reduce 0 done vs. 0 working
2024/03/05 12:45:46 Coordinator work
2024/03/05 12:45:46 Coordinator status 0
2024/03/05 12:45:46 Map: 4 done vs. 4 working, Reduce 0 done vs. 0 working
2024/03/05 12:45:46 Coordinator work
2024/03/05 12:45:46 Coordinator status 0
2024/03/05 12:45:46 Map: 4 done vs. 4 working, Reduce 0 done vs. 0 working
2024/03/05 12:45:48 Coordinator work
2024/03/05 12:45:48 Coordinator status 0
2024/03/05 12:45:48 Map: 4 done vs. 4 working, Reduce 0 done vs. 0 working
2024/03/05 12:45:48 Coordinator work
2024/03/05 12:45:48 Coordinator status 0
2024/03/05 12:45:48 Map: 4 done vs. 4 working, Reduce 0 done vs. 0 working
2024/03/05 12:45:48 Coordinator work
2024/03/05 12:45:48 Coordinator status 0
2024/03/05 12:45:48 Map: 4 done vs. 4 working, Reduce 0 done vs. 0 working
2024/03/05 12:45:50 Coordinator work
2024/03/05 12:45:50 Coordinator status 0
2024/03/05 12:45:50 Map: 4 done vs. 4 working, Reduce 0 done vs. 0 working
2024/03/05 12:45:50 Coordinator work
2024/03/05 12:45:50 Coordinator status 0
2024/03/05 12:45:50 Map: 4 done vs. 4 working, Reduce 0 done vs. 0 working
2024/03/05 12:45:50 Coordinator work
2024/03/05 12:45:50 Coordinator status 0
2024/03/05 12:45:50 Map: 4 done vs. 4 working, Reduce 0 done vs. 0 working
2024/03/05 12:45:51 Coordiantor restart Map order 1
2024/03/05 12:45:51 Coordiantor restart Map order 0
2024/03/05 12:45:52 Coordiantor restart Map order 5
2024/03/05 12:45:52 Coordiantor restart Map order 4
2024/03/05 12:45:52 Coordinator work
2024/03/05 12:45:52 Coordinator status 0
2024/03/05 12:45:52 Coordinator work
2024/03/05 12:45:52 Coordinator status 0
2024/03/05 12:45:52 Coordinator work
2024/03/05 12:45:52 Coordinator status 0
2024/03/05 12:45:53 Coordinator work
2024/03/05 12:45:53 Coordinator status 0
2024/03/05 12:45:58 IsDone &{0 2024-03-05 12:45:52.449478825 +0800 CST m=+13.166564545 0xc00009dec0} true
2024/03/05 12:45:58 Order 0 finish Map
2024/03/05 12:45:59 Coordinator work
2024/03/05 12:45:59 Coordinator status 0
2024/03/05 12:45:59 Map: 5 done vs. 3 working, Reduce 0 done vs. 0 working
2024/03/05 12:46:01 Coordinator work
2024/03/05 12:46:01 Coordinator status 0
2024/03/05 12:46:01 Map: 5 done vs. 3 working, Reduce 0 done vs. 0 working
2024/03/05 12:46:02 IsDone &{0 2024-03-05 12:45:52.433368773 +0800 CST m=+13.150454492 0xc00009df50} true
2024/03/05 12:46:02 Order 1 finish Map
2024/03/05 12:46:03 Coordinator work
2024/03/05 12:46:03 Coordinator status 0
2024/03/05 12:46:03 Map: 6 done vs. 2 working, Reduce 0 done vs. 0 working
2024/03/05 12:46:03 Coordinator work
2024/03/05 12:46:03 Coordinator status 0
2024/03/05 12:46:03 Map: 6 done vs. 2 working, Reduce 0 done vs. 0 working
2024/03/05 12:46:03 Coordiantor restart Map order 5
2024/03/05 12:46:03 IsDone &{0 2024-03-05 12:45:53.485279904 +0800 CST m=+14.202365620 0xc00011a120} true
2024/03/05 12:46:03 Order 4 finish Map
2024/03/05 12:46:04 Coordinator work
2024/03/05 12:46:04 Coordinator status 0
2024/03/05 12:46:05 Coordinator work
2024/03/05 12:46:05 Coordinator status 0
2024/03/05 12:46:05 Map: 7 done vs. 1 working, Reduce 0 done vs. 0 working
2024/03/05 12:46:05 Coordinator work
2024/03/05 12:46:05 Coordinator status 0
2024/03/05 12:46:05 Map: 7 done vs. 1 working, Reduce 0 done vs. 0 working
2024/03/05 12:46:06 IsDone &{0 2024-03-05 12:46:04.355619194 +0800 CST m=+25.072704917 0xc00011a1b0} true
2024/03/05 12:46:06 Order 5 finish Map
2024/03/05 12:46:07 Coordinator work
2024/03/05 12:46:07 Coordinator status 0
2024/03/05 12:46:07 Map: 8 done vs. 0 working, Reduce 0 done vs. 0 working
2024/03/05 12:46:07 forward: forward to Reuce Phase
2024/03/05 12:46:07 making reduce order : 8
2024/03/05 12:46:07 making reduce order : 9
2024/03/05 12:46:07 making reduce order : 10
2024/03/05 12:46:07 making reduce order : 11
2024/03/05 12:46:07 making reduce order : 12
2024/03/05 12:46:07 making reduce order : 13
2024/03/05 12:46:07 making reduce order : 14
2024/03/05 12:46:07 making reduce order : 15
2024/03/05 12:46:07 making reduce order : 16
2024/03/05 12:46:07 making reduce order : 17
2024/03/05 12:46:07 done with make reduce order
2024/03/05 12:46:07 Map: 8 done vs. 0 working, Reduce 0 done vs. 10 working
2024/03/05 12:46:07 Coordinator work
2024/03/05 12:46:07 Coordinator status 1
2024/03/05 12:46:07 Coordinator work
2024/03/05 12:46:07 Coordinator status 1
2024/03/05 12:46:07 Order 9 finish Reduce
2024/03/05 12:46:08 Coordinator work
2024/03/05 12:46:08 Coordinator status 1
2024/03/05 12:46:09 Coordinator work
2024/03/05 12:46:09 Coordinator status 1
2024/03/05 12:46:09 Order 11 finish Reduce
2024/03/05 12:46:10 Coordinator work
2024/03/05 12:46:10 Coordinator status 1
2024/03/05 12:46:10 Order 12 finish Reduce
2024/03/05 12:46:10 Order 10 finish Reduce
2024/03/05 12:46:11 Coordinator work
2024/03/05 12:46:11 Coordinator status 1
2024/03/05 12:46:11 Coordinator work
2024/03/05 12:46:11 Coordinator status 1
2024/03/05 12:46:11 Order 14 finish Reduce
2024/03/05 12:46:12 Coordinator work
2024/03/05 12:46:12 Coordinator status 1
2024/03/05 12:46:12 Order 15 finish Reduce
2024/03/05 12:46:12 Order 13 finish Reduce
2024/03/05 12:46:13 Coordinator work
2024/03/05 12:46:13 Coordinator status 1
2024/03/05 12:46:13 Order 16 finish Reduce
2024/03/05 12:46:13 Coordinator work
2024/03/05 12:46:13 Coordinator status 1
2024/03/05 12:46:14 Coordinator work
2024/03/05 12:46:14 Coordinator status 1
2024/03/05 12:46:14 Map: 8 done vs. 0 working, Reduce 8 done vs. 2 working
2024/03/05 12:46:14 Coordinator work
2024/03/05 12:46:14 Coordinator status 1
2024/03/05 12:46:14 Map: 8 done vs. 0 working, Reduce 8 done vs. 2 working
2024/03/05 12:46:16 Coordinator work
2024/03/05 12:46:16 Coordinator status 1
2024/03/05 12:46:16 Map: 8 done vs. 0 working, Reduce 8 done vs. 2 working
2024/03/05 12:46:16 Coordinator work
2024/03/05 12:46:16 Coordinator status 1
2024/03/05 12:46:16 Map: 8 done vs. 0 working, Reduce 8 done vs. 2 working
2024/03/05 12:46:17 Order 8 finish Reduce
2024/03/05 12:46:18 Coordinator work
2024/03/05 12:46:18 Coordinator status 1
2024/03/05 12:46:18 Map: 8 done vs. 0 working, Reduce 9 done vs. 1 working
2024/03/05 12:46:18 Coordinator work
2024/03/05 12:46:18 Coordinator status 1
2024/03/05 12:46:18 Map: 8 done vs. 0 working, Reduce 9 done vs. 1 working
2024/03/05 12:46:18 Coordinator work
2024/03/05 12:46:18 Coordinator status 1
2024/03/05 12:46:18 Map: 8 done vs. 0 working, Reduce 9 done vs. 1 working
2024/03/05 12:46:20 Coordinator work
2024/03/05 12:46:20 Coordinator status 1
2024/03/05 12:46:20 Map: 8 done vs. 0 working, Reduce 9 done vs. 1 working
2024/03/05 12:46:20 Coordinator work
2024/03/05 12:46:20 Coordinator status 1
2024/03/05 12:46:20 Map: 8 done vs. 0 working, Reduce 9 done vs. 1 working
2024/03/05 12:46:20 Coordinator work
2024/03/05 12:46:20 Coordinator status 1
2024/03/05 12:46:20 Map: 8 done vs. 0 working, Reduce 9 done vs. 1 working
2024/03/05 12:46:22 Coordinator work
2024/03/05 12:46:22 Coordinator status 1
2024/03/05 12:46:22 Map: 8 done vs. 0 working, Reduce 9 done vs. 1 working
2024/03/05 12:46:22 Coordinator work
2024/03/05 12:46:22 Coordinator status 1
2024/03/05 12:46:22 Map: 8 done vs. 0 working, Reduce 9 done vs. 1 working
2024/03/05 12:46:22 Coordinator work
2024/03/05 12:46:22 Coordinator status 1
2024/03/05 12:46:22 Map: 8 done vs. 0 working, Reduce 9 done vs. 1 working
2024/03/05 12:46:24 Coordinator work
2024/03/05 12:46:24 Coordinator status 1
2024/03/05 12:46:24 Map: 8 done vs. 0 working, Reduce 9 done vs. 1 working
2024/03/05 12:46:24 Coordiantor restart Reduce order 17
2024/03/05 12:46:24 Coordinator work
2024/03/05 12:46:24 Coordinator status 1
2024/03/05 12:46:24 Order 17 finish Reduce
2024/03/05 12:46:24 Coordinator work
2024/03/05 12:46:24 Coordinator status 1
2024/03/05 12:46:24 Map: 8 done vs. 0 working, Reduce 10 done vs. 0 working
2024/03/05 12:46:24 forward: forward to done phase
2024/03/05 12:46:25 Coordinator work
2024/03/05 12:46:25 Coordinator status 2
2024/03/05 12:46:26 Coordinator work
2024/03/05 12:46:26 Coordinator status 2
