2024/03/05 05:42:02 making map order &{0 [../pg-being_ernest.txt] 0 10}
2024/03/05 05:42:02 making map order &{0 [../pg-dorian_gray.txt] 1 10}
2024/03/05 05:42:02 making map order &{0 [../pg-frankenstein.txt] 2 10}
2024/03/05 05:42:02 making map order &{0 [../pg-grimm.txt] 3 10}
2024/03/05 05:42:02 making map order &{0 [../pg-huckleberry_finn.txt] 4 10}
2024/03/05 05:42:02 making map order &{0 [../pg-metamorphosis.txt] 5 10}
2024/03/05 05:42:02 making map order &{0 [../pg-sherlock_holmes.txt] 6 10}
2024/03/05 05:42:02 making map order &{0 [../pg-tom_sawyer.txt] 7 10}
2024/03/05 05:42:02 done with make map order
2024/03/05 05:42:02 Map: 0 done vs. 8 working, Reduce 0 done vs. 0 working
2024/03/05 05:42:03 Coordinator work
2024/03/05 05:42:03 Coordinator status 0
2024/03/05 05:42:03 Coordinator work
2024/03/05 05:42:03 Coordinator status 0
2024/03/05 05:42:04 IsDone &{0 2024-03-05 05:42:03.233671453 +0800 CST m=+1.013782749 0xc00007bdd0} true
2024/03/05 05:42:04 Order 0 finish Map
2024/03/05 05:42:04 IsDone &{0 2024-03-05 05:42:03.235085776 +0800 CST m=+1.015197071 0xc00007be60} true
2024/03/05 05:42:04 Order 1 finish Map
2024/03/05 05:42:05 Coordinator work
2024/03/05 05:42:05 Coordinator status 0
2024/03/05 05:42:05 Coordinator work
2024/03/05 05:42:05 Coordinator status 0
2024/03/05 05:42:06 IsDone &{0 2024-03-05 05:42:05.246086108 +0800 CST m=+3.026197422 0xc00007bef0} true
2024/03/05 05:42:06 Order 2 finish Map
2024/03/05 05:42:06 IsDone &{0 2024-03-05 05:42:05.252279835 +0800 CST m=+3.032391132 0xc00007bf80} true
2024/03/05 05:42:06 Order 3 finish Map
2024/03/05 05:42:07 Coordinator work
2024/03/05 05:42:07 Coordinator status 0
2024/03/05 05:42:07 Coordinator work
2024/03/05 05:42:07 Coordinator status 0
2024/03/05 05:42:08 IsDone &{0 2024-03-05 05:42:07.270762493 +0800 CST m=+5.050873790 0xc00016a0c0} true
2024/03/05 05:42:08 Order 5 finish Map
2024/03/05 05:42:08 IsDone &{0 2024-03-05 05:42:07.269246792 +0800 CST m=+5.049358089 0xc00016a030} true
2024/03/05 05:42:08 Order 4 finish Map
2024/03/05 05:42:09 Coordinator work
2024/03/05 05:42:09 Coordinator status 0
2024/03/05 05:42:09 Coordinator work
2024/03/05 05:42:09 Coordinator status 0
2024/03/05 05:42:10 IsDone &{0 2024-03-05 05:42:09.281764135 +0800 CST m=+7.061875433 0xc00016a150} true
2024/03/05 05:42:10 Order 6 finish Map
2024/03/05 05:42:10 IsDone &{0 2024-03-05 05:42:09.295710224 +0800 CST m=+7.075821517 0xc00016a1e0} true
2024/03/05 05:42:10 Order 7 finish Map
2024/03/05 05:42:11 Coordinator work
2024/03/05 05:42:11 Coordinator status 0
2024/03/05 05:42:11 Map: 8 done vs. 0 working, Reduce 0 done vs. 0 working
2024/03/05 05:42:11 forward: forward to Reuce Phase
2024/03/05 05:42:11 making reduce order : 8
2024/03/05 05:42:11 making reduce order : 9
2024/03/05 05:42:11 making reduce order : 10
2024/03/05 05:42:11 making reduce order : 11
2024/03/05 05:42:11 making reduce order : 12
2024/03/05 05:42:11 making reduce order : 13
2024/03/05 05:42:11 making reduce order : 14
2024/03/05 05:42:11 making reduce order : 15
2024/03/05 05:42:11 making reduce order : 16
2024/03/05 05:42:11 making reduce order : 17
2024/03/05 05:42:11 done with make reduce order
2024/03/05 05:42:11 Map: 8 done vs. 0 working, Reduce 0 done vs. 10 working
2024/03/05 05:42:11 Coordinator work
2024/03/05 05:42:11 Coordinator status 1
2024/03/05 05:42:11 Order 8 finish Reduce
2024/03/05 05:42:12 Coordinator work
2024/03/05 05:42:12 Coordinator status 1
2024/03/05 05:42:12 Order 9 finish Reduce
2024/03/05 05:42:13 Coordinator work
2024/03/05 05:42:13 Coordinator status 1
2024/03/05 05:42:13 Order 10 finish Reduce
2024/03/05 05:42:13 Coordinator work
2024/03/05 05:42:13 Coordinator status 1
2024/03/05 05:42:13 Order 11 finish Reduce
2024/03/05 05:42:14 Coordinator work
2024/03/05 05:42:14 Coordinator status 1
2024/03/05 05:42:14 Order 12 finish Reduce
2024/03/05 05:42:14 Coordinator work
2024/03/05 05:42:14 Coordinator status 1
2024/03/05 05:42:14 Order 13 finish Reduce
2024/03/05 05:42:15 Coordinator work
2024/03/05 05:42:15 Coordinator status 1
2024/03/05 05:42:15 Order 14 finish Reduce
2024/03/05 05:42:15 Coordinator work
2024/03/05 05:42:15 Coordinator status 1
2024/03/05 05:42:15 Order 15 finish Reduce
2024/03/05 05:42:16 Coordinator work
2024/03/05 05:42:16 Coordinator status 1
2024/03/05 05:42:16 Order 16 finish Reduce
2024/03/05 05:42:16 Coordinator work
2024/03/05 05:42:16 Coordinator status 1
2024/03/05 05:42:16 Order 17 finish Reduce
2024/03/05 05:42:17 Coordinator work
2024/03/05 05:42:17 Coordinator status 1
2024/03/05 05:42:17 Map: 8 done vs. 0 working, Reduce 10 done vs. 0 working
2024/03/05 05:42:17 forward: forward to done phase
2024/03/05 05:42:17 Coordinator work
2024/03/05 05:42:17 Coordinator status 2
