2024/03/05 06:51:07 making map order &{0 [../pg-being_ernest.txt] 0 10}
2024/03/05 06:51:07 making map order &{0 [../pg-dorian_gray.txt] 1 10}
2024/03/05 06:51:07 making map order &{0 [../pg-frankenstein.txt] 2 10}
2024/03/05 06:51:07 making map order &{0 [../pg-grimm.txt] 3 10}
2024/03/05 06:51:07 making map order &{0 [../pg-huckleberry_finn.txt] 4 10}
2024/03/05 06:51:07 making map order &{0 [../pg-metamorphosis.txt] 5 10}
2024/03/05 06:51:07 making map order &{0 [../pg-sherlock_holmes.txt] 6 10}
2024/03/05 06:51:07 making map order &{0 [../pg-tom_sawyer.txt] 7 10}
2024/03/05 06:51:07 done with make map order
2024/03/05 06:51:07 Map: 0 done vs. 8 working, Reduce 0 done vs. 0 working
2024/03/05 06:51:08 Coordinator work
2024/03/05 06:51:08 Coordinator status 0
2024/03/05 06:51:08 Coordinator work
2024/03/05 06:51:08 Coordinator status 0
2024/03/05 06:51:08 Coordinator work
2024/03/05 06:51:08 Coordinator status 0
2024/03/05 06:51:09 IsDone &{0 2024-03-05 06:51:08.962402184 +0800 CST m=+1.018493727 0xc00009de00} true
2024/03/05 06:51:09 Order 0 finish Map
2024/03/05 06:51:10 IsDone &{0 2024-03-05 06:51:08.97897279 +0800 CST m=+1.035064334 0xc00009df20} true
2024/03/05 06:51:10 Order 2 finish Map
2024/03/05 06:51:10 Coordinator work
2024/03/05 06:51:10 Coordinator status 0
2024/03/05 06:51:10 IsDone &{0 2024-03-05 06:51:08.971069506 +0800 CST m=+1.027161051 0xc00009de90} true
2024/03/05 06:51:10 Order 1 finish Map
2024/03/05 06:51:11 Coordinator work
2024/03/05 06:51:11 Coordinator status 0
2024/03/05 06:51:11 Coordinator work
2024/03/05 06:51:11 Coordinator status 0
2024/03/05 06:51:12 IsDone &{0 2024-03-05 06:51:10.676385521 +0800 CST m=+2.732477056 0xc00009dfb0} true
2024/03/05 06:51:12 Order 3 finish Map
2024/03/05 06:51:12 IsDone &{0 2024-03-05 06:51:11.698768416 +0800 CST m=+3.754859954 0xc00011a0f0} true
2024/03/05 06:51:12 Order 5 finish Map
2024/03/05 06:51:13 Coordinator work
2024/03/05 06:51:13 Coordinator status 0
2024/03/05 06:51:13 Coordinator work
2024/03/05 06:51:13 Coordinator status 0
2024/03/05 06:51:14 IsDone &{0 2024-03-05 06:51:11.613303473 +0800 CST m=+3.669395010 0xc00011a060} true
2024/03/05 06:51:14 Order 4 finish Map
2024/03/05 06:51:15 Coordinator work
2024/03/05 06:51:15 Coordinator status 0
2024/03/05 06:51:15 Map: 6 done vs. 2 working, Reduce 0 done vs. 0 working
2024/03/05 06:51:15 IsDone &{0 2024-03-05 06:51:13.359860201 +0800 CST m=+5.415951756 0xc00011a210} true
2024/03/05 06:51:15 Order 7 finish Map
2024/03/05 06:51:15 IsDone &{0 2024-03-05 06:51:13.330781565 +0800 CST m=+5.386873105 0xc00011a180} true
2024/03/05 06:51:15 Order 6 finish Map
2024/03/05 06:51:16 Coordinator work
2024/03/05 06:51:16 Coordinator status 0
2024/03/05 06:51:16 Map: 8 done vs. 0 working, Reduce 0 done vs. 0 working
2024/03/05 06:51:16 forward: forward to Reuce Phase
2024/03/05 06:51:16 making reduce order : 8
2024/03/05 06:51:16 making reduce order : 9
2024/03/05 06:51:16 making reduce order : 10
2024/03/05 06:51:16 making reduce order : 11
2024/03/05 06:51:16 making reduce order : 12
2024/03/05 06:51:16 making reduce order : 13
2024/03/05 06:51:16 making reduce order : 14
2024/03/05 06:51:16 making reduce order : 15
2024/03/05 06:51:16 making reduce order : 16
2024/03/05 06:51:16 making reduce order : 17
2024/03/05 06:51:16 done with make reduce order
2024/03/05 06:51:16 Map: 8 done vs. 0 working, Reduce 0 done vs. 10 working
2024/03/05 06:51:16 Coordinator work
2024/03/05 06:51:16 Coordinator status 1
2024/03/05 06:51:17 Order 8 finish Reduce
2024/03/05 06:51:17 Coordinator work
2024/03/05 06:51:17 Coordinator status 1
2024/03/05 06:51:17 Order 9 finish Reduce
2024/03/05 06:51:18 Coordinator work
2024/03/05 06:51:18 Coordinator status 1
2024/03/05 06:51:18 Coordinator work
2024/03/05 06:51:18 Coordinator status 1
2024/03/05 06:51:18 Coordinator work
2024/03/05 06:51:18 Coordinator status 1
2024/03/05 06:51:19 Order 11 finish Reduce
2024/03/05 06:51:19 Order 10 finish Reduce
2024/03/05 06:51:19 Order 12 finish Reduce
2024/03/05 06:51:20 Coordinator work
2024/03/05 06:51:20 Coordinator status 1
2024/03/05 06:51:20 Coordinator work
2024/03/05 06:51:20 Coordinator status 1
2024/03/05 06:51:20 Coordinator work
2024/03/05 06:51:20 Coordinator status 1
2024/03/05 06:51:20 Order 13 finish Reduce
2024/03/05 06:51:21 Order 15 finish Reduce
2024/03/05 06:51:21 Coordinator work
2024/03/05 06:51:21 Coordinator status 1
2024/03/05 06:51:21 Order 14 finish Reduce
2024/03/05 06:51:22 Coordinator work
2024/03/05 06:51:22 Coordinator status 1
2024/03/05 06:51:22 Order 16 finish Reduce
2024/03/05 06:51:22 Coordinator work
2024/03/05 06:51:22 Coordinator status 1
2024/03/05 06:51:22 Map: 8 done vs. 0 working, Reduce 9 done vs. 1 working
2024/03/05 06:51:23 Order 17 finish Reduce
2024/03/05 06:51:23 Coordinator work
2024/03/05 06:51:23 Coordinator status 1
2024/03/05 06:51:23 Map: 8 done vs. 0 working, Reduce 10 done vs. 0 working
2024/03/05 06:51:23 forward: forward to done phase
2024/03/05 06:51:24 Coordinator work
2024/03/05 06:51:24 Coordinator status 2
2024/03/05 06:51:24 Coordinator work
2024/03/05 06:51:24 Coordinator status 2
