2024/03/05 06:27:50 making map order &{0 [../pg-being_ernest.txt] 0 10}
2024/03/05 06:27:50 making map order &{0 [../pg-dorian_gray.txt] 1 10}
2024/03/05 06:27:50 making map order &{0 [../pg-frankenstein.txt] 2 10}
2024/03/05 06:27:50 making map order &{0 [../pg-grimm.txt] 3 10}
2024/03/05 06:27:50 making map order &{0 [../pg-huckleberry_finn.txt] 4 10}
2024/03/05 06:27:50 making map order &{0 [../pg-metamorphosis.txt] 5 10}
2024/03/05 06:27:50 making map order &{0 [../pg-sherlock_holmes.txt] 6 10}
2024/03/05 06:27:50 making map order &{0 [../pg-tom_sawyer.txt] 7 10}
2024/03/05 06:27:50 done with make map order
2024/03/05 06:27:50 Map: 0 done vs. 8 working, Reduce 0 done vs. 0 working
2024/03/05 06:27:51 Coordinator work
2024/03/05 06:27:51 Coordinator status 0
2024/03/05 06:27:51 Coordinator work
2024/03/05 06:27:51 Coordinator status 0
2024/03/05 06:27:51 Coordinator work
2024/03/05 06:27:51 Coordinator status 0
2024/03/05 06:27:51 IsDone &{0 2024-03-05 06:27:51.394617971 +0800 CST m=+1.061641017 0xc00009df20} true
2024/03/05 06:27:51 Order 0 finish Map
2024/03/05 06:27:51 IsDone &{0 2024-03-05 06:27:51.396242857 +0800 CST m=+1.063265904 0xc00011a060} true
2024/03/05 06:27:51 Order 2 finish Map
2024/03/05 06:27:51 IsDone &{0 2024-03-05 06:27:51.395739793 +0800 CST m=+1.062762838 0xc00009dfb0} true
2024/03/05 06:27:51 Order 1 finish Map
2024/03/05 06:27:52 Coordinator work
2024/03/05 06:27:52 Coordinator status 0
2024/03/05 06:27:52 Coordinator work
2024/03/05 06:27:52 Coordinator status 0
2024/03/05 06:27:52 Coordinator work
2024/03/05 06:27:52 Coordinator status 0
2024/03/05 06:27:52 IsDone &{0 2024-03-05 06:27:52.424972261 +0800 CST m=+2.091995306 0xc00011a210} true
2024/03/05 06:27:52 Order 5 finish Map
2024/03/05 06:27:52 IsDone &{0 2024-03-05 06:27:52.411647165 +0800 CST m=+2.078670213 0xc00011a0f0} true
2024/03/05 06:27:52 Order 3 finish Map
2024/03/05 06:27:52 IsDone &{0 2024-03-05 06:27:52.419614748 +0800 CST m=+2.086637793 0xc00011a180} true
2024/03/05 06:27:52 Order 4 finish Map
2024/03/05 06:27:53 Coordinator work
2024/03/05 06:27:53 Coordinator status 0
2024/03/05 06:27:53 Coordinator work
2024/03/05 06:27:53 Coordinator status 0
2024/03/05 06:27:53 Coordinator work
2024/03/05 06:27:53 Coordinator status 0
2024/03/05 06:27:53 Map: 6 done vs. 2 working, Reduce 0 done vs. 0 working
2024/03/05 06:27:53 IsDone &{0 2024-03-05 06:27:53.43261213 +0800 CST m=+3.099635173 0xc00011a2a0} true
2024/03/05 06:27:53 Order 6 finish Map
2024/03/05 06:27:53 IsDone &{0 2024-03-05 06:27:53.445840425 +0800 CST m=+3.112863476 0xc00011a330} true
2024/03/05 06:27:53 Order 7 finish Map
2024/03/05 06:27:54 Coordinator work
2024/03/05 06:27:54 Coordinator status 0
2024/03/05 06:27:54 Map: 8 done vs. 0 working, Reduce 0 done vs. 0 working
2024/03/05 06:27:54 forward: forward to Reuce Phase
2024/03/05 06:27:54 making reduce order : 8
2024/03/05 06:27:54 making reduce order : 9
2024/03/05 06:27:54 making reduce order : 10
2024/03/05 06:27:54 making reduce order : 11
2024/03/05 06:27:54 making reduce order : 12
2024/03/05 06:27:54 making reduce order : 13
2024/03/05 06:27:54 making reduce order : 14
2024/03/05 06:27:54 making reduce order : 15
2024/03/05 06:27:54 making reduce order : 16
2024/03/05 06:27:54 making reduce order : 17
2024/03/05 06:27:54 done with make reduce order
2024/03/05 06:27:54 Map: 8 done vs. 0 working, Reduce 0 done vs. 10 working
2024/03/05 06:27:54 Coordinator work
2024/03/05 06:27:54 Coordinator status 1
2024/03/05 06:27:54 Order 8 finish Reduce
2024/03/05 06:27:55 Coordinator work
2024/03/05 06:27:55 Coordinator status 1
2024/03/05 06:27:55 Order 9 finish Reduce
2024/03/05 06:27:55 Coordinator work
2024/03/05 06:27:55 Coordinator status 1
2024/03/05 06:27:56 Coordinator work
2024/03/05 06:27:56 Coordinator status 1
2024/03/05 06:27:56 Order 11 finish Reduce
2024/03/05 06:27:56 Coordinator work
2024/03/05 06:27:56 Coordinator status 1
2024/03/05 06:27:56 Order 12 finish Reduce
2024/03/05 06:27:57 Coordinator work
2024/03/05 06:27:57 Coordinator status 1
2024/03/05 06:27:57 Order 13 finish Reduce
2024/03/05 06:27:57 Coordinator work
2024/03/05 06:27:57 Coordinator status 1
2024/03/05 06:27:58 Coordinator work
2024/03/05 06:27:58 Coordinator status 1
2024/03/05 06:27:58 Order 15 finish Reduce
2024/03/05 06:27:58 Order 10 finish Reduce
2024/03/05 06:27:59 Coordinator work
2024/03/05 06:27:59 Coordinator status 1
2024/03/05 06:27:59 Order 16 finish Reduce
2024/03/05 06:27:59 Coordinator work
2024/03/05 06:27:59 Coordinator status 1
2024/03/05 06:27:59 Order 17 finish Reduce
2024/03/05 06:28:00 Order 14 finish Reduce
2024/03/05 06:28:00 Coordinator work
2024/03/05 06:28:00 Coordinator status 1
2024/03/05 06:28:00 Map: 8 done vs. 0 working, Reduce 10 done vs. 0 working
2024/03/05 06:28:00 forward: forward to done phase
2024/03/05 06:28:00 Coordinator work
2024/03/05 06:28:00 Coordinator status 2
2024/03/05 06:28:01 Coordinator work
2024/03/05 06:28:01 Coordinator status 2
