2024/03/05 05:30:21 making map order &{0 [../pg-being_ernest.txt] 0 10}
2024/03/05 05:30:21 making map order &{0 [../pg-dorian_gray.txt] 1 10}
2024/03/05 05:30:21 making map order &{0 [../pg-frankenstein.txt] 2 10}
2024/03/05 05:30:21 making map order &{0 [../pg-grimm.txt] 3 10}
2024/03/05 05:30:21 making map order &{0 [../pg-huckleberry_finn.txt] 4 10}
2024/03/05 05:30:21 making map order &{0 [../pg-metamorphosis.txt] 5 10}
2024/03/05 05:30:21 making map order &{0 [../pg-sherlock_holmes.txt] 6 10}
2024/03/05 05:30:21 making map order &{0 [../pg-tom_sawyer.txt] 7 10}
2024/03/05 05:30:21 done with make map order
2024/03/05 05:30:21 Map: 0 done vs. 8 working, Reduce 0 done vs. 0 working
2024/03/05 05:30:22 Coordinator work
2024/03/05 05:30:22 Coordinator status 0
2024/03/05 05:30:22 Coordinator work
2024/03/05 05:30:22 Coordinator status 0
2024/03/05 05:30:23 IsDone &{0 2024-03-05 05:30:22.922225815 +0800 CST m=+1.015086222 0xc0000a7e90} true
2024/03/05 05:30:23 Order 0 finish Map
2024/03/05 05:30:23 IsDone &{0 2024-03-05 05:30:22.92580689 +0800 CST m=+1.018667302 0xc0000a7f20} true
2024/03/05 05:30:23 Order 1 finish Map
2024/03/05 05:30:24 Coordinator work
2024/03/05 05:30:24 Coordinator status 0
2024/03/05 05:30:24 Coordinator work
2024/03/05 05:30:24 Coordinator status 0
2024/03/05 05:30:24 IsDone &{0 2024-03-05 05:30:24.040385087 +0800 CST m=+2.133245494 0xc0000a7fb0} true
2024/03/05 05:30:24 Order 2 finish Map
2024/03/05 05:30:24 IsDone &{0 2024-03-05 05:30:24.16903386 +0800 CST m=+2.261894263 0xc000122060} true
2024/03/05 05:30:24 Order 3 finish Map
2024/03/05 05:30:25 Coordinator work
2024/03/05 05:30:25 Coordinator status 0
2024/03/05 05:30:25 Coordinator work
2024/03/05 05:30:25 Coordinator status 0
2024/03/05 05:30:25 IsDone &{0 2024-03-05 05:30:25.407403673 +0800 CST m=+3.500264080 0xc000122180} true
2024/03/05 05:30:25 Order 5 finish Map
2024/03/05 05:30:25 IsDone &{0 2024-03-05 05:30:25.325877425 +0800 CST m=+3.418737859 0xc0001220f0} true
2024/03/05 05:30:25 Order 4 finish Map
2024/03/05 05:30:26 Coordinator work
2024/03/05 05:30:26 Coordinator status 0
2024/03/05 05:30:26 Coordinator work
2024/03/05 05:30:26 Coordinator status 0
2024/03/05 05:30:26 IsDone &{0 2024-03-05 05:30:26.55193451 +0800 CST m=+4.644794918 0xc000122210} true
2024/03/05 05:30:26 Order 6 finish Map
2024/03/05 05:30:26 IsDone &{0 2024-03-05 05:30:26.599438528 +0800 CST m=+4.692298935 0xc0001222a0} true
2024/03/05 05:30:26 Order 7 finish Map
2024/03/05 05:30:27 Coordinator work
2024/03/05 05:30:27 Coordinator status 0
2024/03/05 05:30:27 Map: 8 done vs. 0 working, Reduce 0 done vs. 0 working
2024/03/05 05:30:27 forward: forward to Reuce Phase
2024/03/05 05:30:27 making reduce order : 8
2024/03/05 05:30:27 making reduce order : 9
2024/03/05 05:30:27 making reduce order : 10
2024/03/05 05:30:27 making reduce order : 11
2024/03/05 05:30:27 making reduce order : 12
2024/03/05 05:30:27 making reduce order : 13
2024/03/05 05:30:27 making reduce order : 14
2024/03/05 05:30:27 making reduce order : 15
2024/03/05 05:30:27 making reduce order : 16
2024/03/05 05:30:27 making reduce order : 17
2024/03/05 05:30:27 done with make reduce order
2024/03/05 05:30:27 Map: 8 done vs. 0 working, Reduce 0 done vs. 10 working
2024/03/05 05:30:27 Coordinator work
2024/03/05 05:30:27 Coordinator status 1
2024/03/05 05:30:28 Order 8 finish Reduce
2024/03/05 05:30:29 Coordinator work
2024/03/05 05:30:29 Coordinator status 1
2024/03/05 05:30:29 Order 9 finish Reduce
2024/03/05 05:30:29 Coordinator work
2024/03/05 05:30:29 Coordinator status 1
2024/03/05 05:30:29 Order 10 finish Reduce
2024/03/05 05:30:30 Coordinator work
2024/03/05 05:30:30 Coordinator status 1
2024/03/05 05:30:30 Order 11 finish Reduce
2024/03/05 05:30:30 Coordinator work
2024/03/05 05:30:30 Coordinator status 1
2024/03/05 05:30:31 Order 12 finish Reduce
2024/03/05 05:30:31 Coordinator work
2024/03/05 05:30:31 Coordinator status 1
2024/03/05 05:30:31 Order 13 finish Reduce
2024/03/05 05:30:32 Coordinator work
2024/03/05 05:30:32 Coordinator status 1
2024/03/05 05:30:32 Order 14 finish Reduce
2024/03/05 05:30:32 Coordinator work
2024/03/05 05:30:32 Coordinator status 1
2024/03/05 05:30:32 Order 15 finish Reduce
2024/03/05 05:30:33 Coordinator work
2024/03/05 05:30:33 Coordinator status 1
2024/03/05 05:30:33 Order 16 finish Reduce
2024/03/05 05:30:33 Coordinator work
2024/03/05 05:30:33 Coordinator status 1
2024/03/05 05:30:33 Order 17 finish Reduce
2024/03/05 05:30:34 Coordinator work
2024/03/05 05:30:34 Coordinator status 1
2024/03/05 05:30:34 Map: 8 done vs. 0 working, Reduce 10 done vs. 0 working
2024/03/05 05:30:34 forward: forward to done phase
2024/03/05 05:30:34 Coordinator work
2024/03/05 05:30:34 Coordinator status 2
