2024/03/05 08:58:16 making map order &{0 [../pg-being_ernest.txt] 0 10}
2024/03/05 08:58:16 making map order &{0 [../pg-dorian_gray.txt] 1 10}
2024/03/05 08:58:16 making map order &{0 [../pg-frankenstein.txt] 2 10}
2024/03/05 08:58:16 making map order &{0 [../pg-grimm.txt] 3 10}
2024/03/05 08:58:16 making map order &{0 [../pg-huckleberry_finn.txt] 4 10}
2024/03/05 08:58:16 making map order &{0 [../pg-metamorphosis.txt] 5 10}
2024/03/05 08:58:16 making map order &{0 [../pg-sherlock_holmes.txt] 6 10}
2024/03/05 08:58:16 making map order &{0 [../pg-tom_sawyer.txt] 7 10}
2024/03/05 08:58:16 done with make map order
2024/03/05 08:58:16 Map: 0 done vs. 8 working, Reduce 0 done vs. 0 working
2024/03/05 08:58:17 Coordinator work
2024/03/05 08:58:17 Coordinator status 0
2024/03/05 08:58:17 IsDone &{0 2024-03-05 08:58:17.827483535 +0800 CST m=+1.023569053 0xc000072210} true
2024/03/05 08:58:17 Order 0 finish Map
2024/03/05 08:58:17 Coordinator work
2024/03/05 08:58:17 Coordinator status 0
2024/03/05 08:58:17 Coordinator work
2024/03/05 08:58:17 Coordinator status 0
2024/03/05 08:58:17 IsDone &{0 2024-03-05 08:58:17.843516943 +0800 CST m=+1.039602457 0xc000072330} true
2024/03/05 08:58:17 Order 2 finish Map
2024/03/05 08:58:17 IsDone &{0 2024-03-05 08:58:17.840260369 +0800 CST m=+1.036345886 0xc0000722a0} true
2024/03/05 08:58:17 Order 1 finish Map
2024/03/05 08:58:18 Coordinator work
2024/03/05 08:58:18 Coordinator status 0
2024/03/05 08:58:18 Coordinator work
2024/03/05 08:58:18 Coordinator status 0
2024/03/05 08:58:18 IsDone &{0 2024-03-05 08:58:18.840773805 +0800 CST m=+2.036859324 0xc0000723c0} true
2024/03/05 08:58:18 Order 3 finish Map
2024/03/05 08:58:18 Coordinator work
2024/03/05 08:58:18 Coordinator status 0
2024/03/05 08:58:18 IsDone &{0 2024-03-05 08:58:18.861919365 +0800 CST m=+2.058004883 0xc0000724e0} true
2024/03/05 08:58:18 Order 5 finish Map
2024/03/05 08:58:18 IsDone &{0 2024-03-05 08:58:18.857593648 +0800 CST m=+2.053679165 0xc000072450} true
2024/03/05 08:58:18 Order 4 finish Map
2024/03/05 08:58:19 Coordinator work
2024/03/05 08:58:19 Coordinator status 0
2024/03/05 08:58:19 Coordinator work
2024/03/05 08:58:19 Coordinator status 0
2024/03/05 08:58:19 Coordinator work
2024/03/05 08:58:19 Coordinator status 0
2024/03/05 08:58:19 Map: 6 done vs. 2 working, Reduce 0 done vs. 0 working
2024/03/05 08:58:19 IsDone &{0 2024-03-05 08:58:19.871166932 +0800 CST m=+3.067252434 0xc000072600} true
2024/03/05 08:58:19 Order 7 finish Map
2024/03/05 08:58:19 IsDone &{0 2024-03-05 08:58:19.860826111 +0800 CST m=+3.056911626 0xc000072570} true
2024/03/05 08:58:19 Order 6 finish Map
2024/03/05 08:58:20 Coordinator work
2024/03/05 08:58:20 Coordinator status 0
2024/03/05 08:58:20 Map: 8 done vs. 0 working, Reduce 0 done vs. 0 working
2024/03/05 08:58:20 forward: forward to Reuce Phase
2024/03/05 08:58:20 making reduce order : 8
2024/03/05 08:58:20 making reduce order : 9
2024/03/05 08:58:20 making reduce order : 10
2024/03/05 08:58:20 Coordinator work
2024/03/05 08:58:20 making reduce order : 11
2024/03/05 08:58:20 making reduce order : 12
2024/03/05 08:58:20 making reduce order : 13
2024/03/05 08:58:20 making reduce order : 14
2024/03/05 08:58:20 making reduce order : 15
2024/03/05 08:58:20 making reduce order : 16
2024/03/05 08:58:20 making reduce order : 17
2024/03/05 08:58:20 done with make reduce order
2024/03/05 08:58:20 Map: 8 done vs. 0 working, Reduce 0 done vs. 10 working
2024/03/05 08:58:20 Coordinator status 1
2024/03/05 08:58:20 Order 8 finish Reduce
2024/03/05 08:58:21 Coordinator work
2024/03/05 08:58:21 Coordinator status 1
2024/03/05 08:58:21 Order 9 finish Reduce
2024/03/05 08:58:21 Coordinator work
2024/03/05 08:58:21 Coordinator status 1
2024/03/05 08:58:22 Coordinator work
2024/03/05 08:58:22 Coordinator status 1
2024/03/05 08:58:22 Order 11 finish Reduce
2024/03/05 08:58:22 Coordinator work
2024/03/05 08:58:22 Coordinator status 1
2024/03/05 08:58:22 Order 12 finish Reduce
2024/03/05 08:58:23 Coordinator work
2024/03/05 08:58:23 Coordinator status 1
2024/03/05 08:58:23 Order 13 finish Reduce
2024/03/05 08:58:23 Coordinator work
2024/03/05 08:58:23 Coordinator status 1
2024/03/05 08:58:24 Coordinator work
2024/03/05 08:58:24 Coordinator status 1
2024/03/05 08:58:24 Order 15 finish Reduce
2024/03/05 08:58:24 Order 10 finish Reduce
2024/03/05 08:58:25 Coordinator work
2024/03/05 08:58:25 Coordinator status 1
2024/03/05 08:58:25 Order 16 finish Reduce
2024/03/05 08:58:25 Coordinator work
2024/03/05 08:58:25 Coordinator status 1
2024/03/05 08:58:25 Order 17 finish Reduce
2024/03/05 08:58:26 Order 14 finish Reduce
2024/03/05 08:58:26 Coordinator work
2024/03/05 08:58:26 Coordinator status 1
2024/03/05 08:58:26 Map: 8 done vs. 0 working, Reduce 10 done vs. 0 working
2024/03/05 08:58:26 forward: forward to done phase
2024/03/05 08:58:26 Coordinator work
2024/03/05 08:58:26 Coordinator status 2
2024/03/05 08:58:27 Coordinator work
2024/03/05 08:58:27 Coordinator status 2
