2024/03/05 05:14:27 making map order &{0 [../pg-being_ernest.txt] 0 10}
2024/03/05 05:14:27 making map order &{0 [../pg-dorian_gray.txt] 1 10}
2024/03/05 05:14:27 making map order &{0 [../pg-frankenstein.txt] 2 10}
2024/03/05 05:14:27 making map order &{0 [../pg-grimm.txt] 3 10}
2024/03/05 05:14:27 making map order &{0 [../pg-huckleberry_finn.txt] 4 10}
2024/03/05 05:14:27 making map order &{0 [../pg-metamorphosis.txt] 5 10}
2024/03/05 05:14:27 making map order &{0 [../pg-sherlock_holmes.txt] 6 10}
2024/03/05 05:14:27 making map order &{0 [../pg-tom_sawyer.txt] 7 10}
2024/03/05 05:14:27 done with make map order
2024/03/05 05:14:27 Map: 0 done vs. 8 working, Reduce 0 done vs. 0 working
2024/03/05 05:14:28 Coordinator work
2024/03/05 05:14:28 Coordinator status 0
2024/03/05 05:14:28 Coordinator work
2024/03/05 05:14:28 Coordinator status 0
2024/03/05 05:14:29 IsDone &{0 2024-03-05 05:14:28.123910796 +0800 CST m=+1.017815750 0xc00009ddd0} true
2024/03/05 05:14:29 Order 0 finish Map
2024/03/05 05:14:29 IsDone &{0 2024-03-05 05:14:28.133148787 +0800 CST m=+1.027053742 0xc00009de60} true
2024/03/05 05:14:29 Order 1 finish Map
2024/03/05 05:14:30 Coordinator work
2024/03/05 05:14:30 Coordinator status 0
2024/03/05 05:14:30 Coordinator work
2024/03/05 05:14:30 Coordinator status 0
2024/03/05 05:14:31 IsDone &{0 2024-03-05 05:14:30.134610304 +0800 CST m=+3.028515262 0xc00009def0} true
2024/03/05 05:14:31 Order 2 finish Map
2024/03/05 05:14:31 IsDone &{0 2024-03-05 05:14:30.152012482 +0800 CST m=+3.045917440 0xc00009df80} true
2024/03/05 05:14:31 Order 3 finish Map
2024/03/05 05:14:32 Coordinator work
2024/03/05 05:14:32 Coordinator status 0
2024/03/05 05:14:32 Coordinator work
2024/03/05 05:14:32 Coordinator status 0
2024/03/05 05:14:33 IsDone &{0 2024-03-05 05:14:32.168196173 +0800 CST m=+5.062101128 0xc00011a0c0} true
2024/03/05 05:14:33 Order 5 finish Map
2024/03/05 05:14:33 IsDone &{0 2024-03-05 05:14:32.153007545 +0800 CST m=+5.046912495 0xc00011a030} true
2024/03/05 05:14:33 Order 4 finish Map
2024/03/05 05:14:34 Coordinator work
2024/03/05 05:14:34 Coordinator status 0
2024/03/05 05:14:34 Coordinator work
2024/03/05 05:14:34 Coordinator status 0
2024/03/05 05:14:35 IsDone &{0 2024-03-05 05:14:34.185455932 +0800 CST m=+7.079360880 0xc00011a1e0} true
2024/03/05 05:14:35 Order 7 finish Map
2024/03/05 05:14:35 IsDone &{0 2024-03-05 05:14:34.179996885 +0800 CST m=+7.073901837 0xc00011a150} true
2024/03/05 05:14:35 Order 6 finish Map
2024/03/05 05:14:36 Coordinator work
2024/03/05 05:14:36 Coordinator status 0
2024/03/05 05:14:36 Map: 8 done vs. 0 working, Reduce 0 done vs. 0 working
2024/03/05 05:14:36 forward: forward to Reuce Phase
2024/03/05 05:14:36 making reduce order : 8
2024/03/05 05:14:36 making reduce order : 9
2024/03/05 05:14:36 making reduce order : 10
2024/03/05 05:14:36 making reduce order : 11
2024/03/05 05:14:36 making reduce order : 12
2024/03/05 05:14:36 making reduce order : 13
2024/03/05 05:14:36 making reduce order : 14
2024/03/05 05:14:36 making reduce order : 15
2024/03/05 05:14:36 making reduce order : 16
2024/03/05 05:14:36 making reduce order : 17
2024/03/05 05:14:36 done with make reduce order
2024/03/05 05:14:36 Map: 8 done vs. 0 working, Reduce 0 done vs. 10 working
2024/03/05 05:14:36 Coordinator work
2024/03/05 05:14:36 Coordinator status 1
2024/03/05 05:14:36 Order 8 finish Reduce
2024/03/05 05:14:37 Coordinator work
2024/03/05 05:14:37 Coordinator status 1
2024/03/05 05:14:37 Order 9 finish Reduce
2024/03/05 05:14:38 Coordinator work
2024/03/05 05:14:38 Coordinator status 1
2024/03/05 05:14:38 Order 10 finish Reduce
2024/03/05 05:14:38 Coordinator work
2024/03/05 05:14:38 Coordinator status 1
2024/03/05 05:14:38 Order 11 finish Reduce
2024/03/05 05:14:39 Coordinator work
2024/03/05 05:14:39 Coordinator status 1
2024/03/05 05:14:39 Order 12 finish Reduce
2024/03/05 05:14:39 Coordinator work
2024/03/05 05:14:39 Coordinator status 1
2024/03/05 05:14:39 Order 13 finish Reduce
2024/03/05 05:14:40 Coordinator work
2024/03/05 05:14:40 Coordinator status 1
2024/03/05 05:14:40 Order 14 finish Reduce
2024/03/05 05:14:40 Coordinator work
2024/03/05 05:14:40 Coordinator status 1
2024/03/05 05:14:40 Order 15 finish Reduce
2024/03/05 05:14:41 Coordinator work
2024/03/05 05:14:41 Coordinator status 1
2024/03/05 05:14:41 Order 16 finish Reduce
2024/03/05 05:14:41 Coordinator work
2024/03/05 05:14:41 Coordinator status 1
2024/03/05 05:14:41 Order 17 finish Reduce
2024/03/05 05:14:42 Coordinator work
2024/03/05 05:14:42 Coordinator status 1
2024/03/05 05:14:42 Map: 8 done vs. 0 working, Reduce 10 done vs. 0 working
2024/03/05 05:14:42 forward: forward to done phase
2024/03/05 05:14:42 Coordinator work
2024/03/05 05:14:42 Coordinator status 2
