2024/03/05 01:26:36 making map order &{0 [../pg-being_ernest.txt] 0 10}
2024/03/05 01:26:36 making map order &{0 [../pg-dorian_gray.txt] 1 10}
2024/03/05 01:26:36 making map order &{0 [../pg-frankenstein.txt] 2 10}
2024/03/05 01:26:36 making map order &{0 [../pg-grimm.txt] 3 10}
2024/03/05 01:26:36 making map order &{0 [../pg-huckleberry_finn.txt] 4 10}
2024/03/05 01:26:36 making map order &{0 [../pg-metamorphosis.txt] 5 10}
2024/03/05 01:26:36 making map order &{0 [../pg-sherlock_holmes.txt] 6 10}
2024/03/05 01:26:36 making map order &{0 [../pg-tom_sawyer.txt] 7 10}
2024/03/05 01:26:36 done with make map order
2024/03/05 01:26:36 Map: 0 done vs. 8 working, Reduce 0 done vs. 0 working
2024/03/05 01:26:37 Coordinator work
2024/03/05 01:26:37 Coordinator status 0
2024/03/05 01:26:37 Coordinator work
2024/03/05 01:26:37 Coordinator status 0
2024/03/05 01:26:37 IsDone &{0 2024-03-05 01:26:37.070413111 +0800 CST m=+1.017048501 0xc000074330} true
2024/03/05 01:26:37 Order 0 finish Map
2024/03/05 01:26:37 IsDone &{0 2024-03-05 01:26:37.074832873 +0800 CST m=+1.021468268 0xc0000743c0} true
2024/03/05 01:26:37 Order 1 finish Map
2024/03/05 01:26:38 Coordinator work
2024/03/05 01:26:38 Coordinator status 0
2024/03/05 01:26:38 Coordinator work
2024/03/05 01:26:38 Coordinator status 0
2024/03/05 01:26:38 IsDone &{0 2024-03-05 01:26:38.087836521 +0800 CST m=+2.034471910 0xc000074450} true
2024/03/05 01:26:38 Order 2 finish Map
2024/03/05 01:26:38 IsDone &{0 2024-03-05 01:26:38.095601229 +0800 CST m=+2.042236626 0xc0000744e0} true
2024/03/05 01:26:38 Order 3 finish Map
2024/03/05 01:26:39 Coordinator work
2024/03/05 01:26:39 Coordinator status 0
2024/03/05 01:26:39 Coordinator work
2024/03/05 01:26:39 Coordinator status 0
2024/03/05 01:26:39 IsDone &{0 2024-03-05 01:26:39.125381814 +0800 CST m=+3.072017203 0xc000074600} true
2024/03/05 01:26:39 Order 5 finish Map
2024/03/05 01:26:39 IsDone &{0 2024-03-05 01:26:39.116237292 +0800 CST m=+3.062872687 0xc000074570} true
2024/03/05 01:26:39 Order 4 finish Map
2024/03/05 01:26:40 Coordinator work
2024/03/05 01:26:40 Coordinator status 0
2024/03/05 01:26:40 Coordinator work
2024/03/05 01:26:40 Coordinator status 0
2024/03/05 01:26:40 IsDone &{0 2024-03-05 01:26:40.140228255 +0800 CST m=+4.086863643 0xc000074720} true
2024/03/05 01:26:40 Order 7 finish Map
2024/03/05 01:26:40 IsDone &{0 2024-03-05 01:26:40.139873854 +0800 CST m=+4.086509251 0xc000074690} true
2024/03/05 01:26:40 Order 6 finish Map
2024/03/05 01:26:41 Coordinator work
2024/03/05 01:26:41 Coordinator status 0
2024/03/05 01:26:41 Map: 8 done vs. 0 working, Reduce 0 done vs. 0 working
2024/03/05 01:26:41 forward: forward to Reuce Phase
2024/03/05 01:26:41 making reduce order : 8
2024/03/05 01:26:41 making reduce order : 9
2024/03/05 01:26:41 making reduce order : 10
2024/03/05 01:26:41 making reduce order : 11
2024/03/05 01:26:41 making reduce order : 12
2024/03/05 01:26:41 making reduce order : 13
2024/03/05 01:26:41 making reduce order : 14
2024/03/05 01:26:41 making reduce order : 15
2024/03/05 01:26:41 making reduce order : 16
2024/03/05 01:26:41 making reduce order : 17
2024/03/05 01:26:41 done with make reduce order
2024/03/05 01:26:41 Map: 8 done vs. 0 working, Reduce 0 done vs. 10 working
2024/03/05 01:26:41 Coordinator work
2024/03/05 01:26:41 Coordinator status 1
2024/03/05 01:26:42 Order 8 finish Reduce
2024/03/05 01:26:43 Coordinator work
2024/03/05 01:26:43 Coordinator status 1
2024/03/05 01:26:43 Coordinator work
2024/03/05 01:26:43 Coordinator status 1
2024/03/05 01:26:44 Order 9 finish Reduce
2024/03/05 01:26:44 Order 10 finish Reduce
2024/03/05 01:26:45 Coordinator work
2024/03/05 01:26:45 Coordinator status 1
2024/03/05 01:26:45 Coordinator work
2024/03/05 01:26:45 Coordinator status 1
2024/03/05 01:26:47 Order 11 finish Reduce
2024/03/05 01:26:47 Order 12 finish Reduce
2024/03/05 01:26:48 Coordinator work
2024/03/05 01:26:48 Coordinator status 1
2024/03/05 01:26:48 Coordinator work
2024/03/05 01:26:48 Coordinator status 1
2024/03/05 01:26:49 Order 13 finish Reduce
2024/03/05 01:26:49 Order 14 finish Reduce
2024/03/05 01:26:50 Coordinator work
2024/03/05 01:26:50 Coordinator status 1
2024/03/05 01:26:50 Order 15 finish Reduce
2024/03/05 01:26:50 Coordinator work
2024/03/05 01:26:50 Coordinator status 1
2024/03/05 01:26:50 Order 16 finish Reduce
2024/03/05 01:26:51 Coordinator work
2024/03/05 01:26:51 Coordinator status 1
2024/03/05 01:26:51 Coordinator work
2024/03/05 01:26:51 Coordinator status 1
2024/03/05 01:26:51 Map: 8 done vs. 0 working, Reduce 9 done vs. 1 working
2024/03/05 01:26:52 Order 17 finish Reduce
2024/03/05 01:26:53 Coordinator work
2024/03/05 01:26:53 Coordinator status 1
2024/03/05 01:26:53 Map: 8 done vs. 0 working, Reduce 10 done vs. 0 working
2024/03/05 01:26:53 forward: forward to done phase
2024/03/05 01:26:53 Coordinator work
2024/03/05 01:26:53 Coordinator status 2
