2024/03/05 08:18:15 making map order &{0 [../pg-being_ernest.txt] 0 10}
2024/03/05 08:18:15 making map order &{0 [../pg-dorian_gray.txt] 1 10}
2024/03/05 08:18:15 making map order &{0 [../pg-frankenstein.txt] 2 10}
2024/03/05 08:18:15 making map order &{0 [../pg-grimm.txt] 3 10}
2024/03/05 08:18:15 making map order &{0 [../pg-huckleberry_finn.txt] 4 10}
2024/03/05 08:18:15 making map order &{0 [../pg-metamorphosis.txt] 5 10}
2024/03/05 08:18:15 making map order &{0 [../pg-sherlock_holmes.txt] 6 10}
2024/03/05 08:18:15 making map order &{0 [../pg-tom_sawyer.txt] 7 10}
2024/03/05 08:18:15 done with make map order
2024/03/05 08:18:15 Map: 0 done vs. 8 working, Reduce 0 done vs. 0 working
2024/03/05 08:18:16 Coordinator work
2024/03/05 08:18:16 Coordinator status 0
2024/03/05 08:18:17 IsDone &{0 2024-03-05 08:18:16.992120586 +0800 CST m=+1.012080560 0xc00008c570} true
2024/03/05 08:18:17 Order 0 finish Map
2024/03/05 08:18:17 Coordinator work
2024/03/05 08:18:17 Coordinator status 0
2024/03/05 08:18:17 Coordinator work
2024/03/05 08:18:17 Coordinator status 0
2024/03/05 08:18:17 IsDone &{0 2024-03-05 08:18:17.012102824 +0800 CST m=+1.032062781 0xc00008c600} true
2024/03/05 08:18:17 Order 1 finish Map
2024/03/05 08:18:17 IsDone &{0 2024-03-05 08:18:17.024012608 +0800 CST m=+1.043972574 0xc00008c690} true
2024/03/05 08:18:17 Order 2 finish Map
2024/03/05 08:18:18 Coordinator work
2024/03/05 08:18:18 Coordinator status 0
2024/03/05 08:18:18 IsDone &{0 2024-03-05 08:18:18.005702797 +0800 CST m=+2.025662762 0xc00008c720} true
2024/03/05 08:18:18 Order 3 finish Map
2024/03/05 08:18:18 Coordinator work
2024/03/05 08:18:18 Coordinator status 0
2024/03/05 08:18:18 Coordinator work
2024/03/05 08:18:18 Coordinator status 0
2024/03/05 08:18:18 IsDone &{0 2024-03-05 08:18:18.035464868 +0800 CST m=+2.055424834 0xc00008c7b0} true
2024/03/05 08:18:18 Order 4 finish Map
2024/03/05 08:18:18 IsDone &{0 2024-03-05 08:18:18.047622586 +0800 CST m=+2.067582548 0xc00008c840} true
2024/03/05 08:18:18 Order 5 finish Map
2024/03/05 08:18:19 Coordinator work
2024/03/05 08:18:19 Coordinator status 0
2024/03/05 08:18:19 IsDone &{0 2024-03-05 08:18:19.026146814 +0800 CST m=+3.046106775 0xc00008c8d0} true
2024/03/05 08:18:19 Order 6 finish Map
2024/03/05 08:18:19 Coordinator work
2024/03/05 08:18:19 Coordinator status 0
2024/03/05 08:18:19 Coordinator work
2024/03/05 08:18:19 Coordinator status 0
2024/03/05 08:18:19 Map: 7 done vs. 1 working, Reduce 0 done vs. 0 working
2024/03/05 08:18:19 IsDone &{0 2024-03-05 08:18:19.061631897 +0800 CST m=+3.081591864 0xc00008c960} true
2024/03/05 08:18:19 Order 7 finish Map
2024/03/05 08:18:20 Coordinator work
2024/03/05 08:18:20 Coordinator status 0
2024/03/05 08:18:20 Map: 8 done vs. 0 working, Reduce 0 done vs. 0 working
2024/03/05 08:18:20 forward: forward to Reuce Phase
2024/03/05 08:18:20 making reduce order : 8
2024/03/05 08:18:20 making reduce order : 9
2024/03/05 08:18:20 making reduce order : 10
2024/03/05 08:18:20 making reduce order : 11
2024/03/05 08:18:20 making reduce order : 12
2024/03/05 08:18:20 making reduce order : 13
2024/03/05 08:18:20 making reduce order : 14
2024/03/05 08:18:20 making reduce order : 15
2024/03/05 08:18:20 making reduce order : 16
2024/03/05 08:18:20 making reduce order : 17
2024/03/05 08:18:20 done with make reduce order
2024/03/05 08:18:20 Map: 8 done vs. 0 working, Reduce 0 done vs. 10 working
2024/03/05 08:18:20 Coordinator work
2024/03/05 08:18:20 Coordinator status 1
2024/03/05 08:18:20 Order 8 finish Reduce
2024/03/05 08:18:21 Coordinator work
2024/03/05 08:18:21 Coordinator status 1
2024/03/05 08:18:21 Order 9 finish Reduce
2024/03/05 08:18:21 Coordinator work
2024/03/05 08:18:21 Coordinator status 1
2024/03/05 08:18:22 Coordinator work
2024/03/05 08:18:22 Coordinator status 1
2024/03/05 08:18:22 Order 11 finish Reduce
2024/03/05 08:18:22 Coordinator work
2024/03/05 08:18:22 Coordinator status 1
2024/03/05 08:18:22 Order 12 finish Reduce
2024/03/05 08:18:23 Coordinator work
2024/03/05 08:18:23 Coordinator status 1
2024/03/05 08:18:23 Order 13 finish Reduce
2024/03/05 08:18:23 Coordinator work
2024/03/05 08:18:23 Coordinator status 1
2024/03/05 08:18:24 Coordinator work
2024/03/05 08:18:24 Coordinator status 1
2024/03/05 08:18:24 Order 15 finish Reduce
2024/03/05 08:18:24 Order 10 finish Reduce
2024/03/05 08:18:25 Coordinator work
2024/03/05 08:18:25 Coordinator status 1
2024/03/05 08:18:25 Order 16 finish Reduce
2024/03/05 08:18:25 Coordinator work
2024/03/05 08:18:25 Coordinator status 1
2024/03/05 08:18:25 Order 17 finish Reduce
2024/03/05 08:18:26 Coordinator work
2024/03/05 08:18:26 Coordinator status 1
2024/03/05 08:18:26 Map: 8 done vs. 0 working, Reduce 9 done vs. 1 working
2024/03/05 08:18:26 Order 14 finish Reduce
2024/03/05 08:18:26 Coordinator work
2024/03/05 08:18:26 Coordinator status 1
2024/03/05 08:18:26 Map: 8 done vs. 0 working, Reduce 10 done vs. 0 working
2024/03/05 08:18:26 forward: forward to done phase
2024/03/05 08:18:27 Coordinator work
2024/03/05 08:18:27 Coordinator status 2
