2024/03/05 09:32:49 making map order &{0 [../pg-being_ernest.txt] 0 10}
2024/03/05 09:32:49 making map order &{0 [../pg-dorian_gray.txt] 1 10}
2024/03/05 09:32:49 making map order &{0 [../pg-frankenstein.txt] 2 10}
2024/03/05 09:32:49 making map order &{0 [../pg-grimm.txt] 3 10}
2024/03/05 09:32:49 making map order &{0 [../pg-huckleberry_finn.txt] 4 10}
2024/03/05 09:32:49 making map order &{0 [../pg-metamorphosis.txt] 5 10}
2024/03/05 09:32:49 making map order &{0 [../pg-sherlock_holmes.txt] 6 10}
2024/03/05 09:32:49 making map order &{0 [../pg-tom_sawyer.txt] 7 10}
2024/03/05 09:32:49 done with make map order
2024/03/05 09:32:49 Map: 0 done vs. 8 working, Reduce 0 done vs. 0 working
2024/03/05 09:32:50 Coordinator work
2024/03/05 09:32:50 Coordinator status 0
2024/03/05 09:32:50 Coordinator work
2024/03/05 09:32:50 Coordinator status 0
2024/03/05 09:32:55 IsDone &{0 2024-03-05 09:32:50.98192119 +0800 CST m=+1.058846732 0xc0000a3ec0} true
2024/03/05 09:32:55 Order 1 finish Map
2024/03/05 09:32:55 IsDone &{0 2024-03-05 09:32:50.980288775 +0800 CST m=+1.057214317 0xc0000a3e30} true
2024/03/05 09:32:55 Order 0 finish Map
2024/03/05 09:32:56 Coordinator work
2024/03/05 09:32:56 Coordinator status 0
2024/03/05 09:32:56 Coordinator work
2024/03/05 09:32:56 Coordinator status 0
2024/03/05 09:32:59 IsDone &{0 2024-03-05 09:32:56.08093974 +0800 CST m=+6.157865279 0xc0000a3f50} true
2024/03/05 09:32:59 Order 2 finish Map
2024/03/05 09:32:59 IsDone &{0 2024-03-05 09:32:56.082236585 +0800 CST m=+6.159162126 0xc00011a000} true
2024/03/05 09:32:59 Order 3 finish Map
2024/03/05 09:33:00 Coordinator work
2024/03/05 09:33:00 Coordinator status 0
2024/03/05 09:33:00 Coordinator work
2024/03/05 09:33:00 Coordinator status 0
2024/03/05 09:33:04 IsDone &{0 2024-03-05 09:33:00.988603856 +0800 CST m=+11.065529395 0xc00011a120} true
2024/03/05 09:33:04 Order 5 finish Map
2024/03/05 09:33:04 IsDone &{0 2024-03-05 09:33:00.982486442 +0800 CST m=+11.059411983 0xc00011a090} true
2024/03/05 09:33:04 Order 4 finish Map
2024/03/05 09:33:05 Coordinator work
2024/03/05 09:33:05 Coordinator status 0
2024/03/05 09:33:05 Coordinator work
2024/03/05 09:33:05 Coordinator status 0
2024/03/05 09:33:07 IsDone &{0 2024-03-05 09:33:05.844791131 +0800 CST m=+15.921716671 0xc00011a1b0} true
2024/03/05 09:33:07 Order 6 finish Map
2024/03/05 09:33:07 IsDone &{0 2024-03-05 09:33:05.853308688 +0800 CST m=+15.930234227 0xc00011a240} true
2024/03/05 09:33:07 Order 7 finish Map
2024/03/05 09:33:08 Coordinator work
2024/03/05 09:33:08 Coordinator status 0
2024/03/05 09:33:08 Map: 8 done vs. 0 working, Reduce 0 done vs. 0 working
2024/03/05 09:33:08 forward: forward to Reuce Phase
2024/03/05 09:33:08 making reduce order : 8
2024/03/05 09:33:08 Coordinator work
2024/03/05 09:33:08 making reduce order : 9
2024/03/05 09:33:08 making reduce order : 10
2024/03/05 09:33:08 making reduce order : 11
2024/03/05 09:33:08 making reduce order : 12
2024/03/05 09:33:08 making reduce order : 13
2024/03/05 09:33:08 making reduce order : 14
2024/03/05 09:33:08 making reduce order : 15
2024/03/05 09:33:08 making reduce order : 16
2024/03/05 09:33:08 making reduce order : 17
2024/03/05 09:33:08 done with make reduce order
2024/03/05 09:33:08 Map: 8 done vs. 0 working, Reduce 0 done vs. 10 working
2024/03/05 09:33:08 Coordinator status 1
2024/03/05 09:33:08 Order 8 finish Reduce
2024/03/05 09:33:09 Coordinator work
2024/03/05 09:33:09 Coordinator status 1
2024/03/05 09:33:09 Order 9 finish Reduce
2024/03/05 09:33:10 Coordinator work
2024/03/05 09:33:10 Coordinator status 1
2024/03/05 09:33:10 Order 10 finish Reduce
2024/03/05 09:33:10 Coordinator work
2024/03/05 09:33:10 Coordinator status 1
2024/03/05 09:33:10 Order 11 finish Reduce
2024/03/05 09:33:11 Coordinator work
2024/03/05 09:33:11 Coordinator status 1
2024/03/05 09:33:11 Order 12 finish Reduce
2024/03/05 09:33:11 Coordinator work
2024/03/05 09:33:11 Coordinator status 1
2024/03/05 09:33:11 Order 13 finish Reduce
2024/03/05 09:33:12 Coordinator work
2024/03/05 09:33:12 Coordinator status 1
2024/03/05 09:33:12 Order 14 finish Reduce
2024/03/05 09:33:12 Coordinator work
2024/03/05 09:33:12 Coordinator status 1
2024/03/05 09:33:12 Order 15 finish Reduce
2024/03/05 09:33:13 Coordinator work
2024/03/05 09:33:13 Coordinator status 1
2024/03/05 09:33:13 Order 16 finish Reduce
2024/03/05 09:33:13 Coordinator work
2024/03/05 09:33:13 Coordinator status 1
2024/03/05 09:33:13 Order 17 finish Reduce
2024/03/05 09:33:14 Coordinator work
2024/03/05 09:33:14 Coordinator status 1
2024/03/05 09:33:14 Map: 8 done vs. 0 working, Reduce 10 done vs. 0 working
2024/03/05 09:33:14 forward: forward to done phase
2024/03/05 09:33:14 Coordinator work
2024/03/05 09:33:14 Coordinator status 2
