2024/03/05 12:54:03 making map order &{0 [../pg-being_ernest.txt] 0 10}
2024/03/05 12:54:03 making map order &{0 [../pg-dorian_gray.txt] 1 10}
2024/03/05 12:54:03 making map order &{0 [../pg-frankenstein.txt] 2 10}
2024/03/05 12:54:03 making map order &{0 [../pg-grimm.txt] 3 10}
2024/03/05 12:54:03 making map order &{0 [../pg-huckleberry_finn.txt] 4 10}
2024/03/05 12:54:03 making map order &{0 [../pg-metamorphosis.txt] 5 10}
2024/03/05 12:54:03 making map order &{0 [../pg-sherlock_holmes.txt] 6 10}
2024/03/05 12:54:03 making map order &{0 [../pg-tom_sawyer.txt] 7 10}
2024/03/05 12:54:03 done with make map order
2024/03/05 12:54:03 Map: 0 done vs. 8 working, Reduce 0 done vs. 0 working
2024/03/05 12:54:04 Coordinator work
2024/03/05 12:54:04 Coordinator status 0
2024/03/05 12:54:04 Coordinator work
2024/03/05 12:54:04 Coordinator status 0
2024/03/05 12:54:04 Coordinator work
2024/03/05 12:54:04 Coordinator status 0
2024/03/05 12:54:04 IsDone &{0 2024-03-05 12:54:04.397551339 +0800 CST m=+1.053278324 0xc00007fe60} true
2024/03/05 12:54:04 Order 0 finish Map
2024/03/05 12:54:04 IsDone &{0 2024-03-05 12:54:04.404402686 +0800 CST m=+1.060129674 0xc00007ff80} true
2024/03/05 12:54:04 Order 2 finish Map
2024/03/05 12:54:04 IsDone &{0 2024-03-05 12:54:04.400949886 +0800 CST m=+1.056676873 0xc00007fef0} true
2024/03/05 12:54:04 Order 1 finish Map
2024/03/05 12:54:05 Coordinator work
2024/03/05 12:54:05 Coordinator status 0
2024/03/05 12:54:05 Coordinator work
2024/03/05 12:54:05 Coordinator status 0
2024/03/05 12:54:05 Coordinator work
2024/03/05 12:54:05 Coordinator status 0
2024/03/05 12:54:05 IsDone &{0 2024-03-05 12:54:05.431602355 +0800 CST m=+2.087329341 0xc0000f4150} true
2024/03/05 12:54:05 Order 5 finish Map
2024/03/05 12:54:05 IsDone &{0 2024-03-05 12:54:05.411767009 +0800 CST m=+2.067493992 0xc0000f4030} true
2024/03/05 12:54:05 Order 3 finish Map
2024/03/05 12:54:05 IsDone &{0 2024-03-05 12:54:05.423064891 +0800 CST m=+2.078791877 0xc0000f40c0} true
2024/03/05 12:54:05 Order 4 finish Map
2024/03/05 12:54:06 Coordinator work
2024/03/05 12:54:06 Coordinator status 0
2024/03/05 12:54:06 Coordinator work
2024/03/05 12:54:06 Coordinator status 0
2024/03/05 12:54:06 Coordinator work
2024/03/05 12:54:06 Coordinator status 0
2024/03/05 12:54:06 Map: 6 done vs. 2 working, Reduce 0 done vs. 0 working
2024/03/05 12:54:06 IsDone &{0 2024-03-05 12:54:06.439366952 +0800 CST m=+3.095093940 0xc0000f41e0} true
2024/03/05 12:54:06 Order 6 finish Map
2024/03/05 12:54:06 IsDone &{0 2024-03-05 12:54:06.447254119 +0800 CST m=+3.102981108 0xc0000f4270} true
2024/03/05 12:54:06 Order 7 finish Map
2024/03/05 12:54:07 Coordinator work
2024/03/05 12:54:07 Coordinator status 0
2024/03/05 12:54:07 Map: 8 done vs. 0 working, Reduce 0 done vs. 0 working
2024/03/05 12:54:07 forward: forward to Reuce Phase
2024/03/05 12:54:07 making reduce order : 8
2024/03/05 12:54:07 making reduce order : 9
2024/03/05 12:54:07 making reduce order : 10
2024/03/05 12:54:07 making reduce order : 11
2024/03/05 12:54:07 making reduce order : 12
2024/03/05 12:54:07 making reduce order : 13
2024/03/05 12:54:07 making reduce order : 14
2024/03/05 12:54:07 Coordinator work
2024/03/05 12:54:07 making reduce order : 15
2024/03/05 12:54:07 making reduce order : 16
2024/03/05 12:54:07 making reduce order : 17
2024/03/05 12:54:07 done with make reduce order
2024/03/05 12:54:07 Map: 8 done vs. 0 working, Reduce 0 done vs. 10 working
2024/03/05 12:54:07 Coordinator status 1
2024/03/05 12:54:07 Order 8 finish Reduce
2024/03/05 12:54:08 Coordinator work
2024/03/05 12:54:08 Coordinator status 1
2024/03/05 12:54:08 Order 9 finish Reduce
2024/03/05 12:54:08 Coordinator work
2024/03/05 12:54:08 Coordinator status 1
2024/03/05 12:54:09 Coordinator work
2024/03/05 12:54:09 Coordinator status 1
2024/03/05 12:54:09 Order 11 finish Reduce
2024/03/05 12:54:09 Coordinator work
2024/03/05 12:54:09 Coordinator status 1
2024/03/05 12:54:09 Order 12 finish Reduce
2024/03/05 12:54:10 Coordinator work
2024/03/05 12:54:10 Coordinator status 1
2024/03/05 12:54:10 Order 13 finish Reduce
2024/03/05 12:54:10 Coordinator work
2024/03/05 12:54:10 Coordinator status 1
2024/03/05 12:54:11 Coordinator work
2024/03/05 12:54:11 Coordinator status 1
2024/03/05 12:54:11 Order 15 finish Reduce
2024/03/05 12:54:11 Order 10 finish Reduce
2024/03/05 12:54:12 Coordinator work
2024/03/05 12:54:12 Coordinator status 1
2024/03/05 12:54:12 Order 16 finish Reduce
2024/03/05 12:54:12 Coordinator work
2024/03/05 12:54:12 Coordinator status 1
2024/03/05 12:54:12 Order 17 finish Reduce
2024/03/05 12:54:13 Coordinator work
2024/03/05 12:54:13 Coordinator status 1
2024/03/05 12:54:13 Map: 8 done vs. 0 working, Reduce 9 done vs. 1 working
2024/03/05 12:54:13 Order 14 finish Reduce
2024/03/05 12:54:13 Coordinator work
2024/03/05 12:54:13 Coordinator status 1
2024/03/05 12:54:13 Map: 8 done vs. 0 working, Reduce 10 done vs. 0 working
2024/03/05 12:54:13 forward: forward to done phase
2024/03/05 12:54:14 Coordinator work
2024/03/05 12:54:14 Coordinator status 2
