2024/03/04 21:32:49 making map order &{0 [../pg-being_ernest.txt] 0 10}
2024/03/04 21:32:49 making map order &{0 [../pg-dorian_gray.txt] 1 10}
2024/03/04 21:32:49 making map order &{0 [../pg-frankenstein.txt] 2 10}
2024/03/04 21:32:49 making map order &{0 [../pg-grimm.txt] 3 10}
2024/03/04 21:32:49 making map order &{0 [../pg-huckleberry_finn.txt] 4 10}
2024/03/04 21:32:49 making map order &{0 [../pg-metamorphosis.txt] 5 10}
2024/03/04 21:32:49 making map order &{0 [../pg-sherlock_holmes.txt] 6 10}
2024/03/04 21:32:49 making map order &{0 [../pg-tom_sawyer.txt] 7 10}
2024/03/04 21:32:49 done with make map order
2024/03/04 21:32:49 Map: 0 done vs. 8 working, Reduce 0 done vs. 0 working
2024/03/04 21:32:50 Coordinator work
2024/03/04 21:32:50 Coordinator status 0
2024/03/04 21:32:50 Coordinator work
2024/03/04 21:32:50 Coordinator status 0
2024/03/04 21:32:50 IsDone &{0 2024-03-04 21:32:50.934805754 +0800 CST m=+1.017496311 0xc000074240} true
2024/03/04 21:32:50 Order 0 finish Map
2024/03/04 21:32:50 IsDone &{0 2024-03-04 21:32:50.937243084 +0800 CST m=+1.019933643 0xc0000742d0} true
2024/03/04 21:32:50 Order 1 finish Map
2024/03/04 21:32:51 Coordinator work
2024/03/04 21:32:51 Coordinator status 0
2024/03/04 21:32:51 Coordinator work
2024/03/04 21:32:51 Coordinator status 0
2024/03/04 21:32:51 IsDone &{0 2024-03-04 21:32:51.946045178 +0800 CST m=+2.028735734 0xc000074360} true
2024/03/04 21:32:51 Order 2 finish Map
2024/03/04 21:32:51 IsDone &{0 2024-03-04 21:32:51.955593301 +0800 CST m=+2.038283855 0xc0000743f0} true
2024/03/04 21:32:51 Order 3 finish Map
2024/03/04 21:32:52 Coordinator work
2024/03/04 21:32:52 Coordinator status 0
2024/03/04 21:32:52 Coordinator work
2024/03/04 21:32:52 Coordinator status 0
2024/03/04 21:32:52 IsDone &{0 2024-03-04 21:32:52.976629253 +0800 CST m=+3.059319818 0xc000074510} true
2024/03/04 21:32:52 Order 5 finish Map
2024/03/04 21:32:52 IsDone &{0 2024-03-04 21:32:52.971742597 +0800 CST m=+3.054433154 0xc000074480} true
2024/03/04 21:32:52 Order 4 finish Map
2024/03/04 21:32:53 Coordinator work
2024/03/04 21:32:53 Coordinator status 0
2024/03/04 21:32:53 Coordinator work
2024/03/04 21:32:53 Coordinator status 0
2024/03/04 21:32:54 IsDone &{0 2024-03-04 21:32:53.987045895 +0800 CST m=+4.069736458 0xc0000745a0} true
2024/03/04 21:32:54 Order 6 finish Map
2024/03/04 21:32:54 IsDone &{0 2024-03-04 21:32:53.99555916 +0800 CST m=+4.078249720 0xc000074630} true
2024/03/04 21:32:54 Order 7 finish Map
2024/03/04 21:32:55 Coordinator work
2024/03/04 21:32:55 Coordinator status 0
2024/03/04 21:32:55 Map: 8 done vs. 0 working, Reduce 0 done vs. 0 working
2024/03/04 21:32:55 forward: forward to Reuce Phase
2024/03/04 21:32:55 making reduce order : 8
2024/03/04 21:32:55 making reduce order : 9
2024/03/04 21:32:55 making reduce order : 10
2024/03/04 21:32:55 making reduce order : 11
2024/03/04 21:32:55 making reduce order : 12
2024/03/04 21:32:55 making reduce order : 13
2024/03/04 21:32:55 making reduce order : 14
2024/03/04 21:32:55 making reduce order : 15
2024/03/04 21:32:55 making reduce order : 16
2024/03/04 21:32:55 making reduce order : 17
2024/03/04 21:32:55 done with make reduce order
2024/03/04 21:32:55 Map: 8 done vs. 0 working, Reduce 0 done vs. 10 working
2024/03/04 21:32:55 Coordinator work
2024/03/04 21:32:55 Coordinator status 1
2024/03/04 21:32:56 Order 8 finish Reduce
2024/03/04 21:32:57 Coordinator work
2024/03/04 21:32:57 Coordinator status 1
2024/03/04 21:32:57 Coordinator work
2024/03/04 21:32:57 Coordinator status 1
2024/03/04 21:32:58 Order 9 finish Reduce
2024/03/04 21:32:58 Order 10 finish Reduce
2024/03/04 21:32:59 Coordinator work
2024/03/04 21:32:59 Coordinator status 1
2024/03/04 21:32:59 Coordinator work
2024/03/04 21:32:59 Coordinator status 1
2024/03/04 21:33:01 Order 11 finish Reduce
2024/03/04 21:33:01 Order 12 finish Reduce
2024/03/04 21:33:02 Coordinator work
2024/03/04 21:33:02 Coordinator status 1
2024/03/04 21:33:02 Coordinator work
2024/03/04 21:33:02 Coordinator status 1
2024/03/04 21:33:03 Order 13 finish Reduce
2024/03/04 21:33:03 Order 14 finish Reduce
2024/03/04 21:33:04 Coordinator work
2024/03/04 21:33:04 Coordinator status 1
2024/03/04 21:33:04 Coordinator work
2024/03/04 21:33:04 Coordinator status 1
2024/03/04 21:33:04 Order 15 finish Reduce
2024/03/04 21:33:04 Order 16 finish Reduce
2024/03/04 21:33:05 Coordinator work
2024/03/04 21:33:05 Coordinator status 1
2024/03/04 21:33:05 Coordinator work
2024/03/04 21:33:05 Coordinator status 1
2024/03/04 21:33:05 Map: 8 done vs. 0 working, Reduce 9 done vs. 1 working
2024/03/04 21:33:06 Order 17 finish Reduce
2024/03/04 21:33:07 Coordinator work
2024/03/04 21:33:07 Coordinator status 1
2024/03/04 21:33:07 Map: 8 done vs. 0 working, Reduce 10 done vs. 0 working
2024/03/04 21:33:07 forward: forward to done phase
2024/03/04 21:33:07 Coordinator work
2024/03/04 21:33:07 Coordinator status 2
