2024/03/04 22:01:05 making map order &{0 [../pg-being_ernest.txt] 0 10}
2024/03/04 22:01:05 making map order &{0 [../pg-dorian_gray.txt] 1 10}
2024/03/04 22:01:05 making map order &{0 [../pg-frankenstein.txt] 2 10}
2024/03/04 22:01:05 making map order &{0 [../pg-grimm.txt] 3 10}
2024/03/04 22:01:05 making map order &{0 [../pg-huckleberry_finn.txt] 4 10}
2024/03/04 22:01:05 making map order &{0 [../pg-metamorphosis.txt] 5 10}
2024/03/04 22:01:05 making map order &{0 [../pg-sherlock_holmes.txt] 6 10}
2024/03/04 22:01:05 making map order &{0 [../pg-tom_sawyer.txt] 7 10}
2024/03/04 22:01:05 done with make map order
2024/03/04 22:01:05 Map: 0 done vs. 8 working, Reduce 0 done vs. 0 working
2024/03/04 22:01:06 Coordinator work
2024/03/04 22:01:06 Coordinator status 0
2024/03/04 22:01:06 Coordinator work
2024/03/04 22:01:06 Coordinator status 0
2024/03/04 22:01:06 IsDone &{0 2024-03-04 22:01:06.617689866 +0800 CST m=+1.015388549 0xc000099d70} true
2024/03/04 22:01:06 Order 0 finish Map
2024/03/04 22:01:06 IsDone &{0 2024-03-04 22:01:06.619620896 +0800 CST m=+1.017319578 0xc000099e00} true
2024/03/04 22:01:06 Order 1 finish Map
2024/03/04 22:01:07 Coordinator work
2024/03/04 22:01:07 Coordinator status 0
2024/03/04 22:01:07 Coordinator work
2024/03/04 22:01:07 Coordinator status 0
2024/03/04 22:01:07 IsDone &{0 2024-03-04 22:01:07.709269607 +0800 CST m=+2.106968290 0xc000099e90} true
2024/03/04 22:01:07 Order 2 finish Map
2024/03/04 22:01:08 IsDone &{0 2024-03-04 22:01:07.839625341 +0800 CST m=+2.237324025 0xc000099f20} true
2024/03/04 22:01:08 Order 3 finish Map
2024/03/04 22:01:08 Coordinator work
2024/03/04 22:01:08 Coordinator status 0
2024/03/04 22:01:09 Coordinator work
2024/03/04 22:01:09 Coordinator status 0
2024/03/04 22:01:09 IsDone &{0 2024-03-04 22:01:08.910092148 +0800 CST m=+3.307790829 0xc000099fb0} true
2024/03/04 22:01:09 Order 4 finish Map
2024/03/04 22:01:09 IsDone &{0 2024-03-04 22:01:09.048400619 +0800 CST m=+3.446099295 0xc000118060} true
2024/03/04 22:01:09 Order 5 finish Map
2024/03/04 22:01:10 Coordinator work
2024/03/04 22:01:10 Coordinator status 0
2024/03/04 22:01:10 Coordinator work
2024/03/04 22:01:10 Coordinator status 0
2024/03/04 22:01:10 IsDone &{0 2024-03-04 22:01:10.126964294 +0800 CST m=+4.524662978 0xc0001180f0} true
2024/03/04 22:01:10 Order 6 finish Map
2024/03/04 22:01:10 IsDone &{0 2024-03-04 22:01:10.158455347 +0800 CST m=+4.556154033 0xc000118180} true
2024/03/04 22:01:10 Order 7 finish Map
2024/03/04 22:01:11 Coordinator work
2024/03/04 22:01:11 Coordinator status 0
2024/03/04 22:01:11 Map: 8 done vs. 0 working, Reduce 0 done vs. 0 working
2024/03/04 22:01:11 forward: forward to Reuce Phase
2024/03/04 22:01:11 making reduce order : 8
2024/03/04 22:01:11 making reduce order : 9
2024/03/04 22:01:11 Coordinator work
2024/03/04 22:01:11 making reduce order : 10
2024/03/04 22:01:11 making reduce order : 11
2024/03/04 22:01:11 making reduce order : 12
2024/03/04 22:01:11 making reduce order : 13
2024/03/04 22:01:11 making reduce order : 14
2024/03/04 22:01:11 making reduce order : 15
2024/03/04 22:01:11 making reduce order : 16
2024/03/04 22:01:11 making reduce order : 17
2024/03/04 22:01:11 done with make reduce order
2024/03/04 22:01:11 Map: 8 done vs. 0 working, Reduce 0 done vs. 10 working
2024/03/04 22:01:11 Coordinator status 1
2024/03/04 22:01:11 Order 8 finish Reduce
2024/03/04 22:01:12 Coordinator work
2024/03/04 22:01:12 Coordinator status 1
2024/03/04 22:01:12 Order 9 finish Reduce
2024/03/04 22:01:13 Coordinator work
2024/03/04 22:01:13 Coordinator status 1
2024/03/04 22:01:13 Order 10 finish Reduce
2024/03/04 22:01:13 Coordinator work
2024/03/04 22:01:13 Coordinator status 1
2024/03/04 22:01:13 Order 11 finish Reduce
2024/03/04 22:01:14 Coordinator work
2024/03/04 22:01:14 Coordinator status 1
2024/03/04 22:01:14 Order 12 finish Reduce
2024/03/04 22:01:14 Coordinator work
2024/03/04 22:01:14 Coordinator status 1
2024/03/04 22:01:15 Order 13 finish Reduce
2024/03/04 22:01:15 Coordinator work
2024/03/04 22:01:15 Coordinator status 1
2024/03/04 22:01:15 Order 14 finish Reduce
2024/03/04 22:01:16 Coordinator work
2024/03/04 22:01:16 Coordinator status 1
2024/03/04 22:01:16 Order 15 finish Reduce
2024/03/04 22:01:16 Coordinator work
2024/03/04 22:01:16 Coordinator status 1
2024/03/04 22:01:17 Order 16 finish Reduce
2024/03/04 22:01:17 Coordinator work
2024/03/04 22:01:17 Coordinator status 1
2024/03/04 22:01:17 Order 17 finish Reduce
2024/03/04 22:01:18 Coordinator work
2024/03/04 22:01:18 Coordinator status 1
2024/03/04 22:01:18 Map: 8 done vs. 0 working, Reduce 10 done vs. 0 working
2024/03/04 22:01:18 forward: forward to done phase
2024/03/04 22:01:18 Coordinator work
2024/03/04 22:01:18 Coordinator status 2
