2024/03/04 21:34:44 making map order &{0 [../pg-being_ernest.txt] 0 10}
2024/03/04 21:34:44 making map order &{0 [../pg-dorian_gray.txt] 1 10}
2024/03/04 21:34:44 making map order &{0 [../pg-frankenstein.txt] 2 10}
2024/03/04 21:34:44 making map order &{0 [../pg-grimm.txt] 3 10}
2024/03/04 21:34:44 making map order &{0 [../pg-huckleberry_finn.txt] 4 10}
2024/03/04 21:34:44 making map order &{0 [../pg-metamorphosis.txt] 5 10}
2024/03/04 21:34:44 making map order &{0 [../pg-sherlock_holmes.txt] 6 10}
2024/03/04 21:34:44 making map order &{0 [../pg-tom_sawyer.txt] 7 10}
2024/03/04 21:34:44 done with make map order
2024/03/04 21:34:44 Map: 0 done vs. 8 working, Reduce 0 done vs. 0 working
2024/03/04 21:34:45 Coordinator work
2024/03/04 21:34:45 Coordinator status 0
2024/03/04 21:34:45 Coordinator work
2024/03/04 21:34:45 Coordinator status 0
2024/03/04 21:34:45 IsDone &{0 2024-03-04 21:34:45.210532611 +0800 CST m=+1.014302810 0xc0000e4060} true
2024/03/04 21:34:45 Order 0 finish Map
2024/03/04 21:34:45 IsDone &{0 2024-03-04 21:34:45.223012556 +0800 CST m=+1.026782755 0xc0000e40f0} true
2024/03/04 21:34:45 Order 1 finish Map
2024/03/04 21:34:46 Coordinator work
2024/03/04 21:34:46 Coordinator status 0
2024/03/04 21:34:46 Coordinator work
2024/03/04 21:34:46 Coordinator status 0
2024/03/04 21:34:46 IsDone &{0 2024-03-04 21:34:46.350063724 +0800 CST m=+2.153833931 0xc0000e4180} true
2024/03/04 21:34:46 Order 2 finish Map
2024/03/04 21:34:46 IsDone &{0 2024-03-04 21:34:46.476787302 +0800 CST m=+2.280557509 0xc0000e4210} true
2024/03/04 21:34:46 Order 3 finish Map
2024/03/04 21:34:47 Coordinator work
2024/03/04 21:34:47 Coordinator status 0
2024/03/04 21:34:47 Coordinator work
2024/03/04 21:34:47 Coordinator status 0
2024/03/04 21:34:47 IsDone &{0 2024-03-04 21:34:47.552627721 +0800 CST m=+3.356397932 0xc0000e42a0} true
2024/03/04 21:34:47 Order 4 finish Map
2024/03/04 21:34:47 IsDone &{0 2024-03-04 21:34:47.676340275 +0800 CST m=+3.480110480 0xc0000e4330} true
2024/03/04 21:34:47 Order 5 finish Map
2024/03/04 21:34:48 Coordinator work
2024/03/04 21:34:48 Coordinator status 0
2024/03/04 21:34:48 Coordinator work
2024/03/04 21:34:48 Coordinator status 0
2024/03/04 21:34:49 IsDone &{0 2024-03-04 21:34:48.774002473 +0800 CST m=+4.577772680 0xc0000e43c0} true
2024/03/04 21:34:49 Order 6 finish Map
2024/03/04 21:34:49 IsDone &{0 2024-03-04 21:34:48.792344956 +0800 CST m=+4.596115160 0xc0000e4450} true
2024/03/04 21:34:49 Order 7 finish Map
2024/03/04 21:34:50 Coordinator work
2024/03/04 21:34:50 Coordinator status 0
2024/03/04 21:34:50 Map: 8 done vs. 0 working, Reduce 0 done vs. 0 working
2024/03/04 21:34:50 forward: forward to Reuce Phase
2024/03/04 21:34:50 making reduce order : 8
2024/03/04 21:34:50 making reduce order : 9
2024/03/04 21:34:50 making reduce order : 10
2024/03/04 21:34:50 making reduce order : 11
2024/03/04 21:34:50 making reduce order : 12
2024/03/04 21:34:50 making reduce order : 13
2024/03/04 21:34:50 making reduce order : 14
2024/03/04 21:34:50 making reduce order : 15
2024/03/04 21:34:50 making reduce order : 16
2024/03/04 21:34:50 making reduce order : 17
2024/03/04 21:34:50 done with make reduce order
2024/03/04 21:34:50 Map: 8 done vs. 0 working, Reduce 0 done vs. 10 working
2024/03/04 21:34:50 Coordinator work
2024/03/04 21:34:50 Coordinator status 1
2024/03/04 21:34:50 Order 8 finish Reduce
2024/03/04 21:34:51 Coordinator work
2024/03/04 21:34:51 Coordinator status 1
2024/03/04 21:34:51 Order 9 finish Reduce
2024/03/04 21:34:52 Coordinator work
2024/03/04 21:34:52 Coordinator status 1
2024/03/04 21:34:52 Order 10 finish Reduce
2024/03/04 21:34:52 Coordinator work
2024/03/04 21:34:52 Coordinator status 1
2024/03/04 21:34:52 Order 11 finish Reduce
2024/03/04 21:34:53 Coordinator work
2024/03/04 21:34:53 Coordinator status 1
2024/03/04 21:34:53 Order 12 finish Reduce
2024/03/04 21:34:53 Coordinator work
2024/03/04 21:34:53 Coordinator status 1
2024/03/04 21:34:53 Order 13 finish Reduce
2024/03/04 21:34:54 Coordinator work
2024/03/04 21:34:54 Coordinator status 1
2024/03/04 21:34:54 Order 14 finish Reduce
2024/03/04 21:34:54 Coordinator work
2024/03/04 21:34:54 Coordinator status 1
2024/03/04 21:34:54 Order 15 finish Reduce
2024/03/04 21:34:55 Coordinator work
2024/03/04 21:34:55 Coordinator status 1
2024/03/04 21:34:55 Order 16 finish Reduce
2024/03/04 21:34:55 Coordinator work
2024/03/04 21:34:55 Coordinator status 1
2024/03/04 21:34:55 Order 17 finish Reduce
2024/03/04 21:34:56 Coordinator work
2024/03/04 21:34:56 Coordinator status 1
2024/03/04 21:34:56 Map: 8 done vs. 0 working, Reduce 10 done vs. 0 working
2024/03/04 21:34:56 forward: forward to done phase
2024/03/04 21:34:56 Coordinator work
2024/03/04 21:34:56 Coordinator status 2
