2024/03/05 10:11:40 making map order &{0 [../pg-being_ernest.txt] 0 10}
2024/03/05 10:11:40 making map order &{0 [../pg-dorian_gray.txt] 1 10}
2024/03/05 10:11:40 making map order &{0 [../pg-frankenstein.txt] 2 10}
2024/03/05 10:11:40 making map order &{0 [../pg-grimm.txt] 3 10}
2024/03/05 10:11:40 making map order &{0 [../pg-huckleberry_finn.txt] 4 10}
2024/03/05 10:11:40 making map order &{0 [../pg-metamorphosis.txt] 5 10}
2024/03/05 10:11:40 making map order &{0 [../pg-sherlock_holmes.txt] 6 10}
2024/03/05 10:11:40 making map order &{0 [../pg-tom_sawyer.txt] 7 10}
2024/03/05 10:11:40 done with make map order
2024/03/05 10:11:40 Map: 0 done vs. 8 working, Reduce 0 done vs. 0 working
2024/03/05 10:11:41 Coordinator work
2024/03/05 10:11:41 Coordinator status 0
2024/03/05 10:11:41 Coordinator work
2024/03/05 10:11:41 Coordinator status 0
2024/03/05 10:11:45 IsDone &{0 2024-03-05 10:11:41.217715421 +0800 CST m=+1.021685610 0xc00011c000} true
2024/03/05 10:11:45 Order 0 finish Map
2024/03/05 10:11:45 IsDone &{0 2024-03-05 10:11:41.223984126 +0800 CST m=+1.027954310 0xc00011c090} true
2024/03/05 10:11:45 Order 1 finish Map
2024/03/05 10:11:46 Coordinator work
2024/03/05 10:11:46 Coordinator status 0
2024/03/05 10:11:46 Coordinator work
2024/03/05 10:11:46 Coordinator status 0
2024/03/05 10:11:50 IsDone &{0 2024-03-05 10:11:46.309465298 +0800 CST m=+6.113435488 0xc00011c120} true
2024/03/05 10:11:50 Order 2 finish Map
2024/03/05 10:11:50 IsDone &{0 2024-03-05 10:11:46.322982807 +0800 CST m=+6.126952992 0xc00011c1b0} true
2024/03/05 10:11:50 Order 3 finish Map
2024/03/05 10:11:51 Coordinator work
2024/03/05 10:11:51 Coordinator status 0
2024/03/05 10:11:51 Coordinator work
2024/03/05 10:11:51 Coordinator status 0
2024/03/05 10:11:55 IsDone &{0 2024-03-05 10:11:51.211186434 +0800 CST m=+11.015156623 0xc00011c240} true
2024/03/05 10:11:55 Order 4 finish Map
2024/03/05 10:11:55 IsDone &{0 2024-03-05 10:11:51.230023413 +0800 CST m=+11.033993606 0xc00011c2d0} true
2024/03/05 10:11:55 Order 5 finish Map
2024/03/05 10:11:56 Coordinator work
2024/03/05 10:11:56 Coordinator status 0
2024/03/05 10:11:56 Coordinator work
2024/03/05 10:11:56 Coordinator status 0
2024/03/05 10:11:58 IsDone &{0 2024-03-05 10:11:56.086957656 +0800 CST m=+15.890927844 0xc00011c3f0} true
2024/03/05 10:11:58 Order 7 finish Map
2024/03/05 10:11:58 IsDone &{0 2024-03-05 10:11:56.081956764 +0800 CST m=+15.885926956 0xc00011c360} true
2024/03/05 10:11:58 Order 6 finish Map
2024/03/05 10:11:59 Coordinator work
2024/03/05 10:11:59 Coordinator status 0
2024/03/05 10:11:59 Map: 8 done vs. 0 working, Reduce 0 done vs. 0 working
2024/03/05 10:11:59 forward: forward to Reuce Phase
2024/03/05 10:11:59 making reduce order : 8
2024/03/05 10:11:59 making reduce order : 9
2024/03/05 10:11:59 making reduce order : 10
2024/03/05 10:11:59 making reduce order : 11
2024/03/05 10:11:59 making reduce order : 12
2024/03/05 10:11:59 making reduce order : 13
2024/03/05 10:11:59 making reduce order : 14
2024/03/05 10:11:59 making reduce order : 15
2024/03/05 10:11:59 making reduce order : 16
2024/03/05 10:11:59 making reduce order : 17
2024/03/05 10:11:59 Coordinator work
2024/03/05 10:11:59 done with make reduce order
2024/03/05 10:11:59 Map: 8 done vs. 0 working, Reduce 0 done vs. 10 working
2024/03/05 10:11:59 Coordinator status 1
2024/03/05 10:11:59 Order 8 finish Reduce
2024/03/05 10:12:00 Coordinator work
2024/03/05 10:12:00 Coordinator status 1
2024/03/05 10:12:00 Order 9 finish Reduce
2024/03/05 10:12:01 Coordinator work
2024/03/05 10:12:01 Coordinator status 1
2024/03/05 10:12:01 Order 10 finish Reduce
2024/03/05 10:12:01 Coordinator work
2024/03/05 10:12:01 Coordinator status 1
2024/03/05 10:12:01 Order 11 finish Reduce
2024/03/05 10:12:02 Coordinator work
2024/03/05 10:12:02 Coordinator status 1
2024/03/05 10:12:02 Coordinator work
2024/03/05 10:12:02 Coordinator status 1
2024/03/05 10:12:02 Order 12 finish Reduce
2024/03/05 10:12:02 Order 13 finish Reduce
2024/03/05 10:12:03 Coordinator work
2024/03/05 10:12:03 Coordinator status 1
2024/03/05 10:12:03 Order 14 finish Reduce
2024/03/05 10:12:03 Coordinator work
2024/03/05 10:12:03 Coordinator status 1
2024/03/05 10:12:03 Order 15 finish Reduce
2024/03/05 10:12:04 Coordinator work
2024/03/05 10:12:04 Coordinator status 1
2024/03/05 10:12:04 Order 16 finish Reduce
2024/03/05 10:12:04 Coordinator work
2024/03/05 10:12:04 Coordinator status 1
2024/03/05 10:12:04 Order 17 finish Reduce
2024/03/05 10:12:05 Coordinator work
2024/03/05 10:12:05 Coordinator status 1
2024/03/05 10:12:05 Map: 8 done vs. 0 working, Reduce 10 done vs. 0 working
2024/03/05 10:12:05 forward: forward to done phase
2024/03/05 10:12:05 Coordinator work
2024/03/05 10:12:05 Coordinator status 2
