2024/03/04 22:13:37 making map order &{0 [../pg-being_ernest.txt] 0 10}
2024/03/04 22:13:37 making map order &{0 [../pg-dorian_gray.txt] 1 10}
2024/03/04 22:13:37 making map order &{0 [../pg-frankenstein.txt] 2 10}
2024/03/04 22:13:37 making map order &{0 [../pg-grimm.txt] 3 10}
2024/03/04 22:13:37 making map order &{0 [../pg-huckleberry_finn.txt] 4 10}
2024/03/04 22:13:37 making map order &{0 [../pg-metamorphosis.txt] 5 10}
2024/03/04 22:13:37 making map order &{0 [../pg-sherlock_holmes.txt] 6 10}
2024/03/04 22:13:37 making map order &{0 [../pg-tom_sawyer.txt] 7 10}
2024/03/04 22:13:37 done with make map order
2024/03/04 22:13:37 Map: 0 done vs. 8 working, Reduce 0 done vs. 0 working
2024/03/04 22:13:38 Coordinator work
2024/03/04 22:13:38 Coordinator status 0
2024/03/04 22:13:38 Coordinator work
2024/03/04 22:13:38 Coordinator status 0
2024/03/04 22:13:42 IsDone &{0 2024-03-04 22:13:38.023924698 +0800 CST m=+1.019723177 0xc000079e30} true
2024/03/04 22:13:42 Order 0 finish Map
2024/03/04 22:13:42 IsDone &{0 2024-03-04 22:13:38.040218347 +0800 CST m=+1.036016835 0xc000079ec0} true
2024/03/04 22:13:42 Order 1 finish Map
2024/03/04 22:13:43 Coordinator work
2024/03/04 22:13:43 Coordinator status 0
2024/03/04 22:13:43 Coordinator work
2024/03/04 22:13:43 Coordinator status 0
2024/03/04 22:13:47 IsDone &{0 2024-03-04 22:13:43.119458535 +0800 CST m=+6.115257018 0xc000079f50} true
2024/03/04 22:13:47 Order 2 finish Map
2024/03/04 22:13:47 IsDone &{0 2024-03-04 22:13:43.139262956 +0800 CST m=+6.135061436 0xc000164000} true
2024/03/04 22:13:47 Order 3 finish Map
2024/03/04 22:13:48 Coordinator work
2024/03/04 22:13:48 Coordinator status 0
2024/03/04 22:13:48 Coordinator work
2024/03/04 22:13:48 Coordinator status 0
2024/03/04 22:13:51 IsDone &{0 2024-03-04 22:13:48.023509653 +0800 CST m=+11.019308138 0xc000164090} true
2024/03/04 22:13:51 Order 4 finish Map
2024/03/04 22:13:51 IsDone &{0 2024-03-04 22:13:48.044348183 +0800 CST m=+11.040146670 0xc000164120} true
2024/03/04 22:13:51 Order 5 finish Map
2024/03/04 22:13:52 Coordinator work
2024/03/04 22:13:52 Coordinator status 0
2024/03/04 22:13:52 Coordinator work
2024/03/04 22:13:52 Coordinator status 0
2024/03/04 22:13:54 IsDone &{0 2024-03-04 22:13:52.900272557 +0800 CST m=+15.896071045 0xc000164240} true
2024/03/04 22:13:54 Order 7 finish Map
2024/03/04 22:13:54 IsDone &{0 2024-03-04 22:13:52.891018104 +0800 CST m=+15.886816594 0xc0001641b0} true
2024/03/04 22:13:54 Order 6 finish Map
2024/03/04 22:13:55 Coordinator work
2024/03/04 22:13:55 Coordinator status 0
2024/03/04 22:13:55 Map: 8 done vs. 0 working, Reduce 0 done vs. 0 working
2024/03/04 22:13:55 forward: forward to Reuce Phase
2024/03/04 22:13:55 making reduce order : 8
2024/03/04 22:13:55 making reduce order : 9
2024/03/04 22:13:55 making reduce order : 10
2024/03/04 22:13:55 making reduce order : 11
2024/03/04 22:13:55 making reduce order : 12
2024/03/04 22:13:55 making reduce order : 13
2024/03/04 22:13:55 making reduce order : 14
2024/03/04 22:13:55 making reduce order : 15
2024/03/04 22:13:55 making reduce order : 16
2024/03/04 22:13:55 Coordinator work
2024/03/04 22:13:55 making reduce order : 17
2024/03/04 22:13:55 done with make reduce order
2024/03/04 22:13:55 Map: 8 done vs. 0 working, Reduce 0 done vs. 10 working
2024/03/04 22:13:55 Coordinator status 1
2024/03/04 22:13:55 Order 8 finish Reduce
2024/03/04 22:13:56 Coordinator work
2024/03/04 22:13:56 Coordinator status 1
2024/03/04 22:13:56 Order 9 finish Reduce
2024/03/04 22:13:57 Coordinator work
2024/03/04 22:13:57 Coordinator status 1
2024/03/04 22:13:57 Order 10 finish Reduce
2024/03/04 22:13:57 Coordinator work
2024/03/04 22:13:57 Coordinator status 1
2024/03/04 22:13:57 Order 11 finish Reduce
2024/03/04 22:13:58 Coordinator work
2024/03/04 22:13:58 Coordinator status 1
2024/03/04 22:13:58 Order 12 finish Reduce
2024/03/04 22:13:58 Coordinator work
2024/03/04 22:13:58 Coordinator status 1
2024/03/04 22:13:58 Order 13 finish Reduce
2024/03/04 22:13:59 Coordinator work
2024/03/04 22:13:59 Coordinator status 1
2024/03/04 22:13:59 Order 14 finish Reduce
2024/03/04 22:14:00 Coordinator work
2024/03/04 22:14:00 Coordinator status 1
2024/03/04 22:14:00 Order 15 finish Reduce
2024/03/04 22:14:01 Coordinator work
2024/03/04 22:14:01 Coordinator status 1
2024/03/04 22:14:01 Order 16 finish Reduce
2024/03/04 22:14:01 Coordinator work
2024/03/04 22:14:01 Coordinator status 1
2024/03/04 22:14:01 Order 17 finish Reduce
2024/03/04 22:14:02 Coordinator work
2024/03/04 22:14:02 Coordinator status 1
2024/03/04 22:14:02 Map: 8 done vs. 0 working, Reduce 10 done vs. 0 working
2024/03/04 22:14:02 forward: forward to done phase
2024/03/04 22:14:02 Coordinator work
2024/03/04 22:14:02 Coordinator status 2
