2024/03/05 05:22:09 making map order &{0 [../pg-being_ernest.txt] 0 10}
2024/03/05 05:22:09 making map order &{0 [../pg-dorian_gray.txt] 1 10}
2024/03/05 05:22:09 making map order &{0 [../pg-frankenstein.txt] 2 10}
2024/03/05 05:22:09 making map order &{0 [../pg-grimm.txt] 3 10}
2024/03/05 05:22:09 making map order &{0 [../pg-huckleberry_finn.txt] 4 10}
2024/03/05 05:22:09 making map order &{0 [../pg-metamorphosis.txt] 5 10}
2024/03/05 05:22:09 making map order &{0 [../pg-sherlock_holmes.txt] 6 10}
2024/03/05 05:22:09 making map order &{0 [../pg-tom_sawyer.txt] 7 10}
2024/03/05 05:22:09 done with make map order
2024/03/05 05:22:09 Map: 0 done vs. 8 working, Reduce 0 done vs. 0 working
2024/03/05 05:22:10 Coordinator work
2024/03/05 05:22:10 Coordinator status 0
2024/03/05 05:22:10 Coordinator work
2024/03/05 05:22:10 Coordinator status 0
2024/03/05 05:22:10 Coordinator work
2024/03/05 05:22:10 Coordinator status 0
2024/03/05 05:22:11 IsDone &{0 2024-03-05 05:22:10.326956627 +0800 CST m=+1.018814220 0xc00008bec0} true
2024/03/05 05:22:11 Order 0 finish Map
2024/03/05 05:22:12 Coordinator work
2024/03/05 05:22:12 Coordinator status 0
2024/03/05 05:22:12 IsDone &{0 2024-03-05 05:22:10.331747775 +0800 CST m=+1.023605376 0xc00008bf50} true
2024/03/05 05:22:12 Order 1 finish Map
2024/03/05 05:22:12 IsDone &{0 2024-03-05 05:22:10.341698881 +0800 CST m=+1.033556480 0xc000110000} true
2024/03/05 05:22:12 Order 2 finish Map
2024/03/05 05:22:13 Coordinator work
2024/03/05 05:22:13 Coordinator status 0
2024/03/05 05:22:13 Coordinator work
2024/03/05 05:22:13 Coordinator status 0
2024/03/05 05:22:14 IsDone &{0 2024-03-05 05:22:13.728483019 +0800 CST m=+4.420340619 0xc0001101b0} true
2024/03/05 05:22:14 Order 5 finish Map
2024/03/05 05:22:14 IsDone &{0 2024-03-05 05:22:12.063580331 +0800 CST m=+2.755437931 0xc000110090} true
2024/03/05 05:22:14 Order 3 finish Map
2024/03/05 05:22:15 Coordinator work
2024/03/05 05:22:15 Coordinator status 0
2024/03/05 05:22:15 Coordinator work
2024/03/05 05:22:15 Coordinator status 0
2024/03/05 05:22:15 IsDone &{0 2024-03-05 05:22:13.213956003 +0800 CST m=+3.905813602 0xc000110120} true
2024/03/05 05:22:15 Order 4 finish Map
2024/03/05 05:22:16 Coordinator work
2024/03/05 05:22:16 Coordinator status 0
2024/03/05 05:22:16 Map: 6 done vs. 2 working, Reduce 0 done vs. 0 working
2024/03/05 05:22:17 IsDone &{0 2024-03-05 05:22:15.60832374 +0800 CST m=+6.300181339 0xc0001102d0} true
2024/03/05 05:22:17 Order 7 finish Map
2024/03/05 05:22:17 IsDone &{0 2024-03-05 05:22:15.385630832 +0800 CST m=+6.077488430 0xc000110240} true
2024/03/05 05:22:17 Order 6 finish Map
2024/03/05 05:22:18 Coordinator work
2024/03/05 05:22:18 Coordinator status 0
2024/03/05 05:22:18 Map: 8 done vs. 0 working, Reduce 0 done vs. 0 working
2024/03/05 05:22:18 forward: forward to Reuce Phase
2024/03/05 05:22:18 making reduce order : 8
2024/03/05 05:22:18 making reduce order : 9
2024/03/05 05:22:18 making reduce order : 10
2024/03/05 05:22:18 making reduce order : 11
2024/03/05 05:22:18 making reduce order : 12
2024/03/05 05:22:18 making reduce order : 13
2024/03/05 05:22:18 making reduce order : 14
2024/03/05 05:22:18 making reduce order : 15
2024/03/05 05:22:18 making reduce order : 16
2024/03/05 05:22:18 making reduce order : 17
2024/03/05 05:22:18 done with make reduce order
2024/03/05 05:22:18 Map: 8 done vs. 0 working, Reduce 0 done vs. 10 working
2024/03/05 05:22:18 Coordinator work
2024/03/05 05:22:18 Coordinator status 1
2024/03/05 05:22:18 Coordinator work
2024/03/05 05:22:18 Coordinator status 1
2024/03/05 05:22:19 Order 8 finish Reduce
2024/03/05 05:22:19 Order 9 finish Reduce
2024/03/05 05:22:20 Coordinator work
2024/03/05 05:22:20 Coordinator status 1
2024/03/05 05:22:20 Coordinator work
2024/03/05 05:22:20 Coordinator status 1
2024/03/05 05:22:20 Coordinator work
2024/03/05 05:22:20 Coordinator status 1
2024/03/05 05:22:21 Order 11 finish Reduce
2024/03/05 05:22:21 Order 12 finish Reduce
2024/03/05 05:22:21 Order 10 finish Reduce
2024/03/05 05:22:22 Coordinator work
2024/03/05 05:22:22 Coordinator status 1
2024/03/05 05:22:22 Coordinator work
2024/03/05 05:22:22 Coordinator status 1
2024/03/05 05:22:22 Coordinator work
2024/03/05 05:22:22 Coordinator status 1
2024/03/05 05:22:22 Order 13 finish Reduce
2024/03/05 05:22:23 Order 15 finish Reduce
2024/03/05 05:22:23 Coordinator work
2024/03/05 05:22:23 Coordinator status 1
2024/03/05 05:22:23 Order 14 finish Reduce
2024/03/05 05:22:24 Coordinator work
2024/03/05 05:22:24 Coordinator status 1
2024/03/05 05:22:24 Order 16 finish Reduce
2024/03/05 05:22:24 Coordinator work
2024/03/05 05:22:24 Coordinator status 1
2024/03/05 05:22:24 Map: 8 done vs. 0 working, Reduce 9 done vs. 1 working
2024/03/05 05:22:25 Order 17 finish Reduce
2024/03/05 05:22:25 Coordinator work
2024/03/05 05:22:25 Coordinator status 1
2024/03/05 05:22:25 Map: 8 done vs. 0 working, Reduce 10 done vs. 0 working
2024/03/05 05:22:25 forward: forward to done phase
2024/03/05 05:22:26 Coordinator work
2024/03/05 05:22:26 Coordinator status 2
2024/03/05 05:22:26 Coordinator work
2024/03/05 05:22:26 Coordinator status 2
