2024/03/04 22:43:59 making map order &{0 [../pg-being_ernest.txt] 0 10}
2024/03/04 22:43:59 making map order &{0 [../pg-dorian_gray.txt] 1 10}
2024/03/04 22:43:59 making map order &{0 [../pg-frankenstein.txt] 2 10}
2024/03/04 22:43:59 making map order &{0 [../pg-grimm.txt] 3 10}
2024/03/04 22:43:59 making map order &{0 [../pg-huckleberry_finn.txt] 4 10}
2024/03/04 22:43:59 making map order &{0 [../pg-metamorphosis.txt] 5 10}
2024/03/04 22:43:59 making map order &{0 [../pg-sherlock_holmes.txt] 6 10}
2024/03/04 22:43:59 making map order &{0 [../pg-tom_sawyer.txt] 7 10}
2024/03/04 22:43:59 done with make map order
2024/03/04 22:43:59 Map: 0 done vs. 8 working, Reduce 0 done vs. 0 working
2024/03/04 22:44:00 Coordinator work
2024/03/04 22:44:00 Coordinator status 0
2024/03/04 22:44:00 Coordinator work
2024/03/04 22:44:00 Coordinator status 0
2024/03/04 22:44:00 IsDone &{0 2024-03-04 22:44:00.686769509 +0800 CST m=+1.015770976 0xc0000a3e60} true
2024/03/04 22:44:00 Order 0 finish Map
2024/03/04 22:44:00 IsDone &{0 2024-03-04 22:44:00.691793852 +0800 CST m=+1.020795324 0xc0000a3ef0} true
2024/03/04 22:44:00 Order 1 finish Map
2024/03/04 22:44:01 Coordinator work
2024/03/04 22:44:01 Coordinator status 0
2024/03/04 22:44:01 Coordinator work
2024/03/04 22:44:01 Coordinator status 0
2024/03/04 22:44:01 IsDone &{0 2024-03-04 22:44:01.69782448 +0800 CST m=+2.026825946 0xc0000a3f80} true
2024/03/04 22:44:01 Order 2 finish Map
2024/03/04 22:44:01 IsDone &{0 2024-03-04 22:44:01.712369529 +0800 CST m=+2.041371000 0xc00011c030} true
2024/03/04 22:44:01 Order 3 finish Map
2024/03/04 22:44:02 Coordinator work
2024/03/04 22:44:02 Coordinator status 0
2024/03/04 22:44:02 Coordinator work
2024/03/04 22:44:02 Coordinator status 0
2024/03/04 22:44:02 IsDone &{0 2024-03-04 22:44:02.734079663 +0800 CST m=+3.063081135 0xc00011c150} true
2024/03/04 22:44:02 Order 5 finish Map
2024/03/04 22:44:02 IsDone &{0 2024-03-04 22:44:02.727206034 +0800 CST m=+3.056207502 0xc00011c0c0} true
2024/03/04 22:44:02 Order 4 finish Map
2024/03/04 22:44:03 Coordinator work
2024/03/04 22:44:03 Coordinator status 0
2024/03/04 22:44:03 Coordinator work
2024/03/04 22:44:03 Coordinator status 0
2024/03/04 22:44:03 IsDone &{0 2024-03-04 22:44:03.742885233 +0800 CST m=+4.071886707 0xc00011c1e0} true
2024/03/04 22:44:03 Order 6 finish Map
2024/03/04 22:44:03 IsDone &{0 2024-03-04 22:44:03.750581997 +0800 CST m=+4.079583469 0xc00011c270} true
2024/03/04 22:44:03 Order 7 finish Map
2024/03/04 22:44:04 Coordinator work
2024/03/04 22:44:04 Coordinator status 0
2024/03/04 22:44:04 Map: 8 done vs. 0 working, Reduce 0 done vs. 0 working
2024/03/04 22:44:04 forward: forward to Reuce Phase
2024/03/04 22:44:04 making reduce order : 8
2024/03/04 22:44:04 making reduce order : 9
2024/03/04 22:44:04 making reduce order : 10
2024/03/04 22:44:04 making reduce order : 11
2024/03/04 22:44:04 making reduce order : 12
2024/03/04 22:44:04 making reduce order : 13
2024/03/04 22:44:04 making reduce order : 14
2024/03/04 22:44:04 making reduce order : 15
2024/03/04 22:44:04 making reduce order : 16
2024/03/04 22:44:04 making reduce order : 17
2024/03/04 22:44:04 done with make reduce order
2024/03/04 22:44:04 Map: 8 done vs. 0 working, Reduce 0 done vs. 10 working
2024/03/04 22:44:04 Coordinator work
2024/03/04 22:44:04 Coordinator status 1
2024/03/04 22:44:05 Order 8 finish Reduce
2024/03/04 22:44:06 Coordinator work
2024/03/04 22:44:06 Coordinator status 1
2024/03/04 22:44:06 Coordinator work
2024/03/04 22:44:06 Coordinator status 1
2024/03/04 22:44:07 Order 9 finish Reduce
2024/03/04 22:44:07 Order 10 finish Reduce
2024/03/04 22:44:08 Coordinator work
2024/03/04 22:44:08 Coordinator status 1
2024/03/04 22:44:08 Coordinator work
2024/03/04 22:44:08 Coordinator status 1
2024/03/04 22:44:10 Order 11 finish Reduce
2024/03/04 22:44:10 Order 12 finish Reduce
2024/03/04 22:44:11 Coordinator work
2024/03/04 22:44:11 Coordinator status 1
2024/03/04 22:44:11 Coordinator work
2024/03/04 22:44:11 Coordinator status 1
2024/03/04 22:44:12 Order 13 finish Reduce
2024/03/04 22:44:12 Order 14 finish Reduce
2024/03/04 22:44:13 Coordinator work
2024/03/04 22:44:13 Coordinator status 1
2024/03/04 22:44:13 Order 15 finish Reduce
2024/03/04 22:44:13 Coordinator work
2024/03/04 22:44:13 Coordinator status 1
2024/03/04 22:44:13 Order 16 finish Reduce
2024/03/04 22:44:14 Coordinator work
2024/03/04 22:44:14 Coordinator status 1
2024/03/04 22:44:14 Coordinator work
2024/03/04 22:44:14 Coordinator status 1
2024/03/04 22:44:14 Map: 8 done vs. 0 working, Reduce 9 done vs. 1 working
2024/03/04 22:44:15 Order 17 finish Reduce
2024/03/04 22:44:16 Coordinator work
2024/03/04 22:44:16 Coordinator status 1
2024/03/04 22:44:16 Map: 8 done vs. 0 working, Reduce 10 done vs. 0 working
2024/03/04 22:44:16 forward: forward to done phase
2024/03/04 22:44:16 Coordinator work
2024/03/04 22:44:16 Coordinator status 2
