2024/03/05 11:37:21 making map order &{0 [../pg-being_ernest.txt] 0 10}
2024/03/05 11:37:21 making map order &{0 [../pg-dorian_gray.txt] 1 10}
2024/03/05 11:37:21 making map order &{0 [../pg-frankenstein.txt] 2 10}
2024/03/05 11:37:21 making map order &{0 [../pg-grimm.txt] 3 10}
2024/03/05 11:37:21 making map order &{0 [../pg-huckleberry_finn.txt] 4 10}
2024/03/05 11:37:21 making map order &{0 [../pg-metamorphosis.txt] 5 10}
2024/03/05 11:37:21 making map order &{0 [../pg-sherlock_holmes.txt] 6 10}
2024/03/05 11:37:21 making map order &{0 [../pg-tom_sawyer.txt] 7 10}
2024/03/05 11:37:21 done with make map order
2024/03/05 11:37:21 Map: 0 done vs. 8 working, Reduce 0 done vs. 0 working
2024/03/05 11:37:22 Coordinator work
2024/03/05 11:37:22 Coordinator status 0
2024/03/05 11:37:22 Coordinator work
2024/03/05 11:37:22 Coordinator status 0
2024/03/05 11:37:22 IsDone &{0 2024-03-05 11:37:22.408992367 +0800 CST m=+1.019699507 0xc000074330} true
2024/03/05 11:37:22 Order 0 finish Map
2024/03/05 11:37:22 Coordinator work
2024/03/05 11:37:22 Coordinator status 0
2024/03/05 11:37:22 IsDone &{0 2024-03-05 11:37:22.414461195 +0800 CST m=+1.025168332 0xc0000743c0} true
2024/03/05 11:37:22 Order 1 finish Map
2024/03/05 11:37:22 Coordinator work
2024/03/05 11:37:22 Coordinator status 0
2024/03/05 11:37:22 IsDone &{0 2024-03-05 11:37:22.449041383 +0800 CST m=+1.059748533 0xc0000744e0} true
2024/03/05 11:37:22 Order 3 finish Map
2024/03/05 11:37:23 Coordinator work
2024/03/05 11:37:23 Coordinator status 0
2024/03/05 11:37:23 Coordinator work
2024/03/05 11:37:23 Coordinator status 0
2024/03/05 11:37:23 Coordinator work
2024/03/05 11:37:23 Coordinator status 0
2024/03/05 11:37:24 Coordinator work
2024/03/05 11:37:24 Coordinator status 0
2024/03/05 11:37:24 IsDone &{0 2024-03-05 11:37:24.46671658 +0800 CST m=+3.077423727 0xc000074720} true
2024/03/05 11:37:24 Order 7 finish Map
2024/03/05 11:37:25 Coordinator work
2024/03/05 11:37:25 Coordinator status 0
2024/03/05 11:37:25 Map: 4 done vs. 4 working, Reduce 0 done vs. 0 working
2024/03/05 11:37:27 Coordinator work
2024/03/05 11:37:27 Coordinator status 0
2024/03/05 11:37:27 Map: 4 done vs. 4 working, Reduce 0 done vs. 0 working
2024/03/05 11:37:27 IsDone &{0 2024-03-05 11:37:23.422131188 +0800 CST m=+2.032838329 0xc000074570} true
2024/03/05 11:37:27 Order 4 finish Map
2024/03/05 11:37:28 IsDone &{0 2024-03-05 11:37:23.466741791 +0800 CST m=+2.077448933 0xc000074690} true
2024/03/05 11:37:28 Order 6 finish Map
2024/03/05 11:37:28 IsDone &{0 2024-03-05 11:37:22.433270013 +0800 CST m=+1.043977155 0xc000074450} true
2024/03/05 11:37:28 Order 2 finish Map
2024/03/05 11:37:28 Coordinator work
2024/03/05 11:37:28 Coordinator status 0
2024/03/05 11:37:28 Map: 7 done vs. 1 working, Reduce 0 done vs. 0 working
2024/03/05 11:37:29 Coordinator work
2024/03/05 11:37:29 Coordinator status 0
2024/03/05 11:37:29 Map: 7 done vs. 1 working, Reduce 0 done vs. 0 working
2024/03/05 11:37:29 Coordinator work
2024/03/05 11:37:29 Coordinator status 0
2024/03/05 11:37:29 Map: 7 done vs. 1 working, Reduce 0 done vs. 0 working
2024/03/05 11:37:29 Coordinator work
2024/03/05 11:37:29 Coordinator status 0
2024/03/05 11:37:29 Map: 7 done vs. 1 working, Reduce 0 done vs. 0 working
2024/03/05 11:37:30 Coordinator work
2024/03/05 11:37:30 Coordinator status 0
2024/03/05 11:37:30 Map: 7 done vs. 1 working, Reduce 0 done vs. 0 working
2024/03/05 11:37:31 Coordinator work
2024/03/05 11:37:31 Coordinator status 0
2024/03/05 11:37:31 Map: 7 done vs. 1 working, Reduce 0 done vs. 0 working
2024/03/05 11:37:31 Coordinator work
2024/03/05 11:37:31 Coordinator status 0
2024/03/05 11:37:31 Map: 7 done vs. 1 working, Reduce 0 done vs. 0 working
2024/03/05 11:37:31 Coordinator work
2024/03/05 11:37:31 Coordinator status 0
2024/03/05 11:37:31 Map: 7 done vs. 1 working, Reduce 0 done vs. 0 working
2024/03/05 11:37:32 Coordinator work
2024/03/05 11:37:32 Coordinator status 0
2024/03/05 11:37:32 Map: 7 done vs. 1 working, Reduce 0 done vs. 0 working
2024/03/05 11:37:33 Coordinator work
2024/03/05 11:37:33 Coordinator status 0
2024/03/05 11:37:33 Map: 7 done vs. 1 working, Reduce 0 done vs. 0 working
2024/03/05 11:37:33 Coordinator work
2024/03/05 11:37:33 Coordinator status 0
2024/03/05 11:37:33 Map: 7 done vs. 1 working, Reduce 0 done vs. 0 working
2024/03/05 11:37:33 Coordinator work
2024/03/05 11:37:33 Coordinator status 0
2024/03/05 11:37:33 Map: 7 done vs. 1 working, Reduce 0 done vs. 0 working
2024/03/05 11:37:34 Coordiantor restart Map order 5
2024/03/05 11:37:34 Coordinator work
2024/03/05 11:37:34 Coordinator status 0
2024/03/05 11:37:34 IsDone &{0 2024-03-05 11:37:34.766374893 +0800 CST m=+13.377082040 0xc000074600} true
2024/03/05 11:37:34 Order 5 finish Map
2024/03/05 11:37:35 Coordinator work
2024/03/05 11:37:35 Coordinator status 0
2024/03/05 11:37:35 Map: 8 done vs. 0 working, Reduce 0 done vs. 0 working
2024/03/05 11:37:35 forward: forward to Reuce Phase
2024/03/05 11:37:35 making reduce order : 8
2024/03/05 11:37:35 making reduce order : 9
2024/03/05 11:37:35 making reduce order : 10
2024/03/05 11:37:35 making reduce order : 11
2024/03/05 11:37:35 making reduce order : 12
2024/03/05 11:37:35 making reduce order : 13
2024/03/05 11:37:35 making reduce order : 14
2024/03/05 11:37:35 making reduce order : 15
2024/03/05 11:37:35 making reduce order : 16
2024/03/05 11:37:35 making reduce order : 17
2024/03/05 11:37:35 done with make reduce order
2024/03/05 11:37:35 Map: 8 done vs. 0 working, Reduce 0 done vs. 10 working
2024/03/05 11:37:35 Coordinator work
2024/03/05 11:37:35 Coordinator status 1
2024/03/05 11:37:35 Order 8 finish Reduce
2024/03/05 11:37:35 Coordinator work
2024/03/05 11:37:35 Coordinator status 1
2024/03/05 11:37:35 Order 9 finish Reduce
2024/03/05 11:37:35 Coordinator work
2024/03/05 11:37:35 Coordinator status 1
2024/03/05 11:37:36 Coordinator work
2024/03/05 11:37:36 Coordinator status 1
2024/03/05 11:37:36 Order 11 finish Reduce
2024/03/05 11:37:36 Coordinator work
2024/03/05 11:37:36 Coordinator status 1
2024/03/05 11:37:36 Order 12 finish Reduce
2024/03/05 11:37:37 Coordinator work
2024/03/05 11:37:37 Coordinator status 1
2024/03/05 11:37:37 Order 13 finish Reduce
2024/03/05 11:37:37 Coordinator work
2024/03/05 11:37:37 Coordinator status 1
2024/03/05 11:37:37 Order 14 finish Reduce
2024/03/05 11:37:37 Coordinator work
2024/03/05 11:37:37 Coordinator status 1
2024/03/05 11:37:37 Order 15 finish Reduce
2024/03/05 11:37:38 Coordinator work
2024/03/05 11:37:38 Coordinator status 1
2024/03/05 11:37:38 Order 16 finish Reduce
2024/03/05 11:37:38 Coordinator work
2024/03/05 11:37:38 Coordinator status 1
2024/03/05 11:37:38 Coordinator work
2024/03/05 11:37:38 Coordinator status 1
2024/03/05 11:37:38 Map: 8 done vs. 0 working, Reduce 8 done vs. 2 working
2024/03/05 11:37:39 Coordinator work
2024/03/05 11:37:39 Coordinator status 1
2024/03/05 11:37:39 Map: 8 done vs. 0 working, Reduce 8 done vs. 2 working
2024/03/05 11:37:40 Coordinator work
2024/03/05 11:37:40 Coordinator status 1
2024/03/05 11:37:40 Map: 8 done vs. 0 working, Reduce 8 done vs. 2 working
2024/03/05 11:37:41 Coordinator work
2024/03/05 11:37:41 Coordinator status 1
2024/03/05 11:37:41 Map: 8 done vs. 0 working, Reduce 8 done vs. 2 working
2024/03/05 11:37:42 Coordinator work
2024/03/05 11:37:42 Coordinator status 1
2024/03/05 11:37:42 Map: 8 done vs. 0 working, Reduce 8 done vs. 2 working
2024/03/05 11:37:43 Coordinator work
2024/03/05 11:37:43 Coordinator status 1
2024/03/05 11:37:43 Map: 8 done vs. 0 working, Reduce 8 done vs. 2 working
2024/03/05 11:37:44 Coordinator work
2024/03/05 11:37:44 Coordinator status 1
2024/03/05 11:37:44 Map: 8 done vs. 0 working, Reduce 8 done vs. 2 working
2024/03/05 11:37:44 Order 17 finish Reduce
2024/03/05 11:37:45 Coordinator work
2024/03/05 11:37:45 Coordinator status 1
2024/03/05 11:37:45 Map: 8 done vs. 0 working, Reduce 9 done vs. 1 working
2024/03/05 11:37:45 Coordinator work
2024/03/05 11:37:45 Coordinator status 1
2024/03/05 11:37:45 Map: 8 done vs. 0 working, Reduce 9 done vs. 1 working
2024/03/05 11:37:46 Coordiantor restart Reduce order 10
2024/03/05 11:37:46 Coordinator work
2024/03/05 11:37:46 Coordinator status 1
2024/03/05 11:37:46 Order 10 finish Reduce
2024/03/05 11:37:47 Coordinator work
2024/03/05 11:37:47 Coordinator status 1
2024/03/05 11:37:47 Map: 8 done vs. 0 working, Reduce 10 done vs. 0 working
2024/03/05 11:37:47 forward: forward to done phase
2024/03/05 11:37:47 Coordinator work
2024/03/05 11:37:47 Coordinator status 2
2024/03/05 11:37:47 Coordinator work
2024/03/05 11:37:47 Coordinator status 2
