2024/03/05 11:08:09 making map order &{0 [../pg-being_ernest.txt] 0 10}
2024/03/05 11:08:09 making map order &{0 [../pg-dorian_gray.txt] 1 10}
2024/03/05 11:08:09 making map order &{0 [../pg-frankenstein.txt] 2 10}
2024/03/05 11:08:09 making map order &{0 [../pg-grimm.txt] 3 10}
2024/03/05 11:08:09 making map order &{0 [../pg-huckleberry_finn.txt] 4 10}
2024/03/05 11:08:09 making map order &{0 [../pg-metamorphosis.txt] 5 10}
2024/03/05 11:08:09 making map order &{0 [../pg-sherlock_holmes.txt] 6 10}
2024/03/05 11:08:09 making map order &{0 [../pg-tom_sawyer.txt] 7 10}
2024/03/05 11:08:09 done with make map order
2024/03/05 11:08:09 Map: 0 done vs. 8 working, Reduce 0 done vs. 0 working
2024/03/05 11:08:10 Coordinator work
2024/03/05 11:08:10 Coordinator status 0
2024/03/05 11:08:10 Coordinator work
2024/03/05 11:08:10 Coordinator status 0
2024/03/05 11:08:10 IsDone &{0 2024-03-05 11:08:10.317323861 +0800 CST m=+1.018293610 0xc000090630} true
2024/03/05 11:08:10 Order 0 finish Map
2024/03/05 11:08:10 IsDone &{0 2024-03-05 11:08:10.322102878 +0800 CST m=+1.023072626 0xc0000906c0} true
2024/03/05 11:08:10 Order 1 finish Map
2024/03/05 11:08:11 Coordinator work
2024/03/05 11:08:11 Coordinator status 0
2024/03/05 11:08:11 Coordinator work
2024/03/05 11:08:11 Coordinator status 0
2024/03/05 11:08:11 IsDone &{0 2024-03-05 11:08:11.568559981 +0800 CST m=+2.269529731 0xc0000907e0} true
2024/03/05 11:08:11 Order 3 finish Map
2024/03/05 11:08:11 IsDone &{0 2024-03-05 11:08:11.478128512 +0800 CST m=+2.179098267 0xc000090750} true
2024/03/05 11:08:11 Order 2 finish Map
2024/03/05 11:08:12 Coordinator work
2024/03/05 11:08:12 Coordinator status 0
2024/03/05 11:08:12 Coordinator work
2024/03/05 11:08:12 Coordinator status 0
2024/03/05 11:08:12 IsDone &{0 2024-03-05 11:08:12.818209626 +0800 CST m=+3.519179375 0xc000090900} true
2024/03/05 11:08:12 Order 5 finish Map
2024/03/05 11:08:13 IsDone &{0 2024-03-05 11:08:12.788801061 +0800 CST m=+3.489770816 0xc000090870} true
2024/03/05 11:08:13 Order 4 finish Map
2024/03/05 11:08:13 Coordinator work
2024/03/05 11:08:13 Coordinator status 0
2024/03/05 11:08:14 Coordinator work
2024/03/05 11:08:14 Coordinator status 0
2024/03/05 11:08:14 IsDone &{0 2024-03-05 11:08:13.927938497 +0800 CST m=+4.628908256 0xc000090990} true
2024/03/05 11:08:14 Order 6 finish Map
2024/03/05 11:08:14 IsDone &{0 2024-03-05 11:08:14.109938392 +0800 CST m=+4.810908143 0xc000090a20} true
2024/03/05 11:08:14 Order 7 finish Map
2024/03/05 11:08:15 Coordinator work
2024/03/05 11:08:15 Coordinator status 0
2024/03/05 11:08:15 Map: 8 done vs. 0 working, Reduce 0 done vs. 0 working
2024/03/05 11:08:15 forward: forward to Reuce Phase
2024/03/05 11:08:15 making reduce order : 8
2024/03/05 11:08:15 making reduce order : 9
2024/03/05 11:08:15 making reduce order : 10
2024/03/05 11:08:15 making reduce order : 11
2024/03/05 11:08:15 making reduce order : 12
2024/03/05 11:08:15 making reduce order : 13
2024/03/05 11:08:15 making reduce order : 14
2024/03/05 11:08:15 making reduce order : 15
2024/03/05 11:08:15 making reduce order : 16
2024/03/05 11:08:15 making reduce order : 17
2024/03/05 11:08:15 done with make reduce order
2024/03/05 11:08:15 Map: 8 done vs. 0 working, Reduce 0 done vs. 10 working
2024/03/05 11:08:15 Coordinator work
2024/03/05 11:08:15 Coordinator status 1
2024/03/05 11:08:15 Order 8 finish Reduce
2024/03/05 11:08:16 Coordinator work
2024/03/05 11:08:16 Coordinator status 1
2024/03/05 11:08:16 Order 9 finish Reduce
2024/03/05 11:08:17 Coordinator work
2024/03/05 11:08:17 Coordinator status 1
2024/03/05 11:08:17 Order 10 finish Reduce
2024/03/05 11:08:17 Coordinator work
2024/03/05 11:08:17 Coordinator status 1
2024/03/05 11:08:17 Order 11 finish Reduce
2024/03/05 11:08:18 Coordinator work
2024/03/05 11:08:18 Coordinator status 1
2024/03/05 11:08:18 Order 12 finish Reduce
2024/03/05 11:08:18 Coordinator work
2024/03/05 11:08:18 Coordinator status 1
2024/03/05 11:08:18 Order 13 finish Reduce
2024/03/05 11:08:19 Coordinator work
2024/03/05 11:08:19 Coordinator status 1
2024/03/05 11:08:19 Order 14 finish Reduce
2024/03/05 11:08:19 Coordinator work
2024/03/05 11:08:19 Coordinator status 1
2024/03/05 11:08:20 Order 15 finish Reduce
2024/03/05 11:08:20 Coordinator work
2024/03/05 11:08:20 Coordinator status 1
2024/03/05 11:08:20 Order 16 finish Reduce
2024/03/05 11:08:21 Coordinator work
2024/03/05 11:08:21 Coordinator status 1
2024/03/05 11:08:21 Order 17 finish Reduce
2024/03/05 11:08:21 Coordinator work
2024/03/05 11:08:21 Coordinator status 1
2024/03/05 11:08:21 Map: 8 done vs. 0 working, Reduce 10 done vs. 0 working
2024/03/05 11:08:21 forward: forward to done phase
2024/03/05 11:08:22 Coordinator work
2024/03/05 11:08:22 Coordinator status 2
