2024/03/05 06:21:24 making map order &{0 [../pg-being_ernest.txt] 0 10}
2024/03/05 06:21:24 making map order &{0 [../pg-dorian_gray.txt] 1 10}
2024/03/05 06:21:24 making map order &{0 [../pg-frankenstein.txt] 2 10}
2024/03/05 06:21:24 making map order &{0 [../pg-grimm.txt] 3 10}
2024/03/05 06:21:24 making map order &{0 [../pg-huckleberry_finn.txt] 4 10}
2024/03/05 06:21:24 making map order &{0 [../pg-metamorphosis.txt] 5 10}
2024/03/05 06:21:24 making map order &{0 [../pg-sherlock_holmes.txt] 6 10}
2024/03/05 06:21:24 making map order &{0 [../pg-tom_sawyer.txt] 7 10}
2024/03/05 06:21:24 done with make map order
2024/03/05 06:21:24 Map: 0 done vs. 8 working, Reduce 0 done vs. 0 working
2024/03/05 06:21:25 Coordinator work
2024/03/05 06:21:25 Coordinator status 0
2024/03/05 06:21:25 Coordinator work
2024/03/05 06:21:25 Coordinator status 0
2024/03/05 06:21:25 Coordinator work
2024/03/05 06:21:25 Coordinator status 0
2024/03/05 06:21:25 IsDone &{0 2024-03-05 06:21:25.076671308 +0800 CST m=+1.031141435 0xc0000744b0} true
2024/03/05 06:21:25 Order 0 finish Map
2024/03/05 06:21:25 IsDone &{0 2024-03-05 06:21:25.084932368 +0800 CST m=+1.039402501 0xc0000745d0} true
2024/03/05 06:21:25 Order 2 finish Map
2024/03/05 06:21:25 IsDone &{0 2024-03-05 06:21:25.080396231 +0800 CST m=+1.034866367 0xc000074540} true
2024/03/05 06:21:25 Order 1 finish Map
2024/03/05 06:21:26 Coordinator work
2024/03/05 06:21:26 Coordinator status 0
2024/03/05 06:21:26 Coordinator work
2024/03/05 06:21:26 Coordinator status 0
2024/03/05 06:21:26 Coordinator work
2024/03/05 06:21:26 Coordinator status 0
2024/03/05 06:21:26 IsDone &{0 2024-03-05 06:21:26.105685135 +0800 CST m=+2.060155271 0xc000074780} true
2024/03/05 06:21:26 Order 5 finish Map
2024/03/05 06:21:26 IsDone &{0 2024-03-05 06:21:26.099031663 +0800 CST m=+2.053501798 0xc0000746f0} true
2024/03/05 06:21:26 Order 4 finish Map
2024/03/05 06:21:26 IsDone &{0 2024-03-05 06:21:26.090551573 +0800 CST m=+2.045021709 0xc000074660} true
2024/03/05 06:21:26 Order 3 finish Map
2024/03/05 06:21:27 Coordinator work
2024/03/05 06:21:27 Coordinator status 0
2024/03/05 06:21:27 Coordinator work
2024/03/05 06:21:27 Coordinator status 0
2024/03/05 06:21:27 Coordinator work
2024/03/05 06:21:27 Coordinator status 0
2024/03/05 06:21:27 Map: 6 done vs. 2 working, Reduce 0 done vs. 0 working
2024/03/05 06:21:27 IsDone &{0 2024-03-05 06:21:27.119192183 +0800 CST m=+3.073662319 0xc000074810} true
2024/03/05 06:21:27 Order 6 finish Map
2024/03/05 06:21:27 IsDone &{0 2024-03-05 06:21:27.130046906 +0800 CST m=+3.084517042 0xc0000748a0} true
2024/03/05 06:21:27 Order 7 finish Map
2024/03/05 06:21:28 Coordinator work
2024/03/05 06:21:28 Coordinator status 0
2024/03/05 06:21:28 Map: 8 done vs. 0 working, Reduce 0 done vs. 0 working
2024/03/05 06:21:28 forward: forward to Reuce Phase
2024/03/05 06:21:28 making reduce order : 8
2024/03/05 06:21:28 making reduce order : 9
2024/03/05 06:21:28 making reduce order : 10
2024/03/05 06:21:28 making reduce order : 11
2024/03/05 06:21:28 making reduce order : 12
2024/03/05 06:21:28 making reduce order : 13
2024/03/05 06:21:28 making reduce order : 14
2024/03/05 06:21:28 making reduce order : 15
2024/03/05 06:21:28 making reduce order : 16
2024/03/05 06:21:28 making reduce order : 17
2024/03/05 06:21:28 done with make reduce order
2024/03/05 06:21:28 Map: 8 done vs. 0 working, Reduce 0 done vs. 10 working
2024/03/05 06:21:28 Coordinator work
2024/03/05 06:21:28 Coordinator status 1
2024/03/05 06:21:28 Order 8 finish Reduce
2024/03/05 06:21:29 Coordinator work
2024/03/05 06:21:29 Coordinator status 1
2024/03/05 06:21:29 Order 9 finish Reduce
2024/03/05 06:21:29 Coordinator work
2024/03/05 06:21:29 Coordinator status 1
2024/03/05 06:21:30 Coordinator work
2024/03/05 06:21:30 Coordinator status 1
2024/03/05 06:21:30 Order 11 finish Reduce
2024/03/05 06:21:30 Coordinator work
2024/03/05 06:21:30 Coordinator status 1
2024/03/05 06:21:30 Order 12 finish Reduce
2024/03/05 06:21:31 Coordinator work
2024/03/05 06:21:31 Coordinator status 1
2024/03/05 06:21:31 Order 13 finish Reduce
2024/03/05 06:21:31 Coordinator work
2024/03/05 06:21:31 Coordinator status 1
2024/03/05 06:21:32 Coordinator work
2024/03/05 06:21:32 Coordinator status 1
2024/03/05 06:21:32 Order 15 finish Reduce
2024/03/05 06:21:32 Order 10 finish Reduce
2024/03/05 06:21:33 Coordinator work
2024/03/05 06:21:33 Coordinator status 1
2024/03/05 06:21:33 Order 16 finish Reduce
2024/03/05 06:21:33 Coordinator work
2024/03/05 06:21:33 Coordinator status 1
2024/03/05 06:21:33 Order 17 finish Reduce
2024/03/05 06:21:34 Coordinator work
2024/03/05 06:21:34 Coordinator status 1
2024/03/05 06:21:34 Map: 8 done vs. 0 working, Reduce 9 done vs. 1 working
2024/03/05 06:21:34 Order 14 finish Reduce
2024/03/05 06:21:34 Coordinator work
2024/03/05 06:21:34 Coordinator status 1
2024/03/05 06:21:34 Map: 8 done vs. 0 working, Reduce 10 done vs. 0 working
2024/03/05 06:21:34 forward: forward to done phase
2024/03/05 06:21:35 Coordinator work
2024/03/05 06:21:35 Coordinator status 2
