2024/03/04 20:28:58 making map order &{0 [../pg-being_ernest.txt] 0 10}
2024/03/04 20:28:58 making map order &{0 [../pg-dorian_gray.txt] 1 10}
2024/03/04 20:28:58 making map order &{0 [../pg-frankenstein.txt] 2 10}
2024/03/04 20:28:58 making map order &{0 [../pg-grimm.txt] 3 10}
2024/03/04 20:28:58 making map order &{0 [../pg-huckleberry_finn.txt] 4 10}
2024/03/04 20:28:58 making map order &{0 [../pg-metamorphosis.txt] 5 10}
2024/03/04 20:28:58 making map order &{0 [../pg-sherlock_holmes.txt] 6 10}
2024/03/04 20:28:58 making map order &{0 [../pg-tom_sawyer.txt] 7 10}
2024/03/04 20:28:58 done with make map order
2024/03/04 20:28:58 Map: 0 done vs. 8 working, Reduce 0 done vs. 0 working
2024/03/04 20:28:59 Coordinator work
2024/03/04 20:28:59 Coordinator status 0
2024/03/04 20:28:59 Coordinator work
2024/03/04 20:28:59 Coordinator status 0
2024/03/04 20:29:00 IsDone &{0 2024-03-04 20:28:59.440232857 +0800 CST m=+1.018967267 0xc00007bdd0} true
2024/03/04 20:29:00 Order 0 finish Map
2024/03/04 20:29:00 IsDone &{0 2024-03-04 20:28:59.441567086 +0800 CST m=+1.020301495 0xc00007be60} true
2024/03/04 20:29:00 Order 1 finish Map
2024/03/04 20:29:01 Coordinator work
2024/03/04 20:29:01 Coordinator status 0
2024/03/04 20:29:01 Coordinator work
2024/03/04 20:29:01 Coordinator status 0
2024/03/04 20:29:02 IsDone &{0 2024-03-04 20:29:01.451120726 +0800 CST m=+3.029855142 0xc00007bef0} true
2024/03/04 20:29:02 Order 2 finish Map
2024/03/04 20:29:02 IsDone &{0 2024-03-04 20:29:01.461147847 +0800 CST m=+3.039882260 0xc00007bf80} true
2024/03/04 20:29:02 Order 3 finish Map
2024/03/04 20:29:03 Coordinator work
2024/03/04 20:29:03 Coordinator status 0
2024/03/04 20:29:03 Coordinator work
2024/03/04 20:29:03 Coordinator status 0
2024/03/04 20:29:04 IsDone &{0 2024-03-04 20:29:03.477397128 +0800 CST m=+5.056131544 0xc00016c0c0} true
2024/03/04 20:29:04 Order 5 finish Map
2024/03/04 20:29:04 IsDone &{0 2024-03-04 20:29:03.472560829 +0800 CST m=+5.051295239 0xc00016c030} true
2024/03/04 20:29:04 Order 4 finish Map
2024/03/04 20:29:05 Coordinator work
2024/03/04 20:29:05 Coordinator status 0
2024/03/04 20:29:05 Coordinator work
2024/03/04 20:29:05 Coordinator status 0
2024/03/04 20:29:06 IsDone &{0 2024-03-04 20:29:05.493701928 +0800 CST m=+7.072436344 0xc00016c1e0} true
2024/03/04 20:29:06 Order 7 finish Map
2024/03/04 20:29:06 IsDone &{0 2024-03-04 20:29:05.491619231 +0800 CST m=+7.070353647 0xc00016c150} true
2024/03/04 20:29:06 Order 6 finish Map
2024/03/04 20:29:07 Coordinator work
2024/03/04 20:29:07 Coordinator status 0
2024/03/04 20:29:07 Map: 8 done vs. 0 working, Reduce 0 done vs. 0 working
2024/03/04 20:29:07 forward: forward to Reuce Phase
2024/03/04 20:29:07 making reduce order : 8
2024/03/04 20:29:07 making reduce order : 9
2024/03/04 20:29:07 making reduce order : 10
2024/03/04 20:29:07 making reduce order : 11
2024/03/04 20:29:07 making reduce order : 12
2024/03/04 20:29:07 making reduce order : 13
2024/03/04 20:29:07 making reduce order : 14
2024/03/04 20:29:07 Coordinator work
2024/03/04 20:29:07 making reduce order : 15
2024/03/04 20:29:07 making reduce order : 16
2024/03/04 20:29:07 making reduce order : 17
2024/03/04 20:29:07 done with make reduce order
2024/03/04 20:29:07 Map: 8 done vs. 0 working, Reduce 0 done vs. 10 working
2024/03/04 20:29:07 Coordinator status 1
2024/03/04 20:29:07 Order 8 finish Reduce
2024/03/04 20:29:08 Coordinator work
2024/03/04 20:29:08 Coordinator status 1
2024/03/04 20:29:08 Order 9 finish Reduce
2024/03/04 20:29:09 Coordinator work
2024/03/04 20:29:09 Coordinator status 1
2024/03/04 20:29:09 Order 10 finish Reduce
2024/03/04 20:29:09 Coordinator work
2024/03/04 20:29:09 Coordinator status 1
2024/03/04 20:29:09 Order 11 finish Reduce
2024/03/04 20:29:10 Coordinator work
2024/03/04 20:29:10 Coordinator status 1
2024/03/04 20:29:10 Order 12 finish Reduce
2024/03/04 20:29:10 Coordinator work
2024/03/04 20:29:10 Coordinator status 1
2024/03/04 20:29:10 Order 13 finish Reduce
2024/03/04 20:29:11 Coordinator work
2024/03/04 20:29:11 Coordinator status 1
2024/03/04 20:29:11 Order 14 finish Reduce
2024/03/04 20:29:11 Coordinator work
2024/03/04 20:29:11 Coordinator status 1
2024/03/04 20:29:11 Order 15 finish Reduce
2024/03/04 20:29:12 Coordinator work
2024/03/04 20:29:12 Coordinator status 1
2024/03/04 20:29:12 Order 16 finish Reduce
2024/03/04 20:29:12 Coordinator work
2024/03/04 20:29:12 Coordinator status 1
2024/03/04 20:29:12 Order 17 finish Reduce
2024/03/04 20:29:13 Coordinator work
2024/03/04 20:29:13 Coordinator status 1
2024/03/04 20:29:13 Map: 8 done vs. 0 working, Reduce 10 done vs. 0 working
2024/03/04 20:29:13 forward: forward to done phase
2024/03/04 20:29:13 Coordinator work
2024/03/04 20:29:13 Coordinator status 2
