2024/03/05 08:20:53 making map order &{0 [../pg-being_ernest.txt] 0 10}
2024/03/05 08:20:53 making map order &{0 [../pg-dorian_gray.txt] 1 10}
2024/03/05 08:20:53 making map order &{0 [../pg-frankenstein.txt] 2 10}
2024/03/05 08:20:53 making map order &{0 [../pg-grimm.txt] 3 10}
2024/03/05 08:20:53 making map order &{0 [../pg-huckleberry_finn.txt] 4 10}
2024/03/05 08:20:53 making map order &{0 [../pg-metamorphosis.txt] 5 10}
2024/03/05 08:20:53 making map order &{0 [../pg-sherlock_holmes.txt] 6 10}
2024/03/05 08:20:53 making map order &{0 [../pg-tom_sawyer.txt] 7 10}
2024/03/05 08:20:53 done with make map order
2024/03/05 08:20:53 Map: 0 done vs. 8 working, Reduce 0 done vs. 0 working
2024/03/05 08:20:54 Coordinator work
2024/03/05 08:20:54 Coordinator status 0
2024/03/05 08:20:54 Coordinator work
2024/03/05 08:20:54 Coordinator status 0
2024/03/05 08:20:58 IsDone &{0 2024-03-05 08:20:54.622901974 +0800 CST m=+1.020441124 0xc0001640c0} true
2024/03/05 08:20:58 Order 0 finish Map
2024/03/05 08:20:58 IsDone &{0 2024-03-05 08:20:54.629231359 +0800 CST m=+1.026770505 0xc000164150} true
2024/03/05 08:20:58 Order 1 finish Map
2024/03/05 08:20:59 Coordinator work
2024/03/05 08:20:59 Coordinator status 0
2024/03/05 08:20:59 Coordinator work
2024/03/05 08:20:59 Coordinator status 0
2024/03/05 08:21:03 IsDone &{0 2024-03-05 08:20:59.714946309 +0800 CST m=+6.112485458 0xc0001641e0} true
2024/03/05 08:21:03 Order 2 finish Map
2024/03/05 08:21:03 IsDone &{0 2024-03-05 08:20:59.729080088 +0800 CST m=+6.126619237 0xc000164270} true
2024/03/05 08:21:03 Order 3 finish Map
2024/03/05 08:21:04 Coordinator work
2024/03/05 08:21:04 Coordinator status 0
2024/03/05 08:21:04 Coordinator work
2024/03/05 08:21:04 Coordinator status 0
2024/03/05 08:21:08 IsDone &{0 2024-03-05 08:21:04.619421452 +0800 CST m=+11.016960601 0xc000164300} true
2024/03/05 08:21:08 Order 4 finish Map
2024/03/05 08:21:08 IsDone &{0 2024-03-05 08:21:04.633483274 +0800 CST m=+11.031022462 0xc000164390} true
2024/03/05 08:21:08 Order 5 finish Map
2024/03/05 08:21:09 Coordinator work
2024/03/05 08:21:09 Coordinator status 0
2024/03/05 08:21:09 Coordinator work
2024/03/05 08:21:09 Coordinator status 0
2024/03/05 08:21:11 IsDone &{0 2024-03-05 08:21:09.489382124 +0800 CST m=+15.886921273 0xc0001644b0} true
2024/03/05 08:21:11 Order 7 finish Map
2024/03/05 08:21:11 IsDone &{0 2024-03-05 08:21:09.486357678 +0800 CST m=+15.883896828 0xc000164420} true
2024/03/05 08:21:11 Order 6 finish Map
2024/03/05 08:21:12 Coordinator work
2024/03/05 08:21:12 Coordinator status 0
2024/03/05 08:21:12 Map: 8 done vs. 0 working, Reduce 0 done vs. 0 working
2024/03/05 08:21:12 forward: forward to Reuce Phase
2024/03/05 08:21:12 making reduce order : 8
2024/03/05 08:21:12 making reduce order : 9
2024/03/05 08:21:12 making reduce order : 10
2024/03/05 08:21:12 making reduce order : 11
2024/03/05 08:21:12 making reduce order : 12
2024/03/05 08:21:12 Coordinator work
2024/03/05 08:21:12 making reduce order : 13
2024/03/05 08:21:12 making reduce order : 14
2024/03/05 08:21:12 making reduce order : 15
2024/03/05 08:21:12 making reduce order : 16
2024/03/05 08:21:12 making reduce order : 17
2024/03/05 08:21:12 done with make reduce order
2024/03/05 08:21:12 Map: 8 done vs. 0 working, Reduce 0 done vs. 10 working
2024/03/05 08:21:12 Coordinator status 1
2024/03/05 08:21:12 Order 8 finish Reduce
2024/03/05 08:21:13 Coordinator work
2024/03/05 08:21:13 Coordinator status 1
2024/03/05 08:21:13 Order 9 finish Reduce
2024/03/05 08:21:14 Coordinator work
2024/03/05 08:21:14 Coordinator status 1
2024/03/05 08:21:14 Order 10 finish Reduce
2024/03/05 08:21:14 Coordinator work
2024/03/05 08:21:14 Coordinator status 1
2024/03/05 08:21:14 Order 11 finish Reduce
2024/03/05 08:21:15 Coordinator work
2024/03/05 08:21:15 Coordinator status 1
2024/03/05 08:21:15 Order 12 finish Reduce
2024/03/05 08:21:15 Coordinator work
2024/03/05 08:21:15 Coordinator status 1
2024/03/05 08:21:15 Order 13 finish Reduce
2024/03/05 08:21:16 Coordinator work
2024/03/05 08:21:16 Coordinator status 1
2024/03/05 08:21:16 Order 14 finish Reduce
2024/03/05 08:21:16 Coordinator work
2024/03/05 08:21:16 Coordinator status 1
2024/03/05 08:21:16 Order 15 finish Reduce
2024/03/05 08:21:17 Coordinator work
2024/03/05 08:21:17 Coordinator status 1
2024/03/05 08:21:17 Order 16 finish Reduce
2024/03/05 08:21:17 Coordinator work
2024/03/05 08:21:17 Coordinator status 1
2024/03/05 08:21:17 Order 17 finish Reduce
2024/03/05 08:21:18 Coordinator work
2024/03/05 08:21:18 Coordinator status 1
2024/03/05 08:21:18 Map: 8 done vs. 0 working, Reduce 10 done vs. 0 working
2024/03/05 08:21:18 forward: forward to done phase
2024/03/05 08:21:18 Coordinator work
2024/03/05 08:21:18 Coordinator status 2
