2024/03/05 04:25:25 making map order &{0 [../pg-being_ernest.txt] 0 10}
2024/03/05 04:25:25 making map order &{0 [../pg-dorian_gray.txt] 1 10}
2024/03/05 04:25:25 making map order &{0 [../pg-frankenstein.txt] 2 10}
2024/03/05 04:25:25 making map order &{0 [../pg-grimm.txt] 3 10}
2024/03/05 04:25:25 making map order &{0 [../pg-huckleberry_finn.txt] 4 10}
2024/03/05 04:25:25 making map order &{0 [../pg-metamorphosis.txt] 5 10}
2024/03/05 04:25:25 making map order &{0 [../pg-sherlock_holmes.txt] 6 10}
2024/03/05 04:25:25 making map order &{0 [../pg-tom_sawyer.txt] 7 10}
2024/03/05 04:25:25 done with make map order
2024/03/05 04:25:25 Map: 0 done vs. 8 working, Reduce 0 done vs. 0 working
2024/03/05 04:25:26 Coordinator work
2024/03/05 04:25:26 Coordinator status 0
2024/03/05 04:25:26 Coordinator work
2024/03/05 04:25:26 Coordinator status 0
2024/03/05 04:25:30 IsDone &{0 2024-03-05 04:25:26.24880473 +0800 CST m=+1.015458963 0xc000072450} true
2024/03/05 04:25:30 Order 0 finish Map
2024/03/05 04:25:30 IsDone &{0 2024-03-05 04:25:26.253460089 +0800 CST m=+1.020114320 0xc0000724e0} true
2024/03/05 04:25:30 Order 1 finish Map
2024/03/05 04:25:31 Coordinator work
2024/03/05 04:25:31 Coordinator status 0
2024/03/05 04:25:31 Coordinator work
2024/03/05 04:25:31 Coordinator status 0
2024/03/05 04:25:35 IsDone &{0 2024-03-05 04:25:31.342996502 +0800 CST m=+6.109650739 0xc000072570} true
2024/03/05 04:25:35 Order 2 finish Map
2024/03/05 04:25:35 IsDone &{0 2024-03-05 04:25:31.358617211 +0800 CST m=+6.125271448 0xc000072600} true
2024/03/05 04:25:35 Order 3 finish Map
2024/03/05 04:25:36 Coordinator work
2024/03/05 04:25:36 Coordinator status 0
2024/03/05 04:25:36 Coordinator work
2024/03/05 04:25:36 Coordinator status 0
2024/03/05 04:25:40 IsDone &{0 2024-03-05 04:25:36.24501954 +0800 CST m=+11.011673775 0xc000072690} true
2024/03/05 04:25:40 Order 4 finish Map
2024/03/05 04:25:40 IsDone &{0 2024-03-05 04:25:36.262691472 +0800 CST m=+11.029345707 0xc000072720} true
2024/03/05 04:25:40 Order 5 finish Map
2024/03/05 04:25:41 Coordinator work
2024/03/05 04:25:41 Coordinator status 0
2024/03/05 04:25:41 Coordinator work
2024/03/05 04:25:41 Coordinator status 0
2024/03/05 04:25:43 IsDone &{0 2024-03-05 04:25:41.119198039 +0800 CST m=+15.885852272 0xc000072840} true
2024/03/05 04:25:43 Order 7 finish Map
2024/03/05 04:25:43 IsDone &{0 2024-03-05 04:25:41.113492854 +0800 CST m=+15.880147088 0xc0000727b0} true
2024/03/05 04:25:43 Order 6 finish Map
2024/03/05 04:25:44 Coordinator work
2024/03/05 04:25:44 Coordinator status 0
2024/03/05 04:25:44 Map: 8 done vs. 0 working, Reduce 0 done vs. 0 working
2024/03/05 04:25:44 forward: forward to Reuce Phase
2024/03/05 04:25:44 making reduce order : 8
2024/03/05 04:25:44 making reduce order : 9
2024/03/05 04:25:44 Coordinator work
2024/03/05 04:25:44 making reduce order : 10
2024/03/05 04:25:44 making reduce order : 11
2024/03/05 04:25:44 making reduce order : 12
2024/03/05 04:25:44 making reduce order : 13
2024/03/05 04:25:44 making reduce order : 14
2024/03/05 04:25:44 making reduce order : 15
2024/03/05 04:25:44 making reduce order : 16
2024/03/05 04:25:44 making reduce order : 17
2024/03/05 04:25:44 done with make reduce order
2024/03/05 04:25:44 Map: 8 done vs. 0 working, Reduce 0 done vs. 10 working
2024/03/05 04:25:44 Coordinator status 1
2024/03/05 04:25:44 Order 8 finish Reduce
2024/03/05 04:25:45 Coordinator work
2024/03/05 04:25:45 Coordinator status 1
2024/03/05 04:25:45 Order 9 finish Reduce
2024/03/05 04:25:46 Coordinator work
2024/03/05 04:25:46 Coordinator status 1
2024/03/05 04:25:46 Order 10 finish Reduce
2024/03/05 04:25:46 Coordinator work
2024/03/05 04:25:46 Coordinator status 1
2024/03/05 04:25:46 Order 11 finish Reduce
2024/03/05 04:25:47 Coordinator work
2024/03/05 04:25:47 Coordinator status 1
2024/03/05 04:25:47 Order 12 finish Reduce
2024/03/05 04:25:47 Coordinator work
2024/03/05 04:25:47 Coordinator status 1
2024/03/05 04:25:47 Order 13 finish Reduce
2024/03/05 04:25:48 Coordinator work
2024/03/05 04:25:48 Coordinator status 1
2024/03/05 04:25:48 Order 14 finish Reduce
2024/03/05 04:25:48 Coordinator work
2024/03/05 04:25:48 Coordinator status 1
2024/03/05 04:25:48 Order 15 finish Reduce
2024/03/05 04:25:49 Coordinator work
2024/03/05 04:25:49 Coordinator status 1
2024/03/05 04:25:49 Order 16 finish Reduce
2024/03/05 04:25:49 Coordinator work
2024/03/05 04:25:49 Coordinator status 1
2024/03/05 04:25:49 Order 17 finish Reduce
2024/03/05 04:25:50 Coordinator work
2024/03/05 04:25:50 Coordinator status 1
2024/03/05 04:25:50 Map: 8 done vs. 0 working, Reduce 10 done vs. 0 working
2024/03/05 04:25:50 forward: forward to done phase
2024/03/05 04:25:50 Coordinator work
2024/03/05 04:25:50 Coordinator status 2
