2024/03/05 06:33:14 making map order &{0 [../pg-being_ernest.txt] 0 10}
2024/03/05 06:33:14 making map order &{0 [../pg-dorian_gray.txt] 1 10}
2024/03/05 06:33:14 making map order &{0 [../pg-frankenstein.txt] 2 10}
2024/03/05 06:33:14 making map order &{0 [../pg-grimm.txt] 3 10}
2024/03/05 06:33:14 making map order &{0 [../pg-huckleberry_finn.txt] 4 10}
2024/03/05 06:33:14 making map order &{0 [../pg-metamorphosis.txt] 5 10}
2024/03/05 06:33:14 making map order &{0 [../pg-sherlock_holmes.txt] 6 10}
2024/03/05 06:33:14 making map order &{0 [../pg-tom_sawyer.txt] 7 10}
2024/03/05 06:33:14 done with make map order
2024/03/05 06:33:14 Map: 0 done vs. 8 working, Reduce 0 done vs. 0 working
2024/03/05 06:33:15 Coordinator work
2024/03/05 06:33:15 Coordinator status 0
2024/03/05 06:33:15 IsDone &{0 2024-03-05 06:33:15.449363516 +0800 CST m=+1.022657213 0xc000074330} true
2024/03/05 06:33:15 Order 0 finish Map
2024/03/05 06:33:15 Coordinator work
2024/03/05 06:33:15 Coordinator status 0
2024/03/05 06:33:15 Coordinator work
2024/03/05 06:33:15 Coordinator status 0
2024/03/05 06:33:15 IsDone &{0 2024-03-05 06:33:15.461690372 +0800 CST m=+1.034984064 0xc0000743c0} true
2024/03/05 06:33:15 Order 1 finish Map
2024/03/05 06:33:15 IsDone &{0 2024-03-05 06:33:15.46517783 +0800 CST m=+1.038471523 0xc000074450} true
2024/03/05 06:33:15 Order 2 finish Map
2024/03/05 06:33:16 Coordinator work
2024/03/05 06:33:16 Coordinator status 0
2024/03/05 06:33:16 IsDone &{0 2024-03-05 06:33:16.46229707 +0800 CST m=+2.035590763 0xc0000744e0} true
2024/03/05 06:33:16 Order 3 finish Map
2024/03/05 06:33:16 Coordinator work
2024/03/05 06:33:16 Coordinator status 0
2024/03/05 06:33:16 Coordinator work
2024/03/05 06:33:16 Coordinator status 0
2024/03/05 06:33:16 IsDone &{0 2024-03-05 06:33:16.488633557 +0800 CST m=+2.061927256 0xc000074600} true
2024/03/05 06:33:16 Order 5 finish Map
2024/03/05 06:33:16 IsDone &{0 2024-03-05 06:33:16.482610272 +0800 CST m=+2.055903967 0xc000074570} true
2024/03/05 06:33:16 Order 4 finish Map
2024/03/05 06:33:17 Coordinator work
2024/03/05 06:33:17 Coordinator status 0
2024/03/05 06:33:17 Coordinator work
2024/03/05 06:33:17 Coordinator status 0
2024/03/05 06:33:17 Coordinator work
2024/03/05 06:33:17 IsDone &{0 2024-03-05 06:33:17.482723209 +0800 CST m=+3.056016908 0xc000074690} true
2024/03/05 06:33:17 Order 6 finish Map
2024/03/05 06:33:17 Coordinator status 0
2024/03/05 06:33:17 Map: 7 done vs. 1 working, Reduce 0 done vs. 0 working
2024/03/05 06:33:17 IsDone &{0 2024-03-05 06:33:17.501054859 +0800 CST m=+3.074348554 0xc000074720} true
2024/03/05 06:33:17 Order 7 finish Map
2024/03/05 06:33:18 Coordinator work
2024/03/05 06:33:18 Coordinator status 0
2024/03/05 06:33:18 Map: 8 done vs. 0 working, Reduce 0 done vs. 0 working
2024/03/05 06:33:18 forward: forward to Reuce Phase
2024/03/05 06:33:18 making reduce order : 8
2024/03/05 06:33:18 making reduce order : 9
2024/03/05 06:33:18 making reduce order : 10
2024/03/05 06:33:18 making reduce order : 11
2024/03/05 06:33:18 making reduce order : 12
2024/03/05 06:33:18 making reduce order : 13
2024/03/05 06:33:18 making reduce order : 14
2024/03/05 06:33:18 making reduce order : 15
2024/03/05 06:33:18 making reduce order : 16
2024/03/05 06:33:18 making reduce order : 17
2024/03/05 06:33:18 done with make reduce order
2024/03/05 06:33:18 Map: 8 done vs. 0 working, Reduce 0 done vs. 10 working
2024/03/05 06:33:18 Coordinator work
2024/03/05 06:33:18 Coordinator status 1
2024/03/05 06:33:18 Order 8 finish Reduce
2024/03/05 06:33:19 Coordinator work
2024/03/05 06:33:19 Coordinator status 1
2024/03/05 06:33:19 Order 9 finish Reduce
2024/03/05 06:33:19 Coordinator work
2024/03/05 06:33:19 Coordinator status 1
2024/03/05 06:33:20 Coordinator work
2024/03/05 06:33:20 Coordinator status 1
2024/03/05 06:33:20 Order 11 finish Reduce
2024/03/05 06:33:20 Coordinator work
2024/03/05 06:33:20 Coordinator status 1
2024/03/05 06:33:20 Order 12 finish Reduce
2024/03/05 06:33:21 Coordinator work
2024/03/05 06:33:21 Coordinator status 1
2024/03/05 06:33:21 Order 13 finish Reduce
2024/03/05 06:33:21 Coordinator work
2024/03/05 06:33:21 Coordinator status 1
2024/03/05 06:33:22 Coordinator work
2024/03/05 06:33:22 Coordinator status 1
2024/03/05 06:33:22 Order 10 finish Reduce
2024/03/05 06:33:22 Order 15 finish Reduce
2024/03/05 06:33:23 Coordinator work
2024/03/05 06:33:23 Coordinator status 1
2024/03/05 06:33:23 Coordinator work
2024/03/05 06:33:23 Coordinator status 1
2024/03/05 06:33:23 Order 16 finish Reduce
2024/03/05 06:33:23 Order 17 finish Reduce
2024/03/05 06:33:24 Order 14 finish Reduce
2024/03/05 06:33:24 Coordinator work
2024/03/05 06:33:24 Coordinator status 1
2024/03/05 06:33:24 Map: 8 done vs. 0 working, Reduce 10 done vs. 0 working
2024/03/05 06:33:24 forward: forward to done phase
2024/03/05 06:33:24 Coordinator work
2024/03/05 06:33:24 Coordinator status 2
2024/03/05 06:33:25 Coordinator work
2024/03/05 06:33:25 Coordinator status 2
