2024/03/05 04:35:05 making map order &{0 [../pg-being_ernest.txt] 0 10}
2024/03/05 04:35:05 making map order &{0 [../pg-dorian_gray.txt] 1 10}
2024/03/05 04:35:05 making map order &{0 [../pg-frankenstein.txt] 2 10}
2024/03/05 04:35:05 making map order &{0 [../pg-grimm.txt] 3 10}
2024/03/05 04:35:05 making map order &{0 [../pg-huckleberry_finn.txt] 4 10}
2024/03/05 04:35:05 making map order &{0 [../pg-metamorphosis.txt] 5 10}
2024/03/05 04:35:05 making map order &{0 [../pg-sherlock_holmes.txt] 6 10}
2024/03/05 04:35:05 making map order &{0 [../pg-tom_sawyer.txt] 7 10}
2024/03/05 04:35:05 done with make map order
2024/03/05 04:35:05 Map: 0 done vs. 8 working, Reduce 0 done vs. 0 working
2024/03/05 04:35:06 Coordinator work
2024/03/05 04:35:06 Coordinator status 0
2024/03/05 04:35:06 Coordinator work
2024/03/05 04:35:06 Coordinator status 0
2024/03/05 04:35:06 Coordinator work
2024/03/05 04:35:06 Coordinator status 0
2024/03/05 04:35:07 IsDone &{0 2024-03-05 04:35:06.350518964 +0800 CST m=+1.018144467 0xc00007e360} true
2024/03/05 04:35:07 Order 0 finish Map
2024/03/05 04:35:08 Coordinator work
2024/03/05 04:35:08 Coordinator status 0
2024/03/05 04:35:08 IsDone &{0 2024-03-05 04:35:06.381726255 +0800 CST m=+1.049351752 0xc00007e480} true
2024/03/05 04:35:08 Order 2 finish Map
2024/03/05 04:35:08 IsDone &{0 2024-03-05 04:35:06.368146936 +0800 CST m=+1.035772432 0xc00007e3f0} true
2024/03/05 04:35:08 Order 1 finish Map
2024/03/05 04:35:09 Coordinator work
2024/03/05 04:35:09 Coordinator status 0
2024/03/05 04:35:09 Coordinator work
2024/03/05 04:35:09 Coordinator status 0
2024/03/05 04:35:10 IsDone &{0 2024-03-05 04:35:08.244325046 +0800 CST m=+2.911950543 0xc00007e510} true
2024/03/05 04:35:10 Order 3 finish Map
2024/03/05 04:35:10 IsDone &{0 2024-03-05 04:35:09.808138896 +0800 CST m=+4.475764395 0xc00007e630} true
2024/03/05 04:35:10 Order 5 finish Map
2024/03/05 04:35:11 Coordinator work
2024/03/05 04:35:11 Coordinator status 0
2024/03/05 04:35:11 Coordinator work
2024/03/05 04:35:11 Coordinator status 0
2024/03/05 04:35:11 IsDone &{0 2024-03-05 04:35:09.606183279 +0800 CST m=+4.273808770 0xc00007e5a0} true
2024/03/05 04:35:11 Order 4 finish Map
2024/03/05 04:35:12 Coordinator work
2024/03/05 04:35:12 Coordinator status 0
2024/03/05 04:35:12 Map: 6 done vs. 2 working, Reduce 0 done vs. 0 working
2024/03/05 04:35:12 IsDone &{0 2024-03-05 04:35:11.470642726 +0800 CST m=+6.138268223 0xc00007e750} true
2024/03/05 04:35:12 Order 7 finish Map
2024/03/05 04:35:13 IsDone &{0 2024-03-05 04:35:11.390770932 +0800 CST m=+6.058396428 0xc00007e6c0} true
2024/03/05 04:35:13 Order 6 finish Map
2024/03/05 04:35:13 Coordinator work
2024/03/05 04:35:13 Coordinator status 0
2024/03/05 04:35:13 Map: 8 done vs. 0 working, Reduce 0 done vs. 0 working
2024/03/05 04:35:13 forward: forward to Reuce Phase
2024/03/05 04:35:13 making reduce order : 8
2024/03/05 04:35:13 making reduce order : 9
2024/03/05 04:35:13 making reduce order : 10
2024/03/05 04:35:13 making reduce order : 11
2024/03/05 04:35:13 making reduce order : 12
2024/03/05 04:35:13 making reduce order : 13
2024/03/05 04:35:13 making reduce order : 14
2024/03/05 04:35:13 making reduce order : 15
2024/03/05 04:35:13 making reduce order : 16
2024/03/05 04:35:13 making reduce order : 17
2024/03/05 04:35:13 done with make reduce order
2024/03/05 04:35:13 Map: 8 done vs. 0 working, Reduce 0 done vs. 10 working
2024/03/05 04:35:14 Coordinator work
2024/03/05 04:35:14 Coordinator status 1
2024/03/05 04:35:14 Coordinator work
2024/03/05 04:35:14 Coordinator status 1
2024/03/05 04:35:14 Order 8 finish Reduce
2024/03/05 04:35:15 Order 9 finish Reduce
2024/03/05 04:35:15 Coordinator work
2024/03/05 04:35:15 Coordinator status 1
2024/03/05 04:35:15 Coordinator work
2024/03/05 04:35:15 Coordinator status 1
2024/03/05 04:35:16 Coordinator work
2024/03/05 04:35:16 Coordinator status 1
2024/03/05 04:35:16 Order 11 finish Reduce
2024/03/05 04:35:17 Order 12 finish Reduce
2024/03/05 04:35:17 Order 10 finish Reduce
2024/03/05 04:35:17 Coordinator work
2024/03/05 04:35:17 Coordinator status 1
2024/03/05 04:35:18 Coordinator work
2024/03/05 04:35:18 Coordinator status 1
2024/03/05 04:35:18 Order 13 finish Reduce
2024/03/05 04:35:18 Coordinator work
2024/03/05 04:35:18 Coordinator status 1
2024/03/05 04:35:19 Order 15 finish Reduce
2024/03/05 04:35:19 Coordinator work
2024/03/05 04:35:19 Coordinator status 1
2024/03/05 04:35:19 Order 14 finish Reduce
2024/03/05 04:35:20 Coordinator work
2024/03/05 04:35:20 Coordinator status 1
2024/03/05 04:35:20 Order 16 finish Reduce
2024/03/05 04:35:20 Coordinator work
2024/03/05 04:35:20 Coordinator status 1
2024/03/05 04:35:20 Map: 8 done vs. 0 working, Reduce 9 done vs. 1 working
2024/03/05 04:35:20 Order 17 finish Reduce
2024/03/05 04:35:21 Coordinator work
2024/03/05 04:35:21 Coordinator status 1
2024/03/05 04:35:21 Map: 8 done vs. 0 working, Reduce 10 done vs. 0 working
2024/03/05 04:35:21 forward: forward to done phase
2024/03/05 04:35:21 Coordinator work
2024/03/05 04:35:21 Coordinator status 2
2024/03/05 04:35:22 Coordinator work
2024/03/05 04:35:22 Coordinator status 2
