2024/03/05 01:50:37 making map order &{0 [../pg-being_ernest.txt] 0 10}
2024/03/05 01:50:37 making map order &{0 [../pg-dorian_gray.txt] 1 10}
2024/03/05 01:50:37 making map order &{0 [../pg-frankenstein.txt] 2 10}
2024/03/05 01:50:37 making map order &{0 [../pg-grimm.txt] 3 10}
2024/03/05 01:50:37 making map order &{0 [../pg-huckleberry_finn.txt] 4 10}
2024/03/05 01:50:37 making map order &{0 [../pg-metamorphosis.txt] 5 10}
2024/03/05 01:50:37 making map order &{0 [../pg-sherlock_holmes.txt] 6 10}
2024/03/05 01:50:37 making map order &{0 [../pg-tom_sawyer.txt] 7 10}
2024/03/05 01:50:37 done with make map order
2024/03/05 01:50:37 Map: 0 done vs. 8 working, Reduce 0 done vs. 0 working
2024/03/05 01:50:38 Coordinator work
2024/03/05 01:50:38 Coordinator status 0
2024/03/05 01:50:38 Coordinator work
2024/03/05 01:50:38 Coordinator status 0
2024/03/05 01:50:38 Coordinator work
2024/03/05 01:50:38 Coordinator status 0
2024/03/05 01:50:38 IsDone &{0 2024-03-05 01:50:38.253963593 +0800 CST m=+1.024571094 0xc00007c660} true
2024/03/05 01:50:38 Order 0 finish Map
2024/03/05 01:50:39 IsDone &{0 2024-03-05 01:50:38.259507565 +0800 CST m=+1.030115090 0xc00007c6f0} true
2024/03/05 01:50:39 Order 1 finish Map
2024/03/05 01:50:39 Coordinator work
2024/03/05 01:50:39 Coordinator status 0
2024/03/05 01:50:40 IsDone &{0 2024-03-05 01:50:38.268075457 +0800 CST m=+1.038682977 0xc00007c780} true
2024/03/05 01:50:40 Order 2 finish Map
2024/03/05 01:50:40 Coordinator work
2024/03/05 01:50:40 Coordinator status 0
2024/03/05 01:50:41 Coordinator work
2024/03/05 01:50:41 Coordinator status 0
2024/03/05 01:50:41 IsDone &{0 2024-03-05 01:50:41.031675965 +0800 CST m=+3.802283484 0xc00007c930} true
2024/03/05 01:50:41 Order 5 finish Map
2024/03/05 01:50:42 IsDone &{0 2024-03-05 01:50:39.970045336 +0800 CST m=+2.740652855 0xc00007c810} true
2024/03/05 01:50:42 Order 3 finish Map
2024/03/05 01:50:42 Coordinator work
2024/03/05 01:50:42 Coordinator status 0
2024/03/05 01:50:43 Coordinator work
2024/03/05 01:50:43 Coordinator status 0
2024/03/05 01:50:43 IsDone &{0 2024-03-05 01:50:40.819446106 +0800 CST m=+3.590053628 0xc00007c8a0} true
2024/03/05 01:50:43 Order 4 finish Map
2024/03/05 01:50:44 Coordinator work
2024/03/05 01:50:44 Coordinator status 0
2024/03/05 01:50:44 Map: 6 done vs. 2 working, Reduce 0 done vs. 0 working
2024/03/05 01:50:44 IsDone &{0 2024-03-05 01:50:43.017741204 +0800 CST m=+5.788348733 0xc00007ca50} true
2024/03/05 01:50:44 Order 7 finish Map
2024/03/05 01:50:45 IsDone &{0 2024-03-05 01:50:42.958018488 +0800 CST m=+5.728626006 0xc00007c9c0} true
2024/03/05 01:50:45 Order 6 finish Map
2024/03/05 01:50:45 Coordinator work
2024/03/05 01:50:45 Coordinator status 0
2024/03/05 01:50:45 Map: 8 done vs. 0 working, Reduce 0 done vs. 0 working
2024/03/05 01:50:45 forward: forward to Reuce Phase
2024/03/05 01:50:45 making reduce order : 8
2024/03/05 01:50:45 making reduce order : 9
2024/03/05 01:50:45 making reduce order : 10
2024/03/05 01:50:45 making reduce order : 11
2024/03/05 01:50:45 making reduce order : 12
2024/03/05 01:50:45 making reduce order : 13
2024/03/05 01:50:45 making reduce order : 14
2024/03/05 01:50:45 making reduce order : 15
2024/03/05 01:50:45 making reduce order : 16
2024/03/05 01:50:45 making reduce order : 17
2024/03/05 01:50:45 done with make reduce order
2024/03/05 01:50:45 Map: 8 done vs. 0 working, Reduce 0 done vs. 10 working
2024/03/05 01:50:46 Coordinator work
2024/03/05 01:50:46 Coordinator status 1
2024/03/05 01:50:46 Coordinator work
2024/03/05 01:50:46 Coordinator status 1
2024/03/05 01:50:46 Order 8 finish Reduce
2024/03/05 01:50:46 Order 9 finish Reduce
2024/03/05 01:50:47 Coordinator work
2024/03/05 01:50:47 Coordinator status 1
2024/03/05 01:50:47 Coordinator work
2024/03/05 01:50:47 Coordinator status 1
2024/03/05 01:50:47 Coordinator work
2024/03/05 01:50:47 Coordinator status 1
2024/03/05 01:50:48 Order 11 finish Reduce
2024/03/05 01:50:48 Order 12 finish Reduce
2024/03/05 01:50:49 Order 10 finish Reduce
2024/03/05 01:50:49 Coordinator work
2024/03/05 01:50:49 Coordinator status 1
2024/03/05 01:50:49 Coordinator work
2024/03/05 01:50:49 Coordinator status 1
2024/03/05 01:50:50 Order 13 finish Reduce
2024/03/05 01:50:50 Coordinator work
2024/03/05 01:50:50 Coordinator status 1
2024/03/05 01:50:51 Coordinator work
2024/03/05 01:50:51 Coordinator status 1
2024/03/05 01:50:51 Order 15 finish Reduce
2024/03/05 01:50:51 Order 14 finish Reduce
2024/03/05 01:50:52 Coordinator work
2024/03/05 01:50:52 Coordinator status 1
2024/03/05 01:50:52 Order 16 finish Reduce
2024/03/05 01:50:52 Coordinator work
2024/03/05 01:50:52 Coordinator status 1
2024/03/05 01:50:52 Map: 8 done vs. 0 working, Reduce 9 done vs. 1 working
2024/03/05 01:50:52 Order 17 finish Reduce
2024/03/05 01:50:53 Coordinator work
2024/03/05 01:50:53 Coordinator status 1
2024/03/05 01:50:53 Map: 8 done vs. 0 working, Reduce 10 done vs. 0 working
2024/03/05 01:50:53 forward: forward to done phase
2024/03/05 01:50:53 Coordinator work
2024/03/05 01:50:53 Coordinator status 2
2024/03/05 01:50:54 Coordinator work
2024/03/05 01:50:54 Coordinator status 2
