2024/03/05 10:19:17 making map order &{0 [../pg-being_ernest.txt] 0 10}
2024/03/05 10:19:17 making map order &{0 [../pg-dorian_gray.txt] 1 10}
2024/03/05 10:19:17 making map order &{0 [../pg-frankenstein.txt] 2 10}
2024/03/05 10:19:17 making map order &{0 [../pg-grimm.txt] 3 10}
2024/03/05 10:19:17 making map order &{0 [../pg-huckleberry_finn.txt] 4 10}
2024/03/05 10:19:17 making map order &{0 [../pg-metamorphosis.txt] 5 10}
2024/03/05 10:19:17 making map order &{0 [../pg-sherlock_holmes.txt] 6 10}
2024/03/05 10:19:17 making map order &{0 [../pg-tom_sawyer.txt] 7 10}
2024/03/05 10:19:17 done with make map order
2024/03/05 10:19:17 Map: 0 done vs. 8 working, Reduce 0 done vs. 0 working
2024/03/05 10:19:18 Coordinator work
2024/03/05 10:19:18 Coordinator status 0
2024/03/05 10:19:18 Coordinator work
2024/03/05 10:19:18 Coordinator status 0
2024/03/05 10:19:18 IsDone &{0 2024-03-05 10:19:18.560850474 +0800 CST m=+1.021104496 0xc000112090} true
2024/03/05 10:19:18 Order 0 finish Map
2024/03/05 10:19:18 IsDone &{0 2024-03-05 10:19:18.566014383 +0800 CST m=+1.026268406 0xc000112120} true
2024/03/05 10:19:18 Order 1 finish Map
2024/03/05 10:19:19 Coordinator work
2024/03/05 10:19:19 Coordinator status 0
2024/03/05 10:19:19 Coordinator work
2024/03/05 10:19:19 Coordinator status 0
2024/03/05 10:19:20 IsDone &{0 2024-03-05 10:19:19.700273536 +0800 CST m=+2.160527555 0xc0001121b0} true
2024/03/05 10:19:20 Order 2 finish Map
2024/03/05 10:19:20 IsDone &{0 2024-03-05 10:19:19.902151858 +0800 CST m=+2.362405884 0xc000112240} true
2024/03/05 10:19:20 Order 3 finish Map
2024/03/05 10:19:21 Coordinator work
2024/03/05 10:19:21 Coordinator status 0
2024/03/05 10:19:21 Coordinator work
2024/03/05 10:19:21 Coordinator status 0
2024/03/05 10:19:21 IsDone &{0 2024-03-05 10:19:21.146030258 +0800 CST m=+3.606284283 0xc000112360} true
2024/03/05 10:19:21 Order 5 finish Map
2024/03/05 10:19:21 IsDone &{0 2024-03-05 10:19:21.025877172 +0800 CST m=+3.486131202 0xc0001122d0} true
2024/03/05 10:19:21 Order 4 finish Map
2024/03/05 10:19:22 Coordinator work
2024/03/05 10:19:22 Coordinator status 0
2024/03/05 10:19:22 Coordinator work
2024/03/05 10:19:22 Coordinator status 0
2024/03/05 10:19:22 IsDone &{0 2024-03-05 10:19:22.288829052 +0800 CST m=+4.749083079 0xc0001123f0} true
2024/03/05 10:19:22 Order 6 finish Map
2024/03/05 10:19:22 IsDone &{0 2024-03-05 10:19:22.35259075 +0800 CST m=+4.812844772 0xc000112480} true
2024/03/05 10:19:22 Order 7 finish Map
2024/03/05 10:19:23 Coordinator work
2024/03/05 10:19:23 Coordinator status 0
2024/03/05 10:19:23 Map: 8 done vs. 0 working, Reduce 0 done vs. 0 working
2024/03/05 10:19:23 forward: forward to Reuce Phase
2024/03/05 10:19:23 making reduce order : 8
2024/03/05 10:19:23 making reduce order : 9
2024/03/05 10:19:23 making reduce order : 10
2024/03/05 10:19:23 making reduce order : 11
2024/03/05 10:19:23 making reduce order : 12
2024/03/05 10:19:23 making reduce order : 13
2024/03/05 10:19:23 making reduce order : 14
2024/03/05 10:19:23 making reduce order : 15
2024/03/05 10:19:23 making reduce order : 16
2024/03/05 10:19:23 making reduce order : 17
2024/03/05 10:19:23 done with make reduce order
2024/03/05 10:19:23 Map: 8 done vs. 0 working, Reduce 0 done vs. 10 working
2024/03/05 10:19:23 Coordinator work
2024/03/05 10:19:23 Coordinator status 1
2024/03/05 10:19:23 Order 8 finish Reduce
2024/03/05 10:19:24 Coordinator work
2024/03/05 10:19:24 Coordinator status 1
2024/03/05 10:19:24 Order 9 finish Reduce
2024/03/05 10:19:25 Coordinator work
2024/03/05 10:19:25 Coordinator status 1
2024/03/05 10:19:25 Order 10 finish Reduce
2024/03/05 10:19:25 Coordinator work
2024/03/05 10:19:25 Coordinator status 1
2024/03/05 10:19:26 Order 11 finish Reduce
2024/03/05 10:19:26 Coordinator work
2024/03/05 10:19:26 Coordinator status 1
2024/03/05 10:19:26 Order 12 finish Reduce
2024/03/05 10:19:27 Coordinator work
2024/03/05 10:19:27 Coordinator status 1
2024/03/05 10:19:27 Order 13 finish Reduce
2024/03/05 10:19:27 Coordinator work
2024/03/05 10:19:27 Coordinator status 1
2024/03/05 10:19:27 Order 14 finish Reduce
2024/03/05 10:19:28 Coordinator work
2024/03/05 10:19:28 Coordinator status 1
2024/03/05 10:19:28 Order 15 finish Reduce
2024/03/05 10:19:28 Coordinator work
2024/03/05 10:19:28 Coordinator status 1
2024/03/05 10:19:29 Order 16 finish Reduce
2024/03/05 10:19:29 Coordinator work
2024/03/05 10:19:29 Coordinator status 1
2024/03/05 10:19:29 Order 17 finish Reduce
2024/03/05 10:19:30 Coordinator work
2024/03/05 10:19:30 Coordinator status 1
2024/03/05 10:19:30 Map: 8 done vs. 0 working, Reduce 10 done vs. 0 working
2024/03/05 10:19:30 forward: forward to done phase
2024/03/05 10:19:30 Coordinator work
2024/03/05 10:19:30 Coordinator status 2
