2024/03/05 01:51:30 making map order &{0 [../pg-being_ernest.txt] 0 10}
2024/03/05 01:51:30 making map order &{0 [../pg-dorian_gray.txt] 1 10}
2024/03/05 01:51:30 making map order &{0 [../pg-frankenstein.txt] 2 10}
2024/03/05 01:51:30 making map order &{0 [../pg-grimm.txt] 3 10}
2024/03/05 01:51:30 making map order &{0 [../pg-huckleberry_finn.txt] 4 10}
2024/03/05 01:51:30 making map order &{0 [../pg-metamorphosis.txt] 5 10}
2024/03/05 01:51:30 making map order &{0 [../pg-sherlock_holmes.txt] 6 10}
2024/03/05 01:51:30 making map order &{0 [../pg-tom_sawyer.txt] 7 10}
2024/03/05 01:51:30 done with make map order
2024/03/05 01:51:30 Map: 0 done vs. 8 working, Reduce 0 done vs. 0 working
2024/03/05 01:51:31 Coordinator work
2024/03/05 01:51:31 Coordinator status 0
2024/03/05 01:51:31 Coordinator work
2024/03/05 01:51:31 Coordinator status 0
2024/03/05 01:51:31 IsDone &{0 2024-03-05 01:51:31.277849024 +0800 CST m=+1.018564672 0xc000093f20} true
2024/03/05 01:51:31 Order 0 finish Map
2024/03/05 01:51:31 IsDone &{0 2024-03-05 01:51:31.282975521 +0800 CST m=+1.023691175 0xc000093fb0} true
2024/03/05 01:51:31 Order 1 finish Map
2024/03/05 01:51:32 Coordinator work
2024/03/05 01:51:32 Coordinator status 0
2024/03/05 01:51:32 IsDone &{0 2024-03-05 01:51:32.289073821 +0800 CST m=+2.029789475 0xc000112060} true
2024/03/05 01:51:32 Order 2 finish Map
2024/03/05 01:51:32 Coordinator work
2024/03/05 01:51:32 Coordinator status 0
2024/03/05 01:51:32 IsDone &{0 2024-03-05 01:51:32.308926396 +0800 CST m=+2.049642049 0xc0001120f0} true
2024/03/05 01:51:32 Order 3 finish Map
2024/03/05 01:51:33 Coordinator work
2024/03/05 01:51:33 Coordinator status 0
2024/03/05 01:51:33 IsDone &{0 2024-03-05 01:51:33.308339989 +0800 CST m=+3.049055638 0xc000112180} true
2024/03/05 01:51:33 Order 4 finish Map
2024/03/05 01:51:33 Coordinator work
2024/03/05 01:51:33 Coordinator status 0
2024/03/05 01:51:33 IsDone &{0 2024-03-05 01:51:33.326426002 +0800 CST m=+3.067141649 0xc000112210} true
2024/03/05 01:51:33 Order 5 finish Map
2024/03/05 01:51:34 Coordinator work
2024/03/05 01:51:34 Coordinator status 0
2024/03/05 01:51:34 Coordinator work
2024/03/05 01:51:34 Coordinator status 0
2024/03/05 01:51:34 IsDone &{0 2024-03-05 01:51:34.329064742 +0800 CST m=+4.069780392 0xc0001122a0} true
2024/03/05 01:51:34 Order 6 finish Map
2024/03/05 01:51:34 IsDone &{0 2024-03-05 01:51:34.335922922 +0800 CST m=+4.076638575 0xc000112330} true
2024/03/05 01:51:34 Order 7 finish Map
2024/03/05 01:51:35 Coordinator work
2024/03/05 01:51:35 Coordinator status 0
2024/03/05 01:51:35 Map: 8 done vs. 0 working, Reduce 0 done vs. 0 working
2024/03/05 01:51:35 forward: forward to Reuce Phase
2024/03/05 01:51:35 making reduce order : 8
2024/03/05 01:51:35 making reduce order : 9
2024/03/05 01:51:35 making reduce order : 10
2024/03/05 01:51:35 making reduce order : 11
2024/03/05 01:51:35 making reduce order : 12
2024/03/05 01:51:35 making reduce order : 13
2024/03/05 01:51:35 making reduce order : 14
2024/03/05 01:51:35 making reduce order : 15
2024/03/05 01:51:35 making reduce order : 16
2024/03/05 01:51:35 making reduce order : 17
2024/03/05 01:51:35 done with make reduce order
2024/03/05 01:51:35 Map: 8 done vs. 0 working, Reduce 0 done vs. 10 working
2024/03/05 01:51:35 Coordinator work
2024/03/05 01:51:35 Coordinator status 1
2024/03/05 01:51:36 Order 8 finish Reduce
2024/03/05 01:51:37 Coordinator work
2024/03/05 01:51:37 Coordinator status 1
2024/03/05 01:51:37 Coordinator work
2024/03/05 01:51:37 Coordinator status 1
2024/03/05 01:51:38 Order 9 finish Reduce
2024/03/05 01:51:38 Order 10 finish Reduce
2024/03/05 01:51:39 Coordinator work
2024/03/05 01:51:39 Coordinator status 1
2024/03/05 01:51:39 Coordinator work
2024/03/05 01:51:39 Coordinator status 1
2024/03/05 01:51:41 Order 11 finish Reduce
2024/03/05 01:51:41 Order 12 finish Reduce
2024/03/05 01:51:42 Coordinator work
2024/03/05 01:51:42 Coordinator status 1
2024/03/05 01:51:42 Coordinator work
2024/03/05 01:51:42 Coordinator status 1
2024/03/05 01:51:43 Order 13 finish Reduce
2024/03/05 01:51:43 Order 14 finish Reduce
2024/03/05 01:51:44 Coordinator work
2024/03/05 01:51:44 Coordinator status 1
2024/03/05 01:51:44 Order 15 finish Reduce
2024/03/05 01:51:44 Coordinator work
2024/03/05 01:51:44 Coordinator status 1
2024/03/05 01:51:44 Order 16 finish Reduce
2024/03/05 01:51:45 Coordinator work
2024/03/05 01:51:45 Coordinator status 1
2024/03/05 01:51:45 Coordinator work
2024/03/05 01:51:45 Coordinator status 1
2024/03/05 01:51:45 Map: 8 done vs. 0 working, Reduce 9 done vs. 1 working
2024/03/05 01:51:46 Order 17 finish Reduce
2024/03/05 01:51:47 Coordinator work
2024/03/05 01:51:47 Coordinator status 1
2024/03/05 01:51:47 Map: 8 done vs. 0 working, Reduce 10 done vs. 0 working
2024/03/05 01:51:47 forward: forward to done phase
2024/03/05 01:51:47 Coordinator work
2024/03/05 01:51:47 Coordinator status 2
