2024/03/05 00:07:38 making map order &{0 [../pg-being_ernest.txt] 0 10}
2024/03/05 00:07:38 making map order &{0 [../pg-dorian_gray.txt] 1 10}
2024/03/05 00:07:38 making map order &{0 [../pg-frankenstein.txt] 2 10}
2024/03/05 00:07:38 making map order &{0 [../pg-grimm.txt] 3 10}
2024/03/05 00:07:38 making map order &{0 [../pg-huckleberry_finn.txt] 4 10}
2024/03/05 00:07:38 making map order &{0 [../pg-metamorphosis.txt] 5 10}
2024/03/05 00:07:38 making map order &{0 [../pg-sherlock_holmes.txt] 6 10}
2024/03/05 00:07:38 making map order &{0 [../pg-tom_sawyer.txt] 7 10}
2024/03/05 00:07:38 done with make map order
2024/03/05 00:07:38 Map: 0 done vs. 8 working, Reduce 0 done vs. 0 working
2024/03/05 00:07:39 Coordinator work
2024/03/05 00:07:39 Coordinator status 0
2024/03/05 00:07:39 Coordinator work
2024/03/05 00:07:39 Coordinator status 0
2024/03/05 00:07:39 IsDone &{0 2024-03-05 00:07:39.713598948 +0800 CST m=+1.014018129 0xc00009df50} true
2024/03/05 00:07:39 Order 0 finish Map
2024/03/05 00:07:39 IsDone &{0 2024-03-05 00:07:39.714162176 +0800 CST m=+1.014581373 0xc000118000} true
2024/03/05 00:07:39 Order 1 finish Map
2024/03/05 00:07:40 Coordinator work
2024/03/05 00:07:40 Coordinator status 0
2024/03/05 00:07:40 Coordinator work
2024/03/05 00:07:40 Coordinator status 0
2024/03/05 00:07:40 IsDone &{0 2024-03-05 00:07:40.789835581 +0800 CST m=+2.090254766 0xc000118090} true
2024/03/05 00:07:40 Order 2 finish Map
2024/03/05 00:07:41 IsDone &{0 2024-03-05 00:07:40.937314634 +0800 CST m=+2.237733819 0xc000118120} true
2024/03/05 00:07:41 Order 3 finish Map
2024/03/05 00:07:41 Coordinator work
2024/03/05 00:07:41 Coordinator status 0
2024/03/05 00:07:42 Coordinator work
2024/03/05 00:07:42 Coordinator status 0
2024/03/05 00:07:42 IsDone &{0 2024-03-05 00:07:42.148708608 +0800 CST m=+3.449127789 0xc000118240} true
2024/03/05 00:07:42 Order 5 finish Map
2024/03/05 00:07:42 IsDone &{0 2024-03-05 00:07:41.984293098 +0800 CST m=+3.284712283 0xc0001181b0} true
2024/03/05 00:07:42 Order 4 finish Map
2024/03/05 00:07:43 Coordinator work
2024/03/05 00:07:43 Coordinator status 0
2024/03/05 00:07:43 Coordinator work
2024/03/05 00:07:43 Coordinator status 0
2024/03/05 00:07:43 IsDone &{0 2024-03-05 00:07:43.21887139 +0800 CST m=+4.519290572 0xc0001182d0} true
2024/03/05 00:07:43 Order 6 finish Map
2024/03/05 00:07:43 IsDone &{0 2024-03-05 00:07:43.252054507 +0800 CST m=+4.552473689 0xc000118360} true
2024/03/05 00:07:43 Order 7 finish Map
2024/03/05 00:07:44 Coordinator work
2024/03/05 00:07:44 Coordinator status 0
2024/03/05 00:07:44 Map: 8 done vs. 0 working, Reduce 0 done vs. 0 working
2024/03/05 00:07:44 forward: forward to Reuce Phase
2024/03/05 00:07:44 making reduce order : 8
2024/03/05 00:07:44 making reduce order : 9
2024/03/05 00:07:44 making reduce order : 10
2024/03/05 00:07:44 making reduce order : 11
2024/03/05 00:07:44 making reduce order : 12
2024/03/05 00:07:44 making reduce order : 13
2024/03/05 00:07:44 making reduce order : 14
2024/03/05 00:07:44 making reduce order : 15
2024/03/05 00:07:44 making reduce order : 16
2024/03/05 00:07:44 making reduce order : 17
2024/03/05 00:07:44 done with make reduce order
2024/03/05 00:07:44 Map: 8 done vs. 0 working, Reduce 0 done vs. 10 working
2024/03/05 00:07:44 Coordinator work
2024/03/05 00:07:44 Coordinator status 1
2024/03/05 00:07:44 Order 8 finish Reduce
2024/03/05 00:07:45 Coordinator work
2024/03/05 00:07:45 Coordinator status 1
2024/03/05 00:07:45 Order 9 finish Reduce
2024/03/05 00:07:46 Coordinator work
2024/03/05 00:07:46 Coordinator status 1
2024/03/05 00:07:46 Order 10 finish Reduce
2024/03/05 00:07:46 Coordinator work
2024/03/05 00:07:46 Coordinator status 1
2024/03/05 00:07:46 Order 11 finish Reduce
2024/03/05 00:07:47 Coordinator work
2024/03/05 00:07:47 Coordinator status 1
2024/03/05 00:07:47 Order 12 finish Reduce
2024/03/05 00:07:47 Coordinator work
2024/03/05 00:07:47 Coordinator status 1
2024/03/05 00:07:47 Order 13 finish Reduce
2024/03/05 00:07:48 Coordinator work
2024/03/05 00:07:48 Coordinator status 1
2024/03/05 00:07:48 Order 14 finish Reduce
2024/03/05 00:07:48 Coordinator work
2024/03/05 00:07:48 Coordinator status 1
2024/03/05 00:07:49 Order 15 finish Reduce
2024/03/05 00:07:49 Coordinator work
2024/03/05 00:07:49 Coordinator status 1
2024/03/05 00:07:49 Order 16 finish Reduce
2024/03/05 00:07:50 Coordinator work
2024/03/05 00:07:50 Coordinator status 1
2024/03/05 00:07:50 Order 17 finish Reduce
2024/03/05 00:07:50 Coordinator work
2024/03/05 00:07:50 Coordinator status 1
2024/03/05 00:07:50 Map: 8 done vs. 0 working, Reduce 10 done vs. 0 working
2024/03/05 00:07:50 forward: forward to done phase
2024/03/05 00:07:51 Coordinator work
2024/03/05 00:07:51 Coordinator status 2
