2024/03/05 00:21:32 making map order &{0 [../pg-being_ernest.txt] 0 10}
2024/03/05 00:21:32 making map order &{0 [../pg-dorian_gray.txt] 1 10}
2024/03/05 00:21:32 making map order &{0 [../pg-frankenstein.txt] 2 10}
2024/03/05 00:21:32 making map order &{0 [../pg-grimm.txt] 3 10}
2024/03/05 00:21:32 making map order &{0 [../pg-huckleberry_finn.txt] 4 10}
2024/03/05 00:21:32 making map order &{0 [../pg-metamorphosis.txt] 5 10}
2024/03/05 00:21:32 making map order &{0 [../pg-sherlock_holmes.txt] 6 10}
2024/03/05 00:21:32 making map order &{0 [../pg-tom_sawyer.txt] 7 10}
2024/03/05 00:21:32 done with make map order
2024/03/05 00:21:32 Map: 0 done vs. 8 working, Reduce 0 done vs. 0 working
2024/03/05 00:21:33 Coordinator work
2024/03/05 00:21:33 Coordinator status 0
2024/03/05 00:21:33 Coordinator work
2024/03/05 00:21:33 Coordinator status 0
2024/03/05 00:21:33 Coordinator work
2024/03/05 00:21:33 Coordinator status 0
2024/03/05 00:21:34 IsDone &{0 2024-03-05 00:21:33.864378459 +0800 CST m=+1.016041597 0xc000084570} true
2024/03/05 00:21:34 Order 0 finish Map
2024/03/05 00:21:35 IsDone &{0 2024-03-05 00:21:33.890405329 +0800 CST m=+1.042068468 0xc000084690} true
2024/03/05 00:21:35 Order 2 finish Map
2024/03/05 00:21:35 IsDone &{0 2024-03-05 00:21:33.890019642 +0800 CST m=+1.041682782 0xc000084600} true
2024/03/05 00:21:35 Order 1 finish Map
2024/03/05 00:21:35 Coordinator work
2024/03/05 00:21:35 Coordinator status 0
2024/03/05 00:21:36 Coordinator work
2024/03/05 00:21:36 Coordinator status 0
2024/03/05 00:21:36 Coordinator work
2024/03/05 00:21:36 Coordinator status 0
2024/03/05 00:21:36 IsDone &{0 2024-03-05 00:21:36.446301326 +0800 CST m=+3.597964470 0xc000084840} true
2024/03/05 00:21:36 Order 5 finish Map
2024/03/05 00:21:37 IsDone &{0 2024-03-05 00:21:35.619669053 +0800 CST m=+2.771332195 0xc000084720} true
2024/03/05 00:21:37 Order 3 finish Map
2024/03/05 00:21:37 Coordinator work
2024/03/05 00:21:37 Coordinator status 0
2024/03/05 00:21:38 Coordinator work
2024/03/05 00:21:38 Coordinator status 0
2024/03/05 00:21:38 IsDone &{0 2024-03-05 00:21:36.423352383 +0800 CST m=+3.575015527 0xc0000847b0} true
2024/03/05 00:21:38 Order 4 finish Map
2024/03/05 00:21:39 Coordinator work
2024/03/05 00:21:39 Coordinator status 0
2024/03/05 00:21:39 Map: 6 done vs. 2 working, Reduce 0 done vs. 0 working
2024/03/05 00:21:39 IsDone &{0 2024-03-05 00:21:37.980643468 +0800 CST m=+5.132306608 0xc0000848d0} true
2024/03/05 00:21:39 Order 6 finish Map
2024/03/05 00:21:40 IsDone &{0 2024-03-05 00:21:38.510995928 +0800 CST m=+5.662659070 0xc000084960} true
2024/03/05 00:21:40 Order 7 finish Map
2024/03/05 00:21:40 Coordinator work
2024/03/05 00:21:40 Coordinator status 0
2024/03/05 00:21:40 Map: 8 done vs. 0 working, Reduce 0 done vs. 0 working
2024/03/05 00:21:40 forward: forward to Reuce Phase
2024/03/05 00:21:40 making reduce order : 8
2024/03/05 00:21:40 making reduce order : 9
2024/03/05 00:21:40 making reduce order : 10
2024/03/05 00:21:40 making reduce order : 11
2024/03/05 00:21:40 making reduce order : 12
2024/03/05 00:21:40 making reduce order : 13
2024/03/05 00:21:40 making reduce order : 14
2024/03/05 00:21:40 making reduce order : 15
2024/03/05 00:21:40 making reduce order : 16
2024/03/05 00:21:40 making reduce order : 17
2024/03/05 00:21:40 done with make reduce order
2024/03/05 00:21:40 Map: 8 done vs. 0 working, Reduce 0 done vs. 10 working
2024/03/05 00:21:41 Coordinator work
2024/03/05 00:21:41 Coordinator status 1
2024/03/05 00:21:41 Order 8 finish Reduce
2024/03/05 00:21:41 Coordinator work
2024/03/05 00:21:41 Coordinator status 1
2024/03/05 00:21:42 Order 9 finish Reduce
2024/03/05 00:21:42 Coordinator work
2024/03/05 00:21:42 Coordinator status 1
2024/03/05 00:21:42 Coordinator work
2024/03/05 00:21:42 Coordinator status 1
2024/03/05 00:21:43 Coordinator work
2024/03/05 00:21:43 Coordinator status 1
2024/03/05 00:21:43 Order 11 finish Reduce
2024/03/05 00:21:43 Order 10 finish Reduce
2024/03/05 00:21:44 Order 12 finish Reduce
2024/03/05 00:21:44 Coordinator work
2024/03/05 00:21:44 Coordinator status 1
2024/03/05 00:21:44 Coordinator work
2024/03/05 00:21:44 Coordinator status 1
2024/03/05 00:21:45 Order 13 finish Reduce
2024/03/05 00:21:45 Coordinator work
2024/03/05 00:21:45 Coordinator status 1
2024/03/05 00:21:46 Order 15 finish Reduce
2024/03/05 00:21:46 Order 14 finish Reduce
2024/03/05 00:21:46 Coordinator work
2024/03/05 00:21:46 Coordinator status 1
2024/03/05 00:21:47 Coordinator work
2024/03/05 00:21:47 Coordinator status 1
2024/03/05 00:21:47 Coordinator work
2024/03/05 00:21:47 Coordinator status 1
2024/03/05 00:21:47 Map: 8 done vs. 0 working, Reduce 8 done vs. 2 working
2024/03/05 00:21:47 Order 16 finish Reduce
2024/03/05 00:21:47 Order 17 finish Reduce
2024/03/05 00:21:48 Coordinator work
2024/03/05 00:21:48 Coordinator status 1
2024/03/05 00:21:48 Map: 8 done vs. 0 working, Reduce 10 done vs. 0 working
2024/03/05 00:21:48 forward: forward to done phase
2024/03/05 00:21:48 Coordinator work
2024/03/05 00:21:48 Coordinator status 2
2024/03/05 00:21:49 Coordinator work
2024/03/05 00:21:49 Coordinator status 2
