2024/03/05 12:44:58 making map order &{0 [../pg-being_ernest.txt] 0 10}
2024/03/05 12:44:58 making map order &{0 [../pg-dorian_gray.txt] 1 10}
2024/03/05 12:44:58 making map order &{0 [../pg-frankenstein.txt] 2 10}
2024/03/05 12:44:58 making map order &{0 [../pg-grimm.txt] 3 10}
2024/03/05 12:44:58 making map order &{0 [../pg-huckleberry_finn.txt] 4 10}
2024/03/05 12:44:58 making map order &{0 [../pg-metamorphosis.txt] 5 10}
2024/03/05 12:44:58 making map order &{0 [../pg-sherlock_holmes.txt] 6 10}
2024/03/05 12:44:58 making map order &{0 [../pg-tom_sawyer.txt] 7 10}
2024/03/05 12:44:58 done with make map order
2024/03/05 12:44:58 Map: 0 done vs. 8 working, Reduce 0 done vs. 0 working
2024/03/05 12:44:59 Coordinator work
2024/03/05 12:44:59 Coordinator status 0
2024/03/05 12:44:59 Coordinator work
2024/03/05 12:44:59 Coordinator status 0
2024/03/05 12:45:04 IsDone &{0 2024-03-05 12:44:59.906716185 +0800 CST m=+1.052402103 0xc00011a030} true
2024/03/05 12:45:04 Order 0 finish Map
2024/03/05 12:45:04 IsDone &{0 2024-03-05 12:44:59.907632785 +0800 CST m=+1.053318702 0xc00011a0c0} true
2024/03/05 12:45:04 Order 1 finish Map
2024/03/05 12:45:05 Coordinator work
2024/03/05 12:45:05 Coordinator status 0
2024/03/05 12:45:05 Coordinator work
2024/03/05 12:45:05 Coordinator status 0
2024/03/05 12:45:08 IsDone &{0 2024-03-05 12:45:05.005738597 +0800 CST m=+6.151424516 0xc00011a150} true
2024/03/05 12:45:08 Order 2 finish Map
2024/03/05 12:45:08 IsDone &{0 2024-03-05 12:45:05.008274032 +0800 CST m=+6.153959947 0xc00011a1e0} true
2024/03/05 12:45:08 Order 3 finish Map
2024/03/05 12:45:09 Coordinator work
2024/03/05 12:45:09 Coordinator status 0
2024/03/05 12:45:09 Coordinator work
2024/03/05 12:45:09 Coordinator status 0
2024/03/05 12:45:13 IsDone &{0 2024-03-05 12:45:09.918377419 +0800 CST m=+11.064063334 0xc00011a300} true
2024/03/05 12:45:13 Order 5 finish Map
2024/03/05 12:45:13 IsDone &{0 2024-03-05 12:45:09.917008604 +0800 CST m=+11.062694522 0xc00011a270} true
2024/03/05 12:45:13 Order 4 finish Map
2024/03/05 12:45:14 Coordinator work
2024/03/05 12:45:14 Coordinator status 0
2024/03/05 12:45:14 Coordinator work
2024/03/05 12:45:14 Coordinator status 0
2024/03/05 12:45:16 IsDone &{0 2024-03-05 12:45:14.77612572 +0800 CST m=+15.921811646 0xc00011a390} true
2024/03/05 12:45:16 Order 6 finish Map
2024/03/05 12:45:16 IsDone &{0 2024-03-05 12:45:14.793290987 +0800 CST m=+15.938976913 0xc00011a420} true
2024/03/05 12:45:16 Order 7 finish Map
2024/03/05 12:45:17 Coordinator work
2024/03/05 12:45:17 Coordinator status 0
2024/03/05 12:45:17 Map: 8 done vs. 0 working, Reduce 0 done vs. 0 working
2024/03/05 12:45:17 forward: forward to Reuce Phase
2024/03/05 12:45:17 making reduce order : 8
2024/03/05 12:45:17 making reduce order : 9
2024/03/05 12:45:17 making reduce order : 10
2024/03/05 12:45:17 making reduce order : 11
2024/03/05 12:45:17 making reduce order : 12
2024/03/05 12:45:17 making reduce order : 13
2024/03/05 12:45:17 making reduce order : 14
2024/03/05 12:45:17 making reduce order : 15
2024/03/05 12:45:17 making reduce order : 16
2024/03/05 12:45:17 making reduce order : 17
2024/03/05 12:45:17 done with make reduce order
2024/03/05 12:45:17 Map: 8 done vs. 0 working, Reduce 0 done vs. 10 working
2024/03/05 12:45:17 Coordinator work
2024/03/05 12:45:17 Coordinator status 1
2024/03/05 12:45:17 Order 8 finish Reduce
2024/03/05 12:45:18 Coordinator work
2024/03/05 12:45:18 Coordinator status 1
2024/03/05 12:45:18 Order 9 finish Reduce
2024/03/05 12:45:19 Coordinator work
2024/03/05 12:45:19 Coordinator status 1
2024/03/05 12:45:19 Order 10 finish Reduce
2024/03/05 12:45:19 Coordinator work
2024/03/05 12:45:19 Coordinator status 1
2024/03/05 12:45:19 Order 11 finish Reduce
2024/03/05 12:45:20 Coordinator work
2024/03/05 12:45:20 Coordinator status 1
2024/03/05 12:45:20 Order 12 finish Reduce
2024/03/05 12:45:20 Coordinator work
2024/03/05 12:45:20 Coordinator status 1
2024/03/05 12:45:20 Order 13 finish Reduce
2024/03/05 12:45:21 Coordinator work
2024/03/05 12:45:21 Coordinator status 1
2024/03/05 12:45:21 Order 14 finish Reduce
2024/03/05 12:45:21 Coordinator work
2024/03/05 12:45:21 Coordinator status 1
2024/03/05 12:45:21 Order 15 finish Reduce
2024/03/05 12:45:22 Coordinator work
2024/03/05 12:45:22 Coordinator status 1
2024/03/05 12:45:22 Order 16 finish Reduce
2024/03/05 12:45:22 Coordinator work
2024/03/05 12:45:22 Coordinator status 1
2024/03/05 12:45:22 Order 17 finish Reduce
2024/03/05 12:45:23 Coordinator work
2024/03/05 12:45:23 Coordinator status 1
2024/03/05 12:45:23 Map: 8 done vs. 0 working, Reduce 10 done vs. 0 working
2024/03/05 12:45:23 forward: forward to done phase
2024/03/05 12:45:23 Coordinator work
2024/03/05 12:45:23 Coordinator status 2
