2024/03/05 07:55:57 making map order &{0 [../pg-being_ernest.txt] 0 10}
2024/03/05 07:55:57 making map order &{0 [../pg-dorian_gray.txt] 1 10}
2024/03/05 07:55:57 making map order &{0 [../pg-frankenstein.txt] 2 10}
2024/03/05 07:55:57 making map order &{0 [../pg-grimm.txt] 3 10}
2024/03/05 07:55:57 making map order &{0 [../pg-huckleberry_finn.txt] 4 10}
2024/03/05 07:55:57 making map order &{0 [../pg-metamorphosis.txt] 5 10}
2024/03/05 07:55:57 making map order &{0 [../pg-sherlock_holmes.txt] 6 10}
2024/03/05 07:55:57 making map order &{0 [../pg-tom_sawyer.txt] 7 10}
2024/03/05 07:55:57 done with make map order
2024/03/05 07:55:57 Map: 0 done vs. 8 working, Reduce 0 done vs. 0 working
2024/03/05 07:55:58 Coordinator work
2024/03/05 07:55:58 Coordinator status 0
2024/03/05 07:55:58 IsDone &{0 2024-03-05 07:55:58.412010112 +0800 CST m=+1.015989058 0xc000114090} true
2024/03/05 07:55:58 Order 0 finish Map
2024/03/05 07:55:58 Coordinator work
2024/03/05 07:55:58 Coordinator status 0
2024/03/05 07:55:58 Coordinator work
2024/03/05 07:55:58 Coordinator status 0
2024/03/05 07:55:58 IsDone &{0 2024-03-05 07:55:58.435040763 +0800 CST m=+1.039019709 0xc000114120} true
2024/03/05 07:55:58 Order 1 finish Map
2024/03/05 07:55:58 Coordinator work
2024/03/05 07:55:58 Coordinator status 0
2024/03/05 07:55:59 Coordinator work
2024/03/05 07:55:59 Coordinator status 0
2024/03/05 07:55:59 Coordinator work
2024/03/05 07:55:59 Coordinator status 0
2024/03/05 07:55:59 IsDone &{0 2024-03-05 07:55:59.460998737 +0800 CST m=+2.064977683 0xc000114360} true
2024/03/05 07:55:59 Order 5 finish Map
2024/03/05 07:56:00 Coordinator work
2024/03/05 07:56:00 Coordinator status 0
2024/03/05 07:56:00 IsDone &{0 2024-03-05 07:56:00.469140255 +0800 CST m=+3.073119194 0xc0001143f0} true
2024/03/05 07:56:00 Order 6 finish Map
2024/03/05 07:56:01 Coordinator work
2024/03/05 07:56:01 Coordinator status 0
2024/03/05 07:56:02 Coordinator work
2024/03/05 07:56:02 Coordinator status 0
2024/03/05 07:56:02 Map: 4 done vs. 4 working, Reduce 0 done vs. 0 working
2024/03/05 07:56:03 IsDone &{0 2024-03-05 07:55:58.44677461 +0800 CST m=+1.050753557 0xc0001141b0} true
2024/03/05 07:56:03 Order 2 finish Map
2024/03/05 07:56:04 Coordinator work
2024/03/05 07:56:04 Coordinator status 0
2024/03/05 07:56:04 Map: 5 done vs. 3 working, Reduce 0 done vs. 0 working
2024/03/05 07:56:04 Coordinator work
2024/03/05 07:56:04 Coordinator status 0
2024/03/05 07:56:04 Map: 5 done vs. 3 working, Reduce 0 done vs. 0 working
2024/03/05 07:56:06 Coordinator work
2024/03/05 07:56:06 Coordinator status 0
2024/03/05 07:56:06 Map: 5 done vs. 3 working, Reduce 0 done vs. 0 working
2024/03/05 07:56:06 Coordinator work
2024/03/05 07:56:06 Coordinator status 0
2024/03/05 07:56:06 Map: 5 done vs. 3 working, Reduce 0 done vs. 0 working
2024/03/05 07:56:07 IsDone &{0 2024-03-05 07:55:58.460118214 +0800 CST m=+1.064097158 0xc000114240} true
2024/03/05 07:56:07 Order 3 finish Map
2024/03/05 07:56:08 Coordinator work
2024/03/05 07:56:08 Coordinator status 0
2024/03/05 07:56:08 Map: 6 done vs. 2 working, Reduce 0 done vs. 0 working
2024/03/05 07:56:08 Coordinator work
2024/03/05 07:56:08 Coordinator status 0
2024/03/05 07:56:08 Map: 6 done vs. 2 working, Reduce 0 done vs. 0 working
2024/03/05 07:56:08 Coordinator work
2024/03/05 07:56:08 Coordinator status 0
2024/03/05 07:56:08 Map: 6 done vs. 2 working, Reduce 0 done vs. 0 working
2024/03/05 07:56:10 Coordinator work
2024/03/05 07:56:10 Coordinator status 0
2024/03/05 07:56:10 Map: 6 done vs. 2 working, Reduce 0 done vs. 0 working
2024/03/05 07:56:10 Coordiantor restart Map order 4
2024/03/05 07:56:10 Coordinator work
2024/03/05 07:56:10 Coordinator status 0
2024/03/05 07:56:10 IsDone &{0 2024-03-05 07:56:10.53890923 +0800 CST m=+13.142888172 0xc0001142d0} true
2024/03/05 07:56:10 Order 4 finish Map
2024/03/05 07:56:10 Coordinator work
2024/03/05 07:56:10 Coordinator status 0
2024/03/05 07:56:10 Map: 7 done vs. 1 working, Reduce 0 done vs. 0 working
2024/03/05 07:56:11 Coordinator work
2024/03/05 07:56:11 Coordinator status 0
2024/03/05 07:56:11 Map: 7 done vs. 1 working, Reduce 0 done vs. 0 working
2024/03/05 07:56:12 Coordinator work
2024/03/05 07:56:12 Coordinator status 0
2024/03/05 07:56:12 Map: 7 done vs. 1 working, Reduce 0 done vs. 0 working
2024/03/05 07:56:12 Coordiantor restart Map order 7
2024/03/05 07:56:12 Coordinator work
2024/03/05 07:56:12 Coordinator status 0
2024/03/05 07:56:13 Coordinator work
2024/03/05 07:56:13 Coordinator status 0
2024/03/05 07:56:13 Map: 7 done vs. 1 working, Reduce 0 done vs. 0 working
2024/03/05 07:56:14 Coordinator work
2024/03/05 07:56:14 Coordinator status 0
2024/03/05 07:56:14 Map: 7 done vs. 1 working, Reduce 0 done vs. 0 working
2024/03/05 07:56:15 Coordinator work
2024/03/05 07:56:15 Coordinator status 0
2024/03/05 07:56:15 Map: 7 done vs. 1 working, Reduce 0 done vs. 0 working
2024/03/05 07:56:16 Coordinator work
2024/03/05 07:56:16 Coordinator status 0
2024/03/05 07:56:16 Map: 7 done vs. 1 working, Reduce 0 done vs. 0 working
2024/03/05 07:56:17 Coordinator work
2024/03/05 07:56:17 Coordinator status 0
2024/03/05 07:56:17 Map: 7 done vs. 1 working, Reduce 0 done vs. 0 working
2024/03/05 07:56:18 Coordinator work
2024/03/05 07:56:18 Coordinator status 0
2024/03/05 07:56:18 Map: 7 done vs. 1 working, Reduce 0 done vs. 0 working
2024/03/05 07:56:18 IsDone &{0 2024-03-05 07:56:12.880267578 +0800 CST m=+15.484246524 0xc000114480} true
2024/03/05 07:56:18 Order 7 finish Map
2024/03/05 07:56:19 Coordinator work
2024/03/05 07:56:19 Coordinator status 0
2024/03/05 07:56:19 Map: 8 done vs. 0 working, Reduce 0 done vs. 0 working
2024/03/05 07:56:19 forward: forward to Reuce Phase
2024/03/05 07:56:19 making reduce order : 8
2024/03/05 07:56:19 making reduce order : 9
2024/03/05 07:56:19 making reduce order : 10
2024/03/05 07:56:19 making reduce order : 11
2024/03/05 07:56:19 making reduce order : 12
2024/03/05 07:56:19 making reduce order : 13
2024/03/05 07:56:19 making reduce order : 14
2024/03/05 07:56:19 making reduce order : 15
2024/03/05 07:56:19 making reduce order : 16
2024/03/05 07:56:19 making reduce order : 17
2024/03/05 07:56:19 done with make reduce order
2024/03/05 07:56:19 Map: 8 done vs. 0 working, Reduce 0 done vs. 10 working
2024/03/05 07:56:19 Coordinator work
2024/03/05 07:56:19 Coordinator status 1
2024/03/05 07:56:20 Coordinator work
2024/03/05 07:56:20 Coordinator status 1
2024/03/05 07:56:20 Order 9 finish Reduce
2024/03/05 07:56:20 Coordinator work
2024/03/05 07:56:20 Coordinator status 1
2024/03/05 07:56:21 Coordinator work
2024/03/05 07:56:21 Coordinator status 1
2024/03/05 07:56:21 Order 11 finish Reduce
2024/03/05 07:56:21 Coordinator work
2024/03/05 07:56:21 Coordinator status 1
2024/03/05 07:56:21 Order 12 finish Reduce
2024/03/05 07:56:21 Coordinator work
2024/03/05 07:56:21 Coordinator status 1
2024/03/05 07:56:22 Coordinator work
2024/03/05 07:56:22 Coordinator status 1
2024/03/05 07:56:22 Order 14 finish Reduce
2024/03/05 07:56:22 Coordinator work
2024/03/05 07:56:22 Coordinator status 1
2024/03/05 07:56:22 Order 15 finish Reduce
2024/03/05 07:56:22 Coordinator work
2024/03/05 07:56:22 Coordinator status 1
2024/03/05 07:56:22 Order 16 finish Reduce
2024/03/05 07:56:23 Coordinator work
2024/03/05 07:56:23 Coordinator status 1
2024/03/05 07:56:23 Coordinator work
2024/03/05 07:56:23 Coordinator status 1
2024/03/05 07:56:23 Map: 8 done vs. 0 working, Reduce 6 done vs. 4 working
2024/03/05 07:56:23 Coordinator work
2024/03/05 07:56:23 Coordinator status 1
2024/03/05 07:56:23 Map: 8 done vs. 0 working, Reduce 6 done vs. 4 working
2024/03/05 07:56:24 Order 17 finish Reduce
2024/03/05 07:56:25 Coordinator work
2024/03/05 07:56:25 Coordinator status 1
2024/03/05 07:56:25 Map: 8 done vs. 0 working, Reduce 7 done vs. 3 working
2024/03/05 07:56:25 Coordinator work
2024/03/05 07:56:25 Coordinator status 1
2024/03/05 07:56:25 Map: 8 done vs. 0 working, Reduce 7 done vs. 3 working
2024/03/05 07:56:25 Coordinator work
2024/03/05 07:56:25 Coordinator status 1
2024/03/05 07:56:25 Map: 8 done vs. 0 working, Reduce 7 done vs. 3 working
2024/03/05 07:56:27 Coordinator work
2024/03/05 07:56:27 Coordinator status 1
2024/03/05 07:56:27 Map: 8 done vs. 0 working, Reduce 7 done vs. 3 working
2024/03/05 07:56:27 Coordinator work
2024/03/05 07:56:27 Coordinator status 1
2024/03/05 07:56:27 Map: 8 done vs. 0 working, Reduce 7 done vs. 3 working
2024/03/05 07:56:27 Coordinator work
2024/03/05 07:56:27 Coordinator status 1
2024/03/05 07:56:27 Map: 8 done vs. 0 working, Reduce 7 done vs. 3 working
2024/03/05 07:56:29 Coordinator work
2024/03/05 07:56:29 Coordinator status 1
2024/03/05 07:56:29 Map: 8 done vs. 0 working, Reduce 7 done vs. 3 working
2024/03/05 07:56:29 Coordinator work
2024/03/05 07:56:29 Coordinator status 1
2024/03/05 07:56:29 Map: 8 done vs. 0 working, Reduce 7 done vs. 3 working
2024/03/05 07:56:29 Coordinator work
2024/03/05 07:56:29 Coordinator status 1
2024/03/05 07:56:29 Map: 8 done vs. 0 working, Reduce 7 done vs. 3 working
2024/03/05 07:56:30 Coordiantor restart Reduce order 8
2024/03/05 07:56:31 Coordiantor restart Reduce order 10
2024/03/05 07:56:31 Coordinator work
2024/03/05 07:56:31 Coordinator status 1
2024/03/05 07:56:31 Order 8 finish Reduce
2024/03/05 07:56:31 Coordinator work
2024/03/05 07:56:31 Coordinator status 1
2024/03/05 07:56:31 Order 10 finish Reduce
2024/03/05 07:56:31 Coordinator work
2024/03/05 07:56:31 Coordinator status 1
2024/03/05 07:56:31 Map: 8 done vs. 0 working, Reduce 9 done vs. 1 working
2024/03/05 07:56:32 Coordiantor restart Reduce order 13
2024/03/05 07:56:32 Coordinator work
2024/03/05 07:56:32 Coordinator status 1
2024/03/05 07:56:32 Order 13 finish Reduce
2024/03/05 07:56:32 Coordinator work
2024/03/05 07:56:32 Coordinator status 1
2024/03/05 07:56:32 Map: 8 done vs. 0 working, Reduce 10 done vs. 0 working
2024/03/05 07:56:32 forward: forward to done phase
2024/03/05 07:56:33 Coordinator work
2024/03/05 07:56:33 Coordinator status 2
2024/03/05 07:56:33 Coordinator work
2024/03/05 07:56:33 Coordinator status 2
