2024/03/05 07:03:29 making map order &{0 [../pg-being_ernest.txt] 0 10}
2024/03/05 07:03:29 making map order &{0 [../pg-dorian_gray.txt] 1 10}
2024/03/05 07:03:29 making map order &{0 [../pg-frankenstein.txt] 2 10}
2024/03/05 07:03:29 making map order &{0 [../pg-grimm.txt] 3 10}
2024/03/05 07:03:29 making map order &{0 [../pg-huckleberry_finn.txt] 4 10}
2024/03/05 07:03:29 making map order &{0 [../pg-metamorphosis.txt] 5 10}
2024/03/05 07:03:29 making map order &{0 [../pg-sherlock_holmes.txt] 6 10}
2024/03/05 07:03:29 making map order &{0 [../pg-tom_sawyer.txt] 7 10}
2024/03/05 07:03:29 done with make map order
2024/03/05 07:03:29 Map: 0 done vs. 8 working, Reduce 0 done vs. 0 working
2024/03/05 07:03:30 Coordinator work
2024/03/05 07:03:30 Coordinator status 0
2024/03/05 07:03:30 Coordinator work
2024/03/05 07:03:30 Coordinator status 0
2024/03/05 07:03:34 IsDone &{0 2024-03-05 07:03:30.016024405 +0800 CST m=+1.016868874 0xc000074390} true
2024/03/05 07:03:34 Order 0 finish Map
2024/03/05 07:03:34 IsDone &{0 2024-03-05 07:03:30.018197958 +0800 CST m=+1.019042433 0xc000074420} true
2024/03/05 07:03:34 Order 1 finish Map
2024/03/05 07:03:35 Coordinator work
2024/03/05 07:03:35 Coordinator status 0
2024/03/05 07:03:35 Coordinator work
2024/03/05 07:03:35 Coordinator status 0
2024/03/05 07:03:39 IsDone &{0 2024-03-05 07:03:35.118368714 +0800 CST m=+6.119213198 0xc000074540} true
2024/03/05 07:03:39 Order 3 finish Map
2024/03/05 07:03:39 IsDone &{0 2024-03-05 07:03:35.108459976 +0800 CST m=+6.109304454 0xc0000744b0} true
2024/03/05 07:03:39 Order 2 finish Map
2024/03/05 07:03:40 Coordinator work
2024/03/05 07:03:40 Coordinator status 0
2024/03/05 07:03:40 Coordinator work
2024/03/05 07:03:40 Coordinator status 0
2024/03/05 07:03:43 IsDone &{0 2024-03-05 07:03:40.027446335 +0800 CST m=+11.028290821 0xc000074660} true
2024/03/05 07:03:43 Order 5 finish Map
2024/03/05 07:03:43 IsDone &{0 2024-03-05 07:03:40.025592472 +0800 CST m=+11.026436947 0xc0000745d0} true
2024/03/05 07:03:43 Order 4 finish Map
2024/03/05 07:03:44 Coordinator work
2024/03/05 07:03:44 Coordinator status 0
2024/03/05 07:03:44 Coordinator work
2024/03/05 07:03:44 Coordinator status 0
2024/03/05 07:03:46 IsDone &{0 2024-03-05 07:03:44.884895762 +0800 CST m=+15.885740235 0xc0000746f0} true
2024/03/05 07:03:46 Order 6 finish Map
2024/03/05 07:03:46 IsDone &{0 2024-03-05 07:03:44.894407087 +0800 CST m=+15.895251560 0xc000074780} true
2024/03/05 07:03:46 Order 7 finish Map
2024/03/05 07:03:47 Coordinator work
2024/03/05 07:03:47 Coordinator status 0
2024/03/05 07:03:47 Map: 8 done vs. 0 working, Reduce 0 done vs. 0 working
2024/03/05 07:03:47 forward: forward to Reuce Phase
2024/03/05 07:03:47 making reduce order : 8
2024/03/05 07:03:47 making reduce order : 9
2024/03/05 07:03:47 making reduce order : 10
2024/03/05 07:03:47 making reduce order : 11
2024/03/05 07:03:47 making reduce order : 12
2024/03/05 07:03:47 Coordinator work
2024/03/05 07:03:47 making reduce order : 13
2024/03/05 07:03:47 making reduce order : 14
2024/03/05 07:03:47 making reduce order : 15
2024/03/05 07:03:47 making reduce order : 16
2024/03/05 07:03:47 making reduce order : 17
2024/03/05 07:03:47 done with make reduce order
2024/03/05 07:03:47 Map: 8 done vs. 0 working, Reduce 0 done vs. 10 working
2024/03/05 07:03:47 Coordinator status 1
2024/03/05 07:03:47 Order 8 finish Reduce
2024/03/05 07:03:48 Coordinator work
2024/03/05 07:03:48 Coordinator status 1
2024/03/05 07:03:48 Order 9 finish Reduce
2024/03/05 07:03:49 Coordinator work
2024/03/05 07:03:49 Coordinator status 1
2024/03/05 07:03:49 Order 10 finish Reduce
2024/03/05 07:03:49 Coordinator work
2024/03/05 07:03:49 Coordinator status 1
2024/03/05 07:03:49 Order 11 finish Reduce
2024/03/05 07:03:50 Coordinator work
2024/03/05 07:03:50 Coordinator status 1
2024/03/05 07:03:50 Order 12 finish Reduce
2024/03/05 07:03:50 Coordinator work
2024/03/05 07:03:50 Coordinator status 1
2024/03/05 07:03:50 Order 13 finish Reduce
2024/03/05 07:03:51 Coordinator work
2024/03/05 07:03:51 Coordinator status 1
2024/03/05 07:03:51 Order 14 finish Reduce
2024/03/05 07:03:51 Coordinator work
2024/03/05 07:03:51 Coordinator status 1
2024/03/05 07:03:51 Order 15 finish Reduce
2024/03/05 07:03:52 Coordinator work
2024/03/05 07:03:52 Coordinator status 1
2024/03/05 07:03:52 Order 16 finish Reduce
2024/03/05 07:03:52 Coordinator work
2024/03/05 07:03:52 Coordinator status 1
2024/03/05 07:03:53 Order 17 finish Reduce
2024/03/05 07:03:53 Coordinator work
2024/03/05 07:03:53 Coordinator status 1
2024/03/05 07:03:53 Map: 8 done vs. 0 working, Reduce 10 done vs. 0 working
2024/03/05 07:03:53 forward: forward to done phase
2024/03/05 07:03:54 Coordinator work
2024/03/05 07:03:54 Coordinator status 2
