2024/03/04 21:49:46 making map order &{0 [../pg-being_ernest.txt] 0 10}
2024/03/04 21:49:46 making map order &{0 [../pg-dorian_gray.txt] 1 10}
2024/03/04 21:49:46 making map order &{0 [../pg-frankenstein.txt] 2 10}
2024/03/04 21:49:46 making map order &{0 [../pg-grimm.txt] 3 10}
2024/03/04 21:49:46 making map order &{0 [../pg-huckleberry_finn.txt] 4 10}
2024/03/04 21:49:46 making map order &{0 [../pg-metamorphosis.txt] 5 10}
2024/03/04 21:49:46 making map order &{0 [../pg-sherlock_holmes.txt] 6 10}
2024/03/04 21:49:46 making map order &{0 [../pg-tom_sawyer.txt] 7 10}
2024/03/04 21:49:46 done with make map order
2024/03/04 21:49:46 Map: 0 done vs. 8 working, Reduce 0 done vs. 0 working
2024/03/04 21:49:47 Coordinator work
2024/03/04 21:49:47 Coordinator status 0
2024/03/04 21:49:47 Coordinator work
2024/03/04 21:49:47 Coordinator status 0
2024/03/04 21:49:51 IsDone &{0 2024-03-04 21:49:47.871200818 +0800 CST m=+1.026838037 0xc00009dd10} true
2024/03/04 21:49:51 Order 0 finish Map
2024/03/04 21:49:51 IsDone &{0 2024-03-04 21:49:47.884963889 +0800 CST m=+1.040601105 0xc00009dda0} true
2024/03/04 21:49:51 Order 1 finish Map
2024/03/04 21:49:52 Coordinator work
2024/03/04 21:49:52 Coordinator status 0
2024/03/04 21:49:52 Coordinator work
2024/03/04 21:49:52 Coordinator status 0
2024/03/04 21:49:56 IsDone &{0 2024-03-04 21:49:52.961735188 +0800 CST m=+6.117372407 0xc00009de30} true
2024/03/04 21:49:56 Order 2 finish Map
2024/03/04 21:49:56 IsDone &{0 2024-03-04 21:49:52.983549727 +0800 CST m=+6.139186949 0xc00009dec0} true
2024/03/04 21:49:56 Order 3 finish Map
2024/03/04 21:49:57 Coordinator work
2024/03/04 21:49:57 Coordinator status 0
2024/03/04 21:49:57 Coordinator work
2024/03/04 21:49:57 Coordinator status 0
2024/03/04 21:50:01 IsDone &{0 2024-03-04 21:49:57.865275322 +0800 CST m=+11.020912538 0xc00009df50} true
2024/03/04 21:50:01 Order 4 finish Map
2024/03/04 21:50:01 IsDone &{0 2024-03-04 21:49:57.888639687 +0800 CST m=+11.044276900 0xc000118000} true
2024/03/04 21:50:01 Order 5 finish Map
2024/03/04 21:50:02 Coordinator work
2024/03/04 21:50:02 Coordinator status 0
2024/03/04 21:50:02 Coordinator work
2024/03/04 21:50:02 Coordinator status 0
2024/03/04 21:50:04 IsDone &{0 2024-03-04 21:50:02.73430424 +0800 CST m=+15.889941470 0xc000118090} true
2024/03/04 21:50:04 Order 6 finish Map
2024/03/04 21:50:04 IsDone &{0 2024-03-04 21:50:02.744822077 +0800 CST m=+15.900459303 0xc000118120} true
2024/03/04 21:50:04 Order 7 finish Map
2024/03/04 21:50:05 Coordinator work
2024/03/04 21:50:05 Coordinator status 0
2024/03/04 21:50:05 Map: 8 done vs. 0 working, Reduce 0 done vs. 0 working
2024/03/04 21:50:05 forward: forward to Reuce Phase
2024/03/04 21:50:05 making reduce order : 8
2024/03/04 21:50:05 Coordinator work
2024/03/04 21:50:05 making reduce order : 9
2024/03/04 21:50:05 making reduce order : 10
2024/03/04 21:50:05 making reduce order : 11
2024/03/04 21:50:05 making reduce order : 12
2024/03/04 21:50:05 making reduce order : 13
2024/03/04 21:50:05 making reduce order : 14
2024/03/04 21:50:05 making reduce order : 15
2024/03/04 21:50:05 making reduce order : 16
2024/03/04 21:50:05 making reduce order : 17
2024/03/04 21:50:05 done with make reduce order
2024/03/04 21:50:05 Map: 8 done vs. 0 working, Reduce 0 done vs. 10 working
2024/03/04 21:50:05 Coordinator status 1
2024/03/04 21:50:05 Order 8 finish Reduce
2024/03/04 21:50:06 Coordinator work
2024/03/04 21:50:06 Coordinator status 1
2024/03/04 21:50:06 Order 9 finish Reduce
2024/03/04 21:50:07 Coordinator work
2024/03/04 21:50:07 Coordinator status 1
2024/03/04 21:50:07 Order 10 finish Reduce
2024/03/04 21:50:07 Coordinator work
2024/03/04 21:50:07 Coordinator status 1
2024/03/04 21:50:07 Order 11 finish Reduce
2024/03/04 21:50:08 Coordinator work
2024/03/04 21:50:08 Coordinator status 1
2024/03/04 21:50:08 Order 12 finish Reduce
2024/03/04 21:50:08 Coordinator work
2024/03/04 21:50:08 Coordinator status 1
2024/03/04 21:50:08 Order 13 finish Reduce
2024/03/04 21:50:09 Coordinator work
2024/03/04 21:50:09 Coordinator status 1
2024/03/04 21:50:09 Order 14 finish Reduce
2024/03/04 21:50:09 Coordinator work
2024/03/04 21:50:09 Coordinator status 1
2024/03/04 21:50:09 Order 15 finish Reduce
2024/03/04 21:50:10 Coordinator work
2024/03/04 21:50:10 Coordinator status 1
2024/03/04 21:50:10 Order 16 finish Reduce
2024/03/04 21:50:10 Coordinator work
2024/03/04 21:50:10 Coordinator status 1
2024/03/04 21:50:10 Order 17 finish Reduce
2024/03/04 21:50:11 Coordinator work
2024/03/04 21:50:11 Coordinator status 1
2024/03/04 21:50:11 Map: 8 done vs. 0 working, Reduce 10 done vs. 0 working
2024/03/04 21:50:11 forward: forward to done phase
2024/03/04 21:50:11 Coordinator work
2024/03/04 21:50:11 Coordinator status 2
