2024/03/05 08:28:56 making map order &{0 [../pg-being_ernest.txt] 0 10}
2024/03/05 08:28:56 making map order &{0 [../pg-dorian_gray.txt] 1 10}
2024/03/05 08:28:56 making map order &{0 [../pg-frankenstein.txt] 2 10}
2024/03/05 08:28:56 making map order &{0 [../pg-grimm.txt] 3 10}
2024/03/05 08:28:56 making map order &{0 [../pg-huckleberry_finn.txt] 4 10}
2024/03/05 08:28:56 making map order &{0 [../pg-metamorphosis.txt] 5 10}
2024/03/05 08:28:56 making map order &{0 [../pg-sherlock_holmes.txt] 6 10}
2024/03/05 08:28:56 making map order &{0 [../pg-tom_sawyer.txt] 7 10}
2024/03/05 08:28:56 done with make map order
2024/03/05 08:28:56 Map: 0 done vs. 8 working, Reduce 0 done vs. 0 working
2024/03/05 08:28:57 Coordinator work
2024/03/05 08:28:57 Coordinator status 0
2024/03/05 08:28:57 IsDone &{0 2024-03-05 08:28:57.529034507 +0800 CST m=+1.021072910 0xc0000a3d10} true
2024/03/05 08:28:57 Order 0 finish Map
2024/03/05 08:28:57 Coordinator work
2024/03/05 08:28:57 Coordinator status 0
2024/03/05 08:28:57 IsDone &{0 2024-03-05 08:28:57.540025178 +0800 CST m=+1.032063608 0xc0000a3da0} true
2024/03/05 08:28:57 Order 1 finish Map
2024/03/05 08:28:58 Coordinator work
2024/03/05 08:28:58 Coordinator status 0
2024/03/05 08:28:58 IsDone &{0 2024-03-05 08:28:58.538136912 +0800 CST m=+2.030175319 0xc0000a3e30} true
2024/03/05 08:28:58 Order 2 finish Map
2024/03/05 08:28:58 Coordinator work
2024/03/05 08:28:58 Coordinator status 0
2024/03/05 08:28:58 IsDone &{0 2024-03-05 08:28:58.558125417 +0800 CST m=+2.050163824 0xc0000a3ec0} true
2024/03/05 08:28:58 Order 3 finish Map
2024/03/05 08:28:59 Coordinator work
2024/03/05 08:28:59 Coordinator status 0
2024/03/05 08:28:59 IsDone &{0 2024-03-05 08:28:59.556085637 +0800 CST m=+3.048124039 0xc0000a3f50} true
2024/03/05 08:28:59 Order 4 finish Map
2024/03/05 08:28:59 Coordinator work
2024/03/05 08:28:59 Coordinator status 0
2024/03/05 08:28:59 IsDone &{0 2024-03-05 08:28:59.573500597 +0800 CST m=+3.065539004 0xc00011c000} true
2024/03/05 08:28:59 Order 5 finish Map
2024/03/05 08:29:00 Coordinator work
2024/03/05 08:29:00 Coordinator status 0
2024/03/05 08:29:00 Coordinator work
2024/03/05 08:29:00 Coordinator status 0
2024/03/05 08:29:00 IsDone &{0 2024-03-05 08:29:00.581446356 +0800 CST m=+4.073484755 0xc00011c120} true
2024/03/05 08:29:00 Order 7 finish Map
2024/03/05 08:29:00 IsDone &{0 2024-03-05 08:29:00.574720628 +0800 CST m=+4.066759029 0xc00011c090} true
2024/03/05 08:29:00 Order 6 finish Map
2024/03/05 08:29:01 Coordinator work
2024/03/05 08:29:01 Coordinator status 0
2024/03/05 08:29:01 Map: 8 done vs. 0 working, Reduce 0 done vs. 0 working
2024/03/05 08:29:01 forward: forward to Reuce Phase
2024/03/05 08:29:01 making reduce order : 8
2024/03/05 08:29:01 making reduce order : 9
2024/03/05 08:29:01 making reduce order : 10
2024/03/05 08:29:01 making reduce order : 11
2024/03/05 08:29:01 making reduce order : 12
2024/03/05 08:29:01 making reduce order : 13
2024/03/05 08:29:01 making reduce order : 14
2024/03/05 08:29:01 making reduce order : 15
2024/03/05 08:29:01 making reduce order : 16
2024/03/05 08:29:01 making reduce order : 17
2024/03/05 08:29:01 done with make reduce order
2024/03/05 08:29:01 Map: 8 done vs. 0 working, Reduce 0 done vs. 10 working
2024/03/05 08:29:01 Coordinator work
2024/03/05 08:29:01 Coordinator status 1
2024/03/05 08:29:02 Order 8 finish Reduce
2024/03/05 08:29:03 Coordinator work
2024/03/05 08:29:03 Coordinator status 1
2024/03/05 08:29:03 Coordinator work
2024/03/05 08:29:03 Coordinator status 1
2024/03/05 08:29:04 Order 9 finish Reduce
2024/03/05 08:29:04 Order 10 finish Reduce
2024/03/05 08:29:05 Coordinator work
2024/03/05 08:29:05 Coordinator status 1
2024/03/05 08:29:05 Coordinator work
2024/03/05 08:29:05 Coordinator status 1
2024/03/05 08:29:07 Order 11 finish Reduce
2024/03/05 08:29:07 Order 12 finish Reduce
2024/03/05 08:29:08 Coordinator work
2024/03/05 08:29:08 Coordinator status 1
2024/03/05 08:29:08 Coordinator work
2024/03/05 08:29:08 Coordinator status 1
2024/03/05 08:29:09 Order 13 finish Reduce
2024/03/05 08:29:09 Order 14 finish Reduce
2024/03/05 08:29:10 Coordinator work
2024/03/05 08:29:10 Coordinator status 1
2024/03/05 08:29:10 Coordinator work
2024/03/05 08:29:10 Coordinator status 1
2024/03/05 08:29:10 Order 15 finish Reduce
2024/03/05 08:29:10 Order 16 finish Reduce
2024/03/05 08:29:11 Coordinator work
2024/03/05 08:29:11 Coordinator status 1
2024/03/05 08:29:11 Coordinator work
2024/03/05 08:29:11 Coordinator status 1
2024/03/05 08:29:11 Map: 8 done vs. 0 working, Reduce 9 done vs. 1 working
2024/03/05 08:29:12 Order 17 finish Reduce
2024/03/05 08:29:13 Coordinator work
2024/03/05 08:29:13 Coordinator status 1
2024/03/05 08:29:13 Map: 8 done vs. 0 working, Reduce 10 done vs. 0 working
2024/03/05 08:29:13 forward: forward to done phase
2024/03/05 08:29:13 Coordinator work
2024/03/05 08:29:13 Coordinator status 2
