2024/03/04 22:32:18 making map order &{0 [../pg-being_ernest.txt] 0 10}
2024/03/04 22:32:18 making map order &{0 [../pg-dorian_gray.txt] 1 10}
2024/03/04 22:32:18 making map order &{0 [../pg-frankenstein.txt] 2 10}
2024/03/04 22:32:18 making map order &{0 [../pg-grimm.txt] 3 10}
2024/03/04 22:32:18 making map order &{0 [../pg-huckleberry_finn.txt] 4 10}
2024/03/04 22:32:18 making map order &{0 [../pg-metamorphosis.txt] 5 10}
2024/03/04 22:32:18 making map order &{0 [../pg-sherlock_holmes.txt] 6 10}
2024/03/04 22:32:18 making map order &{0 [../pg-tom_sawyer.txt] 7 10}
2024/03/04 22:32:18 done with make map order
2024/03/04 22:32:18 Map: 0 done vs. 8 working, Reduce 0 done vs. 0 working
2024/03/04 22:32:19 Coordinator work
2024/03/04 22:32:19 Coordinator status 0
2024/03/04 22:32:19 Coordinator work
2024/03/04 22:32:19 Coordinator status 0
2024/03/04 22:32:19 Coordinator work
2024/03/04 22:32:19 Coordinator status 0
2024/03/04 22:32:20 IsDone &{0 2024-03-04 22:32:19.446837287 +0800 CST m=+1.014890248 0xc0000902d0} true
2024/03/04 22:32:20 Order 0 finish Map
2024/03/04 22:32:21 Coordinator work
2024/03/04 22:32:21 Coordinator status 0
2024/03/04 22:32:21 IsDone &{0 2024-03-04 22:32:19.478763055 +0800 CST m=+1.046816018 0xc0000903f0} true
2024/03/04 22:32:21 Order 2 finish Map
2024/03/04 22:32:21 IsDone &{0 2024-03-04 22:32:19.457992865 +0800 CST m=+1.026045829 0xc000090360} true
2024/03/04 22:32:21 Order 1 finish Map
2024/03/04 22:32:22 Coordinator work
2024/03/04 22:32:22 Coordinator status 0
2024/03/04 22:32:22 Coordinator work
2024/03/04 22:32:22 Coordinator status 0
2024/03/04 22:32:22 IsDone &{0 2024-03-04 22:32:21.160369864 +0800 CST m=+2.728422832 0xc000090480} true
2024/03/04 22:32:22 Order 3 finish Map
2024/03/04 22:32:23 IsDone &{0 2024-03-04 22:32:22.36697516 +0800 CST m=+3.935028118 0xc0000905a0} true
2024/03/04 22:32:23 Order 5 finish Map
2024/03/04 22:32:23 Coordinator work
2024/03/04 22:32:23 Coordinator status 0
2024/03/04 22:32:24 Coordinator work
2024/03/04 22:32:24 Coordinator status 0
2024/03/04 22:32:24 IsDone &{0 2024-03-04 22:32:22.352289355 +0800 CST m=+3.920342315 0xc000090510} true
2024/03/04 22:32:24 Order 4 finish Map
2024/03/04 22:32:25 Coordinator work
2024/03/04 22:32:25 Coordinator status 0
2024/03/04 22:32:25 Map: 6 done vs. 2 working, Reduce 0 done vs. 0 working
2024/03/04 22:32:26 IsDone &{0 2024-03-04 22:32:24.012388527 +0800 CST m=+5.580441495 0xc0000906c0} true
2024/03/04 22:32:26 Order 7 finish Map
2024/03/04 22:32:26 IsDone &{0 2024-03-04 22:32:23.741743753 +0800 CST m=+5.309796718 0xc000090630} true
2024/03/04 22:32:26 Order 6 finish Map
2024/03/04 22:32:27 Coordinator work
2024/03/04 22:32:27 Coordinator status 0
2024/03/04 22:32:27 Map: 8 done vs. 0 working, Reduce 0 done vs. 0 working
2024/03/04 22:32:27 forward: forward to Reuce Phase
2024/03/04 22:32:27 making reduce order : 8
2024/03/04 22:32:27 making reduce order : 9
2024/03/04 22:32:27 making reduce order : 10
2024/03/04 22:32:27 making reduce order : 11
2024/03/04 22:32:27 making reduce order : 12
2024/03/04 22:32:27 making reduce order : 13
2024/03/04 22:32:27 making reduce order : 14
2024/03/04 22:32:27 making reduce order : 15
2024/03/04 22:32:27 making reduce order : 16
2024/03/04 22:32:27 making reduce order : 17
2024/03/04 22:32:27 done with make reduce order
2024/03/04 22:32:27 Map: 8 done vs. 0 working, Reduce 0 done vs. 10 working
2024/03/04 22:32:27 Coordinator work
2024/03/04 22:32:27 Coordinator status 1
2024/03/04 22:32:27 Order 8 finish Reduce
2024/03/04 22:32:27 Coordinator work
2024/03/04 22:32:27 Coordinator status 1
2024/03/04 22:32:28 Order 9 finish Reduce
2024/03/04 22:32:28 Coordinator work
2024/03/04 22:32:28 Coordinator status 1
2024/03/04 22:32:29 Coordinator work
2024/03/04 22:32:29 Coordinator status 1
2024/03/04 22:32:29 Coordinator work
2024/03/04 22:32:29 Coordinator status 1
2024/03/04 22:32:29 Order 11 finish Reduce
2024/03/04 22:32:30 Order 10 finish Reduce
2024/03/04 22:32:30 Order 12 finish Reduce
2024/03/04 22:32:30 Coordinator work
2024/03/04 22:32:30 Coordinator status 1
2024/03/04 22:32:31 Coordinator work
2024/03/04 22:32:31 Coordinator status 1
2024/03/04 22:32:31 Order 13 finish Reduce
2024/03/04 22:32:31 Coordinator work
2024/03/04 22:32:31 Coordinator status 1
2024/03/04 22:32:32 Order 15 finish Reduce
2024/03/04 22:32:32 Coordinator work
2024/03/04 22:32:32 Coordinator status 1
2024/03/04 22:32:32 Order 14 finish Reduce
2024/03/04 22:32:33 Coordinator work
2024/03/04 22:32:33 Coordinator status 1
2024/03/04 22:32:33 Order 16 finish Reduce
2024/03/04 22:32:33 Coordinator work
2024/03/04 22:32:33 Coordinator status 1
2024/03/04 22:32:33 Map: 8 done vs. 0 working, Reduce 9 done vs. 1 working
2024/03/04 22:32:34 Order 17 finish Reduce
2024/03/04 22:32:34 Coordinator work
2024/03/04 22:32:34 Coordinator status 1
2024/03/04 22:32:34 Map: 8 done vs. 0 working, Reduce 10 done vs. 0 working
2024/03/04 22:32:34 forward: forward to done phase
2024/03/04 22:32:35 Coordinator work
2024/03/04 22:32:35 Coordinator status 2
2024/03/04 22:32:35 Coordinator work
2024/03/04 22:32:35 Coordinator status 2
