2024/03/04 21:43:52 making map order &{0 [../pg-being_ernest.txt] 0 10}
2024/03/04 21:43:52 making map order &{0 [../pg-dorian_gray.txt] 1 10}
2024/03/04 21:43:52 making map order &{0 [../pg-frankenstein.txt] 2 10}
2024/03/04 21:43:52 making map order &{0 [../pg-grimm.txt] 3 10}
2024/03/04 21:43:52 making map order &{0 [../pg-huckleberry_finn.txt] 4 10}
2024/03/04 21:43:52 making map order &{0 [../pg-metamorphosis.txt] 5 10}
2024/03/04 21:43:52 making map order &{0 [../pg-sherlock_holmes.txt] 6 10}
2024/03/04 21:43:52 making map order &{0 [../pg-tom_sawyer.txt] 7 10}
2024/03/04 21:43:52 done with make map order
2024/03/04 21:43:52 Map: 0 done vs. 8 working, Reduce 0 done vs. 0 working
2024/03/04 21:43:53 Coordinator work
2024/03/04 21:43:53 Coordinator status 0
2024/03/04 21:43:53 IsDone &{0 2024-03-04 21:43:53.521209566 +0800 CST m=+1.014456771 0xc000074660} true
2024/03/04 21:43:53 Order 0 finish Map
2024/03/04 21:43:53 Coordinator work
2024/03/04 21:43:53 Coordinator status 0
2024/03/04 21:43:53 IsDone &{0 2024-03-04 21:43:53.536458477 +0800 CST m=+1.029705656 0xc0000746f0} true
2024/03/04 21:43:53 Order 1 finish Map
2024/03/04 21:43:54 Coordinator work
2024/03/04 21:43:54 Coordinator status 0
2024/03/04 21:43:54 IsDone &{0 2024-03-04 21:43:54.535703892 +0800 CST m=+2.028951074 0xc000074780} true
2024/03/04 21:43:54 Order 2 finish Map
2024/03/04 21:43:54 Coordinator work
2024/03/04 21:43:54 Coordinator status 0
2024/03/04 21:43:54 IsDone &{0 2024-03-04 21:43:54.557350395 +0800 CST m=+2.050597575 0xc000074810} true
2024/03/04 21:43:54 Order 3 finish Map
2024/03/04 21:43:55 Coordinator work
2024/03/04 21:43:55 Coordinator status 0
2024/03/04 21:43:55 IsDone &{0 2024-03-04 21:43:55.555359849 +0800 CST m=+3.048607030 0xc0000748a0} true
2024/03/04 21:43:55 Order 4 finish Map
2024/03/04 21:43:55 Coordinator work
2024/03/04 21:43:55 Coordinator status 0
2024/03/04 21:43:55 IsDone &{0 2024-03-04 21:43:55.576748945 +0800 CST m=+3.069996123 0xc000074930} true
2024/03/04 21:43:55 Order 5 finish Map
2024/03/04 21:43:56 Coordinator work
2024/03/04 21:43:56 Coordinator status 0
2024/03/04 21:43:56 Coordinator work
2024/03/04 21:43:56 Coordinator status 0
2024/03/04 21:43:56 IsDone &{0 2024-03-04 21:43:56.574360937 +0800 CST m=+4.067608115 0xc0000749c0} true
2024/03/04 21:43:56 Order 6 finish Map
2024/03/04 21:43:56 IsDone &{0 2024-03-04 21:43:56.585892905 +0800 CST m=+4.079140083 0xc000074a50} true
2024/03/04 21:43:56 Order 7 finish Map
2024/03/04 21:43:57 Coordinator work
2024/03/04 21:43:57 Coordinator status 0
2024/03/04 21:43:57 Map: 8 done vs. 0 working, Reduce 0 done vs. 0 working
2024/03/04 21:43:57 forward: forward to Reuce Phase
2024/03/04 21:43:57 making reduce order : 8
2024/03/04 21:43:57 making reduce order : 9
2024/03/04 21:43:57 making reduce order : 10
2024/03/04 21:43:57 making reduce order : 11
2024/03/04 21:43:57 making reduce order : 12
2024/03/04 21:43:57 making reduce order : 13
2024/03/04 21:43:57 making reduce order : 14
2024/03/04 21:43:57 Coordinator work
2024/03/04 21:43:57 making reduce order : 15
2024/03/04 21:43:57 making reduce order : 16
2024/03/04 21:43:57 making reduce order : 17
2024/03/04 21:43:57 done with make reduce order
2024/03/04 21:43:57 Map: 8 done vs. 0 working, Reduce 0 done vs. 10 working
2024/03/04 21:43:57 Coordinator status 1
2024/03/04 21:43:58 Order 8 finish Reduce
2024/03/04 21:43:59 Coordinator work
2024/03/04 21:43:59 Coordinator status 1
2024/03/04 21:43:59 Coordinator work
2024/03/04 21:43:59 Coordinator status 1
2024/03/04 21:44:00 Order 9 finish Reduce
2024/03/04 21:44:00 Order 10 finish Reduce
2024/03/04 21:44:01 Coordinator work
2024/03/04 21:44:01 Coordinator status 1
2024/03/04 21:44:01 Coordinator work
2024/03/04 21:44:01 Coordinator status 1
2024/03/04 21:44:03 Order 11 finish Reduce
2024/03/04 21:44:03 Order 12 finish Reduce
2024/03/04 21:44:04 Coordinator work
2024/03/04 21:44:04 Coordinator status 1
2024/03/04 21:44:04 Coordinator work
2024/03/04 21:44:04 Coordinator status 1
2024/03/04 21:44:05 Order 13 finish Reduce
2024/03/04 21:44:05 Order 14 finish Reduce
2024/03/04 21:44:06 Coordinator work
2024/03/04 21:44:06 Coordinator status 1
2024/03/04 21:44:06 Order 15 finish Reduce
2024/03/04 21:44:06 Coordinator work
2024/03/04 21:44:06 Coordinator status 1
2024/03/04 21:44:06 Order 16 finish Reduce
2024/03/04 21:44:07 Coordinator work
2024/03/04 21:44:07 Coordinator status 1
2024/03/04 21:44:07 Coordinator work
2024/03/04 21:44:07 Coordinator status 1
2024/03/04 21:44:07 Map: 8 done vs. 0 working, Reduce 9 done vs. 1 working
2024/03/04 21:44:08 Order 17 finish Reduce
2024/03/04 21:44:09 Coordinator work
2024/03/04 21:44:09 Coordinator status 1
2024/03/04 21:44:09 Map: 8 done vs. 0 working, Reduce 10 done vs. 0 working
2024/03/04 21:44:09 forward: forward to done phase
2024/03/04 21:44:09 Coordinator work
2024/03/04 21:44:09 Coordinator status 2
