2024/03/05 01:54:23 making map order &{0 [../pg-being_ernest.txt] 0 10}
2024/03/05 01:54:23 making map order &{0 [../pg-dorian_gray.txt] 1 10}
2024/03/05 01:54:23 making map order &{0 [../pg-frankenstein.txt] 2 10}
2024/03/05 01:54:23 making map order &{0 [../pg-grimm.txt] 3 10}
2024/03/05 01:54:23 making map order &{0 [../pg-huckleberry_finn.txt] 4 10}
2024/03/05 01:54:23 making map order &{0 [../pg-metamorphosis.txt] 5 10}
2024/03/05 01:54:23 making map order &{0 [../pg-sherlock_holmes.txt] 6 10}
2024/03/05 01:54:23 making map order &{0 [../pg-tom_sawyer.txt] 7 10}
2024/03/05 01:54:23 done with make map order
2024/03/05 01:54:23 Map: 0 done vs. 8 working, Reduce 0 done vs. 0 working
2024/03/05 01:54:24 Coordinator work
2024/03/05 01:54:24 Coordinator status 0
2024/03/05 01:54:24 Coordinator work
2024/03/05 01:54:24 Coordinator status 0
2024/03/05 01:54:24 IsDone &{0 2024-03-05 01:54:24.417695763 +0800 CST m=+1.013761560 0xc000102240} true
2024/03/05 01:54:24 Order 0 finish Map
2024/03/05 01:54:24 IsDone &{0 2024-03-05 01:54:24.420770342 +0800 CST m=+1.016836132 0xc0001022d0} true
2024/03/05 01:54:24 Order 1 finish Map
2024/03/05 01:54:25 Coordinator work
2024/03/05 01:54:25 Coordinator status 0
2024/03/05 01:54:25 Coordinator work
2024/03/05 01:54:25 Coordinator status 0
2024/03/05 01:54:25 IsDone &{0 2024-03-05 01:54:25.517179446 +0800 CST m=+2.113245244 0xc000102360} true
2024/03/05 01:54:25 Order 2 finish Map
2024/03/05 01:54:25 IsDone &{0 2024-03-05 01:54:25.635268011 +0800 CST m=+2.231333807 0xc0001023f0} true
2024/03/05 01:54:25 Order 3 finish Map
2024/03/05 01:54:26 Coordinator work
2024/03/05 01:54:26 Coordinator status 0
2024/03/05 01:54:26 Coordinator work
2024/03/05 01:54:26 Coordinator status 0
2024/03/05 01:54:26 IsDone &{0 2024-03-05 01:54:26.82183458 +0800 CST m=+3.417900378 0xc000102510} true
2024/03/05 01:54:26 Order 5 finish Map
2024/03/05 01:54:27 IsDone &{0 2024-03-05 01:54:26.807711919 +0800 CST m=+3.403777717 0xc000102480} true
2024/03/05 01:54:27 Order 4 finish Map
2024/03/05 01:54:27 Coordinator work
2024/03/05 01:54:27 Coordinator status 0
2024/03/05 01:54:28 Coordinator work
2024/03/05 01:54:28 Coordinator status 0
2024/03/05 01:54:28 IsDone &{0 2024-03-05 01:54:27.960376454 +0800 CST m=+4.556442252 0xc0001025a0} true
2024/03/05 01:54:28 Order 6 finish Map
2024/03/05 01:54:28 IsDone &{0 2024-03-05 01:54:28.071634661 +0800 CST m=+4.667700454 0xc000102630} true
2024/03/05 01:54:28 Order 7 finish Map
2024/03/05 01:54:29 Coordinator work
2024/03/05 01:54:29 Coordinator status 0
2024/03/05 01:54:29 Map: 8 done vs. 0 working, Reduce 0 done vs. 0 working
2024/03/05 01:54:29 forward: forward to Reuce Phase
2024/03/05 01:54:29 making reduce order : 8
2024/03/05 01:54:29 making reduce order : 9
2024/03/05 01:54:29 making reduce order : 10
2024/03/05 01:54:29 making reduce order : 11
2024/03/05 01:54:29 making reduce order : 12
2024/03/05 01:54:29 making reduce order : 13
2024/03/05 01:54:29 making reduce order : 14
2024/03/05 01:54:29 making reduce order : 15
2024/03/05 01:54:29 making reduce order : 16
2024/03/05 01:54:29 making reduce order : 17
2024/03/05 01:54:29 done with make reduce order
2024/03/05 01:54:29 Map: 8 done vs. 0 working, Reduce 0 done vs. 10 working
2024/03/05 01:54:29 Coordinator work
2024/03/05 01:54:29 Coordinator status 1
2024/03/05 01:54:29 Order 8 finish Reduce
2024/03/05 01:54:30 Coordinator work
2024/03/05 01:54:30 Coordinator status 1
2024/03/05 01:54:30 Order 9 finish Reduce
2024/03/05 01:54:31 Coordinator work
2024/03/05 01:54:31 Coordinator status 1
2024/03/05 01:54:31 Order 10 finish Reduce
2024/03/05 01:54:31 Coordinator work
2024/03/05 01:54:31 Coordinator status 1
2024/03/05 01:54:31 Order 11 finish Reduce
2024/03/05 01:54:32 Coordinator work
2024/03/05 01:54:32 Coordinator status 1
2024/03/05 01:54:32 Order 12 finish Reduce
2024/03/05 01:54:32 Coordinator work
2024/03/05 01:54:32 Coordinator status 1
2024/03/05 01:54:32 Order 13 finish Reduce
2024/03/05 01:54:33 Coordinator work
2024/03/05 01:54:33 Coordinator status 1
2024/03/05 01:54:33 Order 14 finish Reduce
2024/03/05 01:54:33 Coordinator work
2024/03/05 01:54:33 Coordinator status 1
2024/03/05 01:54:33 Order 15 finish Reduce
2024/03/05 01:54:34 Coordinator work
2024/03/05 01:54:34 Coordinator status 1
2024/03/05 01:54:34 Order 16 finish Reduce
2024/03/05 01:54:34 Coordinator work
2024/03/05 01:54:34 Coordinator status 1
2024/03/05 01:54:35 Order 17 finish Reduce
2024/03/05 01:54:35 Coordinator work
2024/03/05 01:54:35 Coordinator status 1
2024/03/05 01:54:35 Map: 8 done vs. 0 working, Reduce 10 done vs. 0 working
2024/03/05 01:54:35 forward: forward to done phase
2024/03/05 01:54:36 Coordinator work
2024/03/05 01:54:36 Coordinator status 2
