2024/03/05 07:31:43 making map order &{0 [../pg-being_ernest.txt] 0 10}
2024/03/05 07:31:43 making map order &{0 [../pg-dorian_gray.txt] 1 10}
2024/03/05 07:31:43 making map order &{0 [../pg-frankenstein.txt] 2 10}
2024/03/05 07:31:43 making map order &{0 [../pg-grimm.txt] 3 10}
2024/03/05 07:31:43 making map order &{0 [../pg-huckleberry_finn.txt] 4 10}
2024/03/05 07:31:43 making map order &{0 [../pg-metamorphosis.txt] 5 10}
2024/03/05 07:31:43 making map order &{0 [../pg-sherlock_holmes.txt] 6 10}
2024/03/05 07:31:43 making map order &{0 [../pg-tom_sawyer.txt] 7 10}
2024/03/05 07:31:43 done with make map order
2024/03/05 07:31:43 Map: 0 done vs. 8 working, Reduce 0 done vs. 0 working
2024/03/05 07:31:44 Coordinator work
2024/03/05 07:31:44 Coordinator status 0
2024/03/05 07:31:44 Coordinator work
2024/03/05 07:31:44 Coordinator status 0
2024/03/05 07:31:44 Coordinator work
2024/03/05 07:31:44 Coordinator status 0
2024/03/05 07:31:45 IsDone &{0 2024-03-05 07:31:44.726972711 +0800 CST m=+1.025258363 0xc00008c1b0} true
2024/03/05 07:31:45 Order 0 finish Map
2024/03/05 07:31:46 IsDone &{0 2024-03-05 07:31:44.737400531 +0800 CST m=+1.035686188 0xc00008c2d0} true
2024/03/05 07:31:46 Order 2 finish Map
2024/03/05 07:31:46 IsDone &{0 2024-03-05 07:31:44.728193115 +0800 CST m=+1.026478766 0xc00008c240} true
2024/03/05 07:31:46 Order 1 finish Map
2024/03/05 07:31:46 Coordinator work
2024/03/05 07:31:46 Coordinator status 0
2024/03/05 07:31:47 Coordinator work
2024/03/05 07:31:47 Coordinator status 0
2024/03/05 07:31:47 Coordinator work
2024/03/05 07:31:47 Coordinator status 0
2024/03/05 07:31:48 IsDone &{0 2024-03-05 07:31:47.618999513 +0800 CST m=+3.917285163 0xc00008c480} true
2024/03/05 07:31:48 Order 5 finish Map
2024/03/05 07:31:48 IsDone &{0 2024-03-05 07:31:46.631179987 +0800 CST m=+2.929465635 0xc00008c360} true
2024/03/05 07:31:48 Order 3 finish Map
2024/03/05 07:31:49 IsDone &{0 2024-03-05 07:31:47.265685946 +0800 CST m=+3.563971591 0xc00008c3f0} true
2024/03/05 07:31:49 Order 4 finish Map
2024/03/05 07:31:49 Coordinator work
2024/03/05 07:31:49 Coordinator status 0
2024/03/05 07:31:49 Coordinator work
2024/03/05 07:31:49 Coordinator status 0
2024/03/05 07:31:50 Coordinator work
2024/03/05 07:31:50 Coordinator status 0
2024/03/05 07:31:50 Map: 6 done vs. 2 working, Reduce 0 done vs. 0 working
2024/03/05 07:31:50 IsDone &{0 2024-03-05 07:31:49.559072256 +0800 CST m=+5.857357899 0xc00008c5a0} true
2024/03/05 07:31:50 Order 7 finish Map
2024/03/05 07:31:51 IsDone &{0 2024-03-05 07:31:49.288027566 +0800 CST m=+5.586313208 0xc00008c510} true
2024/03/05 07:31:51 Order 6 finish Map
2024/03/05 07:31:51 Coordinator work
2024/03/05 07:31:51 Coordinator status 0
2024/03/05 07:31:51 Map: 8 done vs. 0 working, Reduce 0 done vs. 0 working
2024/03/05 07:31:51 forward: forward to Reuce Phase
2024/03/05 07:31:51 making reduce order : 8
2024/03/05 07:31:51 making reduce order : 9
2024/03/05 07:31:51 making reduce order : 10
2024/03/05 07:31:51 making reduce order : 11
2024/03/05 07:31:51 making reduce order : 12
2024/03/05 07:31:51 making reduce order : 13
2024/03/05 07:31:51 making reduce order : 14
2024/03/05 07:31:51 making reduce order : 15
2024/03/05 07:31:51 making reduce order : 16
2024/03/05 07:31:51 making reduce order : 17
2024/03/05 07:31:51 done with make reduce order
2024/03/05 07:31:51 Map: 8 done vs. 0 working, Reduce 0 done vs. 10 working
2024/03/05 07:31:52 Coordinator work
2024/03/05 07:31:52 Coordinator status 1
2024/03/05 07:31:52 Coordinator work
2024/03/05 07:31:52 Coordinator status 1
2024/03/05 07:31:52 Order 8 finish Reduce
2024/03/05 07:31:52 Order 9 finish Reduce
2024/03/05 07:31:53 Coordinator work
2024/03/05 07:31:53 Coordinator status 1
2024/03/05 07:31:53 Coordinator work
2024/03/05 07:31:53 Coordinator status 1
2024/03/05 07:31:53 Coordinator work
2024/03/05 07:31:53 Coordinator status 1
2024/03/05 07:31:54 Order 11 finish Reduce
2024/03/05 07:31:54 Order 12 finish Reduce
2024/03/05 07:31:54 Order 10 finish Reduce
2024/03/05 07:31:55 Coordinator work
2024/03/05 07:31:55 Coordinator status 1
2024/03/05 07:31:55 Coordinator work
2024/03/05 07:31:55 Coordinator status 1
2024/03/05 07:31:55 Order 13 finish Reduce
2024/03/05 07:31:55 Coordinator work
2024/03/05 07:31:55 Coordinator status 1
2024/03/05 07:31:56 Order 15 finish Reduce
2024/03/05 07:31:56 Coordinator work
2024/03/05 07:31:56 Coordinator status 1
2024/03/05 07:31:57 Order 14 finish Reduce
2024/03/05 07:31:57 Coordinator work
2024/03/05 07:31:57 Coordinator status 1
2024/03/05 07:31:58 Order 16 finish Reduce
2024/03/05 07:31:58 Coordinator work
2024/03/05 07:31:58 Coordinator status 1
2024/03/05 07:31:58 Map: 8 done vs. 0 working, Reduce 9 done vs. 1 working
2024/03/05 07:31:58 Order 17 finish Reduce
2024/03/05 07:31:59 Coordinator work
2024/03/05 07:31:59 Coordinator status 1
2024/03/05 07:31:59 Map: 8 done vs. 0 working, Reduce 10 done vs. 0 working
2024/03/05 07:31:59 forward: forward to done phase
2024/03/05 07:31:59 Coordinator work
2024/03/05 07:31:59 Coordinator status 2
2024/03/05 07:32:00 Coordinator work
2024/03/05 07:32:00 Coordinator status 2
