2024/03/05 11:07:47 making map order &{0 [../pg-being_ernest.txt] 0 10}
2024/03/05 11:07:47 making map order &{0 [../pg-dorian_gray.txt] 1 10}
2024/03/05 11:07:47 making map order &{0 [../pg-frankenstein.txt] 2 10}
2024/03/05 11:07:47 making map order &{0 [../pg-grimm.txt] 3 10}
2024/03/05 11:07:47 making map order &{0 [../pg-huckleberry_finn.txt] 4 10}
2024/03/05 11:07:47 making map order &{0 [../pg-metamorphosis.txt] 5 10}
2024/03/05 11:07:47 making map order &{0 [../pg-sherlock_holmes.txt] 6 10}
2024/03/05 11:07:47 making map order &{0 [../pg-tom_sawyer.txt] 7 10}
2024/03/05 11:07:47 done with make map order
2024/03/05 11:07:47 Map: 0 done vs. 8 working, Reduce 0 done vs. 0 working
2024/03/05 11:07:48 Coordinator work
2024/03/05 11:07:48 Coordinator status 0
2024/03/05 11:07:48 Coordinator work
2024/03/05 11:07:48 Coordinator status 0
2024/03/05 11:07:48 Coordinator work
2024/03/05 11:07:48 Coordinator status 0
2024/03/05 11:07:48 IsDone &{0 2024-03-05 11:07:48.327034943 +0800 CST m=+1.041037548 0xc0000925a0} true
2024/03/05 11:07:48 Order 0 finish Map
2024/03/05 11:07:49 Coordinator work
2024/03/05 11:07:49 Coordinator status 0
2024/03/05 11:07:50 IsDone &{0 2024-03-05 11:07:48.327465403 +0800 CST m=+1.041468016 0xc000092630} true
2024/03/05 11:07:50 Order 1 finish Map
2024/03/05 11:07:50 IsDone &{0 2024-03-05 11:07:48.349374757 +0800 CST m=+1.063377367 0xc0000926c0} true
2024/03/05 11:07:50 Order 2 finish Map
2024/03/05 11:07:51 Coordinator work
2024/03/05 11:07:51 Coordinator status 0
2024/03/05 11:07:51 Coordinator work
2024/03/05 11:07:51 Coordinator status 0
2024/03/05 11:07:52 IsDone &{0 2024-03-05 11:07:49.955000442 +0800 CST m=+2.669003049 0xc000092750} true
2024/03/05 11:07:52 Order 3 finish Map
2024/03/05 11:07:52 IsDone &{0 2024-03-05 11:07:51.892908299 +0800 CST m=+4.606910912 0xc000092870} true
2024/03/05 11:07:52 Order 5 finish Map
2024/03/05 11:07:53 Coordinator work
2024/03/05 11:07:53 Coordinator status 0
2024/03/05 11:07:53 Coordinator work
2024/03/05 11:07:53 Coordinator status 0
2024/03/05 11:07:55 IsDone &{0 2024-03-05 11:07:51.644959722 +0800 CST m=+4.358962335 0xc0000927e0} true
2024/03/05 11:07:55 Order 4 finish Map
2024/03/05 11:07:56 IsDone &{0 2024-03-05 11:07:53.96387839 +0800 CST m=+6.677880999 0xc000092990} true
2024/03/05 11:07:56 Order 7 finish Map
2024/03/05 11:07:56 Coordinator work
2024/03/05 11:07:56 Coordinator status 0
2024/03/05 11:07:56 Map: 7 done vs. 1 working, Reduce 0 done vs. 0 working
2024/03/05 11:07:56 IsDone &{0 2024-03-05 11:07:53.641455866 +0800 CST m=+6.355458479 0xc000092900} true
2024/03/05 11:07:56 Order 6 finish Map
2024/03/05 11:07:57 Coordinator work
2024/03/05 11:07:57 Coordinator status 0
2024/03/05 11:07:57 Map: 8 done vs. 0 working, Reduce 0 done vs. 0 working
2024/03/05 11:07:57 forward: forward to Reuce Phase
2024/03/05 11:07:57 making reduce order : 8
2024/03/05 11:07:57 making reduce order : 9
2024/03/05 11:07:57 making reduce order : 10
2024/03/05 11:07:57 making reduce order : 11
2024/03/05 11:07:57 making reduce order : 12
2024/03/05 11:07:57 making reduce order : 13
2024/03/05 11:07:57 making reduce order : 14
2024/03/05 11:07:57 making reduce order : 15
2024/03/05 11:07:57 making reduce order : 16
2024/03/05 11:07:57 making reduce order : 17
2024/03/05 11:07:57 done with make reduce order
2024/03/05 11:07:57 Map: 8 done vs. 0 working, Reduce 0 done vs. 10 working
2024/03/05 11:07:57 Coordinator work
2024/03/05 11:07:57 Coordinator status 1
2024/03/05 11:07:58 Order 8 finish Reduce
2024/03/05 11:07:58 Coordinator work
2024/03/05 11:07:58 Coordinator status 1
2024/03/05 11:07:58 Order 9 finish Reduce
2024/03/05 11:07:59 Coordinator work
2024/03/05 11:07:59 Coordinator status 1
2024/03/05 11:07:59 Coordinator work
2024/03/05 11:07:59 Coordinator status 1
2024/03/05 11:07:59 Coordinator work
2024/03/05 11:07:59 Coordinator status 1
2024/03/05 11:07:59 Order 11 finish Reduce
2024/03/05 11:08:00 Order 10 finish Reduce
2024/03/05 11:08:00 Order 12 finish Reduce
2024/03/05 11:08:00 Coordinator work
2024/03/05 11:08:00 Coordinator status 1
2024/03/05 11:08:01 Coordinator work
2024/03/05 11:08:01 Coordinator status 1
2024/03/05 11:08:01 Order 13 finish Reduce
2024/03/05 11:08:01 Coordinator work
2024/03/05 11:08:01 Coordinator status 1
2024/03/05 11:08:02 Coordinator work
2024/03/05 11:08:02 Coordinator status 1
2024/03/05 11:08:02 Order 15 finish Reduce
2024/03/05 11:08:03 Order 14 finish Reduce
2024/03/05 11:08:03 Order 16 finish Reduce
2024/03/05 11:08:03 Coordinator work
2024/03/05 11:08:03 Coordinator status 1
2024/03/05 11:08:04 Coordinator work
2024/03/05 11:08:04 Coordinator status 1
2024/03/05 11:08:04 Map: 8 done vs. 0 working, Reduce 9 done vs. 1 working
2024/03/05 11:08:04 Order 17 finish Reduce
2024/03/05 11:08:04 Coordinator work
2024/03/05 11:08:04 Coordinator status 1
2024/03/05 11:08:04 Map: 8 done vs. 0 working, Reduce 10 done vs. 0 working
2024/03/05 11:08:04 forward: forward to done phase
2024/03/05 11:08:05 Coordinator work
2024/03/05 11:08:05 Coordinator status 2
2024/03/05 11:08:06 Coordinator work
2024/03/05 11:08:06 Coordinator status 2
