2024/03/05 12:28:48 making map order &{0 [../pg-being_ernest.txt] 0 10}
2024/03/05 12:28:48 making map order &{0 [../pg-dorian_gray.txt] 1 10}
2024/03/05 12:28:48 making map order &{0 [../pg-frankenstein.txt] 2 10}
2024/03/05 12:28:48 making map order &{0 [../pg-grimm.txt] 3 10}
2024/03/05 12:28:48 making map order &{0 [../pg-huckleberry_finn.txt] 4 10}
2024/03/05 12:28:48 making map order &{0 [../pg-metamorphosis.txt] 5 10}
2024/03/05 12:28:48 making map order &{0 [../pg-sherlock_holmes.txt] 6 10}
2024/03/05 12:28:48 making map order &{0 [../pg-tom_sawyer.txt] 7 10}
2024/03/05 12:28:48 done with make map order
2024/03/05 12:28:48 Map: 0 done vs. 8 working, Reduce 0 done vs. 0 working
2024/03/05 12:28:49 Coordinator work
2024/03/05 12:28:49 Coordinator status 0
2024/03/05 12:28:49 Coordinator work
2024/03/05 12:28:49 Coordinator status 0
2024/03/05 12:28:49 Coordinator work
2024/03/05 12:28:49 Coordinator status 0
2024/03/05 12:28:50 IsDone &{0 2024-03-05 12:28:49.739345014 +0800 CST m=+1.179019673 0xc00009dfb0} true
2024/03/05 12:28:50 Order 0 finish Map
2024/03/05 12:28:51 Coordinator work
2024/03/05 12:28:51 Coordinator status 0
2024/03/05 12:28:51 IsDone &{0 2024-03-05 12:28:49.740191636 +0800 CST m=+1.179866304 0xc00011a060} true
2024/03/05 12:28:51 Order 1 finish Map
2024/03/05 12:28:52 IsDone &{0 2024-03-05 12:28:49.7412982 +0800 CST m=+1.180972868 0xc00011a0f0} true
2024/03/05 12:28:52 Order 2 finish Map
2024/03/05 12:28:52 Coordinator work
2024/03/05 12:28:52 Coordinator status 0
2024/03/05 12:28:53 Coordinator work
2024/03/05 12:28:53 Coordinator status 0
2024/03/05 12:28:53 IsDone &{0 2024-03-05 12:28:53.045331922 +0800 CST m=+4.485006590 0xc00011a2a0} true
2024/03/05 12:28:53 Order 5 finish Map
2024/03/05 12:28:53 IsDone &{0 2024-03-05 12:28:51.357874887 +0800 CST m=+2.797549552 0xc00011a180} true
2024/03/05 12:28:53 Order 3 finish Map
2024/03/05 12:28:54 Coordinator work
2024/03/05 12:28:54 Coordinator status 0
2024/03/05 12:28:54 Coordinator work
2024/03/05 12:28:54 Coordinator status 0
2024/03/05 12:28:56 IsDone &{0 2024-03-05 12:28:52.98592045 +0800 CST m=+4.425595114 0xc00011a210} true
2024/03/05 12:28:56 Order 4 finish Map
2024/03/05 12:28:57 IsDone &{0 2024-03-05 12:28:54.850893553 +0800 CST m=+6.290568218 0xc00011a3c0} true
2024/03/05 12:28:57 Order 7 finish Map
2024/03/05 12:28:57 Coordinator work
2024/03/05 12:28:57 Coordinator status 0
2024/03/05 12:28:57 Map: 7 done vs. 1 working, Reduce 0 done vs. 0 working
2024/03/05 12:28:57 IsDone &{0 2024-03-05 12:28:54.809630959 +0800 CST m=+6.249305624 0xc00011a330} true
2024/03/05 12:28:57 Order 6 finish Map
2024/03/05 12:28:58 Coordinator work
2024/03/05 12:28:58 Coordinator status 0
2024/03/05 12:28:58 Map: 8 done vs. 0 working, Reduce 0 done vs. 0 working
2024/03/05 12:28:58 forward: forward to Reuce Phase
2024/03/05 12:28:58 making reduce order : 8
2024/03/05 12:28:58 making reduce order : 9
2024/03/05 12:28:58 making reduce order : 10
2024/03/05 12:28:58 making reduce order : 11
2024/03/05 12:28:58 making reduce order : 12
2024/03/05 12:28:58 making reduce order : 13
2024/03/05 12:28:58 making reduce order : 14
2024/03/05 12:28:58 making reduce order : 15
2024/03/05 12:28:58 making reduce order : 16
2024/03/05 12:28:58 making reduce order : 17
2024/03/05 12:28:58 done with make reduce order
2024/03/05 12:28:58 Map: 8 done vs. 0 working, Reduce 0 done vs. 10 working
2024/03/05 12:28:58 Coordinator work
2024/03/05 12:28:58 Coordinator status 1
2024/03/05 12:28:59 Order 8 finish Reduce
2024/03/05 12:28:59 Coordinator work
2024/03/05 12:28:59 Coordinator status 1
2024/03/05 12:28:59 Order 9 finish Reduce
2024/03/05 12:29:00 Coordinator work
2024/03/05 12:29:00 Coordinator status 1
2024/03/05 12:29:00 Coordinator work
2024/03/05 12:29:00 Coordinator status 1
2024/03/05 12:29:00 Order 11 finish Reduce
2024/03/05 12:29:00 Coordinator work
2024/03/05 12:29:00 Coordinator status 1
2024/03/05 12:29:01 Order 10 finish Reduce
2024/03/05 12:29:01 Order 12 finish Reduce
2024/03/05 12:29:01 Coordinator work
2024/03/05 12:29:01 Coordinator status 1
2024/03/05 12:29:02 Coordinator work
2024/03/05 12:29:02 Coordinator status 1
2024/03/05 12:29:02 Order 13 finish Reduce
2024/03/05 12:29:02 Coordinator work
2024/03/05 12:29:02 Coordinator status 1
2024/03/05 12:29:03 Coordinator work
2024/03/05 12:29:03 Coordinator status 1
2024/03/05 12:29:03 Order 14 finish Reduce
2024/03/05 12:29:03 Order 15 finish Reduce
2024/03/05 12:29:04 Order 16 finish Reduce
2024/03/05 12:29:04 Coordinator work
2024/03/05 12:29:04 Coordinator status 1
2024/03/05 12:29:04 Coordinator work
2024/03/05 12:29:04 Coordinator status 1
2024/03/05 12:29:04 Map: 8 done vs. 0 working, Reduce 9 done vs. 1 working
2024/03/05 12:29:05 Order 17 finish Reduce
2024/03/05 12:29:05 Coordinator work
2024/03/05 12:29:05 Coordinator status 1
2024/03/05 12:29:05 Map: 8 done vs. 0 working, Reduce 10 done vs. 0 working
2024/03/05 12:29:05 forward: forward to done phase
2024/03/05 12:29:06 Coordinator work
2024/03/05 12:29:06 Coordinator status 2
