2024/03/05 11:41:47 making map order &{0 [../pg-being_ernest.txt] 0 10}
2024/03/05 11:41:47 making map order &{0 [../pg-dorian_gray.txt] 1 10}
2024/03/05 11:41:47 making map order &{0 [../pg-frankenstein.txt] 2 10}
2024/03/05 11:41:47 making map order &{0 [../pg-grimm.txt] 3 10}
2024/03/05 11:41:47 making map order &{0 [../pg-huckleberry_finn.txt] 4 10}
2024/03/05 11:41:47 making map order &{0 [../pg-metamorphosis.txt] 5 10}
2024/03/05 11:41:47 making map order &{0 [../pg-sherlock_holmes.txt] 6 10}
2024/03/05 11:41:47 making map order &{0 [../pg-tom_sawyer.txt] 7 10}
2024/03/05 11:41:47 done with make map order
2024/03/05 11:41:47 Map: 0 done vs. 8 working, Reduce 0 done vs. 0 working
2024/03/05 11:41:48 Coordinator work
2024/03/05 11:41:48 Coordinator status 0
2024/03/05 11:41:48 Coordinator work
2024/03/05 11:41:48 Coordinator status 0
2024/03/05 11:41:52 IsDone &{0 2024-03-05 11:41:48.70748439 +0800 CST m=+1.040139777 0xc00009fef0} true
2024/03/05 11:41:52 Order 0 finish Map
2024/03/05 11:41:52 IsDone &{0 2024-03-05 11:41:48.708104916 +0800 CST m=+1.040760309 0xc00009ff80} true
2024/03/05 11:41:52 Order 1 finish Map
2024/03/05 11:41:53 Coordinator work
2024/03/05 11:41:53 Coordinator status 0
2024/03/05 11:41:53 Coordinator work
2024/03/05 11:41:53 Coordinator status 0
2024/03/05 11:41:57 IsDone &{0 2024-03-05 11:41:53.809392485 +0800 CST m=+6.142047875 0xc00011c0c0} true
2024/03/05 11:41:57 Order 3 finish Map
2024/03/05 11:41:57 IsDone &{0 2024-03-05 11:41:53.809292417 +0800 CST m=+6.141947804 0xc00011c030} true
2024/03/05 11:41:57 Order 2 finish Map
2024/03/05 11:41:58 Coordinator work
2024/03/05 11:41:58 Coordinator status 0
2024/03/05 11:41:58 Coordinator work
2024/03/05 11:41:58 Coordinator status 0
2024/03/05 11:42:02 IsDone &{0 2024-03-05 11:41:58.718175395 +0800 CST m=+11.050830785 0xc00011c1e0} true
2024/03/05 11:42:02 Order 5 finish Map
2024/03/05 11:42:02 IsDone &{0 2024-03-05 11:41:58.717172108 +0800 CST m=+11.049827498 0xc00011c150} true
2024/03/05 11:42:02 Order 4 finish Map
2024/03/05 11:42:03 Coordinator work
2024/03/05 11:42:03 Coordinator status 0
2024/03/05 11:42:03 Coordinator work
2024/03/05 11:42:03 Coordinator status 0
2024/03/05 11:42:05 IsDone &{0 2024-03-05 11:42:03.575871529 +0800 CST m=+15.908526919 0xc00011c270} true
2024/03/05 11:42:05 Order 6 finish Map
2024/03/05 11:42:05 IsDone &{0 2024-03-05 11:42:03.588764446 +0800 CST m=+15.921419837 0xc00011c300} true
2024/03/05 11:42:05 Order 7 finish Map
2024/03/05 11:42:06 Coordinator work
2024/03/05 11:42:06 Coordinator status 0
2024/03/05 11:42:06 Map: 8 done vs. 0 working, Reduce 0 done vs. 0 working
2024/03/05 11:42:06 forward: forward to Reuce Phase
2024/03/05 11:42:06 making reduce order : 8
2024/03/05 11:42:06 making reduce order : 9
2024/03/05 11:42:06 making reduce order : 10
2024/03/05 11:42:06 making reduce order : 11
2024/03/05 11:42:06 making reduce order : 12
2024/03/05 11:42:06 making reduce order : 13
2024/03/05 11:42:06 making reduce order : 14
2024/03/05 11:42:06 making reduce order : 15
2024/03/05 11:42:06 making reduce order : 16
2024/03/05 11:42:06 making reduce order : 17
2024/03/05 11:42:06 done with make reduce order
2024/03/05 11:42:06 Map: 8 done vs. 0 working, Reduce 0 done vs. 10 working
2024/03/05 11:42:06 Coordinator work
2024/03/05 11:42:06 Coordinator status 1
2024/03/05 11:42:06 Order 8 finish Reduce
2024/03/05 11:42:07 Coordinator work
2024/03/05 11:42:07 Coordinator status 1
2024/03/05 11:42:07 Order 9 finish Reduce
2024/03/05 11:42:08 Coordinator work
2024/03/05 11:42:08 Coordinator status 1
2024/03/05 11:42:08 Order 10 finish Reduce
2024/03/05 11:42:08 Coordinator work
2024/03/05 11:42:08 Coordinator status 1
2024/03/05 11:42:08 Order 11 finish Reduce
2024/03/05 11:42:09 Coordinator work
2024/03/05 11:42:09 Coordinator status 1
2024/03/05 11:42:09 Order 12 finish Reduce
2024/03/05 11:42:09 Coordinator work
2024/03/05 11:42:09 Coordinator status 1
2024/03/05 11:42:09 Order 13 finish Reduce
2024/03/05 11:42:10 Coordinator work
2024/03/05 11:42:10 Coordinator status 1
2024/03/05 11:42:10 Order 14 finish Reduce
2024/03/05 11:42:10 Coordinator work
2024/03/05 11:42:10 Coordinator status 1
2024/03/05 11:42:10 Order 15 finish Reduce
2024/03/05 11:42:11 Coordinator work
2024/03/05 11:42:11 Coordinator status 1
2024/03/05 11:42:11 Order 16 finish Reduce
2024/03/05 11:42:11 Coordinator work
2024/03/05 11:42:11 Coordinator status 1
2024/03/05 11:42:11 Order 17 finish Reduce
2024/03/05 11:42:12 Coordinator work
2024/03/05 11:42:12 Coordinator status 1
2024/03/05 11:42:12 Map: 8 done vs. 0 working, Reduce 10 done vs. 0 working
2024/03/05 11:42:12 forward: forward to done phase
2024/03/05 11:42:12 Coordinator work
2024/03/05 11:42:12 Coordinator status 2
