2024/03/05 04:58:30 making map order &{0 [../pg-being_ernest.txt] 0 10}
2024/03/05 04:58:30 making map order &{0 [../pg-dorian_gray.txt] 1 10}
2024/03/05 04:58:30 making map order &{0 [../pg-frankenstein.txt] 2 10}
2024/03/05 04:58:30 making map order &{0 [../pg-grimm.txt] 3 10}
2024/03/05 04:58:30 making map order &{0 [../pg-huckleberry_finn.txt] 4 10}
2024/03/05 04:58:30 making map order &{0 [../pg-metamorphosis.txt] 5 10}
2024/03/05 04:58:30 making map order &{0 [../pg-sherlock_holmes.txt] 6 10}
2024/03/05 04:58:30 making map order &{0 [../pg-tom_sawyer.txt] 7 10}
2024/03/05 04:58:30 done with make map order
2024/03/05 04:58:30 Map: 0 done vs. 8 working, Reduce 0 done vs. 0 working
2024/03/05 04:58:31 Coordinator work
2024/03/05 04:58:31 Coordinator status 0
2024/03/05 04:58:31 Coordinator work
2024/03/05 04:58:31 Coordinator status 0
2024/03/05 04:58:35 IsDone &{0 2024-03-05 04:58:31.89736406 +0800 CST m=+1.035650466 0xc0000a3e60} true
2024/03/05 04:58:35 Order 0 finish Map
2024/03/05 04:58:35 IsDone &{0 2024-03-05 04:58:31.900985068 +0800 CST m=+1.039271479 0xc0000a3ef0} true
2024/03/05 04:58:35 Order 1 finish Map
2024/03/05 04:58:36 Coordinator work
2024/03/05 04:58:36 Coordinator status 0
2024/03/05 04:58:37 Coordinator work
2024/03/05 04:58:37 Coordinator status 0
2024/03/05 04:58:40 IsDone &{0 2024-03-05 04:58:36.990743675 +0800 CST m=+6.129030092 0xc0000a3f80} true
2024/03/05 04:58:40 Order 2 finish Map
2024/03/05 04:58:40 IsDone &{0 2024-03-05 04:58:37.000138839 +0800 CST m=+6.138425244 0xc00011a030} true
2024/03/05 04:58:40 Order 3 finish Map
2024/03/05 04:58:41 Coordinator work
2024/03/05 04:58:41 Coordinator status 0
2024/03/05 04:58:41 Coordinator work
2024/03/05 04:58:41 Coordinator status 0
2024/03/05 04:58:45 IsDone &{0 2024-03-05 04:58:41.906324692 +0800 CST m=+11.044611104 0xc00011a150} true
2024/03/05 04:58:45 Order 5 finish Map
2024/03/05 04:58:45 IsDone &{0 2024-03-05 04:58:41.904056597 +0800 CST m=+11.042343010 0xc00011a0c0} true
2024/03/05 04:58:45 Order 4 finish Map
2024/03/05 04:58:46 Coordinator work
2024/03/05 04:58:46 Coordinator status 0
2024/03/05 04:58:46 Coordinator work
2024/03/05 04:58:46 Coordinator status 0
2024/03/05 04:58:48 IsDone &{0 2024-03-05 04:58:46.764331214 +0800 CST m=+15.902617626 0xc00011a1e0} true
2024/03/05 04:58:48 Order 6 finish Map
2024/03/05 04:58:48 IsDone &{0 2024-03-05 04:58:46.772751577 +0800 CST m=+15.911037988 0xc00011a270} true
2024/03/05 04:58:48 Order 7 finish Map
2024/03/05 04:58:49 Coordinator work
2024/03/05 04:58:49 Coordinator status 0
2024/03/05 04:58:49 Map: 8 done vs. 0 working, Reduce 0 done vs. 0 working
2024/03/05 04:58:49 forward: forward to Reuce Phase
2024/03/05 04:58:49 making reduce order : 8
2024/03/05 04:58:49 making reduce order : 9
2024/03/05 04:58:49 making reduce order : 10
2024/03/05 04:58:49 making reduce order : 11
2024/03/05 04:58:49 making reduce order : 12
2024/03/05 04:58:49 making reduce order : 13
2024/03/05 04:58:49 making reduce order : 14
2024/03/05 04:58:49 making reduce order : 15
2024/03/05 04:58:49 making reduce order : 16
2024/03/05 04:58:49 making reduce order : 17
2024/03/05 04:58:49 Coordinator work
2024/03/05 04:58:49 done with make reduce order
2024/03/05 04:58:49 Map: 8 done vs. 0 working, Reduce 0 done vs. 10 working
2024/03/05 04:58:49 Coordinator status 1
2024/03/05 04:58:49 Order 8 finish Reduce
2024/03/05 04:58:50 Coordinator work
2024/03/05 04:58:50 Coordinator status 1
2024/03/05 04:58:50 Order 9 finish Reduce
2024/03/05 04:58:51 Coordinator work
2024/03/05 04:58:51 Coordinator status 1
2024/03/05 04:58:51 Order 10 finish Reduce
2024/03/05 04:58:51 Coordinator work
2024/03/05 04:58:51 Coordinator status 1
2024/03/05 04:58:51 Order 11 finish Reduce
2024/03/05 04:58:52 Coordinator work
2024/03/05 04:58:52 Coordinator status 1
2024/03/05 04:58:52 Order 12 finish Reduce
2024/03/05 04:58:52 Coordinator work
2024/03/05 04:58:52 Coordinator status 1
2024/03/05 04:58:52 Order 13 finish Reduce
2024/03/05 04:58:53 Coordinator work
2024/03/05 04:58:53 Coordinator status 1
2024/03/05 04:58:53 Order 14 finish Reduce
2024/03/05 04:58:53 Coordinator work
2024/03/05 04:58:53 Coordinator status 1
2024/03/05 04:58:53 Order 15 finish Reduce
2024/03/05 04:58:54 Coordinator work
2024/03/05 04:58:54 Coordinator status 1
2024/03/05 04:58:54 Order 16 finish Reduce
2024/03/05 04:58:54 Coordinator work
2024/03/05 04:58:54 Coordinator status 1
2024/03/05 04:58:54 Order 17 finish Reduce
2024/03/05 04:58:55 Coordinator work
2024/03/05 04:58:55 Coordinator status 1
2024/03/05 04:58:55 Map: 8 done vs. 0 working, Reduce 10 done vs. 0 working
2024/03/05 04:58:55 forward: forward to done phase
2024/03/05 04:58:55 Coordinator work
2024/03/05 04:58:55 Coordinator status 2
