2024/03/05 02:41:39 making map order &{0 [../pg-being_ernest.txt] 0 10}
2024/03/05 02:41:39 making map order &{0 [../pg-dorian_gray.txt] 1 10}
2024/03/05 02:41:39 making map order &{0 [../pg-frankenstein.txt] 2 10}
2024/03/05 02:41:39 making map order &{0 [../pg-grimm.txt] 3 10}
2024/03/05 02:41:39 making map order &{0 [../pg-huckleberry_finn.txt] 4 10}
2024/03/05 02:41:39 making map order &{0 [../pg-metamorphosis.txt] 5 10}
2024/03/05 02:41:39 making map order &{0 [../pg-sherlock_holmes.txt] 6 10}
2024/03/05 02:41:39 making map order &{0 [../pg-tom_sawyer.txt] 7 10}
2024/03/05 02:41:39 done with make map order
2024/03/05 02:41:39 Map: 0 done vs. 8 working, Reduce 0 done vs. 0 working
2024/03/05 02:41:40 Coordinator work
2024/03/05 02:41:40 Coordinator status 0
2024/03/05 02:41:40 Coordinator work
2024/03/05 02:41:40 Coordinator status 0
2024/03/05 02:41:41 IsDone &{0 2024-03-05 02:41:40.934652456 +0800 CST m=+1.019724354 0xc0000a3ce0} true
2024/03/05 02:41:41 Order 0 finish Map
2024/03/05 02:41:41 IsDone &{0 2024-03-05 02:41:40.942487745 +0800 CST m=+1.027559644 0xc0000a3d70} true
2024/03/05 02:41:41 Order 1 finish Map
2024/03/05 02:41:42 Coordinator work
2024/03/05 02:41:42 Coordinator status 0
2024/03/05 02:41:42 Coordinator work
2024/03/05 02:41:42 Coordinator status 0
2024/03/05 02:41:43 IsDone &{0 2024-03-05 02:41:42.945427543 +0800 CST m=+3.030499441 0xc0000a3e00} true
2024/03/05 02:41:43 Order 2 finish Map
2024/03/05 02:41:43 IsDone &{0 2024-03-05 02:41:42.960566523 +0800 CST m=+3.045638419 0xc0000a3e90} true
2024/03/05 02:41:43 Order 3 finish Map
2024/03/05 02:41:44 Coordinator work
2024/03/05 02:41:44 Coordinator status 0
2024/03/05 02:41:44 Coordinator work
2024/03/05 02:41:44 Coordinator status 0
2024/03/05 02:41:45 IsDone &{0 2024-03-05 02:41:44.9789145 +0800 CST m=+5.063986397 0xc0000a3fb0} true
2024/03/05 02:41:45 Order 5 finish Map
2024/03/05 02:41:45 IsDone &{0 2024-03-05 02:41:44.965093993 +0800 CST m=+5.050165886 0xc0000a3f20} true
2024/03/05 02:41:45 Order 4 finish Map
2024/03/05 02:41:46 Coordinator work
2024/03/05 02:41:46 Coordinator status 0
2024/03/05 02:41:46 Coordinator work
2024/03/05 02:41:46 Coordinator status 0
2024/03/05 02:41:48 IsDone &{0 2024-03-05 02:41:46.993857568 +0800 CST m=+7.078929460 0xc00011c0f0} true
2024/03/05 02:41:48 Order 7 finish Map
2024/03/05 02:41:48 IsDone &{0 2024-03-05 02:41:46.99265672 +0800 CST m=+7.077728622 0xc00011c060} true
2024/03/05 02:41:48 Order 6 finish Map
2024/03/05 02:41:49 Coordinator work
2024/03/05 02:41:49 Coordinator status 0
2024/03/05 02:41:49 Map: 8 done vs. 0 working, Reduce 0 done vs. 0 working
2024/03/05 02:41:49 forward: forward to Reuce Phase
2024/03/05 02:41:49 making reduce order : 8
2024/03/05 02:41:49 making reduce order : 9
2024/03/05 02:41:49 making reduce order : 10
2024/03/05 02:41:49 making reduce order : 11
2024/03/05 02:41:49 making reduce order : 12
2024/03/05 02:41:49 making reduce order : 13
2024/03/05 02:41:49 making reduce order : 14
2024/03/05 02:41:49 making reduce order : 15
2024/03/05 02:41:49 making reduce order : 16
2024/03/05 02:41:49 making reduce order : 17
2024/03/05 02:41:49 done with make reduce order
2024/03/05 02:41:49 Map: 8 done vs. 0 working, Reduce 0 done vs. 10 working
2024/03/05 02:41:49 Coordinator work
2024/03/05 02:41:49 Coordinator status 1
2024/03/05 02:41:49 Order 8 finish Reduce
2024/03/05 02:41:50 Coordinator work
2024/03/05 02:41:50 Coordinator status 1
2024/03/05 02:41:50 Order 9 finish Reduce
2024/03/05 02:41:51 Coordinator work
2024/03/05 02:41:51 Coordinator status 1
2024/03/05 02:41:51 Order 10 finish Reduce
2024/03/05 02:41:51 Coordinator work
2024/03/05 02:41:51 Coordinator status 1
2024/03/05 02:41:51 Order 11 finish Reduce
2024/03/05 02:41:52 Coordinator work
2024/03/05 02:41:52 Coordinator status 1
2024/03/05 02:41:52 Order 12 finish Reduce
2024/03/05 02:41:52 Coordinator work
2024/03/05 02:41:52 Coordinator status 1
2024/03/05 02:41:52 Order 13 finish Reduce
2024/03/05 02:41:53 Coordinator work
2024/03/05 02:41:53 Coordinator status 1
2024/03/05 02:41:53 Order 14 finish Reduce
2024/03/05 02:41:53 Coordinator work
2024/03/05 02:41:53 Coordinator status 1
2024/03/05 02:41:53 Order 15 finish Reduce
2024/03/05 02:41:54 Coordinator work
2024/03/05 02:41:54 Coordinator status 1
2024/03/05 02:41:54 Order 16 finish Reduce
2024/03/05 02:41:54 Coordinator work
2024/03/05 02:41:54 Coordinator status 1
2024/03/05 02:41:54 Order 17 finish Reduce
2024/03/05 02:41:55 Coordinator work
2024/03/05 02:41:55 Coordinator status 1
2024/03/05 02:41:55 Map: 8 done vs. 0 working, Reduce 10 done vs. 0 working
2024/03/05 02:41:55 forward: forward to done phase
2024/03/05 02:41:55 Coordinator work
2024/03/05 02:41:55 Coordinator status 2
