2024/03/05 04:31:16 making map order &{0 [../pg-being_ernest.txt] 0 10}
2024/03/05 04:31:16 making map order &{0 [../pg-dorian_gray.txt] 1 10}
2024/03/05 04:31:16 making map order &{0 [../pg-frankenstein.txt] 2 10}
2024/03/05 04:31:16 making map order &{0 [../pg-grimm.txt] 3 10}
2024/03/05 04:31:16 making map order &{0 [../pg-huckleberry_finn.txt] 4 10}
2024/03/05 04:31:16 making map order &{0 [../pg-metamorphosis.txt] 5 10}
2024/03/05 04:31:16 making map order &{0 [../pg-sherlock_holmes.txt] 6 10}
2024/03/05 04:31:16 making map order &{0 [../pg-tom_sawyer.txt] 7 10}
2024/03/05 04:31:16 done with make map order
2024/03/05 04:31:16 Map: 0 done vs. 8 working, Reduce 0 done vs. 0 working
2024/03/05 04:31:17 Coordinator work
2024/03/05 04:31:17 Coordinator status 0
2024/03/05 04:31:17 Coordinator work
2024/03/05 04:31:17 Coordinator status 0
2024/03/05 04:31:17 IsDone &{0 2024-03-05 04:31:17.550330258 +0800 CST m=+1.028780715 0xc000074390} true
2024/03/05 04:31:17 Order 0 finish Map
2024/03/05 04:31:17 Coordinator work
2024/03/05 04:31:17 Coordinator status 0
2024/03/05 04:31:17 IsDone &{0 2024-03-05 04:31:17.565353075 +0800 CST m=+1.043803535 0xc0000744b0} true
2024/03/05 04:31:17 Order 2 finish Map
2024/03/05 04:31:17 IsDone &{0 2024-03-05 04:31:17.557849819 +0800 CST m=+1.036300277 0xc000074420} true
2024/03/05 04:31:17 Order 1 finish Map
2024/03/05 04:31:18 Coordinator work
2024/03/05 04:31:18 Coordinator status 0
2024/03/05 04:31:18 IsDone &{0 2024-03-05 04:31:18.564921745 +0800 CST m=+2.043372207 0xc000074540} true
2024/03/05 04:31:18 Order 3 finish Map
2024/03/05 04:31:18 Coordinator work
2024/03/05 04:31:18 Coordinator status 0
2024/03/05 04:31:18 Coordinator work
2024/03/05 04:31:18 Coordinator status 0
2024/03/05 04:31:18 IsDone &{0 2024-03-05 04:31:18.584747434 +0800 CST m=+2.063197890 0xc000074660} true
2024/03/05 04:31:18 Order 5 finish Map
2024/03/05 04:31:18 IsDone &{0 2024-03-05 04:31:18.58320482 +0800 CST m=+2.061655277 0xc0000745d0} true
2024/03/05 04:31:18 Order 4 finish Map
2024/03/05 04:31:19 Coordinator work
2024/03/05 04:31:19 Coordinator status 0
2024/03/05 04:31:19 Coordinator work
2024/03/05 04:31:19 Coordinator status 0
2024/03/05 04:31:19 Coordinator work
2024/03/05 04:31:19 Coordinator status 0
2024/03/05 04:31:19 Map: 6 done vs. 2 working, Reduce 0 done vs. 0 working
2024/03/05 04:31:19 IsDone &{0 2024-03-05 04:31:19.594359202 +0800 CST m=+3.072809658 0xc000074780} true
2024/03/05 04:31:19 Order 7 finish Map
2024/03/05 04:31:19 IsDone &{0 2024-03-05 04:31:19.593797976 +0800 CST m=+3.072248438 0xc0000746f0} true
2024/03/05 04:31:19 Order 6 finish Map
2024/03/05 04:31:20 Coordinator work
2024/03/05 04:31:20 Coordinator status 0
2024/03/05 04:31:20 Map: 8 done vs. 0 working, Reduce 0 done vs. 0 working
2024/03/05 04:31:20 forward: forward to Reuce Phase
2024/03/05 04:31:20 making reduce order : 8
2024/03/05 04:31:20 making reduce order : 9
2024/03/05 04:31:20 making reduce order : 10
2024/03/05 04:31:20 making reduce order : 11
2024/03/05 04:31:20 making reduce order : 12
2024/03/05 04:31:20 making reduce order : 13
2024/03/05 04:31:20 making reduce order : 14
2024/03/05 04:31:20 making reduce order : 15
2024/03/05 04:31:20 making reduce order : 16
2024/03/05 04:31:20 Coordinator work
2024/03/05 04:31:20 making reduce order : 17
2024/03/05 04:31:20 done with make reduce order
2024/03/05 04:31:20 Map: 8 done vs. 0 working, Reduce 0 done vs. 10 working
2024/03/05 04:31:20 Coordinator status 1
2024/03/05 04:31:20 Order 8 finish Reduce
2024/03/05 04:31:21 Coordinator work
2024/03/05 04:31:21 Coordinator status 1
2024/03/05 04:31:21 Order 9 finish Reduce
2024/03/05 04:31:21 Coordinator work
2024/03/05 04:31:21 Coordinator status 1
2024/03/05 04:31:22 Coordinator work
2024/03/05 04:31:22 Coordinator status 1
2024/03/05 04:31:22 Order 11 finish Reduce
2024/03/05 04:31:22 Coordinator work
2024/03/05 04:31:22 Coordinator status 1
2024/03/05 04:31:22 Order 12 finish Reduce
2024/03/05 04:31:23 Coordinator work
2024/03/05 04:31:23 Coordinator status 1
2024/03/05 04:31:23 Order 13 finish Reduce
2024/03/05 04:31:23 Coordinator work
2024/03/05 04:31:23 Coordinator status 1
2024/03/05 04:31:24 Coordinator work
2024/03/05 04:31:24 Coordinator status 1
2024/03/05 04:31:24 Order 10 finish Reduce
2024/03/05 04:31:24 Order 15 finish Reduce
2024/03/05 04:31:25 Coordinator work
2024/03/05 04:31:25 Coordinator status 1
2024/03/05 04:31:25 Coordinator work
2024/03/05 04:31:25 Coordinator status 1
2024/03/05 04:31:25 Order 17 finish Reduce
2024/03/05 04:31:25 Order 16 finish Reduce
2024/03/05 04:31:26 Order 14 finish Reduce
2024/03/05 04:31:26 Coordinator work
2024/03/05 04:31:26 Coordinator status 1
2024/03/05 04:31:26 Map: 8 done vs. 0 working, Reduce 10 done vs. 0 working
2024/03/05 04:31:26 forward: forward to done phase
2024/03/05 04:31:26 Coordinator work
2024/03/05 04:31:26 Coordinator status 2
2024/03/05 04:31:27 Coordinator work
2024/03/05 04:31:27 Coordinator status 2
