2024/03/05 03:26:58 making map order &{0 [../pg-being_ernest.txt] 0 10}
2024/03/05 03:26:58 making map order &{0 [../pg-dorian_gray.txt] 1 10}
2024/03/05 03:26:58 making map order &{0 [../pg-frankenstein.txt] 2 10}
2024/03/05 03:26:58 making map order &{0 [../pg-grimm.txt] 3 10}
2024/03/05 03:26:58 making map order &{0 [../pg-huckleberry_finn.txt] 4 10}
2024/03/05 03:26:58 making map order &{0 [../pg-metamorphosis.txt] 5 10}
2024/03/05 03:26:58 making map order &{0 [../pg-sherlock_holmes.txt] 6 10}
2024/03/05 03:26:58 making map order &{0 [../pg-tom_sawyer.txt] 7 10}
2024/03/05 03:26:58 done with make map order
2024/03/05 03:26:58 Map: 0 done vs. 8 working, Reduce 0 done vs. 0 working
2024/03/05 03:27:00 Coordinator work
2024/03/05 03:27:00 Coordinator status 0
2024/03/05 03:27:00 Coordinator work
2024/03/05 03:27:00 Coordinator status 0
2024/03/05 03:27:00 Coordinator work
2024/03/05 03:27:00 Coordinator status 0
2024/03/05 03:27:00 IsDone &{0 2024-03-05 03:27:00.013953977 +0800 CST m=+1.027673056 0xc0000722d0} true
2024/03/05 03:27:00 Order 0 finish Map
2024/03/05 03:27:01 IsDone &{0 2024-03-05 03:27:00.019625594 +0800 CST m=+1.033344664 0xc000072360} true
2024/03/05 03:27:01 Order 1 finish Map
2024/03/05 03:27:01 Coordinator work
2024/03/05 03:27:01 Coordinator status 0
2024/03/05 03:27:01 IsDone &{0 2024-03-05 03:27:00.0258172 +0800 CST m=+1.039536270 0xc0000723f0} true
2024/03/05 03:27:01 Order 2 finish Map
2024/03/05 03:27:02 Coordinator work
2024/03/05 03:27:02 Coordinator status 0
2024/03/05 03:27:02 Coordinator work
2024/03/05 03:27:02 Coordinator status 0
2024/03/05 03:27:03 IsDone &{0 2024-03-05 03:27:02.761337693 +0800 CST m=+3.775056766 0xc0000725a0} true
2024/03/05 03:27:03 Order 5 finish Map
2024/03/05 03:27:03 IsDone &{0 2024-03-05 03:27:01.75609709 +0800 CST m=+2.769816161 0xc000072480} true
2024/03/05 03:27:03 Order 3 finish Map
2024/03/05 03:27:04 Coordinator work
2024/03/05 03:27:04 Coordinator status 0
2024/03/05 03:27:04 Coordinator work
2024/03/05 03:27:04 Coordinator status 0
2024/03/05 03:27:04 IsDone &{0 2024-03-05 03:27:02.755920837 +0800 CST m=+3.769639907 0xc000072510} true
2024/03/05 03:27:04 Order 4 finish Map
2024/03/05 03:27:05 Coordinator work
2024/03/05 03:27:05 Coordinator status 0
2024/03/05 03:27:05 Map: 6 done vs. 2 working, Reduce 0 done vs. 0 working
2024/03/05 03:27:06 IsDone &{0 2024-03-05 03:27:04.598733208 +0800 CST m=+5.612452286 0xc0000726c0} true
2024/03/05 03:27:06 Order 7 finish Map
2024/03/05 03:27:06 IsDone &{0 2024-03-05 03:27:04.499902366 +0800 CST m=+5.513621439 0xc000072630} true
2024/03/05 03:27:06 Order 6 finish Map
2024/03/05 03:27:07 Coordinator work
2024/03/05 03:27:07 Coordinator status 0
2024/03/05 03:27:07 Map: 8 done vs. 0 working, Reduce 0 done vs. 0 working
2024/03/05 03:27:07 forward: forward to Reuce Phase
2024/03/05 03:27:07 making reduce order : 8
2024/03/05 03:27:07 making reduce order : 9
2024/03/05 03:27:07 making reduce order : 10
2024/03/05 03:27:07 making reduce order : 11
2024/03/05 03:27:07 making reduce order : 12
2024/03/05 03:27:07 making reduce order : 13
2024/03/05 03:27:07 making reduce order : 14
2024/03/05 03:27:07 making reduce order : 15
2024/03/05 03:27:07 making reduce order : 16
2024/03/05 03:27:07 making reduce order : 17
2024/03/05 03:27:07 done with make reduce order
2024/03/05 03:27:07 Map: 8 done vs. 0 working, Reduce 0 done vs. 10 working
2024/03/05 03:27:07 Coordinator work
2024/03/05 03:27:07 Coordinator status 1
2024/03/05 03:27:07 Coordinator work
2024/03/05 03:27:07 Coordinator status 1
2024/03/05 03:27:07 Order 8 finish Reduce
2024/03/05 03:27:08 Order 9 finish Reduce
2024/03/05 03:27:08 Coordinator work
2024/03/05 03:27:08 Coordinator status 1
2024/03/05 03:27:09 Coordinator work
2024/03/05 03:27:09 Coordinator status 1
2024/03/05 03:27:09 Coordinator work
2024/03/05 03:27:09 Coordinator status 1
2024/03/05 03:27:09 Order 11 finish Reduce
2024/03/05 03:27:10 Order 10 finish Reduce
2024/03/05 03:27:10 Order 12 finish Reduce
2024/03/05 03:27:10 Coordinator work
2024/03/05 03:27:10 Coordinator status 1
2024/03/05 03:27:11 Coordinator work
2024/03/05 03:27:11 Coordinator status 1
2024/03/05 03:27:11 Coordinator work
2024/03/05 03:27:11 Coordinator status 1
2024/03/05 03:27:11 Order 13 finish Reduce
2024/03/05 03:27:12 Order 15 finish Reduce
2024/03/05 03:27:12 Coordinator work
2024/03/05 03:27:12 Coordinator status 1
2024/03/05 03:27:12 Order 14 finish Reduce
2024/03/05 03:27:13 Coordinator work
2024/03/05 03:27:13 Coordinator status 1
2024/03/05 03:27:13 Order 16 finish Reduce
2024/03/05 03:27:13 Coordinator work
2024/03/05 03:27:13 Coordinator status 1
2024/03/05 03:27:13 Map: 8 done vs. 0 working, Reduce 9 done vs. 1 working
2024/03/05 03:27:13 Order 17 finish Reduce
2024/03/05 03:27:14 Coordinator work
2024/03/05 03:27:14 Coordinator status 1
2024/03/05 03:27:14 Map: 8 done vs. 0 working, Reduce 10 done vs. 0 working
2024/03/05 03:27:14 forward: forward to done phase
2024/03/05 03:27:14 Coordinator work
2024/03/05 03:27:14 Coordinator status 2
2024/03/05 03:27:15 Coordinator work
2024/03/05 03:27:15 Coordinator status 2
