2024/03/04 23:27:56 making map order &{0 [../pg-being_ernest.txt] 0 10}
2024/03/04 23:27:56 making map order &{0 [../pg-dorian_gray.txt] 1 10}
2024/03/04 23:27:56 making map order &{0 [../pg-frankenstein.txt] 2 10}
2024/03/04 23:27:56 making map order &{0 [../pg-grimm.txt] 3 10}
2024/03/04 23:27:56 making map order &{0 [../pg-huckleberry_finn.txt] 4 10}
2024/03/04 23:27:56 making map order &{0 [../pg-metamorphosis.txt] 5 10}
2024/03/04 23:27:56 making map order &{0 [../pg-sherlock_holmes.txt] 6 10}
2024/03/04 23:27:56 making map order &{0 [../pg-tom_sawyer.txt] 7 10}
2024/03/04 23:27:56 done with make map order
2024/03/04 23:27:56 Map: 0 done vs. 8 working, Reduce 0 done vs. 0 working
2024/03/04 23:27:57 Coordinator work
2024/03/04 23:27:57 Coordinator status 0
2024/03/04 23:27:57 Coordinator work
2024/03/04 23:27:57 Coordinator status 0
2024/03/04 23:27:57 Coordinator work
2024/03/04 23:27:57 Coordinator status 0
2024/03/04 23:27:57 Coordinator work
2024/03/04 23:27:57 Coordinator status 0
2024/03/04 23:27:57 IsDone &{0 2024-03-04 23:27:57.345020103 +0800 CST m=+1.044126522 0xc00008a4e0} true
2024/03/04 23:27:57 Order 2 finish Map
2024/03/04 23:27:58 Coordinator work
2024/03/04 23:27:58 Coordinator status 0
2024/03/04 23:27:58 IsDone &{0 2024-03-04 23:27:58.362403518 +0800 CST m=+2.061509937 0xc00008a600} true
2024/03/04 23:27:58 Order 4 finish Map
2024/03/04 23:27:58 Coordinator work
2024/03/04 23:27:58 Coordinator status 0
2024/03/04 23:27:59 Coordinator work
2024/03/04 23:27:59 Coordinator status 0
2024/03/04 23:27:59 IsDone &{0 2024-03-04 23:27:59.386967457 +0800 CST m=+3.086073875 0xc00008a720} true
2024/03/04 23:27:59 Order 6 finish Map
2024/03/04 23:27:59 IsDone &{0 2024-03-04 23:27:57.323157134 +0800 CST m=+1.022263553 0xc00008a3c0} true
2024/03/04 23:27:59 Order 0 finish Map
2024/03/04 23:28:00 Coordinator work
2024/03/04 23:28:00 Coordinator status 0
2024/03/04 23:28:00 IsDone &{0 2024-03-04 23:28:00.406252843 +0800 CST m=+4.105359266 0xc00008a7b0} true
2024/03/04 23:28:00 Order 7 finish Map
2024/03/04 23:28:00 Coordinator work
2024/03/04 23:28:00 Coordinator status 0
2024/03/04 23:28:00 Map: 5 done vs. 3 working, Reduce 0 done vs. 0 working
2024/03/04 23:28:01 IsDone &{0 2024-03-04 23:27:57.330769386 +0800 CST m=+1.029875806 0xc00008a450} true
2024/03/04 23:28:01 Order 1 finish Map
2024/03/04 23:28:01 Coordinator work
2024/03/04 23:28:01 Coordinator status 0
2024/03/04 23:28:01 Map: 6 done vs. 2 working, Reduce 0 done vs. 0 working
2024/03/04 23:28:02 Coordinator work
2024/03/04 23:28:02 Coordinator status 0
2024/03/04 23:28:02 Map: 6 done vs. 2 working, Reduce 0 done vs. 0 working
2024/03/04 23:28:02 Coordinator work
2024/03/04 23:28:02 Coordinator status 0
2024/03/04 23:28:02 Map: 6 done vs. 2 working, Reduce 0 done vs. 0 working
2024/03/04 23:28:03 Coordinator work
2024/03/04 23:28:03 Coordinator status 0
2024/03/04 23:28:03 Map: 6 done vs. 2 working, Reduce 0 done vs. 0 working
2024/03/04 23:28:03 IsDone &{0 2024-03-04 23:27:58.394777818 +0800 CST m=+2.093884239 0xc00008a690} true
2024/03/04 23:28:03 Order 5 finish Map
2024/03/04 23:28:04 Coordinator work
2024/03/04 23:28:04 Coordinator status 0
2024/03/04 23:28:04 Map: 7 done vs. 1 working, Reduce 0 done vs. 0 working
2024/03/04 23:28:04 Coordinator work
2024/03/04 23:28:04 Coordinator status 0
2024/03/04 23:28:04 Map: 7 done vs. 1 working, Reduce 0 done vs. 0 working
2024/03/04 23:28:04 Coordinator work
2024/03/04 23:28:04 Coordinator status 0
2024/03/04 23:28:04 Map: 7 done vs. 1 working, Reduce 0 done vs. 0 working
2024/03/04 23:28:05 Coordinator work
2024/03/04 23:28:05 Coordinator status 0
2024/03/04 23:28:05 Map: 7 done vs. 1 working, Reduce 0 done vs. 0 working
2024/03/04 23:28:06 Coordinator work
2024/03/04 23:28:06 Coordinator status 0
2024/03/04 23:28:06 Map: 7 done vs. 1 working, Reduce 0 done vs. 0 working
2024/03/04 23:28:06 Coordinator work
2024/03/04 23:28:06 Coordinator status 0
2024/03/04 23:28:06 Map: 7 done vs. 1 working, Reduce 0 done vs. 0 working
2024/03/04 23:28:06 Coordinator work
2024/03/04 23:28:06 Coordinator status 0
2024/03/04 23:28:06 Map: 7 done vs. 1 working, Reduce 0 done vs. 0 working
2024/03/04 23:28:07 Coordinator work
2024/03/04 23:28:07 Coordinator status 0
2024/03/04 23:28:07 Map: 7 done vs. 1 working, Reduce 0 done vs. 0 working
2024/03/04 23:28:08 Coordinator work
2024/03/04 23:28:08 Coordinator status 0
2024/03/04 23:28:08 Map: 7 done vs. 1 working, Reduce 0 done vs. 0 working
2024/03/04 23:28:08 Coordiantor restart Map order 3
2024/03/04 23:28:08 Coordinator work
2024/03/04 23:28:08 Coordinator status 0
2024/03/04 23:28:08 IsDone &{0 2024-03-04 23:28:08.528205532 +0800 CST m=+12.227311956 0xc00008a570} true
2024/03/04 23:28:08 Order 3 finish Map
2024/03/04 23:28:08 Coordinator work
2024/03/04 23:28:08 Coordinator status 0
2024/03/04 23:28:08 Map: 8 done vs. 0 working, Reduce 0 done vs. 0 working
2024/03/04 23:28:08 forward: forward to Reuce Phase
2024/03/04 23:28:08 making reduce order : 8
2024/03/04 23:28:08 making reduce order : 9
2024/03/04 23:28:08 making reduce order : 10
2024/03/04 23:28:08 making reduce order : 11
2024/03/04 23:28:08 making reduce order : 12
2024/03/04 23:28:08 making reduce order : 13
2024/03/04 23:28:08 making reduce order : 14
2024/03/04 23:28:08 making reduce order : 15
2024/03/04 23:28:08 making reduce order : 16
2024/03/04 23:28:08 making reduce order : 17
2024/03/04 23:28:08 done with make reduce order
2024/03/04 23:28:08 Map: 8 done vs. 0 working, Reduce 0 done vs. 10 working
2024/03/04 23:28:09 Coordinator work
2024/03/04 23:28:09 Coordinator status 1
2024/03/04 23:28:09 Coordinator work
2024/03/04 23:28:09 Coordinator status 1
2024/03/04 23:28:09 Order 9 finish Reduce
2024/03/04 23:28:09 Order 8 finish Reduce
2024/03/04 23:28:10 Coordinator work
2024/03/04 23:28:10 Coordinator status 1
2024/03/04 23:28:10 Coordinator work
2024/03/04 23:28:10 Coordinator status 1
2024/03/04 23:28:10 Order 11 finish Reduce
2024/03/04 23:28:10 Coordinator work
2024/03/04 23:28:10 Coordinator status 1
2024/03/04 23:28:10 Order 12 finish Reduce
2024/03/04 23:28:10 Coordinator work
2024/03/04 23:28:10 Coordinator status 1
2024/03/04 23:28:10 Order 13 finish Reduce
2024/03/04 23:28:11 Coordinator work
2024/03/04 23:28:11 Coordinator status 1
2024/03/04 23:28:11 Order 14 finish Reduce
2024/03/04 23:28:11 Coordinator work
2024/03/04 23:28:11 Coordinator status 1
2024/03/04 23:28:11 Order 15 finish Reduce
2024/03/04 23:28:11 Coordinator work
2024/03/04 23:28:11 Coordinator status 1
2024/03/04 23:28:11 Order 16 finish Reduce
2024/03/04 23:28:11 Coordinator work
2024/03/04 23:28:11 Coordinator status 1
2024/03/04 23:28:11 Order 17 finish Reduce
2024/03/04 23:28:12 Coordinator work
2024/03/04 23:28:12 Coordinator status 1
2024/03/04 23:28:12 Map: 8 done vs. 0 working, Reduce 9 done vs. 1 working
2024/03/04 23:28:12 Coordinator work
2024/03/04 23:28:12 Coordinator status 1
2024/03/04 23:28:12 Map: 8 done vs. 0 working, Reduce 9 done vs. 1 working
2024/03/04 23:28:12 Coordinator work
2024/03/04 23:28:12 Coordinator status 1
2024/03/04 23:28:12 Map: 8 done vs. 0 working, Reduce 9 done vs. 1 working
2024/03/04 23:28:12 Coordinator work
2024/03/04 23:28:12 Coordinator status 1
2024/03/04 23:28:12 Map: 8 done vs. 0 working, Reduce 9 done vs. 1 working
2024/03/04 23:28:14 Coordinator work
2024/03/04 23:28:14 Coordinator status 1
2024/03/04 23:28:14 Map: 8 done vs. 0 working, Reduce 9 done vs. 1 working
2024/03/04 23:28:14 Coordinator work
2024/03/04 23:28:14 Coordinator status 1
2024/03/04 23:28:14 Map: 8 done vs. 0 working, Reduce 9 done vs. 1 working
2024/03/04 23:28:14 Coordinator work
2024/03/04 23:28:14 Coordinator status 1
2024/03/04 23:28:14 Map: 8 done vs. 0 working, Reduce 9 done vs. 1 working
2024/03/04 23:28:14 Coordinator work
2024/03/04 23:28:14 Coordinator status 1
2024/03/04 23:28:14 Map: 8 done vs. 0 working, Reduce 9 done vs. 1 working
2024/03/04 23:28:16 Coordinator work
2024/03/04 23:28:16 Coordinator status 1
2024/03/04 23:28:16 Map: 8 done vs. 0 working, Reduce 9 done vs. 1 working
2024/03/04 23:28:16 Coordinator work
2024/03/04 23:28:16 Coordinator status 1
2024/03/04 23:28:16 Map: 8 done vs. 0 working, Reduce 9 done vs. 1 working
2024/03/04 23:28:16 Coordinator work
2024/03/04 23:28:16 Coordinator status 1
2024/03/04 23:28:16 Map: 8 done vs. 0 working, Reduce 9 done vs. 1 working
2024/03/04 23:28:16 Coordinator work
2024/03/04 23:28:16 Coordinator status 1
2024/03/04 23:28:16 Map: 8 done vs. 0 working, Reduce 9 done vs. 1 working
2024/03/04 23:28:18 Coordinator work
2024/03/04 23:28:18 Coordinator status 1
2024/03/04 23:28:18 Map: 8 done vs. 0 working, Reduce 9 done vs. 1 working
2024/03/04 23:28:18 Coordinator work
2024/03/04 23:28:18 Coordinator status 1
2024/03/04 23:28:18 Map: 8 done vs. 0 working, Reduce 9 done vs. 1 working
2024/03/04 23:28:18 Coordinator work
2024/03/04 23:28:18 Coordinator status 1
2024/03/04 23:28:18 Map: 8 done vs. 0 working, Reduce 9 done vs. 1 working
2024/03/04 23:28:18 Coordinator work
2024/03/04 23:28:18 Coordinator status 1
2024/03/04 23:28:18 Map: 8 done vs. 0 working, Reduce 9 done vs. 1 working
2024/03/04 23:28:20 Coordiantor restart Reduce order 10
2024/03/04 23:28:20 Coordinator work
2024/03/04 23:28:20 Coordinator status 1
2024/03/04 23:28:20 Coordinator work
2024/03/04 23:28:20 Coordinator status 1
2024/03/04 23:28:20 Map: 8 done vs. 0 working, Reduce 9 done vs. 1 working
2024/03/04 23:28:20 Coordinator work
2024/03/04 23:28:20 Coordinator status 1
2024/03/04 23:28:20 Map: 8 done vs. 0 working, Reduce 9 done vs. 1 working
2024/03/04 23:28:20 Coordinator work
2024/03/04 23:28:20 Coordinator status 1
2024/03/04 23:28:20 Map: 8 done vs. 0 working, Reduce 9 done vs. 1 working
2024/03/04 23:28:22 Coordinator work
2024/03/04 23:28:22 Coordinator status 1
2024/03/04 23:28:22 Map: 8 done vs. 0 working, Reduce 9 done vs. 1 working
2024/03/04 23:28:22 Coordinator work
2024/03/04 23:28:22 Coordinator status 1
2024/03/04 23:28:22 Map: 8 done vs. 0 working, Reduce 9 done vs. 1 working
2024/03/04 23:28:22 Coordinator work
2024/03/04 23:28:22 Coordinator status 1
2024/03/04 23:28:22 Map: 8 done vs. 0 working, Reduce 9 done vs. 1 working
2024/03/04 23:28:24 Coordinator work
2024/03/04 23:28:24 Coordinator status 1
2024/03/04 23:28:24 Map: 8 done vs. 0 working, Reduce 9 done vs. 1 working
2024/03/04 23:28:24 Coordinator work
2024/03/04 23:28:24 Coordinator status 1
2024/03/04 23:28:24 Map: 8 done vs. 0 working, Reduce 9 done vs. 1 working
2024/03/04 23:28:24 Coordinator work
2024/03/04 23:28:24 Coordinator status 1
2024/03/04 23:28:24 Map: 8 done vs. 0 working, Reduce 9 done vs. 1 working
2024/03/04 23:28:26 Coordinator work
2024/03/04 23:28:26 Coordinator status 1
2024/03/04 23:28:26 Map: 8 done vs. 0 working, Reduce 9 done vs. 1 working
2024/03/04 23:28:26 Coordinator work
2024/03/04 23:28:26 Coordinator status 1
2024/03/04 23:28:26 Map: 8 done vs. 0 working, Reduce 9 done vs. 1 working
2024/03/04 23:28:26 Coordinator work
2024/03/04 23:28:26 Coordinator status 1
2024/03/04 23:28:26 Map: 8 done vs. 0 working, Reduce 9 done vs. 1 working
2024/03/04 23:28:27 Order 10 finish Reduce
2024/03/04 23:28:28 Coordinator work
2024/03/04 23:28:28 Coordinator status 1
2024/03/04 23:28:28 Map: 8 done vs. 0 working, Reduce 10 done vs. 0 working
2024/03/04 23:28:28 forward: forward to done phase
2024/03/04 23:28:28 Coordinator work
2024/03/04 23:28:28 Coordinator status 2
2024/03/04 23:28:28 Coordinator work
2024/03/04 23:28:28 Coordinator status 2
2024/03/04 23:28:28 Coordinator work
2024/03/04 23:28:28 Coordinator status 2
