2024/03/04 23:20:47 making map order &{0 [../pg-being_ernest.txt] 0 10}
2024/03/04 23:20:47 making map order &{0 [../pg-dorian_gray.txt] 1 10}
2024/03/04 23:20:47 making map order &{0 [../pg-frankenstein.txt] 2 10}
2024/03/04 23:20:47 making map order &{0 [../pg-grimm.txt] 3 10}
2024/03/04 23:20:47 making map order &{0 [../pg-huckleberry_finn.txt] 4 10}
2024/03/04 23:20:47 making map order &{0 [../pg-metamorphosis.txt] 5 10}
2024/03/04 23:20:47 making map order &{0 [../pg-sherlock_holmes.txt] 6 10}
2024/03/04 23:20:47 making map order &{0 [../pg-tom_sawyer.txt] 7 10}
2024/03/04 23:20:47 done with make map order
2024/03/04 23:20:47 Map: 0 done vs. 8 working, Reduce 0 done vs. 0 working
2024/03/04 23:20:48 Coordinator work
2024/03/04 23:20:48 Coordinator status 0
2024/03/04 23:20:48 Coordinator work
2024/03/04 23:20:48 Coordinator status 0
2024/03/04 23:20:49 IsDone &{0 2024-03-04 23:20:48.826201628 +0800 CST m=+1.017148891 0xc00007bb30} true
2024/03/04 23:20:49 Order 0 finish Map
2024/03/04 23:20:49 IsDone &{0 2024-03-04 23:20:48.832100543 +0800 CST m=+1.023047801 0xc00007bbc0} true
2024/03/04 23:20:49 Order 1 finish Map
2024/03/04 23:20:50 Coordinator work
2024/03/04 23:20:50 Coordinator status 0
2024/03/04 23:20:50 Coordinator work
2024/03/04 23:20:50 Coordinator status 0
2024/03/04 23:20:51 IsDone &{0 2024-03-04 23:20:50.835518087 +0800 CST m=+3.026465342 0xc00007bc50} true
2024/03/04 23:20:51 Order 2 finish Map
2024/03/04 23:20:51 IsDone &{0 2024-03-04 23:20:50.850657319 +0800 CST m=+3.041604597 0xc00007bce0} true
2024/03/04 23:20:51 Order 3 finish Map
2024/03/04 23:20:52 Coordinator work
2024/03/04 23:20:52 Coordinator status 0
2024/03/04 23:20:52 Coordinator work
2024/03/04 23:20:52 Coordinator status 0
2024/03/04 23:20:53 IsDone &{0 2024-03-04 23:20:52.855654786 +0800 CST m=+5.046602043 0xc00007bd70} true
2024/03/04 23:20:53 Order 4 finish Map
2024/03/04 23:20:53 IsDone &{0 2024-03-04 23:20:52.867528828 +0800 CST m=+5.058476077 0xc00007be00} true
2024/03/04 23:20:53 Order 5 finish Map
2024/03/04 23:20:54 Coordinator work
2024/03/04 23:20:54 Coordinator status 0
2024/03/04 23:20:54 Coordinator work
2024/03/04 23:20:54 Coordinator status 0
2024/03/04 23:20:55 IsDone &{0 2024-03-04 23:20:54.880023309 +0800 CST m=+7.070970569 0xc00007bf20} true
2024/03/04 23:20:55 Order 7 finish Map
2024/03/04 23:20:55 IsDone &{0 2024-03-04 23:20:54.878206592 +0800 CST m=+7.069153851 0xc00007be90} true
2024/03/04 23:20:55 Order 6 finish Map
2024/03/04 23:20:56 Coordinator work
2024/03/04 23:20:56 Coordinator status 0
2024/03/04 23:20:56 Map: 8 done vs. 0 working, Reduce 0 done vs. 0 working
2024/03/04 23:20:56 forward: forward to Reuce Phase
2024/03/04 23:20:56 making reduce order : 8
2024/03/04 23:20:56 making reduce order : 9
2024/03/04 23:20:56 making reduce order : 10
2024/03/04 23:20:56 making reduce order : 11
2024/03/04 23:20:56 making reduce order : 12
2024/03/04 23:20:56 making reduce order : 13
2024/03/04 23:20:56 making reduce order : 14
2024/03/04 23:20:56 making reduce order : 15
2024/03/04 23:20:56 Coordinator work
2024/03/04 23:20:56 making reduce order : 16
2024/03/04 23:20:56 making reduce order : 17
2024/03/04 23:20:56 done with make reduce order
2024/03/04 23:20:56 Map: 8 done vs. 0 working, Reduce 0 done vs. 10 working
2024/03/04 23:20:56 Coordinator status 1
2024/03/04 23:20:56 Order 8 finish Reduce
2024/03/04 23:20:57 Coordinator work
2024/03/04 23:20:57 Coordinator status 1
2024/03/04 23:20:57 Order 9 finish Reduce
2024/03/04 23:20:58 Coordinator work
2024/03/04 23:20:58 Coordinator status 1
2024/03/04 23:20:58 Order 10 finish Reduce
2024/03/04 23:20:58 Coordinator work
2024/03/04 23:20:58 Coordinator status 1
2024/03/04 23:20:58 Order 11 finish Reduce
2024/03/04 23:20:59 Coordinator work
2024/03/04 23:20:59 Coordinator status 1
2024/03/04 23:20:59 Order 12 finish Reduce
2024/03/04 23:20:59 Coordinator work
2024/03/04 23:20:59 Coordinator status 1
2024/03/04 23:20:59 Order 13 finish Reduce
2024/03/04 23:21:00 Coordinator work
2024/03/04 23:21:00 Coordinator status 1
2024/03/04 23:21:00 Order 14 finish Reduce
2024/03/04 23:21:00 Coordinator work
2024/03/04 23:21:00 Coordinator status 1
2024/03/04 23:21:00 Order 15 finish Reduce
2024/03/04 23:21:01 Coordinator work
2024/03/04 23:21:01 Coordinator status 1
2024/03/04 23:21:01 Order 16 finish Reduce
2024/03/04 23:21:01 Coordinator work
2024/03/04 23:21:01 Coordinator status 1
2024/03/04 23:21:01 Order 17 finish Reduce
2024/03/04 23:21:02 Coordinator work
2024/03/04 23:21:02 Coordinator status 1
2024/03/04 23:21:02 Map: 8 done vs. 0 working, Reduce 10 done vs. 0 working
2024/03/04 23:21:02 forward: forward to done phase
2024/03/04 23:21:02 Coordinator work
2024/03/04 23:21:02 Coordinator status 2
