2024/03/05 09:10:08 making map order &{0 [../pg-being_ernest.txt] 0 10}
2024/03/05 09:10:08 making map order &{0 [../pg-dorian_gray.txt] 1 10}
2024/03/05 09:10:08 making map order &{0 [../pg-frankenstein.txt] 2 10}
2024/03/05 09:10:08 making map order &{0 [../pg-grimm.txt] 3 10}
2024/03/05 09:10:08 making map order &{0 [../pg-huckleberry_finn.txt] 4 10}
2024/03/05 09:10:08 making map order &{0 [../pg-metamorphosis.txt] 5 10}
2024/03/05 09:10:08 making map order &{0 [../pg-sherlock_holmes.txt] 6 10}
2024/03/05 09:10:08 making map order &{0 [../pg-tom_sawyer.txt] 7 10}
2024/03/05 09:10:08 done with make map order
2024/03/05 09:10:08 Map: 0 done vs. 8 working, Reduce 0 done vs. 0 working
2024/03/05 09:10:09 Coordinator work
2024/03/05 09:10:09 Coordinator status 0
2024/03/05 09:10:09 IsDone &{0 2024-03-05 09:10:09.285402651 +0800 CST m=+1.016471775 0xc00007be30} true
2024/03/05 09:10:09 Order 0 finish Map
2024/03/05 09:10:09 Coordinator work
2024/03/05 09:10:09 Coordinator status 0
2024/03/05 09:10:09 Coordinator work
2024/03/05 09:10:09 Coordinator status 0
2024/03/05 09:10:09 IsDone &{0 2024-03-05 09:10:09.305989893 +0800 CST m=+1.037059011 0xc00007bf50} true
2024/03/05 09:10:09 Order 2 finish Map
2024/03/05 09:10:09 IsDone &{0 2024-03-05 09:10:09.30357833 +0800 CST m=+1.034647451 0xc00007bec0} true
2024/03/05 09:10:09 Order 1 finish Map
2024/03/05 09:10:10 Coordinator work
2024/03/05 09:10:10 Coordinator status 0
2024/03/05 09:10:10 IsDone &{0 2024-03-05 09:10:10.297704249 +0800 CST m=+2.028773368 0xc00016c000} true
2024/03/05 09:10:10 Order 3 finish Map
2024/03/05 09:10:10 Coordinator work
2024/03/05 09:10:10 Coordinator status 0
2024/03/05 09:10:10 Coordinator work
2024/03/05 09:10:10 Coordinator status 0
2024/03/05 09:10:10 IsDone &{0 2024-03-05 09:10:10.332991502 +0800 CST m=+2.064060627 0xc00016c120} true
2024/03/05 09:10:10 Order 5 finish Map
2024/03/05 09:10:10 IsDone &{0 2024-03-05 09:10:10.322057193 +0800 CST m=+2.053126316 0xc00016c090} true
2024/03/05 09:10:10 Order 4 finish Map
2024/03/05 09:10:11 Coordinator work
2024/03/05 09:10:11 Coordinator status 0
2024/03/05 09:10:11 IsDone &{0 2024-03-05 09:10:11.316982058 +0800 CST m=+3.048051186 0xc00016c1b0} true
2024/03/05 09:10:11 Order 6 finish Map
2024/03/05 09:10:11 Coordinator work
2024/03/05 09:10:11 Coordinator status 0
2024/03/05 09:10:11 Coordinator work
2024/03/05 09:10:11 Coordinator status 0
2024/03/05 09:10:11 Map: 7 done vs. 1 working, Reduce 0 done vs. 0 working
2024/03/05 09:10:11 IsDone &{0 2024-03-05 09:10:11.340862255 +0800 CST m=+3.071931382 0xc00016c240} true
2024/03/05 09:10:11 Order 7 finish Map
2024/03/05 09:10:12 Coordinator work
2024/03/05 09:10:12 Coordinator status 0
2024/03/05 09:10:12 Map: 8 done vs. 0 working, Reduce 0 done vs. 0 working
2024/03/05 09:10:12 forward: forward to Reuce Phase
2024/03/05 09:10:12 making reduce order : 8
2024/03/05 09:10:12 making reduce order : 9
2024/03/05 09:10:12 making reduce order : 10
2024/03/05 09:10:12 making reduce order : 11
2024/03/05 09:10:12 making reduce order : 12
2024/03/05 09:10:12 making reduce order : 13
2024/03/05 09:10:12 making reduce order : 14
2024/03/05 09:10:12 making reduce order : 15
2024/03/05 09:10:12 making reduce order : 16
2024/03/05 09:10:12 making reduce order : 17
2024/03/05 09:10:12 done with make reduce order
2024/03/05 09:10:12 Map: 8 done vs. 0 working, Reduce 0 done vs. 10 working
2024/03/05 09:10:12 Coordinator work
2024/03/05 09:10:12 Coordinator status 1
2024/03/05 09:10:12 Order 8 finish Reduce
2024/03/05 09:10:13 Coordinator work
2024/03/05 09:10:13 Coordinator status 1
2024/03/05 09:10:13 Order 9 finish Reduce
2024/03/05 09:10:13 Coordinator work
2024/03/05 09:10:13 Coordinator status 1
2024/03/05 09:10:14 Coordinator work
2024/03/05 09:10:14 Coordinator status 1
2024/03/05 09:10:14 Order 11 finish Reduce
2024/03/05 09:10:14 Coordinator work
2024/03/05 09:10:14 Coordinator status 1
2024/03/05 09:10:14 Order 12 finish Reduce
2024/03/05 09:10:15 Coordinator work
2024/03/05 09:10:15 Coordinator status 1
2024/03/05 09:10:15 Order 13 finish Reduce
2024/03/05 09:10:15 Coordinator work
2024/03/05 09:10:15 Coordinator status 1
2024/03/05 09:10:16 Coordinator work
2024/03/05 09:10:16 Coordinator status 1
2024/03/05 09:10:16 Order 15 finish Reduce
2024/03/05 09:10:16 Order 10 finish Reduce
2024/03/05 09:10:17 Coordinator work
2024/03/05 09:10:17 Coordinator status 1
2024/03/05 09:10:17 Order 16 finish Reduce
2024/03/05 09:10:17 Coordinator work
2024/03/05 09:10:17 Coordinator status 1
2024/03/05 09:10:17 Order 17 finish Reduce
2024/03/05 09:10:18 Order 14 finish Reduce
2024/03/05 09:10:18 Coordinator work
2024/03/05 09:10:18 Coordinator status 1
2024/03/05 09:10:18 Map: 8 done vs. 0 working, Reduce 10 done vs. 0 working
2024/03/05 09:10:18 forward: forward to done phase
2024/03/05 09:10:18 Coordinator work
2024/03/05 09:10:18 Coordinator status 2
2024/03/05 09:10:19 Coordinator work
2024/03/05 09:10:19 Coordinator status 2
