2024/03/04 23:21:51 making map order &{0 [../pg-being_ernest.txt] 0 10}
2024/03/04 23:21:51 making map order &{0 [../pg-dorian_gray.txt] 1 10}
2024/03/04 23:21:51 making map order &{0 [../pg-frankenstein.txt] 2 10}
2024/03/04 23:21:51 making map order &{0 [../pg-grimm.txt] 3 10}
2024/03/04 23:21:51 making map order &{0 [../pg-huckleberry_finn.txt] 4 10}
2024/03/04 23:21:51 making map order &{0 [../pg-metamorphosis.txt] 5 10}
2024/03/04 23:21:51 making map order &{0 [../pg-sherlock_holmes.txt] 6 10}
2024/03/04 23:21:51 making map order &{0 [../pg-tom_sawyer.txt] 7 10}
2024/03/04 23:21:51 done with make map order
2024/03/04 23:21:51 Map: 0 done vs. 8 working, Reduce 0 done vs. 0 working
2024/03/04 23:21:52 Coordinator work
2024/03/04 23:21:52 Coordinator status 0
2024/03/04 23:21:52 IsDone &{0 2024-03-04 23:21:52.252769314 +0800 CST m=+1.039740356 0xc000114060} true
2024/03/04 23:21:52 Order 0 finish Map
2024/03/04 23:21:52 Coordinator work
2024/03/04 23:21:52 Coordinator status 0
2024/03/04 23:21:52 Coordinator work
2024/03/04 23:21:52 Coordinator status 0
2024/03/04 23:21:52 IsDone &{0 2024-03-04 23:21:52.270717804 +0800 CST m=+1.057688832 0xc0001140f0} true
2024/03/04 23:21:52 Order 1 finish Map
2024/03/04 23:21:52 IsDone &{0 2024-03-04 23:21:52.273097921 +0800 CST m=+1.060068944 0xc000114180} true
2024/03/04 23:21:52 Order 2 finish Map
2024/03/04 23:21:53 Coordinator work
2024/03/04 23:21:53 Coordinator status 0
2024/03/04 23:21:53 IsDone &{0 2024-03-04 23:21:53.267845568 +0800 CST m=+2.054816595 0xc000114210} true
2024/03/04 23:21:53 Order 3 finish Map
2024/03/04 23:21:53 Coordinator work
2024/03/04 23:21:53 Coordinator status 0
2024/03/04 23:21:53 Coordinator work
2024/03/04 23:21:53 Coordinator status 0
2024/03/04 23:21:53 IsDone &{0 2024-03-04 23:21:53.296443583 +0800 CST m=+2.083414611 0xc000114330} true
2024/03/04 23:21:53 Order 5 finish Map
2024/03/04 23:21:53 IsDone &{0 2024-03-04 23:21:53.294383 +0800 CST m=+2.081354025 0xc0001142a0} true
2024/03/04 23:21:53 Order 4 finish Map
2024/03/04 23:21:54 Coordinator work
2024/03/04 23:21:54 Coordinator status 0
2024/03/04 23:21:54 IsDone &{0 2024-03-04 23:21:54.288213958 +0800 CST m=+3.075184979 0xc0001143c0} true
2024/03/04 23:21:54 Order 6 finish Map
2024/03/04 23:21:54 Coordinator work
2024/03/04 23:21:54 Coordinator status 0
2024/03/04 23:21:54 Coordinator work
2024/03/04 23:21:54 Coordinator status 0
2024/03/04 23:21:54 Map: 7 done vs. 1 working, Reduce 0 done vs. 0 working
2024/03/04 23:21:54 IsDone &{0 2024-03-04 23:21:54.309233287 +0800 CST m=+3.096204315 0xc000114450} true
2024/03/04 23:21:54 Order 7 finish Map
2024/03/04 23:21:55 Coordinator work
2024/03/04 23:21:55 Coordinator status 0
2024/03/04 23:21:55 Map: 8 done vs. 0 working, Reduce 0 done vs. 0 working
2024/03/04 23:21:55 forward: forward to Reuce Phase
2024/03/04 23:21:55 making reduce order : 8
2024/03/04 23:21:55 making reduce order : 9
2024/03/04 23:21:55 making reduce order : 10
2024/03/04 23:21:55 making reduce order : 11
2024/03/04 23:21:55 making reduce order : 12
2024/03/04 23:21:55 making reduce order : 13
2024/03/04 23:21:55 making reduce order : 14
2024/03/04 23:21:55 making reduce order : 15
2024/03/04 23:21:55 making reduce order : 16
2024/03/04 23:21:55 making reduce order : 17
2024/03/04 23:21:55 done with make reduce order
2024/03/04 23:21:55 Map: 8 done vs. 0 working, Reduce 0 done vs. 10 working
2024/03/04 23:21:55 Coordinator work
2024/03/04 23:21:55 Coordinator status 1
2024/03/04 23:21:55 Order 8 finish Reduce
2024/03/04 23:21:56 Coordinator work
2024/03/04 23:21:56 Coordinator status 1
2024/03/04 23:21:56 Order 9 finish Reduce
2024/03/04 23:21:56 Coordinator work
2024/03/04 23:21:56 Coordinator status 1
2024/03/04 23:21:57 Coordinator work
2024/03/04 23:21:57 Coordinator status 1
2024/03/04 23:21:57 Order 11 finish Reduce
2024/03/04 23:21:57 Coordinator work
2024/03/04 23:21:57 Coordinator status 1
2024/03/04 23:21:57 Order 12 finish Reduce
2024/03/04 23:21:58 Coordinator work
2024/03/04 23:21:58 Coordinator status 1
2024/03/04 23:21:58 Order 13 finish Reduce
2024/03/04 23:21:58 Coordinator work
2024/03/04 23:21:58 Coordinator status 1
2024/03/04 23:21:59 Coordinator work
2024/03/04 23:21:59 Coordinator status 1
2024/03/04 23:21:59 Order 15 finish Reduce
2024/03/04 23:21:59 Order 10 finish Reduce
2024/03/04 23:22:00 Coordinator work
2024/03/04 23:22:00 Coordinator status 1
2024/03/04 23:22:00 Coordinator work
2024/03/04 23:22:00 Coordinator status 1
2024/03/04 23:22:00 Order 16 finish Reduce
2024/03/04 23:22:00 Order 17 finish Reduce
2024/03/04 23:22:01 Order 14 finish Reduce
2024/03/04 23:22:01 Coordinator work
2024/03/04 23:22:01 Coordinator status 1
2024/03/04 23:22:01 Map: 8 done vs. 0 working, Reduce 10 done vs. 0 working
2024/03/04 23:22:01 forward: forward to done phase
2024/03/04 23:22:01 Coordinator work
2024/03/04 23:22:01 Coordinator status 2
2024/03/04 23:22:02 Coordinator work
2024/03/04 23:22:02 Coordinator status 2
