2024/03/05 09:12:54 making map order &{0 [../pg-being_ernest.txt] 0 10}
2024/03/05 09:12:54 making map order &{0 [../pg-dorian_gray.txt] 1 10}
2024/03/05 09:12:54 making map order &{0 [../pg-frankenstein.txt] 2 10}
2024/03/05 09:12:54 making map order &{0 [../pg-grimm.txt] 3 10}
2024/03/05 09:12:54 making map order &{0 [../pg-huckleberry_finn.txt] 4 10}
2024/03/05 09:12:54 making map order &{0 [../pg-metamorphosis.txt] 5 10}
2024/03/05 09:12:54 making map order &{0 [../pg-sherlock_holmes.txt] 6 10}
2024/03/05 09:12:54 making map order &{0 [../pg-tom_sawyer.txt] 7 10}
2024/03/05 09:12:54 done with make map order
2024/03/05 09:12:54 Map: 0 done vs. 8 working, Reduce 0 done vs. 0 working
2024/03/05 09:12:55 Coordinator work
2024/03/05 09:12:55 Coordinator status 0
2024/03/05 09:12:55 Coordinator work
2024/03/05 09:12:55 Coordinator status 0
2024/03/05 09:12:59 IsDone &{0 2024-03-05 09:12:55.053567792 +0800 CST m=+1.027374811 0xc00008a3f0} true
2024/03/05 09:12:59 Order 0 finish Map
2024/03/05 09:12:59 IsDone &{0 2024-03-05 09:12:55.06080364 +0800 CST m=+1.034610657 0xc00008a480} true
2024/03/05 09:12:59 Order 1 finish Map
2024/03/05 09:13:00 Coordinator work
2024/03/05 09:13:00 Coordinator status 0
2024/03/05 09:13:00 Coordinator work
2024/03/05 09:13:00 Coordinator status 0
2024/03/05 09:13:04 IsDone &{0 2024-03-05 09:13:00.147138957 +0800 CST m=+6.120945973 0xc00008a510} true
2024/03/05 09:13:04 Order 2 finish Map
2024/03/05 09:13:04 IsDone &{0 2024-03-05 09:13:00.159599957 +0800 CST m=+6.133406977 0xc00008a5a0} true
2024/03/05 09:13:04 Order 3 finish Map
2024/03/05 09:13:05 Coordinator work
2024/03/05 09:13:05 Coordinator status 0
2024/03/05 09:13:05 Coordinator work
2024/03/05 09:13:05 Coordinator status 0
2024/03/05 09:13:08 IsDone &{0 2024-03-05 09:13:05.05225078 +0800 CST m=+11.026057798 0xc00008a630} true
2024/03/05 09:13:08 Order 4 finish Map
2024/03/05 09:13:08 IsDone &{0 2024-03-05 09:13:05.068347934 +0800 CST m=+11.042154953 0xc00008a6c0} true
2024/03/05 09:13:08 Order 5 finish Map
2024/03/05 09:13:09 Coordinator work
2024/03/05 09:13:09 Coordinator status 0
2024/03/05 09:13:09 Coordinator work
2024/03/05 09:13:09 Coordinator status 0
2024/03/05 09:13:11 IsDone &{0 2024-03-05 09:13:09.919067764 +0800 CST m=+15.892874798 0xc00008a750} true
2024/03/05 09:13:11 Order 6 finish Map
2024/03/05 09:13:12 IsDone &{0 2024-03-05 09:13:09.923681128 +0800 CST m=+15.897488139 0xc00008a7e0} true
2024/03/05 09:13:12 Order 7 finish Map
2024/03/05 09:13:13 Coordinator work
2024/03/05 09:13:13 Coordinator status 0
2024/03/05 09:13:13 Map: 8 done vs. 0 working, Reduce 0 done vs. 0 working
2024/03/05 09:13:13 forward: forward to Reuce Phase
2024/03/05 09:13:13 making reduce order : 8
2024/03/05 09:13:13 making reduce order : 9
2024/03/05 09:13:13 making reduce order : 10
2024/03/05 09:13:13 making reduce order : 11
2024/03/05 09:13:13 Coordinator work
2024/03/05 09:13:13 making reduce order : 12
2024/03/05 09:13:13 making reduce order : 13
2024/03/05 09:13:13 making reduce order : 14
2024/03/05 09:13:13 making reduce order : 15
2024/03/05 09:13:13 making reduce order : 16
2024/03/05 09:13:13 making reduce order : 17
2024/03/05 09:13:13 done with make reduce order
2024/03/05 09:13:13 Map: 8 done vs. 0 working, Reduce 0 done vs. 10 working
2024/03/05 09:13:13 Coordinator status 1
2024/03/05 09:13:13 Order 8 finish Reduce
2024/03/05 09:13:14 Coordinator work
2024/03/05 09:13:14 Coordinator status 1
2024/03/05 09:13:14 Order 9 finish Reduce
2024/03/05 09:13:15 Coordinator work
2024/03/05 09:13:15 Coordinator status 1
2024/03/05 09:13:15 Order 10 finish Reduce
2024/03/05 09:13:15 Coordinator work
2024/03/05 09:13:15 Coordinator status 1
2024/03/05 09:13:15 Order 11 finish Reduce
2024/03/05 09:13:16 Coordinator work
2024/03/05 09:13:16 Coordinator status 1
2024/03/05 09:13:16 Order 12 finish Reduce
2024/03/05 09:13:16 Coordinator work
2024/03/05 09:13:16 Coordinator status 1
2024/03/05 09:13:16 Order 13 finish Reduce
2024/03/05 09:13:17 Coordinator work
2024/03/05 09:13:17 Coordinator status 1
2024/03/05 09:13:17 Order 14 finish Reduce
2024/03/05 09:13:17 Coordinator work
2024/03/05 09:13:17 Coordinator status 1
2024/03/05 09:13:17 Order 15 finish Reduce
2024/03/05 09:13:18 Coordinator work
2024/03/05 09:13:18 Coordinator status 1
2024/03/05 09:13:18 Order 16 finish Reduce
2024/03/05 09:13:18 Coordinator work
2024/03/05 09:13:18 Coordinator status 1
2024/03/05 09:13:18 Order 17 finish Reduce
2024/03/05 09:13:19 Coordinator work
2024/03/05 09:13:19 Coordinator status 1
2024/03/05 09:13:19 Map: 8 done vs. 0 working, Reduce 10 done vs. 0 working
2024/03/05 09:13:19 forward: forward to done phase
2024/03/05 09:13:19 Coordinator work
2024/03/05 09:13:19 Coordinator status 2
