2024/03/04 21:13:01 making map order &{0 [../pg-being_ernest.txt] 0 10}
2024/03/04 21:13:01 making map order &{0 [../pg-dorian_gray.txt] 1 10}
2024/03/04 21:13:01 making map order &{0 [../pg-frankenstein.txt] 2 10}
2024/03/04 21:13:01 making map order &{0 [../pg-grimm.txt] 3 10}
2024/03/04 21:13:01 making map order &{0 [../pg-huckleberry_finn.txt] 4 10}
2024/03/04 21:13:01 making map order &{0 [../pg-metamorphosis.txt] 5 10}
2024/03/04 21:13:01 making map order &{0 [../pg-sherlock_holmes.txt] 6 10}
2024/03/04 21:13:01 making map order &{0 [../pg-tom_sawyer.txt] 7 10}
2024/03/04 21:13:01 done with make map order
2024/03/04 21:13:01 Map: 0 done vs. 8 working, Reduce 0 done vs. 0 working
2024/03/04 21:13:02 Coordinator work
2024/03/04 21:13:02 Coordinator status 0
2024/03/04 21:13:02 Coordinator work
2024/03/04 21:13:02 Coordinator status 0
2024/03/04 21:13:06 IsDone &{0 2024-03-04 21:13:02.33686357 +0800 CST m=+1.029758039 0xc00011c030} true
2024/03/04 21:13:06 Order 0 finish Map
2024/03/04 21:13:06 IsDone &{0 2024-03-04 21:13:02.340744609 +0800 CST m=+1.033639078 0xc00011c0c0} true
2024/03/04 21:13:06 Order 1 finish Map
2024/03/04 21:13:07 Coordinator work
2024/03/04 21:13:07 Coordinator status 0
2024/03/04 21:13:07 Coordinator work
2024/03/04 21:13:07 Coordinator status 0
2024/03/04 21:13:11 IsDone &{0 2024-03-04 21:13:07.431181144 +0800 CST m=+6.124075614 0xc00011c150} true
2024/03/04 21:13:11 Order 2 finish Map
2024/03/04 21:13:11 IsDone &{0 2024-03-04 21:13:07.451387585 +0800 CST m=+6.144282053 0xc00011c1e0} true
2024/03/04 21:13:11 Order 3 finish Map
2024/03/04 21:13:12 Coordinator work
2024/03/04 21:13:12 Coordinator status 0
2024/03/04 21:13:12 Coordinator work
2024/03/04 21:13:12 Coordinator status 0
2024/03/04 21:13:16 IsDone &{0 2024-03-04 21:13:12.335832406 +0800 CST m=+11.028726871 0xc00011c270} true
2024/03/04 21:13:16 Order 4 finish Map
2024/03/04 21:13:16 IsDone &{0 2024-03-04 21:13:12.357022884 +0800 CST m=+11.049917350 0xc00011c300} true
2024/03/04 21:13:16 Order 5 finish Map
2024/03/04 21:13:17 Coordinator work
2024/03/04 21:13:17 Coordinator status 0
2024/03/04 21:13:17 Coordinator work
2024/03/04 21:13:17 Coordinator status 0
2024/03/04 21:13:19 IsDone &{0 2024-03-04 21:13:17.217210465 +0800 CST m=+15.910104931 0xc00011c420} true
2024/03/04 21:13:19 Order 7 finish Map
2024/03/04 21:13:19 IsDone &{0 2024-03-04 21:13:17.204074282 +0800 CST m=+15.896968748 0xc00011c390} true
2024/03/04 21:13:19 Order 6 finish Map
2024/03/04 21:13:20 Coordinator work
2024/03/04 21:13:20 Coordinator status 0
2024/03/04 21:13:20 Map: 8 done vs. 0 working, Reduce 0 done vs. 0 working
2024/03/04 21:13:20 forward: forward to Reuce Phase
2024/03/04 21:13:20 making reduce order : 8
2024/03/04 21:13:20 making reduce order : 9
2024/03/04 21:13:20 making reduce order : 10
2024/03/04 21:13:20 making reduce order : 11
2024/03/04 21:13:20 making reduce order : 12
2024/03/04 21:13:20 making reduce order : 13
2024/03/04 21:13:20 making reduce order : 14
2024/03/04 21:13:20 making reduce order : 15
2024/03/04 21:13:20 making reduce order : 16
2024/03/04 21:13:20 making reduce order : 17
2024/03/04 21:13:20 Coordinator work
2024/03/04 21:13:20 done with make reduce order
2024/03/04 21:13:20 Map: 8 done vs. 0 working, Reduce 0 done vs. 10 working
2024/03/04 21:13:20 Coordinator status 1
2024/03/04 21:13:20 Order 8 finish Reduce
2024/03/04 21:13:21 Coordinator work
2024/03/04 21:13:21 Coordinator status 1
2024/03/04 21:13:21 Order 9 finish Reduce
2024/03/04 21:13:22 Coordinator work
2024/03/04 21:13:22 Coordinator status 1
2024/03/04 21:13:22 Coordinator work
2024/03/04 21:13:22 Coordinator status 1
2024/03/04 21:13:22 Order 10 finish Reduce
2024/03/04 21:13:22 Order 11 finish Reduce
2024/03/04 21:13:23 Coordinator work
2024/03/04 21:13:23 Coordinator status 1
2024/03/04 21:13:23 Order 12 finish Reduce
2024/03/04 21:13:23 Coordinator work
2024/03/04 21:13:23 Coordinator status 1
2024/03/04 21:13:23 Order 13 finish Reduce
2024/03/04 21:13:24 Coordinator work
2024/03/04 21:13:24 Coordinator status 1
2024/03/04 21:13:24 Coordinator work
2024/03/04 21:13:24 Coordinator status 1
2024/03/04 21:13:24 Order 14 finish Reduce
2024/03/04 21:13:24 Order 15 finish Reduce
2024/03/04 21:13:25 Coordinator work
2024/03/04 21:13:25 Coordinator status 1
2024/03/04 21:13:25 Coordinator work
2024/03/04 21:13:25 Coordinator status 1
2024/03/04 21:13:25 Order 17 finish Reduce
2024/03/04 21:13:25 Order 16 finish Reduce
2024/03/04 21:13:26 Coordinator work
2024/03/04 21:13:26 Coordinator status 1
2024/03/04 21:13:26 Map: 8 done vs. 0 working, Reduce 10 done vs. 0 working
2024/03/04 21:13:26 forward: forward to done phase
2024/03/04 21:13:26 Coordinator work
2024/03/04 21:13:26 Coordinator status 2
