2024/03/05 03:40:18 making map order &{0 [../pg-being_ernest.txt] 0 10}
2024/03/05 03:40:18 making map order &{0 [../pg-dorian_gray.txt] 1 10}
2024/03/05 03:40:18 making map order &{0 [../pg-frankenstein.txt] 2 10}
2024/03/05 03:40:18 making map order &{0 [../pg-grimm.txt] 3 10}
2024/03/05 03:40:18 making map order &{0 [../pg-huckleberry_finn.txt] 4 10}
2024/03/05 03:40:18 making map order &{0 [../pg-metamorphosis.txt] 5 10}
2024/03/05 03:40:18 making map order &{0 [../pg-sherlock_holmes.txt] 6 10}
2024/03/05 03:40:18 making map order &{0 [../pg-tom_sawyer.txt] 7 10}
2024/03/05 03:40:18 done with make map order
2024/03/05 03:40:18 Map: 0 done vs. 8 working, Reduce 0 done vs. 0 working
2024/03/05 03:40:19 Coordinator work
2024/03/05 03:40:19 Coordinator status 0
2024/03/05 03:40:19 Coordinator work
2024/03/05 03:40:19 Coordinator status 0
2024/03/05 03:40:19 IsDone &{0 2024-03-05 03:40:19.717765284 +0800 CST m=+1.023299875 0xc0000743f0} true
2024/03/05 03:40:19 Order 0 finish Map
2024/03/05 03:40:19 Coordinator work
2024/03/05 03:40:19 Coordinator status 0
2024/03/05 03:40:19 Coordinator work
2024/03/05 03:40:19 Coordinator status 0
2024/03/05 03:40:20 Coordinator work
2024/03/05 03:40:20 Coordinator status 0
2024/03/05 03:40:20 IsDone &{0 2024-03-05 03:40:20.730122996 +0800 CST m=+2.035657588 0xc000074630} true
2024/03/05 03:40:20 Order 4 finish Map
2024/03/05 03:40:20 Coordinator work
2024/03/05 03:40:20 Coordinator status 0
2024/03/05 03:40:20 Coordinator work
2024/03/05 03:40:20 Coordinator status 0
2024/03/05 03:40:20 Coordinator work
2024/03/05 03:40:20 Coordinator status 0
2024/03/05 03:40:20 IsDone &{0 2024-03-05 03:40:20.791438187 +0800 CST m=+2.096972778 0xc0000747e0} true
2024/03/05 03:40:20 Order 7 finish Map
2024/03/05 03:40:21 Coordinator work
2024/03/05 03:40:21 Coordinator status 0
2024/03/05 03:40:21 Map: 3 done vs. 5 working, Reduce 0 done vs. 0 working
2024/03/05 03:40:21 Coordinator work
2024/03/05 03:40:21 Coordinator status 0
2024/03/05 03:40:21 Map: 3 done vs. 5 working, Reduce 0 done vs. 0 working
2024/03/05 03:40:23 Coordinator work
2024/03/05 03:40:23 Coordinator status 0
2024/03/05 03:40:23 Map: 3 done vs. 5 working, Reduce 0 done vs. 0 working
2024/03/05 03:40:23 Coordinator work
2024/03/05 03:40:23 Coordinator status 0
2024/03/05 03:40:23 Map: 3 done vs. 5 working, Reduce 0 done vs. 0 working
2024/03/05 03:40:25 Coordinator work
2024/03/05 03:40:25 Coordinator status 0
2024/03/05 03:40:25 Map: 3 done vs. 5 working, Reduce 0 done vs. 0 working
2024/03/05 03:40:25 Coordinator work
2024/03/05 03:40:25 Coordinator status 0
2024/03/05 03:40:25 Map: 3 done vs. 5 working, Reduce 0 done vs. 0 working
2024/03/05 03:40:26 IsDone &{0 2024-03-05 03:40:20.767388304 +0800 CST m=+2.072922895 0xc0000746c0} true
2024/03/05 03:40:26 Order 5 finish Map
2024/03/05 03:40:27 Coordinator work
2024/03/05 03:40:27 Coordinator status 0
2024/03/05 03:40:27 Map: 4 done vs. 4 working, Reduce 0 done vs. 0 working
2024/03/05 03:40:27 Coordinator work
2024/03/05 03:40:27 Coordinator status 0
2024/03/05 03:40:27 Map: 4 done vs. 4 working, Reduce 0 done vs. 0 working
2024/03/05 03:40:27 Coordinator work
2024/03/05 03:40:27 Coordinator status 0
2024/03/05 03:40:27 Map: 4 done vs. 4 working, Reduce 0 done vs. 0 working
2024/03/05 03:40:29 Coordinator work
2024/03/05 03:40:29 Coordinator status 0
2024/03/05 03:40:29 Map: 4 done vs. 4 working, Reduce 0 done vs. 0 working
2024/03/05 03:40:29 Coordinator work
2024/03/05 03:40:29 Coordinator status 0
2024/03/05 03:40:29 Map: 4 done vs. 4 working, Reduce 0 done vs. 0 working
2024/03/05 03:40:29 Coordinator work
2024/03/05 03:40:29 Coordinator status 0
2024/03/05 03:40:29 Map: 4 done vs. 4 working, Reduce 0 done vs. 0 working
2024/03/05 03:40:30 IsDone &{0 2024-03-05 03:40:20.773620056 +0800 CST m=+2.079154647 0xc000074750} true
2024/03/05 03:40:30 Order 6 finish Map
2024/03/05 03:40:30 Coordiantor restart Map order 3
2024/03/05 03:40:30 Coordiantor restart Map order 1
2024/03/05 03:40:30 Coordiantor restart Map order 2
2024/03/05 03:40:31 Coordinator work
2024/03/05 03:40:31 Coordinator status 0
2024/03/05 03:40:31 IsDone &{0 2024-03-05 03:40:31.409572219 +0800 CST m=+12.715106810 0xc0000745a0} true
2024/03/05 03:40:31 Order 3 finish Map
2024/03/05 03:40:31 Coordinator work
2024/03/05 03:40:31 Coordinator status 0
2024/03/05 03:40:31 Coordinator work
2024/03/05 03:40:31 Coordinator status 0
2024/03/05 03:40:31 Coordinator work
2024/03/05 03:40:31 Coordinator status 0
2024/03/05 03:40:31 Map: 6 done vs. 2 working, Reduce 0 done vs. 0 working
2024/03/05 03:40:32 Coordinator work
2024/03/05 03:40:32 Coordinator status 0
2024/03/05 03:40:32 Map: 6 done vs. 2 working, Reduce 0 done vs. 0 working
2024/03/05 03:40:32 Coordinator work
2024/03/05 03:40:32 Coordinator status 0
2024/03/05 03:40:32 Map: 6 done vs. 2 working, Reduce 0 done vs. 0 working
2024/03/05 03:40:33 Coordinator work
2024/03/05 03:40:33 Coordinator status 0
2024/03/05 03:40:33 Map: 6 done vs. 2 working, Reduce 0 done vs. 0 working
2024/03/05 03:40:34 Coordinator work
2024/03/05 03:40:34 Coordinator status 0
2024/03/05 03:40:34 Map: 6 done vs. 2 working, Reduce 0 done vs. 0 working
2024/03/05 03:40:34 Coordinator work
2024/03/05 03:40:34 Coordinator status 0
2024/03/05 03:40:34 Map: 6 done vs. 2 working, Reduce 0 done vs. 0 working
2024/03/05 03:40:35 Coordinator work
2024/03/05 03:40:35 Coordinator status 0
2024/03/05 03:40:35 Map: 6 done vs. 2 working, Reduce 0 done vs. 0 working
2024/03/05 03:40:36 Coordinator work
2024/03/05 03:40:36 Coordinator status 0
2024/03/05 03:40:36 Map: 6 done vs. 2 working, Reduce 0 done vs. 0 working
2024/03/05 03:40:36 Coordinator work
2024/03/05 03:40:36 Coordinator status 0
2024/03/05 03:40:36 Map: 6 done vs. 2 working, Reduce 0 done vs. 0 working
2024/03/05 03:40:37 Coordinator work
2024/03/05 03:40:37 Coordinator status 0
2024/03/05 03:40:37 Map: 6 done vs. 2 working, Reduce 0 done vs. 0 working
2024/03/05 03:40:38 Coordinator work
2024/03/05 03:40:38 Coordinator status 0
2024/03/05 03:40:38 Map: 6 done vs. 2 working, Reduce 0 done vs. 0 working
2024/03/05 03:40:38 Coordinator work
2024/03/05 03:40:38 Coordinator status 0
2024/03/05 03:40:38 Map: 6 done vs. 2 working, Reduce 0 done vs. 0 working
2024/03/05 03:40:39 Coordinator work
2024/03/05 03:40:39 Coordinator status 0
2024/03/05 03:40:39 Map: 6 done vs. 2 working, Reduce 0 done vs. 0 working
2024/03/05 03:40:40 Coordinator work
2024/03/05 03:40:40 Coordinator status 0
2024/03/05 03:40:40 Map: 6 done vs. 2 working, Reduce 0 done vs. 0 working
2024/03/05 03:40:40 Coordinator work
2024/03/05 03:40:40 Coordinator status 0
2024/03/05 03:40:40 Map: 6 done vs. 2 working, Reduce 0 done vs. 0 working
2024/03/05 03:40:41 Coordinator work
2024/03/05 03:40:41 Coordinator status 0
2024/03/05 03:40:41 Map: 6 done vs. 2 working, Reduce 0 done vs. 0 working
2024/03/05 03:40:42 Coordinator work
2024/03/05 03:40:42 Coordinator status 0
2024/03/05 03:40:42 Map: 6 done vs. 2 working, Reduce 0 done vs. 0 working
2024/03/05 03:40:42 Coordiantor restart Map order 1
2024/03/05 03:40:42 Coordiantor restart Map order 2
2024/03/05 03:40:42 Coordinator work
2024/03/05 03:40:42 Coordinator status 0
2024/03/05 03:40:42 IsDone &{0 2024-03-05 03:40:42.821443405 +0800 CST m=+24.126977991 0xc000074480} true
2024/03/05 03:40:42 Order 1 finish Map
2024/03/05 03:40:43 Coordinator work
2024/03/05 03:40:43 Coordinator status 0
2024/03/05 03:40:43 Coordinator work
2024/03/05 03:40:43 Coordinator status 0
2024/03/05 03:40:43 Map: 7 done vs. 1 working, Reduce 0 done vs. 0 working
2024/03/05 03:40:44 Coordinator work
2024/03/05 03:40:44 Coordinator status 0
2024/03/05 03:40:44 Map: 7 done vs. 1 working, Reduce 0 done vs. 0 working
2024/03/05 03:40:45 Coordinator work
2024/03/05 03:40:45 Coordinator status 0
2024/03/05 03:40:45 Map: 7 done vs. 1 working, Reduce 0 done vs. 0 working
2024/03/05 03:40:46 Coordinator work
2024/03/05 03:40:46 Coordinator status 0
2024/03/05 03:40:46 Map: 7 done vs. 1 working, Reduce 0 done vs. 0 working
2024/03/05 03:40:47 Coordinator work
2024/03/05 03:40:47 Coordinator status 0
2024/03/05 03:40:47 Map: 7 done vs. 1 working, Reduce 0 done vs. 0 working
2024/03/05 03:40:48 Coordinator work
2024/03/05 03:40:48 Coordinator status 0
2024/03/05 03:40:48 Map: 7 done vs. 1 working, Reduce 0 done vs. 0 working
2024/03/05 03:40:49 Coordinator work
2024/03/05 03:40:49 Coordinator status 0
2024/03/05 03:40:49 Map: 7 done vs. 1 working, Reduce 0 done vs. 0 working
2024/03/05 03:40:50 Coordinator work
2024/03/05 03:40:50 Coordinator status 0
2024/03/05 03:40:50 Map: 7 done vs. 1 working, Reduce 0 done vs. 0 working
2024/03/05 03:40:51 IsDone &{0 2024-03-05 03:40:43.840275396 +0800 CST m=+25.145809982 0xc000074510} true
2024/03/05 03:40:51 Order 2 finish Map
2024/03/05 03:40:51 Coordinator work
2024/03/05 03:40:51 Coordinator status 0
2024/03/05 03:40:51 Map: 8 done vs. 0 working, Reduce 0 done vs. 0 working
2024/03/05 03:40:51 forward: forward to Reuce Phase
2024/03/05 03:40:51 making reduce order : 8
2024/03/05 03:40:51 making reduce order : 9
2024/03/05 03:40:51 making reduce order : 10
2024/03/05 03:40:51 making reduce order : 11
2024/03/05 03:40:51 making reduce order : 12
2024/03/05 03:40:51 making reduce order : 13
2024/03/05 03:40:51 making reduce order : 14
2024/03/05 03:40:51 making reduce order : 15
2024/03/05 03:40:51 making reduce order : 16
2024/03/05 03:40:51 making reduce order : 17
2024/03/05 03:40:51 done with make reduce order
2024/03/05 03:40:51 Map: 8 done vs. 0 working, Reduce 0 done vs. 10 working
2024/03/05 03:40:52 Coordinator work
2024/03/05 03:40:52 Coordinator status 1
2024/03/05 03:40:52 Coordinator work
2024/03/05 03:40:52 Coordinator status 1
2024/03/05 03:40:52 Order 9 finish Reduce
2024/03/05 03:40:53 Coordinator work
2024/03/05 03:40:53 Coordinator status 1
2024/03/05 03:40:53 Coordinator work
2024/03/05 03:40:53 Coordinator status 1
2024/03/05 03:40:53 Order 11 finish Reduce
2024/03/05 03:40:53 Coordinator work
2024/03/05 03:40:53 Coordinator status 1
2024/03/05 03:40:53 Order 12 finish Reduce
2024/03/05 03:40:54 Coordinator work
2024/03/05 03:40:54 Coordinator status 1
2024/03/05 03:40:54 Order 13 finish Reduce
2024/03/05 03:40:54 Order 10 finish Reduce
2024/03/05 03:40:54 Coordinator work
2024/03/05 03:40:54 Coordinator status 1
2024/03/05 03:40:54 Order 14 finish Reduce
2024/03/05 03:40:55 Coordinator work
2024/03/05 03:40:55 Coordinator status 1
2024/03/05 03:40:55 Order 15 finish Reduce
2024/03/05 03:40:55 Coordinator work
2024/03/05 03:40:55 Coordinator status 1
2024/03/05 03:40:55 Order 16 finish Reduce
2024/03/05 03:40:55 Coordinator work
2024/03/05 03:40:55 Coordinator status 1
2024/03/05 03:40:55 Order 17 finish Reduce
2024/03/05 03:40:56 Coordinator work
2024/03/05 03:40:56 Coordinator status 1
2024/03/05 03:40:56 Map: 8 done vs. 0 working, Reduce 9 done vs. 1 working
2024/03/05 03:40:56 Coordinator work
2024/03/05 03:40:56 Coordinator status 1
2024/03/05 03:40:56 Map: 8 done vs. 0 working, Reduce 9 done vs. 1 working
2024/03/05 03:40:56 Coordinator work
2024/03/05 03:40:56 Coordinator status 1
2024/03/05 03:40:56 Map: 8 done vs. 0 working, Reduce 9 done vs. 1 working
2024/03/05 03:40:58 Coordinator work
2024/03/05 03:40:58 Coordinator status 1
2024/03/05 03:40:58 Map: 8 done vs. 0 working, Reduce 9 done vs. 1 working
2024/03/05 03:40:58 Coordinator work
2024/03/05 03:40:58 Coordinator status 1
2024/03/05 03:40:58 Map: 8 done vs. 0 working, Reduce 9 done vs. 1 working
2024/03/05 03:40:58 Coordinator work
2024/03/05 03:40:58 Coordinator status 1
2024/03/05 03:40:58 Map: 8 done vs. 0 working, Reduce 9 done vs. 1 working
2024/03/05 03:41:00 Coordinator work
2024/03/05 03:41:00 Coordinator status 1
2024/03/05 03:41:00 Map: 8 done vs. 0 working, Reduce 9 done vs. 1 working
2024/03/05 03:41:00 Coordinator work
2024/03/05 03:41:00 Coordinator status 1
2024/03/05 03:41:00 Map: 8 done vs. 0 working, Reduce 9 done vs. 1 working
2024/03/05 03:41:00 Coordinator work
2024/03/05 03:41:00 Coordinator status 1
2024/03/05 03:41:00 Map: 8 done vs. 0 working, Reduce 9 done vs. 1 working
2024/03/05 03:41:02 Coordinator work
2024/03/05 03:41:02 Coordinator status 1
2024/03/05 03:41:02 Map: 8 done vs. 0 working, Reduce 9 done vs. 1 working
2024/03/05 03:41:02 Coordiantor restart Reduce order 8
2024/03/05 03:41:02 Coordinator work
2024/03/05 03:41:02 Coordinator status 1
2024/03/05 03:41:02 Coordinator work
2024/03/05 03:41:02 Coordinator status 1
2024/03/05 03:41:02 Map: 8 done vs. 0 working, Reduce 9 done vs. 1 working
2024/03/05 03:41:04 Coordinator work
2024/03/05 03:41:04 Coordinator status 1
2024/03/05 03:41:04 Map: 8 done vs. 0 working, Reduce 9 done vs. 1 working
2024/03/05 03:41:04 Coordinator work
2024/03/05 03:41:04 Coordinator status 1
2024/03/05 03:41:04 Map: 8 done vs. 0 working, Reduce 9 done vs. 1 working
2024/03/05 03:41:06 Coordinator work
2024/03/05 03:41:06 Coordinator status 1
2024/03/05 03:41:06 Map: 8 done vs. 0 working, Reduce 9 done vs. 1 working
2024/03/05 03:41:06 Coordinator work
2024/03/05 03:41:06 Coordinator status 1
2024/03/05 03:41:06 Map: 8 done vs. 0 working, Reduce 9 done vs. 1 working
2024/03/05 03:41:07 Order 8 finish Reduce
2024/03/05 03:41:08 Coordinator work
2024/03/05 03:41:08 Coordinator status 1
2024/03/05 03:41:08 Map: 8 done vs. 0 working, Reduce 10 done vs. 0 working
2024/03/05 03:41:08 forward: forward to done phase
2024/03/05 03:41:08 Coordinator work
2024/03/05 03:41:08 Coordinator status 2
2024/03/05 03:41:08 Coordinator work
2024/03/05 03:41:08 Coordinator status 2
