2024/03/04 22:18:33 making map order &{0 [../pg-being_ernest.txt] 0 10}
2024/03/04 22:18:33 making map order &{0 [../pg-dorian_gray.txt] 1 10}
2024/03/04 22:18:33 making map order &{0 [../pg-frankenstein.txt] 2 10}
2024/03/04 22:18:33 making map order &{0 [../pg-grimm.txt] 3 10}
2024/03/04 22:18:33 making map order &{0 [../pg-huckleberry_finn.txt] 4 10}
2024/03/04 22:18:33 making map order &{0 [../pg-metamorphosis.txt] 5 10}
2024/03/04 22:18:33 making map order &{0 [../pg-sherlock_holmes.txt] 6 10}
2024/03/04 22:18:33 making map order &{0 [../pg-tom_sawyer.txt] 7 10}
2024/03/04 22:18:33 done with make map order
2024/03/04 22:18:33 Map: 0 done vs. 8 working, Reduce 0 done vs. 0 working
2024/03/04 22:18:34 Coordinator work
2024/03/04 22:18:34 Coordinator status 0
2024/03/04 22:18:34 Coordinator work
2024/03/04 22:18:34 Coordinator status 0
2024/03/04 22:18:35 IsDone &{0 2024-03-04 22:18:34.084234154 +0800 CST m=+1.016293461 0xc00008a630} true
2024/03/04 22:18:35 Order 0 finish Map
2024/03/04 22:18:35 IsDone &{0 2024-03-04 22:18:34.085118707 +0800 CST m=+1.017178022 0xc00008a6c0} true
2024/03/04 22:18:35 Order 1 finish Map
2024/03/04 22:18:36 Coordinator work
2024/03/04 22:18:36 Coordinator status 0
2024/03/04 22:18:36 Coordinator work
2024/03/04 22:18:36 Coordinator status 0
2024/03/04 22:18:37 IsDone &{0 2024-03-04 22:18:36.09413316 +0800 CST m=+3.026192472 0xc00008a750} true
2024/03/04 22:18:37 Order 2 finish Map
2024/03/04 22:18:37 IsDone &{0 2024-03-04 22:18:36.105213046 +0800 CST m=+3.037272352 0xc00008a7e0} true
2024/03/04 22:18:37 Order 3 finish Map
2024/03/04 22:18:38 Coordinator work
2024/03/04 22:18:38 Coordinator status 0
2024/03/04 22:18:38 Coordinator work
2024/03/04 22:18:38 Coordinator status 0
2024/03/04 22:18:39 IsDone &{0 2024-03-04 22:18:38.123536488 +0800 CST m=+5.055595801 0xc00008a900} true
2024/03/04 22:18:39 Order 5 finish Map
2024/03/04 22:18:39 IsDone &{0 2024-03-04 22:18:38.123182318 +0800 CST m=+5.055241633 0xc00008a870} true
2024/03/04 22:18:39 Order 4 finish Map
2024/03/04 22:18:40 Coordinator work
2024/03/04 22:18:40 Coordinator status 0
2024/03/04 22:18:40 Coordinator work
2024/03/04 22:18:40 Coordinator status 0
2024/03/04 22:18:41 IsDone &{0 2024-03-04 22:18:40.140709471 +0800 CST m=+7.072768780 0xc00008a990} true
2024/03/04 22:18:41 Order 6 finish Map
2024/03/04 22:18:41 IsDone &{0 2024-03-04 22:18:40.144643401 +0800 CST m=+7.076702712 0xc00008aa20} true
2024/03/04 22:18:41 Order 7 finish Map
2024/03/04 22:18:42 Coordinator work
2024/03/04 22:18:42 Coordinator status 0
2024/03/04 22:18:42 Map: 8 done vs. 0 working, Reduce 0 done vs. 0 working
2024/03/04 22:18:42 forward: forward to Reuce Phase
2024/03/04 22:18:42 making reduce order : 8
2024/03/04 22:18:42 making reduce order : 9
2024/03/04 22:18:42 making reduce order : 10
2024/03/04 22:18:42 making reduce order : 11
2024/03/04 22:18:42 making reduce order : 12
2024/03/04 22:18:42 making reduce order : 13
2024/03/04 22:18:42 making reduce order : 14
2024/03/04 22:18:42 making reduce order : 15
2024/03/04 22:18:42 making reduce order : 16
2024/03/04 22:18:42 Coordinator work
2024/03/04 22:18:42 making reduce order : 17
2024/03/04 22:18:42 done with make reduce order
2024/03/04 22:18:42 Map: 8 done vs. 0 working, Reduce 0 done vs. 10 working
2024/03/04 22:18:42 Coordinator status 1
2024/03/04 22:18:42 Order 8 finish Reduce
2024/03/04 22:18:43 Coordinator work
2024/03/04 22:18:43 Coordinator status 1
2024/03/04 22:18:43 Order 9 finish Reduce
2024/03/04 22:18:44 Coordinator work
2024/03/04 22:18:44 Coordinator status 1
2024/03/04 22:18:44 Order 10 finish Reduce
2024/03/04 22:18:44 Coordinator work
2024/03/04 22:18:44 Coordinator status 1
2024/03/04 22:18:44 Order 11 finish Reduce
2024/03/04 22:18:45 Coordinator work
2024/03/04 22:18:45 Coordinator status 1
2024/03/04 22:18:45 Order 12 finish Reduce
2024/03/04 22:18:45 Coordinator work
2024/03/04 22:18:45 Coordinator status 1
2024/03/04 22:18:45 Order 13 finish Reduce
2024/03/04 22:18:46 Coordinator work
2024/03/04 22:18:46 Coordinator status 1
2024/03/04 22:18:46 Order 14 finish Reduce
2024/03/04 22:18:46 Coordinator work
2024/03/04 22:18:46 Coordinator status 1
2024/03/04 22:18:46 Order 15 finish Reduce
2024/03/04 22:18:47 Coordinator work
2024/03/04 22:18:47 Coordinator status 1
2024/03/04 22:18:47 Order 16 finish Reduce
2024/03/04 22:18:47 Coordinator work
2024/03/04 22:18:47 Coordinator status 1
2024/03/04 22:18:47 Order 17 finish Reduce
2024/03/04 22:18:48 Coordinator work
2024/03/04 22:18:48 Coordinator status 1
2024/03/04 22:18:48 Map: 8 done vs. 0 working, Reduce 10 done vs. 0 working
2024/03/04 22:18:48 forward: forward to done phase
2024/03/04 22:18:48 Coordinator work
2024/03/04 22:18:48 Coordinator status 2
