2024/03/05 02:57:22 making map order &{0 [../pg-being_ernest.txt] 0 10}
2024/03/05 02:57:22 making map order &{0 [../pg-dorian_gray.txt] 1 10}
2024/03/05 02:57:22 making map order &{0 [../pg-frankenstein.txt] 2 10}
2024/03/05 02:57:22 making map order &{0 [../pg-grimm.txt] 3 10}
2024/03/05 02:57:22 making map order &{0 [../pg-huckleberry_finn.txt] 4 10}
2024/03/05 02:57:22 making map order &{0 [../pg-metamorphosis.txt] 5 10}
2024/03/05 02:57:22 making map order &{0 [../pg-sherlock_holmes.txt] 6 10}
2024/03/05 02:57:22 making map order &{0 [../pg-tom_sawyer.txt] 7 10}
2024/03/05 02:57:22 done with make map order
2024/03/05 02:57:22 Map: 0 done vs. 8 working, Reduce 0 done vs. 0 working
2024/03/05 02:57:23 Coordinator work
2024/03/05 02:57:23 Coordinator status 0
2024/03/05 02:57:23 Coordinator work
2024/03/05 02:57:23 Coordinator status 0
2024/03/05 02:57:23 IsDone &{0 2024-03-05 02:57:23.346873839 +0800 CST m=+1.015067208 0xc000102360} true
2024/03/05 02:57:23 Order 0 finish Map
2024/03/05 02:57:23 IsDone &{0 2024-03-05 02:57:23.347334469 +0800 CST m=+1.015527831 0xc0001023f0} true
2024/03/05 02:57:23 Order 1 finish Map
2024/03/05 02:57:24 Coordinator work
2024/03/05 02:57:24 Coordinator status 0
2024/03/05 02:57:24 Coordinator work
2024/03/05 02:57:24 Coordinator status 0
2024/03/05 02:57:24 IsDone &{0 2024-03-05 02:57:24.441668276 +0800 CST m=+2.109861647 0xc000102480} true
2024/03/05 02:57:24 Order 2 finish Map
2024/03/05 02:57:24 IsDone &{0 2024-03-05 02:57:24.564945719 +0800 CST m=+2.233139091 0xc000102510} true
2024/03/05 02:57:24 Order 3 finish Map
2024/03/05 02:57:25 Coordinator work
2024/03/05 02:57:25 Coordinator status 0
2024/03/05 02:57:25 Coordinator work
2024/03/05 02:57:25 Coordinator status 0
2024/03/05 02:57:25 IsDone &{0 2024-03-05 02:57:25.766430145 +0800 CST m=+3.434623519 0xc000102630} true
2024/03/05 02:57:25 Order 5 finish Map
2024/03/05 02:57:25 IsDone &{0 2024-03-05 02:57:25.619877875 +0800 CST m=+3.288071249 0xc0001025a0} true
2024/03/05 02:57:25 Order 4 finish Map
2024/03/05 02:57:26 Coordinator work
2024/03/05 02:57:26 Coordinator status 0
2024/03/05 02:57:26 Coordinator work
2024/03/05 02:57:26 Coordinator status 0
2024/03/05 02:57:27 IsDone &{0 2024-03-05 02:57:26.87494334 +0800 CST m=+4.543136707 0xc0001026c0} true
2024/03/05 02:57:27 Order 6 finish Map
2024/03/05 02:57:27 IsDone &{0 2024-03-05 02:57:26.910330402 +0800 CST m=+4.578523778 0xc000102750} true
2024/03/05 02:57:27 Order 7 finish Map
2024/03/05 02:57:28 Coordinator work
2024/03/05 02:57:28 Coordinator status 0
2024/03/05 02:57:28 Map: 8 done vs. 0 working, Reduce 0 done vs. 0 working
2024/03/05 02:57:28 forward: forward to Reuce Phase
2024/03/05 02:57:28 making reduce order : 8
2024/03/05 02:57:28 making reduce order : 9
2024/03/05 02:57:28 making reduce order : 10
2024/03/05 02:57:28 making reduce order : 11
2024/03/05 02:57:28 making reduce order : 12
2024/03/05 02:57:28 making reduce order : 13
2024/03/05 02:57:28 making reduce order : 14
2024/03/05 02:57:28 making reduce order : 15
2024/03/05 02:57:28 making reduce order : 16
2024/03/05 02:57:28 making reduce order : 17
2024/03/05 02:57:28 done with make reduce order
2024/03/05 02:57:28 Map: 8 done vs. 0 working, Reduce 0 done vs. 10 working
2024/03/05 02:57:28 Coordinator work
2024/03/05 02:57:28 Coordinator status 1
2024/03/05 02:57:28 Order 8 finish Reduce
2024/03/05 02:57:29 Coordinator work
2024/03/05 02:57:29 Coordinator status 1
2024/03/05 02:57:29 Order 9 finish Reduce
2024/03/05 02:57:30 Coordinator work
2024/03/05 02:57:30 Coordinator status 1
2024/03/05 02:57:30 Order 10 finish Reduce
2024/03/05 02:57:30 Coordinator work
2024/03/05 02:57:30 Coordinator status 1
2024/03/05 02:57:30 Order 11 finish Reduce
2024/03/05 02:57:31 Coordinator work
2024/03/05 02:57:31 Coordinator status 1
2024/03/05 02:57:31 Order 12 finish Reduce
2024/03/05 02:57:31 Coordinator work
2024/03/05 02:57:31 Coordinator status 1
2024/03/05 02:57:31 Order 13 finish Reduce
2024/03/05 02:57:32 Coordinator work
2024/03/05 02:57:32 Coordinator status 1
2024/03/05 02:57:32 Order 14 finish Reduce
2024/03/05 02:57:32 Coordinator work
2024/03/05 02:57:32 Coordinator status 1
2024/03/05 02:57:32 Order 15 finish Reduce
2024/03/05 02:57:33 Coordinator work
2024/03/05 02:57:33 Coordinator status 1
2024/03/05 02:57:33 Order 16 finish Reduce
2024/03/05 02:57:33 Coordinator work
2024/03/05 02:57:33 Coordinator status 1
2024/03/05 02:57:33 Order 17 finish Reduce
2024/03/05 02:57:34 Coordinator work
2024/03/05 02:57:34 Coordinator status 1
2024/03/05 02:57:34 Map: 8 done vs. 0 working, Reduce 10 done vs. 0 working
2024/03/05 02:57:34 forward: forward to done phase
2024/03/05 02:57:34 Coordinator work
2024/03/05 02:57:34 Coordinator status 2
