2024/03/05 00:18:47 making map order &{0 [../pg-being_ernest.txt] 0 10}
2024/03/05 00:18:47 making map order &{0 [../pg-dorian_gray.txt] 1 10}
2024/03/05 00:18:47 making map order &{0 [../pg-frankenstein.txt] 2 10}
2024/03/05 00:18:47 making map order &{0 [../pg-grimm.txt] 3 10}
2024/03/05 00:18:47 making map order &{0 [../pg-huckleberry_finn.txt] 4 10}
2024/03/05 00:18:47 making map order &{0 [../pg-metamorphosis.txt] 5 10}
2024/03/05 00:18:47 making map order &{0 [../pg-sherlock_holmes.txt] 6 10}
2024/03/05 00:18:47 making map order &{0 [../pg-tom_sawyer.txt] 7 10}
2024/03/05 00:18:47 done with make map order
2024/03/05 00:18:47 Map: 0 done vs. 8 working, Reduce 0 done vs. 0 working
2024/03/05 00:18:48 Coordinator work
2024/03/05 00:18:48 Coordinator status 0
2024/03/05 00:18:48 Coordinator work
2024/03/05 00:18:48 Coordinator status 0
2024/03/05 00:18:48 IsDone &{0 2024-03-05 00:18:48.32133532 +0800 CST m=+1.014574173 0xc000074600} true
2024/03/05 00:18:48 Order 0 finish Map
2024/03/05 00:18:48 IsDone &{0 2024-03-05 00:18:48.325444252 +0800 CST m=+1.018683089 0xc000074690} true
2024/03/05 00:18:48 Order 1 finish Map
2024/03/05 00:18:49 Coordinator work
2024/03/05 00:18:49 Coordinator status 0
2024/03/05 00:18:49 Coordinator work
2024/03/05 00:18:49 Coordinator status 0
2024/03/05 00:18:49 IsDone &{0 2024-03-05 00:18:49.423281486 +0800 CST m=+2.116520343 0xc000074720} true
2024/03/05 00:18:49 Order 2 finish Map
2024/03/05 00:18:49 IsDone &{0 2024-03-05 00:18:49.543493601 +0800 CST m=+2.236732455 0xc0000747b0} true
2024/03/05 00:18:49 Order 3 finish Map
2024/03/05 00:18:50 Coordinator work
2024/03/05 00:18:50 Coordinator status 0
2024/03/05 00:18:50 Coordinator work
2024/03/05 00:18:50 Coordinator status 0
2024/03/05 00:18:50 IsDone &{0 2024-03-05 00:18:50.747237346 +0800 CST m=+3.440476204 0xc0000748d0} true
2024/03/05 00:18:50 Order 5 finish Map
2024/03/05 00:18:50 IsDone &{0 2024-03-05 00:18:50.659454641 +0800 CST m=+3.352693493 0xc000074840} true
2024/03/05 00:18:50 Order 4 finish Map
2024/03/05 00:18:51 Coordinator work
2024/03/05 00:18:51 Coordinator status 0
2024/03/05 00:18:51 Coordinator work
2024/03/05 00:18:51 Coordinator status 0
2024/03/05 00:18:52 IsDone &{0 2024-03-05 00:18:51.828347305 +0800 CST m=+4.521586161 0xc000074960} true
2024/03/05 00:18:52 Order 6 finish Map
2024/03/05 00:18:52 IsDone &{0 2024-03-05 00:18:51.9150502 +0800 CST m=+4.608289053 0xc0000749f0} true
2024/03/05 00:18:52 Order 7 finish Map
2024/03/05 00:18:53 Coordinator work
2024/03/05 00:18:53 Coordinator status 0
2024/03/05 00:18:53 Map: 8 done vs. 0 working, Reduce 0 done vs. 0 working
2024/03/05 00:18:53 forward: forward to Reuce Phase
2024/03/05 00:18:53 making reduce order : 8
2024/03/05 00:18:53 making reduce order : 9
2024/03/05 00:18:53 making reduce order : 10
2024/03/05 00:18:53 making reduce order : 11
2024/03/05 00:18:53 making reduce order : 12
2024/03/05 00:18:53 making reduce order : 13
2024/03/05 00:18:53 making reduce order : 14
2024/03/05 00:18:53 making reduce order : 15
2024/03/05 00:18:53 making reduce order : 16
2024/03/05 00:18:53 making reduce order : 17
2024/03/05 00:18:53 done with make reduce order
2024/03/05 00:18:53 Map: 8 done vs. 0 working, Reduce 0 done vs. 10 working
2024/03/05 00:18:53 Coordinator work
2024/03/05 00:18:53 Coordinator status 1
2024/03/05 00:18:53 Order 8 finish Reduce
2024/03/05 00:18:54 Coordinator work
2024/03/05 00:18:54 Coordinator status 1
2024/03/05 00:18:54 Order 9 finish Reduce
2024/03/05 00:18:55 Coordinator work
2024/03/05 00:18:55 Coordinator status 1
2024/03/05 00:18:55 Order 10 finish Reduce
2024/03/05 00:18:55 Coordinator work
2024/03/05 00:18:55 Coordinator status 1
2024/03/05 00:18:55 Order 11 finish Reduce
2024/03/05 00:18:56 Coordinator work
2024/03/05 00:18:56 Coordinator status 1
2024/03/05 00:18:56 Order 12 finish Reduce
2024/03/05 00:18:56 Coordinator work
2024/03/05 00:18:56 Coordinator status 1
2024/03/05 00:18:56 Order 13 finish Reduce
2024/03/05 00:18:57 Coordinator work
2024/03/05 00:18:57 Coordinator status 1
2024/03/05 00:18:57 Order 14 finish Reduce
2024/03/05 00:18:57 Coordinator work
2024/03/05 00:18:57 Coordinator status 1
2024/03/05 00:18:57 Order 15 finish Reduce
2024/03/05 00:18:58 Coordinator work
2024/03/05 00:18:58 Coordinator status 1
2024/03/05 00:18:58 Order 16 finish Reduce
2024/03/05 00:18:58 Coordinator work
2024/03/05 00:18:58 Coordinator status 1
2024/03/05 00:18:58 Order 17 finish Reduce
2024/03/05 00:18:59 Coordinator work
2024/03/05 00:18:59 Coordinator status 1
2024/03/05 00:18:59 Map: 8 done vs. 0 working, Reduce 10 done vs. 0 working
2024/03/05 00:18:59 forward: forward to done phase
2024/03/05 00:18:59 Coordinator work
2024/03/05 00:18:59 Coordinator status 2
