2024/03/05 04:24:34 making map order &{0 [../pg-being_ernest.txt] 0 10}
2024/03/05 04:24:34 making map order &{0 [../pg-dorian_gray.txt] 1 10}
2024/03/05 04:24:34 making map order &{0 [../pg-frankenstein.txt] 2 10}
2024/03/05 04:24:34 making map order &{0 [../pg-grimm.txt] 3 10}
2024/03/05 04:24:34 making map order &{0 [../pg-huckleberry_finn.txt] 4 10}
2024/03/05 04:24:34 making map order &{0 [../pg-metamorphosis.txt] 5 10}
2024/03/05 04:24:34 making map order &{0 [../pg-sherlock_holmes.txt] 6 10}
2024/03/05 04:24:34 making map order &{0 [../pg-tom_sawyer.txt] 7 10}
2024/03/05 04:24:34 done with make map order
2024/03/05 04:24:34 Map: 0 done vs. 8 working, Reduce 0 done vs. 0 working
2024/03/05 04:24:35 Coordinator work
2024/03/05 04:24:35 Coordinator status 0
2024/03/05 04:24:35 Coordinator work
2024/03/05 04:24:35 Coordinator status 0
2024/03/05 04:24:35 IsDone &{0 2024-03-05 04:24:35.277094558 +0800 CST m=+1.016689748 0xc00007bbf0} true
2024/03/05 04:24:35 Order 0 finish Map
2024/03/05 04:24:35 IsDone &{0 2024-03-05 04:24:35.281958591 +0800 CST m=+1.021553793 0xc00007bc80} true
2024/03/05 04:24:35 Order 1 finish Map
2024/03/05 04:24:36 Coordinator work
2024/03/05 04:24:36 Coordinator status 0
2024/03/05 04:24:36 Coordinator work
2024/03/05 04:24:36 Coordinator status 0
2024/03/05 04:24:36 IsDone &{0 2024-03-05 04:24:36.363805057 +0800 CST m=+2.103400259 0xc00007bd10} true
2024/03/05 04:24:36 Order 2 finish Map
2024/03/05 04:24:36 IsDone &{0 2024-03-05 04:24:36.495016476 +0800 CST m=+2.234611671 0xc00007bda0} true
2024/03/05 04:24:36 Order 3 finish Map
2024/03/05 04:24:37 Coordinator work
2024/03/05 04:24:37 Coordinator status 0
2024/03/05 04:24:37 Coordinator work
2024/03/05 04:24:37 Coordinator status 0
2024/03/05 04:24:37 IsDone &{0 2024-03-05 04:24:37.685291008 +0800 CST m=+3.424886201 0xc00007bec0} true
2024/03/05 04:24:37 Order 5 finish Map
2024/03/05 04:24:37 IsDone &{0 2024-03-05 04:24:37.59219704 +0800 CST m=+3.331792239 0xc00007be30} true
2024/03/05 04:24:37 Order 4 finish Map
2024/03/05 04:24:38 Coordinator work
2024/03/05 04:24:38 Coordinator status 0
2024/03/05 04:24:38 Coordinator work
2024/03/05 04:24:38 Coordinator status 0
2024/03/05 04:24:39 IsDone &{0 2024-03-05 04:24:38.807436045 +0800 CST m=+4.547031243 0xc00007bf50} true
2024/03/05 04:24:39 Order 6 finish Map
2024/03/05 04:24:39 IsDone &{0 2024-03-05 04:24:38.838595162 +0800 CST m=+4.578190357 0xc00016c000} true
2024/03/05 04:24:39 Order 7 finish Map
2024/03/05 04:24:40 Coordinator work
2024/03/05 04:24:40 Coordinator status 0
2024/03/05 04:24:40 Map: 8 done vs. 0 working, Reduce 0 done vs. 0 working
2024/03/05 04:24:40 forward: forward to Reuce Phase
2024/03/05 04:24:40 making reduce order : 8
2024/03/05 04:24:40 making reduce order : 9
2024/03/05 04:24:40 making reduce order : 10
2024/03/05 04:24:40 making reduce order : 11
2024/03/05 04:24:40 making reduce order : 12
2024/03/05 04:24:40 making reduce order : 13
2024/03/05 04:24:40 making reduce order : 14
2024/03/05 04:24:40 making reduce order : 15
2024/03/05 04:24:40 making reduce order : 16
2024/03/05 04:24:40 making reduce order : 17
2024/03/05 04:24:40 done with make reduce order
2024/03/05 04:24:40 Map: 8 done vs. 0 working, Reduce 0 done vs. 10 working
2024/03/05 04:24:40 Coordinator work
2024/03/05 04:24:40 Coordinator status 1
2024/03/05 04:24:40 Order 8 finish Reduce
2024/03/05 04:24:41 Coordinator work
2024/03/05 04:24:41 Coordinator status 1
2024/03/05 04:24:41 Order 9 finish Reduce
2024/03/05 04:24:42 Coordinator work
2024/03/05 04:24:42 Coordinator status 1
2024/03/05 04:24:42 Order 10 finish Reduce
2024/03/05 04:24:42 Coordinator work
2024/03/05 04:24:42 Coordinator status 1
2024/03/05 04:24:42 Order 11 finish Reduce
2024/03/05 04:24:43 Coordinator work
2024/03/05 04:24:43 Coordinator status 1
2024/03/05 04:24:43 Order 12 finish Reduce
2024/03/05 04:24:43 Coordinator work
2024/03/05 04:24:43 Coordinator status 1
2024/03/05 04:24:43 Order 13 finish Reduce
2024/03/05 04:24:44 Coordinator work
2024/03/05 04:24:44 Coordinator status 1
2024/03/05 04:24:44 Order 14 finish Reduce
2024/03/05 04:24:44 Coordinator work
2024/03/05 04:24:44 Coordinator status 1
2024/03/05 04:24:44 Order 15 finish Reduce
2024/03/05 04:24:45 Coordinator work
2024/03/05 04:24:45 Coordinator status 1
2024/03/05 04:24:45 Order 16 finish Reduce
2024/03/05 04:24:45 Coordinator work
2024/03/05 04:24:45 Coordinator status 1
2024/03/05 04:24:45 Order 17 finish Reduce
2024/03/05 04:24:46 Coordinator work
2024/03/05 04:24:46 Coordinator status 1
2024/03/05 04:24:46 Map: 8 done vs. 0 working, Reduce 10 done vs. 0 working
2024/03/05 04:24:46 forward: forward to done phase
2024/03/05 04:24:46 Coordinator work
2024/03/05 04:24:46 Coordinator status 2
