2024/03/05 06:35:58 making map order &{0 [../pg-being_ernest.txt] 0 10}
2024/03/05 06:35:58 making map order &{0 [../pg-dorian_gray.txt] 1 10}
2024/03/05 06:35:58 making map order &{0 [../pg-frankenstein.txt] 2 10}
2024/03/05 06:35:58 making map order &{0 [../pg-grimm.txt] 3 10}
2024/03/05 06:35:58 making map order &{0 [../pg-huckleberry_finn.txt] 4 10}
2024/03/05 06:35:58 making map order &{0 [../pg-metamorphosis.txt] 5 10}
2024/03/05 06:35:58 making map order &{0 [../pg-sherlock_holmes.txt] 6 10}
2024/03/05 06:35:58 making map order &{0 [../pg-tom_sawyer.txt] 7 10}
2024/03/05 06:35:58 done with make map order
2024/03/05 06:35:58 Map: 0 done vs. 8 working, Reduce 0 done vs. 0 working
2024/03/05 06:35:59 Coordinator work
2024/03/05 06:35:59 Coordinator status 0
2024/03/05 06:35:59 IsDone &{0 2024-03-05 06:35:59.66347761 +0800 CST m=+1.018643425 0xc00008a270} true
2024/03/05 06:35:59 Order 0 finish Map
2024/03/05 06:35:59 Coordinator work
2024/03/05 06:35:59 Coordinator status 0
2024/03/05 06:35:59 Coordinator work
2024/03/05 06:35:59 Coordinator status 0
2024/03/05 06:35:59 IsDone &{0 2024-03-05 06:35:59.691946987 +0800 CST m=+1.047112798 0xc00008a390} true
2024/03/05 06:35:59 Order 2 finish Map
2024/03/05 06:35:59 IsDone &{0 2024-03-05 06:35:59.690608735 +0800 CST m=+1.045774544 0xc00008a300} true
2024/03/05 06:35:59 Order 1 finish Map
2024/03/05 06:36:00 Coordinator work
2024/03/05 06:36:00 Coordinator status 0
2024/03/05 06:36:00 IsDone &{0 2024-03-05 06:36:00.674967745 +0800 CST m=+2.030133557 0xc00008a420} true
2024/03/05 06:36:00 Order 3 finish Map
2024/03/05 06:36:00 Coordinator work
2024/03/05 06:36:00 Coordinator status 0
2024/03/05 06:36:00 Coordinator work
2024/03/05 06:36:00 Coordinator status 0
2024/03/05 06:36:00 IsDone &{0 2024-03-05 06:36:00.714591718 +0800 CST m=+2.069757531 0xc00008a540} true
2024/03/05 06:36:00 Order 5 finish Map
2024/03/05 06:36:00 IsDone &{0 2024-03-05 06:36:00.709687665 +0800 CST m=+2.064853478 0xc00008a4b0} true
2024/03/05 06:36:00 Order 4 finish Map
2024/03/05 06:36:01 Coordinator work
2024/03/05 06:36:01 Coordinator status 0
2024/03/05 06:36:01 IsDone &{0 2024-03-05 06:36:01.696106903 +0800 CST m=+3.051272715 0xc00008a5d0} true
2024/03/05 06:36:01 Order 6 finish Map
2024/03/05 06:36:01 Coordinator work
2024/03/05 06:36:01 Coordinator status 0
2024/03/05 06:36:01 Coordinator work
2024/03/05 06:36:01 Coordinator status 0
2024/03/05 06:36:01 Map: 7 done vs. 1 working, Reduce 0 done vs. 0 working
2024/03/05 06:36:01 IsDone &{0 2024-03-05 06:36:01.723061821 +0800 CST m=+3.078227633 0xc00008a660} true
2024/03/05 06:36:01 Order 7 finish Map
2024/03/05 06:36:02 Coordinator work
2024/03/05 06:36:02 Coordinator status 0
2024/03/05 06:36:02 Map: 8 done vs. 0 working, Reduce 0 done vs. 0 working
2024/03/05 06:36:02 forward: forward to Reuce Phase
2024/03/05 06:36:02 making reduce order : 8
2024/03/05 06:36:02 making reduce order : 9
2024/03/05 06:36:02 making reduce order : 10
2024/03/05 06:36:02 making reduce order : 11
2024/03/05 06:36:02 making reduce order : 12
2024/03/05 06:36:02 making reduce order : 13
2024/03/05 06:36:02 making reduce order : 14
2024/03/05 06:36:02 making reduce order : 15
2024/03/05 06:36:02 making reduce order : 16
2024/03/05 06:36:02 making reduce order : 17
2024/03/05 06:36:02 done with make reduce order
2024/03/05 06:36:02 Map: 8 done vs. 0 working, Reduce 0 done vs. 10 working
2024/03/05 06:36:02 Coordinator work
2024/03/05 06:36:02 Coordinator status 1
2024/03/05 06:36:02 Order 8 finish Reduce
2024/03/05 06:36:03 Coordinator work
2024/03/05 06:36:03 Coordinator status 1
2024/03/05 06:36:03 Order 9 finish Reduce
2024/03/05 06:36:03 Coordinator work
2024/03/05 06:36:03 Coordinator status 1
2024/03/05 06:36:04 Coordinator work
2024/03/05 06:36:04 Coordinator status 1
2024/03/05 06:36:04 Order 11 finish Reduce
2024/03/05 06:36:04 Coordinator work
2024/03/05 06:36:04 Coordinator status 1
2024/03/05 06:36:04 Order 12 finish Reduce
2024/03/05 06:36:05 Coordinator work
2024/03/05 06:36:05 Coordinator status 1
2024/03/05 06:36:05 Order 13 finish Reduce
2024/03/05 06:36:05 Coordinator work
2024/03/05 06:36:05 Coordinator status 1
2024/03/05 06:36:06 Coordinator work
2024/03/05 06:36:06 Coordinator status 1
2024/03/05 06:36:06 Order 15 finish Reduce
2024/03/05 06:36:06 Order 10 finish Reduce
2024/03/05 06:36:07 Coordinator work
2024/03/05 06:36:07 Coordinator status 1
2024/03/05 06:36:07 Order 16 finish Reduce
2024/03/05 06:36:07 Coordinator work
2024/03/05 06:36:07 Coordinator status 1
2024/03/05 06:36:07 Order 17 finish Reduce
2024/03/05 06:36:08 Coordinator work
2024/03/05 06:36:08 Coordinator status 1
2024/03/05 06:36:08 Map: 8 done vs. 0 working, Reduce 9 done vs. 1 working
2024/03/05 06:36:08 Order 14 finish Reduce
2024/03/05 06:36:08 Coordinator work
2024/03/05 06:36:08 Coordinator status 1
2024/03/05 06:36:08 Map: 8 done vs. 0 working, Reduce 10 done vs. 0 working
2024/03/05 06:36:08 forward: forward to done phase
2024/03/05 06:36:09 Coordinator work
2024/03/05 06:36:09 Coordinator status 2
