2024/03/05 09:41:52 making map order &{0 [../pg-being_ernest.txt] 0 10}
2024/03/05 09:41:52 making map order &{0 [../pg-dorian_gray.txt] 1 10}
2024/03/05 09:41:52 making map order &{0 [../pg-frankenstein.txt] 2 10}
2024/03/05 09:41:52 making map order &{0 [../pg-grimm.txt] 3 10}
2024/03/05 09:41:52 making map order &{0 [../pg-huckleberry_finn.txt] 4 10}
2024/03/05 09:41:52 making map order &{0 [../pg-metamorphosis.txt] 5 10}
2024/03/05 09:41:52 making map order &{0 [../pg-sherlock_holmes.txt] 6 10}
2024/03/05 09:41:52 making map order &{0 [../pg-tom_sawyer.txt] 7 10}
2024/03/05 09:41:52 done with make map order
2024/03/05 09:41:52 Map: 0 done vs. 8 working, Reduce 0 done vs. 0 working
2024/03/05 09:41:53 Coordinator work
2024/03/05 09:41:53 Coordinator status 0
2024/03/05 09:41:53 Coordinator work
2024/03/05 09:41:53 Coordinator status 0
2024/03/05 09:41:53 Coordinator work
2024/03/05 09:41:53 Coordinator status 0
2024/03/05 09:41:53 Coordinator work
2024/03/05 09:41:53 Coordinator status 0
2024/03/05 09:41:53 IsDone &{0 2024-03-05 09:41:53.765578662 +0800 CST m=+1.050183967 0xc00011c1e0} true
2024/03/05 09:41:53 Order 3 finish Map
2024/03/05 09:41:54 Coordinator work
2024/03/05 09:41:54 Coordinator status 0
2024/03/05 09:41:54 IsDone &{0 2024-03-05 09:41:54.786311525 +0800 CST m=+2.070916828 0xc00011c270} true
2024/03/05 09:41:54 Order 4 finish Map
2024/03/05 09:41:55 Coordinator work
2024/03/05 09:41:55 Coordinator status 0
2024/03/05 09:41:55 IsDone &{0 2024-03-05 09:41:55.806746784 +0800 CST m=+3.091352093 0xc00011c300} true
2024/03/05 09:41:55 Order 5 finish Map
2024/03/05 09:41:55 IsDone &{0 2024-03-05 09:41:53.745105993 +0800 CST m=+1.029711294 0xc00011c030} true
2024/03/05 09:41:55 Order 0 finish Map
2024/03/05 09:41:56 Coordinator work
2024/03/05 09:41:56 Coordinator status 0
2024/03/05 09:41:56 Coordinator work
2024/03/05 09:41:56 Coordinator status 0
2024/03/05 09:41:56 IsDone &{0 2024-03-05 09:41:56.852958281 +0800 CST m=+4.137563590 0xc00011c420} true
2024/03/05 09:41:56 Order 7 finish Map
2024/03/05 09:41:57 IsDone &{0 2024-03-05 09:41:53.756030583 +0800 CST m=+1.040635885 0xc00011c150} true
2024/03/05 09:41:57 Order 2 finish Map
2024/03/05 09:41:57 Coordinator work
2024/03/05 09:41:57 Coordinator status 0
2024/03/05 09:41:57 Map: 6 done vs. 2 working, Reduce 0 done vs. 0 working
2024/03/05 09:41:58 Coordinator work
2024/03/05 09:41:58 Coordinator status 0
2024/03/05 09:41:58 Map: 6 done vs. 2 working, Reduce 0 done vs. 0 working
2024/03/05 09:41:58 IsDone &{0 2024-03-05 09:41:56.815051783 +0800 CST m=+4.099657090 0xc00011c390} true
2024/03/05 09:41:58 Order 6 finish Map
2024/03/05 09:41:59 Coordinator work
2024/03/05 09:41:59 Coordinator status 0
2024/03/05 09:41:59 Map: 7 done vs. 1 working, Reduce 0 done vs. 0 working
2024/03/05 09:41:59 Coordinator work
2024/03/05 09:41:59 Coordinator status 0
2024/03/05 09:41:59 Map: 7 done vs. 1 working, Reduce 0 done vs. 0 working
2024/03/05 09:42:00 Coordinator work
2024/03/05 09:42:00 Coordinator status 0
2024/03/05 09:42:00 Map: 7 done vs. 1 working, Reduce 0 done vs. 0 working
2024/03/05 09:42:01 Coordinator work
2024/03/05 09:42:01 Coordinator status 0
2024/03/05 09:42:01 Map: 7 done vs. 1 working, Reduce 0 done vs. 0 working
2024/03/05 09:42:01 Coordinator work
2024/03/05 09:42:01 Coordinator status 0
2024/03/05 09:42:01 Map: 7 done vs. 1 working, Reduce 0 done vs. 0 working
2024/03/05 09:42:02 Coordinator work
2024/03/05 09:42:02 Coordinator status 0
2024/03/05 09:42:02 Map: 7 done vs. 1 working, Reduce 0 done vs. 0 working
2024/03/05 09:42:03 Coordinator work
2024/03/05 09:42:03 Coordinator status 0
2024/03/05 09:42:03 Map: 7 done vs. 1 working, Reduce 0 done vs. 0 working
2024/03/05 09:42:03 Coordinator work
2024/03/05 09:42:03 Coordinator status 0
2024/03/05 09:42:03 Map: 7 done vs. 1 working, Reduce 0 done vs. 0 working
2024/03/05 09:42:04 Coordinator work
2024/03/05 09:42:04 Coordinator status 0
2024/03/05 09:42:04 Map: 7 done vs. 1 working, Reduce 0 done vs. 0 working
2024/03/05 09:42:04 Coordiantor restart Map order 1
2024/03/05 09:42:05 Coordinator work
2024/03/05 09:42:05 Coordinator status 0
2024/03/05 09:42:05 Coordinator work
2024/03/05 09:42:05 Coordinator status 0
2024/03/05 09:42:05 Map: 7 done vs. 1 working, Reduce 0 done vs. 0 working
2024/03/05 09:42:06 Coordinator work
2024/03/05 09:42:06 Coordinator status 0
2024/03/05 09:42:06 Map: 7 done vs. 1 working, Reduce 0 done vs. 0 working
2024/03/05 09:42:07 Coordinator work
2024/03/05 09:42:07 Coordinator status 0
2024/03/05 09:42:07 Map: 7 done vs. 1 working, Reduce 0 done vs. 0 working
2024/03/05 09:42:08 Coordinator work
2024/03/05 09:42:08 Coordinator status 0
2024/03/05 09:42:08 Map: 7 done vs. 1 working, Reduce 0 done vs. 0 working
2024/03/05 09:42:09 Coordinator work
2024/03/05 09:42:09 Coordinator status 0
2024/03/05 09:42:09 Map: 7 done vs. 1 working, Reduce 0 done vs. 0 working
2024/03/05 09:42:10 Coordinator work
2024/03/05 09:42:10 Coordinator status 0
2024/03/05 09:42:10 Map: 7 done vs. 1 working, Reduce 0 done vs. 0 working
2024/03/05 09:42:11 IsDone &{0 2024-03-05 09:42:05.649047225 +0800 CST m=+12.933652531 0xc00011c0c0} true
2024/03/05 09:42:11 Order 1 finish Map
2024/03/05 09:42:11 Coordinator work
2024/03/05 09:42:11 Coordinator status 0
2024/03/05 09:42:11 Map: 8 done vs. 0 working, Reduce 0 done vs. 0 working
2024/03/05 09:42:11 forward: forward to Reuce Phase
2024/03/05 09:42:11 making reduce order : 8
2024/03/05 09:42:11 making reduce order : 9
2024/03/05 09:42:11 making reduce order : 10
2024/03/05 09:42:11 making reduce order : 11
2024/03/05 09:42:11 making reduce order : 12
2024/03/05 09:42:11 making reduce order : 13
2024/03/05 09:42:11 making reduce order : 14
2024/03/05 09:42:11 making reduce order : 15
2024/03/05 09:42:11 making reduce order : 16
2024/03/05 09:42:11 making reduce order : 17
2024/03/05 09:42:11 done with make reduce order
2024/03/05 09:42:11 Map: 8 done vs. 0 working, Reduce 0 done vs. 10 working
2024/03/05 09:42:12 Coordinator work
2024/03/05 09:42:12 Coordinator status 1
2024/03/05 09:42:12 Order 8 finish Reduce
2024/03/05 09:42:12 Coordinator work
2024/03/05 09:42:12 Coordinator status 1
2024/03/05 09:42:12 Order 9 finish Reduce
2024/03/05 09:42:13 Coordinator work
2024/03/05 09:42:13 Coordinator status 1
2024/03/05 09:42:13 Order 10 finish Reduce
2024/03/05 09:42:13 Coordinator work
2024/03/05 09:42:13 Coordinator status 1
2024/03/05 09:42:13 Order 11 finish Reduce
2024/03/05 09:42:13 Coordinator work
2024/03/05 09:42:13 Coordinator status 1
2024/03/05 09:42:13 Order 12 finish Reduce
2024/03/05 09:42:14 Coordinator work
2024/03/05 09:42:14 Coordinator status 1
2024/03/05 09:42:14 Coordinator work
2024/03/05 09:42:14 Coordinator status 1
2024/03/05 09:42:14 Order 14 finish Reduce
2024/03/05 09:42:14 Coordinator work
2024/03/05 09:42:14 Coordinator status 1
2024/03/05 09:42:14 Order 15 finish Reduce
2024/03/05 09:42:15 Coordinator work
2024/03/05 09:42:15 Coordinator status 1
2024/03/05 09:42:15 Order 16 finish Reduce
2024/03/05 09:42:15 Coordinator work
2024/03/05 09:42:15 Coordinator status 1
2024/03/05 09:42:16 Coordinator work
2024/03/05 09:42:16 Coordinator status 1
2024/03/05 09:42:16 Map: 8 done vs. 0 working, Reduce 8 done vs. 2 working
2024/03/05 09:42:16 Order 13 finish Reduce
2024/03/05 09:42:16 Order 17 finish Reduce
2024/03/05 09:42:17 Coordinator work
2024/03/05 09:42:17 Coordinator status 1
2024/03/05 09:42:17 Map: 8 done vs. 0 working, Reduce 10 done vs. 0 working
2024/03/05 09:42:17 forward: forward to done phase
2024/03/05 09:42:17 Coordinator work
2024/03/05 09:42:17 Coordinator status 2
2024/03/05 09:42:18 Coordinator work
2024/03/05 09:42:18 Coordinator status 2
