2024/03/05 06:39:41 making map order &{0 [../pg-being_ernest.txt] 0 10}
2024/03/05 06:39:41 making map order &{0 [../pg-dorian_gray.txt] 1 10}
2024/03/05 06:39:41 making map order &{0 [../pg-frankenstein.txt] 2 10}
2024/03/05 06:39:41 making map order &{0 [../pg-grimm.txt] 3 10}
2024/03/05 06:39:41 making map order &{0 [../pg-huckleberry_finn.txt] 4 10}
2024/03/05 06:39:41 making map order &{0 [../pg-metamorphosis.txt] 5 10}
2024/03/05 06:39:41 making map order &{0 [../pg-sherlock_holmes.txt] 6 10}
2024/03/05 06:39:41 making map order &{0 [../pg-tom_sawyer.txt] 7 10}
2024/03/05 06:39:41 done with make map order
2024/03/05 06:39:41 Map: 0 done vs. 8 working, Reduce 0 done vs. 0 working
2024/03/05 06:39:42 Coordinator work
2024/03/05 06:39:42 Coordinator status 0
2024/03/05 06:39:42 Coordinator work
2024/03/05 06:39:42 Coordinator status 0
2024/03/05 06:39:42 Coordinator work
2024/03/05 06:39:42 Coordinator status 0
2024/03/05 06:39:43 IsDone &{0 2024-03-05 06:39:42.583247086 +0800 CST m=+1.017362565 0xc00008a510} true
2024/03/05 06:39:43 Order 0 finish Map
2024/03/05 06:39:44 IsDone &{0 2024-03-05 06:39:42.604131088 +0800 CST m=+1.038246570 0xc00008a630} true
2024/03/05 06:39:44 Order 2 finish Map
2024/03/05 06:39:44 Coordinator work
2024/03/05 06:39:44 Coordinator status 0
2024/03/05 06:39:44 IsDone &{0 2024-03-05 06:39:42.592702086 +0800 CST m=+1.026817568 0xc00008a5a0} true
2024/03/05 06:39:44 Order 1 finish Map
2024/03/05 06:39:45 Coordinator work
2024/03/05 06:39:45 Coordinator status 0
2024/03/05 06:39:45 Coordinator work
2024/03/05 06:39:45 Coordinator status 0
2024/03/05 06:39:46 IsDone &{0 2024-03-05 06:39:44.321622169 +0800 CST m=+2.755737648 0xc00008a6c0} true
2024/03/05 06:39:46 Order 3 finish Map
2024/03/05 06:39:46 IsDone &{0 2024-03-05 06:39:45.388521604 +0800 CST m=+3.822637086 0xc00008a7e0} true
2024/03/05 06:39:46 Order 5 finish Map
2024/03/05 06:39:47 Coordinator work
2024/03/05 06:39:47 Coordinator status 0
2024/03/05 06:39:47 Coordinator work
2024/03/05 06:39:47 Coordinator status 0
2024/03/05 06:39:47 IsDone &{0 2024-03-05 06:39:45.214230366 +0800 CST m=+3.648345859 0xc00008a750} true
2024/03/05 06:39:47 Order 4 finish Map
2024/03/05 06:39:48 Coordinator work
2024/03/05 06:39:48 Coordinator status 0
2024/03/05 06:39:48 Map: 6 done vs. 2 working, Reduce 0 done vs. 0 working
2024/03/05 06:39:49 IsDone &{0 2024-03-05 06:39:47.055282167 +0800 CST m=+5.489397652 0xc00008a900} true
2024/03/05 06:39:49 Order 7 finish Map
2024/03/05 06:39:49 IsDone &{0 2024-03-05 06:39:47.042069631 +0800 CST m=+5.476185106 0xc00008a870} true
2024/03/05 06:39:49 Order 6 finish Map
2024/03/05 06:39:50 Coordinator work
2024/03/05 06:39:50 Coordinator status 0
2024/03/05 06:39:50 Map: 8 done vs. 0 working, Reduce 0 done vs. 0 working
2024/03/05 06:39:50 forward: forward to Reuce Phase
2024/03/05 06:39:50 making reduce order : 8
2024/03/05 06:39:50 making reduce order : 9
2024/03/05 06:39:50 making reduce order : 10
2024/03/05 06:39:50 making reduce order : 11
2024/03/05 06:39:50 making reduce order : 12
2024/03/05 06:39:50 making reduce order : 13
2024/03/05 06:39:50 making reduce order : 14
2024/03/05 06:39:50 making reduce order : 15
2024/03/05 06:39:50 making reduce order : 16
2024/03/05 06:39:50 making reduce order : 17
2024/03/05 06:39:50 done with make reduce order
2024/03/05 06:39:50 Map: 8 done vs. 0 working, Reduce 0 done vs. 10 working
2024/03/05 06:39:50 Coordinator work
2024/03/05 06:39:50 Coordinator status 1
2024/03/05 06:39:50 Coordinator work
2024/03/05 06:39:50 Coordinator status 1
2024/03/05 06:39:50 Order 8 finish Reduce
2024/03/05 06:39:51 Order 9 finish Reduce
2024/03/05 06:39:51 Coordinator work
2024/03/05 06:39:51 Coordinator status 1
2024/03/05 06:39:52 Coordinator work
2024/03/05 06:39:52 Coordinator status 1
2024/03/05 06:39:52 Coordinator work
2024/03/05 06:39:52 Coordinator status 1
2024/03/05 06:39:53 Order 11 finish Reduce
2024/03/05 06:39:53 Order 12 finish Reduce
2024/03/05 06:39:53 Order 10 finish Reduce
2024/03/05 06:39:54 Coordinator work
2024/03/05 06:39:54 Coordinator status 1
2024/03/05 06:39:54 Coordinator work
2024/03/05 06:39:54 Coordinator status 1
2024/03/05 06:39:54 Coordinator work
2024/03/05 06:39:54 Coordinator status 1
2024/03/05 06:39:54 Order 13 finish Reduce
2024/03/05 06:39:55 Order 15 finish Reduce
2024/03/05 06:39:55 Coordinator work
2024/03/05 06:39:55 Coordinator status 1
2024/03/05 06:39:56 Order 14 finish Reduce
2024/03/05 06:39:56 Coordinator work
2024/03/05 06:39:56 Coordinator status 1
2024/03/05 06:39:56 Order 16 finish Reduce
2024/03/05 06:39:57 Coordinator work
2024/03/05 06:39:57 Coordinator status 1
2024/03/05 06:39:57 Map: 8 done vs. 0 working, Reduce 9 done vs. 1 working
2024/03/05 06:39:57 Order 17 finish Reduce
2024/03/05 06:39:57 Coordinator work
2024/03/05 06:39:57 Coordinator status 1
2024/03/05 06:39:57 Map: 8 done vs. 0 working, Reduce 10 done vs. 0 working
2024/03/05 06:39:57 forward: forward to done phase
2024/03/05 06:39:58 Coordinator work
2024/03/05 06:39:58 Coordinator status 2
2024/03/05 06:39:59 Coordinator work
2024/03/05 06:39:59 Coordinator status 2
