2024/03/04 23:35:48 making map order &{0 [../pg-being_ernest.txt] 0 10}
2024/03/04 23:35:48 making map order &{0 [../pg-dorian_gray.txt] 1 10}
2024/03/04 23:35:48 making map order &{0 [../pg-frankenstein.txt] 2 10}
2024/03/04 23:35:48 making map order &{0 [../pg-grimm.txt] 3 10}
2024/03/04 23:35:48 making map order &{0 [../pg-huckleberry_finn.txt] 4 10}
2024/03/04 23:35:48 making map order &{0 [../pg-metamorphosis.txt] 5 10}
2024/03/04 23:35:48 making map order &{0 [../pg-sherlock_holmes.txt] 6 10}
2024/03/04 23:35:48 making map order &{0 [../pg-tom_sawyer.txt] 7 10}
2024/03/04 23:35:48 done with make map order
2024/03/04 23:35:48 Map: 0 done vs. 8 working, Reduce 0 done vs. 0 working
2024/03/04 23:35:49 Coordinator work
2024/03/04 23:35:49 Coordinator status 0
2024/03/04 23:35:49 Coordinator work
2024/03/04 23:35:49 Coordinator status 0
2024/03/04 23:35:49 Coordinator work
2024/03/04 23:35:49 Coordinator status 0
2024/03/04 23:35:49 IsDone &{0 2024-03-04 23:35:49.207864499 +0800 CST m=+1.029663967 0xc00007bd40} true
2024/03/04 23:35:49 Order 0 finish Map
2024/03/04 23:35:49 IsDone &{0 2024-03-04 23:35:49.211274302 +0800 CST m=+1.033073774 0xc00007bdd0} true
2024/03/04 23:35:49 Order 1 finish Map
2024/03/04 23:35:49 IsDone &{0 2024-03-04 23:35:49.217683119 +0800 CST m=+1.039482599 0xc00007be60} true
2024/03/04 23:35:49 Order 2 finish Map
2024/03/04 23:35:50 Coordinator work
2024/03/04 23:35:50 Coordinator status 0
2024/03/04 23:35:50 Coordinator work
2024/03/04 23:35:50 Coordinator status 0
2024/03/04 23:35:50 Coordinator work
2024/03/04 23:35:50 Coordinator status 0
2024/03/04 23:35:50 IsDone &{0 2024-03-04 23:35:50.222077703 +0800 CST m=+2.043877175 0xc00007bef0} true
2024/03/04 23:35:50 Order 3 finish Map
2024/03/04 23:35:50 IsDone &{0 2024-03-04 23:35:50.238412286 +0800 CST m=+2.060211759 0xc00016c030} true
2024/03/04 23:35:50 Order 5 finish Map
2024/03/04 23:35:50 IsDone &{0 2024-03-04 23:35:50.235167931 +0800 CST m=+2.056967401 0xc00007bf80} true
2024/03/04 23:35:50 Order 4 finish Map
2024/03/04 23:35:51 Coordinator work
2024/03/04 23:35:51 Coordinator status 0
2024/03/04 23:35:51 Coordinator work
2024/03/04 23:35:51 Coordinator status 0
2024/03/04 23:35:51 Coordinator work
2024/03/04 23:35:51 Coordinator status 0
2024/03/04 23:35:51 Map: 6 done vs. 2 working, Reduce 0 done vs. 0 working
2024/03/04 23:35:51 IsDone &{0 2024-03-04 23:35:51.257459741 +0800 CST m=+3.079259214 0xc00016c150} true
2024/03/04 23:35:51 Order 7 finish Map
2024/03/04 23:35:51 IsDone &{0 2024-03-04 23:35:51.249204777 +0800 CST m=+3.071004250 0xc00016c0c0} true
2024/03/04 23:35:51 Order 6 finish Map
2024/03/04 23:35:52 Coordinator work
2024/03/04 23:35:52 Coordinator status 0
2024/03/04 23:35:52 Map: 8 done vs. 0 working, Reduce 0 done vs. 0 working
2024/03/04 23:35:52 forward: forward to Reuce Phase
2024/03/04 23:35:52 making reduce order : 8
2024/03/04 23:35:52 making reduce order : 9
2024/03/04 23:35:52 making reduce order : 10
2024/03/04 23:35:52 making reduce order : 11
2024/03/04 23:35:52 making reduce order : 12
2024/03/04 23:35:52 Coordinator work
2024/03/04 23:35:52 making reduce order : 13
2024/03/04 23:35:52 making reduce order : 14
2024/03/04 23:35:52 making reduce order : 15
2024/03/04 23:35:52 making reduce order : 16
2024/03/04 23:35:52 making reduce order : 17
2024/03/04 23:35:52 done with make reduce order
2024/03/04 23:35:52 Map: 8 done vs. 0 working, Reduce 0 done vs. 10 working
2024/03/04 23:35:52 Coordinator status 1
2024/03/04 23:35:52 Order 8 finish Reduce
2024/03/04 23:35:53 Coordinator work
2024/03/04 23:35:53 Coordinator status 1
2024/03/04 23:35:53 Order 9 finish Reduce
2024/03/04 23:35:53 Coordinator work
2024/03/04 23:35:53 Coordinator status 1
2024/03/04 23:35:54 Coordinator work
2024/03/04 23:35:54 Coordinator status 1
2024/03/04 23:35:54 Order 11 finish Reduce
2024/03/04 23:35:54 Coordinator work
2024/03/04 23:35:54 Coordinator status 1
2024/03/04 23:35:54 Order 12 finish Reduce
2024/03/04 23:35:55 Coordinator work
2024/03/04 23:35:55 Coordinator status 1
2024/03/04 23:35:55 Order 13 finish Reduce
2024/03/04 23:35:55 Coordinator work
2024/03/04 23:35:55 Coordinator status 1
2024/03/04 23:35:56 Coordinator work
2024/03/04 23:35:56 Coordinator status 1
2024/03/04 23:35:56 Order 15 finish Reduce
2024/03/04 23:35:56 Order 10 finish Reduce
2024/03/04 23:35:57 Coordinator work
2024/03/04 23:35:57 Coordinator status 1
2024/03/04 23:35:57 Order 16 finish Reduce
2024/03/04 23:35:57 Coordinator work
2024/03/04 23:35:57 Coordinator status 1
2024/03/04 23:35:57 Order 17 finish Reduce
2024/03/04 23:35:58 Coordinator work
2024/03/04 23:35:58 Coordinator status 1
2024/03/04 23:35:58 Map: 8 done vs. 0 working, Reduce 9 done vs. 1 working
2024/03/04 23:35:58 Order 14 finish Reduce
2024/03/04 23:35:58 Coordinator work
2024/03/04 23:35:58 Coordinator status 1
2024/03/04 23:35:58 Map: 8 done vs. 0 working, Reduce 10 done vs. 0 working
2024/03/04 23:35:58 forward: forward to done phase
2024/03/04 23:35:59 Coordinator work
2024/03/04 23:35:59 Coordinator status 2
