2024/03/05 11:12:13 making map order &{0 [../pg-being_ernest.txt] 0 10}
2024/03/05 11:12:13 making map order &{0 [../pg-dorian_gray.txt] 1 10}
2024/03/05 11:12:13 making map order &{0 [../pg-frankenstein.txt] 2 10}
2024/03/05 11:12:13 making map order &{0 [../pg-grimm.txt] 3 10}
2024/03/05 11:12:13 making map order &{0 [../pg-huckleberry_finn.txt] 4 10}
2024/03/05 11:12:13 making map order &{0 [../pg-metamorphosis.txt] 5 10}
2024/03/05 11:12:13 making map order &{0 [../pg-sherlock_holmes.txt] 6 10}
2024/03/05 11:12:13 making map order &{0 [../pg-tom_sawyer.txt] 7 10}
2024/03/05 11:12:13 done with make map order
2024/03/05 11:12:13 Map: 0 done vs. 8 working, Reduce 0 done vs. 0 working
2024/03/05 11:12:14 Coordinator work
2024/03/05 11:12:14 Coordinator status 0
2024/03/05 11:12:14 IsDone &{0 2024-03-05 11:12:14.897540396 +0800 CST m=+1.021983123 0xc0000903c0} true
2024/03/05 11:12:14 Order 0 finish Map
2024/03/05 11:12:14 Coordinator work
2024/03/05 11:12:14 Coordinator status 0
2024/03/05 11:12:14 Coordinator work
2024/03/05 11:12:14 Coordinator status 0
2024/03/05 11:12:14 IsDone &{0 2024-03-05 11:12:14.919643381 +0800 CST m=+1.044086110 0xc0000904e0} true
2024/03/05 11:12:14 Order 2 finish Map
2024/03/05 11:12:14 IsDone &{0 2024-03-05 11:12:14.911341761 +0800 CST m=+1.035784488 0xc000090450} true
2024/03/05 11:12:14 Order 1 finish Map
2024/03/05 11:12:15 Coordinator work
2024/03/05 11:12:15 Coordinator status 0
2024/03/05 11:12:15 IsDone &{0 2024-03-05 11:12:15.907298431 +0800 CST m=+2.031741157 0xc000090570} true
2024/03/05 11:12:15 Order 3 finish Map
2024/03/05 11:12:15 Coordinator work
2024/03/05 11:12:15 Coordinator status 0
2024/03/05 11:12:15 Coordinator work
2024/03/05 11:12:15 Coordinator status 0
2024/03/05 11:12:15 IsDone &{0 2024-03-05 11:12:15.942516695 +0800 CST m=+2.066959425 0xc000090690} true
2024/03/05 11:12:15 Order 5 finish Map
2024/03/05 11:12:15 IsDone &{0 2024-03-05 11:12:15.935874147 +0800 CST m=+2.060316876 0xc000090600} true
2024/03/05 11:12:15 Order 4 finish Map
2024/03/05 11:12:16 Coordinator work
2024/03/05 11:12:16 Coordinator status 0
2024/03/05 11:12:16 IsDone &{0 2024-03-05 11:12:16.926179201 +0800 CST m=+3.050621930 0xc000090720} true
2024/03/05 11:12:16 Order 6 finish Map
2024/03/05 11:12:16 Coordinator work
2024/03/05 11:12:16 Coordinator status 0
2024/03/05 11:12:16 IsDone &{0 2024-03-05 11:12:16.955330771 +0800 CST m=+3.079773498 0xc0000907b0} true
2024/03/05 11:12:16 Order 7 finish Map
2024/03/05 11:12:16 Coordinator work
2024/03/05 11:12:16 Coordinator status 0
2024/03/05 11:12:16 Map: 8 done vs. 0 working, Reduce 0 done vs. 0 working
2024/03/05 11:12:16 forward: forward to Reuce Phase
2024/03/05 11:12:16 making reduce order : 8
2024/03/05 11:12:16 making reduce order : 9
2024/03/05 11:12:16 making reduce order : 10
2024/03/05 11:12:16 making reduce order : 11
2024/03/05 11:12:16 making reduce order : 12
2024/03/05 11:12:16 making reduce order : 13
2024/03/05 11:12:16 making reduce order : 14
2024/03/05 11:12:16 making reduce order : 15
2024/03/05 11:12:16 making reduce order : 16
2024/03/05 11:12:16 making reduce order : 17
2024/03/05 11:12:16 done with make reduce order
2024/03/05 11:12:16 Map: 8 done vs. 0 working, Reduce 0 done vs. 10 working
2024/03/05 11:12:17 Coordinator work
2024/03/05 11:12:17 Coordinator status 1
2024/03/05 11:12:17 Order 8 finish Reduce
2024/03/05 11:12:17 Coordinator work
2024/03/05 11:12:17 Coordinator status 1
2024/03/05 11:12:17 Order 9 finish Reduce
2024/03/05 11:12:18 Coordinator work
2024/03/05 11:12:18 Coordinator status 1
2024/03/05 11:12:18 Coordinator work
2024/03/05 11:12:18 Coordinator status 1
2024/03/05 11:12:18 Order 11 finish Reduce
2024/03/05 11:12:18 Coordinator work
2024/03/05 11:12:18 Coordinator status 1
2024/03/05 11:12:18 Order 12 finish Reduce
2024/03/05 11:12:19 Coordinator work
2024/03/05 11:12:19 Coordinator status 1
2024/03/05 11:12:19 Order 13 finish Reduce
2024/03/05 11:12:19 Coordinator work
2024/03/05 11:12:19 Coordinator status 1
2024/03/05 11:12:20 Coordinator work
2024/03/05 11:12:20 Coordinator status 1
2024/03/05 11:12:20 Order 15 finish Reduce
2024/03/05 11:12:21 Order 10 finish Reduce
2024/03/05 11:12:21 Coordinator work
2024/03/05 11:12:21 Coordinator status 1
2024/03/05 11:12:21 Order 16 finish Reduce
2024/03/05 11:12:22 Coordinator work
2024/03/05 11:12:22 Coordinator status 1
2024/03/05 11:12:22 Order 17 finish Reduce
2024/03/05 11:12:22 Coordinator work
2024/03/05 11:12:22 Coordinator status 1
2024/03/05 11:12:22 Map: 8 done vs. 0 working, Reduce 9 done vs. 1 working
2024/03/05 11:12:22 Order 14 finish Reduce
2024/03/05 11:12:23 Coordinator work
2024/03/05 11:12:23 Coordinator status 1
2024/03/05 11:12:23 Map: 8 done vs. 0 working, Reduce 10 done vs. 0 working
2024/03/05 11:12:23 forward: forward to done phase
2024/03/05 11:12:23 Coordinator work
2024/03/05 11:12:23 Coordinator status 2
2024/03/05 11:12:24 Coordinator work
2024/03/05 11:12:24 Coordinator status 2
