2024/03/05 06:51:59 making map order &{0 [../pg-being_ernest.txt] 0 10}
2024/03/05 06:51:59 making map order &{0 [../pg-dorian_gray.txt] 1 10}
2024/03/05 06:51:59 making map order &{0 [../pg-frankenstein.txt] 2 10}
2024/03/05 06:51:59 making map order &{0 [../pg-grimm.txt] 3 10}
2024/03/05 06:51:59 making map order &{0 [../pg-huckleberry_finn.txt] 4 10}
2024/03/05 06:51:59 making map order &{0 [../pg-metamorphosis.txt] 5 10}
2024/03/05 06:51:59 making map order &{0 [../pg-sherlock_holmes.txt] 6 10}
2024/03/05 06:51:59 making map order &{0 [../pg-tom_sawyer.txt] 7 10}
2024/03/05 06:51:59 done with make map order
2024/03/05 06:51:59 Map: 0 done vs. 8 working, Reduce 0 done vs. 0 working
2024/03/05 06:52:00 Coordinator work
2024/03/05 06:52:00 Coordinator status 0
2024/03/05 06:52:00 IsDone &{0 2024-03-05 06:52:00.775534099 +0800 CST m=+1.016696820 0xc00009dda0} true
2024/03/05 06:52:00 Order 0 finish Map
2024/03/05 06:52:00 Coordinator work
2024/03/05 06:52:00 Coordinator status 0
2024/03/05 06:52:00 IsDone &{0 2024-03-05 06:52:00.787011931 +0800 CST m=+1.028174650 0xc00009de30} true
2024/03/05 06:52:00 Order 1 finish Map
2024/03/05 06:52:01 Coordinator work
2024/03/05 06:52:01 Coordinator status 0
2024/03/05 06:52:01 IsDone &{0 2024-03-05 06:52:01.787870448 +0800 CST m=+2.029033165 0xc00009dec0} true
2024/03/05 06:52:01 Order 2 finish Map
2024/03/05 06:52:01 Coordinator work
2024/03/05 06:52:01 Coordinator status 0
2024/03/05 06:52:01 IsDone &{0 2024-03-05 06:52:01.811706758 +0800 CST m=+2.052869478 0xc00009df50} true
2024/03/05 06:52:01 Order 3 finish Map
2024/03/05 06:52:02 Coordinator work
2024/03/05 06:52:02 Coordinator status 0
2024/03/05 06:52:02 IsDone &{0 2024-03-05 06:52:02.80489452 +0800 CST m=+3.046057237 0xc000118000} true
2024/03/05 06:52:02 Order 4 finish Map
2024/03/05 06:52:02 Coordinator work
2024/03/05 06:52:02 Coordinator status 0
2024/03/05 06:52:02 IsDone &{0 2024-03-05 06:52:02.827063954 +0800 CST m=+3.068226672 0xc000118090} true
2024/03/05 06:52:02 Order 5 finish Map
2024/03/05 06:52:03 Coordinator work
2024/03/05 06:52:03 Coordinator status 0
2024/03/05 06:52:03 Coordinator work
2024/03/05 06:52:03 Coordinator status 0
2024/03/05 06:52:03 IsDone &{0 2024-03-05 06:52:03.824406492 +0800 CST m=+4.065569211 0xc000118120} true
2024/03/05 06:52:03 Order 6 finish Map
2024/03/05 06:52:03 IsDone &{0 2024-03-05 06:52:03.834728003 +0800 CST m=+4.075890723 0xc0001181b0} true
2024/03/05 06:52:03 Order 7 finish Map
2024/03/05 06:52:04 Coordinator work
2024/03/05 06:52:04 Coordinator status 0
2024/03/05 06:52:04 Map: 8 done vs. 0 working, Reduce 0 done vs. 0 working
2024/03/05 06:52:04 forward: forward to Reuce Phase
2024/03/05 06:52:04 making reduce order : 8
2024/03/05 06:52:04 making reduce order : 9
2024/03/05 06:52:04 making reduce order : 10
2024/03/05 06:52:04 making reduce order : 11
2024/03/05 06:52:04 making reduce order : 12
2024/03/05 06:52:04 making reduce order : 13
2024/03/05 06:52:04 making reduce order : 14
2024/03/05 06:52:04 making reduce order : 15
2024/03/05 06:52:04 making reduce order : 16
2024/03/05 06:52:04 making reduce order : 17
2024/03/05 06:52:04 done with make reduce order
2024/03/05 06:52:04 Map: 8 done vs. 0 working, Reduce 0 done vs. 10 working
2024/03/05 06:52:04 Coordinator work
2024/03/05 06:52:04 Coordinator status 1
2024/03/05 06:52:05 Order 8 finish Reduce
2024/03/05 06:52:06 Coordinator work
2024/03/05 06:52:06 Coordinator status 1
2024/03/05 06:52:06 Coordinator work
2024/03/05 06:52:06 Coordinator status 1
2024/03/05 06:52:07 Order 9 finish Reduce
2024/03/05 06:52:07 Order 10 finish Reduce
2024/03/05 06:52:08 Coordinator work
2024/03/05 06:52:08 Coordinator status 1
2024/03/05 06:52:08 Coordinator work
2024/03/05 06:52:08 Coordinator status 1
2024/03/05 06:52:10 Order 11 finish Reduce
2024/03/05 06:52:10 Order 12 finish Reduce
2024/03/05 06:52:11 Coordinator work
2024/03/05 06:52:11 Coordinator status 1
2024/03/05 06:52:11 Coordinator work
2024/03/05 06:52:11 Coordinator status 1
2024/03/05 06:52:12 Order 13 finish Reduce
2024/03/05 06:52:12 Order 14 finish Reduce
2024/03/05 06:52:13 Coordinator work
2024/03/05 06:52:13 Coordinator status 1
2024/03/05 06:52:13 Coordinator work
2024/03/05 06:52:13 Coordinator status 1
2024/03/05 06:52:13 Order 15 finish Reduce
2024/03/05 06:52:13 Order 16 finish Reduce
2024/03/05 06:52:14 Coordinator work
2024/03/05 06:52:14 Coordinator status 1
2024/03/05 06:52:14 Coordinator work
2024/03/05 06:52:14 Coordinator status 1
2024/03/05 06:52:14 Map: 8 done vs. 0 working, Reduce 9 done vs. 1 working
2024/03/05 06:52:15 Order 17 finish Reduce
2024/03/05 06:52:16 Coordinator work
2024/03/05 06:52:16 Coordinator status 1
2024/03/05 06:52:16 Map: 8 done vs. 0 working, Reduce 10 done vs. 0 working
2024/03/05 06:52:16 forward: forward to done phase
2024/03/05 06:52:16 Coordinator work
2024/03/05 06:52:16 Coordinator status 2
