2024/03/05 04:32:27 making map order &{0 [../pg-being_ernest.txt] 0 10}
2024/03/05 04:32:27 making map order &{0 [../pg-dorian_gray.txt] 1 10}
2024/03/05 04:32:27 making map order &{0 [../pg-frankenstein.txt] 2 10}
2024/03/05 04:32:27 making map order &{0 [../pg-grimm.txt] 3 10}
2024/03/05 04:32:27 making map order &{0 [../pg-huckleberry_finn.txt] 4 10}
2024/03/05 04:32:27 making map order &{0 [../pg-metamorphosis.txt] 5 10}
2024/03/05 04:32:27 making map order &{0 [../pg-sherlock_holmes.txt] 6 10}
2024/03/05 04:32:27 making map order &{0 [../pg-tom_sawyer.txt] 7 10}
2024/03/05 04:32:27 done with make map order
2024/03/05 04:32:27 Map: 0 done vs. 8 working, Reduce 0 done vs. 0 working
2024/03/05 04:32:28 Coordinator work
2024/03/05 04:32:28 Coordinator status 0
2024/03/05 04:32:28 Coordinator work
2024/03/05 04:32:28 Coordinator status 0
2024/03/05 04:32:28 Coordinator work
2024/03/05 04:32:28 Coordinator status 0
2024/03/05 04:32:28 IsDone &{0 2024-03-05 04:32:28.106752382 +0800 CST m=+1.019886573 0xc00009df50} true
2024/03/05 04:32:28 Order 0 finish Map
2024/03/05 04:32:29 Coordinator work
2024/03/05 04:32:29 Coordinator status 0
2024/03/05 04:32:30 IsDone &{0 2024-03-05 04:32:28.112557046 +0800 CST m=+1.025691235 0xc00011a000} true
2024/03/05 04:32:30 Order 1 finish Map
2024/03/05 04:32:30 IsDone &{0 2024-03-05 04:32:28.119562998 +0800 CST m=+1.032697182 0xc00011a090} true
2024/03/05 04:32:30 Order 2 finish Map
2024/03/05 04:32:31 Coordinator work
2024/03/05 04:32:31 Coordinator status 0
2024/03/05 04:32:31 Coordinator work
2024/03/05 04:32:31 Coordinator status 0
2024/03/05 04:32:31 IsDone &{0 2024-03-05 04:32:29.578639839 +0800 CST m=+2.491774026 0xc00011a120} true
2024/03/05 04:32:31 Order 3 finish Map
2024/03/05 04:32:31 IsDone &{0 2024-03-05 04:32:31.54001458 +0800 CST m=+4.453148768 0xc00011a240} true
2024/03/05 04:32:31 Order 5 finish Map
2024/03/05 04:32:32 Coordinator work
2024/03/05 04:32:32 Coordinator status 0
2024/03/05 04:32:32 Coordinator work
2024/03/05 04:32:32 Coordinator status 0
2024/03/05 04:32:34 IsDone &{0 2024-03-05 04:32:31.507971687 +0800 CST m=+4.421105875 0xc00011a1b0} true
2024/03/05 04:32:34 Order 4 finish Map
2024/03/05 04:32:34 IsDone &{0 2024-03-05 04:32:32.92495574 +0800 CST m=+5.838089930 0xc00011a360} true
2024/03/05 04:32:34 Order 7 finish Map
2024/03/05 04:32:34 IsDone &{0 2024-03-05 04:32:32.608344811 +0800 CST m=+5.521479004 0xc00011a2d0} true
2024/03/05 04:32:34 Order 6 finish Map
2024/03/05 04:32:35 Coordinator work
2024/03/05 04:32:35 Coordinator status 0
2024/03/05 04:32:35 Map: 8 done vs. 0 working, Reduce 0 done vs. 0 working
2024/03/05 04:32:35 forward: forward to Reuce Phase
2024/03/05 04:32:35 making reduce order : 8
2024/03/05 04:32:35 making reduce order : 9
2024/03/05 04:32:35 making reduce order : 10
2024/03/05 04:32:35 making reduce order : 11
2024/03/05 04:32:35 making reduce order : 12
2024/03/05 04:32:35 making reduce order : 13
2024/03/05 04:32:35 making reduce order : 14
2024/03/05 04:32:35 making reduce order : 15
2024/03/05 04:32:35 making reduce order : 16
2024/03/05 04:32:35 making reduce order : 17
2024/03/05 04:32:35 done with make reduce order
2024/03/05 04:32:35 Map: 8 done vs. 0 working, Reduce 0 done vs. 10 working
2024/03/05 04:32:35 Coordinator work
2024/03/05 04:32:35 Coordinator status 1
2024/03/05 04:32:35 Coordinator work
2024/03/05 04:32:35 Coordinator status 1
2024/03/05 04:32:36 Order 8 finish Reduce
2024/03/05 04:32:36 Order 9 finish Reduce
2024/03/05 04:32:37 Coordinator work
2024/03/05 04:32:37 Coordinator status 1
2024/03/05 04:32:37 Coordinator work
2024/03/05 04:32:37 Coordinator status 1
2024/03/05 04:32:37 Coordinator work
2024/03/05 04:32:37 Coordinator status 1
2024/03/05 04:32:38 Order 11 finish Reduce
2024/03/05 04:32:38 Order 12 finish Reduce
2024/03/05 04:32:38 Order 10 finish Reduce
2024/03/05 04:32:39 Coordinator work
2024/03/05 04:32:39 Coordinator status 1
2024/03/05 04:32:39 Coordinator work
2024/03/05 04:32:39 Coordinator status 1
2024/03/05 04:32:39 Coordinator work
2024/03/05 04:32:39 Coordinator status 1
2024/03/05 04:32:39 Order 13 finish Reduce
2024/03/05 04:32:40 Order 15 finish Reduce
2024/03/05 04:32:40 Coordinator work
2024/03/05 04:32:40 Coordinator status 1
2024/03/05 04:32:41 Order 14 finish Reduce
2024/03/05 04:32:41 Coordinator work
2024/03/05 04:32:41 Coordinator status 1
2024/03/05 04:32:41 Order 16 finish Reduce
2024/03/05 04:32:42 Coordinator work
2024/03/05 04:32:42 Coordinator status 1
2024/03/05 04:32:42 Map: 8 done vs. 0 working, Reduce 9 done vs. 1 working
2024/03/05 04:32:42 Order 17 finish Reduce
2024/03/05 04:32:42 Coordinator work
2024/03/05 04:32:42 Coordinator status 1
2024/03/05 04:32:42 Map: 8 done vs. 0 working, Reduce 10 done vs. 0 working
2024/03/05 04:32:42 forward: forward to done phase
2024/03/05 04:32:43 Coordinator work
2024/03/05 04:32:43 Coordinator status 2
2024/03/05 04:32:44 Coordinator work
2024/03/05 04:32:44 Coordinator status 2
