2024/03/05 09:49:40 making map order &{0 [../pg-being_ernest.txt] 0 10}
2024/03/05 09:49:40 making map order &{0 [../pg-dorian_gray.txt] 1 10}
2024/03/05 09:49:40 making map order &{0 [../pg-frankenstein.txt] 2 10}
2024/03/05 09:49:40 making map order &{0 [../pg-grimm.txt] 3 10}
2024/03/05 09:49:40 making map order &{0 [../pg-huckleberry_finn.txt] 4 10}
2024/03/05 09:49:40 making map order &{0 [../pg-metamorphosis.txt] 5 10}
2024/03/05 09:49:40 making map order &{0 [../pg-sherlock_holmes.txt] 6 10}
2024/03/05 09:49:40 making map order &{0 [../pg-tom_sawyer.txt] 7 10}
2024/03/05 09:49:40 done with make map order
2024/03/05 09:49:40 Map: 0 done vs. 8 working, Reduce 0 done vs. 0 working
2024/03/05 09:49:41 Coordinator work
2024/03/05 09:49:41 Coordinator status 0
2024/03/05 09:49:41 Coordinator work
2024/03/05 09:49:41 Coordinator status 0
2024/03/05 09:49:41 Coordinator work
2024/03/05 09:49:41 Coordinator status 0
2024/03/05 09:49:41 Coordinator work
2024/03/05 09:49:41 Coordinator status 0
2024/03/05 09:49:41 IsDone &{0 2024-03-05 09:49:41.281680613 +0800 CST m=+1.039403107 0xc000074420} true
2024/03/05 09:49:41 Order 1 finish Map
2024/03/05 09:49:41 IsDone &{0 2024-03-05 09:49:41.291154656 +0800 CST m=+1.048877151 0xc0000744b0} true
2024/03/05 09:49:41 Order 2 finish Map
2024/03/05 09:49:42 Coordinator work
2024/03/05 09:49:42 Coordinator status 0
2024/03/05 09:49:42 Coordinator work
2024/03/05 09:49:42 Coordinator status 0
2024/03/05 09:49:42 Coordinator work
2024/03/05 09:49:42 Coordinator status 0
2024/03/05 09:49:43 Coordinator work
2024/03/05 09:49:43 Coordinator status 0
2024/03/05 09:49:43 IsDone &{0 2024-03-05 09:49:42.308155933 +0800 CST m=+2.065878421 0xc0000745d0} true
2024/03/05 09:49:43 Order 4 finish Map
2024/03/05 09:49:44 Coordinator work
2024/03/05 09:49:44 Coordinator status 0
2024/03/05 09:49:44 Map: 3 done vs. 5 working, Reduce 0 done vs. 0 working
2024/03/05 09:49:44 IsDone &{0 2024-03-05 09:49:42.350230375 +0800 CST m=+2.107952868 0xc0000746f0} true
2024/03/05 09:49:44 Order 6 finish Map
2024/03/05 09:49:45 Coordinator work
2024/03/05 09:49:45 Coordinator status 0
2024/03/05 09:49:45 Map: 4 done vs. 4 working, Reduce 0 done vs. 0 working
2024/03/05 09:49:46 Coordinator work
2024/03/05 09:49:46 Coordinator status 0
2024/03/05 09:49:46 Map: 4 done vs. 4 working, Reduce 0 done vs. 0 working
2024/03/05 09:49:47 Coordinator work
2024/03/05 09:49:47 Coordinator status 0
2024/03/05 09:49:47 Map: 4 done vs. 4 working, Reduce 0 done vs. 0 working
2024/03/05 09:49:48 Coordinator work
2024/03/05 09:49:48 Coordinator status 0
2024/03/05 09:49:48 Map: 4 done vs. 4 working, Reduce 0 done vs. 0 working
2024/03/05 09:49:49 Coordinator work
2024/03/05 09:49:49 Coordinator status 0
2024/03/05 09:49:49 Map: 4 done vs. 4 working, Reduce 0 done vs. 0 working
2024/03/05 09:49:50 Coordinator work
2024/03/05 09:49:50 Coordinator status 0
2024/03/05 09:49:50 Map: 4 done vs. 4 working, Reduce 0 done vs. 0 working
2024/03/05 09:49:51 Coordinator work
2024/03/05 09:49:51 Coordinator status 0
2024/03/05 09:49:51 Map: 4 done vs. 4 working, Reduce 0 done vs. 0 working
2024/03/05 09:49:52 IsDone &{0 2024-03-05 09:49:43.35638427 +0800 CST m=+3.114106761 0xc000074780} true
2024/03/05 09:49:52 Order 7 finish Map
2024/03/05 09:49:52 Coordiantor restart Map order 0
2024/03/05 09:49:52 Coordiantor restart Map order 3
2024/03/05 09:49:52 Coordinator work
2024/03/05 09:49:52 Coordinator status 0
2024/03/05 09:49:53 Coordinator work
2024/03/05 09:49:53 Coordinator status 0
2024/03/05 09:49:53 Coordiantor restart Map order 5
2024/03/05 09:49:53 Coordinator work
2024/03/05 09:49:53 Coordinator status 0
2024/03/05 09:49:53 Coordinator work
2024/03/05 09:49:53 Coordinator status 0
2024/03/05 09:49:53 Map: 5 done vs. 3 working, Reduce 0 done vs. 0 working
2024/03/05 09:49:54 IsDone &{0 2024-03-05 09:49:53.185251761 +0800 CST m=+12.942974256 0xc000074540} true
2024/03/05 09:49:54 Order 3 finish Map
2024/03/05 09:49:55 Coordinator work
2024/03/05 09:49:55 Coordinator status 0
2024/03/05 09:49:55 Map: 6 done vs. 2 working, Reduce 0 done vs. 0 working
2024/03/05 09:49:55 Coordinator work
2024/03/05 09:49:55 Coordinator status 0
2024/03/05 09:49:55 Map: 6 done vs. 2 working, Reduce 0 done vs. 0 working
2024/03/05 09:49:56 IsDone &{0 2024-03-05 09:49:53.527138796 +0800 CST m=+13.284861291 0xc000074660} true
2024/03/05 09:49:56 Order 5 finish Map
2024/03/05 09:49:57 Coordinator work
2024/03/05 09:49:57 Coordinator status 0
2024/03/05 09:49:57 Map: 7 done vs. 1 working, Reduce 0 done vs. 0 working
2024/03/05 09:49:57 Coordinator work
2024/03/05 09:49:57 Coordinator status 0
2024/03/05 09:49:57 Map: 7 done vs. 1 working, Reduce 0 done vs. 0 working
2024/03/05 09:49:57 Coordinator work
2024/03/05 09:49:57 Coordinator status 0
2024/03/05 09:49:57 Map: 7 done vs. 1 working, Reduce 0 done vs. 0 working
2024/03/05 09:49:59 Coordinator work
2024/03/05 09:49:59 Coordinator status 0
2024/03/05 09:49:59 Map: 7 done vs. 1 working, Reduce 0 done vs. 0 working
2024/03/05 09:49:59 Coordinator work
2024/03/05 09:49:59 Coordinator status 0
2024/03/05 09:49:59 Map: 7 done vs. 1 working, Reduce 0 done vs. 0 working
2024/03/05 09:50:00 Coordinator work
2024/03/05 09:50:00 Coordinator status 0
2024/03/05 09:50:00 Map: 7 done vs. 1 working, Reduce 0 done vs. 0 working
2024/03/05 09:50:01 Coordinator work
2024/03/05 09:50:01 Coordinator status 0
2024/03/05 09:50:01 Map: 7 done vs. 1 working, Reduce 0 done vs. 0 working
2024/03/05 09:50:01 Coordinator work
2024/03/05 09:50:01 Coordinator status 0
2024/03/05 09:50:01 Map: 7 done vs. 1 working, Reduce 0 done vs. 0 working
2024/03/05 09:50:02 Coordinator work
2024/03/05 09:50:02 Coordinator status 0
2024/03/05 09:50:02 Map: 7 done vs. 1 working, Reduce 0 done vs. 0 working
2024/03/05 09:50:03 Coordiantor restart Map order 0
2024/03/05 09:50:03 Coordinator work
2024/03/05 09:50:03 Coordinator status 0
2024/03/05 09:50:03 IsDone &{0 2024-03-05 09:50:03.351097654 +0800 CST m=+23.108820142 0xc000074390} true
2024/03/05 09:50:03 Order 0 finish Map
2024/03/05 09:50:03 Coordinator work
2024/03/05 09:50:03 Coordinator status 0
2024/03/05 09:50:03 Map: 8 done vs. 0 working, Reduce 0 done vs. 0 working
2024/03/05 09:50:03 forward: forward to Reuce Phase
2024/03/05 09:50:03 making reduce order : 8
2024/03/05 09:50:03 making reduce order : 9
2024/03/05 09:50:03 making reduce order : 10
2024/03/05 09:50:03 making reduce order : 11
2024/03/05 09:50:03 making reduce order : 12
2024/03/05 09:50:03 making reduce order : 13
2024/03/05 09:50:03 making reduce order : 14
2024/03/05 09:50:03 making reduce order : 15
2024/03/05 09:50:03 making reduce order : 16
2024/03/05 09:50:03 making reduce order : 17
2024/03/05 09:50:03 done with make reduce order
2024/03/05 09:50:03 Map: 8 done vs. 0 working, Reduce 0 done vs. 10 working
2024/03/05 09:50:04 Coordinator work
2024/03/05 09:50:04 Coordinator status 1
2024/03/05 09:50:04 Order 8 finish Reduce
2024/03/05 09:50:04 Coordinator work
2024/03/05 09:50:04 Coordinator status 1
2024/03/05 09:50:04 Order 9 finish Reduce
2024/03/05 09:50:05 Coordinator work
2024/03/05 09:50:05 Coordinator status 1
2024/03/05 09:50:05 Coordinator work
2024/03/05 09:50:05 Coordinator status 1
2024/03/05 09:50:05 Order 11 finish Reduce
2024/03/05 09:50:05 Coordinator work
2024/03/05 09:50:05 Coordinator status 1
2024/03/05 09:50:05 Order 12 finish Reduce
2024/03/05 09:50:06 Coordinator work
2024/03/05 09:50:06 Coordinator status 1
2024/03/05 09:50:06 Coordinator work
2024/03/05 09:50:06 Coordinator status 1
2024/03/05 09:50:06 Order 14 finish Reduce
2024/03/05 09:50:06 Coordinator work
2024/03/05 09:50:06 Coordinator status 1
2024/03/05 09:50:06 Order 15 finish Reduce
2024/03/05 09:50:07 Coordinator work
2024/03/05 09:50:07 Coordinator status 1
2024/03/05 09:50:07 Order 16 finish Reduce
2024/03/05 09:50:07 Coordinator work
2024/03/05 09:50:07 Coordinator status 1
2024/03/05 09:50:07 Coordinator work
2024/03/05 09:50:07 Coordinator status 1
2024/03/05 09:50:07 Map: 8 done vs. 0 working, Reduce 7 done vs. 3 working
2024/03/05 09:50:08 Coordinator work
2024/03/05 09:50:08 Coordinator status 1
2024/03/05 09:50:08 Map: 8 done vs. 0 working, Reduce 7 done vs. 3 working
2024/03/05 09:50:08 Coordinator work
2024/03/05 09:50:08 Coordinator status 1
2024/03/05 09:50:08 Map: 8 done vs. 0 working, Reduce 7 done vs. 3 working
2024/03/05 09:50:09 Coordinator work
2024/03/05 09:50:09 Coordinator status 1
2024/03/05 09:50:09 Map: 8 done vs. 0 working, Reduce 7 done vs. 3 working
2024/03/05 09:50:10 Coordinator work
2024/03/05 09:50:10 Coordinator status 1
2024/03/05 09:50:10 Map: 8 done vs. 0 working, Reduce 7 done vs. 3 working
2024/03/05 09:50:10 Coordinator work
2024/03/05 09:50:10 Coordinator status 1
2024/03/05 09:50:10 Map: 8 done vs. 0 working, Reduce 7 done vs. 3 working
2024/03/05 09:50:11 Coordinator work
2024/03/05 09:50:11 Coordinator status 1
2024/03/05 09:50:11 Map: 8 done vs. 0 working, Reduce 7 done vs. 3 working
2024/03/05 09:50:12 Coordinator work
2024/03/05 09:50:12 Coordinator status 1
2024/03/05 09:50:12 Map: 8 done vs. 0 working, Reduce 7 done vs. 3 working
2024/03/05 09:50:12 Coordinator work
2024/03/05 09:50:12 Coordinator status 1
2024/03/05 09:50:12 Map: 8 done vs. 0 working, Reduce 7 done vs. 3 working
2024/03/05 09:50:13 Coordinator work
2024/03/05 09:50:13 Coordinator status 1
2024/03/05 09:50:13 Map: 8 done vs. 0 working, Reduce 7 done vs. 3 working
2024/03/05 09:50:14 Coordinator work
2024/03/05 09:50:14 Coordinator status 1
2024/03/05 09:50:14 Map: 8 done vs. 0 working, Reduce 7 done vs. 3 working
2024/03/05 09:50:14 Coordinator work
2024/03/05 09:50:14 Coordinator status 1
2024/03/05 09:50:14 Map: 8 done vs. 0 working, Reduce 7 done vs. 3 working
2024/03/05 09:50:15 Coordiantor restart Reduce order 10
2024/03/05 09:50:15 Coordinator work
2024/03/05 09:50:15 Coordinator status 1
2024/03/05 09:50:16 Coordinator work
2024/03/05 09:50:16 Coordinator status 1
2024/03/05 09:50:16 Map: 8 done vs. 0 working, Reduce 7 done vs. 3 working
2024/03/05 09:50:16 Coordiantor restart Reduce order 13
2024/03/05 09:50:16 Coordinator work
2024/03/05 09:50:16 Coordinator status 1
2024/03/05 09:50:17 Coordinator work
2024/03/05 09:50:17 Coordinator status 1
2024/03/05 09:50:17 Map: 8 done vs. 0 working, Reduce 7 done vs. 3 working
2024/03/05 09:50:18 Coordinator work
2024/03/05 09:50:18 Coordinator status 1
2024/03/05 09:50:18 Map: 8 done vs. 0 working, Reduce 7 done vs. 3 working
2024/03/05 09:50:18 Coordiantor restart Reduce order 17
2024/03/05 09:50:19 Coordinator work
2024/03/05 09:50:19 Coordinator status 1
2024/03/05 09:50:20 Coordinator work
2024/03/05 09:50:20 Coordinator status 1
2024/03/05 09:50:20 Map: 8 done vs. 0 working, Reduce 7 done vs. 3 working
2024/03/05 09:50:20 Coordinator work
2024/03/05 09:50:20 Coordinator status 1
2024/03/05 09:50:20 Map: 8 done vs. 0 working, Reduce 7 done vs. 3 working
2024/03/05 09:50:22 Coordinator work
2024/03/05 09:50:22 Coordinator status 1
2024/03/05 09:50:22 Map: 8 done vs. 0 working, Reduce 7 done vs. 3 working
2024/03/05 09:50:22 Coordinator work
2024/03/05 09:50:22 Coordinator status 1
2024/03/05 09:50:22 Map: 8 done vs. 0 working, Reduce 7 done vs. 3 working
2024/03/05 09:50:22 Order 10 finish Reduce
2024/03/05 09:50:23 Coordinator work
2024/03/05 09:50:23 Coordinator status 1
2024/03/05 09:50:23 Map: 8 done vs. 0 working, Reduce 8 done vs. 2 working
2024/03/05 09:50:24 Coordinator work
2024/03/05 09:50:24 Coordinator status 1
2024/03/05 09:50:24 Map: 8 done vs. 0 working, Reduce 8 done vs. 2 working
2024/03/05 09:50:24 Coordinator work
2024/03/05 09:50:24 Coordinator status 1
2024/03/05 09:50:24 Map: 8 done vs. 0 working, Reduce 8 done vs. 2 working
2024/03/05 09:50:25 Coordinator work
2024/03/05 09:50:25 Coordinator status 1
2024/03/05 09:50:25 Map: 8 done vs. 0 working, Reduce 8 done vs. 2 working
2024/03/05 09:50:26 Coordinator work
2024/03/05 09:50:26 Coordinator status 1
2024/03/05 09:50:26 Map: 8 done vs. 0 working, Reduce 8 done vs. 2 working
2024/03/05 09:50:26 Coordinator work
2024/03/05 09:50:26 Coordinator status 1
2024/03/05 09:50:26 Map: 8 done vs. 0 working, Reduce 8 done vs. 2 working
2024/03/05 09:50:27 Coordiantor restart Reduce order 13
2024/03/05 09:50:27 Coordinator work
2024/03/05 09:50:27 Coordinator status 1
2024/03/05 09:50:28 Coordinator work
2024/03/05 09:50:28 Coordinator status 1
2024/03/05 09:50:28 Map: 8 done vs. 0 working, Reduce 8 done vs. 2 working
2024/03/05 09:50:28 Coordinator work
2024/03/05 09:50:28 Coordinator status 1
2024/03/05 09:50:28 Map: 8 done vs. 0 working, Reduce 8 done vs. 2 working
2024/03/05 09:50:28 Coordinator work
2024/03/05 09:50:28 Coordinator status 1
2024/03/05 09:50:28 Map: 8 done vs. 0 working, Reduce 8 done vs. 2 working
2024/03/05 09:50:30 Coordinator work
2024/03/05 09:50:30 Coordinator status 1
2024/03/05 09:50:30 Map: 8 done vs. 0 working, Reduce 8 done vs. 2 working
2024/03/05 09:50:30 Coordiantor restart Reduce order 17
2024/03/05 09:50:30 Coordinator work
2024/03/05 09:50:30 Coordinator status 1
2024/03/05 09:50:30 Coordinator work
2024/03/05 09:50:30 Coordinator status 1
2024/03/05 09:50:30 Map: 8 done vs. 0 working, Reduce 8 done vs. 2 working
2024/03/05 09:50:31 Coordinator work
2024/03/05 09:50:31 Coordinator status 1
2024/03/05 09:50:31 Map: 8 done vs. 0 working, Reduce 8 done vs. 2 working
2024/03/05 09:50:32 Coordinator work
2024/03/05 09:50:32 Coordinator status 1
2024/03/05 09:50:32 Map: 8 done vs. 0 working, Reduce 8 done vs. 2 working
2024/03/05 09:50:32 Coordinator work
2024/03/05 09:50:32 Coordinator status 1
2024/03/05 09:50:32 Map: 8 done vs. 0 working, Reduce 8 done vs. 2 working
2024/03/05 09:50:33 Coordinator work
2024/03/05 09:50:33 Coordinator status 1
2024/03/05 09:50:33 Map: 8 done vs. 0 working, Reduce 8 done vs. 2 working
2024/03/05 09:50:34 Coordinator work
2024/03/05 09:50:34 Coordinator status 1
2024/03/05 09:50:34 Map: 8 done vs. 0 working, Reduce 8 done vs. 2 working
2024/03/05 09:50:34 Coordinator work
2024/03/05 09:50:34 Coordinator status 1
2024/03/05 09:50:34 Map: 8 done vs. 0 working, Reduce 8 done vs. 2 working
2024/03/05 09:50:35 Coordinator work
2024/03/05 09:50:35 Coordinator status 1
2024/03/05 09:50:35 Map: 8 done vs. 0 working, Reduce 8 done vs. 2 working
2024/03/05 09:50:36 Coordinator work
2024/03/05 09:50:36 Coordinator status 1
2024/03/05 09:50:36 Map: 8 done vs. 0 working, Reduce 8 done vs. 2 working
2024/03/05 09:50:36 Coordinator work
2024/03/05 09:50:36 Coordinator status 1
2024/03/05 09:50:36 Map: 8 done vs. 0 working, Reduce 8 done vs. 2 working
2024/03/05 09:50:37 Coordinator work
2024/03/05 09:50:37 Coordinator status 1
2024/03/05 09:50:37 Map: 8 done vs. 0 working, Reduce 8 done vs. 2 working
2024/03/05 09:50:38 Coordinator work
2024/03/05 09:50:38 Coordinator status 1
2024/03/05 09:50:38 Map: 8 done vs. 0 working, Reduce 8 done vs. 2 working
2024/03/05 09:50:38 Coordiantor restart Reduce order 13
2024/03/05 09:50:38 Coordinator work
2024/03/05 09:50:38 Coordinator status 1
2024/03/05 09:50:39 Coordinator work
2024/03/05 09:50:39 Coordinator status 1
2024/03/05 09:50:39 Map: 8 done vs. 0 working, Reduce 8 done vs. 2 working
2024/03/05 09:50:40 Coordinator work
2024/03/05 09:50:40 Coordinator status 1
2024/03/05 09:50:40 Map: 8 done vs. 0 working, Reduce 8 done vs. 2 working
2024/03/05 09:50:41 Coordiantor restart Reduce order 17
2024/03/05 09:50:41 Coordinator work
2024/03/05 09:50:41 Coordinator status 1
2024/03/05 09:50:41 Order 17 finish Reduce
2024/03/05 09:50:42 Coordinator work
2024/03/05 09:50:42 Coordinator status 1
2024/03/05 09:50:42 Map: 8 done vs. 0 working, Reduce 9 done vs. 1 working
2024/03/05 09:50:42 Coordinator work
2024/03/05 09:50:42 Coordinator status 1
2024/03/05 09:50:42 Map: 8 done vs. 0 working, Reduce 9 done vs. 1 working
2024/03/05 09:50:44 Order 13 finish Reduce
2024/03/05 09:50:44 Coordinator work
2024/03/05 09:50:44 Coordinator status 1
2024/03/05 09:50:44 Map: 8 done vs. 0 working, Reduce 10 done vs. 0 working
2024/03/05 09:50:44 forward: forward to done phase
2024/03/05 09:50:44 Coordinator work
2024/03/05 09:50:44 Coordinator status 2
2024/03/05 09:50:45 Coordinator work
2024/03/05 09:50:45 Coordinator status 2
