2024/03/05 06:43:33 making map order &{0 [../pg-being_ernest.txt] 0 10}
2024/03/05 06:43:33 making map order &{0 [../pg-dorian_gray.txt] 1 10}
2024/03/05 06:43:33 making map order &{0 [../pg-frankenstein.txt] 2 10}
2024/03/05 06:43:33 making map order &{0 [../pg-grimm.txt] 3 10}
2024/03/05 06:43:33 making map order &{0 [../pg-huckleberry_finn.txt] 4 10}
2024/03/05 06:43:33 making map order &{0 [../pg-metamorphosis.txt] 5 10}
2024/03/05 06:43:33 making map order &{0 [../pg-sherlock_holmes.txt] 6 10}
2024/03/05 06:43:33 making map order &{0 [../pg-tom_sawyer.txt] 7 10}
2024/03/05 06:43:33 done with make map order
2024/03/05 06:43:33 Map: 0 done vs. 8 working, Reduce 0 done vs. 0 working
2024/03/05 06:43:34 Coordinator work
2024/03/05 06:43:34 Coordinator status 0
2024/03/05 06:43:34 Coordinator work
2024/03/05 06:43:34 Coordinator status 0
2024/03/05 06:43:38 IsDone &{0 2024-03-05 06:43:34.438871985 +0800 CST m=+1.017146102 0xc00007bc50} true
2024/03/05 06:43:38 Order 0 finish Map
2024/03/05 06:43:38 IsDone &{0 2024-03-05 06:43:34.451796923 +0800 CST m=+1.030071045 0xc00007bce0} true
2024/03/05 06:43:38 Order 1 finish Map
2024/03/05 06:43:39 Coordinator work
2024/03/05 06:43:39 Coordinator status 0
2024/03/05 06:43:39 Coordinator work
2024/03/05 06:43:39 Coordinator status 0
2024/03/05 06:43:43 IsDone &{0 2024-03-05 06:43:39.532695769 +0800 CST m=+6.110969889 0xc00007bd70} true
2024/03/05 06:43:43 Order 2 finish Map
2024/03/05 06:43:43 IsDone &{0 2024-03-05 06:43:39.55403931 +0800 CST m=+6.132313428 0xc00007be00} true
2024/03/05 06:43:43 Order 3 finish Map
2024/03/05 06:43:44 Coordinator work
2024/03/05 06:43:44 Coordinator status 0
2024/03/05 06:43:44 Coordinator work
2024/03/05 06:43:44 Coordinator status 0
2024/03/05 06:43:48 IsDone &{0 2024-03-05 06:43:44.437430953 +0800 CST m=+11.015705076 0xc00007be90} true
2024/03/05 06:43:48 Order 4 finish Map
2024/03/05 06:43:48 IsDone &{0 2024-03-05 06:43:44.459085017 +0800 CST m=+11.037359137 0xc00007bf20} true
2024/03/05 06:43:48 Order 5 finish Map
2024/03/05 06:43:49 Coordinator work
2024/03/05 06:43:49 Coordinator status 0
2024/03/05 06:43:49 Coordinator work
2024/03/05 06:43:49 Coordinator status 0
2024/03/05 06:43:51 IsDone &{0 2024-03-05 06:43:49.315305579 +0800 CST m=+15.893579699 0xc00016c060} true
2024/03/05 06:43:51 Order 7 finish Map
2024/03/05 06:43:51 IsDone &{0 2024-03-05 06:43:49.304557862 +0800 CST m=+15.882831984 0xc00007bfb0} true
2024/03/05 06:43:51 Order 6 finish Map
2024/03/05 06:43:52 Coordinator work
2024/03/05 06:43:52 Coordinator status 0
2024/03/05 06:43:52 Map: 8 done vs. 0 working, Reduce 0 done vs. 0 working
2024/03/05 06:43:52 forward: forward to Reuce Phase
2024/03/05 06:43:52 making reduce order : 8
2024/03/05 06:43:52 making reduce order : 9
2024/03/05 06:43:52 making reduce order : 10
2024/03/05 06:43:52 making reduce order : 11
2024/03/05 06:43:52 making reduce order : 12
2024/03/05 06:43:52 making reduce order : 13
2024/03/05 06:43:52 making reduce order : 14
2024/03/05 06:43:52 making reduce order : 15
2024/03/05 06:43:52 making reduce order : 16
2024/03/05 06:43:52 making reduce order : 17
2024/03/05 06:43:52 done with make reduce order
2024/03/05 06:43:52 Map: 8 done vs. 0 working, Reduce 0 done vs. 10 working
2024/03/05 06:43:52 Coordinator work
2024/03/05 06:43:52 Coordinator status 1
2024/03/05 06:43:52 Order 8 finish Reduce
2024/03/05 06:43:53 Coordinator work
2024/03/05 06:43:53 Coordinator status 1
2024/03/05 06:43:53 Order 9 finish Reduce
2024/03/05 06:43:54 Coordinator work
2024/03/05 06:43:54 Coordinator status 1
2024/03/05 06:43:54 Order 10 finish Reduce
2024/03/05 06:43:54 Coordinator work
2024/03/05 06:43:54 Coordinator status 1
2024/03/05 06:43:54 Order 11 finish Reduce
2024/03/05 06:43:55 Coordinator work
2024/03/05 06:43:55 Coordinator status 1
2024/03/05 06:43:55 Order 12 finish Reduce
2024/03/05 06:43:55 Coordinator work
2024/03/05 06:43:55 Coordinator status 1
2024/03/05 06:43:55 Order 13 finish Reduce
2024/03/05 06:43:56 Coordinator work
2024/03/05 06:43:56 Coordinator status 1
2024/03/05 06:43:56 Order 14 finish Reduce
2024/03/05 06:43:56 Coordinator work
2024/03/05 06:43:56 Coordinator status 1
2024/03/05 06:43:56 Order 15 finish Reduce
2024/03/05 06:43:57 Coordinator work
2024/03/05 06:43:57 Coordinator status 1
2024/03/05 06:43:57 Order 16 finish Reduce
2024/03/05 06:43:57 Coordinator work
2024/03/05 06:43:57 Coordinator status 1
2024/03/05 06:43:57 Order 17 finish Reduce
2024/03/05 06:43:58 Coordinator work
2024/03/05 06:43:58 Coordinator status 1
2024/03/05 06:43:58 Map: 8 done vs. 0 working, Reduce 10 done vs. 0 working
2024/03/05 06:43:58 forward: forward to done phase
2024/03/05 06:43:58 Coordinator work
2024/03/05 06:43:58 Coordinator status 2
