2024/03/05 07:12:05 making map order &{0 [../pg-being_ernest.txt] 0 10}
2024/03/05 07:12:05 making map order &{0 [../pg-dorian_gray.txt] 1 10}
2024/03/05 07:12:05 making map order &{0 [../pg-frankenstein.txt] 2 10}
2024/03/05 07:12:05 making map order &{0 [../pg-grimm.txt] 3 10}
2024/03/05 07:12:05 making map order &{0 [../pg-huckleberry_finn.txt] 4 10}
2024/03/05 07:12:05 making map order &{0 [../pg-metamorphosis.txt] 5 10}
2024/03/05 07:12:05 making map order &{0 [../pg-sherlock_holmes.txt] 6 10}
2024/03/05 07:12:05 making map order &{0 [../pg-tom_sawyer.txt] 7 10}
2024/03/05 07:12:05 done with make map order
2024/03/05 07:12:05 Map: 0 done vs. 8 working, Reduce 0 done vs. 0 working
2024/03/05 07:12:06 Coordinator work
2024/03/05 07:12:06 Coordinator status 0
2024/03/05 07:12:06 IsDone &{0 2024-03-05 07:12:06.149436238 +0800 CST m=+1.020139288 0xc00009db30} true
2024/03/05 07:12:06 Order 0 finish Map
2024/03/05 07:12:06 Coordinator work
2024/03/05 07:12:06 Coordinator status 0
2024/03/05 07:12:06 Coordinator work
2024/03/05 07:12:06 Coordinator status 0
2024/03/05 07:12:06 IsDone &{0 2024-03-05 07:12:06.171644105 +0800 CST m=+1.042347153 0xc00009dbc0} true
2024/03/05 07:12:06 Order 1 finish Map
2024/03/05 07:12:06 IsDone &{0 2024-03-05 07:12:06.174215415 +0800 CST m=+1.044918468 0xc00009dc50} true
2024/03/05 07:12:06 Order 2 finish Map
2024/03/05 07:12:07 Coordinator work
2024/03/05 07:12:07 Coordinator status 0
2024/03/05 07:12:07 IsDone &{0 2024-03-05 07:12:07.159461057 +0800 CST m=+2.030164141 0xc00009dce0} true
2024/03/05 07:12:07 Order 3 finish Map
2024/03/05 07:12:07 Coordinator work
2024/03/05 07:12:07 Coordinator status 0
2024/03/05 07:12:07 Coordinator work
2024/03/05 07:12:07 Coordinator status 0
2024/03/05 07:12:07 IsDone &{0 2024-03-05 07:12:07.193581413 +0800 CST m=+2.064284466 0xc00009de00} true
2024/03/05 07:12:07 Order 5 finish Map
2024/03/05 07:12:07 IsDone &{0 2024-03-05 07:12:07.191763495 +0800 CST m=+2.062466543 0xc00009dd70} true
2024/03/05 07:12:07 Order 4 finish Map
2024/03/05 07:12:08 Coordinator work
2024/03/05 07:12:08 Coordinator status 0
2024/03/05 07:12:08 IsDone &{0 2024-03-05 07:12:08.17976085 +0800 CST m=+3.050463906 0xc00009de90} true
2024/03/05 07:12:08 Order 6 finish Map
2024/03/05 07:12:08 Coordinator work
2024/03/05 07:12:08 Coordinator status 0
2024/03/05 07:12:08 Coordinator work
2024/03/05 07:12:08 Coordinator status 0
2024/03/05 07:12:08 Map: 7 done vs. 1 working, Reduce 0 done vs. 0 working
2024/03/05 07:12:08 IsDone &{0 2024-03-05 07:12:08.20570535 +0800 CST m=+3.076408402 0xc00009df20} true
2024/03/05 07:12:08 Order 7 finish Map
2024/03/05 07:12:09 Coordinator work
2024/03/05 07:12:09 Coordinator status 0
2024/03/05 07:12:09 Map: 8 done vs. 0 working, Reduce 0 done vs. 0 working
2024/03/05 07:12:09 forward: forward to Reuce Phase
2024/03/05 07:12:09 making reduce order : 8
2024/03/05 07:12:09 making reduce order : 9
2024/03/05 07:12:09 making reduce order : 10
2024/03/05 07:12:09 making reduce order : 11
2024/03/05 07:12:09 making reduce order : 12
2024/03/05 07:12:09 making reduce order : 13
2024/03/05 07:12:09 making reduce order : 14
2024/03/05 07:12:09 making reduce order : 15
2024/03/05 07:12:09 making reduce order : 16
2024/03/05 07:12:09 making reduce order : 17
2024/03/05 07:12:09 done with make reduce order
2024/03/05 07:12:09 Map: 8 done vs. 0 working, Reduce 0 done vs. 10 working
2024/03/05 07:12:09 Coordinator work
2024/03/05 07:12:09 Coordinator status 1
2024/03/05 07:12:09 Order 8 finish Reduce
2024/03/05 07:12:10 Coordinator work
2024/03/05 07:12:10 Coordinator status 1
2024/03/05 07:12:10 Order 9 finish Reduce
2024/03/05 07:12:10 Coordinator work
2024/03/05 07:12:10 Coordinator status 1
2024/03/05 07:12:11 Coordinator work
2024/03/05 07:12:11 Coordinator status 1
2024/03/05 07:12:11 Order 11 finish Reduce
2024/03/05 07:12:11 Coordinator work
2024/03/05 07:12:11 Coordinator status 1
2024/03/05 07:12:11 Order 12 finish Reduce
2024/03/05 07:12:12 Coordinator work
2024/03/05 07:12:12 Coordinator status 1
2024/03/05 07:12:12 Order 13 finish Reduce
2024/03/05 07:12:12 Coordinator work
2024/03/05 07:12:12 Coordinator status 1
2024/03/05 07:12:13 Coordinator work
2024/03/05 07:12:13 Coordinator status 1
2024/03/05 07:12:13 Order 15 finish Reduce
2024/03/05 07:12:13 Order 10 finish Reduce
2024/03/05 07:12:14 Coordinator work
2024/03/05 07:12:14 Coordinator status 1
2024/03/05 07:12:14 Order 16 finish Reduce
2024/03/05 07:12:14 Coordinator work
2024/03/05 07:12:14 Coordinator status 1
2024/03/05 07:12:14 Order 17 finish Reduce
2024/03/05 07:12:15 Coordinator work
2024/03/05 07:12:15 Coordinator status 1
2024/03/05 07:12:15 Map: 8 done vs. 0 working, Reduce 9 done vs. 1 working
2024/03/05 07:12:15 Order 14 finish Reduce
2024/03/05 07:12:15 Coordinator work
2024/03/05 07:12:15 Coordinator status 1
2024/03/05 07:12:15 Map: 8 done vs. 0 working, Reduce 10 done vs. 0 working
2024/03/05 07:12:15 forward: forward to done phase
2024/03/05 07:12:16 Coordinator work
2024/03/05 07:12:16 Coordinator status 2
