2024/03/05 07:22:37 making map order &{0 [../pg-being_ernest.txt] 0 10}
2024/03/05 07:22:37 making map order &{0 [../pg-dorian_gray.txt] 1 10}
2024/03/05 07:22:37 making map order &{0 [../pg-frankenstein.txt] 2 10}
2024/03/05 07:22:37 making map order &{0 [../pg-grimm.txt] 3 10}
2024/03/05 07:22:37 making map order &{0 [../pg-huckleberry_finn.txt] 4 10}
2024/03/05 07:22:37 making map order &{0 [../pg-metamorphosis.txt] 5 10}
2024/03/05 07:22:37 making map order &{0 [../pg-sherlock_holmes.txt] 6 10}
2024/03/05 07:22:37 making map order &{0 [../pg-tom_sawyer.txt] 7 10}
2024/03/05 07:22:37 done with make map order
2024/03/05 07:22:37 Map: 0 done vs. 8 working, Reduce 0 done vs. 0 working
2024/03/05 07:22:38 Coordinator work
2024/03/05 07:22:38 Coordinator status 0
2024/03/05 07:22:38 Coordinator work
2024/03/05 07:22:38 Coordinator status 0
2024/03/05 07:22:38 IsDone &{0 2024-03-05 07:22:38.715866736 +0800 CST m=+1.016379510 0xc00008a480} true
2024/03/05 07:22:38 Order 0 finish Map
2024/03/05 07:22:38 IsDone &{0 2024-03-05 07:22:38.717042227 +0800 CST m=+1.017555004 0xc00008a510} true
2024/03/05 07:22:38 Order 1 finish Map
2024/03/05 07:22:39 Coordinator work
2024/03/05 07:22:39 Coordinator status 0
2024/03/05 07:22:39 Coordinator work
2024/03/05 07:22:39 Coordinator status 0
2024/03/05 07:22:39 IsDone &{0 2024-03-05 07:22:39.792082341 +0800 CST m=+2.092595112 0xc00008a5a0} true
2024/03/05 07:22:39 Order 2 finish Map
2024/03/05 07:22:40 IsDone &{0 2024-03-05 07:22:39.938712939 +0800 CST m=+2.239225713 0xc00008a630} true
2024/03/05 07:22:40 Order 3 finish Map
2024/03/05 07:22:40 Coordinator work
2024/03/05 07:22:40 Coordinator status 0
2024/03/05 07:22:41 Coordinator work
2024/03/05 07:22:41 Coordinator status 0
2024/03/05 07:22:41 IsDone &{0 2024-03-05 07:22:40.9659487 +0800 CST m=+3.266461471 0xc00008a6c0} true
2024/03/05 07:22:41 Order 4 finish Map
2024/03/05 07:22:41 IsDone &{0 2024-03-05 07:22:41.114702725 +0800 CST m=+3.415215493 0xc00008a750} true
2024/03/05 07:22:41 Order 5 finish Map
2024/03/05 07:22:42 Coordinator work
2024/03/05 07:22:42 Coordinator status 0
2024/03/05 07:22:42 Coordinator work
2024/03/05 07:22:42 Coordinator status 0
2024/03/05 07:22:42 IsDone &{0 2024-03-05 07:22:42.184483644 +0800 CST m=+4.484996417 0xc00008a7e0} true
2024/03/05 07:22:42 Order 6 finish Map
2024/03/05 07:22:42 IsDone &{0 2024-03-05 07:22:42.223425596 +0800 CST m=+4.523938367 0xc00008a870} true
2024/03/05 07:22:42 Order 7 finish Map
2024/03/05 07:22:43 Coordinator work
2024/03/05 07:22:43 Coordinator status 0
2024/03/05 07:22:43 Map: 8 done vs. 0 working, Reduce 0 done vs. 0 working
2024/03/05 07:22:43 forward: forward to Reuce Phase
2024/03/05 07:22:43 making reduce order : 8
2024/03/05 07:22:43 making reduce order : 9
2024/03/05 07:22:43 making reduce order : 10
2024/03/05 07:22:43 making reduce order : 11
2024/03/05 07:22:43 making reduce order : 12
2024/03/05 07:22:43 making reduce order : 13
2024/03/05 07:22:43 making reduce order : 14
2024/03/05 07:22:43 making reduce order : 15
2024/03/05 07:22:43 making reduce order : 16
2024/03/05 07:22:43 making reduce order : 17
2024/03/05 07:22:43 done with make reduce order
2024/03/05 07:22:43 Map: 8 done vs. 0 working, Reduce 0 done vs. 10 working
2024/03/05 07:22:43 Coordinator work
2024/03/05 07:22:43 Coordinator status 1
2024/03/05 07:22:43 Order 8 finish Reduce
2024/03/05 07:22:44 Coordinator work
2024/03/05 07:22:44 Coordinator status 1
2024/03/05 07:22:44 Order 9 finish Reduce
2024/03/05 07:22:45 Coordinator work
2024/03/05 07:22:45 Coordinator status 1
2024/03/05 07:22:45 Order 10 finish Reduce
2024/03/05 07:22:45 Coordinator work
2024/03/05 07:22:45 Coordinator status 1
2024/03/05 07:22:45 Order 11 finish Reduce
2024/03/05 07:22:46 Coordinator work
2024/03/05 07:22:46 Coordinator status 1
2024/03/05 07:22:46 Order 12 finish Reduce
2024/03/05 07:22:46 Coordinator work
2024/03/05 07:22:46 Coordinator status 1
2024/03/05 07:22:46 Order 13 finish Reduce
2024/03/05 07:22:47 Coordinator work
2024/03/05 07:22:47 Coordinator status 1
2024/03/05 07:22:47 Order 14 finish Reduce
2024/03/05 07:22:47 Coordinator work
2024/03/05 07:22:47 Coordinator status 1
2024/03/05 07:22:48 Order 15 finish Reduce
2024/03/05 07:22:48 Coordinator work
2024/03/05 07:22:48 Coordinator status 1
2024/03/05 07:22:48 Order 16 finish Reduce
2024/03/05 07:22:49 Coordinator work
2024/03/05 07:22:49 Coordinator status 1
2024/03/05 07:22:49 Order 17 finish Reduce
2024/03/05 07:22:49 Coordinator work
2024/03/05 07:22:49 Coordinator status 1
2024/03/05 07:22:49 Map: 8 done vs. 0 working, Reduce 10 done vs. 0 working
2024/03/05 07:22:49 forward: forward to done phase
2024/03/05 07:22:50 Coordinator work
2024/03/05 07:22:50 Coordinator status 2
