2024/03/05 01:39:45 making map order &{0 [../pg-being_ernest.txt] 0 10}
2024/03/05 01:39:45 making map order &{0 [../pg-dorian_gray.txt] 1 10}
2024/03/05 01:39:45 making map order &{0 [../pg-frankenstein.txt] 2 10}
2024/03/05 01:39:45 making map order &{0 [../pg-grimm.txt] 3 10}
2024/03/05 01:39:45 making map order &{0 [../pg-huckleberry_finn.txt] 4 10}
2024/03/05 01:39:45 making map order &{0 [../pg-metamorphosis.txt] 5 10}
2024/03/05 01:39:45 making map order &{0 [../pg-sherlock_holmes.txt] 6 10}
2024/03/05 01:39:45 making map order &{0 [../pg-tom_sawyer.txt] 7 10}
2024/03/05 01:39:45 done with make map order
2024/03/05 01:39:45 Map: 0 done vs. 8 working, Reduce 0 done vs. 0 working
2024/03/05 01:39:46 Coordinator work
2024/03/05 01:39:46 Coordinator status 0
2024/03/05 01:39:46 Coordinator work
2024/03/05 01:39:46 Coordinator status 0
2024/03/05 01:39:46 IsDone &{0 2024-03-05 01:39:46.386128527 +0800 CST m=+1.014819092 0xc00007bef0} true
2024/03/05 01:39:46 Order 0 finish Map
2024/03/05 01:39:46 IsDone &{0 2024-03-05 01:39:46.387266151 +0800 CST m=+1.015956712 0xc00007bf80} true
2024/03/05 01:39:46 Order 1 finish Map
2024/03/05 01:39:47 Coordinator work
2024/03/05 01:39:47 Coordinator status 0
2024/03/05 01:39:47 Coordinator work
2024/03/05 01:39:47 Coordinator status 0
2024/03/05 01:39:47 IsDone &{0 2024-03-05 01:39:47.522548409 +0800 CST m=+2.151238968 0xc00016a030} true
2024/03/05 01:39:47 Order 2 finish Map
2024/03/05 01:39:47 IsDone &{0 2024-03-05 01:39:47.617253867 +0800 CST m=+2.245944428 0xc00016a0c0} true
2024/03/05 01:39:47 Order 3 finish Map
2024/03/05 01:39:48 Coordinator work
2024/03/05 01:39:48 Coordinator status 0
2024/03/05 01:39:48 Coordinator work
2024/03/05 01:39:48 Coordinator status 0
2024/03/05 01:39:48 IsDone &{0 2024-03-05 01:39:48.709846712 +0800 CST m=+3.338537276 0xc00016a150} true
2024/03/05 01:39:48 Order 4 finish Map
2024/03/05 01:39:48 IsDone &{0 2024-03-05 01:39:48.835431383 +0800 CST m=+3.464121953 0xc00016a1e0} true
2024/03/05 01:39:48 Order 5 finish Map
2024/03/05 01:39:49 Coordinator work
2024/03/05 01:39:49 Coordinator status 0
2024/03/05 01:39:49 Coordinator work
2024/03/05 01:39:49 Coordinator status 0
2024/03/05 01:39:50 IsDone &{0 2024-03-05 01:39:49.978889143 +0800 CST m=+4.607579705 0xc00016a300} true
2024/03/05 01:39:50 Order 7 finish Map
2024/03/05 01:39:50 IsDone &{0 2024-03-05 01:39:49.946777519 +0800 CST m=+4.575468085 0xc00016a270} true
2024/03/05 01:39:50 Order 6 finish Map
2024/03/05 01:39:51 Coordinator work
2024/03/05 01:39:51 Coordinator status 0
2024/03/05 01:39:51 Map: 8 done vs. 0 working, Reduce 0 done vs. 0 working
2024/03/05 01:39:51 forward: forward to Reuce Phase
2024/03/05 01:39:51 making reduce order : 8
2024/03/05 01:39:51 making reduce order : 9
2024/03/05 01:39:51 making reduce order : 10
2024/03/05 01:39:51 making reduce order : 11
2024/03/05 01:39:51 making reduce order : 12
2024/03/05 01:39:51 making reduce order : 13
2024/03/05 01:39:51 making reduce order : 14
2024/03/05 01:39:51 making reduce order : 15
2024/03/05 01:39:51 making reduce order : 16
2024/03/05 01:39:51 making reduce order : 17
2024/03/05 01:39:51 done with make reduce order
2024/03/05 01:39:51 Map: 8 done vs. 0 working, Reduce 0 done vs. 10 working
2024/03/05 01:39:51 Coordinator work
2024/03/05 01:39:51 Coordinator status 1
2024/03/05 01:39:51 Order 8 finish Reduce
2024/03/05 01:39:52 Coordinator work
2024/03/05 01:39:52 Coordinator status 1
2024/03/05 01:39:52 Order 9 finish Reduce
2024/03/05 01:39:53 Coordinator work
2024/03/05 01:39:53 Coordinator status 1
2024/03/05 01:39:53 Order 10 finish Reduce
2024/03/05 01:39:53 Coordinator work
2024/03/05 01:39:53 Coordinator status 1
2024/03/05 01:39:53 Order 11 finish Reduce
2024/03/05 01:39:54 Coordinator work
2024/03/05 01:39:54 Coordinator status 1
2024/03/05 01:39:54 Order 12 finish Reduce
2024/03/05 01:39:54 Coordinator work
2024/03/05 01:39:54 Coordinator status 1
2024/03/05 01:39:54 Order 13 finish Reduce
2024/03/05 01:39:55 Coordinator work
2024/03/05 01:39:55 Coordinator status 1
2024/03/05 01:39:55 Order 14 finish Reduce
2024/03/05 01:39:55 Coordinator work
2024/03/05 01:39:55 Coordinator status 1
2024/03/05 01:39:55 Order 15 finish Reduce
2024/03/05 01:39:56 Coordinator work
2024/03/05 01:39:56 Coordinator status 1
2024/03/05 01:39:56 Order 16 finish Reduce
2024/03/05 01:39:56 Coordinator work
2024/03/05 01:39:56 Coordinator status 1
2024/03/05 01:39:56 Order 17 finish Reduce
2024/03/05 01:39:57 Coordinator work
2024/03/05 01:39:57 Coordinator status 1
2024/03/05 01:39:57 Map: 8 done vs. 0 working, Reduce 10 done vs. 0 working
2024/03/05 01:39:57 forward: forward to done phase
2024/03/05 01:39:57 Coordinator work
2024/03/05 01:39:57 Coordinator status 2
