2024/03/05 01:58:24 making map order &{0 [../pg-being_ernest.txt] 0 10}
2024/03/05 01:58:24 making map order &{0 [../pg-dorian_gray.txt] 1 10}
2024/03/05 01:58:24 making map order &{0 [../pg-frankenstein.txt] 2 10}
2024/03/05 01:58:24 making map order &{0 [../pg-grimm.txt] 3 10}
2024/03/05 01:58:24 making map order &{0 [../pg-huckleberry_finn.txt] 4 10}
2024/03/05 01:58:24 making map order &{0 [../pg-metamorphosis.txt] 5 10}
2024/03/05 01:58:24 making map order &{0 [../pg-sherlock_holmes.txt] 6 10}
2024/03/05 01:58:24 making map order &{0 [../pg-tom_sawyer.txt] 7 10}
2024/03/05 01:58:24 done with make map order
2024/03/05 01:58:24 Map: 0 done vs. 8 working, Reduce 0 done vs. 0 working
2024/03/05 01:58:25 Coordinator work
2024/03/05 01:58:25 Coordinator status 0
2024/03/05 01:58:25 Coordinator work
2024/03/05 01:58:25 Coordinator status 0
2024/03/05 01:58:29 IsDone &{0 2024-03-05 01:58:25.294506611 +0800 CST m=+1.020032460 0xc0000742d0} true
2024/03/05 01:58:29 Order 0 finish Map
2024/03/05 01:58:29 IsDone &{0 2024-03-05 01:58:25.298947814 +0800 CST m=+1.024473661 0xc000074360} true
2024/03/05 01:58:29 Order 1 finish Map
2024/03/05 01:58:30 Coordinator work
2024/03/05 01:58:30 Coordinator status 0
2024/03/05 01:58:30 Coordinator work
2024/03/05 01:58:30 Coordinator status 0
2024/03/05 01:58:34 IsDone &{0 2024-03-05 01:58:30.386581909 +0800 CST m=+6.112107783 0xc0000743f0} true
2024/03/05 01:58:34 Order 2 finish Map
2024/03/05 01:58:34 IsDone &{0 2024-03-05 01:58:30.39777024 +0800 CST m=+6.123296093 0xc000074480} true
2024/03/05 01:58:34 Order 3 finish Map
2024/03/05 01:58:35 Coordinator work
2024/03/05 01:58:35 Coordinator status 0
2024/03/05 01:58:35 Coordinator work
2024/03/05 01:58:35 Coordinator status 0
2024/03/05 01:58:39 IsDone &{0 2024-03-05 01:58:35.303314685 +0800 CST m=+11.028840541 0xc0000745a0} true
2024/03/05 01:58:39 Order 5 finish Map
2024/03/05 01:58:39 IsDone &{0 2024-03-05 01:58:35.296708701 +0800 CST m=+11.022234557 0xc000074510} true
2024/03/05 01:58:39 Order 4 finish Map
2024/03/05 01:58:40 Coordinator work
2024/03/05 01:58:40 Coordinator status 0
2024/03/05 01:58:40 Coordinator work
2024/03/05 01:58:40 Coordinator status 0
2024/03/05 01:58:42 IsDone &{0 2024-03-05 01:58:40.16484459 +0800 CST m=+15.890370446 0xc0000746c0} true
2024/03/05 01:58:42 Order 7 finish Map
2024/03/05 01:58:42 IsDone &{0 2024-03-05 01:58:40.160662568 +0800 CST m=+15.886188421 0xc000074630} true
2024/03/05 01:58:42 Order 6 finish Map
2024/03/05 01:58:43 Coordinator work
2024/03/05 01:58:43 Coordinator status 0
2024/03/05 01:58:43 Map: 8 done vs. 0 working, Reduce 0 done vs. 0 working
2024/03/05 01:58:43 forward: forward to Reuce Phase
2024/03/05 01:58:43 making reduce order : 8
2024/03/05 01:58:43 making reduce order : 9
2024/03/05 01:58:43 making reduce order : 10
2024/03/05 01:58:43 making reduce order : 11
2024/03/05 01:58:43 Coordinator work
2024/03/05 01:58:43 making reduce order : 12
2024/03/05 01:58:43 making reduce order : 13
2024/03/05 01:58:43 making reduce order : 14
2024/03/05 01:58:43 making reduce order : 15
2024/03/05 01:58:43 making reduce order : 16
2024/03/05 01:58:43 making reduce order : 17
2024/03/05 01:58:43 done with make reduce order
2024/03/05 01:58:43 Map: 8 done vs. 0 working, Reduce 0 done vs. 10 working
2024/03/05 01:58:43 Coordinator status 1
2024/03/05 01:58:43 Order 8 finish Reduce
2024/03/05 01:58:44 Coordinator work
2024/03/05 01:58:44 Coordinator status 1
2024/03/05 01:58:44 Order 9 finish Reduce
2024/03/05 01:58:45 Coordinator work
2024/03/05 01:58:45 Coordinator status 1
2024/03/05 01:58:45 Order 10 finish Reduce
2024/03/05 01:58:45 Coordinator work
2024/03/05 01:58:45 Coordinator status 1
2024/03/05 01:58:45 Order 11 finish Reduce
2024/03/05 01:58:46 Coordinator work
2024/03/05 01:58:46 Coordinator status 1
2024/03/05 01:58:46 Order 12 finish Reduce
2024/03/05 01:58:46 Coordinator work
2024/03/05 01:58:46 Coordinator status 1
2024/03/05 01:58:46 Order 13 finish Reduce
2024/03/05 01:58:47 Coordinator work
2024/03/05 01:58:47 Coordinator status 1
2024/03/05 01:58:47 Order 14 finish Reduce
2024/03/05 01:58:47 Coordinator work
2024/03/05 01:58:47 Coordinator status 1
2024/03/05 01:58:47 Order 15 finish Reduce
2024/03/05 01:58:48 Coordinator work
2024/03/05 01:58:48 Coordinator status 1
2024/03/05 01:58:48 Order 16 finish Reduce
2024/03/05 01:58:48 Coordinator work
2024/03/05 01:58:48 Coordinator status 1
2024/03/05 01:58:48 Order 17 finish Reduce
2024/03/05 01:58:49 Coordinator work
2024/03/05 01:58:49 Coordinator status 1
2024/03/05 01:58:49 Map: 8 done vs. 0 working, Reduce 10 done vs. 0 working
2024/03/05 01:58:49 forward: forward to done phase
2024/03/05 01:58:49 Coordinator work
2024/03/05 01:58:49 Coordinator status 2
