2024/03/05 10:00:10 making map order &{0 [../pg-being_ernest.txt] 0 10}
2024/03/05 10:00:10 making map order &{0 [../pg-dorian_gray.txt] 1 10}
2024/03/05 10:00:10 making map order &{0 [../pg-frankenstein.txt] 2 10}
2024/03/05 10:00:10 making map order &{0 [../pg-grimm.txt] 3 10}
2024/03/05 10:00:10 making map order &{0 [../pg-huckleberry_finn.txt] 4 10}
2024/03/05 10:00:10 making map order &{0 [../pg-metamorphosis.txt] 5 10}
2024/03/05 10:00:10 making map order &{0 [../pg-sherlock_holmes.txt] 6 10}
2024/03/05 10:00:10 making map order &{0 [../pg-tom_sawyer.txt] 7 10}
2024/03/05 10:00:10 done with make map order
2024/03/05 10:00:10 Map: 0 done vs. 8 working, Reduce 0 done vs. 0 working
2024/03/05 10:00:11 Coordinator work
2024/03/05 10:00:11 Coordinator status 0
2024/03/05 10:00:11 Coordinator work
2024/03/05 10:00:11 Coordinator status 0
2024/03/05 10:00:11 IsDone &{0 2024-03-05 10:00:11.184067321 +0800 CST m=+1.016895410 0xc00009de00} true
2024/03/05 10:00:11 Order 0 finish Map
2024/03/05 10:00:11 IsDone &{0 2024-03-05 10:00:11.186811098 +0800 CST m=+1.019639178 0xc00009de90} true
2024/03/05 10:00:11 Order 1 finish Map
2024/03/05 10:00:12 Coordinator work
2024/03/05 10:00:12 Coordinator status 0
2024/03/05 10:00:12 Coordinator work
2024/03/05 10:00:12 Coordinator status 0
2024/03/05 10:00:12 IsDone &{0 2024-03-05 10:00:12.266945165 +0800 CST m=+2.099773248 0xc00009df20} true
2024/03/05 10:00:12 Order 2 finish Map
2024/03/05 10:00:12 IsDone &{0 2024-03-05 10:00:12.405474436 +0800 CST m=+2.238302520 0xc00009dfb0} true
2024/03/05 10:00:12 Order 3 finish Map
2024/03/05 10:00:13 Coordinator work
2024/03/05 10:00:13 Coordinator status 0
2024/03/05 10:00:13 Coordinator work
2024/03/05 10:00:13 Coordinator status 0
2024/03/05 10:00:13 IsDone &{0 2024-03-05 10:00:13.598071625 +0800 CST m=+3.430899710 0xc0001180f0} true
2024/03/05 10:00:13 Order 5 finish Map
2024/03/05 10:00:13 IsDone &{0 2024-03-05 10:00:13.503533688 +0800 CST m=+3.336361772 0xc000118060} true
2024/03/05 10:00:13 Order 4 finish Map
2024/03/05 10:00:14 Coordinator work
2024/03/05 10:00:14 Coordinator status 0
2024/03/05 10:00:14 Coordinator work
2024/03/05 10:00:14 Coordinator status 0
2024/03/05 10:00:14 IsDone &{0 2024-03-05 10:00:14.680403412 +0800 CST m=+4.513231492 0xc000118180} true
2024/03/05 10:00:14 Order 6 finish Map
2024/03/05 10:00:14 IsDone &{0 2024-03-05 10:00:14.74004086 +0800 CST m=+4.572868949 0xc000118210} true
2024/03/05 10:00:14 Order 7 finish Map
2024/03/05 10:00:15 Coordinator work
2024/03/05 10:00:15 Coordinator status 0
2024/03/05 10:00:15 Map: 8 done vs. 0 working, Reduce 0 done vs. 0 working
2024/03/05 10:00:15 forward: forward to Reuce Phase
2024/03/05 10:00:15 making reduce order : 8
2024/03/05 10:00:15 making reduce order : 9
2024/03/05 10:00:15 making reduce order : 10
2024/03/05 10:00:15 making reduce order : 11
2024/03/05 10:00:15 making reduce order : 12
2024/03/05 10:00:15 making reduce order : 13
2024/03/05 10:00:15 making reduce order : 14
2024/03/05 10:00:15 making reduce order : 15
2024/03/05 10:00:15 making reduce order : 16
2024/03/05 10:00:15 making reduce order : 17
2024/03/05 10:00:15 done with make reduce order
2024/03/05 10:00:15 Map: 8 done vs. 0 working, Reduce 0 done vs. 10 working
2024/03/05 10:00:15 Coordinator work
2024/03/05 10:00:15 Coordinator status 1
2024/03/05 10:00:16 Order 8 finish Reduce
2024/03/05 10:00:17 Coordinator work
2024/03/05 10:00:17 Coordinator status 1
2024/03/05 10:00:17 Order 9 finish Reduce
2024/03/05 10:00:17 Coordinator work
2024/03/05 10:00:17 Coordinator status 1
2024/03/05 10:00:18 Order 10 finish Reduce
2024/03/05 10:00:18 Coordinator work
2024/03/05 10:00:18 Coordinator status 1
2024/03/05 10:00:18 Order 11 finish Reduce
2024/03/05 10:00:19 Coordinator work
2024/03/05 10:00:19 Coordinator status 1
2024/03/05 10:00:19 Order 12 finish Reduce
2024/03/05 10:00:19 Coordinator work
2024/03/05 10:00:19 Coordinator status 1
2024/03/05 10:00:19 Order 13 finish Reduce
2024/03/05 10:00:20 Coordinator work
2024/03/05 10:00:20 Coordinator status 1
2024/03/05 10:00:20 Order 14 finish Reduce
2024/03/05 10:00:20 Coordinator work
2024/03/05 10:00:20 Coordinator status 1
2024/03/05 10:00:20 Order 15 finish Reduce
2024/03/05 10:00:21 Coordinator work
2024/03/05 10:00:21 Coordinator status 1
2024/03/05 10:00:21 Order 16 finish Reduce
2024/03/05 10:00:21 Coordinator work
2024/03/05 10:00:21 Coordinator status 1
2024/03/05 10:00:21 Order 17 finish Reduce
2024/03/05 10:00:22 Coordinator work
2024/03/05 10:00:22 Coordinator status 1
2024/03/05 10:00:22 Map: 8 done vs. 0 working, Reduce 10 done vs. 0 working
2024/03/05 10:00:22 forward: forward to done phase
2024/03/05 10:00:22 Coordinator work
2024/03/05 10:00:22 Coordinator status 2
