2024/03/05 00:48:16 making map order &{0 [../pg-being_ernest.txt] 0 10}
2024/03/05 00:48:16 making map order &{0 [../pg-dorian_gray.txt] 1 10}
2024/03/05 00:48:16 making map order &{0 [../pg-frankenstein.txt] 2 10}
2024/03/05 00:48:16 making map order &{0 [../pg-grimm.txt] 3 10}
2024/03/05 00:48:16 making map order &{0 [../pg-huckleberry_finn.txt] 4 10}
2024/03/05 00:48:16 making map order &{0 [../pg-metamorphosis.txt] 5 10}
2024/03/05 00:48:16 making map order &{0 [../pg-sherlock_holmes.txt] 6 10}
2024/03/05 00:48:16 making map order &{0 [../pg-tom_sawyer.txt] 7 10}
2024/03/05 00:48:16 done with make map order
2024/03/05 00:48:16 Map: 0 done vs. 8 working, Reduce 0 done vs. 0 working
2024/03/05 00:48:17 Coordinator work
2024/03/05 00:48:17 Coordinator status 0
2024/03/05 00:48:17 Coordinator work
2024/03/05 00:48:17 Coordinator status 0
2024/03/05 00:48:22 IsDone &{0 2024-03-05 00:48:17.920292724 +0800 CST m=+1.018439215 0xc0000a3e00} true
2024/03/05 00:48:22 Order 0 finish Map
2024/03/05 00:48:22 IsDone &{0 2024-03-05 00:48:17.927469015 +0800 CST m=+1.025615511 0xc0000a3e90} true
2024/03/05 00:48:22 Order 1 finish Map
2024/03/05 00:48:23 Coordinator work
2024/03/05 00:48:23 Coordinator status 0
2024/03/05 00:48:23 Coordinator work
2024/03/05 00:48:23 Coordinator status 0
2024/03/05 00:48:26 IsDone &{0 2024-03-05 00:48:23.011154315 +0800 CST m=+6.109300814 0xc0000a3f20} true
2024/03/05 00:48:26 Order 2 finish Map
2024/03/05 00:48:26 IsDone &{0 2024-03-05 00:48:23.024970227 +0800 CST m=+6.123116725 0xc0000a3fb0} true
2024/03/05 00:48:26 Order 3 finish Map
2024/03/05 00:48:27 Coordinator work
2024/03/05 00:48:27 Coordinator status 0
2024/03/05 00:48:27 Coordinator work
2024/03/05 00:48:27 Coordinator status 0
2024/03/05 00:48:31 IsDone &{0 2024-03-05 00:48:27.913771091 +0800 CST m=+11.011917588 0xc00011c060} true
2024/03/05 00:48:31 Order 4 finish Map
2024/03/05 00:48:31 IsDone &{0 2024-03-05 00:48:27.929843452 +0800 CST m=+11.027989958 0xc00011c0f0} true
2024/03/05 00:48:31 Order 5 finish Map
2024/03/05 00:48:32 Coordinator work
2024/03/05 00:48:32 Coordinator status 0
2024/03/05 00:48:32 Coordinator work
2024/03/05 00:48:32 Coordinator status 0
2024/03/05 00:48:34 IsDone &{0 2024-03-05 00:48:32.779180745 +0800 CST m=+15.877327243 0xc00011c180} true
2024/03/05 00:48:34 Order 6 finish Map
2024/03/05 00:48:34 IsDone &{0 2024-03-05 00:48:32.789283159 +0800 CST m=+15.887429657 0xc00011c210} true
2024/03/05 00:48:34 Order 7 finish Map
2024/03/05 00:48:35 Coordinator work
2024/03/05 00:48:35 Coordinator status 0
2024/03/05 00:48:35 Map: 8 done vs. 0 working, Reduce 0 done vs. 0 working
2024/03/05 00:48:35 forward: forward to Reuce Phase
2024/03/05 00:48:35 making reduce order : 8
2024/03/05 00:48:35 making reduce order : 9
2024/03/05 00:48:35 making reduce order : 10
2024/03/05 00:48:35 making reduce order : 11
2024/03/05 00:48:35 making reduce order : 12
2024/03/05 00:48:35 making reduce order : 13
2024/03/05 00:48:35 making reduce order : 14
2024/03/05 00:48:35 making reduce order : 15
2024/03/05 00:48:35 Coordinator work
2024/03/05 00:48:35 making reduce order : 16
2024/03/05 00:48:35 making reduce order : 17
2024/03/05 00:48:35 done with make reduce order
2024/03/05 00:48:35 Map: 8 done vs. 0 working, Reduce 0 done vs. 10 working
2024/03/05 00:48:35 Coordinator status 1
2024/03/05 00:48:35 Order 8 finish Reduce
2024/03/05 00:48:36 Coordinator work
2024/03/05 00:48:36 Coordinator status 1
2024/03/05 00:48:36 Order 9 finish Reduce
2024/03/05 00:48:37 Coordinator work
2024/03/05 00:48:37 Coordinator status 1
2024/03/05 00:48:37 Order 10 finish Reduce
2024/03/05 00:48:37 Coordinator work
2024/03/05 00:48:37 Coordinator status 1
2024/03/05 00:48:37 Order 11 finish Reduce
2024/03/05 00:48:38 Coordinator work
2024/03/05 00:48:38 Coordinator status 1
2024/03/05 00:48:38 Order 12 finish Reduce
2024/03/05 00:48:38 Coordinator work
2024/03/05 00:48:38 Coordinator status 1
2024/03/05 00:48:38 Order 13 finish Reduce
2024/03/05 00:48:39 Coordinator work
2024/03/05 00:48:39 Coordinator status 1
2024/03/05 00:48:39 Order 14 finish Reduce
2024/03/05 00:48:39 Coordinator work
2024/03/05 00:48:39 Coordinator status 1
2024/03/05 00:48:39 Order 15 finish Reduce
2024/03/05 00:48:40 Coordinator work
2024/03/05 00:48:40 Coordinator status 1
2024/03/05 00:48:40 Order 16 finish Reduce
2024/03/05 00:48:40 Coordinator work
2024/03/05 00:48:40 Coordinator status 1
2024/03/05 00:48:40 Order 17 finish Reduce
2024/03/05 00:48:41 Coordinator work
2024/03/05 00:48:41 Coordinator status 1
2024/03/05 00:48:41 Map: 8 done vs. 0 working, Reduce 10 done vs. 0 working
2024/03/05 00:48:41 forward: forward to done phase
2024/03/05 00:48:41 Coordinator work
2024/03/05 00:48:41 Coordinator status 2
