2024/03/05 09:25:58 making map order &{0 [../pg-being_ernest.txt] 0 10}
2024/03/05 09:25:58 making map order &{0 [../pg-dorian_gray.txt] 1 10}
2024/03/05 09:25:58 making map order &{0 [../pg-frankenstein.txt] 2 10}
2024/03/05 09:25:58 making map order &{0 [../pg-grimm.txt] 3 10}
2024/03/05 09:25:58 making map order &{0 [../pg-huckleberry_finn.txt] 4 10}
2024/03/05 09:25:58 making map order &{0 [../pg-metamorphosis.txt] 5 10}
2024/03/05 09:25:58 making map order &{0 [../pg-sherlock_holmes.txt] 6 10}
2024/03/05 09:25:58 making map order &{0 [../pg-tom_sawyer.txt] 7 10}
2024/03/05 09:25:58 done with make map order
2024/03/05 09:25:58 Map: 0 done vs. 8 working, Reduce 0 done vs. 0 working
2024/03/05 09:25:59 Coordinator work
2024/03/05 09:25:59 Coordinator status 0
2024/03/05 09:25:59 Coordinator work
2024/03/05 09:25:59 Coordinator status 0
2024/03/05 09:26:00 IsDone &{0 2024-03-05 09:25:59.95001824 +0800 CST m=+1.017901327 0xc0001025a0} true
2024/03/05 09:26:00 Order 0 finish Map
2024/03/05 09:26:00 IsDone &{0 2024-03-05 09:25:59.954797411 +0800 CST m=+1.022680483 0xc000102630} true
2024/03/05 09:26:00 Order 1 finish Map
2024/03/05 09:26:01 Coordinator work
2024/03/05 09:26:01 Coordinator status 0
2024/03/05 09:26:01 Coordinator work
2024/03/05 09:26:01 Coordinator status 0
2024/03/05 09:26:01 IsDone &{0 2024-03-05 09:26:01.10877781 +0800 CST m=+2.176660926 0xc0001026c0} true
2024/03/05 09:26:01 Order 2 finish Map
2024/03/05 09:26:01 IsDone &{0 2024-03-05 09:26:01.190239435 +0800 CST m=+2.258122510 0xc000102750} true
2024/03/05 09:26:01 Order 3 finish Map
2024/03/05 09:26:02 Coordinator work
2024/03/05 09:26:02 Coordinator status 0
2024/03/05 09:26:02 Coordinator work
2024/03/05 09:26:02 Coordinator status 0
2024/03/05 09:26:02 IsDone &{0 2024-03-05 09:26:02.300660426 +0800 CST m=+3.368543503 0xc0001027e0} true
2024/03/05 09:26:02 Order 4 finish Map
2024/03/05 09:26:02 IsDone &{0 2024-03-05 09:26:02.412800676 +0800 CST m=+3.480683751 0xc000102870} true
2024/03/05 09:26:02 Order 5 finish Map
2024/03/05 09:26:03 Coordinator work
2024/03/05 09:26:03 Coordinator status 0
2024/03/05 09:26:03 Coordinator work
2024/03/05 09:26:03 Coordinator status 0
2024/03/05 09:26:03 IsDone &{0 2024-03-05 09:26:03.531035119 +0800 CST m=+4.598918196 0xc000102990} true
2024/03/05 09:26:03 Order 7 finish Map
2024/03/05 09:26:03 IsDone &{0 2024-03-05 09:26:03.527200221 +0800 CST m=+4.595083294 0xc000102900} true
2024/03/05 09:26:03 Order 6 finish Map
2024/03/05 09:26:04 Coordinator work
2024/03/05 09:26:04 Coordinator status 0
2024/03/05 09:26:04 Map: 8 done vs. 0 working, Reduce 0 done vs. 0 working
2024/03/05 09:26:04 forward: forward to Reuce Phase
2024/03/05 09:26:04 making reduce order : 8
2024/03/05 09:26:04 making reduce order : 9
2024/03/05 09:26:04 making reduce order : 10
2024/03/05 09:26:04 making reduce order : 11
2024/03/05 09:26:04 making reduce order : 12
2024/03/05 09:26:04 making reduce order : 13
2024/03/05 09:26:04 making reduce order : 14
2024/03/05 09:26:04 making reduce order : 15
2024/03/05 09:26:04 making reduce order : 16
2024/03/05 09:26:04 making reduce order : 17
2024/03/05 09:26:04 done with make reduce order
2024/03/05 09:26:04 Map: 8 done vs. 0 working, Reduce 0 done vs. 10 working
2024/03/05 09:26:04 Coordinator work
2024/03/05 09:26:04 Coordinator status 1
2024/03/05 09:26:04 Order 8 finish Reduce
2024/03/05 09:26:05 Coordinator work
2024/03/05 09:26:05 Coordinator status 1
2024/03/05 09:26:06 Order 9 finish Reduce
2024/03/05 09:26:06 Coordinator work
2024/03/05 09:26:06 Coordinator status 1
2024/03/05 09:26:06 Order 10 finish Reduce
2024/03/05 09:26:07 Coordinator work
2024/03/05 09:26:07 Coordinator status 1
2024/03/05 09:26:07 Order 11 finish Reduce
2024/03/05 09:26:07 Coordinator work
2024/03/05 09:26:07 Coordinator status 1
2024/03/05 09:26:08 Order 12 finish Reduce
2024/03/05 09:26:08 Coordinator work
2024/03/05 09:26:08 Coordinator status 1
2024/03/05 09:26:08 Order 13 finish Reduce
2024/03/05 09:26:09 Coordinator work
2024/03/05 09:26:09 Coordinator status 1
2024/03/05 09:26:09 Order 14 finish Reduce
2024/03/05 09:26:09 Coordinator work
2024/03/05 09:26:09 Coordinator status 1
2024/03/05 09:26:09 Order 15 finish Reduce
2024/03/05 09:26:10 Coordinator work
2024/03/05 09:26:10 Coordinator status 1
2024/03/05 09:26:10 Order 16 finish Reduce
2024/03/05 09:26:10 Coordinator work
2024/03/05 09:26:10 Coordinator status 1
2024/03/05 09:26:10 Order 17 finish Reduce
2024/03/05 09:26:11 Coordinator work
2024/03/05 09:26:11 Coordinator status 1
2024/03/05 09:26:11 Map: 8 done vs. 0 working, Reduce 10 done vs. 0 working
2024/03/05 09:26:11 forward: forward to done phase
2024/03/05 09:26:11 Coordinator work
2024/03/05 09:26:11 Coordinator status 2
