2024/03/05 11:26:45 making map order &{0 [../pg-being_ernest.txt] 0 10}
2024/03/05 11:26:45 making map order &{0 [../pg-dorian_gray.txt] 1 10}
2024/03/05 11:26:45 making map order &{0 [../pg-frankenstein.txt] 2 10}
2024/03/05 11:26:45 making map order &{0 [../pg-grimm.txt] 3 10}
2024/03/05 11:26:45 making map order &{0 [../pg-huckleberry_finn.txt] 4 10}
2024/03/05 11:26:45 making map order &{0 [../pg-metamorphosis.txt] 5 10}
2024/03/05 11:26:45 making map order &{0 [../pg-sherlock_holmes.txt] 6 10}
2024/03/05 11:26:45 making map order &{0 [../pg-tom_sawyer.txt] 7 10}
2024/03/05 11:26:45 done with make map order
2024/03/05 11:26:45 Map: 0 done vs. 8 working, Reduce 0 done vs. 0 working
2024/03/05 11:26:46 Coordinator work
2024/03/05 11:26:46 Coordinator status 0
2024/03/05 11:26:46 Coordinator work
2024/03/05 11:26:46 Coordinator status 0
2024/03/05 11:26:46 IsDone &{0 2024-03-05 11:26:46.42165082 +0800 CST m=+1.032146967 0xc0000742a0} true
2024/03/05 11:26:46 Order 0 finish Map
2024/03/05 11:26:46 Coordinator work
2024/03/05 11:26:46 Coordinator status 0
2024/03/05 11:26:46 Coordinator work
2024/03/05 11:26:46 Coordinator status 0
2024/03/05 11:26:46 IsDone &{0 2024-03-05 11:26:46.4533164 +0800 CST m=+1.063812547 0xc0000743c0} true
2024/03/05 11:26:46 Order 2 finish Map
2024/03/05 11:26:46 IsDone &{0 2024-03-05 11:26:46.453828382 +0800 CST m=+1.064324528 0xc000074450} true
2024/03/05 11:26:46 Order 3 finish Map
2024/03/05 11:26:47 Coordinator work
2024/03/05 11:26:47 Coordinator status 0
2024/03/05 11:26:47 IsDone &{0 2024-03-05 11:26:47.448890953 +0800 CST m=+2.059387092 0xc0000744e0} true
2024/03/05 11:26:47 Order 4 finish Map
2024/03/05 11:26:47 Coordinator work
2024/03/05 11:26:47 Coordinator status 0
2024/03/05 11:26:47 Coordinator work
2024/03/05 11:26:47 Coordinator status 0
2024/03/05 11:26:47 IsDone &{0 2024-03-05 11:26:47.488314475 +0800 CST m=+2.098810624 0xc000074600} true
2024/03/05 11:26:47 Order 6 finish Map
2024/03/05 11:26:48 Coordinator work
2024/03/05 11:26:48 Coordinator status 0
2024/03/05 11:26:48 IsDone &{0 2024-03-05 11:26:48.472424864 +0800 CST m=+3.082921001 0xc000074690} true
2024/03/05 11:26:48 Order 7 finish Map
2024/03/05 11:26:48 Coordinator work
2024/03/05 11:26:48 Coordinator status 0
2024/03/05 11:26:48 Map: 6 done vs. 2 working, Reduce 0 done vs. 0 working
2024/03/05 11:26:49 Coordinator work
2024/03/05 11:26:49 Coordinator status 0
2024/03/05 11:26:49 Map: 6 done vs. 2 working, Reduce 0 done vs. 0 working
2024/03/05 11:26:49 IsDone &{0 2024-03-05 11:26:46.442253431 +0800 CST m=+1.052749578 0xc000074330} true
2024/03/05 11:26:49 Order 1 finish Map
2024/03/05 11:26:50 Coordinator work
2024/03/05 11:26:50 Coordinator status 0
2024/03/05 11:26:50 Map: 7 done vs. 1 working, Reduce 0 done vs. 0 working
2024/03/05 11:26:50 Coordinator work
2024/03/05 11:26:50 Coordinator status 0
2024/03/05 11:26:50 Map: 7 done vs. 1 working, Reduce 0 done vs. 0 working
2024/03/05 11:26:51 Coordinator work
2024/03/05 11:26:51 Coordinator status 0
2024/03/05 11:26:51 Map: 7 done vs. 1 working, Reduce 0 done vs. 0 working
2024/03/05 11:26:52 Coordinator work
2024/03/05 11:26:52 Coordinator status 0
2024/03/05 11:26:52 Map: 7 done vs. 1 working, Reduce 0 done vs. 0 working
2024/03/05 11:26:52 Coordinator work
2024/03/05 11:26:52 Coordinator status 0
2024/03/05 11:26:52 Map: 7 done vs. 1 working, Reduce 0 done vs. 0 working
2024/03/05 11:26:53 Coordinator work
2024/03/05 11:26:53 Coordinator status 0
2024/03/05 11:26:53 Map: 7 done vs. 1 working, Reduce 0 done vs. 0 working
2024/03/05 11:26:54 Coordinator work
2024/03/05 11:26:54 Coordinator status 0
2024/03/05 11:26:54 Map: 7 done vs. 1 working, Reduce 0 done vs. 0 working
2024/03/05 11:26:54 Coordinator work
2024/03/05 11:26:54 Coordinator status 0
2024/03/05 11:26:54 Map: 7 done vs. 1 working, Reduce 0 done vs. 0 working
2024/03/05 11:26:55 Coordinator work
2024/03/05 11:26:55 Coordinator status 0
2024/03/05 11:26:55 Map: 7 done vs. 1 working, Reduce 0 done vs. 0 working
2024/03/05 11:26:56 Coordinator work
2024/03/05 11:26:56 Coordinator status 0
2024/03/05 11:26:56 Map: 7 done vs. 1 working, Reduce 0 done vs. 0 working
2024/03/05 11:26:56 Coordinator work
2024/03/05 11:26:56 Coordinator status 0
2024/03/05 11:26:56 Map: 7 done vs. 1 working, Reduce 0 done vs. 0 working
2024/03/05 11:26:57 Coordinator work
2024/03/05 11:26:57 Coordinator status 0
2024/03/05 11:26:57 Map: 7 done vs. 1 working, Reduce 0 done vs. 0 working
2024/03/05 11:26:58 Coordiantor restart Map order 5
2024/03/05 11:26:58 Coordinator work
2024/03/05 11:26:58 Coordinator status 0
2024/03/05 11:26:58 Coordinator work
2024/03/05 11:26:58 Coordinator status 0
2024/03/05 11:26:58 Map: 7 done vs. 1 working, Reduce 0 done vs. 0 working
2024/03/05 11:26:59 Coordinator work
2024/03/05 11:26:59 Coordinator status 0
2024/03/05 11:26:59 Map: 7 done vs. 1 working, Reduce 0 done vs. 0 working
2024/03/05 11:27:00 Coordinator work
2024/03/05 11:27:00 Coordinator status 0
2024/03/05 11:27:00 Map: 7 done vs. 1 working, Reduce 0 done vs. 0 working
2024/03/05 11:27:01 IsDone &{0 2024-03-05 11:26:58.528571123 +0800 CST m=+13.139067266 0xc000074570} true
2024/03/05 11:27:01 Order 5 finish Map
2024/03/05 11:27:01 Coordinator work
2024/03/05 11:27:01 Coordinator status 0
2024/03/05 11:27:01 Map: 8 done vs. 0 working, Reduce 0 done vs. 0 working
2024/03/05 11:27:01 forward: forward to Reuce Phase
2024/03/05 11:27:01 making reduce order : 8
2024/03/05 11:27:01 making reduce order : 9
2024/03/05 11:27:01 making reduce order : 10
2024/03/05 11:27:01 making reduce order : 11
2024/03/05 11:27:01 making reduce order : 12
2024/03/05 11:27:01 making reduce order : 13
2024/03/05 11:27:01 making reduce order : 14
2024/03/05 11:27:01 making reduce order : 15
2024/03/05 11:27:01 making reduce order : 16
2024/03/05 11:27:01 making reduce order : 17
2024/03/05 11:27:01 done with make reduce order
2024/03/05 11:27:01 Map: 8 done vs. 0 working, Reduce 0 done vs. 10 working
2024/03/05 11:27:02 Coordinator work
2024/03/05 11:27:02 Coordinator status 1
2024/03/05 11:27:02 Coordinator work
2024/03/05 11:27:02 Coordinator status 1
2024/03/05 11:27:02 Order 9 finish Reduce
2024/03/05 11:27:03 Coordinator work
2024/03/05 11:27:03 Coordinator status 1
2024/03/05 11:27:03 Coordinator work
2024/03/05 11:27:03 Coordinator status 1
2024/03/05 11:27:03 Order 11 finish Reduce
2024/03/05 11:27:04 Coordinator work
2024/03/05 11:27:04 Coordinator status 1
2024/03/05 11:27:04 Order 12 finish Reduce
2024/03/05 11:27:04 Coordinator work
2024/03/05 11:27:04 Coordinator status 1
2024/03/05 11:27:05 Coordinator work
2024/03/05 11:27:05 Coordinator status 1
2024/03/05 11:27:05 Order 14 finish Reduce
2024/03/05 11:27:06 Coordinator work
2024/03/05 11:27:06 Coordinator status 1
2024/03/05 11:27:06 Order 15 finish Reduce
2024/03/05 11:27:06 Order 8 finish Reduce
2024/03/05 11:27:07 Coordinator work
2024/03/05 11:27:07 Coordinator status 1
2024/03/05 11:27:07 Order 16 finish Reduce
2024/03/05 11:27:07 Coordinator work
2024/03/05 11:27:07 Coordinator status 1
2024/03/05 11:27:08 Coordinator work
2024/03/05 11:27:08 Coordinator status 1
2024/03/05 11:27:08 Map: 8 done vs. 0 working, Reduce 7 done vs. 3 working
2024/03/05 11:27:09 Order 13 finish Reduce
2024/03/05 11:27:10 Coordinator work
2024/03/05 11:27:10 Coordinator status 1
2024/03/05 11:27:10 Map: 8 done vs. 0 working, Reduce 8 done vs. 2 working
2024/03/05 11:27:10 Coordinator work
2024/03/05 11:27:10 Coordinator status 1
2024/03/05 11:27:10 Map: 8 done vs. 0 working, Reduce 8 done vs. 2 working
2024/03/05 11:27:12 Coordinator work
2024/03/05 11:27:12 Coordinator status 1
2024/03/05 11:27:12 Map: 8 done vs. 0 working, Reduce 8 done vs. 2 working
2024/03/05 11:27:12 Coordinator work
2024/03/05 11:27:12 Coordinator status 1
2024/03/05 11:27:12 Map: 8 done vs. 0 working, Reduce 8 done vs. 2 working
2024/03/05 11:27:13 Order 17 finish Reduce
2024/03/05 11:27:14 Coordinator work
2024/03/05 11:27:14 Coordinator status 1
2024/03/05 11:27:14 Map: 8 done vs. 0 working, Reduce 9 done vs. 1 working
2024/03/05 11:27:14 Coordiantor restart Reduce order 10
2024/03/05 11:27:14 Coordinator work
2024/03/05 11:27:14 Coordinator status 1
2024/03/05 11:27:14 Coordinator work
2024/03/05 11:27:14 Coordinator status 1
2024/03/05 11:27:14 Map: 8 done vs. 0 working, Reduce 9 done vs. 1 working
2024/03/05 11:27:15 Order 10 finish Reduce
2024/03/05 11:27:16 Coordinator work
2024/03/05 11:27:16 Coordinator status 1
2024/03/05 11:27:16 Map: 8 done vs. 0 working, Reduce 10 done vs. 0 working
2024/03/05 11:27:16 forward: forward to done phase
2024/03/05 11:27:16 Coordinator work
2024/03/05 11:27:16 Coordinator status 2
2024/03/05 11:27:16 Coordinator work
2024/03/05 11:27:16 Coordinator status 2
