2024/03/05 03:30:09 making map order &{0 [../pg-being_ernest.txt] 0 10}
2024/03/05 03:30:09 making map order &{0 [../pg-dorian_gray.txt] 1 10}
2024/03/05 03:30:09 making map order &{0 [../pg-frankenstein.txt] 2 10}
2024/03/05 03:30:09 making map order &{0 [../pg-grimm.txt] 3 10}
2024/03/05 03:30:09 making map order &{0 [../pg-huckleberry_finn.txt] 4 10}
2024/03/05 03:30:09 making map order &{0 [../pg-metamorphosis.txt] 5 10}
2024/03/05 03:30:09 making map order &{0 [../pg-sherlock_holmes.txt] 6 10}
2024/03/05 03:30:09 making map order &{0 [../pg-tom_sawyer.txt] 7 10}
2024/03/05 03:30:09 done with make map order
2024/03/05 03:30:09 Map: 0 done vs. 8 working, Reduce 0 done vs. 0 working
2024/03/05 03:30:10 Coordinator work
2024/03/05 03:30:10 Coordinator status 0
2024/03/05 03:30:10 Coordinator work
2024/03/05 03:30:10 Coordinator status 0
2024/03/05 03:30:10 Coordinator work
2024/03/05 03:30:10 Coordinator status 0
2024/03/05 03:30:11 IsDone &{0 2024-03-05 03:30:10.590380139 +0800 CST m=+1.022998163 0xc00007fef0} true
2024/03/05 03:30:11 Order 0 finish Map
2024/03/05 03:30:12 Coordinator work
2024/03/05 03:30:12 Coordinator status 0
2024/03/05 03:30:12 IsDone &{0 2024-03-05 03:30:10.619340672 +0800 CST m=+1.051958688 0xc00016c030} true
2024/03/05 03:30:12 Order 2 finish Map
2024/03/05 03:30:12 IsDone &{0 2024-03-05 03:30:10.595159949 +0800 CST m=+1.027777972 0xc00007ff80} true
2024/03/05 03:30:12 Order 1 finish Map
2024/03/05 03:30:13 Coordinator work
2024/03/05 03:30:13 Coordinator status 0
2024/03/05 03:30:13 Coordinator work
2024/03/05 03:30:13 Coordinator status 0
2024/03/05 03:30:14 IsDone &{0 2024-03-05 03:30:12.270528801 +0800 CST m=+2.703146834 0xc00016c0c0} true
2024/03/05 03:30:14 Order 3 finish Map
2024/03/05 03:30:14 IsDone &{0 2024-03-05 03:30:13.670190686 +0800 CST m=+4.102808702 0xc00016c1e0} true
2024/03/05 03:30:14 Order 5 finish Map
2024/03/05 03:30:15 Coordinator work
2024/03/05 03:30:15 Coordinator status 0
2024/03/05 03:30:15 Coordinator work
2024/03/05 03:30:15 Coordinator status 0
2024/03/05 03:30:15 IsDone &{0 2024-03-05 03:30:13.59909925 +0800 CST m=+4.031717296 0xc00016c150} true
2024/03/05 03:30:15 Order 4 finish Map
2024/03/05 03:30:16 Coordinator work
2024/03/05 03:30:16 Coordinator status 0
2024/03/05 03:30:16 Map: 6 done vs. 2 working, Reduce 0 done vs. 0 working
2024/03/05 03:30:17 IsDone &{0 2024-03-05 03:30:15.339965799 +0800 CST m=+5.772583853 0xc00016c300} true
2024/03/05 03:30:17 Order 7 finish Map
2024/03/05 03:30:17 IsDone &{0 2024-03-05 03:30:15.195873553 +0800 CST m=+5.628491569 0xc00016c270} true
2024/03/05 03:30:17 Order 6 finish Map
2024/03/05 03:30:18 Coordinator work
2024/03/05 03:30:18 Coordinator status 0
2024/03/05 03:30:18 Map: 8 done vs. 0 working, Reduce 0 done vs. 0 working
2024/03/05 03:30:18 forward: forward to Reuce Phase
2024/03/05 03:30:18 making reduce order : 8
2024/03/05 03:30:18 making reduce order : 9
2024/03/05 03:30:18 making reduce order : 10
2024/03/05 03:30:18 making reduce order : 11
2024/03/05 03:30:18 making reduce order : 12
2024/03/05 03:30:18 making reduce order : 13
2024/03/05 03:30:18 making reduce order : 14
2024/03/05 03:30:18 making reduce order : 15
2024/03/05 03:30:18 making reduce order : 16
2024/03/05 03:30:18 making reduce order : 17
2024/03/05 03:30:18 done with make reduce order
2024/03/05 03:30:18 Map: 8 done vs. 0 working, Reduce 0 done vs. 10 working
2024/03/05 03:30:18 Coordinator work
2024/03/05 03:30:18 Coordinator status 1
2024/03/05 03:30:18 Coordinator work
2024/03/05 03:30:18 Coordinator status 1
2024/03/05 03:30:18 Order 8 finish Reduce
2024/03/05 03:30:19 Order 9 finish Reduce
2024/03/05 03:30:19 Coordinator work
2024/03/05 03:30:19 Coordinator status 1
2024/03/05 03:30:20 Coordinator work
2024/03/05 03:30:20 Coordinator status 1
2024/03/05 03:30:20 Coordinator work
2024/03/05 03:30:20 Coordinator status 1
2024/03/05 03:30:21 Order 11 finish Reduce
2024/03/05 03:30:21 Order 12 finish Reduce
2024/03/05 03:30:22 Order 10 finish Reduce
2024/03/05 03:30:22 Coordinator work
2024/03/05 03:30:22 Coordinator status 1
2024/03/05 03:30:22 Coordinator work
2024/03/05 03:30:22 Coordinator status 1
2024/03/05 03:30:23 Coordinator work
2024/03/05 03:30:23 Coordinator status 1
2024/03/05 03:30:23 Order 13 finish Reduce
2024/03/05 03:30:23 Order 15 finish Reduce
2024/03/05 03:30:24 Coordinator work
2024/03/05 03:30:24 Coordinator status 1
2024/03/05 03:30:24 Order 14 finish Reduce
2024/03/05 03:30:24 Coordinator work
2024/03/05 03:30:24 Coordinator status 1
2024/03/05 03:30:25 Order 16 finish Reduce
2024/03/05 03:30:25 Coordinator work
2024/03/05 03:30:25 Coordinator status 1
2024/03/05 03:30:25 Map: 8 done vs. 0 working, Reduce 9 done vs. 1 working
2024/03/05 03:30:25 Order 17 finish Reduce
2024/03/05 03:30:26 Coordinator work
2024/03/05 03:30:26 Coordinator status 1
2024/03/05 03:30:26 Map: 8 done vs. 0 working, Reduce 10 done vs. 0 working
2024/03/05 03:30:26 forward: forward to done phase
2024/03/05 03:30:26 Coordinator work
2024/03/05 03:30:26 Coordinator status 2
2024/03/05 03:30:27 Coordinator work
2024/03/05 03:30:27 Coordinator status 2
