2024/03/04 22:02:23 making map order &{0 [../pg-being_ernest.txt] 0 10}
2024/03/04 22:02:23 making map order &{0 [../pg-dorian_gray.txt] 1 10}
2024/03/04 22:02:23 making map order &{0 [../pg-frankenstein.txt] 2 10}
2024/03/04 22:02:23 making map order &{0 [../pg-grimm.txt] 3 10}
2024/03/04 22:02:23 making map order &{0 [../pg-huckleberry_finn.txt] 4 10}
2024/03/04 22:02:23 making map order &{0 [../pg-metamorphosis.txt] 5 10}
2024/03/04 22:02:23 making map order &{0 [../pg-sherlock_holmes.txt] 6 10}
2024/03/04 22:02:23 making map order &{0 [../pg-tom_sawyer.txt] 7 10}
2024/03/04 22:02:23 done with make map order
2024/03/04 22:02:23 Map: 0 done vs. 8 working, Reduce 0 done vs. 0 working
2024/03/04 22:02:24 Coordinator work
2024/03/04 22:02:24 Coordinator status 0
2024/03/04 22:02:24 Coordinator work
2024/03/04 22:02:24 Coordinator status 0
2024/03/04 22:02:24 IsDone &{0 2024-03-04 22:02:24.730761675 +0800 CST m=+1.033441388 0xc00008a420} true
2024/03/04 22:02:24 Order 0 finish Map
2024/03/04 22:02:24 Coordinator work
2024/03/04 22:02:24 Coordinator status 0
2024/03/04 22:02:24 IsDone &{0 2024-03-04 22:02:24.739449461 +0800 CST m=+1.042129176 0xc00008a540} true
2024/03/04 22:02:24 Order 2 finish Map
2024/03/04 22:02:24 IsDone &{0 2024-03-04 22:02:24.732055647 +0800 CST m=+1.034735362 0xc00008a4b0} true
2024/03/04 22:02:24 Order 1 finish Map
2024/03/04 22:02:25 Coordinator work
2024/03/04 22:02:25 Coordinator status 0
2024/03/04 22:02:25 Coordinator work
2024/03/04 22:02:25 Coordinator status 0
2024/03/04 22:02:25 Coordinator work
2024/03/04 22:02:25 Coordinator status 0
2024/03/04 22:02:25 IsDone &{0 2024-03-04 22:02:25.760976998 +0800 CST m=+2.063656731 0xc00008a6f0} true
2024/03/04 22:02:25 Order 5 finish Map
2024/03/04 22:02:25 IsDone &{0 2024-03-04 22:02:25.748795258 +0800 CST m=+2.051474976 0xc00008a5d0} true
2024/03/04 22:02:25 Order 3 finish Map
2024/03/04 22:02:25 IsDone &{0 2024-03-04 22:02:25.757282638 +0800 CST m=+2.059962353 0xc00008a660} true
2024/03/04 22:02:25 Order 4 finish Map
2024/03/04 22:02:26 Coordinator work
2024/03/04 22:02:26 Coordinator status 0
2024/03/04 22:02:26 Coordinator work
2024/03/04 22:02:26 Coordinator status 0
2024/03/04 22:02:26 Coordinator work
2024/03/04 22:02:26 Coordinator status 0
2024/03/04 22:02:26 Map: 6 done vs. 2 working, Reduce 0 done vs. 0 working
2024/03/04 22:02:26 IsDone &{0 2024-03-04 22:02:26.771985815 +0800 CST m=+3.074665531 0xc00008a780} true
2024/03/04 22:02:26 Order 6 finish Map
2024/03/04 22:02:26 IsDone &{0 2024-03-04 22:02:26.779538202 +0800 CST m=+3.082217921 0xc00008a810} true
2024/03/04 22:02:26 Order 7 finish Map
2024/03/04 22:02:27 Coordinator work
2024/03/04 22:02:27 Coordinator status 0
2024/03/04 22:02:27 Map: 8 done vs. 0 working, Reduce 0 done vs. 0 working
2024/03/04 22:02:27 forward: forward to Reuce Phase
2024/03/04 22:02:27 making reduce order : 8
2024/03/04 22:02:27 making reduce order : 9
2024/03/04 22:02:27 making reduce order : 10
2024/03/04 22:02:27 making reduce order : 11
2024/03/04 22:02:27 making reduce order : 12
2024/03/04 22:02:27 making reduce order : 13
2024/03/04 22:02:27 making reduce order : 14
2024/03/04 22:02:27 making reduce order : 15
2024/03/04 22:02:27 making reduce order : 16
2024/03/04 22:02:27 making reduce order : 17
2024/03/04 22:02:27 done with make reduce order
2024/03/04 22:02:27 Map: 8 done vs. 0 working, Reduce 0 done vs. 10 working
2024/03/04 22:02:27 Coordinator work
2024/03/04 22:02:27 Coordinator status 1
2024/03/04 22:02:27 Order 8 finish Reduce
2024/03/04 22:02:28 Coordinator work
2024/03/04 22:02:28 Coordinator status 1
2024/03/04 22:02:28 Order 9 finish Reduce
2024/03/04 22:02:28 Coordinator work
2024/03/04 22:02:28 Coordinator status 1
2024/03/04 22:02:29 Coordinator work
2024/03/04 22:02:29 Coordinator status 1
2024/03/04 22:02:29 Order 11 finish Reduce
2024/03/04 22:02:29 Coordinator work
2024/03/04 22:02:29 Coordinator status 1
2024/03/04 22:02:29 Order 12 finish Reduce
2024/03/04 22:02:30 Coordinator work
2024/03/04 22:02:30 Coordinator status 1
2024/03/04 22:02:30 Order 13 finish Reduce
2024/03/04 22:02:30 Coordinator work
2024/03/04 22:02:30 Coordinator status 1
2024/03/04 22:02:31 Coordinator work
2024/03/04 22:02:31 Coordinator status 1
2024/03/04 22:02:31 Order 15 finish Reduce
2024/03/04 22:02:31 Order 10 finish Reduce
2024/03/04 22:02:32 Coordinator work
2024/03/04 22:02:32 Coordinator status 1
2024/03/04 22:02:32 Order 16 finish Reduce
2024/03/04 22:02:32 Coordinator work
2024/03/04 22:02:32 Coordinator status 1
2024/03/04 22:02:32 Order 17 finish Reduce
2024/03/04 22:02:33 Order 14 finish Reduce
2024/03/04 22:02:33 Coordinator work
2024/03/04 22:02:33 Coordinator status 1
2024/03/04 22:02:33 Map: 8 done vs. 0 working, Reduce 10 done vs. 0 working
2024/03/04 22:02:33 forward: forward to done phase
2024/03/04 22:02:33 Coordinator work
2024/03/04 22:02:33 Coordinator status 2
2024/03/04 22:02:34 Coordinator work
2024/03/04 22:02:34 Coordinator status 2
