2024/03/05 06:14:28 making map order &{0 [../pg-being_ernest.txt] 0 10}
2024/03/05 06:14:28 making map order &{0 [../pg-dorian_gray.txt] 1 10}
2024/03/05 06:14:28 making map order &{0 [../pg-frankenstein.txt] 2 10}
2024/03/05 06:14:28 making map order &{0 [../pg-grimm.txt] 3 10}
2024/03/05 06:14:28 making map order &{0 [../pg-huckleberry_finn.txt] 4 10}
2024/03/05 06:14:28 making map order &{0 [../pg-metamorphosis.txt] 5 10}
2024/03/05 06:14:28 making map order &{0 [../pg-sherlock_holmes.txt] 6 10}
2024/03/05 06:14:28 making map order &{0 [../pg-tom_sawyer.txt] 7 10}
2024/03/05 06:14:28 done with make map order
2024/03/05 06:14:28 Map: 0 done vs. 8 working, Reduce 0 done vs. 0 working
2024/03/05 06:14:29 Coordinator work
2024/03/05 06:14:29 Coordinator status 0
2024/03/05 06:14:29 Coordinator work
2024/03/05 06:14:29 Coordinator status 0
2024/03/05 06:14:29 IsDone &{0 2024-03-05 06:14:29.743485108 +0800 CST m=+1.014289192 0xc00009dec0} true
2024/03/05 06:14:29 Order 0 finish Map
2024/03/05 06:14:29 IsDone &{0 2024-03-05 06:14:29.746875474 +0800 CST m=+1.017679558 0xc00009df50} true
2024/03/05 06:14:29 Order 1 finish Map
2024/03/05 06:14:30 Coordinator work
2024/03/05 06:14:30 Coordinator status 0
2024/03/05 06:14:30 Coordinator work
2024/03/05 06:14:30 Coordinator status 0
2024/03/05 06:14:31 IsDone &{0 2024-03-05 06:14:30.879878853 +0800 CST m=+2.150682946 0xc00011a000} true
2024/03/05 06:14:31 Order 2 finish Map
2024/03/05 06:14:31 IsDone &{0 2024-03-05 06:14:30.981955052 +0800 CST m=+2.252759139 0xc00011a090} true
2024/03/05 06:14:31 Order 3 finish Map
2024/03/05 06:14:32 Coordinator work
2024/03/05 06:14:32 Coordinator status 0
2024/03/05 06:14:32 Coordinator work
2024/03/05 06:14:32 Coordinator status 0
2024/03/05 06:14:32 IsDone &{0 2024-03-05 06:14:32.231004725 +0800 CST m=+3.501808809 0xc00011a1b0} true
2024/03/05 06:14:32 Order 5 finish Map
2024/03/05 06:14:32 IsDone &{0 2024-03-05 06:14:32.132199731 +0800 CST m=+3.403003816 0xc00011a120} true
2024/03/05 06:14:32 Order 4 finish Map
2024/03/05 06:14:33 Coordinator work
2024/03/05 06:14:33 Coordinator status 0
2024/03/05 06:14:33 Coordinator work
2024/03/05 06:14:33 Coordinator status 0
2024/03/05 06:14:33 IsDone &{0 2024-03-05 06:14:33.373483267 +0800 CST m=+4.644287348 0xc00011a2d0} true
2024/03/05 06:14:33 Order 7 finish Map
2024/03/05 06:14:33 IsDone &{0 2024-03-05 06:14:33.35877441 +0800 CST m=+4.629578491 0xc00011a240} true
2024/03/05 06:14:33 Order 6 finish Map
2024/03/05 06:14:34 Coordinator work
2024/03/05 06:14:34 Coordinator status 0
2024/03/05 06:14:34 Map: 8 done vs. 0 working, Reduce 0 done vs. 0 working
2024/03/05 06:14:34 forward: forward to Reuce Phase
2024/03/05 06:14:34 making reduce order : 8
2024/03/05 06:14:34 making reduce order : 9
2024/03/05 06:14:34 making reduce order : 10
2024/03/05 06:14:34 making reduce order : 11
2024/03/05 06:14:34 making reduce order : 12
2024/03/05 06:14:34 making reduce order : 13
2024/03/05 06:14:34 making reduce order : 14
2024/03/05 06:14:34 making reduce order : 15
2024/03/05 06:14:34 making reduce order : 16
2024/03/05 06:14:34 making reduce order : 17
2024/03/05 06:14:34 done with make reduce order
2024/03/05 06:14:34 Map: 8 done vs. 0 working, Reduce 0 done vs. 10 working
2024/03/05 06:14:34 Coordinator work
2024/03/05 06:14:34 Coordinator status 1
2024/03/05 06:14:34 Order 8 finish Reduce
2024/03/05 06:14:35 Coordinator work
2024/03/05 06:14:35 Coordinator status 1
2024/03/05 06:14:35 Order 9 finish Reduce
2024/03/05 06:14:36 Coordinator work
2024/03/05 06:14:36 Coordinator status 1
2024/03/05 06:14:36 Order 10 finish Reduce
2024/03/05 06:14:36 Coordinator work
2024/03/05 06:14:36 Coordinator status 1
2024/03/05 06:14:36 Order 11 finish Reduce
2024/03/05 06:14:37 Coordinator work
2024/03/05 06:14:37 Coordinator status 1
2024/03/05 06:14:37 Order 12 finish Reduce
2024/03/05 06:14:37 Coordinator work
2024/03/05 06:14:37 Coordinator status 1
2024/03/05 06:14:38 Order 13 finish Reduce
2024/03/05 06:14:38 Coordinator work
2024/03/05 06:14:38 Coordinator status 1
2024/03/05 06:14:38 Order 14 finish Reduce
2024/03/05 06:14:39 Coordinator work
2024/03/05 06:14:39 Coordinator status 1
2024/03/05 06:14:39 Order 15 finish Reduce
2024/03/05 06:14:39 Coordinator work
2024/03/05 06:14:39 Coordinator status 1
2024/03/05 06:14:40 Order 16 finish Reduce
2024/03/05 06:14:40 Coordinator work
2024/03/05 06:14:40 Coordinator status 1
2024/03/05 06:14:40 Order 17 finish Reduce
2024/03/05 06:14:41 Coordinator work
2024/03/05 06:14:41 Coordinator status 1
2024/03/05 06:14:41 Map: 8 done vs. 0 working, Reduce 10 done vs. 0 working
2024/03/05 06:14:41 forward: forward to done phase
2024/03/05 06:14:41 Coordinator work
2024/03/05 06:14:41 Coordinator status 2
