2024/03/05 11:51:56 making map order &{0 [../pg-being_ernest.txt] 0 10}
2024/03/05 11:51:56 making map order &{0 [../pg-dorian_gray.txt] 1 10}
2024/03/05 11:51:56 making map order &{0 [../pg-frankenstein.txt] 2 10}
2024/03/05 11:51:56 making map order &{0 [../pg-grimm.txt] 3 10}
2024/03/05 11:51:56 making map order &{0 [../pg-huckleberry_finn.txt] 4 10}
2024/03/05 11:51:56 making map order &{0 [../pg-metamorphosis.txt] 5 10}
2024/03/05 11:51:56 making map order &{0 [../pg-sherlock_holmes.txt] 6 10}
2024/03/05 11:51:56 making map order &{0 [../pg-tom_sawyer.txt] 7 10}
2024/03/05 11:51:56 done with make map order
2024/03/05 11:51:56 Map: 0 done vs. 8 working, Reduce 0 done vs. 0 working
2024/03/05 11:51:57 Coordinator work
2024/03/05 11:51:57 Coordinator status 0
2024/03/05 11:51:57 Coordinator work
2024/03/05 11:51:57 Coordinator status 0
2024/03/05 11:51:57 IsDone &{0 2024-03-05 11:51:57.693761482 +0800 CST m=+1.046178676 0xc00009dd40} true
2024/03/05 11:51:57 Order 0 finish Map
2024/03/05 11:51:57 IsDone &{0 2024-03-05 11:51:57.694307809 +0800 CST m=+1.046725001 0xc00009ddd0} true
2024/03/05 11:51:57 Order 1 finish Map
2024/03/05 11:51:58 Coordinator work
2024/03/05 11:51:58 Coordinator status 0
2024/03/05 11:51:58 Coordinator work
2024/03/05 11:51:58 Coordinator status 0
2024/03/05 11:51:58 IsDone &{0 2024-03-05 11:51:58.717208703 +0800 CST m=+2.069625892 0xc00009def0} true
2024/03/05 11:51:58 Order 3 finish Map
2024/03/05 11:51:58 IsDone &{0 2024-03-05 11:51:58.711911625 +0800 CST m=+2.064328816 0xc00009de60} true
2024/03/05 11:51:58 Order 2 finish Map
2024/03/05 11:51:59 Coordinator work
2024/03/05 11:51:59 Coordinator status 0
2024/03/05 11:51:59 Coordinator work
2024/03/05 11:51:59 Coordinator status 0
2024/03/05 11:51:59 IsDone &{0 2024-03-05 11:51:59.7418159 +0800 CST m=+3.094233092 0xc000118030} true
2024/03/05 11:51:59 Order 5 finish Map
2024/03/05 11:51:59 IsDone &{0 2024-03-05 11:51:59.738917075 +0800 CST m=+3.091334261 0xc00009df80} true
2024/03/05 11:51:59 Order 4 finish Map
2024/03/05 11:52:00 Coordinator work
2024/03/05 11:52:00 Coordinator status 0
2024/03/05 11:52:00 Coordinator work
2024/03/05 11:52:00 Coordinator status 0
2024/03/05 11:52:00 IsDone &{0 2024-03-05 11:52:00.754330923 +0800 CST m=+4.106748108 0xc0001180c0} true
2024/03/05 11:52:00 Order 6 finish Map
2024/03/05 11:52:00 IsDone &{0 2024-03-05 11:52:00.767902611 +0800 CST m=+4.120319800 0xc000118150} true
2024/03/05 11:52:00 Order 7 finish Map
2024/03/05 11:52:01 Coordinator work
2024/03/05 11:52:01 Coordinator status 0
2024/03/05 11:52:01 Map: 8 done vs. 0 working, Reduce 0 done vs. 0 working
2024/03/05 11:52:01 forward: forward to Reuce Phase
2024/03/05 11:52:01 making reduce order : 8
2024/03/05 11:52:01 making reduce order : 9
2024/03/05 11:52:01 making reduce order : 10
2024/03/05 11:52:01 making reduce order : 11
2024/03/05 11:52:01 making reduce order : 12
2024/03/05 11:52:01 making reduce order : 13
2024/03/05 11:52:01 making reduce order : 14
2024/03/05 11:52:01 making reduce order : 15
2024/03/05 11:52:01 Coordinator work
2024/03/05 11:52:01 making reduce order : 16
2024/03/05 11:52:01 making reduce order : 17
2024/03/05 11:52:01 done with make reduce order
2024/03/05 11:52:01 Map: 8 done vs. 0 working, Reduce 0 done vs. 10 working
2024/03/05 11:52:01 Coordinator status 1
2024/03/05 11:52:02 Order 8 finish Reduce
2024/03/05 11:52:03 Coordinator work
2024/03/05 11:52:03 Coordinator status 1
2024/03/05 11:52:03 Coordinator work
2024/03/05 11:52:03 Coordinator status 1
2024/03/05 11:52:04 Order 9 finish Reduce
2024/03/05 11:52:04 Order 10 finish Reduce
2024/03/05 11:52:05 Coordinator work
2024/03/05 11:52:05 Coordinator status 1
2024/03/05 11:52:05 Coordinator work
2024/03/05 11:52:05 Coordinator status 1
2024/03/05 11:52:07 Order 11 finish Reduce
2024/03/05 11:52:07 Order 12 finish Reduce
2024/03/05 11:52:08 Coordinator work
2024/03/05 11:52:08 Coordinator status 1
2024/03/05 11:52:08 Coordinator work
2024/03/05 11:52:08 Coordinator status 1
2024/03/05 11:52:09 Order 13 finish Reduce
2024/03/05 11:52:09 Order 14 finish Reduce
2024/03/05 11:52:10 Coordinator work
2024/03/05 11:52:10 Coordinator status 1
2024/03/05 11:52:10 Order 15 finish Reduce
2024/03/05 11:52:10 Coordinator work
2024/03/05 11:52:10 Coordinator status 1
2024/03/05 11:52:10 Order 16 finish Reduce
2024/03/05 11:52:11 Coordinator work
2024/03/05 11:52:11 Coordinator status 1
2024/03/05 11:52:11 Coordinator work
2024/03/05 11:52:11 Coordinator status 1
2024/03/05 11:52:11 Map: 8 done vs. 0 working, Reduce 9 done vs. 1 working
2024/03/05 11:52:12 Order 17 finish Reduce
2024/03/05 11:52:13 Coordinator work
2024/03/05 11:52:13 Coordinator status 1
2024/03/05 11:52:13 Map: 8 done vs. 0 working, Reduce 10 done vs. 0 working
2024/03/05 11:52:13 forward: forward to done phase
2024/03/05 11:52:13 Coordinator work
2024/03/05 11:52:13 Coordinator status 2
