2024/03/05 08:27:07 making map order &{0 [../pg-being_ernest.txt] 0 10}
2024/03/05 08:27:07 making map order &{0 [../pg-dorian_gray.txt] 1 10}
2024/03/05 08:27:07 making map order &{0 [../pg-frankenstein.txt] 2 10}
2024/03/05 08:27:07 making map order &{0 [../pg-grimm.txt] 3 10}
2024/03/05 08:27:07 making map order &{0 [../pg-huckleberry_finn.txt] 4 10}
2024/03/05 08:27:07 making map order &{0 [../pg-metamorphosis.txt] 5 10}
2024/03/05 08:27:07 making map order &{0 [../pg-sherlock_holmes.txt] 6 10}
2024/03/05 08:27:07 making map order &{0 [../pg-tom_sawyer.txt] 7 10}
2024/03/05 08:27:07 done with make map order
2024/03/05 08:27:07 Map: 0 done vs. 8 working, Reduce 0 done vs. 0 working
2024/03/05 08:27:08 Coordinator work
2024/03/05 08:27:08 Coordinator status 0
2024/03/05 08:27:08 IsDone &{0 2024-03-05 08:27:08.165405302 +0800 CST m=+1.026570519 0xc00011c030} true
2024/03/05 08:27:08 Order 0 finish Map
2024/03/05 08:27:08 Coordinator work
2024/03/05 08:27:08 Coordinator status 0
2024/03/05 08:27:08 Coordinator work
2024/03/05 08:27:08 Coordinator status 0
2024/03/05 08:27:08 Coordinator work
2024/03/05 08:27:08 Coordinator status 0
2024/03/05 08:27:09 Coordinator work
2024/03/05 08:27:09 Coordinator status 0
2024/03/05 08:27:09 Coordinator work
2024/03/05 08:27:09 Coordinator status 0
2024/03/05 08:27:09 Coordinator work
2024/03/05 08:27:09 Coordinator status 0
2024/03/05 08:27:09 Coordinator work
2024/03/05 08:27:09 Coordinator status 0
2024/03/05 08:27:10 IsDone &{0 2024-03-05 08:27:09.228949296 +0800 CST m=+2.090114512 0xc00011c390} true
2024/03/05 08:27:10 Order 6 finish Map
2024/03/05 08:27:11 Coordinator work
2024/03/05 08:27:11 Coordinator status 0
2024/03/05 08:27:11 Map: 2 done vs. 6 working, Reduce 0 done vs. 0 working
2024/03/05 08:27:13 Coordinator work
2024/03/05 08:27:13 Coordinator status 0
2024/03/05 08:27:13 Map: 2 done vs. 6 working, Reduce 0 done vs. 0 working
2024/03/05 08:27:15 Coordinator work
2024/03/05 08:27:15 Coordinator status 0
2024/03/05 08:27:15 Map: 2 done vs. 6 working, Reduce 0 done vs. 0 working
2024/03/05 08:27:15 IsDone &{0 2024-03-05 08:27:09.255656316 +0800 CST m=+2.116821531 0xc00011c420} true
2024/03/05 08:27:15 Order 7 finish Map
2024/03/05 08:27:15 IsDone &{0 2024-03-05 08:27:09.228487232 +0800 CST m=+2.089652454 0xc00011c300} true
2024/03/05 08:27:15 Order 5 finish Map
2024/03/05 08:27:16 Coordinator work
2024/03/05 08:27:16 Coordinator status 0
2024/03/05 08:27:16 Map: 4 done vs. 4 working, Reduce 0 done vs. 0 working
2024/03/05 08:27:16 Coordinator work
2024/03/05 08:27:16 Coordinator status 0
2024/03/05 08:27:16 Map: 4 done vs. 4 working, Reduce 0 done vs. 0 working
2024/03/05 08:27:17 Coordinator work
2024/03/05 08:27:17 Coordinator status 0
2024/03/05 08:27:17 Map: 4 done vs. 4 working, Reduce 0 done vs. 0 working
2024/03/05 08:27:18 Coordinator work
2024/03/05 08:27:18 Coordinator status 0
2024/03/05 08:27:18 Map: 4 done vs. 4 working, Reduce 0 done vs. 0 working
2024/03/05 08:27:18 IsDone &{0 2024-03-05 08:27:09.17515691 +0800 CST m=+2.036322130 0xc00011c270} true
2024/03/05 08:27:18 Order 4 finish Map
2024/03/05 08:27:18 Coordinator work
2024/03/05 08:27:18 Coordinator status 0
2024/03/05 08:27:18 Map: 5 done vs. 3 working, Reduce 0 done vs. 0 working
2024/03/05 08:27:19 Coordinator work
2024/03/05 08:27:19 Coordinator status 0
2024/03/05 08:27:19 Map: 5 done vs. 3 working, Reduce 0 done vs. 0 working
2024/03/05 08:27:19 Coordiantor restart Map order 2
2024/03/05 08:27:19 Coordiantor restart Map order 3
2024/03/05 08:27:19 Coordiantor restart Map order 1
2024/03/05 08:27:19 Coordinator work
2024/03/05 08:27:19 Coordinator status 0
2024/03/05 08:27:19 IsDone &{0 2024-03-05 08:27:19.486210883 +0800 CST m=+12.347376103 0xc00011c150} true
2024/03/05 08:27:19 Order 2 finish Map
2024/03/05 08:27:20 Coordinator work
2024/03/05 08:27:20 Coordinator status 0
2024/03/05 08:27:20 Coordinator work
2024/03/05 08:27:20 Coordinator status 0
2024/03/05 08:27:20 Coordinator work
2024/03/05 08:27:20 Coordinator status 0
2024/03/05 08:27:20 Map: 6 done vs. 2 working, Reduce 0 done vs. 0 working
2024/03/05 08:27:21 Coordinator work
2024/03/05 08:27:21 Coordinator status 0
2024/03/05 08:27:21 Map: 6 done vs. 2 working, Reduce 0 done vs. 0 working
2024/03/05 08:27:21 Coordinator work
2024/03/05 08:27:21 Coordinator status 0
2024/03/05 08:27:21 Map: 6 done vs. 2 working, Reduce 0 done vs. 0 working
2024/03/05 08:27:22 Coordinator work
2024/03/05 08:27:22 Coordinator status 0
2024/03/05 08:27:22 Map: 6 done vs. 2 working, Reduce 0 done vs. 0 working
2024/03/05 08:27:23 Coordinator work
2024/03/05 08:27:23 Coordinator status 0
2024/03/05 08:27:23 Map: 6 done vs. 2 working, Reduce 0 done vs. 0 working
2024/03/05 08:27:23 Coordinator work
2024/03/05 08:27:23 Coordinator status 0
2024/03/05 08:27:23 Map: 6 done vs. 2 working, Reduce 0 done vs. 0 working
2024/03/05 08:27:24 Coordinator work
2024/03/05 08:27:24 Coordinator status 0
2024/03/05 08:27:24 Map: 6 done vs. 2 working, Reduce 0 done vs. 0 working
2024/03/05 08:27:25 Coordinator work
2024/03/05 08:27:25 Coordinator status 0
2024/03/05 08:27:25 Map: 6 done vs. 2 working, Reduce 0 done vs. 0 working
2024/03/05 08:27:25 Coordinator work
2024/03/05 08:27:25 Coordinator status 0
2024/03/05 08:27:25 Map: 6 done vs. 2 working, Reduce 0 done vs. 0 working
2024/03/05 08:27:26 Coordinator work
2024/03/05 08:27:26 Coordinator status 0
2024/03/05 08:27:26 Map: 6 done vs. 2 working, Reduce 0 done vs. 0 working
2024/03/05 08:27:27 Coordinator work
2024/03/05 08:27:27 Coordinator status 0
2024/03/05 08:27:27 Map: 6 done vs. 2 working, Reduce 0 done vs. 0 working
2024/03/05 08:27:27 Coordinator work
2024/03/05 08:27:27 Coordinator status 0
2024/03/05 08:27:27 Map: 6 done vs. 2 working, Reduce 0 done vs. 0 working
2024/03/05 08:27:28 Coordinator work
2024/03/05 08:27:28 Coordinator status 0
2024/03/05 08:27:28 Map: 6 done vs. 2 working, Reduce 0 done vs. 0 working
2024/03/05 08:27:29 Coordinator work
2024/03/05 08:27:29 Coordinator status 0
2024/03/05 08:27:29 Map: 6 done vs. 2 working, Reduce 0 done vs. 0 working
2024/03/05 08:27:29 Coordinator work
2024/03/05 08:27:29 Coordinator status 0
2024/03/05 08:27:29 Map: 6 done vs. 2 working, Reduce 0 done vs. 0 working
2024/03/05 08:27:30 Coordinator work
2024/03/05 08:27:30 Coordinator status 0
2024/03/05 08:27:30 Map: 6 done vs. 2 working, Reduce 0 done vs. 0 working
2024/03/05 08:27:31 Coordinator work
2024/03/05 08:27:31 Coordinator status 0
2024/03/05 08:27:31 Map: 6 done vs. 2 working, Reduce 0 done vs. 0 working
2024/03/05 08:27:31 Coordiantor restart Map order 1
2024/03/05 08:27:31 Coordiantor restart Map order 3
2024/03/05 08:27:31 Coordinator work
2024/03/05 08:27:31 Coordinator status 0
2024/03/05 08:27:31 IsDone &{0 2024-03-05 08:27:31.411247335 +0800 CST m=+24.272412555 0xc00011c0c0} true
2024/03/05 08:27:31 Order 1 finish Map
2024/03/05 08:27:32 Coordinator work
2024/03/05 08:27:32 Coordinator status 0
2024/03/05 08:27:32 Coordinator work
2024/03/05 08:27:32 Coordinator status 0
2024/03/05 08:27:32 Map: 7 done vs. 1 working, Reduce 0 done vs. 0 working
2024/03/05 08:27:33 Coordinator work
2024/03/05 08:27:33 Coordinator status 0
2024/03/05 08:27:33 Map: 7 done vs. 1 working, Reduce 0 done vs. 0 working
2024/03/05 08:27:33 Coordinator work
2024/03/05 08:27:33 Coordinator status 0
2024/03/05 08:27:33 Map: 7 done vs. 1 working, Reduce 0 done vs. 0 working
2024/03/05 08:27:34 Coordinator work
2024/03/05 08:27:34 Coordinator status 0
2024/03/05 08:27:34 Map: 7 done vs. 1 working, Reduce 0 done vs. 0 working
2024/03/05 08:27:35 Coordinator work
2024/03/05 08:27:35 Coordinator status 0
2024/03/05 08:27:35 Map: 7 done vs. 1 working, Reduce 0 done vs. 0 working
2024/03/05 08:27:35 Coordinator work
2024/03/05 08:27:35 Coordinator status 0
2024/03/05 08:27:35 Map: 7 done vs. 1 working, Reduce 0 done vs. 0 working
2024/03/05 08:27:36 Coordinator work
2024/03/05 08:27:36 Coordinator status 0
2024/03/05 08:27:36 Map: 7 done vs. 1 working, Reduce 0 done vs. 0 working
2024/03/05 08:27:37 Coordinator work
2024/03/05 08:27:37 Coordinator status 0
2024/03/05 08:27:37 Map: 7 done vs. 1 working, Reduce 0 done vs. 0 working
2024/03/05 08:27:37 Coordinator work
2024/03/05 08:27:37 Coordinator status 0
2024/03/05 08:27:37 Map: 7 done vs. 1 working, Reduce 0 done vs. 0 working
2024/03/05 08:27:38 Coordinator work
2024/03/05 08:27:38 Coordinator status 0
2024/03/05 08:27:38 Map: 7 done vs. 1 working, Reduce 0 done vs. 0 working
2024/03/05 08:27:39 Coordinator work
2024/03/05 08:27:39 Coordinator status 0
2024/03/05 08:27:39 Map: 7 done vs. 1 working, Reduce 0 done vs. 0 working
2024/03/05 08:27:39 Coordinator work
2024/03/05 08:27:39 Coordinator status 0
2024/03/05 08:27:39 Map: 7 done vs. 1 working, Reduce 0 done vs. 0 working
2024/03/05 08:27:40 Coordinator work
2024/03/05 08:27:40 Coordinator status 0
2024/03/05 08:27:40 Map: 7 done vs. 1 working, Reduce 0 done vs. 0 working
2024/03/05 08:27:41 Coordinator work
2024/03/05 08:27:41 Coordinator status 0
2024/03/05 08:27:41 Map: 7 done vs. 1 working, Reduce 0 done vs. 0 working
2024/03/05 08:27:41 Coordinator work
2024/03/05 08:27:41 Coordinator status 0
2024/03/05 08:27:41 Map: 7 done vs. 1 working, Reduce 0 done vs. 0 working
2024/03/05 08:27:42 Coordinator work
2024/03/05 08:27:42 Coordinator status 0
2024/03/05 08:27:42 Map: 7 done vs. 1 working, Reduce 0 done vs. 0 working
2024/03/05 08:27:43 Coordinator work
2024/03/05 08:27:43 Coordinator status 0
2024/03/05 08:27:43 Map: 7 done vs. 1 working, Reduce 0 done vs. 0 working
2024/03/05 08:27:43 Coordiantor restart Map order 3
2024/03/05 08:27:43 Coordinator work
2024/03/05 08:27:43 Coordinator status 0
2024/03/05 08:27:43 IsDone &{0 2024-03-05 08:27:43.478122061 +0800 CST m=+36.339287281 0xc00011c1e0} true
2024/03/05 08:27:43 Order 3 finish Map
2024/03/05 08:27:44 Coordinator work
2024/03/05 08:27:44 Coordinator status 0
2024/03/05 08:27:44 Map: 8 done vs. 0 working, Reduce 0 done vs. 0 working
2024/03/05 08:27:44 forward: forward to Reuce Phase
2024/03/05 08:27:44 making reduce order : 8
2024/03/05 08:27:44 making reduce order : 9
2024/03/05 08:27:44 making reduce order : 10
2024/03/05 08:27:44 making reduce order : 11
2024/03/05 08:27:44 making reduce order : 12
2024/03/05 08:27:44 making reduce order : 13
2024/03/05 08:27:44 making reduce order : 14
2024/03/05 08:27:44 making reduce order : 15
2024/03/05 08:27:44 making reduce order : 16
2024/03/05 08:27:44 making reduce order : 17
2024/03/05 08:27:44 done with make reduce order
2024/03/05 08:27:44 Map: 8 done vs. 0 working, Reduce 0 done vs. 10 working
2024/03/05 08:27:44 Coordinator work
2024/03/05 08:27:44 Coordinator status 1
2024/03/05 08:27:45 Coordinator work
2024/03/05 08:27:45 Coordinator status 1
2024/03/05 08:27:45 Order 9 finish Reduce
2024/03/05 08:27:45 Coordinator work
2024/03/05 08:27:45 Coordinator status 1
2024/03/05 08:27:46 Coordinator work
2024/03/05 08:27:46 Coordinator status 1
2024/03/05 08:27:46 Order 11 finish Reduce
2024/03/05 08:27:46 Coordinator work
2024/03/05 08:27:46 Coordinator status 1
2024/03/05 08:27:46 Order 12 finish Reduce
2024/03/05 08:27:47 Coordinator work
2024/03/05 08:27:47 Coordinator status 1
2024/03/05 08:27:47 Order 13 finish Reduce
2024/03/05 08:27:47 Coordinator work
2024/03/05 08:27:47 Coordinator status 1
2024/03/05 08:27:47 Order 14 finish Reduce
2024/03/05 08:27:48 Coordinator work
2024/03/05 08:27:48 Coordinator status 1
2024/03/05 08:27:48 Order 15 finish Reduce
2024/03/05 08:27:48 Coordinator work
2024/03/05 08:27:48 Coordinator status 1
2024/03/05 08:27:48 Order 16 finish Reduce
2024/03/05 08:27:49 Coordinator work
2024/03/05 08:27:49 Coordinator status 1
2024/03/05 08:27:49 Coordinator work
2024/03/05 08:27:49 Coordinator status 1
2024/03/05 08:27:49 Map: 8 done vs. 0 working, Reduce 7 done vs. 3 working
2024/03/05 08:27:49 Order 10 finish Reduce
2024/03/05 08:27:50 Coordinator work
2024/03/05 08:27:50 Coordinator status 1
2024/03/05 08:27:50 Map: 8 done vs. 0 working, Reduce 8 done vs. 2 working
2024/03/05 08:27:51 Coordinator work
2024/03/05 08:27:51 Coordinator status 1
2024/03/05 08:27:51 Map: 8 done vs. 0 working, Reduce 8 done vs. 2 working
2024/03/05 08:27:52 Coordinator work
2024/03/05 08:27:52 Coordinator status 1
2024/03/05 08:27:52 Map: 8 done vs. 0 working, Reduce 8 done vs. 2 working
2024/03/05 08:27:52 Order 17 finish Reduce
2024/03/05 08:27:53 Coordinator work
2024/03/05 08:27:53 Coordinator status 1
2024/03/05 08:27:53 Map: 8 done vs. 0 working, Reduce 9 done vs. 1 working
2024/03/05 08:27:53 Coordinator work
2024/03/05 08:27:53 Coordinator status 1
2024/03/05 08:27:53 Map: 8 done vs. 0 working, Reduce 9 done vs. 1 working
2024/03/05 08:27:54 Coordinator work
2024/03/05 08:27:54 Coordinator status 1
2024/03/05 08:27:54 Map: 8 done vs. 0 working, Reduce 9 done vs. 1 working
2024/03/05 08:27:55 Coordiantor restart Reduce order 8
2024/03/05 08:27:55 Coordinator work
2024/03/05 08:27:55 Coordinator status 1
2024/03/05 08:27:55 Order 8 finish Reduce
2024/03/05 08:27:55 Coordinator work
2024/03/05 08:27:55 Coordinator status 1
2024/03/05 08:27:55 Map: 8 done vs. 0 working, Reduce 10 done vs. 0 working
2024/03/05 08:27:55 forward: forward to done phase
2024/03/05 08:27:56 Coordinator work
2024/03/05 08:27:56 Coordinator status 2
2024/03/05 08:27:56 Coordinator work
2024/03/05 08:27:56 Coordinator status 2
