2024/03/05 00:20:05 making map order &{0 [../pg-being_ernest.txt] 0 10}
2024/03/05 00:20:05 making map order &{0 [../pg-dorian_gray.txt] 1 10}
2024/03/05 00:20:05 making map order &{0 [../pg-frankenstein.txt] 2 10}
2024/03/05 00:20:05 making map order &{0 [../pg-grimm.txt] 3 10}
2024/03/05 00:20:05 making map order &{0 [../pg-huckleberry_finn.txt] 4 10}
2024/03/05 00:20:05 making map order &{0 [../pg-metamorphosis.txt] 5 10}
2024/03/05 00:20:05 making map order &{0 [../pg-sherlock_holmes.txt] 6 10}
2024/03/05 00:20:05 making map order &{0 [../pg-tom_sawyer.txt] 7 10}
2024/03/05 00:20:05 done with make map order
2024/03/05 00:20:05 Map: 0 done vs. 8 working, Reduce 0 done vs. 0 working
2024/03/05 00:20:06 Coordinator work
2024/03/05 00:20:06 Coordinator status 0
2024/03/05 00:20:06 IsDone &{0 2024-03-05 00:20:06.368121484 +0800 CST m=+1.021159976 0xc0000723f0} true
2024/03/05 00:20:06 Order 0 finish Map
2024/03/05 00:20:06 Coordinator work
2024/03/05 00:20:06 Coordinator status 0
2024/03/05 00:20:06 Coordinator work
2024/03/05 00:20:06 Coordinator status 0
2024/03/05 00:20:06 IsDone &{0 2024-03-05 00:20:06.381516267 +0800 CST m=+1.034554759 0xc000072510} true
2024/03/05 00:20:06 Order 2 finish Map
2024/03/05 00:20:06 IsDone &{0 2024-03-05 00:20:06.379694852 +0800 CST m=+1.032733344 0xc000072480} true
2024/03/05 00:20:06 Order 1 finish Map
2024/03/05 00:20:07 Coordinator work
2024/03/05 00:20:07 Coordinator status 0
2024/03/05 00:20:07 IsDone &{0 2024-03-05 00:20:07.379417529 +0800 CST m=+2.032456026 0xc0000725a0} true
2024/03/05 00:20:07 Order 3 finish Map
2024/03/05 00:20:07 Coordinator work
2024/03/05 00:20:07 Coordinator status 0
2024/03/05 00:20:07 Coordinator work
2024/03/05 00:20:07 Coordinator status 0
2024/03/05 00:20:07 IsDone &{0 2024-03-05 00:20:07.400725315 +0800 CST m=+2.053763808 0xc0000726c0} true
2024/03/05 00:20:07 Order 5 finish Map
2024/03/05 00:20:07 IsDone &{0 2024-03-05 00:20:07.398444158 +0800 CST m=+2.051482651 0xc000072630} true
2024/03/05 00:20:07 Order 4 finish Map
2024/03/05 00:20:08 Coordinator work
2024/03/05 00:20:08 Coordinator status 0
2024/03/05 00:20:08 Coordinator work
2024/03/05 00:20:08 Coordinator status 0
2024/03/05 00:20:08 IsDone &{0 2024-03-05 00:20:08.410900635 +0800 CST m=+3.063939127 0xc0000727e0} true
2024/03/05 00:20:08 Order 7 finish Map
2024/03/05 00:20:08 IsDone &{0 2024-03-05 00:20:08.398976284 +0800 CST m=+3.052014776 0xc000072750} true
2024/03/05 00:20:08 Order 6 finish Map
2024/03/05 00:20:08 Coordinator work
2024/03/05 00:20:08 Coordinator status 0
2024/03/05 00:20:08 Map: 8 done vs. 0 working, Reduce 0 done vs. 0 working
2024/03/05 00:20:08 forward: forward to Reuce Phase
2024/03/05 00:20:08 making reduce order : 8
2024/03/05 00:20:08 making reduce order : 9
2024/03/05 00:20:08 making reduce order : 10
2024/03/05 00:20:08 making reduce order : 11
2024/03/05 00:20:08 making reduce order : 12
2024/03/05 00:20:08 making reduce order : 13
2024/03/05 00:20:08 making reduce order : 14
2024/03/05 00:20:08 making reduce order : 15
2024/03/05 00:20:08 making reduce order : 16
2024/03/05 00:20:08 making reduce order : 17
2024/03/05 00:20:08 done with make reduce order
2024/03/05 00:20:08 Map: 8 done vs. 0 working, Reduce 0 done vs. 10 working
2024/03/05 00:20:09 Coordinator work
2024/03/05 00:20:09 Coordinator status 1
2024/03/05 00:20:09 Order 8 finish Reduce
2024/03/05 00:20:09 Coordinator work
2024/03/05 00:20:09 Coordinator status 1
2024/03/05 00:20:09 Order 9 finish Reduce
2024/03/05 00:20:10 Coordinator work
2024/03/05 00:20:10 Coordinator status 1
2024/03/05 00:20:10 Coordinator work
2024/03/05 00:20:10 Coordinator status 1
2024/03/05 00:20:10 Coordinator work
2024/03/05 00:20:10 Coordinator status 1
2024/03/05 00:20:10 Order 11 finish Reduce
2024/03/05 00:20:10 Order 12 finish Reduce
2024/03/05 00:20:11 Coordinator work
2024/03/05 00:20:11 Coordinator status 1
2024/03/05 00:20:11 Coordinator work
2024/03/05 00:20:11 Coordinator status 1
2024/03/05 00:20:11 Order 13 finish Reduce
2024/03/05 00:20:12 Coordinator work
2024/03/05 00:20:12 Coordinator status 1
2024/03/05 00:20:12 Order 15 finish Reduce
2024/03/05 00:20:13 Order 10 finish Reduce
2024/03/05 00:20:13 Coordinator work
2024/03/05 00:20:13 Coordinator status 1
2024/03/05 00:20:13 Order 16 finish Reduce
2024/03/05 00:20:14 Coordinator work
2024/03/05 00:20:14 Coordinator status 1
2024/03/05 00:20:14 Order 17 finish Reduce
2024/03/05 00:20:14 Order 14 finish Reduce
2024/03/05 00:20:14 Coordinator work
2024/03/05 00:20:14 Coordinator status 1
2024/03/05 00:20:14 Map: 8 done vs. 0 working, Reduce 10 done vs. 0 working
2024/03/05 00:20:14 forward: forward to done phase
2024/03/05 00:20:15 Coordinator work
2024/03/05 00:20:15 Coordinator status 2
2024/03/05 00:20:15 Coordinator work
2024/03/05 00:20:15 Coordinator status 2
