2024/03/05 13:50:58 making map order &{0 [../pg-being_ernest.txt] 0 10}
2024/03/05 13:50:58 making map order &{0 [../pg-dorian_gray.txt] 1 10}
2024/03/05 13:50:58 making map order &{0 [../pg-frankenstein.txt] 2 10}
2024/03/05 13:50:58 making map order &{0 [../pg-grimm.txt] 3 10}
2024/03/05 13:50:58 making map order &{0 [../pg-huckleberry_finn.txt] 4 10}
2024/03/05 13:50:58 making map order &{0 [../pg-metamorphosis.txt] 5 10}
2024/03/05 13:50:58 making map order &{0 [../pg-sherlock_holmes.txt] 6 10}
2024/03/05 13:50:58 making map order &{0 [../pg-tom_sawyer.txt] 7 10}
2024/03/05 13:50:58 done with make map order
2024/03/05 13:50:58 Map: 0 done vs. 8 working, Reduce 0 done vs. 0 working
2024/03/05 13:50:59 Coordinator work
2024/03/05 13:50:59 Coordinator status 0
2024/03/05 13:50:59 Coordinator work
2024/03/05 13:50:59 Coordinator status 0
2024/03/05 13:51:00 IsDone &{0 2024-03-05 13:50:59.838316126 +0800 CST m=+1.047219912 0xc000072120} true
2024/03/05 13:51:00 Order 1 finish Map
2024/03/05 13:51:00 IsDone &{0 2024-03-05 13:50:59.83792404 +0800 CST m=+1.046827864 0xc000072090} true
2024/03/05 13:51:00 Order 0 finish Map
2024/03/05 13:51:01 Coordinator work
2024/03/05 13:51:01 Coordinator status 0
2024/03/05 13:51:01 Coordinator work
2024/03/05 13:51:01 Coordinator status 0
2024/03/05 13:51:02 IsDone &{0 2024-03-05 13:51:01.858315782 +0800 CST m=+3.067219574 0xc000072240} true
2024/03/05 13:51:02 Order 3 finish Map
2024/03/05 13:51:02 IsDone &{0 2024-03-05 13:51:01.856916501 +0800 CST m=+3.065820292 0xc0000721b0} true
2024/03/05 13:51:02 Order 2 finish Map
2024/03/05 13:51:03 Coordinator work
2024/03/05 13:51:03 Coordinator status 0
2024/03/05 13:51:03 Coordinator work
2024/03/05 13:51:03 Coordinator status 0
2024/03/05 13:51:04 IsDone &{0 2024-03-05 13:51:03.882216776 +0800 CST m=+5.091120568 0xc000072360} true
2024/03/05 13:51:04 Order 5 finish Map
2024/03/05 13:51:04 IsDone &{0 2024-03-05 13:51:03.881653426 +0800 CST m=+5.090557217 0xc0000722d0} true
2024/03/05 13:51:04 Order 4 finish Map
2024/03/05 13:51:05 Coordinator work
2024/03/05 13:51:05 Coordinator status 0
2024/03/05 13:51:05 Coordinator work
2024/03/05 13:51:05 Coordinator status 0
2024/03/05 13:51:06 IsDone &{0 2024-03-05 13:51:05.894266307 +0800 CST m=+7.103170107 0xc0000723f0} true
2024/03/05 13:51:06 Order 6 finish Map
2024/03/05 13:51:06 IsDone &{0 2024-03-05 13:51:05.902580839 +0800 CST m=+7.111484625 0xc000072480} true
2024/03/05 13:51:06 Order 7 finish Map
2024/03/05 13:51:07 Coordinator work
2024/03/05 13:51:07 Coordinator status 0
2024/03/05 13:51:07 Map: 8 done vs. 0 working, Reduce 0 done vs. 0 working
2024/03/05 13:51:07 forward: forward to Reuce Phase
2024/03/05 13:51:07 making reduce order : 8
2024/03/05 13:51:07 making reduce order : 9
2024/03/05 13:51:07 Coordinator work
2024/03/05 13:51:07 making reduce order : 10
2024/03/05 13:51:07 making reduce order : 11
2024/03/05 13:51:07 making reduce order : 12
2024/03/05 13:51:07 making reduce order : 13
2024/03/05 13:51:07 making reduce order : 14
2024/03/05 13:51:07 making reduce order : 15
2024/03/05 13:51:07 making reduce order : 16
2024/03/05 13:51:07 making reduce order : 17
2024/03/05 13:51:07 done with make reduce order
2024/03/05 13:51:07 Map: 8 done vs. 0 working, Reduce 0 done vs. 10 working
2024/03/05 13:51:07 Coordinator status 1
2024/03/05 13:51:07 Order 8 finish Reduce
2024/03/05 13:51:08 Coordinator work
2024/03/05 13:51:08 Coordinator status 1
2024/03/05 13:51:08 Order 9 finish Reduce
2024/03/05 13:51:09 Coordinator work
2024/03/05 13:51:09 Coordinator status 1
2024/03/05 13:51:09 Order 10 finish Reduce
2024/03/05 13:51:09 Coordinator work
2024/03/05 13:51:09 Coordinator status 1
2024/03/05 13:51:09 Order 11 finish Reduce
2024/03/05 13:51:10 Coordinator work
2024/03/05 13:51:10 Coordinator status 1
2024/03/05 13:51:10 Order 12 finish Reduce
2024/03/05 13:51:10 Coordinator work
2024/03/05 13:51:10 Coordinator status 1
2024/03/05 13:51:10 Order 13 finish Reduce
2024/03/05 13:51:11 Coordinator work
2024/03/05 13:51:11 Coordinator status 1
2024/03/05 13:51:11 Order 14 finish Reduce
2024/03/05 13:51:11 Coordinator work
2024/03/05 13:51:11 Coordinator status 1
2024/03/05 13:51:11 Order 15 finish Reduce
2024/03/05 13:51:12 Coordinator work
2024/03/05 13:51:12 Coordinator status 1
2024/03/05 13:51:12 Order 16 finish Reduce
2024/03/05 13:51:12 Coordinator work
2024/03/05 13:51:12 Coordinator status 1
2024/03/05 13:51:12 Order 17 finish Reduce
2024/03/05 13:51:13 Coordinator work
2024/03/05 13:51:13 Coordinator status 1
2024/03/05 13:51:13 Map: 8 done vs. 0 working, Reduce 10 done vs. 0 working
2024/03/05 13:51:13 forward: forward to done phase
2024/03/05 13:51:13 Coordinator work
2024/03/05 13:51:13 Coordinator status 2
