2024/03/05 11:58:48 making map order &{0 [../pg-being_ernest.txt] 0 10}
2024/03/05 11:58:48 making map order &{0 [../pg-dorian_gray.txt] 1 10}
2024/03/05 11:58:48 making map order &{0 [../pg-frankenstein.txt] 2 10}
2024/03/05 11:58:48 making map order &{0 [../pg-grimm.txt] 3 10}
2024/03/05 11:58:48 making map order &{0 [../pg-huckleberry_finn.txt] 4 10}
2024/03/05 11:58:48 making map order &{0 [../pg-metamorphosis.txt] 5 10}
2024/03/05 11:58:48 making map order &{0 [../pg-sherlock_holmes.txt] 6 10}
2024/03/05 11:58:48 making map order &{0 [../pg-tom_sawyer.txt] 7 10}
2024/03/05 11:58:48 done with make map order
2024/03/05 11:58:48 Map: 0 done vs. 8 working, Reduce 0 done vs. 0 working
2024/03/05 11:58:49 Coordinator work
2024/03/05 11:58:49 Coordinator status 0
2024/03/05 11:58:49 Coordinator work
2024/03/05 11:58:49 Coordinator status 0
2024/03/05 11:58:49 Coordinator work
2024/03/05 11:58:49 Coordinator status 0
2024/03/05 11:58:50 IsDone &{0 2024-03-05 11:58:49.297455794 +0800 CST m=+1.143036064 0xc00009df80} true
2024/03/05 11:58:50 Order 0 finish Map
2024/03/05 11:58:51 Coordinator work
2024/03/05 11:58:51 Coordinator status 0
2024/03/05 11:58:51 IsDone &{0 2024-03-05 11:58:49.299576648 +0800 CST m=+1.145156921 0xc00011a030} true
2024/03/05 11:58:51 Order 1 finish Map
2024/03/05 11:58:52 IsDone &{0 2024-03-05 11:58:49.299668868 +0800 CST m=+1.145249138 0xc00011a0c0} true
2024/03/05 11:58:52 Order 2 finish Map
2024/03/05 11:58:52 Coordinator work
2024/03/05 11:58:52 Coordinator status 0
2024/03/05 11:58:53 Coordinator work
2024/03/05 11:58:53 Coordinator status 0
2024/03/05 11:58:53 IsDone &{0 2024-03-05 11:58:51.084024457 +0800 CST m=+2.929604730 0xc00011a150} true
2024/03/05 11:58:53 Order 3 finish Map
2024/03/05 11:58:53 IsDone &{0 2024-03-05 11:58:53.050549175 +0800 CST m=+4.896129446 0xc00011a270} true
2024/03/05 11:58:53 Order 5 finish Map
2024/03/05 11:58:54 Coordinator work
2024/03/05 11:58:54 Coordinator status 0
2024/03/05 11:58:54 Coordinator work
2024/03/05 11:58:54 Coordinator status 0
2024/03/05 11:58:56 IsDone &{0 2024-03-05 11:58:52.74285563 +0800 CST m=+4.588435905 0xc00011a1e0} true
2024/03/05 11:58:56 Order 4 finish Map
2024/03/05 11:58:57 IsDone &{0 2024-03-05 11:58:54.88220018 +0800 CST m=+6.727780450 0xc00011a390} true
2024/03/05 11:58:57 Order 7 finish Map
2024/03/05 11:58:57 Coordinator work
2024/03/05 11:58:57 Coordinator status 0
2024/03/05 11:58:57 Map: 7 done vs. 1 working, Reduce 0 done vs. 0 working
2024/03/05 11:58:58 IsDone &{0 2024-03-05 11:58:54.749934469 +0800 CST m=+6.595514740 0xc00011a300} true
2024/03/05 11:58:58 Order 6 finish Map
2024/03/05 11:58:58 Coordinator work
2024/03/05 11:58:58 Coordinator status 0
2024/03/05 11:58:58 Map: 8 done vs. 0 working, Reduce 0 done vs. 0 working
2024/03/05 11:58:58 forward: forward to Reuce Phase
2024/03/05 11:58:58 making reduce order : 8
2024/03/05 11:58:58 making reduce order : 9
2024/03/05 11:58:58 making reduce order : 10
2024/03/05 11:58:58 making reduce order : 11
2024/03/05 11:58:58 making reduce order : 12
2024/03/05 11:58:58 making reduce order : 13
2024/03/05 11:58:58 making reduce order : 14
2024/03/05 11:58:58 making reduce order : 15
2024/03/05 11:58:58 making reduce order : 16
2024/03/05 11:58:58 making reduce order : 17
2024/03/05 11:58:58 done with make reduce order
2024/03/05 11:58:58 Map: 8 done vs. 0 working, Reduce 0 done vs. 10 working
2024/03/05 11:58:59 Coordinator work
2024/03/05 11:58:59 Coordinator status 1
2024/03/05 11:58:59 Order 8 finish Reduce
2024/03/05 11:58:59 Coordinator work
2024/03/05 11:58:59 Coordinator status 1
2024/03/05 11:59:00 Coordinator work
2024/03/05 11:59:00 Coordinator status 1
2024/03/05 11:59:00 Order 9 finish Reduce
2024/03/05 11:59:00 Coordinator work
2024/03/05 11:59:00 Coordinator status 1
2024/03/05 11:59:01 Coordinator work
2024/03/05 11:59:01 Coordinator status 1
2024/03/05 11:59:01 Order 11 finish Reduce
2024/03/05 11:59:01 Order 10 finish Reduce
2024/03/05 11:59:02 Order 12 finish Reduce
2024/03/05 11:59:02 Coordinator work
2024/03/05 11:59:02 Coordinator status 1
2024/03/05 11:59:02 Coordinator work
2024/03/05 11:59:02 Coordinator status 1
2024/03/05 11:59:02 Order 13 finish Reduce
2024/03/05 11:59:03 Coordinator work
2024/03/05 11:59:03 Coordinator status 1
2024/03/05 11:59:03 Order 15 finish Reduce
2024/03/05 11:59:03 Order 14 finish Reduce
2024/03/05 11:59:03 Coordinator work
2024/03/05 11:59:03 Coordinator status 1
2024/03/05 11:59:04 Coordinator work
2024/03/05 11:59:04 Coordinator status 1
2024/03/05 11:59:04 Order 16 finish Reduce
2024/03/05 11:59:04 Coordinator work
2024/03/05 11:59:04 Coordinator status 1
2024/03/05 11:59:04 Map: 8 done vs. 0 working, Reduce 9 done vs. 1 working
2024/03/05 11:59:05 Order 17 finish Reduce
2024/03/05 11:59:05 Coordinator work
2024/03/05 11:59:05 Coordinator status 1
2024/03/05 11:59:05 Map: 8 done vs. 0 working, Reduce 10 done vs. 0 working
2024/03/05 11:59:05 forward: forward to done phase
2024/03/05 11:59:06 Coordinator work
2024/03/05 11:59:06 Coordinator status 2
2024/03/05 11:59:06 Coordinator work
2024/03/05 11:59:06 Coordinator status 2
