2024/03/05 04:22:18 making map order &{0 [../pg-being_ernest.txt] 0 10}
2024/03/05 04:22:18 making map order &{0 [../pg-dorian_gray.txt] 1 10}
2024/03/05 04:22:18 making map order &{0 [../pg-frankenstein.txt] 2 10}
2024/03/05 04:22:18 making map order &{0 [../pg-grimm.txt] 3 10}
2024/03/05 04:22:18 making map order &{0 [../pg-huckleberry_finn.txt] 4 10}
2024/03/05 04:22:18 making map order &{0 [../pg-metamorphosis.txt] 5 10}
2024/03/05 04:22:18 making map order &{0 [../pg-sherlock_holmes.txt] 6 10}
2024/03/05 04:22:18 making map order &{0 [../pg-tom_sawyer.txt] 7 10}
2024/03/05 04:22:18 done with make map order
2024/03/05 04:22:18 Map: 0 done vs. 8 working, Reduce 0 done vs. 0 working
2024/03/05 04:22:19 Coordinator work
2024/03/05 04:22:19 Coordinator status 0
2024/03/05 04:22:19 Coordinator work
2024/03/05 04:22:19 Coordinator status 0
2024/03/05 04:22:19 IsDone &{0 2024-03-05 04:22:19.544233249 +0800 CST m=+1.015146547 0xc00009dec0} true
2024/03/05 04:22:19 Order 0 finish Map
2024/03/05 04:22:19 IsDone &{0 2024-03-05 04:22:19.549046586 +0800 CST m=+1.019959888 0xc00009df50} true
2024/03/05 04:22:19 Order 1 finish Map
2024/03/05 04:22:20 Coordinator work
2024/03/05 04:22:20 Coordinator status 0
2024/03/05 04:22:20 Coordinator work
2024/03/05 04:22:20 Coordinator status 0
2024/03/05 04:22:20 IsDone &{0 2024-03-05 04:22:20.56044061 +0800 CST m=+2.031353915 0xc00011a000} true
2024/03/05 04:22:20 Order 2 finish Map
2024/03/05 04:22:20 IsDone &{0 2024-03-05 04:22:20.57124586 +0800 CST m=+2.042159163 0xc00011a090} true
2024/03/05 04:22:20 Order 3 finish Map
2024/03/05 04:22:21 Coordinator work
2024/03/05 04:22:21 Coordinator status 0
2024/03/05 04:22:21 Coordinator work
2024/03/05 04:22:21 Coordinator status 0
2024/03/05 04:22:21 IsDone &{0 2024-03-05 04:22:21.579869876 +0800 CST m=+3.050783176 0xc00011a120} true
2024/03/05 04:22:21 Order 4 finish Map
2024/03/05 04:22:21 IsDone &{0 2024-03-05 04:22:21.5915589 +0800 CST m=+3.062472200 0xc00011a1b0} true
2024/03/05 04:22:21 Order 5 finish Map
2024/03/05 04:22:22 Coordinator work
2024/03/05 04:22:22 Coordinator status 0
2024/03/05 04:22:22 Coordinator work
2024/03/05 04:22:22 Coordinator status 0
2024/03/05 04:22:22 IsDone &{0 2024-03-05 04:22:22.59967783 +0800 CST m=+4.070591130 0xc00011a240} true
2024/03/05 04:22:22 Order 6 finish Map
2024/03/05 04:22:22 IsDone &{0 2024-03-05 04:22:22.608061031 +0800 CST m=+4.078974336 0xc00011a2d0} true
2024/03/05 04:22:22 Order 7 finish Map
2024/03/05 04:22:23 Coordinator work
2024/03/05 04:22:23 Coordinator status 0
2024/03/05 04:22:23 Map: 8 done vs. 0 working, Reduce 0 done vs. 0 working
2024/03/05 04:22:23 forward: forward to Reuce Phase
2024/03/05 04:22:23 making reduce order : 8
2024/03/05 04:22:23 making reduce order : 9
2024/03/05 04:22:23 making reduce order : 10
2024/03/05 04:22:23 making reduce order : 11
2024/03/05 04:22:23 making reduce order : 12
2024/03/05 04:22:23 making reduce order : 13
2024/03/05 04:22:23 making reduce order : 14
2024/03/05 04:22:23 Coordinator work
2024/03/05 04:22:23 making reduce order : 15
2024/03/05 04:22:23 making reduce order : 16
2024/03/05 04:22:23 making reduce order : 17
2024/03/05 04:22:23 done with make reduce order
2024/03/05 04:22:23 Map: 8 done vs. 0 working, Reduce 0 done vs. 10 working
2024/03/05 04:22:23 Coordinator status 1
2024/03/05 04:22:24 Order 8 finish Reduce
2024/03/05 04:22:25 Coordinator work
2024/03/05 04:22:25 Coordinator status 1
2024/03/05 04:22:25 Coordinator work
2024/03/05 04:22:25 Coordinator status 1
2024/03/05 04:22:26 Order 9 finish Reduce
2024/03/05 04:22:26 Order 10 finish Reduce
2024/03/05 04:22:27 Coordinator work
2024/03/05 04:22:27 Coordinator status 1
2024/03/05 04:22:27 Coordinator work
2024/03/05 04:22:27 Coordinator status 1
2024/03/05 04:22:29 Order 11 finish Reduce
2024/03/05 04:22:29 Order 12 finish Reduce
2024/03/05 04:22:30 Coordinator work
2024/03/05 04:22:30 Coordinator status 1
2024/03/05 04:22:30 Coordinator work
2024/03/05 04:22:30 Coordinator status 1
2024/03/05 04:22:31 Order 13 finish Reduce
2024/03/05 04:22:31 Order 14 finish Reduce
2024/03/05 04:22:32 Coordinator work
2024/03/05 04:22:32 Coordinator status 1
2024/03/05 04:22:32 Order 15 finish Reduce
2024/03/05 04:22:32 Coordinator work
2024/03/05 04:22:32 Coordinator status 1
2024/03/05 04:22:32 Order 16 finish Reduce
2024/03/05 04:22:33 Coordinator work
2024/03/05 04:22:33 Coordinator status 1
2024/03/05 04:22:33 Coordinator work
2024/03/05 04:22:33 Coordinator status 1
2024/03/05 04:22:33 Map: 8 done vs. 0 working, Reduce 9 done vs. 1 working
2024/03/05 04:22:34 Order 17 finish Reduce
2024/03/05 04:22:35 Coordinator work
2024/03/05 04:22:35 Coordinator status 1
2024/03/05 04:22:35 Map: 8 done vs. 0 working, Reduce 10 done vs. 0 working
2024/03/05 04:22:35 forward: forward to done phase
2024/03/05 04:22:35 Coordinator work
2024/03/05 04:22:35 Coordinator status 2
