2024/03/05 09:41:40 making map order &{0 [../pg-being_ernest.txt] 0 10}
2024/03/05 09:41:40 making map order &{0 [../pg-dorian_gray.txt] 1 10}
2024/03/05 09:41:40 making map order &{0 [../pg-frankenstein.txt] 2 10}
2024/03/05 09:41:40 making map order &{0 [../pg-grimm.txt] 3 10}
2024/03/05 09:41:40 making map order &{0 [../pg-huckleberry_finn.txt] 4 10}
2024/03/05 09:41:40 making map order &{0 [../pg-metamorphosis.txt] 5 10}
2024/03/05 09:41:40 making map order &{0 [../pg-sherlock_holmes.txt] 6 10}
2024/03/05 09:41:40 making map order &{0 [../pg-tom_sawyer.txt] 7 10}
2024/03/05 09:41:40 done with make map order
2024/03/05 09:41:40 Map: 0 done vs. 8 working, Reduce 0 done vs. 0 working
2024/03/05 09:41:41 Coordinator work
2024/03/05 09:41:41 Coordinator status 0
2024/03/05 09:41:41 Coordinator work
2024/03/05 09:41:41 Coordinator status 0
2024/03/05 09:41:41 Coordinator work
2024/03/05 09:41:41 Coordinator status 0
2024/03/05 09:41:41 IsDone &{0 2024-03-05 09:41:41.500226771 +0800 CST m=+1.031349614 0xc0000743c0} true
2024/03/05 09:41:41 Order 0 finish Map
2024/03/05 09:41:41 IsDone &{0 2024-03-05 09:41:41.509305745 +0800 CST m=+1.040428588 0xc0000744e0} true
2024/03/05 09:41:41 Order 2 finish Map
2024/03/05 09:41:41 IsDone &{0 2024-03-05 09:41:41.504791847 +0800 CST m=+1.035914693 0xc000074450} true
2024/03/05 09:41:41 Order 1 finish Map
2024/03/05 09:41:42 Coordinator work
2024/03/05 09:41:42 Coordinator status 0
2024/03/05 09:41:42 Coordinator work
2024/03/05 09:41:42 Coordinator status 0
2024/03/05 09:41:42 IsDone &{0 2024-03-05 09:41:42.512784293 +0800 CST m=+2.043907139 0xc000074570} true
2024/03/05 09:41:42 Order 3 finish Map
2024/03/05 09:41:42 Coordinator work
2024/03/05 09:41:42 Coordinator status 0
2024/03/05 09:41:42 IsDone &{0 2024-03-05 09:41:42.534209226 +0800 CST m=+2.065332075 0xc000074690} true
2024/03/05 09:41:42 Order 5 finish Map
2024/03/05 09:41:42 IsDone &{0 2024-03-05 09:41:42.527895242 +0800 CST m=+2.059018070 0xc000074600} true
2024/03/05 09:41:42 Order 4 finish Map
2024/03/05 09:41:43 Coordinator work
2024/03/05 09:41:43 Coordinator status 0
2024/03/05 09:41:43 Coordinator work
2024/03/05 09:41:43 Coordinator status 0
2024/03/05 09:41:43 IsDone &{0 2024-03-05 09:41:43.542570189 +0800 CST m=+3.073693032 0xc0000747b0} true
2024/03/05 09:41:43 Order 7 finish Map
2024/03/05 09:41:43 IsDone &{0 2024-03-05 09:41:43.535764523 +0800 CST m=+3.066887371 0xc000074720} true
2024/03/05 09:41:43 Order 6 finish Map
2024/03/05 09:41:43 Coordinator work
2024/03/05 09:41:43 Coordinator status 0
2024/03/05 09:41:43 Map: 8 done vs. 0 working, Reduce 0 done vs. 0 working
2024/03/05 09:41:43 forward: forward to Reuce Phase
2024/03/05 09:41:43 making reduce order : 8
2024/03/05 09:41:43 making reduce order : 9
2024/03/05 09:41:43 making reduce order : 10
2024/03/05 09:41:43 making reduce order : 11
2024/03/05 09:41:43 making reduce order : 12
2024/03/05 09:41:43 making reduce order : 13
2024/03/05 09:41:43 making reduce order : 14
2024/03/05 09:41:43 making reduce order : 15
2024/03/05 09:41:43 making reduce order : 16
2024/03/05 09:41:43 making reduce order : 17
2024/03/05 09:41:43 done with make reduce order
2024/03/05 09:41:43 Map: 8 done vs. 0 working, Reduce 0 done vs. 10 working
2024/03/05 09:41:44 Coordinator work
2024/03/05 09:41:44 Coordinator status 1
2024/03/05 09:41:44 Order 8 finish Reduce
2024/03/05 09:41:44 Coordinator work
2024/03/05 09:41:44 Coordinator status 1
2024/03/05 09:41:44 Order 9 finish Reduce
2024/03/05 09:41:45 Coordinator work
2024/03/05 09:41:45 Coordinator status 1
2024/03/05 09:41:45 Coordinator work
2024/03/05 09:41:45 Coordinator status 1
2024/03/05 09:41:45 Order 11 finish Reduce
2024/03/05 09:41:45 Coordinator work
2024/03/05 09:41:45 Coordinator status 1
2024/03/05 09:41:45 Order 12 finish Reduce
2024/03/05 09:41:46 Coordinator work
2024/03/05 09:41:46 Coordinator status 1
2024/03/05 09:41:46 Order 13 finish Reduce
2024/03/05 09:41:46 Coordinator work
2024/03/05 09:41:46 Coordinator status 1
2024/03/05 09:41:47 Coordinator work
2024/03/05 09:41:47 Coordinator status 1
2024/03/05 09:41:47 Order 15 finish Reduce
2024/03/05 09:41:48 Order 10 finish Reduce
2024/03/05 09:41:48 Coordinator work
2024/03/05 09:41:48 Coordinator status 1
2024/03/05 09:41:48 Order 16 finish Reduce
2024/03/05 09:41:49 Coordinator work
2024/03/05 09:41:49 Coordinator status 1
2024/03/05 09:41:49 Order 17 finish Reduce
2024/03/05 09:41:49 Order 14 finish Reduce
2024/03/05 09:41:49 Coordinator work
2024/03/05 09:41:49 Coordinator status 1
2024/03/05 09:41:49 Map: 8 done vs. 0 working, Reduce 10 done vs. 0 working
2024/03/05 09:41:49 forward: forward to done phase
2024/03/05 09:41:50 Coordinator work
2024/03/05 09:41:50 Coordinator status 2
2024/03/05 09:41:50 Coordinator work
2024/03/05 09:41:50 Coordinator status 2
