2024/03/05 12:50:39 making map order &{0 [../pg-being_ernest.txt] 0 10}
2024/03/05 12:50:39 making map order &{0 [../pg-dorian_gray.txt] 1 10}
2024/03/05 12:50:39 making map order &{0 [../pg-frankenstein.txt] 2 10}
2024/03/05 12:50:39 making map order &{0 [../pg-grimm.txt] 3 10}
2024/03/05 12:50:39 making map order &{0 [../pg-huckleberry_finn.txt] 4 10}
2024/03/05 12:50:39 making map order &{0 [../pg-metamorphosis.txt] 5 10}
2024/03/05 12:50:39 making map order &{0 [../pg-sherlock_holmes.txt] 6 10}
2024/03/05 12:50:39 making map order &{0 [../pg-tom_sawyer.txt] 7 10}
2024/03/05 12:50:39 done with make map order
2024/03/05 12:50:39 Map: 0 done vs. 8 working, Reduce 0 done vs. 0 working
2024/03/05 12:50:40 Coordinator work
2024/03/05 12:50:40 Coordinator status 0
2024/03/05 12:50:40 Coordinator work
2024/03/05 12:50:40 Coordinator status 0
2024/03/05 12:50:40 Coordinator work
2024/03/05 12:50:40 Coordinator status 0
2024/03/05 12:50:40 IsDone &{0 2024-03-05 12:50:40.543986631 +0800 CST m=+1.055101641 0xc0000764e0} true
2024/03/05 12:50:40 Order 0 finish Map
2024/03/05 12:50:40 IsDone &{0 2024-03-05 12:50:40.550066559 +0800 CST m=+1.061181575 0xc000076570} true
2024/03/05 12:50:40 Order 1 finish Map
2024/03/05 12:50:40 IsDone &{0 2024-03-05 12:50:40.553174208 +0800 CST m=+1.064289223 0xc000076600} true
2024/03/05 12:50:40 Order 2 finish Map
2024/03/05 12:50:41 Coordinator work
2024/03/05 12:50:41 Coordinator status 0
2024/03/05 12:50:41 Coordinator work
2024/03/05 12:50:41 Coordinator status 0
2024/03/05 12:50:41 Coordinator work
2024/03/05 12:50:41 Coordinator status 0
2024/03/05 12:50:41 IsDone &{0 2024-03-05 12:50:41.577082513 +0800 CST m=+2.088197528 0xc0000767b0} true
2024/03/05 12:50:41 Order 5 finish Map
2024/03/05 12:50:41 IsDone &{0 2024-03-05 12:50:41.563467989 +0800 CST m=+2.074583003 0xc000076690} true
2024/03/05 12:50:41 Order 3 finish Map
2024/03/05 12:50:41 IsDone &{0 2024-03-05 12:50:41.575099181 +0800 CST m=+2.086214196 0xc000076720} true
2024/03/05 12:50:41 Order 4 finish Map
2024/03/05 12:50:42 Coordinator work
2024/03/05 12:50:42 Coordinator status 0
2024/03/05 12:50:42 Coordinator work
2024/03/05 12:50:42 Coordinator status 0
2024/03/05 12:50:42 Coordinator work
2024/03/05 12:50:42 Coordinator status 0
2024/03/05 12:50:42 Map: 6 done vs. 2 working, Reduce 0 done vs. 0 working
2024/03/05 12:50:42 IsDone &{0 2024-03-05 12:50:42.592869809 +0800 CST m=+3.103984816 0xc000076840} true
2024/03/05 12:50:42 Order 6 finish Map
2024/03/05 12:50:42 IsDone &{0 2024-03-05 12:50:42.595927826 +0800 CST m=+3.107042839 0xc0000768d0} true
2024/03/05 12:50:42 Order 7 finish Map
2024/03/05 12:50:43 Coordinator work
2024/03/05 12:50:43 Coordinator status 0
2024/03/05 12:50:43 Map: 8 done vs. 0 working, Reduce 0 done vs. 0 working
2024/03/05 12:50:43 forward: forward to Reuce Phase
2024/03/05 12:50:43 making reduce order : 8
2024/03/05 12:50:43 making reduce order : 9
2024/03/05 12:50:43 making reduce order : 10
2024/03/05 12:50:43 making reduce order : 11
2024/03/05 12:50:43 making reduce order : 12
2024/03/05 12:50:43 making reduce order : 13
2024/03/05 12:50:43 Coordinator work
2024/03/05 12:50:43 making reduce order : 14
2024/03/05 12:50:43 making reduce order : 15
2024/03/05 12:50:43 making reduce order : 16
2024/03/05 12:50:43 making reduce order : 17
2024/03/05 12:50:43 done with make reduce order
2024/03/05 12:50:43 Map: 8 done vs. 0 working, Reduce 0 done vs. 10 working
2024/03/05 12:50:43 Coordinator status 1
2024/03/05 12:50:43 Order 8 finish Reduce
2024/03/05 12:50:44 Coordinator work
2024/03/05 12:50:44 Coordinator status 1
2024/03/05 12:50:44 Order 9 finish Reduce
2024/03/05 12:50:44 Coordinator work
2024/03/05 12:50:44 Coordinator status 1
2024/03/05 12:50:45 Coordinator work
2024/03/05 12:50:45 Coordinator status 1
2024/03/05 12:50:45 Order 11 finish Reduce
2024/03/05 12:50:45 Coordinator work
2024/03/05 12:50:45 Coordinator status 1
2024/03/05 12:50:45 Order 12 finish Reduce
2024/03/05 12:50:46 Coordinator work
2024/03/05 12:50:46 Coordinator status 1
2024/03/05 12:50:46 Order 13 finish Reduce
2024/03/05 12:50:46 Coordinator work
2024/03/05 12:50:46 Coordinator status 1
2024/03/05 12:50:47 Coordinator work
2024/03/05 12:50:47 Coordinator status 1
2024/03/05 12:50:47 Order 15 finish Reduce
2024/03/05 12:50:47 Order 10 finish Reduce
2024/03/05 12:50:48 Coordinator work
2024/03/05 12:50:48 Coordinator status 1
2024/03/05 12:50:48 Order 16 finish Reduce
2024/03/05 12:50:48 Coordinator work
2024/03/05 12:50:48 Coordinator status 1
2024/03/05 12:50:48 Order 17 finish Reduce
2024/03/05 12:50:49 Coordinator work
2024/03/05 12:50:49 Coordinator status 1
2024/03/05 12:50:49 Map: 8 done vs. 0 working, Reduce 9 done vs. 1 working
2024/03/05 12:50:49 Order 14 finish Reduce
2024/03/05 12:50:49 Coordinator work
2024/03/05 12:50:49 Coordinator status 1
2024/03/05 12:50:49 Map: 8 done vs. 0 working, Reduce 10 done vs. 0 working
2024/03/05 12:50:49 forward: forward to done phase
2024/03/05 12:50:50 Coordinator work
2024/03/05 12:50:50 Coordinator status 2
