2024/03/05 07:46:01 making map order &{0 [../pg-being_ernest.txt] 0 10}
2024/03/05 07:46:01 making map order &{0 [../pg-dorian_gray.txt] 1 10}
2024/03/05 07:46:01 making map order &{0 [../pg-frankenstein.txt] 2 10}
2024/03/05 07:46:01 making map order &{0 [../pg-grimm.txt] 3 10}
2024/03/05 07:46:01 making map order &{0 [../pg-huckleberry_finn.txt] 4 10}
2024/03/05 07:46:01 making map order &{0 [../pg-metamorphosis.txt] 5 10}
2024/03/05 07:46:01 making map order &{0 [../pg-sherlock_holmes.txt] 6 10}
2024/03/05 07:46:01 making map order &{0 [../pg-tom_sawyer.txt] 7 10}
2024/03/05 07:46:01 done with make map order
2024/03/05 07:46:01 Map: 0 done vs. 8 working, Reduce 0 done vs. 0 working
2024/03/05 07:46:02 Coordinator work
2024/03/05 07:46:02 Coordinator status 0
2024/03/05 07:46:02 Coordinator work
2024/03/05 07:46:02 Coordinator status 0
2024/03/05 07:46:03 IsDone &{0 2024-03-05 07:46:02.726017585 +0800 CST m=+1.022370234 0xc0001140f0} true
2024/03/05 07:46:03 Order 0 finish Map
2024/03/05 07:46:03 IsDone &{0 2024-03-05 07:46:02.73150755 +0800 CST m=+1.027860202 0xc000114180} true
2024/03/05 07:46:03 Order 1 finish Map
2024/03/05 07:46:04 Coordinator work
2024/03/05 07:46:04 Coordinator status 0
2024/03/05 07:46:04 Coordinator work
2024/03/05 07:46:04 Coordinator status 0
2024/03/05 07:46:05 IsDone &{0 2024-03-05 07:46:04.737178165 +0800 CST m=+3.033530817 0xc000114210} true
2024/03/05 07:46:05 Order 2 finish Map
2024/03/05 07:46:05 IsDone &{0 2024-03-05 07:46:04.749626265 +0800 CST m=+3.045978917 0xc0001142a0} true
2024/03/05 07:46:05 Order 3 finish Map
2024/03/05 07:46:06 Coordinator work
2024/03/05 07:46:06 Coordinator status 0
2024/03/05 07:46:06 Coordinator work
2024/03/05 07:46:06 Coordinator status 0
2024/03/05 07:46:07 IsDone &{0 2024-03-05 07:46:06.767379799 +0800 CST m=+5.063732449 0xc0001143c0} true
2024/03/05 07:46:07 Order 5 finish Map
2024/03/05 07:46:07 IsDone &{0 2024-03-05 07:46:06.76105829 +0800 CST m=+5.057410938 0xc000114330} true
2024/03/05 07:46:07 Order 4 finish Map
2024/03/05 07:46:08 Coordinator work
2024/03/05 07:46:08 Coordinator status 0
2024/03/05 07:46:08 Coordinator work
2024/03/05 07:46:08 Coordinator status 0
2024/03/05 07:46:09 IsDone &{0 2024-03-05 07:46:08.777319752 +0800 CST m=+7.073672401 0xc000114450} true
2024/03/05 07:46:09 Order 6 finish Map
2024/03/05 07:46:09 IsDone &{0 2024-03-05 07:46:08.785856318 +0800 CST m=+7.082208966 0xc0001144e0} true
2024/03/05 07:46:09 Order 7 finish Map
2024/03/05 07:46:10 Coordinator work
2024/03/05 07:46:10 Coordinator status 0
2024/03/05 07:46:10 Map: 8 done vs. 0 working, Reduce 0 done vs. 0 working
2024/03/05 07:46:10 forward: forward to Reuce Phase
2024/03/05 07:46:10 making reduce order : 8
2024/03/05 07:46:10 making reduce order : 9
2024/03/05 07:46:10 making reduce order : 10
2024/03/05 07:46:10 making reduce order : 11
2024/03/05 07:46:10 making reduce order : 12
2024/03/05 07:46:10 making reduce order : 13
2024/03/05 07:46:10 making reduce order : 14
2024/03/05 07:46:10 making reduce order : 15
2024/03/05 07:46:10 making reduce order : 16
2024/03/05 07:46:10 making reduce order : 17
2024/03/05 07:46:10 done with make reduce order
2024/03/05 07:46:10 Map: 8 done vs. 0 working, Reduce 0 done vs. 10 working
2024/03/05 07:46:10 Coordinator work
2024/03/05 07:46:10 Coordinator status 1
2024/03/05 07:46:10 Order 8 finish Reduce
2024/03/05 07:46:11 Coordinator work
2024/03/05 07:46:11 Coordinator status 1
2024/03/05 07:46:11 Order 9 finish Reduce
2024/03/05 07:46:12 Coordinator work
2024/03/05 07:46:12 Coordinator status 1
2024/03/05 07:46:12 Order 10 finish Reduce
2024/03/05 07:46:12 Coordinator work
2024/03/05 07:46:12 Coordinator status 1
2024/03/05 07:46:12 Order 11 finish Reduce
2024/03/05 07:46:13 Coordinator work
2024/03/05 07:46:13 Coordinator status 1
2024/03/05 07:46:13 Order 12 finish Reduce
2024/03/05 07:46:13 Coordinator work
2024/03/05 07:46:13 Coordinator status 1
2024/03/05 07:46:13 Order 13 finish Reduce
2024/03/05 07:46:14 Coordinator work
2024/03/05 07:46:14 Coordinator status 1
2024/03/05 07:46:14 Order 14 finish Reduce
2024/03/05 07:46:14 Coordinator work
2024/03/05 07:46:14 Coordinator status 1
2024/03/05 07:46:14 Order 15 finish Reduce
2024/03/05 07:46:15 Coordinator work
2024/03/05 07:46:15 Coordinator status 1
2024/03/05 07:46:15 Order 16 finish Reduce
2024/03/05 07:46:15 Coordinator work
2024/03/05 07:46:15 Coordinator status 1
2024/03/05 07:46:15 Order 17 finish Reduce
2024/03/05 07:46:16 Coordinator work
2024/03/05 07:46:16 Coordinator status 1
2024/03/05 07:46:16 Map: 8 done vs. 0 working, Reduce 10 done vs. 0 working
2024/03/05 07:46:16 forward: forward to done phase
2024/03/05 07:46:16 Coordinator work
2024/03/05 07:46:16 Coordinator status 2
