2024/03/05 04:47:52 making map order &{0 [../pg-being_ernest.txt] 0 10}
2024/03/05 04:47:52 making map order &{0 [../pg-dorian_gray.txt] 1 10}
2024/03/05 04:47:52 making map order &{0 [../pg-frankenstein.txt] 2 10}
2024/03/05 04:47:52 making map order &{0 [../pg-grimm.txt] 3 10}
2024/03/05 04:47:52 making map order &{0 [../pg-huckleberry_finn.txt] 4 10}
2024/03/05 04:47:52 making map order &{0 [../pg-metamorphosis.txt] 5 10}
2024/03/05 04:47:52 making map order &{0 [../pg-sherlock_holmes.txt] 6 10}
2024/03/05 04:47:52 making map order &{0 [../pg-tom_sawyer.txt] 7 10}
2024/03/05 04:47:52 done with make map order
2024/03/05 04:47:52 Map: 0 done vs. 8 working, Reduce 0 done vs. 0 working
2024/03/05 04:47:53 Coordinator work
2024/03/05 04:47:53 Coordinator status 0
2024/03/05 04:47:53 IsDone &{0 2024-03-05 04:47:53.674638603 +0800 CST m=+1.030233701 0xc00007be60} true
2024/03/05 04:47:53 Order 0 finish Map
2024/03/05 04:47:53 Coordinator work
2024/03/05 04:47:53 Coordinator status 0
2024/03/05 04:47:53 Coordinator work
2024/03/05 04:47:53 Coordinator status 0
2024/03/05 04:47:53 IsDone &{0 2024-03-05 04:47:53.686859698 +0800 CST m=+1.042454802 0xc00007bf80} true
2024/03/05 04:47:53 Order 2 finish Map
2024/03/05 04:47:53 IsDone &{0 2024-03-05 04:47:53.686527031 +0800 CST m=+1.042122129 0xc00007bef0} true
2024/03/05 04:47:53 Order 1 finish Map
2024/03/05 04:47:54 Coordinator work
2024/03/05 04:47:54 Coordinator status 0
2024/03/05 04:47:54 IsDone &{0 2024-03-05 04:47:54.683406149 +0800 CST m=+2.039001256 0xc00016a030} true
2024/03/05 04:47:54 Order 3 finish Map
2024/03/05 04:47:54 Coordinator work
2024/03/05 04:47:54 Coordinator status 0
2024/03/05 04:47:54 Coordinator work
2024/03/05 04:47:54 Coordinator status 0
2024/03/05 04:47:54 IsDone &{0 2024-03-05 04:47:54.707053483 +0800 CST m=+2.062648589 0xc00016a150} true
2024/03/05 04:47:54 Order 5 finish Map
2024/03/05 04:47:54 IsDone &{0 2024-03-05 04:47:54.703497183 +0800 CST m=+2.059092286 0xc00016a0c0} true
2024/03/05 04:47:54 Order 4 finish Map
2024/03/05 04:47:55 Coordinator work
2024/03/05 04:47:55 Coordinator status 0
2024/03/05 04:47:55 Coordinator work
2024/03/05 04:47:55 Coordinator status 0
2024/03/05 04:47:55 IsDone &{0 2024-03-05 04:47:55.715083999 +0800 CST m=+3.070679097 0xc00016a270} true
2024/03/05 04:47:55 Order 7 finish Map
2024/03/05 04:47:55 Coordinator work
2024/03/05 04:47:55 Coordinator status 0
2024/03/05 04:47:55 Map: 7 done vs. 1 working, Reduce 0 done vs. 0 working
2024/03/05 04:47:55 IsDone &{0 2024-03-05 04:47:55.702186623 +0800 CST m=+3.057781724 0xc00016a1e0} true
2024/03/05 04:47:55 Order 6 finish Map
2024/03/05 04:47:56 Coordinator work
2024/03/05 04:47:56 Coordinator status 0
2024/03/05 04:47:56 Map: 8 done vs. 0 working, Reduce 0 done vs. 0 working
2024/03/05 04:47:56 forward: forward to Reuce Phase
2024/03/05 04:47:56 making reduce order : 8
2024/03/05 04:47:56 making reduce order : 9
2024/03/05 04:47:56 making reduce order : 10
2024/03/05 04:47:56 making reduce order : 11
2024/03/05 04:47:56 making reduce order : 12
2024/03/05 04:47:56 making reduce order : 13
2024/03/05 04:47:56 making reduce order : 14
2024/03/05 04:47:56 making reduce order : 15
2024/03/05 04:47:56 making reduce order : 16
2024/03/05 04:47:56 making reduce order : 17
2024/03/05 04:47:56 Coordinator work
2024/03/05 04:47:56 done with make reduce order
2024/03/05 04:47:56 Map: 8 done vs. 0 working, Reduce 0 done vs. 10 working
2024/03/05 04:47:56 Coordinator status 1
2024/03/05 04:47:56 Order 8 finish Reduce
2024/03/05 04:47:57 Coordinator work
2024/03/05 04:47:57 Coordinator status 1
2024/03/05 04:47:57 Order 9 finish Reduce
2024/03/05 04:47:57 Coordinator work
2024/03/05 04:47:57 Coordinator status 1
2024/03/05 04:47:58 Coordinator work
2024/03/05 04:47:58 Coordinator status 1
2024/03/05 04:47:58 Order 11 finish Reduce
2024/03/05 04:47:58 Coordinator work
2024/03/05 04:47:58 Coordinator status 1
2024/03/05 04:47:58 Order 12 finish Reduce
2024/03/05 04:47:59 Coordinator work
2024/03/05 04:47:59 Coordinator status 1
2024/03/05 04:47:59 Coordinator work
2024/03/05 04:47:59 Coordinator status 1
2024/03/05 04:47:59 Order 13 finish Reduce
2024/03/05 04:48:00 Order 10 finish Reduce
2024/03/05 04:48:00 Coordinator work
2024/03/05 04:48:00 Coordinator status 1
2024/03/05 04:48:00 Order 15 finish Reduce
2024/03/05 04:48:01 Coordinator work
2024/03/05 04:48:01 Coordinator status 1
2024/03/05 04:48:01 Order 16 finish Reduce
2024/03/05 04:48:01 Coordinator work
2024/03/05 04:48:01 Coordinator status 1
2024/03/05 04:48:01 Order 17 finish Reduce
2024/03/05 04:48:02 Order 14 finish Reduce
2024/03/05 04:48:02 Coordinator work
2024/03/05 04:48:02 Coordinator status 1
2024/03/05 04:48:02 Map: 8 done vs. 0 working, Reduce 10 done vs. 0 working
2024/03/05 04:48:02 forward: forward to done phase
2024/03/05 04:48:02 Coordinator work
2024/03/05 04:48:02 Coordinator status 2
2024/03/05 04:48:03 Coordinator work
2024/03/05 04:48:03 Coordinator status 2
