2024/03/05 07:47:05 making map order &{0 [../pg-being_ernest.txt] 0 10}
2024/03/05 07:47:05 making map order &{0 [../pg-dorian_gray.txt] 1 10}
2024/03/05 07:47:05 making map order &{0 [../pg-frankenstein.txt] 2 10}
2024/03/05 07:47:05 making map order &{0 [../pg-grimm.txt] 3 10}
2024/03/05 07:47:05 making map order &{0 [../pg-huckleberry_finn.txt] 4 10}
2024/03/05 07:47:05 making map order &{0 [../pg-metamorphosis.txt] 5 10}
2024/03/05 07:47:05 making map order &{0 [../pg-sherlock_holmes.txt] 6 10}
2024/03/05 07:47:05 making map order &{0 [../pg-tom_sawyer.txt] 7 10}
2024/03/05 07:47:05 done with make map order
2024/03/05 07:47:05 Map: 0 done vs. 8 working, Reduce 0 done vs. 0 working
2024/03/05 07:47:06 Coordinator work
2024/03/05 07:47:06 Coordinator status 0
2024/03/05 07:47:06 Coordinator work
2024/03/05 07:47:06 Coordinator status 0
2024/03/05 07:47:06 Coordinator work
2024/03/05 07:47:06 Coordinator status 0
2024/03/05 07:47:06 IsDone &{0 2024-03-05 07:47:06.152297174 +0800 CST m=+1.034621920 0xc0000743c0} true
2024/03/05 07:47:06 Order 0 finish Map
2024/03/05 07:47:06 IsDone &{0 2024-03-05 07:47:06.162599469 +0800 CST m=+1.044924211 0xc0000744e0} true
2024/03/05 07:47:06 Order 2 finish Map
2024/03/05 07:47:06 IsDone &{0 2024-03-05 07:47:06.154863709 +0800 CST m=+1.037188452 0xc000074450} true
2024/03/05 07:47:06 Order 1 finish Map
2024/03/05 07:47:07 Coordinator work
2024/03/05 07:47:07 Coordinator status 0
2024/03/05 07:47:07 Coordinator work
2024/03/05 07:47:07 Coordinator status 0
2024/03/05 07:47:07 Coordinator work
2024/03/05 07:47:07 Coordinator status 0
2024/03/05 07:47:07 IsDone &{0 2024-03-05 07:47:07.186851381 +0800 CST m=+2.069176121 0xc000074690} true
2024/03/05 07:47:07 Order 5 finish Map
2024/03/05 07:47:07 IsDone &{0 2024-03-05 07:47:07.168038146 +0800 CST m=+2.050362891 0xc000074570} true
2024/03/05 07:47:07 Order 3 finish Map
2024/03/05 07:47:07 IsDone &{0 2024-03-05 07:47:07.181252469 +0800 CST m=+2.063577209 0xc000074600} true
2024/03/05 07:47:07 Order 4 finish Map
2024/03/05 07:47:08 Coordinator work
2024/03/05 07:47:08 Coordinator status 0
2024/03/05 07:47:08 Coordinator work
2024/03/05 07:47:08 Coordinator status 0
2024/03/05 07:47:08 IsDone &{0 2024-03-05 07:47:08.199474552 +0800 CST m=+3.081799295 0xc0000747b0} true
2024/03/05 07:47:08 Order 7 finish Map
2024/03/05 07:47:08 Coordinator work
2024/03/05 07:47:08 Coordinator status 0
2024/03/05 07:47:08 Map: 7 done vs. 1 working, Reduce 0 done vs. 0 working
2024/03/05 07:47:08 IsDone &{0 2024-03-05 07:47:08.197513931 +0800 CST m=+3.079838677 0xc000074720} true
2024/03/05 07:47:08 Order 6 finish Map
2024/03/05 07:47:09 Coordinator work
2024/03/05 07:47:09 Coordinator status 0
2024/03/05 07:47:09 Map: 8 done vs. 0 working, Reduce 0 done vs. 0 working
2024/03/05 07:47:09 forward: forward to Reuce Phase
2024/03/05 07:47:09 making reduce order : 8
2024/03/05 07:47:09 making reduce order : 9
2024/03/05 07:47:09 making reduce order : 10
2024/03/05 07:47:09 making reduce order : 11
2024/03/05 07:47:09 making reduce order : 12
2024/03/05 07:47:09 making reduce order : 13
2024/03/05 07:47:09 making reduce order : 14
2024/03/05 07:47:09 making reduce order : 15
2024/03/05 07:47:09 making reduce order : 16
2024/03/05 07:47:09 making reduce order : 17
2024/03/05 07:47:09 done with make reduce order
2024/03/05 07:47:09 Map: 8 done vs. 0 working, Reduce 0 done vs. 10 working
2024/03/05 07:47:09 Coordinator work
2024/03/05 07:47:09 Coordinator status 1
2024/03/05 07:47:09 Order 8 finish Reduce
2024/03/05 07:47:10 Coordinator work
2024/03/05 07:47:10 Coordinator status 1
2024/03/05 07:47:10 Order 9 finish Reduce
2024/03/05 07:47:10 Coordinator work
2024/03/05 07:47:10 Coordinator status 1
2024/03/05 07:47:11 Coordinator work
2024/03/05 07:47:11 Coordinator status 1
2024/03/05 07:47:11 Order 11 finish Reduce
2024/03/05 07:47:11 Coordinator work
2024/03/05 07:47:11 Coordinator status 1
2024/03/05 07:47:11 Order 12 finish Reduce
2024/03/05 07:47:12 Coordinator work
2024/03/05 07:47:12 Coordinator status 1
2024/03/05 07:47:12 Order 13 finish Reduce
2024/03/05 07:47:12 Coordinator work
2024/03/05 07:47:12 Coordinator status 1
2024/03/05 07:47:13 Coordinator work
2024/03/05 07:47:13 Coordinator status 1
2024/03/05 07:47:13 Order 10 finish Reduce
2024/03/05 07:47:13 Order 15 finish Reduce
2024/03/05 07:47:14 Coordinator work
2024/03/05 07:47:14 Coordinator status 1
2024/03/05 07:47:14 Coordinator work
2024/03/05 07:47:14 Coordinator status 1
2024/03/05 07:47:14 Order 16 finish Reduce
2024/03/05 07:47:14 Order 17 finish Reduce
2024/03/05 07:47:15 Order 14 finish Reduce
2024/03/05 07:47:15 Coordinator work
2024/03/05 07:47:15 Coordinator status 1
2024/03/05 07:47:15 Map: 8 done vs. 0 working, Reduce 10 done vs. 0 working
2024/03/05 07:47:15 forward: forward to done phase
2024/03/05 07:47:15 Coordinator work
2024/03/05 07:47:15 Coordinator status 2
2024/03/05 07:47:16 Coordinator work
2024/03/05 07:47:16 Coordinator status 2
