2024/03/05 12:10:49 making map order &{0 [../pg-being_ernest.txt] 0 10}
2024/03/05 12:10:49 making map order &{0 [../pg-dorian_gray.txt] 1 10}
2024/03/05 12:10:49 making map order &{0 [../pg-frankenstein.txt] 2 10}
2024/03/05 12:10:49 making map order &{0 [../pg-grimm.txt] 3 10}
2024/03/05 12:10:49 making map order &{0 [../pg-huckleberry_finn.txt] 4 10}
2024/03/05 12:10:49 making map order &{0 [../pg-metamorphosis.txt] 5 10}
2024/03/05 12:10:49 making map order &{0 [../pg-sherlock_holmes.txt] 6 10}
2024/03/05 12:10:49 making map order &{0 [../pg-tom_sawyer.txt] 7 10}
2024/03/05 12:10:49 done with make map order
2024/03/05 12:10:49 Map: 0 done vs. 8 working, Reduce 0 done vs. 0 working
2024/03/05 12:10:50 Coordinator work
2024/03/05 12:10:50 Coordinator status 0
2024/03/05 12:10:50 Coordinator work
2024/03/05 12:10:50 Coordinator status 0
2024/03/05 12:10:50 Coordinator work
2024/03/05 12:10:50 Coordinator status 0
2024/03/05 12:10:51 IsDone &{0 2024-03-05 12:10:50.728400939 +0800 CST m=+1.180121033 0xc000074390} true
2024/03/05 12:10:51 Order 0 finish Map
2024/03/05 12:10:52 Coordinator work
2024/03/05 12:10:52 Coordinator status 0
2024/03/05 12:10:53 IsDone &{0 2024-03-05 12:10:50.730112507 +0800 CST m=+1.181832599 0xc0000744b0} true
2024/03/05 12:10:53 Order 2 finish Map
2024/03/05 12:10:53 IsDone &{0 2024-03-05 12:10:50.729298487 +0800 CST m=+1.181018584 0xc000074420} true
2024/03/05 12:10:53 Order 1 finish Map
2024/03/05 12:10:54 Coordinator work
2024/03/05 12:10:54 Coordinator status 0
2024/03/05 12:10:54 Coordinator work
2024/03/05 12:10:54 Coordinator status 0
2024/03/05 12:10:55 IsDone &{0 2024-03-05 12:10:54.546110998 +0800 CST m=+4.997831095 0xc000074660} true
2024/03/05 12:10:55 Order 5 finish Map
2024/03/05 12:10:55 IsDone &{0 2024-03-05 12:10:52.691062742 +0800 CST m=+3.142782835 0xc000074540} true
2024/03/05 12:10:55 Order 3 finish Map
2024/03/05 12:10:56 Coordinator work
2024/03/05 12:10:56 Coordinator status 0
2024/03/05 12:10:56 Coordinator work
2024/03/05 12:10:56 Coordinator status 0
2024/03/05 12:10:58 IsDone &{0 2024-03-05 12:10:54.392964003 +0800 CST m=+4.844684096 0xc0000745d0} true
2024/03/05 12:10:58 Order 4 finish Map
2024/03/05 12:10:58 IsDone &{0 2024-03-05 12:10:56.42186344 +0800 CST m=+6.873583536 0xc000074780} true
2024/03/05 12:10:58 Order 7 finish Map
2024/03/05 12:10:59 Coordinator work
2024/03/05 12:10:59 Coordinator status 0
2024/03/05 12:10:59 Map: 7 done vs. 1 working, Reduce 0 done vs. 0 working
2024/03/05 12:10:59 IsDone &{0 2024-03-05 12:10:56.340366962 +0800 CST m=+6.792087059 0xc0000746f0} true
2024/03/05 12:10:59 Order 6 finish Map
2024/03/05 12:10:59 Coordinator work
2024/03/05 12:10:59 Coordinator status 0
2024/03/05 12:10:59 Map: 8 done vs. 0 working, Reduce 0 done vs. 0 working
2024/03/05 12:10:59 forward: forward to Reuce Phase
2024/03/05 12:10:59 making reduce order : 8
2024/03/05 12:10:59 making reduce order : 9
2024/03/05 12:10:59 making reduce order : 10
2024/03/05 12:10:59 making reduce order : 11
2024/03/05 12:10:59 making reduce order : 12
2024/03/05 12:10:59 making reduce order : 13
2024/03/05 12:10:59 making reduce order : 14
2024/03/05 12:10:59 making reduce order : 15
2024/03/05 12:10:59 making reduce order : 16
2024/03/05 12:10:59 making reduce order : 17
2024/03/05 12:10:59 done with make reduce order
2024/03/05 12:10:59 Map: 8 done vs. 0 working, Reduce 0 done vs. 10 working
2024/03/05 12:11:00 Coordinator work
2024/03/05 12:11:00 Coordinator status 1
2024/03/05 12:11:01 Order 8 finish Reduce
2024/03/05 12:11:01 Coordinator work
2024/03/05 12:11:01 Coordinator status 1
2024/03/05 12:11:01 Coordinator work
2024/03/05 12:11:01 Coordinator status 1
2024/03/05 12:11:01 Order 9 finish Reduce
2024/03/05 12:11:02 Coordinator work
2024/03/05 12:11:02 Coordinator status 1
2024/03/05 12:11:02 Order 11 finish Reduce
2024/03/05 12:11:02 Coordinator work
2024/03/05 12:11:02 Coordinator status 1
2024/03/05 12:11:03 Order 10 finish Reduce
2024/03/05 12:11:03 Coordinator work
2024/03/05 12:11:03 Coordinator status 1
2024/03/05 12:11:03 Order 12 finish Reduce
2024/03/05 12:11:04 Coordinator work
2024/03/05 12:11:04 Coordinator status 1
2024/03/05 12:11:04 Order 13 finish Reduce
2024/03/05 12:11:04 Coordinator work
2024/03/05 12:11:04 Coordinator status 1
2024/03/05 12:11:05 Coordinator work
2024/03/05 12:11:05 Coordinator status 1
2024/03/05 12:11:05 Order 14 finish Reduce
2024/03/05 12:11:05 Order 15 finish Reduce
2024/03/05 12:11:06 Order 16 finish Reduce
2024/03/05 12:11:06 Coordinator work
2024/03/05 12:11:06 Coordinator status 1
2024/03/05 12:11:06 Coordinator work
2024/03/05 12:11:06 Coordinator status 1
2024/03/05 12:11:06 Map: 8 done vs. 0 working, Reduce 9 done vs. 1 working
2024/03/05 12:11:07 Order 17 finish Reduce
2024/03/05 12:11:07 Coordinator work
2024/03/05 12:11:07 Coordinator status 1
2024/03/05 12:11:07 Map: 8 done vs. 0 working, Reduce 10 done vs. 0 working
2024/03/05 12:11:07 forward: forward to done phase
2024/03/05 12:11:08 Coordinator work
2024/03/05 12:11:08 Coordinator status 2
