2024/03/05 12:41:40 making map order &{0 [../pg-being_ernest.txt] 0 10}
2024/03/05 12:41:40 making map order &{0 [../pg-dorian_gray.txt] 1 10}
2024/03/05 12:41:40 making map order &{0 [../pg-frankenstein.txt] 2 10}
2024/03/05 12:41:40 making map order &{0 [../pg-grimm.txt] 3 10}
2024/03/05 12:41:40 making map order &{0 [../pg-huckleberry_finn.txt] 4 10}
2024/03/05 12:41:40 making map order &{0 [../pg-metamorphosis.txt] 5 10}
2024/03/05 12:41:40 making map order &{0 [../pg-sherlock_holmes.txt] 6 10}
2024/03/05 12:41:40 making map order &{0 [../pg-tom_sawyer.txt] 7 10}
2024/03/05 12:41:40 done with make map order
2024/03/05 12:41:40 Map: 0 done vs. 8 working, Reduce 0 done vs. 0 working
2024/03/05 12:41:41 Coordinator work
2024/03/05 12:41:41 Coordinator status 0
2024/03/05 12:41:41 Coordinator work
2024/03/05 12:41:41 Coordinator status 0
2024/03/05 12:41:42 IsDone &{0 2024-03-05 12:41:41.57909535 +0800 CST m=+1.051044177 0xc00009dd10} true
2024/03/05 12:41:42 Order 0 finish Map
2024/03/05 12:41:42 IsDone &{0 2024-03-05 12:41:41.584253382 +0800 CST m=+1.056202217 0xc00009dda0} true
2024/03/05 12:41:42 Order 1 finish Map
2024/03/05 12:41:43 Coordinator work
2024/03/05 12:41:43 Coordinator status 0
2024/03/05 12:41:43 Coordinator work
2024/03/05 12:41:43 Coordinator status 0
2024/03/05 12:41:44 IsDone &{0 2024-03-05 12:41:43.597707341 +0800 CST m=+3.069656173 0xc00009de30} true
2024/03/05 12:41:44 Order 2 finish Map
2024/03/05 12:41:44 IsDone &{0 2024-03-05 12:41:43.604660464 +0800 CST m=+3.076609294 0xc00009dec0} true
2024/03/05 12:41:44 Order 3 finish Map
2024/03/05 12:41:45 Coordinator work
2024/03/05 12:41:45 Coordinator status 0
2024/03/05 12:41:45 Coordinator work
2024/03/05 12:41:45 Coordinator status 0
2024/03/05 12:41:46 IsDone &{0 2024-03-05 12:41:45.629553985 +0800 CST m=+5.101502817 0xc00011a000} true
2024/03/05 12:41:46 Order 5 finish Map
2024/03/05 12:41:46 IsDone &{0 2024-03-05 12:41:45.624881217 +0800 CST m=+5.096830048 0xc00009df50} true
2024/03/05 12:41:46 Order 4 finish Map
2024/03/05 12:41:47 Coordinator work
2024/03/05 12:41:47 Coordinator status 0
2024/03/05 12:41:47 Coordinator work
2024/03/05 12:41:47 Coordinator status 0
2024/03/05 12:41:48 IsDone &{0 2024-03-05 12:41:47.639845378 +0800 CST m=+7.111794207 0xc00011a090} true
2024/03/05 12:41:48 Order 6 finish Map
2024/03/05 12:41:48 IsDone &{0 2024-03-05 12:41:47.651103632 +0800 CST m=+7.123052461 0xc00011a120} true
2024/03/05 12:41:48 Order 7 finish Map
2024/03/05 12:41:49 Coordinator work
2024/03/05 12:41:49 Coordinator status 0
2024/03/05 12:41:49 Map: 8 done vs. 0 working, Reduce 0 done vs. 0 working
2024/03/05 12:41:49 forward: forward to Reuce Phase
2024/03/05 12:41:49 making reduce order : 8
2024/03/05 12:41:49 making reduce order : 9
2024/03/05 12:41:49 making reduce order : 10
2024/03/05 12:41:49 making reduce order : 11
2024/03/05 12:41:49 Coordinator work
2024/03/05 12:41:49 making reduce order : 12
2024/03/05 12:41:49 making reduce order : 13
2024/03/05 12:41:49 making reduce order : 14
2024/03/05 12:41:49 making reduce order : 15
2024/03/05 12:41:49 making reduce order : 16
2024/03/05 12:41:49 making reduce order : 17
2024/03/05 12:41:49 done with make reduce order
2024/03/05 12:41:49 Map: 8 done vs. 0 working, Reduce 0 done vs. 10 working
2024/03/05 12:41:49 Coordinator status 1
2024/03/05 12:41:49 Order 8 finish Reduce
2024/03/05 12:41:50 Coordinator work
2024/03/05 12:41:50 Coordinator status 1
2024/03/05 12:41:50 Order 9 finish Reduce
2024/03/05 12:41:51 Coordinator work
2024/03/05 12:41:51 Coordinator status 1
2024/03/05 12:41:51 Order 10 finish Reduce
2024/03/05 12:41:51 Coordinator work
2024/03/05 12:41:51 Coordinator status 1
2024/03/05 12:41:51 Order 11 finish Reduce
2024/03/05 12:41:52 Coordinator work
2024/03/05 12:41:52 Coordinator status 1
2024/03/05 12:41:52 Order 12 finish Reduce
2024/03/05 12:41:52 Coordinator work
2024/03/05 12:41:52 Coordinator status 1
2024/03/05 12:41:52 Order 13 finish Reduce
2024/03/05 12:41:53 Coordinator work
2024/03/05 12:41:53 Coordinator status 1
2024/03/05 12:41:53 Order 14 finish Reduce
2024/03/05 12:41:53 Coordinator work
2024/03/05 12:41:53 Coordinator status 1
2024/03/05 12:41:53 Order 15 finish Reduce
2024/03/05 12:41:54 Coordinator work
2024/03/05 12:41:54 Coordinator status 1
2024/03/05 12:41:54 Order 16 finish Reduce
2024/03/05 12:41:54 Coordinator work
2024/03/05 12:41:54 Coordinator status 1
2024/03/05 12:41:54 Order 17 finish Reduce
2024/03/05 12:41:55 Coordinator work
2024/03/05 12:41:55 Coordinator status 1
2024/03/05 12:41:55 Map: 8 done vs. 0 working, Reduce 10 done vs. 0 working
2024/03/05 12:41:55 forward: forward to done phase
2024/03/05 12:41:55 Coordinator work
2024/03/05 12:41:55 Coordinator status 2
