2024/03/05 02:09:52 making map order &{0 [../pg-being_ernest.txt] 0 10}
2024/03/05 02:09:52 making map order &{0 [../pg-dorian_gray.txt] 1 10}
2024/03/05 02:09:52 making map order &{0 [../pg-frankenstein.txt] 2 10}
2024/03/05 02:09:52 making map order &{0 [../pg-grimm.txt] 3 10}
2024/03/05 02:09:52 making map order &{0 [../pg-huckleberry_finn.txt] 4 10}
2024/03/05 02:09:52 making map order &{0 [../pg-metamorphosis.txt] 5 10}
2024/03/05 02:09:52 making map order &{0 [../pg-sherlock_holmes.txt] 6 10}
2024/03/05 02:09:52 making map order &{0 [../pg-tom_sawyer.txt] 7 10}
2024/03/05 02:09:52 done with make map order
2024/03/05 02:09:52 Map: 0 done vs. 8 working, Reduce 0 done vs. 0 working
2024/03/05 02:09:53 Coordinator work
2024/03/05 02:09:53 Coordinator status 0
2024/03/05 02:09:53 Coordinator work
2024/03/05 02:09:53 Coordinator status 0
2024/03/05 02:09:57 IsDone &{0 2024-03-05 02:09:53.070743251 +0800 CST m=+1.015794888 0xc00007be60} true
2024/03/05 02:09:57 Order 0 finish Map
2024/03/05 02:09:57 IsDone &{0 2024-03-05 02:09:53.077092407 +0800 CST m=+1.022144046 0xc00007bef0} true
2024/03/05 02:09:57 Order 1 finish Map
2024/03/05 02:09:58 Coordinator work
2024/03/05 02:09:58 Coordinator status 0
2024/03/05 02:09:58 Coordinator work
2024/03/05 02:09:58 Coordinator status 0
2024/03/05 02:10:02 IsDone &{0 2024-03-05 02:09:58.162822899 +0800 CST m=+6.107874539 0xc00007bf80} true
2024/03/05 02:10:02 Order 2 finish Map
2024/03/05 02:10:02 IsDone &{0 2024-03-05 02:09:58.178343871 +0800 CST m=+6.123395510 0xc00016c030} true
2024/03/05 02:10:02 Order 3 finish Map
2024/03/05 02:10:03 Coordinator work
2024/03/05 02:10:03 Coordinator status 0
2024/03/05 02:10:03 Coordinator work
2024/03/05 02:10:03 Coordinator status 0
2024/03/05 02:10:06 IsDone &{0 2024-03-05 02:10:03.065632349 +0800 CST m=+11.010683987 0xc00016c0c0} true
2024/03/05 02:10:06 Order 4 finish Map
2024/03/05 02:10:06 IsDone &{0 2024-03-05 02:10:03.083676239 +0800 CST m=+11.028727869 0xc00016c150} true
2024/03/05 02:10:06 Order 5 finish Map
2024/03/05 02:10:07 Coordinator work
2024/03/05 02:10:07 Coordinator status 0
2024/03/05 02:10:07 Coordinator work
2024/03/05 02:10:07 Coordinator status 0
2024/03/05 02:10:10 IsDone &{0 2024-03-05 02:10:07.939764473 +0800 CST m=+15.884816109 0xc00016c270} true
2024/03/05 02:10:10 Order 7 finish Map
2024/03/05 02:10:10 IsDone &{0 2024-03-05 02:10:07.933050491 +0800 CST m=+15.878102130 0xc00016c1e0} true
2024/03/05 02:10:10 Order 6 finish Map
2024/03/05 02:10:11 Coordinator work
2024/03/05 02:10:11 Coordinator status 0
2024/03/05 02:10:11 Map: 8 done vs. 0 working, Reduce 0 done vs. 0 working
2024/03/05 02:10:11 forward: forward to Reuce Phase
2024/03/05 02:10:11 making reduce order : 8
2024/03/05 02:10:11 making reduce order : 9
2024/03/05 02:10:11 making reduce order : 10
2024/03/05 02:10:11 making reduce order : 11
2024/03/05 02:10:11 making reduce order : 12
2024/03/05 02:10:11 making reduce order : 13
2024/03/05 02:10:11 making reduce order : 14
2024/03/05 02:10:11 making reduce order : 15
2024/03/05 02:10:11 making reduce order : 16
2024/03/05 02:10:11 making reduce order : 17
2024/03/05 02:10:11 done with make reduce order
2024/03/05 02:10:11 Map: 8 done vs. 0 working, Reduce 0 done vs. 10 working
2024/03/05 02:10:11 Coordinator work
2024/03/05 02:10:11 Coordinator status 1
2024/03/05 02:10:11 Order 8 finish Reduce
2024/03/05 02:10:12 Coordinator work
2024/03/05 02:10:12 Coordinator status 1
2024/03/05 02:10:12 Order 9 finish Reduce
2024/03/05 02:10:13 Coordinator work
2024/03/05 02:10:13 Coordinator status 1
2024/03/05 02:10:13 Order 10 finish Reduce
2024/03/05 02:10:13 Coordinator work
2024/03/05 02:10:13 Coordinator status 1
2024/03/05 02:10:13 Order 11 finish Reduce
2024/03/05 02:10:14 Coordinator work
2024/03/05 02:10:14 Coordinator status 1
2024/03/05 02:10:14 Order 12 finish Reduce
2024/03/05 02:10:14 Coordinator work
2024/03/05 02:10:14 Coordinator status 1
2024/03/05 02:10:14 Order 13 finish Reduce
2024/03/05 02:10:15 Coordinator work
2024/03/05 02:10:15 Coordinator status 1
2024/03/05 02:10:15 Order 14 finish Reduce
2024/03/05 02:10:15 Coordinator work
2024/03/05 02:10:15 Coordinator status 1
2024/03/05 02:10:15 Order 15 finish Reduce
2024/03/05 02:10:16 Coordinator work
2024/03/05 02:10:16 Coordinator status 1
2024/03/05 02:10:16 Order 16 finish Reduce
2024/03/05 02:10:16 Coordinator work
2024/03/05 02:10:16 Coordinator status 1
2024/03/05 02:10:16 Order 17 finish Reduce
2024/03/05 02:10:17 Coordinator work
2024/03/05 02:10:17 Coordinator status 1
2024/03/05 02:10:17 Map: 8 done vs. 0 working, Reduce 10 done vs. 0 working
2024/03/05 02:10:17 forward: forward to done phase
2024/03/05 02:10:17 Coordinator work
2024/03/05 02:10:17 Coordinator status 2
