2024/03/04 22:24:22 making map order &{0 [../pg-being_ernest.txt] 0 10}
2024/03/04 22:24:22 making map order &{0 [../pg-dorian_gray.txt] 1 10}
2024/03/04 22:24:22 making map order &{0 [../pg-frankenstein.txt] 2 10}
2024/03/04 22:24:22 making map order &{0 [../pg-grimm.txt] 3 10}
2024/03/04 22:24:22 making map order &{0 [../pg-huckleberry_finn.txt] 4 10}
2024/03/04 22:24:22 making map order &{0 [../pg-metamorphosis.txt] 5 10}
2024/03/04 22:24:22 making map order &{0 [../pg-sherlock_holmes.txt] 6 10}
2024/03/04 22:24:22 making map order &{0 [../pg-tom_sawyer.txt] 7 10}
2024/03/04 22:24:22 done with make map order
2024/03/04 22:24:22 Map: 0 done vs. 8 working, Reduce 0 done vs. 0 working
2024/03/04 22:24:23 Coordinator work
2024/03/04 22:24:23 Coordinator status 0
2024/03/04 22:24:23 Coordinator work
2024/03/04 22:24:23 Coordinator status 0
2024/03/04 22:24:23 IsDone &{0 2024-03-04 22:24:23.278138658 +0800 CST m=+1.019707391 0xc00007ff20} true
2024/03/04 22:24:23 Order 0 finish Map
2024/03/04 22:24:23 IsDone &{0 2024-03-04 22:24:23.281029319 +0800 CST m=+1.022598058 0xc00007ffb0} true
2024/03/04 22:24:23 Order 1 finish Map
2024/03/04 22:24:24 Coordinator work
2024/03/04 22:24:24 Coordinator status 0
2024/03/04 22:24:24 Coordinator work
2024/03/04 22:24:24 Coordinator status 0
2024/03/04 22:24:24 IsDone &{0 2024-03-04 22:24:24.363440685 +0800 CST m=+2.105009424 0xc00016c060} true
2024/03/04 22:24:24 Order 2 finish Map
2024/03/04 22:24:24 IsDone &{0 2024-03-04 22:24:24.518821291 +0800 CST m=+2.260390027 0xc00016c0f0} true
2024/03/04 22:24:24 Order 3 finish Map
2024/03/04 22:24:25 Coordinator work
2024/03/04 22:24:25 Coordinator status 0
2024/03/04 22:24:25 Coordinator work
2024/03/04 22:24:25 Coordinator status 0
2024/03/04 22:24:25 IsDone &{0 2024-03-04 22:24:25.572964106 +0800 CST m=+3.314532845 0xc00016c180} true
2024/03/04 22:24:25 Order 4 finish Map
2024/03/04 22:24:25 IsDone &{0 2024-03-04 22:24:25.733708002 +0800 CST m=+3.475276736 0xc00016c210} true
2024/03/04 22:24:25 Order 5 finish Map
2024/03/04 22:24:26 Coordinator work
2024/03/04 22:24:26 Coordinator status 0
2024/03/04 22:24:26 Coordinator work
2024/03/04 22:24:26 Coordinator status 0
2024/03/04 22:24:27 IsDone &{0 2024-03-04 22:24:26.847305024 +0800 CST m=+4.588873765 0xc00016c330} true
2024/03/04 22:24:27 Order 7 finish Map
2024/03/04 22:24:27 IsDone &{0 2024-03-04 22:24:26.815528523 +0800 CST m=+4.557097264 0xc00016c2a0} true
2024/03/04 22:24:27 Order 6 finish Map
2024/03/04 22:24:28 Coordinator work
2024/03/04 22:24:28 Coordinator status 0
2024/03/04 22:24:28 Map: 8 done vs. 0 working, Reduce 0 done vs. 0 working
2024/03/04 22:24:28 forward: forward to Reuce Phase
2024/03/04 22:24:28 making reduce order : 8
2024/03/04 22:24:28 making reduce order : 9
2024/03/04 22:24:28 making reduce order : 10
2024/03/04 22:24:28 making reduce order : 11
2024/03/04 22:24:28 making reduce order : 12
2024/03/04 22:24:28 making reduce order : 13
2024/03/04 22:24:28 making reduce order : 14
2024/03/04 22:24:28 making reduce order : 15
2024/03/04 22:24:28 making reduce order : 16
2024/03/04 22:24:28 making reduce order : 17
2024/03/04 22:24:28 done with make reduce order
2024/03/04 22:24:28 Map: 8 done vs. 0 working, Reduce 0 done vs. 10 working
2024/03/04 22:24:28 Coordinator work
2024/03/04 22:24:28 Coordinator status 1
2024/03/04 22:24:28 Order 8 finish Reduce
2024/03/04 22:24:29 Coordinator work
2024/03/04 22:24:29 Coordinator status 1
2024/03/04 22:24:29 Order 9 finish Reduce
2024/03/04 22:24:30 Coordinator work
2024/03/04 22:24:30 Coordinator status 1
2024/03/04 22:24:30 Order 10 finish Reduce
2024/03/04 22:24:30 Coordinator work
2024/03/04 22:24:30 Coordinator status 1
2024/03/04 22:24:30 Order 11 finish Reduce
2024/03/04 22:24:31 Coordinator work
2024/03/04 22:24:31 Coordinator status 1
2024/03/04 22:24:31 Order 12 finish Reduce
2024/03/04 22:24:31 Coordinator work
2024/03/04 22:24:31 Coordinator status 1
2024/03/04 22:24:31 Order 13 finish Reduce
2024/03/04 22:24:32 Coordinator work
2024/03/04 22:24:32 Coordinator status 1
2024/03/04 22:24:32 Order 14 finish Reduce
2024/03/04 22:24:32 Coordinator work
2024/03/04 22:24:32 Coordinator status 1
2024/03/04 22:24:32 Order 15 finish Reduce
2024/03/04 22:24:33 Coordinator work
2024/03/04 22:24:33 Coordinator status 1
2024/03/04 22:24:33 Order 16 finish Reduce
2024/03/04 22:24:33 Coordinator work
2024/03/04 22:24:33 Coordinator status 1
2024/03/04 22:24:33 Order 17 finish Reduce
2024/03/04 22:24:34 Coordinator work
2024/03/04 22:24:34 Coordinator status 1
2024/03/04 22:24:34 Map: 8 done vs. 0 working, Reduce 10 done vs. 0 working
2024/03/04 22:24:34 forward: forward to done phase
2024/03/04 22:24:34 Coordinator work
2024/03/04 22:24:34 Coordinator status 2
