2024/03/04 22:03:50 making map order &{0 [../pg-being_ernest.txt] 0 10}
2024/03/04 22:03:50 making map order &{0 [../pg-dorian_gray.txt] 1 10}
2024/03/04 22:03:50 making map order &{0 [../pg-frankenstein.txt] 2 10}
2024/03/04 22:03:50 making map order &{0 [../pg-grimm.txt] 3 10}
2024/03/04 22:03:50 making map order &{0 [../pg-huckleberry_finn.txt] 4 10}
2024/03/04 22:03:50 making map order &{0 [../pg-metamorphosis.txt] 5 10}
2024/03/04 22:03:50 making map order &{0 [../pg-sherlock_holmes.txt] 6 10}
2024/03/04 22:03:50 making map order &{0 [../pg-tom_sawyer.txt] 7 10}
2024/03/04 22:03:50 done with make map order
2024/03/04 22:03:50 Map: 0 done vs. 8 working, Reduce 0 done vs. 0 working
2024/03/04 22:03:51 Coordinator work
2024/03/04 22:03:51 Coordinator status 0
2024/03/04 22:03:51 Coordinator work
2024/03/04 22:03:51 Coordinator status 0
2024/03/04 22:03:51 IsDone &{0 2024-03-04 22:03:51.2855023 +0800 CST m=+1.015427564 0xc00007fe00} true
2024/03/04 22:03:51 Order 0 finish Map
2024/03/04 22:03:51 IsDone &{0 2024-03-04 22:03:51.287475381 +0800 CST m=+1.017400647 0xc00007fe90} true
2024/03/04 22:03:51 Order 1 finish Map
2024/03/04 22:03:52 Coordinator work
2024/03/04 22:03:52 Coordinator status 0
2024/03/04 22:03:52 Coordinator work
2024/03/04 22:03:52 Coordinator status 0
2024/03/04 22:03:52 IsDone &{0 2024-03-04 22:03:52.421545172 +0800 CST m=+2.151470439 0xc00007ff20} true
2024/03/04 22:03:52 Order 2 finish Map
2024/03/04 22:03:52 IsDone &{0 2024-03-04 22:03:52.50415145 +0800 CST m=+2.234076716 0xc00007ffb0} true
2024/03/04 22:03:52 Order 3 finish Map
2024/03/04 22:03:53 Coordinator work
2024/03/04 22:03:53 Coordinator status 0
2024/03/04 22:03:53 Coordinator work
2024/03/04 22:03:53 Coordinator status 0
2024/03/04 22:03:53 IsDone &{0 2024-03-04 22:03:53.732837128 +0800 CST m=+3.462762392 0xc0000ec0f0} true
2024/03/04 22:03:53 Order 5 finish Map
2024/03/04 22:03:53 IsDone &{0 2024-03-04 22:03:53.652596115 +0800 CST m=+3.382521379 0xc0000ec060} true
2024/03/04 22:03:53 Order 4 finish Map
2024/03/04 22:03:54 Coordinator work
2024/03/04 22:03:54 Coordinator status 0
2024/03/04 22:03:54 Coordinator work
2024/03/04 22:03:54 Coordinator status 0
2024/03/04 22:03:55 IsDone &{0 2024-03-04 22:03:54.85599405 +0800 CST m=+4.585919319 0xc0000ec180} true
2024/03/04 22:03:55 Order 6 finish Map
2024/03/04 22:03:55 IsDone &{0 2024-03-04 22:03:54.883898115 +0800 CST m=+4.613823385 0xc0000ec210} true
2024/03/04 22:03:55 Order 7 finish Map
2024/03/04 22:03:56 Coordinator work
2024/03/04 22:03:56 Coordinator status 0
2024/03/04 22:03:56 Map: 8 done vs. 0 working, Reduce 0 done vs. 0 working
2024/03/04 22:03:56 forward: forward to Reuce Phase
2024/03/04 22:03:56 making reduce order : 8
2024/03/04 22:03:56 making reduce order : 9
2024/03/04 22:03:56 making reduce order : 10
2024/03/04 22:03:56 making reduce order : 11
2024/03/04 22:03:56 making reduce order : 12
2024/03/04 22:03:56 making reduce order : 13
2024/03/04 22:03:56 making reduce order : 14
2024/03/04 22:03:56 making reduce order : 15
2024/03/04 22:03:56 making reduce order : 16
2024/03/04 22:03:56 making reduce order : 17
2024/03/04 22:03:56 done with make reduce order
2024/03/04 22:03:56 Map: 8 done vs. 0 working, Reduce 0 done vs. 10 working
2024/03/04 22:03:56 Coordinator work
2024/03/04 22:03:56 Coordinator status 1
2024/03/04 22:03:56 Order 8 finish Reduce
2024/03/04 22:03:57 Coordinator work
2024/03/04 22:03:57 Coordinator status 1
2024/03/04 22:03:57 Order 9 finish Reduce
2024/03/04 22:03:58 Coordinator work
2024/03/04 22:03:58 Coordinator status 1
2024/03/04 22:03:58 Order 10 finish Reduce
2024/03/04 22:03:58 Coordinator work
2024/03/04 22:03:58 Coordinator status 1
2024/03/04 22:03:58 Order 11 finish Reduce
2024/03/04 22:03:59 Coordinator work
2024/03/04 22:03:59 Coordinator status 1
2024/03/04 22:03:59 Order 12 finish Reduce
2024/03/04 22:03:59 Coordinator work
2024/03/04 22:03:59 Coordinator status 1
2024/03/04 22:03:59 Order 13 finish Reduce
2024/03/04 22:04:00 Coordinator work
2024/03/04 22:04:00 Coordinator status 1
2024/03/04 22:04:00 Order 14 finish Reduce
2024/03/04 22:04:00 Coordinator work
2024/03/04 22:04:00 Coordinator status 1
2024/03/04 22:04:00 Order 15 finish Reduce
2024/03/04 22:04:01 Coordinator work
2024/03/04 22:04:01 Coordinator status 1
2024/03/04 22:04:01 Order 16 finish Reduce
2024/03/04 22:04:01 Coordinator work
2024/03/04 22:04:01 Coordinator status 1
2024/03/04 22:04:01 Order 17 finish Reduce
2024/03/04 22:04:02 Coordinator work
2024/03/04 22:04:02 Coordinator status 1
2024/03/04 22:04:02 Map: 8 done vs. 0 working, Reduce 10 done vs. 0 working
2024/03/04 22:04:02 forward: forward to done phase
2024/03/04 22:04:02 Coordinator work
2024/03/04 22:04:02 Coordinator status 2
