2024/03/04 22:35:22 making map order &{0 [../pg-being_ernest.txt] 0 10}
2024/03/04 22:35:22 making map order &{0 [../pg-dorian_gray.txt] 1 10}
2024/03/04 22:35:22 making map order &{0 [../pg-frankenstein.txt] 2 10}
2024/03/04 22:35:22 making map order &{0 [../pg-grimm.txt] 3 10}
2024/03/04 22:35:22 making map order &{0 [../pg-huckleberry_finn.txt] 4 10}
2024/03/04 22:35:22 making map order &{0 [../pg-metamorphosis.txt] 5 10}
2024/03/04 22:35:22 making map order &{0 [../pg-sherlock_holmes.txt] 6 10}
2024/03/04 22:35:22 making map order &{0 [../pg-tom_sawyer.txt] 7 10}
2024/03/04 22:35:22 done with make map order
2024/03/04 22:35:22 Map: 0 done vs. 8 working, Reduce 0 done vs. 0 working
2024/03/04 22:35:23 Coordinator work
2024/03/04 22:35:23 Coordinator status 0
2024/03/04 22:35:23 Coordinator work
2024/03/04 22:35:23 Coordinator status 0
2024/03/04 22:35:23 IsDone &{0 2024-03-04 22:35:23.359685913 +0800 CST m=+1.014415102 0xc000102300} true
2024/03/04 22:35:23 Order 0 finish Map
2024/03/04 22:35:23 IsDone &{0 2024-03-04 22:35:23.365050469 +0800 CST m=+1.019779653 0xc000102390} true
2024/03/04 22:35:23 Order 1 finish Map
2024/03/04 22:35:24 Coordinator work
2024/03/04 22:35:24 Coordinator status 0
2024/03/04 22:35:24 Coordinator work
2024/03/04 22:35:24 Coordinator status 0
2024/03/04 22:35:24 IsDone &{0 2024-03-04 22:35:24.472685688 +0800 CST m=+2.127414878 0xc000102420} true
2024/03/04 22:35:24 Order 2 finish Map
2024/03/04 22:35:24 IsDone &{0 2024-03-04 22:35:24.597712209 +0800 CST m=+2.252441399 0xc0001024b0} true
2024/03/04 22:35:24 Order 3 finish Map
2024/03/04 22:35:25 Coordinator work
2024/03/04 22:35:25 Coordinator status 0
2024/03/04 22:35:25 Coordinator work
2024/03/04 22:35:25 Coordinator status 0
2024/03/04 22:35:25 IsDone &{0 2024-03-04 22:35:25.809578666 +0800 CST m=+3.464307852 0xc0001025d0} true
2024/03/04 22:35:25 Order 5 finish Map
2024/03/04 22:35:25 IsDone &{0 2024-03-04 22:35:25.690031208 +0800 CST m=+3.344760398 0xc000102540} true
2024/03/04 22:35:25 Order 4 finish Map
2024/03/04 22:35:26 Coordinator work
2024/03/04 22:35:26 Coordinator status 0
2024/03/04 22:35:26 Coordinator work
2024/03/04 22:35:26 Coordinator status 0
2024/03/04 22:35:27 IsDone &{0 2024-03-04 22:35:26.885561106 +0800 CST m=+4.540290293 0xc000102660} true
2024/03/04 22:35:27 Order 6 finish Map
2024/03/04 22:35:27 IsDone &{0 2024-03-04 22:35:26.977225228 +0800 CST m=+4.631954414 0xc0001026f0} true
2024/03/04 22:35:27 Order 7 finish Map
2024/03/04 22:35:28 Coordinator work
2024/03/04 22:35:28 Coordinator status 0
2024/03/04 22:35:28 Map: 8 done vs. 0 working, Reduce 0 done vs. 0 working
2024/03/04 22:35:28 forward: forward to Reuce Phase
2024/03/04 22:35:28 making reduce order : 8
2024/03/04 22:35:28 making reduce order : 9
2024/03/04 22:35:28 making reduce order : 10
2024/03/04 22:35:28 making reduce order : 11
2024/03/04 22:35:28 making reduce order : 12
2024/03/04 22:35:28 making reduce order : 13
2024/03/04 22:35:28 making reduce order : 14
2024/03/04 22:35:28 making reduce order : 15
2024/03/04 22:35:28 making reduce order : 16
2024/03/04 22:35:28 making reduce order : 17
2024/03/04 22:35:28 done with make reduce order
2024/03/04 22:35:28 Map: 8 done vs. 0 working, Reduce 0 done vs. 10 working
2024/03/04 22:35:28 Coordinator work
2024/03/04 22:35:28 Coordinator status 1
2024/03/04 22:35:28 Order 8 finish Reduce
2024/03/04 22:35:29 Coordinator work
2024/03/04 22:35:29 Coordinator status 1
2024/03/04 22:35:29 Order 9 finish Reduce
2024/03/04 22:35:30 Coordinator work
2024/03/04 22:35:30 Coordinator status 1
2024/03/04 22:35:30 Order 10 finish Reduce
2024/03/04 22:35:30 Coordinator work
2024/03/04 22:35:30 Coordinator status 1
2024/03/04 22:35:30 Order 11 finish Reduce
2024/03/04 22:35:31 Coordinator work
2024/03/04 22:35:31 Coordinator status 1
2024/03/04 22:35:31 Order 12 finish Reduce
2024/03/04 22:35:31 Coordinator work
2024/03/04 22:35:31 Coordinator status 1
2024/03/04 22:35:31 Order 13 finish Reduce
2024/03/04 22:35:32 Coordinator work
2024/03/04 22:35:32 Coordinator status 1
2024/03/04 22:35:32 Order 14 finish Reduce
2024/03/04 22:35:32 Coordinator work
2024/03/04 22:35:32 Coordinator status 1
2024/03/04 22:35:32 Order 15 finish Reduce
2024/03/04 22:35:33 Coordinator work
2024/03/04 22:35:33 Coordinator status 1
2024/03/04 22:35:33 Order 16 finish Reduce
2024/03/04 22:35:33 Coordinator work
2024/03/04 22:35:33 Coordinator status 1
2024/03/04 22:35:33 Order 17 finish Reduce
2024/03/04 22:35:34 Coordinator work
2024/03/04 22:35:34 Coordinator status 1
2024/03/04 22:35:34 Map: 8 done vs. 0 working, Reduce 10 done vs. 0 working
2024/03/04 22:35:34 forward: forward to done phase
2024/03/04 22:35:34 Coordinator work
2024/03/04 22:35:34 Coordinator status 2
