2024/03/05 00:51:12 making map order &{0 [../pg-being_ernest.txt] 0 10}
2024/03/05 00:51:12 making map order &{0 [../pg-dorian_gray.txt] 1 10}
2024/03/05 00:51:12 making map order &{0 [../pg-frankenstein.txt] 2 10}
2024/03/05 00:51:12 making map order &{0 [../pg-grimm.txt] 3 10}
2024/03/05 00:51:12 making map order &{0 [../pg-huckleberry_finn.txt] 4 10}
2024/03/05 00:51:12 making map order &{0 [../pg-metamorphosis.txt] 5 10}
2024/03/05 00:51:12 making map order &{0 [../pg-sherlock_holmes.txt] 6 10}
2024/03/05 00:51:12 making map order &{0 [../pg-tom_sawyer.txt] 7 10}
2024/03/05 00:51:12 done with make map order
2024/03/05 00:51:12 Map: 0 done vs. 8 working, Reduce 0 done vs. 0 working
2024/03/05 00:51:13 Coordinator work
2024/03/05 00:51:13 Coordinator status 0
2024/03/05 00:51:13 Coordinator work
2024/03/05 00:51:13 Coordinator status 0
2024/03/05 00:51:17 IsDone &{0 2024-03-05 00:51:13.733616186 +0800 CST m=+1.026087827 0xc00009dce0} true
2024/03/05 00:51:17 Order 0 finish Map
2024/03/05 00:51:17 IsDone &{0 2024-03-05 00:51:13.73451448 +0800 CST m=+1.026986120 0xc00009dd70} true
2024/03/05 00:51:17 Order 1 finish Map
2024/03/05 00:51:18 Coordinator work
2024/03/05 00:51:18 Coordinator status 0
2024/03/05 00:51:18 Coordinator work
2024/03/05 00:51:18 Coordinator status 0
2024/03/05 00:51:22 IsDone &{0 2024-03-05 00:51:18.827230486 +0800 CST m=+6.119702135 0xc00009de00} true
2024/03/05 00:51:22 Order 2 finish Map
2024/03/05 00:51:22 IsDone &{0 2024-03-05 00:51:18.839181833 +0800 CST m=+6.131653476 0xc00009de90} true
2024/03/05 00:51:22 Order 3 finish Map
2024/03/05 00:51:23 Coordinator work
2024/03/05 00:51:23 Coordinator status 0
2024/03/05 00:51:23 Coordinator work
2024/03/05 00:51:23 Coordinator status 0
2024/03/05 00:51:27 IsDone &{0 2024-03-05 00:51:23.74593723 +0800 CST m=+11.038408879 0xc00009dfb0} true
2024/03/05 00:51:27 Order 5 finish Map
2024/03/05 00:51:27 IsDone &{0 2024-03-05 00:51:23.743331377 +0800 CST m=+11.035803025 0xc00009df20} true
2024/03/05 00:51:27 Order 4 finish Map
2024/03/05 00:51:28 Coordinator work
2024/03/05 00:51:28 Coordinator status 0
2024/03/05 00:51:28 Coordinator work
2024/03/05 00:51:28 Coordinator status 0
2024/03/05 00:51:30 IsDone &{0 2024-03-05 00:51:28.603934715 +0800 CST m=+15.896406362 0xc000118060} true
2024/03/05 00:51:30 Order 6 finish Map
2024/03/05 00:51:30 IsDone &{0 2024-03-05 00:51:28.61352621 +0800 CST m=+15.905997859 0xc0001180f0} true
2024/03/05 00:51:30 Order 7 finish Map
2024/03/05 00:51:31 Coordinator work
2024/03/05 00:51:31 Coordinator status 0
2024/03/05 00:51:31 Map: 8 done vs. 0 working, Reduce 0 done vs. 0 working
2024/03/05 00:51:31 forward: forward to Reuce Phase
2024/03/05 00:51:31 making reduce order : 8
2024/03/05 00:51:31 making reduce order : 9
2024/03/05 00:51:31 making reduce order : 10
2024/03/05 00:51:31 making reduce order : 11
2024/03/05 00:51:31 making reduce order : 12
2024/03/05 00:51:31 making reduce order : 13
2024/03/05 00:51:31 making reduce order : 14
2024/03/05 00:51:31 making reduce order : 15
2024/03/05 00:51:31 Coordinator work
2024/03/05 00:51:31 making reduce order : 16
2024/03/05 00:51:31 making reduce order : 17
2024/03/05 00:51:31 done with make reduce order
2024/03/05 00:51:31 Map: 8 done vs. 0 working, Reduce 0 done vs. 10 working
2024/03/05 00:51:31 Coordinator status 1
2024/03/05 00:51:31 Order 8 finish Reduce
2024/03/05 00:51:32 Coordinator work
2024/03/05 00:51:32 Coordinator status 1
2024/03/05 00:51:32 Order 9 finish Reduce
2024/03/05 00:51:33 Coordinator work
2024/03/05 00:51:33 Coordinator status 1
2024/03/05 00:51:33 Order 10 finish Reduce
2024/03/05 00:51:33 Coordinator work
2024/03/05 00:51:33 Coordinator status 1
2024/03/05 00:51:33 Order 11 finish Reduce
2024/03/05 00:51:34 Coordinator work
2024/03/05 00:51:34 Coordinator status 1
2024/03/05 00:51:34 Order 12 finish Reduce
2024/03/05 00:51:34 Coordinator work
2024/03/05 00:51:34 Coordinator status 1
2024/03/05 00:51:34 Order 13 finish Reduce
2024/03/05 00:51:35 Coordinator work
2024/03/05 00:51:35 Coordinator status 1
2024/03/05 00:51:35 Order 14 finish Reduce
2024/03/05 00:51:35 Coordinator work
2024/03/05 00:51:35 Coordinator status 1
2024/03/05 00:51:35 Order 15 finish Reduce
2024/03/05 00:51:36 Coordinator work
2024/03/05 00:51:36 Coordinator status 1
2024/03/05 00:51:36 Order 16 finish Reduce
2024/03/05 00:51:36 Coordinator work
2024/03/05 00:51:36 Coordinator status 1
2024/03/05 00:51:36 Order 17 finish Reduce
2024/03/05 00:51:37 Coordinator work
2024/03/05 00:51:37 Coordinator status 1
2024/03/05 00:51:37 Map: 8 done vs. 0 working, Reduce 10 done vs. 0 working
2024/03/05 00:51:37 forward: forward to done phase
2024/03/05 00:51:37 Coordinator work
2024/03/05 00:51:37 Coordinator status 2
