2024/03/05 02:49:56 making map order &{0 [../pg-being_ernest.txt] 0 10}
2024/03/05 02:49:56 making map order &{0 [../pg-dorian_gray.txt] 1 10}
2024/03/05 02:49:56 making map order &{0 [../pg-frankenstein.txt] 2 10}
2024/03/05 02:49:56 making map order &{0 [../pg-grimm.txt] 3 10}
2024/03/05 02:49:56 making map order &{0 [../pg-huckleberry_finn.txt] 4 10}
2024/03/05 02:49:56 making map order &{0 [../pg-metamorphosis.txt] 5 10}
2024/03/05 02:49:56 making map order &{0 [../pg-sherlock_holmes.txt] 6 10}
2024/03/05 02:49:56 making map order &{0 [../pg-tom_sawyer.txt] 7 10}
2024/03/05 02:49:56 done with make map order
2024/03/05 02:49:56 Map: 0 done vs. 8 working, Reduce 0 done vs. 0 working
2024/03/05 02:49:57 Coordinator work
2024/03/05 02:49:57 Coordinator status 0
2024/03/05 02:49:57 Coordinator work
2024/03/05 02:49:57 Coordinator status 0
2024/03/05 02:49:57 IsDone &{0 2024-03-05 02:49:57.349507424 +0800 CST m=+1.022379616 0xc00008a450} true
2024/03/05 02:49:57 Order 0 finish Map
2024/03/05 02:49:57 IsDone &{0 2024-03-05 02:49:57.35038125 +0800 CST m=+1.023253448 0xc00008a4e0} true
2024/03/05 02:49:57 Order 1 finish Map
2024/03/05 02:49:58 Coordinator work
2024/03/05 02:49:58 Coordinator status 0
2024/03/05 02:49:58 Coordinator work
2024/03/05 02:49:58 Coordinator status 0
2024/03/05 02:49:58 IsDone &{0 2024-03-05 02:49:58.360917478 +0800 CST m=+2.033789675 0xc00008a570} true
2024/03/05 02:49:58 Order 2 finish Map
2024/03/05 02:49:58 IsDone &{0 2024-03-05 02:49:58.376383543 +0800 CST m=+2.049255741 0xc00008a600} true
2024/03/05 02:49:58 Order 3 finish Map
2024/03/05 02:49:59 Coordinator work
2024/03/05 02:49:59 Coordinator status 0
2024/03/05 02:49:59 Coordinator work
2024/03/05 02:49:59 Coordinator status 0
2024/03/05 02:49:59 IsDone &{0 2024-03-05 02:49:59.379114536 +0800 CST m=+3.051986728 0xc00008a690} true
2024/03/05 02:49:59 Order 4 finish Map
2024/03/05 02:49:59 IsDone &{0 2024-03-05 02:49:59.39503777 +0800 CST m=+3.067909967 0xc00008a720} true
2024/03/05 02:49:59 Order 5 finish Map
2024/03/05 02:50:00 Coordinator work
2024/03/05 02:50:00 Coordinator status 0
2024/03/05 02:50:00 Coordinator work
2024/03/05 02:50:00 Coordinator status 0
2024/03/05 02:50:00 IsDone &{0 2024-03-05 02:50:00.400190783 +0800 CST m=+4.073062981 0xc00008a7b0} true
2024/03/05 02:50:00 Order 6 finish Map
2024/03/05 02:50:00 IsDone &{0 2024-03-05 02:50:00.403431572 +0800 CST m=+4.076303770 0xc00008a840} true
2024/03/05 02:50:00 Order 7 finish Map
2024/03/05 02:50:01 Coordinator work
2024/03/05 02:50:01 Coordinator status 0
2024/03/05 02:50:01 Map: 8 done vs. 0 working, Reduce 0 done vs. 0 working
2024/03/05 02:50:01 forward: forward to Reuce Phase
2024/03/05 02:50:01 making reduce order : 8
2024/03/05 02:50:01 making reduce order : 9
2024/03/05 02:50:01 Coordinator work
2024/03/05 02:50:01 making reduce order : 10
2024/03/05 02:50:01 making reduce order : 11
2024/03/05 02:50:01 making reduce order : 12
2024/03/05 02:50:01 making reduce order : 13
2024/03/05 02:50:01 making reduce order : 14
2024/03/05 02:50:01 making reduce order : 15
2024/03/05 02:50:01 making reduce order : 16
2024/03/05 02:50:01 making reduce order : 17
2024/03/05 02:50:01 done with make reduce order
2024/03/05 02:50:01 Map: 8 done vs. 0 working, Reduce 0 done vs. 10 working
2024/03/05 02:50:01 Coordinator status 1
2024/03/05 02:50:02 Order 8 finish Reduce
2024/03/05 02:50:03 Coordinator work
2024/03/05 02:50:03 Coordinator status 1
2024/03/05 02:50:03 Coordinator work
2024/03/05 02:50:03 Coordinator status 1
2024/03/05 02:50:04 Order 9 finish Reduce
2024/03/05 02:50:04 Order 10 finish Reduce
2024/03/05 02:50:05 Coordinator work
2024/03/05 02:50:05 Coordinator status 1
2024/03/05 02:50:05 Coordinator work
2024/03/05 02:50:05 Coordinator status 1
2024/03/05 02:50:07 Order 11 finish Reduce
2024/03/05 02:50:07 Order 12 finish Reduce
2024/03/05 02:50:08 Coordinator work
2024/03/05 02:50:08 Coordinator status 1
2024/03/05 02:50:08 Coordinator work
2024/03/05 02:50:08 Coordinator status 1
2024/03/05 02:50:09 Order 13 finish Reduce
2024/03/05 02:50:09 Order 14 finish Reduce
2024/03/05 02:50:10 Coordinator work
2024/03/05 02:50:10 Coordinator status 1
2024/03/05 02:50:10 Order 15 finish Reduce
2024/03/05 02:50:10 Coordinator work
2024/03/05 02:50:10 Coordinator status 1
2024/03/05 02:50:10 Order 16 finish Reduce
2024/03/05 02:50:11 Coordinator work
2024/03/05 02:50:11 Coordinator status 1
2024/03/05 02:50:11 Coordinator work
2024/03/05 02:50:11 Coordinator status 1
2024/03/05 02:50:11 Map: 8 done vs. 0 working, Reduce 9 done vs. 1 working
2024/03/05 02:50:12 Order 17 finish Reduce
2024/03/05 02:50:13 Coordinator work
2024/03/05 02:50:13 Coordinator status 1
2024/03/05 02:50:13 Map: 8 done vs. 0 working, Reduce 10 done vs. 0 working
2024/03/05 02:50:13 forward: forward to done phase
2024/03/05 02:50:13 Coordinator work
2024/03/05 02:50:13 Coordinator status 2
