2024/03/05 07:15:19 making map order &{0 [../pg-being_ernest.txt] 0 10}
2024/03/05 07:15:19 making map order &{0 [../pg-dorian_gray.txt] 1 10}
2024/03/05 07:15:19 making map order &{0 [../pg-frankenstein.txt] 2 10}
2024/03/05 07:15:19 making map order &{0 [../pg-grimm.txt] 3 10}
2024/03/05 07:15:19 making map order &{0 [../pg-huckleberry_finn.txt] 4 10}
2024/03/05 07:15:19 making map order &{0 [../pg-metamorphosis.txt] 5 10}
2024/03/05 07:15:19 making map order &{0 [../pg-sherlock_holmes.txt] 6 10}
2024/03/05 07:15:19 making map order &{0 [../pg-tom_sawyer.txt] 7 10}
2024/03/05 07:15:19 done with make map order
2024/03/05 07:15:19 Map: 0 done vs. 8 working, Reduce 0 done vs. 0 working
2024/03/05 07:15:20 Coordinator work
2024/03/05 07:15:20 Coordinator status 0
2024/03/05 07:15:20 Coordinator work
2024/03/05 07:15:20 Coordinator status 0
2024/03/05 07:15:20 IsDone &{0 2024-03-05 07:15:20.234265282 +0800 CST m=+1.024742962 0xc000072540} true
2024/03/05 07:15:20 Order 0 finish Map
2024/03/05 07:15:20 Coordinator work
2024/03/05 07:15:20 Coordinator status 0
2024/03/05 07:15:20 IsDone &{0 2024-03-05 07:15:20.238898867 +0800 CST m=+1.029376544 0xc0000725d0} true
2024/03/05 07:15:20 Order 1 finish Map
2024/03/05 07:15:20 IsDone &{0 2024-03-05 07:15:20.253621297 +0800 CST m=+1.044098974 0xc000072660} true
2024/03/05 07:15:20 Order 2 finish Map
2024/03/05 07:15:21 Coordinator work
2024/03/05 07:15:21 Coordinator status 0
2024/03/05 07:15:21 IsDone &{0 2024-03-05 07:15:21.249753682 +0800 CST m=+2.040231356 0xc0000726f0} true
2024/03/05 07:15:21 Order 3 finish Map
2024/03/05 07:15:21 Coordinator work
2024/03/05 07:15:21 Coordinator status 0
2024/03/05 07:15:21 Coordinator work
2024/03/05 07:15:21 Coordinator status 0
2024/03/05 07:15:21 IsDone &{0 2024-03-05 07:15:21.271559474 +0800 CST m=+2.062037153 0xc000072810} true
2024/03/05 07:15:21 Order 5 finish Map
2024/03/05 07:15:21 IsDone &{0 2024-03-05 07:15:21.269152547 +0800 CST m=+2.059630226 0xc000072780} true
2024/03/05 07:15:21 Order 4 finish Map
2024/03/05 07:15:22 Coordinator work
2024/03/05 07:15:22 Coordinator status 0
2024/03/05 07:15:22 Coordinator work
2024/03/05 07:15:22 Coordinator status 0
2024/03/05 07:15:22 Coordinator work
2024/03/05 07:15:22 Coordinator status 0
2024/03/05 07:15:22 Map: 6 done vs. 2 working, Reduce 0 done vs. 0 working
2024/03/05 07:15:22 IsDone &{0 2024-03-05 07:15:22.270901534 +0800 CST m=+3.061379215 0xc0000728a0} true
2024/03/05 07:15:22 Order 6 finish Map
2024/03/05 07:15:22 IsDone &{0 2024-03-05 07:15:22.285346731 +0800 CST m=+3.075824410 0xc000072930} true
2024/03/05 07:15:22 Order 7 finish Map
2024/03/05 07:15:23 Coordinator work
2024/03/05 07:15:23 Coordinator status 0
2024/03/05 07:15:23 Map: 8 done vs. 0 working, Reduce 0 done vs. 0 working
2024/03/05 07:15:23 forward: forward to Reuce Phase
2024/03/05 07:15:23 making reduce order : 8
2024/03/05 07:15:23 making reduce order : 9
2024/03/05 07:15:23 making reduce order : 10
2024/03/05 07:15:23 making reduce order : 11
2024/03/05 07:15:23 Coordinator work
2024/03/05 07:15:23 making reduce order : 12
2024/03/05 07:15:23 making reduce order : 13
2024/03/05 07:15:23 making reduce order : 14
2024/03/05 07:15:23 making reduce order : 15
2024/03/05 07:15:23 making reduce order : 16
2024/03/05 07:15:23 making reduce order : 17
2024/03/05 07:15:23 done with make reduce order
2024/03/05 07:15:23 Map: 8 done vs. 0 working, Reduce 0 done vs. 10 working
2024/03/05 07:15:23 Coordinator status 1
2024/03/05 07:15:23 Order 8 finish Reduce
2024/03/05 07:15:24 Coordinator work
2024/03/05 07:15:24 Coordinator status 1
2024/03/05 07:15:24 Order 9 finish Reduce
2024/03/05 07:15:24 Coordinator work
2024/03/05 07:15:24 Coordinator status 1
2024/03/05 07:15:25 Coordinator work
2024/03/05 07:15:25 Coordinator status 1
2024/03/05 07:15:25 Order 11 finish Reduce
2024/03/05 07:15:25 Coordinator work
2024/03/05 07:15:25 Coordinator status 1
2024/03/05 07:15:25 Order 12 finish Reduce
2024/03/05 07:15:26 Coordinator work
2024/03/05 07:15:26 Coordinator status 1
2024/03/05 07:15:26 Order 13 finish Reduce
2024/03/05 07:15:26 Coordinator work
2024/03/05 07:15:26 Coordinator status 1
2024/03/05 07:15:27 Coordinator work
2024/03/05 07:15:27 Coordinator status 1
2024/03/05 07:15:27 Order 15 finish Reduce
2024/03/05 07:15:27 Order 10 finish Reduce
2024/03/05 07:15:28 Coordinator work
2024/03/05 07:15:28 Coordinator status 1
2024/03/05 07:15:28 Coordinator work
2024/03/05 07:15:28 Coordinator status 1
2024/03/05 07:15:28 Order 16 finish Reduce
2024/03/05 07:15:28 Order 17 finish Reduce
2024/03/05 07:15:29 Order 14 finish Reduce
2024/03/05 07:15:29 Coordinator work
2024/03/05 07:15:29 Coordinator status 1
2024/03/05 07:15:29 Map: 8 done vs. 0 working, Reduce 10 done vs. 0 working
2024/03/05 07:15:29 forward: forward to done phase
2024/03/05 07:15:29 Coordinator work
2024/03/05 07:15:29 Coordinator status 2
2024/03/05 07:15:30 Coordinator work
2024/03/05 07:15:30 Coordinator status 2
