2024/03/04 23:28:57 making map order &{0 [../pg-being_ernest.txt] 0 10}
2024/03/04 23:28:57 making map order &{0 [../pg-dorian_gray.txt] 1 10}
2024/03/04 23:28:57 making map order &{0 [../pg-frankenstein.txt] 2 10}
2024/03/04 23:28:57 making map order &{0 [../pg-grimm.txt] 3 10}
2024/03/04 23:28:57 making map order &{0 [../pg-huckleberry_finn.txt] 4 10}
2024/03/04 23:28:57 making map order &{0 [../pg-metamorphosis.txt] 5 10}
2024/03/04 23:28:57 making map order &{0 [../pg-sherlock_holmes.txt] 6 10}
2024/03/04 23:28:57 making map order &{0 [../pg-tom_sawyer.txt] 7 10}
2024/03/04 23:28:57 done with make map order
2024/03/04 23:28:57 Map: 0 done vs. 8 working, Reduce 0 done vs. 0 working
2024/03/04 23:28:58 Coordinator work
2024/03/04 23:28:58 Coordinator status 0
2024/03/04 23:28:58 Coordinator work
2024/03/04 23:28:58 Coordinator status 0
2024/03/04 23:28:58 IsDone &{0 2024-03-04 23:28:58.645253575 +0800 CST m=+1.014476216 0xc00009bf20} true
2024/03/04 23:28:58 Order 0 finish Map
2024/03/04 23:28:58 IsDone &{0 2024-03-04 23:28:58.645953985 +0800 CST m=+1.015176623 0xc00009bfb0} true
2024/03/04 23:28:58 Order 1 finish Map
2024/03/04 23:28:59 Coordinator work
2024/03/04 23:28:59 Coordinator status 0
2024/03/04 23:28:59 Coordinator work
2024/03/04 23:28:59 Coordinator status 0
2024/03/04 23:28:59 IsDone &{0 2024-03-04 23:28:59.727225091 +0800 CST m=+2.096447730 0xc00011a060} true
2024/03/04 23:28:59 Order 2 finish Map
2024/03/04 23:29:00 IsDone &{0 2024-03-04 23:28:59.858319837 +0800 CST m=+2.227542472 0xc00011a0f0} true
2024/03/04 23:29:00 Order 3 finish Map
2024/03/04 23:29:00 Coordinator work
2024/03/04 23:29:00 Coordinator status 0
2024/03/04 23:29:01 Coordinator work
2024/03/04 23:29:01 Coordinator status 0
2024/03/04 23:29:01 IsDone &{0 2024-03-04 23:29:01.071428104 +0800 CST m=+3.440650741 0xc00011a210} true
2024/03/04 23:29:01 Order 5 finish Map
2024/03/04 23:29:01 IsDone &{0 2024-03-04 23:29:00.995590028 +0800 CST m=+3.364812669 0xc00011a180} true
2024/03/04 23:29:01 Order 4 finish Map
2024/03/04 23:29:02 Coordinator work
2024/03/04 23:29:02 Coordinator status 0
2024/03/04 23:29:02 Coordinator work
2024/03/04 23:29:02 Coordinator status 0
2024/03/04 23:29:02 IsDone &{0 2024-03-04 23:29:02.147519692 +0800 CST m=+4.516742332 0xc00011a2a0} true
2024/03/04 23:29:02 Order 6 finish Map
2024/03/04 23:29:02 IsDone &{0 2024-03-04 23:29:02.252109274 +0800 CST m=+4.621331915 0xc00011a330} true
2024/03/04 23:29:02 Order 7 finish Map
2024/03/04 23:29:03 Coordinator work
2024/03/04 23:29:03 Coordinator status 0
2024/03/04 23:29:03 Map: 8 done vs. 0 working, Reduce 0 done vs. 0 working
2024/03/04 23:29:03 forward: forward to Reuce Phase
2024/03/04 23:29:03 making reduce order : 8
2024/03/04 23:29:03 making reduce order : 9
2024/03/04 23:29:03 making reduce order : 10
2024/03/04 23:29:03 making reduce order : 11
2024/03/04 23:29:03 making reduce order : 12
2024/03/04 23:29:03 making reduce order : 13
2024/03/04 23:29:03 making reduce order : 14
2024/03/04 23:29:03 making reduce order : 15
2024/03/04 23:29:03 making reduce order : 16
2024/03/04 23:29:03 making reduce order : 17
2024/03/04 23:29:03 done with make reduce order
2024/03/04 23:29:03 Map: 8 done vs. 0 working, Reduce 0 done vs. 10 working
2024/03/04 23:29:03 Coordinator work
2024/03/04 23:29:03 Coordinator status 1
2024/03/04 23:29:03 Order 8 finish Reduce
2024/03/04 23:29:04 Coordinator work
2024/03/04 23:29:04 Coordinator status 1
2024/03/04 23:29:04 Order 9 finish Reduce
2024/03/04 23:29:05 Coordinator work
2024/03/04 23:29:05 Coordinator status 1
2024/03/04 23:29:05 Order 10 finish Reduce
2024/03/04 23:29:05 Coordinator work
2024/03/04 23:29:05 Coordinator status 1
2024/03/04 23:29:05 Order 11 finish Reduce
2024/03/04 23:29:06 Coordinator work
2024/03/04 23:29:06 Coordinator status 1
2024/03/04 23:29:06 Order 12 finish Reduce
2024/03/04 23:29:06 Coordinator work
2024/03/04 23:29:06 Coordinator status 1
2024/03/04 23:29:07 Order 13 finish Reduce
2024/03/04 23:29:07 Coordinator work
2024/03/04 23:29:07 Coordinator status 1
2024/03/04 23:29:07 Order 14 finish Reduce
2024/03/04 23:29:08 Coordinator work
2024/03/04 23:29:08 Coordinator status 1
2024/03/04 23:29:08 Order 15 finish Reduce
2024/03/04 23:29:08 Coordinator work
2024/03/04 23:29:08 Coordinator status 1
2024/03/04 23:29:09 Order 16 finish Reduce
2024/03/04 23:29:09 Coordinator work
2024/03/04 23:29:09 Coordinator status 1
2024/03/04 23:29:09 Order 17 finish Reduce
2024/03/04 23:29:10 Coordinator work
2024/03/04 23:29:10 Coordinator status 1
2024/03/04 23:29:10 Map: 8 done vs. 0 working, Reduce 10 done vs. 0 working
2024/03/04 23:29:10 forward: forward to done phase
2024/03/04 23:29:10 Coordinator work
2024/03/04 23:29:10 Coordinator status 2
