2024/03/05 11:11:46 making map order &{0 [../pg-being_ernest.txt] 0 10}
2024/03/05 11:11:46 making map order &{0 [../pg-dorian_gray.txt] 1 10}
2024/03/05 11:11:46 making map order &{0 [../pg-frankenstein.txt] 2 10}
2024/03/05 11:11:46 making map order &{0 [../pg-grimm.txt] 3 10}
2024/03/05 11:11:46 making map order &{0 [../pg-huckleberry_finn.txt] 4 10}
2024/03/05 11:11:46 making map order &{0 [../pg-metamorphosis.txt] 5 10}
2024/03/05 11:11:46 making map order &{0 [../pg-sherlock_holmes.txt] 6 10}
2024/03/05 11:11:46 making map order &{0 [../pg-tom_sawyer.txt] 7 10}
2024/03/05 11:11:46 done with make map order
2024/03/05 11:11:46 Map: 0 done vs. 8 working, Reduce 0 done vs. 0 working
2024/03/05 11:11:47 Coordinator work
2024/03/05 11:11:47 Coordinator status 0
2024/03/05 11:11:47 Coordinator work
2024/03/05 11:11:47 Coordinator status 0
2024/03/05 11:11:51 IsDone &{0 2024-03-05 11:11:47.831157521 +0800 CST m=+1.014264091 0xc00009ddd0} true
2024/03/05 11:11:51 Order 0 finish Map
2024/03/05 11:11:51 IsDone &{0 2024-03-05 11:11:47.843139649 +0800 CST m=+1.026246219 0xc00009de60} true
2024/03/05 11:11:51 Order 1 finish Map
2024/03/05 11:11:52 Coordinator work
2024/03/05 11:11:52 Coordinator status 0
2024/03/05 11:11:52 Coordinator work
2024/03/05 11:11:52 Coordinator status 0
2024/03/05 11:11:56 IsDone &{0 2024-03-05 11:11:52.923212881 +0800 CST m=+6.106319452 0xc00009def0} true
2024/03/05 11:11:56 Order 2 finish Map
2024/03/05 11:11:56 IsDone &{0 2024-03-05 11:11:52.943157446 +0800 CST m=+6.126264023 0xc00009df80} true
2024/03/05 11:11:56 Order 3 finish Map
2024/03/05 11:11:57 Coordinator work
2024/03/05 11:11:57 Coordinator status 0
2024/03/05 11:11:57 Coordinator work
2024/03/05 11:11:57 Coordinator status 0
2024/03/05 11:12:01 IsDone &{0 2024-03-05 11:11:57.827515275 +0800 CST m=+11.010621852 0xc00011a030} true
2024/03/05 11:12:01 Order 4 finish Map
2024/03/05 11:12:01 IsDone &{0 2024-03-05 11:11:57.84620626 +0800 CST m=+11.029312831 0xc00011a0c0} true
2024/03/05 11:12:01 Order 5 finish Map
2024/03/05 11:12:02 Coordinator work
2024/03/05 11:12:02 Coordinator status 0
2024/03/05 11:12:02 Coordinator work
2024/03/05 11:12:02 Coordinator status 0
2024/03/05 11:12:04 IsDone &{0 2024-03-05 11:12:02.695512032 +0800 CST m=+15.878618609 0xc00011a150} true
2024/03/05 11:12:04 Order 6 finish Map
2024/03/05 11:12:04 IsDone &{0 2024-03-05 11:12:02.702715497 +0800 CST m=+15.885822071 0xc00011a1e0} true
2024/03/05 11:12:04 Order 7 finish Map
2024/03/05 11:12:05 Coordinator work
2024/03/05 11:12:05 Coordinator status 0
2024/03/05 11:12:05 Map: 8 done vs. 0 working, Reduce 0 done vs. 0 working
2024/03/05 11:12:05 forward: forward to Reuce Phase
2024/03/05 11:12:05 making reduce order : 8
2024/03/05 11:12:05 making reduce order : 9
2024/03/05 11:12:05 making reduce order : 10
2024/03/05 11:12:05 making reduce order : 11
2024/03/05 11:12:05 making reduce order : 12
2024/03/05 11:12:05 making reduce order : 13
2024/03/05 11:12:05 making reduce order : 14
2024/03/05 11:12:05 making reduce order : 15
2024/03/05 11:12:05 making reduce order : 16
2024/03/05 11:12:05 making reduce order : 17
2024/03/05 11:12:05 Coordinator work
2024/03/05 11:12:05 done with make reduce order
2024/03/05 11:12:05 Map: 8 done vs. 0 working, Reduce 0 done vs. 10 working
2024/03/05 11:12:05 Coordinator status 1
2024/03/05 11:12:05 Order 8 finish Reduce
2024/03/05 11:12:06 Coordinator work
2024/03/05 11:12:06 Coordinator status 1
2024/03/05 11:12:06 Order 9 finish Reduce
2024/03/05 11:12:07 Coordinator work
2024/03/05 11:12:07 Coordinator status 1
2024/03/05 11:12:07 Order 10 finish Reduce
2024/03/05 11:12:07 Coordinator work
2024/03/05 11:12:07 Coordinator status 1
2024/03/05 11:12:07 Order 11 finish Reduce
2024/03/05 11:12:08 Coordinator work
2024/03/05 11:12:08 Coordinator status 1
2024/03/05 11:12:08 Order 12 finish Reduce
2024/03/05 11:12:08 Coordinator work
2024/03/05 11:12:08 Coordinator status 1
2024/03/05 11:12:08 Order 13 finish Reduce
2024/03/05 11:12:09 Coordinator work
2024/03/05 11:12:09 Coordinator status 1
2024/03/05 11:12:09 Order 14 finish Reduce
2024/03/05 11:12:09 Coordinator work
2024/03/05 11:12:09 Coordinator status 1
2024/03/05 11:12:09 Order 15 finish Reduce
2024/03/05 11:12:10 Coordinator work
2024/03/05 11:12:10 Coordinator status 1
2024/03/05 11:12:10 Order 16 finish Reduce
2024/03/05 11:12:10 Coordinator work
2024/03/05 11:12:10 Coordinator status 1
2024/03/05 11:12:10 Order 17 finish Reduce
2024/03/05 11:12:11 Coordinator work
2024/03/05 11:12:11 Coordinator status 1
2024/03/05 11:12:11 Map: 8 done vs. 0 working, Reduce 10 done vs. 0 working
2024/03/05 11:12:11 forward: forward to done phase
2024/03/05 11:12:11 Coordinator work
2024/03/05 11:12:11 Coordinator status 2
