2024/03/04 20:33:48 making map order &{0 [../pg-being_ernest.txt] 0 10}
2024/03/04 20:33:48 making map order &{0 [../pg-dorian_gray.txt] 1 10}
2024/03/04 20:33:48 making map order &{0 [../pg-frankenstein.txt] 2 10}
2024/03/04 20:33:48 making map order &{0 [../pg-grimm.txt] 3 10}
2024/03/04 20:33:48 making map order &{0 [../pg-huckleberry_finn.txt] 4 10}
2024/03/04 20:33:48 making map order &{0 [../pg-metamorphosis.txt] 5 10}
2024/03/04 20:33:48 making map order &{0 [../pg-sherlock_holmes.txt] 6 10}
2024/03/04 20:33:48 making map order &{0 [../pg-tom_sawyer.txt] 7 10}
2024/03/04 20:33:48 done with make map order
2024/03/04 20:33:48 Map: 0 done vs. 8 working, Reduce 0 done vs. 0 working
2024/03/04 20:33:49 Coordinator work
2024/03/04 20:33:49 Coordinator status 0
2024/03/04 20:33:49 IsDone &{0 2024-03-04 20:33:49.287418525 +0800 CST m=+1.030648845 0xc0000a3d70} true
2024/03/04 20:33:49 Order 0 finish Map
2024/03/04 20:33:49 Coordinator work
2024/03/04 20:33:49 Coordinator status 0
2024/03/04 20:33:49 Coordinator work
2024/03/04 20:33:49 Coordinator status 0
2024/03/04 20:33:49 Coordinator work
2024/03/04 20:33:49 Coordinator status 0
2024/03/04 20:33:50 Coordinator work
2024/03/04 20:33:50 Coordinator status 0
2024/03/04 20:33:50 IsDone &{0 2024-03-04 20:33:50.301420825 +0800 CST m=+2.044651159 0xc0000a3fb0} true
2024/03/04 20:33:50 Order 4 finish Map
2024/03/04 20:33:51 Coordinator work
2024/03/04 20:33:51 Coordinator status 0
2024/03/04 20:33:52 Coordinator work
2024/03/04 20:33:52 Coordinator status 0
2024/03/04 20:33:52 IsDone &{0 2024-03-04 20:33:52.347889724 +0800 CST m=+4.091120040 0xc00011a0f0} true
2024/03/04 20:33:52 Order 6 finish Map
2024/03/04 20:33:52 IsDone &{0 2024-03-04 20:33:49.32692687 +0800 CST m=+1.070157190 0xc0000a3f20} true
2024/03/04 20:33:52 Order 3 finish Map
2024/03/04 20:33:52 IsDone &{0 2024-03-04 20:33:49.314213742 +0800 CST m=+1.057444062 0xc0000a3e90} true
2024/03/04 20:33:52 Order 2 finish Map
2024/03/04 20:33:52 IsDone &{0 2024-03-04 20:33:49.304908163 +0800 CST m=+1.048138485 0xc0000a3e00} true
2024/03/04 20:33:52 Order 1 finish Map
2024/03/04 20:33:53 Coordinator work
2024/03/04 20:33:53 Coordinator status 0
2024/03/04 20:33:53 Coordinator work
2024/03/04 20:33:53 Coordinator status 0
2024/03/04 20:33:53 Map: 6 done vs. 2 working, Reduce 0 done vs. 0 working
2024/03/04 20:33:53 Coordinator work
2024/03/04 20:33:53 Coordinator status 0
2024/03/04 20:33:53 Map: 6 done vs. 2 working, Reduce 0 done vs. 0 working
2024/03/04 20:33:53 Coordinator work
2024/03/04 20:33:53 Coordinator status 0
2024/03/04 20:33:53 Map: 6 done vs. 2 working, Reduce 0 done vs. 0 working
2024/03/04 20:33:54 Coordinator work
2024/03/04 20:33:54 Coordinator status 0
2024/03/04 20:33:54 Map: 6 done vs. 2 working, Reduce 0 done vs. 0 working
2024/03/04 20:33:55 Coordinator work
2024/03/04 20:33:55 Coordinator status 0
2024/03/04 20:33:55 Map: 6 done vs. 2 working, Reduce 0 done vs. 0 working
2024/03/04 20:33:55 Coordinator work
2024/03/04 20:33:55 Coordinator status 0
2024/03/04 20:33:55 Map: 6 done vs. 2 working, Reduce 0 done vs. 0 working
2024/03/04 20:33:55 Coordinator work
2024/03/04 20:33:55 Coordinator status 0
2024/03/04 20:33:55 Map: 6 done vs. 2 working, Reduce 0 done vs. 0 working
2024/03/04 20:33:56 Coordinator work
2024/03/04 20:33:56 Coordinator status 0
2024/03/04 20:33:56 Map: 6 done vs. 2 working, Reduce 0 done vs. 0 working
2024/03/04 20:33:57 Coordinator work
2024/03/04 20:33:57 Coordinator status 0
2024/03/04 20:33:57 Map: 6 done vs. 2 working, Reduce 0 done vs. 0 working
2024/03/04 20:33:57 Coordinator work
2024/03/04 20:33:57 Coordinator status 0
2024/03/04 20:33:57 Map: 6 done vs. 2 working, Reduce 0 done vs. 0 working
2024/03/04 20:33:57 Coordinator work
2024/03/04 20:33:57 Coordinator status 0
2024/03/04 20:33:57 Map: 6 done vs. 2 working, Reduce 0 done vs. 0 working
2024/03/04 20:33:58 Coordinator work
2024/03/04 20:33:58 Coordinator status 0
2024/03/04 20:33:58 Map: 6 done vs. 2 working, Reduce 0 done vs. 0 working
2024/03/04 20:33:59 Coordinator work
2024/03/04 20:33:59 Coordinator status 0
2024/03/04 20:33:59 Map: 6 done vs. 2 working, Reduce 0 done vs. 0 working
2024/03/04 20:33:59 Coordinator work
2024/03/04 20:33:59 Coordinator status 0
2024/03/04 20:33:59 Map: 6 done vs. 2 working, Reduce 0 done vs. 0 working
2024/03/04 20:33:59 Coordinator work
2024/03/04 20:33:59 Coordinator status 0
2024/03/04 20:33:59 Map: 6 done vs. 2 working, Reduce 0 done vs. 0 working
2024/03/04 20:34:00 Coordinator work
2024/03/04 20:34:00 Coordinator status 0
2024/03/04 20:34:00 Map: 6 done vs. 2 working, Reduce 0 done vs. 0 working
2024/03/04 20:34:01 Coordinator work
2024/03/04 20:34:01 Coordinator status 0
2024/03/04 20:34:01 Map: 6 done vs. 2 working, Reduce 0 done vs. 0 working
2024/03/04 20:34:01 Coordinator work
2024/03/04 20:34:01 Coordinator status 0
2024/03/04 20:34:01 Map: 6 done vs. 2 working, Reduce 0 done vs. 0 working
2024/03/04 20:34:01 Coordinator work
2024/03/04 20:34:01 Coordinator status 0
2024/03/04 20:34:01 Map: 6 done vs. 2 working, Reduce 0 done vs. 0 working
2024/03/04 20:34:02 Coordiantor restart Map order 5
2024/03/04 20:34:02 Coordinator work
2024/03/04 20:34:02 Coordinator status 0
2024/03/04 20:34:02 IsDone &{0 2024-03-04 20:34:02.415248091 +0800 CST m=+14.158478406 0xc00011a060} true
2024/03/04 20:34:02 Order 5 finish Map
2024/03/04 20:34:03 Coordinator work
2024/03/04 20:34:03 Coordinator status 0
2024/03/04 20:34:03 Map: 7 done vs. 1 working, Reduce 0 done vs. 0 working
2024/03/04 20:34:03 Coordinator work
2024/03/04 20:34:03 Coordinator status 0
2024/03/04 20:34:03 Map: 7 done vs. 1 working, Reduce 0 done vs. 0 working
2024/03/04 20:34:03 Coordinator work
2024/03/04 20:34:03 Coordinator status 0
2024/03/04 20:34:03 Map: 7 done vs. 1 working, Reduce 0 done vs. 0 working
2024/03/04 20:34:03 Coordinator work
2024/03/04 20:34:03 Coordinator status 0
2024/03/04 20:34:03 Map: 7 done vs. 1 working, Reduce 0 done vs. 0 working
2024/03/04 20:34:04 Coordiantor restart Map order 7
2024/03/04 20:34:05 Coordinator work
2024/03/04 20:34:05 Coordinator status 0
2024/03/04 20:34:05 IsDone &{0 2024-03-04 20:34:05.427035322 +0800 CST m=+17.170265643 0xc00011a180} true
2024/03/04 20:34:05 Order 7 finish Map
2024/03/04 20:34:05 Coordinator work
2024/03/04 20:34:05 Coordinator status 0
2024/03/04 20:34:05 Map: 8 done vs. 0 working, Reduce 0 done vs. 0 working
2024/03/04 20:34:05 forward: forward to Reuce Phase
2024/03/04 20:34:05 making reduce order : 8
2024/03/04 20:34:05 making reduce order : 9
2024/03/04 20:34:05 making reduce order : 10
2024/03/04 20:34:05 making reduce order : 11
2024/03/04 20:34:05 making reduce order : 12
2024/03/04 20:34:05 making reduce order : 13
2024/03/04 20:34:05 making reduce order : 14
2024/03/04 20:34:05 making reduce order : 15
2024/03/04 20:34:05 making reduce order : 16
2024/03/04 20:34:05 making reduce order : 17
2024/03/04 20:34:05 done with make reduce order
2024/03/04 20:34:05 Map: 8 done vs. 0 working, Reduce 0 done vs. 10 working
2024/03/04 20:34:05 Coordinator work
2024/03/04 20:34:05 Coordinator status 1
2024/03/04 20:34:05 Coordinator work
2024/03/04 20:34:05 Coordinator status 1
2024/03/04 20:34:05 Order 9 finish Reduce
2024/03/04 20:34:06 Coordinator work
2024/03/04 20:34:06 Coordinator status 1
2024/03/04 20:34:06 Coordinator work
2024/03/04 20:34:06 Coordinator status 1
2024/03/04 20:34:06 Order 11 finish Reduce
2024/03/04 20:34:07 Coordinator work
2024/03/04 20:34:07 Coordinator status 1
2024/03/04 20:34:07 Order 12 finish Reduce
2024/03/04 20:34:07 Coordinator work
2024/03/04 20:34:07 Coordinator status 1
2024/03/04 20:34:07 Coordinator work
2024/03/04 20:34:07 Coordinator status 1
2024/03/04 20:34:07 Order 14 finish Reduce
2024/03/04 20:34:07 Coordinator work
2024/03/04 20:34:07 Coordinator status 1
2024/03/04 20:34:07 Order 15 finish Reduce
2024/03/04 20:34:08 Coordinator work
2024/03/04 20:34:08 Coordinator status 1
2024/03/04 20:34:08 Order 16 finish Reduce
2024/03/04 20:34:08 Coordinator work
2024/03/04 20:34:08 Coordinator status 1
2024/03/04 20:34:08 Coordinator work
2024/03/04 20:34:08 Coordinator status 1
2024/03/04 20:34:08 Map: 8 done vs. 0 working, Reduce 6 done vs. 4 working
2024/03/04 20:34:08 Coordinator work
2024/03/04 20:34:08 Coordinator status 1
2024/03/04 20:34:08 Map: 8 done vs. 0 working, Reduce 6 done vs. 4 working
2024/03/04 20:34:09 Coordinator work
2024/03/04 20:34:09 Coordinator status 1
2024/03/04 20:34:09 Map: 8 done vs. 0 working, Reduce 6 done vs. 4 working
2024/03/04 20:34:09 Coordinator work
2024/03/04 20:34:09 Coordinator status 1
2024/03/04 20:34:09 Map: 8 done vs. 0 working, Reduce 6 done vs. 4 working
2024/03/04 20:34:10 Coordinator work
2024/03/04 20:34:10 Coordinator status 1
2024/03/04 20:34:10 Map: 8 done vs. 0 working, Reduce 6 done vs. 4 working
2024/03/04 20:34:10 Coordinator work
2024/03/04 20:34:10 Coordinator status 1
2024/03/04 20:34:10 Map: 8 done vs. 0 working, Reduce 6 done vs. 4 working
2024/03/04 20:34:11 Coordinator work
2024/03/04 20:34:11 Coordinator status 1
2024/03/04 20:34:11 Map: 8 done vs. 0 working, Reduce 6 done vs. 4 working
2024/03/04 20:34:11 Coordinator work
2024/03/04 20:34:11 Coordinator status 1
2024/03/04 20:34:11 Map: 8 done vs. 0 working, Reduce 6 done vs. 4 working
2024/03/04 20:34:12 Coordinator work
2024/03/04 20:34:12 Coordinator status 1
2024/03/04 20:34:12 Map: 8 done vs. 0 working, Reduce 6 done vs. 4 working
2024/03/04 20:34:12 Coordinator work
2024/03/04 20:34:12 Coordinator status 1
2024/03/04 20:34:12 Map: 8 done vs. 0 working, Reduce 6 done vs. 4 working
2024/03/04 20:34:13 Coordinator work
2024/03/04 20:34:13 Coordinator status 1
2024/03/04 20:34:13 Map: 8 done vs. 0 working, Reduce 6 done vs. 4 working
2024/03/04 20:34:13 Coordinator work
2024/03/04 20:34:13 Coordinator status 1
2024/03/04 20:34:13 Map: 8 done vs. 0 working, Reduce 6 done vs. 4 working
2024/03/04 20:34:14 Coordinator work
2024/03/04 20:34:14 Coordinator status 1
2024/03/04 20:34:14 Map: 8 done vs. 0 working, Reduce 6 done vs. 4 working
2024/03/04 20:34:14 Coordinator work
2024/03/04 20:34:14 Coordinator status 1
2024/03/04 20:34:14 Map: 8 done vs. 0 working, Reduce 6 done vs. 4 working
2024/03/04 20:34:15 Coordinator work
2024/03/04 20:34:15 Coordinator status 1
2024/03/04 20:34:15 Map: 8 done vs. 0 working, Reduce 6 done vs. 4 working
2024/03/04 20:34:15 Coordinator work
2024/03/04 20:34:15 Coordinator status 1
2024/03/04 20:34:15 Map: 8 done vs. 0 working, Reduce 6 done vs. 4 working
2024/03/04 20:34:16 Coordiantor restart Reduce order 8
2024/03/04 20:34:16 Coordinator work
2024/03/04 20:34:16 Coordinator status 1
2024/03/04 20:34:16 Coordinator work
2024/03/04 20:34:16 Coordinator status 1
2024/03/04 20:34:16 Map: 8 done vs. 0 working, Reduce 6 done vs. 4 working
2024/03/04 20:34:17 Coordinator work
2024/03/04 20:34:17 Coordinator status 1
2024/03/04 20:34:17 Map: 8 done vs. 0 working, Reduce 6 done vs. 4 working
2024/03/04 20:34:17 Coordiantor restart Reduce order 10
2024/03/04 20:34:17 Coordinator work
2024/03/04 20:34:17 Coordinator status 1
2024/03/04 20:34:17 Order 10 finish Reduce
2024/03/04 20:34:18 Coordiantor restart Reduce order 13
2024/03/04 20:34:18 Coordinator work
2024/03/04 20:34:18 Coordinator status 1
2024/03/04 20:34:18 Coordinator work
2024/03/04 20:34:18 Coordinator status 1
2024/03/04 20:34:18 Map: 8 done vs. 0 working, Reduce 7 done vs. 3 working
2024/03/04 20:34:19 Coordinator work
2024/03/04 20:34:19 Coordinator status 1
2024/03/04 20:34:19 Map: 8 done vs. 0 working, Reduce 7 done vs. 3 working
2024/03/04 20:34:19 Coordiantor restart Reduce order 17
2024/03/04 20:34:19 Coordinator work
2024/03/04 20:34:19 Coordinator status 1
2024/03/04 20:34:20 Coordinator work
2024/03/04 20:34:20 Coordinator status 1
2024/03/04 20:34:20 Map: 8 done vs. 0 working, Reduce 7 done vs. 3 working
2024/03/04 20:34:20 Coordinator work
2024/03/04 20:34:20 Coordinator status 1
2024/03/04 20:34:20 Map: 8 done vs. 0 working, Reduce 7 done vs. 3 working
2024/03/04 20:34:21 Coordinator work
2024/03/04 20:34:21 Coordinator status 1
2024/03/04 20:34:21 Map: 8 done vs. 0 working, Reduce 7 done vs. 3 working
2024/03/04 20:34:22 Coordinator work
2024/03/04 20:34:22 Coordinator status 1
2024/03/04 20:34:22 Map: 8 done vs. 0 working, Reduce 7 done vs. 3 working
2024/03/04 20:34:22 Coordinator work
2024/03/04 20:34:22 Coordinator status 1
2024/03/04 20:34:22 Map: 8 done vs. 0 working, Reduce 7 done vs. 3 working
2024/03/04 20:34:23 Coordinator work
2024/03/04 20:34:23 Coordinator status 1
2024/03/04 20:34:23 Map: 8 done vs. 0 working, Reduce 7 done vs. 3 working
2024/03/04 20:34:23 Order 8 finish Reduce
2024/03/04 20:34:24 Coordinator work
2024/03/04 20:34:24 Coordinator status 1
2024/03/04 20:34:24 Map: 8 done vs. 0 working, Reduce 8 done vs. 2 working
2024/03/04 20:34:24 Coordinator work
2024/03/04 20:34:24 Coordinator status 1
2024/03/04 20:34:24 Map: 8 done vs. 0 working, Reduce 8 done vs. 2 working
2024/03/04 20:34:24 Coordinator work
2024/03/04 20:34:24 Coordinator status 1
2024/03/04 20:34:24 Map: 8 done vs. 0 working, Reduce 8 done vs. 2 working
2024/03/04 20:34:25 Coordinator work
2024/03/04 20:34:25 Coordinator status 1
2024/03/04 20:34:25 Map: 8 done vs. 0 working, Reduce 8 done vs. 2 working
2024/03/04 20:34:26 Coordinator work
2024/03/04 20:34:26 Coordinator status 1
2024/03/04 20:34:26 Map: 8 done vs. 0 working, Reduce 8 done vs. 2 working
2024/03/04 20:34:26 Coordinator work
2024/03/04 20:34:26 Coordinator status 1
2024/03/04 20:34:26 Map: 8 done vs. 0 working, Reduce 8 done vs. 2 working
2024/03/04 20:34:26 Coordinator work
2024/03/04 20:34:26 Coordinator status 1
2024/03/04 20:34:26 Map: 8 done vs. 0 working, Reduce 8 done vs. 2 working
2024/03/04 20:34:27 Coordinator work
2024/03/04 20:34:27 Coordinator status 1
2024/03/04 20:34:27 Map: 8 done vs. 0 working, Reduce 8 done vs. 2 working
2024/03/04 20:34:28 Coordinator work
2024/03/04 20:34:28 Coordinator status 1
2024/03/04 20:34:28 Map: 8 done vs. 0 working, Reduce 8 done vs. 2 working
2024/03/04 20:34:28 Coordinator work
2024/03/04 20:34:28 Coordinator status 1
2024/03/04 20:34:28 Map: 8 done vs. 0 working, Reduce 8 done vs. 2 working
2024/03/04 20:34:28 Coordinator work
2024/03/04 20:34:28 Coordinator status 1
2024/03/04 20:34:28 Map: 8 done vs. 0 working, Reduce 8 done vs. 2 working
2024/03/04 20:34:29 Coordinator work
2024/03/04 20:34:29 Coordinator status 1
2024/03/04 20:34:29 Map: 8 done vs. 0 working, Reduce 8 done vs. 2 working
2024/03/04 20:34:29 Coordiantor restart Reduce order 13
2024/03/04 20:34:30 Coordinator work
2024/03/04 20:34:30 Coordinator status 1
2024/03/04 20:34:30 Coordiantor restart Reduce order 17
2024/03/04 20:34:30 Coordinator work
2024/03/04 20:34:30 Coordinator status 1
2024/03/04 20:34:30 Order 17 finish Reduce
2024/03/04 20:34:30 Coordinator work
2024/03/04 20:34:30 Coordinator status 1
2024/03/04 20:34:30 Map: 8 done vs. 0 working, Reduce 9 done vs. 1 working
2024/03/04 20:34:31 Coordinator work
2024/03/04 20:34:31 Coordinator status 1
2024/03/04 20:34:31 Map: 8 done vs. 0 working, Reduce 9 done vs. 1 working
2024/03/04 20:34:31 Coordinator work
2024/03/04 20:34:31 Coordinator status 1
2024/03/04 20:34:31 Map: 8 done vs. 0 working, Reduce 9 done vs. 1 working
2024/03/04 20:34:31 Coordinator work
2024/03/04 20:34:31 Coordinator status 1
2024/03/04 20:34:31 Map: 8 done vs. 0 working, Reduce 9 done vs. 1 working
2024/03/04 20:34:32 Coordinator work
2024/03/04 20:34:32 Coordinator status 1
2024/03/04 20:34:32 Map: 8 done vs. 0 working, Reduce 9 done vs. 1 working
2024/03/04 20:34:33 Coordinator work
2024/03/04 20:34:33 Coordinator status 1
2024/03/04 20:34:33 Map: 8 done vs. 0 working, Reduce 9 done vs. 1 working
2024/03/04 20:34:33 Coordinator work
2024/03/04 20:34:33 Coordinator status 1
2024/03/04 20:34:33 Map: 8 done vs. 0 working, Reduce 9 done vs. 1 working
2024/03/04 20:34:33 Coordinator work
2024/03/04 20:34:33 Coordinator status 1
2024/03/04 20:34:33 Map: 8 done vs. 0 working, Reduce 9 done vs. 1 working
2024/03/04 20:34:34 Coordinator work
2024/03/04 20:34:34 Coordinator status 1
2024/03/04 20:34:34 Map: 8 done vs. 0 working, Reduce 9 done vs. 1 working
2024/03/04 20:34:35 Coordinator work
2024/03/04 20:34:35 Coordinator status 1
2024/03/04 20:34:35 Map: 8 done vs. 0 working, Reduce 9 done vs. 1 working
2024/03/04 20:34:35 Coordinator work
2024/03/04 20:34:35 Coordinator status 1
2024/03/04 20:34:35 Map: 8 done vs. 0 working, Reduce 9 done vs. 1 working
2024/03/04 20:34:35 Coordinator work
2024/03/04 20:34:35 Coordinator status 1
2024/03/04 20:34:35 Map: 8 done vs. 0 working, Reduce 9 done vs. 1 working
2024/03/04 20:34:36 Coordinator work
2024/03/04 20:34:36 Coordinator status 1
2024/03/04 20:34:36 Map: 8 done vs. 0 working, Reduce 9 done vs. 1 working
2024/03/04 20:34:37 Coordinator work
2024/03/04 20:34:37 Coordinator status 1
2024/03/04 20:34:37 Map: 8 done vs. 0 working, Reduce 9 done vs. 1 working
2024/03/04 20:34:37 Coordinator work
2024/03/04 20:34:37 Coordinator status 1
2024/03/04 20:34:37 Map: 8 done vs. 0 working, Reduce 9 done vs. 1 working
2024/03/04 20:34:37 Coordinator work
2024/03/04 20:34:37 Coordinator status 1
2024/03/04 20:34:37 Map: 8 done vs. 0 working, Reduce 9 done vs. 1 working
2024/03/04 20:34:38 Coordinator work
2024/03/04 20:34:38 Coordinator status 1
2024/03/04 20:34:38 Map: 8 done vs. 0 working, Reduce 9 done vs. 1 working
2024/03/04 20:34:39 Coordinator work
2024/03/04 20:34:39 Coordinator status 1
2024/03/04 20:34:39 Map: 8 done vs. 0 working, Reduce 9 done vs. 1 working
2024/03/04 20:34:39 Coordinator work
2024/03/04 20:34:39 Coordinator status 1
2024/03/04 20:34:39 Map: 8 done vs. 0 working, Reduce 9 done vs. 1 working
2024/03/04 20:34:39 Coordinator work
2024/03/04 20:34:39 Coordinator status 1
2024/03/04 20:34:39 Map: 8 done vs. 0 working, Reduce 9 done vs. 1 working
2024/03/04 20:34:40 Coordiantor restart Reduce order 13
2024/03/04 20:34:40 Coordinator work
2024/03/04 20:34:40 Coordinator status 1
2024/03/04 20:34:40 Order 13 finish Reduce
2024/03/04 20:34:41 Coordinator work
2024/03/04 20:34:41 Coordinator status 1
2024/03/04 20:34:41 Map: 8 done vs. 0 working, Reduce 10 done vs. 0 working
2024/03/04 20:34:41 forward: forward to done phase
2024/03/04 20:34:41 Coordinator work
2024/03/04 20:34:41 Coordinator status 2
2024/03/04 20:34:41 Coordinator work
2024/03/04 20:34:41 Coordinator status 2
2024/03/04 20:34:41 Coordinator work
2024/03/04 20:34:41 Coordinator status 2
