2024/03/04 20:32:17 making map order &{0 [../pg-being_ernest.txt] 0 10}
2024/03/04 20:32:17 making map order &{0 [../pg-dorian_gray.txt] 1 10}
2024/03/04 20:32:17 making map order &{0 [../pg-frankenstein.txt] 2 10}
2024/03/04 20:32:17 making map order &{0 [../pg-grimm.txt] 3 10}
2024/03/04 20:32:17 making map order &{0 [../pg-huckleberry_finn.txt] 4 10}
2024/03/04 20:32:17 making map order &{0 [../pg-metamorphosis.txt] 5 10}
2024/03/04 20:32:17 making map order &{0 [../pg-sherlock_holmes.txt] 6 10}
2024/03/04 20:32:17 making map order &{0 [../pg-tom_sawyer.txt] 7 10}
2024/03/04 20:32:17 done with make map order
2024/03/04 20:32:17 Map: 0 done vs. 8 working, Reduce 0 done vs. 0 working
2024/03/04 20:32:18 Coordinator work
2024/03/04 20:32:18 Coordinator status 0
2024/03/04 20:32:18 Coordinator work
2024/03/04 20:32:18 Coordinator status 0
2024/03/04 20:32:18 IsDone &{0 2024-03-04 20:32:18.025180602 +0800 CST m=+1.013457220 0xc00009dc50} true
2024/03/04 20:32:18 Order 0 finish Map
2024/03/04 20:32:18 IsDone &{0 2024-03-04 20:32:18.030595316 +0800 CST m=+1.018871943 0xc00009dce0} true
2024/03/04 20:32:18 Order 1 finish Map
2024/03/04 20:32:19 Coordinator work
2024/03/04 20:32:19 Coordinator status 0
2024/03/04 20:32:19 Coordinator work
2024/03/04 20:32:19 Coordinator status 0
2024/03/04 20:32:19 IsDone &{0 2024-03-04 20:32:19.104277661 +0800 CST m=+2.092554286 0xc00009dd70} true
2024/03/04 20:32:19 Order 2 finish Map
2024/03/04 20:32:19 IsDone &{0 2024-03-04 20:32:19.25783836 +0800 CST m=+2.246114984 0xc00009de00} true
2024/03/04 20:32:19 Order 3 finish Map
2024/03/04 20:32:20 Coordinator work
2024/03/04 20:32:20 Coordinator status 0
2024/03/04 20:32:20 Coordinator work
2024/03/04 20:32:20 Coordinator status 0
2024/03/04 20:32:20 IsDone &{0 2024-03-04 20:32:20.288207662 +0800 CST m=+3.276484286 0xc00009de90} true
2024/03/04 20:32:20 Order 4 finish Map
2024/03/04 20:32:20 IsDone &{0 2024-03-04 20:32:20.446834154 +0800 CST m=+3.435110778 0xc00009df20} true
2024/03/04 20:32:20 Order 5 finish Map
2024/03/04 20:32:21 Coordinator work
2024/03/04 20:32:21 Coordinator status 0
2024/03/04 20:32:21 Coordinator work
2024/03/04 20:32:21 Coordinator status 0
2024/03/04 20:32:21 IsDone &{0 2024-03-04 20:32:21.505802374 +0800 CST m=+4.494078994 0xc00009dfb0} true
2024/03/04 20:32:21 Order 6 finish Map
2024/03/04 20:32:21 IsDone &{0 2024-03-04 20:32:21.543250982 +0800 CST m=+4.531527597 0xc00011a060} true
2024/03/04 20:32:21 Order 7 finish Map
2024/03/04 20:32:22 Coordinator work
2024/03/04 20:32:22 Coordinator status 0
2024/03/04 20:32:22 Map: 8 done vs. 0 working, Reduce 0 done vs. 0 working
2024/03/04 20:32:22 forward: forward to Reuce Phase
2024/03/04 20:32:22 making reduce order : 8
2024/03/04 20:32:22 making reduce order : 9
2024/03/04 20:32:22 making reduce order : 10
2024/03/04 20:32:22 making reduce order : 11
2024/03/04 20:32:22 making reduce order : 12
2024/03/04 20:32:22 making reduce order : 13
2024/03/04 20:32:22 making reduce order : 14
2024/03/04 20:32:22 making reduce order : 15
2024/03/04 20:32:22 making reduce order : 16
2024/03/04 20:32:22 making reduce order : 17
2024/03/04 20:32:22 done with make reduce order
2024/03/04 20:32:22 Map: 8 done vs. 0 working, Reduce 0 done vs. 10 working
2024/03/04 20:32:22 Coordinator work
2024/03/04 20:32:22 Coordinator status 1
2024/03/04 20:32:22 Order 8 finish Reduce
2024/03/04 20:32:23 Coordinator work
2024/03/04 20:32:23 Coordinator status 1
2024/03/04 20:32:24 Order 9 finish Reduce
2024/03/04 20:32:24 Coordinator work
2024/03/04 20:32:24 Coordinator status 1
2024/03/04 20:32:24 Order 10 finish Reduce
2024/03/04 20:32:25 Coordinator work
2024/03/04 20:32:25 Coordinator status 1
2024/03/04 20:32:25 Order 11 finish Reduce
2024/03/04 20:32:25 Coordinator work
2024/03/04 20:32:25 Coordinator status 1
2024/03/04 20:32:25 Order 12 finish Reduce
2024/03/04 20:32:26 Coordinator work
2024/03/04 20:32:26 Coordinator status 1
2024/03/04 20:32:26 Order 13 finish Reduce
2024/03/04 20:32:26 Coordinator work
2024/03/04 20:32:26 Coordinator status 1
2024/03/04 20:32:27 Order 14 finish Reduce
2024/03/04 20:32:27 Coordinator work
2024/03/04 20:32:27 Coordinator status 1
2024/03/04 20:32:27 Order 15 finish Reduce
2024/03/04 20:32:28 Coordinator work
2024/03/04 20:32:28 Coordinator status 1
2024/03/04 20:32:28 Order 16 finish Reduce
2024/03/04 20:32:28 Coordinator work
2024/03/04 20:32:28 Coordinator status 1
2024/03/04 20:32:28 Order 17 finish Reduce
2024/03/04 20:32:29 Coordinator work
2024/03/04 20:32:29 Coordinator status 1
2024/03/04 20:32:29 Map: 8 done vs. 0 working, Reduce 10 done vs. 0 working
2024/03/04 20:32:29 forward: forward to done phase
2024/03/04 20:32:29 Coordinator work
2024/03/04 20:32:29 Coordinator status 2
