2024/03/04 23:54:19 making map order &{0 [../pg-being_ernest.txt] 0 10}
2024/03/04 23:54:19 making map order &{0 [../pg-dorian_gray.txt] 1 10}
2024/03/04 23:54:19 making map order &{0 [../pg-frankenstein.txt] 2 10}
2024/03/04 23:54:19 making map order &{0 [../pg-grimm.txt] 3 10}
2024/03/04 23:54:19 making map order &{0 [../pg-huckleberry_finn.txt] 4 10}
2024/03/04 23:54:19 making map order &{0 [../pg-metamorphosis.txt] 5 10}
2024/03/04 23:54:19 making map order &{0 [../pg-sherlock_holmes.txt] 6 10}
2024/03/04 23:54:19 making map order &{0 [../pg-tom_sawyer.txt] 7 10}
2024/03/04 23:54:19 done with make map order
2024/03/04 23:54:19 Map: 0 done vs. 8 working, Reduce 0 done vs. 0 working
2024/03/04 23:54:20 Coordinator work
2024/03/04 23:54:20 Coordinator status 0
2024/03/04 23:54:20 Coordinator work
2024/03/04 23:54:20 Coordinator status 0
2024/03/04 23:54:21 IsDone &{0 2024-03-04 23:54:20.289253152 +0800 CST m=+1.019952447 0xc000074360} true
2024/03/04 23:54:21 Order 0 finish Map
2024/03/04 23:54:21 IsDone &{0 2024-03-04 23:54:20.292220983 +0800 CST m=+1.022920271 0xc0000743f0} true
2024/03/04 23:54:21 Order 1 finish Map
2024/03/04 23:54:22 Coordinator work
2024/03/04 23:54:22 Coordinator status 0
2024/03/04 23:54:22 Coordinator work
2024/03/04 23:54:22 Coordinator status 0
2024/03/04 23:54:23 IsDone &{0 2024-03-04 23:54:22.300001819 +0800 CST m=+3.030701103 0xc000074480} true
2024/03/04 23:54:23 Order 2 finish Map
2024/03/04 23:54:23 IsDone &{0 2024-03-04 23:54:22.313868133 +0800 CST m=+3.044567417 0xc000074510} true
2024/03/04 23:54:23 Order 3 finish Map
2024/03/04 23:54:24 Coordinator work
2024/03/04 23:54:24 Coordinator status 0
2024/03/04 23:54:24 Coordinator work
2024/03/04 23:54:24 Coordinator status 0
2024/03/04 23:54:25 IsDone &{0 2024-03-04 23:54:24.316517007 +0800 CST m=+5.047216294 0xc0000745a0} true
2024/03/04 23:54:25 Order 4 finish Map
2024/03/04 23:54:25 IsDone &{0 2024-03-04 23:54:24.32995708 +0800 CST m=+5.060656363 0xc000074630} true
2024/03/04 23:54:25 Order 5 finish Map
2024/03/04 23:54:26 Coordinator work
2024/03/04 23:54:26 Coordinator status 0
2024/03/04 23:54:26 Coordinator work
2024/03/04 23:54:26 Coordinator status 0
2024/03/04 23:54:27 IsDone &{0 2024-03-04 23:54:26.340260849 +0800 CST m=+7.070960129 0xc000074750} true
2024/03/04 23:54:27 Order 7 finish Map
2024/03/04 23:54:27 IsDone &{0 2024-03-04 23:54:26.336515137 +0800 CST m=+7.067214417 0xc0000746c0} true
2024/03/04 23:54:27 Order 6 finish Map
2024/03/04 23:54:28 Coordinator work
2024/03/04 23:54:28 Coordinator status 0
2024/03/04 23:54:28 Map: 8 done vs. 0 working, Reduce 0 done vs. 0 working
2024/03/04 23:54:28 forward: forward to Reuce Phase
2024/03/04 23:54:28 making reduce order : 8
2024/03/04 23:54:28 making reduce order : 9
2024/03/04 23:54:28 making reduce order : 10
2024/03/04 23:54:28 Coordinator work
2024/03/04 23:54:28 making reduce order : 11
2024/03/04 23:54:28 making reduce order : 12
2024/03/04 23:54:28 making reduce order : 13
2024/03/04 23:54:28 making reduce order : 14
2024/03/04 23:54:28 making reduce order : 15
2024/03/04 23:54:28 making reduce order : 16
2024/03/04 23:54:28 making reduce order : 17
2024/03/04 23:54:28 done with make reduce order
2024/03/04 23:54:28 Map: 8 done vs. 0 working, Reduce 0 done vs. 10 working
2024/03/04 23:54:28 Coordinator status 1
2024/03/04 23:54:28 Order 8 finish Reduce
2024/03/04 23:54:29 Coordinator work
2024/03/04 23:54:29 Coordinator status 1
2024/03/04 23:54:29 Order 9 finish Reduce
2024/03/04 23:54:30 Coordinator work
2024/03/04 23:54:30 Coordinator status 1
2024/03/04 23:54:30 Order 10 finish Reduce
2024/03/04 23:54:30 Coordinator work
2024/03/04 23:54:30 Coordinator status 1
2024/03/04 23:54:30 Order 11 finish Reduce
2024/03/04 23:54:31 Coordinator work
2024/03/04 23:54:31 Coordinator status 1
2024/03/04 23:54:31 Order 12 finish Reduce
2024/03/04 23:54:31 Coordinator work
2024/03/04 23:54:31 Coordinator status 1
2024/03/04 23:54:31 Order 13 finish Reduce
2024/03/04 23:54:32 Coordinator work
2024/03/04 23:54:32 Coordinator status 1
2024/03/04 23:54:32 Order 14 finish Reduce
2024/03/04 23:54:32 Coordinator work
2024/03/04 23:54:32 Coordinator status 1
2024/03/04 23:54:32 Order 15 finish Reduce
2024/03/04 23:54:33 Coordinator work
2024/03/04 23:54:33 Coordinator status 1
2024/03/04 23:54:33 Order 16 finish Reduce
2024/03/04 23:54:33 Coordinator work
2024/03/04 23:54:33 Coordinator status 1
2024/03/04 23:54:33 Order 17 finish Reduce
2024/03/04 23:54:34 Coordinator work
2024/03/04 23:54:34 Coordinator status 1
2024/03/04 23:54:34 Map: 8 done vs. 0 working, Reduce 10 done vs. 0 working
2024/03/04 23:54:34 forward: forward to done phase
2024/03/04 23:54:34 Coordinator work
2024/03/04 23:54:34 Coordinator status 2
