2024/03/05 08:56:38 making map order &{0 [../pg-being_ernest.txt] 0 10}
2024/03/05 08:56:38 making map order &{0 [../pg-dorian_gray.txt] 1 10}
2024/03/05 08:56:38 making map order &{0 [../pg-frankenstein.txt] 2 10}
2024/03/05 08:56:38 making map order &{0 [../pg-grimm.txt] 3 10}
2024/03/05 08:56:38 making map order &{0 [../pg-huckleberry_finn.txt] 4 10}
2024/03/05 08:56:38 making map order &{0 [../pg-metamorphosis.txt] 5 10}
2024/03/05 08:56:38 making map order &{0 [../pg-sherlock_holmes.txt] 6 10}
2024/03/05 08:56:38 making map order &{0 [../pg-tom_sawyer.txt] 7 10}
2024/03/05 08:56:38 done with make map order
2024/03/05 08:56:38 Map: 0 done vs. 8 working, Reduce 0 done vs. 0 working
2024/03/05 08:56:39 Coordinator work
2024/03/05 08:56:39 Coordinator status 0
2024/03/05 08:56:39 Coordinator work
2024/03/05 08:56:39 Coordinator status 0
2024/03/05 08:56:39 Coordinator work
2024/03/05 08:56:39 Coordinator status 0
2024/03/05 08:56:39 IsDone &{0 2024-03-05 08:56:39.143784738 +0800 CST m=+1.015544879 0xc000074150} true
2024/03/05 08:56:39 Order 0 finish Map
2024/03/05 08:56:40 Coordinator work
2024/03/05 08:56:40 Coordinator status 0
2024/03/05 08:56:41 IsDone &{0 2024-03-05 08:56:39.166169754 +0800 CST m=+1.037929885 0xc000074270} true
2024/03/05 08:56:41 Order 2 finish Map
2024/03/05 08:56:41 IsDone &{0 2024-03-05 08:56:39.159322243 +0800 CST m=+1.031082379 0xc0000741e0} true
2024/03/05 08:56:41 Order 1 finish Map
2024/03/05 08:56:42 Coordinator work
2024/03/05 08:56:42 Coordinator status 0
2024/03/05 08:56:42 Coordinator work
2024/03/05 08:56:42 Coordinator status 0
2024/03/05 08:56:42 IsDone &{0 2024-03-05 08:56:40.907218901 +0800 CST m=+2.778979045 0xc000074300} true
2024/03/05 08:56:42 Order 3 finish Map
2024/03/05 08:56:42 IsDone &{0 2024-03-05 08:56:42.290288217 +0800 CST m=+4.162048351 0xc000074420} true
2024/03/05 08:56:42 Order 5 finish Map
2024/03/05 08:56:43 Coordinator work
2024/03/05 08:56:43 Coordinator status 0
2024/03/05 08:56:43 Coordinator work
2024/03/05 08:56:43 Coordinator status 0
2024/03/05 08:56:44 IsDone &{0 2024-03-05 08:56:42.20751319 +0800 CST m=+4.079273325 0xc000074390} true
2024/03/05 08:56:44 Order 4 finish Map
2024/03/05 08:56:45 Coordinator work
2024/03/05 08:56:45 Coordinator status 0
2024/03/05 08:56:45 Map: 6 done vs. 2 working, Reduce 0 done vs. 0 working
2024/03/05 08:56:45 IsDone &{0 2024-03-05 08:56:43.956184215 +0800 CST m=+5.827944362 0xc000074540} true
2024/03/05 08:56:45 Order 7 finish Map
2024/03/05 08:56:46 IsDone &{0 2024-03-05 08:56:43.887427037 +0800 CST m=+5.759187174 0xc0000744b0} true
2024/03/05 08:56:46 Order 6 finish Map
2024/03/05 08:56:46 Coordinator work
2024/03/05 08:56:46 Coordinator status 0
2024/03/05 08:56:46 Map: 8 done vs. 0 working, Reduce 0 done vs. 0 working
2024/03/05 08:56:46 forward: forward to Reuce Phase
2024/03/05 08:56:46 making reduce order : 8
2024/03/05 08:56:46 making reduce order : 9
2024/03/05 08:56:46 making reduce order : 10
2024/03/05 08:56:46 making reduce order : 11
2024/03/05 08:56:46 making reduce order : 12
2024/03/05 08:56:46 making reduce order : 13
2024/03/05 08:56:46 making reduce order : 14
2024/03/05 08:56:46 making reduce order : 15
2024/03/05 08:56:46 making reduce order : 16
2024/03/05 08:56:46 making reduce order : 17
2024/03/05 08:56:46 done with make reduce order
2024/03/05 08:56:46 Map: 8 done vs. 0 working, Reduce 0 done vs. 10 working
2024/03/05 08:56:47 Coordinator work
2024/03/05 08:56:47 Coordinator status 1
2024/03/05 08:56:47 Coordinator work
2024/03/05 08:56:47 Coordinator status 1
2024/03/05 08:56:47 Order 8 finish Reduce
2024/03/05 08:56:48 Order 9 finish Reduce
2024/03/05 08:56:48 Coordinator work
2024/03/05 08:56:48 Coordinator status 1
2024/03/05 08:56:48 Coordinator work
2024/03/05 08:56:48 Coordinator status 1
2024/03/05 08:56:49 Coordinator work
2024/03/05 08:56:49 Coordinator status 1
2024/03/05 08:56:49 Order 11 finish Reduce
2024/03/05 08:56:50 Order 12 finish Reduce
2024/03/05 08:56:50 Order 10 finish Reduce
2024/03/05 08:56:50 Coordinator work
2024/03/05 08:56:50 Coordinator status 1
2024/03/05 08:56:51 Order 13 finish Reduce
2024/03/05 08:56:51 Coordinator work
2024/03/05 08:56:51 Coordinator status 1
2024/03/05 08:56:51 Coordinator work
2024/03/05 08:56:51 Coordinator status 1
2024/03/05 08:56:52 Coordinator work
2024/03/05 08:56:52 Coordinator status 1
2024/03/05 08:56:52 Order 15 finish Reduce
2024/03/05 08:56:52 Order 14 finish Reduce
2024/03/05 08:56:53 Order 16 finish Reduce
2024/03/05 08:56:53 Coordinator work
2024/03/05 08:56:53 Coordinator status 1
2024/03/05 08:56:53 Coordinator work
2024/03/05 08:56:53 Coordinator status 1
2024/03/05 08:56:53 Map: 8 done vs. 0 working, Reduce 9 done vs. 1 working
2024/03/05 08:56:53 Order 17 finish Reduce
2024/03/05 08:56:54 Coordinator work
2024/03/05 08:56:54 Coordinator status 1
2024/03/05 08:56:54 Map: 8 done vs. 0 working, Reduce 10 done vs. 0 working
2024/03/05 08:56:54 forward: forward to done phase
2024/03/05 08:56:54 Coordinator work
2024/03/05 08:56:54 Coordinator status 2
2024/03/05 08:56:55 Coordinator work
2024/03/05 08:56:55 Coordinator status 2
