2024/03/05 02:39:46 making map order &{0 [../pg-being_ernest.txt] 0 10}
2024/03/05 02:39:46 making map order &{0 [../pg-dorian_gray.txt] 1 10}
2024/03/05 02:39:46 making map order &{0 [../pg-frankenstein.txt] 2 10}
2024/03/05 02:39:46 making map order &{0 [../pg-grimm.txt] 3 10}
2024/03/05 02:39:46 making map order &{0 [../pg-huckleberry_finn.txt] 4 10}
2024/03/05 02:39:46 making map order &{0 [../pg-metamorphosis.txt] 5 10}
2024/03/05 02:39:46 making map order &{0 [../pg-sherlock_holmes.txt] 6 10}
2024/03/05 02:39:46 making map order &{0 [../pg-tom_sawyer.txt] 7 10}
2024/03/05 02:39:46 done with make map order
2024/03/05 02:39:46 Map: 0 done vs. 8 working, Reduce 0 done vs. 0 working
2024/03/05 02:39:47 Coordinator work
2024/03/05 02:39:47 Coordinator status 0
2024/03/05 02:39:47 Coordinator work
2024/03/05 02:39:47 Coordinator status 0
2024/03/05 02:39:51 IsDone &{0 2024-03-05 02:39:47.052768899 +0800 CST m=+1.020356055 0xc00009ddd0} true
2024/03/05 02:39:51 Order 0 finish Map
2024/03/05 02:39:51 IsDone &{0 2024-03-05 02:39:47.05785718 +0800 CST m=+1.025444337 0xc00009de60} true
2024/03/05 02:39:51 Order 1 finish Map
2024/03/05 02:39:52 Coordinator work
2024/03/05 02:39:52 Coordinator status 0
2024/03/05 02:39:52 Coordinator work
2024/03/05 02:39:52 Coordinator status 0
2024/03/05 02:39:56 IsDone &{0 2024-03-05 02:39:52.145580687 +0800 CST m=+6.113167837 0xc00009def0} true
2024/03/05 02:39:56 Order 2 finish Map
2024/03/05 02:39:56 IsDone &{0 2024-03-05 02:39:52.157080408 +0800 CST m=+6.124667568 0xc00009df80} true
2024/03/05 02:39:56 Order 3 finish Map
2024/03/05 02:39:57 Coordinator work
2024/03/05 02:39:57 Coordinator status 0
2024/03/05 02:39:57 Coordinator work
2024/03/05 02:39:57 Coordinator status 0
2024/03/05 02:40:00 IsDone &{0 2024-03-05 02:39:57.062592285 +0800 CST m=+11.030179446 0xc0001180c0} true
2024/03/05 02:40:00 Order 5 finish Map
2024/03/05 02:40:00 IsDone &{0 2024-03-05 02:39:57.054386188 +0800 CST m=+11.021973349 0xc000118030} true
2024/03/05 02:40:00 Order 4 finish Map
2024/03/05 02:40:01 Coordinator work
2024/03/05 02:40:01 Coordinator status 0
2024/03/05 02:40:01 Coordinator work
2024/03/05 02:40:01 Coordinator status 0
2024/03/05 02:40:04 IsDone &{0 2024-03-05 02:40:01.925179556 +0800 CST m=+15.892766715 0xc0001181e0} true
2024/03/05 02:40:04 Order 7 finish Map
2024/03/05 02:40:04 IsDone &{0 2024-03-05 02:40:01.919640707 +0800 CST m=+15.887227864 0xc000118150} true
2024/03/05 02:40:04 Order 6 finish Map
2024/03/05 02:40:05 Coordinator work
2024/03/05 02:40:05 Coordinator status 0
2024/03/05 02:40:05 Map: 8 done vs. 0 working, Reduce 0 done vs. 0 working
2024/03/05 02:40:05 forward: forward to Reuce Phase
2024/03/05 02:40:05 making reduce order : 8
2024/03/05 02:40:05 making reduce order : 9
2024/03/05 02:40:05 making reduce order : 10
2024/03/05 02:40:05 making reduce order : 11
2024/03/05 02:40:05 Coordinator work
2024/03/05 02:40:05 making reduce order : 12
2024/03/05 02:40:05 making reduce order : 13
2024/03/05 02:40:05 making reduce order : 14
2024/03/05 02:40:05 making reduce order : 15
2024/03/05 02:40:05 making reduce order : 16
2024/03/05 02:40:05 making reduce order : 17
2024/03/05 02:40:05 done with make reduce order
2024/03/05 02:40:05 Map: 8 done vs. 0 working, Reduce 0 done vs. 10 working
2024/03/05 02:40:05 Coordinator status 1
2024/03/05 02:40:05 Order 8 finish Reduce
2024/03/05 02:40:06 Coordinator work
2024/03/05 02:40:06 Coordinator status 1
2024/03/05 02:40:06 Order 9 finish Reduce
2024/03/05 02:40:07 Coordinator work
2024/03/05 02:40:07 Coordinator status 1
2024/03/05 02:40:07 Order 10 finish Reduce
2024/03/05 02:40:07 Coordinator work
2024/03/05 02:40:07 Coordinator status 1
2024/03/05 02:40:07 Order 11 finish Reduce
2024/03/05 02:40:08 Coordinator work
2024/03/05 02:40:08 Coordinator status 1
2024/03/05 02:40:08 Order 12 finish Reduce
2024/03/05 02:40:08 Coordinator work
2024/03/05 02:40:08 Coordinator status 1
2024/03/05 02:40:08 Order 13 finish Reduce
2024/03/05 02:40:09 Coordinator work
2024/03/05 02:40:09 Coordinator status 1
2024/03/05 02:40:09 Order 14 finish Reduce
2024/03/05 02:40:09 Coordinator work
2024/03/05 02:40:09 Coordinator status 1
2024/03/05 02:40:09 Order 15 finish Reduce
2024/03/05 02:40:10 Coordinator work
2024/03/05 02:40:10 Coordinator status 1
2024/03/05 02:40:10 Order 16 finish Reduce
2024/03/05 02:40:10 Coordinator work
2024/03/05 02:40:10 Coordinator status 1
2024/03/05 02:40:10 Order 17 finish Reduce
2024/03/05 02:40:11 Coordinator work
2024/03/05 02:40:11 Coordinator status 1
2024/03/05 02:40:11 Map: 8 done vs. 0 working, Reduce 10 done vs. 0 working
2024/03/05 02:40:11 forward: forward to done phase
2024/03/05 02:40:11 Coordinator work
2024/03/05 02:40:11 Coordinator status 2
