2024/03/04 20:36:00 making map order &{0 [../pg-being_ernest.txt] 0 10}
2024/03/04 20:36:00 making map order &{0 [../pg-dorian_gray.txt] 1 10}
2024/03/04 20:36:00 making map order &{0 [../pg-frankenstein.txt] 2 10}
2024/03/04 20:36:00 making map order &{0 [../pg-grimm.txt] 3 10}
2024/03/04 20:36:00 making map order &{0 [../pg-huckleberry_finn.txt] 4 10}
2024/03/04 20:36:00 making map order &{0 [../pg-metamorphosis.txt] 5 10}
2024/03/04 20:36:00 making map order &{0 [../pg-sherlock_holmes.txt] 6 10}
2024/03/04 20:36:00 making map order &{0 [../pg-tom_sawyer.txt] 7 10}
2024/03/04 20:36:00 done with make map order
2024/03/04 20:36:00 Map: 0 done vs. 8 working, Reduce 0 done vs. 0 working
2024/03/04 20:36:01 Coordinator work
2024/03/04 20:36:01 Coordinator status 0
2024/03/04 20:36:01 Coordinator work
2024/03/04 20:36:01 Coordinator status 0
2024/03/04 20:36:05 IsDone &{0 2024-03-04 20:36:01.019523488 +0800 CST m=+1.019163223 0xc00009de60} true
2024/03/04 20:36:05 Order 0 finish Map
2024/03/04 20:36:05 IsDone &{0 2024-03-04 20:36:01.035889564 +0800 CST m=+1.035529302 0xc00009def0} true
2024/03/04 20:36:05 Order 1 finish Map
2024/03/04 20:36:06 Coordinator work
2024/03/04 20:36:06 Coordinator status 0
2024/03/04 20:36:06 Coordinator work
2024/03/04 20:36:06 Coordinator status 0
2024/03/04 20:36:10 IsDone &{0 2024-03-04 20:36:06.112301925 +0800 CST m=+6.111941656 0xc00009df80} true
2024/03/04 20:36:10 Order 2 finish Map
2024/03/04 20:36:10 IsDone &{0 2024-03-04 20:36:06.135398251 +0800 CST m=+6.135037989 0xc000118030} true
2024/03/04 20:36:10 Order 3 finish Map
2024/03/04 20:36:11 Coordinator work
2024/03/04 20:36:11 Coordinator status 0
2024/03/04 20:36:11 Coordinator work
2024/03/04 20:36:11 Coordinator status 0
2024/03/04 20:36:14 IsDone &{0 2024-03-04 20:36:11.014858973 +0800 CST m=+11.014498714 0xc0001180c0} true
2024/03/04 20:36:14 Order 4 finish Map
2024/03/04 20:36:14 IsDone &{0 2024-03-04 20:36:11.039235509 +0800 CST m=+11.038875247 0xc000118150} true
2024/03/04 20:36:14 Order 5 finish Map
2024/03/04 20:36:15 Coordinator work
2024/03/04 20:36:15 Coordinator status 0
2024/03/04 20:36:15 Coordinator work
2024/03/04 20:36:15 Coordinator status 0
2024/03/04 20:36:17 IsDone &{0 2024-03-04 20:36:15.881391064 +0800 CST m=+15.881030802 0xc0001181e0} true
2024/03/04 20:36:17 Order 6 finish Map
2024/03/04 20:36:17 IsDone &{0 2024-03-04 20:36:15.89584447 +0800 CST m=+15.895484205 0xc000118270} true
2024/03/04 20:36:17 Order 7 finish Map
2024/03/04 20:36:18 Coordinator work
2024/03/04 20:36:18 Coordinator status 0
2024/03/04 20:36:18 Map: 8 done vs. 0 working, Reduce 0 done vs. 0 working
2024/03/04 20:36:18 forward: forward to Reuce Phase
2024/03/04 20:36:18 making reduce order : 8
2024/03/04 20:36:18 making reduce order : 9
2024/03/04 20:36:18 making reduce order : 10
2024/03/04 20:36:18 making reduce order : 11
2024/03/04 20:36:18 making reduce order : 12
2024/03/04 20:36:18 making reduce order : 13
2024/03/04 20:36:18 making reduce order : 14
2024/03/04 20:36:18 making reduce order : 15
2024/03/04 20:36:18 making reduce order : 16
2024/03/04 20:36:18 making reduce order : 17
2024/03/04 20:36:18 done with make reduce order
2024/03/04 20:36:18 Map: 8 done vs. 0 working, Reduce 0 done vs. 10 working
2024/03/04 20:36:18 Coordinator work
2024/03/04 20:36:18 Coordinator status 1
2024/03/04 20:36:18 Order 8 finish Reduce
2024/03/04 20:36:19 Coordinator work
2024/03/04 20:36:19 Coordinator status 1
2024/03/04 20:36:19 Order 9 finish Reduce
2024/03/04 20:36:20 Coordinator work
2024/03/04 20:36:20 Coordinator status 1
2024/03/04 20:36:20 Order 10 finish Reduce
2024/03/04 20:36:20 Coordinator work
2024/03/04 20:36:20 Coordinator status 1
2024/03/04 20:36:20 Order 11 finish Reduce
2024/03/04 20:36:21 Coordinator work
2024/03/04 20:36:21 Coordinator status 1
2024/03/04 20:36:21 Order 12 finish Reduce
2024/03/04 20:36:21 Coordinator work
2024/03/04 20:36:21 Coordinator status 1
2024/03/04 20:36:21 Order 13 finish Reduce
2024/03/04 20:36:22 Coordinator work
2024/03/04 20:36:22 Coordinator status 1
2024/03/04 20:36:22 Order 14 finish Reduce
2024/03/04 20:36:22 Coordinator work
2024/03/04 20:36:22 Coordinator status 1
2024/03/04 20:36:22 Order 15 finish Reduce
2024/03/04 20:36:23 Coordinator work
2024/03/04 20:36:23 Coordinator status 1
2024/03/04 20:36:23 Order 16 finish Reduce
2024/03/04 20:36:23 Coordinator work
2024/03/04 20:36:23 Coordinator status 1
2024/03/04 20:36:23 Order 17 finish Reduce
2024/03/04 20:36:24 Coordinator work
2024/03/04 20:36:24 Coordinator status 1
2024/03/04 20:36:24 Map: 8 done vs. 0 working, Reduce 10 done vs. 0 working
2024/03/04 20:36:24 forward: forward to done phase
2024/03/04 20:36:24 Coordinator work
2024/03/04 20:36:24 Coordinator status 2
