2024/03/04 20:32:31 making map order &{0 [../pg-being_ernest.txt] 0 10}
2024/03/04 20:32:31 making map order &{0 [../pg-dorian_gray.txt] 1 10}
2024/03/04 20:32:31 making map order &{0 [../pg-frankenstein.txt] 2 10}
2024/03/04 20:32:31 making map order &{0 [../pg-grimm.txt] 3 10}
2024/03/04 20:32:31 making map order &{0 [../pg-huckleberry_finn.txt] 4 10}
2024/03/04 20:32:31 making map order &{0 [../pg-metamorphosis.txt] 5 10}
2024/03/04 20:32:31 making map order &{0 [../pg-sherlock_holmes.txt] 6 10}
2024/03/04 20:32:31 making map order &{0 [../pg-tom_sawyer.txt] 7 10}
2024/03/04 20:32:31 done with make map order
2024/03/04 20:32:31 Map: 0 done vs. 8 working, Reduce 0 done vs. 0 working
2024/03/04 20:32:32 Coordinator work
2024/03/04 20:32:32 Coordinator status 0
2024/03/04 20:32:32 Coordinator work
2024/03/04 20:32:32 Coordinator status 0
2024/03/04 20:32:33 IsDone &{0 2024-03-04 20:32:32.597481922 +0800 CST m=+1.018709846 0xc0000742a0} true
2024/03/04 20:32:33 Order 0 finish Map
2024/03/04 20:32:33 IsDone &{0 2024-03-04 20:32:32.607048072 +0800 CST m=+1.028275995 0xc000074330} true
2024/03/04 20:32:33 Order 1 finish Map
2024/03/04 20:32:34 Coordinator work
2024/03/04 20:32:34 Coordinator status 0
2024/03/04 20:32:34 Coordinator work
2024/03/04 20:32:34 Coordinator status 0
2024/03/04 20:32:35 IsDone &{0 2024-03-04 20:32:34.608578439 +0800 CST m=+3.029806364 0xc0000743c0} true
2024/03/04 20:32:35 Order 2 finish Map
2024/03/04 20:32:35 IsDone &{0 2024-03-04 20:32:34.625742551 +0800 CST m=+3.046970480 0xc000074450} true
2024/03/04 20:32:35 Order 3 finish Map
2024/03/04 20:32:36 Coordinator work
2024/03/04 20:32:36 Coordinator status 0
2024/03/04 20:32:36 Coordinator work
2024/03/04 20:32:36 Coordinator status 0
2024/03/04 20:32:37 IsDone &{0 2024-03-04 20:32:36.624739366 +0800 CST m=+5.045967293 0xc0000744e0} true
2024/03/04 20:32:37 Order 4 finish Map
2024/03/04 20:32:37 IsDone &{0 2024-03-04 20:32:36.643031058 +0800 CST m=+5.064258983 0xc000074570} true
2024/03/04 20:32:37 Order 5 finish Map
2024/03/04 20:32:38 Coordinator work
2024/03/04 20:32:38 Coordinator status 0
2024/03/04 20:32:38 Coordinator work
2024/03/04 20:32:38 Coordinator status 0
2024/03/04 20:32:39 IsDone &{0 2024-03-04 20:32:38.644360928 +0800 CST m=+7.065588855 0xc000074600} true
2024/03/04 20:32:39 Order 6 finish Map
2024/03/04 20:32:39 IsDone &{0 2024-03-04 20:32:38.653709831 +0800 CST m=+7.074937756 0xc000074690} true
2024/03/04 20:32:39 Order 7 finish Map
2024/03/04 20:32:40 Coordinator work
2024/03/04 20:32:40 Coordinator status 0
2024/03/04 20:32:40 Map: 8 done vs. 0 working, Reduce 0 done vs. 0 working
2024/03/04 20:32:40 forward: forward to Reuce Phase
2024/03/04 20:32:40 making reduce order : 8
2024/03/04 20:32:40 making reduce order : 9
2024/03/04 20:32:40 making reduce order : 10
2024/03/04 20:32:40 making reduce order : 11
2024/03/04 20:32:40 making reduce order : 12
2024/03/04 20:32:40 making reduce order : 13
2024/03/04 20:32:40 making reduce order : 14
2024/03/04 20:32:40 making reduce order : 15
2024/03/04 20:32:40 Coordinator work
2024/03/04 20:32:40 making reduce order : 16
2024/03/04 20:32:40 making reduce order : 17
2024/03/04 20:32:40 done with make reduce order
2024/03/04 20:32:40 Map: 8 done vs. 0 working, Reduce 0 done vs. 10 working
2024/03/04 20:32:40 Coordinator status 1
2024/03/04 20:32:40 Order 8 finish Reduce
2024/03/04 20:32:41 Coordinator work
2024/03/04 20:32:41 Coordinator status 1
2024/03/04 20:32:41 Order 9 finish Reduce
2024/03/04 20:32:42 Coordinator work
2024/03/04 20:32:42 Coordinator status 1
2024/03/04 20:32:42 Order 10 finish Reduce
2024/03/04 20:32:42 Coordinator work
2024/03/04 20:32:42 Coordinator status 1
2024/03/04 20:32:42 Order 11 finish Reduce
2024/03/04 20:32:43 Coordinator work
2024/03/04 20:32:43 Coordinator status 1
2024/03/04 20:32:43 Order 12 finish Reduce
2024/03/04 20:32:43 Coordinator work
2024/03/04 20:32:43 Coordinator status 1
2024/03/04 20:32:43 Order 13 finish Reduce
2024/03/04 20:32:44 Coordinator work
2024/03/04 20:32:44 Coordinator status 1
2024/03/04 20:32:44 Order 14 finish Reduce
2024/03/04 20:32:44 Coordinator work
2024/03/04 20:32:44 Coordinator status 1
2024/03/04 20:32:44 Order 15 finish Reduce
2024/03/04 20:32:45 Coordinator work
2024/03/04 20:32:45 Coordinator status 1
2024/03/04 20:32:45 Order 16 finish Reduce
2024/03/04 20:32:45 Coordinator work
2024/03/04 20:32:45 Coordinator status 1
2024/03/04 20:32:45 Order 17 finish Reduce
2024/03/04 20:32:46 Coordinator work
2024/03/04 20:32:46 Coordinator status 1
2024/03/04 20:32:46 Map: 8 done vs. 0 working, Reduce 10 done vs. 0 working
2024/03/04 20:32:46 forward: forward to done phase
2024/03/04 20:32:46 Coordinator work
2024/03/04 20:32:46 Coordinator status 2
