2024/03/05 10:48:22 making map order &{0 [../pg-being_ernest.txt] 0 10}
2024/03/05 10:48:22 making map order &{0 [../pg-dorian_gray.txt] 1 10}
2024/03/05 10:48:22 making map order &{0 [../pg-frankenstein.txt] 2 10}
2024/03/05 10:48:22 making map order &{0 [../pg-grimm.txt] 3 10}
2024/03/05 10:48:22 making map order &{0 [../pg-huckleberry_finn.txt] 4 10}
2024/03/05 10:48:22 making map order &{0 [../pg-metamorphosis.txt] 5 10}
2024/03/05 10:48:22 making map order &{0 [../pg-sherlock_holmes.txt] 6 10}
2024/03/05 10:48:22 making map order &{0 [../pg-tom_sawyer.txt] 7 10}
2024/03/05 10:48:22 done with make map order
2024/03/05 10:48:22 Map: 0 done vs. 8 working, Reduce 0 done vs. 0 working
2024/03/05 10:48:23 Coordinator work
2024/03/05 10:48:23 Coordinator status 0
2024/03/05 10:48:23 Coordinator work
2024/03/05 10:48:23 Coordinator status 0
2024/03/05 10:48:23 Coordinator work
2024/03/05 10:48:23 Coordinator status 0
2024/03/05 10:48:24 IsDone &{0 2024-03-05 10:48:23.877952092 +0800 CST m=+1.016926623 0xc000164150} true
2024/03/05 10:48:24 Order 0 finish Map
2024/03/05 10:48:25 Coordinator work
2024/03/05 10:48:25 Coordinator status 0
2024/03/05 10:48:25 IsDone &{0 2024-03-05 10:48:23.892820537 +0800 CST m=+1.031795070 0xc000164270} true
2024/03/05 10:48:25 Order 2 finish Map
2024/03/05 10:48:26 IsDone &{0 2024-03-05 10:48:23.891250433 +0800 CST m=+1.030224966 0xc0001641e0} true
2024/03/05 10:48:26 Order 1 finish Map
2024/03/05 10:48:26 Coordinator work
2024/03/05 10:48:26 Coordinator status 0
2024/03/05 10:48:27 Coordinator work
2024/03/05 10:48:27 Coordinator status 0
2024/03/05 10:48:27 IsDone &{0 2024-03-05 10:48:27.107515282 +0800 CST m=+4.246489821 0xc000164420} true
2024/03/05 10:48:27 Order 5 finish Map
2024/03/05 10:48:27 IsDone &{0 2024-03-05 10:48:25.751164898 +0800 CST m=+2.890139432 0xc000164300} true
2024/03/05 10:48:27 Order 3 finish Map
2024/03/05 10:48:28 Coordinator work
2024/03/05 10:48:28 Coordinator status 0
2024/03/05 10:48:28 Coordinator work
2024/03/05 10:48:28 Coordinator status 0
2024/03/05 10:48:30 IsDone &{0 2024-03-05 10:48:26.934547439 +0800 CST m=+4.073521978 0xc000164390} true
2024/03/05 10:48:30 Order 4 finish Map
2024/03/05 10:48:31 IsDone &{0 2024-03-05 10:48:28.980229452 +0800 CST m=+6.119203983 0xc000164540} true
2024/03/05 10:48:31 Order 7 finish Map
2024/03/05 10:48:31 Coordinator work
2024/03/05 10:48:31 Coordinator status 0
2024/03/05 10:48:31 Map: 7 done vs. 1 working, Reduce 0 done vs. 0 working
2024/03/05 10:48:31 IsDone &{0 2024-03-05 10:48:28.896802001 +0800 CST m=+6.035776531 0xc0001644b0} true
2024/03/05 10:48:31 Order 6 finish Map
2024/03/05 10:48:32 Coordinator work
2024/03/05 10:48:32 Coordinator status 0
2024/03/05 10:48:32 Map: 8 done vs. 0 working, Reduce 0 done vs. 0 working
2024/03/05 10:48:32 forward: forward to Reuce Phase
2024/03/05 10:48:32 making reduce order : 8
2024/03/05 10:48:32 making reduce order : 9
2024/03/05 10:48:32 making reduce order : 10
2024/03/05 10:48:32 making reduce order : 11
2024/03/05 10:48:32 making reduce order : 12
2024/03/05 10:48:32 making reduce order : 13
2024/03/05 10:48:32 making reduce order : 14
2024/03/05 10:48:32 making reduce order : 15
2024/03/05 10:48:32 making reduce order : 16
2024/03/05 10:48:32 making reduce order : 17
2024/03/05 10:48:32 done with make reduce order
2024/03/05 10:48:32 Map: 8 done vs. 0 working, Reduce 0 done vs. 10 working
2024/03/05 10:48:32 Coordinator work
2024/03/05 10:48:32 Coordinator status 1
2024/03/05 10:48:33 Coordinator work
2024/03/05 10:48:33 Coordinator status 1
2024/03/05 10:48:33 Order 8 finish Reduce
2024/03/05 10:48:33 Order 9 finish Reduce
2024/03/05 10:48:34 Coordinator work
2024/03/05 10:48:34 Coordinator status 1
2024/03/05 10:48:34 Coordinator work
2024/03/05 10:48:34 Coordinator status 1
2024/03/05 10:48:34 Coordinator work
2024/03/05 10:48:34 Coordinator status 1
2024/03/05 10:48:34 Order 11 finish Reduce
2024/03/05 10:48:35 Order 10 finish Reduce
2024/03/05 10:48:35 Order 12 finish Reduce
2024/03/05 10:48:35 Coordinator work
2024/03/05 10:48:35 Coordinator status 1
2024/03/05 10:48:36 Order 13 finish Reduce
2024/03/05 10:48:36 Coordinator work
2024/03/05 10:48:36 Coordinator status 1
2024/03/05 10:48:36 Coordinator work
2024/03/05 10:48:36 Coordinator status 1
2024/03/05 10:48:37 Coordinator work
2024/03/05 10:48:37 Coordinator status 1
2024/03/05 10:48:37 Order 15 finish Reduce
2024/03/05 10:48:37 Order 14 finish Reduce
2024/03/05 10:48:38 Order 16 finish Reduce
2024/03/05 10:48:38 Coordinator work
2024/03/05 10:48:38 Coordinator status 1
2024/03/05 10:48:38 Coordinator work
2024/03/05 10:48:38 Coordinator status 1
2024/03/05 10:48:38 Map: 8 done vs. 0 working, Reduce 9 done vs. 1 working
2024/03/05 10:48:39 Order 17 finish Reduce
2024/03/05 10:48:39 Coordinator work
2024/03/05 10:48:39 Coordinator status 1
2024/03/05 10:48:39 Map: 8 done vs. 0 working, Reduce 10 done vs. 0 working
2024/03/05 10:48:39 forward: forward to done phase
2024/03/05 10:48:40 Coordinator work
2024/03/05 10:48:40 Coordinator status 2
