2024/03/05 12:14:20 making map order &{0 [../pg-being_ernest.txt] 0 10}
2024/03/05 12:14:20 making map order &{0 [../pg-dorian_gray.txt] 1 10}
2024/03/05 12:14:20 making map order &{0 [../pg-frankenstein.txt] 2 10}
2024/03/05 12:14:20 making map order &{0 [../pg-grimm.txt] 3 10}
2024/03/05 12:14:20 making map order &{0 [../pg-huckleberry_finn.txt] 4 10}
2024/03/05 12:14:20 making map order &{0 [../pg-metamorphosis.txt] 5 10}
2024/03/05 12:14:20 making map order &{0 [../pg-sherlock_holmes.txt] 6 10}
2024/03/05 12:14:20 making map order &{0 [../pg-tom_sawyer.txt] 7 10}
2024/03/05 12:14:20 done with make map order
2024/03/05 12:14:20 Map: 0 done vs. 8 working, Reduce 0 done vs. 0 working
2024/03/05 12:14:21 Coordinator work
2024/03/05 12:14:21 Coordinator status 0
2024/03/05 12:14:21 Coordinator work
2024/03/05 12:14:21 Coordinator status 0
2024/03/05 12:14:21 IsDone &{0 2024-03-05 12:14:21.263523368 +0800 CST m=+1.015353033 0xc00008a570} true
2024/03/05 12:14:21 Order 0 finish Map
2024/03/05 12:14:21 IsDone &{0 2024-03-05 12:14:21.265944236 +0800 CST m=+1.017773905 0xc00008a600} true
2024/03/05 12:14:21 Order 1 finish Map
2024/03/05 12:14:22 Coordinator work
2024/03/05 12:14:22 Coordinator status 0
2024/03/05 12:14:22 IsDone &{0 2024-03-05 12:14:22.40192997 +0800 CST m=+2.153759631 0xc00008a690} true
2024/03/05 12:14:22 Order 2 finish Map
2024/03/05 12:14:22 Coordinator work
2024/03/05 12:14:22 Coordinator status 0
2024/03/05 12:14:22 IsDone &{0 2024-03-05 12:14:22.591004409 +0800 CST m=+2.342834078 0xc00008a720} true
2024/03/05 12:14:22 Order 3 finish Map
2024/03/05 12:14:23 Coordinator work
2024/03/05 12:14:23 Coordinator status 0
2024/03/05 12:14:23 Coordinator work
2024/03/05 12:14:23 Coordinator status 0
2024/03/05 12:14:23 IsDone &{0 2024-03-05 12:14:23.580510515 +0800 CST m=+3.332340178 0xc00008a7b0} true
2024/03/05 12:14:23 Order 4 finish Map
2024/03/05 12:14:23 IsDone &{0 2024-03-05 12:14:23.765363534 +0800 CST m=+3.517193194 0xc00008a840} true
2024/03/05 12:14:23 Order 5 finish Map
2024/03/05 12:14:24 Coordinator work
2024/03/05 12:14:24 Coordinator status 0
2024/03/05 12:14:24 Coordinator work
2024/03/05 12:14:24 Coordinator status 0
2024/03/05 12:14:25 IsDone &{0 2024-03-05 12:14:24.892103847 +0800 CST m=+4.643933525 0xc00008a960} true
2024/03/05 12:14:25 Order 7 finish Map
2024/03/05 12:14:25 IsDone &{0 2024-03-05 12:14:24.871777508 +0800 CST m=+4.623607177 0xc00008a8d0} true
2024/03/05 12:14:25 Order 6 finish Map
2024/03/05 12:14:26 Coordinator work
2024/03/05 12:14:26 Coordinator status 0
2024/03/05 12:14:26 Map: 8 done vs. 0 working, Reduce 0 done vs. 0 working
2024/03/05 12:14:26 forward: forward to Reuce Phase
2024/03/05 12:14:26 making reduce order : 8
2024/03/05 12:14:26 making reduce order : 9
2024/03/05 12:14:26 making reduce order : 10
2024/03/05 12:14:26 making reduce order : 11
2024/03/05 12:14:26 making reduce order : 12
2024/03/05 12:14:26 making reduce order : 13
2024/03/05 12:14:26 making reduce order : 14
2024/03/05 12:14:26 making reduce order : 15
2024/03/05 12:14:26 making reduce order : 16
2024/03/05 12:14:26 making reduce order : 17
2024/03/05 12:14:26 done with make reduce order
2024/03/05 12:14:26 Map: 8 done vs. 0 working, Reduce 0 done vs. 10 working
2024/03/05 12:14:26 Coordinator work
2024/03/05 12:14:26 Coordinator status 1
2024/03/05 12:14:26 Order 8 finish Reduce
2024/03/05 12:14:27 Coordinator work
2024/03/05 12:14:27 Coordinator status 1
2024/03/05 12:14:27 Order 9 finish Reduce
2024/03/05 12:14:28 Coordinator work
2024/03/05 12:14:28 Coordinator status 1
2024/03/05 12:14:28 Order 10 finish Reduce
2024/03/05 12:14:28 Coordinator work
2024/03/05 12:14:28 Coordinator status 1
2024/03/05 12:14:28 Order 11 finish Reduce
2024/03/05 12:14:29 Coordinator work
2024/03/05 12:14:29 Coordinator status 1
2024/03/05 12:14:29 Order 12 finish Reduce
2024/03/05 12:14:29 Coordinator work
2024/03/05 12:14:29 Coordinator status 1
2024/03/05 12:14:29 Order 13 finish Reduce
2024/03/05 12:14:30 Coordinator work
2024/03/05 12:14:30 Coordinator status 1
2024/03/05 12:14:30 Order 14 finish Reduce
2024/03/05 12:14:30 Coordinator work
2024/03/05 12:14:30 Coordinator status 1
2024/03/05 12:14:30 Order 15 finish Reduce
2024/03/05 12:14:31 Coordinator work
2024/03/05 12:14:31 Coordinator status 1
2024/03/05 12:14:31 Order 16 finish Reduce
2024/03/05 12:14:31 Coordinator work
2024/03/05 12:14:31 Coordinator status 1
2024/03/05 12:14:32 Order 17 finish Reduce
2024/03/05 12:14:32 Coordinator work
2024/03/05 12:14:32 Coordinator status 1
2024/03/05 12:14:32 Map: 8 done vs. 0 working, Reduce 10 done vs. 0 working
2024/03/05 12:14:32 forward: forward to done phase
2024/03/05 12:14:33 Coordinator work
2024/03/05 12:14:33 Coordinator status 2
