2024/03/04 22:15:28 making map order &{0 [../pg-being_ernest.txt] 0 10}
2024/03/04 22:15:28 making map order &{0 [../pg-dorian_gray.txt] 1 10}
2024/03/04 22:15:28 making map order &{0 [../pg-frankenstein.txt] 2 10}
2024/03/04 22:15:28 making map order &{0 [../pg-grimm.txt] 3 10}
2024/03/04 22:15:28 making map order &{0 [../pg-huckleberry_finn.txt] 4 10}
2024/03/04 22:15:28 making map order &{0 [../pg-metamorphosis.txt] 5 10}
2024/03/04 22:15:28 making map order &{0 [../pg-sherlock_holmes.txt] 6 10}
2024/03/04 22:15:28 making map order &{0 [../pg-tom_sawyer.txt] 7 10}
2024/03/04 22:15:28 done with make map order
2024/03/04 22:15:28 Map: 0 done vs. 8 working, Reduce 0 done vs. 0 working
2024/03/04 22:15:29 Coordinator work
2024/03/04 22:15:29 Coordinator status 0
2024/03/04 22:15:29 Coordinator work
2024/03/04 22:15:29 Coordinator status 0
2024/03/04 22:15:29 Coordinator work
2024/03/04 22:15:29 Coordinator status 0
2024/03/04 22:15:30 IsDone &{0 2024-03-04 22:15:29.700134735 +0800 CST m=+1.014912426 0xc0000902d0} true
2024/03/04 22:15:30 Order 0 finish Map
2024/03/04 22:15:31 IsDone &{0 2024-03-04 22:15:29.714584959 +0800 CST m=+1.029362649 0xc000090360} true
2024/03/04 22:15:31 Order 1 finish Map
2024/03/04 22:15:31 IsDone &{0 2024-03-04 22:15:29.716398273 +0800 CST m=+1.031175962 0xc0000903f0} true
2024/03/04 22:15:31 Order 2 finish Map
2024/03/04 22:15:31 Coordinator work
2024/03/04 22:15:31 Coordinator status 0
2024/03/04 22:15:32 Coordinator work
2024/03/04 22:15:32 Coordinator status 0
2024/03/04 22:15:32 Coordinator work
2024/03/04 22:15:32 Coordinator status 0
2024/03/04 22:15:32 IsDone &{0 2024-03-04 22:15:32.277492383 +0800 CST m=+3.592270074 0xc0000905a0} true
2024/03/04 22:15:32 Order 5 finish Map
2024/03/04 22:15:33 IsDone &{0 2024-03-04 22:15:31.437908517 +0800 CST m=+2.752686210 0xc000090480} true
2024/03/04 22:15:33 Order 3 finish Map
2024/03/04 22:15:33 Coordinator work
2024/03/04 22:15:33 Coordinator status 0
2024/03/04 22:15:34 IsDone &{0 2024-03-04 22:15:32.059602292 +0800 CST m=+3.374379977 0xc000090510} true
2024/03/04 22:15:34 Order 4 finish Map
2024/03/04 22:15:34 Coordinator work
2024/03/04 22:15:34 Coordinator status 0
2024/03/04 22:15:35 Coordinator work
2024/03/04 22:15:35 Coordinator status 0
2024/03/04 22:15:35 Map: 6 done vs. 2 working, Reduce 0 done vs. 0 working
2024/03/04 22:15:35 IsDone &{0 2024-03-04 22:15:34.281122392 +0800 CST m=+5.595900081 0xc0000906c0} true
2024/03/04 22:15:35 Order 7 finish Map
2024/03/04 22:15:35 IsDone &{0 2024-03-04 22:15:33.8417217 +0800 CST m=+5.156499392 0xc000090630} true
2024/03/04 22:15:35 Order 6 finish Map
2024/03/04 22:15:36 Coordinator work
2024/03/04 22:15:36 Coordinator status 0
2024/03/04 22:15:36 Map: 8 done vs. 0 working, Reduce 0 done vs. 0 working
2024/03/04 22:15:36 forward: forward to Reuce Phase
2024/03/04 22:15:36 making reduce order : 8
2024/03/04 22:15:36 making reduce order : 9
2024/03/04 22:15:36 making reduce order : 10
2024/03/04 22:15:36 making reduce order : 11
2024/03/04 22:15:36 making reduce order : 12
2024/03/04 22:15:36 making reduce order : 13
2024/03/04 22:15:36 making reduce order : 14
2024/03/04 22:15:36 making reduce order : 15
2024/03/04 22:15:36 making reduce order : 16
2024/03/04 22:15:36 making reduce order : 17
2024/03/04 22:15:36 done with make reduce order
2024/03/04 22:15:36 Map: 8 done vs. 0 working, Reduce 0 done vs. 10 working
2024/03/04 22:15:36 Coordinator work
2024/03/04 22:15:36 Coordinator status 1
2024/03/04 22:15:37 Coordinator work
2024/03/04 22:15:37 Coordinator status 1
2024/03/04 22:15:37 Order 8 finish Reduce
2024/03/04 22:15:37 Order 9 finish Reduce
2024/03/04 22:15:38 Coordinator work
2024/03/04 22:15:38 Coordinator status 1
2024/03/04 22:15:38 Coordinator work
2024/03/04 22:15:38 Coordinator status 1
2024/03/04 22:15:38 Coordinator work
2024/03/04 22:15:38 Coordinator status 1
2024/03/04 22:15:39 Order 11 finish Reduce
2024/03/04 22:15:39 Order 12 finish Reduce
2024/03/04 22:15:39 Order 10 finish Reduce
2024/03/04 22:15:40 Coordinator work
2024/03/04 22:15:40 Coordinator status 1
2024/03/04 22:15:40 Coordinator work
2024/03/04 22:15:40 Coordinator status 1
2024/03/04 22:15:40 Order 13 finish Reduce
2024/03/04 22:15:40 Coordinator work
2024/03/04 22:15:40 Coordinator status 1
2024/03/04 22:15:41 Order 15 finish Reduce
2024/03/04 22:15:41 Coordinator work
2024/03/04 22:15:41 Coordinator status 1
2024/03/04 22:15:42 Order 14 finish Reduce
2024/03/04 22:15:42 Coordinator work
2024/03/04 22:15:42 Coordinator status 1
2024/03/04 22:15:42 Order 16 finish Reduce
2024/03/04 22:15:43 Coordinator work
2024/03/04 22:15:43 Coordinator status 1
2024/03/04 22:15:43 Map: 8 done vs. 0 working, Reduce 9 done vs. 1 working
2024/03/04 22:15:43 Order 17 finish Reduce
2024/03/04 22:15:43 Coordinator work
2024/03/04 22:15:43 Coordinator status 1
2024/03/04 22:15:43 Map: 8 done vs. 0 working, Reduce 10 done vs. 0 working
2024/03/04 22:15:43 forward: forward to done phase
2024/03/04 22:15:44 Coordinator work
2024/03/04 22:15:44 Coordinator status 2
2024/03/04 22:15:45 Coordinator work
2024/03/04 22:15:45 Coordinator status 2
