2024/03/05 04:48:05 making map order &{0 [../pg-being_ernest.txt] 0 10}
2024/03/05 04:48:05 making map order &{0 [../pg-dorian_gray.txt] 1 10}
2024/03/05 04:48:05 making map order &{0 [../pg-frankenstein.txt] 2 10}
2024/03/05 04:48:05 making map order &{0 [../pg-grimm.txt] 3 10}
2024/03/05 04:48:05 making map order &{0 [../pg-huckleberry_finn.txt] 4 10}
2024/03/05 04:48:05 making map order &{0 [../pg-metamorphosis.txt] 5 10}
2024/03/05 04:48:05 making map order &{0 [../pg-sherlock_holmes.txt] 6 10}
2024/03/05 04:48:05 making map order &{0 [../pg-tom_sawyer.txt] 7 10}
2024/03/05 04:48:05 done with make map order
2024/03/05 04:48:05 Map: 0 done vs. 8 working, Reduce 0 done vs. 0 working
2024/03/05 04:48:06 Coordinator work
2024/03/05 04:48:06 Coordinator status 0
2024/03/05 04:48:06 Coordinator work
2024/03/05 04:48:06 Coordinator status 0
2024/03/05 04:48:06 Coordinator work
2024/03/05 04:48:06 Coordinator status 0
2024/03/05 04:48:06 Coordinator work
2024/03/05 04:48:06 Coordinator status 0
2024/03/05 04:48:06 IsDone &{0 2024-03-05 04:48:06.927960743 +0800 CST m=+1.036265470 0xc00009de60} true
2024/03/05 04:48:06 Order 1 finish Map
2024/03/05 04:48:07 Coordinator work
2024/03/05 04:48:07 Coordinator status 0
2024/03/05 04:48:07 Coordinator work
2024/03/05 04:48:07 Coordinator status 0
2024/03/05 04:48:08 Coordinator work
2024/03/05 04:48:08 Coordinator status 0
2024/03/05 04:48:09 Coordinator work
2024/03/05 04:48:09 Coordinator status 0
2024/03/05 04:48:09 IsDone &{0 2024-03-05 04:48:07.965947846 +0800 CST m=+2.074252569 0xc00011a030} true
2024/03/05 04:48:09 Order 4 finish Map
2024/03/05 04:48:10 Coordinator work
2024/03/05 04:48:10 Coordinator status 0
2024/03/05 04:48:10 Map: 2 done vs. 6 working, Reduce 0 done vs. 0 working
2024/03/05 04:48:10 Coordinator work
2024/03/05 04:48:10 Coordinator status 0
2024/03/05 04:48:10 Map: 2 done vs. 6 working, Reduce 0 done vs. 0 working
2024/03/05 04:48:12 Coordinator work
2024/03/05 04:48:12 Coordinator status 0
2024/03/05 04:48:12 Map: 2 done vs. 6 working, Reduce 0 done vs. 0 working
2024/03/05 04:48:12 Coordinator work
2024/03/05 04:48:12 Coordinator status 0
2024/03/05 04:48:12 Map: 2 done vs. 6 working, Reduce 0 done vs. 0 working
2024/03/05 04:48:14 IsDone &{0 2024-03-05 04:48:07.99340199 +0800 CST m=+2.101706704 0xc00011a0c0} true
2024/03/05 04:48:14 Order 5 finish Map
2024/03/05 04:48:14 Coordinator work
2024/03/05 04:48:14 Coordinator status 0
2024/03/05 04:48:14 Map: 3 done vs. 5 working, Reduce 0 done vs. 0 working
2024/03/05 04:48:14 Coordinator work
2024/03/05 04:48:14 Coordinator status 0
2024/03/05 04:48:14 Map: 3 done vs. 5 working, Reduce 0 done vs. 0 working
2024/03/05 04:48:15 Coordinator work
2024/03/05 04:48:15 Coordinator status 0
2024/03/05 04:48:15 Map: 3 done vs. 5 working, Reduce 0 done vs. 0 working
2024/03/05 04:48:16 Coordinator work
2024/03/05 04:48:16 Coordinator status 0
2024/03/05 04:48:16 Map: 3 done vs. 5 working, Reduce 0 done vs. 0 working
2024/03/05 04:48:16 Coordinator work
2024/03/05 04:48:16 Coordinator status 0
2024/03/05 04:48:16 Map: 3 done vs. 5 working, Reduce 0 done vs. 0 working
2024/03/05 04:48:17 Coordinator work
2024/03/05 04:48:17 Coordinator status 0
2024/03/05 04:48:17 Map: 3 done vs. 5 working, Reduce 0 done vs. 0 working
2024/03/05 04:48:17 Coordiantor restart Map order 0
2024/03/05 04:48:17 Coordiantor restart Map order 2
2024/03/05 04:48:17 Coordiantor restart Map order 3
2024/03/05 04:48:18 Coordinator work
2024/03/05 04:48:18 Coordinator status 0
2024/03/05 04:48:18 IsDone &{0 2024-03-05 04:48:18.084340373 +0800 CST m=+12.192645090 0xc00009ddd0} true
2024/03/05 04:48:18 Order 0 finish Map
2024/03/05 04:48:18 Coordinator work
2024/03/05 04:48:18 Coordinator status 0
2024/03/05 04:48:18 Coordiantor restart Map order 6
2024/03/05 04:48:19 Coordinator work
2024/03/05 04:48:19 Coordinator status 0
2024/03/05 04:48:19 Coordinator work
2024/03/05 04:48:19 Coordinator status 0
2024/03/05 04:48:19 IsDone &{0 2024-03-05 04:48:19.09333085 +0800 CST m=+13.201635567 0xc00011a150} true
2024/03/05 04:48:19 Order 6 finish Map
2024/03/05 04:48:19 Coordinator work
2024/03/05 04:48:19 Coordinator status 0
2024/03/05 04:48:19 Map: 5 done vs. 3 working, Reduce 0 done vs. 0 working
2024/03/05 04:48:19 Coordiantor restart Map order 7
2024/03/05 04:48:20 Coordinator work
2024/03/05 04:48:20 Coordinator status 0
2024/03/05 04:48:20 Coordinator work
2024/03/05 04:48:20 Coordinator status 0
2024/03/05 04:48:20 Map: 5 done vs. 3 working, Reduce 0 done vs. 0 working
2024/03/05 04:48:21 Coordinator work
2024/03/05 04:48:21 Coordinator status 0
2024/03/05 04:48:21 Map: 5 done vs. 3 working, Reduce 0 done vs. 0 working
2024/03/05 04:48:21 Coordinator work
2024/03/05 04:48:21 Coordinator status 0
2024/03/05 04:48:21 Map: 5 done vs. 3 working, Reduce 0 done vs. 0 working
2024/03/05 04:48:22 Coordinator work
2024/03/05 04:48:22 Coordinator status 0
2024/03/05 04:48:22 Map: 5 done vs. 3 working, Reduce 0 done vs. 0 working
2024/03/05 04:48:23 Coordinator work
2024/03/05 04:48:23 Coordinator status 0
2024/03/05 04:48:23 Map: 5 done vs. 3 working, Reduce 0 done vs. 0 working
2024/03/05 04:48:23 Coordinator work
2024/03/05 04:48:23 Coordinator status 0
2024/03/05 04:48:23 Map: 5 done vs. 3 working, Reduce 0 done vs. 0 working
2024/03/05 04:48:24 Coordinator work
2024/03/05 04:48:24 Coordinator status 0
2024/03/05 04:48:24 Map: 5 done vs. 3 working, Reduce 0 done vs. 0 working
2024/03/05 04:48:25 Coordinator work
2024/03/05 04:48:25 Coordinator status 0
2024/03/05 04:48:25 Map: 5 done vs. 3 working, Reduce 0 done vs. 0 working
2024/03/05 04:48:25 Coordinator work
2024/03/05 04:48:25 Coordinator status 0
2024/03/05 04:48:25 Map: 5 done vs. 3 working, Reduce 0 done vs. 0 working
2024/03/05 04:48:26 Coordinator work
2024/03/05 04:48:26 Coordinator status 0
2024/03/05 04:48:26 Map: 5 done vs. 3 working, Reduce 0 done vs. 0 working
2024/03/05 04:48:27 Coordinator work
2024/03/05 04:48:27 Coordinator status 0
2024/03/05 04:48:27 Map: 5 done vs. 3 working, Reduce 0 done vs. 0 working
2024/03/05 04:48:27 Coordinator work
2024/03/05 04:48:27 Coordinator status 0
2024/03/05 04:48:27 Map: 5 done vs. 3 working, Reduce 0 done vs. 0 working
2024/03/05 04:48:28 Coordinator work
2024/03/05 04:48:28 Coordinator status 0
2024/03/05 04:48:28 Map: 5 done vs. 3 working, Reduce 0 done vs. 0 working
2024/03/05 04:48:28 Coordiantor restart Map order 2
2024/03/05 04:48:29 Coordinator work
2024/03/05 04:48:29 Coordinator status 0
2024/03/05 04:48:29 IsDone &{0 2024-03-05 04:48:29.158546384 +0800 CST m=+23.266851126 0xc00009def0} true
2024/03/05 04:48:29 Order 2 finish Map
2024/03/05 04:48:29 Coordinator work
2024/03/05 04:48:29 Coordinator status 0
2024/03/05 04:48:29 Map: 6 done vs. 2 working, Reduce 0 done vs. 0 working
2024/03/05 04:48:29 Coordiantor restart Map order 3
2024/03/05 04:48:30 Coordinator work
2024/03/05 04:48:30 Coordinator status 0
2024/03/05 04:48:30 Coordinator work
2024/03/05 04:48:30 Coordinator status 0
2024/03/05 04:48:30 Map: 6 done vs. 2 working, Reduce 0 done vs. 0 working
2024/03/05 04:48:30 Coordiantor restart Map order 7
2024/03/05 04:48:31 Coordinator work
2024/03/05 04:48:31 Coordinator status 0
2024/03/05 04:48:31 IsDone &{0 2024-03-05 04:48:31.895506043 +0800 CST m=+26.003810767 0xc00011a1e0} true
2024/03/05 04:48:31 Order 7 finish Map
2024/03/05 04:48:32 Coordinator work
2024/03/05 04:48:32 Coordinator status 0
2024/03/05 04:48:32 Map: 7 done vs. 1 working, Reduce 0 done vs. 0 working
2024/03/05 04:48:32 Coordinator work
2024/03/05 04:48:32 Coordinator status 0
2024/03/05 04:48:32 Map: 7 done vs. 1 working, Reduce 0 done vs. 0 working
2024/03/05 04:48:34 Coordinator work
2024/03/05 04:48:34 Coordinator status 0
2024/03/05 04:48:34 Map: 7 done vs. 1 working, Reduce 0 done vs. 0 working
2024/03/05 04:48:34 Coordinator work
2024/03/05 04:48:34 Coordinator status 0
2024/03/05 04:48:34 Map: 7 done vs. 1 working, Reduce 0 done vs. 0 working
2024/03/05 04:48:36 Coordinator work
2024/03/05 04:48:36 Coordinator status 0
2024/03/05 04:48:36 Map: 7 done vs. 1 working, Reduce 0 done vs. 0 working
2024/03/05 04:48:36 Coordinator work
2024/03/05 04:48:36 Coordinator status 0
2024/03/05 04:48:36 Map: 7 done vs. 1 working, Reduce 0 done vs. 0 working
2024/03/05 04:48:38 Coordinator work
2024/03/05 04:48:38 Coordinator status 0
2024/03/05 04:48:38 Map: 7 done vs. 1 working, Reduce 0 done vs. 0 working
2024/03/05 04:48:38 Coordinator work
2024/03/05 04:48:38 Coordinator status 0
2024/03/05 04:48:38 Map: 7 done vs. 1 working, Reduce 0 done vs. 0 working
2024/03/05 04:48:39 IsDone &{0 2024-03-05 04:48:30.129298847 +0800 CST m=+24.237603572 0xc00009df80} true
2024/03/05 04:48:39 Order 3 finish Map
2024/03/05 04:48:40 Coordinator work
2024/03/05 04:48:40 Coordinator status 0
2024/03/05 04:48:40 Map: 8 done vs. 0 working, Reduce 0 done vs. 0 working
2024/03/05 04:48:40 forward: forward to Reuce Phase
2024/03/05 04:48:40 making reduce order : 8
2024/03/05 04:48:40 making reduce order : 9
2024/03/05 04:48:40 making reduce order : 10
2024/03/05 04:48:40 making reduce order : 11
2024/03/05 04:48:40 making reduce order : 12
2024/03/05 04:48:40 making reduce order : 13
2024/03/05 04:48:40 making reduce order : 14
2024/03/05 04:48:40 making reduce order : 15
2024/03/05 04:48:40 making reduce order : 16
2024/03/05 04:48:40 making reduce order : 17
2024/03/05 04:48:40 done with make reduce order
2024/03/05 04:48:40 Map: 8 done vs. 0 working, Reduce 0 done vs. 10 working
2024/03/05 04:48:40 Coordinator work
2024/03/05 04:48:40 Coordinator status 1
2024/03/05 04:48:40 Coordinator work
2024/03/05 04:48:40 Coordinator status 1
2024/03/05 04:48:40 Order 9 finish Reduce
2024/03/05 04:48:41 Coordinator work
2024/03/05 04:48:41 Coordinator status 1
2024/03/05 04:48:41 Coordinator work
2024/03/05 04:48:41 Coordinator status 1
2024/03/05 04:48:41 Order 11 finish Reduce
2024/03/05 04:48:42 Coordinator work
2024/03/05 04:48:42 Coordinator status 1
2024/03/05 04:48:42 Order 12 finish Reduce
2024/03/05 04:48:42 Coordinator work
2024/03/05 04:48:42 Coordinator status 1
2024/03/05 04:48:42 Order 13 finish Reduce
2024/03/05 04:48:42 Coordinator work
2024/03/05 04:48:42 Coordinator status 1
2024/03/05 04:48:42 Order 14 finish Reduce
2024/03/05 04:48:43 Coordinator work
2024/03/05 04:48:43 Coordinator status 1
2024/03/05 04:48:43 Order 15 finish Reduce
2024/03/05 04:48:43 Coordinator work
2024/03/05 04:48:43 Coordinator status 1
2024/03/05 04:48:43 Order 16 finish Reduce
2024/03/05 04:48:43 Coordinator work
2024/03/05 04:48:43 Coordinator status 1
2024/03/05 04:48:43 Order 17 finish Reduce
2024/03/05 04:48:44 Coordinator work
2024/03/05 04:48:44 Coordinator status 1
2024/03/05 04:48:44 Map: 8 done vs. 0 working, Reduce 8 done vs. 2 working
2024/03/05 04:48:44 Coordinator work
2024/03/05 04:48:44 Coordinator status 1
2024/03/05 04:48:44 Map: 8 done vs. 0 working, Reduce 8 done vs. 2 working
2024/03/05 04:48:44 Coordinator work
2024/03/05 04:48:44 Coordinator status 1
2024/03/05 04:48:44 Map: 8 done vs. 0 working, Reduce 8 done vs. 2 working
2024/03/05 04:48:46 Coordinator work
2024/03/05 04:48:46 Coordinator status 1
2024/03/05 04:48:46 Map: 8 done vs. 0 working, Reduce 8 done vs. 2 working
2024/03/05 04:48:46 Coordinator work
2024/03/05 04:48:46 Coordinator status 1
2024/03/05 04:48:46 Map: 8 done vs. 0 working, Reduce 8 done vs. 2 working
2024/03/05 04:48:46 Coordinator work
2024/03/05 04:48:46 Coordinator status 1
2024/03/05 04:48:46 Map: 8 done vs. 0 working, Reduce 8 done vs. 2 working
2024/03/05 04:48:48 Coordinator work
2024/03/05 04:48:48 Coordinator status 1
2024/03/05 04:48:48 Map: 8 done vs. 0 working, Reduce 8 done vs. 2 working
2024/03/05 04:48:48 Coordinator work
2024/03/05 04:48:48 Coordinator status 1
2024/03/05 04:48:48 Map: 8 done vs. 0 working, Reduce 8 done vs. 2 working
2024/03/05 04:48:48 Coordinator work
2024/03/05 04:48:48 Coordinator status 1
2024/03/05 04:48:48 Map: 8 done vs. 0 working, Reduce 8 done vs. 2 working
2024/03/05 04:48:50 Coordinator work
2024/03/05 04:48:50 Coordinator status 1
2024/03/05 04:48:50 Map: 8 done vs. 0 working, Reduce 8 done vs. 2 working
2024/03/05 04:48:50 Coordinator work
2024/03/05 04:48:50 Coordinator status 1
2024/03/05 04:48:50 Map: 8 done vs. 0 working, Reduce 8 done vs. 2 working
2024/03/05 04:48:50 Coordiantor restart Reduce order 8
2024/03/05 04:48:50 Coordinator work
2024/03/05 04:48:50 Coordinator status 1
2024/03/05 04:48:51 Coordiantor restart Reduce order 10
2024/03/05 04:48:52 Coordinator work
2024/03/05 04:48:52 Coordinator status 1
2024/03/05 04:48:52 Order 10 finish Reduce
2024/03/05 04:48:52 Order 8 finish Reduce
2024/03/05 04:48:52 Coordinator work
2024/03/05 04:48:52 Coordinator status 1
2024/03/05 04:48:52 Map: 8 done vs. 0 working, Reduce 10 done vs. 0 working
2024/03/05 04:48:52 forward: forward to done phase
2024/03/05 04:48:53 Coordinator work
2024/03/05 04:48:53 Coordinator status 2
2024/03/05 04:48:53 Coordinator work
2024/03/05 04:48:53 Coordinator status 2
