2024/03/05 01:04:44 making map order &{0 [../pg-being_ernest.txt] 0 10}
2024/03/05 01:04:44 making map order &{0 [../pg-dorian_gray.txt] 1 10}
2024/03/05 01:04:44 making map order &{0 [../pg-frankenstein.txt] 2 10}
2024/03/05 01:04:44 making map order &{0 [../pg-grimm.txt] 3 10}
2024/03/05 01:04:44 making map order &{0 [../pg-huckleberry_finn.txt] 4 10}
2024/03/05 01:04:44 making map order &{0 [../pg-metamorphosis.txt] 5 10}
2024/03/05 01:04:44 making map order &{0 [../pg-sherlock_holmes.txt] 6 10}
2024/03/05 01:04:44 making map order &{0 [../pg-tom_sawyer.txt] 7 10}
2024/03/05 01:04:44 done with make map order
2024/03/05 01:04:44 Map: 0 done vs. 8 working, Reduce 0 done vs. 0 working
2024/03/05 01:04:45 Coordinator work
2024/03/05 01:04:45 Coordinator status 0
2024/03/05 01:04:45 Coordinator work
2024/03/05 01:04:45 Coordinator status 0
2024/03/05 01:04:45 IsDone &{0 2024-03-05 01:04:45.23375474 +0800 CST m=+1.021272023 0xc00009def0} true
2024/03/05 01:04:45 Order 0 finish Map
2024/03/05 01:04:45 IsDone &{0 2024-03-05 01:04:45.23627312 +0800 CST m=+1.023790412 0xc00009df80} true
2024/03/05 01:04:45 Order 1 finish Map
2024/03/05 01:04:46 Coordinator work
2024/03/05 01:04:46 Coordinator status 0
2024/03/05 01:04:46 Coordinator work
2024/03/05 01:04:46 Coordinator status 0
2024/03/05 01:04:46 IsDone &{0 2024-03-05 01:04:46.243397154 +0800 CST m=+2.030914445 0xc00011a030} true
2024/03/05 01:04:46 Order 2 finish Map
2024/03/05 01:04:46 IsDone &{0 2024-03-05 01:04:46.257242221 +0800 CST m=+2.044759514 0xc00011a0c0} true
2024/03/05 01:04:46 Order 3 finish Map
2024/03/05 01:04:47 Coordinator work
2024/03/05 01:04:47 Coordinator status 0
2024/03/05 01:04:47 Coordinator work
2024/03/05 01:04:47 Coordinator status 0
2024/03/05 01:04:47 IsDone &{0 2024-03-05 01:04:47.275390628 +0800 CST m=+3.062907910 0xc00011a1e0} true
2024/03/05 01:04:47 Order 5 finish Map
2024/03/05 01:04:47 IsDone &{0 2024-03-05 01:04:47.262560373 +0800 CST m=+3.050077659 0xc00011a150} true
2024/03/05 01:04:47 Order 4 finish Map
2024/03/05 01:04:48 Coordinator work
2024/03/05 01:04:48 Coordinator work
2024/03/05 01:04:48 Coordinator status 0
2024/03/05 01:04:48 Coordinator status 0
2024/03/05 01:04:48 IsDone &{0 2024-03-05 01:04:48.292665784 +0800 CST m=+4.080183109 0xc00011a270} true
2024/03/05 01:04:48 Order 6 finish Map
2024/03/05 01:04:48 IsDone &{0 2024-03-05 01:04:48.292980083 +0800 CST m=+4.080497377 0xc00011a300} true
2024/03/05 01:04:48 Order 7 finish Map
2024/03/05 01:04:49 Coordinator work
2024/03/05 01:04:49 Coordinator status 0
2024/03/05 01:04:49 Map: 8 done vs. 0 working, Reduce 0 done vs. 0 working
2024/03/05 01:04:49 forward: forward to Reuce Phase
2024/03/05 01:04:49 making reduce order : 8
2024/03/05 01:04:49 making reduce order : 9
2024/03/05 01:04:49 Coordinator work
2024/03/05 01:04:49 making reduce order : 10
2024/03/05 01:04:49 making reduce order : 11
2024/03/05 01:04:49 making reduce order : 12
2024/03/05 01:04:49 making reduce order : 13
2024/03/05 01:04:49 making reduce order : 14
2024/03/05 01:04:49 making reduce order : 15
2024/03/05 01:04:49 making reduce order : 16
2024/03/05 01:04:49 making reduce order : 17
2024/03/05 01:04:49 done with make reduce order
2024/03/05 01:04:49 Map: 8 done vs. 0 working, Reduce 0 done vs. 10 working
2024/03/05 01:04:49 Coordinator status 1
2024/03/05 01:04:50 Order 8 finish Reduce
2024/03/05 01:04:51 Coordinator work
2024/03/05 01:04:51 Coordinator status 1
2024/03/05 01:04:51 Coordinator work
2024/03/05 01:04:51 Coordinator status 1
2024/03/05 01:04:52 Order 9 finish Reduce
2024/03/05 01:04:52 Order 10 finish Reduce
2024/03/05 01:04:53 Coordinator work
2024/03/05 01:04:53 Coordinator status 1
2024/03/05 01:04:53 Coordinator work
2024/03/05 01:04:53 Coordinator status 1
2024/03/05 01:04:55 Order 11 finish Reduce
2024/03/05 01:04:55 Order 12 finish Reduce
2024/03/05 01:04:56 Coordinator work
2024/03/05 01:04:56 Coordinator status 1
2024/03/05 01:04:56 Coordinator work
2024/03/05 01:04:56 Coordinator status 1
2024/03/05 01:04:57 Order 13 finish Reduce
2024/03/05 01:04:57 Order 14 finish Reduce
2024/03/05 01:04:58 Coordinator work
2024/03/05 01:04:58 Coordinator status 1
2024/03/05 01:04:58 Order 15 finish Reduce
2024/03/05 01:04:58 Coordinator work
2024/03/05 01:04:58 Coordinator status 1
2024/03/05 01:04:58 Order 16 finish Reduce
2024/03/05 01:04:59 Coordinator work
2024/03/05 01:04:59 Coordinator status 1
2024/03/05 01:04:59 Coordinator work
2024/03/05 01:04:59 Coordinator status 1
2024/03/05 01:04:59 Map: 8 done vs. 0 working, Reduce 9 done vs. 1 working
2024/03/05 01:05:00 Order 17 finish Reduce
2024/03/05 01:05:01 Coordinator work
2024/03/05 01:05:01 Coordinator status 1
2024/03/05 01:05:01 Map: 8 done vs. 0 working, Reduce 10 done vs. 0 working
2024/03/05 01:05:01 forward: forward to done phase
2024/03/05 01:05:01 Coordinator work
2024/03/05 01:05:01 Coordinator status 2
