2024/03/05 11:11:10 making map order &{0 [../pg-being_ernest.txt] 0 10}
2024/03/05 11:11:10 making map order &{0 [../pg-dorian_gray.txt] 1 10}
2024/03/05 11:11:10 making map order &{0 [../pg-frankenstein.txt] 2 10}
2024/03/05 11:11:10 making map order &{0 [../pg-grimm.txt] 3 10}
2024/03/05 11:11:10 making map order &{0 [../pg-huckleberry_finn.txt] 4 10}
2024/03/05 11:11:10 making map order &{0 [../pg-metamorphosis.txt] 5 10}
2024/03/05 11:11:10 making map order &{0 [../pg-sherlock_holmes.txt] 6 10}
2024/03/05 11:11:10 making map order &{0 [../pg-tom_sawyer.txt] 7 10}
2024/03/05 11:11:10 done with make map order
2024/03/05 11:11:10 Map: 0 done vs. 8 working, Reduce 0 done vs. 0 working
2024/03/05 11:11:11 Coordinator work
2024/03/05 11:11:11 Coordinator status 0
2024/03/05 11:11:11 Coordinator work
2024/03/05 11:11:11 Coordinator status 0
2024/03/05 11:11:12 IsDone &{0 2024-03-05 11:11:11.491428567 +0800 CST m=+1.017259087 0xc00008a480} true
2024/03/05 11:11:12 Order 0 finish Map
2024/03/05 11:11:12 IsDone &{0 2024-03-05 11:11:11.493131876 +0800 CST m=+1.018962393 0xc00008a510} true
2024/03/05 11:11:12 Order 1 finish Map
2024/03/05 11:11:13 Coordinator work
2024/03/05 11:11:13 Coordinator status 0
2024/03/05 11:11:13 Coordinator work
2024/03/05 11:11:13 Coordinator status 0
2024/03/05 11:11:14 IsDone &{0 2024-03-05 11:11:13.500944699 +0800 CST m=+3.026775214 0xc00008a5a0} true
2024/03/05 11:11:14 Order 2 finish Map
2024/03/05 11:11:14 IsDone &{0 2024-03-05 11:11:13.512772582 +0800 CST m=+3.038603097 0xc00008a630} true
2024/03/05 11:11:14 Order 3 finish Map
2024/03/05 11:11:15 Coordinator work
2024/03/05 11:11:15 Coordinator status 0
2024/03/05 11:11:15 Coordinator work
2024/03/05 11:11:15 Coordinator status 0
2024/03/05 11:11:16 IsDone &{0 2024-03-05 11:11:15.530119846 +0800 CST m=+5.055950360 0xc00008a750} true
2024/03/05 11:11:16 Order 5 finish Map
2024/03/05 11:11:16 IsDone &{0 2024-03-05 11:11:15.525885276 +0800 CST m=+5.051715794 0xc00008a6c0} true
2024/03/05 11:11:16 Order 4 finish Map
2024/03/05 11:11:17 Coordinator work
2024/03/05 11:11:17 Coordinator status 0
2024/03/05 11:11:17 Coordinator work
2024/03/05 11:11:17 Coordinator status 0
2024/03/05 11:11:18 IsDone &{0 2024-03-05 11:11:17.544781559 +0800 CST m=+7.070612078 0xc00008a7e0} true
2024/03/05 11:11:18 Order 6 finish Map
2024/03/05 11:11:18 IsDone &{0 2024-03-05 11:11:17.551722376 +0800 CST m=+7.077552901 0xc00008a870} true
2024/03/05 11:11:18 Order 7 finish Map
2024/03/05 11:11:19 Coordinator work
2024/03/05 11:11:19 Coordinator status 0
2024/03/05 11:11:19 Map: 8 done vs. 0 working, Reduce 0 done vs. 0 working
2024/03/05 11:11:19 forward: forward to Reuce Phase
2024/03/05 11:11:19 making reduce order : 8
2024/03/05 11:11:19 making reduce order : 9
2024/03/05 11:11:19 making reduce order : 10
2024/03/05 11:11:19 making reduce order : 11
2024/03/05 11:11:19 making reduce order : 12
2024/03/05 11:11:19 making reduce order : 13
2024/03/05 11:11:19 making reduce order : 14
2024/03/05 11:11:19 making reduce order : 15
2024/03/05 11:11:19 making reduce order : 16
2024/03/05 11:11:19 Coordinator work
2024/03/05 11:11:19 making reduce order : 17
2024/03/05 11:11:19 done with make reduce order
2024/03/05 11:11:19 Map: 8 done vs. 0 working, Reduce 0 done vs. 10 working
2024/03/05 11:11:19 Coordinator status 1
2024/03/05 11:11:19 Order 8 finish Reduce
2024/03/05 11:11:20 Coordinator work
2024/03/05 11:11:20 Coordinator status 1
2024/03/05 11:11:20 Order 9 finish Reduce
2024/03/05 11:11:21 Coordinator work
2024/03/05 11:11:21 Coordinator status 1
2024/03/05 11:11:21 Order 10 finish Reduce
2024/03/05 11:11:21 Coordinator work
2024/03/05 11:11:21 Coordinator status 1
2024/03/05 11:11:21 Order 11 finish Reduce
2024/03/05 11:11:22 Coordinator work
2024/03/05 11:11:22 Coordinator status 1
2024/03/05 11:11:22 Order 12 finish Reduce
2024/03/05 11:11:22 Coordinator work
2024/03/05 11:11:22 Coordinator status 1
2024/03/05 11:11:22 Order 13 finish Reduce
2024/03/05 11:11:23 Coordinator work
2024/03/05 11:11:23 Coordinator status 1
2024/03/05 11:11:23 Order 14 finish Reduce
2024/03/05 11:11:23 Coordinator work
2024/03/05 11:11:23 Coordinator status 1
2024/03/05 11:11:23 Order 15 finish Reduce
2024/03/05 11:11:24 Coordinator work
2024/03/05 11:11:24 Coordinator status 1
2024/03/05 11:11:24 Order 16 finish Reduce
2024/03/05 11:11:24 Coordinator work
2024/03/05 11:11:24 Coordinator status 1
2024/03/05 11:11:24 Order 17 finish Reduce
2024/03/05 11:11:25 Coordinator work
2024/03/05 11:11:25 Coordinator status 1
2024/03/05 11:11:25 Map: 8 done vs. 0 working, Reduce 10 done vs. 0 working
2024/03/05 11:11:25 forward: forward to done phase
2024/03/05 11:11:25 Coordinator work
2024/03/05 11:11:25 Coordinator status 2
