2024/03/04 23:50:57 making map order &{0 [../pg-being_ernest.txt] 0 10}
2024/03/04 23:50:57 making map order &{0 [../pg-dorian_gray.txt] 1 10}
2024/03/04 23:50:57 making map order &{0 [../pg-frankenstein.txt] 2 10}
2024/03/04 23:50:57 making map order &{0 [../pg-grimm.txt] 3 10}
2024/03/04 23:50:57 making map order &{0 [../pg-huckleberry_finn.txt] 4 10}
2024/03/04 23:50:57 making map order &{0 [../pg-metamorphosis.txt] 5 10}
2024/03/04 23:50:57 making map order &{0 [../pg-sherlock_holmes.txt] 6 10}
2024/03/04 23:50:57 making map order &{0 [../pg-tom_sawyer.txt] 7 10}
2024/03/04 23:50:57 done with make map order
2024/03/04 23:50:57 Map: 0 done vs. 8 working, Reduce 0 done vs. 0 working
2024/03/04 23:50:59 Coordinator work
2024/03/04 23:50:59 Coordinator status 0
2024/03/04 23:50:59 Coordinator work
2024/03/04 23:50:59 Coordinator status 0
2024/03/04 23:50:59 IsDone &{0 2024-03-04 23:50:59.004022348 +0800 CST m=+1.014440513 0xc0000742a0} true
2024/03/04 23:50:59 Order 0 finish Map
2024/03/04 23:50:59 IsDone &{0 2024-03-04 23:50:59.004358108 +0800 CST m=+1.014776267 0xc000074330} true
2024/03/04 23:50:59 Order 1 finish Map
2024/03/04 23:51:00 Coordinator work
2024/03/04 23:51:00 Coordinator status 0
2024/03/04 23:51:00 Coordinator work
2024/03/04 23:51:00 Coordinator status 0
2024/03/04 23:51:00 IsDone &{0 2024-03-04 23:51:00.095394196 +0800 CST m=+2.105812354 0xc0000743c0} true
2024/03/04 23:51:00 Order 2 finish Map
2024/03/04 23:51:00 IsDone &{0 2024-03-04 23:51:00.239628216 +0800 CST m=+2.250046382 0xc000074450} true
2024/03/04 23:51:00 Order 3 finish Map
2024/03/04 23:51:01 Coordinator work
2024/03/04 23:51:01 Coordinator status 0
2024/03/04 23:51:01 Coordinator work
2024/03/04 23:51:01 Coordinator status 0
2024/03/04 23:51:01 IsDone &{0 2024-03-04 23:51:01.279841082 +0800 CST m=+3.290259243 0xc0000744e0} true
2024/03/04 23:51:01 Order 4 finish Map
2024/03/04 23:51:01 IsDone &{0 2024-03-04 23:51:01.452684488 +0800 CST m=+3.463102657 0xc000074570} true
2024/03/04 23:51:01 Order 5 finish Map
2024/03/04 23:51:02 Coordinator work
2024/03/04 23:51:02 Coordinator status 0
2024/03/04 23:51:02 Coordinator work
2024/03/04 23:51:02 Coordinator status 0
2024/03/04 23:51:02 IsDone &{0 2024-03-04 23:51:02.575203088 +0800 CST m=+4.585621253 0xc000074600} true
2024/03/04 23:51:02 Order 6 finish Map
2024/03/04 23:51:02 IsDone &{0 2024-03-04 23:51:02.608684419 +0800 CST m=+4.619102583 0xc000074690} true
2024/03/04 23:51:02 Order 7 finish Map
2024/03/04 23:51:03 Coordinator work
2024/03/04 23:51:03 Coordinator status 0
2024/03/04 23:51:03 Map: 8 done vs. 0 working, Reduce 0 done vs. 0 working
2024/03/04 23:51:03 forward: forward to Reuce Phase
2024/03/04 23:51:03 making reduce order : 8
2024/03/04 23:51:03 making reduce order : 9
2024/03/04 23:51:03 making reduce order : 10
2024/03/04 23:51:03 making reduce order : 11
2024/03/04 23:51:03 making reduce order : 12
2024/03/04 23:51:03 making reduce order : 13
2024/03/04 23:51:03 making reduce order : 14
2024/03/04 23:51:03 making reduce order : 15
2024/03/04 23:51:03 making reduce order : 16
2024/03/04 23:51:03 making reduce order : 17
2024/03/04 23:51:03 done with make reduce order
2024/03/04 23:51:03 Map: 8 done vs. 0 working, Reduce 0 done vs. 10 working
2024/03/04 23:51:03 Coordinator work
2024/03/04 23:51:03 Coordinator status 1
2024/03/04 23:51:03 Order 8 finish Reduce
2024/03/04 23:51:04 Coordinator work
2024/03/04 23:51:04 Coordinator status 1
2024/03/04 23:51:05 Order 9 finish Reduce
2024/03/04 23:51:05 Coordinator work
2024/03/04 23:51:05 Coordinator status 1
2024/03/04 23:51:05 Order 10 finish Reduce
2024/03/04 23:51:06 Coordinator work
2024/03/04 23:51:06 Coordinator status 1
2024/03/04 23:51:06 Order 11 finish Reduce
2024/03/04 23:51:06 Coordinator work
2024/03/04 23:51:06 Coordinator status 1
2024/03/04 23:51:07 Order 12 finish Reduce
2024/03/04 23:51:07 Coordinator work
2024/03/04 23:51:07 Coordinator status 1
2024/03/04 23:51:07 Order 13 finish Reduce
2024/03/04 23:51:08 Coordinator work
2024/03/04 23:51:08 Coordinator status 1
2024/03/04 23:51:08 Order 14 finish Reduce
2024/03/04 23:51:08 Coordinator work
2024/03/04 23:51:08 Coordinator status 1
2024/03/04 23:51:08 Order 15 finish Reduce
2024/03/04 23:51:09 Coordinator work
2024/03/04 23:51:09 Coordinator status 1
2024/03/04 23:51:09 Order 16 finish Reduce
2024/03/04 23:51:09 Coordinator work
2024/03/04 23:51:09 Coordinator status 1
2024/03/04 23:51:09 Order 17 finish Reduce
2024/03/04 23:51:10 Coordinator work
2024/03/04 23:51:10 Coordinator status 1
2024/03/04 23:51:10 Map: 8 done vs. 0 working, Reduce 10 done vs. 0 working
2024/03/04 23:51:10 forward: forward to done phase
2024/03/04 23:51:10 Coordinator work
2024/03/04 23:51:10 Coordinator status 2
