2024/03/05 00:31:31 making map order &{0 [../pg-being_ernest.txt] 0 10}
2024/03/05 00:31:31 making map order &{0 [../pg-dorian_gray.txt] 1 10}
2024/03/05 00:31:31 making map order &{0 [../pg-frankenstein.txt] 2 10}
2024/03/05 00:31:31 making map order &{0 [../pg-grimm.txt] 3 10}
2024/03/05 00:31:31 making map order &{0 [../pg-huckleberry_finn.txt] 4 10}
2024/03/05 00:31:31 making map order &{0 [../pg-metamorphosis.txt] 5 10}
2024/03/05 00:31:31 making map order &{0 [../pg-sherlock_holmes.txt] 6 10}
2024/03/05 00:31:31 making map order &{0 [../pg-tom_sawyer.txt] 7 10}
2024/03/05 00:31:31 done with make map order
2024/03/05 00:31:31 Map: 0 done vs. 8 working, Reduce 0 done vs. 0 working
2024/03/05 00:31:32 Coordinator work
2024/03/05 00:31:32 Coordinator status 0
2024/03/05 00:31:32 Coordinator work
2024/03/05 00:31:32 Coordinator status 0
2024/03/05 00:31:36 IsDone &{0 2024-03-05 00:31:32.674005239 +0800 CST m=+1.023031232 0xc000072270} true
2024/03/05 00:31:36 Order 0 finish Map
2024/03/05 00:31:36 IsDone &{0 2024-03-05 00:31:32.675451906 +0800 CST m=+1.024477906 0xc000072300} true
2024/03/05 00:31:36 Order 1 finish Map
2024/03/05 00:31:37 Coordinator work
2024/03/05 00:31:37 Coordinator status 0
2024/03/05 00:31:37 Coordinator work
2024/03/05 00:31:37 Coordinator status 0
2024/03/05 00:31:41 IsDone &{0 2024-03-05 00:31:37.773645742 +0800 CST m=+6.122671740 0xc000072420} true
2024/03/05 00:31:41 Order 3 finish Map
2024/03/05 00:31:41 IsDone &{0 2024-03-05 00:31:37.766933862 +0800 CST m=+6.115959862 0xc000072390} true
2024/03/05 00:31:41 Order 2 finish Map
2024/03/05 00:31:42 Coordinator work
2024/03/05 00:31:42 Coordinator status 0
2024/03/05 00:31:42 Coordinator work
2024/03/05 00:31:42 Coordinator status 0
2024/03/05 00:31:46 IsDone &{0 2024-03-05 00:31:42.678879311 +0800 CST m=+11.027905309 0xc000072540} true
2024/03/05 00:31:46 Order 5 finish Map
2024/03/05 00:31:46 IsDone &{0 2024-03-05 00:31:42.677871692 +0800 CST m=+11.026897688 0xc0000724b0} true
2024/03/05 00:31:46 Order 4 finish Map
2024/03/05 00:31:47 Coordinator work
2024/03/05 00:31:47 Coordinator status 0
2024/03/05 00:31:47 Coordinator work
2024/03/05 00:31:47 Coordinator status 0
2024/03/05 00:31:49 IsDone &{0 2024-03-05 00:31:47.535479945 +0800 CST m=+15.884505940 0xc0000725d0} true
2024/03/05 00:31:49 Order 6 finish Map
2024/03/05 00:31:49 IsDone &{0 2024-03-05 00:31:47.550598955 +0800 CST m=+15.899624954 0xc000072660} true
2024/03/05 00:31:49 Order 7 finish Map
2024/03/05 00:31:50 Coordinator work
2024/03/05 00:31:50 Coordinator status 0
2024/03/05 00:31:50 Map: 8 done vs. 0 working, Reduce 0 done vs. 0 working
2024/03/05 00:31:50 forward: forward to Reuce Phase
2024/03/05 00:31:50 making reduce order : 8
2024/03/05 00:31:50 making reduce order : 9
2024/03/05 00:31:50 making reduce order : 10
2024/03/05 00:31:50 making reduce order : 11
2024/03/05 00:31:50 making reduce order : 12
2024/03/05 00:31:50 making reduce order : 13
2024/03/05 00:31:50 making reduce order : 14
2024/03/05 00:31:50 making reduce order : 15
2024/03/05 00:31:50 making reduce order : 16
2024/03/05 00:31:50 Coordinator work
2024/03/05 00:31:50 making reduce order : 17
2024/03/05 00:31:50 done with make reduce order
2024/03/05 00:31:50 Map: 8 done vs. 0 working, Reduce 0 done vs. 10 working
2024/03/05 00:31:50 Coordinator status 1
2024/03/05 00:31:50 Order 8 finish Reduce
2024/03/05 00:31:51 Coordinator work
2024/03/05 00:31:51 Coordinator status 1
2024/03/05 00:31:51 Order 9 finish Reduce
2024/03/05 00:31:52 Coordinator work
2024/03/05 00:31:52 Coordinator status 1
2024/03/05 00:31:52 Order 10 finish Reduce
2024/03/05 00:31:52 Coordinator work
2024/03/05 00:31:52 Coordinator status 1
2024/03/05 00:31:52 Order 11 finish Reduce
2024/03/05 00:31:53 Coordinator work
2024/03/05 00:31:53 Coordinator status 1
2024/03/05 00:31:53 Order 12 finish Reduce
2024/03/05 00:31:53 Coordinator work
2024/03/05 00:31:53 Coordinator status 1
2024/03/05 00:31:53 Order 13 finish Reduce
2024/03/05 00:31:54 Coordinator work
2024/03/05 00:31:54 Coordinator status 1
2024/03/05 00:31:54 Order 14 finish Reduce
2024/03/05 00:31:54 Coordinator work
2024/03/05 00:31:54 Coordinator status 1
2024/03/05 00:31:54 Order 15 finish Reduce
2024/03/05 00:31:55 Coordinator work
2024/03/05 00:31:55 Coordinator status 1
2024/03/05 00:31:55 Order 16 finish Reduce
2024/03/05 00:31:55 Coordinator work
2024/03/05 00:31:55 Coordinator status 1
2024/03/05 00:31:55 Order 17 finish Reduce
2024/03/05 00:31:56 Coordinator work
2024/03/05 00:31:56 Coordinator status 1
2024/03/05 00:31:56 Map: 8 done vs. 0 working, Reduce 10 done vs. 0 working
2024/03/05 00:31:56 forward: forward to done phase
2024/03/05 00:31:56 Coordinator work
2024/03/05 00:31:56 Coordinator status 2
