2024/03/05 12:35:27 making map order &{0 [../pg-being_ernest.txt] 0 10}
2024/03/05 12:35:27 making map order &{0 [../pg-dorian_gray.txt] 1 10}
2024/03/05 12:35:27 making map order &{0 [../pg-frankenstein.txt] 2 10}
2024/03/05 12:35:27 making map order &{0 [../pg-grimm.txt] 3 10}
2024/03/05 12:35:27 making map order &{0 [../pg-huckleberry_finn.txt] 4 10}
2024/03/05 12:35:27 making map order &{0 [../pg-metamorphosis.txt] 5 10}
2024/03/05 12:35:27 making map order &{0 [../pg-sherlock_holmes.txt] 6 10}
2024/03/05 12:35:27 making map order &{0 [../pg-tom_sawyer.txt] 7 10}
2024/03/05 12:35:27 done with make map order
2024/03/05 12:35:27 Map: 0 done vs. 8 working, Reduce 0 done vs. 0 working
2024/03/05 12:35:28 Coordinator work
2024/03/05 12:35:28 Coordinator status 0
2024/03/05 12:35:28 Coordinator work
2024/03/05 12:35:28 Coordinator status 0
2024/03/05 12:35:28 IsDone &{0 2024-03-05 12:35:28.963300535 +0800 CST m=+1.048110201 0xc000072300} true
2024/03/05 12:35:28 Order 0 finish Map
2024/03/05 12:35:28 IsDone &{0 2024-03-05 12:35:28.965764027 +0800 CST m=+1.050573703 0xc000072390} true
2024/03/05 12:35:28 Order 1 finish Map
2024/03/05 12:35:29 Coordinator work
2024/03/05 12:35:29 Coordinator status 0
2024/03/05 12:35:29 Coordinator work
2024/03/05 12:35:29 Coordinator status 0
2024/03/05 12:35:30 IsDone &{0 2024-03-05 12:35:29.976647579 +0800 CST m=+2.061457257 0xc000072420} true
2024/03/05 12:35:30 Order 2 finish Map
2024/03/05 12:35:30 IsDone &{0 2024-03-05 12:35:29.988143624 +0800 CST m=+2.072953303 0xc0000724b0} true
2024/03/05 12:35:30 Order 3 finish Map
2024/03/05 12:35:31 Coordinator work
2024/03/05 12:35:31 Coordinator status 0
2024/03/05 12:35:31 Coordinator work
2024/03/05 12:35:31 Coordinator status 0
2024/03/05 12:35:31 IsDone &{0 2024-03-05 12:35:31.011338733 +0800 CST m=+3.096148411 0xc0000725d0} true
2024/03/05 12:35:31 Order 5 finish Map
2024/03/05 12:35:31 IsDone &{0 2024-03-05 12:35:31.008276187 +0800 CST m=+3.093085855 0xc000072540} true
2024/03/05 12:35:31 Order 4 finish Map
2024/03/05 12:35:32 Coordinator work
2024/03/05 12:35:32 Coordinator status 0
2024/03/05 12:35:32 Coordinator work
2024/03/05 12:35:32 Coordinator status 0
2024/03/05 12:35:32 IsDone &{0 2024-03-05 12:35:32.023338497 +0800 CST m=+4.108148171 0xc000072660} true
2024/03/05 12:35:32 Order 6 finish Map
2024/03/05 12:35:32 IsDone &{0 2024-03-05 12:35:32.036124329 +0800 CST m=+4.120933996 0xc0000726f0} true
2024/03/05 12:35:32 Order 7 finish Map
2024/03/05 12:35:33 Coordinator work
2024/03/05 12:35:33 Coordinator status 0
2024/03/05 12:35:33 Map: 8 done vs. 0 working, Reduce 0 done vs. 0 working
2024/03/05 12:35:33 forward: forward to Reuce Phase
2024/03/05 12:35:33 making reduce order : 8
2024/03/05 12:35:33 making reduce order : 9
2024/03/05 12:35:33 making reduce order : 10
2024/03/05 12:35:33 making reduce order : 11
2024/03/05 12:35:33 making reduce order : 12
2024/03/05 12:35:33 making reduce order : 13
2024/03/05 12:35:33 making reduce order : 14
2024/03/05 12:35:33 making reduce order : 15
2024/03/05 12:35:33 making reduce order : 16
2024/03/05 12:35:33 making reduce order : 17
2024/03/05 12:35:33 done with make reduce order
2024/03/05 12:35:33 Map: 8 done vs. 0 working, Reduce 0 done vs. 10 working
2024/03/05 12:35:33 Coordinator work
2024/03/05 12:35:33 Coordinator status 1
2024/03/05 12:35:34 Order 8 finish Reduce
2024/03/05 12:35:35 Coordinator work
2024/03/05 12:35:35 Coordinator status 1
2024/03/05 12:35:35 Coordinator work
2024/03/05 12:35:35 Coordinator status 1
2024/03/05 12:35:36 Order 9 finish Reduce
2024/03/05 12:35:36 Order 10 finish Reduce
2024/03/05 12:35:37 Coordinator work
2024/03/05 12:35:37 Coordinator status 1
2024/03/05 12:35:37 Coordinator work
2024/03/05 12:35:37 Coordinator status 1
2024/03/05 12:35:39 Order 11 finish Reduce
2024/03/05 12:35:39 Order 12 finish Reduce
2024/03/05 12:35:40 Coordinator work
2024/03/05 12:35:40 Coordinator status 1
2024/03/05 12:35:40 Coordinator work
2024/03/05 12:35:40 Coordinator status 1
2024/03/05 12:35:41 Order 13 finish Reduce
2024/03/05 12:35:41 Order 14 finish Reduce
2024/03/05 12:35:42 Coordinator work
2024/03/05 12:35:42 Coordinator status 1
2024/03/05 12:35:42 Order 15 finish Reduce
2024/03/05 12:35:42 Coordinator work
2024/03/05 12:35:42 Coordinator status 1
2024/03/05 12:35:42 Order 16 finish Reduce
2024/03/05 12:35:43 Coordinator work
2024/03/05 12:35:43 Coordinator status 1
2024/03/05 12:35:43 Coordinator work
2024/03/05 12:35:43 Coordinator status 1
2024/03/05 12:35:43 Map: 8 done vs. 0 working, Reduce 9 done vs. 1 working
2024/03/05 12:35:44 Order 17 finish Reduce
2024/03/05 12:35:45 Coordinator work
2024/03/05 12:35:45 Coordinator status 1
2024/03/05 12:35:45 Map: 8 done vs. 0 working, Reduce 10 done vs. 0 working
2024/03/05 12:35:45 forward: forward to done phase
2024/03/05 12:35:45 Coordinator work
2024/03/05 12:35:45 Coordinator status 2
