2024/03/05 08:09:27 making map order &{0 [../pg-being_ernest.txt] 0 10}
2024/03/05 08:09:27 making map order &{0 [../pg-dorian_gray.txt] 1 10}
2024/03/05 08:09:27 making map order &{0 [../pg-frankenstein.txt] 2 10}
2024/03/05 08:09:27 making map order &{0 [../pg-grimm.txt] 3 10}
2024/03/05 08:09:27 making map order &{0 [../pg-huckleberry_finn.txt] 4 10}
2024/03/05 08:09:27 making map order &{0 [../pg-metamorphosis.txt] 5 10}
2024/03/05 08:09:27 making map order &{0 [../pg-sherlock_holmes.txt] 6 10}
2024/03/05 08:09:27 making map order &{0 [../pg-tom_sawyer.txt] 7 10}
2024/03/05 08:09:27 done with make map order
2024/03/05 08:09:27 Map: 0 done vs. 8 working, Reduce 0 done vs. 0 working
2024/03/05 08:09:28 Coordinator work
2024/03/05 08:09:28 Coordinator status 0
2024/03/05 08:09:28 Coordinator work
2024/03/05 08:09:28 Coordinator status 0
2024/03/05 08:09:28 IsDone &{0 2024-03-05 08:09:28.12501843 +0800 CST m=+1.021181813 0xc00009fe60} true
2024/03/05 08:09:28 Order 0 finish Map
2024/03/05 08:09:28 IsDone &{0 2024-03-05 08:09:28.128508754 +0800 CST m=+1.024672165 0xc00009fef0} true
2024/03/05 08:09:28 Order 1 finish Map
2024/03/05 08:09:29 Coordinator work
2024/03/05 08:09:29 Coordinator status 0
2024/03/05 08:09:29 IsDone &{0 2024-03-05 08:09:29.13658115 +0800 CST m=+2.032744530 0xc00009ff80} true
2024/03/05 08:09:29 Order 2 finish Map
2024/03/05 08:09:29 Coordinator work
2024/03/05 08:09:29 Coordinator status 0
2024/03/05 08:09:29 IsDone &{0 2024-03-05 08:09:29.163624729 +0800 CST m=+2.059788112 0xc00011c030} true
2024/03/05 08:09:29 Order 3 finish Map
2024/03/05 08:09:30 Coordinator work
2024/03/05 08:09:30 Coordinator status 0
2024/03/05 08:09:30 IsDone &{0 2024-03-05 08:09:30.15537009 +0800 CST m=+3.051533470 0xc00011c0c0} true
2024/03/05 08:09:30 Order 4 finish Map
2024/03/05 08:09:30 Coordinator work
2024/03/05 08:09:30 Coordinator status 0
2024/03/05 08:09:30 IsDone &{0 2024-03-05 08:09:30.182899476 +0800 CST m=+3.079062861 0xc00011c150} true
2024/03/05 08:09:30 Order 5 finish Map
2024/03/05 08:09:31 Coordinator work
2024/03/05 08:09:31 Coordinator status 0
2024/03/05 08:09:31 Coordinator work
2024/03/05 08:09:31 Coordinator status 0
2024/03/05 08:09:31 IsDone &{0 2024-03-05 08:09:31.185165939 +0800 CST m=+4.081329317 0xc00011c1e0} true
2024/03/05 08:09:31 Order 6 finish Map
2024/03/05 08:09:31 IsDone &{0 2024-03-05 08:09:31.193332274 +0800 CST m=+4.089495654 0xc00011c270} true
2024/03/05 08:09:31 Order 7 finish Map
2024/03/05 08:09:32 Coordinator work
2024/03/05 08:09:32 Coordinator status 0
2024/03/05 08:09:32 Map: 8 done vs. 0 working, Reduce 0 done vs. 0 working
2024/03/05 08:09:32 forward: forward to Reuce Phase
2024/03/05 08:09:32 making reduce order : 8
2024/03/05 08:09:32 making reduce order : 9
2024/03/05 08:09:32 making reduce order : 10
2024/03/05 08:09:32 making reduce order : 11
2024/03/05 08:09:32 making reduce order : 12
2024/03/05 08:09:32 making reduce order : 13
2024/03/05 08:09:32 making reduce order : 14
2024/03/05 08:09:32 making reduce order : 15
2024/03/05 08:09:32 making reduce order : 16
2024/03/05 08:09:32 making reduce order : 17
2024/03/05 08:09:32 done with make reduce order
2024/03/05 08:09:32 Map: 8 done vs. 0 working, Reduce 0 done vs. 10 working
2024/03/05 08:09:32 Coordinator work
2024/03/05 08:09:32 Coordinator status 1
2024/03/05 08:09:33 Order 8 finish Reduce
2024/03/05 08:09:34 Coordinator work
2024/03/05 08:09:34 Coordinator status 1
2024/03/05 08:09:34 Coordinator work
2024/03/05 08:09:34 Coordinator status 1
2024/03/05 08:09:35 Order 9 finish Reduce
2024/03/05 08:09:35 Order 10 finish Reduce
2024/03/05 08:09:36 Coordinator work
2024/03/05 08:09:36 Coordinator status 1
2024/03/05 08:09:36 Coordinator work
2024/03/05 08:09:36 Coordinator status 1
2024/03/05 08:09:38 Order 11 finish Reduce
2024/03/05 08:09:38 Order 12 finish Reduce
2024/03/05 08:09:39 Coordinator work
2024/03/05 08:09:39 Coordinator status 1
2024/03/05 08:09:39 Coordinator work
2024/03/05 08:09:39 Coordinator status 1
2024/03/05 08:09:40 Order 13 finish Reduce
2024/03/05 08:09:40 Order 14 finish Reduce
2024/03/05 08:09:41 Coordinator work
2024/03/05 08:09:41 Coordinator status 1
2024/03/05 08:09:41 Order 15 finish Reduce
2024/03/05 08:09:41 Coordinator work
2024/03/05 08:09:41 Coordinator status 1
2024/03/05 08:09:41 Order 16 finish Reduce
2024/03/05 08:09:42 Coordinator work
2024/03/05 08:09:42 Coordinator status 1
2024/03/05 08:09:42 Coordinator work
2024/03/05 08:09:42 Coordinator status 1
2024/03/05 08:09:42 Map: 8 done vs. 0 working, Reduce 9 done vs. 1 working
2024/03/05 08:09:43 Order 17 finish Reduce
2024/03/05 08:09:44 Coordinator work
2024/03/05 08:09:44 Coordinator status 1
2024/03/05 08:09:44 Map: 8 done vs. 0 working, Reduce 10 done vs. 0 working
2024/03/05 08:09:44 forward: forward to done phase
2024/03/05 08:09:44 Coordinator work
2024/03/05 08:09:44 Coordinator status 2
