2024/03/05 07:19:36 making map order &{0 [../pg-being_ernest.txt] 0 10}
2024/03/05 07:19:36 making map order &{0 [../pg-dorian_gray.txt] 1 10}
2024/03/05 07:19:36 making map order &{0 [../pg-frankenstein.txt] 2 10}
2024/03/05 07:19:36 making map order &{0 [../pg-grimm.txt] 3 10}
2024/03/05 07:19:36 making map order &{0 [../pg-huckleberry_finn.txt] 4 10}
2024/03/05 07:19:36 making map order &{0 [../pg-metamorphosis.txt] 5 10}
2024/03/05 07:19:36 making map order &{0 [../pg-sherlock_holmes.txt] 6 10}
2024/03/05 07:19:36 making map order &{0 [../pg-tom_sawyer.txt] 7 10}
2024/03/05 07:19:36 done with make map order
2024/03/05 07:19:36 Map: 0 done vs. 8 working, Reduce 0 done vs. 0 working
2024/03/05 07:19:37 Coordinator work
2024/03/05 07:19:37 Coordinator status 0
2024/03/05 07:19:37 Coordinator work
2024/03/05 07:19:37 Coordinator status 0
2024/03/05 07:19:37 IsDone &{0 2024-03-05 07:19:37.621933882 +0800 CST m=+1.016685869 0xc00008a270} true
2024/03/05 07:19:37 Order 0 finish Map
2024/03/05 07:19:37 IsDone &{0 2024-03-05 07:19:37.625095914 +0800 CST m=+1.019847902 0xc00008a300} true
2024/03/05 07:19:37 Order 1 finish Map
2024/03/05 07:19:38 Coordinator work
2024/03/05 07:19:38 Coordinator status 0
2024/03/05 07:19:38 Coordinator work
2024/03/05 07:19:38 Coordinator status 0
2024/03/05 07:19:39 IsDone &{0 2024-03-05 07:19:38.793023493 +0800 CST m=+2.187775481 0xc00008a390} true
2024/03/05 07:19:39 Order 2 finish Map
2024/03/05 07:19:39 IsDone &{0 2024-03-05 07:19:38.914930816 +0800 CST m=+2.309682802 0xc00008a420} true
2024/03/05 07:19:39 Order 3 finish Map
2024/03/05 07:19:40 Coordinator work
2024/03/05 07:19:40 Coordinator status 0
2024/03/05 07:19:40 Coordinator work
2024/03/05 07:19:40 Coordinator status 0
2024/03/05 07:19:40 IsDone &{0 2024-03-05 07:19:40.14014936 +0800 CST m=+3.534901345 0xc00008a540} true
2024/03/05 07:19:40 Order 5 finish Map
2024/03/05 07:19:40 IsDone &{0 2024-03-05 07:19:40.015087758 +0800 CST m=+3.409839738 0xc00008a4b0} true
2024/03/05 07:19:40 Order 4 finish Map
2024/03/05 07:19:41 Coordinator work
2024/03/05 07:19:41 Coordinator status 0
2024/03/05 07:19:41 Coordinator work
2024/03/05 07:19:41 Coordinator status 0
2024/03/05 07:19:41 IsDone &{0 2024-03-05 07:19:41.238112535 +0800 CST m=+4.632864522 0xc00008a5d0} true
2024/03/05 07:19:41 Order 6 finish Map
2024/03/05 07:19:41 IsDone &{0 2024-03-05 07:19:41.280352745 +0800 CST m=+4.675104731 0xc00008a660} true
2024/03/05 07:19:41 Order 7 finish Map
2024/03/05 07:19:42 Coordinator work
2024/03/05 07:19:42 Coordinator status 0
2024/03/05 07:19:42 Map: 8 done vs. 0 working, Reduce 0 done vs. 0 working
2024/03/05 07:19:42 forward: forward to Reuce Phase
2024/03/05 07:19:42 making reduce order : 8
2024/03/05 07:19:42 making reduce order : 9
2024/03/05 07:19:42 making reduce order : 10
2024/03/05 07:19:42 making reduce order : 11
2024/03/05 07:19:42 making reduce order : 12
2024/03/05 07:19:42 making reduce order : 13
2024/03/05 07:19:42 making reduce order : 14
2024/03/05 07:19:42 making reduce order : 15
2024/03/05 07:19:42 making reduce order : 16
2024/03/05 07:19:42 making reduce order : 17
2024/03/05 07:19:42 done with make reduce order
2024/03/05 07:19:42 Map: 8 done vs. 0 working, Reduce 0 done vs. 10 working
2024/03/05 07:19:42 Coordinator work
2024/03/05 07:19:42 Coordinator status 1
2024/03/05 07:19:42 Order 8 finish Reduce
2024/03/05 07:19:43 Coordinator work
2024/03/05 07:19:43 Coordinator status 1
2024/03/05 07:19:43 Order 9 finish Reduce
2024/03/05 07:19:44 Coordinator work
2024/03/05 07:19:44 Coordinator status 1
2024/03/05 07:19:44 Order 10 finish Reduce
2024/03/05 07:19:44 Coordinator work
2024/03/05 07:19:44 Coordinator status 1
2024/03/05 07:19:44 Order 11 finish Reduce
2024/03/05 07:19:45 Coordinator work
2024/03/05 07:19:45 Coordinator status 1
2024/03/05 07:19:45 Order 12 finish Reduce
2024/03/05 07:19:45 Coordinator work
2024/03/05 07:19:45 Coordinator status 1
2024/03/05 07:19:46 Order 13 finish Reduce
2024/03/05 07:19:46 Coordinator work
2024/03/05 07:19:46 Coordinator status 1
2024/03/05 07:19:46 Order 14 finish Reduce
2024/03/05 07:19:47 Coordinator work
2024/03/05 07:19:47 Coordinator status 1
2024/03/05 07:19:47 Order 15 finish Reduce
2024/03/05 07:19:47 Coordinator work
2024/03/05 07:19:47 Coordinator status 1
2024/03/05 07:19:47 Order 16 finish Reduce
2024/03/05 07:19:48 Coordinator work
2024/03/05 07:19:48 Coordinator status 1
2024/03/05 07:19:48 Order 17 finish Reduce
2024/03/05 07:19:48 Coordinator work
2024/03/05 07:19:48 Coordinator status 1
2024/03/05 07:19:48 Map: 8 done vs. 0 working, Reduce 10 done vs. 0 working
2024/03/05 07:19:48 forward: forward to done phase
2024/03/05 07:19:49 Coordinator work
2024/03/05 07:19:49 Coordinator status 2
