2024/03/05 10:13:51 making map order &{0 [../pg-being_ernest.txt] 0 10}
2024/03/05 10:13:51 making map order &{0 [../pg-dorian_gray.txt] 1 10}
2024/03/05 10:13:51 making map order &{0 [../pg-frankenstein.txt] 2 10}
2024/03/05 10:13:51 making map order &{0 [../pg-grimm.txt] 3 10}
2024/03/05 10:13:51 making map order &{0 [../pg-huckleberry_finn.txt] 4 10}
2024/03/05 10:13:51 making map order &{0 [../pg-metamorphosis.txt] 5 10}
2024/03/05 10:13:51 making map order &{0 [../pg-sherlock_holmes.txt] 6 10}
2024/03/05 10:13:51 making map order &{0 [../pg-tom_sawyer.txt] 7 10}
2024/03/05 10:13:51 done with make map order
2024/03/05 10:13:51 Map: 0 done vs. 8 working, Reduce 0 done vs. 0 working
2024/03/05 10:13:52 Coordinator work
2024/03/05 10:13:52 Coordinator status 0
2024/03/05 10:13:52 Coordinator work
2024/03/05 10:13:52 Coordinator status 0
2024/03/05 10:13:52 IsDone &{0 2024-03-05 10:13:52.271139225 +0800 CST m=+1.023094043 0xc00011a150} true
2024/03/05 10:13:52 Order 0 finish Map
2024/03/05 10:13:52 IsDone &{0 2024-03-05 10:13:52.276558884 +0800 CST m=+1.028513697 0xc00011a1e0} true
2024/03/05 10:13:52 Order 1 finish Map
2024/03/05 10:13:53 Coordinator work
2024/03/05 10:13:53 Coordinator status 0
2024/03/05 10:13:53 Coordinator work
2024/03/05 10:13:53 Coordinator status 0
2024/03/05 10:13:53 IsDone &{0 2024-03-05 10:13:53.518187704 +0800 CST m=+2.270142522 0xc00011a270} true
2024/03/05 10:13:53 Order 2 finish Map
2024/03/05 10:13:54 IsDone &{0 2024-03-05 10:13:53.723952776 +0800 CST m=+2.475907595 0xc00011a300} true
2024/03/05 10:13:54 Order 3 finish Map
2024/03/05 10:13:54 Coordinator work
2024/03/05 10:13:54 Coordinator status 0
2024/03/05 10:13:55 Coordinator work
2024/03/05 10:13:55 Coordinator status 0
2024/03/05 10:13:55 IsDone &{0 2024-03-05 10:13:54.951997845 +0800 CST m=+3.703952661 0xc00011a390} true
2024/03/05 10:13:55 Order 4 finish Map
2024/03/05 10:13:55 IsDone &{0 2024-03-05 10:13:55.163953782 +0800 CST m=+3.915908598 0xc00011a420} true
2024/03/05 10:13:55 Order 5 finish Map
2024/03/05 10:13:56 Coordinator work
2024/03/05 10:13:56 Coordinator status 0
2024/03/05 10:13:56 Coordinator work
2024/03/05 10:13:56 Coordinator status 0
2024/03/05 10:13:56 IsDone &{0 2024-03-05 10:13:56.211158585 +0800 CST m=+4.963113404 0xc00011a4b0} true
2024/03/05 10:13:56 Order 6 finish Map
2024/03/05 10:13:56 IsDone &{0 2024-03-05 10:13:56.321532017 +0800 CST m=+5.073486836 0xc00011a540} true
2024/03/05 10:13:56 Order 7 finish Map
2024/03/05 10:13:57 Coordinator work
2024/03/05 10:13:57 Coordinator status 0
2024/03/05 10:13:57 Map: 8 done vs. 0 working, Reduce 0 done vs. 0 working
2024/03/05 10:13:57 forward: forward to Reuce Phase
2024/03/05 10:13:57 making reduce order : 8
2024/03/05 10:13:57 making reduce order : 9
2024/03/05 10:13:57 making reduce order : 10
2024/03/05 10:13:57 making reduce order : 11
2024/03/05 10:13:57 making reduce order : 12
2024/03/05 10:13:57 making reduce order : 13
2024/03/05 10:13:57 making reduce order : 14
2024/03/05 10:13:57 making reduce order : 15
2024/03/05 10:13:57 making reduce order : 16
2024/03/05 10:13:57 making reduce order : 17
2024/03/05 10:13:57 done with make reduce order
2024/03/05 10:13:57 Map: 8 done vs. 0 working, Reduce 0 done vs. 10 working
2024/03/05 10:13:57 Coordinator work
2024/03/05 10:13:57 Coordinator status 1
2024/03/05 10:13:58 Order 8 finish Reduce
2024/03/05 10:13:59 Coordinator work
2024/03/05 10:13:59 Coordinator status 1
2024/03/05 10:13:59 Order 9 finish Reduce
2024/03/05 10:13:59 Coordinator work
2024/03/05 10:13:59 Coordinator status 1
2024/03/05 10:13:59 Order 10 finish Reduce
2024/03/05 10:14:00 Coordinator work
2024/03/05 10:14:00 Coordinator status 1
2024/03/05 10:14:00 Order 11 finish Reduce
2024/03/05 10:14:00 Coordinator work
2024/03/05 10:14:00 Coordinator status 1
2024/03/05 10:14:01 Order 12 finish Reduce
2024/03/05 10:14:01 Coordinator work
2024/03/05 10:14:01 Coordinator status 1
2024/03/05 10:14:01 Order 13 finish Reduce
2024/03/05 10:14:02 Coordinator work
2024/03/05 10:14:02 Coordinator status 1
2024/03/05 10:14:02 Order 14 finish Reduce
2024/03/05 10:14:02 Coordinator work
2024/03/05 10:14:02 Coordinator status 1
2024/03/05 10:14:02 Order 15 finish Reduce
2024/03/05 10:14:03 Coordinator work
2024/03/05 10:14:03 Coordinator status 1
2024/03/05 10:14:03 Order 16 finish Reduce
2024/03/05 10:14:03 Coordinator work
2024/03/05 10:14:03 Coordinator status 1
2024/03/05 10:14:03 Order 17 finish Reduce
2024/03/05 10:14:04 Coordinator work
2024/03/05 10:14:04 Coordinator status 1
2024/03/05 10:14:04 Map: 8 done vs. 0 working, Reduce 10 done vs. 0 working
2024/03/05 10:14:04 forward: forward to done phase
2024/03/05 10:14:04 Coordinator work
2024/03/05 10:14:04 Coordinator status 2
