2024/03/05 02:57:54 making map order &{0 [../pg-being_ernest.txt] 0 10}
2024/03/05 02:57:54 making map order &{0 [../pg-dorian_gray.txt] 1 10}
2024/03/05 02:57:54 making map order &{0 [../pg-frankenstein.txt] 2 10}
2024/03/05 02:57:54 making map order &{0 [../pg-grimm.txt] 3 10}
2024/03/05 02:57:54 making map order &{0 [../pg-huckleberry_finn.txt] 4 10}
2024/03/05 02:57:54 making map order &{0 [../pg-metamorphosis.txt] 5 10}
2024/03/05 02:57:54 making map order &{0 [../pg-sherlock_holmes.txt] 6 10}
2024/03/05 02:57:54 making map order &{0 [../pg-tom_sawyer.txt] 7 10}
2024/03/05 02:57:54 done with make map order
2024/03/05 02:57:54 Map: 0 done vs. 8 working, Reduce 0 done vs. 0 working
2024/03/05 02:57:55 Coordinator work
2024/03/05 02:57:55 Coordinator status 0
2024/03/05 02:57:55 IsDone &{0 2024-03-05 02:57:55.228945304 +0800 CST m=+1.020811334 0xc000074330} true
2024/03/05 02:57:55 Order 0 finish Map
2024/03/05 02:57:55 Coordinator work
2024/03/05 02:57:55 Coordinator status 0
2024/03/05 02:57:55 IsDone &{0 2024-03-05 02:57:55.239318353 +0800 CST m=+1.031184381 0xc0000743c0} true
2024/03/05 02:57:55 Order 1 finish Map
2024/03/05 02:57:56 Coordinator work
2024/03/05 02:57:56 Coordinator status 0
2024/03/05 02:57:56 IsDone &{0 2024-03-05 02:57:56.238181791 +0800 CST m=+2.030047815 0xc000074450} true
2024/03/05 02:57:56 Order 2 finish Map
2024/03/05 02:57:56 Coordinator work
2024/03/05 02:57:56 Coordinator status 0
2024/03/05 02:57:56 IsDone &{0 2024-03-05 02:57:56.259851385 +0800 CST m=+2.051717411 0xc0000744e0} true
2024/03/05 02:57:56 Order 3 finish Map
2024/03/05 02:57:57 Coordinator work
2024/03/05 02:57:57 Coordinator status 0
2024/03/05 02:57:57 IsDone &{0 2024-03-05 02:57:57.254758843 +0800 CST m=+3.046624862 0xc000074570} true
2024/03/05 02:57:57 Order 4 finish Map
2024/03/05 02:57:57 Coordinator work
2024/03/05 02:57:57 Coordinator status 0
2024/03/05 02:57:57 IsDone &{0 2024-03-05 02:57:57.275467036 +0800 CST m=+3.067333060 0xc000074600} true
2024/03/05 02:57:57 Order 5 finish Map
2024/03/05 02:57:58 Coordinator work
2024/03/05 02:57:58 Coordinator status 0
2024/03/05 02:57:58 Coordinator work
2024/03/05 02:57:58 Coordinator status 0
2024/03/05 02:57:58 IsDone &{0 2024-03-05 02:57:58.283831736 +0800 CST m=+4.075697763 0xc000074720} true
2024/03/05 02:57:58 Order 7 finish Map
2024/03/05 02:57:58 IsDone &{0 2024-03-05 02:57:58.274450491 +0800 CST m=+4.066316521 0xc000074690} true
2024/03/05 02:57:58 Order 6 finish Map
2024/03/05 02:57:59 Coordinator work
2024/03/05 02:57:59 Coordinator status 0
2024/03/05 02:57:59 Map: 8 done vs. 0 working, Reduce 0 done vs. 0 working
2024/03/05 02:57:59 forward: forward to Reuce Phase
2024/03/05 02:57:59 making reduce order : 8
2024/03/05 02:57:59 making reduce order : 9
2024/03/05 02:57:59 making reduce order : 10
2024/03/05 02:57:59 making reduce order : 11
2024/03/05 02:57:59 making reduce order : 12
2024/03/05 02:57:59 making reduce order : 13
2024/03/05 02:57:59 making reduce order : 14
2024/03/05 02:57:59 making reduce order : 15
2024/03/05 02:57:59 making reduce order : 16
2024/03/05 02:57:59 making reduce order : 17
2024/03/05 02:57:59 done with make reduce order
2024/03/05 02:57:59 Map: 8 done vs. 0 working, Reduce 0 done vs. 10 working
2024/03/05 02:57:59 Coordinator work
2024/03/05 02:57:59 Coordinator status 1
2024/03/05 02:58:00 Order 8 finish Reduce
2024/03/05 02:58:01 Coordinator work
2024/03/05 02:58:01 Coordinator status 1
2024/03/05 02:58:01 Coordinator work
2024/03/05 02:58:01 Coordinator status 1
2024/03/05 02:58:02 Order 9 finish Reduce
2024/03/05 02:58:02 Order 10 finish Reduce
2024/03/05 02:58:03 Coordinator work
2024/03/05 02:58:03 Coordinator status 1
2024/03/05 02:58:03 Coordinator work
2024/03/05 02:58:03 Coordinator status 1
2024/03/05 02:58:05 Order 11 finish Reduce
2024/03/05 02:58:05 Order 12 finish Reduce
2024/03/05 02:58:06 Coordinator work
2024/03/05 02:58:06 Coordinator status 1
2024/03/05 02:58:06 Coordinator work
2024/03/05 02:58:06 Coordinator status 1
2024/03/05 02:58:07 Order 13 finish Reduce
2024/03/05 02:58:07 Order 14 finish Reduce
2024/03/05 02:58:08 Coordinator work
2024/03/05 02:58:08 Coordinator status 1
2024/03/05 02:58:08 Order 15 finish Reduce
2024/03/05 02:58:08 Coordinator work
2024/03/05 02:58:08 Coordinator status 1
2024/03/05 02:58:08 Order 16 finish Reduce
2024/03/05 02:58:09 Coordinator work
2024/03/05 02:58:09 Coordinator status 1
2024/03/05 02:58:09 Coordinator work
2024/03/05 02:58:09 Coordinator status 1
2024/03/05 02:58:09 Map: 8 done vs. 0 working, Reduce 9 done vs. 1 working
2024/03/05 02:58:10 Order 17 finish Reduce
2024/03/05 02:58:11 Coordinator work
2024/03/05 02:58:11 Coordinator status 1
2024/03/05 02:58:11 Map: 8 done vs. 0 working, Reduce 10 done vs. 0 working
2024/03/05 02:58:11 forward: forward to done phase
2024/03/05 02:58:11 Coordinator work
2024/03/05 02:58:11 Coordinator status 2
