2024/03/05 05:45:30 making map order &{0 [../pg-being_ernest.txt] 0 10}
2024/03/05 05:45:30 making map order &{0 [../pg-dorian_gray.txt] 1 10}
2024/03/05 05:45:30 making map order &{0 [../pg-frankenstein.txt] 2 10}
2024/03/05 05:45:30 making map order &{0 [../pg-grimm.txt] 3 10}
2024/03/05 05:45:30 making map order &{0 [../pg-huckleberry_finn.txt] 4 10}
2024/03/05 05:45:30 making map order &{0 [../pg-metamorphosis.txt] 5 10}
2024/03/05 05:45:30 making map order &{0 [../pg-sherlock_holmes.txt] 6 10}
2024/03/05 05:45:30 making map order &{0 [../pg-tom_sawyer.txt] 7 10}
2024/03/05 05:45:30 done with make map order
2024/03/05 05:45:30 Map: 0 done vs. 8 working, Reduce 0 done vs. 0 working
2024/03/05 05:45:31 Coordinator work
2024/03/05 05:45:31 Coordinator status 0
2024/03/05 05:45:31 IsDone &{0 2024-03-05 05:45:31.402875842 +0800 CST m=+1.015825778 0xc000074120} true
2024/03/05 05:45:31 Order 0 finish Map
2024/03/05 05:45:31 Coordinator work
2024/03/05 05:45:31 Coordinator status 0
2024/03/05 05:45:31 IsDone &{0 2024-03-05 05:45:31.420596783 +0800 CST m=+1.033546711 0xc0000741b0} true
2024/03/05 05:45:31 Order 1 finish Map
2024/03/05 05:45:32 Coordinator work
2024/03/05 05:45:32 Coordinator status 0
2024/03/05 05:45:32 IsDone &{0 2024-03-05 05:45:32.416493066 +0800 CST m=+2.029442997 0xc000074240} true
2024/03/05 05:45:32 Order 2 finish Map
2024/03/05 05:45:32 Coordinator work
2024/03/05 05:45:32 Coordinator status 0
2024/03/05 05:45:32 IsDone &{0 2024-03-05 05:45:32.43820141 +0800 CST m=+2.051151341 0xc0000742d0} true
2024/03/05 05:45:32 Order 3 finish Map
2024/03/05 05:45:33 Coordinator work
2024/03/05 05:45:33 Coordinator status 0
2024/03/05 05:45:33 IsDone &{0 2024-03-05 05:45:33.43440548 +0800 CST m=+3.047355411 0xc000074360} true
2024/03/05 05:45:33 Order 4 finish Map
2024/03/05 05:45:33 Coordinator work
2024/03/05 05:45:33 Coordinator status 0
2024/03/05 05:45:33 IsDone &{0 2024-03-05 05:45:33.454425998 +0800 CST m=+3.067375919 0xc0000743f0} true
2024/03/05 05:45:33 Order 5 finish Map
2024/03/05 05:45:34 Coordinator work
2024/03/05 05:45:34 Coordinator status 0
2024/03/05 05:45:34 Coordinator work
2024/03/05 05:45:34 Coordinator status 0
2024/03/05 05:45:34 IsDone &{0 2024-03-05 05:45:34.456102238 +0800 CST m=+4.069052160 0xc000074480} true
2024/03/05 05:45:34 Order 6 finish Map
2024/03/05 05:45:34 IsDone &{0 2024-03-05 05:45:34.462870778 +0800 CST m=+4.075820703 0xc000074510} true
2024/03/05 05:45:34 Order 7 finish Map
2024/03/05 05:45:35 Coordinator work
2024/03/05 05:45:35 Coordinator status 0
2024/03/05 05:45:35 Map: 8 done vs. 0 working, Reduce 0 done vs. 0 working
2024/03/05 05:45:35 forward: forward to Reuce Phase
2024/03/05 05:45:35 making reduce order : 8
2024/03/05 05:45:35 making reduce order : 9
2024/03/05 05:45:35 making reduce order : 10
2024/03/05 05:45:35 making reduce order : 11
2024/03/05 05:45:35 making reduce order : 12
2024/03/05 05:45:35 making reduce order : 13
2024/03/05 05:45:35 making reduce order : 14
2024/03/05 05:45:35 making reduce order : 15
2024/03/05 05:45:35 making reduce order : 16
2024/03/05 05:45:35 making reduce order : 17
2024/03/05 05:45:35 done with make reduce order
2024/03/05 05:45:35 Map: 8 done vs. 0 working, Reduce 0 done vs. 10 working
2024/03/05 05:45:35 Coordinator work
2024/03/05 05:45:35 Coordinator status 1
2024/03/05 05:45:36 Order 8 finish Reduce
2024/03/05 05:45:37 Coordinator work
2024/03/05 05:45:37 Coordinator status 1
2024/03/05 05:45:37 Coordinator work
2024/03/05 05:45:37 Coordinator status 1
2024/03/05 05:45:38 Order 9 finish Reduce
2024/03/05 05:45:38 Order 10 finish Reduce
2024/03/05 05:45:39 Coordinator work
2024/03/05 05:45:39 Coordinator status 1
2024/03/05 05:45:39 Coordinator work
2024/03/05 05:45:39 Coordinator status 1
2024/03/05 05:45:41 Order 11 finish Reduce
2024/03/05 05:45:41 Order 12 finish Reduce
2024/03/05 05:45:42 Coordinator work
2024/03/05 05:45:42 Coordinator status 1
2024/03/05 05:45:42 Coordinator work
2024/03/05 05:45:42 Coordinator status 1
2024/03/05 05:45:43 Order 13 finish Reduce
2024/03/05 05:45:43 Order 14 finish Reduce
2024/03/05 05:45:44 Coordinator work
2024/03/05 05:45:44 Coordinator status 1
2024/03/05 05:45:44 Order 15 finish Reduce
2024/03/05 05:45:44 Coordinator work
2024/03/05 05:45:44 Coordinator status 1
2024/03/05 05:45:44 Order 16 finish Reduce
2024/03/05 05:45:45 Coordinator work
2024/03/05 05:45:45 Coordinator status 1
2024/03/05 05:45:45 Coordinator work
2024/03/05 05:45:45 Coordinator status 1
2024/03/05 05:45:45 Map: 8 done vs. 0 working, Reduce 9 done vs. 1 working
2024/03/05 05:45:46 Order 17 finish Reduce
2024/03/05 05:45:47 Coordinator work
2024/03/05 05:45:47 Coordinator status 1
2024/03/05 05:45:47 Map: 8 done vs. 0 working, Reduce 10 done vs. 0 working
2024/03/05 05:45:47 forward: forward to done phase
2024/03/05 05:45:47 Coordinator work
2024/03/05 05:45:47 Coordinator status 2
