2024/03/05 11:49:16 making map order &{0 [../pg-being_ernest.txt] 0 10}
2024/03/05 11:49:16 making map order &{0 [../pg-dorian_gray.txt] 1 10}
2024/03/05 11:49:16 making map order &{0 [../pg-frankenstein.txt] 2 10}
2024/03/05 11:49:16 making map order &{0 [../pg-grimm.txt] 3 10}
2024/03/05 11:49:16 making map order &{0 [../pg-huckleberry_finn.txt] 4 10}
2024/03/05 11:49:16 making map order &{0 [../pg-metamorphosis.txt] 5 10}
2024/03/05 11:49:16 making map order &{0 [../pg-sherlock_holmes.txt] 6 10}
2024/03/05 11:49:16 making map order &{0 [../pg-tom_sawyer.txt] 7 10}
2024/03/05 11:49:16 done with make map order
2024/03/05 11:49:16 Map: 0 done vs. 8 working, Reduce 0 done vs. 0 working
2024/03/05 11:49:17 Coordinator work
2024/03/05 11:49:17 Coordinator status 0
2024/03/05 11:49:17 Coordinator work
2024/03/05 11:49:17 Coordinator status 0
2024/03/05 11:49:17 IsDone &{0 2024-03-05 11:49:17.600950383 +0800 CST m=+1.022908196 0xc00008a360} true
2024/03/05 11:49:17 Order 0 finish Map
2024/03/05 11:49:17 IsDone &{0 2024-03-05 11:49:17.602222213 +0800 CST m=+1.024180029 0xc00008a3f0} true
2024/03/05 11:49:17 Order 1 finish Map
2024/03/05 11:49:18 Coordinator work
2024/03/05 11:49:18 Coordinator status 0
2024/03/05 11:49:18 Coordinator work
2024/03/05 11:49:18 Coordinator status 0
2024/03/05 11:49:18 IsDone &{0 2024-03-05 11:49:18.611983092 +0800 CST m=+2.033940924 0xc00008a480} true
2024/03/05 11:49:18 Order 2 finish Map
2024/03/05 11:49:18 IsDone &{0 2024-03-05 11:49:18.623875724 +0800 CST m=+2.045833537 0xc00008a510} true
2024/03/05 11:49:18 Order 3 finish Map
2024/03/05 11:49:19 Coordinator work
2024/03/05 11:49:19 Coordinator status 0
2024/03/05 11:49:19 Coordinator work
2024/03/05 11:49:19 Coordinator status 0
2024/03/05 11:49:19 IsDone &{0 2024-03-05 11:49:19.644724991 +0800 CST m=+3.066682802 0xc00008a630} true
2024/03/05 11:49:19 Order 5 finish Map
2024/03/05 11:49:19 IsDone &{0 2024-03-05 11:49:19.632342978 +0800 CST m=+3.054300793 0xc00008a5a0} true
2024/03/05 11:49:19 Order 4 finish Map
2024/03/05 11:49:20 Coordinator work
2024/03/05 11:49:20 Coordinator status 0
2024/03/05 11:49:20 Coordinator work
2024/03/05 11:49:20 Coordinator status 0
2024/03/05 11:49:20 IsDone &{0 2024-03-05 11:49:20.654147523 +0800 CST m=+4.076105339 0xc00008a6c0} true
2024/03/05 11:49:20 Order 6 finish Map
2024/03/05 11:49:20 IsDone &{0 2024-03-05 11:49:20.661885229 +0800 CST m=+4.083843041 0xc00008a750} true
2024/03/05 11:49:20 Order 7 finish Map
2024/03/05 11:49:21 Coordinator work
2024/03/05 11:49:21 Coordinator status 0
2024/03/05 11:49:21 Map: 8 done vs. 0 working, Reduce 0 done vs. 0 working
2024/03/05 11:49:21 forward: forward to Reuce Phase
2024/03/05 11:49:21 making reduce order : 8
2024/03/05 11:49:21 making reduce order : 9
2024/03/05 11:49:21 making reduce order : 10
2024/03/05 11:49:21 making reduce order : 11
2024/03/05 11:49:21 making reduce order : 12
2024/03/05 11:49:21 making reduce order : 13
2024/03/05 11:49:21 Coordinator work
2024/03/05 11:49:21 making reduce order : 14
2024/03/05 11:49:21 making reduce order : 15
2024/03/05 11:49:21 making reduce order : 16
2024/03/05 11:49:21 making reduce order : 17
2024/03/05 11:49:21 done with make reduce order
2024/03/05 11:49:21 Map: 8 done vs. 0 working, Reduce 0 done vs. 10 working
2024/03/05 11:49:21 Coordinator status 1
2024/03/05 11:49:22 Order 8 finish Reduce
2024/03/05 11:49:23 Coordinator work
2024/03/05 11:49:23 Coordinator status 1
2024/03/05 11:49:23 Coordinator work
2024/03/05 11:49:23 Coordinator status 1
2024/03/05 11:49:24 Order 9 finish Reduce
2024/03/05 11:49:24 Order 10 finish Reduce
2024/03/05 11:49:25 Coordinator work
2024/03/05 11:49:25 Coordinator status 1
2024/03/05 11:49:25 Coordinator work
2024/03/05 11:49:25 Coordinator status 1
2024/03/05 11:49:27 Order 11 finish Reduce
2024/03/05 11:49:27 Order 12 finish Reduce
2024/03/05 11:49:28 Coordinator work
2024/03/05 11:49:28 Coordinator status 1
2024/03/05 11:49:28 Coordinator work
2024/03/05 11:49:28 Coordinator status 1
2024/03/05 11:49:29 Order 14 finish Reduce
2024/03/05 11:49:29 Order 13 finish Reduce
2024/03/05 11:49:30 Coordinator work
2024/03/05 11:49:30 Coordinator status 1
2024/03/05 11:49:30 Coordinator work
2024/03/05 11:49:30 Coordinator status 1
2024/03/05 11:49:30 Order 15 finish Reduce
2024/03/05 11:49:30 Order 16 finish Reduce
2024/03/05 11:49:31 Coordinator work
2024/03/05 11:49:31 Coordinator status 1
2024/03/05 11:49:31 Coordinator work
2024/03/05 11:49:31 Coordinator status 1
2024/03/05 11:49:31 Map: 8 done vs. 0 working, Reduce 9 done vs. 1 working
2024/03/05 11:49:32 Order 17 finish Reduce
2024/03/05 11:49:33 Coordinator work
2024/03/05 11:49:33 Coordinator status 1
2024/03/05 11:49:33 Map: 8 done vs. 0 working, Reduce 10 done vs. 0 working
2024/03/05 11:49:33 forward: forward to done phase
2024/03/05 11:49:33 Coordinator work
2024/03/05 11:49:33 Coordinator status 2
