2024/03/05 08:56:58 making map order &{0 [../pg-being_ernest.txt] 0 10}
2024/03/05 08:56:58 making map order &{0 [../pg-dorian_gray.txt] 1 10}
2024/03/05 08:56:58 making map order &{0 [../pg-frankenstein.txt] 2 10}
2024/03/05 08:56:58 making map order &{0 [../pg-grimm.txt] 3 10}
2024/03/05 08:56:58 making map order &{0 [../pg-huckleberry_finn.txt] 4 10}
2024/03/05 08:56:58 making map order &{0 [../pg-metamorphosis.txt] 5 10}
2024/03/05 08:56:58 making map order &{0 [../pg-sherlock_holmes.txt] 6 10}
2024/03/05 08:56:58 making map order &{0 [../pg-tom_sawyer.txt] 7 10}
2024/03/05 08:56:58 done with make map order
2024/03/05 08:56:58 Map: 0 done vs. 8 working, Reduce 0 done vs. 0 working
2024/03/05 08:56:59 Coordinator work
2024/03/05 08:56:59 Coordinator status 0
2024/03/05 08:56:59 Coordinator work
2024/03/05 08:56:59 Coordinator status 0
2024/03/05 08:56:59 IsDone &{0 2024-03-05 08:56:59.849041754 +0800 CST m=+1.015250976 0xc000072330} true
2024/03/05 08:56:59 Order 0 finish Map
2024/03/05 08:57:00 IsDone &{0 2024-03-05 08:56:59.856447229 +0800 CST m=+1.022656448 0xc0000723c0} true
2024/03/05 08:57:00 Order 1 finish Map
2024/03/05 08:57:00 Coordinator work
2024/03/05 08:57:00 Coordinator status 0
2024/03/05 08:57:01 Coordinator work
2024/03/05 08:57:01 Coordinator status 0
2024/03/05 08:57:01 IsDone &{0 2024-03-05 08:57:00.968981152 +0800 CST m=+2.135190368 0xc000072450} true
2024/03/05 08:57:01 Order 2 finish Map
2024/03/05 08:57:01 IsDone &{0 2024-03-05 08:57:01.074271556 +0800 CST m=+2.240480772 0xc0000724e0} true
2024/03/05 08:57:01 Order 3 finish Map
2024/03/05 08:57:02 Coordinator work
2024/03/05 08:57:02 Coordinator status 0
2024/03/05 08:57:02 Coordinator work
2024/03/05 08:57:02 Coordinator status 0
2024/03/05 08:57:02 IsDone &{0 2024-03-05 08:57:02.159405919 +0800 CST m=+3.325615135 0xc000072570} true
2024/03/05 08:57:02 Order 4 finish Map
2024/03/05 08:57:02 IsDone &{0 2024-03-05 08:57:02.293748833 +0800 CST m=+3.459958052 0xc000072600} true
2024/03/05 08:57:02 Order 5 finish Map
2024/03/05 08:57:03 Coordinator work
2024/03/05 08:57:03 Coordinator status 0
2024/03/05 08:57:03 Coordinator work
2024/03/05 08:57:03 Coordinator status 0
2024/03/05 08:57:03 IsDone &{0 2024-03-05 08:57:03.410500333 +0800 CST m=+4.576709551 0xc000072720} true
2024/03/05 08:57:03 Order 7 finish Map
2024/03/05 08:57:03 IsDone &{0 2024-03-05 08:57:03.389951563 +0800 CST m=+4.556160781 0xc000072690} true
2024/03/05 08:57:03 Order 6 finish Map
2024/03/05 08:57:04 Coordinator work
2024/03/05 08:57:04 Coordinator status 0
2024/03/05 08:57:04 Map: 8 done vs. 0 working, Reduce 0 done vs. 0 working
2024/03/05 08:57:04 forward: forward to Reuce Phase
2024/03/05 08:57:04 making reduce order : 8
2024/03/05 08:57:04 making reduce order : 9
2024/03/05 08:57:04 making reduce order : 10
2024/03/05 08:57:04 making reduce order : 11
2024/03/05 08:57:04 making reduce order : 12
2024/03/05 08:57:04 making reduce order : 13
2024/03/05 08:57:04 making reduce order : 14
2024/03/05 08:57:04 making reduce order : 15
2024/03/05 08:57:04 making reduce order : 16
2024/03/05 08:57:04 making reduce order : 17
2024/03/05 08:57:04 done with make reduce order
2024/03/05 08:57:04 Map: 8 done vs. 0 working, Reduce 0 done vs. 10 working
2024/03/05 08:57:04 Coordinator work
2024/03/05 08:57:04 Coordinator status 1
2024/03/05 08:57:04 Order 8 finish Reduce
2024/03/05 08:57:05 Coordinator work
2024/03/05 08:57:05 Coordinator status 1
2024/03/05 08:57:05 Order 9 finish Reduce
2024/03/05 08:57:06 Coordinator work
2024/03/05 08:57:06 Coordinator status 1
2024/03/05 08:57:06 Order 10 finish Reduce
2024/03/05 08:57:06 Coordinator work
2024/03/05 08:57:06 Coordinator status 1
2024/03/05 08:57:07 Order 11 finish Reduce
2024/03/05 08:57:07 Coordinator work
2024/03/05 08:57:07 Coordinator status 1
2024/03/05 08:57:07 Order 12 finish Reduce
2024/03/05 08:57:08 Coordinator work
2024/03/05 08:57:08 Coordinator status 1
2024/03/05 08:57:08 Order 13 finish Reduce
2024/03/05 08:57:08 Coordinator work
2024/03/05 08:57:08 Coordinator status 1
2024/03/05 08:57:08 Order 14 finish Reduce
2024/03/05 08:57:09 Coordinator work
2024/03/05 08:57:09 Coordinator status 1
2024/03/05 08:57:09 Order 15 finish Reduce
2024/03/05 08:57:09 Coordinator work
2024/03/05 08:57:09 Coordinator status 1
2024/03/05 08:57:10 Order 16 finish Reduce
2024/03/05 08:57:10 Coordinator work
2024/03/05 08:57:10 Coordinator status 1
2024/03/05 08:57:10 Order 17 finish Reduce
2024/03/05 08:57:11 Coordinator work
2024/03/05 08:57:11 Coordinator status 1
2024/03/05 08:57:11 Map: 8 done vs. 0 working, Reduce 10 done vs. 0 working
2024/03/05 08:57:11 forward: forward to done phase
2024/03/05 08:57:11 Coordinator work
2024/03/05 08:57:11 Coordinator status 2
