2024/03/05 09:18:49 making map order &{0 [../pg-being_ernest.txt] 0 10}
2024/03/05 09:18:49 making map order &{0 [../pg-dorian_gray.txt] 1 10}
2024/03/05 09:18:49 making map order &{0 [../pg-frankenstein.txt] 2 10}
2024/03/05 09:18:49 making map order &{0 [../pg-grimm.txt] 3 10}
2024/03/05 09:18:49 making map order &{0 [../pg-huckleberry_finn.txt] 4 10}
2024/03/05 09:18:49 making map order &{0 [../pg-metamorphosis.txt] 5 10}
2024/03/05 09:18:49 making map order &{0 [../pg-sherlock_holmes.txt] 6 10}
2024/03/05 09:18:49 making map order &{0 [../pg-tom_sawyer.txt] 7 10}
2024/03/05 09:18:49 done with make map order
2024/03/05 09:18:49 Map: 0 done vs. 8 working, Reduce 0 done vs. 0 working
2024/03/05 09:18:50 Coordinator work
2024/03/05 09:18:50 Coordinator status 0
2024/03/05 09:18:50 IsDone &{0 2024-03-05 09:18:50.243288035 +0800 CST m=+1.023922910 0xc00007bef0} true
2024/03/05 09:18:50 Order 0 finish Map
2024/03/05 09:18:50 Coordinator work
2024/03/05 09:18:50 Coordinator status 0
2024/03/05 09:18:50 Coordinator work
2024/03/05 09:18:50 Coordinator status 0
2024/03/05 09:18:50 IsDone &{0 2024-03-05 09:18:50.251704292 +0800 CST m=+1.032339170 0xc00007bf80} true
2024/03/05 09:18:50 Order 1 finish Map
2024/03/05 09:18:50 IsDone &{0 2024-03-05 09:18:50.257988251 +0800 CST m=+1.038623129 0xc00016c030} true
2024/03/05 09:18:50 Order 2 finish Map
2024/03/05 09:18:51 Coordinator work
2024/03/05 09:18:51 Coordinator status 0
2024/03/05 09:18:51 IsDone &{0 2024-03-05 09:18:51.252412484 +0800 CST m=+2.033047365 0xc00016c0c0} true
2024/03/05 09:18:51 Order 3 finish Map
2024/03/05 09:18:51 Coordinator work
2024/03/05 09:18:51 Coordinator status 0
2024/03/05 09:18:51 Coordinator work
2024/03/05 09:18:51 Coordinator status 0
2024/03/05 09:18:51 IsDone &{0 2024-03-05 09:18:51.282534662 +0800 CST m=+2.063169543 0xc00016c1e0} true
2024/03/05 09:18:51 Order 5 finish Map
2024/03/05 09:18:51 IsDone &{0 2024-03-05 09:18:51.274732387 +0800 CST m=+2.055367265 0xc00016c150} true
2024/03/05 09:18:51 Order 4 finish Map
2024/03/05 09:18:52 Coordinator work
2024/03/05 09:18:52 Coordinator status 0
2024/03/05 09:18:52 IsDone &{0 2024-03-05 09:18:52.275392204 +0800 CST m=+3.056027076 0xc00016c270} true
2024/03/05 09:18:52 Order 6 finish Map
2024/03/05 09:18:52 Coordinator work
2024/03/05 09:18:52 Coordinator status 0
2024/03/05 09:18:52 Coordinator work
2024/03/05 09:18:52 Coordinator status 0
2024/03/05 09:18:52 Map: 7 done vs. 1 working, Reduce 0 done vs. 0 working
2024/03/05 09:18:52 IsDone &{0 2024-03-05 09:18:52.298353872 +0800 CST m=+3.078988750 0xc00016c300} true
2024/03/05 09:18:52 Order 7 finish Map
2024/03/05 09:18:53 Coordinator work
2024/03/05 09:18:53 Coordinator status 0
2024/03/05 09:18:53 Map: 8 done vs. 0 working, Reduce 0 done vs. 0 working
2024/03/05 09:18:53 forward: forward to Reuce Phase
2024/03/05 09:18:53 making reduce order : 8
2024/03/05 09:18:53 making reduce order : 9
2024/03/05 09:18:53 making reduce order : 10
2024/03/05 09:18:53 making reduce order : 11
2024/03/05 09:18:53 making reduce order : 12
2024/03/05 09:18:53 making reduce order : 13
2024/03/05 09:18:53 making reduce order : 14
2024/03/05 09:18:53 making reduce order : 15
2024/03/05 09:18:53 making reduce order : 16
2024/03/05 09:18:53 making reduce order : 17
2024/03/05 09:18:53 done with make reduce order
2024/03/05 09:18:53 Map: 8 done vs. 0 working, Reduce 0 done vs. 10 working
2024/03/05 09:18:53 Coordinator work
2024/03/05 09:18:53 Coordinator status 1
2024/03/05 09:18:53 Order 8 finish Reduce
2024/03/05 09:18:54 Coordinator work
2024/03/05 09:18:54 Coordinator status 1
2024/03/05 09:18:54 Order 9 finish Reduce
2024/03/05 09:18:54 Coordinator work
2024/03/05 09:18:54 Coordinator status 1
2024/03/05 09:18:55 Coordinator work
2024/03/05 09:18:55 Coordinator status 1
2024/03/05 09:18:55 Order 11 finish Reduce
2024/03/05 09:18:55 Coordinator work
2024/03/05 09:18:55 Coordinator status 1
2024/03/05 09:18:55 Order 12 finish Reduce
2024/03/05 09:18:56 Coordinator work
2024/03/05 09:18:56 Coordinator status 1
2024/03/05 09:18:56 Order 13 finish Reduce
2024/03/05 09:18:56 Coordinator work
2024/03/05 09:18:56 Coordinator status 1
2024/03/05 09:18:57 Coordinator work
2024/03/05 09:18:57 Coordinator status 1
2024/03/05 09:18:57 Order 15 finish Reduce
2024/03/05 09:18:57 Order 10 finish Reduce
2024/03/05 09:18:58 Coordinator work
2024/03/05 09:18:58 Coordinator status 1
2024/03/05 09:18:58 Order 16 finish Reduce
2024/03/05 09:18:58 Coordinator work
2024/03/05 09:18:58 Coordinator status 1
2024/03/05 09:18:58 Order 17 finish Reduce
2024/03/05 09:18:59 Coordinator work
2024/03/05 09:18:59 Coordinator status 1
2024/03/05 09:18:59 Map: 8 done vs. 0 working, Reduce 9 done vs. 1 working
2024/03/05 09:18:59 Order 14 finish Reduce
2024/03/05 09:18:59 Coordinator work
2024/03/05 09:18:59 Coordinator status 1
2024/03/05 09:18:59 Map: 8 done vs. 0 working, Reduce 10 done vs. 0 working
2024/03/05 09:18:59 forward: forward to done phase
2024/03/05 09:19:00 Coordinator work
2024/03/05 09:19:00 Coordinator status 2
