2024/03/05 07:00:22 making map order &{0 [../pg-being_ernest.txt] 0 10}
2024/03/05 07:00:22 making map order &{0 [../pg-dorian_gray.txt] 1 10}
2024/03/05 07:00:22 making map order &{0 [../pg-frankenstein.txt] 2 10}
2024/03/05 07:00:22 making map order &{0 [../pg-grimm.txt] 3 10}
2024/03/05 07:00:22 making map order &{0 [../pg-huckleberry_finn.txt] 4 10}
2024/03/05 07:00:22 making map order &{0 [../pg-metamorphosis.txt] 5 10}
2024/03/05 07:00:22 making map order &{0 [../pg-sherlock_holmes.txt] 6 10}
2024/03/05 07:00:22 making map order &{0 [../pg-tom_sawyer.txt] 7 10}
2024/03/05 07:00:22 done with make map order
2024/03/05 07:00:22 Map: 0 done vs. 8 working, Reduce 0 done vs. 0 working
2024/03/05 07:00:23 Coordinator work
2024/03/05 07:00:23 Coordinator status 0
2024/03/05 07:00:23 Coordinator work
2024/03/05 07:00:23 Coordinator status 0
2024/03/05 07:00:27 IsDone &{0 2024-03-05 07:00:23.181354936 +0800 CST m=+1.018660627 0xc0000742a0} true
2024/03/05 07:00:27 Order 0 finish Map
2024/03/05 07:00:27 IsDone &{0 2024-03-05 07:00:23.195778232 +0800 CST m=+1.033083930 0xc000074330} true
2024/03/05 07:00:27 Order 1 finish Map
2024/03/05 07:00:28 Coordinator work
2024/03/05 07:00:28 Coordinator status 0
2024/03/05 07:00:28 Coordinator work
2024/03/05 07:00:28 Coordinator status 0
2024/03/05 07:00:32 IsDone &{0 2024-03-05 07:00:28.274984748 +0800 CST m=+6.112290443 0xc0000743c0} true
2024/03/05 07:00:32 Order 2 finish Map
2024/03/05 07:00:32 IsDone &{0 2024-03-05 07:00:28.294226731 +0800 CST m=+6.131532429 0xc000074450} true
2024/03/05 07:00:32 Order 3 finish Map
2024/03/05 07:00:33 Coordinator work
2024/03/05 07:00:33 Coordinator status 0
2024/03/05 07:00:33 Coordinator work
2024/03/05 07:00:33 Coordinator status 0
2024/03/05 07:00:37 IsDone &{0 2024-03-05 07:00:33.176982588 +0800 CST m=+11.014288286 0xc0000744e0} true
2024/03/05 07:00:37 Order 4 finish Map
2024/03/05 07:00:37 IsDone &{0 2024-03-05 07:00:33.1988548 +0800 CST m=+11.036160499 0xc000074570} true
2024/03/05 07:00:37 Order 5 finish Map
2024/03/05 07:00:38 Coordinator work
2024/03/05 07:00:38 Coordinator status 0
2024/03/05 07:00:38 Coordinator work
2024/03/05 07:00:38 Coordinator status 0
2024/03/05 07:00:40 IsDone &{0 2024-03-05 07:00:38.042985437 +0800 CST m=+15.880291135 0xc000074600} true
2024/03/05 07:00:40 Order 6 finish Map
2024/03/05 07:00:40 IsDone &{0 2024-03-05 07:00:38.056163062 +0800 CST m=+15.893468762 0xc000074690} true
2024/03/05 07:00:40 Order 7 finish Map
2024/03/05 07:00:41 Coordinator work
2024/03/05 07:00:41 Coordinator status 0
2024/03/05 07:00:41 Map: 8 done vs. 0 working, Reduce 0 done vs. 0 working
2024/03/05 07:00:41 forward: forward to Reuce Phase
2024/03/05 07:00:41 making reduce order : 8
2024/03/05 07:00:41 making reduce order : 9
2024/03/05 07:00:41 making reduce order : 10
2024/03/05 07:00:41 making reduce order : 11
2024/03/05 07:00:41 making reduce order : 12
2024/03/05 07:00:41 making reduce order : 13
2024/03/05 07:00:41 making reduce order : 14
2024/03/05 07:00:41 Coordinator work
2024/03/05 07:00:41 making reduce order : 15
2024/03/05 07:00:41 making reduce order : 16
2024/03/05 07:00:41 making reduce order : 17
2024/03/05 07:00:41 done with make reduce order
2024/03/05 07:00:41 Map: 8 done vs. 0 working, Reduce 0 done vs. 10 working
2024/03/05 07:00:41 Coordinator status 1
2024/03/05 07:00:41 Order 8 finish Reduce
2024/03/05 07:00:42 Coordinator work
2024/03/05 07:00:42 Coordinator status 1
2024/03/05 07:00:42 Order 9 finish Reduce
2024/03/05 07:00:43 Coordinator work
2024/03/05 07:00:43 Coordinator status 1
2024/03/05 07:00:43 Order 10 finish Reduce
2024/03/05 07:00:43 Coordinator work
2024/03/05 07:00:43 Coordinator status 1
2024/03/05 07:00:43 Order 11 finish Reduce
2024/03/05 07:00:44 Coordinator work
2024/03/05 07:00:44 Coordinator status 1
2024/03/05 07:00:44 Order 12 finish Reduce
2024/03/05 07:00:44 Coordinator work
2024/03/05 07:00:44 Coordinator status 1
2024/03/05 07:00:44 Order 13 finish Reduce
2024/03/05 07:00:45 Coordinator work
2024/03/05 07:00:45 Coordinator status 1
2024/03/05 07:00:45 Order 14 finish Reduce
2024/03/05 07:00:45 Coordinator work
2024/03/05 07:00:45 Coordinator status 1
2024/03/05 07:00:45 Order 15 finish Reduce
2024/03/05 07:00:46 Coordinator work
2024/03/05 07:00:46 Coordinator status 1
2024/03/05 07:00:46 Order 16 finish Reduce
2024/03/05 07:00:46 Coordinator work
2024/03/05 07:00:46 Coordinator status 1
2024/03/05 07:00:46 Order 17 finish Reduce
2024/03/05 07:00:47 Coordinator work
2024/03/05 07:00:47 Coordinator status 1
2024/03/05 07:00:47 Map: 8 done vs. 0 working, Reduce 10 done vs. 0 working
2024/03/05 07:00:47 forward: forward to done phase
2024/03/05 07:00:47 Coordinator work
2024/03/05 07:00:47 Coordinator status 2
