2024/03/05 09:23:38 making map order &{0 [../pg-being_ernest.txt] 0 10}
2024/03/05 09:23:38 making map order &{0 [../pg-dorian_gray.txt] 1 10}
2024/03/05 09:23:38 making map order &{0 [../pg-frankenstein.txt] 2 10}
2024/03/05 09:23:38 making map order &{0 [../pg-grimm.txt] 3 10}
2024/03/05 09:23:38 making map order &{0 [../pg-huckleberry_finn.txt] 4 10}
2024/03/05 09:23:38 making map order &{0 [../pg-metamorphosis.txt] 5 10}
2024/03/05 09:23:38 making map order &{0 [../pg-sherlock_holmes.txt] 6 10}
2024/03/05 09:23:38 making map order &{0 [../pg-tom_sawyer.txt] 7 10}
2024/03/05 09:23:38 done with make map order
2024/03/05 09:23:38 Map: 0 done vs. 8 working, Reduce 0 done vs. 0 working
2024/03/05 09:23:40 Coordinator work
2024/03/05 09:23:40 Coordinator status 0
2024/03/05 09:23:40 Coordinator work
2024/03/05 09:23:40 Coordinator status 0
2024/03/05 09:23:41 IsDone &{0 2024-03-05 09:23:40.00315536 +0800 CST m=+1.023404116 0xc000074390} true
2024/03/05 09:23:41 Order 0 finish Map
2024/03/05 09:23:41 IsDone &{0 2024-03-05 09:23:40.011141037 +0800 CST m=+1.031389793 0xc000074420} true
2024/03/05 09:23:41 Order 1 finish Map
2024/03/05 09:23:42 Coordinator work
2024/03/05 09:23:42 Coordinator status 0
2024/03/05 09:23:42 Coordinator work
2024/03/05 09:23:42 Coordinator status 0
2024/03/05 09:23:43 IsDone &{0 2024-03-05 09:23:42.015366469 +0800 CST m=+3.035615231 0xc0000744b0} true
2024/03/05 09:23:43 Order 2 finish Map
2024/03/05 09:23:43 IsDone &{0 2024-03-05 09:23:42.029754013 +0800 CST m=+3.050002772 0xc000074540} true
2024/03/05 09:23:43 Order 3 finish Map
2024/03/05 09:23:44 Coordinator work
2024/03/05 09:23:44 Coordinator status 0
2024/03/05 09:23:44 Coordinator work
2024/03/05 09:23:44 Coordinator status 0
2024/03/05 09:23:45 IsDone &{0 2024-03-05 09:23:44.032473485 +0800 CST m=+5.052722249 0xc0000745d0} true
2024/03/05 09:23:45 Order 4 finish Map
2024/03/05 09:23:45 IsDone &{0 2024-03-05 09:23:44.047075767 +0800 CST m=+5.067324519 0xc000074660} true
2024/03/05 09:23:45 Order 5 finish Map
2024/03/05 09:23:46 Coordinator work
2024/03/05 09:23:46 Coordinator status 0
2024/03/05 09:23:46 Coordinator work
2024/03/05 09:23:46 Coordinator status 0
2024/03/05 09:23:47 IsDone &{0 2024-03-05 09:23:46.061098921 +0800 CST m=+7.081347683 0xc000074780} true
2024/03/05 09:23:47 Order 7 finish Map
2024/03/05 09:23:47 IsDone &{0 2024-03-05 09:23:46.055956826 +0800 CST m=+7.076205583 0xc0000746f0} true
2024/03/05 09:23:47 Order 6 finish Map
2024/03/05 09:23:48 Coordinator work
2024/03/05 09:23:48 Coordinator status 0
2024/03/05 09:23:48 Map: 8 done vs. 0 working, Reduce 0 done vs. 0 working
2024/03/05 09:23:48 forward: forward to Reuce Phase
2024/03/05 09:23:48 making reduce order : 8
2024/03/05 09:23:48 making reduce order : 9
2024/03/05 09:23:48 making reduce order : 10
2024/03/05 09:23:48 making reduce order : 11
2024/03/05 09:23:48 Coordinator work
2024/03/05 09:23:48 making reduce order : 12
2024/03/05 09:23:48 making reduce order : 13
2024/03/05 09:23:48 making reduce order : 14
2024/03/05 09:23:48 making reduce order : 15
2024/03/05 09:23:48 making reduce order : 16
2024/03/05 09:23:48 making reduce order : 17
2024/03/05 09:23:48 done with make reduce order
2024/03/05 09:23:48 Map: 8 done vs. 0 working, Reduce 0 done vs. 10 working
2024/03/05 09:23:48 Coordinator status 1
2024/03/05 09:23:48 Order 8 finish Reduce
2024/03/05 09:23:49 Coordinator work
2024/03/05 09:23:49 Coordinator status 1
2024/03/05 09:23:49 Order 9 finish Reduce
2024/03/05 09:23:50 Coordinator work
2024/03/05 09:23:50 Coordinator status 1
2024/03/05 09:23:50 Order 10 finish Reduce
2024/03/05 09:23:50 Coordinator work
2024/03/05 09:23:50 Coordinator status 1
2024/03/05 09:23:50 Order 11 finish Reduce
2024/03/05 09:23:51 Coordinator work
2024/03/05 09:23:51 Coordinator status 1
2024/03/05 09:23:51 Order 12 finish Reduce
2024/03/05 09:23:51 Coordinator work
2024/03/05 09:23:51 Coordinator status 1
2024/03/05 09:23:51 Order 13 finish Reduce
2024/03/05 09:23:52 Coordinator work
2024/03/05 09:23:52 Coordinator status 1
2024/03/05 09:23:52 Order 14 finish Reduce
2024/03/05 09:23:52 Coordinator work
2024/03/05 09:23:52 Coordinator status 1
2024/03/05 09:23:52 Order 15 finish Reduce
2024/03/05 09:23:53 Coordinator work
2024/03/05 09:23:53 Coordinator status 1
2024/03/05 09:23:53 Order 16 finish Reduce
2024/03/05 09:23:53 Coordinator work
2024/03/05 09:23:53 Coordinator status 1
2024/03/05 09:23:53 Order 17 finish Reduce
2024/03/05 09:23:54 Coordinator work
2024/03/05 09:23:54 Coordinator status 1
2024/03/05 09:23:54 Map: 8 done vs. 0 working, Reduce 10 done vs. 0 working
2024/03/05 09:23:54 forward: forward to done phase
2024/03/05 09:23:54 Coordinator work
2024/03/05 09:23:54 Coordinator status 2
