2024/03/05 10:55:13 making map order &{0 [../pg-being_ernest.txt] 0 10}
2024/03/05 10:55:13 making map order &{0 [../pg-dorian_gray.txt] 1 10}
2024/03/05 10:55:13 making map order &{0 [../pg-frankenstein.txt] 2 10}
2024/03/05 10:55:13 making map order &{0 [../pg-grimm.txt] 3 10}
2024/03/05 10:55:13 making map order &{0 [../pg-huckleberry_finn.txt] 4 10}
2024/03/05 10:55:13 making map order &{0 [../pg-metamorphosis.txt] 5 10}
2024/03/05 10:55:13 making map order &{0 [../pg-sherlock_holmes.txt] 6 10}
2024/03/05 10:55:13 making map order &{0 [../pg-tom_sawyer.txt] 7 10}
2024/03/05 10:55:13 done with make map order
2024/03/05 10:55:13 Map: 0 done vs. 8 working, Reduce 0 done vs. 0 working
2024/03/05 10:55:14 Coordinator work
2024/03/05 10:55:14 Coordinator status 0
2024/03/05 10:55:14 Coordinator work
2024/03/05 10:55:14 Coordinator status 0
2024/03/05 10:55:14 IsDone &{0 2024-03-05 10:55:14.129144814 +0800 CST m=+1.061474354 0xc00007be30} true
2024/03/05 10:55:14 Order 0 finish Map
2024/03/05 10:55:14 IsDone &{0 2024-03-05 10:55:14.134028408 +0800 CST m=+1.066357956 0xc00007bec0} true
2024/03/05 10:55:14 Order 1 finish Map
2024/03/05 10:55:15 Coordinator work
2024/03/05 10:55:15 Coordinator status 0
2024/03/05 10:55:15 Coordinator work
2024/03/05 10:55:15 Coordinator status 0
2024/03/05 10:55:15 IsDone &{0 2024-03-05 10:55:15.151134368 +0800 CST m=+2.083463916 0xc00007bf50} true
2024/03/05 10:55:15 Order 2 finish Map
2024/03/05 10:55:15 IsDone &{0 2024-03-05 10:55:15.156685291 +0800 CST m=+2.089014840 0xc00016c000} true
2024/03/05 10:55:15 Order 3 finish Map
2024/03/05 10:55:16 Coordinator work
2024/03/05 10:55:16 Coordinator status 0
2024/03/05 10:55:16 Coordinator work
2024/03/05 10:55:16 Coordinator status 0
2024/03/05 10:55:16 IsDone &{0 2024-03-05 10:55:16.180910322 +0800 CST m=+3.113239868 0xc00016c120} true
2024/03/05 10:55:16 Order 5 finish Map
2024/03/05 10:55:16 IsDone &{0 2024-03-05 10:55:16.179793572 +0800 CST m=+3.112123121 0xc00016c090} true
2024/03/05 10:55:16 Order 4 finish Map
2024/03/05 10:55:17 Coordinator work
2024/03/05 10:55:17 Coordinator status 0
2024/03/05 10:55:17 IsDone &{0 2024-03-05 10:55:17.191641582 +0800 CST m=+4.123971131 0xc00016c1b0} true
2024/03/05 10:55:17 Order 6 finish Map
2024/03/05 10:55:17 Coordinator work
2024/03/05 10:55:17 Coordinator status 0
2024/03/05 10:55:17 IsDone &{0 2024-03-05 10:55:17.211937296 +0800 CST m=+4.144266842 0xc00016c240} true
2024/03/05 10:55:17 Order 7 finish Map
2024/03/05 10:55:18 Coordinator work
2024/03/05 10:55:18 Coordinator status 0
2024/03/05 10:55:18 Map: 8 done vs. 0 working, Reduce 0 done vs. 0 working
2024/03/05 10:55:18 forward: forward to Reuce Phase
2024/03/05 10:55:18 making reduce order : 8
2024/03/05 10:55:18 making reduce order : 9
2024/03/05 10:55:18 making reduce order : 10
2024/03/05 10:55:18 making reduce order : 11
2024/03/05 10:55:18 making reduce order : 12
2024/03/05 10:55:18 making reduce order : 13
2024/03/05 10:55:18 making reduce order : 14
2024/03/05 10:55:18 making reduce order : 15
2024/03/05 10:55:18 making reduce order : 16
2024/03/05 10:55:18 making reduce order : 17
2024/03/05 10:55:18 done with make reduce order
2024/03/05 10:55:18 Map: 8 done vs. 0 working, Reduce 0 done vs. 10 working
2024/03/05 10:55:18 Coordinator work
2024/03/05 10:55:18 Coordinator status 1
2024/03/05 10:55:19 Order 8 finish Reduce
2024/03/05 10:55:20 Coordinator work
2024/03/05 10:55:20 Coordinator status 1
2024/03/05 10:55:20 Coordinator work
2024/03/05 10:55:20 Coordinator status 1
2024/03/05 10:55:21 Order 9 finish Reduce
2024/03/05 10:55:21 Order 10 finish Reduce
2024/03/05 10:55:22 Coordinator work
2024/03/05 10:55:22 Coordinator status 1
2024/03/05 10:55:22 Coordinator work
2024/03/05 10:55:22 Coordinator status 1
2024/03/05 10:55:24 Order 11 finish Reduce
2024/03/05 10:55:24 Order 12 finish Reduce
2024/03/05 10:55:25 Coordinator work
2024/03/05 10:55:25 Coordinator status 1
2024/03/05 10:55:25 Coordinator work
2024/03/05 10:55:25 Coordinator status 1
2024/03/05 10:55:26 Order 13 finish Reduce
2024/03/05 10:55:26 Order 14 finish Reduce
2024/03/05 10:55:27 Coordinator work
2024/03/05 10:55:27 Coordinator status 1
2024/03/05 10:55:27 Order 15 finish Reduce
2024/03/05 10:55:27 Coordinator work
2024/03/05 10:55:27 Coordinator status 1
2024/03/05 10:55:27 Order 16 finish Reduce
2024/03/05 10:55:28 Coordinator work
2024/03/05 10:55:28 Coordinator status 1
2024/03/05 10:55:28 Coordinator work
2024/03/05 10:55:28 Coordinator status 1
2024/03/05 10:55:28 Map: 8 done vs. 0 working, Reduce 9 done vs. 1 working
2024/03/05 10:55:29 Order 17 finish Reduce
2024/03/05 10:55:30 Coordinator work
2024/03/05 10:55:30 Coordinator status 1
2024/03/05 10:55:30 Map: 8 done vs. 0 working, Reduce 10 done vs. 0 working
2024/03/05 10:55:30 forward: forward to done phase
2024/03/05 10:55:30 Coordinator work
2024/03/05 10:55:30 Coordinator status 2
