2024/03/05 06:38:50 making map order &{0 [../pg-being_ernest.txt] 0 10}
2024/03/05 06:38:50 making map order &{0 [../pg-dorian_gray.txt] 1 10}
2024/03/05 06:38:50 making map order &{0 [../pg-frankenstein.txt] 2 10}
2024/03/05 06:38:50 making map order &{0 [../pg-grimm.txt] 3 10}
2024/03/05 06:38:50 making map order &{0 [../pg-huckleberry_finn.txt] 4 10}
2024/03/05 06:38:50 making map order &{0 [../pg-metamorphosis.txt] 5 10}
2024/03/05 06:38:50 making map order &{0 [../pg-sherlock_holmes.txt] 6 10}
2024/03/05 06:38:50 making map order &{0 [../pg-tom_sawyer.txt] 7 10}
2024/03/05 06:38:50 done with make map order
2024/03/05 06:38:50 Map: 0 done vs. 8 working, Reduce 0 done vs. 0 working
2024/03/05 06:38:51 Coordinator work
2024/03/05 06:38:51 Coordinator status 0
2024/03/05 06:38:51 IsDone &{0 2024-03-05 06:38:51.823017343 +0800 CST m=+1.016567349 0xc000074300} true
2024/03/05 06:38:51 Order 0 finish Map
2024/03/05 06:38:51 Coordinator work
2024/03/05 06:38:51 Coordinator status 0
2024/03/05 06:38:51 Coordinator work
2024/03/05 06:38:51 Coordinator status 0
2024/03/05 06:38:51 IsDone &{0 2024-03-05 06:38:51.83722025 +0800 CST m=+1.030770256 0xc000074420} true
2024/03/05 06:38:51 Order 2 finish Map
2024/03/05 06:38:51 IsDone &{0 2024-03-05 06:38:51.836244196 +0800 CST m=+1.029794195 0xc000074390} true
2024/03/05 06:38:51 Order 1 finish Map
2024/03/05 06:38:52 Coordinator work
2024/03/05 06:38:52 Coordinator status 0
2024/03/05 06:38:52 IsDone &{0 2024-03-05 06:38:52.832804345 +0800 CST m=+2.026354348 0xc0000744b0} true
2024/03/05 06:38:52 Order 3 finish Map
2024/03/05 06:38:52 Coordinator work
2024/03/05 06:38:52 Coordinator status 0
2024/03/05 06:38:52 Coordinator work
2024/03/05 06:38:52 Coordinator status 0
2024/03/05 06:38:52 IsDone &{0 2024-03-05 06:38:52.855306909 +0800 CST m=+2.048856909 0xc0000745d0} true
2024/03/05 06:38:52 Order 5 finish Map
2024/03/05 06:38:52 IsDone &{0 2024-03-05 06:38:52.852984473 +0800 CST m=+2.046534478 0xc000074540} true
2024/03/05 06:38:52 Order 4 finish Map
2024/03/05 06:38:53 Coordinator work
2024/03/05 06:38:53 Coordinator status 0
2024/03/05 06:38:53 Coordinator work
2024/03/05 06:38:53 Coordinator status 0
2024/03/05 06:38:53 IsDone &{0 2024-03-05 06:38:53.85222351 +0800 CST m=+3.045773514 0xc000074660} true
2024/03/05 06:38:53 Order 6 finish Map
2024/03/05 06:38:53 Coordinator work
2024/03/05 06:38:53 Coordinator status 0
2024/03/05 06:38:53 Map: 7 done vs. 1 working, Reduce 0 done vs. 0 working
2024/03/05 06:38:53 IsDone &{0 2024-03-05 06:38:53.865604023 +0800 CST m=+3.059154026 0xc0000746f0} true
2024/03/05 06:38:53 Order 7 finish Map
2024/03/05 06:38:54 Coordinator work
2024/03/05 06:38:54 Coordinator status 0
2024/03/05 06:38:54 Map: 8 done vs. 0 working, Reduce 0 done vs. 0 working
2024/03/05 06:38:54 forward: forward to Reuce Phase
2024/03/05 06:38:54 making reduce order : 8
2024/03/05 06:38:54 making reduce order : 9
2024/03/05 06:38:54 making reduce order : 10
2024/03/05 06:38:54 making reduce order : 11
2024/03/05 06:38:54 making reduce order : 12
2024/03/05 06:38:54 making reduce order : 13
2024/03/05 06:38:54 making reduce order : 14
2024/03/05 06:38:54 making reduce order : 15
2024/03/05 06:38:54 making reduce order : 16
2024/03/05 06:38:54 making reduce order : 17
2024/03/05 06:38:54 done with make reduce order
2024/03/05 06:38:54 Map: 8 done vs. 0 working, Reduce 0 done vs. 10 working
2024/03/05 06:38:54 Coordinator work
2024/03/05 06:38:54 Coordinator status 1
2024/03/05 06:38:54 Order 8 finish Reduce
2024/03/05 06:38:55 Coordinator work
2024/03/05 06:38:55 Coordinator status 1
2024/03/05 06:38:55 Order 9 finish Reduce
2024/03/05 06:38:55 Coordinator work
2024/03/05 06:38:55 Coordinator status 1
2024/03/05 06:38:56 Coordinator work
2024/03/05 06:38:56 Coordinator status 1
2024/03/05 06:38:56 Coordinator work
2024/03/05 06:38:56 Coordinator status 1
2024/03/05 06:38:56 Order 12 finish Reduce
2024/03/05 06:38:56 Order 11 finish Reduce
2024/03/05 06:38:57 Coordinator work
2024/03/05 06:38:57 Coordinator status 1
2024/03/05 06:38:57 Coordinator work
2024/03/05 06:38:57 Coordinator status 1
2024/03/05 06:38:57 Order 13 finish Reduce
2024/03/05 06:38:58 Coordinator work
2024/03/05 06:38:58 Coordinator status 1
2024/03/05 06:38:58 Order 15 finish Reduce
2024/03/05 06:38:58 Order 10 finish Reduce
2024/03/05 06:38:59 Coordinator work
2024/03/05 06:38:59 Coordinator status 1
2024/03/05 06:38:59 Order 16 finish Reduce
2024/03/05 06:38:59 Coordinator work
2024/03/05 06:38:59 Coordinator status 1
2024/03/05 06:38:59 Order 17 finish Reduce
2024/03/05 06:39:00 Order 14 finish Reduce
2024/03/05 06:39:00 Coordinator work
2024/03/05 06:39:00 Coordinator status 1
2024/03/05 06:39:00 Map: 8 done vs. 0 working, Reduce 10 done vs. 0 working
2024/03/05 06:39:00 forward: forward to done phase
2024/03/05 06:39:00 Coordinator work
2024/03/05 06:39:00 Coordinator status 2
2024/03/05 06:39:01 Coordinator work
2024/03/05 06:39:01 Coordinator status 2
