2024/03/05 07:44:38 making map order &{0 [../pg-being_ernest.txt] 0 10}
2024/03/05 07:44:38 making map order &{0 [../pg-dorian_gray.txt] 1 10}
2024/03/05 07:44:38 making map order &{0 [../pg-frankenstein.txt] 2 10}
2024/03/05 07:44:38 making map order &{0 [../pg-grimm.txt] 3 10}
2024/03/05 07:44:38 making map order &{0 [../pg-huckleberry_finn.txt] 4 10}
2024/03/05 07:44:38 making map order &{0 [../pg-metamorphosis.txt] 5 10}
2024/03/05 07:44:38 making map order &{0 [../pg-sherlock_holmes.txt] 6 10}
2024/03/05 07:44:38 making map order &{0 [../pg-tom_sawyer.txt] 7 10}
2024/03/05 07:44:38 done with make map order
2024/03/05 07:44:38 Map: 0 done vs. 8 working, Reduce 0 done vs. 0 working
2024/03/05 07:44:39 Coordinator work
2024/03/05 07:44:39 Coordinator status 0
2024/03/05 07:44:39 IsDone &{0 2024-03-05 07:44:39.928765618 +0800 CST m=+1.025373868 0xc0000a3e30} true
2024/03/05 07:44:39 Order 0 finish Map
2024/03/05 07:44:39 Coordinator work
2024/03/05 07:44:39 Coordinator status 0
2024/03/05 07:44:39 Coordinator work
2024/03/05 07:44:39 Coordinator status 0
2024/03/05 07:44:39 IsDone &{0 2024-03-05 07:44:39.945912247 +0800 CST m=+1.042520497 0xc0000a3f50} true
2024/03/05 07:44:39 Order 2 finish Map
2024/03/05 07:44:39 IsDone &{0 2024-03-05 07:44:39.936696339 +0800 CST m=+1.033304590 0xc0000a3ec0} true
2024/03/05 07:44:39 Order 1 finish Map
2024/03/05 07:44:40 Coordinator work
2024/03/05 07:44:40 Coordinator status 0
2024/03/05 07:44:40 IsDone &{0 2024-03-05 07:44:40.937960199 +0800 CST m=+2.034568451 0xc00011c000} true
2024/03/05 07:44:40 Order 3 finish Map
2024/03/05 07:44:40 Coordinator work
2024/03/05 07:44:40 Coordinator status 0
2024/03/05 07:44:40 Coordinator work
2024/03/05 07:44:40 Coordinator status 0
2024/03/05 07:44:40 IsDone &{0 2024-03-05 07:44:40.968150454 +0800 CST m=+2.064758727 0xc00011c120} true
2024/03/05 07:44:40 Order 5 finish Map
2024/03/05 07:44:40 IsDone &{0 2024-03-05 07:44:40.960566169 +0800 CST m=+2.057174420 0xc00011c090} true
2024/03/05 07:44:40 Order 4 finish Map
2024/03/05 07:44:41 Coordinator work
2024/03/05 07:44:41 Coordinator status 0
2024/03/05 07:44:41 IsDone &{0 2024-03-05 07:44:41.957688505 +0800 CST m=+3.054296756 0xc00011c1b0} true
2024/03/05 07:44:41 Order 6 finish Map
2024/03/05 07:44:41 Coordinator work
2024/03/05 07:44:41 Coordinator status 0
2024/03/05 07:44:41 Coordinator work
2024/03/05 07:44:41 Coordinator status 0
2024/03/05 07:44:41 Map: 7 done vs. 1 working, Reduce 0 done vs. 0 working
2024/03/05 07:44:41 IsDone &{0 2024-03-05 07:44:41.976678171 +0800 CST m=+3.073286419 0xc00011c240} true
2024/03/05 07:44:41 Order 7 finish Map
2024/03/05 07:44:42 Coordinator work
2024/03/05 07:44:42 Coordinator status 0
2024/03/05 07:44:42 Map: 8 done vs. 0 working, Reduce 0 done vs. 0 working
2024/03/05 07:44:42 forward: forward to Reuce Phase
2024/03/05 07:44:42 making reduce order : 8
2024/03/05 07:44:42 making reduce order : 9
2024/03/05 07:44:42 making reduce order : 10
2024/03/05 07:44:42 making reduce order : 11
2024/03/05 07:44:42 making reduce order : 12
2024/03/05 07:44:42 making reduce order : 13
2024/03/05 07:44:42 making reduce order : 14
2024/03/05 07:44:42 making reduce order : 15
2024/03/05 07:44:42 making reduce order : 16
2024/03/05 07:44:42 making reduce order : 17
2024/03/05 07:44:42 done with make reduce order
2024/03/05 07:44:42 Map: 8 done vs. 0 working, Reduce 0 done vs. 10 working
2024/03/05 07:44:42 Coordinator work
2024/03/05 07:44:42 Coordinator status 1
2024/03/05 07:44:42 Order 8 finish Reduce
2024/03/05 07:44:43 Coordinator work
2024/03/05 07:44:43 Coordinator status 1
2024/03/05 07:44:43 Order 9 finish Reduce
2024/03/05 07:44:43 Coordinator work
2024/03/05 07:44:43 Coordinator status 1
2024/03/05 07:44:44 Coordinator work
2024/03/05 07:44:44 Coordinator status 1
2024/03/05 07:44:44 Coordinator work
2024/03/05 07:44:44 Coordinator status 1
2024/03/05 07:44:44 Order 11 finish Reduce
2024/03/05 07:44:44 Order 12 finish Reduce
2024/03/05 07:44:45 Coordinator work
2024/03/05 07:44:45 Coordinator status 1
2024/03/05 07:44:45 Coordinator work
2024/03/05 07:44:45 Coordinator status 1
2024/03/05 07:44:45 Order 13 finish Reduce
2024/03/05 07:44:47 Coordinator work
2024/03/05 07:44:47 Coordinator status 1
2024/03/05 07:44:47 Order 10 finish Reduce
2024/03/05 07:44:47 Order 15 finish Reduce
2024/03/05 07:44:48 Coordinator work
2024/03/05 07:44:48 Coordinator status 1
2024/03/05 07:44:48 Coordinator work
2024/03/05 07:44:48 Coordinator status 1
2024/03/05 07:44:48 Order 16 finish Reduce
2024/03/05 07:44:48 Order 17 finish Reduce
2024/03/05 07:44:49 Order 14 finish Reduce
2024/03/05 07:44:49 Coordinator work
2024/03/05 07:44:49 Coordinator status 1
2024/03/05 07:44:49 Map: 8 done vs. 0 working, Reduce 10 done vs. 0 working
2024/03/05 07:44:49 forward: forward to done phase
2024/03/05 07:44:49 Coordinator work
2024/03/05 07:44:49 Coordinator status 2
2024/03/05 07:44:50 Coordinator work
2024/03/05 07:44:50 Coordinator status 2
