2024/03/05 01:48:26 making map order &{0 [../pg-being_ernest.txt] 0 10}
2024/03/05 01:48:26 making map order &{0 [../pg-dorian_gray.txt] 1 10}
2024/03/05 01:48:26 making map order &{0 [../pg-frankenstein.txt] 2 10}
2024/03/05 01:48:26 making map order &{0 [../pg-grimm.txt] 3 10}
2024/03/05 01:48:26 making map order &{0 [../pg-huckleberry_finn.txt] 4 10}
2024/03/05 01:48:26 making map order &{0 [../pg-metamorphosis.txt] 5 10}
2024/03/05 01:48:26 making map order &{0 [../pg-sherlock_holmes.txt] 6 10}
2024/03/05 01:48:26 making map order &{0 [../pg-tom_sawyer.txt] 7 10}
2024/03/05 01:48:26 done with make map order
2024/03/05 01:48:26 Map: 0 done vs. 8 working, Reduce 0 done vs. 0 working
2024/03/05 01:48:27 Coordinator work
2024/03/05 01:48:27 Coordinator status 0
2024/03/05 01:48:27 Coordinator work
2024/03/05 01:48:27 Coordinator status 0
2024/03/05 01:48:27 IsDone &{0 2024-03-05 01:48:27.41428626 +0800 CST m=+1.018952725 0xc000070300} true
2024/03/05 01:48:27 Order 0 finish Map
2024/03/05 01:48:27 IsDone &{0 2024-03-05 01:48:27.421649942 +0800 CST m=+1.026316405 0xc000070390} true
2024/03/05 01:48:27 Order 1 finish Map
2024/03/05 01:48:28 Coordinator work
2024/03/05 01:48:28 Coordinator status 0
2024/03/05 01:48:28 Coordinator work
2024/03/05 01:48:28 Coordinator status 0
2024/03/05 01:48:28 IsDone &{0 2024-03-05 01:48:28.556373185 +0800 CST m=+2.161039650 0xc000070420} true
2024/03/05 01:48:28 Order 2 finish Map
2024/03/05 01:48:28 IsDone &{0 2024-03-05 01:48:28.679409583 +0800 CST m=+2.284076039 0xc0000704b0} true
2024/03/05 01:48:28 Order 3 finish Map
2024/03/05 01:48:29 Coordinator work
2024/03/05 01:48:29 Coordinator status 0
2024/03/05 01:48:29 Coordinator work
2024/03/05 01:48:29 Coordinator status 0
2024/03/05 01:48:30 IsDone &{0 2024-03-05 01:48:29.880515601 +0800 CST m=+3.485182066 0xc0000705d0} true
2024/03/05 01:48:30 Order 5 finish Map
2024/03/05 01:48:30 IsDone &{0 2024-03-05 01:48:29.814909066 +0800 CST m=+3.419575526 0xc000070540} true
2024/03/05 01:48:30 Order 4 finish Map
2024/03/05 01:48:31 Coordinator work
2024/03/05 01:48:31 Coordinator status 0
2024/03/05 01:48:31 Coordinator work
2024/03/05 01:48:31 Coordinator status 0
2024/03/05 01:48:31 IsDone &{0 2024-03-05 01:48:31.028602304 +0800 CST m=+4.633268769 0xc000070660} true
2024/03/05 01:48:31 Order 6 finish Map
2024/03/05 01:48:31 IsDone &{0 2024-03-05 01:48:31.063173679 +0800 CST m=+4.667840144 0xc0000706f0} true
2024/03/05 01:48:31 Order 7 finish Map
2024/03/05 01:48:32 Coordinator work
2024/03/05 01:48:32 Coordinator status 0
2024/03/05 01:48:32 Map: 8 done vs. 0 working, Reduce 0 done vs. 0 working
2024/03/05 01:48:32 forward: forward to Reuce Phase
2024/03/05 01:48:32 making reduce order : 8
2024/03/05 01:48:32 making reduce order : 9
2024/03/05 01:48:32 making reduce order : 10
2024/03/05 01:48:32 making reduce order : 11
2024/03/05 01:48:32 making reduce order : 12
2024/03/05 01:48:32 making reduce order : 13
2024/03/05 01:48:32 making reduce order : 14
2024/03/05 01:48:32 making reduce order : 15
2024/03/05 01:48:32 making reduce order : 16
2024/03/05 01:48:32 making reduce order : 17
2024/03/05 01:48:32 done with make reduce order
2024/03/05 01:48:32 Map: 8 done vs. 0 working, Reduce 0 done vs. 10 working
2024/03/05 01:48:32 Coordinator work
2024/03/05 01:48:32 Coordinator status 1
2024/03/05 01:48:32 Order 8 finish Reduce
2024/03/05 01:48:33 Coordinator work
2024/03/05 01:48:33 Coordinator status 1
2024/03/05 01:48:33 Order 9 finish Reduce
2024/03/05 01:48:34 Coordinator work
2024/03/05 01:48:34 Coordinator status 1
2024/03/05 01:48:34 Order 10 finish Reduce
2024/03/05 01:48:34 Coordinator work
2024/03/05 01:48:34 Coordinator status 1
2024/03/05 01:48:34 Order 11 finish Reduce
2024/03/05 01:48:35 Coordinator work
2024/03/05 01:48:35 Coordinator status 1
2024/03/05 01:48:35 Order 12 finish Reduce
2024/03/05 01:48:35 Coordinator work
2024/03/05 01:48:35 Coordinator status 1
2024/03/05 01:48:35 Order 13 finish Reduce
2024/03/05 01:48:36 Coordinator work
2024/03/05 01:48:36 Coordinator status 1
2024/03/05 01:48:36 Order 14 finish Reduce
2024/03/05 01:48:36 Coordinator work
2024/03/05 01:48:36 Coordinator status 1
2024/03/05 01:48:36 Order 15 finish Reduce
2024/03/05 01:48:37 Coordinator work
2024/03/05 01:48:37 Coordinator status 1
2024/03/05 01:48:37 Order 16 finish Reduce
2024/03/05 01:48:37 Coordinator work
2024/03/05 01:48:37 Coordinator status 1
2024/03/05 01:48:38 Order 17 finish Reduce
2024/03/05 01:48:38 Coordinator work
2024/03/05 01:48:38 Coordinator status 1
2024/03/05 01:48:38 Map: 8 done vs. 0 working, Reduce 10 done vs. 0 working
2024/03/05 01:48:38 forward: forward to done phase
2024/03/05 01:48:39 Coordinator work
2024/03/05 01:48:39 Coordinator status 2
