2024/03/04 23:01:04 making map order &{0 [../pg-being_ernest.txt] 0 10}
2024/03/04 23:01:04 making map order &{0 [../pg-dorian_gray.txt] 1 10}
2024/03/04 23:01:04 making map order &{0 [../pg-frankenstein.txt] 2 10}
2024/03/04 23:01:04 making map order &{0 [../pg-grimm.txt] 3 10}
2024/03/04 23:01:04 making map order &{0 [../pg-huckleberry_finn.txt] 4 10}
2024/03/04 23:01:04 making map order &{0 [../pg-metamorphosis.txt] 5 10}
2024/03/04 23:01:04 making map order &{0 [../pg-sherlock_holmes.txt] 6 10}
2024/03/04 23:01:04 making map order &{0 [../pg-tom_sawyer.txt] 7 10}
2024/03/04 23:01:04 done with make map order
2024/03/04 23:01:04 Map: 0 done vs. 8 working, Reduce 0 done vs. 0 working
2024/03/04 23:01:05 Coordinator work
2024/03/04 23:01:05 Coordinator status 0
2024/03/04 23:01:05 Coordinator work
2024/03/04 23:01:05 Coordinator status 0
2024/03/04 23:01:05 Coordinator work
2024/03/04 23:01:05 Coordinator status 0
2024/03/04 23:01:06 IsDone &{0 2024-03-04 23:01:05.474582669 +0800 CST m=+1.014248560 0xc000102360} true
2024/03/04 23:01:06 Order 0 finish Map
2024/03/04 23:01:07 IsDone &{0 2024-03-04 23:01:05.499725986 +0800 CST m=+1.039391885 0xc000102480} true
2024/03/04 23:01:07 Order 2 finish Map
2024/03/04 23:01:07 Coordinator work
2024/03/04 23:01:07 Coordinator status 0
2024/03/04 23:01:07 IsDone &{0 2024-03-04 23:01:05.489496491 +0800 CST m=+1.029162384 0xc0001023f0} true
2024/03/04 23:01:07 Order 1 finish Map
2024/03/04 23:01:08 Coordinator work
2024/03/04 23:01:08 Coordinator status 0
2024/03/04 23:01:08 Coordinator work
2024/03/04 23:01:08 Coordinator status 0
2024/03/04 23:01:08 IsDone &{0 2024-03-04 23:01:08.224442512 +0800 CST m=+3.764108406 0xc000102630} true
2024/03/04 23:01:08 Order 5 finish Map
2024/03/04 23:01:08 IsDone &{0 2024-03-04 23:01:07.133026296 +0800 CST m=+2.672692192 0xc000102510} true
2024/03/04 23:01:08 Order 3 finish Map
2024/03/04 23:01:09 Coordinator work
2024/03/04 23:01:09 Coordinator status 0
2024/03/04 23:01:09 IsDone &{0 2024-03-04 23:01:08.005470419 +0800 CST m=+3.545136313 0xc0001025a0} true
2024/03/04 23:01:09 Order 4 finish Map
2024/03/04 23:01:09 Coordinator work
2024/03/04 23:01:09 Coordinator status 0
2024/03/04 23:01:10 Coordinator work
2024/03/04 23:01:10 Coordinator status 0
2024/03/04 23:01:10 Map: 6 done vs. 2 working, Reduce 0 done vs. 0 working
2024/03/04 23:01:11 IsDone &{0 2024-03-04 23:01:09.974420496 +0800 CST m=+5.514086384 0xc000102750} true
2024/03/04 23:01:11 Order 7 finish Map
2024/03/04 23:01:11 IsDone &{0 2024-03-04 23:01:09.751430516 +0800 CST m=+5.291096416 0xc0001026c0} true
2024/03/04 23:01:11 Order 6 finish Map
2024/03/04 23:01:12 Coordinator work
2024/03/04 23:01:12 Coordinator status 0
2024/03/04 23:01:12 Map: 8 done vs. 0 working, Reduce 0 done vs. 0 working
2024/03/04 23:01:12 forward: forward to Reuce Phase
2024/03/04 23:01:12 making reduce order : 8
2024/03/04 23:01:12 making reduce order : 9
2024/03/04 23:01:12 making reduce order : 10
2024/03/04 23:01:12 making reduce order : 11
2024/03/04 23:01:12 making reduce order : 12
2024/03/04 23:01:12 making reduce order : 13
2024/03/04 23:01:12 making reduce order : 14
2024/03/04 23:01:12 making reduce order : 15
2024/03/04 23:01:12 making reduce order : 16
2024/03/04 23:01:12 making reduce order : 17
2024/03/04 23:01:12 done with make reduce order
2024/03/04 23:01:12 Map: 8 done vs. 0 working, Reduce 0 done vs. 10 working
2024/03/04 23:01:12 Coordinator work
2024/03/04 23:01:12 Coordinator status 1
2024/03/04 23:01:12 Coordinator work
2024/03/04 23:01:12 Coordinator status 1
2024/03/04 23:01:13 Order 8 finish Reduce
2024/03/04 23:01:13 Order 9 finish Reduce
2024/03/04 23:01:14 Coordinator work
2024/03/04 23:01:14 Coordinator status 1
2024/03/04 23:01:14 Coordinator work
2024/03/04 23:01:14 Coordinator status 1
2024/03/04 23:01:14 Coordinator work
2024/03/04 23:01:14 Coordinator status 1
2024/03/04 23:01:15 Order 11 finish Reduce
2024/03/04 23:01:15 Order 10 finish Reduce
2024/03/04 23:01:15 Order 12 finish Reduce
2024/03/04 23:01:16 Coordinator work
2024/03/04 23:01:16 Coordinator status 1
2024/03/04 23:01:16 Coordinator work
2024/03/04 23:01:16 Coordinator status 1
2024/03/04 23:01:16 Coordinator work
2024/03/04 23:01:16 Coordinator status 1
2024/03/04 23:01:16 Order 13 finish Reduce
2024/03/04 23:01:17 Order 15 finish Reduce
2024/03/04 23:01:17 Coordinator work
2024/03/04 23:01:17 Coordinator status 1
2024/03/04 23:01:18 Order 14 finish Reduce
2024/03/04 23:01:18 Coordinator work
2024/03/04 23:01:18 Coordinator status 1
2024/03/04 23:01:18 Order 16 finish Reduce
2024/03/04 23:01:19 Coordinator work
2024/03/04 23:01:19 Coordinator status 1
2024/03/04 23:01:19 Map: 8 done vs. 0 working, Reduce 9 done vs. 1 working
2024/03/04 23:01:19 Order 17 finish Reduce
2024/03/04 23:01:19 Coordinator work
2024/03/04 23:01:19 Coordinator status 1
2024/03/04 23:01:19 Map: 8 done vs. 0 working, Reduce 10 done vs. 0 working
2024/03/04 23:01:19 forward: forward to done phase
2024/03/04 23:01:20 Coordinator work
2024/03/04 23:01:20 Coordinator status 2
