2024/03/05 01:06:49 making map order &{0 [../pg-being_ernest.txt] 0 10}
2024/03/05 01:06:49 making map order &{0 [../pg-dorian_gray.txt] 1 10}
2024/03/05 01:06:49 making map order &{0 [../pg-frankenstein.txt] 2 10}
2024/03/05 01:06:49 making map order &{0 [../pg-grimm.txt] 3 10}
2024/03/05 01:06:49 making map order &{0 [../pg-huckleberry_finn.txt] 4 10}
2024/03/05 01:06:49 making map order &{0 [../pg-metamorphosis.txt] 5 10}
2024/03/05 01:06:49 making map order &{0 [../pg-sherlock_holmes.txt] 6 10}
2024/03/05 01:06:49 making map order &{0 [../pg-tom_sawyer.txt] 7 10}
2024/03/05 01:06:49 done with make map order
2024/03/05 01:06:49 Map: 0 done vs. 8 working, Reduce 0 done vs. 0 working
2024/03/05 01:06:50 Coordinator work
2024/03/05 01:06:50 Coordinator status 0
2024/03/05 01:06:50 Coordinator work
2024/03/05 01:06:50 Coordinator status 0
2024/03/05 01:06:50 IsDone &{0 2024-03-05 01:06:50.37229079 +0800 CST m=+1.013599879 0xc000072450} true
2024/03/05 01:06:50 Order 0 finish Map
2024/03/05 01:06:50 IsDone &{0 2024-03-05 01:06:50.384419556 +0800 CST m=+1.025728654 0xc0000724e0} true
2024/03/05 01:06:50 Order 1 finish Map
2024/03/05 01:06:51 Coordinator work
2024/03/05 01:06:51 Coordinator status 0
2024/03/05 01:06:51 Coordinator work
2024/03/05 01:06:51 Coordinator status 0
2024/03/05 01:06:51 IsDone &{0 2024-03-05 01:06:51.590033019 +0800 CST m=+2.231342115 0xc000072600} true
2024/03/05 01:06:51 Order 3 finish Map
2024/03/05 01:06:51 IsDone &{0 2024-03-05 01:06:51.534903866 +0800 CST m=+2.176212957 0xc000072570} true
2024/03/05 01:06:51 Order 2 finish Map
2024/03/05 01:06:52 Coordinator work
2024/03/05 01:06:52 Coordinator status 0
2024/03/05 01:06:52 Coordinator work
2024/03/05 01:06:52 Coordinator status 0
2024/03/05 01:06:52 IsDone &{0 2024-03-05 01:06:52.833083321 +0800 CST m=+3.474392420 0xc000072720} true
2024/03/05 01:06:52 Order 5 finish Map
2024/03/05 01:06:53 IsDone &{0 2024-03-05 01:06:52.782719676 +0800 CST m=+3.424028762 0xc000072690} true
2024/03/05 01:06:53 Order 4 finish Map
2024/03/05 01:06:53 Coordinator work
2024/03/05 01:06:53 Coordinator status 0
2024/03/05 01:06:54 Coordinator work
2024/03/05 01:06:54 Coordinator status 0
2024/03/05 01:06:54 IsDone &{0 2024-03-05 01:06:54.035319016 +0800 CST m=+4.676628108 0xc000072840} true
2024/03/05 01:06:54 Order 7 finish Map
2024/03/05 01:06:54 IsDone &{0 2024-03-05 01:06:53.983231682 +0800 CST m=+4.624540772 0xc0000727b0} true
2024/03/05 01:06:54 Order 6 finish Map
2024/03/05 01:06:55 Coordinator work
2024/03/05 01:06:55 Coordinator status 0
2024/03/05 01:06:55 Map: 8 done vs. 0 working, Reduce 0 done vs. 0 working
2024/03/05 01:06:55 forward: forward to Reuce Phase
2024/03/05 01:06:55 making reduce order : 8
2024/03/05 01:06:55 making reduce order : 9
2024/03/05 01:06:55 making reduce order : 10
2024/03/05 01:06:55 making reduce order : 11
2024/03/05 01:06:55 making reduce order : 12
2024/03/05 01:06:55 making reduce order : 13
2024/03/05 01:06:55 making reduce order : 14
2024/03/05 01:06:55 making reduce order : 15
2024/03/05 01:06:55 making reduce order : 16
2024/03/05 01:06:55 making reduce order : 17
2024/03/05 01:06:55 done with make reduce order
2024/03/05 01:06:55 Map: 8 done vs. 0 working, Reduce 0 done vs. 10 working
2024/03/05 01:06:55 Coordinator work
2024/03/05 01:06:55 Coordinator status 1
2024/03/05 01:06:55 Order 8 finish Reduce
2024/03/05 01:06:56 Coordinator work
2024/03/05 01:06:56 Coordinator status 1
2024/03/05 01:06:56 Order 9 finish Reduce
2024/03/05 01:06:57 Coordinator work
2024/03/05 01:06:57 Coordinator status 1
2024/03/05 01:06:57 Order 10 finish Reduce
2024/03/05 01:06:57 Coordinator work
2024/03/05 01:06:57 Coordinator status 1
2024/03/05 01:06:57 Order 11 finish Reduce
2024/03/05 01:06:58 Coordinator work
2024/03/05 01:06:58 Coordinator status 1
2024/03/05 01:06:58 Order 12 finish Reduce
2024/03/05 01:06:58 Coordinator work
2024/03/05 01:06:58 Coordinator status 1
2024/03/05 01:06:58 Order 13 finish Reduce
2024/03/05 01:06:59 Coordinator work
2024/03/05 01:06:59 Coordinator status 1
2024/03/05 01:06:59 Order 14 finish Reduce
2024/03/05 01:06:59 Coordinator work
2024/03/05 01:06:59 Coordinator status 1
2024/03/05 01:06:59 Order 15 finish Reduce
2024/03/05 01:07:00 Coordinator work
2024/03/05 01:07:00 Coordinator status 1
2024/03/05 01:07:00 Order 16 finish Reduce
2024/03/05 01:07:00 Coordinator work
2024/03/05 01:07:00 Coordinator status 1
2024/03/05 01:07:01 Order 17 finish Reduce
2024/03/05 01:07:01 Coordinator work
2024/03/05 01:07:01 Coordinator status 1
2024/03/05 01:07:01 Map: 8 done vs. 0 working, Reduce 10 done vs. 0 working
2024/03/05 01:07:01 forward: forward to done phase
2024/03/05 01:07:02 Coordinator work
2024/03/05 01:07:02 Coordinator status 2
