2024/03/05 06:15:59 making map order &{0 [../pg-being_ernest.txt] 0 10}
2024/03/05 06:15:59 making map order &{0 [../pg-dorian_gray.txt] 1 10}
2024/03/05 06:15:59 making map order &{0 [../pg-frankenstein.txt] 2 10}
2024/03/05 06:15:59 making map order &{0 [../pg-grimm.txt] 3 10}
2024/03/05 06:15:59 making map order &{0 [../pg-huckleberry_finn.txt] 4 10}
2024/03/05 06:15:59 making map order &{0 [../pg-metamorphosis.txt] 5 10}
2024/03/05 06:15:59 making map order &{0 [../pg-sherlock_holmes.txt] 6 10}
2024/03/05 06:15:59 making map order &{0 [../pg-tom_sawyer.txt] 7 10}
2024/03/05 06:15:59 done with make map order
2024/03/05 06:15:59 Map: 0 done vs. 8 working, Reduce 0 done vs. 0 working
2024/03/05 06:16:00 Coordinator work
2024/03/05 06:16:00 Coordinator status 0
2024/03/05 06:16:00 Coordinator work
2024/03/05 06:16:00 Coordinator status 0
2024/03/05 06:16:00 Coordinator work
2024/03/05 06:16:00 Coordinator status 0
2024/03/05 06:16:00 Coordinator work
2024/03/05 06:16:00 Coordinator status 0
2024/03/05 06:16:01 Coordinator work
2024/03/05 06:16:01 Coordinator status 0
2024/03/05 06:16:01 IsDone &{0 2024-03-05 06:16:01.150629477 +0800 CST m=+2.083594622 0xc000118030} true
2024/03/05 06:16:01 Order 4 finish Map
2024/03/05 06:16:02 Coordinator work
2024/03/05 06:16:02 Coordinator status 0
2024/03/05 06:16:02 IsDone &{0 2024-03-05 06:16:02.172922469 +0800 CST m=+3.105887611 0xc0001180c0} true
2024/03/05 06:16:02 Order 5 finish Map
2024/03/05 06:16:03 Coordinator work
2024/03/05 06:16:03 Coordinator status 0
2024/03/05 06:16:04 Coordinator work
2024/03/05 06:16:04 Coordinator status 0
2024/03/05 06:16:07 IsDone &{0 2024-03-05 06:16:00.10535889 +0800 CST m=+1.038324032 0xc00009def0} true
2024/03/05 06:16:07 Order 2 finish Map
2024/03/05 06:16:08 Coordinator work
2024/03/05 06:16:08 Coordinator status 0
2024/03/05 06:16:08 Map: 3 done vs. 5 working, Reduce 0 done vs. 0 working
2024/03/05 06:16:09 IsDone &{0 2024-03-05 06:16:00.100963688 +0800 CST m=+1.033928827 0xc00009de60} true
2024/03/05 06:16:09 Order 1 finish Map
2024/03/05 06:16:09 IsDone &{0 2024-03-05 06:16:04.218617919 +0800 CST m=+5.151583064 0xc0001181e0} true
2024/03/05 06:16:09 Order 7 finish Map
2024/03/05 06:16:10 Coordinator work
2024/03/05 06:16:10 Coordinator status 0
2024/03/05 06:16:10 Map: 5 done vs. 3 working, Reduce 0 done vs. 0 working
2024/03/05 06:16:10 Coordinator work
2024/03/05 06:16:10 Coordinator status 0
2024/03/05 06:16:10 Map: 5 done vs. 3 working, Reduce 0 done vs. 0 working
2024/03/05 06:16:10 Coordinator work
2024/03/05 06:16:10 Coordinator status 0
2024/03/05 06:16:10 Map: 5 done vs. 3 working, Reduce 0 done vs. 0 working
2024/03/05 06:16:11 Coordiantor restart Map order 3
2024/03/05 06:16:11 Coordiantor restart Map order 0
2024/03/05 06:16:12 Coordinator work
2024/03/05 06:16:12 Coordinator status 0
2024/03/05 06:16:12 Coordinator work
2024/03/05 06:16:12 Coordinator status 0
2024/03/05 06:16:12 Coordinator work
2024/03/05 06:16:12 Coordinator status 0
2024/03/05 06:16:12 Map: 5 done vs. 3 working, Reduce 0 done vs. 0 working
2024/03/05 06:16:13 Coordinator work
2024/03/05 06:16:13 Coordinator status 0
2024/03/05 06:16:13 Map: 5 done vs. 3 working, Reduce 0 done vs. 0 working
2024/03/05 06:16:14 Coordiantor restart Map order 6
2024/03/05 06:16:14 Coordinator work
2024/03/05 06:16:14 Coordinator status 0
2024/03/05 06:16:14 IsDone &{0 2024-03-05 06:16:14.551895708 +0800 CST m=+15.484860847 0xc000118150} true
2024/03/05 06:16:14 Order 6 finish Map
2024/03/05 06:16:15 Coordinator work
2024/03/05 06:16:15 Coordinator status 0
2024/03/05 06:16:15 Map: 6 done vs. 2 working, Reduce 0 done vs. 0 working
2024/03/05 06:16:15 Coordinator work
2024/03/05 06:16:15 Coordinator status 0
2024/03/05 06:16:15 Map: 6 done vs. 2 working, Reduce 0 done vs. 0 working
2024/03/05 06:16:17 Coordinator work
2024/03/05 06:16:17 Coordinator status 0
2024/03/05 06:16:17 Map: 6 done vs. 2 working, Reduce 0 done vs. 0 working
2024/03/05 06:16:17 Coordinator work
2024/03/05 06:16:17 Coordinator status 0
2024/03/05 06:16:17 Map: 6 done vs. 2 working, Reduce 0 done vs. 0 working
2024/03/05 06:16:18 IsDone &{0 2024-03-05 06:16:12.460951647 +0800 CST m=+13.393916789 0xc00009ddd0} true
2024/03/05 06:16:18 Order 0 finish Map
2024/03/05 06:16:19 Coordinator work
2024/03/05 06:16:19 Coordinator status 0
2024/03/05 06:16:19 Map: 7 done vs. 1 working, Reduce 0 done vs. 0 working
2024/03/05 06:16:19 Coordinator work
2024/03/05 06:16:19 Coordinator status 0
2024/03/05 06:16:19 Map: 7 done vs. 1 working, Reduce 0 done vs. 0 working
2024/03/05 06:16:19 Coordinator work
2024/03/05 06:16:19 Coordinator status 0
2024/03/05 06:16:19 Map: 7 done vs. 1 working, Reduce 0 done vs. 0 working
2024/03/05 06:16:21 Coordinator work
2024/03/05 06:16:21 Coordinator status 0
2024/03/05 06:16:21 Map: 7 done vs. 1 working, Reduce 0 done vs. 0 working
2024/03/05 06:16:21 Coordinator work
2024/03/05 06:16:21 Coordinator status 0
2024/03/05 06:16:21 Map: 7 done vs. 1 working, Reduce 0 done vs. 0 working
2024/03/05 06:16:21 Coordinator work
2024/03/05 06:16:21 Coordinator status 0
2024/03/05 06:16:21 Map: 7 done vs. 1 working, Reduce 0 done vs. 0 working
2024/03/05 06:16:23 Coordiantor restart Map order 3
2024/03/05 06:16:23 Coordinator work
2024/03/05 06:16:23 Coordinator status 0
2024/03/05 06:16:23 IsDone &{0 2024-03-05 06:16:23.194406291 +0800 CST m=+24.127371436 0xc00009df80} true
2024/03/05 06:16:23 Order 3 finish Map
2024/03/05 06:16:23 Coordinator work
2024/03/05 06:16:23 Coordinator status 0
2024/03/05 06:16:23 Map: 8 done vs. 0 working, Reduce 0 done vs. 0 working
2024/03/05 06:16:23 forward: forward to Reuce Phase
2024/03/05 06:16:23 making reduce order : 8
2024/03/05 06:16:23 making reduce order : 9
2024/03/05 06:16:23 making reduce order : 10
2024/03/05 06:16:23 making reduce order : 11
2024/03/05 06:16:23 making reduce order : 12
2024/03/05 06:16:23 making reduce order : 13
2024/03/05 06:16:23 making reduce order : 14
2024/03/05 06:16:23 making reduce order : 15
2024/03/05 06:16:23 making reduce order : 16
2024/03/05 06:16:23 making reduce order : 17
2024/03/05 06:16:23 done with make reduce order
2024/03/05 06:16:23 Map: 8 done vs. 0 working, Reduce 0 done vs. 10 working
2024/03/05 06:16:23 Coordinator work
2024/03/05 06:16:23 Coordinator status 1
2024/03/05 06:16:23 Order 8 finish Reduce
2024/03/05 06:16:24 Coordinator work
2024/03/05 06:16:24 Coordinator status 1
2024/03/05 06:16:24 Order 9 finish Reduce
2024/03/05 06:16:24 Coordinator work
2024/03/05 06:16:24 Coordinator status 1
2024/03/05 06:16:24 Order 10 finish Reduce
2024/03/05 06:16:25 Coordinator work
2024/03/05 06:16:25 Coordinator status 1
2024/03/05 06:16:25 Order 11 finish Reduce
2024/03/05 06:16:25 Coordinator work
2024/03/05 06:16:25 Coordinator status 1
2024/03/05 06:16:25 Order 12 finish Reduce
2024/03/05 06:16:26 Coordinator work
2024/03/05 06:16:26 Coordinator status 1
2024/03/05 06:16:26 Order 13 finish Reduce
2024/03/05 06:16:26 Coordinator work
2024/03/05 06:16:26 Coordinator status 1
2024/03/05 06:16:26 Order 14 finish Reduce
2024/03/05 06:16:26 Coordinator work
2024/03/05 06:16:26 Coordinator status 1
2024/03/05 06:16:26 Order 15 finish Reduce
2024/03/05 06:16:27 Coordinator work
2024/03/05 06:16:27 Coordinator status 1
2024/03/05 06:16:27 Order 16 finish Reduce
2024/03/05 06:16:27 Coordinator work
2024/03/05 06:16:27 Coordinator status 1
2024/03/05 06:16:27 Coordinator work
2024/03/05 06:16:27 Coordinator status 1
2024/03/05 06:16:27 Map: 8 done vs. 0 working, Reduce 9 done vs. 1 working
2024/03/05 06:16:28 Coordinator work
2024/03/05 06:16:28 Coordinator status 1
2024/03/05 06:16:28 Map: 8 done vs. 0 working, Reduce 9 done vs. 1 working
2024/03/05 06:16:29 Coordinator work
2024/03/05 06:16:29 Coordinator status 1
2024/03/05 06:16:29 Map: 8 done vs. 0 working, Reduce 9 done vs. 1 working
2024/03/05 06:16:30 Coordinator work
2024/03/05 06:16:30 Coordinator status 1
2024/03/05 06:16:30 Map: 8 done vs. 0 working, Reduce 9 done vs. 1 working
2024/03/05 06:16:31 Coordinator work
2024/03/05 06:16:31 Coordinator status 1
2024/03/05 06:16:31 Map: 8 done vs. 0 working, Reduce 9 done vs. 1 working
2024/03/05 06:16:32 Coordinator work
2024/03/05 06:16:32 Coordinator status 1
2024/03/05 06:16:32 Map: 8 done vs. 0 working, Reduce 9 done vs. 1 working
2024/03/05 06:16:33 Coordinator work
2024/03/05 06:16:33 Coordinator status 1
2024/03/05 06:16:33 Map: 8 done vs. 0 working, Reduce 9 done vs. 1 working
2024/03/05 06:16:34 Coordinator work
2024/03/05 06:16:34 Coordinator status 1
2024/03/05 06:16:34 Map: 8 done vs. 0 working, Reduce 9 done vs. 1 working
2024/03/05 06:16:35 Coordinator work
2024/03/05 06:16:35 Coordinator status 1
2024/03/05 06:16:35 Map: 8 done vs. 0 working, Reduce 9 done vs. 1 working
2024/03/05 06:16:36 Coordinator work
2024/03/05 06:16:36 Coordinator status 1
2024/03/05 06:16:36 Map: 8 done vs. 0 working, Reduce 9 done vs. 1 working
2024/03/05 06:16:36 Order 17 finish Reduce
2024/03/05 06:16:37 Coordinator work
2024/03/05 06:16:37 Coordinator status 1
2024/03/05 06:16:37 Map: 8 done vs. 0 working, Reduce 10 done vs. 0 working
2024/03/05 06:16:37 forward: forward to done phase
2024/03/05 06:16:37 Coordinator work
2024/03/05 06:16:37 Coordinator status 2
2024/03/05 06:16:38 Coordinator work
2024/03/05 06:16:38 Coordinator status 2
