2024/03/04 20:30:15 making map order &{0 [../pg-being_ernest.txt] 0 10}
2024/03/04 20:30:15 making map order &{0 [../pg-dorian_gray.txt] 1 10}
2024/03/04 20:30:15 making map order &{0 [../pg-frankenstein.txt] 2 10}
2024/03/04 20:30:15 making map order &{0 [../pg-grimm.txt] 3 10}
2024/03/04 20:30:15 making map order &{0 [../pg-huckleberry_finn.txt] 4 10}
2024/03/04 20:30:15 making map order &{0 [../pg-metamorphosis.txt] 5 10}
2024/03/04 20:30:15 making map order &{0 [../pg-sherlock_holmes.txt] 6 10}
2024/03/04 20:30:15 making map order &{0 [../pg-tom_sawyer.txt] 7 10}
2024/03/04 20:30:15 done with make map order
2024/03/04 20:30:15 Map: 0 done vs. 8 working, Reduce 0 done vs. 0 working
2024/03/04 20:30:16 Coordinator work
2024/03/04 20:30:16 Coordinator status 0
2024/03/04 20:30:16 IsDone &{0 2024-03-04 20:30:16.045554271 +0800 CST m=+1.013807596 0xc00008a270} true
2024/03/04 20:30:16 Order 0 finish Map
2024/03/04 20:30:16 Coordinator work
2024/03/04 20:30:16 Coordinator status 0
2024/03/04 20:30:16 Coordinator work
2024/03/04 20:30:16 Coordinator status 0
2024/03/04 20:30:16 IsDone &{0 2024-03-04 20:30:16.074477767 +0800 CST m=+1.042731103 0xc00008a390} true
2024/03/04 20:30:16 Order 2 finish Map
2024/03/04 20:30:16 Coordinator work
2024/03/04 20:30:16 Coordinator status 0
2024/03/04 20:30:17 Coordinator work
2024/03/04 20:30:17 Coordinator status 0
2024/03/04 20:30:17 Coordinator work
2024/03/04 20:30:17 Coordinator status 0
2024/03/04 20:30:17 IsDone &{0 2024-03-04 20:30:17.095664714 +0800 CST m=+2.063918050 0xc00008a540} true
2024/03/04 20:30:17 Order 5 finish Map
2024/03/04 20:30:17 Coordinator work
2024/03/04 20:30:17 Coordinator status 0
2024/03/04 20:30:18 Coordinator work
2024/03/04 20:30:18 Coordinator status 0
2024/03/04 20:30:18 Coordinator work
2024/03/04 20:30:18 Coordinator status 0
2024/03/04 20:30:18 Map: 3 done vs. 5 working, Reduce 0 done vs. 0 working
2024/03/04 20:30:19 Coordinator work
2024/03/04 20:30:19 Coordinator status 0
2024/03/04 20:30:19 Map: 3 done vs. 5 working, Reduce 0 done vs. 0 working
2024/03/04 20:30:19 IsDone &{0 2024-03-04 20:30:16.09867806 +0800 CST m=+1.066931391 0xc00008a420} true
2024/03/04 20:30:19 Order 3 finish Map
2024/03/04 20:30:20 Coordinator work
2024/03/04 20:30:20 Coordinator status 0
2024/03/04 20:30:20 Map: 4 done vs. 4 working, Reduce 0 done vs. 0 working
2024/03/04 20:30:20 Coordinator work
2024/03/04 20:30:20 Coordinator status 0
2024/03/04 20:30:20 Map: 4 done vs. 4 working, Reduce 0 done vs. 0 working
2024/03/04 20:30:21 Coordinator work
2024/03/04 20:30:21 Coordinator status 0
2024/03/04 20:30:21 Map: 4 done vs. 4 working, Reduce 0 done vs. 0 working
2024/03/04 20:30:22 IsDone &{0 2024-03-04 20:30:17.056941487 +0800 CST m=+2.025194843 0xc00008a4b0} true
2024/03/04 20:30:22 Order 4 finish Map
2024/03/04 20:30:22 Coordinator work
2024/03/04 20:30:22 Coordinator status 0
2024/03/04 20:30:22 Map: 5 done vs. 3 working, Reduce 0 done vs. 0 working
2024/03/04 20:30:22 Coordinator work
2024/03/04 20:30:22 Coordinator status 0
2024/03/04 20:30:22 Map: 5 done vs. 3 working, Reduce 0 done vs. 0 working
2024/03/04 20:30:23 Coordinator work
2024/03/04 20:30:23 Coordinator status 0
2024/03/04 20:30:23 Map: 5 done vs. 3 working, Reduce 0 done vs. 0 working
2024/03/04 20:30:23 Coordinator work
2024/03/04 20:30:23 Coordinator status 0
2024/03/04 20:30:23 Map: 5 done vs. 3 working, Reduce 0 done vs. 0 working
2024/03/04 20:30:24 Coordinator work
2024/03/04 20:30:24 Coordinator status 0
2024/03/04 20:30:24 Map: 5 done vs. 3 working, Reduce 0 done vs. 0 working
2024/03/04 20:30:24 Coordinator work
2024/03/04 20:30:24 Coordinator status 0
2024/03/04 20:30:24 Map: 5 done vs. 3 working, Reduce 0 done vs. 0 working
2024/03/04 20:30:25 Coordinator work
2024/03/04 20:30:25 Coordinator status 0
2024/03/04 20:30:25 Map: 5 done vs. 3 working, Reduce 0 done vs. 0 working
2024/03/04 20:30:25 Coordinator work
2024/03/04 20:30:25 Coordinator status 0
2024/03/04 20:30:25 Map: 5 done vs. 3 working, Reduce 0 done vs. 0 working
2024/03/04 20:30:26 Coordinator work
2024/03/04 20:30:26 Coordinator status 0
2024/03/04 20:30:26 Map: 5 done vs. 3 working, Reduce 0 done vs. 0 working
2024/03/04 20:30:26 Coordinator work
2024/03/04 20:30:26 Coordinator status 0
2024/03/04 20:30:26 Map: 5 done vs. 3 working, Reduce 0 done vs. 0 working
2024/03/04 20:30:27 Coordiantor restart Map order 1
2024/03/04 20:30:27 Coordinator work
2024/03/04 20:30:27 Coordinator status 0
2024/03/04 20:30:27 IsDone &{0 2024-03-04 20:30:27.093425709 +0800 CST m=+12.061679043 0xc00008a300} true
2024/03/04 20:30:27 Order 1 finish Map
2024/03/04 20:30:27 Coordinator work
2024/03/04 20:30:27 Coordinator status 0
2024/03/04 20:30:27 Map: 6 done vs. 2 working, Reduce 0 done vs. 0 working
2024/03/04 20:30:28 Coordiantor restart Map order 6
2024/03/04 20:30:28 Coordinator work
2024/03/04 20:30:28 Coordinator status 0
2024/03/04 20:30:28 Coordinator work
2024/03/04 20:30:28 Coordinator status 0
2024/03/04 20:30:28 Map: 6 done vs. 2 working, Reduce 0 done vs. 0 working
2024/03/04 20:30:28 Coordinator work
2024/03/04 20:30:28 Coordinator status 0
2024/03/04 20:30:28 Map: 6 done vs. 2 working, Reduce 0 done vs. 0 working
2024/03/04 20:30:29 Coordiantor restart Map order 7
2024/03/04 20:30:29 Coordinator work
2024/03/04 20:30:29 Coordinator status 0
2024/03/04 20:30:29 IsDone &{0 2024-03-04 20:30:29.149426239 +0800 CST m=+14.117679574 0xc00008a660} true
2024/03/04 20:30:29 Order 7 finish Map
2024/03/04 20:30:29 IsDone &{0 2024-03-04 20:30:28.109945353 +0800 CST m=+13.078198688 0xc00008a5d0} true
2024/03/04 20:30:29 Order 6 finish Map
2024/03/04 20:30:30 Coordinator work
2024/03/04 20:30:30 Coordinator status 0
2024/03/04 20:30:30 Map: 8 done vs. 0 working, Reduce 0 done vs. 0 working
2024/03/04 20:30:30 forward: forward to Reuce Phase
2024/03/04 20:30:30 making reduce order : 8
2024/03/04 20:30:30 making reduce order : 9
2024/03/04 20:30:30 making reduce order : 10
2024/03/04 20:30:30 making reduce order : 11
2024/03/04 20:30:30 making reduce order : 12
2024/03/04 20:30:30 making reduce order : 13
2024/03/04 20:30:30 making reduce order : 14
2024/03/04 20:30:30 making reduce order : 15
2024/03/04 20:30:30 making reduce order : 16
2024/03/04 20:30:30 making reduce order : 17
2024/03/04 20:30:30 done with make reduce order
2024/03/04 20:30:30 Map: 8 done vs. 0 working, Reduce 0 done vs. 10 working
2024/03/04 20:30:30 Coordinator work
2024/03/04 20:30:30 Coordinator status 1
2024/03/04 20:30:30 Coordinator work
2024/03/04 20:30:30 Coordinator status 1
2024/03/04 20:30:30 Order 9 finish Reduce
2024/03/04 20:30:30 Coordinator work
2024/03/04 20:30:30 Coordinator status 1
2024/03/04 20:30:30 Order 10 finish Reduce
2024/03/04 20:30:31 Coordinator work
2024/03/04 20:30:31 Coordinator status 1
2024/03/04 20:30:31 Order 11 finish Reduce
2024/03/04 20:30:31 Coordinator work
2024/03/04 20:30:31 Coordinator status 1
2024/03/04 20:30:31 Order 12 finish Reduce
2024/03/04 20:30:31 Coordinator work
2024/03/04 20:30:31 Coordinator status 1
2024/03/04 20:30:31 Order 13 finish Reduce
2024/03/04 20:30:32 Coordinator work
2024/03/04 20:30:32 Coordinator status 1
2024/03/04 20:30:32 Order 14 finish Reduce
2024/03/04 20:30:32 Coordinator work
2024/03/04 20:30:32 Coordinator status 1
2024/03/04 20:30:32 Order 15 finish Reduce
2024/03/04 20:30:32 Coordinator work
2024/03/04 20:30:32 Coordinator status 1
2024/03/04 20:30:32 Order 16 finish Reduce
2024/03/04 20:30:32 Coordinator work
2024/03/04 20:30:32 Coordinator status 1
2024/03/04 20:30:33 Coordinator work
2024/03/04 20:30:33 Coordinator status 1
2024/03/04 20:30:33 Map: 8 done vs. 0 working, Reduce 8 done vs. 2 working
2024/03/04 20:30:33 Coordinator work
2024/03/04 20:30:33 Coordinator status 1
2024/03/04 20:30:33 Map: 8 done vs. 0 working, Reduce 8 done vs. 2 working
2024/03/04 20:30:33 Coordinator work
2024/03/04 20:30:33 Coordinator status 1
2024/03/04 20:30:33 Map: 8 done vs. 0 working, Reduce 8 done vs. 2 working
2024/03/04 20:30:35 Coordinator work
2024/03/04 20:30:35 Coordinator status 1
2024/03/04 20:30:35 Map: 8 done vs. 0 working, Reduce 8 done vs. 2 working
2024/03/04 20:30:35 Coordinator work
2024/03/04 20:30:35 Coordinator status 1
2024/03/04 20:30:35 Map: 8 done vs. 0 working, Reduce 8 done vs. 2 working
2024/03/04 20:30:35 Coordinator work
2024/03/04 20:30:35 Coordinator status 1
2024/03/04 20:30:35 Map: 8 done vs. 0 working, Reduce 8 done vs. 2 working
2024/03/04 20:30:37 Coordinator work
2024/03/04 20:30:37 Coordinator status 1
2024/03/04 20:30:37 Map: 8 done vs. 0 working, Reduce 8 done vs. 2 working
2024/03/04 20:30:37 Coordinator work
2024/03/04 20:30:37 Coordinator status 1
2024/03/04 20:30:37 Map: 8 done vs. 0 working, Reduce 8 done vs. 2 working
2024/03/04 20:30:37 Coordinator work
2024/03/04 20:30:37 Coordinator status 1
2024/03/04 20:30:37 Map: 8 done vs. 0 working, Reduce 8 done vs. 2 working
2024/03/04 20:30:39 Coordinator work
2024/03/04 20:30:39 Coordinator status 1
2024/03/04 20:30:39 Map: 8 done vs. 0 working, Reduce 8 done vs. 2 working
2024/03/04 20:30:39 Coordinator work
2024/03/04 20:30:39 Coordinator status 1
2024/03/04 20:30:39 Map: 8 done vs. 0 working, Reduce 8 done vs. 2 working
2024/03/04 20:30:39 Coordinator work
2024/03/04 20:30:39 Coordinator status 1
2024/03/04 20:30:39 Map: 8 done vs. 0 working, Reduce 8 done vs. 2 working
2024/03/04 20:30:41 Coordiantor restart Reduce order 8
2024/03/04 20:30:41 Coordinator work
2024/03/04 20:30:41 Coordinator status 1
2024/03/04 20:30:41 Order 8 finish Reduce
2024/03/04 20:30:41 Coordinator work
2024/03/04 20:30:41 Coordinator status 1
2024/03/04 20:30:41 Map: 8 done vs. 0 working, Reduce 9 done vs. 1 working
2024/03/04 20:30:41 Coordinator work
2024/03/04 20:30:41 Coordinator status 1
2024/03/04 20:30:41 Map: 8 done vs. 0 working, Reduce 9 done vs. 1 working
2024/03/04 20:30:42 Coordinator work
2024/03/04 20:30:42 Coordinator status 1
2024/03/04 20:30:42 Map: 8 done vs. 0 working, Reduce 9 done vs. 1 working
2024/03/04 20:30:43 Coordiantor restart Reduce order 17
2024/03/04 20:30:43 Coordinator work
2024/03/04 20:30:43 Coordinator status 1
2024/03/04 20:30:43 Coordinator work
2024/03/04 20:30:43 Coordinator status 1
2024/03/04 20:30:43 Map: 8 done vs. 0 working, Reduce 9 done vs. 1 working
2024/03/04 20:30:44 Coordinator work
2024/03/04 20:30:44 Coordinator status 1
2024/03/04 20:30:44 Map: 8 done vs. 0 working, Reduce 9 done vs. 1 working
2024/03/04 20:30:44 Coordinator work
2024/03/04 20:30:44 Coordinator status 1
2024/03/04 20:30:44 Map: 8 done vs. 0 working, Reduce 9 done vs. 1 working
2024/03/04 20:30:45 Coordinator work
2024/03/04 20:30:45 Coordinator status 1
2024/03/04 20:30:45 Map: 8 done vs. 0 working, Reduce 9 done vs. 1 working
2024/03/04 20:30:46 Coordinator work
2024/03/04 20:30:46 Coordinator status 1
2024/03/04 20:30:46 Map: 8 done vs. 0 working, Reduce 9 done vs. 1 working
2024/03/04 20:30:46 Coordinator work
2024/03/04 20:30:46 Coordinator status 1
2024/03/04 20:30:46 Map: 8 done vs. 0 working, Reduce 9 done vs. 1 working
2024/03/04 20:30:47 Coordinator work
2024/03/04 20:30:47 Coordinator status 1
2024/03/04 20:30:47 Map: 8 done vs. 0 working, Reduce 9 done vs. 1 working
2024/03/04 20:30:48 Coordinator work
2024/03/04 20:30:48 Coordinator status 1
2024/03/04 20:30:48 Map: 8 done vs. 0 working, Reduce 9 done vs. 1 working
2024/03/04 20:30:48 Coordinator work
2024/03/04 20:30:48 Coordinator status 1
2024/03/04 20:30:48 Map: 8 done vs. 0 working, Reduce 9 done vs. 1 working
2024/03/04 20:30:49 Coordinator work
2024/03/04 20:30:49 Coordinator status 1
2024/03/04 20:30:49 Map: 8 done vs. 0 working, Reduce 9 done vs. 1 working
2024/03/04 20:30:50 Coordinator work
2024/03/04 20:30:50 Coordinator status 1
2024/03/04 20:30:50 Map: 8 done vs. 0 working, Reduce 9 done vs. 1 working
2024/03/04 20:30:50 Coordinator work
2024/03/04 20:30:50 Coordinator status 1
2024/03/04 20:30:50 Map: 8 done vs. 0 working, Reduce 9 done vs. 1 working
2024/03/04 20:30:51 Coordinator work
2024/03/04 20:30:51 Coordinator status 1
2024/03/04 20:30:51 Map: 8 done vs. 0 working, Reduce 9 done vs. 1 working
2024/03/04 20:30:52 Coordinator work
2024/03/04 20:30:52 Coordinator status 1
2024/03/04 20:30:52 Map: 8 done vs. 0 working, Reduce 9 done vs. 1 working
2024/03/04 20:30:52 Coordinator work
2024/03/04 20:30:52 Coordinator status 1
2024/03/04 20:30:52 Map: 8 done vs. 0 working, Reduce 9 done vs. 1 working
2024/03/04 20:30:53 Coordinator work
2024/03/04 20:30:53 Coordinator status 1
2024/03/04 20:30:53 Map: 8 done vs. 0 working, Reduce 9 done vs. 1 working
2024/03/04 20:30:54 Coordiantor restart Reduce order 17
2024/03/04 20:30:54 Coordinator work
2024/03/04 20:30:54 Coordinator status 1
2024/03/04 20:30:54 Coordinator work
2024/03/04 20:30:54 Coordinator status 1
2024/03/04 20:30:54 Map: 8 done vs. 0 working, Reduce 9 done vs. 1 working
2024/03/04 20:30:55 Coordinator work
2024/03/04 20:30:55 Coordinator status 1
2024/03/04 20:30:55 Map: 8 done vs. 0 working, Reduce 9 done vs. 1 working
2024/03/04 20:30:55 Coordinator work
2024/03/04 20:30:55 Coordinator status 1
2024/03/04 20:30:55 Map: 8 done vs. 0 working, Reduce 9 done vs. 1 working
2024/03/04 20:30:56 Coordinator work
2024/03/04 20:30:56 Coordinator status 1
2024/03/04 20:30:56 Map: 8 done vs. 0 working, Reduce 9 done vs. 1 working
2024/03/04 20:30:57 Coordinator work
2024/03/04 20:30:57 Coordinator status 1
2024/03/04 20:30:57 Map: 8 done vs. 0 working, Reduce 9 done vs. 1 working
2024/03/04 20:30:57 Coordinator work
2024/03/04 20:30:57 Coordinator status 1
2024/03/04 20:30:57 Map: 8 done vs. 0 working, Reduce 9 done vs. 1 working
2024/03/04 20:30:58 Coordinator work
2024/03/04 20:30:58 Coordinator status 1
2024/03/04 20:30:58 Map: 8 done vs. 0 working, Reduce 9 done vs. 1 working
2024/03/04 20:30:59 Coordinator work
2024/03/04 20:30:59 Coordinator status 1
2024/03/04 20:30:59 Map: 8 done vs. 0 working, Reduce 9 done vs. 1 working
2024/03/04 20:30:59 Coordinator work
2024/03/04 20:30:59 Coordinator status 1
2024/03/04 20:30:59 Map: 8 done vs. 0 working, Reduce 9 done vs. 1 working
2024/03/04 20:31:00 Coordinator work
2024/03/04 20:31:00 Coordinator status 1
2024/03/04 20:31:00 Map: 8 done vs. 0 working, Reduce 9 done vs. 1 working
2024/03/04 20:31:01 Coordinator work
2024/03/04 20:31:01 Coordinator status 1
2024/03/04 20:31:01 Map: 8 done vs. 0 working, Reduce 9 done vs. 1 working
2024/03/04 20:31:01 Coordinator work
2024/03/04 20:31:01 Coordinator status 1
2024/03/04 20:31:01 Map: 8 done vs. 0 working, Reduce 9 done vs. 1 working
2024/03/04 20:31:02 Coordinator work
2024/03/04 20:31:02 Coordinator status 1
2024/03/04 20:31:02 Map: 8 done vs. 0 working, Reduce 9 done vs. 1 working
2024/03/04 20:31:03 Coordinator work
2024/03/04 20:31:03 Coordinator status 1
2024/03/04 20:31:03 Map: 8 done vs. 0 working, Reduce 9 done vs. 1 working
2024/03/04 20:31:03 Coordinator work
2024/03/04 20:31:03 Coordinator status 1
2024/03/04 20:31:03 Map: 8 done vs. 0 working, Reduce 9 done vs. 1 working
2024/03/04 20:31:04 Coordinator work
2024/03/04 20:31:04 Coordinator status 1
2024/03/04 20:31:04 Map: 8 done vs. 0 working, Reduce 9 done vs. 1 working
2024/03/04 20:31:05 Coordiantor restart Reduce order 17
2024/03/04 20:31:05 Coordinator work
2024/03/04 20:31:05 Coordinator status 1
2024/03/04 20:31:05 Coordinator work
2024/03/04 20:31:05 Coordinator status 1
2024/03/04 20:31:05 Map: 8 done vs. 0 working, Reduce 9 done vs. 1 working
2024/03/04 20:31:06 Coordinator work
2024/03/04 20:31:06 Coordinator status 1
2024/03/04 20:31:06 Map: 8 done vs. 0 working, Reduce 9 done vs. 1 working
2024/03/04 20:31:07 Coordinator work
2024/03/04 20:31:07 Coordinator status 1
2024/03/04 20:31:07 Map: 8 done vs. 0 working, Reduce 9 done vs. 1 working
2024/03/04 20:31:08 Coordinator work
2024/03/04 20:31:08 Coordinator status 1
2024/03/04 20:31:08 Map: 8 done vs. 0 working, Reduce 9 done vs. 1 working
2024/03/04 20:31:09 Coordinator work
2024/03/04 20:31:09 Coordinator status 1
2024/03/04 20:31:09 Map: 8 done vs. 0 working, Reduce 9 done vs. 1 working
2024/03/04 20:31:10 Coordinator work
2024/03/04 20:31:10 Coordinator status 1
2024/03/04 20:31:10 Map: 8 done vs. 0 working, Reduce 9 done vs. 1 working
2024/03/04 20:31:11 Coordinator work
2024/03/04 20:31:11 Coordinator status 1
2024/03/04 20:31:11 Map: 8 done vs. 0 working, Reduce 9 done vs. 1 working
2024/03/04 20:31:12 Coordinator work
2024/03/04 20:31:12 Coordinator status 1
2024/03/04 20:31:12 Map: 8 done vs. 0 working, Reduce 9 done vs. 1 working
2024/03/04 20:31:13 Coordinator work
2024/03/04 20:31:13 Coordinator status 1
2024/03/04 20:31:13 Map: 8 done vs. 0 working, Reduce 9 done vs. 1 working
2024/03/04 20:31:14 Order 17 finish Reduce
2024/03/04 20:31:14 Coordinator work
2024/03/04 20:31:14 Coordinator status 1
2024/03/04 20:31:14 Map: 8 done vs. 0 working, Reduce 10 done vs. 0 working
2024/03/04 20:31:14 forward: forward to done phase
2024/03/04 20:31:15 Coordinator work
2024/03/04 20:31:15 Coordinator status 2
2024/03/04 20:31:15 Coordinator work
2024/03/04 20:31:15 Coordinator status 2
