2024/03/05 10:47:24 making map order &{0 [../pg-being_ernest.txt] 0 10}
2024/03/05 10:47:24 making map order &{0 [../pg-dorian_gray.txt] 1 10}
2024/03/05 10:47:24 making map order &{0 [../pg-frankenstein.txt] 2 10}
2024/03/05 10:47:24 making map order &{0 [../pg-grimm.txt] 3 10}
2024/03/05 10:47:24 making map order &{0 [../pg-huckleberry_finn.txt] 4 10}
2024/03/05 10:47:24 making map order &{0 [../pg-metamorphosis.txt] 5 10}
2024/03/05 10:47:24 making map order &{0 [../pg-sherlock_holmes.txt] 6 10}
2024/03/05 10:47:24 making map order &{0 [../pg-tom_sawyer.txt] 7 10}
2024/03/05 10:47:24 done with make map order
2024/03/05 10:47:24 Map: 0 done vs. 8 working, Reduce 0 done vs. 0 working
2024/03/05 10:47:25 Coordinator work
2024/03/05 10:47:25 Coordinator status 0
2024/03/05 10:47:25 Coordinator work
2024/03/05 10:47:25 Coordinator status 0
2024/03/05 10:47:25 IsDone &{0 2024-03-05 10:47:25.337090576 +0800 CST m=+1.024806259 0xc00009fdd0} true
2024/03/05 10:47:25 Order 0 finish Map
2024/03/05 10:47:25 Coordinator work
2024/03/05 10:47:25 Coordinator status 0
2024/03/05 10:47:25 IsDone &{0 2024-03-05 10:47:25.354079217 +0800 CST m=+1.041794900 0xc00009fef0} true
2024/03/05 10:47:25 Order 2 finish Map
2024/03/05 10:47:25 Coordinator work
2024/03/05 10:47:25 Coordinator status 0
2024/03/05 10:47:26 Coordinator work
2024/03/05 10:47:26 Coordinator status 0
2024/03/05 10:47:26 Coordinator work
2024/03/05 10:47:26 Coordinator status 0
2024/03/05 10:47:26 IsDone &{0 2024-03-05 10:47:26.369325718 +0800 CST m=+2.057041407 0xc00011a0c0} true
2024/03/05 10:47:26 Order 5 finish Map
2024/03/05 10:47:26 Coordinator work
2024/03/05 10:47:26 Coordinator status 0
2024/03/05 10:47:27 Coordinator work
2024/03/05 10:47:27 Coordinator status 0
2024/03/05 10:47:27 IsDone &{0 2024-03-05 10:47:27.384104538 +0800 CST m=+3.071820227 0xc00011a1e0} true
2024/03/05 10:47:27 Order 7 finish Map
2024/03/05 10:47:27 Coordinator work
2024/03/05 10:47:27 Coordinator status 0
2024/03/05 10:47:27 Map: 4 done vs. 4 working, Reduce 0 done vs. 0 working
2024/03/05 10:47:28 Coordinator work
2024/03/05 10:47:28 Coordinator status 0
2024/03/05 10:47:28 Map: 4 done vs. 4 working, Reduce 0 done vs. 0 working
2024/03/05 10:47:29 Coordinator work
2024/03/05 10:47:29 Coordinator status 0
2024/03/05 10:47:29 Map: 4 done vs. 4 working, Reduce 0 done vs. 0 working
2024/03/05 10:47:30 Coordinator work
2024/03/05 10:47:30 Coordinator status 0
2024/03/05 10:47:30 Map: 4 done vs. 4 working, Reduce 0 done vs. 0 working
2024/03/05 10:47:31 IsDone &{0 2024-03-05 10:47:25.345136477 +0800 CST m=+1.032852163 0xc00009fe60} true
2024/03/05 10:47:31 Order 1 finish Map
2024/03/05 10:47:31 IsDone &{0 2024-03-05 10:47:26.404889652 +0800 CST m=+2.092605334 0xc00011a150} true
2024/03/05 10:47:31 Order 6 finish Map
2024/03/05 10:47:31 Coordinator work
2024/03/05 10:47:31 Coordinator status 0
2024/03/05 10:47:31 Map: 6 done vs. 2 working, Reduce 0 done vs. 0 working
2024/03/05 10:47:32 Coordinator work
2024/03/05 10:47:32 Coordinator status 0
2024/03/05 10:47:32 Map: 6 done vs. 2 working, Reduce 0 done vs. 0 working
2024/03/05 10:47:32 Coordinator work
2024/03/05 10:47:32 Coordinator status 0
2024/03/05 10:47:32 Map: 6 done vs. 2 working, Reduce 0 done vs. 0 working
2024/03/05 10:47:32 Coordinator work
2024/03/05 10:47:32 Coordinator status 0
2024/03/05 10:47:32 Map: 6 done vs. 2 working, Reduce 0 done vs. 0 working
2024/03/05 10:47:33 Coordinator work
2024/03/05 10:47:33 Coordinator status 0
2024/03/05 10:47:33 Map: 6 done vs. 2 working, Reduce 0 done vs. 0 working
2024/03/05 10:47:34 Coordinator work
2024/03/05 10:47:34 Coordinator status 0
2024/03/05 10:47:34 Map: 6 done vs. 2 working, Reduce 0 done vs. 0 working
2024/03/05 10:47:34 Coordinator work
2024/03/05 10:47:34 Coordinator status 0
2024/03/05 10:47:34 Map: 6 done vs. 2 working, Reduce 0 done vs. 0 working
2024/03/05 10:47:34 Coordinator work
2024/03/05 10:47:34 Coordinator status 0
2024/03/05 10:47:34 Map: 6 done vs. 2 working, Reduce 0 done vs. 0 working
2024/03/05 10:47:35 Coordinator work
2024/03/05 10:47:35 Coordinator status 0
2024/03/05 10:47:35 Map: 6 done vs. 2 working, Reduce 0 done vs. 0 working
2024/03/05 10:47:36 Coordinator work
2024/03/05 10:47:36 Coordinator status 0
2024/03/05 10:47:36 Map: 6 done vs. 2 working, Reduce 0 done vs. 0 working
2024/03/05 10:47:36 Coordiantor restart Map order 3
2024/03/05 10:47:36 Coordinator work
2024/03/05 10:47:36 Coordinator status 0
2024/03/05 10:47:36 Coordinator work
2024/03/05 10:47:36 Coordinator status 0
2024/03/05 10:47:36 Map: 6 done vs. 2 working, Reduce 0 done vs. 0 working
2024/03/05 10:47:37 Coordiantor restart Map order 4
2024/03/05 10:47:37 Coordinator work
2024/03/05 10:47:37 Coordinator status 0
2024/03/05 10:47:37 Coordinator work
2024/03/05 10:47:37 Coordinator status 0
2024/03/05 10:47:37 Map: 6 done vs. 2 working, Reduce 0 done vs. 0 working
2024/03/05 10:47:38 Coordinator work
2024/03/05 10:47:38 Coordinator status 0
2024/03/05 10:47:38 Map: 6 done vs. 2 working, Reduce 0 done vs. 0 working
2024/03/05 10:47:38 Coordinator work
2024/03/05 10:47:38 Coordinator status 0
2024/03/05 10:47:38 Map: 6 done vs. 2 working, Reduce 0 done vs. 0 working
2024/03/05 10:47:39 Coordinator work
2024/03/05 10:47:39 Coordinator status 0
2024/03/05 10:47:39 Map: 6 done vs. 2 working, Reduce 0 done vs. 0 working
2024/03/05 10:47:40 Coordinator work
2024/03/05 10:47:40 Coordinator status 0
2024/03/05 10:47:40 Map: 6 done vs. 2 working, Reduce 0 done vs. 0 working
2024/03/05 10:47:40 Coordinator work
2024/03/05 10:47:40 Coordinator status 0
2024/03/05 10:47:40 Map: 6 done vs. 2 working, Reduce 0 done vs. 0 working
2024/03/05 10:47:41 Coordinator work
2024/03/05 10:47:41 Coordinator status 0
2024/03/05 10:47:41 Map: 6 done vs. 2 working, Reduce 0 done vs. 0 working
2024/03/05 10:47:42 Coordinator work
2024/03/05 10:47:42 Coordinator status 0
2024/03/05 10:47:42 Map: 6 done vs. 2 working, Reduce 0 done vs. 0 working
2024/03/05 10:47:42 Coordinator work
2024/03/05 10:47:42 Coordinator status 0
2024/03/05 10:47:42 Map: 6 done vs. 2 working, Reduce 0 done vs. 0 working
2024/03/05 10:47:42 IsDone &{0 2024-03-05 10:47:37.403117145 +0800 CST m=+13.090832835 0xc00011a030} true
2024/03/05 10:47:42 Order 4 finish Map
2024/03/05 10:47:43 Coordinator work
2024/03/05 10:47:43 Coordinator status 0
2024/03/05 10:47:43 Map: 7 done vs. 1 working, Reduce 0 done vs. 0 working
2024/03/05 10:47:43 Coordinator work
2024/03/05 10:47:43 Coordinator status 0
2024/03/05 10:47:43 Map: 7 done vs. 1 working, Reduce 0 done vs. 0 working
2024/03/05 10:47:44 Coordinator work
2024/03/05 10:47:44 Coordinator status 0
2024/03/05 10:47:44 Map: 7 done vs. 1 working, Reduce 0 done vs. 0 working
2024/03/05 10:47:44 Coordinator work
2024/03/05 10:47:44 Coordinator status 0
2024/03/05 10:47:44 Map: 7 done vs. 1 working, Reduce 0 done vs. 0 working
2024/03/05 10:47:45 Coordinator work
2024/03/05 10:47:45 Coordinator status 0
2024/03/05 10:47:45 Map: 7 done vs. 1 working, Reduce 0 done vs. 0 working
2024/03/05 10:47:45 Coordinator work
2024/03/05 10:47:45 Coordinator status 0
2024/03/05 10:47:45 Map: 7 done vs. 1 working, Reduce 0 done vs. 0 working
2024/03/05 10:47:46 Coordinator work
2024/03/05 10:47:46 Coordinator status 0
2024/03/05 10:47:46 Map: 7 done vs. 1 working, Reduce 0 done vs. 0 working
2024/03/05 10:47:46 Coordinator work
2024/03/05 10:47:46 Coordinator status 0
2024/03/05 10:47:46 Map: 7 done vs. 1 working, Reduce 0 done vs. 0 working
2024/03/05 10:47:47 Coordiantor restart Map order 3
2024/03/05 10:47:47 Coordinator work
2024/03/05 10:47:47 Coordinator status 0
2024/03/05 10:47:47 Coordinator work
2024/03/05 10:47:47 Coordinator status 0
2024/03/05 10:47:47 Map: 7 done vs. 1 working, Reduce 0 done vs. 0 working
2024/03/05 10:47:48 Coordinator work
2024/03/05 10:47:48 Coordinator status 0
2024/03/05 10:47:48 Map: 7 done vs. 1 working, Reduce 0 done vs. 0 working
2024/03/05 10:47:48 Coordinator work
2024/03/05 10:47:48 Coordinator status 0
2024/03/05 10:47:48 Map: 7 done vs. 1 working, Reduce 0 done vs. 0 working
2024/03/05 10:47:48 Coordinator work
2024/03/05 10:47:48 Coordinator status 0
2024/03/05 10:47:48 Map: 7 done vs. 1 working, Reduce 0 done vs. 0 working
2024/03/05 10:47:49 Coordinator work
2024/03/05 10:47:49 Coordinator status 0
2024/03/05 10:47:49 Map: 7 done vs. 1 working, Reduce 0 done vs. 0 working
2024/03/05 10:47:50 Coordinator work
2024/03/05 10:47:50 Coordinator status 0
2024/03/05 10:47:50 Map: 7 done vs. 1 working, Reduce 0 done vs. 0 working
2024/03/05 10:47:50 Coordinator work
2024/03/05 10:47:50 Coordinator status 0
2024/03/05 10:47:50 Map: 7 done vs. 1 working, Reduce 0 done vs. 0 working
2024/03/05 10:47:50 Coordinator work
2024/03/05 10:47:50 Coordinator status 0
2024/03/05 10:47:50 Map: 7 done vs. 1 working, Reduce 0 done vs. 0 working
2024/03/05 10:47:51 Coordinator work
2024/03/05 10:47:51 Coordinator status 0
2024/03/05 10:47:51 Map: 7 done vs. 1 working, Reduce 0 done vs. 0 working
2024/03/05 10:47:52 Coordinator work
2024/03/05 10:47:52 Coordinator status 0
2024/03/05 10:47:52 Map: 7 done vs. 1 working, Reduce 0 done vs. 0 working
2024/03/05 10:47:52 Coordinator work
2024/03/05 10:47:52 Coordinator status 0
2024/03/05 10:47:52 Map: 7 done vs. 1 working, Reduce 0 done vs. 0 working
2024/03/05 10:47:52 Coordinator work
2024/03/05 10:47:52 Coordinator status 0
2024/03/05 10:47:52 Map: 7 done vs. 1 working, Reduce 0 done vs. 0 working
2024/03/05 10:47:53 Coordinator work
2024/03/05 10:47:53 Coordinator status 0
2024/03/05 10:47:53 Map: 7 done vs. 1 working, Reduce 0 done vs. 0 working
2024/03/05 10:47:54 Coordinator work
2024/03/05 10:47:54 Coordinator status 0
2024/03/05 10:47:54 Map: 7 done vs. 1 working, Reduce 0 done vs. 0 working
2024/03/05 10:47:54 Coordinator work
2024/03/05 10:47:54 Coordinator status 0
2024/03/05 10:47:54 Map: 7 done vs. 1 working, Reduce 0 done vs. 0 working
2024/03/05 10:47:54 Coordinator work
2024/03/05 10:47:54 Coordinator status 0
2024/03/05 10:47:54 Map: 7 done vs. 1 working, Reduce 0 done vs. 0 working
2024/03/05 10:47:55 Coordinator work
2024/03/05 10:47:55 Coordinator status 0
2024/03/05 10:47:55 Map: 7 done vs. 1 working, Reduce 0 done vs. 0 working
2024/03/05 10:47:56 Coordinator work
2024/03/05 10:47:56 Coordinator status 0
2024/03/05 10:47:56 Map: 7 done vs. 1 working, Reduce 0 done vs. 0 working
2024/03/05 10:47:56 Coordinator work
2024/03/05 10:47:56 Coordinator status 0
2024/03/05 10:47:56 Map: 7 done vs. 1 working, Reduce 0 done vs. 0 working
2024/03/05 10:47:56 Coordinator work
2024/03/05 10:47:56 Coordinator status 0
2024/03/05 10:47:56 Map: 7 done vs. 1 working, Reduce 0 done vs. 0 working
2024/03/05 10:47:57 Coordinator work
2024/03/05 10:47:57 Coordinator status 0
2024/03/05 10:47:57 Map: 7 done vs. 1 working, Reduce 0 done vs. 0 working
2024/03/05 10:47:58 Coordinator work
2024/03/05 10:47:58 Coordinator status 0
2024/03/05 10:47:58 Map: 7 done vs. 1 working, Reduce 0 done vs. 0 working
2024/03/05 10:47:58 Coordiantor restart Map order 3
2024/03/05 10:47:58 Coordinator work
2024/03/05 10:47:58 Coordinator status 0
2024/03/05 10:47:58 IsDone &{0 2024-03-05 10:47:58.441847769 +0800 CST m=+34.129563458 0xc00009ff80} true
2024/03/05 10:47:58 Order 3 finish Map
2024/03/05 10:47:58 Coordinator work
2024/03/05 10:47:58 Coordinator status 0
2024/03/05 10:47:58 Map: 8 done vs. 0 working, Reduce 0 done vs. 0 working
2024/03/05 10:47:58 forward: forward to Reuce Phase
2024/03/05 10:47:58 making reduce order : 8
2024/03/05 10:47:58 making reduce order : 9
2024/03/05 10:47:58 making reduce order : 10
2024/03/05 10:47:58 making reduce order : 11
2024/03/05 10:47:58 making reduce order : 12
2024/03/05 10:47:58 making reduce order : 13
2024/03/05 10:47:58 making reduce order : 14
2024/03/05 10:47:58 making reduce order : 15
2024/03/05 10:47:58 making reduce order : 16
2024/03/05 10:47:58 making reduce order : 17
2024/03/05 10:47:58 done with make reduce order
2024/03/05 10:47:58 Map: 8 done vs. 0 working, Reduce 0 done vs. 10 working
2024/03/05 10:47:59 Coordinator work
2024/03/05 10:47:59 Coordinator status 1
2024/03/05 10:47:59 Coordinator work
2024/03/05 10:47:59 Coordinator status 1
2024/03/05 10:47:59 Order 8 finish Reduce
2024/03/05 10:47:59 Order 9 finish Reduce
2024/03/05 10:48:00 Coordinator work
2024/03/05 10:48:00 Coordinator status 1
2024/03/05 10:48:00 Coordinator work
2024/03/05 10:48:00 Coordinator status 1
2024/03/05 10:48:00 Coordinator work
2024/03/05 10:48:00 Coordinator status 1
2024/03/05 10:48:00 Order 11 finish Reduce
2024/03/05 10:48:00 Order 12 finish Reduce
2024/03/05 10:48:00 Coordinator work
2024/03/05 10:48:00 Coordinator status 1
2024/03/05 10:48:01 Coordinator work
2024/03/05 10:48:01 Coordinator status 1
2024/03/05 10:48:01 Order 14 finish Reduce
2024/03/05 10:48:01 Coordinator work
2024/03/05 10:48:01 Coordinator status 1
2024/03/05 10:48:01 Order 15 finish Reduce
2024/03/05 10:48:02 Coordinator work
2024/03/05 10:48:02 Coordinator status 1
2024/03/05 10:48:02 Order 16 finish Reduce
2024/03/05 10:48:02 Coordinator work
2024/03/05 10:48:02 Coordinator status 1
2024/03/05 10:48:02 Order 10 finish Reduce
2024/03/05 10:48:03 Coordinator work
2024/03/05 10:48:03 Coordinator status 1
2024/03/05 10:48:03 Map: 8 done vs. 0 working, Reduce 8 done vs. 2 working
2024/03/05 10:48:03 Coordinator work
2024/03/05 10:48:03 Coordinator status 1
2024/03/05 10:48:03 Map: 8 done vs. 0 working, Reduce 8 done vs. 2 working
2024/03/05 10:48:03 Coordinator work
2024/03/05 10:48:03 Coordinator status 1
2024/03/05 10:48:03 Map: 8 done vs. 0 working, Reduce 8 done vs. 2 working
2024/03/05 10:48:04 Order 13 finish Reduce
2024/03/05 10:48:05 Coordinator work
2024/03/05 10:48:05 Coordinator status 1
2024/03/05 10:48:05 Map: 8 done vs. 0 working, Reduce 9 done vs. 1 working
2024/03/05 10:48:05 Coordinator work
2024/03/05 10:48:05 Coordinator status 1
2024/03/05 10:48:05 Map: 8 done vs. 0 working, Reduce 9 done vs. 1 working
2024/03/05 10:48:05 Coordinator work
2024/03/05 10:48:05 Coordinator status 1
2024/03/05 10:48:05 Map: 8 done vs. 0 working, Reduce 9 done vs. 1 working
2024/03/05 10:48:05 Coordinator work
2024/03/05 10:48:05 Coordinator status 1
2024/03/05 10:48:05 Map: 8 done vs. 0 working, Reduce 9 done vs. 1 working
2024/03/05 10:48:07 Coordinator work
2024/03/05 10:48:07 Coordinator status 1
2024/03/05 10:48:07 Map: 8 done vs. 0 working, Reduce 9 done vs. 1 working
2024/03/05 10:48:07 Coordinator work
2024/03/05 10:48:07 Coordinator status 1
2024/03/05 10:48:07 Map: 8 done vs. 0 working, Reduce 9 done vs. 1 working
2024/03/05 10:48:07 Coordinator work
2024/03/05 10:48:07 Coordinator status 1
2024/03/05 10:48:07 Map: 8 done vs. 0 working, Reduce 9 done vs. 1 working
2024/03/05 10:48:07 Coordinator work
2024/03/05 10:48:07 Coordinator status 1
2024/03/05 10:48:07 Map: 8 done vs. 0 working, Reduce 9 done vs. 1 working
2024/03/05 10:48:09 Coordinator work
2024/03/05 10:48:09 Coordinator status 1
2024/03/05 10:48:09 Map: 8 done vs. 0 working, Reduce 9 done vs. 1 working
2024/03/05 10:48:09 Coordinator work
2024/03/05 10:48:09 Coordinator status 1
2024/03/05 10:48:09 Map: 8 done vs. 0 working, Reduce 9 done vs. 1 working
2024/03/05 10:48:09 Coordinator work
2024/03/05 10:48:09 Coordinator status 1
2024/03/05 10:48:09 Map: 8 done vs. 0 working, Reduce 9 done vs. 1 working
2024/03/05 10:48:09 Coordinator work
2024/03/05 10:48:09 Coordinator status 1
2024/03/05 10:48:09 Map: 8 done vs. 0 working, Reduce 9 done vs. 1 working
2024/03/05 10:48:11 Coordinator work
2024/03/05 10:48:11 Coordinator status 1
2024/03/05 10:48:11 Map: 8 done vs. 0 working, Reduce 9 done vs. 1 working
2024/03/05 10:48:11 Coordinator work
2024/03/05 10:48:11 Coordinator status 1
2024/03/05 10:48:11 Map: 8 done vs. 0 working, Reduce 9 done vs. 1 working
2024/03/05 10:48:11 Coordinator work
2024/03/05 10:48:11 Coordinator status 1
2024/03/05 10:48:11 Map: 8 done vs. 0 working, Reduce 9 done vs. 1 working
2024/03/05 10:48:11 Coordinator work
2024/03/05 10:48:11 Coordinator status 1
2024/03/05 10:48:11 Map: 8 done vs. 0 working, Reduce 9 done vs. 1 working
2024/03/05 10:48:13 Coordinator work
2024/03/05 10:48:13 Coordinator status 1
2024/03/05 10:48:13 Map: 8 done vs. 0 working, Reduce 9 done vs. 1 working
2024/03/05 10:48:13 Coordiantor restart Reduce order 17
2024/03/05 10:48:13 Coordinator work
2024/03/05 10:48:13 Coordinator status 1
2024/03/05 10:48:13 Order 17 finish Reduce
2024/03/05 10:48:13 Coordinator work
2024/03/05 10:48:13 Coordinator status 1
2024/03/05 10:48:13 Map: 8 done vs. 0 working, Reduce 10 done vs. 0 working
2024/03/05 10:48:13 forward: forward to done phase
2024/03/05 10:48:13 Coordinator work
2024/03/05 10:48:13 Coordinator status 2
2024/03/05 10:48:14 Coordinator work
2024/03/05 10:48:14 Coordinator status 2
2024/03/05 10:48:15 Coordinator work
2024/03/05 10:48:15 Coordinator status 2
