2024/03/05 10:52:03 making map order &{0 [../pg-being_ernest.txt] 0 10}
2024/03/05 10:52:03 making map order &{0 [../pg-dorian_gray.txt] 1 10}
2024/03/05 10:52:03 making map order &{0 [../pg-frankenstein.txt] 2 10}
2024/03/05 10:52:03 making map order &{0 [../pg-grimm.txt] 3 10}
2024/03/05 10:52:03 making map order &{0 [../pg-huckleberry_finn.txt] 4 10}
2024/03/05 10:52:03 making map order &{0 [../pg-metamorphosis.txt] 5 10}
2024/03/05 10:52:03 making map order &{0 [../pg-sherlock_holmes.txt] 6 10}
2024/03/05 10:52:03 making map order &{0 [../pg-tom_sawyer.txt] 7 10}
2024/03/05 10:52:03 done with make map order
2024/03/05 10:52:03 Map: 0 done vs. 8 working, Reduce 0 done vs. 0 working
2024/03/05 10:52:04 Coordinator work
2024/03/05 10:52:04 Coordinator status 0
2024/03/05 10:52:04 Coordinator work
2024/03/05 10:52:04 Coordinator status 0
2024/03/05 10:52:05 IsDone &{0 2024-03-05 10:52:04.903519318 +0800 CST m=+1.020436517 0xc000070300} true
2024/03/05 10:52:05 Order 0 finish Map
2024/03/05 10:52:05 IsDone &{0 2024-03-05 10:52:04.907818238 +0800 CST m=+1.024735435 0xc000070390} true
2024/03/05 10:52:05 Order 1 finish Map
2024/03/05 10:52:06 Coordinator work
2024/03/05 10:52:06 Coordinator status 0
2024/03/05 10:52:06 Coordinator work
2024/03/05 10:52:06 Coordinator status 0
2024/03/05 10:52:07 IsDone &{0 2024-03-05 10:52:06.916655037 +0800 CST m=+3.033572237 0xc000070420} true
2024/03/05 10:52:07 Order 2 finish Map
2024/03/05 10:52:07 IsDone &{0 2024-03-05 10:52:06.927329835 +0800 CST m=+3.044247035 0xc0000704b0} true
2024/03/05 10:52:07 Order 3 finish Map
2024/03/05 10:52:08 Coordinator work
2024/03/05 10:52:08 Coordinator status 0
2024/03/05 10:52:08 Coordinator work
2024/03/05 10:52:08 Coordinator status 0
2024/03/05 10:52:09 IsDone &{0 2024-03-05 10:52:08.945767916 +0800 CST m=+5.062685113 0xc0000705d0} true
2024/03/05 10:52:09 Order 5 finish Map
2024/03/05 10:52:09 IsDone &{0 2024-03-05 10:52:08.9383595 +0800 CST m=+5.055276700 0xc000070540} true
2024/03/05 10:52:09 Order 4 finish Map
2024/03/05 10:52:10 Coordinator work
2024/03/05 10:52:10 Coordinator status 0
2024/03/05 10:52:10 Coordinator work
2024/03/05 10:52:10 Coordinator status 0
2024/03/05 10:52:11 IsDone &{0 2024-03-05 10:52:10.956565296 +0800 CST m=+7.073482494 0xc000070660} true
2024/03/05 10:52:11 Order 6 finish Map
2024/03/05 10:52:11 IsDone &{0 2024-03-05 10:52:10.966551496 +0800 CST m=+7.083468693 0xc0000706f0} true
2024/03/05 10:52:11 Order 7 finish Map
2024/03/05 10:52:12 Coordinator work
2024/03/05 10:52:12 Coordinator status 0
2024/03/05 10:52:12 Map: 8 done vs. 0 working, Reduce 0 done vs. 0 working
2024/03/05 10:52:12 forward: forward to Reuce Phase
2024/03/05 10:52:12 making reduce order : 8
2024/03/05 10:52:12 making reduce order : 9
2024/03/05 10:52:12 making reduce order : 10
2024/03/05 10:52:12 making reduce order : 11
2024/03/05 10:52:12 making reduce order : 12
2024/03/05 10:52:12 making reduce order : 13
2024/03/05 10:52:12 making reduce order : 14
2024/03/05 10:52:12 Coordinator work
2024/03/05 10:52:12 making reduce order : 15
2024/03/05 10:52:12 making reduce order : 16
2024/03/05 10:52:12 making reduce order : 17
2024/03/05 10:52:12 done with make reduce order
2024/03/05 10:52:12 Map: 8 done vs. 0 working, Reduce 0 done vs. 10 working
2024/03/05 10:52:12 Coordinator status 1
2024/03/05 10:52:12 Order 8 finish Reduce
2024/03/05 10:52:13 Coordinator work
2024/03/05 10:52:13 Coordinator status 1
2024/03/05 10:52:14 Order 9 finish Reduce
2024/03/05 10:52:14 Coordinator work
2024/03/05 10:52:14 Coordinator status 1
2024/03/05 10:52:14 Order 10 finish Reduce
2024/03/05 10:52:15 Coordinator work
2024/03/05 10:52:15 Coordinator status 1
2024/03/05 10:52:15 Order 11 finish Reduce
2024/03/05 10:52:15 Coordinator work
2024/03/05 10:52:15 Coordinator status 1
2024/03/05 10:52:16 Order 12 finish Reduce
2024/03/05 10:52:16 Coordinator work
2024/03/05 10:52:16 Coordinator status 1
2024/03/05 10:52:16 Order 13 finish Reduce
2024/03/05 10:52:17 Coordinator work
2024/03/05 10:52:17 Coordinator status 1
2024/03/05 10:52:17 Order 14 finish Reduce
2024/03/05 10:52:17 Coordinator work
2024/03/05 10:52:17 Coordinator status 1
2024/03/05 10:52:17 Order 15 finish Reduce
2024/03/05 10:52:18 Coordinator work
2024/03/05 10:52:18 Coordinator status 1
2024/03/05 10:52:18 Order 16 finish Reduce
2024/03/05 10:52:18 Coordinator work
2024/03/05 10:52:18 Coordinator status 1
2024/03/05 10:52:18 Order 17 finish Reduce
2024/03/05 10:52:19 Coordinator work
2024/03/05 10:52:19 Coordinator status 1
2024/03/05 10:52:19 Map: 8 done vs. 0 working, Reduce 10 done vs. 0 working
2024/03/05 10:52:19 forward: forward to done phase
2024/03/05 10:52:19 Coordinator work
2024/03/05 10:52:19 Coordinator status 2
