2024/03/05 05:19:32 making map order &{0 [../pg-being_ernest.txt] 0 10}
2024/03/05 05:19:32 making map order &{0 [../pg-dorian_gray.txt] 1 10}
2024/03/05 05:19:32 making map order &{0 [../pg-frankenstein.txt] 2 10}
2024/03/05 05:19:32 making map order &{0 [../pg-grimm.txt] 3 10}
2024/03/05 05:19:32 making map order &{0 [../pg-huckleberry_finn.txt] 4 10}
2024/03/05 05:19:32 making map order &{0 [../pg-metamorphosis.txt] 5 10}
2024/03/05 05:19:32 making map order &{0 [../pg-sherlock_holmes.txt] 6 10}
2024/03/05 05:19:32 making map order &{0 [../pg-tom_sawyer.txt] 7 10}
2024/03/05 05:19:32 done with make map order
2024/03/05 05:19:32 Map: 0 done vs. 8 working, Reduce 0 done vs. 0 working
2024/03/05 05:19:33 Coordinator work
2024/03/05 05:19:33 Coordinator status 0
2024/03/05 05:19:33 Coordinator work
2024/03/05 05:19:33 Coordinator status 0
2024/03/05 05:19:33 Coordinator work
2024/03/05 05:19:33 Coordinator status 0
2024/03/05 05:19:34 IsDone &{0 2024-03-05 05:19:33.824255923 +0800 CST m=+1.019733665 0xc0000a3f80} true
2024/03/05 05:19:34 Order 0 finish Map
2024/03/05 05:19:35 IsDone &{0 2024-03-05 05:19:33.84202852 +0800 CST m=+1.037506260 0xc00011c0c0} true
2024/03/05 05:19:35 Order 2 finish Map
2024/03/05 05:19:35 IsDone &{0 2024-03-05 05:19:33.82828178 +0800 CST m=+1.023759523 0xc00011c030} true
2024/03/05 05:19:35 Order 1 finish Map
2024/03/05 05:19:35 Coordinator work
2024/03/05 05:19:35 Coordinator status 0
2024/03/05 05:19:36 Coordinator work
2024/03/05 05:19:36 Coordinator status 0
2024/03/05 05:19:36 Coordinator work
2024/03/05 05:19:36 Coordinator status 0
2024/03/05 05:19:37 IsDone &{0 2024-03-05 05:19:36.62020166 +0800 CST m=+3.815679403 0xc00011c270} true
2024/03/05 05:19:37 Order 5 finish Map
2024/03/05 05:19:37 IsDone &{0 2024-03-05 05:19:35.631195059 +0800 CST m=+2.826672784 0xc00011c150} true
2024/03/05 05:19:37 Order 3 finish Map
2024/03/05 05:19:38 Coordinator work
2024/03/05 05:19:38 Coordinator status 0
2024/03/05 05:19:38 Coordinator work
2024/03/05 05:19:38 Coordinator status 0
2024/03/05 05:19:38 IsDone &{0 2024-03-05 05:19:36.19138107 +0800 CST m=+3.386858809 0xc00011c1e0} true
2024/03/05 05:19:38 Order 4 finish Map
2024/03/05 05:19:39 Coordinator work
2024/03/05 05:19:39 Coordinator status 0
2024/03/05 05:19:39 Map: 6 done vs. 2 working, Reduce 0 done vs. 0 working
2024/03/05 05:19:40 IsDone &{0 2024-03-05 05:19:38.513434158 +0800 CST m=+5.708911908 0xc00011c390} true
2024/03/05 05:19:40 Order 7 finish Map
2024/03/05 05:19:40 IsDone &{0 2024-03-05 05:19:38.392929816 +0800 CST m=+5.588407565 0xc00011c300} true
2024/03/05 05:19:40 Order 6 finish Map
2024/03/05 05:19:41 Coordinator work
2024/03/05 05:19:41 Coordinator status 0
2024/03/05 05:19:41 Map: 8 done vs. 0 working, Reduce 0 done vs. 0 working
2024/03/05 05:19:41 forward: forward to Reuce Phase
2024/03/05 05:19:41 making reduce order : 8
2024/03/05 05:19:41 making reduce order : 9
2024/03/05 05:19:41 making reduce order : 10
2024/03/05 05:19:41 making reduce order : 11
2024/03/05 05:19:41 making reduce order : 12
2024/03/05 05:19:41 making reduce order : 13
2024/03/05 05:19:41 making reduce order : 14
2024/03/05 05:19:41 making reduce order : 15
2024/03/05 05:19:41 making reduce order : 16
2024/03/05 05:19:41 making reduce order : 17
2024/03/05 05:19:41 done with make reduce order
2024/03/05 05:19:41 Map: 8 done vs. 0 working, Reduce 0 done vs. 10 working
2024/03/05 05:19:41 Coordinator work
2024/03/05 05:19:41 Coordinator status 1
2024/03/05 05:19:41 Coordinator work
2024/03/05 05:19:41 Coordinator status 1
2024/03/05 05:19:42 Order 8 finish Reduce
2024/03/05 05:19:42 Order 9 finish Reduce
2024/03/05 05:19:43 Coordinator work
2024/03/05 05:19:43 Coordinator status 1
2024/03/05 05:19:43 Coordinator work
2024/03/05 05:19:43 Coordinator status 1
2024/03/05 05:19:43 Coordinator work
2024/03/05 05:19:43 Coordinator status 1
2024/03/05 05:19:43 Order 11 finish Reduce
2024/03/05 05:19:44 Order 12 finish Reduce
2024/03/05 05:19:44 Order 10 finish Reduce
2024/03/05 05:19:44 Coordinator work
2024/03/05 05:19:44 Coordinator status 1
2024/03/05 05:19:45 Coordinator work
2024/03/05 05:19:45 Coordinator status 1
2024/03/05 05:19:45 Order 13 finish Reduce
2024/03/05 05:19:45 Coordinator work
2024/03/05 05:19:45 Coordinator status 1
2024/03/05 05:19:46 Order 15 finish Reduce
2024/03/05 05:19:46 Coordinator work
2024/03/05 05:19:46 Coordinator status 1
2024/03/05 05:19:46 Order 14 finish Reduce
2024/03/05 05:19:47 Order 16 finish Reduce
2024/03/05 05:19:47 Coordinator work
2024/03/05 05:19:47 Coordinator status 1
2024/03/05 05:19:47 Coordinator work
2024/03/05 05:19:47 Coordinator status 1
2024/03/05 05:19:47 Map: 8 done vs. 0 working, Reduce 9 done vs. 1 working
2024/03/05 05:19:48 Order 17 finish Reduce
2024/03/05 05:19:48 Coordinator work
2024/03/05 05:19:48 Coordinator status 1
2024/03/05 05:19:48 Map: 8 done vs. 0 working, Reduce 10 done vs. 0 working
2024/03/05 05:19:48 forward: forward to done phase
2024/03/05 05:19:49 Coordinator work
2024/03/05 05:19:49 Coordinator status 2
2024/03/05 05:19:49 Coordinator work
2024/03/05 05:19:49 Coordinator status 2
