2024/03/05 00:45:00 making map order &{0 [../pg-being_ernest.txt] 0 10}
2024/03/05 00:45:00 making map order &{0 [../pg-dorian_gray.txt] 1 10}
2024/03/05 00:45:00 making map order &{0 [../pg-frankenstein.txt] 2 10}
2024/03/05 00:45:00 making map order &{0 [../pg-grimm.txt] 3 10}
2024/03/05 00:45:00 making map order &{0 [../pg-huckleberry_finn.txt] 4 10}
2024/03/05 00:45:00 making map order &{0 [../pg-metamorphosis.txt] 5 10}
2024/03/05 00:45:00 making map order &{0 [../pg-sherlock_holmes.txt] 6 10}
2024/03/05 00:45:00 making map order &{0 [../pg-tom_sawyer.txt] 7 10}
2024/03/05 00:45:00 done with make map order
2024/03/05 00:45:00 Map: 0 done vs. 8 working, Reduce 0 done vs. 0 working
2024/03/05 00:45:01 Coordinator work
2024/03/05 00:45:01 Coordinator status 0
2024/03/05 00:45:01 Coordinator work
2024/03/05 00:45:01 Coordinator status 0
2024/03/05 00:45:02 IsDone &{0 2024-03-05 00:45:01.821911514 +0800 CST m=+1.015439767 0xc000079da0} true
2024/03/05 00:45:02 Order 0 finish Map
2024/03/05 00:45:02 IsDone &{0 2024-03-05 00:45:01.829686055 +0800 CST m=+1.023214306 0xc000079e30} true
2024/03/05 00:45:02 Order 1 finish Map
2024/03/05 00:45:03 Coordinator work
2024/03/05 00:45:03 Coordinator status 0
2024/03/05 00:45:03 Coordinator work
2024/03/05 00:45:03 Coordinator status 0
2024/03/05 00:45:04 IsDone &{0 2024-03-05 00:45:03.832966206 +0800 CST m=+3.026494460 0xc000079ec0} true
2024/03/05 00:45:04 Order 2 finish Map
2024/03/05 00:45:04 IsDone &{0 2024-03-05 00:45:03.8475691 +0800 CST m=+3.041097354 0xc000079f50} true
2024/03/05 00:45:04 Order 3 finish Map
2024/03/05 00:45:05 Coordinator work
2024/03/05 00:45:05 Coordinator status 0
2024/03/05 00:45:05 Coordinator work
2024/03/05 00:45:05 Coordinator status 0
2024/03/05 00:45:06 IsDone &{0 2024-03-05 00:45:05.849515639 +0800 CST m=+5.043043894 0xc000164000} true
2024/03/05 00:45:06 Order 4 finish Map
2024/03/05 00:45:06 IsDone &{0 2024-03-05 00:45:05.864479377 +0800 CST m=+5.058007641 0xc000164090} true
2024/03/05 00:45:06 Order 5 finish Map
2024/03/05 00:45:07 Coordinator work
2024/03/05 00:45:07 Coordinator status 0
2024/03/05 00:45:07 Coordinator work
2024/03/05 00:45:07 Coordinator status 0
2024/03/05 00:45:08 IsDone &{0 2024-03-05 00:45:07.880340949 +0800 CST m=+7.073869203 0xc0001641b0} true
2024/03/05 00:45:08 Order 7 finish Map
2024/03/05 00:45:08 IsDone &{0 2024-03-05 00:45:07.879990036 +0800 CST m=+7.073518291 0xc000164120} true
2024/03/05 00:45:08 Order 6 finish Map
2024/03/05 00:45:09 Coordinator work
2024/03/05 00:45:09 Coordinator status 0
2024/03/05 00:45:09 Map: 8 done vs. 0 working, Reduce 0 done vs. 0 working
2024/03/05 00:45:09 forward: forward to Reuce Phase
2024/03/05 00:45:09 making reduce order : 8
2024/03/05 00:45:09 making reduce order : 9
2024/03/05 00:45:09 making reduce order : 10
2024/03/05 00:45:09 making reduce order : 11
2024/03/05 00:45:09 making reduce order : 12
2024/03/05 00:45:09 making reduce order : 13
2024/03/05 00:45:09 Coordinator work
2024/03/05 00:45:09 making reduce order : 14
2024/03/05 00:45:09 making reduce order : 15
2024/03/05 00:45:09 making reduce order : 16
2024/03/05 00:45:09 making reduce order : 17
2024/03/05 00:45:09 done with make reduce order
2024/03/05 00:45:09 Map: 8 done vs. 0 working, Reduce 0 done vs. 10 working
2024/03/05 00:45:09 Coordinator status 1
2024/03/05 00:45:09 Order 8 finish Reduce
2024/03/05 00:45:10 Coordinator work
2024/03/05 00:45:10 Coordinator status 1
2024/03/05 00:45:10 Order 9 finish Reduce
2024/03/05 00:45:11 Coordinator work
2024/03/05 00:45:11 Coordinator status 1
2024/03/05 00:45:11 Order 10 finish Reduce
2024/03/05 00:45:11 Coordinator work
2024/03/05 00:45:11 Coordinator status 1
2024/03/05 00:45:11 Order 11 finish Reduce
2024/03/05 00:45:12 Coordinator work
2024/03/05 00:45:12 Coordinator status 1
2024/03/05 00:45:12 Order 12 finish Reduce
2024/03/05 00:45:12 Coordinator work
2024/03/05 00:45:12 Coordinator status 1
2024/03/05 00:45:12 Order 13 finish Reduce
2024/03/05 00:45:13 Coordinator work
2024/03/05 00:45:13 Coordinator status 1
2024/03/05 00:45:13 Order 14 finish Reduce
2024/03/05 00:45:13 Coordinator work
2024/03/05 00:45:13 Coordinator status 1
2024/03/05 00:45:13 Order 15 finish Reduce
2024/03/05 00:45:14 Coordinator work
2024/03/05 00:45:14 Coordinator status 1
2024/03/05 00:45:14 Order 16 finish Reduce
2024/03/05 00:45:14 Coordinator work
2024/03/05 00:45:14 Coordinator status 1
2024/03/05 00:45:14 Order 17 finish Reduce
2024/03/05 00:45:15 Coordinator work
2024/03/05 00:45:15 Coordinator status 1
2024/03/05 00:45:15 Map: 8 done vs. 0 working, Reduce 10 done vs. 0 working
2024/03/05 00:45:15 forward: forward to done phase
2024/03/05 00:45:15 Coordinator work
2024/03/05 00:45:15 Coordinator status 2
