2024/03/05 04:50:38 making map order &{0 [../pg-being_ernest.txt] 0 10}
2024/03/05 04:50:38 making map order &{0 [../pg-dorian_gray.txt] 1 10}
2024/03/05 04:50:38 making map order &{0 [../pg-frankenstein.txt] 2 10}
2024/03/05 04:50:38 making map order &{0 [../pg-grimm.txt] 3 10}
2024/03/05 04:50:38 making map order &{0 [../pg-huckleberry_finn.txt] 4 10}
2024/03/05 04:50:38 making map order &{0 [../pg-metamorphosis.txt] 5 10}
2024/03/05 04:50:38 making map order &{0 [../pg-sherlock_holmes.txt] 6 10}
2024/03/05 04:50:38 making map order &{0 [../pg-tom_sawyer.txt] 7 10}
2024/03/05 04:50:38 done with make map order
2024/03/05 04:50:38 Map: 0 done vs. 8 working, Reduce 0 done vs. 0 working
2024/03/05 04:50:39 Coordinator work
2024/03/05 04:50:39 Coordinator status 0
2024/03/05 04:50:39 IsDone &{0 2024-03-05 04:50:39.863751885 +0800 CST m=+1.026836320 0xc00011c000} true
2024/03/05 04:50:39 Order 0 finish Map
2024/03/05 04:50:39 Coordinator work
2024/03/05 04:50:39 Coordinator status 0
2024/03/05 04:50:39 Coordinator work
2024/03/05 04:50:39 Coordinator status 0
2024/03/05 04:50:39 IsDone &{0 2024-03-05 04:50:39.878455601 +0800 CST m=+1.041540035 0xc00011c120} true
2024/03/05 04:50:39 Order 2 finish Map
2024/03/05 04:50:39 IsDone &{0 2024-03-05 04:50:39.878042174 +0800 CST m=+1.041126615 0xc00011c090} true
2024/03/05 04:50:39 Order 1 finish Map
2024/03/05 04:50:40 Coordinator work
2024/03/05 04:50:40 Coordinator status 0
2024/03/05 04:50:40 IsDone &{0 2024-03-05 04:50:40.873621907 +0800 CST m=+2.036706344 0xc00011c1b0} true
2024/03/05 04:50:40 Order 3 finish Map
2024/03/05 04:50:40 Coordinator work
2024/03/05 04:50:40 Coordinator status 0
2024/03/05 04:50:40 Coordinator work
2024/03/05 04:50:40 Coordinator status 0
2024/03/05 04:50:40 IsDone &{0 2024-03-05 04:50:40.899516939 +0800 CST m=+2.062601374 0xc00011c2d0} true
2024/03/05 04:50:40 Order 5 finish Map
2024/03/05 04:50:40 IsDone &{0 2024-03-05 04:50:40.895554965 +0800 CST m=+2.058639400 0xc00011c240} true
2024/03/05 04:50:40 Order 4 finish Map
2024/03/05 04:50:41 Coordinator work
2024/03/05 04:50:41 Coordinator status 0
2024/03/05 04:50:41 Coordinator work
2024/03/05 04:50:41 Coordinator status 0
2024/03/05 04:50:41 IsDone &{0 2024-03-05 04:50:41.894117792 +0800 CST m=+3.057202213 0xc00011c360} true
2024/03/05 04:50:41 Order 6 finish Map
2024/03/05 04:50:41 Coordinator work
2024/03/05 04:50:41 Coordinator status 0
2024/03/05 04:50:41 Map: 7 done vs. 1 working, Reduce 0 done vs. 0 working
2024/03/05 04:50:41 IsDone &{0 2024-03-05 04:50:41.909844111 +0800 CST m=+3.072928544 0xc00011c3f0} true
2024/03/05 04:50:41 Order 7 finish Map
2024/03/05 04:50:42 Coordinator work
2024/03/05 04:50:42 Coordinator status 0
2024/03/05 04:50:42 Map: 8 done vs. 0 working, Reduce 0 done vs. 0 working
2024/03/05 04:50:42 forward: forward to Reuce Phase
2024/03/05 04:50:42 making reduce order : 8
2024/03/05 04:50:42 making reduce order : 9
2024/03/05 04:50:42 making reduce order : 10
2024/03/05 04:50:42 making reduce order : 11
2024/03/05 04:50:42 making reduce order : 12
2024/03/05 04:50:42 making reduce order : 13
2024/03/05 04:50:42 making reduce order : 14
2024/03/05 04:50:42 making reduce order : 15
2024/03/05 04:50:42 making reduce order : 16
2024/03/05 04:50:42 making reduce order : 17
2024/03/05 04:50:42 done with make reduce order
2024/03/05 04:50:42 Map: 8 done vs. 0 working, Reduce 0 done vs. 10 working
2024/03/05 04:50:42 Coordinator work
2024/03/05 04:50:42 Coordinator status 1
2024/03/05 04:50:42 Order 8 finish Reduce
2024/03/05 04:50:43 Coordinator work
2024/03/05 04:50:43 Coordinator status 1
2024/03/05 04:50:43 Order 9 finish Reduce
2024/03/05 04:50:43 Coordinator work
2024/03/05 04:50:43 Coordinator status 1
2024/03/05 04:50:44 Coordinator work
2024/03/05 04:50:44 Coordinator status 1
2024/03/05 04:50:44 Order 11 finish Reduce
2024/03/05 04:50:44 Coordinator work
2024/03/05 04:50:44 Coordinator status 1
2024/03/05 04:50:44 Order 12 finish Reduce
2024/03/05 04:50:45 Coordinator work
2024/03/05 04:50:45 Coordinator status 1
2024/03/05 04:50:45 Coordinator work
2024/03/05 04:50:45 Coordinator status 1
2024/03/05 04:50:45 Order 13 finish Reduce
2024/03/05 04:50:46 Order 10 finish Reduce
2024/03/05 04:50:46 Coordinator work
2024/03/05 04:50:46 Coordinator status 1
2024/03/05 04:50:46 Order 15 finish Reduce
2024/03/05 04:50:47 Coordinator work
2024/03/05 04:50:47 Coordinator status 1
2024/03/05 04:50:47 Order 16 finish Reduce
2024/03/05 04:50:47 Coordinator work
2024/03/05 04:50:47 Coordinator status 1
2024/03/05 04:50:47 Order 17 finish Reduce
2024/03/05 04:50:48 Order 14 finish Reduce
2024/03/05 04:50:48 Coordinator work
2024/03/05 04:50:48 Coordinator status 1
2024/03/05 04:50:48 Map: 8 done vs. 0 working, Reduce 10 done vs. 0 working
2024/03/05 04:50:48 forward: forward to done phase
2024/03/05 04:50:48 Coordinator work
2024/03/05 04:50:48 Coordinator status 2
2024/03/05 04:50:49 Coordinator work
2024/03/05 04:50:49 Coordinator status 2
