2024/03/05 00:32:11 making map order &{0 [../pg-being_ernest.txt] 0 10}
2024/03/05 00:32:11 making map order &{0 [../pg-dorian_gray.txt] 1 10}
2024/03/05 00:32:11 making map order &{0 [../pg-frankenstein.txt] 2 10}
2024/03/05 00:32:11 making map order &{0 [../pg-grimm.txt] 3 10}
2024/03/05 00:32:11 making map order &{0 [../pg-huckleberry_finn.txt] 4 10}
2024/03/05 00:32:11 making map order &{0 [../pg-metamorphosis.txt] 5 10}
2024/03/05 00:32:11 making map order &{0 [../pg-sherlock_holmes.txt] 6 10}
2024/03/05 00:32:11 making map order &{0 [../pg-tom_sawyer.txt] 7 10}
2024/03/05 00:32:11 done with make map order
2024/03/05 00:32:11 Map: 0 done vs. 8 working, Reduce 0 done vs. 0 working
2024/03/05 00:32:12 Coordinator work
2024/03/05 00:32:12 Coordinator status 0
2024/03/05 00:32:12 IsDone &{0 2024-03-05 00:32:12.977930183 +0800 CST m=+1.026358610 0xc0000743c0} true
2024/03/05 00:32:12 Order 0 finish Map
2024/03/05 00:32:12 Coordinator work
2024/03/05 00:32:12 Coordinator status 0
2024/03/05 00:32:12 Coordinator work
2024/03/05 00:32:12 Coordinator status 0
2024/03/05 00:32:13 Coordinator work
2024/03/05 00:32:13 Coordinator status 0
2024/03/05 00:32:13 IsDone &{0 2024-03-05 00:32:12.993919985 +0800 CST m=+1.042348415 0xc0000744e0} true
2024/03/05 00:32:13 Order 2 finish Map
2024/03/05 00:32:13 IsDone &{0 2024-03-05 00:32:12.988501991 +0800 CST m=+1.036930418 0xc000074450} true
2024/03/05 00:32:13 Order 1 finish Map
2024/03/05 00:32:13 IsDone &{0 2024-03-05 00:32:13.006542899 +0800 CST m=+1.054971326 0xc000074570} true
2024/03/05 00:32:13 Order 3 finish Map
2024/03/05 00:32:13 Coordinator work
2024/03/05 00:32:13 Coordinator status 0
2024/03/05 00:32:14 Coordinator work
2024/03/05 00:32:14 Coordinator status 0
2024/03/05 00:32:14 Coordinator work
2024/03/05 00:32:14 Coordinator status 0
2024/03/05 00:32:14 IsDone &{0 2024-03-05 00:32:14.015139706 +0800 CST m=+2.063568132 0xc000074690} true
2024/03/05 00:32:14 Order 5 finish Map
2024/03/05 00:32:14 Coordinator work
2024/03/05 00:32:14 Coordinator status 0
2024/03/05 00:32:14 IsDone &{0 2024-03-05 00:32:14.018121963 +0800 CST m=+2.066550393 0xc000074720} true
2024/03/05 00:32:14 Order 6 finish Map
2024/03/05 00:32:14 IsDone &{0 2024-03-05 00:32:14.028081839 +0800 CST m=+2.076510269 0xc0000747b0} true
2024/03/05 00:32:14 Order 7 finish Map
2024/03/05 00:32:15 Coordinator work
2024/03/05 00:32:15 Coordinator status 0
2024/03/05 00:32:15 Map: 7 done vs. 1 working, Reduce 0 done vs. 0 working
2024/03/05 00:32:15 Coordinator work
2024/03/05 00:32:15 Coordinator status 0
2024/03/05 00:32:15 Map: 7 done vs. 1 working, Reduce 0 done vs. 0 working
2024/03/05 00:32:15 Coordinator work
2024/03/05 00:32:15 Coordinator status 0
2024/03/05 00:32:15 Map: 7 done vs. 1 working, Reduce 0 done vs. 0 working
2024/03/05 00:32:15 Coordinator work
2024/03/05 00:32:15 Coordinator status 0
2024/03/05 00:32:15 Map: 7 done vs. 1 working, Reduce 0 done vs. 0 working
2024/03/05 00:32:17 Coordinator work
2024/03/05 00:32:17 Coordinator status 0
2024/03/05 00:32:17 Map: 7 done vs. 1 working, Reduce 0 done vs. 0 working
2024/03/05 00:32:17 Coordinator work
2024/03/05 00:32:17 Coordinator status 0
2024/03/05 00:32:17 Map: 7 done vs. 1 working, Reduce 0 done vs. 0 working
2024/03/05 00:32:17 Coordinator work
2024/03/05 00:32:17 Coordinator status 0
2024/03/05 00:32:17 Map: 7 done vs. 1 working, Reduce 0 done vs. 0 working
2024/03/05 00:32:17 Coordinator work
2024/03/05 00:32:17 Coordinator status 0
2024/03/05 00:32:17 Map: 7 done vs. 1 working, Reduce 0 done vs. 0 working
2024/03/05 00:32:19 Coordinator work
2024/03/05 00:32:19 Coordinator status 0
2024/03/05 00:32:19 Map: 7 done vs. 1 working, Reduce 0 done vs. 0 working
2024/03/05 00:32:19 Coordinator work
2024/03/05 00:32:19 Coordinator status 0
2024/03/05 00:32:19 Map: 7 done vs. 1 working, Reduce 0 done vs. 0 working
2024/03/05 00:32:19 Coordinator work
2024/03/05 00:32:19 Coordinator status 0
2024/03/05 00:32:19 Map: 7 done vs. 1 working, Reduce 0 done vs. 0 working
2024/03/05 00:32:19 Coordinator work
2024/03/05 00:32:19 Coordinator status 0
2024/03/05 00:32:19 Map: 7 done vs. 1 working, Reduce 0 done vs. 0 working
2024/03/05 00:32:21 Coordinator work
2024/03/05 00:32:21 Coordinator status 0
2024/03/05 00:32:21 Map: 7 done vs. 1 working, Reduce 0 done vs. 0 working
2024/03/05 00:32:21 Coordinator work
2024/03/05 00:32:21 Coordinator status 0
2024/03/05 00:32:21 Map: 7 done vs. 1 working, Reduce 0 done vs. 0 working
2024/03/05 00:32:21 Coordinator work
2024/03/05 00:32:21 Coordinator status 0
2024/03/05 00:32:21 Map: 7 done vs. 1 working, Reduce 0 done vs. 0 working
2024/03/05 00:32:21 Coordinator work
2024/03/05 00:32:21 Coordinator status 0
2024/03/05 00:32:21 Map: 7 done vs. 1 working, Reduce 0 done vs. 0 working
2024/03/05 00:32:23 Coordinator work
2024/03/05 00:32:23 Coordinator status 0
2024/03/05 00:32:23 Map: 7 done vs. 1 working, Reduce 0 done vs. 0 working
2024/03/05 00:32:23 Coordinator work
2024/03/05 00:32:23 Coordinator status 0
2024/03/05 00:32:23 Map: 7 done vs. 1 working, Reduce 0 done vs. 0 working
2024/03/05 00:32:23 Coordinator work
2024/03/05 00:32:23 Coordinator status 0
2024/03/05 00:32:23 Map: 7 done vs. 1 working, Reduce 0 done vs. 0 working
2024/03/05 00:32:23 Coordinator work
2024/03/05 00:32:23 Coordinator status 0
2024/03/05 00:32:23 Map: 7 done vs. 1 working, Reduce 0 done vs. 0 working
2024/03/05 00:32:24 Coordiantor restart Map order 4
2024/03/05 00:32:25 Coordinator work
2024/03/05 00:32:25 Coordinator status 0
2024/03/05 00:32:25 Coordinator work
2024/03/05 00:32:25 Coordinator status 0
2024/03/05 00:32:25 Map: 7 done vs. 1 working, Reduce 0 done vs. 0 working
2024/03/05 00:32:25 Coordinator work
2024/03/05 00:32:25 Coordinator status 0
2024/03/05 00:32:25 Map: 7 done vs. 1 working, Reduce 0 done vs. 0 working
2024/03/05 00:32:25 IsDone &{0 2024-03-05 00:32:25.047946632 +0800 CST m=+13.096375069 0xc000074600} true
2024/03/05 00:32:25 Order 4 finish Map
2024/03/05 00:32:25 Coordinator work
2024/03/05 00:32:25 Coordinator status 0
2024/03/05 00:32:25 Map: 8 done vs. 0 working, Reduce 0 done vs. 0 working
2024/03/05 00:32:25 forward: forward to Reuce Phase
2024/03/05 00:32:25 making reduce order : 8
2024/03/05 00:32:25 making reduce order : 9
2024/03/05 00:32:25 making reduce order : 10
2024/03/05 00:32:25 making reduce order : 11
2024/03/05 00:32:25 making reduce order : 12
2024/03/05 00:32:25 making reduce order : 13
2024/03/05 00:32:25 making reduce order : 14
2024/03/05 00:32:25 making reduce order : 15
2024/03/05 00:32:25 making reduce order : 16
2024/03/05 00:32:25 making reduce order : 17
2024/03/05 00:32:25 done with make reduce order
2024/03/05 00:32:25 Map: 8 done vs. 0 working, Reduce 0 done vs. 10 working
2024/03/05 00:32:26 Coordinator work
2024/03/05 00:32:26 Coordinator status 1
2024/03/05 00:32:26 Order 8 finish Reduce
2024/03/05 00:32:27 Coordinator work
2024/03/05 00:32:27 Coordinator status 1
2024/03/05 00:32:27 Order 9 finish Reduce
2024/03/05 00:32:27 Coordinator work
2024/03/05 00:32:27 Coordinator status 1
2024/03/05 00:32:27 Coordinator work
2024/03/05 00:32:27 Coordinator status 1
2024/03/05 00:32:27 Order 11 finish Reduce
2024/03/05 00:32:27 Coordinator work
2024/03/05 00:32:27 Coordinator status 1
2024/03/05 00:32:27 Order 12 finish Reduce
2024/03/05 00:32:28 Coordinator work
2024/03/05 00:32:28 Coordinator status 1
2024/03/05 00:32:28 Order 13 finish Reduce
2024/03/05 00:32:28 Coordinator work
2024/03/05 00:32:28 Coordinator status 1
2024/03/05 00:32:28 Order 14 finish Reduce
2024/03/05 00:32:28 Order 10 finish Reduce
2024/03/05 00:32:28 Coordinator work
2024/03/05 00:32:28 Coordinator status 1
2024/03/05 00:32:28 Order 15 finish Reduce
2024/03/05 00:32:29 Coordinator work
2024/03/05 00:32:29 Coordinator status 1
2024/03/05 00:32:29 Order 16 finish Reduce
2024/03/05 00:32:29 Coordinator work
2024/03/05 00:32:29 Coordinator status 1
2024/03/05 00:32:29 Coordinator work
2024/03/05 00:32:29 Coordinator status 1
2024/03/05 00:32:29 Map: 8 done vs. 0 working, Reduce 9 done vs. 1 working
2024/03/05 00:32:29 Coordinator work
2024/03/05 00:32:29 Coordinator status 1
2024/03/05 00:32:29 Map: 8 done vs. 0 working, Reduce 9 done vs. 1 working
2024/03/05 00:32:30 Coordinator work
2024/03/05 00:32:30 Coordinator status 1
2024/03/05 00:32:30 Map: 8 done vs. 0 working, Reduce 9 done vs. 1 working
2024/03/05 00:32:31 Coordinator work
2024/03/05 00:32:31 Coordinator status 1
2024/03/05 00:32:31 Map: 8 done vs. 0 working, Reduce 9 done vs. 1 working
2024/03/05 00:32:31 Coordinator work
2024/03/05 00:32:31 Coordinator status 1
2024/03/05 00:32:31 Map: 8 done vs. 0 working, Reduce 9 done vs. 1 working
2024/03/05 00:32:32 Coordinator work
2024/03/05 00:32:32 Coordinator status 1
2024/03/05 00:32:32 Map: 8 done vs. 0 working, Reduce 9 done vs. 1 working
2024/03/05 00:32:33 Coordinator work
2024/03/05 00:32:33 Coordinator status 1
2024/03/05 00:32:33 Map: 8 done vs. 0 working, Reduce 9 done vs. 1 working
2024/03/05 00:32:33 Coordinator work
2024/03/05 00:32:33 Coordinator status 1
2024/03/05 00:32:33 Map: 8 done vs. 0 working, Reduce 9 done vs. 1 working
2024/03/05 00:32:34 Coordinator work
2024/03/05 00:32:34 Coordinator status 1
2024/03/05 00:32:34 Map: 8 done vs. 0 working, Reduce 9 done vs. 1 working
2024/03/05 00:32:35 Coordinator work
2024/03/05 00:32:35 Coordinator status 1
2024/03/05 00:32:35 Map: 8 done vs. 0 working, Reduce 9 done vs. 1 working
2024/03/05 00:32:35 Coordinator work
2024/03/05 00:32:35 Coordinator status 1
2024/03/05 00:32:35 Map: 8 done vs. 0 working, Reduce 9 done vs. 1 working
2024/03/05 00:32:36 Coordinator work
2024/03/05 00:32:36 Coordinator status 1
2024/03/05 00:32:36 Map: 8 done vs. 0 working, Reduce 9 done vs. 1 working
2024/03/05 00:32:36 Order 17 finish Reduce
2024/03/05 00:32:37 Coordinator work
2024/03/05 00:32:37 Coordinator status 1
2024/03/05 00:32:37 Map: 8 done vs. 0 working, Reduce 10 done vs. 0 working
2024/03/05 00:32:37 forward: forward to done phase
2024/03/05 00:32:37 Coordinator work
2024/03/05 00:32:37 Coordinator status 2
2024/03/05 00:32:37 Coordinator work
2024/03/05 00:32:37 Coordinator status 2
2024/03/05 00:32:38 Coordinator work
2024/03/05 00:32:38 Coordinator status 2
