2024/03/05 11:08:24 making map order &{0 [../pg-being_ernest.txt] 0 10}
2024/03/05 11:08:24 making map order &{0 [../pg-dorian_gray.txt] 1 10}
2024/03/05 11:08:24 making map order &{0 [../pg-frankenstein.txt] 2 10}
2024/03/05 11:08:24 making map order &{0 [../pg-grimm.txt] 3 10}
2024/03/05 11:08:24 making map order &{0 [../pg-huckleberry_finn.txt] 4 10}
2024/03/05 11:08:24 making map order &{0 [../pg-metamorphosis.txt] 5 10}
2024/03/05 11:08:24 making map order &{0 [../pg-sherlock_holmes.txt] 6 10}
2024/03/05 11:08:24 making map order &{0 [../pg-tom_sawyer.txt] 7 10}
2024/03/05 11:08:24 done with make map order
2024/03/05 11:08:24 Map: 0 done vs. 8 working, Reduce 0 done vs. 0 working
2024/03/05 11:08:25 Coordinator work
2024/03/05 11:08:25 Coordinator status 0
2024/03/05 11:08:25 Coordinator work
2024/03/05 11:08:25 Coordinator status 0
2024/03/05 11:08:26 IsDone &{0 2024-03-05 11:08:25.248894422 +0800 CST m=+1.047317096 0xc00009dd40} true
2024/03/05 11:08:26 Order 0 finish Map
2024/03/05 11:08:26 IsDone &{0 2024-03-05 11:08:25.251682291 +0800 CST m=+1.050104942 0xc00009ddd0} true
2024/03/05 11:08:26 Order 1 finish Map
2024/03/05 11:08:27 Coordinator work
2024/03/05 11:08:27 Coordinator status 0
2024/03/05 11:08:27 Coordinator work
2024/03/05 11:08:27 Coordinator status 0
2024/03/05 11:08:28 IsDone &{0 2024-03-05 11:08:27.260013013 +0800 CST m=+3.058435664 0xc00009de60} true
2024/03/05 11:08:28 Order 2 finish Map
2024/03/05 11:08:28 IsDone &{0 2024-03-05 11:08:27.274566398 +0800 CST m=+3.072989051 0xc00009def0} true
2024/03/05 11:08:28 Order 3 finish Map
2024/03/05 11:08:29 Coordinator work
2024/03/05 11:08:29 Coordinator status 0
2024/03/05 11:08:29 Coordinator work
2024/03/05 11:08:29 Coordinator status 0
2024/03/05 11:08:30 IsDone &{0 2024-03-05 11:08:29.294236651 +0800 CST m=+5.092659300 0xc00011a030} true
2024/03/05 11:08:30 Order 5 finish Map
2024/03/05 11:08:30 IsDone &{0 2024-03-05 11:08:29.286684702 +0800 CST m=+5.085107349 0xc00009df80} true
2024/03/05 11:08:30 Order 4 finish Map
2024/03/05 11:08:31 Coordinator work
2024/03/05 11:08:31 Coordinator status 0
2024/03/05 11:08:31 Coordinator work
2024/03/05 11:08:31 Coordinator status 0
2024/03/05 11:08:32 IsDone &{0 2024-03-05 11:08:31.319576175 +0800 CST m=+7.117998827 0xc00011a150} true
2024/03/05 11:08:32 Order 7 finish Map
2024/03/05 11:08:32 IsDone &{0 2024-03-05 11:08:31.308153177 +0800 CST m=+7.106575828 0xc00011a0c0} true
2024/03/05 11:08:32 Order 6 finish Map
2024/03/05 11:08:33 Coordinator work
2024/03/05 11:08:33 Coordinator status 0
2024/03/05 11:08:33 Map: 8 done vs. 0 working, Reduce 0 done vs. 0 working
2024/03/05 11:08:33 forward: forward to Reuce Phase
2024/03/05 11:08:33 making reduce order : 8
2024/03/05 11:08:33 making reduce order : 9
2024/03/05 11:08:33 Coordinator work
2024/03/05 11:08:33 making reduce order : 10
2024/03/05 11:08:33 making reduce order : 11
2024/03/05 11:08:33 making reduce order : 12
2024/03/05 11:08:33 making reduce order : 13
2024/03/05 11:08:33 making reduce order : 14
2024/03/05 11:08:33 making reduce order : 15
2024/03/05 11:08:33 making reduce order : 16
2024/03/05 11:08:33 making reduce order : 17
2024/03/05 11:08:33 done with make reduce order
2024/03/05 11:08:33 Map: 8 done vs. 0 working, Reduce 0 done vs. 10 working
2024/03/05 11:08:33 Coordinator status 1
2024/03/05 11:08:33 Order 8 finish Reduce
2024/03/05 11:08:34 Coordinator work
2024/03/05 11:08:34 Coordinator status 1
2024/03/05 11:08:34 Order 9 finish Reduce
2024/03/05 11:08:35 Coordinator work
2024/03/05 11:08:35 Coordinator status 1
2024/03/05 11:08:35 Order 10 finish Reduce
2024/03/05 11:08:35 Coordinator work
2024/03/05 11:08:35 Coordinator status 1
2024/03/05 11:08:35 Order 11 finish Reduce
2024/03/05 11:08:36 Coordinator work
2024/03/05 11:08:36 Coordinator status 1
2024/03/05 11:08:36 Order 12 finish Reduce
2024/03/05 11:08:36 Coordinator work
2024/03/05 11:08:36 Coordinator status 1
2024/03/05 11:08:36 Order 13 finish Reduce
2024/03/05 11:08:37 Coordinator work
2024/03/05 11:08:37 Coordinator status 1
2024/03/05 11:08:37 Order 14 finish Reduce
2024/03/05 11:08:37 Coordinator work
2024/03/05 11:08:37 Coordinator status 1
2024/03/05 11:08:37 Order 15 finish Reduce
2024/03/05 11:08:38 Coordinator work
2024/03/05 11:08:38 Coordinator status 1
2024/03/05 11:08:38 Order 16 finish Reduce
2024/03/05 11:08:38 Coordinator work
2024/03/05 11:08:38 Coordinator status 1
2024/03/05 11:08:38 Order 17 finish Reduce
2024/03/05 11:08:39 Coordinator work
2024/03/05 11:08:39 Coordinator status 1
2024/03/05 11:08:39 Map: 8 done vs. 0 working, Reduce 10 done vs. 0 working
2024/03/05 11:08:39 forward: forward to done phase
2024/03/05 11:08:39 Coordinator work
2024/03/05 11:08:39 Coordinator status 2
