2024/03/05 12:27:12 making map order &{0 [../pg-being_ernest.txt] 0 10}
2024/03/05 12:27:12 making map order &{0 [../pg-dorian_gray.txt] 1 10}
2024/03/05 12:27:12 making map order &{0 [../pg-frankenstein.txt] 2 10}
2024/03/05 12:27:12 making map order &{0 [../pg-grimm.txt] 3 10}
2024/03/05 12:27:12 making map order &{0 [../pg-huckleberry_finn.txt] 4 10}
2024/03/05 12:27:12 making map order &{0 [../pg-metamorphosis.txt] 5 10}
2024/03/05 12:27:12 making map order &{0 [../pg-sherlock_holmes.txt] 6 10}
2024/03/05 12:27:12 making map order &{0 [../pg-tom_sawyer.txt] 7 10}
2024/03/05 12:27:12 done with make map order
2024/03/05 12:27:12 Map: 0 done vs. 8 working, Reduce 0 done vs. 0 working
2024/03/05 12:27:13 Coordinator work
2024/03/05 12:27:13 Coordinator status 0
2024/03/05 12:27:13 Coordinator work
2024/03/05 12:27:13 Coordinator status 0
2024/03/05 12:27:17 IsDone &{0 2024-03-05 12:27:13.564494967 +0800 CST m=+1.047209432 0xc00008a360} true
2024/03/05 12:27:17 Order 0 finish Map
2024/03/05 12:27:17 IsDone &{0 2024-03-05 12:27:13.566519253 +0800 CST m=+1.049233736 0xc00008a3f0} true
2024/03/05 12:27:17 Order 1 finish Map
2024/03/05 12:27:18 Coordinator work
2024/03/05 12:27:18 Coordinator status 0
2024/03/05 12:27:18 Coordinator work
2024/03/05 12:27:18 Coordinator status 0
2024/03/05 12:27:22 IsDone &{0 2024-03-05 12:27:18.666040804 +0800 CST m=+6.148755271 0xc00008a480} true
2024/03/05 12:27:22 Order 2 finish Map
2024/03/05 12:27:22 IsDone &{0 2024-03-05 12:27:18.66817814 +0800 CST m=+6.150892610 0xc00008a510} true
2024/03/05 12:27:22 Order 3 finish Map
2024/03/05 12:27:23 Coordinator work
2024/03/05 12:27:23 Coordinator status 0
2024/03/05 12:27:23 Coordinator work
2024/03/05 12:27:23 Coordinator status 0
2024/03/05 12:27:27 IsDone &{0 2024-03-05 12:27:23.576693344 +0800 CST m=+11.059407805 0xc00008a630} true
2024/03/05 12:27:27 Order 5 finish Map
2024/03/05 12:27:27 IsDone &{0 2024-03-05 12:27:23.57484876 +0800 CST m=+11.057563228 0xc00008a5a0} true
2024/03/05 12:27:27 Order 4 finish Map
2024/03/05 12:27:28 Coordinator work
2024/03/05 12:27:28 Coordinator status 0
2024/03/05 12:27:28 Coordinator work
2024/03/05 12:27:28 Coordinator status 0
2024/03/05 12:27:30 IsDone &{0 2024-03-05 12:27:28.434282 +0800 CST m=+15.916996470 0xc00008a6c0} true
2024/03/05 12:27:30 Order 6 finish Map
2024/03/05 12:27:30 IsDone &{0 2024-03-05 12:27:28.446790193 +0800 CST m=+15.929504655 0xc00008a750} true
2024/03/05 12:27:30 Order 7 finish Map
2024/03/05 12:27:31 Coordinator work
2024/03/05 12:27:31 Coordinator status 0
2024/03/05 12:27:31 Map: 8 done vs. 0 working, Reduce 0 done vs. 0 working
2024/03/05 12:27:31 forward: forward to Reuce Phase
2024/03/05 12:27:31 making reduce order : 8
2024/03/05 12:27:31 making reduce order : 9
2024/03/05 12:27:31 making reduce order : 10
2024/03/05 12:27:31 making reduce order : 11
2024/03/05 12:27:31 making reduce order : 12
2024/03/05 12:27:31 making reduce order : 13
2024/03/05 12:27:31 Coordinator work
2024/03/05 12:27:31 making reduce order : 14
2024/03/05 12:27:31 making reduce order : 15
2024/03/05 12:27:31 making reduce order : 16
2024/03/05 12:27:31 making reduce order : 17
2024/03/05 12:27:31 done with make reduce order
2024/03/05 12:27:31 Map: 8 done vs. 0 working, Reduce 0 done vs. 10 working
2024/03/05 12:27:31 Coordinator status 1
2024/03/05 12:27:31 Order 8 finish Reduce
2024/03/05 12:27:32 Coordinator work
2024/03/05 12:27:32 Coordinator status 1
2024/03/05 12:27:32 Order 9 finish Reduce
2024/03/05 12:27:33 Coordinator work
2024/03/05 12:27:33 Coordinator status 1
2024/03/05 12:27:33 Order 10 finish Reduce
2024/03/05 12:27:33 Coordinator work
2024/03/05 12:27:33 Coordinator status 1
2024/03/05 12:27:33 Order 11 finish Reduce
2024/03/05 12:27:34 Coordinator work
2024/03/05 12:27:34 Coordinator status 1
2024/03/05 12:27:34 Order 12 finish Reduce
2024/03/05 12:27:34 Coordinator work
2024/03/05 12:27:34 Coordinator status 1
2024/03/05 12:27:34 Order 13 finish Reduce
2024/03/05 12:27:35 Coordinator work
2024/03/05 12:27:35 Coordinator status 1
2024/03/05 12:27:35 Order 14 finish Reduce
2024/03/05 12:27:35 Coordinator work
2024/03/05 12:27:35 Coordinator status 1
2024/03/05 12:27:35 Order 15 finish Reduce
2024/03/05 12:27:36 Coordinator work
2024/03/05 12:27:36 Coordinator status 1
2024/03/05 12:27:36 Order 16 finish Reduce
2024/03/05 12:27:36 Coordinator work
2024/03/05 12:27:36 Coordinator status 1
2024/03/05 12:27:36 Order 17 finish Reduce
2024/03/05 12:27:37 Coordinator work
2024/03/05 12:27:37 Coordinator status 1
2024/03/05 12:27:37 Map: 8 done vs. 0 working, Reduce 10 done vs. 0 working
2024/03/05 12:27:37 forward: forward to done phase
2024/03/05 12:27:37 Coordinator work
2024/03/05 12:27:37 Coordinator status 2
