2024/03/05 01:31:28 making map order &{0 [../pg-being_ernest.txt] 0 10}
2024/03/05 01:31:28 making map order &{0 [../pg-dorian_gray.txt] 1 10}
2024/03/05 01:31:28 making map order &{0 [../pg-frankenstein.txt] 2 10}
2024/03/05 01:31:28 making map order &{0 [../pg-grimm.txt] 3 10}
2024/03/05 01:31:28 making map order &{0 [../pg-huckleberry_finn.txt] 4 10}
2024/03/05 01:31:28 making map order &{0 [../pg-metamorphosis.txt] 5 10}
2024/03/05 01:31:28 making map order &{0 [../pg-sherlock_holmes.txt] 6 10}
2024/03/05 01:31:28 making map order &{0 [../pg-tom_sawyer.txt] 7 10}
2024/03/05 01:31:28 done with make map order
2024/03/05 01:31:28 Map: 0 done vs. 8 working, Reduce 0 done vs. 0 working
2024/03/05 01:31:29 Coordinator work
2024/03/05 01:31:29 Coordinator status 0
2024/03/05 01:31:29 Coordinator work
2024/03/05 01:31:29 Coordinator status 0
2024/03/05 01:31:29 IsDone &{0 2024-03-05 01:31:29.371694638 +0800 CST m=+1.012934050 0xc000074120} true
2024/03/05 01:31:29 Order 0 finish Map
2024/03/05 01:31:29 IsDone &{0 2024-03-05 01:31:29.378469589 +0800 CST m=+1.019709003 0xc0000741b0} true
2024/03/05 01:31:29 Order 1 finish Map
2024/03/05 01:31:30 Coordinator work
2024/03/05 01:31:30 Coordinator status 0
2024/03/05 01:31:30 Coordinator work
2024/03/05 01:31:30 Coordinator status 0
2024/03/05 01:31:30 IsDone &{0 2024-03-05 01:31:30.516664133 +0800 CST m=+2.157903548 0xc000074240} true
2024/03/05 01:31:30 Order 2 finish Map
2024/03/05 01:31:30 IsDone &{0 2024-03-05 01:31:30.599469572 +0800 CST m=+2.240708989 0xc0000742d0} true
2024/03/05 01:31:30 Order 3 finish Map
2024/03/05 01:31:31 Coordinator work
2024/03/05 01:31:31 Coordinator status 0
2024/03/05 01:31:31 Coordinator work
2024/03/05 01:31:31 Coordinator status 0
2024/03/05 01:31:31 IsDone &{0 2024-03-05 01:31:31.867569728 +0800 CST m=+3.508809146 0xc0000743f0} true
2024/03/05 01:31:31 Order 5 finish Map
2024/03/05 01:31:32 IsDone &{0 2024-03-05 01:31:31.771887967 +0800 CST m=+3.413127384 0xc000074360} true
2024/03/05 01:31:32 Order 4 finish Map
2024/03/05 01:31:32 Coordinator work
2024/03/05 01:31:32 Coordinator status 0
2024/03/05 01:31:33 Coordinator work
2024/03/05 01:31:33 Coordinator status 0
2024/03/05 01:31:33 IsDone &{0 2024-03-05 01:31:33.013925429 +0800 CST m=+4.655164841 0xc000074510} true
2024/03/05 01:31:33 Order 7 finish Map
2024/03/05 01:31:33 IsDone &{0 2024-03-05 01:31:32.959517756 +0800 CST m=+4.600757173 0xc000074480} true
2024/03/05 01:31:33 Order 6 finish Map
2024/03/05 01:31:34 Coordinator work
2024/03/05 01:31:34 Coordinator status 0
2024/03/05 01:31:34 Map: 8 done vs. 0 working, Reduce 0 done vs. 0 working
2024/03/05 01:31:34 forward: forward to Reuce Phase
2024/03/05 01:31:34 making reduce order : 8
2024/03/05 01:31:34 making reduce order : 9
2024/03/05 01:31:34 making reduce order : 10
2024/03/05 01:31:34 making reduce order : 11
2024/03/05 01:31:34 making reduce order : 12
2024/03/05 01:31:34 making reduce order : 13
2024/03/05 01:31:34 making reduce order : 14
2024/03/05 01:31:34 making reduce order : 15
2024/03/05 01:31:34 making reduce order : 16
2024/03/05 01:31:34 making reduce order : 17
2024/03/05 01:31:34 done with make reduce order
2024/03/05 01:31:34 Map: 8 done vs. 0 working, Reduce 0 done vs. 10 working
2024/03/05 01:31:34 Coordinator work
2024/03/05 01:31:34 Coordinator status 1
2024/03/05 01:31:34 Order 8 finish Reduce
2024/03/05 01:31:35 Coordinator work
2024/03/05 01:31:35 Coordinator status 1
2024/03/05 01:31:35 Order 9 finish Reduce
2024/03/05 01:31:36 Coordinator work
2024/03/05 01:31:36 Coordinator status 1
2024/03/05 01:31:36 Order 10 finish Reduce
2024/03/05 01:31:36 Coordinator work
2024/03/05 01:31:36 Coordinator status 1
2024/03/05 01:31:36 Order 11 finish Reduce
2024/03/05 01:31:37 Coordinator work
2024/03/05 01:31:37 Coordinator status 1
2024/03/05 01:31:37 Order 12 finish Reduce
2024/03/05 01:31:37 Coordinator work
2024/03/05 01:31:37 Coordinator status 1
2024/03/05 01:31:37 Order 13 finish Reduce
2024/03/05 01:31:38 Coordinator work
2024/03/05 01:31:38 Coordinator status 1
2024/03/05 01:31:38 Order 14 finish Reduce
2024/03/05 01:31:38 Coordinator work
2024/03/05 01:31:38 Coordinator status 1
2024/03/05 01:31:38 Order 15 finish Reduce
2024/03/05 01:31:39 Coordinator work
2024/03/05 01:31:39 Coordinator status 1
2024/03/05 01:31:39 Order 16 finish Reduce
2024/03/05 01:31:39 Coordinator work
2024/03/05 01:31:39 Coordinator status 1
2024/03/05 01:31:39 Order 17 finish Reduce
2024/03/05 01:31:40 Coordinator work
2024/03/05 01:31:40 Coordinator status 1
2024/03/05 01:31:40 Map: 8 done vs. 0 working, Reduce 10 done vs. 0 working
2024/03/05 01:31:40 forward: forward to done phase
2024/03/05 01:31:40 Coordinator work
2024/03/05 01:31:40 Coordinator status 2
