2024/03/05 01:52:29 making map order &{0 [../pg-being_ernest.txt] 0 10}
2024/03/05 01:52:29 making map order &{0 [../pg-dorian_gray.txt] 1 10}
2024/03/05 01:52:29 making map order &{0 [../pg-frankenstein.txt] 2 10}
2024/03/05 01:52:29 making map order &{0 [../pg-grimm.txt] 3 10}
2024/03/05 01:52:29 making map order &{0 [../pg-huckleberry_finn.txt] 4 10}
2024/03/05 01:52:29 making map order &{0 [../pg-metamorphosis.txt] 5 10}
2024/03/05 01:52:29 making map order &{0 [../pg-sherlock_holmes.txt] 6 10}
2024/03/05 01:52:29 making map order &{0 [../pg-tom_sawyer.txt] 7 10}
2024/03/05 01:52:29 done with make map order
2024/03/05 01:52:29 Map: 0 done vs. 8 working, Reduce 0 done vs. 0 working
2024/03/05 01:52:30 Coordinator work
2024/03/05 01:52:30 Coordinator status 0
2024/03/05 01:52:30 Coordinator work
2024/03/05 01:52:30 Coordinator status 0
2024/03/05 01:52:30 Coordinator work
2024/03/05 01:52:30 Coordinator status 0
2024/03/05 01:52:30 Coordinator work
2024/03/05 01:52:30 Coordinator status 0
2024/03/05 01:52:30 IsDone &{0 2024-03-05 01:52:30.788924587 +0800 CST m=+1.042415592 0xc00011c0f0} true
2024/03/05 01:52:30 Order 2 finish Map
2024/03/05 01:52:30 IsDone &{0 2024-03-05 01:52:30.784075038 +0800 CST m=+1.037566040 0xc00011c060} true
2024/03/05 01:52:30 Order 1 finish Map
2024/03/05 01:52:31 Coordinator work
2024/03/05 01:52:31 Coordinator status 0
2024/03/05 01:52:31 Coordinator work
2024/03/05 01:52:31 Coordinator status 0
2024/03/05 01:52:32 Coordinator work
2024/03/05 01:52:32 Coordinator status 0
2024/03/05 01:52:32 Coordinator work
2024/03/05 01:52:32 Coordinator status 0
2024/03/05 01:52:32 IsDone &{0 2024-03-05 01:52:32.859328163 +0800 CST m=+3.112819165 0xc00011c3c0} true
2024/03/05 01:52:32 Order 7 finish Map
2024/03/05 01:52:32 IsDone &{0 2024-03-05 01:52:32.852617424 +0800 CST m=+3.106108425 0xc00011c330} true
2024/03/05 01:52:32 Order 6 finish Map
2024/03/05 01:52:33 Coordinator work
2024/03/05 01:52:33 Coordinator status 0
2024/03/05 01:52:33 Map: 4 done vs. 4 working, Reduce 0 done vs. 0 working
2024/03/05 01:52:33 Coordinator work
2024/03/05 01:52:33 Coordinator status 0
2024/03/05 01:52:33 Map: 4 done vs. 4 working, Reduce 0 done vs. 0 working
2024/03/05 01:52:35 Coordinator work
2024/03/05 01:52:35 Coordinator status 0
2024/03/05 01:52:35 Map: 4 done vs. 4 working, Reduce 0 done vs. 0 working
2024/03/05 01:52:35 Coordinator work
2024/03/05 01:52:35 Coordinator status 0
2024/03/05 01:52:35 Map: 4 done vs. 4 working, Reduce 0 done vs. 0 working
2024/03/05 01:52:37 Coordinator work
2024/03/05 01:52:37 Coordinator status 0
2024/03/05 01:52:37 Map: 4 done vs. 4 working, Reduce 0 done vs. 0 working
2024/03/05 01:52:37 Coordinator work
2024/03/05 01:52:37 Coordinator status 0
2024/03/05 01:52:37 Map: 4 done vs. 4 working, Reduce 0 done vs. 0 working
2024/03/05 01:52:39 Coordinator work
2024/03/05 01:52:39 Coordinator status 0
2024/03/05 01:52:39 Map: 4 done vs. 4 working, Reduce 0 done vs. 0 working
2024/03/05 01:52:39 Coordinator work
2024/03/05 01:52:39 Coordinator status 0
2024/03/05 01:52:39 Map: 4 done vs. 4 working, Reduce 0 done vs. 0 working
2024/03/05 01:52:40 IsDone &{0 2024-03-05 01:52:30.789820735 +0800 CST m=+1.043311740 0xc00011c180} true
2024/03/05 01:52:40 Order 3 finish Map
2024/03/05 01:52:41 Coordinator work
2024/03/05 01:52:41 Coordinator status 0
2024/03/05 01:52:41 Map: 5 done vs. 3 working, Reduce 0 done vs. 0 working
2024/03/05 01:52:41 Coordiantor restart Map order 0
2024/03/05 01:52:41 Coordinator work
2024/03/05 01:52:41 Coordinator status 0
2024/03/05 01:52:41 Coordinator work
2024/03/05 01:52:41 Coordinator status 0
2024/03/05 01:52:41 Map: 5 done vs. 3 working, Reduce 0 done vs. 0 working
2024/03/05 01:52:41 IsDone &{0 2024-03-05 01:52:41.888024207 +0800 CST m=+12.141515210 0xc0000a3fb0} true
2024/03/05 01:52:41 Order 0 finish Map
2024/03/05 01:52:42 Coordiantor restart Map order 5
2024/03/05 01:52:42 Coordiantor restart Map order 4
2024/03/05 01:52:42 Coordinator work
2024/03/05 01:52:42 Coordinator status 0
2024/03/05 01:52:42 IsDone &{0 2024-03-05 01:52:42.89827533 +0800 CST m=+13.151766330 0xc00011c2a0} true
2024/03/05 01:52:42 Order 5 finish Map
2024/03/05 01:52:43 Coordinator work
2024/03/05 01:52:43 Coordinator status 0
2024/03/05 01:52:43 Coordinator work
2024/03/05 01:52:43 Coordinator status 0
2024/03/05 01:52:43 Map: 7 done vs. 1 working, Reduce 0 done vs. 0 working
2024/03/05 01:52:43 Coordinator work
2024/03/05 01:52:43 Coordinator status 0
2024/03/05 01:52:43 Map: 7 done vs. 1 working, Reduce 0 done vs. 0 working
2024/03/05 01:52:44 Coordinator work
2024/03/05 01:52:44 Coordinator status 0
2024/03/05 01:52:44 Map: 7 done vs. 1 working, Reduce 0 done vs. 0 working
2024/03/05 01:52:45 Coordinator work
2024/03/05 01:52:45 Coordinator status 0
2024/03/05 01:52:45 Map: 7 done vs. 1 working, Reduce 0 done vs. 0 working
2024/03/05 01:52:45 Coordinator work
2024/03/05 01:52:45 Coordinator status 0
2024/03/05 01:52:45 Map: 7 done vs. 1 working, Reduce 0 done vs. 0 working
2024/03/05 01:52:46 Coordinator work
2024/03/05 01:52:46 Coordinator status 0
2024/03/05 01:52:46 Map: 7 done vs. 1 working, Reduce 0 done vs. 0 working
2024/03/05 01:52:47 Coordinator work
2024/03/05 01:52:47 Coordinator status 0
2024/03/05 01:52:47 Map: 7 done vs. 1 working, Reduce 0 done vs. 0 working
2024/03/05 01:52:47 Coordinator work
2024/03/05 01:52:47 Coordinator status 0
2024/03/05 01:52:47 Map: 7 done vs. 1 working, Reduce 0 done vs. 0 working
2024/03/05 01:52:48 Coordinator work
2024/03/05 01:52:48 Coordinator status 0
2024/03/05 01:52:48 Map: 7 done vs. 1 working, Reduce 0 done vs. 0 working
2024/03/05 01:52:49 Coordinator work
2024/03/05 01:52:49 Coordinator status 0
2024/03/05 01:52:49 Map: 7 done vs. 1 working, Reduce 0 done vs. 0 working
2024/03/05 01:52:49 Coordinator work
2024/03/05 01:52:49 Coordinator status 0
2024/03/05 01:52:49 Map: 7 done vs. 1 working, Reduce 0 done vs. 0 working
2024/03/05 01:52:50 Coordinator work
2024/03/05 01:52:50 Coordinator status 0
2024/03/05 01:52:50 Map: 7 done vs. 1 working, Reduce 0 done vs. 0 working
2024/03/05 01:52:51 Coordinator work
2024/03/05 01:52:51 Coordinator status 0
2024/03/05 01:52:51 Map: 7 done vs. 1 working, Reduce 0 done vs. 0 working
2024/03/05 01:52:51 Coordinator work
2024/03/05 01:52:51 Coordinator status 0
2024/03/05 01:52:51 Map: 7 done vs. 1 working, Reduce 0 done vs. 0 working
2024/03/05 01:52:52 Coordinator work
2024/03/05 01:52:52 Coordinator status 0
2024/03/05 01:52:52 Map: 7 done vs. 1 working, Reduce 0 done vs. 0 working
2024/03/05 01:52:53 Coordiantor restart Map order 4
2024/03/05 01:52:53 Coordinator work
2024/03/05 01:52:53 Coordinator status 0
2024/03/05 01:52:53 Coordinator work
2024/03/05 01:52:53 Coordinator status 0
2024/03/05 01:52:53 Map: 7 done vs. 1 working, Reduce 0 done vs. 0 working
2024/03/05 01:52:54 Coordinator work
2024/03/05 01:52:54 Coordinator status 0
2024/03/05 01:52:54 Map: 7 done vs. 1 working, Reduce 0 done vs. 0 working
2024/03/05 01:52:54 Coordinator work
2024/03/05 01:52:54 Coordinator status 0
2024/03/05 01:52:54 Map: 7 done vs. 1 working, Reduce 0 done vs. 0 working
2024/03/05 01:52:55 Coordinator work
2024/03/05 01:52:55 Coordinator status 0
2024/03/05 01:52:55 Map: 7 done vs. 1 working, Reduce 0 done vs. 0 working
2024/03/05 01:52:56 Coordinator work
2024/03/05 01:52:56 Coordinator status 0
2024/03/05 01:52:56 Map: 7 done vs. 1 working, Reduce 0 done vs. 0 working
2024/03/05 01:52:56 Coordinator work
2024/03/05 01:52:56 Coordinator status 0
2024/03/05 01:52:56 Map: 7 done vs. 1 working, Reduce 0 done vs. 0 working
2024/03/05 01:52:57 Coordinator work
2024/03/05 01:52:57 Coordinator status 0
2024/03/05 01:52:57 Map: 7 done vs. 1 working, Reduce 0 done vs. 0 working
2024/03/05 01:52:58 Coordinator work
2024/03/05 01:52:58 Coordinator status 0
2024/03/05 01:52:58 Map: 7 done vs. 1 working, Reduce 0 done vs. 0 working
2024/03/05 01:52:58 Coordinator work
2024/03/05 01:52:58 Coordinator status 0
2024/03/05 01:52:58 Map: 7 done vs. 1 working, Reduce 0 done vs. 0 working
2024/03/05 01:52:59 Coordinator work
2024/03/05 01:52:59 Coordinator status 0
2024/03/05 01:52:59 Map: 7 done vs. 1 working, Reduce 0 done vs. 0 working
2024/03/05 01:53:00 Coordinator work
2024/03/05 01:53:00 Coordinator status 0
2024/03/05 01:53:00 Map: 7 done vs. 1 working, Reduce 0 done vs. 0 working
2024/03/05 01:53:00 Coordinator work
2024/03/05 01:53:00 Coordinator status 0
2024/03/05 01:53:00 Map: 7 done vs. 1 working, Reduce 0 done vs. 0 working
2024/03/05 01:53:01 Coordinator work
2024/03/05 01:53:01 Coordinator status 0
2024/03/05 01:53:01 Map: 7 done vs. 1 working, Reduce 0 done vs. 0 working
2024/03/05 01:53:02 Coordinator work
2024/03/05 01:53:02 Coordinator status 0
2024/03/05 01:53:02 Map: 7 done vs. 1 working, Reduce 0 done vs. 0 working
2024/03/05 01:53:02 Coordinator work
2024/03/05 01:53:02 Coordinator status 0
2024/03/05 01:53:02 Map: 7 done vs. 1 working, Reduce 0 done vs. 0 working
2024/03/05 01:53:03 Coordinator work
2024/03/05 01:53:03 Coordinator status 0
2024/03/05 01:53:03 Map: 7 done vs. 1 working, Reduce 0 done vs. 0 working
2024/03/05 01:53:04 Coordinator work
2024/03/05 01:53:04 Coordinator status 0
2024/03/05 01:53:04 Map: 7 done vs. 1 working, Reduce 0 done vs. 0 working
2024/03/05 01:53:04 Coordiantor restart Map order 4
2024/03/05 01:53:04 Coordinator work
2024/03/05 01:53:04 Coordinator status 0
2024/03/05 01:53:05 Coordinator work
2024/03/05 01:53:05 Coordinator status 0
2024/03/05 01:53:05 Map: 7 done vs. 1 working, Reduce 0 done vs. 0 working
2024/03/05 01:53:06 Coordinator work
2024/03/05 01:53:06 Coordinator status 0
2024/03/05 01:53:06 Map: 7 done vs. 1 working, Reduce 0 done vs. 0 working
2024/03/05 01:53:06 Coordinator work
2024/03/05 01:53:06 Coordinator status 0
2024/03/05 01:53:06 Map: 7 done vs. 1 working, Reduce 0 done vs. 0 working
2024/03/05 01:53:07 Coordinator work
2024/03/05 01:53:07 Coordinator status 0
2024/03/05 01:53:07 Map: 7 done vs. 1 working, Reduce 0 done vs. 0 working
2024/03/05 01:53:08 Coordinator work
2024/03/05 01:53:08 Coordinator status 0
2024/03/05 01:53:08 Map: 7 done vs. 1 working, Reduce 0 done vs. 0 working
2024/03/05 01:53:08 Coordinator work
2024/03/05 01:53:08 Coordinator status 0
2024/03/05 01:53:08 Map: 7 done vs. 1 working, Reduce 0 done vs. 0 working
2024/03/05 01:53:09 Coordinator work
2024/03/05 01:53:09 Coordinator status 0
2024/03/05 01:53:09 Map: 7 done vs. 1 working, Reduce 0 done vs. 0 working
2024/03/05 01:53:10 Coordinator work
2024/03/05 01:53:10 Coordinator status 0
2024/03/05 01:53:10 Map: 7 done vs. 1 working, Reduce 0 done vs. 0 working
2024/03/05 01:53:10 Coordinator work
2024/03/05 01:53:10 Coordinator status 0
2024/03/05 01:53:10 Map: 7 done vs. 1 working, Reduce 0 done vs. 0 working
2024/03/05 01:53:11 Coordinator work
2024/03/05 01:53:11 Coordinator status 0
2024/03/05 01:53:11 Map: 7 done vs. 1 working, Reduce 0 done vs. 0 working
2024/03/05 01:53:12 Coordinator work
2024/03/05 01:53:12 Coordinator status 0
2024/03/05 01:53:12 Map: 7 done vs. 1 working, Reduce 0 done vs. 0 working
2024/03/05 01:53:12 Coordinator work
2024/03/05 01:53:12 Coordinator status 0
2024/03/05 01:53:12 Map: 7 done vs. 1 working, Reduce 0 done vs. 0 working
2024/03/05 01:53:13 Coordinator work
2024/03/05 01:53:13 Coordinator status 0
2024/03/05 01:53:13 Map: 7 done vs. 1 working, Reduce 0 done vs. 0 working
2024/03/05 01:53:14 Coordinator work
2024/03/05 01:53:14 Coordinator status 0
2024/03/05 01:53:14 Map: 7 done vs. 1 working, Reduce 0 done vs. 0 working
2024/03/05 01:53:14 Coordinator work
2024/03/05 01:53:14 Coordinator status 0
2024/03/05 01:53:14 Map: 7 done vs. 1 working, Reduce 0 done vs. 0 working
2024/03/05 01:53:15 Coordiantor restart Map order 4
2024/03/05 01:53:15 Coordinator work
2024/03/05 01:53:15 Coordinator status 0
2024/03/05 01:53:16 Coordinator work
2024/03/05 01:53:16 Coordinator status 0
2024/03/05 01:53:16 Map: 7 done vs. 1 working, Reduce 0 done vs. 0 working
2024/03/05 01:53:16 Coordinator work
2024/03/05 01:53:16 Coordinator status 0
2024/03/05 01:53:16 Map: 7 done vs. 1 working, Reduce 0 done vs. 0 working
2024/03/05 01:53:18 Coordinator work
2024/03/05 01:53:18 Coordinator status 0
2024/03/05 01:53:18 Map: 7 done vs. 1 working, Reduce 0 done vs. 0 working
2024/03/05 01:53:18 Coordinator work
2024/03/05 01:53:18 Coordinator status 0
2024/03/05 01:53:18 Map: 7 done vs. 1 working, Reduce 0 done vs. 0 working
2024/03/05 01:53:20 Coordinator work
2024/03/05 01:53:20 Coordinator status 0
2024/03/05 01:53:20 Map: 7 done vs. 1 working, Reduce 0 done vs. 0 working
2024/03/05 01:53:20 Coordinator work
2024/03/05 01:53:20 Coordinator status 0
2024/03/05 01:53:20 Map: 7 done vs. 1 working, Reduce 0 done vs. 0 working
2024/03/05 01:53:22 Coordinator work
2024/03/05 01:53:22 Coordinator status 0
2024/03/05 01:53:22 Map: 7 done vs. 1 working, Reduce 0 done vs. 0 working
2024/03/05 01:53:22 IsDone &{0 2024-03-05 01:53:15.953188701 +0800 CST m=+46.206679699 0xc00011c210} true
2024/03/05 01:53:22 Order 4 finish Map
2024/03/05 01:53:22 Coordinator work
2024/03/05 01:53:22 Coordinator status 0
2024/03/05 01:53:22 Map: 8 done vs. 0 working, Reduce 0 done vs. 0 working
2024/03/05 01:53:22 forward: forward to Reuce Phase
2024/03/05 01:53:22 making reduce order : 8
2024/03/05 01:53:22 making reduce order : 9
2024/03/05 01:53:22 making reduce order : 10
2024/03/05 01:53:22 making reduce order : 11
2024/03/05 01:53:22 making reduce order : 12
2024/03/05 01:53:22 making reduce order : 13
2024/03/05 01:53:22 making reduce order : 14
2024/03/05 01:53:22 making reduce order : 15
2024/03/05 01:53:22 making reduce order : 16
2024/03/05 01:53:22 making reduce order : 17
2024/03/05 01:53:22 done with make reduce order
2024/03/05 01:53:22 Map: 8 done vs. 0 working, Reduce 0 done vs. 10 working
2024/03/05 01:53:23 Coordinator work
2024/03/05 01:53:23 Coordinator status 1
2024/03/05 01:53:24 Coordinator work
2024/03/05 01:53:24 Coordinator status 1
2024/03/05 01:53:24 Order 9 finish Reduce
2024/03/05 01:53:24 Order 8 finish Reduce
2024/03/05 01:53:24 Coordinator work
2024/03/05 01:53:24 Coordinator status 1
2024/03/05 01:53:25 Coordinator work
2024/03/05 01:53:25 Coordinator status 1
2024/03/05 01:53:25 Order 11 finish Reduce
2024/03/05 01:53:25 Coordinator work
2024/03/05 01:53:25 Coordinator status 1
2024/03/05 01:53:25 Order 12 finish Reduce
2024/03/05 01:53:26 Coordinator work
2024/03/05 01:53:26 Coordinator status 1
2024/03/05 01:53:26 Order 13 finish Reduce
2024/03/05 01:53:26 Coordinator work
2024/03/05 01:53:26 Coordinator status 1
2024/03/05 01:53:26 Order 14 finish Reduce
2024/03/05 01:53:27 Coordinator work
2024/03/05 01:53:27 Coordinator status 1
2024/03/05 01:53:27 Order 15 finish Reduce
2024/03/05 01:53:27 Coordinator work
2024/03/05 01:53:27 Coordinator status 1
2024/03/05 01:53:27 Order 16 finish Reduce
2024/03/05 01:53:28 Coordinator work
2024/03/05 01:53:28 Coordinator status 1
2024/03/05 01:53:28 Order 10 finish Reduce
2024/03/05 01:53:28 Coordinator work
2024/03/05 01:53:28 Coordinator status 1
2024/03/05 01:53:28 Map: 8 done vs. 0 working, Reduce 9 done vs. 1 working
2024/03/05 01:53:29 Coordinator work
2024/03/05 01:53:29 Coordinator status 1
2024/03/05 01:53:29 Map: 8 done vs. 0 working, Reduce 9 done vs. 1 working
2024/03/05 01:53:29 Coordinator work
2024/03/05 01:53:29 Coordinator status 1
2024/03/05 01:53:29 Map: 8 done vs. 0 working, Reduce 9 done vs. 1 working
2024/03/05 01:53:30 Coordinator work
2024/03/05 01:53:30 Coordinator status 1
2024/03/05 01:53:30 Map: 8 done vs. 0 working, Reduce 9 done vs. 1 working
2024/03/05 01:53:31 Coordinator work
2024/03/05 01:53:31 Coordinator status 1
2024/03/05 01:53:31 Map: 8 done vs. 0 working, Reduce 9 done vs. 1 working
2024/03/05 01:53:31 Coordinator work
2024/03/05 01:53:31 Coordinator status 1
2024/03/05 01:53:31 Map: 8 done vs. 0 working, Reduce 9 done vs. 1 working
2024/03/05 01:53:32 Coordinator work
2024/03/05 01:53:32 Coordinator status 1
2024/03/05 01:53:32 Map: 8 done vs. 0 working, Reduce 9 done vs. 1 working
2024/03/05 01:53:33 Coordinator work
2024/03/05 01:53:33 Coordinator status 1
2024/03/05 01:53:33 Map: 8 done vs. 0 working, Reduce 9 done vs. 1 working
2024/03/05 01:53:33 Coordinator work
2024/03/05 01:53:33 Coordinator status 1
2024/03/05 01:53:33 Map: 8 done vs. 0 working, Reduce 9 done vs. 1 working
2024/03/05 01:53:34 Coordinator work
2024/03/05 01:53:34 Coordinator status 1
2024/03/05 01:53:34 Map: 8 done vs. 0 working, Reduce 9 done vs. 1 working
2024/03/05 01:53:35 Coordinator work
2024/03/05 01:53:35 Coordinator status 1
2024/03/05 01:53:35 Map: 8 done vs. 0 working, Reduce 9 done vs. 1 working
2024/03/05 01:53:35 Coordinator work
2024/03/05 01:53:35 Coordinator status 1
2024/03/05 01:53:35 Map: 8 done vs. 0 working, Reduce 9 done vs. 1 working
2024/03/05 01:53:36 Coordinator work
2024/03/05 01:53:36 Coordinator status 1
2024/03/05 01:53:36 Map: 8 done vs. 0 working, Reduce 9 done vs. 1 working
2024/03/05 01:53:37 Coordinator work
2024/03/05 01:53:37 Coordinator status 1
2024/03/05 01:53:37 Map: 8 done vs. 0 working, Reduce 9 done vs. 1 working
2024/03/05 01:53:37 Coordinator work
2024/03/05 01:53:37 Coordinator status 1
2024/03/05 01:53:37 Map: 8 done vs. 0 working, Reduce 9 done vs. 1 working
2024/03/05 01:53:38 Coordinator work
2024/03/05 01:53:38 Coordinator status 1
2024/03/05 01:53:38 Map: 8 done vs. 0 working, Reduce 9 done vs. 1 working
2024/03/05 01:53:38 Coordiantor restart Reduce order 17
2024/03/05 01:53:39 Coordinator work
2024/03/05 01:53:39 Coordinator status 1
2024/03/05 01:53:39 Coordinator work
2024/03/05 01:53:39 Coordinator status 1
2024/03/05 01:53:39 Map: 8 done vs. 0 working, Reduce 9 done vs. 1 working
2024/03/05 01:53:40 Coordinator work
2024/03/05 01:53:40 Coordinator status 1
2024/03/05 01:53:40 Map: 8 done vs. 0 working, Reduce 9 done vs. 1 working
2024/03/05 01:53:40 Coordinator work
2024/03/05 01:53:40 Coordinator status 1
2024/03/05 01:53:40 Map: 8 done vs. 0 working, Reduce 9 done vs. 1 working
2024/03/05 01:53:41 Coordinator work
2024/03/05 01:53:41 Coordinator status 1
2024/03/05 01:53:41 Map: 8 done vs. 0 working, Reduce 9 done vs. 1 working
2024/03/05 01:53:42 Coordinator work
2024/03/05 01:53:42 Coordinator status 1
2024/03/05 01:53:42 Map: 8 done vs. 0 working, Reduce 9 done vs. 1 working
2024/03/05 01:53:42 Coordinator work
2024/03/05 01:53:42 Coordinator status 1
2024/03/05 01:53:42 Map: 8 done vs. 0 working, Reduce 9 done vs. 1 working
2024/03/05 01:53:43 Coordinator work
2024/03/05 01:53:43 Coordinator status 1
2024/03/05 01:53:43 Map: 8 done vs. 0 working, Reduce 9 done vs. 1 working
2024/03/05 01:53:44 Coordinator work
2024/03/05 01:53:44 Coordinator status 1
2024/03/05 01:53:44 Map: 8 done vs. 0 working, Reduce 9 done vs. 1 working
2024/03/05 01:53:44 Coordinator work
2024/03/05 01:53:44 Coordinator status 1
2024/03/05 01:53:44 Map: 8 done vs. 0 working, Reduce 9 done vs. 1 working
2024/03/05 01:53:45 Coordinator work
2024/03/05 01:53:45 Coordinator status 1
2024/03/05 01:53:45 Map: 8 done vs. 0 working, Reduce 9 done vs. 1 working
2024/03/05 01:53:46 Coordinator work
2024/03/05 01:53:46 Coordinator status 1
2024/03/05 01:53:46 Map: 8 done vs. 0 working, Reduce 9 done vs. 1 working
2024/03/05 01:53:46 Coordinator work
2024/03/05 01:53:46 Coordinator status 1
2024/03/05 01:53:46 Map: 8 done vs. 0 working, Reduce 9 done vs. 1 working
2024/03/05 01:53:47 Coordinator work
2024/03/05 01:53:47 Coordinator status 1
2024/03/05 01:53:47 Map: 8 done vs. 0 working, Reduce 9 done vs. 1 working
2024/03/05 01:53:48 Coordinator work
2024/03/05 01:53:48 Coordinator status 1
2024/03/05 01:53:48 Map: 8 done vs. 0 working, Reduce 9 done vs. 1 working
2024/03/05 01:53:48 Coordinator work
2024/03/05 01:53:48 Coordinator status 1
2024/03/05 01:53:48 Map: 8 done vs. 0 working, Reduce 9 done vs. 1 working
2024/03/05 01:53:49 Coordinator work
2024/03/05 01:53:49 Coordinator status 1
2024/03/05 01:53:49 Map: 8 done vs. 0 working, Reduce 9 done vs. 1 working
2024/03/05 01:53:49 Coordiantor restart Reduce order 17
2024/03/05 01:53:50 Coordinator work
2024/03/05 01:53:50 Coordinator status 1
2024/03/05 01:53:50 Coordinator work
2024/03/05 01:53:50 Coordinator status 1
2024/03/05 01:53:50 Map: 8 done vs. 0 working, Reduce 9 done vs. 1 working
2024/03/05 01:53:51 Coordinator work
2024/03/05 01:53:51 Coordinator status 1
2024/03/05 01:53:51 Map: 8 done vs. 0 working, Reduce 9 done vs. 1 working
2024/03/05 01:53:52 Coordinator work
2024/03/05 01:53:52 Coordinator status 1
2024/03/05 01:53:52 Map: 8 done vs. 0 working, Reduce 9 done vs. 1 working
2024/03/05 01:53:53 Coordinator work
2024/03/05 01:53:53 Coordinator status 1
2024/03/05 01:53:53 Map: 8 done vs. 0 working, Reduce 9 done vs. 1 working
2024/03/05 01:53:54 Order 17 finish Reduce
2024/03/05 01:53:54 Coordinator work
2024/03/05 01:53:54 Coordinator status 1
2024/03/05 01:53:54 Map: 8 done vs. 0 working, Reduce 10 done vs. 0 working
2024/03/05 01:53:54 forward: forward to done phase
2024/03/05 01:53:55 Coordinator work
2024/03/05 01:53:55 Coordinator status 2
2024/03/05 01:53:55 Coordinator work
2024/03/05 01:53:55 Coordinator status 2
