2024/03/05 09:00:35 making map order &{0 [../pg-being_ernest.txt] 0 10}
2024/03/05 09:00:35 making map order &{0 [../pg-dorian_gray.txt] 1 10}
2024/03/05 09:00:35 making map order &{0 [../pg-frankenstein.txt] 2 10}
2024/03/05 09:00:35 making map order &{0 [../pg-grimm.txt] 3 10}
2024/03/05 09:00:35 making map order &{0 [../pg-huckleberry_finn.txt] 4 10}
2024/03/05 09:00:35 making map order &{0 [../pg-metamorphosis.txt] 5 10}
2024/03/05 09:00:35 making map order &{0 [../pg-sherlock_holmes.txt] 6 10}
2024/03/05 09:00:35 making map order &{0 [../pg-tom_sawyer.txt] 7 10}
2024/03/05 09:00:35 done with make map order
2024/03/05 09:00:35 Map: 0 done vs. 8 working, Reduce 0 done vs. 0 working
2024/03/05 09:00:36 Coordinator work
2024/03/05 09:00:36 Coordinator status 0
2024/03/05 09:00:36 Coordinator work
2024/03/05 09:00:36 Coordinator status 0
2024/03/05 09:00:36 IsDone &{0 2024-03-05 09:00:36.026824914 +0800 CST m=+1.028892324 0xc00007a300} true
2024/03/05 09:00:36 Order 0 finish Map
2024/03/05 09:00:36 IsDone &{0 2024-03-05 09:00:36.033500776 +0800 CST m=+1.035568185 0xc00007a390} true
2024/03/05 09:00:36 Order 1 finish Map
2024/03/05 09:00:37 Coordinator work
2024/03/05 09:00:37 Coordinator status 0
2024/03/05 09:00:37 IsDone &{0 2024-03-05 09:00:37.038321314 +0800 CST m=+2.040388725 0xc00007a420} true
2024/03/05 09:00:37 Order 2 finish Map
2024/03/05 09:00:37 Coordinator work
2024/03/05 09:00:37 Coordinator status 0
2024/03/05 09:00:37 IsDone &{0 2024-03-05 09:00:37.055976332 +0800 CST m=+2.058043733 0xc00007a4b0} true
2024/03/05 09:00:37 Order 3 finish Map
2024/03/05 09:00:38 Coordinator work
2024/03/05 09:00:38 Coordinator status 0
2024/03/05 09:00:38 Coordinator work
2024/03/05 09:00:38 Coordinator status 0
2024/03/05 09:00:38 IsDone &{0 2024-03-05 09:00:38.073443498 +0800 CST m=+3.075510908 0xc00007a5d0} true
2024/03/05 09:00:38 Order 5 finish Map
2024/03/05 09:00:38 IsDone &{0 2024-03-05 09:00:38.057648353 +0800 CST m=+3.059715763 0xc00007a540} true
2024/03/05 09:00:38 Order 4 finish Map
2024/03/05 09:00:39 Coordinator work
2024/03/05 09:00:39 Coordinator status 0
2024/03/05 09:00:39 Coordinator work
2024/03/05 09:00:39 Coordinator status 0
2024/03/05 09:00:39 IsDone &{0 2024-03-05 09:00:39.084960862 +0800 CST m=+4.087028272 0xc00007a6f0} true
2024/03/05 09:00:39 Order 7 finish Map
2024/03/05 09:00:39 IsDone &{0 2024-03-05 09:00:39.082854017 +0800 CST m=+4.084921431 0xc00007a660} true
2024/03/05 09:00:39 Order 6 finish Map
2024/03/05 09:00:40 Coordinator work
2024/03/05 09:00:40 Coordinator status 0
2024/03/05 09:00:40 Map: 8 done vs. 0 working, Reduce 0 done vs. 0 working
2024/03/05 09:00:40 forward: forward to Reuce Phase
2024/03/05 09:00:40 making reduce order : 8
2024/03/05 09:00:40 making reduce order : 9
2024/03/05 09:00:40 making reduce order : 10
2024/03/05 09:00:40 making reduce order : 11
2024/03/05 09:00:40 making reduce order : 12
2024/03/05 09:00:40 making reduce order : 13
2024/03/05 09:00:40 making reduce order : 14
2024/03/05 09:00:40 making reduce order : 15
2024/03/05 09:00:40 making reduce order : 16
2024/03/05 09:00:40 making reduce order : 17
2024/03/05 09:00:40 done with make reduce order
2024/03/05 09:00:40 Map: 8 done vs. 0 working, Reduce 0 done vs. 10 working
2024/03/05 09:00:40 Coordinator work
2024/03/05 09:00:40 Coordinator status 1
2024/03/05 09:00:41 Order 8 finish Reduce
2024/03/05 09:00:42 Coordinator work
2024/03/05 09:00:42 Coordinator status 1
2024/03/05 09:00:42 Coordinator work
2024/03/05 09:00:42 Coordinator status 1
2024/03/05 09:00:43 Order 9 finish Reduce
2024/03/05 09:00:43 Order 10 finish Reduce
2024/03/05 09:00:44 Coordinator work
2024/03/05 09:00:44 Coordinator status 1
2024/03/05 09:00:44 Coordinator work
2024/03/05 09:00:44 Coordinator status 1
2024/03/05 09:00:46 Order 11 finish Reduce
2024/03/05 09:00:46 Order 12 finish Reduce
2024/03/05 09:00:47 Coordinator work
2024/03/05 09:00:47 Coordinator status 1
2024/03/05 09:00:47 Coordinator work
2024/03/05 09:00:47 Coordinator status 1
2024/03/05 09:00:48 Order 13 finish Reduce
2024/03/05 09:00:48 Order 14 finish Reduce
2024/03/05 09:00:49 Coordinator work
2024/03/05 09:00:49 Coordinator status 1
2024/03/05 09:00:49 Order 15 finish Reduce
2024/03/05 09:00:49 Coordinator work
2024/03/05 09:00:49 Coordinator status 1
2024/03/05 09:00:49 Order 16 finish Reduce
2024/03/05 09:00:50 Coordinator work
2024/03/05 09:00:50 Coordinator status 1
2024/03/05 09:00:50 Coordinator work
2024/03/05 09:00:50 Coordinator status 1
2024/03/05 09:00:50 Map: 8 done vs. 0 working, Reduce 9 done vs. 1 working
2024/03/05 09:00:51 Order 17 finish Reduce
2024/03/05 09:00:52 Coordinator work
2024/03/05 09:00:52 Coordinator status 1
2024/03/05 09:00:52 Map: 8 done vs. 0 working, Reduce 10 done vs. 0 working
2024/03/05 09:00:52 forward: forward to done phase
2024/03/05 09:00:52 Coordinator work
2024/03/05 09:00:52 Coordinator status 2
