2024/03/05 08:38:50 making map order &{0 [../pg-being_ernest.txt] 0 10}
2024/03/05 08:38:50 making map order &{0 [../pg-dorian_gray.txt] 1 10}
2024/03/05 08:38:50 making map order &{0 [../pg-frankenstein.txt] 2 10}
2024/03/05 08:38:50 making map order &{0 [../pg-grimm.txt] 3 10}
2024/03/05 08:38:50 making map order &{0 [../pg-huckleberry_finn.txt] 4 10}
2024/03/05 08:38:50 making map order &{0 [../pg-metamorphosis.txt] 5 10}
2024/03/05 08:38:50 making map order &{0 [../pg-sherlock_holmes.txt] 6 10}
2024/03/05 08:38:50 making map order &{0 [../pg-tom_sawyer.txt] 7 10}
2024/03/05 08:38:50 done with make map order
2024/03/05 08:38:50 Map: 0 done vs. 8 working, Reduce 0 done vs. 0 working
2024/03/05 08:38:51 Coordinator work
2024/03/05 08:38:51 Coordinator status 0
2024/03/05 08:38:51 Coordinator work
2024/03/05 08:38:51 Coordinator status 0
2024/03/05 08:38:51 Coordinator work
2024/03/05 08:38:51 Coordinator status 0
2024/03/05 08:38:52 IsDone &{0 2024-03-05 08:38:51.749942513 +0800 CST m=+1.017090998 0xc00009dc80} true
2024/03/05 08:38:52 Order 0 finish Map
2024/03/05 08:38:53 Coordinator work
2024/03/05 08:38:53 Coordinator status 0
2024/03/05 08:38:53 IsDone &{0 2024-03-05 08:38:51.762596019 +0800 CST m=+1.029744503 0xc00009dd10} true
2024/03/05 08:38:53 Order 1 finish Map
2024/03/05 08:38:53 IsDone &{0 2024-03-05 08:38:51.762944847 +0800 CST m=+1.030093329 0xc00009dda0} true
2024/03/05 08:38:53 Order 2 finish Map
2024/03/05 08:38:54 Coordinator work
2024/03/05 08:38:54 Coordinator status 0
2024/03/05 08:38:54 Coordinator work
2024/03/05 08:38:54 Coordinator status 0
2024/03/05 08:38:55 IsDone &{0 2024-03-05 08:38:53.283941546 +0800 CST m=+2.551090028 0xc00009de30} true
2024/03/05 08:38:55 Order 3 finish Map
2024/03/05 08:38:55 IsDone &{0 2024-03-05 08:38:54.696843793 +0800 CST m=+3.963992278 0xc00009df50} true
2024/03/05 08:38:55 Order 5 finish Map
2024/03/05 08:38:56 Coordinator work
2024/03/05 08:38:56 Coordinator status 0
2024/03/05 08:38:56 Coordinator work
2024/03/05 08:38:56 Coordinator status 0
2024/03/05 08:38:56 IsDone &{0 2024-03-05 08:38:54.410700942 +0800 CST m=+3.677849424 0xc00009dec0} true
2024/03/05 08:38:56 Order 4 finish Map
2024/03/05 08:38:57 Coordinator work
2024/03/05 08:38:57 Coordinator status 0
2024/03/05 08:38:57 Map: 6 done vs. 2 working, Reduce 0 done vs. 0 working
2024/03/05 08:38:57 IsDone &{0 2024-03-05 08:38:56.142936317 +0800 CST m=+5.410084802 0xc000120090} true
2024/03/05 08:38:57 Order 7 finish Map
2024/03/05 08:38:57 IsDone &{0 2024-03-05 08:38:56.028122448 +0800 CST m=+5.295270925 0xc000120000} true
2024/03/05 08:38:57 Order 6 finish Map
2024/03/05 08:38:58 Coordinator work
2024/03/05 08:38:58 Coordinator status 0
2024/03/05 08:38:58 Map: 8 done vs. 0 working, Reduce 0 done vs. 0 working
2024/03/05 08:38:58 forward: forward to Reuce Phase
2024/03/05 08:38:58 making reduce order : 8
2024/03/05 08:38:58 making reduce order : 9
2024/03/05 08:38:58 making reduce order : 10
2024/03/05 08:38:58 making reduce order : 11
2024/03/05 08:38:58 making reduce order : 12
2024/03/05 08:38:58 making reduce order : 13
2024/03/05 08:38:58 making reduce order : 14
2024/03/05 08:38:58 making reduce order : 15
2024/03/05 08:38:58 making reduce order : 16
2024/03/05 08:38:58 making reduce order : 17
2024/03/05 08:38:58 done with make reduce order
2024/03/05 08:38:58 Map: 8 done vs. 0 working, Reduce 0 done vs. 10 working
2024/03/05 08:38:58 Coordinator work
2024/03/05 08:38:58 Coordinator status 1
2024/03/05 08:38:59 Coordinator work
2024/03/05 08:38:59 Coordinator status 1
2024/03/05 08:38:59 Order 8 finish Reduce
2024/03/05 08:38:59 Order 9 finish Reduce
2024/03/05 08:39:00 Coordinator work
2024/03/05 08:39:00 Coordinator status 1
2024/03/05 08:39:00 Coordinator work
2024/03/05 08:39:00 Coordinator status 1
2024/03/05 08:39:00 Coordinator work
2024/03/05 08:39:00 Coordinator status 1
2024/03/05 08:39:01 Order 11 finish Reduce
2024/03/05 08:39:01 Order 12 finish Reduce
2024/03/05 08:39:01 Order 10 finish Reduce
2024/03/05 08:39:02 Coordinator work
2024/03/05 08:39:02 Coordinator status 1
2024/03/05 08:39:02 Order 13 finish Reduce
2024/03/05 08:39:02 Coordinator work
2024/03/05 08:39:02 Coordinator status 1
2024/03/05 08:39:02 Coordinator work
2024/03/05 08:39:02 Coordinator status 1
2024/03/05 08:39:03 Coordinator work
2024/03/05 08:39:03 Coordinator status 1
2024/03/05 08:39:03 Order 15 finish Reduce
2024/03/05 08:39:04 Order 14 finish Reduce
2024/03/05 08:39:04 Coordinator work
2024/03/05 08:39:04 Coordinator status 1
2024/03/05 08:39:04 Order 16 finish Reduce
2024/03/05 08:39:05 Coordinator work
2024/03/05 08:39:05 Coordinator status 1
2024/03/05 08:39:05 Map: 8 done vs. 0 working, Reduce 9 done vs. 1 working
2024/03/05 08:39:05 Order 17 finish Reduce
2024/03/05 08:39:05 Coordinator work
2024/03/05 08:39:05 Coordinator status 1
2024/03/05 08:39:05 Map: 8 done vs. 0 working, Reduce 10 done vs. 0 working
2024/03/05 08:39:05 forward: forward to done phase
2024/03/05 08:39:06 Coordinator work
2024/03/05 08:39:06 Coordinator status 2
