2024/03/05 01:03:13 making map order &{0 [../pg-being_ernest.txt] 0 10}
2024/03/05 01:03:13 making map order &{0 [../pg-dorian_gray.txt] 1 10}
2024/03/05 01:03:13 making map order &{0 [../pg-frankenstein.txt] 2 10}
2024/03/05 01:03:13 making map order &{0 [../pg-grimm.txt] 3 10}
2024/03/05 01:03:13 making map order &{0 [../pg-huckleberry_finn.txt] 4 10}
2024/03/05 01:03:13 making map order &{0 [../pg-metamorphosis.txt] 5 10}
2024/03/05 01:03:13 making map order &{0 [../pg-sherlock_holmes.txt] 6 10}
2024/03/05 01:03:13 making map order &{0 [../pg-tom_sawyer.txt] 7 10}
2024/03/05 01:03:13 done with make map order
2024/03/05 01:03:13 Map: 0 done vs. 8 working, Reduce 0 done vs. 0 working
2024/03/05 01:03:14 Coordinator work
2024/03/05 01:03:14 Coordinator status 0
2024/03/05 01:03:14 Coordinator work
2024/03/05 01:03:14 Coordinator status 0
2024/03/05 01:03:14 IsDone &{0 2024-03-05 01:03:14.169490567 +0800 CST m=+1.034473701 0xc00009de00} true
2024/03/05 01:03:14 Order 0 finish Map
2024/03/05 01:03:14 Coordinator work
2024/03/05 01:03:14 Coordinator status 0
2024/03/05 01:03:14 Coordinator work
2024/03/05 01:03:14 Coordinator status 0
2024/03/05 01:03:14 IsDone &{0 2024-03-05 01:03:14.19079763 +0800 CST m=+1.055780769 0xc00009dfb0} true
2024/03/05 01:03:14 Order 3 finish Map
2024/03/05 01:03:15 Coordinator work
2024/03/05 01:03:15 Coordinator status 0
2024/03/05 01:03:15 Coordinator work
2024/03/05 01:03:15 Coordinator status 0
2024/03/05 01:03:15 Coordinator work
2024/03/05 01:03:15 Coordinator status 0
2024/03/05 01:03:15 IsDone &{0 2024-03-05 01:03:15.220885176 +0800 CST m=+2.085868311 0xc00011a180} true
2024/03/05 01:03:15 Order 6 finish Map
2024/03/05 01:03:16 Coordinator work
2024/03/05 01:03:16 Coordinator status 0
2024/03/05 01:03:16 IsDone &{0 2024-03-05 01:03:15.180936198 +0800 CST m=+2.045919331 0xc00011a060} true
2024/03/05 01:03:16 Order 4 finish Map
2024/03/05 01:03:17 Coordinator work
2024/03/05 01:03:17 Coordinator status 0
2024/03/05 01:03:17 Map: 4 done vs. 4 working, Reduce 0 done vs. 0 working
2024/03/05 01:03:17 Coordinator work
2024/03/05 01:03:17 Coordinator status 0
2024/03/05 01:03:17 Map: 4 done vs. 4 working, Reduce 0 done vs. 0 working
2024/03/05 01:03:19 Coordinator work
2024/03/05 01:03:19 Coordinator status 0
2024/03/05 01:03:19 Map: 4 done vs. 4 working, Reduce 0 done vs. 0 working
2024/03/05 01:03:19 IsDone &{0 2024-03-05 01:03:15.212242485 +0800 CST m=+2.077225622 0xc00011a0f0} true
2024/03/05 01:03:19 Order 5 finish Map
2024/03/05 01:03:19 Coordinator work
2024/03/05 01:03:19 Coordinator status 0
2024/03/05 01:03:19 Map: 5 done vs. 3 working, Reduce 0 done vs. 0 working
2024/03/05 01:03:20 IsDone &{0 2024-03-05 01:03:14.181901466 +0800 CST m=+1.046884600 0xc00009df20} true
2024/03/05 01:03:20 Order 2 finish Map
2024/03/05 01:03:20 Coordinator work
2024/03/05 01:03:20 Coordinator status 0
2024/03/05 01:03:20 Map: 6 done vs. 2 working, Reduce 0 done vs. 0 working
2024/03/05 01:03:21 Coordinator work
2024/03/05 01:03:21 Coordinator status 0
2024/03/05 01:03:21 Map: 6 done vs. 2 working, Reduce 0 done vs. 0 working
2024/03/05 01:03:21 Coordinator work
2024/03/05 01:03:21 Coordinator status 0
2024/03/05 01:03:21 Map: 6 done vs. 2 working, Reduce 0 done vs. 0 working
2024/03/05 01:03:21 Coordinator work
2024/03/05 01:03:21 Coordinator status 0
2024/03/05 01:03:21 Map: 6 done vs. 2 working, Reduce 0 done vs. 0 working
2024/03/05 01:03:22 Coordinator work
2024/03/05 01:03:22 Coordinator status 0
2024/03/05 01:03:22 Map: 6 done vs. 2 working, Reduce 0 done vs. 0 working
2024/03/05 01:03:23 Coordinator work
2024/03/05 01:03:23 Coordinator status 0
2024/03/05 01:03:23 Map: 6 done vs. 2 working, Reduce 0 done vs. 0 working
2024/03/05 01:03:23 Coordinator work
2024/03/05 01:03:23 Coordinator status 0
2024/03/05 01:03:23 Map: 6 done vs. 2 working, Reduce 0 done vs. 0 working
2024/03/05 01:03:23 Coordinator work
2024/03/05 01:03:23 Coordinator status 0
2024/03/05 01:03:23 Map: 6 done vs. 2 working, Reduce 0 done vs. 0 working
2024/03/05 01:03:24 Coordinator work
2024/03/05 01:03:24 Coordinator status 0
2024/03/05 01:03:24 Map: 6 done vs. 2 working, Reduce 0 done vs. 0 working
2024/03/05 01:03:25 Coordinator work
2024/03/05 01:03:25 Coordinator status 0
2024/03/05 01:03:25 Map: 6 done vs. 2 working, Reduce 0 done vs. 0 working
2024/03/05 01:03:25 Coordiantor restart Map order 1
2024/03/05 01:03:25 Coordinator work
2024/03/05 01:03:25 Coordinator status 0
2024/03/05 01:03:25 Coordinator work
2024/03/05 01:03:25 Coordinator status 0
2024/03/05 01:03:25 Map: 6 done vs. 2 working, Reduce 0 done vs. 0 working
2024/03/05 01:03:26 Coordinator work
2024/03/05 01:03:26 Coordinator status 0
2024/03/05 01:03:26 Map: 6 done vs. 2 working, Reduce 0 done vs. 0 working
2024/03/05 01:03:26 Coordinator work
2024/03/05 01:03:26 Coordinator status 0
2024/03/05 01:03:26 Map: 6 done vs. 2 working, Reduce 0 done vs. 0 working
2024/03/05 01:03:27 Coordinator work
2024/03/05 01:03:27 Coordinator status 0
2024/03/05 01:03:27 Map: 6 done vs. 2 working, Reduce 0 done vs. 0 working
2024/03/05 01:03:27 Coordiantor restart Map order 7
2024/03/05 01:03:27 Coordinator work
2024/03/05 01:03:27 Coordinator status 0
2024/03/05 01:03:27 IsDone &{0 2024-03-05 01:03:27.935169363 +0800 CST m=+14.800152493 0xc00011a210} true
2024/03/05 01:03:27 Order 7 finish Map
2024/03/05 01:03:28 Coordinator work
2024/03/05 01:03:28 Coordinator status 0
2024/03/05 01:03:28 Map: 7 done vs. 1 working, Reduce 0 done vs. 0 working
2024/03/05 01:03:28 Coordinator work
2024/03/05 01:03:28 Coordinator status 0
2024/03/05 01:03:28 Map: 7 done vs. 1 working, Reduce 0 done vs. 0 working
2024/03/05 01:03:28 Coordinator work
2024/03/05 01:03:28 Coordinator status 0
2024/03/05 01:03:28 Map: 7 done vs. 1 working, Reduce 0 done vs. 0 working
2024/03/05 01:03:29 Coordinator work
2024/03/05 01:03:29 Coordinator status 0
2024/03/05 01:03:29 Map: 7 done vs. 1 working, Reduce 0 done vs. 0 working
2024/03/05 01:03:30 Coordinator work
2024/03/05 01:03:30 Coordinator status 0
2024/03/05 01:03:30 Map: 7 done vs. 1 working, Reduce 0 done vs. 0 working
2024/03/05 01:03:30 Coordinator work
2024/03/05 01:03:30 Coordinator status 0
2024/03/05 01:03:30 Map: 7 done vs. 1 working, Reduce 0 done vs. 0 working
2024/03/05 01:03:30 Coordinator work
2024/03/05 01:03:30 Coordinator status 0
2024/03/05 01:03:30 Map: 7 done vs. 1 working, Reduce 0 done vs. 0 working
2024/03/05 01:03:31 Coordinator work
2024/03/05 01:03:31 Coordinator status 0
2024/03/05 01:03:31 Map: 7 done vs. 1 working, Reduce 0 done vs. 0 working
2024/03/05 01:03:32 Coordinator work
2024/03/05 01:03:32 Coordinator status 0
2024/03/05 01:03:32 Map: 7 done vs. 1 working, Reduce 0 done vs. 0 working
2024/03/05 01:03:32 Coordinator work
2024/03/05 01:03:32 Coordinator status 0
2024/03/05 01:03:32 Map: 7 done vs. 1 working, Reduce 0 done vs. 0 working
2024/03/05 01:03:32 Coordinator work
2024/03/05 01:03:32 Coordinator status 0
2024/03/05 01:03:32 Map: 7 done vs. 1 working, Reduce 0 done vs. 0 working
2024/03/05 01:03:33 Coordinator work
2024/03/05 01:03:33 Coordinator status 0
2024/03/05 01:03:33 Map: 7 done vs. 1 working, Reduce 0 done vs. 0 working
2024/03/05 01:03:34 Coordinator work
2024/03/05 01:03:34 Coordinator status 0
2024/03/05 01:03:34 Map: 7 done vs. 1 working, Reduce 0 done vs. 0 working
2024/03/05 01:03:34 Coordinator work
2024/03/05 01:03:34 Coordinator status 0
2024/03/05 01:03:34 Map: 7 done vs. 1 working, Reduce 0 done vs. 0 working
2024/03/05 01:03:34 Coordinator work
2024/03/05 01:03:34 Coordinator status 0
2024/03/05 01:03:34 Map: 7 done vs. 1 working, Reduce 0 done vs. 0 working
2024/03/05 01:03:35 Coordinator work
2024/03/05 01:03:35 Coordinator status 0
2024/03/05 01:03:35 Map: 7 done vs. 1 working, Reduce 0 done vs. 0 working
2024/03/05 01:03:36 Coordiantor restart Map order 1
2024/03/05 01:03:36 Coordinator work
2024/03/05 01:03:36 Coordinator status 0
2024/03/05 01:03:36 Coordinator work
2024/03/05 01:03:36 Coordinator status 0
2024/03/05 01:03:36 Map: 7 done vs. 1 working, Reduce 0 done vs. 0 working
2024/03/05 01:03:36 Coordinator work
2024/03/05 01:03:36 Coordinator status 0
2024/03/05 01:03:36 Map: 7 done vs. 1 working, Reduce 0 done vs. 0 working
2024/03/05 01:03:37 Coordinator work
2024/03/05 01:03:37 Coordinator status 0
2024/03/05 01:03:37 Map: 7 done vs. 1 working, Reduce 0 done vs. 0 working
2024/03/05 01:03:38 Coordinator work
2024/03/05 01:03:38 Coordinator status 0
2024/03/05 01:03:38 Map: 7 done vs. 1 working, Reduce 0 done vs. 0 working
2024/03/05 01:03:38 Coordinator work
2024/03/05 01:03:38 Coordinator status 0
2024/03/05 01:03:38 Map: 7 done vs. 1 working, Reduce 0 done vs. 0 working
2024/03/05 01:03:39 Coordinator work
2024/03/05 01:03:39 Coordinator status 0
2024/03/05 01:03:39 Map: 7 done vs. 1 working, Reduce 0 done vs. 0 working
2024/03/05 01:03:40 IsDone &{0 2024-03-05 01:03:36.343361661 +0800 CST m=+23.208344792 0xc00009de90} true
2024/03/05 01:03:40 Order 1 finish Map
2024/03/05 01:03:40 Coordinator work
2024/03/05 01:03:40 Coordinator status 0
2024/03/05 01:03:40 Map: 8 done vs. 0 working, Reduce 0 done vs. 0 working
2024/03/05 01:03:40 forward: forward to Reuce Phase
2024/03/05 01:03:40 making reduce order : 8
2024/03/05 01:03:40 making reduce order : 9
2024/03/05 01:03:40 making reduce order : 10
2024/03/05 01:03:40 making reduce order : 11
2024/03/05 01:03:40 making reduce order : 12
2024/03/05 01:03:40 making reduce order : 13
2024/03/05 01:03:40 making reduce order : 14
2024/03/05 01:03:40 making reduce order : 15
2024/03/05 01:03:40 making reduce order : 16
2024/03/05 01:03:40 making reduce order : 17
2024/03/05 01:03:40 done with make reduce order
2024/03/05 01:03:40 Map: 8 done vs. 0 working, Reduce 0 done vs. 10 working
2024/03/05 01:03:40 Coordinator work
2024/03/05 01:03:40 Coordinator status 1
2024/03/05 01:03:40 Order 8 finish Reduce
2024/03/05 01:03:41 Coordinator work
2024/03/05 01:03:41 Coordinator status 1
2024/03/05 01:03:41 Order 9 finish Reduce
2024/03/05 01:03:41 Coordinator work
2024/03/05 01:03:41 Coordinator status 1
2024/03/05 01:03:41 Order 10 finish Reduce
2024/03/05 01:03:41 Coordinator work
2024/03/05 01:03:41 Coordinator status 1
2024/03/05 01:03:41 Order 11 finish Reduce
2024/03/05 01:03:42 Coordinator work
2024/03/05 01:03:42 Coordinator status 1
2024/03/05 01:03:42 Order 12 finish Reduce
2024/03/05 01:03:42 Coordinator work
2024/03/05 01:03:42 Coordinator status 1
2024/03/05 01:03:42 Order 13 finish Reduce
2024/03/05 01:03:42 Coordinator work
2024/03/05 01:03:42 Coordinator status 1
2024/03/05 01:03:42 Order 14 finish Reduce
2024/03/05 01:03:42 Coordinator work
2024/03/05 01:03:42 Coordinator status 1
2024/03/05 01:03:42 Order 15 finish Reduce
2024/03/05 01:03:43 Coordinator work
2024/03/05 01:03:43 Coordinator status 1
2024/03/05 01:03:43 Order 16 finish Reduce
2024/03/05 01:03:43 Coordinator work
2024/03/05 01:03:43 Coordinator status 1
2024/03/05 01:03:43 Order 17 finish Reduce
2024/03/05 01:03:43 Coordinator work
2024/03/05 01:03:43 Coordinator status 1
2024/03/05 01:03:43 Map: 8 done vs. 0 working, Reduce 10 done vs. 0 working
2024/03/05 01:03:43 forward: forward to done phase
2024/03/05 01:03:43 Coordinator work
2024/03/05 01:03:43 Coordinator status 2
2024/03/05 01:03:44 Coordinator work
2024/03/05 01:03:44 Coordinator status 2
2024/03/05 01:03:44 Coordinator work
2024/03/05 01:03:44 Coordinator status 2
