2024/03/05 02:36:37 making map order &{0 [../pg-being_ernest.txt] 0 10}
2024/03/05 02:36:37 making map order &{0 [../pg-dorian_gray.txt] 1 10}
2024/03/05 02:36:37 making map order &{0 [../pg-frankenstein.txt] 2 10}
2024/03/05 02:36:37 making map order &{0 [../pg-grimm.txt] 3 10}
2024/03/05 02:36:37 making map order &{0 [../pg-huckleberry_finn.txt] 4 10}
2024/03/05 02:36:37 making map order &{0 [../pg-metamorphosis.txt] 5 10}
2024/03/05 02:36:37 making map order &{0 [../pg-sherlock_holmes.txt] 6 10}
2024/03/05 02:36:37 making map order &{0 [../pg-tom_sawyer.txt] 7 10}
2024/03/05 02:36:37 done with make map order
2024/03/05 02:36:37 Map: 0 done vs. 8 working, Reduce 0 done vs. 0 working
2024/03/05 02:36:38 Coordinator work
2024/03/05 02:36:38 Coordinator status 0
2024/03/05 02:36:38 Coordinator work
2024/03/05 02:36:38 Coordinator status 0
2024/03/05 02:36:38 IsDone &{0 2024-03-05 02:36:38.044517577 +0800 CST m=+1.025399487 0xc00011a030} true
2024/03/05 02:36:38 Order 0 finish Map
2024/03/05 02:36:38 IsDone &{0 2024-03-05 02:36:38.049617236 +0800 CST m=+1.030499152 0xc00011a0c0} true
2024/03/05 02:36:38 Order 1 finish Map
2024/03/05 02:36:39 Coordinator work
2024/03/05 02:36:39 Coordinator status 0
2024/03/05 02:36:39 Coordinator work
2024/03/05 02:36:39 Coordinator status 0
2024/03/05 02:36:39 IsDone &{0 2024-03-05 02:36:39.055991732 +0800 CST m=+2.036873647 0xc00011a150} true
2024/03/05 02:36:39 Order 2 finish Map
2024/03/05 02:36:39 IsDone &{0 2024-03-05 02:36:39.067651819 +0800 CST m=+2.048533734 0xc00011a1e0} true
2024/03/05 02:36:39 Order 3 finish Map
2024/03/05 02:36:40 Coordinator work
2024/03/05 02:36:40 Coordinator status 0
2024/03/05 02:36:40 Coordinator work
2024/03/05 02:36:40 Coordinator status 0
2024/03/05 02:36:40 IsDone &{0 2024-03-05 02:36:40.085126995 +0800 CST m=+3.066008903 0xc00011a300} true
2024/03/05 02:36:40 Order 5 finish Map
2024/03/05 02:36:40 IsDone &{0 2024-03-05 02:36:40.078929132 +0800 CST m=+3.059811041 0xc00011a270} true
2024/03/05 02:36:40 Order 4 finish Map
2024/03/05 02:36:41 Coordinator work
2024/03/05 02:36:41 Coordinator status 0
2024/03/05 02:36:41 Coordinator work
2024/03/05 02:36:41 Coordinator status 0
2024/03/05 02:36:41 IsDone &{0 2024-03-05 02:36:41.094712065 +0800 CST m=+4.075593982 0xc00011a390} true
2024/03/05 02:36:41 Order 6 finish Map
2024/03/05 02:36:41 IsDone &{0 2024-03-05 02:36:41.102837576 +0800 CST m=+4.083719490 0xc00011a420} true
2024/03/05 02:36:41 Order 7 finish Map
2024/03/05 02:36:42 Coordinator work
2024/03/05 02:36:42 Coordinator status 0
2024/03/05 02:36:42 Map: 8 done vs. 0 working, Reduce 0 done vs. 0 working
2024/03/05 02:36:42 forward: forward to Reuce Phase
2024/03/05 02:36:42 making reduce order : 8
2024/03/05 02:36:42 making reduce order : 9
2024/03/05 02:36:42 making reduce order : 10
2024/03/05 02:36:42 making reduce order : 11
2024/03/05 02:36:42 making reduce order : 12
2024/03/05 02:36:42 Coordinator work
2024/03/05 02:36:42 making reduce order : 13
2024/03/05 02:36:42 making reduce order : 14
2024/03/05 02:36:42 making reduce order : 15
2024/03/05 02:36:42 making reduce order : 16
2024/03/05 02:36:42 making reduce order : 17
2024/03/05 02:36:42 done with make reduce order
2024/03/05 02:36:42 Map: 8 done vs. 0 working, Reduce 0 done vs. 10 working
2024/03/05 02:36:42 Coordinator status 1
2024/03/05 02:36:43 Order 8 finish Reduce
2024/03/05 02:36:44 Coordinator work
2024/03/05 02:36:44 Coordinator status 1
2024/03/05 02:36:44 Coordinator work
2024/03/05 02:36:44 Coordinator status 1
2024/03/05 02:36:45 Order 9 finish Reduce
2024/03/05 02:36:45 Order 10 finish Reduce
2024/03/05 02:36:46 Coordinator work
2024/03/05 02:36:46 Coordinator status 1
2024/03/05 02:36:46 Coordinator work
2024/03/05 02:36:46 Coordinator status 1
2024/03/05 02:36:48 Order 11 finish Reduce
2024/03/05 02:36:48 Order 12 finish Reduce
2024/03/05 02:36:49 Coordinator work
2024/03/05 02:36:49 Coordinator status 1
2024/03/05 02:36:49 Coordinator work
2024/03/05 02:36:49 Coordinator status 1
2024/03/05 02:36:50 Order 13 finish Reduce
2024/03/05 02:36:50 Order 14 finish Reduce
2024/03/05 02:36:51 Coordinator work
2024/03/05 02:36:51 Coordinator status 1
2024/03/05 02:36:51 Order 15 finish Reduce
2024/03/05 02:36:51 Coordinator work
2024/03/05 02:36:51 Coordinator status 1
2024/03/05 02:36:51 Order 16 finish Reduce
2024/03/05 02:36:52 Coordinator work
2024/03/05 02:36:52 Coordinator status 1
2024/03/05 02:36:52 Coordinator work
2024/03/05 02:36:52 Coordinator status 1
2024/03/05 02:36:52 Map: 8 done vs. 0 working, Reduce 9 done vs. 1 working
2024/03/05 02:36:53 Order 17 finish Reduce
2024/03/05 02:36:54 Coordinator work
2024/03/05 02:36:54 Coordinator status 1
2024/03/05 02:36:54 Map: 8 done vs. 0 working, Reduce 10 done vs. 0 working
2024/03/05 02:36:54 forward: forward to done phase
2024/03/05 02:36:54 Coordinator work
2024/03/05 02:36:54 Coordinator status 2
