2024/03/04 21:26:42 making map order &{0 [../pg-being_ernest.txt] 0 10}
2024/03/04 21:26:42 making map order &{0 [../pg-dorian_gray.txt] 1 10}
2024/03/04 21:26:42 making map order &{0 [../pg-frankenstein.txt] 2 10}
2024/03/04 21:26:42 making map order &{0 [../pg-grimm.txt] 3 10}
2024/03/04 21:26:42 making map order &{0 [../pg-huckleberry_finn.txt] 4 10}
2024/03/04 21:26:42 making map order &{0 [../pg-metamorphosis.txt] 5 10}
2024/03/04 21:26:42 making map order &{0 [../pg-sherlock_holmes.txt] 6 10}
2024/03/04 21:26:42 making map order &{0 [../pg-tom_sawyer.txt] 7 10}
2024/03/04 21:26:42 done with make map order
2024/03/04 21:26:42 Map: 0 done vs. 8 working, Reduce 0 done vs. 0 working
2024/03/04 21:26:43 Coordinator work
2024/03/04 21:26:43 Coordinator status 0
2024/03/04 21:26:43 Coordinator work
2024/03/04 21:26:43 Coordinator status 0
2024/03/04 21:26:43 IsDone &{0 2024-03-04 21:26:43.515868195 +0800 CST m=+1.013749813 0xc0000a3d70} true
2024/03/04 21:26:43 Order 0 finish Map
2024/03/04 21:26:43 IsDone &{0 2024-03-04 21:26:43.516890613 +0800 CST m=+1.014772235 0xc0000a3e00} true
2024/03/04 21:26:43 Order 1 finish Map
2024/03/04 21:26:44 Coordinator work
2024/03/04 21:26:44 Coordinator status 0
2024/03/04 21:26:44 Coordinator work
2024/03/04 21:26:44 Coordinator status 0
2024/03/04 21:26:44 IsDone &{0 2024-03-04 21:26:44.640361685 +0800 CST m=+2.138243304 0xc0000a3e90} true
2024/03/04 21:26:44 Order 2 finish Map
2024/03/04 21:26:44 IsDone &{0 2024-03-04 21:26:44.719144263 +0800 CST m=+2.217025881 0xc0000a3f20} true
2024/03/04 21:26:44 Order 3 finish Map
2024/03/04 21:26:45 Coordinator work
2024/03/04 21:26:45 Coordinator status 0
2024/03/04 21:26:45 Coordinator work
2024/03/04 21:26:45 Coordinator status 0
2024/03/04 21:26:46 IsDone &{0 2024-03-04 21:26:45.948995044 +0800 CST m=+3.446876670 0xc00011a060} true
2024/03/04 21:26:46 Order 5 finish Map
2024/03/04 21:26:46 IsDone &{0 2024-03-04 21:26:45.934627088 +0800 CST m=+3.432508712 0xc0000a3fb0} true
2024/03/04 21:26:46 Order 4 finish Map
2024/03/04 21:26:47 Coordinator work
2024/03/04 21:26:47 Coordinator status 0
2024/03/04 21:26:47 Coordinator work
2024/03/04 21:26:47 Coordinator status 0
2024/03/04 21:26:47 IsDone &{0 2024-03-04 21:26:47.081329749 +0800 CST m=+4.579211373 0xc00011a0f0} true
2024/03/04 21:26:47 Order 6 finish Map
2024/03/04 21:26:47 IsDone &{0 2024-03-04 21:26:47.198139595 +0800 CST m=+4.696021220 0xc00011a180} true
2024/03/04 21:26:47 Order 7 finish Map
2024/03/04 21:26:48 Coordinator work
2024/03/04 21:26:48 Coordinator status 0
2024/03/04 21:26:48 Map: 8 done vs. 0 working, Reduce 0 done vs. 0 working
2024/03/04 21:26:48 forward: forward to Reuce Phase
2024/03/04 21:26:48 making reduce order : 8
2024/03/04 21:26:48 making reduce order : 9
2024/03/04 21:26:48 making reduce order : 10
2024/03/04 21:26:48 making reduce order : 11
2024/03/04 21:26:48 making reduce order : 12
2024/03/04 21:26:48 making reduce order : 13
2024/03/04 21:26:48 making reduce order : 14
2024/03/04 21:26:48 making reduce order : 15
2024/03/04 21:26:48 making reduce order : 16
2024/03/04 21:26:48 making reduce order : 17
2024/03/04 21:26:48 done with make reduce order
2024/03/04 21:26:48 Map: 8 done vs. 0 working, Reduce 0 done vs. 10 working
2024/03/04 21:26:48 Coordinator work
2024/03/04 21:26:48 Coordinator status 1
2024/03/04 21:26:48 Order 8 finish Reduce
2024/03/04 21:26:49 Coordinator work
2024/03/04 21:26:49 Coordinator status 1
2024/03/04 21:26:49 Order 9 finish Reduce
2024/03/04 21:26:50 Coordinator work
2024/03/04 21:26:50 Coordinator status 1
2024/03/04 21:26:50 Order 10 finish Reduce
2024/03/04 21:26:50 Coordinator work
2024/03/04 21:26:50 Coordinator status 1
2024/03/04 21:26:50 Order 11 finish Reduce
2024/03/04 21:26:51 Coordinator work
2024/03/04 21:26:51 Coordinator status 1
2024/03/04 21:26:51 Order 12 finish Reduce
2024/03/04 21:26:51 Coordinator work
2024/03/04 21:26:51 Coordinator status 1
2024/03/04 21:26:51 Order 13 finish Reduce
2024/03/04 21:26:52 Coordinator work
2024/03/04 21:26:52 Coordinator status 1
2024/03/04 21:26:52 Order 14 finish Reduce
2024/03/04 21:26:52 Coordinator work
2024/03/04 21:26:52 Coordinator status 1
2024/03/04 21:26:53 Order 15 finish Reduce
2024/03/04 21:26:53 Coordinator work
2024/03/04 21:26:53 Coordinator status 1
2024/03/04 21:26:53 Order 16 finish Reduce
2024/03/04 21:26:54 Coordinator work
2024/03/04 21:26:54 Coordinator status 1
2024/03/04 21:26:54 Order 17 finish Reduce
2024/03/04 21:26:54 Coordinator work
2024/03/04 21:26:54 Coordinator status 1
2024/03/04 21:26:54 Map: 8 done vs. 0 working, Reduce 10 done vs. 0 working
2024/03/04 21:26:54 forward: forward to done phase
2024/03/04 21:26:55 Coordinator work
2024/03/04 21:26:55 Coordinator status 2
