2024/03/05 00:40:16 making map order &{0 [../pg-being_ernest.txt] 0 10}
2024/03/05 00:40:16 making map order &{0 [../pg-dorian_gray.txt] 1 10}
2024/03/05 00:40:16 making map order &{0 [../pg-frankenstein.txt] 2 10}
2024/03/05 00:40:16 making map order &{0 [../pg-grimm.txt] 3 10}
2024/03/05 00:40:16 making map order &{0 [../pg-huckleberry_finn.txt] 4 10}
2024/03/05 00:40:16 making map order &{0 [../pg-metamorphosis.txt] 5 10}
2024/03/05 00:40:16 making map order &{0 [../pg-sherlock_holmes.txt] 6 10}
2024/03/05 00:40:16 making map order &{0 [../pg-tom_sawyer.txt] 7 10}
2024/03/05 00:40:16 done with make map order
2024/03/05 00:40:16 Map: 0 done vs. 8 working, Reduce 0 done vs. 0 working
2024/03/05 00:40:18 Coordinator work
2024/03/05 00:40:18 Coordinator status 0
2024/03/05 00:40:18 Coordinator work
2024/03/05 00:40:18 Coordinator status 0
2024/03/05 00:40:18 Coordinator work
2024/03/05 00:40:18 Coordinator status 0
2024/03/05 00:40:18 Coordinator work
2024/03/05 00:40:18 Coordinator status 0
2024/03/05 00:40:19 Coordinator work
2024/03/05 00:40:19 Coordinator status 0
2024/03/05 00:40:19 Coordinator work
2024/03/05 00:40:19 Coordinator status 0
2024/03/05 00:40:19 Coordinator work
2024/03/05 00:40:19 Coordinator status 0
2024/03/05 00:40:19 IsDone &{0 2024-03-05 00:40:19.073134529 +0800 CST m=+2.092952037 0xc000126030} true
2024/03/05 00:40:19 Order 5 finish Map
2024/03/05 00:40:19 IsDone &{0 2024-03-05 00:40:19.059093444 +0800 CST m=+2.078910955 0xc0000a3f80} true
2024/03/05 00:40:19 Order 4 finish Map
2024/03/05 00:40:19 IsDone &{0 2024-03-05 00:40:19.073675235 +0800 CST m=+2.093492752 0xc0001260c0} true
2024/03/05 00:40:19 Order 6 finish Map
2024/03/05 00:40:20 Coordinator work
2024/03/05 00:40:20 Coordinator status 0
2024/03/05 00:40:20 Coordinator work
2024/03/05 00:40:20 Coordinator status 0
2024/03/05 00:40:20 Map: 3 done vs. 5 working, Reduce 0 done vs. 0 working
2024/03/05 00:40:20 Coordinator work
2024/03/05 00:40:20 Coordinator status 0
2024/03/05 00:40:20 Map: 3 done vs. 5 working, Reduce 0 done vs. 0 working
2024/03/05 00:40:21 Coordinator work
2024/03/05 00:40:21 Coordinator status 0
2024/03/05 00:40:21 Map: 3 done vs. 5 working, Reduce 0 done vs. 0 working
2024/03/05 00:40:22 Coordinator work
2024/03/05 00:40:22 Coordinator status 0
2024/03/05 00:40:22 Map: 3 done vs. 5 working, Reduce 0 done vs. 0 working
2024/03/05 00:40:22 Coordinator work
2024/03/05 00:40:22 Coordinator status 0
2024/03/05 00:40:22 Map: 3 done vs. 5 working, Reduce 0 done vs. 0 working
2024/03/05 00:40:23 Coordinator work
2024/03/05 00:40:23 Coordinator status 0
2024/03/05 00:40:23 Map: 3 done vs. 5 working, Reduce 0 done vs. 0 working
2024/03/05 00:40:24 Coordinator work
2024/03/05 00:40:24 Coordinator status 0
2024/03/05 00:40:24 Map: 3 done vs. 5 working, Reduce 0 done vs. 0 working
2024/03/05 00:40:24 Coordinator work
2024/03/05 00:40:24 Coordinator status 0
2024/03/05 00:40:24 Map: 3 done vs. 5 working, Reduce 0 done vs. 0 working
2024/03/05 00:40:25 Coordinator work
2024/03/05 00:40:25 Coordinator status 0
2024/03/05 00:40:25 Map: 3 done vs. 5 working, Reduce 0 done vs. 0 working
2024/03/05 00:40:26 Coordinator work
2024/03/05 00:40:26 Coordinator status 0
2024/03/05 00:40:26 Map: 3 done vs. 5 working, Reduce 0 done vs. 0 working
2024/03/05 00:40:26 Coordinator work
2024/03/05 00:40:26 Coordinator status 0
2024/03/05 00:40:26 Map: 3 done vs. 5 working, Reduce 0 done vs. 0 working
2024/03/05 00:40:27 Coordinator work
2024/03/05 00:40:27 Coordinator status 0
2024/03/05 00:40:27 Map: 3 done vs. 5 working, Reduce 0 done vs. 0 working
2024/03/05 00:40:28 Coordinator work
2024/03/05 00:40:28 Coordinator status 0
2024/03/05 00:40:28 Map: 3 done vs. 5 working, Reduce 0 done vs. 0 working
2024/03/05 00:40:28 Coordinator work
2024/03/05 00:40:28 Coordinator status 0
2024/03/05 00:40:28 Map: 3 done vs. 5 working, Reduce 0 done vs. 0 working
2024/03/05 00:40:28 Coordiantor restart Map order 0
2024/03/05 00:40:28 Coordiantor restart Map order 2
2024/03/05 00:40:28 Coordiantor restart Map order 1
2024/03/05 00:40:28 Coordiantor restart Map order 3
2024/03/05 00:40:29 Coordinator work
2024/03/05 00:40:29 Coordinator status 0
2024/03/05 00:40:30 Coordinator work
2024/03/05 00:40:30 Coordinator status 0
2024/03/05 00:40:30 Coordinator work
2024/03/05 00:40:30 Coordinator status 0
2024/03/05 00:40:30 IsDone &{0 2024-03-05 00:40:30.119137729 +0800 CST m=+13.138955235 0xc0000a3e60} true
2024/03/05 00:40:30 Order 2 finish Map
2024/03/05 00:40:30 Coordiantor restart Map order 7
2024/03/05 00:40:31 Coordinator work
2024/03/05 00:40:31 Coordinator status 0
2024/03/05 00:40:32 Coordinator work
2024/03/05 00:40:32 Coordinator status 0
2024/03/05 00:40:33 IsDone &{0 2024-03-05 00:40:30.123436641 +0800 CST m=+13.143254152 0xc0000a3dd0} true
2024/03/05 00:40:33 Order 1 finish Map
2024/03/05 00:40:33 IsDone &{0 2024-03-05 00:40:29.130360738 +0800 CST m=+12.150178250 0xc0000a3d40} true
2024/03/05 00:40:33 Order 0 finish Map
2024/03/05 00:40:34 Coordinator work
2024/03/05 00:40:34 Coordinator status 0
2024/03/05 00:40:34 Map: 6 done vs. 2 working, Reduce 0 done vs. 0 working
2024/03/05 00:40:34 Coordinator work
2024/03/05 00:40:34 Coordinator status 0
2024/03/05 00:40:34 Map: 6 done vs. 2 working, Reduce 0 done vs. 0 working
2024/03/05 00:40:36 Coordinator work
2024/03/05 00:40:36 Coordinator status 0
2024/03/05 00:40:36 Map: 6 done vs. 2 working, Reduce 0 done vs. 0 working
2024/03/05 00:40:36 Coordinator work
2024/03/05 00:40:36 Coordinator status 0
2024/03/05 00:40:36 Map: 6 done vs. 2 working, Reduce 0 done vs. 0 working
2024/03/05 00:40:37 IsDone &{0 2024-03-05 00:40:32.174295447 +0800 CST m=+15.194112956 0xc000126150} true
2024/03/05 00:40:37 Order 7 finish Map
2024/03/05 00:40:38 Coordinator work
2024/03/05 00:40:38 Coordinator status 0
2024/03/05 00:40:38 Map: 7 done vs. 1 working, Reduce 0 done vs. 0 working
2024/03/05 00:40:38 Coordinator work
2024/03/05 00:40:38 Coordinator status 0
2024/03/05 00:40:38 Map: 7 done vs. 1 working, Reduce 0 done vs. 0 working
2024/03/05 00:40:38 Coordinator work
2024/03/05 00:40:38 Coordinator status 0
2024/03/05 00:40:38 Map: 7 done vs. 1 working, Reduce 0 done vs. 0 working
2024/03/05 00:40:40 Coordinator work
2024/03/05 00:40:40 Coordinator status 0
2024/03/05 00:40:40 Map: 7 done vs. 1 working, Reduce 0 done vs. 0 working
2024/03/05 00:40:40 Coordinator work
2024/03/05 00:40:40 Coordinator status 0
2024/03/05 00:40:40 Map: 7 done vs. 1 working, Reduce 0 done vs. 0 working
2024/03/05 00:40:40 Coordinator work
2024/03/05 00:40:40 Coordinator status 0
2024/03/05 00:40:40 Map: 7 done vs. 1 working, Reduce 0 done vs. 0 working
2024/03/05 00:40:41 Coordiantor restart Map order 3
2024/03/05 00:40:42 Coordinator work
2024/03/05 00:40:42 Coordinator status 0
2024/03/05 00:40:42 Coordinator work
2024/03/05 00:40:42 Coordinator status 0
2024/03/05 00:40:42 Map: 7 done vs. 1 working, Reduce 0 done vs. 0 working
2024/03/05 00:40:42 Coordinator work
2024/03/05 00:40:42 Coordinator status 0
2024/03/05 00:40:42 Map: 7 done vs. 1 working, Reduce 0 done vs. 0 working
2024/03/05 00:40:44 Coordinator work
2024/03/05 00:40:44 Coordinator status 0
2024/03/05 00:40:44 Map: 7 done vs. 1 working, Reduce 0 done vs. 0 working
2024/03/05 00:40:44 Coordinator work
2024/03/05 00:40:44 Coordinator status 0
2024/03/05 00:40:44 Map: 7 done vs. 1 working, Reduce 0 done vs. 0 working
2024/03/05 00:40:46 Coordinator work
2024/03/05 00:40:46 Coordinator status 0
2024/03/05 00:40:46 Map: 7 done vs. 1 working, Reduce 0 done vs. 0 working
2024/03/05 00:40:46 Coordinator work
2024/03/05 00:40:46 Coordinator status 0
2024/03/05 00:40:46 Map: 7 done vs. 1 working, Reduce 0 done vs. 0 working
2024/03/05 00:40:48 Coordinator work
2024/03/05 00:40:48 Coordinator status 0
2024/03/05 00:40:48 Map: 7 done vs. 1 working, Reduce 0 done vs. 0 working
2024/03/05 00:40:48 Coordinator work
2024/03/05 00:40:48 Coordinator status 0
2024/03/05 00:40:48 Map: 7 done vs. 1 working, Reduce 0 done vs. 0 working
2024/03/05 00:40:50 Coordinator work
2024/03/05 00:40:50 Coordinator status 0
2024/03/05 00:40:50 Map: 7 done vs. 1 working, Reduce 0 done vs. 0 working
2024/03/05 00:40:50 Coordinator work
2024/03/05 00:40:50 Coordinator status 0
2024/03/05 00:40:50 Map: 7 done vs. 1 working, Reduce 0 done vs. 0 working
2024/03/05 00:40:52 IsDone &{0 2024-03-05 00:40:42.398452496 +0800 CST m=+25.418270006 0xc0000a3ef0} true
2024/03/05 00:40:52 Order 3 finish Map
2024/03/05 00:40:52 Coordinator work
2024/03/05 00:40:52 Coordinator status 0
2024/03/05 00:40:52 Map: 8 done vs. 0 working, Reduce 0 done vs. 0 working
2024/03/05 00:40:52 forward: forward to Reuce Phase
2024/03/05 00:40:52 making reduce order : 8
2024/03/05 00:40:52 making reduce order : 9
2024/03/05 00:40:52 making reduce order : 10
2024/03/05 00:40:52 making reduce order : 11
2024/03/05 00:40:52 making reduce order : 12
2024/03/05 00:40:52 making reduce order : 13
2024/03/05 00:40:52 making reduce order : 14
2024/03/05 00:40:52 making reduce order : 15
2024/03/05 00:40:52 making reduce order : 16
2024/03/05 00:40:52 making reduce order : 17
2024/03/05 00:40:52 done with make reduce order
2024/03/05 00:40:52 Map: 8 done vs. 0 working, Reduce 0 done vs. 10 working
2024/03/05 00:40:52 Coordinator work
2024/03/05 00:40:52 Coordinator status 1
2024/03/05 00:40:53 Coordinator work
2024/03/05 00:40:53 Coordinator status 1
2024/03/05 00:40:53 Order 9 finish Reduce
2024/03/05 00:40:53 Coordinator work
2024/03/05 00:40:53 Coordinator status 1
2024/03/05 00:40:53 Order 10 finish Reduce
2024/03/05 00:40:54 Coordinator work
2024/03/05 00:40:54 Coordinator status 1
2024/03/05 00:40:54 Order 11 finish Reduce
2024/03/05 00:40:54 Coordinator work
2024/03/05 00:40:54 Coordinator status 1
2024/03/05 00:40:54 Order 12 finish Reduce
2024/03/05 00:40:54 Coordinator work
2024/03/05 00:40:54 Coordinator status 1
2024/03/05 00:40:54 Order 13 finish Reduce
2024/03/05 00:40:55 Coordinator work
2024/03/05 00:40:55 Coordinator status 1
2024/03/05 00:40:55 Order 14 finish Reduce
2024/03/05 00:40:55 Coordinator work
2024/03/05 00:40:55 Coordinator status 1
2024/03/05 00:40:55 Order 15 finish Reduce
2024/03/05 00:40:55 Coordinator work
2024/03/05 00:40:55 Coordinator status 1
2024/03/05 00:40:55 Order 16 finish Reduce
2024/03/05 00:40:56 Coordinator work
2024/03/05 00:40:56 Coordinator status 1
2024/03/05 00:40:56 Order 17 finish Reduce
2024/03/05 00:40:56 Coordinator work
2024/03/05 00:40:56 Coordinator status 1
2024/03/05 00:40:56 Map: 8 done vs. 0 working, Reduce 9 done vs. 1 working
2024/03/05 00:40:56 Coordinator work
2024/03/05 00:40:56 Coordinator status 1
2024/03/05 00:40:56 Map: 8 done vs. 0 working, Reduce 9 done vs. 1 working
2024/03/05 00:40:57 Coordinator work
2024/03/05 00:40:57 Coordinator status 1
2024/03/05 00:40:57 Map: 8 done vs. 0 working, Reduce 9 done vs. 1 working
2024/03/05 00:40:58 Coordinator work
2024/03/05 00:40:58 Coordinator status 1
2024/03/05 00:40:58 Map: 8 done vs. 0 working, Reduce 9 done vs. 1 working
2024/03/05 00:40:58 Coordinator work
2024/03/05 00:40:58 Coordinator status 1
2024/03/05 00:40:58 Map: 8 done vs. 0 working, Reduce 9 done vs. 1 working
2024/03/05 00:40:59 Coordinator work
2024/03/05 00:40:59 Coordinator status 1
2024/03/05 00:40:59 Map: 8 done vs. 0 working, Reduce 9 done vs. 1 working
2024/03/05 00:41:00 Coordinator work
2024/03/05 00:41:00 Coordinator status 1
2024/03/05 00:41:00 Map: 8 done vs. 0 working, Reduce 9 done vs. 1 working
2024/03/05 00:41:00 Coordinator work
2024/03/05 00:41:00 Coordinator status 1
2024/03/05 00:41:00 Map: 8 done vs. 0 working, Reduce 9 done vs. 1 working
2024/03/05 00:41:01 Coordinator work
2024/03/05 00:41:01 Coordinator status 1
2024/03/05 00:41:01 Map: 8 done vs. 0 working, Reduce 9 done vs. 1 working
2024/03/05 00:41:02 Coordinator work
2024/03/05 00:41:02 Coordinator status 1
2024/03/05 00:41:02 Map: 8 done vs. 0 working, Reduce 9 done vs. 1 working
2024/03/05 00:41:02 Coordinator work
2024/03/05 00:41:02 Coordinator status 1
2024/03/05 00:41:02 Map: 8 done vs. 0 working, Reduce 9 done vs. 1 working
2024/03/05 00:41:03 Coordiantor restart Reduce order 8
2024/03/05 00:41:03 Coordinator work
2024/03/05 00:41:03 Coordinator status 1
2024/03/05 00:41:03 Order 8 finish Reduce
2024/03/05 00:41:04 Coordinator work
2024/03/05 00:41:04 Coordinator status 1
2024/03/05 00:41:04 Map: 8 done vs. 0 working, Reduce 10 done vs. 0 working
2024/03/05 00:41:04 forward: forward to done phase
2024/03/05 00:41:04 Coordinator work
2024/03/05 00:41:04 Coordinator status 2
2024/03/05 00:41:04 Coordinator work
2024/03/05 00:41:04 Coordinator status 2
