2024/03/05 07:50:06 making map order &{0 [../pg-being_ernest.txt] 0 10}
2024/03/05 07:50:06 making map order &{0 [../pg-dorian_gray.txt] 1 10}
2024/03/05 07:50:06 making map order &{0 [../pg-frankenstein.txt] 2 10}
2024/03/05 07:50:06 making map order &{0 [../pg-grimm.txt] 3 10}
2024/03/05 07:50:06 making map order &{0 [../pg-huckleberry_finn.txt] 4 10}
2024/03/05 07:50:06 making map order &{0 [../pg-metamorphosis.txt] 5 10}
2024/03/05 07:50:06 making map order &{0 [../pg-sherlock_holmes.txt] 6 10}
2024/03/05 07:50:06 making map order &{0 [../pg-tom_sawyer.txt] 7 10}
2024/03/05 07:50:06 done with make map order
2024/03/05 07:50:06 Map: 0 done vs. 8 working, Reduce 0 done vs. 0 working
2024/03/05 07:50:07 Coordinator work
2024/03/05 07:50:07 Coordinator status 0
2024/03/05 07:50:07 IsDone &{0 2024-03-05 07:50:07.822690744 +0800 CST m=+1.034812314 0xc00009dd70} true
2024/03/05 07:50:07 Order 0 finish Map
2024/03/05 07:50:07 Coordinator work
2024/03/05 07:50:07 Coordinator status 0
2024/03/05 07:50:07 Coordinator work
2024/03/05 07:50:07 Coordinator status 0
2024/03/05 07:50:07 Coordinator work
2024/03/05 07:50:07 Coordinator status 0
2024/03/05 07:50:08 Coordinator work
2024/03/05 07:50:08 Coordinator status 0
2024/03/05 07:50:08 Coordinator work
2024/03/05 07:50:08 Coordinator status 0
2024/03/05 07:50:08 IsDone &{0 2024-03-05 07:50:08.888220269 +0800 CST m=+2.100341838 0xc00011a060} true
2024/03/05 07:50:08 Order 5 finish Map
2024/03/05 07:50:09 Coordinator work
2024/03/05 07:50:09 Coordinator status 0
2024/03/05 07:50:09 IsDone &{0 2024-03-05 07:50:09.876089586 +0800 CST m=+3.088211152 0xc00011a0f0} true
2024/03/05 07:50:09 Order 6 finish Map
2024/03/05 07:50:09 Coordinator work
2024/03/05 07:50:09 Coordinator status 0
2024/03/05 07:50:10 Coordinator work
2024/03/05 07:50:10 Coordinator status 0
2024/03/05 07:50:10 Map: 3 done vs. 5 working, Reduce 0 done vs. 0 working
2024/03/05 07:50:11 IsDone &{0 2024-03-05 07:50:07.856993287 +0800 CST m=+1.069114864 0xc00009df20} true
2024/03/05 07:50:11 Order 3 finish Map
2024/03/05 07:50:12 Coordinator work
2024/03/05 07:50:12 Coordinator status 0
2024/03/05 07:50:12 Map: 4 done vs. 4 working, Reduce 0 done vs. 0 working
2024/03/05 07:50:12 Coordinator work
2024/03/05 07:50:12 Coordinator status 0
2024/03/05 07:50:12 Map: 4 done vs. 4 working, Reduce 0 done vs. 0 working
2024/03/05 07:50:14 IsDone &{0 2024-03-05 07:50:07.834271467 +0800 CST m=+1.046393035 0xc00009de00} true
2024/03/05 07:50:14 Order 1 finish Map
2024/03/05 07:50:14 Coordinator work
2024/03/05 07:50:14 Coordinator status 0
2024/03/05 07:50:14 Map: 5 done vs. 3 working, Reduce 0 done vs. 0 working
2024/03/05 07:50:14 Coordinator work
2024/03/05 07:50:14 Coordinator status 0
2024/03/05 07:50:14 Map: 5 done vs. 3 working, Reduce 0 done vs. 0 working
2024/03/05 07:50:15 Coordinator work
2024/03/05 07:50:15 Coordinator status 0
2024/03/05 07:50:15 Map: 5 done vs. 3 working, Reduce 0 done vs. 0 working
2024/03/05 07:50:16 Coordinator work
2024/03/05 07:50:16 Coordinator status 0
2024/03/05 07:50:16 Map: 5 done vs. 3 working, Reduce 0 done vs. 0 working
2024/03/05 07:50:16 Coordinator work
2024/03/05 07:50:16 Coordinator status 0
2024/03/05 07:50:16 Map: 5 done vs. 3 working, Reduce 0 done vs. 0 working
2024/03/05 07:50:17 Coordinator work
2024/03/05 07:50:17 Coordinator status 0
2024/03/05 07:50:17 Map: 5 done vs. 3 working, Reduce 0 done vs. 0 working
2024/03/05 07:50:18 IsDone &{0 2024-03-05 07:50:09.896952077 +0800 CST m=+3.109073642 0xc00011a180} true
2024/03/05 07:50:18 Order 7 finish Map
2024/03/05 07:50:18 Coordiantor restart Map order 2
2024/03/05 07:50:18 Coordinator work
2024/03/05 07:50:18 Coordinator status 0
2024/03/05 07:50:18 IsDone &{0 2024-03-05 07:50:18.912175897 +0800 CST m=+12.124297460 0xc00009de90} true
2024/03/05 07:50:18 Order 2 finish Map
2024/03/05 07:50:19 Coordinator work
2024/03/05 07:50:19 Coordinator status 0
2024/03/05 07:50:19 Map: 7 done vs. 1 working, Reduce 0 done vs. 0 working
2024/03/05 07:50:19 Coordinator work
2024/03/05 07:50:19 Coordinator status 0
2024/03/05 07:50:19 Map: 7 done vs. 1 working, Reduce 0 done vs. 0 working
2024/03/05 07:50:19 Coordinator work
2024/03/05 07:50:19 Coordinator status 0
2024/03/05 07:50:19 Map: 7 done vs. 1 working, Reduce 0 done vs. 0 working
2024/03/05 07:50:19 Coordiantor restart Map order 4
2024/03/05 07:50:19 Coordinator work
2024/03/05 07:50:19 Coordinator status 0
2024/03/05 07:50:21 Coordinator work
2024/03/05 07:50:21 Coordinator status 0
2024/03/05 07:50:21 Map: 7 done vs. 1 working, Reduce 0 done vs. 0 working
2024/03/05 07:50:21 Coordinator work
2024/03/05 07:50:21 Coordinator status 0
2024/03/05 07:50:21 Map: 7 done vs. 1 working, Reduce 0 done vs. 0 working
2024/03/05 07:50:21 Coordinator work
2024/03/05 07:50:21 Coordinator status 0
2024/03/05 07:50:21 Map: 7 done vs. 1 working, Reduce 0 done vs. 0 working
2024/03/05 07:50:23 Coordinator work
2024/03/05 07:50:23 Coordinator status 0
2024/03/05 07:50:23 Map: 7 done vs. 1 working, Reduce 0 done vs. 0 working
2024/03/05 07:50:23 Coordinator work
2024/03/05 07:50:23 Coordinator status 0
2024/03/05 07:50:23 Map: 7 done vs. 1 working, Reduce 0 done vs. 0 working
2024/03/05 07:50:23 IsDone &{0 2024-03-05 07:50:19.927925328 +0800 CST m=+13.140046892 0xc00009dfb0} true
2024/03/05 07:50:23 Order 4 finish Map
2024/03/05 07:50:23 Coordinator work
2024/03/05 07:50:23 Coordinator status 0
2024/03/05 07:50:23 Map: 8 done vs. 0 working, Reduce 0 done vs. 0 working
2024/03/05 07:50:23 forward: forward to Reuce Phase
2024/03/05 07:50:23 making reduce order : 8
2024/03/05 07:50:23 making reduce order : 9
2024/03/05 07:50:23 making reduce order : 10
2024/03/05 07:50:23 making reduce order : 11
2024/03/05 07:50:23 making reduce order : 12
2024/03/05 07:50:23 making reduce order : 13
2024/03/05 07:50:23 making reduce order : 14
2024/03/05 07:50:23 making reduce order : 15
2024/03/05 07:50:23 making reduce order : 16
2024/03/05 07:50:23 making reduce order : 17
2024/03/05 07:50:23 done with make reduce order
2024/03/05 07:50:23 Map: 8 done vs. 0 working, Reduce 0 done vs. 10 working
2024/03/05 07:50:24 Coordinator work
2024/03/05 07:50:24 Coordinator status 1
2024/03/05 07:50:25 Coordinator work
2024/03/05 07:50:25 Coordinator status 1
2024/03/05 07:50:25 Order 9 finish Reduce
2024/03/05 07:50:25 Coordinator work
2024/03/05 07:50:25 Coordinator status 1
2024/03/05 07:50:25 Coordinator work
2024/03/05 07:50:25 Coordinator status 1
2024/03/05 07:50:25 Order 11 finish Reduce
2024/03/05 07:50:25 Coordinator work
2024/03/05 07:50:25 Coordinator status 1
2024/03/05 07:50:25 Order 12 finish Reduce
2024/03/05 07:50:26 Coordinator work
2024/03/05 07:50:26 Coordinator status 1
2024/03/05 07:50:26 Coordinator work
2024/03/05 07:50:26 Coordinator status 1
2024/03/05 07:50:26 Order 14 finish Reduce
2024/03/05 07:50:26 Coordinator work
2024/03/05 07:50:26 Coordinator status 1
2024/03/05 07:50:26 Order 15 finish Reduce
2024/03/05 07:50:26 Coordinator work
2024/03/05 07:50:26 Coordinator status 1
2024/03/05 07:50:26 Order 16 finish Reduce
2024/03/05 07:50:27 Coordinator work
2024/03/05 07:50:27 Coordinator status 1
2024/03/05 07:50:27 Coordinator work
2024/03/05 07:50:27 Coordinator status 1
2024/03/05 07:50:27 Map: 8 done vs. 0 working, Reduce 6 done vs. 4 working
2024/03/05 07:50:27 Coordinator work
2024/03/05 07:50:27 Coordinator status 1
2024/03/05 07:50:27 Map: 8 done vs. 0 working, Reduce 6 done vs. 4 working
2024/03/05 07:50:28 Coordinator work
2024/03/05 07:50:28 Coordinator status 1
2024/03/05 07:50:28 Map: 8 done vs. 0 working, Reduce 6 done vs. 4 working
2024/03/05 07:50:28 Order 13 finish Reduce
2024/03/05 07:50:29 Coordinator work
2024/03/05 07:50:29 Coordinator status 1
2024/03/05 07:50:29 Map: 8 done vs. 0 working, Reduce 7 done vs. 3 working
2024/03/05 07:50:29 Coordinator work
2024/03/05 07:50:29 Coordinator status 1
2024/03/05 07:50:29 Map: 8 done vs. 0 working, Reduce 7 done vs. 3 working
2024/03/05 07:50:29 Coordinator work
2024/03/05 07:50:29 Coordinator status 1
2024/03/05 07:50:29 Map: 8 done vs. 0 working, Reduce 7 done vs. 3 working
2024/03/05 07:50:30 Coordinator work
2024/03/05 07:50:30 Coordinator status 1
2024/03/05 07:50:30 Map: 8 done vs. 0 working, Reduce 7 done vs. 3 working
2024/03/05 07:50:31 Coordinator work
2024/03/05 07:50:31 Coordinator status 1
2024/03/05 07:50:31 Map: 8 done vs. 0 working, Reduce 7 done vs. 3 working
2024/03/05 07:50:31 Coordinator work
2024/03/05 07:50:31 Coordinator status 1
2024/03/05 07:50:31 Map: 8 done vs. 0 working, Reduce 7 done vs. 3 working
2024/03/05 07:50:31 Coordinator work
2024/03/05 07:50:31 Coordinator status 1
2024/03/05 07:50:31 Map: 8 done vs. 0 working, Reduce 7 done vs. 3 working
2024/03/05 07:50:32 Coordinator work
2024/03/05 07:50:32 Coordinator status 1
2024/03/05 07:50:32 Map: 8 done vs. 0 working, Reduce 7 done vs. 3 working
2024/03/05 07:50:33 Coordinator work
2024/03/05 07:50:33 Coordinator status 1
2024/03/05 07:50:33 Map: 8 done vs. 0 working, Reduce 7 done vs. 3 working
2024/03/05 07:50:33 Coordinator work
2024/03/05 07:50:33 Coordinator status 1
2024/03/05 07:50:33 Map: 8 done vs. 0 working, Reduce 7 done vs. 3 working
2024/03/05 07:50:33 Coordinator work
2024/03/05 07:50:33 Coordinator status 1
2024/03/05 07:50:33 Map: 8 done vs. 0 working, Reduce 7 done vs. 3 working
2024/03/05 07:50:34 Coordinator work
2024/03/05 07:50:34 Coordinator status 1
2024/03/05 07:50:34 Map: 8 done vs. 0 working, Reduce 7 done vs. 3 working
2024/03/05 07:50:34 Coordiantor restart Reduce order 8
2024/03/05 07:50:35 Coordinator work
2024/03/05 07:50:35 Coordinator status 1
2024/03/05 07:50:35 Order 8 finish Reduce
2024/03/05 07:50:35 Coordinator work
2024/03/05 07:50:35 Coordinator status 1
2024/03/05 07:50:35 Map: 8 done vs. 0 working, Reduce 8 done vs. 2 working
2024/03/05 07:50:35 Coordinator work
2024/03/05 07:50:35 Coordinator status 1
2024/03/05 07:50:35 Map: 8 done vs. 0 working, Reduce 8 done vs. 2 working
2024/03/05 07:50:35 Coordiantor restart Reduce order 10
2024/03/05 07:50:36 Coordinator work
2024/03/05 07:50:36 Coordinator status 1
2024/03/05 07:50:36 Coordinator work
2024/03/05 07:50:36 Coordinator status 1
2024/03/05 07:50:36 Map: 8 done vs. 0 working, Reduce 8 done vs. 2 working
2024/03/05 07:50:37 Coordinator work
2024/03/05 07:50:37 Coordinator status 1
2024/03/05 07:50:37 Map: 8 done vs. 0 working, Reduce 8 done vs. 2 working
2024/03/05 07:50:37 Coordinator work
2024/03/05 07:50:37 Coordinator status 1
2024/03/05 07:50:37 Map: 8 done vs. 0 working, Reduce 8 done vs. 2 working
2024/03/05 07:50:37 Coordiantor restart Reduce order 17
2024/03/05 07:50:38 Coordinator work
2024/03/05 07:50:38 Coordinator status 1
2024/03/05 07:50:38 Order 17 finish Reduce
2024/03/05 07:50:39 Coordinator work
2024/03/05 07:50:39 Coordinator status 1
2024/03/05 07:50:39 Map: 8 done vs. 0 working, Reduce 9 done vs. 1 working
2024/03/05 07:50:39 Coordinator work
2024/03/05 07:50:39 Coordinator status 1
2024/03/05 07:50:39 Map: 8 done vs. 0 working, Reduce 9 done vs. 1 working
2024/03/05 07:50:39 Coordinator work
2024/03/05 07:50:39 Coordinator status 1
2024/03/05 07:50:39 Map: 8 done vs. 0 working, Reduce 9 done vs. 1 working
2024/03/05 07:50:41 Coordinator work
2024/03/05 07:50:41 Coordinator status 1
2024/03/05 07:50:41 Map: 8 done vs. 0 working, Reduce 9 done vs. 1 working
2024/03/05 07:50:41 Coordinator work
2024/03/05 07:50:41 Coordinator status 1
2024/03/05 07:50:41 Map: 8 done vs. 0 working, Reduce 9 done vs. 1 working
2024/03/05 07:50:41 Coordinator work
2024/03/05 07:50:41 Coordinator status 1
2024/03/05 07:50:41 Map: 8 done vs. 0 working, Reduce 9 done vs. 1 working
2024/03/05 07:50:43 Coordinator work
2024/03/05 07:50:43 Coordinator status 1
2024/03/05 07:50:43 Map: 8 done vs. 0 working, Reduce 9 done vs. 1 working
2024/03/05 07:50:43 Coordinator work
2024/03/05 07:50:43 Coordinator status 1
2024/03/05 07:50:43 Map: 8 done vs. 0 working, Reduce 9 done vs. 1 working
2024/03/05 07:50:43 Coordinator work
2024/03/05 07:50:43 Coordinator status 1
2024/03/05 07:50:43 Map: 8 done vs. 0 working, Reduce 9 done vs. 1 working
2024/03/05 07:50:44 Order 10 finish Reduce
2024/03/05 07:50:45 Coordinator work
2024/03/05 07:50:45 Coordinator status 1
2024/03/05 07:50:45 Map: 8 done vs. 0 working, Reduce 10 done vs. 0 working
2024/03/05 07:50:45 forward: forward to done phase
2024/03/05 07:50:45 Coordinator work
2024/03/05 07:50:45 Coordinator status 2
2024/03/05 07:50:45 Coordinator work
2024/03/05 07:50:45 Coordinator status 2
2024/03/05 07:50:45 Coordinator work
2024/03/05 07:50:45 Coordinator status 2
