2024/03/05 02:34:07 making map order &{0 [../pg-being_ernest.txt] 0 10}
2024/03/05 02:34:07 making map order &{0 [../pg-dorian_gray.txt] 1 10}
2024/03/05 02:34:07 making map order &{0 [../pg-frankenstein.txt] 2 10}
2024/03/05 02:34:07 making map order &{0 [../pg-grimm.txt] 3 10}
2024/03/05 02:34:07 making map order &{0 [../pg-huckleberry_finn.txt] 4 10}
2024/03/05 02:34:07 making map order &{0 [../pg-metamorphosis.txt] 5 10}
2024/03/05 02:34:07 making map order &{0 [../pg-sherlock_holmes.txt] 6 10}
2024/03/05 02:34:07 making map order &{0 [../pg-tom_sawyer.txt] 7 10}
2024/03/05 02:34:07 done with make map order
2024/03/05 02:34:07 Map: 0 done vs. 8 working, Reduce 0 done vs. 0 working
2024/03/05 02:34:08 Coordinator work
2024/03/05 02:34:08 Coordinator status 0
2024/03/05 02:34:08 Coordinator work
2024/03/05 02:34:08 Coordinator status 0
2024/03/05 02:34:08 IsDone &{0 2024-03-05 02:34:08.734572133 +0800 CST m=+1.013333176 0xc000072480} true
2024/03/05 02:34:08 Order 0 finish Map
2024/03/05 02:34:08 IsDone &{0 2024-03-05 02:34:08.737797051 +0800 CST m=+1.016558085 0xc000072510} true
2024/03/05 02:34:08 Order 1 finish Map
2024/03/05 02:34:09 Coordinator work
2024/03/05 02:34:09 Coordinator status 0
2024/03/05 02:34:09 Coordinator work
2024/03/05 02:34:09 Coordinator status 0
2024/03/05 02:34:09 IsDone &{0 2024-03-05 02:34:09.744427558 +0800 CST m=+2.023188595 0xc0000725a0} true
2024/03/05 02:34:09 Order 2 finish Map
2024/03/05 02:34:09 IsDone &{0 2024-03-05 02:34:09.758480068 +0800 CST m=+2.037241112 0xc000072630} true
2024/03/05 02:34:09 Order 3 finish Map
2024/03/05 02:34:10 Coordinator work
2024/03/05 02:34:10 Coordinator status 0
2024/03/05 02:34:10 Coordinator work
2024/03/05 02:34:10 Coordinator status 0
2024/03/05 02:34:10 IsDone &{0 2024-03-05 02:34:10.761648127 +0800 CST m=+3.040409169 0xc0000726c0} true
2024/03/05 02:34:10 Order 4 finish Map
2024/03/05 02:34:10 IsDone &{0 2024-03-05 02:34:10.776059195 +0800 CST m=+3.054820238 0xc000072750} true
2024/03/05 02:34:10 Order 5 finish Map
2024/03/05 02:34:11 Coordinator work
2024/03/05 02:34:11 Coordinator status 0
2024/03/05 02:34:11 Coordinator work
2024/03/05 02:34:11 Coordinator status 0
2024/03/05 02:34:11 IsDone &{0 2024-03-05 02:34:11.782582333 +0800 CST m=+4.061343370 0xc0000727e0} true
2024/03/05 02:34:11 Order 6 finish Map
2024/03/05 02:34:11 IsDone &{0 2024-03-05 02:34:11.793790697 +0800 CST m=+4.072551740 0xc000072870} true
2024/03/05 02:34:11 Order 7 finish Map
2024/03/05 02:34:12 Coordinator work
2024/03/05 02:34:12 Coordinator status 0
2024/03/05 02:34:12 Map: 8 done vs. 0 working, Reduce 0 done vs. 0 working
2024/03/05 02:34:12 forward: forward to Reuce Phase
2024/03/05 02:34:12 making reduce order : 8
2024/03/05 02:34:12 making reduce order : 9
2024/03/05 02:34:12 making reduce order : 10
2024/03/05 02:34:12 Coordinator work
2024/03/05 02:34:12 making reduce order : 11
2024/03/05 02:34:12 making reduce order : 12
2024/03/05 02:34:12 making reduce order : 13
2024/03/05 02:34:12 making reduce order : 14
2024/03/05 02:34:12 making reduce order : 15
2024/03/05 02:34:12 making reduce order : 16
2024/03/05 02:34:12 making reduce order : 17
2024/03/05 02:34:12 done with make reduce order
2024/03/05 02:34:12 Map: 8 done vs. 0 working, Reduce 0 done vs. 10 working
2024/03/05 02:34:12 Coordinator status 1
2024/03/05 02:34:13 Order 8 finish Reduce
2024/03/05 02:34:14 Coordinator work
2024/03/05 02:34:14 Coordinator status 1
2024/03/05 02:34:14 Coordinator work
2024/03/05 02:34:14 Coordinator status 1
2024/03/05 02:34:15 Order 9 finish Reduce
2024/03/05 02:34:15 Order 10 finish Reduce
2024/03/05 02:34:16 Coordinator work
2024/03/05 02:34:16 Coordinator status 1
2024/03/05 02:34:16 Coordinator work
2024/03/05 02:34:16 Coordinator status 1
2024/03/05 02:34:18 Order 11 finish Reduce
2024/03/05 02:34:18 Order 12 finish Reduce
2024/03/05 02:34:19 Coordinator work
2024/03/05 02:34:19 Coordinator status 1
2024/03/05 02:34:19 Coordinator work
2024/03/05 02:34:19 Coordinator status 1
2024/03/05 02:34:20 Order 14 finish Reduce
2024/03/05 02:34:20 Order 13 finish Reduce
2024/03/05 02:34:21 Coordinator work
2024/03/05 02:34:21 Coordinator status 1
2024/03/05 02:34:21 Coordinator work
2024/03/05 02:34:21 Coordinator status 1
2024/03/05 02:34:21 Order 15 finish Reduce
2024/03/05 02:34:21 Order 16 finish Reduce
2024/03/05 02:34:22 Coordinator work
2024/03/05 02:34:22 Coordinator status 1
2024/03/05 02:34:22 Coordinator work
2024/03/05 02:34:22 Coordinator status 1
2024/03/05 02:34:22 Map: 8 done vs. 0 working, Reduce 9 done vs. 1 working
2024/03/05 02:34:23 Order 17 finish Reduce
2024/03/05 02:34:24 Coordinator work
2024/03/05 02:34:24 Coordinator status 1
2024/03/05 02:34:24 Map: 8 done vs. 0 working, Reduce 10 done vs. 0 working
2024/03/05 02:34:24 forward: forward to done phase
2024/03/05 02:34:24 Coordinator work
2024/03/05 02:34:24 Coordinator status 2
