2024/03/04 22:44:45 making map order &{0 [../pg-being_ernest.txt] 0 10}
2024/03/04 22:44:45 making map order &{0 [../pg-dorian_gray.txt] 1 10}
2024/03/04 22:44:45 making map order &{0 [../pg-frankenstein.txt] 2 10}
2024/03/04 22:44:45 making map order &{0 [../pg-grimm.txt] 3 10}
2024/03/04 22:44:45 making map order &{0 [../pg-huckleberry_finn.txt] 4 10}
2024/03/04 22:44:45 making map order &{0 [../pg-metamorphosis.txt] 5 10}
2024/03/04 22:44:45 making map order &{0 [../pg-sherlock_holmes.txt] 6 10}
2024/03/04 22:44:45 making map order &{0 [../pg-tom_sawyer.txt] 7 10}
2024/03/04 22:44:45 done with make map order
2024/03/04 22:44:45 Map: 0 done vs. 8 working, Reduce 0 done vs. 0 working
2024/03/04 22:44:46 Coordinator work
2024/03/04 22:44:46 Coordinator status 0
2024/03/04 22:44:46 IsDone &{0 2024-03-04 22:44:46.947488225 +0800 CST m=+1.022667844 0xc0000a3e90} true
2024/03/04 22:44:46 Order 0 finish Map
2024/03/04 22:44:46 Coordinator work
2024/03/04 22:44:46 Coordinator status 0
2024/03/04 22:44:46 Coordinator work
2024/03/04 22:44:46 Coordinator status 0
2024/03/04 22:44:46 IsDone &{0 2024-03-04 22:44:46.970131255 +0800 CST m=+1.045310868 0xc0000a3fb0} true
2024/03/04 22:44:46 Order 2 finish Map
2024/03/04 22:44:46 IsDone &{0 2024-03-04 22:44:46.961762094 +0800 CST m=+1.036941712 0xc0000a3f20} true
2024/03/04 22:44:46 Order 1 finish Map
2024/03/04 22:44:47 Coordinator work
2024/03/04 22:44:47 Coordinator status 0
2024/03/04 22:44:47 IsDone &{0 2024-03-04 22:44:47.958032832 +0800 CST m=+2.033212442 0xc00011a060} true
2024/03/04 22:44:47 Order 3 finish Map
2024/03/04 22:44:47 Coordinator work
2024/03/04 22:44:47 Coordinator status 0
2024/03/04 22:44:47 Coordinator work
2024/03/04 22:44:47 Coordinator status 0
2024/03/04 22:44:47 IsDone &{0 2024-03-04 22:44:47.993751406 +0800 CST m=+2.068931018 0xc00011a180} true
2024/03/04 22:44:47 Order 5 finish Map
2024/03/04 22:44:48 IsDone &{0 2024-03-04 22:44:47.987247765 +0800 CST m=+2.062427384 0xc00011a0f0} true
2024/03/04 22:44:48 Order 4 finish Map
2024/03/04 22:44:48 Coordinator work
2024/03/04 22:44:48 Coordinator status 0
2024/03/04 22:44:48 IsDone &{0 2024-03-04 22:44:48.979076171 +0800 CST m=+3.054255791 0xc00011a210} true
2024/03/04 22:44:48 Order 6 finish Map
2024/03/04 22:44:49 Coordinator work
2024/03/04 22:44:49 Coordinator status 0
2024/03/04 22:44:49 Coordinator work
2024/03/04 22:44:49 Coordinator status 0
2024/03/04 22:44:49 Map: 7 done vs. 1 working, Reduce 0 done vs. 0 working
2024/03/04 22:44:49 IsDone &{0 2024-03-04 22:44:49.002476197 +0800 CST m=+3.077655812 0xc00011a2a0} true
2024/03/04 22:44:49 Order 7 finish Map
2024/03/04 22:44:50 Coordinator work
2024/03/04 22:44:50 Coordinator status 0
2024/03/04 22:44:50 Map: 8 done vs. 0 working, Reduce 0 done vs. 0 working
2024/03/04 22:44:50 forward: forward to Reuce Phase
2024/03/04 22:44:50 making reduce order : 8
2024/03/04 22:44:50 making reduce order : 9
2024/03/04 22:44:50 making reduce order : 10
2024/03/04 22:44:50 making reduce order : 11
2024/03/04 22:44:50 making reduce order : 12
2024/03/04 22:44:50 making reduce order : 13
2024/03/04 22:44:50 making reduce order : 14
2024/03/04 22:44:50 making reduce order : 15
2024/03/04 22:44:50 making reduce order : 16
2024/03/04 22:44:50 making reduce order : 17
2024/03/04 22:44:50 done with make reduce order
2024/03/04 22:44:50 Map: 8 done vs. 0 working, Reduce 0 done vs. 10 working
2024/03/04 22:44:50 Coordinator work
2024/03/04 22:44:50 Coordinator status 1
2024/03/04 22:44:50 Order 8 finish Reduce
2024/03/04 22:44:51 Coordinator work
2024/03/04 22:44:51 Coordinator status 1
2024/03/04 22:44:51 Order 9 finish Reduce
2024/03/04 22:44:51 Coordinator work
2024/03/04 22:44:51 Coordinator status 1
2024/03/04 22:44:52 Coordinator work
2024/03/04 22:44:52 Coordinator status 1
2024/03/04 22:44:52 Order 11 finish Reduce
2024/03/04 22:44:52 Coordinator work
2024/03/04 22:44:52 Coordinator status 1
2024/03/04 22:44:52 Order 12 finish Reduce
2024/03/04 22:44:53 Coordinator work
2024/03/04 22:44:53 Coordinator status 1
2024/03/04 22:44:53 Order 13 finish Reduce
2024/03/04 22:44:53 Coordinator work
2024/03/04 22:44:53 Coordinator status 1
2024/03/04 22:44:54 Coordinator work
2024/03/04 22:44:54 Coordinator status 1
2024/03/04 22:44:54 Order 15 finish Reduce
2024/03/04 22:44:54 Order 10 finish Reduce
2024/03/04 22:44:55 Coordinator work
2024/03/04 22:44:55 Coordinator status 1
2024/03/04 22:44:55 Coordinator work
2024/03/04 22:44:55 Coordinator status 1
2024/03/04 22:44:55 Order 16 finish Reduce
2024/03/04 22:44:55 Order 17 finish Reduce
2024/03/04 22:44:56 Order 14 finish Reduce
2024/03/04 22:44:56 Coordinator work
2024/03/04 22:44:56 Coordinator status 1
2024/03/04 22:44:56 Map: 8 done vs. 0 working, Reduce 10 done vs. 0 working
2024/03/04 22:44:56 forward: forward to done phase
2024/03/04 22:44:56 Coordinator work
2024/03/04 22:44:56 Coordinator status 2
2024/03/04 22:44:57 Coordinator work
2024/03/04 22:44:57 Coordinator status 2
