2024/03/05 07:47:18 making map order &{0 [../pg-being_ernest.txt] 0 10}
2024/03/05 07:47:18 making map order &{0 [../pg-dorian_gray.txt] 1 10}
2024/03/05 07:47:18 making map order &{0 [../pg-frankenstein.txt] 2 10}
2024/03/05 07:47:18 making map order &{0 [../pg-grimm.txt] 3 10}
2024/03/05 07:47:18 making map order &{0 [../pg-huckleberry_finn.txt] 4 10}
2024/03/05 07:47:18 making map order &{0 [../pg-metamorphosis.txt] 5 10}
2024/03/05 07:47:18 making map order &{0 [../pg-sherlock_holmes.txt] 6 10}
2024/03/05 07:47:18 making map order &{0 [../pg-tom_sawyer.txt] 7 10}
2024/03/05 07:47:18 done with make map order
2024/03/05 07:47:18 Map: 0 done vs. 8 working, Reduce 0 done vs. 0 working
2024/03/05 07:47:19 Coordinator work
2024/03/05 07:47:19 Coordinator status 0
2024/03/05 07:47:19 Coordinator work
2024/03/05 07:47:19 Coordinator status 0
2024/03/05 07:47:19 Coordinator work
2024/03/05 07:47:19 Coordinator status 0
2024/03/05 07:47:19 Coordinator work
2024/03/05 07:47:19 Coordinator status 0
2024/03/05 07:47:20 Coordinator work
2024/03/05 07:47:20 Coordinator status 0
2024/03/05 07:47:20 Coordinator work
2024/03/05 07:47:20 Coordinator status 0
2024/03/05 07:47:20 IsDone &{0 2024-03-05 07:47:20.486285286 +0800 CST m=+2.087340087 0xc00008c6c0} true
2024/03/05 07:47:20 Order 5 finish Map
2024/03/05 07:47:21 Coordinator work
2024/03/05 07:47:21 Coordinator status 0
2024/03/05 07:47:21 IsDone &{0 2024-03-05 07:47:21.496664772 +0800 CST m=+3.097719579 0xc00008c750} true
2024/03/05 07:47:21 Order 6 finish Map
2024/03/05 07:47:21 Coordinator work
2024/03/05 07:47:21 Coordinator status 0
2024/03/05 07:47:21 IsDone &{0 2024-03-05 07:47:21.522782551 +0800 CST m=+3.123837358 0xc00008c7e0} true
2024/03/05 07:47:21 Order 7 finish Map
2024/03/05 07:47:22 Coordinator work
2024/03/05 07:47:22 Coordinator status 0
2024/03/05 07:47:22 Map: 3 done vs. 5 working, Reduce 0 done vs. 0 working
2024/03/05 07:47:22 Coordinator work
2024/03/05 07:47:22 Coordinator status 0
2024/03/05 07:47:22 Map: 3 done vs. 5 working, Reduce 0 done vs. 0 working
2024/03/05 07:47:24 Coordinator work
2024/03/05 07:47:24 Coordinator status 0
2024/03/05 07:47:24 Map: 3 done vs. 5 working, Reduce 0 done vs. 0 working
2024/03/05 07:47:24 Coordinator work
2024/03/05 07:47:24 Coordinator status 0
2024/03/05 07:47:24 Map: 3 done vs. 5 working, Reduce 0 done vs. 0 working
2024/03/05 07:47:26 Coordinator work
2024/03/05 07:47:26 Coordinator status 0
2024/03/05 07:47:26 Map: 3 done vs. 5 working, Reduce 0 done vs. 0 working
2024/03/05 07:47:26 Coordinator work
2024/03/05 07:47:26 Coordinator status 0
2024/03/05 07:47:26 Map: 3 done vs. 5 working, Reduce 0 done vs. 0 working
2024/03/05 07:47:27 IsDone &{0 2024-03-05 07:47:19.421894564 +0800 CST m=+1.022949369 0xc00008c480} true
2024/03/05 07:47:27 Order 1 finish Map
2024/03/05 07:47:28 Coordinator work
2024/03/05 07:47:28 Coordinator status 0
2024/03/05 07:47:28 Map: 4 done vs. 4 working, Reduce 0 done vs. 0 working
2024/03/05 07:47:28 Coordinator work
2024/03/05 07:47:28 Coordinator status 0
2024/03/05 07:47:28 Map: 4 done vs. 4 working, Reduce 0 done vs. 0 working
2024/03/05 07:47:28 Coordinator work
2024/03/05 07:47:28 Coordinator status 0
2024/03/05 07:47:28 Map: 4 done vs. 4 working, Reduce 0 done vs. 0 working
2024/03/05 07:47:30 Coordinator work
2024/03/05 07:47:30 Coordinator status 0
2024/03/05 07:47:30 Map: 4 done vs. 4 working, Reduce 0 done vs. 0 working
2024/03/05 07:47:30 Coordiantor restart Map order 2
2024/03/05 07:47:30 Coordiantor restart Map order 0
2024/03/05 07:47:30 Coordiantor restart Map order 3
2024/03/05 07:47:30 Coordinator work
2024/03/05 07:47:30 Coordinator status 0
2024/03/05 07:47:30 Coordinator work
2024/03/05 07:47:30 Coordinator status 0
2024/03/05 07:47:31 Coordiantor restart Map order 4
2024/03/05 07:47:31 Coordinator work
2024/03/05 07:47:31 Coordinator status 0
2024/03/05 07:47:31 IsDone &{0 2024-03-05 07:47:31.581231618 +0800 CST m=+13.182286419 0xc00008c5a0} true
2024/03/05 07:47:31 Order 3 finish Map
2024/03/05 07:47:32 Coordinator work
2024/03/05 07:47:32 Coordinator status 0
2024/03/05 07:47:32 Coordinator work
2024/03/05 07:47:32 Coordinator status 0
2024/03/05 07:47:32 Map: 5 done vs. 3 working, Reduce 0 done vs. 0 working
2024/03/05 07:47:33 Coordinator work
2024/03/05 07:47:33 Coordinator status 0
2024/03/05 07:47:33 Map: 5 done vs. 3 working, Reduce 0 done vs. 0 working
2024/03/05 07:47:34 Coordinator work
2024/03/05 07:47:34 Coordinator status 0
2024/03/05 07:47:34 Map: 5 done vs. 3 working, Reduce 0 done vs. 0 working
2024/03/05 07:47:34 IsDone &{0 2024-03-05 07:47:30.53627337 +0800 CST m=+12.137328174 0xc00008c510} true
2024/03/05 07:47:34 Order 2 finish Map
2024/03/05 07:47:35 Coordinator work
2024/03/05 07:47:35 Coordinator status 0
2024/03/05 07:47:35 Map: 6 done vs. 2 working, Reduce 0 done vs. 0 working
2024/03/05 07:47:35 Coordinator work
2024/03/05 07:47:35 Coordinator status 0
2024/03/05 07:47:35 Map: 6 done vs. 2 working, Reduce 0 done vs. 0 working
2024/03/05 07:47:36 Coordinator work
2024/03/05 07:47:36 Coordinator status 0
2024/03/05 07:47:36 Map: 6 done vs. 2 working, Reduce 0 done vs. 0 working
2024/03/05 07:47:37 Coordinator work
2024/03/05 07:47:37 Coordinator status 0
2024/03/05 07:47:37 Map: 6 done vs. 2 working, Reduce 0 done vs. 0 working
2024/03/05 07:47:37 Coordinator work
2024/03/05 07:47:37 Coordinator status 0
2024/03/05 07:47:37 Map: 6 done vs. 2 working, Reduce 0 done vs. 0 working
2024/03/05 07:47:38 Coordinator work
2024/03/05 07:47:38 Coordinator status 0
2024/03/05 07:47:38 Map: 6 done vs. 2 working, Reduce 0 done vs. 0 working
2024/03/05 07:47:39 Coordinator work
2024/03/05 07:47:39 Coordinator status 0
2024/03/05 07:47:39 Map: 6 done vs. 2 working, Reduce 0 done vs. 0 working
2024/03/05 07:47:39 Coordinator work
2024/03/05 07:47:39 Coordinator status 0
2024/03/05 07:47:39 Map: 6 done vs. 2 working, Reduce 0 done vs. 0 working
2024/03/05 07:47:40 Coordinator work
2024/03/05 07:47:40 Coordinator status 0
2024/03/05 07:47:40 Map: 6 done vs. 2 working, Reduce 0 done vs. 0 working
2024/03/05 07:47:41 Coordiantor restart Map order 0
2024/03/05 07:47:41 Coordinator work
2024/03/05 07:47:41 Coordinator status 0
2024/03/05 07:47:41 Coordinator work
2024/03/05 07:47:41 Coordinator status 0
2024/03/05 07:47:41 Map: 6 done vs. 2 working, Reduce 0 done vs. 0 working
2024/03/05 07:47:42 Coordiantor restart Map order 4
2024/03/05 07:47:42 Coordinator work
2024/03/05 07:47:42 Coordinator status 0
2024/03/05 07:47:43 Coordinator work
2024/03/05 07:47:43 Coordinator status 0
2024/03/05 07:47:43 Map: 6 done vs. 2 working, Reduce 0 done vs. 0 working
2024/03/05 07:47:44 IsDone &{0 2024-03-05 07:47:42.616560135 +0800 CST m=+24.217614942 0xc00008c630} true
2024/03/05 07:47:44 Order 4 finish Map
2024/03/05 07:47:45 Coordinator work
2024/03/05 07:47:45 Coordinator status 0
2024/03/05 07:47:45 Map: 7 done vs. 1 working, Reduce 0 done vs. 0 working
2024/03/05 07:47:45 Coordinator work
2024/03/05 07:47:45 Coordinator status 0
2024/03/05 07:47:45 Map: 7 done vs. 1 working, Reduce 0 done vs. 0 working
2024/03/05 07:47:47 Coordinator work
2024/03/05 07:47:47 Coordinator status 0
2024/03/05 07:47:47 Map: 7 done vs. 1 working, Reduce 0 done vs. 0 working
2024/03/05 07:47:48 Coordinator work
2024/03/05 07:47:48 Coordinator status 0
2024/03/05 07:47:48 Map: 7 done vs. 1 working, Reduce 0 done vs. 0 working
2024/03/05 07:47:49 IsDone &{0 2024-03-05 07:47:41.419177973 +0800 CST m=+23.020232775 0xc00008c3f0} true
2024/03/05 07:47:49 Order 0 finish Map
2024/03/05 07:47:49 Coordinator work
2024/03/05 07:47:49 Coordinator status 0
2024/03/05 07:47:49 Map: 8 done vs. 0 working, Reduce 0 done vs. 0 working
2024/03/05 07:47:49 forward: forward to Reuce Phase
2024/03/05 07:47:49 making reduce order : 8
2024/03/05 07:47:49 making reduce order : 9
2024/03/05 07:47:49 making reduce order : 10
2024/03/05 07:47:49 making reduce order : 11
2024/03/05 07:47:49 making reduce order : 12
2024/03/05 07:47:49 making reduce order : 13
2024/03/05 07:47:49 making reduce order : 14
2024/03/05 07:47:49 making reduce order : 15
2024/03/05 07:47:49 making reduce order : 16
2024/03/05 07:47:49 making reduce order : 17
2024/03/05 07:47:49 done with make reduce order
2024/03/05 07:47:49 Map: 8 done vs. 0 working, Reduce 0 done vs. 10 working
2024/03/05 07:47:50 Coordinator work
2024/03/05 07:47:50 Coordinator status 1
2024/03/05 07:47:50 Coordinator work
2024/03/05 07:47:50 Coordinator status 1
2024/03/05 07:47:50 Order 9 finish Reduce
2024/03/05 07:47:51 Coordinator work
2024/03/05 07:47:51 Coordinator status 1
2024/03/05 07:47:51 Coordinator work
2024/03/05 07:47:51 Coordinator status 1
2024/03/05 07:47:51 Order 11 finish Reduce
2024/03/05 07:47:52 Coordinator work
2024/03/05 07:47:52 Coordinator status 1
2024/03/05 07:47:52 Order 12 finish Reduce
2024/03/05 07:47:53 Coordinator work
2024/03/05 07:47:53 Coordinator status 1
2024/03/05 07:47:54 Coordinator work
2024/03/05 07:47:54 Coordinator status 1
2024/03/05 07:47:54 Order 14 finish Reduce
2024/03/05 07:47:55 Coordinator work
2024/03/05 07:47:55 Coordinator status 1
2024/03/05 07:47:55 Order 15 finish Reduce
2024/03/05 07:47:56 Coordinator work
2024/03/05 07:47:56 Coordinator status 1
2024/03/05 07:47:56 Order 16 finish Reduce
2024/03/05 07:47:57 Coordinator work
2024/03/05 07:47:57 Coordinator status 1
2024/03/05 07:47:58 Order 10 finish Reduce
2024/03/05 07:47:58 Order 8 finish Reduce
2024/03/05 07:47:59 Coordinator work
2024/03/05 07:47:59 Coordinator status 1
2024/03/05 07:47:59 Map: 8 done vs. 0 working, Reduce 8 done vs. 2 working
2024/03/05 07:47:59 Coordinator work
2024/03/05 07:47:59 Coordinator status 1
2024/03/05 07:47:59 Map: 8 done vs. 0 working, Reduce 8 done vs. 2 working
2024/03/05 07:48:01 Coordinator work
2024/03/05 07:48:01 Coordinator status 1
2024/03/05 07:48:01 Map: 8 done vs. 0 working, Reduce 8 done vs. 2 working
2024/03/05 07:48:01 Coordinator work
2024/03/05 07:48:01 Coordinator status 1
2024/03/05 07:48:01 Map: 8 done vs. 0 working, Reduce 8 done vs. 2 working
2024/03/05 07:48:02 Order 17 finish Reduce
2024/03/05 07:48:03 Coordinator work
2024/03/05 07:48:03 Coordinator status 1
2024/03/05 07:48:03 Map: 8 done vs. 0 working, Reduce 9 done vs. 1 working
2024/03/05 07:48:03 Coordinator work
2024/03/05 07:48:03 Coordinator status 1
2024/03/05 07:48:03 Map: 8 done vs. 0 working, Reduce 9 done vs. 1 working
2024/03/05 07:48:03 Coordinator work
2024/03/05 07:48:03 Coordinator status 1
2024/03/05 07:48:03 Map: 8 done vs. 0 working, Reduce 9 done vs. 1 working
2024/03/05 07:48:04 Coordiantor restart Reduce order 13
2024/03/05 07:48:05 Coordinator work
2024/03/05 07:48:05 Coordinator status 1
2024/03/05 07:48:05 Coordinator work
2024/03/05 07:48:05 Coordinator status 1
2024/03/05 07:48:05 Map: 8 done vs. 0 working, Reduce 9 done vs. 1 working
2024/03/05 07:48:05 Coordinator work
2024/03/05 07:48:05 Coordinator status 1
2024/03/05 07:48:05 Map: 8 done vs. 0 working, Reduce 9 done vs. 1 working
2024/03/05 07:48:06 Order 13 finish Reduce
2024/03/05 07:48:07 Coordinator work
2024/03/05 07:48:07 Coordinator status 1
2024/03/05 07:48:07 Map: 8 done vs. 0 working, Reduce 10 done vs. 0 working
2024/03/05 07:48:07 forward: forward to done phase
2024/03/05 07:48:07 Coordinator work
2024/03/05 07:48:07 Coordinator status 2
2024/03/05 07:48:07 Coordinator work
2024/03/05 07:48:07 Coordinator status 2
