2024/03/05 09:29:20 making map order &{0 [../pg-being_ernest.txt] 0 10}
2024/03/05 09:29:20 making map order &{0 [../pg-dorian_gray.txt] 1 10}
2024/03/05 09:29:20 making map order &{0 [../pg-frankenstein.txt] 2 10}
2024/03/05 09:29:20 making map order &{0 [../pg-grimm.txt] 3 10}
2024/03/05 09:29:20 making map order &{0 [../pg-huckleberry_finn.txt] 4 10}
2024/03/05 09:29:20 making map order &{0 [../pg-metamorphosis.txt] 5 10}
2024/03/05 09:29:20 making map order &{0 [../pg-sherlock_holmes.txt] 6 10}
2024/03/05 09:29:20 making map order &{0 [../pg-tom_sawyer.txt] 7 10}
2024/03/05 09:29:20 done with make map order
2024/03/05 09:29:20 Map: 0 done vs. 8 working, Reduce 0 done vs. 0 working
2024/03/05 09:29:21 Coordinator work
2024/03/05 09:29:21 Coordinator status 0
2024/03/05 09:29:21 Coordinator work
2024/03/05 09:29:21 Coordinator status 0
2024/03/05 09:29:22 IsDone &{0 2024-03-05 09:29:21.34250098 +0800 CST m=+1.017596314 0xc000074420} true
2024/03/05 09:29:22 Order 0 finish Map
2024/03/05 09:29:22 IsDone &{0 2024-03-05 09:29:21.349726155 +0800 CST m=+1.024821495 0xc0000744b0} true
2024/03/05 09:29:22 Order 1 finish Map
2024/03/05 09:29:23 Coordinator work
2024/03/05 09:29:23 Coordinator status 0
2024/03/05 09:29:23 Coordinator work
2024/03/05 09:29:23 Coordinator status 0
2024/03/05 09:29:24 IsDone &{0 2024-03-05 09:29:23.354795652 +0800 CST m=+3.029890991 0xc000074540} true
2024/03/05 09:29:24 Order 2 finish Map
2024/03/05 09:29:24 IsDone &{0 2024-03-05 09:29:23.367897198 +0800 CST m=+3.042992531 0xc0000745d0} true
2024/03/05 09:29:24 Order 3 finish Map
2024/03/05 09:29:25 Coordinator work
2024/03/05 09:29:25 Coordinator status 0
2024/03/05 09:29:25 Coordinator work
2024/03/05 09:29:25 Coordinator status 0
2024/03/05 09:29:26 IsDone &{0 2024-03-05 09:29:25.375432516 +0800 CST m=+5.050527856 0xc000074660} true
2024/03/05 09:29:26 Order 4 finish Map
2024/03/05 09:29:26 IsDone &{0 2024-03-05 09:29:25.387526687 +0800 CST m=+5.062622028 0xc0000746f0} true
2024/03/05 09:29:26 Order 5 finish Map
2024/03/05 09:29:27 Coordinator work
2024/03/05 09:29:27 Coordinator status 0
2024/03/05 09:29:27 Coordinator work
2024/03/05 09:29:27 Coordinator status 0
2024/03/05 09:29:28 IsDone &{0 2024-03-05 09:29:27.401817474 +0800 CST m=+7.076912811 0xc000074810} true
2024/03/05 09:29:28 Order 7 finish Map
2024/03/05 09:29:28 IsDone &{0 2024-03-05 09:29:27.396135741 +0800 CST m=+7.071231078 0xc000074780} true
2024/03/05 09:29:28 Order 6 finish Map
2024/03/05 09:29:29 Coordinator work
2024/03/05 09:29:29 Coordinator status 0
2024/03/05 09:29:29 Map: 8 done vs. 0 working, Reduce 0 done vs. 0 working
2024/03/05 09:29:29 forward: forward to Reuce Phase
2024/03/05 09:29:29 making reduce order : 8
2024/03/05 09:29:29 making reduce order : 9
2024/03/05 09:29:29 making reduce order : 10
2024/03/05 09:29:29 making reduce order : 11
2024/03/05 09:29:29 making reduce order : 12
2024/03/05 09:29:29 making reduce order : 13
2024/03/05 09:29:29 making reduce order : 14
2024/03/05 09:29:29 making reduce order : 15
2024/03/05 09:29:29 making reduce order : 16
2024/03/05 09:29:29 making reduce order : 17
2024/03/05 09:29:29 done with make reduce order
2024/03/05 09:29:29 Map: 8 done vs. 0 working, Reduce 0 done vs. 10 working
2024/03/05 09:29:29 Coordinator work
2024/03/05 09:29:29 Coordinator status 1
2024/03/05 09:29:29 Order 8 finish Reduce
2024/03/05 09:29:30 Coordinator work
2024/03/05 09:29:30 Coordinator status 1
2024/03/05 09:29:30 Order 9 finish Reduce
2024/03/05 09:29:31 Coordinator work
2024/03/05 09:29:31 Coordinator status 1
2024/03/05 09:29:31 Order 10 finish Reduce
2024/03/05 09:29:31 Coordinator work
2024/03/05 09:29:31 Coordinator status 1
2024/03/05 09:29:31 Order 11 finish Reduce
2024/03/05 09:29:32 Coordinator work
2024/03/05 09:29:32 Coordinator status 1
2024/03/05 09:29:32 Order 12 finish Reduce
2024/03/05 09:29:32 Coordinator work
2024/03/05 09:29:32 Coordinator status 1
2024/03/05 09:29:32 Order 13 finish Reduce
2024/03/05 09:29:33 Coordinator work
2024/03/05 09:29:33 Coordinator status 1
2024/03/05 09:29:33 Order 14 finish Reduce
2024/03/05 09:29:33 Coordinator work
2024/03/05 09:29:33 Coordinator status 1
2024/03/05 09:29:33 Order 15 finish Reduce
2024/03/05 09:29:34 Coordinator work
2024/03/05 09:29:34 Coordinator status 1
2024/03/05 09:29:34 Order 16 finish Reduce
2024/03/05 09:29:34 Coordinator work
2024/03/05 09:29:34 Coordinator status 1
2024/03/05 09:29:34 Order 17 finish Reduce
2024/03/05 09:29:35 Coordinator work
2024/03/05 09:29:35 Coordinator status 1
2024/03/05 09:29:35 Map: 8 done vs. 0 working, Reduce 10 done vs. 0 working
2024/03/05 09:29:35 forward: forward to done phase
2024/03/05 09:29:35 Coordinator work
2024/03/05 09:29:35 Coordinator status 2
