2024/03/05 04:35:40 making map order &{0 [../pg-being_ernest.txt] 0 10}
2024/03/05 04:35:40 making map order &{0 [../pg-dorian_gray.txt] 1 10}
2024/03/05 04:35:40 making map order &{0 [../pg-frankenstein.txt] 2 10}
2024/03/05 04:35:40 making map order &{0 [../pg-grimm.txt] 3 10}
2024/03/05 04:35:40 making map order &{0 [../pg-huckleberry_finn.txt] 4 10}
2024/03/05 04:35:40 making map order &{0 [../pg-metamorphosis.txt] 5 10}
2024/03/05 04:35:40 making map order &{0 [../pg-sherlock_holmes.txt] 6 10}
2024/03/05 04:35:40 making map order &{0 [../pg-tom_sawyer.txt] 7 10}
2024/03/05 04:35:40 done with make map order
2024/03/05 04:35:40 Map: 0 done vs. 8 working, Reduce 0 done vs. 0 working
2024/03/05 04:35:41 Coordinator work
2024/03/05 04:35:41 Coordinator status 0
2024/03/05 04:35:41 Coordinator work
2024/03/05 04:35:41 Coordinator status 0
2024/03/05 04:35:42 IsDone &{0 2024-03-05 04:35:41.402362215 +0800 CST m=+1.018748150 0xc00009de00} true
2024/03/05 04:35:42 Order 0 finish Map
2024/03/05 04:35:42 IsDone &{0 2024-03-05 04:35:41.406748305 +0800 CST m=+1.023134234 0xc00009de90} true
2024/03/05 04:35:42 Order 1 finish Map
2024/03/05 04:35:43 Coordinator work
2024/03/05 04:35:43 Coordinator status 0
2024/03/05 04:35:43 Coordinator work
2024/03/05 04:35:43 Coordinator status 0
2024/03/05 04:35:44 IsDone &{0 2024-03-05 04:35:43.415301373 +0800 CST m=+3.031687312 0xc00009df20} true
2024/03/05 04:35:44 Order 2 finish Map
2024/03/05 04:35:44 IsDone &{0 2024-03-05 04:35:43.4244108 +0800 CST m=+3.040796735 0xc00009dfb0} true
2024/03/05 04:35:44 Order 3 finish Map
2024/03/05 04:35:45 Coordinator work
2024/03/05 04:35:45 Coordinator status 0
2024/03/05 04:35:45 Coordinator work
2024/03/05 04:35:45 Coordinator status 0
2024/03/05 04:35:46 IsDone &{0 2024-03-05 04:35:45.450268645 +0800 CST m=+5.066654576 0xc0001180f0} true
2024/03/05 04:35:46 Order 5 finish Map
2024/03/05 04:35:46 IsDone &{0 2024-03-05 04:35:45.440696934 +0800 CST m=+5.057082869 0xc000118060} true
2024/03/05 04:35:46 Order 4 finish Map
2024/03/05 04:35:47 Coordinator work
2024/03/05 04:35:47 Coordinator status 0
2024/03/05 04:35:47 Coordinator work
2024/03/05 04:35:47 Coordinator status 0
2024/03/05 04:35:48 IsDone &{0 2024-03-05 04:35:47.459722324 +0800 CST m=+7.076108261 0xc000118180} true
2024/03/05 04:35:48 Order 6 finish Map
2024/03/05 04:35:48 IsDone &{0 2024-03-05 04:35:47.467390277 +0800 CST m=+7.083776224 0xc000118210} true
2024/03/05 04:35:48 Order 7 finish Map
2024/03/05 04:35:49 Coordinator work
2024/03/05 04:35:49 Coordinator status 0
2024/03/05 04:35:49 Map: 8 done vs. 0 working, Reduce 0 done vs. 0 working
2024/03/05 04:35:49 forward: forward to Reuce Phase
2024/03/05 04:35:49 making reduce order : 8
2024/03/05 04:35:49 making reduce order : 9
2024/03/05 04:35:49 making reduce order : 10
2024/03/05 04:35:49 making reduce order : 11
2024/03/05 04:35:49 making reduce order : 12
2024/03/05 04:35:49 making reduce order : 13
2024/03/05 04:35:49 making reduce order : 14
2024/03/05 04:35:49 making reduce order : 15
2024/03/05 04:35:49 making reduce order : 16
2024/03/05 04:35:49 making reduce order : 17
2024/03/05 04:35:49 done with make reduce order
2024/03/05 04:35:49 Map: 8 done vs. 0 working, Reduce 0 done vs. 10 working
2024/03/05 04:35:49 Coordinator work
2024/03/05 04:35:49 Coordinator status 1
2024/03/05 04:35:49 Order 8 finish Reduce
2024/03/05 04:35:50 Coordinator work
2024/03/05 04:35:50 Coordinator status 1
2024/03/05 04:35:50 Order 9 finish Reduce
2024/03/05 04:35:51 Coordinator work
2024/03/05 04:35:51 Coordinator status 1
2024/03/05 04:35:51 Order 10 finish Reduce
2024/03/05 04:35:51 Coordinator work
2024/03/05 04:35:51 Coordinator status 1
2024/03/05 04:35:51 Order 11 finish Reduce
2024/03/05 04:35:52 Coordinator work
2024/03/05 04:35:52 Coordinator status 1
2024/03/05 04:35:52 Order 12 finish Reduce
2024/03/05 04:35:52 Coordinator work
2024/03/05 04:35:52 Coordinator status 1
2024/03/05 04:35:52 Order 13 finish Reduce
2024/03/05 04:35:53 Coordinator work
2024/03/05 04:35:53 Coordinator status 1
2024/03/05 04:35:53 Order 14 finish Reduce
2024/03/05 04:35:53 Coordinator work
2024/03/05 04:35:53 Coordinator status 1
2024/03/05 04:35:53 Order 15 finish Reduce
2024/03/05 04:35:54 Coordinator work
2024/03/05 04:35:54 Coordinator status 1
2024/03/05 04:35:54 Order 16 finish Reduce
2024/03/05 04:35:54 Coordinator work
2024/03/05 04:35:54 Coordinator status 1
2024/03/05 04:35:54 Order 17 finish Reduce
2024/03/05 04:35:55 Coordinator work
2024/03/05 04:35:55 Coordinator status 1
2024/03/05 04:35:55 Map: 8 done vs. 0 working, Reduce 10 done vs. 0 working
2024/03/05 04:35:55 forward: forward to done phase
2024/03/05 04:35:55 Coordinator work
2024/03/05 04:35:55 Coordinator status 2
