2024/03/04 22:00:45 making map order &{0 [../pg-being_ernest.txt] 0 10}
2024/03/04 22:00:45 making map order &{0 [../pg-dorian_gray.txt] 1 10}
2024/03/04 22:00:45 making map order &{0 [../pg-frankenstein.txt] 2 10}
2024/03/04 22:00:45 making map order &{0 [../pg-grimm.txt] 3 10}
2024/03/04 22:00:45 making map order &{0 [../pg-huckleberry_finn.txt] 4 10}
2024/03/04 22:00:45 making map order &{0 [../pg-metamorphosis.txt] 5 10}
2024/03/04 22:00:45 making map order &{0 [../pg-sherlock_holmes.txt] 6 10}
2024/03/04 22:00:45 making map order &{0 [../pg-tom_sawyer.txt] 7 10}
2024/03/04 22:00:45 done with make map order
2024/03/04 22:00:45 Map: 0 done vs. 8 working, Reduce 0 done vs. 0 working
2024/03/04 22:00:46 Coordinator work
2024/03/04 22:00:46 Coordinator status 0
2024/03/04 22:00:46 Coordinator work
2024/03/04 22:00:46 Coordinator status 0
2024/03/04 22:00:46 Coordinator work
2024/03/04 22:00:46 Coordinator status 0
2024/03/04 22:00:47 IsDone &{0 2024-03-04 22:00:46.573828915 +0800 CST m=+1.020410085 0xc0000a3f50} true
2024/03/04 22:00:47 Order 0 finish Map
2024/03/04 22:00:47 IsDone &{0 2024-03-04 22:00:46.581344597 +0800 CST m=+1.027925766 0xc00011c090} true
2024/03/04 22:00:47 Order 2 finish Map
2024/03/04 22:00:48 Coordinator work
2024/03/04 22:00:48 Coordinator status 0
2024/03/04 22:00:48 IsDone &{0 2024-03-04 22:00:46.575398663 +0800 CST m=+1.021979832 0xc00011c000} true
2024/03/04 22:00:48 Order 1 finish Map
2024/03/04 22:00:49 Coordinator work
2024/03/04 22:00:49 Coordinator status 0
2024/03/04 22:00:49 Coordinator work
2024/03/04 22:00:49 Coordinator status 0
2024/03/04 22:00:49 IsDone &{0 2024-03-04 22:00:49.432132696 +0800 CST m=+3.878713869 0xc00011c240} true
2024/03/04 22:00:49 Order 5 finish Map
2024/03/04 22:00:49 IsDone &{0 2024-03-04 22:00:48.263944069 +0800 CST m=+2.710525242 0xc00011c120} true
2024/03/04 22:00:49 Order 3 finish Map
2024/03/04 22:00:50 Coordinator work
2024/03/04 22:00:50 Coordinator status 0
2024/03/04 22:00:50 IsDone &{0 2024-03-04 22:00:49.00819926 +0800 CST m=+3.454780427 0xc00011c1b0} true
2024/03/04 22:00:50 Order 4 finish Map
2024/03/04 22:00:50 Coordinator work
2024/03/04 22:00:50 Coordinator status 0
2024/03/04 22:00:51 Coordinator work
2024/03/04 22:00:51 Coordinator status 0
2024/03/04 22:00:51 Map: 6 done vs. 2 working, Reduce 0 done vs. 0 working
2024/03/04 22:00:52 IsDone &{0 2024-03-04 22:00:50.981066216 +0800 CST m=+5.427647388 0xc00011c360} true
2024/03/04 22:00:52 Order 7 finish Map
2024/03/04 22:00:52 IsDone &{0 2024-03-04 22:00:50.923456955 +0800 CST m=+5.370038125 0xc00011c2d0} true
2024/03/04 22:00:52 Order 6 finish Map
2024/03/04 22:00:53 Coordinator work
2024/03/04 22:00:53 Coordinator status 0
2024/03/04 22:00:53 Map: 8 done vs. 0 working, Reduce 0 done vs. 0 working
2024/03/04 22:00:53 forward: forward to Reuce Phase
2024/03/04 22:00:53 making reduce order : 8
2024/03/04 22:00:53 making reduce order : 9
2024/03/04 22:00:53 making reduce order : 10
2024/03/04 22:00:53 making reduce order : 11
2024/03/04 22:00:53 making reduce order : 12
2024/03/04 22:00:53 making reduce order : 13
2024/03/04 22:00:53 making reduce order : 14
2024/03/04 22:00:53 making reduce order : 15
2024/03/04 22:00:53 making reduce order : 16
2024/03/04 22:00:53 making reduce order : 17
2024/03/04 22:00:53 done with make reduce order
2024/03/04 22:00:53 Map: 8 done vs. 0 working, Reduce 0 done vs. 10 working
2024/03/04 22:00:53 Coordinator work
2024/03/04 22:00:53 Coordinator status 1
2024/03/04 22:00:53 Coordinator work
2024/03/04 22:00:53 Coordinator status 1
2024/03/04 22:00:54 Order 8 finish Reduce
2024/03/04 22:00:54 Order 9 finish Reduce
2024/03/04 22:00:55 Coordinator work
2024/03/04 22:00:55 Coordinator status 1
2024/03/04 22:00:55 Coordinator work
2024/03/04 22:00:55 Coordinator status 1
2024/03/04 22:00:55 Coordinator work
2024/03/04 22:00:55 Coordinator status 1
2024/03/04 22:00:56 Order 11 finish Reduce
2024/03/04 22:00:56 Order 12 finish Reduce
2024/03/04 22:00:56 Order 10 finish Reduce
2024/03/04 22:00:57 Coordinator work
2024/03/04 22:00:57 Coordinator status 1
2024/03/04 22:00:57 Coordinator work
2024/03/04 22:00:57 Coordinator status 1
2024/03/04 22:00:57 Coordinator work
2024/03/04 22:00:57 Coordinator status 1
2024/03/04 22:00:58 Order 13 finish Reduce
2024/03/04 22:00:58 Order 15 finish Reduce
2024/03/04 22:00:59 Coordinator work
2024/03/04 22:00:59 Coordinator status 1
2024/03/04 22:00:59 Order 14 finish Reduce
2024/03/04 22:00:59 Coordinator work
2024/03/04 22:00:59 Coordinator status 1
2024/03/04 22:00:59 Order 16 finish Reduce
2024/03/04 22:01:00 Coordinator work
2024/03/04 22:01:00 Coordinator status 1
2024/03/04 22:01:00 Map: 8 done vs. 0 working, Reduce 9 done vs. 1 working
2024/03/04 22:01:00 Order 17 finish Reduce
2024/03/04 22:01:00 Coordinator work
2024/03/04 22:01:00 Coordinator status 1
2024/03/04 22:01:00 Map: 8 done vs. 0 working, Reduce 10 done vs. 0 working
2024/03/04 22:01:00 forward: forward to done phase
2024/03/04 22:01:01 Coordinator work
2024/03/04 22:01:01 Coordinator status 2
2024/03/04 22:01:02 Coordinator work
2024/03/04 22:01:02 Coordinator status 2
