2024/03/05 13:03:19 making map order &{0 [../pg-being_ernest.txt] 0 10}
2024/03/05 13:03:19 making map order &{0 [../pg-dorian_gray.txt] 1 10}
2024/03/05 13:03:19 making map order &{0 [../pg-frankenstein.txt] 2 10}
2024/03/05 13:03:19 making map order &{0 [../pg-grimm.txt] 3 10}
2024/03/05 13:03:19 making map order &{0 [../pg-huckleberry_finn.txt] 4 10}
2024/03/05 13:03:19 making map order &{0 [../pg-metamorphosis.txt] 5 10}
2024/03/05 13:03:19 making map order &{0 [../pg-sherlock_holmes.txt] 6 10}
2024/03/05 13:03:19 making map order &{0 [../pg-tom_sawyer.txt] 7 10}
2024/03/05 13:03:19 done with make map order
2024/03/05 13:03:19 Map: 0 done vs. 8 working, Reduce 0 done vs. 0 working
2024/03/05 13:03:20 Coordinator work
2024/03/05 13:03:20 Coordinator status 0
2024/03/05 13:03:20 Coordinator work
2024/03/05 13:03:20 Coordinator status 0
2024/03/05 13:03:20 Coordinator work
2024/03/05 13:03:20 Coordinator status 0
2024/03/05 13:03:20 IsDone &{0 2024-03-05 13:03:20.433746792 +0800 CST m=+1.049952757 0xc00007c210} true
2024/03/05 13:03:20 Order 0 finish Map
2024/03/05 13:03:20 IsDone &{0 2024-03-05 13:03:20.437543959 +0800 CST m=+1.053749911 0xc00007c2a0} true
2024/03/05 13:03:20 Order 1 finish Map
2024/03/05 13:03:20 IsDone &{0 2024-03-05 13:03:20.438981713 +0800 CST m=+1.055187667 0xc00007c330} true
2024/03/05 13:03:20 Order 2 finish Map
2024/03/05 13:03:21 Coordinator work
2024/03/05 13:03:21 Coordinator status 0
2024/03/05 13:03:21 Coordinator work
2024/03/05 13:03:21 Coordinator status 0
2024/03/05 13:03:21 Coordinator work
2024/03/05 13:03:21 Coordinator status 0
2024/03/05 13:03:21 IsDone &{0 2024-03-05 13:03:21.458520392 +0800 CST m=+2.074726348 0xc00007c3c0} true
2024/03/05 13:03:21 Order 3 finish Map
2024/03/05 13:03:21 IsDone &{0 2024-03-05 13:03:21.463548027 +0800 CST m=+2.079753993 0xc00007c4e0} true
2024/03/05 13:03:21 Order 5 finish Map
2024/03/05 13:03:21 IsDone &{0 2024-03-05 13:03:21.463324531 +0800 CST m=+2.079530483 0xc00007c450} true
2024/03/05 13:03:21 Order 4 finish Map
2024/03/05 13:03:22 Coordinator work
2024/03/05 13:03:22 Coordinator status 0
2024/03/05 13:03:22 Coordinator work
2024/03/05 13:03:22 Coordinator status 0
2024/03/05 13:03:22 Coordinator work
2024/03/05 13:03:22 Coordinator status 0
2024/03/05 13:03:22 Map: 6 done vs. 2 working, Reduce 0 done vs. 0 working
2024/03/05 13:03:22 IsDone &{0 2024-03-05 13:03:22.485443081 +0800 CST m=+3.101649043 0xc00007c600} true
2024/03/05 13:03:22 Order 7 finish Map
2024/03/05 13:03:22 IsDone &{0 2024-03-05 13:03:22.480718207 +0800 CST m=+3.096924161 0xc00007c570} true
2024/03/05 13:03:22 Order 6 finish Map
2024/03/05 13:03:23 Coordinator work
2024/03/05 13:03:23 Coordinator status 0
2024/03/05 13:03:23 Map: 8 done vs. 0 working, Reduce 0 done vs. 0 working
2024/03/05 13:03:23 forward: forward to Reuce Phase
2024/03/05 13:03:23 making reduce order : 8
2024/03/05 13:03:23 making reduce order : 9
2024/03/05 13:03:23 making reduce order : 10
2024/03/05 13:03:23 making reduce order : 11
2024/03/05 13:03:23 making reduce order : 12
2024/03/05 13:03:23 making reduce order : 13
2024/03/05 13:03:23 making reduce order : 14
2024/03/05 13:03:23 making reduce order : 15
2024/03/05 13:03:23 making reduce order : 16
2024/03/05 13:03:23 making reduce order : 17
2024/03/05 13:03:23 done with make reduce order
2024/03/05 13:03:23 Map: 8 done vs. 0 working, Reduce 0 done vs. 10 working
2024/03/05 13:03:23 Coordinator work
2024/03/05 13:03:23 Coordinator status 1
2024/03/05 13:03:23 Order 8 finish Reduce
2024/03/05 13:03:24 Coordinator work
2024/03/05 13:03:24 Coordinator status 1
2024/03/05 13:03:24 Order 9 finish Reduce
2024/03/05 13:03:24 Coordinator work
2024/03/05 13:03:24 Coordinator status 1
2024/03/05 13:03:25 Coordinator work
2024/03/05 13:03:25 Coordinator status 1
2024/03/05 13:03:25 Order 11 finish Reduce
2024/03/05 13:03:25 Coordinator work
2024/03/05 13:03:25 Coordinator status 1
2024/03/05 13:03:25 Order 12 finish Reduce
2024/03/05 13:03:26 Coordinator work
2024/03/05 13:03:26 Coordinator status 1
2024/03/05 13:03:26 Order 13 finish Reduce
2024/03/05 13:03:26 Coordinator work
2024/03/05 13:03:26 Coordinator status 1
2024/03/05 13:03:27 Coordinator work
2024/03/05 13:03:27 Coordinator status 1
2024/03/05 13:03:27 Order 15 finish Reduce
2024/03/05 13:03:27 Order 10 finish Reduce
2024/03/05 13:03:28 Coordinator work
2024/03/05 13:03:28 Coordinator status 1
2024/03/05 13:03:28 Order 16 finish Reduce
2024/03/05 13:03:28 Coordinator work
2024/03/05 13:03:28 Coordinator status 1
2024/03/05 13:03:28 Order 17 finish Reduce
2024/03/05 13:03:29 Coordinator work
2024/03/05 13:03:29 Coordinator status 1
2024/03/05 13:03:29 Map: 8 done vs. 0 working, Reduce 9 done vs. 1 working
2024/03/05 13:03:29 Order 14 finish Reduce
2024/03/05 13:03:29 Coordinator work
2024/03/05 13:03:29 Coordinator status 1
2024/03/05 13:03:29 Map: 8 done vs. 0 working, Reduce 10 done vs. 0 working
2024/03/05 13:03:29 forward: forward to done phase
2024/03/05 13:03:30 Coordinator work
2024/03/05 13:03:30 Coordinator status 2
