2024/03/05 10:18:04 making map order &{0 [../pg-being_ernest.txt] 0 10}
2024/03/05 10:18:04 making map order &{0 [../pg-dorian_gray.txt] 1 10}
2024/03/05 10:18:04 making map order &{0 [../pg-frankenstein.txt] 2 10}
2024/03/05 10:18:04 making map order &{0 [../pg-grimm.txt] 3 10}
2024/03/05 10:18:04 making map order &{0 [../pg-huckleberry_finn.txt] 4 10}
2024/03/05 10:18:04 making map order &{0 [../pg-metamorphosis.txt] 5 10}
2024/03/05 10:18:04 making map order &{0 [../pg-sherlock_holmes.txt] 6 10}
2024/03/05 10:18:04 making map order &{0 [../pg-tom_sawyer.txt] 7 10}
2024/03/05 10:18:04 done with make map order
2024/03/05 10:18:04 Map: 0 done vs. 8 working, Reduce 0 done vs. 0 working
2024/03/05 10:18:05 Coordinator work
2024/03/05 10:18:05 Coordinator status 0
2024/03/05 10:18:05 Coordinator work
2024/03/05 10:18:05 Coordinator status 0
2024/03/05 10:18:05 Coordinator work
2024/03/05 10:18:05 Coordinator status 0
2024/03/05 10:18:05 Coordinator work
2024/03/05 10:18:05 Coordinator status 0
2024/03/05 10:18:05 IsDone &{0 2024-03-05 10:18:05.811923756 +0800 CST m=+1.049406286 0xc00011c060} true
2024/03/05 10:18:05 Order 2 finish Map
2024/03/05 10:18:06 Coordinator work
2024/03/05 10:18:06 Coordinator status 0
2024/03/05 10:18:06 Coordinator work
2024/03/05 10:18:06 Coordinator status 0
2024/03/05 10:18:06 IsDone &{0 2024-03-05 10:18:06.824723127 +0800 CST m=+2.062205662 0xc00011c180} true
2024/03/05 10:18:06 Order 4 finish Map
2024/03/05 10:18:06 Coordinator work
2024/03/05 10:18:06 Coordinator status 0
2024/03/05 10:18:07 Coordinator work
2024/03/05 10:18:07 Coordinator status 0
2024/03/05 10:18:07 Coordinator work
2024/03/05 10:18:07 Coordinator status 0
2024/03/05 10:18:07 Map: 2 done vs. 6 working, Reduce 0 done vs. 0 working
2024/03/05 10:18:07 IsDone &{0 2024-03-05 10:18:07.860997927 +0800 CST m=+3.098480463 0xc00011c330} true
2024/03/05 10:18:07 Order 7 finish Map
2024/03/05 10:18:08 Coordinator work
2024/03/05 10:18:08 Coordinator status 0
2024/03/05 10:18:08 Map: 3 done vs. 5 working, Reduce 0 done vs. 0 working
2024/03/05 10:18:09 IsDone &{0 2024-03-05 10:18:06.863091338 +0800 CST m=+2.100573872 0xc00011c2a0} true
2024/03/05 10:18:09 Order 6 finish Map
2024/03/05 10:18:09 Coordinator work
2024/03/05 10:18:09 Coordinator status 0
2024/03/05 10:18:09 Map: 4 done vs. 4 working, Reduce 0 done vs. 0 working
2024/03/05 10:18:10 Coordinator work
2024/03/05 10:18:10 Coordinator status 0
2024/03/05 10:18:10 Map: 4 done vs. 4 working, Reduce 0 done vs. 0 working
2024/03/05 10:18:10 Coordinator work
2024/03/05 10:18:10 Coordinator status 0
2024/03/05 10:18:10 Map: 4 done vs. 4 working, Reduce 0 done vs. 0 working
2024/03/05 10:18:11 Coordinator work
2024/03/05 10:18:11 Coordinator status 0
2024/03/05 10:18:11 Map: 4 done vs. 4 working, Reduce 0 done vs. 0 working
2024/03/05 10:18:12 Coordinator work
2024/03/05 10:18:12 Coordinator status 0
2024/03/05 10:18:12 Map: 4 done vs. 4 working, Reduce 0 done vs. 0 working
2024/03/05 10:18:12 Coordinator work
2024/03/05 10:18:12 Coordinator status 0
2024/03/05 10:18:12 Map: 4 done vs. 4 working, Reduce 0 done vs. 0 working
2024/03/05 10:18:13 Coordinator work
2024/03/05 10:18:13 Coordinator status 0
2024/03/05 10:18:13 Map: 4 done vs. 4 working, Reduce 0 done vs. 0 working
2024/03/05 10:18:14 Coordinator work
2024/03/05 10:18:14 Coordinator status 0
2024/03/05 10:18:14 Map: 4 done vs. 4 working, Reduce 0 done vs. 0 working
2024/03/05 10:18:14 Coordinator work
2024/03/05 10:18:14 Coordinator status 0
2024/03/05 10:18:14 Map: 4 done vs. 4 working, Reduce 0 done vs. 0 working
2024/03/05 10:18:15 Coordinator work
2024/03/05 10:18:15 Coordinator status 0
2024/03/05 10:18:15 Map: 4 done vs. 4 working, Reduce 0 done vs. 0 working
2024/03/05 10:18:16 Coordinator work
2024/03/05 10:18:16 Coordinator status 0
2024/03/05 10:18:16 Map: 4 done vs. 4 working, Reduce 0 done vs. 0 working
2024/03/05 10:18:16 Coordiantor restart Map order 0
2024/03/05 10:18:16 Coordiantor restart Map order 3
2024/03/05 10:18:16 Coordiantor restart Map order 1
2024/03/05 10:18:16 Coordinator work
2024/03/05 10:18:16 Coordinator status 0
2024/03/05 10:18:16 IsDone &{0 2024-03-05 10:18:16.892993396 +0800 CST m=+12.130475948 0xc0000a1f20} true
2024/03/05 10:18:16 Order 0 finish Map
2024/03/05 10:18:17 Coordiantor restart Map order 5
2024/03/05 10:18:17 Coordinator work
2024/03/05 10:18:17 Coordinator status 0
2024/03/05 10:18:17 IsDone &{0 2024-03-05 10:18:17.883467717 +0800 CST m=+13.120950247 0xc00011c0f0} true
2024/03/05 10:18:17 Order 3 finish Map
2024/03/05 10:18:17 Coordinator work
2024/03/05 10:18:17 Coordinator status 0
2024/03/05 10:18:18 Coordinator work
2024/03/05 10:18:18 Coordinator status 0
2024/03/05 10:18:18 IsDone &{0 2024-03-05 10:18:18.051108975 +0800 CST m=+13.288591510 0xc00011c210} true
2024/03/05 10:18:18 Order 5 finish Map
2024/03/05 10:18:18 Coordinator work
2024/03/05 10:18:18 Coordinator status 0
2024/03/05 10:18:18 Map: 7 done vs. 1 working, Reduce 0 done vs. 0 working
2024/03/05 10:18:19 Coordinator work
2024/03/05 10:18:19 Coordinator status 0
2024/03/05 10:18:19 Map: 7 done vs. 1 working, Reduce 0 done vs. 0 working
2024/03/05 10:18:20 IsDone &{0 2024-03-05 10:18:17.903127761 +0800 CST m=+13.140610292 0xc0000a1fb0} true
2024/03/05 10:18:20 Order 1 finish Map
2024/03/05 10:18:20 Coordinator work
2024/03/05 10:18:20 Coordinator status 0
2024/03/05 10:18:20 Map: 8 done vs. 0 working, Reduce 0 done vs. 0 working
2024/03/05 10:18:20 forward: forward to Reuce Phase
2024/03/05 10:18:20 making reduce order : 8
2024/03/05 10:18:20 making reduce order : 9
2024/03/05 10:18:20 making reduce order : 10
2024/03/05 10:18:20 making reduce order : 11
2024/03/05 10:18:20 making reduce order : 12
2024/03/05 10:18:20 making reduce order : 13
2024/03/05 10:18:20 making reduce order : 14
2024/03/05 10:18:20 making reduce order : 15
2024/03/05 10:18:20 making reduce order : 16
2024/03/05 10:18:20 making reduce order : 17
2024/03/05 10:18:20 done with make reduce order
2024/03/05 10:18:20 Map: 8 done vs. 0 working, Reduce 0 done vs. 10 working
2024/03/05 10:18:21 Coordinator work
2024/03/05 10:18:21 Coordinator status 1
2024/03/05 10:18:21 Coordinator work
2024/03/05 10:18:21 Coordinator status 1
2024/03/05 10:18:21 Order 9 finish Reduce
2024/03/05 10:18:22 Coordinator work
2024/03/05 10:18:22 Coordinator status 1
2024/03/05 10:18:22 Coordinator work
2024/03/05 10:18:22 Coordinator status 1
2024/03/05 10:18:22 Order 11 finish Reduce
2024/03/05 10:18:23 Coordinator work
2024/03/05 10:18:23 Coordinator status 1
2024/03/05 10:18:23 Order 12 finish Reduce
2024/03/05 10:18:23 Coordinator work
2024/03/05 10:18:23 Coordinator status 1
2024/03/05 10:18:24 Coordinator work
2024/03/05 10:18:24 Coordinator status 1
2024/03/05 10:18:24 Order 14 finish Reduce
2024/03/05 10:18:24 Coordinator work
2024/03/05 10:18:24 Coordinator status 1
2024/03/05 10:18:24 Order 15 finish Reduce
2024/03/05 10:18:25 Coordinator work
2024/03/05 10:18:25 Coordinator status 1
2024/03/05 10:18:25 Order 16 finish Reduce
2024/03/05 10:18:25 Coordinator work
2024/03/05 10:18:25 Coordinator status 1
2024/03/05 10:18:26 Coordinator work
2024/03/05 10:18:26 Coordinator status 1
2024/03/05 10:18:26 Map: 8 done vs. 0 working, Reduce 6 done vs. 4 working
2024/03/05 10:18:28 Coordinator work
2024/03/05 10:18:28 Coordinator status 1
2024/03/05 10:18:28 Map: 8 done vs. 0 working, Reduce 6 done vs. 4 working
2024/03/05 10:18:29 Order 8 finish Reduce
2024/03/05 10:18:30 Coordinator work
2024/03/05 10:18:30 Coordinator status 1
2024/03/05 10:18:30 Map: 8 done vs. 0 working, Reduce 7 done vs. 3 working
2024/03/05 10:18:30 Coordinator work
2024/03/05 10:18:30 Coordinator status 1
2024/03/05 10:18:30 Map: 8 done vs. 0 working, Reduce 7 done vs. 3 working
2024/03/05 10:18:31 Order 17 finish Reduce
2024/03/05 10:18:32 Coordinator work
2024/03/05 10:18:32 Coordinator status 1
2024/03/05 10:18:32 Map: 8 done vs. 0 working, Reduce 8 done vs. 2 working
2024/03/05 10:18:32 Coordinator work
2024/03/05 10:18:32 Coordinator status 1
2024/03/05 10:18:32 Map: 8 done vs. 0 working, Reduce 8 done vs. 2 working
2024/03/05 10:18:32 Coordinator work
2024/03/05 10:18:32 Coordinator status 1
2024/03/05 10:18:32 Map: 8 done vs. 0 working, Reduce 8 done vs. 2 working
2024/03/05 10:18:33 Coordiantor restart Reduce order 10
2024/03/05 10:18:34 Coordinator work
2024/03/05 10:18:34 Coordinator status 1
2024/03/05 10:18:34 Order 10 finish Reduce
2024/03/05 10:18:34 Coordiantor restart Reduce order 13
2024/03/05 10:18:34 Coordinator work
2024/03/05 10:18:34 Coordinator status 1
2024/03/05 10:18:34 Coordinator work
2024/03/05 10:18:34 Coordinator status 1
2024/03/05 10:18:34 Map: 8 done vs. 0 working, Reduce 9 done vs. 1 working
2024/03/05 10:18:35 Coordinator work
2024/03/05 10:18:35 Coordinator status 1
2024/03/05 10:18:35 Map: 8 done vs. 0 working, Reduce 9 done vs. 1 working
2024/03/05 10:18:35 Coordinator work
2024/03/05 10:18:35 Coordinator status 1
2024/03/05 10:18:35 Map: 8 done vs. 0 working, Reduce 9 done vs. 1 working
2024/03/05 10:18:36 Coordinator work
2024/03/05 10:18:36 Coordinator status 1
2024/03/05 10:18:36 Map: 8 done vs. 0 working, Reduce 9 done vs. 1 working
2024/03/05 10:18:37 Coordinator work
2024/03/05 10:18:37 Coordinator status 1
2024/03/05 10:18:37 Map: 8 done vs. 0 working, Reduce 9 done vs. 1 working
2024/03/05 10:18:37 Coordinator work
2024/03/05 10:18:37 Coordinator status 1
2024/03/05 10:18:37 Map: 8 done vs. 0 working, Reduce 9 done vs. 1 working
2024/03/05 10:18:38 Coordinator work
2024/03/05 10:18:38 Coordinator status 1
2024/03/05 10:18:38 Map: 8 done vs. 0 working, Reduce 9 done vs. 1 working
2024/03/05 10:18:39 Coordinator work
2024/03/05 10:18:39 Coordinator status 1
2024/03/05 10:18:39 Map: 8 done vs. 0 working, Reduce 9 done vs. 1 working
2024/03/05 10:18:39 Coordinator work
2024/03/05 10:18:39 Coordinator status 1
2024/03/05 10:18:39 Map: 8 done vs. 0 working, Reduce 9 done vs. 1 working
2024/03/05 10:18:40 Coordinator work
2024/03/05 10:18:40 Coordinator status 1
2024/03/05 10:18:40 Map: 8 done vs. 0 working, Reduce 9 done vs. 1 working
2024/03/05 10:18:41 Coordinator work
2024/03/05 10:18:41 Coordinator status 1
2024/03/05 10:18:41 Map: 8 done vs. 0 working, Reduce 9 done vs. 1 working
2024/03/05 10:18:41 Coordinator work
2024/03/05 10:18:41 Coordinator status 1
2024/03/05 10:18:41 Map: 8 done vs. 0 working, Reduce 9 done vs. 1 working
2024/03/05 10:18:42 Coordinator work
2024/03/05 10:18:42 Coordinator status 1
2024/03/05 10:18:42 Map: 8 done vs. 0 working, Reduce 9 done vs. 1 working
2024/03/05 10:18:43 Coordinator work
2024/03/05 10:18:43 Coordinator status 1
2024/03/05 10:18:43 Map: 8 done vs. 0 working, Reduce 9 done vs. 1 working
2024/03/05 10:18:43 Coordinator work
2024/03/05 10:18:43 Coordinator status 1
2024/03/05 10:18:43 Map: 8 done vs. 0 working, Reduce 9 done vs. 1 working
2024/03/05 10:18:44 Coordinator work
2024/03/05 10:18:44 Coordinator status 1
2024/03/05 10:18:44 Map: 8 done vs. 0 working, Reduce 9 done vs. 1 working
2024/03/05 10:18:45 Coordinator work
2024/03/05 10:18:45 Coordinator status 1
2024/03/05 10:18:45 Map: 8 done vs. 0 working, Reduce 9 done vs. 1 working
2024/03/05 10:18:45 Coordiantor restart Reduce order 13
2024/03/05 10:18:45 Coordinator work
2024/03/05 10:18:45 Coordinator status 1
2024/03/05 10:18:45 Order 13 finish Reduce
2024/03/05 10:18:46 Coordinator work
2024/03/05 10:18:46 Coordinator status 1
2024/03/05 10:18:46 Map: 8 done vs. 0 working, Reduce 10 done vs. 0 working
2024/03/05 10:18:46 forward: forward to done phase
2024/03/05 10:18:46 Coordinator work
2024/03/05 10:18:46 Coordinator status 2
2024/03/05 10:18:47 Coordinator work
2024/03/05 10:18:47 Coordinator status 2
