2024/03/05 05:01:09 making map order &{0 [../pg-being_ernest.txt] 0 10}
2024/03/05 05:01:09 making map order &{0 [../pg-dorian_gray.txt] 1 10}
2024/03/05 05:01:09 making map order &{0 [../pg-frankenstein.txt] 2 10}
2024/03/05 05:01:09 making map order &{0 [../pg-grimm.txt] 3 10}
2024/03/05 05:01:09 making map order &{0 [../pg-huckleberry_finn.txt] 4 10}
2024/03/05 05:01:09 making map order &{0 [../pg-metamorphosis.txt] 5 10}
2024/03/05 05:01:09 making map order &{0 [../pg-sherlock_holmes.txt] 6 10}
2024/03/05 05:01:09 making map order &{0 [../pg-tom_sawyer.txt] 7 10}
2024/03/05 05:01:09 done with make map order
2024/03/05 05:01:09 Map: 0 done vs. 8 working, Reduce 0 done vs. 0 working
2024/03/05 05:01:10 Coordinator work
2024/03/05 05:01:10 Coordinator status 0
2024/03/05 05:01:10 Coordinator work
2024/03/05 05:01:10 Coordinator status 0
2024/03/05 05:01:14 IsDone &{0 2024-03-05 05:01:10.778089499 +0800 CST m=+1.022288698 0xc0000743c0} true
2024/03/05 05:01:14 Order 0 finish Map
2024/03/05 05:01:14 IsDone &{0 2024-03-05 05:01:10.78216243 +0800 CST m=+1.026361633 0xc000074450} true
2024/03/05 05:01:14 Order 1 finish Map
2024/03/05 05:01:15 Coordinator work
2024/03/05 05:01:15 Coordinator status 0
2024/03/05 05:01:15 Coordinator work
2024/03/05 05:01:15 Coordinator status 0
2024/03/05 05:01:19 IsDone &{0 2024-03-05 05:01:15.873601409 +0800 CST m=+6.117800614 0xc0000744e0} true
2024/03/05 05:01:19 Order 2 finish Map
2024/03/05 05:01:19 IsDone &{0 2024-03-05 05:01:15.880185864 +0800 CST m=+6.124385070 0xc000074570} true
2024/03/05 05:01:19 Order 3 finish Map
2024/03/05 05:01:20 Coordinator work
2024/03/05 05:01:20 Coordinator status 0
2024/03/05 05:01:20 Coordinator work
2024/03/05 05:01:20 Coordinator status 0
2024/03/05 05:01:24 IsDone &{0 2024-03-05 05:01:20.785672071 +0800 CST m=+11.029871276 0xc000074690} true
2024/03/05 05:01:24 Order 5 finish Map
2024/03/05 05:01:24 IsDone &{0 2024-03-05 05:01:20.782459443 +0800 CST m=+11.026658649 0xc000074600} true
2024/03/05 05:01:24 Order 4 finish Map
2024/03/05 05:01:25 Coordinator work
2024/03/05 05:01:25 Coordinator status 0
2024/03/05 05:01:25 Coordinator work
2024/03/05 05:01:25 Coordinator status 0
2024/03/05 05:01:27 IsDone &{0 2024-03-05 05:01:25.648794567 +0800 CST m=+15.892993773 0xc0000747b0} true
2024/03/05 05:01:27 Order 7 finish Map
2024/03/05 05:01:27 IsDone &{0 2024-03-05 05:01:25.644581431 +0800 CST m=+15.888780645 0xc000074720} true
2024/03/05 05:01:27 Order 6 finish Map
2024/03/05 05:01:28 Coordinator work
2024/03/05 05:01:28 Coordinator status 0
2024/03/05 05:01:28 Map: 8 done vs. 0 working, Reduce 0 done vs. 0 working
2024/03/05 05:01:28 forward: forward to Reuce Phase
2024/03/05 05:01:28 making reduce order : 8
2024/03/05 05:01:28 making reduce order : 9
2024/03/05 05:01:28 making reduce order : 10
2024/03/05 05:01:28 making reduce order : 11
2024/03/05 05:01:28 Coordinator work
2024/03/05 05:01:28 making reduce order : 12
2024/03/05 05:01:28 making reduce order : 13
2024/03/05 05:01:28 making reduce order : 14
2024/03/05 05:01:28 making reduce order : 15
2024/03/05 05:01:28 making reduce order : 16
2024/03/05 05:01:28 making reduce order : 17
2024/03/05 05:01:28 done with make reduce order
2024/03/05 05:01:28 Map: 8 done vs. 0 working, Reduce 0 done vs. 10 working
2024/03/05 05:01:28 Coordinator status 1
2024/03/05 05:01:28 Order 8 finish Reduce
2024/03/05 05:01:29 Coordinator work
2024/03/05 05:01:29 Coordinator status 1
2024/03/05 05:01:29 Order 9 finish Reduce
2024/03/05 05:01:30 Coordinator work
2024/03/05 05:01:30 Coordinator status 1
2024/03/05 05:01:30 Order 10 finish Reduce
2024/03/05 05:01:30 Coordinator work
2024/03/05 05:01:30 Coordinator status 1
2024/03/05 05:01:30 Order 11 finish Reduce
2024/03/05 05:01:31 Coordinator work
2024/03/05 05:01:31 Coordinator status 1
2024/03/05 05:01:31 Order 12 finish Reduce
2024/03/05 05:01:31 Coordinator work
2024/03/05 05:01:31 Coordinator status 1
2024/03/05 05:01:31 Order 13 finish Reduce
2024/03/05 05:01:32 Coordinator work
2024/03/05 05:01:32 Coordinator status 1
2024/03/05 05:01:32 Order 14 finish Reduce
2024/03/05 05:01:32 Coordinator work
2024/03/05 05:01:32 Coordinator status 1
2024/03/05 05:01:32 Order 15 finish Reduce
2024/03/05 05:01:33 Coordinator work
2024/03/05 05:01:33 Coordinator status 1
2024/03/05 05:01:33 Order 16 finish Reduce
2024/03/05 05:01:33 Coordinator work
2024/03/05 05:01:33 Coordinator status 1
2024/03/05 05:01:33 Order 17 finish Reduce
2024/03/05 05:01:34 Coordinator work
2024/03/05 05:01:34 Coordinator status 1
2024/03/05 05:01:34 Map: 8 done vs. 0 working, Reduce 10 done vs. 0 working
2024/03/05 05:01:34 forward: forward to done phase
2024/03/05 05:01:34 Coordinator work
2024/03/05 05:01:34 Coordinator status 2
