2024/03/05 06:12:19 making map order &{0 [../pg-being_ernest.txt] 0 10}
2024/03/05 06:12:19 making map order &{0 [../pg-dorian_gray.txt] 1 10}
2024/03/05 06:12:19 making map order &{0 [../pg-frankenstein.txt] 2 10}
2024/03/05 06:12:19 making map order &{0 [../pg-grimm.txt] 3 10}
2024/03/05 06:12:19 making map order &{0 [../pg-huckleberry_finn.txt] 4 10}
2024/03/05 06:12:19 making map order &{0 [../pg-metamorphosis.txt] 5 10}
2024/03/05 06:12:19 making map order &{0 [../pg-sherlock_holmes.txt] 6 10}
2024/03/05 06:12:19 making map order &{0 [../pg-tom_sawyer.txt] 7 10}
2024/03/05 06:12:19 done with make map order
2024/03/05 06:12:19 Map: 0 done vs. 8 working, Reduce 0 done vs. 0 working
2024/03/05 06:12:21 Coordinator work
2024/03/05 06:12:21 Coordinator status 0
2024/03/05 06:12:21 Coordinator work
2024/03/05 06:12:21 Coordinator status 0
2024/03/05 06:12:21 IsDone &{0 2024-03-05 06:12:21.004010433 +0800 CST m=+1.017679257 0xc00009def0} true
2024/03/05 06:12:21 Order 0 finish Map
2024/03/05 06:12:21 IsDone &{0 2024-03-05 06:12:21.010383164 +0800 CST m=+1.024051986 0xc00009df80} true
2024/03/05 06:12:21 Order 1 finish Map
2024/03/05 06:12:22 Coordinator work
2024/03/05 06:12:22 Coordinator status 0
2024/03/05 06:12:22 Coordinator work
2024/03/05 06:12:22 Coordinator status 0
2024/03/05 06:12:22 IsDone &{0 2024-03-05 06:12:22.023388631 +0800 CST m=+2.037057461 0xc00011a030} true
2024/03/05 06:12:22 Order 2 finish Map
2024/03/05 06:12:22 IsDone &{0 2024-03-05 06:12:22.028606505 +0800 CST m=+2.042275336 0xc00011a0c0} true
2024/03/05 06:12:22 Order 3 finish Map
2024/03/05 06:12:23 Coordinator work
2024/03/05 06:12:23 Coordinator status 0
2024/03/05 06:12:23 Coordinator work
2024/03/05 06:12:23 Coordinator status 0
2024/03/05 06:12:23 IsDone &{0 2024-03-05 06:12:23.053157031 +0800 CST m=+3.066825862 0xc00011a1e0} true
2024/03/05 06:12:23 Order 5 finish Map
2024/03/05 06:12:23 IsDone &{0 2024-03-05 06:12:23.046418506 +0800 CST m=+3.060087337 0xc00011a150} true
2024/03/05 06:12:23 Order 4 finish Map
2024/03/05 06:12:24 Coordinator work
2024/03/05 06:12:24 Coordinator status 0
2024/03/05 06:12:24 Coordinator work
2024/03/05 06:12:24 Coordinator status 0
2024/03/05 06:12:24 IsDone &{0 2024-03-05 06:12:24.069536903 +0800 CST m=+4.083205734 0xc00011a300} true
2024/03/05 06:12:24 Order 7 finish Map
2024/03/05 06:12:24 IsDone &{0 2024-03-05 06:12:24.06508694 +0800 CST m=+4.078755768 0xc00011a270} true
2024/03/05 06:12:24 Order 6 finish Map
2024/03/05 06:12:25 Coordinator work
2024/03/05 06:12:25 Coordinator status 0
2024/03/05 06:12:25 Map: 8 done vs. 0 working, Reduce 0 done vs. 0 working
2024/03/05 06:12:25 forward: forward to Reuce Phase
2024/03/05 06:12:25 making reduce order : 8
2024/03/05 06:12:25 making reduce order : 9
2024/03/05 06:12:25 Coordinator work
2024/03/05 06:12:25 making reduce order : 10
2024/03/05 06:12:25 making reduce order : 11
2024/03/05 06:12:25 making reduce order : 12
2024/03/05 06:12:25 making reduce order : 13
2024/03/05 06:12:25 making reduce order : 14
2024/03/05 06:12:25 making reduce order : 15
2024/03/05 06:12:25 making reduce order : 16
2024/03/05 06:12:25 making reduce order : 17
2024/03/05 06:12:25 done with make reduce order
2024/03/05 06:12:25 Map: 8 done vs. 0 working, Reduce 0 done vs. 10 working
2024/03/05 06:12:25 Coordinator status 1
2024/03/05 06:12:26 Order 8 finish Reduce
2024/03/05 06:12:27 Coordinator work
2024/03/05 06:12:27 Coordinator status 1
2024/03/05 06:12:27 Coordinator work
2024/03/05 06:12:27 Coordinator status 1
2024/03/05 06:12:28 Order 9 finish Reduce
2024/03/05 06:12:28 Order 10 finish Reduce
2024/03/05 06:12:29 Coordinator work
2024/03/05 06:12:29 Coordinator status 1
2024/03/05 06:12:29 Coordinator work
2024/03/05 06:12:29 Coordinator status 1
2024/03/05 06:12:31 Order 11 finish Reduce
2024/03/05 06:12:31 Order 12 finish Reduce
2024/03/05 06:12:32 Coordinator work
2024/03/05 06:12:32 Coordinator status 1
2024/03/05 06:12:32 Coordinator work
2024/03/05 06:12:32 Coordinator status 1
2024/03/05 06:12:33 Order 13 finish Reduce
2024/03/05 06:12:33 Order 14 finish Reduce
2024/03/05 06:12:34 Coordinator work
2024/03/05 06:12:34 Coordinator status 1
2024/03/05 06:12:34 Coordinator work
2024/03/05 06:12:34 Coordinator status 1
2024/03/05 06:12:34 Order 15 finish Reduce
2024/03/05 06:12:34 Order 16 finish Reduce
2024/03/05 06:12:35 Coordinator work
2024/03/05 06:12:35 Coordinator status 1
2024/03/05 06:12:35 Coordinator work
2024/03/05 06:12:35 Coordinator status 1
2024/03/05 06:12:35 Map: 8 done vs. 0 working, Reduce 9 done vs. 1 working
2024/03/05 06:12:36 Order 17 finish Reduce
2024/03/05 06:12:37 Coordinator work
2024/03/05 06:12:37 Coordinator status 1
2024/03/05 06:12:37 Map: 8 done vs. 0 working, Reduce 10 done vs. 0 working
2024/03/05 06:12:37 forward: forward to done phase
2024/03/05 06:12:37 Coordinator work
2024/03/05 06:12:37 Coordinator status 2
