2024/03/05 08:54:03 making map order &{0 [../pg-being_ernest.txt] 0 10}
2024/03/05 08:54:03 making map order &{0 [../pg-dorian_gray.txt] 1 10}
2024/03/05 08:54:03 making map order &{0 [../pg-frankenstein.txt] 2 10}
2024/03/05 08:54:03 making map order &{0 [../pg-grimm.txt] 3 10}
2024/03/05 08:54:03 making map order &{0 [../pg-huckleberry_finn.txt] 4 10}
2024/03/05 08:54:03 making map order &{0 [../pg-metamorphosis.txt] 5 10}
2024/03/05 08:54:03 making map order &{0 [../pg-sherlock_holmes.txt] 6 10}
2024/03/05 08:54:03 making map order &{0 [../pg-tom_sawyer.txt] 7 10}
2024/03/05 08:54:03 done with make map order
2024/03/05 08:54:03 Map: 0 done vs. 8 working, Reduce 0 done vs. 0 working
2024/03/05 08:54:04 Coordinator work
2024/03/05 08:54:04 Coordinator status 0
2024/03/05 08:54:04 Coordinator work
2024/03/05 08:54:04 Coordinator status 0
2024/03/05 08:54:04 IsDone &{0 2024-03-05 08:54:04.662158387 +0800 CST m=+1.019478441 0xc000112090} true
2024/03/05 08:54:04 Order 0 finish Map
2024/03/05 08:54:04 IsDone &{0 2024-03-05 08:54:04.66771355 +0800 CST m=+1.025033599 0xc000112120} true
2024/03/05 08:54:04 Order 1 finish Map
2024/03/05 08:54:05 Coordinator work
2024/03/05 08:54:05 Coordinator status 0
2024/03/05 08:54:05 Coordinator work
2024/03/05 08:54:05 Coordinator status 0
2024/03/05 08:54:06 IsDone &{0 2024-03-05 08:54:05.786785204 +0800 CST m=+2.144105252 0xc0001121b0} true
2024/03/05 08:54:06 Order 2 finish Map
2024/03/05 08:54:06 IsDone &{0 2024-03-05 08:54:05.893026471 +0800 CST m=+2.250346518 0xc000112240} true
2024/03/05 08:54:06 Order 3 finish Map
2024/03/05 08:54:07 Coordinator work
2024/03/05 08:54:07 Coordinator status 0
2024/03/05 08:54:07 Coordinator work
2024/03/05 08:54:07 Coordinator status 0
2024/03/05 08:54:07 IsDone &{0 2024-03-05 08:54:07.139356521 +0800 CST m=+3.496676572 0xc000112360} true
2024/03/05 08:54:07 Order 5 finish Map
2024/03/05 08:54:07 IsDone &{0 2024-03-05 08:54:07.054880575 +0800 CST m=+3.412200638 0xc0001122d0} true
2024/03/05 08:54:07 Order 4 finish Map
2024/03/05 08:54:08 Coordinator work
2024/03/05 08:54:08 Coordinator status 0
2024/03/05 08:54:08 Coordinator work
2024/03/05 08:54:08 Coordinator status 0
2024/03/05 08:54:08 IsDone &{0 2024-03-05 08:54:08.328723113 +0800 CST m=+4.686043164 0xc000112480} true
2024/03/05 08:54:08 Order 7 finish Map
2024/03/05 08:54:08 IsDone &{0 2024-03-05 08:54:08.222855682 +0800 CST m=+4.580175736 0xc0001123f0} true
2024/03/05 08:54:08 Order 6 finish Map
2024/03/05 08:54:09 Coordinator work
2024/03/05 08:54:09 Coordinator status 0
2024/03/05 08:54:09 Map: 8 done vs. 0 working, Reduce 0 done vs. 0 working
2024/03/05 08:54:09 forward: forward to Reuce Phase
2024/03/05 08:54:09 making reduce order : 8
2024/03/05 08:54:09 making reduce order : 9
2024/03/05 08:54:09 making reduce order : 10
2024/03/05 08:54:09 making reduce order : 11
2024/03/05 08:54:09 making reduce order : 12
2024/03/05 08:54:09 making reduce order : 13
2024/03/05 08:54:09 making reduce order : 14
2024/03/05 08:54:09 making reduce order : 15
2024/03/05 08:54:09 making reduce order : 16
2024/03/05 08:54:09 making reduce order : 17
2024/03/05 08:54:09 done with make reduce order
2024/03/05 08:54:09 Map: 8 done vs. 0 working, Reduce 0 done vs. 10 working
2024/03/05 08:54:09 Coordinator work
2024/03/05 08:54:09 Coordinator status 1
2024/03/05 08:54:09 Order 8 finish Reduce
2024/03/05 08:54:10 Coordinator work
2024/03/05 08:54:10 Coordinator status 1
2024/03/05 08:54:10 Order 9 finish Reduce
2024/03/05 08:54:11 Coordinator work
2024/03/05 08:54:11 Coordinator status 1
2024/03/05 08:54:11 Order 10 finish Reduce
2024/03/05 08:54:11 Coordinator work
2024/03/05 08:54:11 Coordinator status 1
2024/03/05 08:54:11 Order 11 finish Reduce
2024/03/05 08:54:12 Coordinator work
2024/03/05 08:54:12 Coordinator status 1
2024/03/05 08:54:12 Order 12 finish Reduce
2024/03/05 08:54:12 Coordinator work
2024/03/05 08:54:12 Coordinator status 1
2024/03/05 08:54:13 Order 13 finish Reduce
2024/03/05 08:54:13 Coordinator work
2024/03/05 08:54:13 Coordinator status 1
2024/03/05 08:54:13 Order 14 finish Reduce
2024/03/05 08:54:14 Coordinator work
2024/03/05 08:54:14 Coordinator status 1
2024/03/05 08:54:14 Order 15 finish Reduce
2024/03/05 08:54:14 Coordinator work
2024/03/05 08:54:14 Coordinator status 1
2024/03/05 08:54:15 Order 16 finish Reduce
2024/03/05 08:54:15 Coordinator work
2024/03/05 08:54:15 Coordinator status 1
2024/03/05 08:54:15 Order 17 finish Reduce
2024/03/05 08:54:16 Coordinator work
2024/03/05 08:54:16 Coordinator status 1
2024/03/05 08:54:16 Map: 8 done vs. 0 working, Reduce 10 done vs. 0 working
2024/03/05 08:54:16 forward: forward to done phase
2024/03/05 08:54:16 Coordinator work
2024/03/05 08:54:16 Coordinator status 2
