2024/03/05 02:15:49 making map order &{0 [../pg-being_ernest.txt] 0 10}
2024/03/05 02:15:49 making map order &{0 [../pg-dorian_gray.txt] 1 10}
2024/03/05 02:15:49 making map order &{0 [../pg-frankenstein.txt] 2 10}
2024/03/05 02:15:49 making map order &{0 [../pg-grimm.txt] 3 10}
2024/03/05 02:15:49 making map order &{0 [../pg-huckleberry_finn.txt] 4 10}
2024/03/05 02:15:49 making map order &{0 [../pg-metamorphosis.txt] 5 10}
2024/03/05 02:15:49 making map order &{0 [../pg-sherlock_holmes.txt] 6 10}
2024/03/05 02:15:49 making map order &{0 [../pg-tom_sawyer.txt] 7 10}
2024/03/05 02:15:49 done with make map order
2024/03/05 02:15:49 Map: 0 done vs. 8 working, Reduce 0 done vs. 0 working
2024/03/05 02:15:50 Coordinator work
2024/03/05 02:15:50 Coordinator status 0
2024/03/05 02:15:50 Coordinator work
2024/03/05 02:15:50 Coordinator status 0
2024/03/05 02:15:51 IsDone &{0 2024-03-05 02:15:50.240713141 +0800 CST m=+1.014965173 0xc000072330} true
2024/03/05 02:15:51 Order 0 finish Map
2024/03/05 02:15:51 IsDone &{0 2024-03-05 02:15:50.241340954 +0800 CST m=+1.015592987 0xc0000723c0} true
2024/03/05 02:15:51 Order 1 finish Map
2024/03/05 02:15:52 Coordinator work
2024/03/05 02:15:52 Coordinator status 0
2024/03/05 02:15:52 Coordinator work
2024/03/05 02:15:52 Coordinator status 0
2024/03/05 02:15:53 IsDone &{0 2024-03-05 02:15:52.25913016 +0800 CST m=+3.033382194 0xc0000724e0} true
2024/03/05 02:15:53 Order 3 finish Map
2024/03/05 02:15:53 IsDone &{0 2024-03-05 02:15:52.251601614 +0800 CST m=+3.025853641 0xc000072450} true
2024/03/05 02:15:53 Order 2 finish Map
2024/03/05 02:15:54 Coordinator work
2024/03/05 02:15:54 Coordinator status 0
2024/03/05 02:15:54 Coordinator work
2024/03/05 02:15:54 Coordinator status 0
2024/03/05 02:15:55 IsDone &{0 2024-03-05 02:15:54.278909102 +0800 CST m=+5.053161136 0xc000072600} true
2024/03/05 02:15:55 Order 5 finish Map
2024/03/05 02:15:55 IsDone &{0 2024-03-05 02:15:54.275345376 +0800 CST m=+5.049597409 0xc000072570} true
2024/03/05 02:15:55 Order 4 finish Map
2024/03/05 02:15:56 Coordinator work
2024/03/05 02:15:56 Coordinator status 0
2024/03/05 02:15:56 Coordinator work
2024/03/05 02:15:56 Coordinator status 0
2024/03/05 02:15:57 IsDone &{0 2024-03-05 02:15:56.287925607 +0800 CST m=+7.062177643 0xc000072690} true
2024/03/05 02:15:57 Order 6 finish Map
2024/03/05 02:15:57 IsDone &{0 2024-03-05 02:15:56.296675548 +0800 CST m=+7.070927585 0xc000072720} true
2024/03/05 02:15:57 Order 7 finish Map
2024/03/05 02:15:58 Coordinator work
2024/03/05 02:15:58 Coordinator status 0
2024/03/05 02:15:58 Map: 8 done vs. 0 working, Reduce 0 done vs. 0 working
2024/03/05 02:15:58 forward: forward to Reuce Phase
2024/03/05 02:15:58 making reduce order : 8
2024/03/05 02:15:58 making reduce order : 9
2024/03/05 02:15:58 making reduce order : 10
2024/03/05 02:15:58 making reduce order : 11
2024/03/05 02:15:58 making reduce order : 12
2024/03/05 02:15:58 making reduce order : 13
2024/03/05 02:15:58 Coordinator work
2024/03/05 02:15:58 making reduce order : 14
2024/03/05 02:15:58 making reduce order : 15
2024/03/05 02:15:58 making reduce order : 16
2024/03/05 02:15:58 making reduce order : 17
2024/03/05 02:15:58 done with make reduce order
2024/03/05 02:15:58 Map: 8 done vs. 0 working, Reduce 0 done vs. 10 working
2024/03/05 02:15:58 Coordinator status 1
2024/03/05 02:15:58 Order 8 finish Reduce
2024/03/05 02:15:59 Coordinator work
2024/03/05 02:15:59 Coordinator status 1
2024/03/05 02:15:59 Order 9 finish Reduce
2024/03/05 02:16:00 Coordinator work
2024/03/05 02:16:00 Coordinator status 1
2024/03/05 02:16:00 Order 10 finish Reduce
2024/03/05 02:16:00 Coordinator work
2024/03/05 02:16:00 Coordinator status 1
2024/03/05 02:16:00 Order 11 finish Reduce
2024/03/05 02:16:01 Coordinator work
2024/03/05 02:16:01 Coordinator status 1
2024/03/05 02:16:01 Order 12 finish Reduce
2024/03/05 02:16:01 Coordinator work
2024/03/05 02:16:01 Coordinator status 1
2024/03/05 02:16:01 Order 13 finish Reduce
2024/03/05 02:16:02 Coordinator work
2024/03/05 02:16:02 Coordinator status 1
2024/03/05 02:16:02 Order 14 finish Reduce
2024/03/05 02:16:02 Coordinator work
2024/03/05 02:16:02 Coordinator status 1
2024/03/05 02:16:02 Order 15 finish Reduce
2024/03/05 02:16:03 Coordinator work
2024/03/05 02:16:03 Coordinator status 1
2024/03/05 02:16:03 Order 16 finish Reduce
2024/03/05 02:16:03 Coordinator work
2024/03/05 02:16:03 Coordinator status 1
2024/03/05 02:16:03 Order 17 finish Reduce
2024/03/05 02:16:04 Coordinator work
2024/03/05 02:16:04 Coordinator status 1
2024/03/05 02:16:04 Map: 8 done vs. 0 working, Reduce 10 done vs. 0 working
2024/03/05 02:16:04 forward: forward to done phase
2024/03/05 02:16:04 Coordinator work
2024/03/05 02:16:04 Coordinator status 2
