2024/03/05 09:23:04 making map order &{0 [../pg-being_ernest.txt] 0 10}
2024/03/05 09:23:04 making map order &{0 [../pg-dorian_gray.txt] 1 10}
2024/03/05 09:23:04 making map order &{0 [../pg-frankenstein.txt] 2 10}
2024/03/05 09:23:04 making map order &{0 [../pg-grimm.txt] 3 10}
2024/03/05 09:23:04 making map order &{0 [../pg-huckleberry_finn.txt] 4 10}
2024/03/05 09:23:04 making map order &{0 [../pg-metamorphosis.txt] 5 10}
2024/03/05 09:23:04 making map order &{0 [../pg-sherlock_holmes.txt] 6 10}
2024/03/05 09:23:04 making map order &{0 [../pg-tom_sawyer.txt] 7 10}
2024/03/05 09:23:04 done with make map order
2024/03/05 09:23:04 Map: 0 done vs. 8 working, Reduce 0 done vs. 0 working
2024/03/05 09:23:05 Coordinator work
2024/03/05 09:23:05 Coordinator status 0
2024/03/05 09:23:05 Coordinator work
2024/03/05 09:23:05 Coordinator status 0
2024/03/05 09:23:06 Coordinator work
2024/03/05 09:23:06 Coordinator status 0
2024/03/05 09:23:06 IsDone &{0 2024-03-05 09:23:05.979362282 +0800 CST m=+1.015929230 0xc0000a3e60} true
2024/03/05 09:23:06 Order 0 finish Map
2024/03/05 09:23:07 IsDone &{0 2024-03-05 09:23:05.988255259 +0800 CST m=+1.024822207 0xc0000a3ef0} true
2024/03/05 09:23:07 Order 1 finish Map
2024/03/05 09:23:07 Coordinator work
2024/03/05 09:23:07 Coordinator status 0
2024/03/05 09:23:07 IsDone &{0 2024-03-05 09:23:06.031570251 +0800 CST m=+1.068137199 0xc0000a3f80} true
2024/03/05 09:23:07 Order 2 finish Map
2024/03/05 09:23:08 Coordinator work
2024/03/05 09:23:08 Coordinator status 0
2024/03/05 09:23:08 Coordinator work
2024/03/05 09:23:08 Coordinator status 0
2024/03/05 09:23:09 IsDone &{0 2024-03-05 09:23:08.63987672 +0800 CST m=+3.676443669 0xc00011c150} true
2024/03/05 09:23:09 Order 5 finish Map
2024/03/05 09:23:09 IsDone &{0 2024-03-05 09:23:07.527521625 +0800 CST m=+2.564088576 0xc00011c030} true
2024/03/05 09:23:09 Order 3 finish Map
2024/03/05 09:23:10 Coordinator work
2024/03/05 09:23:10 Coordinator status 0
2024/03/05 09:23:10 Coordinator work
2024/03/05 09:23:10 Coordinator status 0
2024/03/05 09:23:10 IsDone &{0 2024-03-05 09:23:08.486900155 +0800 CST m=+3.523467105 0xc00011c0c0} true
2024/03/05 09:23:10 Order 4 finish Map
2024/03/05 09:23:11 Coordinator work
2024/03/05 09:23:11 Coordinator status 0
2024/03/05 09:23:11 Map: 6 done vs. 2 working, Reduce 0 done vs. 0 working
2024/03/05 09:23:11 IsDone &{0 2024-03-05 09:23:10.242331457 +0800 CST m=+5.278898406 0xc00011c270} true
2024/03/05 09:23:11 Order 7 finish Map
2024/03/05 09:23:11 IsDone &{0 2024-03-05 09:23:10.189362969 +0800 CST m=+5.225929917 0xc00011c1e0} true
2024/03/05 09:23:11 Order 6 finish Map
2024/03/05 09:23:12 Coordinator work
2024/03/05 09:23:12 Coordinator status 0
2024/03/05 09:23:12 Map: 8 done vs. 0 working, Reduce 0 done vs. 0 working
2024/03/05 09:23:12 forward: forward to Reuce Phase
2024/03/05 09:23:12 making reduce order : 8
2024/03/05 09:23:12 making reduce order : 9
2024/03/05 09:23:12 making reduce order : 10
2024/03/05 09:23:12 making reduce order : 11
2024/03/05 09:23:12 making reduce order : 12
2024/03/05 09:23:12 making reduce order : 13
2024/03/05 09:23:12 making reduce order : 14
2024/03/05 09:23:12 making reduce order : 15
2024/03/05 09:23:12 making reduce order : 16
2024/03/05 09:23:12 making reduce order : 17
2024/03/05 09:23:12 done with make reduce order
2024/03/05 09:23:12 Map: 8 done vs. 0 working, Reduce 0 done vs. 10 working
2024/03/05 09:23:12 Coordinator work
2024/03/05 09:23:12 Coordinator status 1
2024/03/05 09:23:13 Coordinator work
2024/03/05 09:23:13 Coordinator status 1
2024/03/05 09:23:13 Order 8 finish Reduce
2024/03/05 09:23:13 Order 9 finish Reduce
2024/03/05 09:23:14 Coordinator work
2024/03/05 09:23:14 Coordinator status 1
2024/03/05 09:23:14 Coordinator work
2024/03/05 09:23:14 Coordinator status 1
2024/03/05 09:23:14 Coordinator work
2024/03/05 09:23:14 Coordinator status 1
2024/03/05 09:23:15 Order 11 finish Reduce
2024/03/05 09:23:15 Order 12 finish Reduce
2024/03/05 09:23:15 Order 10 finish Reduce
2024/03/05 09:23:16 Coordinator work
2024/03/05 09:23:16 Coordinator status 1
2024/03/05 09:23:16 Coordinator work
2024/03/05 09:23:16 Coordinator status 1
2024/03/05 09:23:16 Coordinator work
2024/03/05 09:23:16 Coordinator status 1
2024/03/05 09:23:17 Order 13 finish Reduce
2024/03/05 09:23:17 Order 15 finish Reduce
2024/03/05 09:23:18 Coordinator work
2024/03/05 09:23:18 Coordinator status 1
2024/03/05 09:23:18 Order 14 finish Reduce
2024/03/05 09:23:18 Coordinator work
2024/03/05 09:23:18 Coordinator status 1
2024/03/05 09:23:19 Order 16 finish Reduce
2024/03/05 09:23:19 Coordinator work
2024/03/05 09:23:19 Coordinator status 1
2024/03/05 09:23:19 Map: 8 done vs. 0 working, Reduce 9 done vs. 1 working
2024/03/05 09:23:19 Order 17 finish Reduce
2024/03/05 09:23:20 Coordinator work
2024/03/05 09:23:20 Coordinator status 1
2024/03/05 09:23:20 Map: 8 done vs. 0 working, Reduce 10 done vs. 0 working
2024/03/05 09:23:20 forward: forward to done phase
2024/03/05 09:23:20 Coordinator work
2024/03/05 09:23:20 Coordinator status 2
2024/03/05 09:23:21 Coordinator work
2024/03/05 09:23:21 Coordinator status 2
