2024/03/05 12:49:35 making map order &{0 [../pg-being_ernest.txt] 0 10}
2024/03/05 12:49:35 making map order &{0 [../pg-dorian_gray.txt] 1 10}
2024/03/05 12:49:35 making map order &{0 [../pg-frankenstein.txt] 2 10}
2024/03/05 12:49:35 making map order &{0 [../pg-grimm.txt] 3 10}
2024/03/05 12:49:35 making map order &{0 [../pg-huckleberry_finn.txt] 4 10}
2024/03/05 12:49:35 making map order &{0 [../pg-metamorphosis.txt] 5 10}
2024/03/05 12:49:35 making map order &{0 [../pg-sherlock_holmes.txt] 6 10}
2024/03/05 12:49:35 making map order &{0 [../pg-tom_sawyer.txt] 7 10}
2024/03/05 12:49:35 done with make map order
2024/03/05 12:49:35 Map: 0 done vs. 8 working, Reduce 0 done vs. 0 working
2024/03/05 12:49:36 Coordinator work
2024/03/05 12:49:36 Coordinator status 0
2024/03/05 12:49:37 Coordinator work
2024/03/05 12:49:37 Coordinator status 0
2024/03/05 12:49:38 IsDone &{0 2024-03-05 12:49:36.999538765 +0800 CST m=+1.046937503 0xc00009dda0} true
2024/03/05 12:49:38 Order 0 finish Map
2024/03/05 12:49:38 IsDone &{0 2024-03-05 12:49:37.001336293 +0800 CST m=+1.048735049 0xc00009de30} true
2024/03/05 12:49:38 Order 1 finish Map
2024/03/05 12:49:39 Coordinator work
2024/03/05 12:49:39 Coordinator status 0
2024/03/05 12:49:39 Coordinator work
2024/03/05 12:49:39 Coordinator status 0
2024/03/05 12:49:40 IsDone &{0 2024-03-05 12:49:39.020912381 +0800 CST m=+3.068311124 0xc00009df50} true
2024/03/05 12:49:40 Order 3 finish Map
2024/03/05 12:49:40 IsDone &{0 2024-03-05 12:49:39.017966266 +0800 CST m=+3.065365010 0xc00009dec0} true
2024/03/05 12:49:40 Order 2 finish Map
2024/03/05 12:49:41 Coordinator work
2024/03/05 12:49:41 Coordinator status 0
2024/03/05 12:49:41 Coordinator work
2024/03/05 12:49:41 Coordinator status 0
2024/03/05 12:49:42 IsDone &{0 2024-03-05 12:49:41.043646443 +0800 CST m=+5.091045187 0xc000118090} true
2024/03/05 12:49:42 Order 5 finish Map
2024/03/05 12:49:42 IsDone &{0 2024-03-05 12:49:41.041731418 +0800 CST m=+5.089130161 0xc000118000} true
2024/03/05 12:49:42 Order 4 finish Map
2024/03/05 12:49:43 Coordinator work
2024/03/05 12:49:43 Coordinator status 0
2024/03/05 12:49:43 Coordinator work
2024/03/05 12:49:43 Coordinator status 0
2024/03/05 12:49:44 IsDone &{0 2024-03-05 12:49:43.05378726 +0800 CST m=+7.101186003 0xc000118120} true
2024/03/05 12:49:44 Order 6 finish Map
2024/03/05 12:49:44 IsDone &{0 2024-03-05 12:49:43.063943347 +0800 CST m=+7.111342091 0xc0001181b0} true
2024/03/05 12:49:44 Order 7 finish Map
2024/03/05 12:49:45 Coordinator work
2024/03/05 12:49:45 Coordinator status 0
2024/03/05 12:49:45 Map: 8 done vs. 0 working, Reduce 0 done vs. 0 working
2024/03/05 12:49:45 forward: forward to Reuce Phase
2024/03/05 12:49:45 making reduce order : 8
2024/03/05 12:49:45 making reduce order : 9
2024/03/05 12:49:45 making reduce order : 10
2024/03/05 12:49:45 making reduce order : 11
2024/03/05 12:49:45 making reduce order : 12
2024/03/05 12:49:45 making reduce order : 13
2024/03/05 12:49:45 Coordinator work
2024/03/05 12:49:45 making reduce order : 14
2024/03/05 12:49:45 making reduce order : 15
2024/03/05 12:49:45 making reduce order : 16
2024/03/05 12:49:45 making reduce order : 17
2024/03/05 12:49:45 done with make reduce order
2024/03/05 12:49:45 Map: 8 done vs. 0 working, Reduce 0 done vs. 10 working
2024/03/05 12:49:45 Coordinator status 1
2024/03/05 12:49:45 Order 8 finish Reduce
2024/03/05 12:49:46 Coordinator work
2024/03/05 12:49:46 Coordinator status 1
2024/03/05 12:49:46 Order 9 finish Reduce
2024/03/05 12:49:47 Coordinator work
2024/03/05 12:49:47 Coordinator status 1
2024/03/05 12:49:47 Order 10 finish Reduce
2024/03/05 12:49:47 Coordinator work
2024/03/05 12:49:47 Coordinator status 1
2024/03/05 12:49:47 Order 11 finish Reduce
2024/03/05 12:49:48 Coordinator work
2024/03/05 12:49:48 Coordinator status 1
2024/03/05 12:49:48 Order 12 finish Reduce
2024/03/05 12:49:48 Coordinator work
2024/03/05 12:49:48 Coordinator status 1
2024/03/05 12:49:48 Order 13 finish Reduce
2024/03/05 12:49:49 Coordinator work
2024/03/05 12:49:49 Coordinator status 1
2024/03/05 12:49:49 Order 14 finish Reduce
2024/03/05 12:49:49 Coordinator work
2024/03/05 12:49:49 Coordinator status 1
2024/03/05 12:49:49 Order 15 finish Reduce
2024/03/05 12:49:50 Coordinator work
2024/03/05 12:49:50 Coordinator status 1
2024/03/05 12:49:50 Order 16 finish Reduce
2024/03/05 12:49:50 Coordinator work
2024/03/05 12:49:50 Coordinator status 1
2024/03/05 12:49:50 Order 17 finish Reduce
2024/03/05 12:49:51 Coordinator work
2024/03/05 12:49:51 Coordinator status 1
2024/03/05 12:49:51 Map: 8 done vs. 0 working, Reduce 10 done vs. 0 working
2024/03/05 12:49:51 forward: forward to done phase
2024/03/05 12:49:51 Coordinator work
2024/03/05 12:49:51 Coordinator status 2
