2024/03/05 09:43:17 making map order &{0 [../pg-being_ernest.txt] 0 10}
2024/03/05 09:43:17 making map order &{0 [../pg-dorian_gray.txt] 1 10}
2024/03/05 09:43:17 making map order &{0 [../pg-frankenstein.txt] 2 10}
2024/03/05 09:43:17 making map order &{0 [../pg-grimm.txt] 3 10}
2024/03/05 09:43:17 making map order &{0 [../pg-huckleberry_finn.txt] 4 10}
2024/03/05 09:43:17 making map order &{0 [../pg-metamorphosis.txt] 5 10}
2024/03/05 09:43:17 making map order &{0 [../pg-sherlock_holmes.txt] 6 10}
2024/03/05 09:43:17 making map order &{0 [../pg-tom_sawyer.txt] 7 10}
2024/03/05 09:43:17 done with make map order
2024/03/05 09:43:17 Map: 0 done vs. 8 working, Reduce 0 done vs. 0 working
2024/03/05 09:43:18 Coordinator work
2024/03/05 09:43:18 Coordinator status 0
2024/03/05 09:43:18 IsDone &{0 2024-03-05 09:43:18.511614429 +0800 CST m=+1.020700689 0xc00009dd40} true
2024/03/05 09:43:18 Order 0 finish Map
2024/03/05 09:43:18 Coordinator work
2024/03/05 09:43:18 Coordinator status 0
2024/03/05 09:43:18 IsDone &{0 2024-03-05 09:43:18.522348088 +0800 CST m=+1.031434337 0xc00009ddd0} true
2024/03/05 09:43:18 Order 1 finish Map
2024/03/05 09:43:19 Coordinator work
2024/03/05 09:43:19 Coordinator status 0
2024/03/05 09:43:19 IsDone &{0 2024-03-05 09:43:19.523508391 +0800 CST m=+2.032594644 0xc00009de60} true
2024/03/05 09:43:19 Order 2 finish Map
2024/03/05 09:43:19 Coordinator work
2024/03/05 09:43:19 Coordinator status 0
2024/03/05 09:43:19 IsDone &{0 2024-03-05 09:43:19.540625533 +0800 CST m=+2.049711788 0xc00009def0} true
2024/03/05 09:43:19 Order 3 finish Map
2024/03/05 09:43:20 Coordinator work
2024/03/05 09:43:20 Coordinator status 0
2024/03/05 09:43:20 Coordinator work
2024/03/05 09:43:20 Coordinator status 0
2024/03/05 09:43:20 IsDone &{0 2024-03-05 09:43:20.539186004 +0800 CST m=+3.048272258 0xc00009df80} true
2024/03/05 09:43:20 Order 4 finish Map
2024/03/05 09:43:20 IsDone &{0 2024-03-05 09:43:20.557044753 +0800 CST m=+3.066131008 0xc000118030} true
2024/03/05 09:43:20 Order 5 finish Map
2024/03/05 09:43:21 Coordinator work
2024/03/05 09:43:21 Coordinator status 0
2024/03/05 09:43:21 Coordinator work
2024/03/05 09:43:21 Coordinator status 0
2024/03/05 09:43:21 IsDone &{0 2024-03-05 09:43:21.57318282 +0800 CST m=+4.082269074 0xc000118150} true
2024/03/05 09:43:21 Order 7 finish Map
2024/03/05 09:43:21 IsDone &{0 2024-03-05 09:43:21.56161153 +0800 CST m=+4.070697778 0xc0001180c0} true
2024/03/05 09:43:21 Order 6 finish Map
2024/03/05 09:43:22 Coordinator work
2024/03/05 09:43:22 Coordinator status 0
2024/03/05 09:43:22 Coordinator work
2024/03/05 09:43:22 Map: 8 done vs. 0 working, Reduce 0 done vs. 0 working
2024/03/05 09:43:22 forward: forward to Reuce Phase
2024/03/05 09:43:22 making reduce order : 8
2024/03/05 09:43:22 making reduce order : 9
2024/03/05 09:43:22 making reduce order : 10
2024/03/05 09:43:22 making reduce order : 11
2024/03/05 09:43:22 making reduce order : 12
2024/03/05 09:43:22 making reduce order : 13
2024/03/05 09:43:22 making reduce order : 14
2024/03/05 09:43:22 making reduce order : 15
2024/03/05 09:43:22 making reduce order : 16
2024/03/05 09:43:22 making reduce order : 17
2024/03/05 09:43:22 done with make reduce order
2024/03/05 09:43:22 Map: 8 done vs. 0 working, Reduce 0 done vs. 10 working
2024/03/05 09:43:22 Coordinator status 1
2024/03/05 09:43:23 Order 8 finish Reduce
2024/03/05 09:43:24 Coordinator work
2024/03/05 09:43:24 Coordinator status 1
2024/03/05 09:43:24 Coordinator work
2024/03/05 09:43:24 Coordinator status 1
2024/03/05 09:43:25 Order 9 finish Reduce
2024/03/05 09:43:25 Order 10 finish Reduce
2024/03/05 09:43:26 Coordinator work
2024/03/05 09:43:26 Coordinator status 1
2024/03/05 09:43:26 Coordinator work
2024/03/05 09:43:26 Coordinator status 1
2024/03/05 09:43:28 Order 11 finish Reduce
2024/03/05 09:43:28 Order 12 finish Reduce
2024/03/05 09:43:29 Coordinator work
2024/03/05 09:43:29 Coordinator status 1
2024/03/05 09:43:29 Coordinator work
2024/03/05 09:43:29 Coordinator status 1
2024/03/05 09:43:30 Order 13 finish Reduce
2024/03/05 09:43:30 Order 14 finish Reduce
2024/03/05 09:43:31 Coordinator work
2024/03/05 09:43:31 Coordinator status 1
2024/03/05 09:43:31 Order 15 finish Reduce
2024/03/05 09:43:31 Coordinator work
2024/03/05 09:43:31 Coordinator status 1
2024/03/05 09:43:31 Order 16 finish Reduce
2024/03/05 09:43:32 Coordinator work
2024/03/05 09:43:32 Coordinator status 1
2024/03/05 09:43:32 Coordinator work
2024/03/05 09:43:32 Coordinator status 1
2024/03/05 09:43:32 Map: 8 done vs. 0 working, Reduce 9 done vs. 1 working
2024/03/05 09:43:33 Order 17 finish Reduce
2024/03/05 09:43:34 Coordinator work
2024/03/05 09:43:34 Coordinator status 1
2024/03/05 09:43:34 Map: 8 done vs. 0 working, Reduce 10 done vs. 0 working
2024/03/05 09:43:34 forward: forward to done phase
2024/03/05 09:43:34 Coordinator work
2024/03/05 09:43:34 Coordinator status 2
