2024/03/05 09:46:13 making map order &{0 [../pg-being_ernest.txt] 0 10}
2024/03/05 09:46:13 making map order &{0 [../pg-dorian_gray.txt] 1 10}
2024/03/05 09:46:13 making map order &{0 [../pg-frankenstein.txt] 2 10}
2024/03/05 09:46:13 making map order &{0 [../pg-grimm.txt] 3 10}
2024/03/05 09:46:13 making map order &{0 [../pg-huckleberry_finn.txt] 4 10}
2024/03/05 09:46:13 making map order &{0 [../pg-metamorphosis.txt] 5 10}
2024/03/05 09:46:13 making map order &{0 [../pg-sherlock_holmes.txt] 6 10}
2024/03/05 09:46:13 making map order &{0 [../pg-tom_sawyer.txt] 7 10}
2024/03/05 09:46:13 done with make map order
2024/03/05 09:46:13 Map: 0 done vs. 8 working, Reduce 0 done vs. 0 working
2024/03/05 09:46:14 Coordinator work
2024/03/05 09:46:14 Coordinator status 0
2024/03/05 09:46:14 Coordinator work
2024/03/05 09:46:14 Coordinator status 0
2024/03/05 09:46:18 IsDone &{0 2024-03-05 09:46:14.311839072 +0800 CST m=+1.020144815 0xc000072240} true
2024/03/05 09:46:18 Order 0 finish Map
2024/03/05 09:46:18 IsDone &{0 2024-03-05 09:46:14.315151816 +0800 CST m=+1.023457560 0xc0000722d0} true
2024/03/05 09:46:18 Order 1 finish Map
2024/03/05 09:46:19 Coordinator work
2024/03/05 09:46:19 Coordinator status 0
2024/03/05 09:46:19 Coordinator work
2024/03/05 09:46:19 Coordinator status 0
2024/03/05 09:46:23 IsDone &{0 2024-03-05 09:46:19.406926799 +0800 CST m=+6.115232542 0xc000072360} true
2024/03/05 09:46:23 Order 2 finish Map
2024/03/05 09:46:23 IsDone &{0 2024-03-05 09:46:19.415480859 +0800 CST m=+6.123786606 0xc0000723f0} true
2024/03/05 09:46:23 Order 3 finish Map
2024/03/05 09:46:24 Coordinator work
2024/03/05 09:46:24 Coordinator status 0
2024/03/05 09:46:24 Coordinator work
2024/03/05 09:46:24 Coordinator status 0
2024/03/05 09:46:28 IsDone &{0 2024-03-05 09:46:24.322523246 +0800 CST m=+11.030828988 0xc000072510} true
2024/03/05 09:46:28 Order 5 finish Map
2024/03/05 09:46:28 IsDone &{0 2024-03-05 09:46:24.322000228 +0800 CST m=+11.030305968 0xc000072480} true
2024/03/05 09:46:28 Order 4 finish Map
2024/03/05 09:46:29 Coordinator work
2024/03/05 09:46:29 Coordinator status 0
2024/03/05 09:46:29 Coordinator work
2024/03/05 09:46:29 Coordinator status 0
2024/03/05 09:46:31 IsDone &{0 2024-03-05 09:46:29.189961968 +0800 CST m=+15.898267711 0xc000072630} true
2024/03/05 09:46:31 Order 7 finish Map
2024/03/05 09:46:31 IsDone &{0 2024-03-05 09:46:29.185920403 +0800 CST m=+15.894226143 0xc0000725a0} true
2024/03/05 09:46:31 Order 6 finish Map
2024/03/05 09:46:32 Coordinator work
2024/03/05 09:46:32 Coordinator status 0
2024/03/05 09:46:32 Map: 8 done vs. 0 working, Reduce 0 done vs. 0 working
2024/03/05 09:46:32 forward: forward to Reuce Phase
2024/03/05 09:46:32 making reduce order : 8
2024/03/05 09:46:32 making reduce order : 9
2024/03/05 09:46:32 making reduce order : 10
2024/03/05 09:46:32 making reduce order : 11
2024/03/05 09:46:32 making reduce order : 12
2024/03/05 09:46:32 making reduce order : 13
2024/03/05 09:46:32 making reduce order : 14
2024/03/05 09:46:32 Coordinator work
2024/03/05 09:46:32 making reduce order : 15
2024/03/05 09:46:32 making reduce order : 16
2024/03/05 09:46:32 making reduce order : 17
2024/03/05 09:46:32 done with make reduce order
2024/03/05 09:46:32 Map: 8 done vs. 0 working, Reduce 0 done vs. 10 working
2024/03/05 09:46:32 Coordinator status 1
2024/03/05 09:46:32 Order 8 finish Reduce
2024/03/05 09:46:33 Coordinator work
2024/03/05 09:46:33 Coordinator status 1
2024/03/05 09:46:33 Order 9 finish Reduce
2024/03/05 09:46:34 Coordinator work
2024/03/05 09:46:34 Coordinator status 1
2024/03/05 09:46:34 Order 10 finish Reduce
2024/03/05 09:46:34 Coordinator work
2024/03/05 09:46:34 Coordinator status 1
2024/03/05 09:46:34 Order 11 finish Reduce
2024/03/05 09:46:35 Coordinator work
2024/03/05 09:46:35 Coordinator status 1
2024/03/05 09:46:35 Order 12 finish Reduce
2024/03/05 09:46:35 Coordinator work
2024/03/05 09:46:35 Coordinator status 1
2024/03/05 09:46:35 Order 13 finish Reduce
2024/03/05 09:46:36 Coordinator work
2024/03/05 09:46:36 Coordinator status 1
2024/03/05 09:46:36 Order 14 finish Reduce
2024/03/05 09:46:36 Coordinator work
2024/03/05 09:46:36 Coordinator status 1
2024/03/05 09:46:36 Order 15 finish Reduce
2024/03/05 09:46:37 Coordinator work
2024/03/05 09:46:37 Coordinator status 1
2024/03/05 09:46:37 Order 16 finish Reduce
2024/03/05 09:46:37 Coordinator work
2024/03/05 09:46:37 Coordinator status 1
2024/03/05 09:46:37 Order 17 finish Reduce
2024/03/05 09:46:38 Coordinator work
2024/03/05 09:46:38 Coordinator status 1
2024/03/05 09:46:38 Map: 8 done vs. 0 working, Reduce 10 done vs. 0 working
2024/03/05 09:46:38 forward: forward to done phase
2024/03/05 09:46:38 Coordinator work
2024/03/05 09:46:38 Coordinator status 2
