2024/03/05 13:31:13 making map order &{0 [../pg-being_ernest.txt] 0 10}
2024/03/05 13:31:13 making map order &{0 [../pg-dorian_gray.txt] 1 10}
2024/03/05 13:31:13 making map order &{0 [../pg-frankenstein.txt] 2 10}
2024/03/05 13:31:13 making map order &{0 [../pg-grimm.txt] 3 10}
2024/03/05 13:31:13 making map order &{0 [../pg-huckleberry_finn.txt] 4 10}
2024/03/05 13:31:13 making map order &{0 [../pg-metamorphosis.txt] 5 10}
2024/03/05 13:31:13 making map order &{0 [../pg-sherlock_holmes.txt] 6 10}
2024/03/05 13:31:13 making map order &{0 [../pg-tom_sawyer.txt] 7 10}
2024/03/05 13:31:13 done with make map order
2024/03/05 13:31:13 Map: 0 done vs. 8 working, Reduce 0 done vs. 0 working
2024/03/05 13:31:14 Coordinator work
2024/03/05 13:31:14 Coordinator status 0
2024/03/05 13:31:14 Coordinator work
2024/03/05 13:31:14 Coordinator status 0
2024/03/05 13:31:14 Coordinator work
2024/03/05 13:31:14 Coordinator status 0
2024/03/05 13:31:14 Coordinator work
2024/03/05 13:31:14 Coordinator status 0
2024/03/05 13:31:15 Coordinator work
2024/03/05 13:31:15 Coordinator status 0
2024/03/05 13:31:15 Coordinator work
2024/03/05 13:31:15 Coordinator status 0
2024/03/05 13:31:15 IsDone &{0 2024-03-05 13:31:15.37812183 +0800 CST m=+2.107971358 0xc00011c300} true
2024/03/05 13:31:15 Order 5 finish Map
2024/03/05 13:31:16 Coordinator work
2024/03/05 13:31:16 Coordinator status 0
2024/03/05 13:31:16 IsDone &{0 2024-03-05 13:31:16.392489806 +0800 CST m=+3.122339349 0xc00011c390} true
2024/03/05 13:31:16 Order 6 finish Map
2024/03/05 13:31:16 Coordinator work
2024/03/05 13:31:16 Coordinator status 0
2024/03/05 13:31:17 Coordinator work
2024/03/05 13:31:17 Coordinator status 0
2024/03/05 13:31:17 Map: 2 done vs. 6 working, Reduce 0 done vs. 0 working
2024/03/05 13:31:18 IsDone &{0 2024-03-05 13:31:16.421167156 +0800 CST m=+3.151016683 0xc00011c420} true
2024/03/05 13:31:18 Order 7 finish Map
2024/03/05 13:31:19 Coordinator work
2024/03/05 13:31:19 Coordinator status 0
2024/03/05 13:31:19 Map: 3 done vs. 5 working, Reduce 0 done vs. 0 working
2024/03/05 13:31:19 Coordinator work
2024/03/05 13:31:19 Coordinator status 0
2024/03/05 13:31:19 Map: 3 done vs. 5 working, Reduce 0 done vs. 0 working
2024/03/05 13:31:19 IsDone &{0 2024-03-05 13:31:14.320380334 +0800 CST m=+1.050229853 0xc00011c030} true
2024/03/05 13:31:19 Order 0 finish Map
2024/03/05 13:31:20 Coordinator work
2024/03/05 13:31:20 Coordinator status 0
2024/03/05 13:31:20 Map: 4 done vs. 4 working, Reduce 0 done vs. 0 working
2024/03/05 13:31:21 Coordinator work
2024/03/05 13:31:21 Coordinator status 0
2024/03/05 13:31:21 Map: 4 done vs. 4 working, Reduce 0 done vs. 0 working
2024/03/05 13:31:21 Coordinator work
2024/03/05 13:31:21 Coordinator status 0
2024/03/05 13:31:21 Map: 4 done vs. 4 working, Reduce 0 done vs. 0 working
2024/03/05 13:31:22 Coordinator work
2024/03/05 13:31:22 Coordinator status 0
2024/03/05 13:31:22 Map: 4 done vs. 4 working, Reduce 0 done vs. 0 working
2024/03/05 13:31:22 IsDone &{0 2024-03-05 13:31:14.339306008 +0800 CST m=+1.069155532 0xc00011c1e0} true
2024/03/05 13:31:22 Order 3 finish Map
2024/03/05 13:31:23 Coordinator work
2024/03/05 13:31:23 Coordinator status 0
2024/03/05 13:31:23 Map: 5 done vs. 3 working, Reduce 0 done vs. 0 working
2024/03/05 13:31:23 Coordinator work
2024/03/05 13:31:23 Coordinator status 0
2024/03/05 13:31:23 Map: 5 done vs. 3 working, Reduce 0 done vs. 0 working
2024/03/05 13:31:23 Coordinator work
2024/03/05 13:31:23 Coordinator status 0
2024/03/05 13:31:23 Map: 5 done vs. 3 working, Reduce 0 done vs. 0 working
2024/03/05 13:31:24 Coordinator work
2024/03/05 13:31:24 Coordinator status 0
2024/03/05 13:31:24 Map: 5 done vs. 3 working, Reduce 0 done vs. 0 working
2024/03/05 13:31:25 Coordinator work
2024/03/05 13:31:25 Coordinator status 0
2024/03/05 13:31:25 Map: 5 done vs. 3 working, Reduce 0 done vs. 0 working
2024/03/05 13:31:25 Coordiantor restart Map order 2
2024/03/05 13:31:25 Coordiantor restart Map order 1
2024/03/05 13:31:25 Coordinator work
2024/03/05 13:31:25 Coordinator status 0
2024/03/05 13:31:25 IsDone &{0 2024-03-05 13:31:25.431712501 +0800 CST m=+12.161562028 0xc00011c150} true
2024/03/05 13:31:25 Order 2 finish Map
2024/03/05 13:31:25 Coordinator work
2024/03/05 13:31:25 Coordinator status 0
2024/03/05 13:31:26 Coordiantor restart Map order 4
2024/03/05 13:31:26 Coordinator work
2024/03/05 13:31:26 Coordinator status 0
2024/03/05 13:31:26 IsDone &{0 2024-03-05 13:31:26.44727627 +0800 CST m=+13.177125791 0xc00011c270} true
2024/03/05 13:31:26 Order 4 finish Map
2024/03/05 13:31:26 Coordinator work
2024/03/05 13:31:26 Coordinator status 0
2024/03/05 13:31:26 Map: 7 done vs. 1 working, Reduce 0 done vs. 0 working
2024/03/05 13:31:27 Coordinator work
2024/03/05 13:31:27 Coordinator status 0
2024/03/05 13:31:27 Map: 7 done vs. 1 working, Reduce 0 done vs. 0 working
2024/03/05 13:31:27 Coordinator work
2024/03/05 13:31:27 Coordinator status 0
2024/03/05 13:31:27 Map: 7 done vs. 1 working, Reduce 0 done vs. 0 working
2024/03/05 13:31:28 IsDone &{0 2024-03-05 13:31:25.937115348 +0800 CST m=+12.666964874 0xc00011c0c0} true
2024/03/05 13:31:28 Order 1 finish Map
2024/03/05 13:31:28 Coordinator work
2024/03/05 13:31:28 Coordinator status 0
2024/03/05 13:31:28 Map: 8 done vs. 0 working, Reduce 0 done vs. 0 working
2024/03/05 13:31:28 forward: forward to Reuce Phase
2024/03/05 13:31:28 making reduce order : 8
2024/03/05 13:31:28 making reduce order : 9
2024/03/05 13:31:28 making reduce order : 10
2024/03/05 13:31:28 making reduce order : 11
2024/03/05 13:31:28 making reduce order : 12
2024/03/05 13:31:28 making reduce order : 13
2024/03/05 13:31:28 making reduce order : 14
2024/03/05 13:31:28 making reduce order : 15
2024/03/05 13:31:28 making reduce order : 16
2024/03/05 13:31:28 making reduce order : 17
2024/03/05 13:31:28 done with make reduce order
2024/03/05 13:31:28 Map: 8 done vs. 0 working, Reduce 0 done vs. 10 working
2024/03/05 13:31:29 Coordinator work
2024/03/05 13:31:29 Coordinator status 1
2024/03/05 13:31:29 Coordinator work
2024/03/05 13:31:29 Coordinator status 1
2024/03/05 13:31:29 Order 9 finish Reduce
2024/03/05 13:31:29 Coordinator work
2024/03/05 13:31:29 Coordinator status 1
2024/03/05 13:31:30 Order 8 finish Reduce
2024/03/05 13:31:30 Coordinator work
2024/03/05 13:31:30 Coordinator status 1
2024/03/05 13:31:30 Order 11 finish Reduce
2024/03/05 13:31:30 Coordinator work
2024/03/05 13:31:30 Coordinator status 1
2024/03/05 13:31:30 Order 12 finish Reduce
2024/03/05 13:31:30 Coordinator work
2024/03/05 13:31:30 Coordinator status 1
2024/03/05 13:31:30 Order 13 finish Reduce
2024/03/05 13:31:31 Coordinator work
2024/03/05 13:31:31 Coordinator status 1
2024/03/05 13:31:31 Order 14 finish Reduce
2024/03/05 13:31:31 Coordinator work
2024/03/05 13:31:31 Coordinator status 1
2024/03/05 13:31:31 Order 15 finish Reduce
2024/03/05 13:31:31 Coordinator work
2024/03/05 13:31:31 Coordinator status 1
2024/03/05 13:31:31 Order 16 finish Reduce
2024/03/05 13:31:31 Coordinator work
2024/03/05 13:31:31 Coordinator status 1
2024/03/05 13:31:32 Coordinator work
2024/03/05 13:31:32 Coordinator status 1
2024/03/05 13:31:32 Map: 8 done vs. 0 working, Reduce 8 done vs. 2 working
2024/03/05 13:31:32 Coordinator work
2024/03/05 13:31:32 Coordinator status 1
2024/03/05 13:31:32 Map: 8 done vs. 0 working, Reduce 8 done vs. 2 working
2024/03/05 13:31:32 Coordinator work
2024/03/05 13:31:32 Coordinator status 1
2024/03/05 13:31:32 Map: 8 done vs. 0 working, Reduce 8 done vs. 2 working
2024/03/05 13:31:34 Coordinator work
2024/03/05 13:31:34 Coordinator status 1
2024/03/05 13:31:34 Map: 8 done vs. 0 working, Reduce 8 done vs. 2 working
2024/03/05 13:31:34 Coordinator work
2024/03/05 13:31:34 Coordinator status 1
2024/03/05 13:31:34 Map: 8 done vs. 0 working, Reduce 8 done vs. 2 working
2024/03/05 13:31:34 Order 17 finish Reduce
2024/03/05 13:31:34 Coordinator work
2024/03/05 13:31:34 Coordinator status 1
2024/03/05 13:31:34 Map: 8 done vs. 0 working, Reduce 9 done vs. 1 working
2024/03/05 13:31:35 Coordinator work
2024/03/05 13:31:35 Coordinator status 1
2024/03/05 13:31:35 Map: 8 done vs. 0 working, Reduce 9 done vs. 1 working
2024/03/05 13:31:36 Coordinator work
2024/03/05 13:31:36 Coordinator status 1
2024/03/05 13:31:36 Map: 8 done vs. 0 working, Reduce 9 done vs. 1 working
2024/03/05 13:31:36 Coordinator work
2024/03/05 13:31:36 Coordinator status 1
2024/03/05 13:31:36 Map: 8 done vs. 0 working, Reduce 9 done vs. 1 working
2024/03/05 13:31:36 Coordinator work
2024/03/05 13:31:36 Coordinator status 1
2024/03/05 13:31:36 Map: 8 done vs. 0 working, Reduce 9 done vs. 1 working
2024/03/05 13:31:37 Coordinator work
2024/03/05 13:31:37 Coordinator status 1
2024/03/05 13:31:37 Map: 8 done vs. 0 working, Reduce 9 done vs. 1 working
2024/03/05 13:31:38 Coordinator work
2024/03/05 13:31:38 Coordinator status 1
2024/03/05 13:31:38 Map: 8 done vs. 0 working, Reduce 9 done vs. 1 working
2024/03/05 13:31:38 Coordinator work
2024/03/05 13:31:38 Coordinator status 1
2024/03/05 13:31:38 Map: 8 done vs. 0 working, Reduce 9 done vs. 1 working
2024/03/05 13:31:38 Coordinator work
2024/03/05 13:31:38 Coordinator status 1
2024/03/05 13:31:38 Map: 8 done vs. 0 working, Reduce 9 done vs. 1 working
2024/03/05 13:31:39 Coordinator work
2024/03/05 13:31:39 Coordinator status 1
2024/03/05 13:31:39 Map: 8 done vs. 0 working, Reduce 9 done vs. 1 working
2024/03/05 13:31:40 Coordinator work
2024/03/05 13:31:40 Coordinator status 1
2024/03/05 13:31:40 Map: 8 done vs. 0 working, Reduce 9 done vs. 1 working
2024/03/05 13:31:40 Coordiantor restart Reduce order 10
2024/03/05 13:31:40 Coordinator work
2024/03/05 13:31:40 Coordinator status 1
2024/03/05 13:31:40 Order 10 finish Reduce
2024/03/05 13:31:40 Coordinator work
2024/03/05 13:31:40 Coordinator status 1
2024/03/05 13:31:40 Map: 8 done vs. 0 working, Reduce 10 done vs. 0 working
2024/03/05 13:31:40 forward: forward to done phase
2024/03/05 13:31:41 Coordinator work
2024/03/05 13:31:41 Coordinator status 2
2024/03/05 13:31:41 Coordinator work
2024/03/05 13:31:41 Coordinator status 2
2024/03/05 13:31:42 Coordinator work
2024/03/05 13:31:42 Coordinator status 2
