2024/03/05 08:39:09 making map order &{0 [../pg-being_ernest.txt] 0 10}
2024/03/05 08:39:09 making map order &{0 [../pg-dorian_gray.txt] 1 10}
2024/03/05 08:39:09 making map order &{0 [../pg-frankenstein.txt] 2 10}
2024/03/05 08:39:09 making map order &{0 [../pg-grimm.txt] 3 10}
2024/03/05 08:39:09 making map order &{0 [../pg-huckleberry_finn.txt] 4 10}
2024/03/05 08:39:09 making map order &{0 [../pg-metamorphosis.txt] 5 10}
2024/03/05 08:39:09 making map order &{0 [../pg-sherlock_holmes.txt] 6 10}
2024/03/05 08:39:09 making map order &{0 [../pg-tom_sawyer.txt] 7 10}
2024/03/05 08:39:09 done with make map order
2024/03/05 08:39:09 Map: 0 done vs. 8 working, Reduce 0 done vs. 0 working
2024/03/05 08:39:10 Coordinator work
2024/03/05 08:39:10 Coordinator status 0
2024/03/05 08:39:10 Coordinator work
2024/03/05 08:39:10 Coordinator status 0
2024/03/05 08:39:10 IsDone &{0 2024-03-05 08:39:10.545473214 +0800 CST m=+1.014963818 0xc000079dd0} true
2024/03/05 08:39:10 Order 0 finish Map
2024/03/05 08:39:10 IsDone &{0 2024-03-05 08:39:10.550292469 +0800 CST m=+1.019783079 0xc000079e60} true
2024/03/05 08:39:10 Order 1 finish Map
2024/03/05 08:39:11 Coordinator work
2024/03/05 08:39:11 Coordinator status 0
2024/03/05 08:39:11 Coordinator work
2024/03/05 08:39:11 Coordinator status 0
2024/03/05 08:39:11 IsDone &{0 2024-03-05 08:39:11.766377816 +0800 CST m=+2.235868426 0xc000079f80} true
2024/03/05 08:39:11 Order 3 finish Map
2024/03/05 08:39:11 IsDone &{0 2024-03-05 08:39:11.709667821 +0800 CST m=+2.179158424 0xc000079ef0} true
2024/03/05 08:39:11 Order 2 finish Map
2024/03/05 08:39:12 Coordinator work
2024/03/05 08:39:12 Coordinator status 0
2024/03/05 08:39:12 Coordinator work
2024/03/05 08:39:12 Coordinator status 0
2024/03/05 08:39:13 IsDone &{0 2024-03-05 08:39:12.994166151 +0800 CST m=+3.463656760 0xc0001640c0} true
2024/03/05 08:39:13 Order 5 finish Map
2024/03/05 08:39:13 IsDone &{0 2024-03-05 08:39:12.978594477 +0800 CST m=+3.448085087 0xc000164030} true
2024/03/05 08:39:13 Order 4 finish Map
2024/03/05 08:39:14 Coordinator work
2024/03/05 08:39:14 Coordinator status 0
2024/03/05 08:39:14 Coordinator work
2024/03/05 08:39:14 Coordinator status 0
2024/03/05 08:39:14 IsDone &{0 2024-03-05 08:39:14.09804849 +0800 CST m=+4.567539097 0xc000164150} true
2024/03/05 08:39:14 Order 6 finish Map
2024/03/05 08:39:14 IsDone &{0 2024-03-05 08:39:14.22213765 +0800 CST m=+4.691628251 0xc0001641e0} true
2024/03/05 08:39:14 Order 7 finish Map
2024/03/05 08:39:15 Coordinator work
2024/03/05 08:39:15 Coordinator status 0
2024/03/05 08:39:15 Map: 8 done vs. 0 working, Reduce 0 done vs. 0 working
2024/03/05 08:39:15 forward: forward to Reuce Phase
2024/03/05 08:39:15 making reduce order : 8
2024/03/05 08:39:15 making reduce order : 9
2024/03/05 08:39:15 making reduce order : 10
2024/03/05 08:39:15 making reduce order : 11
2024/03/05 08:39:15 making reduce order : 12
2024/03/05 08:39:15 making reduce order : 13
2024/03/05 08:39:15 making reduce order : 14
2024/03/05 08:39:15 making reduce order : 15
2024/03/05 08:39:15 making reduce order : 16
2024/03/05 08:39:15 making reduce order : 17
2024/03/05 08:39:15 done with make reduce order
2024/03/05 08:39:15 Map: 8 done vs. 0 working, Reduce 0 done vs. 10 working
2024/03/05 08:39:15 Coordinator work
2024/03/05 08:39:15 Coordinator status 1
2024/03/05 08:39:15 Order 8 finish Reduce
2024/03/05 08:39:16 Coordinator work
2024/03/05 08:39:16 Coordinator status 1
2024/03/05 08:39:16 Order 9 finish Reduce
2024/03/05 08:39:17 Coordinator work
2024/03/05 08:39:17 Coordinator status 1
2024/03/05 08:39:17 Order 10 finish Reduce
2024/03/05 08:39:17 Coordinator work
2024/03/05 08:39:17 Coordinator status 1
2024/03/05 08:39:17 Order 11 finish Reduce
2024/03/05 08:39:18 Coordinator work
2024/03/05 08:39:18 Coordinator status 1
2024/03/05 08:39:18 Order 12 finish Reduce
2024/03/05 08:39:18 Coordinator work
2024/03/05 08:39:18 Coordinator status 1
2024/03/05 08:39:18 Order 13 finish Reduce
2024/03/05 08:39:19 Coordinator work
2024/03/05 08:39:19 Coordinator status 1
2024/03/05 08:39:19 Order 14 finish Reduce
2024/03/05 08:39:19 Coordinator work
2024/03/05 08:39:19 Coordinator status 1
2024/03/05 08:39:20 Order 15 finish Reduce
2024/03/05 08:39:20 Coordinator work
2024/03/05 08:39:20 Coordinator status 1
2024/03/05 08:39:20 Order 16 finish Reduce
2024/03/05 08:39:21 Coordinator work
2024/03/05 08:39:21 Coordinator status 1
2024/03/05 08:39:21 Order 17 finish Reduce
2024/03/05 08:39:21 Coordinator work
2024/03/05 08:39:21 Coordinator status 1
2024/03/05 08:39:21 Map: 8 done vs. 0 working, Reduce 10 done vs. 0 working
2024/03/05 08:39:21 forward: forward to done phase
2024/03/05 08:39:22 Coordinator work
2024/03/05 08:39:22 Coordinator status 2
