2024/03/04 22:16:20 making map order &{0 [../pg-being_ernest.txt] 0 10}
2024/03/04 22:16:20 making map order &{0 [../pg-dorian_gray.txt] 1 10}
2024/03/04 22:16:20 making map order &{0 [../pg-frankenstein.txt] 2 10}
2024/03/04 22:16:20 making map order &{0 [../pg-grimm.txt] 3 10}
2024/03/04 22:16:20 making map order &{0 [../pg-huckleberry_finn.txt] 4 10}
2024/03/04 22:16:20 making map order &{0 [../pg-metamorphosis.txt] 5 10}
2024/03/04 22:16:20 making map order &{0 [../pg-sherlock_holmes.txt] 6 10}
2024/03/04 22:16:20 making map order &{0 [../pg-tom_sawyer.txt] 7 10}
2024/03/04 22:16:20 done with make map order
2024/03/04 22:16:20 Map: 0 done vs. 8 working, Reduce 0 done vs. 0 working
2024/03/04 22:16:21 Coordinator work
2024/03/04 22:16:21 Coordinator status 0
2024/03/04 22:16:21 IsDone &{0 2024-03-04 22:16:21.310354279 +0800 CST m=+1.032395397 0xc00007bd70} true
2024/03/04 22:16:21 Order 0 finish Map
2024/03/04 22:16:21 Coordinator work
2024/03/04 22:16:21 Coordinator status 0
2024/03/04 22:16:21 IsDone &{0 2024-03-04 22:16:21.317717102 +0800 CST m=+1.039758220 0xc00007be00} true
2024/03/04 22:16:21 Order 1 finish Map
2024/03/04 22:16:22 Coordinator work
2024/03/04 22:16:22 Coordinator status 0
2024/03/04 22:16:22 IsDone &{0 2024-03-04 22:16:22.320106207 +0800 CST m=+2.042147361 0xc00007be90} true
2024/03/04 22:16:22 Order 2 finish Map
2024/03/04 22:16:22 Coordinator work
2024/03/04 22:16:22 Coordinator status 0
2024/03/04 22:16:22 IsDone &{0 2024-03-04 22:16:22.336928728 +0800 CST m=+2.058969849 0xc00007bf20} true
2024/03/04 22:16:22 Order 3 finish Map
2024/03/04 22:16:23 Coordinator work
2024/03/04 22:16:23 Coordinator status 0
2024/03/04 22:16:23 IsDone &{0 2024-03-04 22:16:23.336396248 +0800 CST m=+3.058437367 0xc00007bfb0} true
2024/03/04 22:16:23 Order 4 finish Map
2024/03/04 22:16:23 Coordinator work
2024/03/04 22:16:23 Coordinator status 0
2024/03/04 22:16:23 IsDone &{0 2024-03-04 22:16:23.358342809 +0800 CST m=+3.080383933 0xc00016a060} true
2024/03/04 22:16:23 Order 5 finish Map
2024/03/04 22:16:24 Coordinator work
2024/03/04 22:16:24 Coordinator status 0
2024/03/04 22:16:24 Coordinator work
2024/03/04 22:16:24 Coordinator status 0
2024/03/04 22:16:24 IsDone &{0 2024-03-04 22:16:24.369043595 +0800 CST m=+4.091084716 0xc00016a180} true
2024/03/04 22:16:24 Order 7 finish Map
2024/03/04 22:16:24 IsDone &{0 2024-03-04 22:16:24.359772529 +0800 CST m=+4.081813651 0xc00016a0f0} true
2024/03/04 22:16:24 Order 6 finish Map
2024/03/04 22:16:25 Coordinator work
2024/03/04 22:16:25 Coordinator status 0
2024/03/04 22:16:25 Map: 8 done vs. 0 working, Reduce 0 done vs. 0 working
2024/03/04 22:16:25 forward: forward to Reuce Phase
2024/03/04 22:16:25 making reduce order : 8
2024/03/04 22:16:25 making reduce order : 9
2024/03/04 22:16:25 making reduce order : 10
2024/03/04 22:16:25 making reduce order : 11
2024/03/04 22:16:25 making reduce order : 12
2024/03/04 22:16:25 Coordinator work
2024/03/04 22:16:25 making reduce order : 13
2024/03/04 22:16:25 making reduce order : 14
2024/03/04 22:16:25 making reduce order : 15
2024/03/04 22:16:25 making reduce order : 16
2024/03/04 22:16:25 making reduce order : 17
2024/03/04 22:16:25 done with make reduce order
2024/03/04 22:16:25 Map: 8 done vs. 0 working, Reduce 0 done vs. 10 working
2024/03/04 22:16:25 Coordinator status 1
2024/03/04 22:16:26 Order 8 finish Reduce
2024/03/04 22:16:27 Coordinator work
2024/03/04 22:16:27 Coordinator status 1
2024/03/04 22:16:27 Coordinator work
2024/03/04 22:16:27 Coordinator status 1
2024/03/04 22:16:28 Order 9 finish Reduce
2024/03/04 22:16:28 Order 10 finish Reduce
2024/03/04 22:16:29 Coordinator work
2024/03/04 22:16:29 Coordinator status 1
2024/03/04 22:16:29 Coordinator work
2024/03/04 22:16:29 Coordinator status 1
2024/03/04 22:16:31 Order 11 finish Reduce
2024/03/04 22:16:31 Order 12 finish Reduce
2024/03/04 22:16:32 Coordinator work
2024/03/04 22:16:32 Coordinator status 1
2024/03/04 22:16:32 Coordinator work
2024/03/04 22:16:32 Coordinator status 1
2024/03/04 22:16:33 Order 13 finish Reduce
2024/03/04 22:16:33 Order 14 finish Reduce
2024/03/04 22:16:34 Coordinator work
2024/03/04 22:16:34 Coordinator status 1
2024/03/04 22:16:34 Order 15 finish Reduce
2024/03/04 22:16:34 Coordinator work
2024/03/04 22:16:34 Coordinator status 1
2024/03/04 22:16:34 Order 16 finish Reduce
2024/03/04 22:16:35 Coordinator work
2024/03/04 22:16:35 Coordinator status 1
2024/03/04 22:16:35 Coordinator work
2024/03/04 22:16:35 Coordinator status 1
2024/03/04 22:16:35 Map: 8 done vs. 0 working, Reduce 9 done vs. 1 working
2024/03/04 22:16:36 Order 17 finish Reduce
2024/03/04 22:16:37 Coordinator work
2024/03/04 22:16:37 Coordinator status 1
2024/03/04 22:16:37 Map: 8 done vs. 0 working, Reduce 10 done vs. 0 working
2024/03/04 22:16:37 forward: forward to done phase
2024/03/04 22:16:37 Coordinator work
2024/03/04 22:16:37 Coordinator status 2
