2024/03/05 12:44:22 making map order &{0 [../pg-being_ernest.txt] 0 10}
2024/03/05 12:44:22 making map order &{0 [../pg-dorian_gray.txt] 1 10}
2024/03/05 12:44:22 making map order &{0 [../pg-frankenstein.txt] 2 10}
2024/03/05 12:44:22 making map order &{0 [../pg-grimm.txt] 3 10}
2024/03/05 12:44:22 making map order &{0 [../pg-huckleberry_finn.txt] 4 10}
2024/03/05 12:44:22 making map order &{0 [../pg-metamorphosis.txt] 5 10}
2024/03/05 12:44:22 making map order &{0 [../pg-sherlock_holmes.txt] 6 10}
2024/03/05 12:44:22 making map order &{0 [../pg-tom_sawyer.txt] 7 10}
2024/03/05 12:44:22 done with make map order
2024/03/05 12:44:22 Map: 0 done vs. 8 working, Reduce 0 done vs. 0 working
2024/03/05 12:44:23 Coordinator work
2024/03/05 12:44:23 Coordinator status 0
2024/03/05 12:44:23 Coordinator work
2024/03/05 12:44:23 Coordinator status 0
2024/03/05 12:44:24 IsDone &{0 2024-03-05 12:44:23.499980542 +0800 CST m=+1.050127463 0xc00008a270} true
2024/03/05 12:44:24 Order 0 finish Map
2024/03/05 12:44:24 IsDone &{0 2024-03-05 12:44:23.506256608 +0800 CST m=+1.056403517 0xc00008a300} true
2024/03/05 12:44:24 Order 1 finish Map
2024/03/05 12:44:25 Coordinator work
2024/03/05 12:44:25 Coordinator status 0
2024/03/05 12:44:25 Coordinator work
2024/03/05 12:44:25 Coordinator status 0
2024/03/05 12:44:26 IsDone &{0 2024-03-05 12:44:25.522081832 +0800 CST m=+3.072228735 0xc00008a390} true
2024/03/05 12:44:26 Order 2 finish Map
2024/03/05 12:44:26 IsDone &{0 2024-03-05 12:44:25.525926197 +0800 CST m=+3.076073102 0xc00008a420} true
2024/03/05 12:44:26 Order 3 finish Map
2024/03/05 12:44:27 Coordinator work
2024/03/05 12:44:27 Coordinator status 0
2024/03/05 12:44:27 Coordinator work
2024/03/05 12:44:27 Coordinator status 0
2024/03/05 12:44:28 IsDone &{0 2024-03-05 12:44:27.548987772 +0800 CST m=+5.099134683 0xc00008a540} true
2024/03/05 12:44:28 Order 5 finish Map
2024/03/05 12:44:28 IsDone &{0 2024-03-05 12:44:27.541899617 +0800 CST m=+5.092046526 0xc00008a4b0} true
2024/03/05 12:44:28 Order 4 finish Map
2024/03/05 12:44:29 Coordinator work
2024/03/05 12:44:29 Coordinator status 0
2024/03/05 12:44:29 Coordinator work
2024/03/05 12:44:29 Coordinator status 0
2024/03/05 12:44:30 IsDone &{0 2024-03-05 12:44:29.563716453 +0800 CST m=+7.113863356 0xc00008a5d0} true
2024/03/05 12:44:30 Order 6 finish Map
2024/03/05 12:44:30 IsDone &{0 2024-03-05 12:44:29.567813707 +0800 CST m=+7.117960610 0xc00008a660} true
2024/03/05 12:44:30 Order 7 finish Map
2024/03/05 12:44:31 Coordinator work
2024/03/05 12:44:31 Coordinator status 0
2024/03/05 12:44:31 Map: 8 done vs. 0 working, Reduce 0 done vs. 0 working
2024/03/05 12:44:31 forward: forward to Reuce Phase
2024/03/05 12:44:31 making reduce order : 8
2024/03/05 12:44:31 making reduce order : 9
2024/03/05 12:44:31 making reduce order : 10
2024/03/05 12:44:31 making reduce order : 11
2024/03/05 12:44:31 making reduce order : 12
2024/03/05 12:44:31 making reduce order : 13
2024/03/05 12:44:31 making reduce order : 14
2024/03/05 12:44:31 making reduce order : 15
2024/03/05 12:44:31 making reduce order : 16
2024/03/05 12:44:31 making reduce order : 17
2024/03/05 12:44:31 done with make reduce order
2024/03/05 12:44:31 Map: 8 done vs. 0 working, Reduce 0 done vs. 10 working
2024/03/05 12:44:31 Coordinator work
2024/03/05 12:44:31 Coordinator status 1
2024/03/05 12:44:31 Order 8 finish Reduce
2024/03/05 12:44:32 Coordinator work
2024/03/05 12:44:32 Coordinator status 1
2024/03/05 12:44:32 Order 9 finish Reduce
2024/03/05 12:44:33 Coordinator work
2024/03/05 12:44:33 Coordinator status 1
2024/03/05 12:44:33 Order 10 finish Reduce
2024/03/05 12:44:33 Coordinator work
2024/03/05 12:44:33 Coordinator status 1
2024/03/05 12:44:33 Order 11 finish Reduce
2024/03/05 12:44:34 Coordinator work
2024/03/05 12:44:34 Coordinator status 1
2024/03/05 12:44:34 Order 12 finish Reduce
2024/03/05 12:44:34 Coordinator work
2024/03/05 12:44:34 Coordinator status 1
2024/03/05 12:44:34 Order 13 finish Reduce
2024/03/05 12:44:35 Coordinator work
2024/03/05 12:44:35 Coordinator status 1
2024/03/05 12:44:35 Order 14 finish Reduce
2024/03/05 12:44:35 Coordinator work
2024/03/05 12:44:35 Coordinator status 1
2024/03/05 12:44:35 Order 15 finish Reduce
2024/03/05 12:44:36 Coordinator work
2024/03/05 12:44:36 Coordinator status 1
2024/03/05 12:44:36 Order 16 finish Reduce
2024/03/05 12:44:36 Coordinator work
2024/03/05 12:44:36 Coordinator status 1
2024/03/05 12:44:36 Order 17 finish Reduce
2024/03/05 12:44:37 Coordinator work
2024/03/05 12:44:37 Coordinator status 1
2024/03/05 12:44:37 Map: 8 done vs. 0 working, Reduce 10 done vs. 0 working
2024/03/05 12:44:37 forward: forward to done phase
2024/03/05 12:44:37 Coordinator work
2024/03/05 12:44:37 Coordinator status 2
