2024/03/04 23:47:58 making map order &{0 [../pg-being_ernest.txt] 0 10}
2024/03/04 23:47:58 making map order &{0 [../pg-dorian_gray.txt] 1 10}
2024/03/04 23:47:58 making map order &{0 [../pg-frankenstein.txt] 2 10}
2024/03/04 23:47:58 making map order &{0 [../pg-grimm.txt] 3 10}
2024/03/04 23:47:58 making map order &{0 [../pg-huckleberry_finn.txt] 4 10}
2024/03/04 23:47:58 making map order &{0 [../pg-metamorphosis.txt] 5 10}
2024/03/04 23:47:58 making map order &{0 [../pg-sherlock_holmes.txt] 6 10}
2024/03/04 23:47:58 making map order &{0 [../pg-tom_sawyer.txt] 7 10}
2024/03/04 23:47:58 done with make map order
2024/03/04 23:47:58 Map: 0 done vs. 8 working, Reduce 0 done vs. 0 working
2024/03/04 23:47:59 Coordinator work
2024/03/04 23:47:59 Coordinator status 0
2024/03/04 23:47:59 Coordinator work
2024/03/04 23:47:59 Coordinator status 0
2024/03/04 23:47:59 Coordinator work
2024/03/04 23:47:59 Coordinator status 0
2024/03/04 23:48:00 IsDone &{0 2024-03-04 23:47:59.948647455 +0800 CST m=+1.018703989 0xc000112060} true
2024/03/04 23:48:00 Order 0 finish Map
2024/03/04 23:48:01 IsDone &{0 2024-03-04 23:47:59.986955894 +0800 CST m=+1.057012428 0xc000112180} true
2024/03/04 23:48:01 Order 2 finish Map
2024/03/04 23:48:01 Coordinator work
2024/03/04 23:48:01 Coordinator status 0
2024/03/04 23:48:02 IsDone &{0 2024-03-04 23:47:59.953059063 +0800 CST m=+1.023115595 0xc0001120f0} true
2024/03/04 23:48:02 Order 1 finish Map
2024/03/04 23:48:02 Coordinator work
2024/03/04 23:48:02 Coordinator status 0
2024/03/04 23:48:03 Coordinator work
2024/03/04 23:48:03 Coordinator status 0
2024/03/04 23:48:03 IsDone &{0 2024-03-04 23:48:03.0824433 +0800 CST m=+4.152499840 0xc000112330} true
2024/03/04 23:48:03 Order 5 finish Map
2024/03/04 23:48:03 IsDone &{0 2024-03-04 23:48:01.567769953 +0800 CST m=+2.637826487 0xc000112210} true
2024/03/04 23:48:03 Order 3 finish Map
2024/03/04 23:48:04 IsDone &{0 2024-03-04 23:48:02.551145865 +0800 CST m=+3.621202396 0xc0001122a0} true
2024/03/04 23:48:04 Order 4 finish Map
2024/03/04 23:48:04 Coordinator work
2024/03/04 23:48:04 Coordinator status 0
2024/03/04 23:48:04 Coordinator work
2024/03/04 23:48:04 Coordinator status 0
2024/03/04 23:48:05 Coordinator work
2024/03/04 23:48:05 Coordinator status 0
2024/03/04 23:48:05 Map: 6 done vs. 2 working, Reduce 0 done vs. 0 working
2024/03/04 23:48:06 IsDone &{0 2024-03-04 23:48:04.671841205 +0800 CST m=+5.741897735 0xc000112450} true
2024/03/04 23:48:06 Order 7 finish Map
2024/03/04 23:48:06 IsDone &{0 2024-03-04 23:48:04.583480057 +0800 CST m=+5.653536588 0xc0001123c0} true
2024/03/04 23:48:06 Order 6 finish Map
2024/03/04 23:48:07 Coordinator work
2024/03/04 23:48:07 Coordinator status 0
2024/03/04 23:48:07 Map: 8 done vs. 0 working, Reduce 0 done vs. 0 working
2024/03/04 23:48:07 forward: forward to Reuce Phase
2024/03/04 23:48:07 making reduce order : 8
2024/03/04 23:48:07 making reduce order : 9
2024/03/04 23:48:07 making reduce order : 10
2024/03/04 23:48:07 making reduce order : 11
2024/03/04 23:48:07 making reduce order : 12
2024/03/04 23:48:07 making reduce order : 13
2024/03/04 23:48:07 making reduce order : 14
2024/03/04 23:48:07 making reduce order : 15
2024/03/04 23:48:07 making reduce order : 16
2024/03/04 23:48:07 making reduce order : 17
2024/03/04 23:48:07 done with make reduce order
2024/03/04 23:48:07 Map: 8 done vs. 0 working, Reduce 0 done vs. 10 working
2024/03/04 23:48:07 Coordinator work
2024/03/04 23:48:07 Coordinator status 1
2024/03/04 23:48:07 Coordinator work
2024/03/04 23:48:07 Coordinator status 1
2024/03/04 23:48:08 Order 8 finish Reduce
2024/03/04 23:48:08 Order 9 finish Reduce
2024/03/04 23:48:09 Coordinator work
2024/03/04 23:48:09 Coordinator status 1
2024/03/04 23:48:09 Coordinator work
2024/03/04 23:48:09 Coordinator status 1
2024/03/04 23:48:09 Coordinator work
2024/03/04 23:48:09 Coordinator status 1
2024/03/04 23:48:10 Order 11 finish Reduce
2024/03/04 23:48:10 Order 12 finish Reduce
2024/03/04 23:48:10 Order 10 finish Reduce
2024/03/04 23:48:11 Coordinator work
2024/03/04 23:48:11 Coordinator status 1
2024/03/04 23:48:11 Coordinator work
2024/03/04 23:48:11 Coordinator status 1
2024/03/04 23:48:11 Coordinator work
2024/03/04 23:48:11 Coordinator status 1
2024/03/04 23:48:11 Order 13 finish Reduce
2024/03/04 23:48:12 Order 15 finish Reduce
2024/03/04 23:48:12 Coordinator work
2024/03/04 23:48:12 Coordinator status 1
2024/03/04 23:48:12 Order 14 finish Reduce
2024/03/04 23:48:13 Coordinator work
2024/03/04 23:48:13 Coordinator status 1
2024/03/04 23:48:13 Coordinator work
2024/03/04 23:48:13 Coordinator status 1
2024/03/04 23:48:13 Map: 8 done vs. 0 working, Reduce 8 done vs. 2 working
2024/03/04 23:48:13 Order 16 finish Reduce
2024/03/04 23:48:14 Order 17 finish Reduce
2024/03/04 23:48:14 Coordinator work
2024/03/04 23:48:14 Coordinator status 1
2024/03/04 23:48:14 Map: 8 done vs. 0 working, Reduce 10 done vs. 0 working
2024/03/04 23:48:14 forward: forward to done phase
2024/03/04 23:48:15 Coordinator work
2024/03/04 23:48:15 Coordinator status 2
2024/03/04 23:48:15 Coordinator work
2024/03/04 23:48:15 Coordinator status 2
