2024/03/05 00:34:36 making map order &{0 [../pg-being_ernest.txt] 0 10}
2024/03/05 00:34:36 making map order &{0 [../pg-dorian_gray.txt] 1 10}
2024/03/05 00:34:36 making map order &{0 [../pg-frankenstein.txt] 2 10}
2024/03/05 00:34:36 making map order &{0 [../pg-grimm.txt] 3 10}
2024/03/05 00:34:36 making map order &{0 [../pg-huckleberry_finn.txt] 4 10}
2024/03/05 00:34:36 making map order &{0 [../pg-metamorphosis.txt] 5 10}
2024/03/05 00:34:36 making map order &{0 [../pg-sherlock_holmes.txt] 6 10}
2024/03/05 00:34:36 making map order &{0 [../pg-tom_sawyer.txt] 7 10}
2024/03/05 00:34:36 done with make map order
2024/03/05 00:34:36 Map: 0 done vs. 8 working, Reduce 0 done vs. 0 working
2024/03/05 00:34:37 Coordinator work
2024/03/05 00:34:37 Coordinator status 0
2024/03/05 00:34:37 Coordinator work
2024/03/05 00:34:37 Coordinator status 0
2024/03/05 00:34:37 Coordinator work
2024/03/05 00:34:37 Coordinator status 0
2024/03/05 00:34:37 Coordinator work
2024/03/05 00:34:37 Coordinator status 0
2024/03/05 00:34:37 IsDone &{0 2024-03-05 00:34:37.199568946 +0800 CST m=+1.045610247 0xc000072330} true
2024/03/05 00:34:37 Order 1 finish Map
2024/03/05 00:34:37 IsDone &{0 2024-03-05 00:34:37.214952295 +0800 CST m=+1.060993591 0xc000072450} true
2024/03/05 00:34:37 Order 3 finish Map
2024/03/05 00:34:38 Coordinator work
2024/03/05 00:34:38 Coordinator status 0
2024/03/05 00:34:38 Coordinator work
2024/03/05 00:34:38 Coordinator status 0
2024/03/05 00:34:38 Coordinator work
2024/03/05 00:34:38 Coordinator status 0
2024/03/05 00:34:39 Coordinator work
2024/03/05 00:34:39 Coordinator status 0
2024/03/05 00:34:39 Coordinator work
2024/03/05 00:34:39 Coordinator status 0
2024/03/05 00:34:39 Map: 2 done vs. 6 working, Reduce 0 done vs. 0 working
2024/03/05 00:34:40 Coordinator work
2024/03/05 00:34:40 Coordinator status 0
2024/03/05 00:34:40 Map: 2 done vs. 6 working, Reduce 0 done vs. 0 working
2024/03/05 00:34:41 Coordinator work
2024/03/05 00:34:41 Coordinator status 0
2024/03/05 00:34:41 Map: 2 done vs. 6 working, Reduce 0 done vs. 0 working
2024/03/05 00:34:42 Coordinator work
2024/03/05 00:34:42 Coordinator status 0
2024/03/05 00:34:42 Map: 2 done vs. 6 working, Reduce 0 done vs. 0 working
2024/03/05 00:34:43 Coordinator work
2024/03/05 00:34:43 Coordinator status 0
2024/03/05 00:34:43 Map: 2 done vs. 6 working, Reduce 0 done vs. 0 working
2024/03/05 00:34:44 Coordinator work
2024/03/05 00:34:44 Coordinator status 0
2024/03/05 00:34:44 Map: 2 done vs. 6 working, Reduce 0 done vs. 0 working
2024/03/05 00:34:45 Coordinator work
2024/03/05 00:34:45 Coordinator status 0
2024/03/05 00:34:45 Map: 2 done vs. 6 working, Reduce 0 done vs. 0 working
2024/03/05 00:34:46 Coordinator work
2024/03/05 00:34:46 Coordinator status 0
2024/03/05 00:34:46 Map: 2 done vs. 6 working, Reduce 0 done vs. 0 working
2024/03/05 00:34:47 Coordinator work
2024/03/05 00:34:47 Coordinator status 0
2024/03/05 00:34:47 Map: 2 done vs. 6 working, Reduce 0 done vs. 0 working
2024/03/05 00:34:47 IsDone &{0 2024-03-05 00:34:38.253864232 +0800 CST m=+2.099905531 0xc000072600} true
2024/03/05 00:34:47 Order 6 finish Map
2024/03/05 00:34:48 Coordiantor restart Map order 0
2024/03/05 00:34:48 Coordiantor restart Map order 2
2024/03/05 00:34:48 Coordinator work
2024/03/05 00:34:48 Coordinator status 0
2024/03/05 00:34:48 IsDone &{0 2024-03-05 00:34:48.321585852 +0800 CST m=+12.167627142 0xc0000722a0} true
2024/03/05 00:34:48 Order 0 finish Map
2024/03/05 00:34:48 Coordinator work
2024/03/05 00:34:48 Coordinator status 0
2024/03/05 00:34:48 IsDone &{0 2024-03-05 00:34:48.686444488 +0800 CST m=+12.532485787 0xc0000723c0} true
2024/03/05 00:34:48 Order 2 finish Map
2024/03/05 00:34:49 Coordiantor restart Map order 4
2024/03/05 00:34:49 Coordiantor restart Map order 5
2024/03/05 00:34:49 Coordinator work
2024/03/05 00:34:49 Coordinator status 0
2024/03/05 00:34:49 Coordinator work
2024/03/05 00:34:49 Coordinator status 0
2024/03/05 00:34:49 Coordinator work
2024/03/05 00:34:49 Coordinator status 0
2024/03/05 00:34:49 Map: 5 done vs. 3 working, Reduce 0 done vs. 0 working
2024/03/05 00:34:50 Coordiantor restart Map order 7
2024/03/05 00:34:50 Coordinator work
2024/03/05 00:34:50 Coordinator status 0
2024/03/05 00:34:51 IsDone &{0 2024-03-05 00:34:49.330255579 +0800 CST m=+13.176296878 0xc000072570} true
2024/03/05 00:34:51 Order 5 finish Map
2024/03/05 00:34:51 Coordinator work
2024/03/05 00:34:51 Coordinator status 0
2024/03/05 00:34:51 Map: 6 done vs. 2 working, Reduce 0 done vs. 0 working
2024/03/05 00:34:52 Coordinator work
2024/03/05 00:34:52 Coordinator status 0
2024/03/05 00:34:52 Map: 6 done vs. 2 working, Reduce 0 done vs. 0 working
2024/03/05 00:34:53 Coordinator work
2024/03/05 00:34:53 Coordinator status 0
2024/03/05 00:34:53 Map: 6 done vs. 2 working, Reduce 0 done vs. 0 working
2024/03/05 00:34:54 Coordinator work
2024/03/05 00:34:54 Coordinator status 0
2024/03/05 00:34:54 Map: 6 done vs. 2 working, Reduce 0 done vs. 0 working
2024/03/05 00:34:55 Coordinator work
2024/03/05 00:34:55 Coordinator status 0
2024/03/05 00:34:55 Map: 6 done vs. 2 working, Reduce 0 done vs. 0 working
2024/03/05 00:34:56 Coordinator work
2024/03/05 00:34:56 Coordinator status 0
2024/03/05 00:34:56 Map: 6 done vs. 2 working, Reduce 0 done vs. 0 working
2024/03/05 00:34:57 Coordinator work
2024/03/05 00:34:57 Coordinator status 0
2024/03/05 00:34:57 Map: 6 done vs. 2 working, Reduce 0 done vs. 0 working
2024/03/05 00:34:58 Coordinator work
2024/03/05 00:34:58 Coordinator status 0
2024/03/05 00:34:58 Map: 6 done vs. 2 working, Reduce 0 done vs. 0 working
2024/03/05 00:34:59 Coordinator work
2024/03/05 00:34:59 Coordinator status 0
2024/03/05 00:34:59 Map: 6 done vs. 2 working, Reduce 0 done vs. 0 working
2024/03/05 00:35:00 Coordiantor restart Map order 4
2024/03/05 00:35:00 IsDone &{0 2024-03-05 00:34:50.35524852 +0800 CST m=+14.201289818 0xc000072690} true
2024/03/05 00:35:00 Order 7 finish Map
2024/03/05 00:35:00 Coordinator work
2024/03/05 00:35:00 Coordinator status 0
2024/03/05 00:35:00 IsDone &{0 2024-03-05 00:35:00.679268955 +0800 CST m=+24.525310247 0xc0000724e0} true
2024/03/05 00:35:00 Order 4 finish Map
2024/03/05 00:35:01 Coordinator work
2024/03/05 00:35:01 Coordinator status 0
2024/03/05 00:35:01 Map: 8 done vs. 0 working, Reduce 0 done vs. 0 working
2024/03/05 00:35:01 forward: forward to Reuce Phase
2024/03/05 00:35:01 making reduce order : 8
2024/03/05 00:35:01 making reduce order : 9
2024/03/05 00:35:01 making reduce order : 10
2024/03/05 00:35:01 making reduce order : 11
2024/03/05 00:35:01 making reduce order : 12
2024/03/05 00:35:01 making reduce order : 13
2024/03/05 00:35:01 making reduce order : 14
2024/03/05 00:35:01 making reduce order : 15
2024/03/05 00:35:01 making reduce order : 16
2024/03/05 00:35:01 making reduce order : 17
2024/03/05 00:35:01 done with make reduce order
2024/03/05 00:35:01 Map: 8 done vs. 0 working, Reduce 0 done vs. 10 working
2024/03/05 00:35:01 Coordinator work
2024/03/05 00:35:01 Coordinator status 1
2024/03/05 00:35:01 Coordinator work
2024/03/05 00:35:01 Coordinator status 1
2024/03/05 00:35:01 Order 9 finish Reduce
2024/03/05 00:35:02 Coordinator work
2024/03/05 00:35:02 Coordinator status 1
2024/03/05 00:35:02 Coordinator work
2024/03/05 00:35:02 Coordinator status 1
2024/03/05 00:35:02 Order 10 finish Reduce
2024/03/05 00:35:02 Order 11 finish Reduce
2024/03/05 00:35:03 Coordinator work
2024/03/05 00:35:03 Coordinator status 1
2024/03/05 00:35:03 Order 12 finish Reduce
2024/03/05 00:35:03 Coordinator work
2024/03/05 00:35:03 Coordinator status 1
2024/03/05 00:35:03 Coordinator work
2024/03/05 00:35:03 Coordinator status 1
2024/03/05 00:35:03 Order 14 finish Reduce
2024/03/05 00:35:04 Coordinator work
2024/03/05 00:35:04 Coordinator status 1
2024/03/05 00:35:04 Order 15 finish Reduce
2024/03/05 00:35:04 Coordinator work
2024/03/05 00:35:04 Coordinator status 1
2024/03/05 00:35:04 Order 16 finish Reduce
2024/03/05 00:35:04 Coordinator work
2024/03/05 00:35:04 Coordinator status 1
2024/03/05 00:35:04 Order 17 finish Reduce
2024/03/05 00:35:05 Coordinator work
2024/03/05 00:35:05 Coordinator status 1
2024/03/05 00:35:05 Map: 8 done vs. 0 working, Reduce 8 done vs. 2 working
2024/03/05 00:35:05 Coordinator work
2024/03/05 00:35:05 Coordinator status 1
2024/03/05 00:35:05 Map: 8 done vs. 0 working, Reduce 8 done vs. 2 working
2024/03/05 00:35:05 Coordinator work
2024/03/05 00:35:05 Coordinator status 1
2024/03/05 00:35:05 Map: 8 done vs. 0 working, Reduce 8 done vs. 2 working
2024/03/05 00:35:07 Coordinator work
2024/03/05 00:35:07 Coordinator status 1
2024/03/05 00:35:07 Map: 8 done vs. 0 working, Reduce 8 done vs. 2 working
2024/03/05 00:35:07 Coordinator work
2024/03/05 00:35:07 Coordinator status 1
2024/03/05 00:35:07 Map: 8 done vs. 0 working, Reduce 8 done vs. 2 working
2024/03/05 00:35:07 Coordinator work
2024/03/05 00:35:07 Coordinator status 1
2024/03/05 00:35:07 Map: 8 done vs. 0 working, Reduce 8 done vs. 2 working
2024/03/05 00:35:09 Coordinator work
2024/03/05 00:35:09 Coordinator status 1
2024/03/05 00:35:09 Map: 8 done vs. 0 working, Reduce 8 done vs. 2 working
2024/03/05 00:35:09 Coordinator work
2024/03/05 00:35:09 Coordinator status 1
2024/03/05 00:35:09 Map: 8 done vs. 0 working, Reduce 8 done vs. 2 working
2024/03/05 00:35:09 Coordinator work
2024/03/05 00:35:09 Coordinator status 1
2024/03/05 00:35:09 Map: 8 done vs. 0 working, Reduce 8 done vs. 2 working
2024/03/05 00:35:11 Coordinator work
2024/03/05 00:35:11 Coordinator status 1
2024/03/05 00:35:11 Map: 8 done vs. 0 working, Reduce 8 done vs. 2 working
2024/03/05 00:35:11 Coordinator work
2024/03/05 00:35:11 Coordinator status 1
2024/03/05 00:35:11 Map: 8 done vs. 0 working, Reduce 8 done vs. 2 working
2024/03/05 00:35:11 Coordinator work
2024/03/05 00:35:11 Coordinator status 1
2024/03/05 00:35:11 Map: 8 done vs. 0 working, Reduce 8 done vs. 2 working
2024/03/05 00:35:12 Coordiantor restart Reduce order 8
2024/03/05 00:35:13 Coordinator work
2024/03/05 00:35:13 Coordinator status 1
2024/03/05 00:35:13 Order 8 finish Reduce
2024/03/05 00:35:13 Coordinator work
2024/03/05 00:35:13 Coordinator status 1
2024/03/05 00:35:13 Map: 8 done vs. 0 working, Reduce 9 done vs. 1 working
2024/03/05 00:35:13 Coordinator work
2024/03/05 00:35:13 Coordinator status 1
2024/03/05 00:35:13 Map: 8 done vs. 0 working, Reduce 9 done vs. 1 working
2024/03/05 00:35:14 Coordiantor restart Reduce order 13
2024/03/05 00:35:14 Coordinator work
2024/03/05 00:35:14 Coordinator status 1
2024/03/05 00:35:14 Order 13 finish Reduce
2024/03/05 00:35:15 Coordinator work
2024/03/05 00:35:15 Coordinator status 1
2024/03/05 00:35:15 Map: 8 done vs. 0 working, Reduce 10 done vs. 0 working
2024/03/05 00:35:15 forward: forward to done phase
2024/03/05 00:35:15 Coordinator work
2024/03/05 00:35:15 Coordinator status 2
2024/03/05 00:35:15 Coordinator work
2024/03/05 00:35:15 Coordinator status 2
