2024/03/05 06:11:48 making map order &{0 [../pg-being_ernest.txt] 0 10}
2024/03/05 06:11:48 making map order &{0 [../pg-dorian_gray.txt] 1 10}
2024/03/05 06:11:48 making map order &{0 [../pg-frankenstein.txt] 2 10}
2024/03/05 06:11:48 making map order &{0 [../pg-grimm.txt] 3 10}
2024/03/05 06:11:48 making map order &{0 [../pg-huckleberry_finn.txt] 4 10}
2024/03/05 06:11:48 making map order &{0 [../pg-metamorphosis.txt] 5 10}
2024/03/05 06:11:48 making map order &{0 [../pg-sherlock_holmes.txt] 6 10}
2024/03/05 06:11:48 making map order &{0 [../pg-tom_sawyer.txt] 7 10}
2024/03/05 06:11:48 done with make map order
2024/03/05 06:11:48 Map: 0 done vs. 8 working, Reduce 0 done vs. 0 working
2024/03/05 06:11:49 Coordinator work
2024/03/05 06:11:49 Coordinator status 0
2024/03/05 06:11:49 Coordinator work
2024/03/05 06:11:49 Coordinator status 0
2024/03/05 06:11:49 IsDone &{0 2024-03-05 06:11:49.065185376 +0800 CST m=+1.018927127 0xc000112150} true
2024/03/05 06:11:49 Order 0 finish Map
2024/03/05 06:11:49 IsDone &{0 2024-03-05 06:11:49.065814662 +0800 CST m=+1.019556423 0xc0001121e0} true
2024/03/05 06:11:49 Order 1 finish Map
2024/03/05 06:11:50 Coordinator work
2024/03/05 06:11:50 Coordinator status 0
2024/03/05 06:11:50 Coordinator work
2024/03/05 06:11:50 Coordinator status 0
2024/03/05 06:11:50 IsDone &{0 2024-03-05 06:11:50.177587692 +0800 CST m=+2.131329446 0xc000112270} true
2024/03/05 06:11:50 Order 2 finish Map
2024/03/05 06:11:50 IsDone &{0 2024-03-05 06:11:50.329451477 +0800 CST m=+2.283193235 0xc000112300} true
2024/03/05 06:11:50 Order 3 finish Map
2024/03/05 06:11:51 Coordinator work
2024/03/05 06:11:51 Coordinator status 0
2024/03/05 06:11:51 Coordinator work
2024/03/05 06:11:51 Coordinator status 0
2024/03/05 06:11:51 IsDone &{0 2024-03-05 06:11:51.619317759 +0800 CST m=+3.573059514 0xc000112420} true
2024/03/05 06:11:51 Order 5 finish Map
2024/03/05 06:11:51 IsDone &{0 2024-03-05 06:11:51.431207913 +0800 CST m=+3.384949667 0xc000112390} true
2024/03/05 06:11:51 Order 4 finish Map
2024/03/05 06:11:52 Coordinator work
2024/03/05 06:11:52 Coordinator status 0
2024/03/05 06:11:52 Coordinator work
2024/03/05 06:11:52 Coordinator status 0
2024/03/05 06:11:53 IsDone &{0 2024-03-05 06:11:52.720618176 +0800 CST m=+4.674359929 0xc0001124b0} true
2024/03/05 06:11:53 Order 6 finish Map
2024/03/05 06:11:53 IsDone &{0 2024-03-05 06:11:52.780849669 +0800 CST m=+4.734591420 0xc000112540} true
2024/03/05 06:11:53 Order 7 finish Map
2024/03/05 06:11:54 Coordinator work
2024/03/05 06:11:54 Coordinator status 0
2024/03/05 06:11:54 Map: 8 done vs. 0 working, Reduce 0 done vs. 0 working
2024/03/05 06:11:54 forward: forward to Reuce Phase
2024/03/05 06:11:54 making reduce order : 8
2024/03/05 06:11:54 making reduce order : 9
2024/03/05 06:11:54 making reduce order : 10
2024/03/05 06:11:54 making reduce order : 11
2024/03/05 06:11:54 making reduce order : 12
2024/03/05 06:11:54 making reduce order : 13
2024/03/05 06:11:54 making reduce order : 14
2024/03/05 06:11:54 making reduce order : 15
2024/03/05 06:11:54 making reduce order : 16
2024/03/05 06:11:54 making reduce order : 17
2024/03/05 06:11:54 done with make reduce order
2024/03/05 06:11:54 Map: 8 done vs. 0 working, Reduce 0 done vs. 10 working
2024/03/05 06:11:54 Coordinator work
2024/03/05 06:11:54 Coordinator status 1
2024/03/05 06:11:54 Order 8 finish Reduce
2024/03/05 06:11:55 Coordinator work
2024/03/05 06:11:55 Coordinator status 1
2024/03/05 06:11:55 Order 9 finish Reduce
2024/03/05 06:11:56 Coordinator work
2024/03/05 06:11:56 Coordinator status 1
2024/03/05 06:11:56 Order 10 finish Reduce
2024/03/05 06:11:56 Coordinator work
2024/03/05 06:11:56 Coordinator status 1
2024/03/05 06:11:56 Order 11 finish Reduce
2024/03/05 06:11:57 Coordinator work
2024/03/05 06:11:57 Coordinator status 1
2024/03/05 06:11:57 Order 12 finish Reduce
2024/03/05 06:11:57 Coordinator work
2024/03/05 06:11:57 Coordinator status 1
2024/03/05 06:11:57 Order 13 finish Reduce
2024/03/05 06:11:58 Coordinator work
2024/03/05 06:11:58 Coordinator status 1
2024/03/05 06:11:58 Order 14 finish Reduce
2024/03/05 06:11:58 Coordinator work
2024/03/05 06:11:58 Coordinator status 1
2024/03/05 06:11:58 Order 15 finish Reduce
2024/03/05 06:11:59 Coordinator work
2024/03/05 06:11:59 Coordinator status 1
2024/03/05 06:11:59 Order 16 finish Reduce
2024/03/05 06:11:59 Coordinator work
2024/03/05 06:11:59 Coordinator status 1
2024/03/05 06:11:59 Order 17 finish Reduce
2024/03/05 06:12:00 Coordinator work
2024/03/05 06:12:00 Coordinator status 1
2024/03/05 06:12:00 Map: 8 done vs. 0 working, Reduce 10 done vs. 0 working
2024/03/05 06:12:00 forward: forward to done phase
2024/03/05 06:12:00 Coordinator work
2024/03/05 06:12:00 Coordinator status 2
