2024/03/05 01:02:14 making map order &{0 [../pg-being_ernest.txt] 0 10}
2024/03/05 01:02:14 making map order &{0 [../pg-dorian_gray.txt] 1 10}
2024/03/05 01:02:14 making map order &{0 [../pg-frankenstein.txt] 2 10}
2024/03/05 01:02:14 making map order &{0 [../pg-grimm.txt] 3 10}
2024/03/05 01:02:14 making map order &{0 [../pg-huckleberry_finn.txt] 4 10}
2024/03/05 01:02:14 making map order &{0 [../pg-metamorphosis.txt] 5 10}
2024/03/05 01:02:14 making map order &{0 [../pg-sherlock_holmes.txt] 6 10}
2024/03/05 01:02:14 making map order &{0 [../pg-tom_sawyer.txt] 7 10}
2024/03/05 01:02:14 done with make map order
2024/03/05 01:02:14 Map: 0 done vs. 8 working, Reduce 0 done vs. 0 working
2024/03/05 01:02:15 Coordinator work
2024/03/05 01:02:15 Coordinator status 0
2024/03/05 01:02:15 IsDone &{0 2024-03-05 01:02:15.622041307 +0800 CST m=+1.024809198 0xc0000743f0} true
2024/03/05 01:02:15 Order 0 finish Map
2024/03/05 01:02:15 Coordinator work
2024/03/05 01:02:15 Coordinator status 0
2024/03/05 01:02:15 IsDone &{0 2024-03-05 01:02:15.632026956 +0800 CST m=+1.034794847 0xc000074480} true
2024/03/05 01:02:15 Order 1 finish Map
2024/03/05 01:02:16 Coordinator work
2024/03/05 01:02:16 Coordinator status 0
2024/03/05 01:02:16 IsDone &{0 2024-03-05 01:02:16.631243027 +0800 CST m=+2.034010924 0xc000074510} true
2024/03/05 01:02:16 Order 2 finish Map
2024/03/05 01:02:16 Coordinator work
2024/03/05 01:02:16 Coordinator status 0
2024/03/05 01:02:16 IsDone &{0 2024-03-05 01:02:16.655256359 +0800 CST m=+2.058024256 0xc0000745a0} true
2024/03/05 01:02:16 Order 3 finish Map
2024/03/05 01:02:17 Coordinator work
2024/03/05 01:02:17 Coordinator status 0
2024/03/05 01:02:17 IsDone &{0 2024-03-05 01:02:17.648840262 +0800 CST m=+3.051608150 0xc000074630} true
2024/03/05 01:02:17 Order 4 finish Map
2024/03/05 01:02:17 Coordinator work
2024/03/05 01:02:17 Coordinator status 0
2024/03/05 01:02:17 IsDone &{0 2024-03-05 01:02:17.673060994 +0800 CST m=+3.075828891 0xc0000746c0} true
2024/03/05 01:02:17 Order 5 finish Map
2024/03/05 01:02:18 Coordinator work
2024/03/05 01:02:18 Coordinator status 0
2024/03/05 01:02:18 Coordinator work
2024/03/05 01:02:18 Coordinator status 0
2024/03/05 01:02:18 IsDone &{0 2024-03-05 01:02:18.670038856 +0800 CST m=+4.072806753 0xc000074750} true
2024/03/05 01:02:18 Order 6 finish Map
2024/03/05 01:02:18 IsDone &{0 2024-03-05 01:02:18.681650809 +0800 CST m=+4.084418709 0xc0000747e0} true
2024/03/05 01:02:18 Order 7 finish Map
2024/03/05 01:02:19 Coordinator work
2024/03/05 01:02:19 Coordinator status 0
2024/03/05 01:02:19 Map: 8 done vs. 0 working, Reduce 0 done vs. 0 working
2024/03/05 01:02:19 forward: forward to Reuce Phase
2024/03/05 01:02:19 making reduce order : 8
2024/03/05 01:02:19 making reduce order : 9
2024/03/05 01:02:19 making reduce order : 10
2024/03/05 01:02:19 making reduce order : 11
2024/03/05 01:02:19 making reduce order : 12
2024/03/05 01:02:19 making reduce order : 13
2024/03/05 01:02:19 making reduce order : 14
2024/03/05 01:02:19 making reduce order : 15
2024/03/05 01:02:19 Coordinator work
2024/03/05 01:02:19 making reduce order : 16
2024/03/05 01:02:19 making reduce order : 17
2024/03/05 01:02:19 done with make reduce order
2024/03/05 01:02:19 Map: 8 done vs. 0 working, Reduce 0 done vs. 10 working
2024/03/05 01:02:19 Coordinator status 1
2024/03/05 01:02:20 Order 8 finish Reduce
2024/03/05 01:02:21 Coordinator work
2024/03/05 01:02:21 Coordinator status 1
2024/03/05 01:02:21 Coordinator work
2024/03/05 01:02:21 Coordinator status 1
2024/03/05 01:02:22 Order 9 finish Reduce
2024/03/05 01:02:22 Order 10 finish Reduce
2024/03/05 01:02:23 Coordinator work
2024/03/05 01:02:23 Coordinator status 1
2024/03/05 01:02:23 Coordinator work
2024/03/05 01:02:23 Coordinator status 1
2024/03/05 01:02:25 Order 11 finish Reduce
2024/03/05 01:02:25 Order 12 finish Reduce
2024/03/05 01:02:26 Coordinator work
2024/03/05 01:02:26 Coordinator status 1
2024/03/05 01:02:26 Coordinator work
2024/03/05 01:02:26 Coordinator status 1
2024/03/05 01:02:27 Order 13 finish Reduce
2024/03/05 01:02:27 Order 14 finish Reduce
2024/03/05 01:02:28 Coordinator work
2024/03/05 01:02:28 Coordinator status 1
2024/03/05 01:02:28 Order 15 finish Reduce
2024/03/05 01:02:28 Coordinator work
2024/03/05 01:02:28 Coordinator status 1
2024/03/05 01:02:28 Order 16 finish Reduce
2024/03/05 01:02:29 Coordinator work
2024/03/05 01:02:29 Coordinator status 1
2024/03/05 01:02:29 Coordinator work
2024/03/05 01:02:29 Coordinator status 1
2024/03/05 01:02:29 Map: 8 done vs. 0 working, Reduce 9 done vs. 1 working
2024/03/05 01:02:30 Order 17 finish Reduce
2024/03/05 01:02:31 Coordinator work
2024/03/05 01:02:31 Coordinator status 1
2024/03/05 01:02:31 Map: 8 done vs. 0 working, Reduce 10 done vs. 0 working
2024/03/05 01:02:31 forward: forward to done phase
2024/03/05 01:02:31 Coordinator work
2024/03/05 01:02:31 Coordinator status 2
