2024/03/04 21:52:03 making map order &{0 [../pg-being_ernest.txt] 0 10}
2024/03/04 21:52:03 making map order &{0 [../pg-dorian_gray.txt] 1 10}
2024/03/04 21:52:03 making map order &{0 [../pg-frankenstein.txt] 2 10}
2024/03/04 21:52:03 making map order &{0 [../pg-grimm.txt] 3 10}
2024/03/04 21:52:03 making map order &{0 [../pg-huckleberry_finn.txt] 4 10}
2024/03/04 21:52:03 making map order &{0 [../pg-metamorphosis.txt] 5 10}
2024/03/04 21:52:03 making map order &{0 [../pg-sherlock_holmes.txt] 6 10}
2024/03/04 21:52:03 making map order &{0 [../pg-tom_sawyer.txt] 7 10}
2024/03/04 21:52:03 done with make map order
2024/03/04 21:52:03 Map: 0 done vs. 8 working, Reduce 0 done vs. 0 working
2024/03/04 21:52:04 Coordinator work
2024/03/04 21:52:04 Coordinator status 0
2024/03/04 21:52:04 Coordinator work
2024/03/04 21:52:04 Coordinator status 0
2024/03/04 21:52:04 IsDone &{0 2024-03-04 21:52:04.693418037 +0800 CST m=+1.012334783 0xc00016c030} true
2024/03/04 21:52:04 Order 0 finish Map
2024/03/04 21:52:04 IsDone &{0 2024-03-04 21:52:04.70475437 +0800 CST m=+1.023671125 0xc00016c0c0} true
2024/03/04 21:52:04 Order 1 finish Map
2024/03/04 21:52:05 Coordinator work
2024/03/04 21:52:05 Coordinator status 0
2024/03/04 21:52:05 Coordinator work
2024/03/04 21:52:05 Coordinator status 0
2024/03/04 21:52:06 IsDone &{0 2024-03-04 21:52:05.767763193 +0800 CST m=+2.086679944 0xc00016c150} true
2024/03/04 21:52:06 Order 2 finish Map
2024/03/04 21:52:06 IsDone &{0 2024-03-04 21:52:05.916656167 +0800 CST m=+2.235572922 0xc00016c1e0} true
2024/03/04 21:52:06 Order 3 finish Map
2024/03/04 21:52:07 Coordinator work
2024/03/04 21:52:07 Coordinator status 0
2024/03/04 21:52:07 Coordinator work
2024/03/04 21:52:07 Coordinator status 0
2024/03/04 21:52:07 IsDone &{0 2024-03-04 21:52:07.158838207 +0800 CST m=+3.477754964 0xc00016c300} true
2024/03/04 21:52:07 Order 5 finish Map
2024/03/04 21:52:07 IsDone &{0 2024-03-04 21:52:07.032234369 +0800 CST m=+3.351151121 0xc00016c270} true
2024/03/04 21:52:07 Order 4 finish Map
2024/03/04 21:52:08 Coordinator work
2024/03/04 21:52:08 Coordinator status 0
2024/03/04 21:52:08 Coordinator work
2024/03/04 21:52:08 Coordinator status 0
2024/03/04 21:52:08 IsDone &{0 2024-03-04 21:52:08.249418466 +0800 CST m=+4.568335220 0xc00016c390} true
2024/03/04 21:52:08 Order 6 finish Map
2024/03/04 21:52:08 IsDone &{0 2024-03-04 21:52:08.305528785 +0800 CST m=+4.624445539 0xc00016c420} true
2024/03/04 21:52:08 Order 7 finish Map
2024/03/04 21:52:09 Coordinator work
2024/03/04 21:52:09 Coordinator status 0
2024/03/04 21:52:09 Map: 8 done vs. 0 working, Reduce 0 done vs. 0 working
2024/03/04 21:52:09 forward: forward to Reuce Phase
2024/03/04 21:52:09 making reduce order : 8
2024/03/04 21:52:09 making reduce order : 9
2024/03/04 21:52:09 making reduce order : 10
2024/03/04 21:52:09 making reduce order : 11
2024/03/04 21:52:09 making reduce order : 12
2024/03/04 21:52:09 making reduce order : 13
2024/03/04 21:52:09 making reduce order : 14
2024/03/04 21:52:09 making reduce order : 15
2024/03/04 21:52:09 making reduce order : 16
2024/03/04 21:52:09 making reduce order : 17
2024/03/04 21:52:09 done with make reduce order
2024/03/04 21:52:09 Map: 8 done vs. 0 working, Reduce 0 done vs. 10 working
2024/03/04 21:52:09 Coordinator work
2024/03/04 21:52:09 Coordinator status 1
2024/03/04 21:52:09 Order 8 finish Reduce
2024/03/04 21:52:10 Coordinator work
2024/03/04 21:52:10 Coordinator status 1
2024/03/04 21:52:10 Order 9 finish Reduce
2024/03/04 21:52:11 Coordinator work
2024/03/04 21:52:11 Coordinator status 1
2024/03/04 21:52:11 Order 10 finish Reduce
2024/03/04 21:52:11 Coordinator work
2024/03/04 21:52:11 Coordinator status 1
2024/03/04 21:52:11 Order 11 finish Reduce
2024/03/04 21:52:12 Coordinator work
2024/03/04 21:52:12 Coordinator status 1
2024/03/04 21:52:12 Order 12 finish Reduce
2024/03/04 21:52:12 Coordinator work
2024/03/04 21:52:12 Coordinator status 1
2024/03/04 21:52:13 Order 13 finish Reduce
2024/03/04 21:52:13 Coordinator work
2024/03/04 21:52:13 Coordinator status 1
2024/03/04 21:52:13 Order 14 finish Reduce
2024/03/04 21:52:14 Coordinator work
2024/03/04 21:52:14 Coordinator status 1
2024/03/04 21:52:14 Order 15 finish Reduce
2024/03/04 21:52:14 Coordinator work
2024/03/04 21:52:14 Coordinator status 1
2024/03/04 21:52:14 Order 16 finish Reduce
2024/03/04 21:52:15 Coordinator work
2024/03/04 21:52:15 Coordinator status 1
2024/03/04 21:52:15 Order 17 finish Reduce
2024/03/04 21:52:15 Coordinator work
2024/03/04 21:52:15 Coordinator status 1
2024/03/04 21:52:15 Map: 8 done vs. 0 working, Reduce 10 done vs. 0 working
2024/03/04 21:52:15 forward: forward to done phase
2024/03/04 21:52:16 Coordinator work
2024/03/04 21:52:16 Coordinator status 2
