2024/03/05 10:29:38 making map order &{0 [../pg-being_ernest.txt] 0 10}
2024/03/05 10:29:38 making map order &{0 [../pg-dorian_gray.txt] 1 10}
2024/03/05 10:29:38 making map order &{0 [../pg-frankenstein.txt] 2 10}
2024/03/05 10:29:38 making map order &{0 [../pg-grimm.txt] 3 10}
2024/03/05 10:29:38 making map order &{0 [../pg-huckleberry_finn.txt] 4 10}
2024/03/05 10:29:38 making map order &{0 [../pg-metamorphosis.txt] 5 10}
2024/03/05 10:29:38 making map order &{0 [../pg-sherlock_holmes.txt] 6 10}
2024/03/05 10:29:38 making map order &{0 [../pg-tom_sawyer.txt] 7 10}
2024/03/05 10:29:38 done with make map order
2024/03/05 10:29:38 Map: 0 done vs. 8 working, Reduce 0 done vs. 0 working
2024/03/05 10:29:39 Coordinator work
2024/03/05 10:29:39 Coordinator status 0
2024/03/05 10:29:39 IsDone &{0 2024-03-05 10:29:39.320629868 +0800 CST m=+1.023067466 0xc00009de60} true
2024/03/05 10:29:39 Order 0 finish Map
2024/03/05 10:29:39 Coordinator work
2024/03/05 10:29:39 Coordinator status 0
2024/03/05 10:29:39 Coordinator work
2024/03/05 10:29:39 Coordinator status 0
2024/03/05 10:29:39 IsDone &{0 2024-03-05 10:29:39.332806271 +0800 CST m=+1.035243872 0xc00009def0} true
2024/03/05 10:29:39 Order 1 finish Map
2024/03/05 10:29:39 IsDone &{0 2024-03-05 10:29:39.336977589 +0800 CST m=+1.039415191 0xc00009df80} true
2024/03/05 10:29:39 Order 2 finish Map
2024/03/05 10:29:40 Coordinator work
2024/03/05 10:29:40 Coordinator status 0
2024/03/05 10:29:40 IsDone &{0 2024-03-05 10:29:40.33172096 +0800 CST m=+2.034158555 0xc00011a030} true
2024/03/05 10:29:40 Order 3 finish Map
2024/03/05 10:29:40 Coordinator work
2024/03/05 10:29:40 Coordinator status 0
2024/03/05 10:29:40 Coordinator work
2024/03/05 10:29:40 Coordinator status 0
2024/03/05 10:29:40 IsDone &{0 2024-03-05 10:29:40.357836322 +0800 CST m=+2.060273923 0xc00011a150} true
2024/03/05 10:29:40 Order 5 finish Map
2024/03/05 10:29:40 IsDone &{0 2024-03-05 10:29:40.354287723 +0800 CST m=+2.056725326 0xc00011a0c0} true
2024/03/05 10:29:40 Order 4 finish Map
2024/03/05 10:29:41 Coordinator work
2024/03/05 10:29:41 Coordinator status 0
2024/03/05 10:29:41 IsDone &{0 2024-03-05 10:29:41.351255632 +0800 CST m=+3.053693233 0xc00011a1e0} true
2024/03/05 10:29:41 Order 6 finish Map
2024/03/05 10:29:41 Coordinator work
2024/03/05 10:29:41 Coordinator status 0
2024/03/05 10:29:41 IsDone &{0 2024-03-05 10:29:41.373568903 +0800 CST m=+3.076006505 0xc00011a270} true
2024/03/05 10:29:41 Order 7 finish Map
2024/03/05 10:29:41 Coordinator work
2024/03/05 10:29:41 Coordinator status 0
2024/03/05 10:29:41 Map: 8 done vs. 0 working, Reduce 0 done vs. 0 working
2024/03/05 10:29:41 forward: forward to Reuce Phase
2024/03/05 10:29:41 making reduce order : 8
2024/03/05 10:29:41 making reduce order : 9
2024/03/05 10:29:41 making reduce order : 10
2024/03/05 10:29:41 making reduce order : 11
2024/03/05 10:29:41 making reduce order : 12
2024/03/05 10:29:41 making reduce order : 13
2024/03/05 10:29:41 making reduce order : 14
2024/03/05 10:29:41 making reduce order : 15
2024/03/05 10:29:41 making reduce order : 16
2024/03/05 10:29:41 making reduce order : 17
2024/03/05 10:29:41 done with make reduce order
2024/03/05 10:29:41 Map: 8 done vs. 0 working, Reduce 0 done vs. 10 working
2024/03/05 10:29:42 Coordinator work
2024/03/05 10:29:42 Coordinator status 1
2024/03/05 10:29:42 Order 8 finish Reduce
2024/03/05 10:29:42 Coordinator work
2024/03/05 10:29:42 Coordinator status 1
2024/03/05 10:29:42 Order 9 finish Reduce
2024/03/05 10:29:43 Coordinator work
2024/03/05 10:29:43 Coordinator status 1
2024/03/05 10:29:43 Coordinator work
2024/03/05 10:29:43 Coordinator status 1
2024/03/05 10:29:43 Coordinator work
2024/03/05 10:29:43 Coordinator status 1
2024/03/05 10:29:43 Order 11 finish Reduce
2024/03/05 10:29:43 Order 12 finish Reduce
2024/03/05 10:29:44 Coordinator work
2024/03/05 10:29:44 Coordinator status 1
2024/03/05 10:29:44 Coordinator work
2024/03/05 10:29:44 Coordinator status 1
2024/03/05 10:29:44 Order 13 finish Reduce
2024/03/05 10:29:45 Coordinator work
2024/03/05 10:29:45 Coordinator status 1
2024/03/05 10:29:45 Order 15 finish Reduce
2024/03/05 10:29:46 Order 10 finish Reduce
2024/03/05 10:29:46 Coordinator work
2024/03/05 10:29:46 Coordinator status 1
2024/03/05 10:29:46 Order 16 finish Reduce
2024/03/05 10:29:47 Coordinator work
2024/03/05 10:29:47 Coordinator status 1
2024/03/05 10:29:47 Order 17 finish Reduce
2024/03/05 10:29:47 Order 14 finish Reduce
2024/03/05 10:29:47 Coordinator work
2024/03/05 10:29:47 Coordinator status 1
2024/03/05 10:29:47 Map: 8 done vs. 0 working, Reduce 10 done vs. 0 working
2024/03/05 10:29:47 forward: forward to done phase
2024/03/05 10:29:48 Coordinator work
2024/03/05 10:29:48 Coordinator status 2
2024/03/05 10:29:48 Coordinator work
2024/03/05 10:29:48 Coordinator status 2
