2024/03/05 11:20:05 making map order &{0 [../pg-being_ernest.txt] 0 10}
2024/03/05 11:20:05 making map order &{0 [../pg-dorian_gray.txt] 1 10}
2024/03/05 11:20:05 making map order &{0 [../pg-frankenstein.txt] 2 10}
2024/03/05 11:20:05 making map order &{0 [../pg-grimm.txt] 3 10}
2024/03/05 11:20:05 making map order &{0 [../pg-huckleberry_finn.txt] 4 10}
2024/03/05 11:20:05 making map order &{0 [../pg-metamorphosis.txt] 5 10}
2024/03/05 11:20:05 making map order &{0 [../pg-sherlock_holmes.txt] 6 10}
2024/03/05 11:20:05 making map order &{0 [../pg-tom_sawyer.txt] 7 10}
2024/03/05 11:20:05 done with make map order
2024/03/05 11:20:05 Map: 0 done vs. 8 working, Reduce 0 done vs. 0 working
2024/03/05 11:20:06 Coordinator work
2024/03/05 11:20:06 Coordinator status 0
2024/03/05 11:20:06 Coordinator work
2024/03/05 11:20:06 Coordinator status 0
2024/03/05 11:20:10 IsDone &{0 2024-03-05 11:20:06.469809679 +0800 CST m=+1.020764446 0xc00009dec0} true
2024/03/05 11:20:10 Order 0 finish Map
2024/03/05 11:20:10 IsDone &{0 2024-03-05 11:20:06.473134565 +0800 CST m=+1.024089336 0xc00009df50} true
2024/03/05 11:20:10 Order 1 finish Map
2024/03/05 11:20:11 Coordinator work
2024/03/05 11:20:11 Coordinator status 0
2024/03/05 11:20:11 Coordinator work
2024/03/05 11:20:11 Coordinator status 0
2024/03/05 11:20:15 IsDone &{0 2024-03-05 11:20:11.562357448 +0800 CST m=+6.113312221 0xc00011a000} true
2024/03/05 11:20:15 Order 2 finish Map
2024/03/05 11:20:15 IsDone &{0 2024-03-05 11:20:11.574208663 +0800 CST m=+6.125163433 0xc00011a090} true
2024/03/05 11:20:15 Order 3 finish Map
2024/03/05 11:20:16 Coordinator work
2024/03/05 11:20:16 Coordinator status 0
2024/03/05 11:20:16 Coordinator work
2024/03/05 11:20:16 Coordinator status 0
2024/03/05 11:20:20 IsDone &{0 2024-03-05 11:20:16.47207545 +0800 CST m=+11.023030230 0xc00011a120} true
2024/03/05 11:20:20 Order 4 finish Map
2024/03/05 11:20:20 IsDone &{0 2024-03-05 11:20:16.480751928 +0800 CST m=+11.031706695 0xc00011a1b0} true
2024/03/05 11:20:20 Order 5 finish Map
2024/03/05 11:20:21 Coordinator work
2024/03/05 11:20:21 Coordinator status 0
2024/03/05 11:20:21 Coordinator work
2024/03/05 11:20:21 Coordinator status 0
2024/03/05 11:20:23 IsDone &{0 2024-03-05 11:20:21.343761371 +0800 CST m=+15.894716141 0xc00011a240} true
2024/03/05 11:20:23 Order 6 finish Map
2024/03/05 11:20:23 IsDone &{0 2024-03-05 11:20:21.349041264 +0800 CST m=+15.899996033 0xc00011a2d0} true
2024/03/05 11:20:23 Order 7 finish Map
2024/03/05 11:20:24 Coordinator work
2024/03/05 11:20:24 Coordinator status 0
2024/03/05 11:20:24 Map: 8 done vs. 0 working, Reduce 0 done vs. 0 working
2024/03/05 11:20:24 forward: forward to Reuce Phase
2024/03/05 11:20:24 making reduce order : 8
2024/03/05 11:20:24 making reduce order : 9
2024/03/05 11:20:24 making reduce order : 10
2024/03/05 11:20:24 making reduce order : 11
2024/03/05 11:20:24 making reduce order : 12
2024/03/05 11:20:24 making reduce order : 13
2024/03/05 11:20:24 making reduce order : 14
2024/03/05 11:20:24 making reduce order : 15
2024/03/05 11:20:24 making reduce order : 16
2024/03/05 11:20:24 Coordinator work
2024/03/05 11:20:24 making reduce order : 17
2024/03/05 11:20:24 done with make reduce order
2024/03/05 11:20:24 Map: 8 done vs. 0 working, Reduce 0 done vs. 10 working
2024/03/05 11:20:24 Coordinator status 1
2024/03/05 11:20:24 Order 8 finish Reduce
2024/03/05 11:20:25 Coordinator work
2024/03/05 11:20:25 Coordinator status 1
2024/03/05 11:20:25 Order 9 finish Reduce
2024/03/05 11:20:26 Coordinator work
2024/03/05 11:20:26 Coordinator status 1
2024/03/05 11:20:26 Order 10 finish Reduce
2024/03/05 11:20:26 Coordinator work
2024/03/05 11:20:26 Coordinator status 1
2024/03/05 11:20:26 Order 11 finish Reduce
2024/03/05 11:20:27 Coordinator work
2024/03/05 11:20:27 Coordinator status 1
2024/03/05 11:20:27 Order 12 finish Reduce
2024/03/05 11:20:27 Coordinator work
2024/03/05 11:20:27 Coordinator status 1
2024/03/05 11:20:27 Order 13 finish Reduce
2024/03/05 11:20:28 Coordinator work
2024/03/05 11:20:28 Coordinator status 1
2024/03/05 11:20:28 Order 14 finish Reduce
2024/03/05 11:20:28 Coordinator work
2024/03/05 11:20:28 Coordinator status 1
2024/03/05 11:20:28 Order 15 finish Reduce
2024/03/05 11:20:29 Coordinator work
2024/03/05 11:20:29 Coordinator status 1
2024/03/05 11:20:29 Order 16 finish Reduce
2024/03/05 11:20:29 Coordinator work
2024/03/05 11:20:29 Coordinator status 1
2024/03/05 11:20:29 Order 17 finish Reduce
2024/03/05 11:20:30 Coordinator work
2024/03/05 11:20:30 Coordinator status 1
2024/03/05 11:20:30 Map: 8 done vs. 0 working, Reduce 10 done vs. 0 working
2024/03/05 11:20:30 forward: forward to done phase
2024/03/05 11:20:30 Coordinator work
2024/03/05 11:20:30 Coordinator status 2
