2024/03/05 02:00:35 making map order &{0 [../pg-being_ernest.txt] 0 10}
2024/03/05 02:00:35 making map order &{0 [../pg-dorian_gray.txt] 1 10}
2024/03/05 02:00:35 making map order &{0 [../pg-frankenstein.txt] 2 10}
2024/03/05 02:00:35 making map order &{0 [../pg-grimm.txt] 3 10}
2024/03/05 02:00:35 making map order &{0 [../pg-huckleberry_finn.txt] 4 10}
2024/03/05 02:00:35 making map order &{0 [../pg-metamorphosis.txt] 5 10}
2024/03/05 02:00:35 making map order &{0 [../pg-sherlock_holmes.txt] 6 10}
2024/03/05 02:00:35 making map order &{0 [../pg-tom_sawyer.txt] 7 10}
2024/03/05 02:00:35 done with make map order
2024/03/05 02:00:35 Map: 0 done vs. 8 working, Reduce 0 done vs. 0 working
2024/03/05 02:00:36 Coordinator work
2024/03/05 02:00:36 Coordinator status 0
2024/03/05 02:00:36 Coordinator work
2024/03/05 02:00:36 Coordinator status 0
2024/03/05 02:00:36 IsDone &{0 2024-03-05 02:00:36.711093059 +0800 CST m=+1.014887564 0xc0001120c0} true
2024/03/05 02:00:36 Order 0 finish Map
2024/03/05 02:00:36 IsDone &{0 2024-03-05 02:00:36.711835834 +0800 CST m=+1.015630337 0xc000112150} true
2024/03/05 02:00:36 Order 1 finish Map
2024/03/05 02:00:37 Coordinator work
2024/03/05 02:00:37 Coordinator status 0
2024/03/05 02:00:37 Coordinator work
2024/03/05 02:00:37 Coordinator status 0
2024/03/05 02:00:38 IsDone &{0 2024-03-05 02:00:37.830609606 +0800 CST m=+2.134404106 0xc0001121e0} true
2024/03/05 02:00:38 Order 2 finish Map
2024/03/05 02:00:38 IsDone &{0 2024-03-05 02:00:37.941230689 +0800 CST m=+2.245025195 0xc000112270} true
2024/03/05 02:00:38 Order 3 finish Map
2024/03/05 02:00:39 Coordinator work
2024/03/05 02:00:39 Coordinator status 0
2024/03/05 02:00:39 Coordinator work
2024/03/05 02:00:39 Coordinator status 0
2024/03/05 02:00:39 IsDone &{0 2024-03-05 02:00:39.157394379 +0800 CST m=+3.461188886 0xc000112390} true
2024/03/05 02:00:39 Order 5 finish Map
2024/03/05 02:00:39 IsDone &{0 2024-03-05 02:00:39.051730454 +0800 CST m=+3.355524954 0xc000112300} true
2024/03/05 02:00:39 Order 4 finish Map
2024/03/05 02:00:40 Coordinator work
2024/03/05 02:00:40 Coordinator status 0
2024/03/05 02:00:40 Coordinator work
2024/03/05 02:00:40 Coordinator status 0
2024/03/05 02:00:40 IsDone &{0 2024-03-05 02:00:40.312246374 +0800 CST m=+4.616040877 0xc0001124b0} true
2024/03/05 02:00:40 Order 7 finish Map
2024/03/05 02:00:40 IsDone &{0 2024-03-05 02:00:40.267019132 +0800 CST m=+4.570813636 0xc000112420} true
2024/03/05 02:00:40 Order 6 finish Map
2024/03/05 02:00:41 Coordinator work
2024/03/05 02:00:41 Coordinator status 0
2024/03/05 02:00:41 Map: 8 done vs. 0 working, Reduce 0 done vs. 0 working
2024/03/05 02:00:41 forward: forward to Reuce Phase
2024/03/05 02:00:41 making reduce order : 8
2024/03/05 02:00:41 making reduce order : 9
2024/03/05 02:00:41 making reduce order : 10
2024/03/05 02:00:41 making reduce order : 11
2024/03/05 02:00:41 making reduce order : 12
2024/03/05 02:00:41 making reduce order : 13
2024/03/05 02:00:41 making reduce order : 14
2024/03/05 02:00:41 making reduce order : 15
2024/03/05 02:00:41 making reduce order : 16
2024/03/05 02:00:41 making reduce order : 17
2024/03/05 02:00:41 done with make reduce order
2024/03/05 02:00:41 Map: 8 done vs. 0 working, Reduce 0 done vs. 10 working
2024/03/05 02:00:41 Coordinator work
2024/03/05 02:00:41 Coordinator status 1
2024/03/05 02:00:41 Order 8 finish Reduce
2024/03/05 02:00:42 Coordinator work
2024/03/05 02:00:42 Coordinator status 1
2024/03/05 02:00:42 Order 9 finish Reduce
2024/03/05 02:00:43 Coordinator work
2024/03/05 02:00:43 Coordinator status 1
2024/03/05 02:00:43 Order 10 finish Reduce
2024/03/05 02:00:43 Coordinator work
2024/03/05 02:00:43 Coordinator status 1
2024/03/05 02:00:43 Order 11 finish Reduce
2024/03/05 02:00:44 Coordinator work
2024/03/05 02:00:44 Coordinator status 1
2024/03/05 02:00:44 Order 12 finish Reduce
2024/03/05 02:00:44 Coordinator work
2024/03/05 02:00:44 Coordinator status 1
2024/03/05 02:00:45 Order 13 finish Reduce
2024/03/05 02:00:45 Coordinator work
2024/03/05 02:00:45 Coordinator status 1
2024/03/05 02:00:45 Order 14 finish Reduce
2024/03/05 02:00:46 Coordinator work
2024/03/05 02:00:46 Coordinator status 1
2024/03/05 02:00:46 Order 15 finish Reduce
2024/03/05 02:00:46 Coordinator work
2024/03/05 02:00:46 Coordinator status 1
2024/03/05 02:00:47 Order 16 finish Reduce
2024/03/05 02:00:47 Coordinator work
2024/03/05 02:00:47 Coordinator status 1
2024/03/05 02:00:47 Order 17 finish Reduce
2024/03/05 02:00:48 Coordinator work
2024/03/05 02:00:48 Coordinator status 1
2024/03/05 02:00:48 Map: 8 done vs. 0 working, Reduce 10 done vs. 0 working
2024/03/05 02:00:48 forward: forward to done phase
2024/03/05 02:00:48 Coordinator work
2024/03/05 02:00:48 Coordinator status 2
