2024/03/05 12:24:58 making map order &{0 [../pg-being_ernest.txt] 0 10}
2024/03/05 12:24:58 making map order &{0 [../pg-dorian_gray.txt] 1 10}
2024/03/05 12:24:58 making map order &{0 [../pg-frankenstein.txt] 2 10}
2024/03/05 12:24:58 making map order &{0 [../pg-grimm.txt] 3 10}
2024/03/05 12:24:58 making map order &{0 [../pg-huckleberry_finn.txt] 4 10}
2024/03/05 12:24:58 making map order &{0 [../pg-metamorphosis.txt] 5 10}
2024/03/05 12:24:58 making map order &{0 [../pg-sherlock_holmes.txt] 6 10}
2024/03/05 12:24:58 making map order &{0 [../pg-tom_sawyer.txt] 7 10}
2024/03/05 12:24:58 done with make map order
2024/03/05 12:24:58 Map: 0 done vs. 8 working, Reduce 0 done vs. 0 working
2024/03/05 12:24:59 Coordinator work
2024/03/05 12:24:59 Coordinator status 0
2024/03/05 12:24:59 Coordinator work
2024/03/05 12:24:59 Coordinator status 0
2024/03/05 12:24:59 Coordinator work
2024/03/05 12:24:59 Coordinator status 0
2024/03/05 12:24:59 IsDone &{0 2024-03-05 12:24:59.756130086 +0800 CST m=+1.054391691 0xc000112060} true
2024/03/05 12:24:59 Order 0 finish Map
2024/03/05 12:24:59 IsDone &{0 2024-03-05 12:24:59.761058069 +0800 CST m=+1.059319677 0xc0001120f0} true
2024/03/05 12:24:59 Order 1 finish Map
2024/03/05 12:24:59 IsDone &{0 2024-03-05 12:24:59.761634524 +0800 CST m=+1.059896132 0xc000112180} true
2024/03/05 12:24:59 Order 2 finish Map
2024/03/05 12:25:00 Coordinator work
2024/03/05 12:25:00 Coordinator status 0
2024/03/05 12:25:00 Coordinator work
2024/03/05 12:25:00 Coordinator status 0
2024/03/05 12:25:00 Coordinator work
2024/03/05 12:25:00 Coordinator status 0
2024/03/05 12:25:00 IsDone &{0 2024-03-05 12:25:00.787668997 +0800 CST m=+2.085930600 0xc000112330} true
2024/03/05 12:25:00 Order 5 finish Map
2024/03/05 12:25:00 IsDone &{0 2024-03-05 12:25:00.77643448 +0800 CST m=+2.074696088 0xc000112210} true
2024/03/05 12:25:00 Order 3 finish Map
2024/03/05 12:25:00 IsDone &{0 2024-03-05 12:25:00.783511383 +0800 CST m=+2.081772984 0xc0001122a0} true
2024/03/05 12:25:00 Order 4 finish Map
2024/03/05 12:25:01 Coordinator work
2024/03/05 12:25:01 Coordinator status 0
2024/03/05 12:25:01 Coordinator work
2024/03/05 12:25:01 Coordinator status 0
2024/03/05 12:25:01 Coordinator work
2024/03/05 12:25:01 Coordinator status 0
2024/03/05 12:25:01 Map: 6 done vs. 2 working, Reduce 0 done vs. 0 working
2024/03/05 12:25:01 IsDone &{0 2024-03-05 12:25:01.807813415 +0800 CST m=+3.106075021 0xc0001123c0} true
2024/03/05 12:25:01 Order 6 finish Map
2024/03/05 12:25:01 IsDone &{0 2024-03-05 12:25:01.813741632 +0800 CST m=+3.112003234 0xc000112450} true
2024/03/05 12:25:01 Order 7 finish Map
2024/03/05 12:25:02 Coordinator work
2024/03/05 12:25:02 Coordinator status 0
2024/03/05 12:25:02 Map: 8 done vs. 0 working, Reduce 0 done vs. 0 working
2024/03/05 12:25:02 forward: forward to Reuce Phase
2024/03/05 12:25:02 making reduce order : 8
2024/03/05 12:25:02 making reduce order : 9
2024/03/05 12:25:02 making reduce order : 10
2024/03/05 12:25:02 making reduce order : 11
2024/03/05 12:25:02 making reduce order : 12
2024/03/05 12:25:02 making reduce order : 13
2024/03/05 12:25:02 making reduce order : 14
2024/03/05 12:25:02 making reduce order : 15
2024/03/05 12:25:02 making reduce order : 16
2024/03/05 12:25:02 making reduce order : 17
2024/03/05 12:25:02 done with make reduce order
2024/03/05 12:25:02 Map: 8 done vs. 0 working, Reduce 0 done vs. 10 working
2024/03/05 12:25:02 Coordinator work
2024/03/05 12:25:02 Coordinator status 1
2024/03/05 12:25:02 Order 8 finish Reduce
2024/03/05 12:25:03 Coordinator work
2024/03/05 12:25:03 Coordinator status 1
2024/03/05 12:25:03 Order 9 finish Reduce
2024/03/05 12:25:03 Coordinator work
2024/03/05 12:25:03 Coordinator status 1
2024/03/05 12:25:04 Coordinator work
2024/03/05 12:25:04 Coordinator status 1
2024/03/05 12:25:04 Order 11 finish Reduce
2024/03/05 12:25:04 Coordinator work
2024/03/05 12:25:04 Coordinator status 1
2024/03/05 12:25:04 Order 12 finish Reduce
2024/03/05 12:25:05 Coordinator work
2024/03/05 12:25:05 Coordinator status 1
2024/03/05 12:25:05 Order 13 finish Reduce
2024/03/05 12:25:05 Coordinator work
2024/03/05 12:25:05 Coordinator status 1
2024/03/05 12:25:06 Coordinator work
2024/03/05 12:25:06 Coordinator status 1
2024/03/05 12:25:06 Order 15 finish Reduce
2024/03/05 12:25:06 Order 10 finish Reduce
2024/03/05 12:25:07 Coordinator work
2024/03/05 12:25:07 Coordinator status 1
2024/03/05 12:25:07 Order 16 finish Reduce
2024/03/05 12:25:07 Coordinator work
2024/03/05 12:25:07 Coordinator status 1
2024/03/05 12:25:07 Order 17 finish Reduce
2024/03/05 12:25:08 Coordinator work
2024/03/05 12:25:08 Coordinator status 1
2024/03/05 12:25:08 Map: 8 done vs. 0 working, Reduce 9 done vs. 1 working
2024/03/05 12:25:08 Order 14 finish Reduce
2024/03/05 12:25:08 Coordinator work
2024/03/05 12:25:08 Coordinator status 1
2024/03/05 12:25:08 Map: 8 done vs. 0 working, Reduce 10 done vs. 0 working
2024/03/05 12:25:08 forward: forward to done phase
2024/03/05 12:25:09 Coordinator work
2024/03/05 12:25:09 Coordinator status 2
