2024/03/05 12:08:41 making map order &{0 [../pg-being_ernest.txt] 0 10}
2024/03/05 12:08:41 making map order &{0 [../pg-dorian_gray.txt] 1 10}
2024/03/05 12:08:41 making map order &{0 [../pg-frankenstein.txt] 2 10}
2024/03/05 12:08:41 making map order &{0 [../pg-grimm.txt] 3 10}
2024/03/05 12:08:41 making map order &{0 [../pg-huckleberry_finn.txt] 4 10}
2024/03/05 12:08:41 making map order &{0 [../pg-metamorphosis.txt] 5 10}
2024/03/05 12:08:41 making map order &{0 [../pg-sherlock_holmes.txt] 6 10}
2024/03/05 12:08:41 making map order &{0 [../pg-tom_sawyer.txt] 7 10}
2024/03/05 12:08:41 done with make map order
2024/03/05 12:08:41 Map: 0 done vs. 8 working, Reduce 0 done vs. 0 working
2024/03/05 12:08:42 Coordinator work
2024/03/05 12:08:42 Coordinator status 0
2024/03/05 12:08:42 Coordinator work
2024/03/05 12:08:42 Coordinator status 0
2024/03/05 12:08:46 IsDone &{0 2024-03-05 12:08:42.219904309 +0800 CST m=+1.045360271 0xc000074540} true
2024/03/05 12:08:46 Order 0 finish Map
2024/03/05 12:08:46 IsDone &{0 2024-03-05 12:08:42.221732455 +0800 CST m=+1.047188416 0xc0000745d0} true
2024/03/05 12:08:46 Order 1 finish Map
2024/03/05 12:08:47 Coordinator work
2024/03/05 12:08:47 Coordinator status 0
2024/03/05 12:08:47 Coordinator work
2024/03/05 12:08:47 Coordinator status 0
2024/03/05 12:08:51 IsDone &{0 2024-03-05 12:08:47.329622838 +0800 CST m=+6.155078799 0xc0000746f0} true
2024/03/05 12:08:51 Order 3 finish Map
2024/03/05 12:08:51 IsDone &{0 2024-03-05 12:08:47.322590572 +0800 CST m=+6.148046527 0xc000074660} true
2024/03/05 12:08:51 Order 2 finish Map
2024/03/05 12:08:52 Coordinator work
2024/03/05 12:08:52 Coordinator status 0
2024/03/05 12:08:52 Coordinator work
2024/03/05 12:08:52 Coordinator status 0
2024/03/05 12:08:56 IsDone &{0 2024-03-05 12:08:52.237742123 +0800 CST m=+11.063198084 0xc000074810} true
2024/03/05 12:08:56 Order 5 finish Map
2024/03/05 12:08:56 IsDone &{0 2024-03-05 12:08:52.234228353 +0800 CST m=+11.059684314 0xc000074780} true
2024/03/05 12:08:56 Order 4 finish Map
2024/03/05 12:08:57 Coordinator work
2024/03/05 12:08:57 Coordinator status 0
2024/03/05 12:08:57 Coordinator work
2024/03/05 12:08:57 Coordinator status 0
2024/03/05 12:08:59 IsDone &{0 2024-03-05 12:08:57.094557614 +0800 CST m=+15.920013565 0xc0000748a0} true
2024/03/05 12:08:59 Order 6 finish Map
2024/03/05 12:08:59 IsDone &{0 2024-03-05 12:08:57.106190067 +0800 CST m=+15.931646026 0xc000074930} true
2024/03/05 12:08:59 Order 7 finish Map
2024/03/05 12:09:00 Coordinator work
2024/03/05 12:09:00 Coordinator status 0
2024/03/05 12:09:00 Map: 8 done vs. 0 working, Reduce 0 done vs. 0 working
2024/03/05 12:09:00 forward: forward to Reuce Phase
2024/03/05 12:09:00 making reduce order : 8
2024/03/05 12:09:00 making reduce order : 9
2024/03/05 12:09:00 making reduce order : 10
2024/03/05 12:09:00 making reduce order : 11
2024/03/05 12:09:00 making reduce order : 12
2024/03/05 12:09:00 making reduce order : 13
2024/03/05 12:09:00 making reduce order : 14
2024/03/05 12:09:00 making reduce order : 15
2024/03/05 12:09:00 making reduce order : 16
2024/03/05 12:09:00 making reduce order : 17
2024/03/05 12:09:00 done with make reduce order
2024/03/05 12:09:00 Map: 8 done vs. 0 working, Reduce 0 done vs. 10 working
2024/03/05 12:09:00 Coordinator work
2024/03/05 12:09:00 Coordinator status 1
2024/03/05 12:09:00 Order 8 finish Reduce
2024/03/05 12:09:01 Coordinator work
2024/03/05 12:09:01 Coordinator status 1
2024/03/05 12:09:01 Order 9 finish Reduce
2024/03/05 12:09:02 Coordinator work
2024/03/05 12:09:02 Coordinator status 1
2024/03/05 12:09:02 Order 10 finish Reduce
2024/03/05 12:09:02 Coordinator work
2024/03/05 12:09:02 Coordinator status 1
2024/03/05 12:09:02 Order 11 finish Reduce
2024/03/05 12:09:03 Coordinator work
2024/03/05 12:09:03 Coordinator status 1
2024/03/05 12:09:03 Order 12 finish Reduce
2024/03/05 12:09:03 Coordinator work
2024/03/05 12:09:03 Coordinator status 1
2024/03/05 12:09:03 Order 13 finish Reduce
2024/03/05 12:09:04 Coordinator work
2024/03/05 12:09:04 Coordinator status 1
2024/03/05 12:09:04 Order 14 finish Reduce
2024/03/05 12:09:04 Coordinator work
2024/03/05 12:09:04 Coordinator status 1
2024/03/05 12:09:04 Order 15 finish Reduce
2024/03/05 12:09:05 Coordinator work
2024/03/05 12:09:05 Coordinator status 1
2024/03/05 12:09:05 Order 16 finish Reduce
2024/03/05 12:09:05 Coordinator work
2024/03/05 12:09:05 Coordinator status 1
2024/03/05 12:09:05 Order 17 finish Reduce
2024/03/05 12:09:06 Coordinator work
2024/03/05 12:09:06 Coordinator status 1
2024/03/05 12:09:06 Map: 8 done vs. 0 working, Reduce 10 done vs. 0 working
2024/03/05 12:09:06 forward: forward to done phase
2024/03/05 12:09:06 Coordinator work
2024/03/05 12:09:06 Coordinator status 2
