2024/03/05 10:31:19 making map order &{0 [../pg-being_ernest.txt] 0 10}
2024/03/05 10:31:19 making map order &{0 [../pg-dorian_gray.txt] 1 10}
2024/03/05 10:31:19 making map order &{0 [../pg-frankenstein.txt] 2 10}
2024/03/05 10:31:19 making map order &{0 [../pg-grimm.txt] 3 10}
2024/03/05 10:31:19 making map order &{0 [../pg-huckleberry_finn.txt] 4 10}
2024/03/05 10:31:19 making map order &{0 [../pg-metamorphosis.txt] 5 10}
2024/03/05 10:31:19 making map order &{0 [../pg-sherlock_holmes.txt] 6 10}
2024/03/05 10:31:19 making map order &{0 [../pg-tom_sawyer.txt] 7 10}
2024/03/05 10:31:19 done with make map order
2024/03/05 10:31:19 Map: 0 done vs. 8 working, Reduce 0 done vs. 0 working
2024/03/05 10:31:20 Coordinator work
2024/03/05 10:31:20 Coordinator status 0
2024/03/05 10:31:20 Coordinator work
2024/03/05 10:31:20 Coordinator status 0
2024/03/05 10:31:20 Coordinator work
2024/03/05 10:31:20 Coordinator status 0
2024/03/05 10:31:21 IsDone &{0 2024-03-05 10:31:20.283091956 +0800 CST m=+1.022237386 0xc00007bec0} true
2024/03/05 10:31:21 Order 0 finish Map
2024/03/05 10:31:22 IsDone &{0 2024-03-05 10:31:20.303681816 +0800 CST m=+1.042827250 0xc00016c000} true
2024/03/05 10:31:22 Order 2 finish Map
2024/03/05 10:31:22 Coordinator work
2024/03/05 10:31:22 Coordinator status 0
2024/03/05 10:31:22 IsDone &{0 2024-03-05 10:31:20.28393268 +0800 CST m=+1.023078116 0xc00007bf50} true
2024/03/05 10:31:22 Order 1 finish Map
2024/03/05 10:31:23 Coordinator work
2024/03/05 10:31:23 Coordinator status 0
2024/03/05 10:31:23 Coordinator work
2024/03/05 10:31:23 Coordinator status 0
2024/03/05 10:31:24 IsDone &{0 2024-03-05 10:31:23.482897178 +0800 CST m=+4.222042612 0xc00016c1b0} true
2024/03/05 10:31:24 Order 5 finish Map
2024/03/05 10:31:24 IsDone &{0 2024-03-05 10:31:22.273757792 +0800 CST m=+3.012903223 0xc00016c090} true
2024/03/05 10:31:24 Order 3 finish Map
2024/03/05 10:31:25 Coordinator work
2024/03/05 10:31:25 Coordinator status 0
2024/03/05 10:31:25 Coordinator work
2024/03/05 10:31:25 Coordinator status 0
2024/03/05 10:31:26 IsDone &{0 2024-03-05 10:31:23.235042088 +0800 CST m=+3.974187522 0xc00016c120} true
2024/03/05 10:31:26 Order 4 finish Map
2024/03/05 10:31:27 Coordinator work
2024/03/05 10:31:27 Coordinator status 0
2024/03/05 10:31:27 Map: 6 done vs. 2 working, Reduce 0 done vs. 0 working
2024/03/05 10:31:27 IsDone &{0 2024-03-05 10:31:25.859602397 +0800 CST m=+6.598747828 0xc00016c2d0} true
2024/03/05 10:31:27 Order 7 finish Map
2024/03/05 10:31:28 IsDone &{0 2024-03-05 10:31:25.212695433 +0800 CST m=+5.951840867 0xc00016c240} true
2024/03/05 10:31:28 Order 6 finish Map
2024/03/05 10:31:28 Coordinator work
2024/03/05 10:31:28 Coordinator status 0
2024/03/05 10:31:28 Map: 8 done vs. 0 working, Reduce 0 done vs. 0 working
2024/03/05 10:31:28 forward: forward to Reuce Phase
2024/03/05 10:31:28 making reduce order : 8
2024/03/05 10:31:28 making reduce order : 9
2024/03/05 10:31:28 making reduce order : 10
2024/03/05 10:31:28 making reduce order : 11
2024/03/05 10:31:28 making reduce order : 12
2024/03/05 10:31:28 making reduce order : 13
2024/03/05 10:31:28 making reduce order : 14
2024/03/05 10:31:28 making reduce order : 15
2024/03/05 10:31:28 making reduce order : 16
2024/03/05 10:31:28 making reduce order : 17
2024/03/05 10:31:28 done with make reduce order
2024/03/05 10:31:28 Map: 8 done vs. 0 working, Reduce 0 done vs. 10 working
2024/03/05 10:31:29 Coordinator work
2024/03/05 10:31:29 Coordinator status 1
2024/03/05 10:31:29 Coordinator work
2024/03/05 10:31:29 Coordinator status 1
2024/03/05 10:31:29 Order 8 finish Reduce
2024/03/05 10:31:30 Order 9 finish Reduce
2024/03/05 10:31:30 Coordinator work
2024/03/05 10:31:30 Coordinator status 1
2024/03/05 10:31:30 Coordinator work
2024/03/05 10:31:30 Coordinator status 1
2024/03/05 10:31:31 Coordinator work
2024/03/05 10:31:31 Coordinator status 1
2024/03/05 10:31:31 Order 11 finish Reduce
2024/03/05 10:31:32 Order 12 finish Reduce
2024/03/05 10:31:32 Order 10 finish Reduce
2024/03/05 10:31:32 Coordinator work
2024/03/05 10:31:32 Coordinator status 1
2024/03/05 10:31:33 Coordinator work
2024/03/05 10:31:33 Coordinator status 1
2024/03/05 10:31:33 Coordinator work
2024/03/05 10:31:33 Coordinator status 1
2024/03/05 10:31:33 Order 13 finish Reduce
2024/03/05 10:31:33 Order 15 finish Reduce
2024/03/05 10:31:34 Coordinator work
2024/03/05 10:31:34 Coordinator status 1
2024/03/05 10:31:34 Order 14 finish Reduce
2024/03/05 10:31:34 Coordinator work
2024/03/05 10:31:34 Coordinator status 1
2024/03/05 10:31:35 Order 16 finish Reduce
2024/03/05 10:31:35 Coordinator work
2024/03/05 10:31:35 Coordinator status 1
2024/03/05 10:31:35 Map: 8 done vs. 0 working, Reduce 9 done vs. 1 working
2024/03/05 10:31:35 Order 17 finish Reduce
2024/03/05 10:31:36 Coordinator work
2024/03/05 10:31:36 Coordinator status 1
2024/03/05 10:31:36 Map: 8 done vs. 0 working, Reduce 10 done vs. 0 working
2024/03/05 10:31:36 forward: forward to done phase
2024/03/05 10:31:36 Coordinator work
2024/03/05 10:31:36 Coordinator status 2
