2024/03/05 07:05:01 making map order &{0 [../pg-being_ernest.txt] 0 10}
2024/03/05 07:05:01 making map order &{0 [../pg-dorian_gray.txt] 1 10}
2024/03/05 07:05:01 making map order &{0 [../pg-frankenstein.txt] 2 10}
2024/03/05 07:05:01 making map order &{0 [../pg-grimm.txt] 3 10}
2024/03/05 07:05:01 making map order &{0 [../pg-huckleberry_finn.txt] 4 10}
2024/03/05 07:05:01 making map order &{0 [../pg-metamorphosis.txt] 5 10}
2024/03/05 07:05:01 making map order &{0 [../pg-sherlock_holmes.txt] 6 10}
2024/03/05 07:05:01 making map order &{0 [../pg-tom_sawyer.txt] 7 10}
2024/03/05 07:05:01 done with make map order
2024/03/05 07:05:01 Map: 0 done vs. 8 working, Reduce 0 done vs. 0 working
2024/03/05 07:05:02 Coordinator work
2024/03/05 07:05:02 Coordinator status 0
2024/03/05 07:05:02 Coordinator work
2024/03/05 07:05:02 Coordinator status 0
2024/03/05 07:05:02 IsDone &{0 2024-03-05 07:05:02.880786814 +0800 CST m=+1.016353980 0xc000090570} true
2024/03/05 07:05:02 Order 0 finish Map
2024/03/05 07:05:03 IsDone &{0 2024-03-05 07:05:02.886789693 +0800 CST m=+1.022356864 0xc000090600} true
2024/03/05 07:05:03 Order 1 finish Map
2024/03/05 07:05:03 Coordinator work
2024/03/05 07:05:03 Coordinator status 0
2024/03/05 07:05:04 Coordinator work
2024/03/05 07:05:04 Coordinator status 0
2024/03/05 07:05:04 IsDone &{0 2024-03-05 07:05:03.979058462 +0800 CST m=+2.114625633 0xc000090690} true
2024/03/05 07:05:04 Order 2 finish Map
2024/03/05 07:05:04 IsDone &{0 2024-03-05 07:05:04.091779773 +0800 CST m=+2.227346933 0xc000090720} true
2024/03/05 07:05:04 Order 3 finish Map
2024/03/05 07:05:05 Coordinator work
2024/03/05 07:05:05 Coordinator status 0
2024/03/05 07:05:05 Coordinator work
2024/03/05 07:05:05 Coordinator status 0
2024/03/05 07:05:05 IsDone &{0 2024-03-05 07:05:05.31730836 +0800 CST m=+3.452875546 0xc000090840} true
2024/03/05 07:05:05 Order 5 finish Map
2024/03/05 07:05:05 IsDone &{0 2024-03-05 07:05:05.244762238 +0800 CST m=+3.380329407 0xc0000907b0} true
2024/03/05 07:05:05 Order 4 finish Map
2024/03/05 07:05:06 Coordinator work
2024/03/05 07:05:06 Coordinator status 0
2024/03/05 07:05:06 Coordinator work
2024/03/05 07:05:06 Coordinator status 0
2024/03/05 07:05:06 IsDone &{0 2024-03-05 07:05:06.505062465 +0800 CST m=+4.640629636 0xc000090960} true
2024/03/05 07:05:06 Order 7 finish Map
2024/03/05 07:05:06 IsDone &{0 2024-03-05 07:05:06.449185196 +0800 CST m=+4.584752366 0xc0000908d0} true
2024/03/05 07:05:06 Order 6 finish Map
2024/03/05 07:05:07 Coordinator work
2024/03/05 07:05:07 Coordinator status 0
2024/03/05 07:05:07 Map: 8 done vs. 0 working, Reduce 0 done vs. 0 working
2024/03/05 07:05:07 forward: forward to Reuce Phase
2024/03/05 07:05:07 making reduce order : 8
2024/03/05 07:05:07 making reduce order : 9
2024/03/05 07:05:07 making reduce order : 10
2024/03/05 07:05:07 making reduce order : 11
2024/03/05 07:05:07 making reduce order : 12
2024/03/05 07:05:07 making reduce order : 13
2024/03/05 07:05:07 making reduce order : 14
2024/03/05 07:05:07 making reduce order : 15
2024/03/05 07:05:07 making reduce order : 16
2024/03/05 07:05:07 making reduce order : 17
2024/03/05 07:05:07 done with make reduce order
2024/03/05 07:05:07 Map: 8 done vs. 0 working, Reduce 0 done vs. 10 working
2024/03/05 07:05:07 Coordinator work
2024/03/05 07:05:07 Coordinator status 1
2024/03/05 07:05:07 Order 8 finish Reduce
2024/03/05 07:05:08 Coordinator work
2024/03/05 07:05:08 Coordinator status 1
2024/03/05 07:05:08 Order 9 finish Reduce
2024/03/05 07:05:09 Coordinator work
2024/03/05 07:05:09 Coordinator status 1
2024/03/05 07:05:09 Order 10 finish Reduce
2024/03/05 07:05:09 Coordinator work
2024/03/05 07:05:09 Coordinator status 1
2024/03/05 07:05:10 Order 11 finish Reduce
2024/03/05 07:05:10 Coordinator work
2024/03/05 07:05:10 Coordinator status 1
2024/03/05 07:05:10 Order 12 finish Reduce
2024/03/05 07:05:11 Coordinator work
2024/03/05 07:05:11 Coordinator status 1
2024/03/05 07:05:11 Order 13 finish Reduce
2024/03/05 07:05:11 Coordinator work
2024/03/05 07:05:11 Coordinator status 1
2024/03/05 07:05:12 Order 14 finish Reduce
2024/03/05 07:05:12 Coordinator work
2024/03/05 07:05:12 Coordinator status 1
2024/03/05 07:05:12 Order 15 finish Reduce
2024/03/05 07:05:13 Coordinator work
2024/03/05 07:05:13 Coordinator status 1
2024/03/05 07:05:13 Order 16 finish Reduce
2024/03/05 07:05:13 Coordinator work
2024/03/05 07:05:13 Coordinator status 1
2024/03/05 07:05:13 Order 17 finish Reduce
2024/03/05 07:05:14 Coordinator work
2024/03/05 07:05:14 Coordinator status 1
2024/03/05 07:05:14 Map: 8 done vs. 0 working, Reduce 10 done vs. 0 working
2024/03/05 07:05:14 forward: forward to done phase
2024/03/05 07:05:14 Coordinator work
2024/03/05 07:05:14 Coordinator status 2
