2024/03/05 11:45:51 making map order &{0 [../pg-being_ernest.txt] 0 10}
2024/03/05 11:45:51 making map order &{0 [../pg-dorian_gray.txt] 1 10}
2024/03/05 11:45:51 making map order &{0 [../pg-frankenstein.txt] 2 10}
2024/03/05 11:45:51 making map order &{0 [../pg-grimm.txt] 3 10}
2024/03/05 11:45:51 making map order &{0 [../pg-huckleberry_finn.txt] 4 10}
2024/03/05 11:45:51 making map order &{0 [../pg-metamorphosis.txt] 5 10}
2024/03/05 11:45:51 making map order &{0 [../pg-sherlock_holmes.txt] 6 10}
2024/03/05 11:45:51 making map order &{0 [../pg-tom_sawyer.txt] 7 10}
2024/03/05 11:45:51 done with make map order
2024/03/05 11:45:51 Map: 0 done vs. 8 working, Reduce 0 done vs. 0 working
2024/03/05 11:45:52 Coordinator work
2024/03/05 11:45:52 Coordinator status 0
2024/03/05 11:45:52 Coordinator work
2024/03/05 11:45:52 Coordinator status 0
2024/03/05 11:45:52 Coordinator work
2024/03/05 11:45:52 Coordinator status 0
2024/03/05 11:45:53 IsDone &{0 2024-03-05 11:45:52.145460492 +0800 CST m=+1.028282373 0xc00009ddd0} true
2024/03/05 11:45:53 Order 0 finish Map
2024/03/05 11:45:54 Coordinator work
2024/03/05 11:45:54 Coordinator status 0
2024/03/05 11:45:55 IsDone &{0 2024-03-05 11:45:52.161056334 +0800 CST m=+1.043878212 0xc00009def0} true
2024/03/05 11:45:55 Order 2 finish Map
2024/03/05 11:45:55 IsDone &{0 2024-03-05 11:45:52.146686978 +0800 CST m=+1.029508858 0xc00009de60} true
2024/03/05 11:45:55 Order 1 finish Map
2024/03/05 11:45:56 Coordinator work
2024/03/05 11:45:56 Coordinator status 0
2024/03/05 11:45:56 Coordinator work
2024/03/05 11:45:56 Coordinator status 0
2024/03/05 11:45:58 IsDone &{0 2024-03-05 11:45:56.982243657 +0800 CST m=+5.865065539 0xc00011a0c0} true
2024/03/05 11:45:58 Order 5 finish Map
2024/03/05 11:45:58 IsDone &{0 2024-03-05 11:45:54.311553503 +0800 CST m=+3.194375385 0xc00009df80} true
2024/03/05 11:45:58 Order 3 finish Map
2024/03/05 11:45:59 Coordinator work
2024/03/05 11:45:59 Coordinator status 0
2024/03/05 11:45:59 Coordinator work
2024/03/05 11:45:59 Coordinator status 0
2024/03/05 11:46:01 IsDone &{0 2024-03-05 11:45:56.661801209 +0800 CST m=+5.544623099 0xc00011a030} true
2024/03/05 11:46:01 Order 4 finish Map
2024/03/05 11:46:02 Coordinator work
2024/03/05 11:46:02 Coordinator status 0
2024/03/05 11:46:02 Map: 6 done vs. 2 working, Reduce 0 done vs. 0 working
2024/03/05 11:46:02 IsDone &{0 2024-03-05 11:45:59.560906186 +0800 CST m=+8.443728068 0xc00011a1e0} true
2024/03/05 11:46:02 Order 7 finish Map
2024/03/05 11:46:02 IsDone &{0 2024-03-05 11:45:59.170259912 +0800 CST m=+8.053081791 0xc00011a150} true
2024/03/05 11:46:02 Order 6 finish Map
2024/03/05 11:46:03 Coordinator work
2024/03/05 11:46:03 Coordinator status 0
2024/03/05 11:46:03 Map: 8 done vs. 0 working, Reduce 0 done vs. 0 working
2024/03/05 11:46:03 forward: forward to Reuce Phase
2024/03/05 11:46:03 making reduce order : 8
2024/03/05 11:46:03 making reduce order : 9
2024/03/05 11:46:03 making reduce order : 10
2024/03/05 11:46:03 making reduce order : 11
2024/03/05 11:46:03 making reduce order : 12
2024/03/05 11:46:03 making reduce order : 13
2024/03/05 11:46:03 making reduce order : 14
2024/03/05 11:46:03 making reduce order : 15
2024/03/05 11:46:03 making reduce order : 16
2024/03/05 11:46:03 making reduce order : 17
2024/03/05 11:46:03 done with make reduce order
2024/03/05 11:46:03 Map: 8 done vs. 0 working, Reduce 0 done vs. 10 working
2024/03/05 11:46:03 Coordinator work
2024/03/05 11:46:03 Coordinator status 1
2024/03/05 11:46:03 Order 8 finish Reduce
2024/03/05 11:46:04 Coordinator work
2024/03/05 11:46:04 Coordinator status 1
2024/03/05 11:46:04 Order 9 finish Reduce
2024/03/05 11:46:04 Coordinator work
2024/03/05 11:46:04 Coordinator status 1
2024/03/05 11:46:05 Coordinator work
2024/03/05 11:46:05 Coordinator status 1
2024/03/05 11:46:05 Coordinator work
2024/03/05 11:46:05 Coordinator status 1
2024/03/05 11:46:05 Order 11 finish Reduce
2024/03/05 11:46:06 Order 10 finish Reduce
2024/03/05 11:46:06 Order 12 finish Reduce
2024/03/05 11:46:06 Coordinator work
2024/03/05 11:46:06 Coordinator status 1
2024/03/05 11:46:07 Coordinator work
2024/03/05 11:46:07 Coordinator status 1
2024/03/05 11:46:07 Order 13 finish Reduce
2024/03/05 11:46:07 Coordinator work
2024/03/05 11:46:07 Coordinator status 1
2024/03/05 11:46:08 Order 15 finish Reduce
2024/03/05 11:46:08 Coordinator work
2024/03/05 11:46:08 Coordinator status 1
2024/03/05 11:46:08 Order 14 finish Reduce
2024/03/05 11:46:09 Order 16 finish Reduce
2024/03/05 11:46:09 Coordinator work
2024/03/05 11:46:09 Coordinator status 1
2024/03/05 11:46:09 Coordinator work
2024/03/05 11:46:09 Coordinator status 1
2024/03/05 11:46:09 Map: 8 done vs. 0 working, Reduce 9 done vs. 1 working
2024/03/05 11:46:10 Order 17 finish Reduce
2024/03/05 11:46:10 Coordinator work
2024/03/05 11:46:10 Coordinator status 1
2024/03/05 11:46:10 Map: 8 done vs. 0 working, Reduce 10 done vs. 0 working
2024/03/05 11:46:10 forward: forward to done phase
2024/03/05 11:46:11 Coordinator work
2024/03/05 11:46:11 Coordinator status 2
2024/03/05 11:46:11 Coordinator work
2024/03/05 11:46:11 Coordinator status 2
