2024/03/05 12:17:26 making map order &{0 [../pg-being_ernest.txt] 0 10}
2024/03/05 12:17:26 making map order &{0 [../pg-dorian_gray.txt] 1 10}
2024/03/05 12:17:26 making map order &{0 [../pg-frankenstein.txt] 2 10}
2024/03/05 12:17:26 making map order &{0 [../pg-grimm.txt] 3 10}
2024/03/05 12:17:26 making map order &{0 [../pg-huckleberry_finn.txt] 4 10}
2024/03/05 12:17:26 making map order &{0 [../pg-metamorphosis.txt] 5 10}
2024/03/05 12:17:26 making map order &{0 [../pg-sherlock_holmes.txt] 6 10}
2024/03/05 12:17:26 making map order &{0 [../pg-tom_sawyer.txt] 7 10}
2024/03/05 12:17:26 done with make map order
2024/03/05 12:17:26 Map: 0 done vs. 8 working, Reduce 0 done vs. 0 working
2024/03/05 12:17:27 Coordinator work
2024/03/05 12:17:27 Coordinator status 0
2024/03/05 12:17:27 Coordinator work
2024/03/05 12:17:27 Coordinator status 0
2024/03/05 12:17:27 Coordinator work
2024/03/05 12:17:27 Coordinator status 0
2024/03/05 12:17:28 IsDone &{0 2024-03-05 12:17:27.732504064 +0800 CST m=+1.280872217 0xc000074600} true
2024/03/05 12:17:28 Order 0 finish Map
2024/03/05 12:17:29 Coordinator work
2024/03/05 12:17:29 Coordinator status 0
2024/03/05 12:17:30 IsDone &{0 2024-03-05 12:17:27.736164328 +0800 CST m=+1.284532485 0xc000074720} true
2024/03/05 12:17:30 Order 2 finish Map
2024/03/05 12:17:30 IsDone &{0 2024-03-05 12:17:27.733434588 +0800 CST m=+1.281802743 0xc000074690} true
2024/03/05 12:17:30 Order 1 finish Map
2024/03/05 12:17:31 Coordinator work
2024/03/05 12:17:31 Coordinator status 0
2024/03/05 12:17:31 Coordinator work
2024/03/05 12:17:31 Coordinator status 0
2024/03/05 12:17:32 IsDone &{0 2024-03-05 12:17:31.266828959 +0800 CST m=+4.815197118 0xc0000748d0} true
2024/03/05 12:17:32 Order 5 finish Map
2024/03/05 12:17:32 IsDone &{0 2024-03-05 12:17:29.544099886 +0800 CST m=+3.092468042 0xc0000747b0} true
2024/03/05 12:17:32 Order 3 finish Map
2024/03/05 12:17:33 Coordinator work
2024/03/05 12:17:33 Coordinator status 0
2024/03/05 12:17:33 Coordinator work
2024/03/05 12:17:33 Coordinator status 0
2024/03/05 12:17:34 IsDone &{0 2024-03-05 12:17:31.012209857 +0800 CST m=+4.560578011 0xc000074840} true
2024/03/05 12:17:34 Order 4 finish Map
2024/03/05 12:17:35 Coordinator work
2024/03/05 12:17:35 Coordinator status 0
2024/03/05 12:17:35 Map: 6 done vs. 2 working, Reduce 0 done vs. 0 working
2024/03/05 12:17:35 IsDone &{0 2024-03-05 12:17:33.274862268 +0800 CST m=+6.823230423 0xc0000749f0} true
2024/03/05 12:17:35 Order 7 finish Map
2024/03/05 12:17:35 IsDone &{0 2024-03-05 12:17:33.157974414 +0800 CST m=+6.706342564 0xc000074960} true
2024/03/05 12:17:35 Order 6 finish Map
2024/03/05 12:17:36 Coordinator work
2024/03/05 12:17:36 Coordinator status 0
2024/03/05 12:17:36 Map: 8 done vs. 0 working, Reduce 0 done vs. 0 working
2024/03/05 12:17:36 forward: forward to Reuce Phase
2024/03/05 12:17:36 making reduce order : 8
2024/03/05 12:17:36 making reduce order : 9
2024/03/05 12:17:36 making reduce order : 10
2024/03/05 12:17:36 making reduce order : 11
2024/03/05 12:17:36 making reduce order : 12
2024/03/05 12:17:36 making reduce order : 13
2024/03/05 12:17:36 making reduce order : 14
2024/03/05 12:17:36 making reduce order : 15
2024/03/05 12:17:36 making reduce order : 16
2024/03/05 12:17:36 making reduce order : 17
2024/03/05 12:17:36 done with make reduce order
2024/03/05 12:17:36 Map: 8 done vs. 0 working, Reduce 0 done vs. 10 working
2024/03/05 12:17:36 Coordinator work
2024/03/05 12:17:36 Coordinator status 1
2024/03/05 12:17:37 Order 8 finish Reduce
2024/03/05 12:17:37 Coordinator work
2024/03/05 12:17:37 Coordinator status 1
2024/03/05 12:17:38 Order 9 finish Reduce
2024/03/05 12:17:38 Coordinator work
2024/03/05 12:17:38 Coordinator status 1
2024/03/05 12:17:38 Coordinator work
2024/03/05 12:17:38 Coordinator status 1
2024/03/05 12:17:39 Coordinator work
2024/03/05 12:17:39 Coordinator status 1
2024/03/05 12:17:39 Order 11 finish Reduce
2024/03/05 12:17:39 Order 10 finish Reduce
2024/03/05 12:17:39 Order 12 finish Reduce
2024/03/05 12:17:40 Coordinator work
2024/03/05 12:17:40 Coordinator status 1
2024/03/05 12:17:40 Order 13 finish Reduce
2024/03/05 12:17:40 Coordinator work
2024/03/05 12:17:40 Coordinator status 1
2024/03/05 12:17:40 Coordinator work
2024/03/05 12:17:40 Coordinator status 1
2024/03/05 12:17:41 Coordinator work
2024/03/05 12:17:41 Coordinator status 1
2024/03/05 12:17:41 Order 15 finish Reduce
2024/03/05 12:17:42 Order 14 finish Reduce
2024/03/05 12:17:42 Order 16 finish Reduce
2024/03/05 12:17:42 Coordinator work
2024/03/05 12:17:42 Coordinator status 1
2024/03/05 12:17:43 Coordinator work
2024/03/05 12:17:43 Coordinator status 1
2024/03/05 12:17:43 Map: 8 done vs. 0 working, Reduce 9 done vs. 1 working
2024/03/05 12:17:43 Order 17 finish Reduce
2024/03/05 12:17:43 Coordinator work
2024/03/05 12:17:43 Coordinator status 1
2024/03/05 12:17:43 Map: 8 done vs. 0 working, Reduce 10 done vs. 0 working
2024/03/05 12:17:43 forward: forward to done phase
2024/03/05 12:17:44 Coordinator work
2024/03/05 12:17:44 Coordinator status 2
2024/03/05 12:17:45 Coordinator work
2024/03/05 12:17:45 Coordinator status 2
