2024/03/05 09:08:50 making map order &{0 [../pg-being_ernest.txt] 0 10}
2024/03/05 09:08:50 making map order &{0 [../pg-dorian_gray.txt] 1 10}
2024/03/05 09:08:50 making map order &{0 [../pg-frankenstein.txt] 2 10}
2024/03/05 09:08:50 making map order &{0 [../pg-grimm.txt] 3 10}
2024/03/05 09:08:50 making map order &{0 [../pg-huckleberry_finn.txt] 4 10}
2024/03/05 09:08:50 making map order &{0 [../pg-metamorphosis.txt] 5 10}
2024/03/05 09:08:50 making map order &{0 [../pg-sherlock_holmes.txt] 6 10}
2024/03/05 09:08:50 making map order &{0 [../pg-tom_sawyer.txt] 7 10}
2024/03/05 09:08:50 done with make map order
2024/03/05 09:08:50 Map: 0 done vs. 8 working, Reduce 0 done vs. 0 working
2024/03/05 09:08:51 Coordinator work
2024/03/05 09:08:51 Coordinator status 0
2024/03/05 09:08:51 Coordinator work
2024/03/05 09:08:51 Coordinator status 0
2024/03/05 09:08:51 IsDone &{0 2024-03-05 09:08:51.150242202 +0800 CST m=+1.014319137 0xc0000903f0} true
2024/03/05 09:08:51 Order 0 finish Map
2024/03/05 09:08:51 IsDone &{0 2024-03-05 09:08:51.151174209 +0800 CST m=+1.015251146 0xc000090480} true
2024/03/05 09:08:51 Order 1 finish Map
2024/03/05 09:08:52 Coordinator work
2024/03/05 09:08:52 Coordinator status 0
2024/03/05 09:08:52 Coordinator work
2024/03/05 09:08:52 Coordinator status 0
2024/03/05 09:08:52 IsDone &{0 2024-03-05 09:08:52.264104559 +0800 CST m=+2.128181496 0xc000090510} true
2024/03/05 09:08:52 Order 2 finish Map
2024/03/05 09:08:52 IsDone &{0 2024-03-05 09:08:52.370252902 +0800 CST m=+2.234329834 0xc0000905a0} true
2024/03/05 09:08:52 Order 3 finish Map
2024/03/05 09:08:53 Coordinator work
2024/03/05 09:08:53 Coordinator status 0
2024/03/05 09:08:53 Coordinator work
2024/03/05 09:08:53 Coordinator status 0
2024/03/05 09:08:53 IsDone &{0 2024-03-05 09:08:53.629604131 +0800 CST m=+3.493681072 0xc0000906c0} true
2024/03/05 09:08:53 Order 5 finish Map
2024/03/05 09:08:53 IsDone &{0 2024-03-05 09:08:53.50183116 +0800 CST m=+3.365908096 0xc000090630} true
2024/03/05 09:08:53 Order 4 finish Map
2024/03/05 09:08:54 Coordinator work
2024/03/05 09:08:54 Coordinator status 0
2024/03/05 09:08:54 Coordinator work
2024/03/05 09:08:54 Coordinator status 0
2024/03/05 09:08:54 IsDone &{0 2024-03-05 09:08:54.752896587 +0800 CST m=+4.616973518 0xc0000907e0} true
2024/03/05 09:08:54 Order 7 finish Map
2024/03/05 09:08:55 IsDone &{0 2024-03-05 09:08:54.743874768 +0800 CST m=+4.607951701 0xc000090750} true
2024/03/05 09:08:55 Order 6 finish Map
2024/03/05 09:08:55 Coordinator work
2024/03/05 09:08:55 Coordinator status 0
2024/03/05 09:08:55 Map: 8 done vs. 0 working, Reduce 0 done vs. 0 working
2024/03/05 09:08:55 forward: forward to Reuce Phase
2024/03/05 09:08:55 making reduce order : 8
2024/03/05 09:08:55 making reduce order : 9
2024/03/05 09:08:55 making reduce order : 10
2024/03/05 09:08:55 making reduce order : 11
2024/03/05 09:08:55 making reduce order : 12
2024/03/05 09:08:55 making reduce order : 13
2024/03/05 09:08:55 making reduce order : 14
2024/03/05 09:08:55 making reduce order : 15
2024/03/05 09:08:55 making reduce order : 16
2024/03/05 09:08:55 making reduce order : 17
2024/03/05 09:08:55 done with make reduce order
2024/03/05 09:08:55 Map: 8 done vs. 0 working, Reduce 0 done vs. 10 working
2024/03/05 09:08:56 Coordinator work
2024/03/05 09:08:56 Coordinator status 1
2024/03/05 09:08:56 Order 8 finish Reduce
2024/03/05 09:08:57 Coordinator work
2024/03/05 09:08:57 Coordinator status 1
2024/03/05 09:08:57 Order 9 finish Reduce
2024/03/05 09:08:57 Coordinator work
2024/03/05 09:08:57 Coordinator status 1
2024/03/05 09:08:58 Order 10 finish Reduce
2024/03/05 09:08:58 Coordinator work
2024/03/05 09:08:58 Coordinator status 1
2024/03/05 09:08:58 Order 11 finish Reduce
2024/03/05 09:08:59 Coordinator work
2024/03/05 09:08:59 Coordinator status 1
2024/03/05 09:08:59 Order 12 finish Reduce
2024/03/05 09:08:59 Coordinator work
2024/03/05 09:08:59 Coordinator status 1
2024/03/05 09:08:59 Order 13 finish Reduce
2024/03/05 09:09:00 Coordinator work
2024/03/05 09:09:00 Coordinator status 1
2024/03/05 09:09:00 Order 14 finish Reduce
2024/03/05 09:09:00 Coordinator work
2024/03/05 09:09:00 Coordinator status 1
2024/03/05 09:09:00 Order 15 finish Reduce
2024/03/05 09:09:01 Coordinator work
2024/03/05 09:09:01 Coordinator status 1
2024/03/05 09:09:01 Order 16 finish Reduce
2024/03/05 09:09:01 Coordinator work
2024/03/05 09:09:01 Coordinator status 1
2024/03/05 09:09:01 Order 17 finish Reduce
2024/03/05 09:09:02 Coordinator work
2024/03/05 09:09:02 Coordinator status 1
2024/03/05 09:09:02 Map: 8 done vs. 0 working, Reduce 10 done vs. 0 working
2024/03/05 09:09:02 forward: forward to done phase
2024/03/05 09:09:02 Coordinator work
2024/03/05 09:09:02 Coordinator status 2
