2024/03/05 08:32:41 making map order &{0 [../pg-being_ernest.txt] 0 10}
2024/03/05 08:32:41 making map order &{0 [../pg-dorian_gray.txt] 1 10}
2024/03/05 08:32:41 making map order &{0 [../pg-frankenstein.txt] 2 10}
2024/03/05 08:32:41 making map order &{0 [../pg-grimm.txt] 3 10}
2024/03/05 08:32:41 making map order &{0 [../pg-huckleberry_finn.txt] 4 10}
2024/03/05 08:32:41 making map order &{0 [../pg-metamorphosis.txt] 5 10}
2024/03/05 08:32:41 making map order &{0 [../pg-sherlock_holmes.txt] 6 10}
2024/03/05 08:32:41 making map order &{0 [../pg-tom_sawyer.txt] 7 10}
2024/03/05 08:32:41 done with make map order
2024/03/05 08:32:41 Map: 0 done vs. 8 working, Reduce 0 done vs. 0 working
2024/03/05 08:32:42 Coordinator work
2024/03/05 08:32:42 Coordinator status 0
2024/03/05 08:32:42 Coordinator work
2024/03/05 08:32:42 Coordinator status 0
2024/03/05 08:32:42 Coordinator work
2024/03/05 08:32:42 Coordinator status 0
2024/03/05 08:32:42 Coordinator work
2024/03/05 08:32:42 Coordinator status 0
2024/03/05 08:32:45 IsDone &{0 2024-03-05 08:32:42.677920914 +0800 CST m=+1.047585167 0xc00009df50} true
2024/03/05 08:32:45 Order 2 finish Map
2024/03/05 08:32:45 IsDone &{0 2024-03-05 08:32:42.67878169 +0800 CST m=+1.048445949 0xc00011a000} true
2024/03/05 08:32:45 Order 3 finish Map
2024/03/05 08:32:46 Coordinator work
2024/03/05 08:32:46 Coordinator status 0
2024/03/05 08:32:46 IsDone &{0 2024-03-05 08:32:46.434123143 +0800 CST m=+4.803787399 0xc00011a090} true
2024/03/05 08:32:46 Order 4 finish Map
2024/03/05 08:32:46 Coordinator work
2024/03/05 08:32:46 Coordinator status 0
2024/03/05 08:32:47 Coordinator work
2024/03/05 08:32:47 Coordinator status 0
2024/03/05 08:32:47 Coordinator work
2024/03/05 08:32:47 Coordinator status 0
2024/03/05 08:32:48 Coordinator work
2024/03/05 08:32:48 Coordinator status 0
2024/03/05 08:32:48 Map: 3 done vs. 5 working, Reduce 0 done vs. 0 working
2024/03/05 08:32:49 Coordinator work
2024/03/05 08:32:49 Coordinator status 0
2024/03/05 08:32:49 Map: 3 done vs. 5 working, Reduce 0 done vs. 0 working
2024/03/05 08:32:49 IsDone &{0 2024-03-05 08:32:42.65942769 +0800 CST m=+1.029091946 0xc00009dec0} true
2024/03/05 08:32:49 Order 1 finish Map
2024/03/05 08:32:50 Coordinator work
2024/03/05 08:32:50 Coordinator status 0
2024/03/05 08:32:50 Map: 4 done vs. 4 working, Reduce 0 done vs. 0 working
2024/03/05 08:32:50 Coordinator work
2024/03/05 08:32:50 Coordinator status 0
2024/03/05 08:32:50 Map: 4 done vs. 4 working, Reduce 0 done vs. 0 working
2024/03/05 08:32:51 Coordinator work
2024/03/05 08:32:51 Coordinator status 0
2024/03/05 08:32:51 Map: 4 done vs. 4 working, Reduce 0 done vs. 0 working
2024/03/05 08:32:52 Coordinator work
2024/03/05 08:32:52 Coordinator status 0
2024/03/05 08:32:52 Map: 4 done vs. 4 working, Reduce 0 done vs. 0 working
2024/03/05 08:32:52 Coordinator work
2024/03/05 08:32:52 Coordinator status 0
2024/03/05 08:32:52 Map: 4 done vs. 4 working, Reduce 0 done vs. 0 working
2024/03/05 08:32:53 Coordinator work
2024/03/05 08:32:53 Coordinator status 0
2024/03/05 08:32:53 Map: 4 done vs. 4 working, Reduce 0 done vs. 0 working
2024/03/05 08:32:53 Coordiantor restart Map order 0
2024/03/05 08:32:54 Coordinator work
2024/03/05 08:32:54 Coordinator status 0
2024/03/05 08:32:54 IsDone &{0 2024-03-05 08:32:54.505639956 +0800 CST m=+12.875304213 0xc00009de30} true
2024/03/05 08:32:54 Order 0 finish Map
2024/03/05 08:32:54 Coordinator work
2024/03/05 08:32:54 Coordinator status 0
2024/03/05 08:32:54 Map: 5 done vs. 3 working, Reduce 0 done vs. 0 working
2024/03/05 08:32:55 Coordinator work
2024/03/05 08:32:55 Coordinator status 0
2024/03/05 08:32:55 Map: 5 done vs. 3 working, Reduce 0 done vs. 0 working
2024/03/05 08:32:55 Coordinator work
2024/03/05 08:32:55 Coordinator status 0
2024/03/05 08:32:55 Map: 5 done vs. 3 working, Reduce 0 done vs. 0 working
2024/03/05 08:32:56 Coordinator work
2024/03/05 08:32:56 Coordinator status 0
2024/03/05 08:32:56 Map: 5 done vs. 3 working, Reduce 0 done vs. 0 working
2024/03/05 08:32:57 Coordinator work
2024/03/05 08:32:57 Coordinator status 0
2024/03/05 08:32:57 Map: 5 done vs. 3 working, Reduce 0 done vs. 0 working
2024/03/05 08:32:57 Coordinator work
2024/03/05 08:32:57 Coordinator status 0
2024/03/05 08:32:57 Map: 5 done vs. 3 working, Reduce 0 done vs. 0 working
2024/03/05 08:32:57 Coordiantor restart Map order 5
2024/03/05 08:32:57 Coordiantor restart Map order 6
2024/03/05 08:32:58 Coordiantor restart Map order 7
2024/03/05 08:32:58 Coordinator work
2024/03/05 08:32:58 Coordinator status 0
2024/03/05 08:32:58 IsDone &{0 2024-03-05 08:32:58.849372523 +0800 CST m=+17.219036782 0xc00011a120} true
2024/03/05 08:32:58 Order 5 finish Map
2024/03/05 08:32:59 Coordinator work
2024/03/05 08:32:59 Coordinator status 0
2024/03/05 08:32:59 IsDone &{0 2024-03-05 08:32:59.040966683 +0800 CST m=+17.410630936 0xc00011a1b0} true
2024/03/05 08:32:59 Order 6 finish Map
2024/03/05 08:32:59 Coordinator work
2024/03/05 08:32:59 Coordinator status 0
2024/03/05 08:32:59 IsDone &{0 2024-03-05 08:32:59.520399693 +0800 CST m=+17.890063948 0xc00011a240} true
2024/03/05 08:32:59 Order 7 finish Map
2024/03/05 08:32:59 Coordinator work
2024/03/05 08:32:59 Coordinator status 0
2024/03/05 08:32:59 Map: 8 done vs. 0 working, Reduce 0 done vs. 0 working
2024/03/05 08:32:59 forward: forward to Reuce Phase
2024/03/05 08:32:59 making reduce order : 8
2024/03/05 08:32:59 making reduce order : 9
2024/03/05 08:32:59 making reduce order : 10
2024/03/05 08:32:59 making reduce order : 11
2024/03/05 08:32:59 making reduce order : 12
2024/03/05 08:32:59 making reduce order : 13
2024/03/05 08:32:59 making reduce order : 14
2024/03/05 08:32:59 making reduce order : 15
2024/03/05 08:32:59 making reduce order : 16
2024/03/05 08:32:59 making reduce order : 17
2024/03/05 08:32:59 done with make reduce order
2024/03/05 08:32:59 Map: 8 done vs. 0 working, Reduce 0 done vs. 10 working
2024/03/05 08:33:00 Coordinator work
2024/03/05 08:33:00 Coordinator status 1
2024/03/05 08:33:00 Coordinator work
2024/03/05 08:33:00 Coordinator status 1
2024/03/05 08:33:00 Order 9 finish Reduce
2024/03/05 08:33:01 Coordinator work
2024/03/05 08:33:01 Coordinator status 1
2024/03/05 08:33:01 Order 10 finish Reduce
2024/03/05 08:33:01 Coordinator work
2024/03/05 08:33:01 Coordinator status 1
2024/03/05 08:33:01 Order 11 finish Reduce
2024/03/05 08:33:01 Coordinator work
2024/03/05 08:33:01 Coordinator status 1
2024/03/05 08:33:01 Order 12 finish Reduce
2024/03/05 08:33:02 Coordinator work
2024/03/05 08:33:02 Coordinator status 1
2024/03/05 08:33:02 Coordinator work
2024/03/05 08:33:02 Coordinator status 1
2024/03/05 08:33:02 Order 14 finish Reduce
2024/03/05 08:33:02 Coordinator work
2024/03/05 08:33:02 Coordinator status 1
2024/03/05 08:33:02 Order 15 finish Reduce
2024/03/05 08:33:03 Coordinator work
2024/03/05 08:33:03 Coordinator status 1
2024/03/05 08:33:03 Order 16 finish Reduce
2024/03/05 08:33:03 Coordinator work
2024/03/05 08:33:03 Coordinator status 1
2024/03/05 08:33:03 Order 17 finish Reduce
2024/03/05 08:33:03 Coordinator work
2024/03/05 08:33:03 Coordinator status 1
2024/03/05 08:33:03 Map: 8 done vs. 0 working, Reduce 8 done vs. 2 working
2024/03/05 08:33:04 Coordinator work
2024/03/05 08:33:04 Coordinator status 1
2024/03/05 08:33:04 Map: 8 done vs. 0 working, Reduce 8 done vs. 2 working
2024/03/05 08:33:04 Coordinator work
2024/03/05 08:33:04 Coordinator status 1
2024/03/05 08:33:04 Map: 8 done vs. 0 working, Reduce 8 done vs. 2 working
2024/03/05 08:33:05 Coordinator work
2024/03/05 08:33:05 Coordinator status 1
2024/03/05 08:33:05 Map: 8 done vs. 0 working, Reduce 8 done vs. 2 working
2024/03/05 08:33:06 Coordinator work
2024/03/05 08:33:06 Coordinator status 1
2024/03/05 08:33:06 Map: 8 done vs. 0 working, Reduce 8 done vs. 2 working
2024/03/05 08:33:06 Coordinator work
2024/03/05 08:33:06 Coordinator status 1
2024/03/05 08:33:06 Map: 8 done vs. 0 working, Reduce 8 done vs. 2 working
2024/03/05 08:33:07 Coordinator work
2024/03/05 08:33:07 Coordinator status 1
2024/03/05 08:33:07 Map: 8 done vs. 0 working, Reduce 8 done vs. 2 working
2024/03/05 08:33:08 Coordinator work
2024/03/05 08:33:08 Coordinator status 1
2024/03/05 08:33:08 Map: 8 done vs. 0 working, Reduce 8 done vs. 2 working
2024/03/05 08:33:08 Coordinator work
2024/03/05 08:33:08 Coordinator status 1
2024/03/05 08:33:08 Map: 8 done vs. 0 working, Reduce 8 done vs. 2 working
2024/03/05 08:33:09 Coordinator work
2024/03/05 08:33:09 Coordinator status 1
2024/03/05 08:33:09 Map: 8 done vs. 0 working, Reduce 8 done vs. 2 working
2024/03/05 08:33:10 Coordinator work
2024/03/05 08:33:10 Coordinator status 1
2024/03/05 08:33:10 Map: 8 done vs. 0 working, Reduce 8 done vs. 2 working
2024/03/05 08:33:10 Coordinator work
2024/03/05 08:33:10 Coordinator status 1
2024/03/05 08:33:10 Map: 8 done vs. 0 working, Reduce 8 done vs. 2 working
2024/03/05 08:33:10 Coordiantor restart Reduce order 8
2024/03/05 08:33:11 Coordinator work
2024/03/05 08:33:11 Coordinator status 1
2024/03/05 08:33:12 Coordinator work
2024/03/05 08:33:12 Coordinator status 1
2024/03/05 08:33:12 Map: 8 done vs. 0 working, Reduce 8 done vs. 2 working
2024/03/05 08:33:12 Order 8 finish Reduce
2024/03/05 08:33:12 Coordinator work
2024/03/05 08:33:12 Coordinator status 1
2024/03/05 08:33:12 Map: 8 done vs. 0 working, Reduce 9 done vs. 1 working
2024/03/05 08:33:12 Coordiantor restart Reduce order 13
2024/03/05 08:33:13 Coordinator work
2024/03/05 08:33:13 Coordinator status 1
2024/03/05 08:33:13 Order 13 finish Reduce
2024/03/05 08:33:14 Coordinator work
2024/03/05 08:33:14 Coordinator status 1
2024/03/05 08:33:14 Map: 8 done vs. 0 working, Reduce 10 done vs. 0 working
2024/03/05 08:33:14 forward: forward to done phase
2024/03/05 08:33:14 Coordinator work
2024/03/05 08:33:14 Coordinator status 2
2024/03/05 08:33:14 Coordinator work
2024/03/05 08:33:14 Coordinator status 2
