2024/03/05 08:28:04 making map order &{0 [../pg-being_ernest.txt] 0 10}
2024/03/05 08:28:04 making map order &{0 [../pg-dorian_gray.txt] 1 10}
2024/03/05 08:28:04 making map order &{0 [../pg-frankenstein.txt] 2 10}
2024/03/05 08:28:04 making map order &{0 [../pg-grimm.txt] 3 10}
2024/03/05 08:28:04 making map order &{0 [../pg-huckleberry_finn.txt] 4 10}
2024/03/05 08:28:04 making map order &{0 [../pg-metamorphosis.txt] 5 10}
2024/03/05 08:28:04 making map order &{0 [../pg-sherlock_holmes.txt] 6 10}
2024/03/05 08:28:04 making map order &{0 [../pg-tom_sawyer.txt] 7 10}
2024/03/05 08:28:04 done with make map order
2024/03/05 08:28:04 Map: 0 done vs. 8 working, Reduce 0 done vs. 0 working
2024/03/05 08:28:05 Coordinator work
2024/03/05 08:28:05 Coordinator status 0
2024/03/05 08:28:05 Coordinator work
2024/03/05 08:28:05 Coordinator status 0
2024/03/05 08:28:05 Coordinator work
2024/03/05 08:28:05 Coordinator status 0
2024/03/05 08:28:05 IsDone &{0 2024-03-05 08:28:05.252752546 +0800 CST m=+1.016512232 0xc00007bdd0} true
2024/03/05 08:28:05 Order 0 finish Map
2024/03/05 08:28:06 Coordinator work
2024/03/05 08:28:06 Coordinator status 0
2024/03/05 08:28:07 IsDone &{0 2024-03-05 08:28:05.296437478 +0800 CST m=+1.060197167 0xc00007bef0} true
2024/03/05 08:28:07 Order 2 finish Map
2024/03/05 08:28:07 IsDone &{0 2024-03-05 08:28:05.258569573 +0800 CST m=+1.022329259 0xc00007be60} true
2024/03/05 08:28:07 Order 1 finish Map
2024/03/05 08:28:08 Coordinator work
2024/03/05 08:28:08 Coordinator status 0
2024/03/05 08:28:08 Coordinator work
2024/03/05 08:28:08 Coordinator status 0
2024/03/05 08:28:09 IsDone &{0 2024-03-05 08:28:08.258130699 +0800 CST m=+4.021890387 0xc00016c0c0} true
2024/03/05 08:28:09 Order 5 finish Map
2024/03/05 08:28:09 IsDone &{0 2024-03-05 08:28:06.948952142 +0800 CST m=+2.712711822 0xc00007bf80} true
2024/03/05 08:28:09 Order 3 finish Map
2024/03/05 08:28:10 Coordinator work
2024/03/05 08:28:10 Coordinator status 0
2024/03/05 08:28:10 IsDone &{0 2024-03-05 08:28:08.107789494 +0800 CST m=+3.871549183 0xc00016c030} true
2024/03/05 08:28:10 Order 4 finish Map
2024/03/05 08:28:10 Coordinator work
2024/03/05 08:28:10 Coordinator status 0
2024/03/05 08:28:11 Coordinator work
2024/03/05 08:28:11 Coordinator status 0
2024/03/05 08:28:11 Map: 6 done vs. 2 working, Reduce 0 done vs. 0 working
2024/03/05 08:28:11 IsDone &{0 2024-03-05 08:28:10.314235996 +0800 CST m=+6.077995684 0xc00016c1e0} true
2024/03/05 08:28:11 Order 7 finish Map
2024/03/05 08:28:12 IsDone &{0 2024-03-05 08:28:10.061263066 +0800 CST m=+5.825022781 0xc00016c150} true
2024/03/05 08:28:12 Order 6 finish Map
2024/03/05 08:28:12 Coordinator work
2024/03/05 08:28:12 Coordinator status 0
2024/03/05 08:28:12 Map: 8 done vs. 0 working, Reduce 0 done vs. 0 working
2024/03/05 08:28:12 forward: forward to Reuce Phase
2024/03/05 08:28:12 making reduce order : 8
2024/03/05 08:28:12 making reduce order : 9
2024/03/05 08:28:12 making reduce order : 10
2024/03/05 08:28:12 making reduce order : 11
2024/03/05 08:28:12 making reduce order : 12
2024/03/05 08:28:12 making reduce order : 13
2024/03/05 08:28:12 making reduce order : 14
2024/03/05 08:28:12 making reduce order : 15
2024/03/05 08:28:12 making reduce order : 16
2024/03/05 08:28:12 making reduce order : 17
2024/03/05 08:28:12 done with make reduce order
2024/03/05 08:28:12 Map: 8 done vs. 0 working, Reduce 0 done vs. 10 working
2024/03/05 08:28:13 Coordinator work
2024/03/05 08:28:13 Coordinator status 1
2024/03/05 08:28:13 Coordinator work
2024/03/05 08:28:13 Coordinator status 1
2024/03/05 08:28:13 Order 8 finish Reduce
2024/03/05 08:28:13 Order 9 finish Reduce
2024/03/05 08:28:14 Coordinator work
2024/03/05 08:28:14 Coordinator status 1
2024/03/05 08:28:14 Coordinator work
2024/03/05 08:28:14 Coordinator status 1
2024/03/05 08:28:14 Coordinator work
2024/03/05 08:28:14 Coordinator status 1
2024/03/05 08:28:15 Order 11 finish Reduce
2024/03/05 08:28:15 Order 12 finish Reduce
2024/03/05 08:28:16 Order 10 finish Reduce
2024/03/05 08:28:16 Coordinator work
2024/03/05 08:28:16 Coordinator status 1
2024/03/05 08:28:16 Coordinator work
2024/03/05 08:28:16 Coordinator status 1
2024/03/05 08:28:17 Coordinator work
2024/03/05 08:28:17 Coordinator status 1
2024/03/05 08:28:17 Order 13 finish Reduce
2024/03/05 08:28:18 Order 15 finish Reduce
2024/03/05 08:28:18 Coordinator work
2024/03/05 08:28:18 Coordinator status 1
2024/03/05 08:28:18 Order 14 finish Reduce
2024/03/05 08:28:19 Coordinator work
2024/03/05 08:28:19 Coordinator status 1
2024/03/05 08:28:19 Order 16 finish Reduce
2024/03/05 08:28:19 Coordinator work
2024/03/05 08:28:19 Coordinator status 1
2024/03/05 08:28:19 Map: 8 done vs. 0 working, Reduce 9 done vs. 1 working
2024/03/05 08:28:19 Order 17 finish Reduce
2024/03/05 08:28:20 Coordinator work
2024/03/05 08:28:20 Coordinator status 1
2024/03/05 08:28:20 Map: 8 done vs. 0 working, Reduce 10 done vs. 0 working
2024/03/05 08:28:20 forward: forward to done phase
2024/03/05 08:28:20 Coordinator work
2024/03/05 08:28:20 Coordinator status 2
2024/03/05 08:28:21 Coordinator work
2024/03/05 08:28:21 Coordinator status 2
