2024/03/05 05:02:47 making map order &{0 [../pg-being_ernest.txt] 0 10}
2024/03/05 05:02:47 making map order &{0 [../pg-dorian_gray.txt] 1 10}
2024/03/05 05:02:47 making map order &{0 [../pg-frankenstein.txt] 2 10}
2024/03/05 05:02:47 making map order &{0 [../pg-grimm.txt] 3 10}
2024/03/05 05:02:47 making map order &{0 [../pg-huckleberry_finn.txt] 4 10}
2024/03/05 05:02:47 making map order &{0 [../pg-metamorphosis.txt] 5 10}
2024/03/05 05:02:47 making map order &{0 [../pg-sherlock_holmes.txt] 6 10}
2024/03/05 05:02:47 making map order &{0 [../pg-tom_sawyer.txt] 7 10}
2024/03/05 05:02:47 done with make map order
2024/03/05 05:02:47 Map: 0 done vs. 8 working, Reduce 0 done vs. 0 working
2024/03/05 05:02:48 Coordinator work
2024/03/05 05:02:48 Coordinator status 0
2024/03/05 05:02:48 Coordinator work
2024/03/05 05:02:48 Coordinator status 0
2024/03/05 05:02:48 Coordinator work
2024/03/05 05:02:48 Coordinator status 0
2024/03/05 05:02:48 IsDone &{0 2024-03-05 05:02:48.03802365 +0800 CST m=+1.020052388 0xc0001120f0} true
2024/03/05 05:02:48 Order 0 finish Map
2024/03/05 05:02:49 Coordinator work
2024/03/05 05:02:49 Coordinator status 0
2024/03/05 05:02:49 IsDone &{0 2024-03-05 05:02:48.039407384 +0800 CST m=+1.021436127 0xc000112180} true
2024/03/05 05:02:49 Order 1 finish Map
2024/03/05 05:02:49 IsDone &{0 2024-03-05 05:02:48.059664698 +0800 CST m=+1.041693442 0xc000112210} true
2024/03/05 05:02:49 Order 2 finish Map
2024/03/05 05:02:50 Coordinator work
2024/03/05 05:02:50 Coordinator status 0
2024/03/05 05:02:50 Coordinator work
2024/03/05 05:02:50 Coordinator status 0
2024/03/05 05:02:51 IsDone &{0 2024-03-05 05:02:49.652507821 +0800 CST m=+2.634536561 0xc0001122a0} true
2024/03/05 05:02:51 Order 3 finish Map
2024/03/05 05:02:51 IsDone &{0 2024-03-05 05:02:50.973614198 +0800 CST m=+3.955642941 0xc0001123c0} true
2024/03/05 05:02:51 Order 5 finish Map
2024/03/05 05:02:52 Coordinator work
2024/03/05 05:02:52 Coordinator status 0
2024/03/05 05:02:52 Coordinator work
2024/03/05 05:02:52 Coordinator status 0
2024/03/05 05:02:53 IsDone &{0 2024-03-05 05:02:50.830178714 +0800 CST m=+3.812207461 0xc000112330} true
2024/03/05 05:02:53 Order 4 finish Map
2024/03/05 05:02:54 IsDone &{0 2024-03-05 05:02:52.564603115 +0800 CST m=+5.546631863 0xc0001124e0} true
2024/03/05 05:02:54 Order 7 finish Map
2024/03/05 05:02:54 IsDone &{0 2024-03-05 05:02:52.186061005 +0800 CST m=+5.168089754 0xc000112450} true
2024/03/05 05:02:54 Order 6 finish Map
2024/03/05 05:02:54 Coordinator work
2024/03/05 05:02:54 Coordinator status 0
2024/03/05 05:02:54 Map: 8 done vs. 0 working, Reduce 0 done vs. 0 working
2024/03/05 05:02:54 forward: forward to Reuce Phase
2024/03/05 05:02:54 making reduce order : 8
2024/03/05 05:02:54 making reduce order : 9
2024/03/05 05:02:54 making reduce order : 10
2024/03/05 05:02:54 making reduce order : 11
2024/03/05 05:02:54 making reduce order : 12
2024/03/05 05:02:54 making reduce order : 13
2024/03/05 05:02:54 making reduce order : 14
2024/03/05 05:02:54 making reduce order : 15
2024/03/05 05:02:54 making reduce order : 16
2024/03/05 05:02:54 making reduce order : 17
2024/03/05 05:02:54 done with make reduce order
2024/03/05 05:02:54 Map: 8 done vs. 0 working, Reduce 0 done vs. 10 working
2024/03/05 05:02:55 Coordinator work
2024/03/05 05:02:55 Coordinator status 1
2024/03/05 05:02:55 Coordinator work
2024/03/05 05:02:55 Coordinator status 1
2024/03/05 05:02:55 Order 8 finish Reduce
2024/03/05 05:02:56 Order 9 finish Reduce
2024/03/05 05:02:56 Coordinator work
2024/03/05 05:02:56 Coordinator status 1
2024/03/05 05:02:56 Coordinator work
2024/03/05 05:02:56 Coordinator status 1
2024/03/05 05:02:57 Coordinator work
2024/03/05 05:02:57 Coordinator status 1
2024/03/05 05:02:57 Order 11 finish Reduce
2024/03/05 05:02:58 Order 12 finish Reduce
2024/03/05 05:02:58 Order 10 finish Reduce
2024/03/05 05:02:58 Coordinator work
2024/03/05 05:02:58 Coordinator status 1
2024/03/05 05:02:59 Coordinator work
2024/03/05 05:02:59 Coordinator status 1
2024/03/05 05:02:59 Order 13 finish Reduce
2024/03/05 05:02:59 Coordinator work
2024/03/05 05:02:59 Coordinator status 1
2024/03/05 05:03:00 Coordinator work
2024/03/05 05:03:00 Coordinator status 1
2024/03/05 05:03:00 Order 15 finish Reduce
2024/03/05 05:03:00 Order 14 finish Reduce
2024/03/05 05:03:01 Order 16 finish Reduce
2024/03/05 05:03:01 Coordinator work
2024/03/05 05:03:01 Coordinator status 1
2024/03/05 05:03:01 Coordinator work
2024/03/05 05:03:01 Coordinator status 1
2024/03/05 05:03:01 Map: 8 done vs. 0 working, Reduce 9 done vs. 1 working
2024/03/05 05:03:02 Order 17 finish Reduce
2024/03/05 05:03:02 Coordinator work
2024/03/05 05:03:02 Coordinator status 1
2024/03/05 05:03:02 Map: 8 done vs. 0 working, Reduce 10 done vs. 0 working
2024/03/05 05:03:02 forward: forward to done phase
2024/03/05 05:03:03 Coordinator work
2024/03/05 05:03:03 Coordinator status 2
2024/03/05 05:03:03 Coordinator work
2024/03/05 05:03:03 Coordinator status 2
