2024/03/05 06:05:18 making map order &{0 [../pg-being_ernest.txt] 0 10}
2024/03/05 06:05:18 making map order &{0 [../pg-dorian_gray.txt] 1 10}
2024/03/05 06:05:18 making map order &{0 [../pg-frankenstein.txt] 2 10}
2024/03/05 06:05:18 making map order &{0 [../pg-grimm.txt] 3 10}
2024/03/05 06:05:18 making map order &{0 [../pg-huckleberry_finn.txt] 4 10}
2024/03/05 06:05:18 making map order &{0 [../pg-metamorphosis.txt] 5 10}
2024/03/05 06:05:18 making map order &{0 [../pg-sherlock_holmes.txt] 6 10}
2024/03/05 06:05:18 making map order &{0 [../pg-tom_sawyer.txt] 7 10}
2024/03/05 06:05:18 done with make map order
2024/03/05 06:05:18 Map: 0 done vs. 8 working, Reduce 0 done vs. 0 working
2024/03/05 06:05:19 Coordinator work
2024/03/05 06:05:19 Coordinator status 0
2024/03/05 06:05:19 Coordinator work
2024/03/05 06:05:19 Coordinator status 0
2024/03/05 06:05:19 IsDone &{0 2024-03-05 06:05:19.409351466 +0800 CST m=+1.030773557 0xc0000a3d70} true
2024/03/05 06:05:19 Order 0 finish Map
2024/03/05 06:05:19 Coordinator work
2024/03/05 06:05:19 Coordinator status 0
2024/03/05 06:05:19 IsDone &{0 2024-03-05 06:05:19.420596657 +0800 CST m=+1.042018752 0xc0000a3e90} true
2024/03/05 06:05:19 Order 2 finish Map
2024/03/05 06:05:19 IsDone &{0 2024-03-05 06:05:19.413661618 +0800 CST m=+1.035083713 0xc0000a3e00} true
2024/03/05 06:05:19 Order 1 finish Map
2024/03/05 06:05:20 Coordinator work
2024/03/05 06:05:20 Coordinator status 0
2024/03/05 06:05:20 IsDone &{0 2024-03-05 06:05:20.422680182 +0800 CST m=+2.044102276 0xc0000a3f20} true
2024/03/05 06:05:20 Order 3 finish Map
2024/03/05 06:05:20 Coordinator work
2024/03/05 06:05:20 Coordinator status 0
2024/03/05 06:05:20 Coordinator work
2024/03/05 06:05:20 Coordinator status 0
2024/03/05 06:05:20 IsDone &{0 2024-03-05 06:05:20.445121443 +0800 CST m=+2.066543538 0xc00011a060} true
2024/03/05 06:05:20 Order 5 finish Map
2024/03/05 06:05:20 IsDone &{0 2024-03-05 06:05:20.441786039 +0800 CST m=+2.063208134 0xc0000a3fb0} true
2024/03/05 06:05:20 Order 4 finish Map
2024/03/05 06:05:21 Coordinator work
2024/03/05 06:05:21 Coordinator status 0
2024/03/05 06:05:21 Coordinator work
2024/03/05 06:05:21 Coordinator status 0
2024/03/05 06:05:21 IsDone &{0 2024-03-05 06:05:21.442819309 +0800 CST m=+3.064241404 0xc00011a0f0} true
2024/03/05 06:05:21 Order 6 finish Map
2024/03/05 06:05:21 Coordinator work
2024/03/05 06:05:21 Coordinator status 0
2024/03/05 06:05:21 Map: 7 done vs. 1 working, Reduce 0 done vs. 0 working
2024/03/05 06:05:21 IsDone &{0 2024-03-05 06:05:21.453783177 +0800 CST m=+3.075205272 0xc00011a180} true
2024/03/05 06:05:21 Order 7 finish Map
2024/03/05 06:05:22 Coordinator work
2024/03/05 06:05:22 Coordinator status 0
2024/03/05 06:05:22 Map: 8 done vs. 0 working, Reduce 0 done vs. 0 working
2024/03/05 06:05:22 forward: forward to Reuce Phase
2024/03/05 06:05:22 making reduce order : 8
2024/03/05 06:05:22 making reduce order : 9
2024/03/05 06:05:22 making reduce order : 10
2024/03/05 06:05:22 making reduce order : 11
2024/03/05 06:05:22 making reduce order : 12
2024/03/05 06:05:22 making reduce order : 13
2024/03/05 06:05:22 making reduce order : 14
2024/03/05 06:05:22 making reduce order : 15
2024/03/05 06:05:22 making reduce order : 16
2024/03/05 06:05:22 making reduce order : 17
2024/03/05 06:05:22 Coordinator work
2024/03/05 06:05:22 done with make reduce order
2024/03/05 06:05:22 Map: 8 done vs. 0 working, Reduce 0 done vs. 10 working
2024/03/05 06:05:22 Coordinator status 1
2024/03/05 06:05:22 Order 8 finish Reduce
2024/03/05 06:05:23 Coordinator work
2024/03/05 06:05:23 Coordinator status 1
2024/03/05 06:05:23 Order 9 finish Reduce
2024/03/05 06:05:23 Coordinator work
2024/03/05 06:05:23 Coordinator status 1
2024/03/05 06:05:24 Coordinator work
2024/03/05 06:05:24 Coordinator status 1
2024/03/05 06:05:24 Order 11 finish Reduce
2024/03/05 06:05:24 Coordinator work
2024/03/05 06:05:24 Coordinator status 1
2024/03/05 06:05:24 Order 12 finish Reduce
2024/03/05 06:05:25 Coordinator work
2024/03/05 06:05:25 Coordinator status 1
2024/03/05 06:05:25 Order 13 finish Reduce
2024/03/05 06:05:25 Coordinator work
2024/03/05 06:05:25 Coordinator status 1
2024/03/05 06:05:26 Coordinator work
2024/03/05 06:05:26 Coordinator status 1
2024/03/05 06:05:26 Order 10 finish Reduce
2024/03/05 06:05:26 Order 15 finish Reduce
2024/03/05 06:05:27 Coordinator work
2024/03/05 06:05:27 Coordinator status 1
2024/03/05 06:05:27 Coordinator work
2024/03/05 06:05:27 Coordinator status 1
2024/03/05 06:05:27 Order 16 finish Reduce
2024/03/05 06:05:27 Order 17 finish Reduce
2024/03/05 06:05:28 Order 14 finish Reduce
2024/03/05 06:05:28 Coordinator work
2024/03/05 06:05:28 Coordinator status 1
2024/03/05 06:05:28 Map: 8 done vs. 0 working, Reduce 10 done vs. 0 working
2024/03/05 06:05:28 forward: forward to done phase
2024/03/05 06:05:28 Coordinator work
2024/03/05 06:05:28 Coordinator status 2
2024/03/05 06:05:29 Coordinator work
2024/03/05 06:05:29 Coordinator status 2
