2024/03/05 04:14:38 making map order &{0 [../pg-being_ernest.txt] 0 10}
2024/03/05 04:14:38 making map order &{0 [../pg-dorian_gray.txt] 1 10}
2024/03/05 04:14:38 making map order &{0 [../pg-frankenstein.txt] 2 10}
2024/03/05 04:14:38 making map order &{0 [../pg-grimm.txt] 3 10}
2024/03/05 04:14:38 making map order &{0 [../pg-huckleberry_finn.txt] 4 10}
2024/03/05 04:14:38 making map order &{0 [../pg-metamorphosis.txt] 5 10}
2024/03/05 04:14:38 making map order &{0 [../pg-sherlock_holmes.txt] 6 10}
2024/03/05 04:14:38 making map order &{0 [../pg-tom_sawyer.txt] 7 10}
2024/03/05 04:14:38 done with make map order
2024/03/05 04:14:38 Map: 0 done vs. 8 working, Reduce 0 done vs. 0 working
2024/03/05 04:14:39 Coordinator work
2024/03/05 04:14:39 Coordinator status 0
2024/03/05 04:14:39 Coordinator work
2024/03/05 04:14:39 Coordinator status 0
2024/03/05 04:14:39 IsDone &{0 2024-03-05 04:14:39.738961118 +0800 CST m=+1.020508688 0xc0000a3da0} true
2024/03/05 04:14:39 Order 0 finish Map
2024/03/05 04:14:39 IsDone &{0 2024-03-05 04:14:39.741274019 +0800 CST m=+1.022821594 0xc0000a3e30} true
2024/03/05 04:14:39 Order 1 finish Map
2024/03/05 04:14:40 Coordinator work
2024/03/05 04:14:40 Coordinator status 0
2024/03/05 04:14:40 Coordinator work
2024/03/05 04:14:40 Coordinator status 0
2024/03/05 04:14:40 IsDone &{0 2024-03-05 04:14:40.750898226 +0800 CST m=+2.032445793 0xc0000a3ec0} true
2024/03/05 04:14:40 Order 2 finish Map
2024/03/05 04:14:40 IsDone &{0 2024-03-05 04:14:40.765822498 +0800 CST m=+2.047370058 0xc0000a3f50} true
2024/03/05 04:14:40 Order 3 finish Map
2024/03/05 04:14:41 Coordinator work
2024/03/05 04:14:41 Coordinator status 0
2024/03/05 04:14:41 Coordinator work
2024/03/05 04:14:41 Coordinator status 0
2024/03/05 04:14:41 IsDone &{0 2024-03-05 04:14:41.769493892 +0800 CST m=+3.051041458 0xc00011c000} true
2024/03/05 04:14:41 Order 4 finish Map
2024/03/05 04:14:41 IsDone &{0 2024-03-05 04:14:41.783759688 +0800 CST m=+3.065307266 0xc00011c090} true
2024/03/05 04:14:41 Order 5 finish Map
2024/03/05 04:14:42 Coordinator work
2024/03/05 04:14:42 Coordinator status 0
2024/03/05 04:14:42 Coordinator work
2024/03/05 04:14:42 Coordinator status 0
2024/03/05 04:14:42 IsDone &{0 2024-03-05 04:14:42.807417281 +0800 CST m=+4.088964848 0xc00011c1b0} true
2024/03/05 04:14:42 Order 7 finish Map
2024/03/05 04:14:42 IsDone &{0 2024-03-05 04:14:42.792946712 +0800 CST m=+4.074494276 0xc00011c120} true
2024/03/05 04:14:42 Order 6 finish Map
2024/03/05 04:14:43 Coordinator work
2024/03/05 04:14:43 Coordinator status 0
2024/03/05 04:14:43 Map: 8 done vs. 0 working, Reduce 0 done vs. 0 working
2024/03/05 04:14:43 forward: forward to Reuce Phase
2024/03/05 04:14:43 making reduce order : 8
2024/03/05 04:14:43 Coordinator work
2024/03/05 04:14:43 making reduce order : 9
2024/03/05 04:14:43 making reduce order : 10
2024/03/05 04:14:43 making reduce order : 11
2024/03/05 04:14:43 making reduce order : 12
2024/03/05 04:14:43 making reduce order : 13
2024/03/05 04:14:43 making reduce order : 14
2024/03/05 04:14:43 making reduce order : 15
2024/03/05 04:14:43 making reduce order : 16
2024/03/05 04:14:43 making reduce order : 17
2024/03/05 04:14:43 done with make reduce order
2024/03/05 04:14:43 Map: 8 done vs. 0 working, Reduce 0 done vs. 10 working
2024/03/05 04:14:43 Coordinator status 1
2024/03/05 04:14:44 Order 8 finish Reduce
2024/03/05 04:14:45 Coordinator work
2024/03/05 04:14:45 Coordinator status 1
2024/03/05 04:14:45 Coordinator work
2024/03/05 04:14:45 Coordinator status 1
2024/03/05 04:14:46 Order 9 finish Reduce
2024/03/05 04:14:46 Order 10 finish Reduce
2024/03/05 04:14:47 Coordinator work
2024/03/05 04:14:47 Coordinator status 1
2024/03/05 04:14:47 Coordinator work
2024/03/05 04:14:47 Coordinator status 1
2024/03/05 04:14:49 Order 11 finish Reduce
2024/03/05 04:14:49 Order 12 finish Reduce
2024/03/05 04:14:50 Coordinator work
2024/03/05 04:14:50 Coordinator status 1
2024/03/05 04:14:50 Coordinator work
2024/03/05 04:14:50 Coordinator status 1
2024/03/05 04:14:51 Order 13 finish Reduce
2024/03/05 04:14:51 Order 14 finish Reduce
2024/03/05 04:14:52 Coordinator work
2024/03/05 04:14:52 Coordinator status 1
2024/03/05 04:14:52 Coordinator work
2024/03/05 04:14:52 Coordinator status 1
2024/03/05 04:14:52 Order 15 finish Reduce
2024/03/05 04:14:52 Order 16 finish Reduce
2024/03/05 04:14:53 Coordinator work
2024/03/05 04:14:53 Coordinator status 1
2024/03/05 04:14:53 Coordinator work
2024/03/05 04:14:53 Coordinator status 1
2024/03/05 04:14:53 Map: 8 done vs. 0 working, Reduce 9 done vs. 1 working
2024/03/05 04:14:54 Order 17 finish Reduce
2024/03/05 04:14:55 Coordinator work
2024/03/05 04:14:55 Coordinator status 1
2024/03/05 04:14:55 Coordinator work
2024/03/05 04:14:55 Map: 8 done vs. 0 working, Reduce 10 done vs. 0 working
2024/03/05 04:14:55 forward: forward to done phase
2024/03/05 04:14:55 Coordinator status 2
