2024/03/04 22:48:55 making map order &{0 [../pg-being_ernest.txt] 0 10}
2024/03/04 22:48:55 making map order &{0 [../pg-dorian_gray.txt] 1 10}
2024/03/04 22:48:55 making map order &{0 [../pg-frankenstein.txt] 2 10}
2024/03/04 22:48:55 making map order &{0 [../pg-grimm.txt] 3 10}
2024/03/04 22:48:55 making map order &{0 [../pg-huckleberry_finn.txt] 4 10}
2024/03/04 22:48:55 making map order &{0 [../pg-metamorphosis.txt] 5 10}
2024/03/04 22:48:55 making map order &{0 [../pg-sherlock_holmes.txt] 6 10}
2024/03/04 22:48:55 making map order &{0 [../pg-tom_sawyer.txt] 7 10}
2024/03/04 22:48:55 done with make map order
2024/03/04 22:48:55 Map: 0 done vs. 8 working, Reduce 0 done vs. 0 working
2024/03/04 22:48:56 Coordinator work
2024/03/04 22:48:56 Coordinator status 0
2024/03/04 22:48:56 Coordinator work
2024/03/04 22:48:56 Coordinator status 0
2024/03/04 22:48:56 IsDone &{0 2024-03-04 22:48:56.40250694 +0800 CST m=+1.015244158 0xc00009dbc0} true
2024/03/04 22:48:56 Order 0 finish Map
2024/03/04 22:48:56 IsDone &{0 2024-03-04 22:48:56.407451051 +0800 CST m=+1.020188262 0xc00009dc50} true
2024/03/04 22:48:56 Order 1 finish Map
2024/03/04 22:48:57 Coordinator work
2024/03/04 22:48:57 Coordinator status 0
2024/03/04 22:48:57 Coordinator work
2024/03/04 22:48:57 Coordinator status 0
2024/03/04 22:48:57 IsDone &{0 2024-03-04 22:48:57.543890505 +0800 CST m=+2.156627715 0xc00009dce0} true
2024/03/04 22:48:57 Order 2 finish Map
2024/03/04 22:48:57 IsDone &{0 2024-03-04 22:48:57.648212901 +0800 CST m=+2.260950119 0xc00009dd70} true
2024/03/04 22:48:57 Order 3 finish Map
2024/03/04 22:48:58 Coordinator work
2024/03/04 22:48:58 Coordinator status 0
2024/03/04 22:48:58 Coordinator work
2024/03/04 22:48:58 Coordinator status 0
2024/03/04 22:48:59 IsDone &{0 2024-03-04 22:48:58.867739181 +0800 CST m=+3.480476393 0xc00009de90} true
2024/03/04 22:48:59 Order 5 finish Map
2024/03/04 22:48:59 IsDone &{0 2024-03-04 22:48:58.800895397 +0800 CST m=+3.413632610 0xc00009de00} true
2024/03/04 22:48:59 Order 4 finish Map
2024/03/04 22:49:00 Coordinator work
2024/03/04 22:49:00 Coordinator status 0
2024/03/04 22:49:00 Coordinator work
2024/03/04 22:49:00 Coordinator status 0
2024/03/04 22:49:00 IsDone &{0 2024-03-04 22:49:00.066054595 +0800 CST m=+4.678791808 0xc00009dfb0} true
2024/03/04 22:49:00 Order 7 finish Map
2024/03/04 22:49:00 IsDone &{0 2024-03-04 22:49:00.031663395 +0800 CST m=+4.644400615 0xc00009df20} true
2024/03/04 22:49:00 Order 6 finish Map
2024/03/04 22:49:01 Coordinator work
2024/03/04 22:49:01 Coordinator status 0
2024/03/04 22:49:01 Map: 8 done vs. 0 working, Reduce 0 done vs. 0 working
2024/03/04 22:49:01 forward: forward to Reuce Phase
2024/03/04 22:49:01 making reduce order : 8
2024/03/04 22:49:01 making reduce order : 9
2024/03/04 22:49:01 making reduce order : 10
2024/03/04 22:49:01 making reduce order : 11
2024/03/04 22:49:01 making reduce order : 12
2024/03/04 22:49:01 making reduce order : 13
2024/03/04 22:49:01 making reduce order : 14
2024/03/04 22:49:01 making reduce order : 15
2024/03/04 22:49:01 making reduce order : 16
2024/03/04 22:49:01 making reduce order : 17
2024/03/04 22:49:01 done with make reduce order
2024/03/04 22:49:01 Map: 8 done vs. 0 working, Reduce 0 done vs. 10 working
2024/03/04 22:49:01 Coordinator work
2024/03/04 22:49:01 Coordinator status 1
2024/03/04 22:49:01 Order 8 finish Reduce
2024/03/04 22:49:02 Coordinator work
2024/03/04 22:49:02 Coordinator status 1
2024/03/04 22:49:02 Order 9 finish Reduce
2024/03/04 22:49:03 Coordinator work
2024/03/04 22:49:03 Coordinator status 1
2024/03/04 22:49:03 Order 10 finish Reduce
2024/03/04 22:49:03 Coordinator work
2024/03/04 22:49:03 Coordinator status 1
2024/03/04 22:49:03 Order 11 finish Reduce
2024/03/04 22:49:04 Coordinator work
2024/03/04 22:49:04 Coordinator status 1
2024/03/04 22:49:04 Order 12 finish Reduce
2024/03/04 22:49:04 Coordinator work
2024/03/04 22:49:04 Coordinator status 1
2024/03/04 22:49:04 Order 13 finish Reduce
2024/03/04 22:49:05 Coordinator work
2024/03/04 22:49:05 Coordinator status 1
2024/03/04 22:49:05 Order 14 finish Reduce
2024/03/04 22:49:05 Coordinator work
2024/03/04 22:49:05 Coordinator status 1
2024/03/04 22:49:05 Order 15 finish Reduce
2024/03/04 22:49:06 Coordinator work
2024/03/04 22:49:06 Coordinator status 1
2024/03/04 22:49:06 Order 16 finish Reduce
2024/03/04 22:49:06 Coordinator work
2024/03/04 22:49:06 Coordinator status 1
2024/03/04 22:49:07 Order 17 finish Reduce
2024/03/04 22:49:07 Coordinator work
2024/03/04 22:49:07 Coordinator status 1
2024/03/04 22:49:07 Map: 8 done vs. 0 working, Reduce 10 done vs. 0 working
2024/03/04 22:49:07 forward: forward to done phase
2024/03/04 22:49:08 Coordinator work
2024/03/04 22:49:08 Coordinator status 2
