2024/03/05 08:36:12 making map order &{0 [../pg-being_ernest.txt] 0 10}
2024/03/05 08:36:12 making map order &{0 [../pg-dorian_gray.txt] 1 10}
2024/03/05 08:36:12 making map order &{0 [../pg-frankenstein.txt] 2 10}
2024/03/05 08:36:12 making map order &{0 [../pg-grimm.txt] 3 10}
2024/03/05 08:36:12 making map order &{0 [../pg-huckleberry_finn.txt] 4 10}
2024/03/05 08:36:12 making map order &{0 [../pg-metamorphosis.txt] 5 10}
2024/03/05 08:36:12 making map order &{0 [../pg-sherlock_holmes.txt] 6 10}
2024/03/05 08:36:12 making map order &{0 [../pg-tom_sawyer.txt] 7 10}
2024/03/05 08:36:12 done with make map order
2024/03/05 08:36:12 Map: 0 done vs. 8 working, Reduce 0 done vs. 0 working
2024/03/05 08:36:13 Coordinator work
2024/03/05 08:36:13 Coordinator status 0
2024/03/05 08:36:13 Coordinator work
2024/03/05 08:36:13 Coordinator status 0
2024/03/05 08:36:13 Coordinator work
2024/03/05 08:36:13 Coordinator status 0
2024/03/05 08:36:13 IsDone &{0 2024-03-05 08:36:13.253303259 +0800 CST m=+1.015852909 0xc000112090} true
2024/03/05 08:36:13 Order 0 finish Map
2024/03/05 08:36:14 Coordinator work
2024/03/05 08:36:14 Coordinator status 0
2024/03/05 08:36:14 IsDone &{0 2024-03-05 08:36:13.268564578 +0800 CST m=+1.031114227 0xc0001121b0} true
2024/03/05 08:36:14 Order 2 finish Map
2024/03/05 08:36:15 IsDone &{0 2024-03-05 08:36:13.261537481 +0800 CST m=+1.024087130 0xc000112120} true
2024/03/05 08:36:15 Order 1 finish Map
2024/03/05 08:36:15 Coordinator work
2024/03/05 08:36:15 Coordinator status 0
2024/03/05 08:36:16 Coordinator work
2024/03/05 08:36:16 Coordinator status 0
2024/03/05 08:36:16 IsDone &{0 2024-03-05 08:36:16.029650288 +0800 CST m=+3.792199938 0xc000112360} true
2024/03/05 08:36:16 Order 5 finish Map
2024/03/05 08:36:16 IsDone &{0 2024-03-05 08:36:14.828465439 +0800 CST m=+2.591015094 0xc000112240} true
2024/03/05 08:36:16 Order 3 finish Map
2024/03/05 08:36:17 Coordinator work
2024/03/05 08:36:17 Coordinator status 0
2024/03/05 08:36:17 Coordinator work
2024/03/05 08:36:17 Coordinator status 0
2024/03/05 08:36:17 IsDone &{0 2024-03-05 08:36:15.909822061 +0800 CST m=+3.672371708 0xc0001122d0} true
2024/03/05 08:36:17 Order 4 finish Map
2024/03/05 08:36:18 Coordinator work
2024/03/05 08:36:18 Coordinator status 0
2024/03/05 08:36:18 Map: 6 done vs. 2 working, Reduce 0 done vs. 0 working
2024/03/05 08:36:19 IsDone &{0 2024-03-05 08:36:17.590956359 +0800 CST m=+5.353506018 0xc000112480} true
2024/03/05 08:36:19 Order 7 finish Map
2024/03/05 08:36:19 IsDone &{0 2024-03-05 08:36:17.524141462 +0800 CST m=+5.286691141 0xc0001123f0} true
2024/03/05 08:36:19 Order 6 finish Map
2024/03/05 08:36:20 Coordinator work
2024/03/05 08:36:20 Coordinator status 0
2024/03/05 08:36:20 Map: 8 done vs. 0 working, Reduce 0 done vs. 0 working
2024/03/05 08:36:20 forward: forward to Reuce Phase
2024/03/05 08:36:20 making reduce order : 8
2024/03/05 08:36:20 making reduce order : 9
2024/03/05 08:36:20 making reduce order : 10
2024/03/05 08:36:20 making reduce order : 11
2024/03/05 08:36:20 making reduce order : 12
2024/03/05 08:36:20 making reduce order : 13
2024/03/05 08:36:20 making reduce order : 14
2024/03/05 08:36:20 making reduce order : 15
2024/03/05 08:36:20 making reduce order : 16
2024/03/05 08:36:20 making reduce order : 17
2024/03/05 08:36:20 done with make reduce order
2024/03/05 08:36:20 Map: 8 done vs. 0 working, Reduce 0 done vs. 10 working
2024/03/05 08:36:20 Coordinator work
2024/03/05 08:36:20 Coordinator status 1
2024/03/05 08:36:20 Coordinator work
2024/03/05 08:36:20 Coordinator status 1
2024/03/05 08:36:21 Order 8 finish Reduce
2024/03/05 08:36:21 Order 9 finish Reduce
2024/03/05 08:36:22 Coordinator work
2024/03/05 08:36:22 Coordinator status 1
2024/03/05 08:36:22 Coordinator work
2024/03/05 08:36:22 Coordinator status 1
2024/03/05 08:36:22 Coordinator work
2024/03/05 08:36:22 Coordinator status 1
2024/03/05 08:36:23 Order 11 finish Reduce
2024/03/05 08:36:23 Order 12 finish Reduce
2024/03/05 08:36:23 Order 10 finish Reduce
2024/03/05 08:36:24 Coordinator work
2024/03/05 08:36:24 Coordinator status 1
2024/03/05 08:36:24 Coordinator work
2024/03/05 08:36:24 Coordinator status 1
2024/03/05 08:36:24 Coordinator work
2024/03/05 08:36:24 Coordinator status 1
2024/03/05 08:36:24 Order 13 finish Reduce
2024/03/05 08:36:25 Order 15 finish Reduce
2024/03/05 08:36:25 Coordinator work
2024/03/05 08:36:25 Coordinator status 1
2024/03/05 08:36:25 Order 14 finish Reduce
2024/03/05 08:36:26 Coordinator work
2024/03/05 08:36:26 Coordinator status 1
2024/03/05 08:36:26 Order 16 finish Reduce
2024/03/05 08:36:26 Coordinator work
2024/03/05 08:36:26 Coordinator status 1
2024/03/05 08:36:26 Map: 8 done vs. 0 working, Reduce 9 done vs. 1 working
2024/03/05 08:36:27 Order 17 finish Reduce
2024/03/05 08:36:27 Coordinator work
2024/03/05 08:36:27 Coordinator status 1
2024/03/05 08:36:27 Map: 8 done vs. 0 working, Reduce 10 done vs. 0 working
2024/03/05 08:36:27 forward: forward to done phase
2024/03/05 08:36:28 Coordinator work
2024/03/05 08:36:28 Coordinator status 2
2024/03/05 08:36:28 Coordinator work
2024/03/05 08:36:28 Coordinator status 2
