2024/03/04 23:52:29 making map order &{0 [../pg-being_ernest.txt] 0 10}
2024/03/04 23:52:29 making map order &{0 [../pg-dorian_gray.txt] 1 10}
2024/03/04 23:52:29 making map order &{0 [../pg-frankenstein.txt] 2 10}
2024/03/04 23:52:29 making map order &{0 [../pg-grimm.txt] 3 10}
2024/03/04 23:52:29 making map order &{0 [../pg-huckleberry_finn.txt] 4 10}
2024/03/04 23:52:29 making map order &{0 [../pg-metamorphosis.txt] 5 10}
2024/03/04 23:52:29 making map order &{0 [../pg-sherlock_holmes.txt] 6 10}
2024/03/04 23:52:29 making map order &{0 [../pg-tom_sawyer.txt] 7 10}
2024/03/04 23:52:29 done with make map order
2024/03/04 23:52:29 Map: 0 done vs. 8 working, Reduce 0 done vs. 0 working
2024/03/04 23:52:30 Coordinator work
2024/03/04 23:52:30 Coordinator status 0
2024/03/04 23:52:30 Coordinator work
2024/03/04 23:52:30 Coordinator status 0
2024/03/04 23:52:30 IsDone &{0 2024-03-04 23:52:30.305142688 +0800 CST m=+1.028955090 0xc0000744e0} true
2024/03/04 23:52:30 Order 0 finish Map
2024/03/04 23:52:30 Coordinator work
2024/03/04 23:52:30 Coordinator status 0
2024/03/04 23:52:30 Coordinator work
2024/03/04 23:52:30 Coordinator status 0
2024/03/04 23:52:30 IsDone &{0 2024-03-04 23:52:30.320765094 +0800 CST m=+1.044577496 0xc000074600} true
2024/03/04 23:52:30 Order 2 finish Map
2024/03/04 23:52:30 IsDone &{0 2024-03-04 23:52:30.311306538 +0800 CST m=+1.035118938 0xc000074570} true
2024/03/04 23:52:30 Order 1 finish Map
2024/03/04 23:52:31 Coordinator work
2024/03/04 23:52:31 Coordinator status 0
2024/03/04 23:52:31 IsDone &{0 2024-03-04 23:52:31.320095315 +0800 CST m=+2.043907721 0xc000074720} true
2024/03/04 23:52:31 Order 4 finish Map
2024/03/04 23:52:31 Coordinator work
2024/03/04 23:52:31 Coordinator status 0
2024/03/04 23:52:31 Coordinator work
2024/03/04 23:52:31 Coordinator status 0
2024/03/04 23:52:32 Coordinator work
2024/03/04 23:52:32 Coordinator status 0
2024/03/04 23:52:32 Coordinator work
2024/03/04 23:52:32 Coordinator status 0
2024/03/04 23:52:32 Map: 4 done vs. 4 working, Reduce 0 done vs. 0 working
2024/03/04 23:52:34 Coordinator work
2024/03/04 23:52:34 Coordinator status 0
2024/03/04 23:52:34 Map: 4 done vs. 4 working, Reduce 0 done vs. 0 working
2024/03/04 23:52:36 Coordinator work
2024/03/04 23:52:36 Coordinator status 0
2024/03/04 23:52:36 Map: 4 done vs. 4 working, Reduce 0 done vs. 0 working
2024/03/04 23:52:36 IsDone &{0 2024-03-04 23:52:31.343316205 +0800 CST m=+2.067128608 0xc000074840} true
2024/03/04 23:52:36 Order 6 finish Map
2024/03/04 23:52:36 IsDone &{0 2024-03-04 23:52:30.327463482 +0800 CST m=+1.051275887 0xc000074690} true
2024/03/04 23:52:36 Order 3 finish Map
2024/03/04 23:52:37 Coordinator work
2024/03/04 23:52:37 Coordinator status 0
2024/03/04 23:52:37 Map: 6 done vs. 2 working, Reduce 0 done vs. 0 working
2024/03/04 23:52:37 Coordinator work
2024/03/04 23:52:37 Coordinator status 0
2024/03/04 23:52:37 Map: 6 done vs. 2 working, Reduce 0 done vs. 0 working
2024/03/04 23:52:38 Coordinator work
2024/03/04 23:52:38 Coordinator status 0
2024/03/04 23:52:38 Map: 6 done vs. 2 working, Reduce 0 done vs. 0 working
2024/03/04 23:52:39 Coordinator work
2024/03/04 23:52:39 Coordinator status 0
2024/03/04 23:52:39 Map: 6 done vs. 2 working, Reduce 0 done vs. 0 working
2024/03/04 23:52:39 Coordinator work
2024/03/04 23:52:39 Coordinator status 0
2024/03/04 23:52:39 Map: 6 done vs. 2 working, Reduce 0 done vs. 0 working
2024/03/04 23:52:40 IsDone &{0 2024-03-04 23:52:32.344089272 +0800 CST m=+3.067901675 0xc0000748d0} true
2024/03/04 23:52:40 Order 7 finish Map
2024/03/04 23:52:40 Coordinator work
2024/03/04 23:52:40 Coordinator status 0
2024/03/04 23:52:40 Map: 7 done vs. 1 working, Reduce 0 done vs. 0 working
2024/03/04 23:52:41 Coordinator work
2024/03/04 23:52:41 Coordinator status 0
2024/03/04 23:52:41 Map: 7 done vs. 1 working, Reduce 0 done vs. 0 working
2024/03/04 23:52:41 Coordinator work
2024/03/04 23:52:41 Coordinator status 0
2024/03/04 23:52:41 Map: 7 done vs. 1 working, Reduce 0 done vs. 0 working
2024/03/04 23:52:41 Coordinator work
2024/03/04 23:52:41 Coordinator status 0
2024/03/04 23:52:41 Map: 7 done vs. 1 working, Reduce 0 done vs. 0 working
2024/03/04 23:52:42 Coordiantor restart Map order 5
2024/03/04 23:52:42 Coordinator work
2024/03/04 23:52:42 Coordinator status 0
2024/03/04 23:52:42 IsDone &{0 2024-03-04 23:52:42.396648966 +0800 CST m=+13.120461368 0xc0000747b0} true
2024/03/04 23:52:42 Order 5 finish Map
2024/03/04 23:52:43 Coordinator work
2024/03/04 23:52:43 Coordinator status 0
2024/03/04 23:52:43 Map: 8 done vs. 0 working, Reduce 0 done vs. 0 working
2024/03/04 23:52:43 forward: forward to Reuce Phase
2024/03/04 23:52:43 making reduce order : 8
2024/03/04 23:52:43 making reduce order : 9
2024/03/04 23:52:43 making reduce order : 10
2024/03/04 23:52:43 making reduce order : 11
2024/03/04 23:52:43 making reduce order : 12
2024/03/04 23:52:43 making reduce order : 13
2024/03/04 23:52:43 making reduce order : 14
2024/03/04 23:52:43 making reduce order : 15
2024/03/04 23:52:43 making reduce order : 16
2024/03/04 23:52:43 making reduce order : 17
2024/03/04 23:52:43 done with make reduce order
2024/03/04 23:52:43 Map: 8 done vs. 0 working, Reduce 0 done vs. 10 working
2024/03/04 23:52:43 Coordinator work
2024/03/04 23:52:43 Coordinator status 1
2024/03/04 23:52:43 Coordinator work
2024/03/04 23:52:43 Coordinator status 1
2024/03/04 23:52:43 Order 9 finish Reduce
2024/03/04 23:52:43 Coordinator work
2024/03/04 23:52:43 Coordinator status 1
2024/03/04 23:52:44 Coordinator work
2024/03/04 23:52:44 Coordinator status 1
2024/03/04 23:52:44 Order 11 finish Reduce
2024/03/04 23:52:44 Coordinator work
2024/03/04 23:52:44 Coordinator status 1
2024/03/04 23:52:44 Order 12 finish Reduce
2024/03/04 23:52:44 Coordinator work
2024/03/04 23:52:44 Coordinator status 1
2024/03/04 23:52:44 Order 13 finish Reduce
2024/03/04 23:52:45 Coordinator work
2024/03/04 23:52:45 Coordinator status 1
2024/03/04 23:52:45 Order 14 finish Reduce
2024/03/04 23:52:45 Coordinator work
2024/03/04 23:52:45 Coordinator status 1
2024/03/04 23:52:45 Order 15 finish Reduce
2024/03/04 23:52:45 Coordinator work
2024/03/04 23:52:45 Coordinator status 1
2024/03/04 23:52:45 Order 16 finish Reduce
2024/03/04 23:52:45 Coordinator work
2024/03/04 23:52:45 Coordinator status 1
2024/03/04 23:52:46 Coordinator work
2024/03/04 23:52:46 Coordinator status 1
2024/03/04 23:52:46 Map: 8 done vs. 0 working, Reduce 7 done vs. 3 working
2024/03/04 23:52:46 Coordinator work
2024/03/04 23:52:46 Coordinator status 1
2024/03/04 23:52:46 Map: 8 done vs. 0 working, Reduce 7 done vs. 3 working
2024/03/04 23:52:46 Coordinator work
2024/03/04 23:52:46 Coordinator status 1
2024/03/04 23:52:46 Map: 8 done vs. 0 working, Reduce 7 done vs. 3 working
2024/03/04 23:52:46 Order 17 finish Reduce
2024/03/04 23:52:47 Coordinator work
2024/03/04 23:52:47 Coordinator status 1
2024/03/04 23:52:47 Map: 8 done vs. 0 working, Reduce 8 done vs. 2 working
2024/03/04 23:52:48 Coordinator work
2024/03/04 23:52:48 Coordinator status 1
2024/03/04 23:52:48 Map: 8 done vs. 0 working, Reduce 8 done vs. 2 working
2024/03/04 23:52:48 Coordinator work
2024/03/04 23:52:48 Coordinator status 1
2024/03/04 23:52:48 Map: 8 done vs. 0 working, Reduce 8 done vs. 2 working
2024/03/04 23:52:48 Coordinator work
2024/03/04 23:52:48 Coordinator status 1
2024/03/04 23:52:48 Map: 8 done vs. 0 working, Reduce 8 done vs. 2 working
2024/03/04 23:52:49 Coordinator work
2024/03/04 23:52:49 Coordinator status 1
2024/03/04 23:52:49 Map: 8 done vs. 0 working, Reduce 8 done vs. 2 working
2024/03/04 23:52:50 Coordinator work
2024/03/04 23:52:50 Coordinator status 1
2024/03/04 23:52:50 Map: 8 done vs. 0 working, Reduce 8 done vs. 2 working
2024/03/04 23:52:50 Coordinator work
2024/03/04 23:52:50 Coordinator status 1
2024/03/04 23:52:50 Map: 8 done vs. 0 working, Reduce 8 done vs. 2 working
2024/03/04 23:52:50 Coordinator work
2024/03/04 23:52:50 Coordinator status 1
2024/03/04 23:52:50 Map: 8 done vs. 0 working, Reduce 8 done vs. 2 working
2024/03/04 23:52:51 Coordinator work
2024/03/04 23:52:51 Coordinator status 1
2024/03/04 23:52:51 Map: 8 done vs. 0 working, Reduce 8 done vs. 2 working
2024/03/04 23:52:52 Coordinator work
2024/03/04 23:52:52 Coordinator status 1
2024/03/04 23:52:52 Map: 8 done vs. 0 working, Reduce 8 done vs. 2 working
2024/03/04 23:52:52 Coordinator work
2024/03/04 23:52:52 Coordinator status 1
2024/03/04 23:52:52 Map: 8 done vs. 0 working, Reduce 8 done vs. 2 working
2024/03/04 23:52:52 Coordinator work
2024/03/04 23:52:52 Coordinator status 1
2024/03/04 23:52:52 Map: 8 done vs. 0 working, Reduce 8 done vs. 2 working
2024/03/04 23:52:53 Coordinator work
2024/03/04 23:52:53 Coordinator status 1
2024/03/04 23:52:53 Map: 8 done vs. 0 working, Reduce 8 done vs. 2 working
2024/03/04 23:52:54 Coordinator work
2024/03/04 23:52:54 Coordinator status 1
2024/03/04 23:52:54 Map: 8 done vs. 0 working, Reduce 8 done vs. 2 working
2024/03/04 23:52:54 Coordiantor restart Reduce order 8
2024/03/04 23:52:54 Coordiantor restart Reduce order 10
2024/03/04 23:52:54 Coordinator work
2024/03/04 23:52:54 Coordinator status 1
2024/03/04 23:52:54 Coordinator work
2024/03/04 23:52:54 Coordinator status 1
2024/03/04 23:52:55 Coordinator work
2024/03/04 23:52:55 Coordinator status 1
2024/03/04 23:52:55 Map: 8 done vs. 0 working, Reduce 8 done vs. 2 working
2024/03/04 23:52:55 Coordinator work
2024/03/04 23:52:55 Coordinator status 1
2024/03/04 23:52:55 Map: 8 done vs. 0 working, Reduce 8 done vs. 2 working
2024/03/04 23:52:56 Coordinator work
2024/03/04 23:52:56 Coordinator status 1
2024/03/04 23:52:56 Map: 8 done vs. 0 working, Reduce 8 done vs. 2 working
2024/03/04 23:52:57 Coordinator work
2024/03/04 23:52:57 Coordinator status 1
2024/03/04 23:52:57 Map: 8 done vs. 0 working, Reduce 8 done vs. 2 working
2024/03/04 23:52:57 Coordinator work
2024/03/04 23:52:57 Coordinator status 1
2024/03/04 23:52:57 Map: 8 done vs. 0 working, Reduce 8 done vs. 2 working
2024/03/04 23:52:58 Coordinator work
2024/03/04 23:52:58 Coordinator status 1
2024/03/04 23:52:58 Map: 8 done vs. 0 working, Reduce 8 done vs. 2 working
2024/03/04 23:52:59 Order 8 finish Reduce
2024/03/04 23:52:59 Coordinator work
2024/03/04 23:52:59 Coordinator status 1
2024/03/04 23:52:59 Map: 8 done vs. 0 working, Reduce 9 done vs. 1 working
2024/03/04 23:52:59 Coordinator work
2024/03/04 23:52:59 Coordinator status 1
2024/03/04 23:52:59 Map: 8 done vs. 0 working, Reduce 9 done vs. 1 working
2024/03/04 23:53:00 Coordinator work
2024/03/04 23:53:00 Coordinator status 1
2024/03/04 23:53:00 Map: 8 done vs. 0 working, Reduce 9 done vs. 1 working
2024/03/04 23:53:00 Coordinator work
2024/03/04 23:53:00 Coordinator status 1
2024/03/04 23:53:00 Map: 8 done vs. 0 working, Reduce 9 done vs. 1 working
2024/03/04 23:53:01 Coordinator work
2024/03/04 23:53:01 Coordinator status 1
2024/03/04 23:53:01 Map: 8 done vs. 0 working, Reduce 9 done vs. 1 working
2024/03/04 23:53:01 Coordinator work
2024/03/04 23:53:01 Coordinator status 1
2024/03/04 23:53:01 Map: 8 done vs. 0 working, Reduce 9 done vs. 1 working
2024/03/04 23:53:02 Coordinator work
2024/03/04 23:53:02 Coordinator status 1
2024/03/04 23:53:02 Map: 8 done vs. 0 working, Reduce 9 done vs. 1 working
2024/03/04 23:53:02 Coordinator work
2024/03/04 23:53:02 Coordinator status 1
2024/03/04 23:53:02 Map: 8 done vs. 0 working, Reduce 9 done vs. 1 working
2024/03/04 23:53:03 Coordinator work
2024/03/04 23:53:03 Coordinator status 1
2024/03/04 23:53:03 Map: 8 done vs. 0 working, Reduce 9 done vs. 1 working
2024/03/04 23:53:03 Coordinator work
2024/03/04 23:53:03 Coordinator status 1
2024/03/04 23:53:03 Map: 8 done vs. 0 working, Reduce 9 done vs. 1 working
2024/03/04 23:53:04 Coordinator work
2024/03/04 23:53:04 Coordinator status 1
2024/03/04 23:53:04 Map: 8 done vs. 0 working, Reduce 9 done vs. 1 working
2024/03/04 23:53:04 Coordinator work
2024/03/04 23:53:04 Coordinator status 1
2024/03/04 23:53:04 Map: 8 done vs. 0 working, Reduce 9 done vs. 1 working
2024/03/04 23:53:05 Coordiantor restart Reduce order 10
2024/03/04 23:53:05 Coordinator work
2024/03/04 23:53:05 Coordinator status 1
2024/03/04 23:53:05 Coordinator work
2024/03/04 23:53:05 Coordinator status 1
2024/03/04 23:53:05 Map: 8 done vs. 0 working, Reduce 9 done vs. 1 working
2024/03/04 23:53:06 Coordinator work
2024/03/04 23:53:06 Coordinator status 1
2024/03/04 23:53:06 Map: 8 done vs. 0 working, Reduce 9 done vs. 1 working
2024/03/04 23:53:06 Coordinator work
2024/03/04 23:53:06 Coordinator status 1
2024/03/04 23:53:06 Map: 8 done vs. 0 working, Reduce 9 done vs. 1 working
2024/03/04 23:53:06 Coordinator work
2024/03/04 23:53:06 Coordinator status 1
2024/03/04 23:53:06 Map: 8 done vs. 0 working, Reduce 9 done vs. 1 working
2024/03/04 23:53:07 Coordinator work
2024/03/04 23:53:07 Coordinator status 1
2024/03/04 23:53:07 Map: 8 done vs. 0 working, Reduce 9 done vs. 1 working
2024/03/04 23:53:08 Coordinator work
2024/03/04 23:53:08 Coordinator status 1
2024/03/04 23:53:08 Map: 8 done vs. 0 working, Reduce 9 done vs. 1 working
2024/03/04 23:53:08 Coordinator work
2024/03/04 23:53:08 Coordinator status 1
2024/03/04 23:53:08 Map: 8 done vs. 0 working, Reduce 9 done vs. 1 working
2024/03/04 23:53:08 Coordinator work
2024/03/04 23:53:08 Coordinator status 1
2024/03/04 23:53:08 Map: 8 done vs. 0 working, Reduce 9 done vs. 1 working
2024/03/04 23:53:09 Coordinator work
2024/03/04 23:53:09 Coordinator status 1
2024/03/04 23:53:09 Map: 8 done vs. 0 working, Reduce 9 done vs. 1 working
2024/03/04 23:53:10 Coordinator work
2024/03/04 23:53:10 Coordinator status 1
2024/03/04 23:53:10 Map: 8 done vs. 0 working, Reduce 9 done vs. 1 working
2024/03/04 23:53:10 Coordinator work
2024/03/04 23:53:10 Coordinator status 1
2024/03/04 23:53:10 Map: 8 done vs. 0 working, Reduce 9 done vs. 1 working
2024/03/04 23:53:10 Coordinator work
2024/03/04 23:53:10 Coordinator status 1
2024/03/04 23:53:10 Map: 8 done vs. 0 working, Reduce 9 done vs. 1 working
2024/03/04 23:53:11 Coordinator work
2024/03/04 23:53:11 Coordinator status 1
2024/03/04 23:53:11 Map: 8 done vs. 0 working, Reduce 9 done vs. 1 working
2024/03/04 23:53:12 Coordinator work
2024/03/04 23:53:12 Coordinator status 1
2024/03/04 23:53:12 Map: 8 done vs. 0 working, Reduce 9 done vs. 1 working
2024/03/04 23:53:12 Coordinator work
2024/03/04 23:53:12 Coordinator status 1
2024/03/04 23:53:12 Map: 8 done vs. 0 working, Reduce 9 done vs. 1 working
2024/03/04 23:53:12 Coordinator work
2024/03/04 23:53:12 Coordinator status 1
2024/03/04 23:53:12 Map: 8 done vs. 0 working, Reduce 9 done vs. 1 working
2024/03/04 23:53:13 Coordinator work
2024/03/04 23:53:13 Coordinator status 1
2024/03/04 23:53:13 Map: 8 done vs. 0 working, Reduce 9 done vs. 1 working
2024/03/04 23:53:14 Coordinator work
2024/03/04 23:53:14 Coordinator status 1
2024/03/04 23:53:14 Map: 8 done vs. 0 working, Reduce 9 done vs. 1 working
2024/03/04 23:53:14 Coordinator work
2024/03/04 23:53:14 Coordinator status 1
2024/03/04 23:53:14 Map: 8 done vs. 0 working, Reduce 9 done vs. 1 working
2024/03/04 23:53:14 Coordinator work
2024/03/04 23:53:14 Coordinator status 1
2024/03/04 23:53:14 Map: 8 done vs. 0 working, Reduce 9 done vs. 1 working
2024/03/04 23:53:15 Coordinator work
2024/03/04 23:53:15 Coordinator status 1
2024/03/04 23:53:15 Map: 8 done vs. 0 working, Reduce 9 done vs. 1 working
2024/03/04 23:53:16 Coordinator work
2024/03/04 23:53:16 Coordinator status 1
2024/03/04 23:53:16 Map: 8 done vs. 0 working, Reduce 9 done vs. 1 working
2024/03/04 23:53:16 Coordiantor restart Reduce order 10
2024/03/04 23:53:16 Coordinator work
2024/03/04 23:53:16 Coordinator status 1
2024/03/04 23:53:16 Coordinator work
2024/03/04 23:53:16 Coordinator status 1
2024/03/04 23:53:16 Map: 8 done vs. 0 working, Reduce 9 done vs. 1 working
2024/03/04 23:53:17 Coordinator work
2024/03/04 23:53:17 Coordinator status 1
2024/03/04 23:53:17 Map: 8 done vs. 0 working, Reduce 9 done vs. 1 working
2024/03/04 23:53:17 Coordinator work
2024/03/04 23:53:17 Coordinator status 1
2024/03/04 23:53:17 Map: 8 done vs. 0 working, Reduce 9 done vs. 1 working
2024/03/04 23:53:18 Coordinator work
2024/03/04 23:53:18 Coordinator status 1
2024/03/04 23:53:18 Map: 8 done vs. 0 working, Reduce 9 done vs. 1 working
2024/03/04 23:53:18 Coordinator work
2024/03/04 23:53:18 Coordinator status 1
2024/03/04 23:53:18 Map: 8 done vs. 0 working, Reduce 9 done vs. 1 working
2024/03/04 23:53:19 Coordinator work
2024/03/04 23:53:19 Coordinator status 1
2024/03/04 23:53:19 Map: 8 done vs. 0 working, Reduce 9 done vs. 1 working
2024/03/04 23:53:19 Coordinator work
2024/03/04 23:53:19 Coordinator status 1
2024/03/04 23:53:19 Map: 8 done vs. 0 working, Reduce 9 done vs. 1 working
2024/03/04 23:53:20 Coordinator work
2024/03/04 23:53:20 Coordinator status 1
2024/03/04 23:53:20 Map: 8 done vs. 0 working, Reduce 9 done vs. 1 working
2024/03/04 23:53:20 Coordinator work
2024/03/04 23:53:20 Coordinator status 1
2024/03/04 23:53:20 Map: 8 done vs. 0 working, Reduce 9 done vs. 1 working
2024/03/04 23:53:21 Coordinator work
2024/03/04 23:53:21 Coordinator status 1
2024/03/04 23:53:21 Map: 8 done vs. 0 working, Reduce 9 done vs. 1 working
2024/03/04 23:53:21 Coordinator work
2024/03/04 23:53:21 Coordinator status 1
2024/03/04 23:53:21 Map: 8 done vs. 0 working, Reduce 9 done vs. 1 working
2024/03/04 23:53:22 Coordinator work
2024/03/04 23:53:22 Coordinator status 1
2024/03/04 23:53:22 Map: 8 done vs. 0 working, Reduce 9 done vs. 1 working
2024/03/04 23:53:22 Coordinator work
2024/03/04 23:53:22 Coordinator status 1
2024/03/04 23:53:22 Map: 8 done vs. 0 working, Reduce 9 done vs. 1 working
2024/03/04 23:53:23 Coordinator work
2024/03/04 23:53:23 Coordinator status 1
2024/03/04 23:53:23 Map: 8 done vs. 0 working, Reduce 9 done vs. 1 working
2024/03/04 23:53:23 Coordinator work
2024/03/04 23:53:23 Coordinator status 1
2024/03/04 23:53:23 Map: 8 done vs. 0 working, Reduce 9 done vs. 1 working
2024/03/04 23:53:24 Coordinator work
2024/03/04 23:53:24 Coordinator status 1
2024/03/04 23:53:24 Map: 8 done vs. 0 working, Reduce 9 done vs. 1 working
2024/03/04 23:53:24 Coordinator work
2024/03/04 23:53:24 Coordinator status 1
2024/03/04 23:53:24 Map: 8 done vs. 0 working, Reduce 9 done vs. 1 working
2024/03/04 23:53:25 Coordinator work
2024/03/04 23:53:25 Coordinator status 1
2024/03/04 23:53:25 Map: 8 done vs. 0 working, Reduce 9 done vs. 1 working
2024/03/04 23:53:25 Coordinator work
2024/03/04 23:53:25 Coordinator status 1
2024/03/04 23:53:25 Map: 8 done vs. 0 working, Reduce 9 done vs. 1 working
2024/03/04 23:53:26 Coordinator work
2024/03/04 23:53:26 Coordinator status 1
2024/03/04 23:53:26 Map: 8 done vs. 0 working, Reduce 9 done vs. 1 working
2024/03/04 23:53:26 Coordinator work
2024/03/04 23:53:26 Coordinator status 1
2024/03/04 23:53:26 Map: 8 done vs. 0 working, Reduce 9 done vs. 1 working
2024/03/04 23:53:27 Coordiantor restart Reduce order 10
2024/03/04 23:53:27 Coordinator work
2024/03/04 23:53:27 Coordinator status 1
2024/03/04 23:53:27 Coordinator work
2024/03/04 23:53:27 Coordinator status 1
2024/03/04 23:53:27 Map: 8 done vs. 0 working, Reduce 9 done vs. 1 working
2024/03/04 23:53:28 Coordinator work
2024/03/04 23:53:28 Coordinator status 1
2024/03/04 23:53:28 Map: 8 done vs. 0 working, Reduce 9 done vs. 1 working
2024/03/04 23:53:28 Coordinator work
2024/03/04 23:53:28 Coordinator status 1
2024/03/04 23:53:28 Map: 8 done vs. 0 working, Reduce 9 done vs. 1 working
2024/03/04 23:53:29 Coordinator work
2024/03/04 23:53:29 Coordinator status 1
2024/03/04 23:53:29 Map: 8 done vs. 0 working, Reduce 9 done vs. 1 working
2024/03/04 23:53:30 Coordinator work
2024/03/04 23:53:30 Coordinator status 1
2024/03/04 23:53:30 Map: 8 done vs. 0 working, Reduce 9 done vs. 1 working
2024/03/04 23:53:30 Coordinator work
2024/03/04 23:53:30 Coordinator status 1
2024/03/04 23:53:30 Map: 8 done vs. 0 working, Reduce 9 done vs. 1 working
2024/03/04 23:53:31 Coordinator work
2024/03/04 23:53:31 Coordinator status 1
2024/03/04 23:53:31 Map: 8 done vs. 0 working, Reduce 9 done vs. 1 working
2024/03/04 23:53:32 Coordinator work
2024/03/04 23:53:32 Coordinator status 1
2024/03/04 23:53:32 Map: 8 done vs. 0 working, Reduce 9 done vs. 1 working
2024/03/04 23:53:32 Coordinator work
2024/03/04 23:53:32 Coordinator status 1
2024/03/04 23:53:32 Map: 8 done vs. 0 working, Reduce 9 done vs. 1 working
2024/03/04 23:53:33 Coordinator work
2024/03/04 23:53:33 Coordinator status 1
2024/03/04 23:53:33 Map: 8 done vs. 0 working, Reduce 9 done vs. 1 working
2024/03/04 23:53:34 Coordinator work
2024/03/04 23:53:34 Coordinator status 1
2024/03/04 23:53:34 Map: 8 done vs. 0 working, Reduce 9 done vs. 1 working
2024/03/04 23:53:34 Coordinator work
2024/03/04 23:53:34 Coordinator status 1
2024/03/04 23:53:34 Map: 8 done vs. 0 working, Reduce 9 done vs. 1 working
2024/03/04 23:53:35 Order 10 finish Reduce
2024/03/04 23:53:35 Coordinator work
2024/03/04 23:53:35 Coordinator status 1
2024/03/04 23:53:35 Map: 8 done vs. 0 working, Reduce 10 done vs. 0 working
2024/03/04 23:53:35 forward: forward to done phase
2024/03/04 23:53:36 Coordinator work
2024/03/04 23:53:36 Coordinator status 2
2024/03/04 23:53:36 Coordinator work
2024/03/04 23:53:36 Coordinator status 2
2024/03/04 23:53:36 Coordinator work
2024/03/04 23:53:36 Coordinator status 2
