2024/03/05 03:25:41 making map order &{0 [../pg-being_ernest.txt] 0 10}
2024/03/05 03:25:41 making map order &{0 [../pg-dorian_gray.txt] 1 10}
2024/03/05 03:25:41 making map order &{0 [../pg-frankenstein.txt] 2 10}
2024/03/05 03:25:41 making map order &{0 [../pg-grimm.txt] 3 10}
2024/03/05 03:25:41 making map order &{0 [../pg-huckleberry_finn.txt] 4 10}
2024/03/05 03:25:41 making map order &{0 [../pg-metamorphosis.txt] 5 10}
2024/03/05 03:25:41 making map order &{0 [../pg-sherlock_holmes.txt] 6 10}
2024/03/05 03:25:41 making map order &{0 [../pg-tom_sawyer.txt] 7 10}
2024/03/05 03:25:41 done with make map order
2024/03/05 03:25:41 Map: 0 done vs. 8 working, Reduce 0 done vs. 0 working
2024/03/05 03:25:42 Coordinator work
2024/03/05 03:25:42 Coordinator status 0
2024/03/05 03:25:42 Coordinator work
2024/03/05 03:25:42 Coordinator status 0
2024/03/05 03:25:42 Coordinator work
2024/03/05 03:25:42 Coordinator status 0
2024/03/05 03:25:42 Coordinator work
2024/03/05 03:25:42 Coordinator status 0
2024/03/05 03:25:43 Coordinator work
2024/03/05 03:25:43 Coordinator status 0
2024/03/05 03:25:43 Coordinator work
2024/03/05 03:25:43 Coordinator status 0
2024/03/05 03:25:43 IsDone &{0 2024-03-05 03:25:43.835058444 +0800 CST m=+2.101697532 0xc00011a1e0} true
2024/03/05 03:25:43 Order 5 finish Map
2024/03/05 03:25:44 Coordinator work
2024/03/05 03:25:44 Coordinator status 0
2024/03/05 03:25:44 IsDone &{0 2024-03-05 03:25:44.845204427 +0800 CST m=+3.111843509 0xc00011a270} true
2024/03/05 03:25:44 Order 6 finish Map
2024/03/05 03:25:44 Coordinator work
2024/03/05 03:25:44 Coordinator status 0
2024/03/05 03:25:45 Coordinator work
2024/03/05 03:25:45 Coordinator status 0
2024/03/05 03:25:45 Map: 2 done vs. 6 working, Reduce 0 done vs. 0 working
2024/03/05 03:25:46 IsDone &{0 2024-03-05 03:25:42.768961866 +0800 CST m=+1.035600941 0xc00011a030} true
2024/03/05 03:25:46 Order 2 finish Map
2024/03/05 03:25:47 Coordinator work
2024/03/05 03:25:47 Coordinator status 0
2024/03/05 03:25:47 Map: 3 done vs. 5 working, Reduce 0 done vs. 0 working
2024/03/05 03:25:47 Coordinator work
2024/03/05 03:25:47 Coordinator status 0
2024/03/05 03:25:47 Map: 3 done vs. 5 working, Reduce 0 done vs. 0 working
2024/03/05 03:25:48 IsDone &{0 2024-03-05 03:25:44.87416365 +0800 CST m=+3.140802729 0xc00011a300} true
2024/03/05 03:25:48 Order 7 finish Map
2024/03/05 03:25:49 Coordinator work
2024/03/05 03:25:49 Coordinator status 0
2024/03/05 03:25:49 Map: 4 done vs. 4 working, Reduce 0 done vs. 0 working
2024/03/05 03:25:49 Coordinator work
2024/03/05 03:25:49 Coordinator status 0
2024/03/05 03:25:49 Map: 4 done vs. 4 working, Reduce 0 done vs. 0 working
2024/03/05 03:25:49 Coordinator work
2024/03/05 03:25:49 Coordinator status 0
2024/03/05 03:25:49 Map: 4 done vs. 4 working, Reduce 0 done vs. 0 working
2024/03/05 03:25:50 IsDone &{0 2024-03-05 03:25:42.748215756 +0800 CST m=+1.014854832 0xc00009def0} true
2024/03/05 03:25:50 Order 0 finish Map
2024/03/05 03:25:51 Coordinator work
2024/03/05 03:25:51 Coordinator status 0
2024/03/05 03:25:51 Map: 5 done vs. 3 working, Reduce 0 done vs. 0 working
2024/03/05 03:25:51 Coordinator work
2024/03/05 03:25:51 Coordinator status 0
2024/03/05 03:25:51 Map: 5 done vs. 3 working, Reduce 0 done vs. 0 working
2024/03/05 03:25:51 Coordinator work
2024/03/05 03:25:51 Coordinator status 0
2024/03/05 03:25:51 Map: 5 done vs. 3 working, Reduce 0 done vs. 0 working
2024/03/05 03:25:51 Coordinator work
2024/03/05 03:25:51 Coordinator status 0
2024/03/05 03:25:51 Map: 5 done vs. 3 working, Reduce 0 done vs. 0 working
2024/03/05 03:25:53 Coordinator work
2024/03/05 03:25:53 Coordinator status 0
2024/03/05 03:25:53 Map: 5 done vs. 3 working, Reduce 0 done vs. 0 working
2024/03/05 03:25:53 Coordinator work
2024/03/05 03:25:53 Coordinator status 0
2024/03/05 03:25:53 Map: 5 done vs. 3 working, Reduce 0 done vs. 0 working
2024/03/05 03:25:53 Coordiantor restart Map order 1
2024/03/05 03:25:53 Coordiantor restart Map order 3
2024/03/05 03:25:53 Coordinator work
2024/03/05 03:25:53 Coordinator status 0
2024/03/05 03:25:53 Coordinator work
2024/03/05 03:25:53 Coordinator status 0
2024/03/05 03:25:53 IsDone &{0 2024-03-05 03:25:53.884577726 +0800 CST m=+12.151216806 0xc00011a0c0} true
2024/03/05 03:25:53 Order 3 finish Map
2024/03/05 03:25:54 Coordiantor restart Map order 4
2024/03/05 03:25:54 Coordinator work
2024/03/05 03:25:54 Coordinator status 0
2024/03/05 03:25:54 IsDone &{0 2024-03-05 03:25:54.902249539 +0800 CST m=+13.168888617 0xc00011a150} true
2024/03/05 03:25:54 Order 4 finish Map
2024/03/05 03:25:55 Coordinator work
2024/03/05 03:25:55 Coordinator status 0
2024/03/05 03:25:55 Map: 7 done vs. 1 working, Reduce 0 done vs. 0 working
2024/03/05 03:25:55 Coordinator work
2024/03/05 03:25:55 Coordinator status 0
2024/03/05 03:25:55 Map: 7 done vs. 1 working, Reduce 0 done vs. 0 working
2024/03/05 03:25:55 Coordinator work
2024/03/05 03:25:55 Coordinator status 0
2024/03/05 03:25:55 Map: 7 done vs. 1 working, Reduce 0 done vs. 0 working
2024/03/05 03:25:57 Coordinator work
2024/03/05 03:25:57 Coordinator status 0
2024/03/05 03:25:57 Map: 7 done vs. 1 working, Reduce 0 done vs. 0 working
2024/03/05 03:25:57 Coordinator work
2024/03/05 03:25:57 Coordinator status 0
2024/03/05 03:25:57 Map: 7 done vs. 1 working, Reduce 0 done vs. 0 working
2024/03/05 03:25:57 Coordinator work
2024/03/05 03:25:57 Coordinator status 0
2024/03/05 03:25:57 Map: 7 done vs. 1 working, Reduce 0 done vs. 0 working
2024/03/05 03:25:59 Coordinator work
2024/03/05 03:25:59 Coordinator status 0
2024/03/05 03:25:59 Map: 7 done vs. 1 working, Reduce 0 done vs. 0 working
2024/03/05 03:25:59 Coordinator work
2024/03/05 03:25:59 Coordinator status 0
2024/03/05 03:25:59 Map: 7 done vs. 1 working, Reduce 0 done vs. 0 working
2024/03/05 03:25:59 Coordinator work
2024/03/05 03:25:59 Coordinator status 0
2024/03/05 03:25:59 Map: 7 done vs. 1 working, Reduce 0 done vs. 0 working
2024/03/05 03:26:01 Coordinator work
2024/03/05 03:26:01 Coordinator status 0
2024/03/05 03:26:01 Map: 7 done vs. 1 working, Reduce 0 done vs. 0 working
2024/03/05 03:26:01 Coordinator work
2024/03/05 03:26:01 Coordinator status 0
2024/03/05 03:26:01 Map: 7 done vs. 1 working, Reduce 0 done vs. 0 working
2024/03/05 03:26:01 Coordinator work
2024/03/05 03:26:01 Coordinator status 0
2024/03/05 03:26:01 Map: 7 done vs. 1 working, Reduce 0 done vs. 0 working
2024/03/05 03:26:03 Coordinator work
2024/03/05 03:26:03 Coordinator status 0
2024/03/05 03:26:03 Map: 7 done vs. 1 working, Reduce 0 done vs. 0 working
2024/03/05 03:26:03 Coordinator work
2024/03/05 03:26:03 Coordinator status 0
2024/03/05 03:26:03 Map: 7 done vs. 1 working, Reduce 0 done vs. 0 working
2024/03/05 03:26:03 IsDone &{0 2024-03-05 03:25:53.803564109 +0800 CST m=+12.070203188 0xc00009df80} true
2024/03/05 03:26:03 Order 1 finish Map
2024/03/05 03:26:03 Coordinator work
2024/03/05 03:26:03 Coordinator status 0
2024/03/05 03:26:03 Map: 8 done vs. 0 working, Reduce 0 done vs. 0 working
2024/03/05 03:26:03 forward: forward to Reuce Phase
2024/03/05 03:26:03 making reduce order : 8
2024/03/05 03:26:03 making reduce order : 9
2024/03/05 03:26:03 making reduce order : 10
2024/03/05 03:26:03 making reduce order : 11
2024/03/05 03:26:03 making reduce order : 12
2024/03/05 03:26:03 making reduce order : 13
2024/03/05 03:26:03 making reduce order : 14
2024/03/05 03:26:03 making reduce order : 15
2024/03/05 03:26:03 making reduce order : 16
2024/03/05 03:26:03 making reduce order : 17
2024/03/05 03:26:03 done with make reduce order
2024/03/05 03:26:03 Map: 8 done vs. 0 working, Reduce 0 done vs. 10 working
2024/03/05 03:26:04 Coordinator work
2024/03/05 03:26:04 Coordinator status 1
2024/03/05 03:26:05 Coordinator work
2024/03/05 03:26:05 Coordinator status 1
2024/03/05 03:26:05 Order 9 finish Reduce
2024/03/05 03:26:05 Order 8 finish Reduce
2024/03/05 03:26:05 Coordinator work
2024/03/05 03:26:05 Coordinator status 1
2024/03/05 03:26:05 Coordinator work
2024/03/05 03:26:05 Coordinator status 1
2024/03/05 03:26:05 Order 11 finish Reduce
2024/03/05 03:26:06 Coordinator work
2024/03/05 03:26:06 Coordinator status 1
2024/03/05 03:26:06 Order 12 finish Reduce
2024/03/05 03:26:06 Coordinator work
2024/03/05 03:26:06 Coordinator status 1
2024/03/05 03:26:06 Coordinator work
2024/03/05 03:26:06 Coordinator status 1
2024/03/05 03:26:06 Order 14 finish Reduce
2024/03/05 03:26:07 Coordinator work
2024/03/05 03:26:07 Coordinator status 1
2024/03/05 03:26:07 Order 15 finish Reduce
2024/03/05 03:26:07 Coordinator work
2024/03/05 03:26:07 Coordinator status 1
2024/03/05 03:26:07 Order 16 finish Reduce
2024/03/05 03:26:07 Coordinator work
2024/03/05 03:26:07 Coordinator status 1
2024/03/05 03:26:08 Coordinator work
2024/03/05 03:26:08 Coordinator status 1
2024/03/05 03:26:08 Map: 8 done vs. 0 working, Reduce 7 done vs. 3 working
2024/03/05 03:26:08 Coordinator work
2024/03/05 03:26:08 Coordinator status 1
2024/03/05 03:26:08 Map: 8 done vs. 0 working, Reduce 7 done vs. 3 working
2024/03/05 03:26:08 Coordinator work
2024/03/05 03:26:08 Coordinator status 1
2024/03/05 03:26:08 Map: 8 done vs. 0 working, Reduce 7 done vs. 3 working
2024/03/05 03:26:10 Coordinator work
2024/03/05 03:26:10 Coordinator status 1
2024/03/05 03:26:10 Map: 8 done vs. 0 working, Reduce 7 done vs. 3 working
2024/03/05 03:26:10 Coordinator work
2024/03/05 03:26:10 Coordinator status 1
2024/03/05 03:26:10 Map: 8 done vs. 0 working, Reduce 7 done vs. 3 working
2024/03/05 03:26:10 Coordinator work
2024/03/05 03:26:10 Coordinator status 1
2024/03/05 03:26:10 Map: 8 done vs. 0 working, Reduce 7 done vs. 3 working
2024/03/05 03:26:12 Coordinator work
2024/03/05 03:26:12 Coordinator status 1
2024/03/05 03:26:12 Map: 8 done vs. 0 working, Reduce 7 done vs. 3 working
2024/03/05 03:26:12 Coordinator work
2024/03/05 03:26:12 Coordinator status 1
2024/03/05 03:26:12 Map: 8 done vs. 0 working, Reduce 7 done vs. 3 working
2024/03/05 03:26:12 Coordinator work
2024/03/05 03:26:12 Coordinator status 1
2024/03/05 03:26:12 Map: 8 done vs. 0 working, Reduce 7 done vs. 3 working
2024/03/05 03:26:14 Coordinator work
2024/03/05 03:26:14 Coordinator status 1
2024/03/05 03:26:14 Map: 8 done vs. 0 working, Reduce 7 done vs. 3 working
2024/03/05 03:26:14 Coordinator work
2024/03/05 03:26:14 Coordinator status 1
2024/03/05 03:26:14 Map: 8 done vs. 0 working, Reduce 7 done vs. 3 working
2024/03/05 03:26:14 Coordinator work
2024/03/05 03:26:14 Coordinator status 1
2024/03/05 03:26:14 Map: 8 done vs. 0 working, Reduce 7 done vs. 3 working
2024/03/05 03:26:15 Coordiantor restart Reduce order 10
2024/03/05 03:26:16 Coordinator work
2024/03/05 03:26:16 Coordinator status 1
2024/03/05 03:26:16 Coordinator work
2024/03/05 03:26:16 Coordinator status 1
2024/03/05 03:26:16 Map: 8 done vs. 0 working, Reduce 7 done vs. 3 working
2024/03/05 03:26:16 Coordiantor restart Reduce order 13
2024/03/05 03:26:16 Coordinator work
2024/03/05 03:26:16 Coordinator status 1
2024/03/05 03:26:17 Coordinator work
2024/03/05 03:26:17 Coordinator status 1
2024/03/05 03:26:17 Map: 8 done vs. 0 working, Reduce 7 done vs. 3 working
2024/03/05 03:26:18 Coordinator work
2024/03/05 03:26:18 Coordinator status 1
2024/03/05 03:26:18 Map: 8 done vs. 0 working, Reduce 7 done vs. 3 working
2024/03/05 03:26:18 Coordinator work
2024/03/05 03:26:18 Coordinator status 1
2024/03/05 03:26:18 Map: 8 done vs. 0 working, Reduce 7 done vs. 3 working
2024/03/05 03:26:18 Coordiantor restart Reduce order 17
2024/03/05 03:26:19 Coordinator work
2024/03/05 03:26:19 Coordinator status 1
2024/03/05 03:26:19 Order 17 finish Reduce
2024/03/05 03:26:20 Coordinator work
2024/03/05 03:26:20 Coordinator status 1
2024/03/05 03:26:20 Map: 8 done vs. 0 working, Reduce 8 done vs. 2 working
2024/03/05 03:26:20 Coordinator work
2024/03/05 03:26:20 Coordinator status 1
2024/03/05 03:26:20 Map: 8 done vs. 0 working, Reduce 8 done vs. 2 working
2024/03/05 03:26:20 Coordinator work
2024/03/05 03:26:20 Coordinator status 1
2024/03/05 03:26:20 Map: 8 done vs. 0 working, Reduce 8 done vs. 2 working
2024/03/05 03:26:22 Coordinator work
2024/03/05 03:26:22 Coordinator status 1
2024/03/05 03:26:22 Map: 8 done vs. 0 working, Reduce 8 done vs. 2 working
2024/03/05 03:26:22 Coordinator work
2024/03/05 03:26:22 Coordinator status 1
2024/03/05 03:26:22 Map: 8 done vs. 0 working, Reduce 8 done vs. 2 working
2024/03/05 03:26:22 Coordinator work
2024/03/05 03:26:22 Coordinator status 1
2024/03/05 03:26:22 Map: 8 done vs. 0 working, Reduce 8 done vs. 2 working
2024/03/05 03:26:24 Coordinator work
2024/03/05 03:26:24 Coordinator status 1
2024/03/05 03:26:24 Map: 8 done vs. 0 working, Reduce 8 done vs. 2 working
2024/03/05 03:26:24 Coordinator work
2024/03/05 03:26:24 Coordinator status 1
2024/03/05 03:26:24 Map: 8 done vs. 0 working, Reduce 8 done vs. 2 working
2024/03/05 03:26:24 Coordinator work
2024/03/05 03:26:24 Coordinator status 1
2024/03/05 03:26:24 Map: 8 done vs. 0 working, Reduce 8 done vs. 2 working
2024/03/05 03:26:26 Coordinator work
2024/03/05 03:26:26 Coordinator status 1
2024/03/05 03:26:26 Map: 8 done vs. 0 working, Reduce 8 done vs. 2 working
2024/03/05 03:26:26 Coordinator work
2024/03/05 03:26:26 Coordinator status 1
2024/03/05 03:26:26 Map: 8 done vs. 0 working, Reduce 8 done vs. 2 working
2024/03/05 03:26:26 Coordinator work
2024/03/05 03:26:26 Coordinator status 1
2024/03/05 03:26:26 Map: 8 done vs. 0 working, Reduce 8 done vs. 2 working
2024/03/05 03:26:26 Coordiantor restart Reduce order 10
2024/03/05 03:26:27 Coordiantor restart Reduce order 13
2024/03/05 03:26:28 Coordinator work
2024/03/05 03:26:28 Coordinator status 1
2024/03/05 03:26:28 Coordinator work
2024/03/05 03:26:28 Coordinator status 1
2024/03/05 03:26:28 Order 13 finish Reduce
2024/03/05 03:26:28 Coordinator work
2024/03/05 03:26:28 Coordinator status 1
2024/03/05 03:26:28 Map: 8 done vs. 0 working, Reduce 9 done vs. 1 working
2024/03/05 03:26:29 Coordinator work
2024/03/05 03:26:29 Coordinator status 1
2024/03/05 03:26:29 Map: 8 done vs. 0 working, Reduce 9 done vs. 1 working
2024/03/05 03:26:29 Coordinator work
2024/03/05 03:26:29 Coordinator status 1
2024/03/05 03:26:29 Map: 8 done vs. 0 working, Reduce 9 done vs. 1 working
2024/03/05 03:26:30 Coordinator work
2024/03/05 03:26:30 Coordinator status 1
2024/03/05 03:26:30 Map: 8 done vs. 0 working, Reduce 9 done vs. 1 working
2024/03/05 03:26:31 Coordinator work
2024/03/05 03:26:31 Coordinator status 1
2024/03/05 03:26:31 Map: 8 done vs. 0 working, Reduce 9 done vs. 1 working
2024/03/05 03:26:31 Coordinator work
2024/03/05 03:26:31 Coordinator status 1
2024/03/05 03:26:31 Map: 8 done vs. 0 working, Reduce 9 done vs. 1 working
2024/03/05 03:26:32 Coordinator work
2024/03/05 03:26:32 Coordinator status 1
2024/03/05 03:26:32 Map: 8 done vs. 0 working, Reduce 9 done vs. 1 working
2024/03/05 03:26:33 Coordinator work
2024/03/05 03:26:33 Coordinator status 1
2024/03/05 03:26:33 Map: 8 done vs. 0 working, Reduce 9 done vs. 1 working
2024/03/05 03:26:33 Coordinator work
2024/03/05 03:26:33 Coordinator status 1
2024/03/05 03:26:33 Map: 8 done vs. 0 working, Reduce 9 done vs. 1 working
2024/03/05 03:26:34 Coordinator work
2024/03/05 03:26:34 Coordinator status 1
2024/03/05 03:26:34 Map: 8 done vs. 0 working, Reduce 9 done vs. 1 working
2024/03/05 03:26:35 Coordinator work
2024/03/05 03:26:35 Coordinator status 1
2024/03/05 03:26:35 Map: 8 done vs. 0 working, Reduce 9 done vs. 1 working
2024/03/05 03:26:35 Coordinator work
2024/03/05 03:26:35 Coordinator status 1
2024/03/05 03:26:35 Map: 8 done vs. 0 working, Reduce 9 done vs. 1 working
2024/03/05 03:26:36 Coordinator work
2024/03/05 03:26:36 Coordinator status 1
2024/03/05 03:26:36 Map: 8 done vs. 0 working, Reduce 9 done vs. 1 working
2024/03/05 03:26:37 Coordinator work
2024/03/05 03:26:37 Coordinator status 1
2024/03/05 03:26:37 Map: 8 done vs. 0 working, Reduce 9 done vs. 1 working
2024/03/05 03:26:37 Coordinator work
2024/03/05 03:26:37 Coordinator status 1
2024/03/05 03:26:37 Map: 8 done vs. 0 working, Reduce 9 done vs. 1 working
2024/03/05 03:26:38 Coordinator work
2024/03/05 03:26:38 Coordinator status 1
2024/03/05 03:26:38 Map: 8 done vs. 0 working, Reduce 9 done vs. 1 working
2024/03/05 03:26:38 Coordiantor restart Reduce order 10
2024/03/05 03:26:39 Coordinator work
2024/03/05 03:26:39 Coordinator status 1
2024/03/05 03:26:39 Coordinator work
2024/03/05 03:26:39 Coordinator status 1
2024/03/05 03:26:39 Map: 8 done vs. 0 working, Reduce 9 done vs. 1 working
2024/03/05 03:26:40 Coordinator work
2024/03/05 03:26:40 Coordinator status 1
2024/03/05 03:26:40 Map: 8 done vs. 0 working, Reduce 9 done vs. 1 working
2024/03/05 03:26:40 Coordinator work
2024/03/05 03:26:40 Coordinator status 1
2024/03/05 03:26:40 Map: 8 done vs. 0 working, Reduce 9 done vs. 1 working
2024/03/05 03:26:41 Coordinator work
2024/03/05 03:26:41 Coordinator status 1
2024/03/05 03:26:41 Map: 8 done vs. 0 working, Reduce 9 done vs. 1 working
2024/03/05 03:26:42 Coordinator work
2024/03/05 03:26:42 Coordinator status 1
2024/03/05 03:26:42 Map: 8 done vs. 0 working, Reduce 9 done vs. 1 working
2024/03/05 03:26:42 Coordinator work
2024/03/05 03:26:42 Coordinator status 1
2024/03/05 03:26:42 Map: 8 done vs. 0 working, Reduce 9 done vs. 1 working
2024/03/05 03:26:43 Coordinator work
2024/03/05 03:26:43 Coordinator status 1
2024/03/05 03:26:43 Map: 8 done vs. 0 working, Reduce 9 done vs. 1 working
2024/03/05 03:26:44 Coordinator work
2024/03/05 03:26:44 Coordinator status 1
2024/03/05 03:26:44 Map: 8 done vs. 0 working, Reduce 9 done vs. 1 working
2024/03/05 03:26:44 Coordinator work
2024/03/05 03:26:44 Coordinator status 1
2024/03/05 03:26:44 Map: 8 done vs. 0 working, Reduce 9 done vs. 1 working
2024/03/05 03:26:45 Coordinator work
2024/03/05 03:26:45 Coordinator status 1
2024/03/05 03:26:45 Map: 8 done vs. 0 working, Reduce 9 done vs. 1 working
2024/03/05 03:26:46 Coordinator work
2024/03/05 03:26:46 Coordinator status 1
2024/03/05 03:26:46 Map: 8 done vs. 0 working, Reduce 9 done vs. 1 working
2024/03/05 03:26:46 Coordinator work
2024/03/05 03:26:46 Coordinator status 1
2024/03/05 03:26:46 Map: 8 done vs. 0 working, Reduce 9 done vs. 1 working
2024/03/05 03:26:47 Coordinator work
2024/03/05 03:26:47 Coordinator status 1
2024/03/05 03:26:47 Map: 8 done vs. 0 working, Reduce 9 done vs. 1 working
2024/03/05 03:26:48 Coordinator work
2024/03/05 03:26:48 Coordinator status 1
2024/03/05 03:26:48 Map: 8 done vs. 0 working, Reduce 9 done vs. 1 working
2024/03/05 03:26:48 Coordinator work
2024/03/05 03:26:48 Coordinator status 1
2024/03/05 03:26:48 Map: 8 done vs. 0 working, Reduce 9 done vs. 1 working
2024/03/05 03:26:49 Coordinator work
2024/03/05 03:26:49 Coordinator status 1
2024/03/05 03:26:49 Map: 8 done vs. 0 working, Reduce 9 done vs. 1 working
2024/03/05 03:26:49 Coordiantor restart Reduce order 10
2024/03/05 03:26:50 Coordinator work
2024/03/05 03:26:50 Coordinator status 1
2024/03/05 03:26:50 Order 10 finish Reduce
2024/03/05 03:26:50 Coordinator work
2024/03/05 03:26:50 Coordinator status 1
2024/03/05 03:26:50 Map: 8 done vs. 0 working, Reduce 10 done vs. 0 working
2024/03/05 03:26:50 forward: forward to done phase
2024/03/05 03:26:51 Coordinator work
2024/03/05 03:26:51 Coordinator status 2
2024/03/05 03:26:51 Coordinator work
2024/03/05 03:26:51 Coordinator status 2
