2024/03/05 09:44:16 making map order &{0 [../pg-being_ernest.txt] 0 10}
2024/03/05 09:44:16 making map order &{0 [../pg-dorian_gray.txt] 1 10}
2024/03/05 09:44:16 making map order &{0 [../pg-frankenstein.txt] 2 10}
2024/03/05 09:44:16 making map order &{0 [../pg-grimm.txt] 3 10}
2024/03/05 09:44:16 making map order &{0 [../pg-huckleberry_finn.txt] 4 10}
2024/03/05 09:44:16 making map order &{0 [../pg-metamorphosis.txt] 5 10}
2024/03/05 09:44:16 making map order &{0 [../pg-sherlock_holmes.txt] 6 10}
2024/03/05 09:44:16 making map order &{0 [../pg-tom_sawyer.txt] 7 10}
2024/03/05 09:44:16 done with make map order
2024/03/05 09:44:16 Map: 0 done vs. 8 working, Reduce 0 done vs. 0 working
2024/03/05 09:44:17 Coordinator work
2024/03/05 09:44:17 Coordinator status 0
2024/03/05 09:44:18 IsDone &{0 2024-03-05 09:44:17.997039089 +0800 CST m=+1.021563657 0xc000074360} true
2024/03/05 09:44:18 Order 0 finish Map
2024/03/05 09:44:18 Coordinator work
2024/03/05 09:44:18 Coordinator status 0
2024/03/05 09:44:18 Coordinator work
2024/03/05 09:44:18 Coordinator status 0
2024/03/05 09:44:18 Coordinator work
2024/03/05 09:44:18 Coordinator status 0
2024/03/05 09:44:19 Coordinator work
2024/03/05 09:44:19 Coordinator status 0
2024/03/05 09:44:19 Coordinator work
2024/03/05 09:44:19 Coordinator status 0
2024/03/05 09:44:19 Coordinator work
2024/03/05 09:44:19 Coordinator status 0
2024/03/05 09:44:19 IsDone &{0 2024-03-05 09:44:19.073807139 +0800 CST m=+2.098331712 0xc0000746c0} true
2024/03/05 09:44:19 Order 6 finish Map
2024/03/05 09:44:20 Coordinator work
2024/03/05 09:44:20 Coordinator status 0
2024/03/05 09:44:20 IsDone &{0 2024-03-05 09:44:20.095608112 +0800 CST m=+3.120132684 0xc000074750} true
2024/03/05 09:44:20 Order 7 finish Map
2024/03/05 09:44:21 Coordinator work
2024/03/05 09:44:21 Coordinator status 0
2024/03/05 09:44:21 Map: 3 done vs. 5 working, Reduce 0 done vs. 0 working
2024/03/05 09:44:23 Coordinator work
2024/03/05 09:44:23 Coordinator status 0
2024/03/05 09:44:23 Map: 3 done vs. 5 working, Reduce 0 done vs. 0 working
2024/03/05 09:44:23 IsDone &{0 2024-03-05 09:44:19.052004435 +0800 CST m=+2.076529005 0xc000074630} true
2024/03/05 09:44:23 Order 5 finish Map
2024/03/05 09:44:23 IsDone &{0 2024-03-05 09:44:18.037227555 +0800 CST m=+1.061752126 0xc000074510} true
2024/03/05 09:44:23 Order 3 finish Map
2024/03/05 09:44:24 Coordinator work
2024/03/05 09:44:24 Coordinator status 0
2024/03/05 09:44:24 Map: 5 done vs. 3 working, Reduce 0 done vs. 0 working
2024/03/05 09:44:24 Coordinator work
2024/03/05 09:44:24 Coordinator status 0
2024/03/05 09:44:24 Map: 5 done vs. 3 working, Reduce 0 done vs. 0 working
2024/03/05 09:44:25 Coordinator work
2024/03/05 09:44:25 Coordinator status 0
2024/03/05 09:44:25 Map: 5 done vs. 3 working, Reduce 0 done vs. 0 working
2024/03/05 09:44:26 Coordinator work
2024/03/05 09:44:26 Coordinator status 0
2024/03/05 09:44:26 Map: 5 done vs. 3 working, Reduce 0 done vs. 0 working
2024/03/05 09:44:26 Coordinator work
2024/03/05 09:44:26 Coordinator status 0
2024/03/05 09:44:26 Map: 5 done vs. 3 working, Reduce 0 done vs. 0 working
2024/03/05 09:44:27 Coordinator work
2024/03/05 09:44:27 Coordinator status 0
2024/03/05 09:44:27 Map: 5 done vs. 3 working, Reduce 0 done vs. 0 working
2024/03/05 09:44:28 Coordinator work
2024/03/05 09:44:28 Coordinator status 0
2024/03/05 09:44:28 Map: 5 done vs. 3 working, Reduce 0 done vs. 0 working
2024/03/05 09:44:28 Coordinator work
2024/03/05 09:44:28 Coordinator status 0
2024/03/05 09:44:28 Map: 5 done vs. 3 working, Reduce 0 done vs. 0 working
2024/03/05 09:44:28 Coordiantor restart Map order 1
2024/03/05 09:44:28 Coordiantor restart Map order 2
2024/03/05 09:44:29 Coordinator work
2024/03/05 09:44:29 Coordinator status 0
2024/03/05 09:44:29 Coordiantor restart Map order 4
2024/03/05 09:44:30 Coordinator work
2024/03/05 09:44:30 Coordinator status 0
2024/03/05 09:44:30 IsDone &{0 2024-03-05 09:44:30.176089749 +0800 CST m=+13.200614321 0xc000074480} true
2024/03/05 09:44:30 Order 2 finish Map
2024/03/05 09:44:30 Coordinator work
2024/03/05 09:44:30 Coordinator status 0
2024/03/05 09:44:31 Coordinator work
2024/03/05 09:44:31 Coordinator status 0
2024/03/05 09:44:31 Map: 6 done vs. 2 working, Reduce 0 done vs. 0 working
2024/03/05 09:44:31 IsDone &{0 2024-03-05 09:44:29.156364556 +0800 CST m=+12.180889128 0xc0000743f0} true
2024/03/05 09:44:31 Order 1 finish Map
2024/03/05 09:44:31 Coordinator work
2024/03/05 09:44:31 Coordinator status 0
2024/03/05 09:44:31 Map: 7 done vs. 1 working, Reduce 0 done vs. 0 working
2024/03/05 09:44:32 Coordinator work
2024/03/05 09:44:32 Coordinator status 0
2024/03/05 09:44:32 Map: 7 done vs. 1 working, Reduce 0 done vs. 0 working
2024/03/05 09:44:33 Coordinator work
2024/03/05 09:44:33 Coordinator status 0
2024/03/05 09:44:33 Map: 7 done vs. 1 working, Reduce 0 done vs. 0 working
2024/03/05 09:44:33 Coordinator work
2024/03/05 09:44:33 Coordinator status 0
2024/03/05 09:44:33 Map: 7 done vs. 1 working, Reduce 0 done vs. 0 working
2024/03/05 09:44:34 Coordinator work
2024/03/05 09:44:34 Coordinator status 0
2024/03/05 09:44:34 Map: 7 done vs. 1 working, Reduce 0 done vs. 0 working
2024/03/05 09:44:35 Coordinator work
2024/03/05 09:44:35 Coordinator status 0
2024/03/05 09:44:35 Map: 7 done vs. 1 working, Reduce 0 done vs. 0 working
2024/03/05 09:44:35 Coordinator work
2024/03/05 09:44:35 Coordinator status 0
2024/03/05 09:44:35 Map: 7 done vs. 1 working, Reduce 0 done vs. 0 working
2024/03/05 09:44:36 Coordinator work
2024/03/05 09:44:36 Coordinator status 0
2024/03/05 09:44:36 Map: 7 done vs. 1 working, Reduce 0 done vs. 0 working
2024/03/05 09:44:37 Coordinator work
2024/03/05 09:44:37 Coordinator status 0
2024/03/05 09:44:37 Map: 7 done vs. 1 working, Reduce 0 done vs. 0 working
2024/03/05 09:44:37 Coordinator work
2024/03/05 09:44:37 Coordinator status 0
2024/03/05 09:44:37 Map: 7 done vs. 1 working, Reduce 0 done vs. 0 working
2024/03/05 09:44:38 Coordinator work
2024/03/05 09:44:38 Coordinator status 0
2024/03/05 09:44:38 Map: 7 done vs. 1 working, Reduce 0 done vs. 0 working
2024/03/05 09:44:39 Coordinator work
2024/03/05 09:44:39 Coordinator status 0
2024/03/05 09:44:39 Map: 7 done vs. 1 working, Reduce 0 done vs. 0 working
2024/03/05 09:44:39 Coordinator work
2024/03/05 09:44:39 Coordinator status 0
2024/03/05 09:44:39 Map: 7 done vs. 1 working, Reduce 0 done vs. 0 working
2024/03/05 09:44:40 Coordinator work
2024/03/05 09:44:40 Coordinator status 0
2024/03/05 09:44:40 Map: 7 done vs. 1 working, Reduce 0 done vs. 0 working
2024/03/05 09:44:40 Coordiantor restart Map order 4
2024/03/05 09:44:41 Coordinator work
2024/03/05 09:44:41 Coordinator status 0
2024/03/05 09:44:41 IsDone &{0 2024-03-05 09:44:41.206854269 +0800 CST m=+24.231378837 0xc0000745a0} true
2024/03/05 09:44:41 Order 4 finish Map
2024/03/05 09:44:41 Coordinator work
2024/03/05 09:44:41 Coordinator status 0
2024/03/05 09:44:41 Map: 8 done vs. 0 working, Reduce 0 done vs. 0 working
2024/03/05 09:44:41 forward: forward to Reuce Phase
2024/03/05 09:44:41 making reduce order : 8
2024/03/05 09:44:41 making reduce order : 9
2024/03/05 09:44:41 making reduce order : 10
2024/03/05 09:44:41 making reduce order : 11
2024/03/05 09:44:41 making reduce order : 12
2024/03/05 09:44:41 making reduce order : 13
2024/03/05 09:44:41 making reduce order : 14
2024/03/05 09:44:41 making reduce order : 15
2024/03/05 09:44:41 making reduce order : 16
2024/03/05 09:44:41 making reduce order : 17
2024/03/05 09:44:41 done with make reduce order
2024/03/05 09:44:41 Map: 8 done vs. 0 working, Reduce 0 done vs. 10 working
2024/03/05 09:44:42 Coordinator work
2024/03/05 09:44:42 Coordinator status 1
2024/03/05 09:44:42 Order 8 finish Reduce
2024/03/05 09:44:42 Coordinator work
2024/03/05 09:44:42 Coordinator status 1
2024/03/05 09:44:42 Order 9 finish Reduce
2024/03/05 09:44:43 Coordinator work
2024/03/05 09:44:43 Coordinator status 1
2024/03/05 09:44:43 Coordinator work
2024/03/05 09:44:43 Coordinator status 1
2024/03/05 09:44:43 Order 11 finish Reduce
2024/03/05 09:44:43 Coordinator work
2024/03/05 09:44:43 Coordinator status 1
2024/03/05 09:44:43 Order 12 finish Reduce
2024/03/05 09:44:44 Coordinator work
2024/03/05 09:44:44 Coordinator status 1
2024/03/05 09:44:44 Order 13 finish Reduce
2024/03/05 09:44:44 Coordinator work
2024/03/05 09:44:44 Coordinator status 1
2024/03/05 09:44:44 Order 14 finish Reduce
2024/03/05 09:44:45 Coordinator work
2024/03/05 09:44:45 Coordinator status 1
2024/03/05 09:44:45 Order 15 finish Reduce
2024/03/05 09:44:45 Coordinator work
2024/03/05 09:44:45 Coordinator status 1
2024/03/05 09:44:45 Order 16 finish Reduce
2024/03/05 09:44:46 Coordinator work
2024/03/05 09:44:46 Coordinator status 1
2024/03/05 09:44:46 Order 17 finish Reduce
2024/03/05 09:44:46 Coordinator work
2024/03/05 09:44:46 Coordinator status 1
2024/03/05 09:44:46 Map: 8 done vs. 0 working, Reduce 9 done vs. 1 working
2024/03/05 09:44:47 Coordinator work
2024/03/05 09:44:47 Coordinator status 1
2024/03/05 09:44:47 Map: 8 done vs. 0 working, Reduce 9 done vs. 1 working
2024/03/05 09:44:48 Coordinator work
2024/03/05 09:44:48 Coordinator status 1
2024/03/05 09:44:48 Map: 8 done vs. 0 working, Reduce 9 done vs. 1 working
2024/03/05 09:44:49 Coordinator work
2024/03/05 09:44:49 Coordinator status 1
2024/03/05 09:44:49 Map: 8 done vs. 0 working, Reduce 9 done vs. 1 working
2024/03/05 09:44:50 Coordinator work
2024/03/05 09:44:50 Coordinator status 1
2024/03/05 09:44:50 Map: 8 done vs. 0 working, Reduce 9 done vs. 1 working
2024/03/05 09:44:51 Coordinator work
2024/03/05 09:44:51 Coordinator status 1
2024/03/05 09:44:51 Map: 8 done vs. 0 working, Reduce 9 done vs. 1 working
2024/03/05 09:44:52 Coordinator work
2024/03/05 09:44:52 Coordinator status 1
2024/03/05 09:44:52 Map: 8 done vs. 0 working, Reduce 9 done vs. 1 working
2024/03/05 09:44:52 Order 10 finish Reduce
2024/03/05 09:44:53 Coordinator work
2024/03/05 09:44:53 Coordinator status 1
2024/03/05 09:44:53 Map: 8 done vs. 0 working, Reduce 10 done vs. 0 working
2024/03/05 09:44:53 forward: forward to done phase
2024/03/05 09:44:53 Coordinator work
2024/03/05 09:44:53 Coordinator status 2
2024/03/05 09:44:54 Coordinator work
2024/03/05 09:44:54 Coordinator status 2
