2024/03/05 10:02:37 making map order &{0 [../pg-being_ernest.txt] 0 10}
2024/03/05 10:02:37 making map order &{0 [../pg-dorian_gray.txt] 1 10}
2024/03/05 10:02:37 making map order &{0 [../pg-frankenstein.txt] 2 10}
2024/03/05 10:02:37 making map order &{0 [../pg-grimm.txt] 3 10}
2024/03/05 10:02:37 making map order &{0 [../pg-huckleberry_finn.txt] 4 10}
2024/03/05 10:02:37 making map order &{0 [../pg-metamorphosis.txt] 5 10}
2024/03/05 10:02:37 making map order &{0 [../pg-sherlock_holmes.txt] 6 10}
2024/03/05 10:02:37 making map order &{0 [../pg-tom_sawyer.txt] 7 10}
2024/03/05 10:02:37 done with make map order
2024/03/05 10:02:37 Map: 0 done vs. 8 working, Reduce 0 done vs. 0 working
2024/03/05 10:02:38 Coordinator work
2024/03/05 10:02:38 Coordinator status 0
2024/03/05 10:02:38 Coordinator work
2024/03/05 10:02:38 Coordinator status 0
2024/03/05 10:02:38 IsDone &{0 2024-03-05 10:02:38.019730548 +0800 CST m=+1.014262279 0xc000072210} true
2024/03/05 10:02:38 Order 0 finish Map
2024/03/05 10:02:38 IsDone &{0 2024-03-05 10:02:38.020346897 +0800 CST m=+1.014878634 0xc0000722a0} true
2024/03/05 10:02:38 Order 1 finish Map
2024/03/05 10:02:39 Coordinator work
2024/03/05 10:02:39 Coordinator status 0
2024/03/05 10:02:39 Coordinator work
2024/03/05 10:02:39 Coordinator status 0
2024/03/05 10:02:39 IsDone &{0 2024-03-05 10:02:39.129899149 +0800 CST m=+2.124430885 0xc000072330} true
2024/03/05 10:02:39 Order 2 finish Map
2024/03/05 10:02:39 IsDone &{0 2024-03-05 10:02:39.254410819 +0800 CST m=+2.248942549 0xc0000723c0} true
2024/03/05 10:02:39 Order 3 finish Map
2024/03/05 10:02:40 Coordinator work
2024/03/05 10:02:40 Coordinator status 0
2024/03/05 10:02:40 Coordinator work
2024/03/05 10:02:40 Coordinator status 0
2024/03/05 10:02:40 IsDone &{0 2024-03-05 10:02:40.445062971 +0800 CST m=+3.439594704 0xc0000724e0} true
2024/03/05 10:02:40 Order 5 finish Map
2024/03/05 10:02:40 IsDone &{0 2024-03-05 10:02:40.313699318 +0800 CST m=+3.308231055 0xc000072450} true
2024/03/05 10:02:40 Order 4 finish Map
2024/03/05 10:02:41 Coordinator work
2024/03/05 10:02:41 Coordinator status 0
2024/03/05 10:02:41 Coordinator work
2024/03/05 10:02:41 Coordinator status 0
2024/03/05 10:02:41 IsDone &{0 2024-03-05 10:02:41.589435033 +0800 CST m=+4.583966767 0xc000072600} true
2024/03/05 10:02:41 Order 7 finish Map
2024/03/05 10:02:41 IsDone &{0 2024-03-05 10:02:41.519799094 +0800 CST m=+4.514330830 0xc000072570} true
2024/03/05 10:02:41 Order 6 finish Map
2024/03/05 10:02:42 Coordinator work
2024/03/05 10:02:42 Coordinator status 0
2024/03/05 10:02:42 Map: 8 done vs. 0 working, Reduce 0 done vs. 0 working
2024/03/05 10:02:42 forward: forward to Reuce Phase
2024/03/05 10:02:42 making reduce order : 8
2024/03/05 10:02:42 making reduce order : 9
2024/03/05 10:02:42 making reduce order : 10
2024/03/05 10:02:42 making reduce order : 11
2024/03/05 10:02:42 making reduce order : 12
2024/03/05 10:02:42 making reduce order : 13
2024/03/05 10:02:42 making reduce order : 14
2024/03/05 10:02:42 making reduce order : 15
2024/03/05 10:02:42 making reduce order : 16
2024/03/05 10:02:42 making reduce order : 17
2024/03/05 10:02:42 done with make reduce order
2024/03/05 10:02:42 Map: 8 done vs. 0 working, Reduce 0 done vs. 10 working
2024/03/05 10:02:42 Coordinator work
2024/03/05 10:02:42 Coordinator status 1
2024/03/05 10:02:42 Order 8 finish Reduce
2024/03/05 10:02:43 Coordinator work
2024/03/05 10:02:43 Coordinator status 1
2024/03/05 10:02:44 Order 9 finish Reduce
2024/03/05 10:02:44 Coordinator work
2024/03/05 10:02:44 Coordinator status 1
2024/03/05 10:02:44 Order 10 finish Reduce
2024/03/05 10:02:45 Coordinator work
2024/03/05 10:02:45 Coordinator status 1
2024/03/05 10:02:45 Order 11 finish Reduce
2024/03/05 10:02:45 Coordinator work
2024/03/05 10:02:45 Coordinator status 1
2024/03/05 10:02:46 Order 12 finish Reduce
2024/03/05 10:02:46 Coordinator work
2024/03/05 10:02:46 Coordinator status 1
2024/03/05 10:02:46 Order 13 finish Reduce
2024/03/05 10:02:47 Coordinator work
2024/03/05 10:02:47 Coordinator status 1
2024/03/05 10:02:47 Order 14 finish Reduce
2024/03/05 10:02:47 Coordinator work
2024/03/05 10:02:47 Coordinator status 1
2024/03/05 10:02:47 Order 15 finish Reduce
2024/03/05 10:02:48 Coordinator work
2024/03/05 10:02:48 Coordinator status 1
2024/03/05 10:02:48 Order 16 finish Reduce
2024/03/05 10:02:48 Coordinator work
2024/03/05 10:02:48 Coordinator status 1
2024/03/05 10:02:48 Order 17 finish Reduce
2024/03/05 10:02:49 Coordinator work
2024/03/05 10:02:49 Coordinator status 1
2024/03/05 10:02:49 Map: 8 done vs. 0 working, Reduce 10 done vs. 0 working
2024/03/05 10:02:49 forward: forward to done phase
2024/03/05 10:02:49 Coordinator work
2024/03/05 10:02:49 Coordinator status 2
