2024/03/04 21:08:57 making map order &{0 [../pg-being_ernest.txt] 0 10}
2024/03/04 21:08:57 making map order &{0 [../pg-dorian_gray.txt] 1 10}
2024/03/04 21:08:57 making map order &{0 [../pg-frankenstein.txt] 2 10}
2024/03/04 21:08:57 making map order &{0 [../pg-grimm.txt] 3 10}
2024/03/04 21:08:57 making map order &{0 [../pg-huckleberry_finn.txt] 4 10}
2024/03/04 21:08:57 making map order &{0 [../pg-metamorphosis.txt] 5 10}
2024/03/04 21:08:57 making map order &{0 [../pg-sherlock_holmes.txt] 6 10}
2024/03/04 21:08:57 making map order &{0 [../pg-tom_sawyer.txt] 7 10}
2024/03/04 21:08:57 done with make map order
2024/03/04 21:08:57 Map: 0 done vs. 8 working, Reduce 0 done vs. 0 working
2024/03/04 21:08:58 Coordinator work
2024/03/04 21:08:58 Coordinator status 0
2024/03/04 21:08:58 Coordinator work
2024/03/04 21:08:58 Coordinator status 0
2024/03/04 21:08:58 Coordinator work
2024/03/04 21:08:58 Coordinator status 0
2024/03/04 21:08:59 IsDone &{0 2024-03-04 21:08:58.30402436 +0800 CST m=+1.018370394 0xc00007dce0} true
2024/03/04 21:08:59 Order 0 finish Map
2024/03/04 21:08:59 IsDone &{0 2024-03-04 21:08:58.307778818 +0800 CST m=+1.022124855 0xc00007dd70} true
2024/03/04 21:08:59 Order 1 finish Map
2024/03/04 21:09:00 Coordinator work
2024/03/04 21:09:00 Coordinator status 0
2024/03/04 21:09:00 IsDone &{0 2024-03-04 21:08:58.317381363 +0800 CST m=+1.031727400 0xc00007de00} true
2024/03/04 21:09:00 Order 2 finish Map
2024/03/04 21:09:00 Coordinator work
2024/03/04 21:09:00 Coordinator status 0
2024/03/04 21:09:01 Coordinator work
2024/03/04 21:09:01 Coordinator status 0
2024/03/04 21:09:01 IsDone &{0 2024-03-04 21:09:01.244775838 +0800 CST m=+3.959121877 0xc00007dfb0} true
2024/03/04 21:09:01 Order 5 finish Map
2024/03/04 21:09:02 IsDone &{0 2024-03-04 21:09:00.164405572 +0800 CST m=+2.878751609 0xc00007de90} true
2024/03/04 21:09:02 Order 3 finish Map
2024/03/04 21:09:02 Coordinator work
2024/03/04 21:09:02 Coordinator status 0
2024/03/04 21:09:02 IsDone &{0 2024-03-04 21:09:00.950402173 +0800 CST m=+3.664748210 0xc00007df20} true
2024/03/04 21:09:02 Order 4 finish Map
2024/03/04 21:09:03 Coordinator work
2024/03/04 21:09:03 Coordinator status 0
2024/03/04 21:09:03 Coordinator work
2024/03/04 21:09:03 Coordinator status 0
2024/03/04 21:09:03 Map: 6 done vs. 2 working, Reduce 0 done vs. 0 working
2024/03/04 21:09:04 IsDone &{0 2024-03-04 21:09:03.110065946 +0800 CST m=+5.824411983 0xc0001620f0} true
2024/03/04 21:09:04 Order 7 finish Map
2024/03/04 21:09:04 IsDone &{0 2024-03-04 21:09:02.913513919 +0800 CST m=+5.627859956 0xc000162060} true
2024/03/04 21:09:04 Order 6 finish Map
2024/03/04 21:09:05 Coordinator work
2024/03/04 21:09:05 Coordinator status 0
2024/03/04 21:09:05 Map: 8 done vs. 0 working, Reduce 0 done vs. 0 working
2024/03/04 21:09:05 forward: forward to Reuce Phase
2024/03/04 21:09:05 making reduce order : 8
2024/03/04 21:09:05 making reduce order : 9
2024/03/04 21:09:05 making reduce order : 10
2024/03/04 21:09:05 making reduce order : 11
2024/03/04 21:09:05 making reduce order : 12
2024/03/04 21:09:05 making reduce order : 13
2024/03/04 21:09:05 making reduce order : 14
2024/03/04 21:09:05 making reduce order : 15
2024/03/04 21:09:05 making reduce order : 16
2024/03/04 21:09:05 making reduce order : 17
2024/03/04 21:09:05 done with make reduce order
2024/03/04 21:09:05 Map: 8 done vs. 0 working, Reduce 0 done vs. 10 working
2024/03/04 21:09:05 Coordinator work
2024/03/04 21:09:05 Coordinator status 1
2024/03/04 21:09:05 Coordinator work
2024/03/04 21:09:05 Coordinator status 1
2024/03/04 21:09:06 Order 8 finish Reduce
2024/03/04 21:09:06 Order 9 finish Reduce
2024/03/04 21:09:07 Coordinator work
2024/03/04 21:09:07 Coordinator status 1
2024/03/04 21:09:07 Coordinator work
2024/03/04 21:09:07 Coordinator status 1
2024/03/04 21:09:07 Coordinator work
2024/03/04 21:09:07 Coordinator status 1
2024/03/04 21:09:08 Order 11 finish Reduce
2024/03/04 21:09:08 Order 12 finish Reduce
2024/03/04 21:09:08 Order 10 finish Reduce
2024/03/04 21:09:09 Coordinator work
2024/03/04 21:09:09 Coordinator status 1
2024/03/04 21:09:09 Coordinator work
2024/03/04 21:09:09 Coordinator status 1
2024/03/04 21:09:09 Order 13 finish Reduce
2024/03/04 21:09:09 Coordinator work
2024/03/04 21:09:09 Coordinator status 1
2024/03/04 21:09:10 Order 15 finish Reduce
2024/03/04 21:09:10 Coordinator work
2024/03/04 21:09:10 Coordinator status 1
2024/03/04 21:09:11 Order 14 finish Reduce
2024/03/04 21:09:11 Coordinator work
2024/03/04 21:09:11 Coordinator status 1
2024/03/04 21:09:11 Order 16 finish Reduce
2024/03/04 21:09:12 Coordinator work
2024/03/04 21:09:12 Coordinator status 1
2024/03/04 21:09:12 Map: 8 done vs. 0 working, Reduce 9 done vs. 1 working
2024/03/04 21:09:12 Order 17 finish Reduce
2024/03/04 21:09:12 Coordinator work
2024/03/04 21:09:12 Coordinator status 1
2024/03/04 21:09:12 Map: 8 done vs. 0 working, Reduce 10 done vs. 0 working
2024/03/04 21:09:12 forward: forward to done phase
2024/03/04 21:09:13 Coordinator work
2024/03/04 21:09:13 Coordinator status 2
2024/03/04 21:09:14 Coordinator work
2024/03/04 21:09:14 Coordinator status 2
