2024/03/05 13:05:22 making map order &{0 [../pg-being_ernest.txt] 0 10}
2024/03/05 13:05:22 making map order &{0 [../pg-dorian_gray.txt] 1 10}
2024/03/05 13:05:22 making map order &{0 [../pg-frankenstein.txt] 2 10}
2024/03/05 13:05:22 making map order &{0 [../pg-grimm.txt] 3 10}
2024/03/05 13:05:22 making map order &{0 [../pg-huckleberry_finn.txt] 4 10}
2024/03/05 13:05:22 making map order &{0 [../pg-metamorphosis.txt] 5 10}
2024/03/05 13:05:22 making map order &{0 [../pg-sherlock_holmes.txt] 6 10}
2024/03/05 13:05:22 making map order &{0 [../pg-tom_sawyer.txt] 7 10}
2024/03/05 13:05:22 done with make map order
2024/03/05 13:05:22 Map: 0 done vs. 8 working, Reduce 0 done vs. 0 working
2024/03/05 13:05:23 Coordinator work
2024/03/05 13:05:23 Coordinator status 0
2024/03/05 13:05:23 Coordinator work
2024/03/05 13:05:23 Coordinator status 0
2024/03/05 13:05:23 IsDone &{0 2024-03-05 13:05:23.81978712 +0800 CST m=+1.051968357 0xc000074240} true
2024/03/05 13:05:23 Order 0 finish Map
2024/03/05 13:05:23 IsDone &{0 2024-03-05 13:05:23.821007208 +0800 CST m=+1.053188445 0xc0000742d0} true
2024/03/05 13:05:23 Order 1 finish Map
2024/03/05 13:05:24 Coordinator work
2024/03/05 13:05:24 Coordinator status 0
2024/03/05 13:05:24 Coordinator work
2024/03/05 13:05:24 Coordinator status 0
2024/03/05 13:05:24 IsDone &{0 2024-03-05 13:05:24.833855931 +0800 CST m=+2.066037173 0xc000074360} true
2024/03/05 13:05:24 Order 2 finish Map
2024/03/05 13:05:24 IsDone &{0 2024-03-05 13:05:24.838922122 +0800 CST m=+2.071103365 0xc0000743f0} true
2024/03/05 13:05:24 Order 3 finish Map
2024/03/05 13:05:25 Coordinator work
2024/03/05 13:05:25 Coordinator status 0
2024/03/05 13:05:25 Coordinator work
2024/03/05 13:05:25 Coordinator status 0
2024/03/05 13:05:25 IsDone &{0 2024-03-05 13:05:25.859582399 +0800 CST m=+3.091763639 0xc000074510} true
2024/03/05 13:05:25 Order 5 finish Map
2024/03/05 13:05:25 IsDone &{0 2024-03-05 13:05:25.851438522 +0800 CST m=+3.083619765 0xc000074480} true
2024/03/05 13:05:25 Order 4 finish Map
2024/03/05 13:05:26 Coordinator work
2024/03/05 13:05:26 Coordinator status 0
2024/03/05 13:05:26 Coordinator work
2024/03/05 13:05:26 Coordinator status 0
2024/03/05 13:05:26 IsDone &{0 2024-03-05 13:05:26.870239632 +0800 CST m=+4.102420873 0xc0000745a0} true
2024/03/05 13:05:26 Order 6 finish Map
2024/03/05 13:05:26 IsDone &{0 2024-03-05 13:05:26.878227919 +0800 CST m=+4.110409162 0xc000074630} true
2024/03/05 13:05:26 Order 7 finish Map
2024/03/05 13:05:27 Coordinator work
2024/03/05 13:05:27 Coordinator status 0
2024/03/05 13:05:27 Map: 8 done vs. 0 working, Reduce 0 done vs. 0 working
2024/03/05 13:05:27 forward: forward to Reuce Phase
2024/03/05 13:05:27 making reduce order : 8
2024/03/05 13:05:27 making reduce order : 9
2024/03/05 13:05:27 making reduce order : 10
2024/03/05 13:05:27 making reduce order : 11
2024/03/05 13:05:27 making reduce order : 12
2024/03/05 13:05:27 making reduce order : 13
2024/03/05 13:05:27 making reduce order : 14
2024/03/05 13:05:27 Coordinator work
2024/03/05 13:05:27 making reduce order : 15
2024/03/05 13:05:27 making reduce order : 16
2024/03/05 13:05:27 making reduce order : 17
2024/03/05 13:05:27 done with make reduce order
2024/03/05 13:05:27 Map: 8 done vs. 0 working, Reduce 0 done vs. 10 working
2024/03/05 13:05:27 Coordinator status 1
2024/03/05 13:05:28 Order 8 finish Reduce
2024/03/05 13:05:29 Coordinator work
2024/03/05 13:05:29 Coordinator status 1
2024/03/05 13:05:29 Coordinator work
2024/03/05 13:05:29 Coordinator status 1
2024/03/05 13:05:30 Order 9 finish Reduce
2024/03/05 13:05:30 Order 10 finish Reduce
2024/03/05 13:05:31 Coordinator work
2024/03/05 13:05:31 Coordinator status 1
2024/03/05 13:05:31 Coordinator work
2024/03/05 13:05:31 Coordinator status 1
2024/03/05 13:05:33 Order 11 finish Reduce
2024/03/05 13:05:33 Order 12 finish Reduce
2024/03/05 13:05:34 Coordinator work
2024/03/05 13:05:34 Coordinator status 1
2024/03/05 13:05:34 Coordinator work
2024/03/05 13:05:34 Coordinator status 1
2024/03/05 13:05:35 Order 13 finish Reduce
2024/03/05 13:05:35 Order 14 finish Reduce
2024/03/05 13:05:36 Coordinator work
2024/03/05 13:05:36 Coordinator status 1
2024/03/05 13:05:36 Order 15 finish Reduce
2024/03/05 13:05:36 Coordinator work
2024/03/05 13:05:36 Coordinator status 1
2024/03/05 13:05:36 Order 16 finish Reduce
2024/03/05 13:05:37 Coordinator work
2024/03/05 13:05:37 Coordinator status 1
2024/03/05 13:05:37 Coordinator work
2024/03/05 13:05:37 Coordinator status 1
2024/03/05 13:05:37 Map: 8 done vs. 0 working, Reduce 9 done vs. 1 working
2024/03/05 13:05:38 Order 17 finish Reduce
2024/03/05 13:05:39 Coordinator work
2024/03/05 13:05:39 Coordinator status 1
2024/03/05 13:05:39 Map: 8 done vs. 0 working, Reduce 10 done vs. 0 working
2024/03/05 13:05:39 forward: forward to done phase
2024/03/05 13:05:39 Coordinator work
2024/03/05 13:05:39 Coordinator status 2
