2024/03/05 09:14:43 making map order &{0 [../pg-being_ernest.txt] 0 10}
2024/03/05 09:14:43 making map order &{0 [../pg-dorian_gray.txt] 1 10}
2024/03/05 09:14:43 making map order &{0 [../pg-frankenstein.txt] 2 10}
2024/03/05 09:14:43 making map order &{0 [../pg-grimm.txt] 3 10}
2024/03/05 09:14:43 making map order &{0 [../pg-huckleberry_finn.txt] 4 10}
2024/03/05 09:14:43 making map order &{0 [../pg-metamorphosis.txt] 5 10}
2024/03/05 09:14:43 making map order &{0 [../pg-sherlock_holmes.txt] 6 10}
2024/03/05 09:14:43 making map order &{0 [../pg-tom_sawyer.txt] 7 10}
2024/03/05 09:14:43 done with make map order
2024/03/05 09:14:43 Map: 0 done vs. 8 working, Reduce 0 done vs. 0 working
2024/03/05 09:14:44 Coordinator work
2024/03/05 09:14:44 Coordinator status 0
2024/03/05 09:14:44 Coordinator work
2024/03/05 09:14:44 Coordinator status 0
2024/03/05 09:14:44 Coordinator work
2024/03/05 09:14:44 Coordinator status 0
2024/03/05 09:14:45 IsDone &{0 2024-03-05 09:14:44.279251756 +0800 CST m=+1.025937683 0xc0000a3e30} true
2024/03/05 09:14:45 Order 0 finish Map
2024/03/05 09:14:45 IsDone &{0 2024-03-05 09:14:44.282763914 +0800 CST m=+1.029449845 0xc0000a3ec0} true
2024/03/05 09:14:45 Order 1 finish Map
2024/03/05 09:14:46 Coordinator work
2024/03/05 09:14:46 Coordinator status 0
2024/03/05 09:14:46 IsDone &{0 2024-03-05 09:14:44.29107919 +0800 CST m=+1.037765118 0xc0000a3f50} true
2024/03/05 09:14:46 Order 2 finish Map
2024/03/05 09:14:46 Coordinator work
2024/03/05 09:14:46 Coordinator status 0
2024/03/05 09:14:47 Coordinator work
2024/03/05 09:14:47 Coordinator status 0
2024/03/05 09:14:47 IsDone &{0 2024-03-05 09:14:47.075534652 +0800 CST m=+3.822220581 0xc00011c120} true
2024/03/05 09:14:47 Order 5 finish Map
2024/03/05 09:14:47 IsDone &{0 2024-03-05 09:14:46.052795698 +0800 CST m=+2.799481626 0xc00011c000} true
2024/03/05 09:14:47 Order 3 finish Map
2024/03/05 09:14:48 Coordinator work
2024/03/05 09:14:48 Coordinator status 0
2024/03/05 09:14:48 Coordinator work
2024/03/05 09:14:48 Coordinator status 0
2024/03/05 09:14:49 IsDone &{0 2024-03-05 09:14:46.915760066 +0800 CST m=+3.662445995 0xc00011c090} true
2024/03/05 09:14:49 Order 4 finish Map
2024/03/05 09:14:50 Coordinator work
2024/03/05 09:14:50 Coordinator status 0
2024/03/05 09:14:50 Map: 6 done vs. 2 working, Reduce 0 done vs. 0 working
2024/03/05 09:14:50 IsDone &{0 2024-03-05 09:14:48.889742066 +0800 CST m=+5.636427995 0xc00011c240} true
2024/03/05 09:14:50 Order 7 finish Map
2024/03/05 09:14:50 IsDone &{0 2024-03-05 09:14:48.662075081 +0800 CST m=+5.408761009 0xc00011c1b0} true
2024/03/05 09:14:50 Order 6 finish Map
2024/03/05 09:14:51 Coordinator work
2024/03/05 09:14:51 Coordinator status 0
2024/03/05 09:14:51 Map: 8 done vs. 0 working, Reduce 0 done vs. 0 working
2024/03/05 09:14:51 forward: forward to Reuce Phase
2024/03/05 09:14:51 making reduce order : 8
2024/03/05 09:14:51 making reduce order : 9
2024/03/05 09:14:51 making reduce order : 10
2024/03/05 09:14:51 making reduce order : 11
2024/03/05 09:14:51 making reduce order : 12
2024/03/05 09:14:51 making reduce order : 13
2024/03/05 09:14:51 making reduce order : 14
2024/03/05 09:14:51 making reduce order : 15
2024/03/05 09:14:51 making reduce order : 16
2024/03/05 09:14:51 making reduce order : 17
2024/03/05 09:14:51 done with make reduce order
2024/03/05 09:14:51 Map: 8 done vs. 0 working, Reduce 0 done vs. 10 working
2024/03/05 09:14:51 Coordinator work
2024/03/05 09:14:51 Coordinator status 1
2024/03/05 09:14:51 Order 8 finish Reduce
2024/03/05 09:14:52 Coordinator work
2024/03/05 09:14:52 Coordinator status 1
2024/03/05 09:14:52 Order 9 finish Reduce
2024/03/05 09:14:52 Coordinator work
2024/03/05 09:14:52 Coordinator status 1
2024/03/05 09:14:53 Coordinator work
2024/03/05 09:14:53 Coordinator status 1
2024/03/05 09:14:53 Coordinator work
2024/03/05 09:14:53 Coordinator status 1
2024/03/05 09:14:54 Order 11 finish Reduce
2024/03/05 09:14:54 Order 10 finish Reduce
2024/03/05 09:14:54 Order 12 finish Reduce
2024/03/05 09:14:55 Coordinator work
2024/03/05 09:14:55 Coordinator status 1
2024/03/05 09:14:55 Coordinator work
2024/03/05 09:14:55 Coordinator status 1
2024/03/05 09:14:55 Order 13 finish Reduce
2024/03/05 09:14:55 Coordinator work
2024/03/05 09:14:55 Coordinator status 1
2024/03/05 09:14:56 Order 15 finish Reduce
2024/03/05 09:14:56 Coordinator work
2024/03/05 09:14:56 Coordinator status 1
2024/03/05 09:14:56 Order 14 finish Reduce
2024/03/05 09:14:57 Coordinator work
2024/03/05 09:14:57 Coordinator status 1
2024/03/05 09:14:57 Order 16 finish Reduce
2024/03/05 09:14:57 Coordinator work
2024/03/05 09:14:57 Coordinator status 1
2024/03/05 09:14:57 Map: 8 done vs. 0 working, Reduce 9 done vs. 1 working
2024/03/05 09:14:58 Order 17 finish Reduce
2024/03/05 09:14:58 Coordinator work
2024/03/05 09:14:58 Coordinator status 1
2024/03/05 09:14:58 Map: 8 done vs. 0 working, Reduce 10 done vs. 0 working
2024/03/05 09:14:58 forward: forward to done phase
2024/03/05 09:14:59 Coordinator work
2024/03/05 09:14:59 Coordinator status 2
2024/03/05 09:14:59 Coordinator work
2024/03/05 09:14:59 Coordinator status 2
