2024/03/04 23:14:50 making map order &{0 [../pg-being_ernest.txt] 0 10}
2024/03/04 23:14:50 making map order &{0 [../pg-dorian_gray.txt] 1 10}
2024/03/04 23:14:50 making map order &{0 [../pg-frankenstein.txt] 2 10}
2024/03/04 23:14:50 making map order &{0 [../pg-grimm.txt] 3 10}
2024/03/04 23:14:50 making map order &{0 [../pg-huckleberry_finn.txt] 4 10}
2024/03/04 23:14:50 making map order &{0 [../pg-metamorphosis.txt] 5 10}
2024/03/04 23:14:50 making map order &{0 [../pg-sherlock_holmes.txt] 6 10}
2024/03/04 23:14:50 making map order &{0 [../pg-tom_sawyer.txt] 7 10}
2024/03/04 23:14:50 done with make map order
2024/03/04 23:14:50 Map: 0 done vs. 8 working, Reduce 0 done vs. 0 working
2024/03/04 23:14:51 Coordinator work
2024/03/04 23:14:51 Coordinator status 0
2024/03/04 23:14:51 Coordinator work
2024/03/04 23:14:51 Coordinator status 0
2024/03/04 23:14:51 IsDone &{0 2024-03-04 23:14:51.472653744 +0800 CST m=+1.014411503 0xc00007e060} true
2024/03/04 23:14:51 Order 0 finish Map
2024/03/04 23:14:51 IsDone &{0 2024-03-04 23:14:51.475621631 +0800 CST m=+1.017379390 0xc00007e0f0} true
2024/03/04 23:14:51 Order 1 finish Map
2024/03/04 23:14:52 Coordinator work
2024/03/04 23:14:52 Coordinator status 0
2024/03/04 23:14:52 Coordinator work
2024/03/04 23:14:52 Coordinator status 0
2024/03/04 23:14:52 IsDone &{0 2024-03-04 23:14:52.592445682 +0800 CST m=+2.134203438 0xc00007e180} true
2024/03/04 23:14:52 Order 2 finish Map
2024/03/04 23:14:52 IsDone &{0 2024-03-04 23:14:52.744772025 +0800 CST m=+2.286529781 0xc00007e210} true
2024/03/04 23:14:52 Order 3 finish Map
2024/03/04 23:14:53 Coordinator work
2024/03/04 23:14:53 Coordinator status 0
2024/03/04 23:14:53 Coordinator work
2024/03/04 23:14:53 Coordinator status 0
2024/03/04 23:14:54 IsDone &{0 2024-03-04 23:14:53.928681113 +0800 CST m=+3.470438866 0xc00007e330} true
2024/03/04 23:14:54 Order 5 finish Map
2024/03/04 23:14:54 IsDone &{0 2024-03-04 23:14:53.795820866 +0800 CST m=+3.337578621 0xc00007e2a0} true
2024/03/04 23:14:54 Order 4 finish Map
2024/03/04 23:14:55 Coordinator work
2024/03/04 23:14:55 Coordinator status 0
2024/03/04 23:14:55 Coordinator work
2024/03/04 23:14:55 Coordinator status 0
2024/03/04 23:14:55 IsDone &{0 2024-03-04 23:14:55.045439902 +0800 CST m=+4.587197655 0xc00007e450} true
2024/03/04 23:14:55 Order 7 finish Map
2024/03/04 23:14:55 IsDone &{0 2024-03-04 23:14:55.042050072 +0800 CST m=+4.583807822 0xc00007e3c0} true
2024/03/04 23:14:55 Order 6 finish Map
2024/03/04 23:14:56 Coordinator work
2024/03/04 23:14:56 Coordinator status 0
2024/03/04 23:14:56 Map: 8 done vs. 0 working, Reduce 0 done vs. 0 working
2024/03/04 23:14:56 forward: forward to Reuce Phase
2024/03/04 23:14:56 making reduce order : 8
2024/03/04 23:14:56 making reduce order : 9
2024/03/04 23:14:56 making reduce order : 10
2024/03/04 23:14:56 making reduce order : 11
2024/03/04 23:14:56 making reduce order : 12
2024/03/04 23:14:56 making reduce order : 13
2024/03/04 23:14:56 making reduce order : 14
2024/03/04 23:14:56 making reduce order : 15
2024/03/04 23:14:56 making reduce order : 16
2024/03/04 23:14:56 making reduce order : 17
2024/03/04 23:14:56 done with make reduce order
2024/03/04 23:14:56 Map: 8 done vs. 0 working, Reduce 0 done vs. 10 working
2024/03/04 23:14:56 Coordinator work
2024/03/04 23:14:56 Coordinator status 1
2024/03/04 23:14:56 Order 8 finish Reduce
2024/03/04 23:14:57 Coordinator work
2024/03/04 23:14:57 Coordinator status 1
2024/03/04 23:14:57 Order 9 finish Reduce
2024/03/04 23:14:58 Coordinator work
2024/03/04 23:14:58 Coordinator status 1
2024/03/04 23:14:58 Order 10 finish Reduce
2024/03/04 23:14:58 Coordinator work
2024/03/04 23:14:58 Coordinator status 1
2024/03/04 23:14:58 Order 11 finish Reduce
2024/03/04 23:14:59 Coordinator work
2024/03/04 23:14:59 Coordinator status 1
2024/03/04 23:14:59 Order 12 finish Reduce
2024/03/04 23:14:59 Coordinator work
2024/03/04 23:14:59 Coordinator status 1
2024/03/04 23:14:59 Order 13 finish Reduce
2024/03/04 23:15:00 Coordinator work
2024/03/04 23:15:00 Coordinator status 1
2024/03/04 23:15:00 Order 14 finish Reduce
2024/03/04 23:15:00 Coordinator work
2024/03/04 23:15:00 Coordinator status 1
2024/03/04 23:15:00 Order 15 finish Reduce
2024/03/04 23:15:01 Coordinator work
2024/03/04 23:15:01 Coordinator status 1
2024/03/04 23:15:01 Order 16 finish Reduce
2024/03/04 23:15:01 Coordinator work
2024/03/04 23:15:01 Coordinator status 1
2024/03/04 23:15:02 Order 17 finish Reduce
2024/03/04 23:15:02 Coordinator work
2024/03/04 23:15:02 Coordinator status 1
2024/03/04 23:15:02 Map: 8 done vs. 0 working, Reduce 10 done vs. 0 working
2024/03/04 23:15:02 forward: forward to done phase
2024/03/04 23:15:03 Coordinator work
2024/03/04 23:15:03 Coordinator status 2
