2024/03/05 04:16:38 making map order &{0 [../pg-being_ernest.txt] 0 10}
2024/03/05 04:16:38 making map order &{0 [../pg-dorian_gray.txt] 1 10}
2024/03/05 04:16:38 making map order &{0 [../pg-frankenstein.txt] 2 10}
2024/03/05 04:16:38 making map order &{0 [../pg-grimm.txt] 3 10}
2024/03/05 04:16:38 making map order &{0 [../pg-huckleberry_finn.txt] 4 10}
2024/03/05 04:16:38 making map order &{0 [../pg-metamorphosis.txt] 5 10}
2024/03/05 04:16:38 making map order &{0 [../pg-sherlock_holmes.txt] 6 10}
2024/03/05 04:16:38 making map order &{0 [../pg-tom_sawyer.txt] 7 10}
2024/03/05 04:16:38 done with make map order
2024/03/05 04:16:38 Map: 0 done vs. 8 working, Reduce 0 done vs. 0 working
2024/03/05 04:16:39 Coordinator work
2024/03/05 04:16:39 Coordinator status 0
2024/03/05 04:16:39 Coordinator work
2024/03/05 04:16:39 Coordinator status 0
2024/03/05 04:16:39 IsDone &{0 2024-03-05 04:16:39.635754693 +0800 CST m=+1.014740207 0xc00007de90} true
2024/03/05 04:16:39 Order 0 finish Map
2024/03/05 04:16:39 IsDone &{0 2024-03-05 04:16:39.63824453 +0800 CST m=+1.017230011 0xc00007df20} true
2024/03/05 04:16:39 Order 1 finish Map
2024/03/05 04:16:40 Coordinator work
2024/03/05 04:16:40 Coordinator status 0
2024/03/05 04:16:40 Coordinator work
2024/03/05 04:16:40 Coordinator status 0
2024/03/05 04:16:40 IsDone &{0 2024-03-05 04:16:40.738644597 +0800 CST m=+2.117630077 0xc00007dfb0} true
2024/03/05 04:16:40 Order 2 finish Map
2024/03/05 04:16:41 IsDone &{0 2024-03-05 04:16:40.856999246 +0800 CST m=+2.235984730 0xc000174060} true
2024/03/05 04:16:41 Order 3 finish Map
2024/03/05 04:16:41 Coordinator work
2024/03/05 04:16:41 Coordinator status 0
2024/03/05 04:16:42 Coordinator work
2024/03/05 04:16:42 Coordinator status 0
2024/03/05 04:16:42 IsDone &{0 2024-03-05 04:16:42.092451911 +0800 CST m=+3.471437392 0xc000174180} true
2024/03/05 04:16:42 Order 5 finish Map
2024/03/05 04:16:42 IsDone &{0 2024-03-05 04:16:41.968886003 +0800 CST m=+3.347871484 0xc0001740f0} true
2024/03/05 04:16:42 Order 4 finish Map
2024/03/05 04:16:43 Coordinator work
2024/03/05 04:16:43 Coordinator status 0
2024/03/05 04:16:43 Coordinator work
2024/03/05 04:16:43 Coordinator status 0
2024/03/05 04:16:43 IsDone &{0 2024-03-05 04:16:43.182167095 +0800 CST m=+4.561152602 0xc000174210} true
2024/03/05 04:16:43 Order 6 finish Map
2024/03/05 04:16:43 IsDone &{0 2024-03-05 04:16:43.23907562 +0800 CST m=+4.618061104 0xc0001742a0} true
2024/03/05 04:16:43 Order 7 finish Map
2024/03/05 04:16:44 Coordinator work
2024/03/05 04:16:44 Coordinator status 0
2024/03/05 04:16:44 Map: 8 done vs. 0 working, Reduce 0 done vs. 0 working
2024/03/05 04:16:44 forward: forward to Reuce Phase
2024/03/05 04:16:44 making reduce order : 8
2024/03/05 04:16:44 making reduce order : 9
2024/03/05 04:16:44 making reduce order : 10
2024/03/05 04:16:44 making reduce order : 11
2024/03/05 04:16:44 making reduce order : 12
2024/03/05 04:16:44 making reduce order : 13
2024/03/05 04:16:44 making reduce order : 14
2024/03/05 04:16:44 making reduce order : 15
2024/03/05 04:16:44 making reduce order : 16
2024/03/05 04:16:44 making reduce order : 17
2024/03/05 04:16:44 done with make reduce order
2024/03/05 04:16:44 Map: 8 done vs. 0 working, Reduce 0 done vs. 10 working
2024/03/05 04:16:44 Coordinator work
2024/03/05 04:16:44 Coordinator status 1
2024/03/05 04:16:44 Order 8 finish Reduce
2024/03/05 04:16:45 Coordinator work
2024/03/05 04:16:45 Coordinator status 1
2024/03/05 04:16:45 Order 9 finish Reduce
2024/03/05 04:16:46 Coordinator work
2024/03/05 04:16:46 Coordinator status 1
2024/03/05 04:16:46 Order 10 finish Reduce
2024/03/05 04:16:46 Coordinator work
2024/03/05 04:16:46 Coordinator status 1
2024/03/05 04:16:46 Order 11 finish Reduce
2024/03/05 04:16:47 Coordinator work
2024/03/05 04:16:47 Coordinator status 1
2024/03/05 04:16:47 Order 12 finish Reduce
2024/03/05 04:16:47 Coordinator work
2024/03/05 04:16:47 Coordinator status 1
2024/03/05 04:16:47 Order 13 finish Reduce
2024/03/05 04:16:48 Coordinator work
2024/03/05 04:16:48 Coordinator status 1
2024/03/05 04:16:48 Order 14 finish Reduce
2024/03/05 04:16:48 Coordinator work
2024/03/05 04:16:48 Coordinator status 1
2024/03/05 04:16:49 Order 15 finish Reduce
2024/03/05 04:16:49 Coordinator work
2024/03/05 04:16:49 Coordinator status 1
2024/03/05 04:16:49 Order 16 finish Reduce
2024/03/05 04:16:50 Coordinator work
2024/03/05 04:16:50 Coordinator status 1
2024/03/05 04:16:50 Order 17 finish Reduce
2024/03/05 04:16:50 Coordinator work
2024/03/05 04:16:50 Coordinator status 1
2024/03/05 04:16:50 Map: 8 done vs. 0 working, Reduce 10 done vs. 0 working
2024/03/05 04:16:50 forward: forward to done phase
2024/03/05 04:16:51 Coordinator work
2024/03/05 04:16:51 Coordinator status 2
