2024/03/05 07:06:19 making map order &{0 [../pg-being_ernest.txt] 0 10}
2024/03/05 07:06:19 making map order &{0 [../pg-dorian_gray.txt] 1 10}
2024/03/05 07:06:19 making map order &{0 [../pg-frankenstein.txt] 2 10}
2024/03/05 07:06:19 making map order &{0 [../pg-grimm.txt] 3 10}
2024/03/05 07:06:19 making map order &{0 [../pg-huckleberry_finn.txt] 4 10}
2024/03/05 07:06:19 making map order &{0 [../pg-metamorphosis.txt] 5 10}
2024/03/05 07:06:19 making map order &{0 [../pg-sherlock_holmes.txt] 6 10}
2024/03/05 07:06:19 making map order &{0 [../pg-tom_sawyer.txt] 7 10}
2024/03/05 07:06:19 done with make map order
2024/03/05 07:06:19 Map: 0 done vs. 8 working, Reduce 0 done vs. 0 working
2024/03/05 07:06:20 Coordinator work
2024/03/05 07:06:20 Coordinator status 0
2024/03/05 07:06:20 Coordinator work
2024/03/05 07:06:20 Coordinator status 0
2024/03/05 07:06:20 IsDone &{0 2024-03-05 07:06:20.92549454 +0800 CST m=+1.030702636 0xc000074360} true
2024/03/05 07:06:20 Order 0 finish Map
2024/03/05 07:06:20 Coordinator work
2024/03/05 07:06:20 Coordinator status 0
2024/03/05 07:06:20 IsDone &{0 2024-03-05 07:06:20.937237674 +0800 CST m=+1.042445773 0xc000074480} true
2024/03/05 07:06:20 Order 2 finish Map
2024/03/05 07:06:20 IsDone &{0 2024-03-05 07:06:20.932141824 +0800 CST m=+1.037349923 0xc0000743f0} true
2024/03/05 07:06:20 Order 1 finish Map
2024/03/05 07:06:21 Coordinator work
2024/03/05 07:06:21 Coordinator status 0
2024/03/05 07:06:21 IsDone &{0 2024-03-05 07:06:21.937397848 +0800 CST m=+2.042605943 0xc000074510} true
2024/03/05 07:06:21 Order 3 finish Map
2024/03/05 07:06:21 Coordinator work
2024/03/05 07:06:21 Coordinator status 0
2024/03/05 07:06:21 Coordinator work
2024/03/05 07:06:21 Coordinator status 0
2024/03/05 07:06:21 IsDone &{0 2024-03-05 07:06:21.968137698 +0800 CST m=+2.073345796 0xc000074630} true
2024/03/05 07:06:21 Order 5 finish Map
2024/03/05 07:06:21 IsDone &{0 2024-03-05 07:06:21.955958546 +0800 CST m=+2.061166644 0xc0000745a0} true
2024/03/05 07:06:21 Order 4 finish Map
2024/03/05 07:06:22 Coordinator work
2024/03/05 07:06:22 Coordinator status 0
2024/03/05 07:06:22 IsDone &{0 2024-03-05 07:06:22.956835359 +0800 CST m=+3.062043457 0xc0000746c0} true
2024/03/05 07:06:22 Order 6 finish Map
2024/03/05 07:06:22 Coordinator work
2024/03/05 07:06:22 Coordinator status 0
2024/03/05 07:06:22 Coordinator work
2024/03/05 07:06:22 Coordinator status 0
2024/03/05 07:06:22 Map: 7 done vs. 1 working, Reduce 0 done vs. 0 working
2024/03/05 07:06:22 IsDone &{0 2024-03-05 07:06:22.976710921 +0800 CST m=+3.081919020 0xc000074750} true
2024/03/05 07:06:22 Order 7 finish Map
2024/03/05 07:06:23 Coordinator work
2024/03/05 07:06:23 Coordinator status 0
2024/03/05 07:06:23 Map: 8 done vs. 0 working, Reduce 0 done vs. 0 working
2024/03/05 07:06:23 forward: forward to Reuce Phase
2024/03/05 07:06:23 making reduce order : 8
2024/03/05 07:06:23 making reduce order : 9
2024/03/05 07:06:23 making reduce order : 10
2024/03/05 07:06:23 making reduce order : 11
2024/03/05 07:06:23 making reduce order : 12
2024/03/05 07:06:23 making reduce order : 13
2024/03/05 07:06:23 making reduce order : 14
2024/03/05 07:06:23 making reduce order : 15
2024/03/05 07:06:23 making reduce order : 16
2024/03/05 07:06:23 making reduce order : 17
2024/03/05 07:06:23 done with make reduce order
2024/03/05 07:06:23 Map: 8 done vs. 0 working, Reduce 0 done vs. 10 working
2024/03/05 07:06:23 Coordinator work
2024/03/05 07:06:23 Coordinator status 1
2024/03/05 07:06:23 Order 8 finish Reduce
2024/03/05 07:06:24 Coordinator work
2024/03/05 07:06:24 Coordinator status 1
2024/03/05 07:06:24 Order 9 finish Reduce
2024/03/05 07:06:24 Coordinator work
2024/03/05 07:06:24 Coordinator status 1
2024/03/05 07:06:25 Coordinator work
2024/03/05 07:06:25 Coordinator status 1
2024/03/05 07:06:25 Order 11 finish Reduce
2024/03/05 07:06:25 Coordinator work
2024/03/05 07:06:25 Coordinator status 1
2024/03/05 07:06:25 Order 12 finish Reduce
2024/03/05 07:06:26 Coordinator work
2024/03/05 07:06:26 Coordinator status 1
2024/03/05 07:06:26 Order 13 finish Reduce
2024/03/05 07:06:26 Coordinator work
2024/03/05 07:06:26 Coordinator status 1
2024/03/05 07:06:27 Coordinator work
2024/03/05 07:06:27 Coordinator status 1
2024/03/05 07:06:27 Order 15 finish Reduce
2024/03/05 07:06:27 Order 10 finish Reduce
2024/03/05 07:06:29 Coordinator work
2024/03/05 07:06:29 Coordinator status 1
2024/03/05 07:06:29 Coordinator work
2024/03/05 07:06:29 Coordinator status 1
2024/03/05 07:06:29 Order 17 finish Reduce
2024/03/05 07:06:29 Order 16 finish Reduce
2024/03/05 07:06:30 Order 14 finish Reduce
2024/03/05 07:06:30 Coordinator work
2024/03/05 07:06:30 Coordinator status 1
2024/03/05 07:06:30 Map: 8 done vs. 0 working, Reduce 10 done vs. 0 working
2024/03/05 07:06:30 forward: forward to done phase
2024/03/05 07:06:30 Coordinator work
2024/03/05 07:06:30 Coordinator status 2
2024/03/05 07:06:31 Coordinator work
2024/03/05 07:06:31 Coordinator status 2
