2024/03/05 11:19:29 making map order &{0 [../pg-being_ernest.txt] 0 10}
2024/03/05 11:19:29 making map order &{0 [../pg-dorian_gray.txt] 1 10}
2024/03/05 11:19:29 making map order &{0 [../pg-frankenstein.txt] 2 10}
2024/03/05 11:19:29 making map order &{0 [../pg-grimm.txt] 3 10}
2024/03/05 11:19:29 making map order &{0 [../pg-huckleberry_finn.txt] 4 10}
2024/03/05 11:19:29 making map order &{0 [../pg-metamorphosis.txt] 5 10}
2024/03/05 11:19:29 making map order &{0 [../pg-sherlock_holmes.txt] 6 10}
2024/03/05 11:19:29 making map order &{0 [../pg-tom_sawyer.txt] 7 10}
2024/03/05 11:19:29 done with make map order
2024/03/05 11:19:29 Map: 0 done vs. 8 working, Reduce 0 done vs. 0 working
2024/03/05 11:19:30 Coordinator work
2024/03/05 11:19:30 Coordinator status 0
2024/03/05 11:19:30 Coordinator work
2024/03/05 11:19:30 Coordinator status 0
2024/03/05 11:19:31 IsDone &{0 2024-03-05 11:19:30.111804716 +0800 CST m=+1.053709753 0xc0000720f0} true
2024/03/05 11:19:31 Order 0 finish Map
2024/03/05 11:19:31 IsDone &{0 2024-03-05 11:19:30.112515886 +0800 CST m=+1.054420919 0xc000072180} true
2024/03/05 11:19:31 Order 1 finish Map
2024/03/05 11:19:32 Coordinator work
2024/03/05 11:19:32 Coordinator status 0
2024/03/05 11:19:32 Coordinator work
2024/03/05 11:19:32 Coordinator status 0
2024/03/05 11:19:33 IsDone &{0 2024-03-05 11:19:32.137585058 +0800 CST m=+3.079490097 0xc0000722a0} true
2024/03/05 11:19:33 Order 3 finish Map
2024/03/05 11:19:33 IsDone &{0 2024-03-05 11:19:32.131390292 +0800 CST m=+3.073295330 0xc000072210} true
2024/03/05 11:19:33 Order 2 finish Map
2024/03/05 11:19:34 Coordinator work
2024/03/05 11:19:34 Coordinator status 0
2024/03/05 11:19:34 Coordinator work
2024/03/05 11:19:34 Coordinator status 0
2024/03/05 11:19:35 IsDone &{0 2024-03-05 11:19:34.160601992 +0800 CST m=+5.102507029 0xc0000723c0} true
2024/03/05 11:19:35 Order 5 finish Map
2024/03/05 11:19:35 IsDone &{0 2024-03-05 11:19:34.157196831 +0800 CST m=+5.099101869 0xc000072330} true
2024/03/05 11:19:35 Order 4 finish Map
2024/03/05 11:19:36 Coordinator work
2024/03/05 11:19:36 Coordinator status 0
2024/03/05 11:19:36 Coordinator work
2024/03/05 11:19:36 Coordinator status 0
2024/03/05 11:19:37 IsDone &{0 2024-03-05 11:19:36.184155457 +0800 CST m=+7.126060495 0xc0000724e0} true
2024/03/05 11:19:37 Order 7 finish Map
2024/03/05 11:19:37 IsDone &{0 2024-03-05 11:19:36.169482085 +0800 CST m=+7.111387118 0xc000072450} true
2024/03/05 11:19:37 Order 6 finish Map
2024/03/05 11:19:38 Coordinator work
2024/03/05 11:19:38 Coordinator status 0
2024/03/05 11:19:38 Map: 8 done vs. 0 working, Reduce 0 done vs. 0 working
2024/03/05 11:19:38 forward: forward to Reuce Phase
2024/03/05 11:19:38 making reduce order : 8
2024/03/05 11:19:38 Coordinator work
2024/03/05 11:19:38 making reduce order : 9
2024/03/05 11:19:38 making reduce order : 10
2024/03/05 11:19:38 making reduce order : 11
2024/03/05 11:19:38 making reduce order : 12
2024/03/05 11:19:38 making reduce order : 13
2024/03/05 11:19:38 making reduce order : 14
2024/03/05 11:19:38 making reduce order : 15
2024/03/05 11:19:38 making reduce order : 16
2024/03/05 11:19:38 making reduce order : 17
2024/03/05 11:19:38 done with make reduce order
2024/03/05 11:19:38 Map: 8 done vs. 0 working, Reduce 0 done vs. 10 working
2024/03/05 11:19:38 Coordinator status 1
2024/03/05 11:19:38 Order 8 finish Reduce
2024/03/05 11:19:39 Coordinator work
2024/03/05 11:19:39 Coordinator status 1
2024/03/05 11:19:39 Order 9 finish Reduce
2024/03/05 11:19:40 Coordinator work
2024/03/05 11:19:40 Coordinator status 1
2024/03/05 11:19:40 Order 10 finish Reduce
2024/03/05 11:19:40 Coordinator work
2024/03/05 11:19:40 Coordinator status 1
2024/03/05 11:19:40 Order 11 finish Reduce
2024/03/05 11:19:41 Coordinator work
2024/03/05 11:19:41 Coordinator status 1
2024/03/05 11:19:41 Order 12 finish Reduce
2024/03/05 11:19:41 Coordinator work
2024/03/05 11:19:41 Coordinator status 1
2024/03/05 11:19:41 Order 13 finish Reduce
2024/03/05 11:19:42 Coordinator work
2024/03/05 11:19:42 Coordinator status 1
2024/03/05 11:19:42 Order 14 finish Reduce
2024/03/05 11:19:42 Coordinator work
2024/03/05 11:19:42 Coordinator status 1
2024/03/05 11:19:42 Order 15 finish Reduce
2024/03/05 11:19:43 Coordinator work
2024/03/05 11:19:43 Coordinator status 1
2024/03/05 11:19:43 Order 16 finish Reduce
2024/03/05 11:19:43 Coordinator work
2024/03/05 11:19:43 Coordinator status 1
2024/03/05 11:19:43 Order 17 finish Reduce
2024/03/05 11:19:44 Coordinator work
2024/03/05 11:19:44 Coordinator status 1
2024/03/05 11:19:44 Map: 8 done vs. 0 working, Reduce 10 done vs. 0 working
2024/03/05 11:19:44 forward: forward to done phase
2024/03/05 11:19:44 Coordinator work
2024/03/05 11:19:44 Coordinator status 2
