2024/03/05 04:12:13 making map order &{0 [../pg-being_ernest.txt] 0 10}
2024/03/05 04:12:13 making map order &{0 [../pg-dorian_gray.txt] 1 10}
2024/03/05 04:12:13 making map order &{0 [../pg-frankenstein.txt] 2 10}
2024/03/05 04:12:13 making map order &{0 [../pg-grimm.txt] 3 10}
2024/03/05 04:12:13 making map order &{0 [../pg-huckleberry_finn.txt] 4 10}
2024/03/05 04:12:13 making map order &{0 [../pg-metamorphosis.txt] 5 10}
2024/03/05 04:12:13 making map order &{0 [../pg-sherlock_holmes.txt] 6 10}
2024/03/05 04:12:13 making map order &{0 [../pg-tom_sawyer.txt] 7 10}
2024/03/05 04:12:13 done with make map order
2024/03/05 04:12:13 Map: 0 done vs. 8 working, Reduce 0 done vs. 0 working
2024/03/05 04:12:14 Coordinator work
2024/03/05 04:12:14 Coordinator status 0
2024/03/05 04:12:14 Coordinator work
2024/03/05 04:12:14 Coordinator status 0
2024/03/05 04:12:18 IsDone &{0 2024-03-05 04:12:14.186312686 +0800 CST m=+1.027005095 0xc000072600} true
2024/03/05 04:12:18 Order 0 finish Map
2024/03/05 04:12:18 IsDone &{0 2024-03-05 04:12:14.187844038 +0800 CST m=+1.028536453 0xc000072690} true
2024/03/05 04:12:18 Order 1 finish Map
2024/03/05 04:12:19 Coordinator work
2024/03/05 04:12:19 Coordinator status 0
2024/03/05 04:12:19 Coordinator work
2024/03/05 04:12:19 Coordinator status 0
2024/03/05 04:12:23 IsDone &{0 2024-03-05 04:12:19.27940831 +0800 CST m=+6.120100728 0xc000072720} true
2024/03/05 04:12:23 Order 2 finish Map
2024/03/05 04:12:23 IsDone &{0 2024-03-05 04:12:19.28811997 +0800 CST m=+6.128812438 0xc0000727b0} true
2024/03/05 04:12:23 Order 3 finish Map
2024/03/05 04:12:24 Coordinator work
2024/03/05 04:12:24 Coordinator status 0
2024/03/05 04:12:24 Coordinator work
2024/03/05 04:12:24 Coordinator status 0
2024/03/05 04:12:28 IsDone &{0 2024-03-05 04:12:24.193003287 +0800 CST m=+11.033695695 0xc0000728d0} true
2024/03/05 04:12:28 Order 5 finish Map
2024/03/05 04:12:28 IsDone &{0 2024-03-05 04:12:24.190712191 +0800 CST m=+11.031404605 0xc000072840} true
2024/03/05 04:12:28 Order 4 finish Map
2024/03/05 04:12:29 Coordinator work
2024/03/05 04:12:29 Coordinator status 0
2024/03/05 04:12:29 Coordinator work
2024/03/05 04:12:29 Coordinator status 0
2024/03/05 04:12:31 IsDone &{0 2024-03-05 04:12:29.048753759 +0800 CST m=+15.889446174 0xc000072960} true
2024/03/05 04:12:31 Order 6 finish Map
2024/03/05 04:12:31 IsDone &{0 2024-03-05 04:12:29.06437207 +0800 CST m=+15.905064482 0xc0000729f0} true
2024/03/05 04:12:31 Order 7 finish Map
2024/03/05 04:12:32 Coordinator work
2024/03/05 04:12:32 Coordinator status 0
2024/03/05 04:12:32 Map: 8 done vs. 0 working, Reduce 0 done vs. 0 working
2024/03/05 04:12:32 forward: forward to Reuce Phase
2024/03/05 04:12:32 making reduce order : 8
2024/03/05 04:12:32 making reduce order : 9
2024/03/05 04:12:32 making reduce order : 10
2024/03/05 04:12:32 making reduce order : 11
2024/03/05 04:12:32 making reduce order : 12
2024/03/05 04:12:32 making reduce order : 13
2024/03/05 04:12:32 making reduce order : 14
2024/03/05 04:12:32 making reduce order : 15
2024/03/05 04:12:32 making reduce order : 16
2024/03/05 04:12:32 making reduce order : 17
2024/03/05 04:12:32 done with make reduce order
2024/03/05 04:12:32 Map: 8 done vs. 0 working, Reduce 0 done vs. 10 working
2024/03/05 04:12:32 Coordinator work
2024/03/05 04:12:32 Coordinator status 1
2024/03/05 04:12:32 Order 8 finish Reduce
2024/03/05 04:12:33 Coordinator work
2024/03/05 04:12:33 Coordinator status 1
2024/03/05 04:12:33 Order 9 finish Reduce
2024/03/05 04:12:34 Coordinator work
2024/03/05 04:12:34 Coordinator status 1
2024/03/05 04:12:34 Order 10 finish Reduce
2024/03/05 04:12:34 Coordinator work
2024/03/05 04:12:34 Coordinator status 1
2024/03/05 04:12:34 Order 11 finish Reduce
2024/03/05 04:12:35 Coordinator work
2024/03/05 04:12:35 Coordinator status 1
2024/03/05 04:12:35 Order 12 finish Reduce
2024/03/05 04:12:35 Coordinator work
2024/03/05 04:12:35 Coordinator status 1
2024/03/05 04:12:35 Order 13 finish Reduce
2024/03/05 04:12:36 Coordinator work
2024/03/05 04:12:36 Coordinator status 1
2024/03/05 04:12:36 Order 14 finish Reduce
2024/03/05 04:12:36 Coordinator work
2024/03/05 04:12:36 Coordinator status 1
2024/03/05 04:12:36 Order 15 finish Reduce
2024/03/05 04:12:37 Coordinator work
2024/03/05 04:12:37 Coordinator status 1
2024/03/05 04:12:37 Order 16 finish Reduce
2024/03/05 04:12:37 Coordinator work
2024/03/05 04:12:37 Coordinator status 1
2024/03/05 04:12:37 Order 17 finish Reduce
2024/03/05 04:12:38 Coordinator work
2024/03/05 04:12:38 Coordinator status 1
2024/03/05 04:12:38 Map: 8 done vs. 0 working, Reduce 10 done vs. 0 working
2024/03/05 04:12:38 forward: forward to done phase
2024/03/05 04:12:38 Coordinator work
2024/03/05 04:12:38 Coordinator status 2
