2024/03/05 06:48:33 making map order &{0 [../pg-being_ernest.txt] 0 10}
2024/03/05 06:48:33 making map order &{0 [../pg-dorian_gray.txt] 1 10}
2024/03/05 06:48:33 making map order &{0 [../pg-frankenstein.txt] 2 10}
2024/03/05 06:48:33 making map order &{0 [../pg-grimm.txt] 3 10}
2024/03/05 06:48:33 making map order &{0 [../pg-huckleberry_finn.txt] 4 10}
2024/03/05 06:48:33 making map order &{0 [../pg-metamorphosis.txt] 5 10}
2024/03/05 06:48:33 making map order &{0 [../pg-sherlock_holmes.txt] 6 10}
2024/03/05 06:48:33 making map order &{0 [../pg-tom_sawyer.txt] 7 10}
2024/03/05 06:48:33 done with make map order
2024/03/05 06:48:33 Map: 0 done vs. 8 working, Reduce 0 done vs. 0 working
2024/03/05 06:48:34 Coordinator work
2024/03/05 06:48:34 Coordinator status 0
2024/03/05 06:48:34 Coordinator work
2024/03/05 06:48:34 Coordinator status 0
2024/03/05 06:48:34 IsDone &{0 2024-03-05 06:48:34.09677351 +0800 CST m=+1.026952893 0xc000074360} true
2024/03/05 06:48:34 Order 0 finish Map
2024/03/05 06:48:34 IsDone &{0 2024-03-05 06:48:34.097855576 +0800 CST m=+1.028034961 0xc0000743f0} true
2024/03/05 06:48:34 Order 1 finish Map
2024/03/05 06:48:35 Coordinator work
2024/03/05 06:48:35 Coordinator status 0
2024/03/05 06:48:35 IsDone &{0 2024-03-05 06:48:35.107131945 +0800 CST m=+2.037311333 0xc000074480} true
2024/03/05 06:48:35 Order 2 finish Map
2024/03/05 06:48:35 Coordinator work
2024/03/05 06:48:35 Coordinator status 0
2024/03/05 06:48:35 IsDone &{0 2024-03-05 06:48:35.123287345 +0800 CST m=+2.053466729 0xc000074510} true
2024/03/05 06:48:35 Order 3 finish Map
2024/03/05 06:48:36 Coordinator work
2024/03/05 06:48:36 Coordinator status 0
2024/03/05 06:48:36 IsDone &{0 2024-03-05 06:48:36.125604862 +0800 CST m=+3.055784250 0xc0000745a0} true
2024/03/05 06:48:36 Order 4 finish Map
2024/03/05 06:48:36 Coordinator work
2024/03/05 06:48:36 Coordinator status 0
2024/03/05 06:48:36 IsDone &{0 2024-03-05 06:48:36.144947508 +0800 CST m=+3.075126897 0xc000074630} true
2024/03/05 06:48:36 Order 5 finish Map
2024/03/05 06:48:37 Coordinator work
2024/03/05 06:48:37 Coordinator status 0
2024/03/05 06:48:37 Coordinator work
2024/03/05 06:48:37 Coordinator status 0
2024/03/05 06:48:37 IsDone &{0 2024-03-05 06:48:37.146426634 +0800 CST m=+4.076606023 0xc0000746c0} true
2024/03/05 06:48:37 Order 6 finish Map
2024/03/05 06:48:37 IsDone &{0 2024-03-05 06:48:37.153606032 +0800 CST m=+4.083785415 0xc000074750} true
2024/03/05 06:48:37 Order 7 finish Map
2024/03/05 06:48:38 Coordinator work
2024/03/05 06:48:38 Coordinator status 0
2024/03/05 06:48:38 Map: 8 done vs. 0 working, Reduce 0 done vs. 0 working
2024/03/05 06:48:38 forward: forward to Reuce Phase
2024/03/05 06:48:38 making reduce order : 8
2024/03/05 06:48:38 making reduce order : 9
2024/03/05 06:48:38 making reduce order : 10
2024/03/05 06:48:38 making reduce order : 11
2024/03/05 06:48:38 making reduce order : 12
2024/03/05 06:48:38 making reduce order : 13
2024/03/05 06:48:38 making reduce order : 14
2024/03/05 06:48:38 making reduce order : 15
2024/03/05 06:48:38 making reduce order : 16
2024/03/05 06:48:38 making reduce order : 17
2024/03/05 06:48:38 done with make reduce order
2024/03/05 06:48:38 Coordinator work
2024/03/05 06:48:38 Map: 8 done vs. 0 working, Reduce 0 done vs. 10 working
2024/03/05 06:48:38 Coordinator status 1
2024/03/05 06:48:39 Order 8 finish Reduce
2024/03/05 06:48:40 Coordinator work
2024/03/05 06:48:40 Coordinator status 1
2024/03/05 06:48:40 Coordinator work
2024/03/05 06:48:40 Coordinator status 1
2024/03/05 06:48:41 Order 9 finish Reduce
2024/03/05 06:48:41 Order 10 finish Reduce
2024/03/05 06:48:42 Coordinator work
2024/03/05 06:48:42 Coordinator status 1
2024/03/05 06:48:42 Coordinator work
2024/03/05 06:48:42 Coordinator status 1
2024/03/05 06:48:44 Order 11 finish Reduce
2024/03/05 06:48:44 Order 12 finish Reduce
2024/03/05 06:48:45 Coordinator work
2024/03/05 06:48:45 Coordinator status 1
2024/03/05 06:48:45 Coordinator work
2024/03/05 06:48:45 Coordinator status 1
2024/03/05 06:48:46 Order 13 finish Reduce
2024/03/05 06:48:46 Order 14 finish Reduce
2024/03/05 06:48:47 Coordinator work
2024/03/05 06:48:47 Coordinator status 1
2024/03/05 06:48:47 Order 15 finish Reduce
2024/03/05 06:48:47 Coordinator work
2024/03/05 06:48:47 Coordinator status 1
2024/03/05 06:48:47 Order 16 finish Reduce
2024/03/05 06:48:48 Coordinator work
2024/03/05 06:48:48 Coordinator status 1
2024/03/05 06:48:48 Coordinator work
2024/03/05 06:48:48 Coordinator status 1
2024/03/05 06:48:48 Map: 8 done vs. 0 working, Reduce 9 done vs. 1 working
2024/03/05 06:48:49 Order 17 finish Reduce
2024/03/05 06:48:50 Coordinator work
2024/03/05 06:48:50 Coordinator status 1
2024/03/05 06:48:50 Map: 8 done vs. 0 working, Reduce 10 done vs. 0 working
2024/03/05 06:48:50 forward: forward to done phase
2024/03/05 06:48:50 Coordinator work
2024/03/05 06:48:50 Coordinator status 2
