2024/03/05 09:48:59 making map order &{0 [../pg-being_ernest.txt] 0 10}
2024/03/05 09:48:59 making map order &{0 [../pg-dorian_gray.txt] 1 10}
2024/03/05 09:48:59 making map order &{0 [../pg-frankenstein.txt] 2 10}
2024/03/05 09:48:59 making map order &{0 [../pg-grimm.txt] 3 10}
2024/03/05 09:48:59 making map order &{0 [../pg-huckleberry_finn.txt] 4 10}
2024/03/05 09:48:59 making map order &{0 [../pg-metamorphosis.txt] 5 10}
2024/03/05 09:48:59 making map order &{0 [../pg-sherlock_holmes.txt] 6 10}
2024/03/05 09:48:59 making map order &{0 [../pg-tom_sawyer.txt] 7 10}
2024/03/05 09:48:59 done with make map order
2024/03/05 09:48:59 Map: 0 done vs. 8 working, Reduce 0 done vs. 0 working
2024/03/05 09:49:00 Coordinator work
2024/03/05 09:49:00 Coordinator status 0
2024/03/05 09:49:00 Coordinator work
2024/03/05 09:49:00 Coordinator status 0
2024/03/05 09:49:05 IsDone &{0 2024-03-05 09:49:00.939182322 +0800 CST m=+1.020918810 0xc00007fd10} true
2024/03/05 09:49:05 Order 0 finish Map
2024/03/05 09:49:05 IsDone &{0 2024-03-05 09:49:00.94108464 +0800 CST m=+1.022821131 0xc00007fda0} true
2024/03/05 09:49:05 Order 1 finish Map
2024/03/05 09:49:06 Coordinator work
2024/03/05 09:49:06 Coordinator status 0
2024/03/05 09:49:06 Coordinator work
2024/03/05 09:49:06 Coordinator status 0
2024/03/05 09:49:09 IsDone &{0 2024-03-05 09:49:06.037180753 +0800 CST m=+6.118917245 0xc00007fe30} true
2024/03/05 09:49:09 Order 2 finish Map
2024/03/05 09:49:09 IsDone &{0 2024-03-05 09:49:06.040987759 +0800 CST m=+6.122724248 0xc00007fec0} true
2024/03/05 09:49:09 Order 3 finish Map
2024/03/05 09:49:10 Coordinator work
2024/03/05 09:49:10 Coordinator status 0
2024/03/05 09:49:10 Coordinator work
2024/03/05 09:49:10 Coordinator status 0
2024/03/05 09:49:14 IsDone &{0 2024-03-05 09:49:10.949433221 +0800 CST m=+11.031169709 0xc00016a000} true
2024/03/05 09:49:14 Order 5 finish Map
2024/03/05 09:49:14 IsDone &{0 2024-03-05 09:49:10.944334651 +0800 CST m=+11.026071142 0xc00007ff50} true
2024/03/05 09:49:14 Order 4 finish Map
2024/03/05 09:49:15 Coordinator work
2024/03/05 09:49:15 Coordinator status 0
2024/03/05 09:49:15 Coordinator work
2024/03/05 09:49:15 Coordinator status 0
2024/03/05 09:49:17 IsDone &{0 2024-03-05 09:49:15.805080773 +0800 CST m=+15.886817255 0xc00016a090} true
2024/03/05 09:49:17 Order 6 finish Map
2024/03/05 09:49:17 IsDone &{0 2024-03-05 09:49:15.817419895 +0800 CST m=+15.899156387 0xc00016a120} true
2024/03/05 09:49:17 Order 7 finish Map
2024/03/05 09:49:18 Coordinator work
2024/03/05 09:49:18 Coordinator status 0
2024/03/05 09:49:18 Map: 8 done vs. 0 working, Reduce 0 done vs. 0 working
2024/03/05 09:49:18 forward: forward to Reuce Phase
2024/03/05 09:49:18 making reduce order : 8
2024/03/05 09:49:18 making reduce order : 9
2024/03/05 09:49:18 making reduce order : 10
2024/03/05 09:49:18 making reduce order : 11
2024/03/05 09:49:18 making reduce order : 12
2024/03/05 09:49:18 making reduce order : 13
2024/03/05 09:49:18 Coordinator work
2024/03/05 09:49:18 making reduce order : 14
2024/03/05 09:49:18 making reduce order : 15
2024/03/05 09:49:18 making reduce order : 16
2024/03/05 09:49:18 making reduce order : 17
2024/03/05 09:49:18 done with make reduce order
2024/03/05 09:49:18 Map: 8 done vs. 0 working, Reduce 0 done vs. 10 working
2024/03/05 09:49:18 Coordinator status 1
2024/03/05 09:49:18 Order 8 finish Reduce
2024/03/05 09:49:19 Coordinator work
2024/03/05 09:49:19 Coordinator status 1
2024/03/05 09:49:19 Order 9 finish Reduce
2024/03/05 09:49:20 Coordinator work
2024/03/05 09:49:20 Coordinator status 1
2024/03/05 09:49:20 Order 10 finish Reduce
2024/03/05 09:49:20 Coordinator work
2024/03/05 09:49:20 Coordinator status 1
2024/03/05 09:49:20 Order 11 finish Reduce
2024/03/05 09:49:21 Coordinator work
2024/03/05 09:49:21 Coordinator status 1
2024/03/05 09:49:21 Order 12 finish Reduce
2024/03/05 09:49:21 Coordinator work
2024/03/05 09:49:21 Coordinator status 1
2024/03/05 09:49:21 Order 13 finish Reduce
2024/03/05 09:49:22 Coordinator work
2024/03/05 09:49:22 Coordinator status 1
2024/03/05 09:49:22 Order 14 finish Reduce
2024/03/05 09:49:22 Coordinator work
2024/03/05 09:49:22 Coordinator status 1
2024/03/05 09:49:22 Order 15 finish Reduce
2024/03/05 09:49:23 Coordinator work
2024/03/05 09:49:23 Coordinator status 1
2024/03/05 09:49:23 Order 16 finish Reduce
2024/03/05 09:49:23 Coordinator work
2024/03/05 09:49:23 Coordinator status 1
2024/03/05 09:49:23 Order 17 finish Reduce
2024/03/05 09:49:24 Coordinator work
2024/03/05 09:49:24 Coordinator status 1
2024/03/05 09:49:24 Map: 8 done vs. 0 working, Reduce 10 done vs. 0 working
2024/03/05 09:49:24 forward: forward to done phase
2024/03/05 09:49:24 Coordinator work
2024/03/05 09:49:24 Coordinator status 2
