2024/03/05 12:11:26 making map order &{0 [../pg-being_ernest.txt] 0 10}
2024/03/05 12:11:26 making map order &{0 [../pg-dorian_gray.txt] 1 10}
2024/03/05 12:11:26 making map order &{0 [../pg-frankenstein.txt] 2 10}
2024/03/05 12:11:26 making map order &{0 [../pg-grimm.txt] 3 10}
2024/03/05 12:11:26 making map order &{0 [../pg-huckleberry_finn.txt] 4 10}
2024/03/05 12:11:26 making map order &{0 [../pg-metamorphosis.txt] 5 10}
2024/03/05 12:11:26 making map order &{0 [../pg-sherlock_holmes.txt] 6 10}
2024/03/05 12:11:26 making map order &{0 [../pg-tom_sawyer.txt] 7 10}
2024/03/05 12:11:26 done with make map order
2024/03/05 12:11:26 Map: 0 done vs. 8 working, Reduce 0 done vs. 0 working
2024/03/05 12:11:27 Coordinator work
2024/03/05 12:11:27 Coordinator status 0
2024/03/05 12:11:27 Coordinator work
2024/03/05 12:11:27 Coordinator status 0
2024/03/05 12:11:28 IsDone &{0 2024-03-05 12:11:27.610177845 +0800 CST m=+1.050154039 0xc00008a330} true
2024/03/05 12:11:28 Order 0 finish Map
2024/03/05 12:11:28 IsDone &{0 2024-03-05 12:11:27.61335355 +0800 CST m=+1.053329743 0xc00008a3c0} true
2024/03/05 12:11:28 Order 1 finish Map
2024/03/05 12:11:29 Coordinator work
2024/03/05 12:11:29 Coordinator status 0
2024/03/05 12:11:29 Coordinator work
2024/03/05 12:11:29 Coordinator status 0
2024/03/05 12:11:30 IsDone &{0 2024-03-05 12:11:29.63809577 +0800 CST m=+3.078071963 0xc00008a450} true
2024/03/05 12:11:30 Order 2 finish Map
2024/03/05 12:11:30 IsDone &{0 2024-03-05 12:11:29.63867396 +0800 CST m=+3.078650151 0xc00008a4e0} true
2024/03/05 12:11:30 Order 3 finish Map
2024/03/05 12:11:31 Coordinator work
2024/03/05 12:11:31 Coordinator status 0
2024/03/05 12:11:31 Coordinator work
2024/03/05 12:11:31 Coordinator status 0
2024/03/05 12:11:32 IsDone &{0 2024-03-05 12:11:31.661618124 +0800 CST m=+5.101594327 0xc00008a600} true
2024/03/05 12:11:32 Order 5 finish Map
2024/03/05 12:11:32 IsDone &{0 2024-03-05 12:11:31.653956144 +0800 CST m=+5.093932338 0xc00008a570} true
2024/03/05 12:11:32 Order 4 finish Map
2024/03/05 12:11:33 Coordinator work
2024/03/05 12:11:33 Coordinator status 0
2024/03/05 12:11:33 Coordinator work
2024/03/05 12:11:33 Coordinator status 0
2024/03/05 12:11:34 IsDone &{0 2024-03-05 12:11:33.670997301 +0800 CST m=+7.110973495 0xc00008a690} true
2024/03/05 12:11:34 Order 6 finish Map
2024/03/05 12:11:34 IsDone &{0 2024-03-05 12:11:33.675948652 +0800 CST m=+7.115924853 0xc00008a720} true
2024/03/05 12:11:34 Order 7 finish Map
2024/03/05 12:11:35 Coordinator work
2024/03/05 12:11:35 Coordinator status 0
2024/03/05 12:11:35 Map: 8 done vs. 0 working, Reduce 0 done vs. 0 working
2024/03/05 12:11:35 forward: forward to Reuce Phase
2024/03/05 12:11:35 making reduce order : 8
2024/03/05 12:11:35 making reduce order : 9
2024/03/05 12:11:35 Coordinator work
2024/03/05 12:11:35 making reduce order : 10
2024/03/05 12:11:35 making reduce order : 11
2024/03/05 12:11:35 making reduce order : 12
2024/03/05 12:11:35 making reduce order : 13
2024/03/05 12:11:35 making reduce order : 14
2024/03/05 12:11:35 making reduce order : 15
2024/03/05 12:11:35 making reduce order : 16
2024/03/05 12:11:35 making reduce order : 17
2024/03/05 12:11:35 done with make reduce order
2024/03/05 12:11:35 Map: 8 done vs. 0 working, Reduce 0 done vs. 10 working
2024/03/05 12:11:35 Coordinator status 1
2024/03/05 12:11:35 Order 8 finish Reduce
2024/03/05 12:11:36 Coordinator work
2024/03/05 12:11:36 Coordinator status 1
2024/03/05 12:11:36 Order 9 finish Reduce
2024/03/05 12:11:37 Coordinator work
2024/03/05 12:11:37 Coordinator status 1
2024/03/05 12:11:37 Order 10 finish Reduce
2024/03/05 12:11:37 Coordinator work
2024/03/05 12:11:37 Coordinator status 1
2024/03/05 12:11:37 Order 11 finish Reduce
2024/03/05 12:11:38 Coordinator work
2024/03/05 12:11:38 Coordinator status 1
2024/03/05 12:11:38 Order 12 finish Reduce
2024/03/05 12:11:38 Coordinator work
2024/03/05 12:11:38 Coordinator status 1
2024/03/05 12:11:38 Order 13 finish Reduce
2024/03/05 12:11:39 Coordinator work
2024/03/05 12:11:39 Coordinator status 1
2024/03/05 12:11:39 Order 14 finish Reduce
2024/03/05 12:11:39 Coordinator work
2024/03/05 12:11:39 Coordinator status 1
2024/03/05 12:11:39 Order 15 finish Reduce
2024/03/05 12:11:40 Coordinator work
2024/03/05 12:11:40 Coordinator status 1
2024/03/05 12:11:40 Order 16 finish Reduce
2024/03/05 12:11:40 Coordinator work
2024/03/05 12:11:40 Coordinator status 1
2024/03/05 12:11:40 Order 17 finish Reduce
2024/03/05 12:11:41 Coordinator work
2024/03/05 12:11:41 Coordinator status 1
2024/03/05 12:11:41 Map: 8 done vs. 0 working, Reduce 10 done vs. 0 working
2024/03/05 12:11:41 forward: forward to done phase
2024/03/05 12:11:41 Coordinator work
2024/03/05 12:11:41 Coordinator status 2
