2024/03/05 10:36:58 making map order &{0 [../pg-being_ernest.txt] 0 10}
2024/03/05 10:36:58 making map order &{0 [../pg-dorian_gray.txt] 1 10}
2024/03/05 10:36:58 making map order &{0 [../pg-frankenstein.txt] 2 10}
2024/03/05 10:36:58 making map order &{0 [../pg-grimm.txt] 3 10}
2024/03/05 10:36:58 making map order &{0 [../pg-huckleberry_finn.txt] 4 10}
2024/03/05 10:36:58 making map order &{0 [../pg-metamorphosis.txt] 5 10}
2024/03/05 10:36:58 making map order &{0 [../pg-sherlock_holmes.txt] 6 10}
2024/03/05 10:36:58 making map order &{0 [../pg-tom_sawyer.txt] 7 10}
2024/03/05 10:36:58 done with make map order
2024/03/05 10:36:58 Map: 0 done vs. 8 working, Reduce 0 done vs. 0 working
2024/03/05 10:36:59 Coordinator work
2024/03/05 10:36:59 Coordinator status 0
2024/03/05 10:36:59 Coordinator work
2024/03/05 10:36:59 Coordinator status 0
2024/03/05 10:36:59 Coordinator work
2024/03/05 10:36:59 Coordinator status 0
2024/03/05 10:37:00 IsDone &{0 2024-03-05 10:36:59.352290299 +0800 CST m=+1.022408801 0xc000114120} true
2024/03/05 10:37:00 Order 0 finish Map
2024/03/05 10:37:01 Coordinator work
2024/03/05 10:37:01 Coordinator status 0
2024/03/05 10:37:01 IsDone &{0 2024-03-05 10:36:59.352778701 +0800 CST m=+1.022897220 0xc0001141b0} true
2024/03/05 10:37:01 Order 1 finish Map
2024/03/05 10:37:02 IsDone &{0 2024-03-05 10:36:59.358116681 +0800 CST m=+1.028235184 0xc000114240} true
2024/03/05 10:37:02 Order 2 finish Map
2024/03/05 10:37:02 Coordinator work
2024/03/05 10:37:02 Coordinator status 0
2024/03/05 10:37:03 Coordinator work
2024/03/05 10:37:03 Coordinator status 0
2024/03/05 10:37:03 IsDone &{0 2024-03-05 10:37:01.219397786 +0800 CST m=+2.889516291 0xc0001142d0} true
2024/03/05 10:37:03 Order 3 finish Map
2024/03/05 10:37:04 IsDone &{0 2024-03-05 10:37:03.147222687 +0800 CST m=+4.817341193 0xc0001143f0} true
2024/03/05 10:37:04 Order 5 finish Map
2024/03/05 10:37:04 Coordinator work
2024/03/05 10:37:04 Coordinator status 0
2024/03/05 10:37:05 Coordinator work
2024/03/05 10:37:05 Coordinator status 0
2024/03/05 10:37:06 IsDone &{0 2024-03-05 10:37:02.967042251 +0800 CST m=+4.637160757 0xc000114360} true
2024/03/05 10:37:06 Order 4 finish Map
2024/03/05 10:37:07 IsDone &{0 2024-03-05 10:37:05.018963708 +0800 CST m=+6.689082210 0xc000114510} true
2024/03/05 10:37:07 Order 7 finish Map
2024/03/05 10:37:07 Coordinator work
2024/03/05 10:37:07 Coordinator status 0
2024/03/05 10:37:07 Map: 7 done vs. 1 working, Reduce 0 done vs. 0 working
2024/03/05 10:37:07 IsDone &{0 2024-03-05 10:37:04.956110227 +0800 CST m=+6.626228733 0xc000114480} true
2024/03/05 10:37:07 Order 6 finish Map
2024/03/05 10:37:08 Coordinator work
2024/03/05 10:37:08 Coordinator status 0
2024/03/05 10:37:08 Map: 8 done vs. 0 working, Reduce 0 done vs. 0 working
2024/03/05 10:37:08 forward: forward to Reuce Phase
2024/03/05 10:37:08 making reduce order : 8
2024/03/05 10:37:08 making reduce order : 9
2024/03/05 10:37:08 making reduce order : 10
2024/03/05 10:37:08 making reduce order : 11
2024/03/05 10:37:08 making reduce order : 12
2024/03/05 10:37:08 making reduce order : 13
2024/03/05 10:37:08 making reduce order : 14
2024/03/05 10:37:08 making reduce order : 15
2024/03/05 10:37:08 making reduce order : 16
2024/03/05 10:37:08 making reduce order : 17
2024/03/05 10:37:08 done with make reduce order
2024/03/05 10:37:08 Map: 8 done vs. 0 working, Reduce 0 done vs. 10 working
2024/03/05 10:37:08 Coordinator work
2024/03/05 10:37:08 Coordinator status 1
2024/03/05 10:37:09 Coordinator work
2024/03/05 10:37:09 Coordinator status 1
2024/03/05 10:37:09 Order 8 finish Reduce
2024/03/05 10:37:09 Order 9 finish Reduce
2024/03/05 10:37:10 Coordinator work
2024/03/05 10:37:10 Coordinator status 1
2024/03/05 10:37:10 Coordinator work
2024/03/05 10:37:10 Coordinator status 1
2024/03/05 10:37:10 Coordinator work
2024/03/05 10:37:10 Coordinator status 1
2024/03/05 10:37:10 Order 11 finish Reduce
2024/03/05 10:37:11 Order 10 finish Reduce
2024/03/05 10:37:11 Order 12 finish Reduce
2024/03/05 10:37:11 Coordinator work
2024/03/05 10:37:11 Coordinator status 1
2024/03/05 10:37:12 Coordinator work
2024/03/05 10:37:12 Coordinator status 1
2024/03/05 10:37:12 Order 13 finish Reduce
2024/03/05 10:37:12 Coordinator work
2024/03/05 10:37:12 Coordinator status 1
2024/03/05 10:37:13 Coordinator work
2024/03/05 10:37:13 Coordinator status 1
2024/03/05 10:37:13 Order 15 finish Reduce
2024/03/05 10:37:13 Order 14 finish Reduce
2024/03/05 10:37:14 Coordinator work
2024/03/05 10:37:14 Coordinator status 1
2024/03/05 10:37:14 Order 16 finish Reduce
2024/03/05 10:37:14 Coordinator work
2024/03/05 10:37:14 Coordinator status 1
2024/03/05 10:37:14 Map: 8 done vs. 0 working, Reduce 9 done vs. 1 working
2024/03/05 10:37:15 Order 17 finish Reduce
2024/03/05 10:37:15 Coordinator work
2024/03/05 10:37:15 Coordinator status 1
2024/03/05 10:37:15 Map: 8 done vs. 0 working, Reduce 10 done vs. 0 working
2024/03/05 10:37:15 forward: forward to done phase
2024/03/05 10:37:16 Coordinator work
2024/03/05 10:37:16 Coordinator status 2
2024/03/05 10:37:16 Coordinator work
2024/03/05 10:37:16 Coordinator status 2
