2024/03/05 06:45:31 making map order &{0 [../pg-being_ernest.txt] 0 10}
2024/03/05 06:45:31 making map order &{0 [../pg-dorian_gray.txt] 1 10}
2024/03/05 06:45:31 making map order &{0 [../pg-frankenstein.txt] 2 10}
2024/03/05 06:45:31 making map order &{0 [../pg-grimm.txt] 3 10}
2024/03/05 06:45:31 making map order &{0 [../pg-huckleberry_finn.txt] 4 10}
2024/03/05 06:45:31 making map order &{0 [../pg-metamorphosis.txt] 5 10}
2024/03/05 06:45:31 making map order &{0 [../pg-sherlock_holmes.txt] 6 10}
2024/03/05 06:45:31 making map order &{0 [../pg-tom_sawyer.txt] 7 10}
2024/03/05 06:45:31 done with make map order
2024/03/05 06:45:31 Map: 0 done vs. 8 working, Reduce 0 done vs. 0 working
2024/03/05 06:45:32 Coordinator work
2024/03/05 06:45:32 Coordinator status 0
2024/03/05 06:45:32 Coordinator work
2024/03/05 06:45:32 Coordinator status 0
2024/03/05 06:45:33 IsDone &{0 2024-03-05 06:45:32.025845224 +0800 CST m=+1.012220887 0xc000112090} true
2024/03/05 06:45:33 Order 0 finish Map
2024/03/05 06:45:33 IsDone &{0 2024-03-05 06:45:32.026241117 +0800 CST m=+1.012616785 0xc000112120} true
2024/03/05 06:45:33 Order 1 finish Map
2024/03/05 06:45:34 Coordinator work
2024/03/05 06:45:34 Coordinator status 0
2024/03/05 06:45:34 Coordinator work
2024/03/05 06:45:34 Coordinator status 0
2024/03/05 06:45:35 IsDone &{0 2024-03-05 06:45:34.035450567 +0800 CST m=+3.021826234 0xc0001121b0} true
2024/03/05 06:45:35 Order 2 finish Map
2024/03/05 06:45:35 IsDone &{0 2024-03-05 06:45:34.047297427 +0800 CST m=+3.033673075 0xc000112240} true
2024/03/05 06:45:35 Order 3 finish Map
2024/03/05 06:45:36 Coordinator work
2024/03/05 06:45:36 Coordinator status 0
2024/03/05 06:45:36 Coordinator work
2024/03/05 06:45:36 Coordinator status 0
2024/03/05 06:45:37 IsDone &{0 2024-03-05 06:45:36.053493776 +0800 CST m=+5.039869444 0xc0001122d0} true
2024/03/05 06:45:37 Order 4 finish Map
2024/03/05 06:45:37 IsDone &{0 2024-03-05 06:45:36.065979644 +0800 CST m=+5.052355309 0xc000112360} true
2024/03/05 06:45:37 Order 5 finish Map
2024/03/05 06:45:38 Coordinator work
2024/03/05 06:45:38 Coordinator status 0
2024/03/05 06:45:38 Coordinator work
2024/03/05 06:45:38 Coordinator status 0
2024/03/05 06:45:39 IsDone &{0 2024-03-05 06:45:38.080156644 +0800 CST m=+7.066532303 0xc000112480} true
2024/03/05 06:45:39 Order 7 finish Map
2024/03/05 06:45:39 IsDone &{0 2024-03-05 06:45:38.073733203 +0800 CST m=+7.060108873 0xc0001123f0} true
2024/03/05 06:45:39 Order 6 finish Map
2024/03/05 06:45:40 Coordinator work
2024/03/05 06:45:40 Coordinator status 0
2024/03/05 06:45:40 Map: 8 done vs. 0 working, Reduce 0 done vs. 0 working
2024/03/05 06:45:40 forward: forward to Reuce Phase
2024/03/05 06:45:40 making reduce order : 8
2024/03/05 06:45:40 making reduce order : 9
2024/03/05 06:45:40 making reduce order : 10
2024/03/05 06:45:40 making reduce order : 11
2024/03/05 06:45:40 making reduce order : 12
2024/03/05 06:45:40 making reduce order : 13
2024/03/05 06:45:40 making reduce order : 14
2024/03/05 06:45:40 making reduce order : 15
2024/03/05 06:45:40 making reduce order : 16
2024/03/05 06:45:40 Coordinator work
2024/03/05 06:45:40 making reduce order : 17
2024/03/05 06:45:40 done with make reduce order
2024/03/05 06:45:40 Map: 8 done vs. 0 working, Reduce 0 done vs. 10 working
2024/03/05 06:45:40 Coordinator status 1
2024/03/05 06:45:40 Order 8 finish Reduce
2024/03/05 06:45:41 Coordinator work
2024/03/05 06:45:41 Coordinator status 1
2024/03/05 06:45:41 Order 9 finish Reduce
2024/03/05 06:45:42 Coordinator work
2024/03/05 06:45:42 Coordinator status 1
2024/03/05 06:45:42 Order 10 finish Reduce
2024/03/05 06:45:42 Coordinator work
2024/03/05 06:45:42 Coordinator status 1
2024/03/05 06:45:42 Order 11 finish Reduce
2024/03/05 06:45:43 Coordinator work
2024/03/05 06:45:43 Coordinator status 1
2024/03/05 06:45:43 Order 12 finish Reduce
2024/03/05 06:45:43 Coordinator work
2024/03/05 06:45:43 Coordinator status 1
2024/03/05 06:45:43 Order 13 finish Reduce
2024/03/05 06:45:44 Coordinator work
2024/03/05 06:45:44 Coordinator status 1
2024/03/05 06:45:44 Order 14 finish Reduce
2024/03/05 06:45:44 Coordinator work
2024/03/05 06:45:44 Coordinator status 1
2024/03/05 06:45:44 Order 15 finish Reduce
2024/03/05 06:45:45 Coordinator work
2024/03/05 06:45:45 Coordinator status 1
2024/03/05 06:45:45 Order 16 finish Reduce
2024/03/05 06:45:45 Coordinator work
2024/03/05 06:45:45 Coordinator status 1
2024/03/05 06:45:45 Order 17 finish Reduce
2024/03/05 06:45:46 Coordinator work
2024/03/05 06:45:46 Coordinator status 1
2024/03/05 06:45:46 Map: 8 done vs. 0 working, Reduce 10 done vs. 0 working
2024/03/05 06:45:46 forward: forward to done phase
2024/03/05 06:45:46 Coordinator work
2024/03/05 06:45:46 Coordinator status 2
