2024/03/05 03:18:29 making map order &{0 [../pg-being_ernest.txt] 0 10}
2024/03/05 03:18:29 making map order &{0 [../pg-dorian_gray.txt] 1 10}
2024/03/05 03:18:29 making map order &{0 [../pg-frankenstein.txt] 2 10}
2024/03/05 03:18:29 making map order &{0 [../pg-grimm.txt] 3 10}
2024/03/05 03:18:29 making map order &{0 [../pg-huckleberry_finn.txt] 4 10}
2024/03/05 03:18:29 making map order &{0 [../pg-metamorphosis.txt] 5 10}
2024/03/05 03:18:29 making map order &{0 [../pg-sherlock_holmes.txt] 6 10}
2024/03/05 03:18:29 making map order &{0 [../pg-tom_sawyer.txt] 7 10}
2024/03/05 03:18:29 done with make map order
2024/03/05 03:18:29 Map: 0 done vs. 8 working, Reduce 0 done vs. 0 working
2024/03/05 03:18:30 Coordinator work
2024/03/05 03:18:30 Coordinator status 0
2024/03/05 03:18:30 IsDone &{0 2024-03-05 03:18:30.310405315 +0800 CST m=+1.014069397 0xc0000742d0} true
2024/03/05 03:18:30 Order 0 finish Map
2024/03/05 03:18:30 Coordinator work
2024/03/05 03:18:30 Coordinator status 0
2024/03/05 03:18:30 IsDone &{0 2024-03-05 03:18:30.321757366 +0800 CST m=+1.025421456 0xc000074360} true
2024/03/05 03:18:30 Order 1 finish Map
2024/03/05 03:18:31 Coordinator work
2024/03/05 03:18:31 Coordinator status 0
2024/03/05 03:18:31 IsDone &{0 2024-03-05 03:18:31.321405937 +0800 CST m=+2.025070022 0xc0000743f0} true
2024/03/05 03:18:31 Order 2 finish Map
2024/03/05 03:18:31 Coordinator work
2024/03/05 03:18:31 Coordinator status 0
2024/03/05 03:18:31 IsDone &{0 2024-03-05 03:18:31.340956748 +0800 CST m=+2.044620834 0xc000074480} true
2024/03/05 03:18:31 Order 3 finish Map
2024/03/05 03:18:32 Coordinator work
2024/03/05 03:18:32 Coordinator status 0
2024/03/05 03:18:32 IsDone &{0 2024-03-05 03:18:32.337930246 +0800 CST m=+3.041594346 0xc000074510} true
2024/03/05 03:18:32 Order 4 finish Map
2024/03/05 03:18:32 Coordinator work
2024/03/05 03:18:32 Coordinator status 0
2024/03/05 03:18:32 IsDone &{0 2024-03-05 03:18:32.356311557 +0800 CST m=+3.059975635 0xc0000745a0} true
2024/03/05 03:18:32 Order 5 finish Map
2024/03/05 03:18:33 Coordinator work
2024/03/05 03:18:33 Coordinator status 0
2024/03/05 03:18:33 Coordinator work
2024/03/05 03:18:33 Coordinator status 0
2024/03/05 03:18:33 IsDone &{0 2024-03-05 03:18:33.357687616 +0800 CST m=+4.061351696 0xc000074630} true
2024/03/05 03:18:33 Order 6 finish Map
2024/03/05 03:18:33 IsDone &{0 2024-03-05 03:18:33.365847424 +0800 CST m=+4.069511513 0xc0000746c0} true
2024/03/05 03:18:33 Order 7 finish Map
2024/03/05 03:18:34 Coordinator work
2024/03/05 03:18:34 Coordinator status 0
2024/03/05 03:18:34 Map: 8 done vs. 0 working, Reduce 0 done vs. 0 working
2024/03/05 03:18:34 forward: forward to Reuce Phase
2024/03/05 03:18:34 making reduce order : 8
2024/03/05 03:18:34 making reduce order : 9
2024/03/05 03:18:34 making reduce order : 10
2024/03/05 03:18:34 making reduce order : 11
2024/03/05 03:18:34 making reduce order : 12
2024/03/05 03:18:34 making reduce order : 13
2024/03/05 03:18:34 making reduce order : 14
2024/03/05 03:18:34 making reduce order : 15
2024/03/05 03:18:34 making reduce order : 16
2024/03/05 03:18:34 Coordinator work
2024/03/05 03:18:34 making reduce order : 17
2024/03/05 03:18:34 done with make reduce order
2024/03/05 03:18:34 Map: 8 done vs. 0 working, Reduce 0 done vs. 10 working
2024/03/05 03:18:34 Coordinator status 1
2024/03/05 03:18:35 Order 8 finish Reduce
2024/03/05 03:18:36 Coordinator work
2024/03/05 03:18:36 Coordinator status 1
2024/03/05 03:18:36 Coordinator work
2024/03/05 03:18:36 Coordinator status 1
2024/03/05 03:18:37 Order 9 finish Reduce
2024/03/05 03:18:37 Order 10 finish Reduce
2024/03/05 03:18:38 Coordinator work
2024/03/05 03:18:38 Coordinator status 1
2024/03/05 03:18:38 Coordinator work
2024/03/05 03:18:38 Coordinator status 1
2024/03/05 03:18:40 Order 11 finish Reduce
2024/03/05 03:18:40 Order 12 finish Reduce
2024/03/05 03:18:41 Coordinator work
2024/03/05 03:18:41 Coordinator status 1
2024/03/05 03:18:41 Coordinator work
2024/03/05 03:18:41 Coordinator status 1
2024/03/05 03:18:42 Order 13 finish Reduce
2024/03/05 03:18:42 Order 14 finish Reduce
2024/03/05 03:18:43 Coordinator work
2024/03/05 03:18:43 Coordinator status 1
2024/03/05 03:18:43 Order 15 finish Reduce
2024/03/05 03:18:43 Coordinator work
2024/03/05 03:18:43 Coordinator status 1
2024/03/05 03:18:43 Order 16 finish Reduce
2024/03/05 03:18:44 Coordinator work
2024/03/05 03:18:44 Coordinator status 1
2024/03/05 03:18:44 Coordinator work
2024/03/05 03:18:44 Coordinator status 1
2024/03/05 03:18:44 Map: 8 done vs. 0 working, Reduce 9 done vs. 1 working
2024/03/05 03:18:45 Order 17 finish Reduce
2024/03/05 03:18:46 Coordinator work
2024/03/05 03:18:46 Coordinator status 1
2024/03/05 03:18:46 Map: 8 done vs. 0 working, Reduce 10 done vs. 0 working
2024/03/05 03:18:46 forward: forward to done phase
2024/03/05 03:18:46 Coordinator work
2024/03/05 03:18:46 Coordinator status 2
