2024/03/05 01:38:52 making map order &{0 [../pg-being_ernest.txt] 0 10}
2024/03/05 01:38:52 making map order &{0 [../pg-dorian_gray.txt] 1 10}
2024/03/05 01:38:52 making map order &{0 [../pg-frankenstein.txt] 2 10}
2024/03/05 01:38:52 making map order &{0 [../pg-grimm.txt] 3 10}
2024/03/05 01:38:52 making map order &{0 [../pg-huckleberry_finn.txt] 4 10}
2024/03/05 01:38:52 making map order &{0 [../pg-metamorphosis.txt] 5 10}
2024/03/05 01:38:52 making map order &{0 [../pg-sherlock_holmes.txt] 6 10}
2024/03/05 01:38:52 making map order &{0 [../pg-tom_sawyer.txt] 7 10}
2024/03/05 01:38:52 done with make map order
2024/03/05 01:38:52 Map: 0 done vs. 8 working, Reduce 0 done vs. 0 working
2024/03/05 01:38:53 Coordinator work
2024/03/05 01:38:53 Coordinator status 0
2024/03/05 01:38:53 IsDone &{0 2024-03-05 01:38:53.378250479 +0800 CST m=+1.026428247 0xc00009df80} true
2024/03/05 01:38:53 Order 0 finish Map
2024/03/05 01:38:53 Coordinator work
2024/03/05 01:38:53 Coordinator status 0
2024/03/05 01:38:53 Coordinator work
2024/03/05 01:38:53 Coordinator status 0
2024/03/05 01:38:53 Coordinator work
2024/03/05 01:38:53 Coordinator status 0
2024/03/05 01:38:53 IsDone &{0 2024-03-05 01:38:53.393922604 +0800 CST m=+1.042100369 0xc00011a0c0} true
2024/03/05 01:38:53 Order 2 finish Map
2024/03/05 01:38:54 Coordinator work
2024/03/05 01:38:54 Coordinator status 0
2024/03/05 01:38:54 IsDone &{0 2024-03-05 01:38:54.388745643 +0800 CST m=+2.036923414 0xc00011a1e0} true
2024/03/05 01:38:54 Order 4 finish Map
2024/03/05 01:38:54 Coordinator work
2024/03/05 01:38:54 Coordinator status 0
2024/03/05 01:38:55 IsDone &{0 2024-03-05 01:38:53.401320968 +0800 CST m=+1.049498739 0xc00011a150} true
2024/03/05 01:38:55 Order 3 finish Map
2024/03/05 01:38:55 Coordinator work
2024/03/05 01:38:55 Coordinator status 0
2024/03/05 01:38:56 Coordinator work
2024/03/05 01:38:56 Coordinator status 0
2024/03/05 01:38:56 IsDone &{0 2024-03-05 01:38:56.014693495 +0800 CST m=+3.662871265 0xc00011a390} true
2024/03/05 01:38:56 Order 7 finish Map
2024/03/05 01:38:57 Coordinator work
2024/03/05 01:38:57 Coordinator status 0
2024/03/05 01:38:57 Map: 5 done vs. 3 working, Reduce 0 done vs. 0 working
2024/03/05 01:38:58 IsDone &{0 2024-03-05 01:38:53.391996021 +0800 CST m=+1.040173791 0xc00011a030} true
2024/03/05 01:38:58 Order 1 finish Map
2024/03/05 01:38:59 Coordinator work
2024/03/05 01:38:59 Coordinator status 0
2024/03/05 01:38:59 Map: 6 done vs. 2 working, Reduce 0 done vs. 0 working
2024/03/05 01:38:59 Coordinator work
2024/03/05 01:38:59 Coordinator status 0
2024/03/05 01:38:59 Map: 6 done vs. 2 working, Reduce 0 done vs. 0 working
2024/03/05 01:39:00 IsDone &{0 2024-03-05 01:38:54.409543099 +0800 CST m=+2.057720867 0xc00011a270} true
2024/03/05 01:39:00 Order 5 finish Map
2024/03/05 01:39:01 Coordinator work
2024/03/05 01:39:01 Coordinator status 0
2024/03/05 01:39:01 Map: 7 done vs. 1 working, Reduce 0 done vs. 0 working
2024/03/05 01:39:01 Coordinator work
2024/03/05 01:39:01 Coordinator status 0
2024/03/05 01:39:01 Map: 7 done vs. 1 working, Reduce 0 done vs. 0 working
2024/03/05 01:39:01 Coordinator work
2024/03/05 01:39:01 Coordinator status 0
2024/03/05 01:39:01 Map: 7 done vs. 1 working, Reduce 0 done vs. 0 working
2024/03/05 01:39:03 Coordinator work
2024/03/05 01:39:03 Coordinator status 0
2024/03/05 01:39:03 Map: 7 done vs. 1 working, Reduce 0 done vs. 0 working
2024/03/05 01:39:03 Coordinator work
2024/03/05 01:39:03 Coordinator status 0
2024/03/05 01:39:03 Map: 7 done vs. 1 working, Reduce 0 done vs. 0 working
2024/03/05 01:39:03 Coordinator work
2024/03/05 01:39:03 Coordinator status 0
2024/03/05 01:39:03 Map: 7 done vs. 1 working, Reduce 0 done vs. 0 working
2024/03/05 01:39:05 Coordinator work
2024/03/05 01:39:05 Coordinator status 0
2024/03/05 01:39:05 Map: 7 done vs. 1 working, Reduce 0 done vs. 0 working
2024/03/05 01:39:05 Coordinator work
2024/03/05 01:39:05 Coordinator status 0
2024/03/05 01:39:05 Map: 7 done vs. 1 working, Reduce 0 done vs. 0 working
2024/03/05 01:39:05 Coordinator work
2024/03/05 01:39:05 Coordinator status 0
2024/03/05 01:39:05 Map: 7 done vs. 1 working, Reduce 0 done vs. 0 working
2024/03/05 01:39:06 Coordiantor restart Map order 6
2024/03/05 01:39:07 Coordinator work
2024/03/05 01:39:07 Coordinator status 0
2024/03/05 01:39:07 IsDone &{0 2024-03-05 01:39:07.044444085 +0800 CST m=+14.692621856 0xc00011a300} true
2024/03/05 01:39:07 Order 6 finish Map
2024/03/05 01:39:07 Coordinator work
2024/03/05 01:39:07 Coordinator status 0
2024/03/05 01:39:07 Map: 8 done vs. 0 working, Reduce 0 done vs. 0 working
2024/03/05 01:39:07 forward: forward to Reuce Phase
2024/03/05 01:39:07 making reduce order : 8
2024/03/05 01:39:07 making reduce order : 9
2024/03/05 01:39:07 making reduce order : 10
2024/03/05 01:39:07 making reduce order : 11
2024/03/05 01:39:07 making reduce order : 12
2024/03/05 01:39:07 making reduce order : 13
2024/03/05 01:39:07 making reduce order : 14
2024/03/05 01:39:07 making reduce order : 15
2024/03/05 01:39:07 making reduce order : 16
2024/03/05 01:39:07 making reduce order : 17
2024/03/05 01:39:07 done with make reduce order
2024/03/05 01:39:07 Map: 8 done vs. 0 working, Reduce 0 done vs. 10 working
2024/03/05 01:39:07 Coordinator work
2024/03/05 01:39:07 Coordinator status 1
2024/03/05 01:39:08 Coordinator work
2024/03/05 01:39:08 Coordinator status 1
2024/03/05 01:39:08 Order 9 finish Reduce
2024/03/05 01:39:09 Coordinator work
2024/03/05 01:39:09 Coordinator status 1
2024/03/05 01:39:09 Coordinator work
2024/03/05 01:39:09 Coordinator status 1
2024/03/05 01:39:09 Order 11 finish Reduce
2024/03/05 01:39:10 Coordinator work
2024/03/05 01:39:10 Coordinator status 1
2024/03/05 01:39:10 Order 12 finish Reduce
2024/03/05 01:39:11 Coordinator work
2024/03/05 01:39:11 Coordinator status 1
2024/03/05 01:39:11 Order 13 finish Reduce
2024/03/05 01:39:12 Coordinator work
2024/03/05 01:39:12 Coordinator status 1
2024/03/05 01:39:12 Order 14 finish Reduce
2024/03/05 01:39:13 Coordinator work
2024/03/05 01:39:13 Coordinator status 1
2024/03/05 01:39:13 Order 15 finish Reduce
2024/03/05 01:39:13 Order 10 finish Reduce
2024/03/05 01:39:14 Coordinator work
2024/03/05 01:39:14 Coordinator status 1
2024/03/05 01:39:14 Order 16 finish Reduce
2024/03/05 01:39:14 Coordinator work
2024/03/05 01:39:14 Coordinator status 1
2024/03/05 01:39:14 Order 17 finish Reduce
2024/03/05 01:39:15 Coordinator work
2024/03/05 01:39:15 Coordinator status 1
2024/03/05 01:39:15 Map: 8 done vs. 0 working, Reduce 9 done vs. 1 working
2024/03/05 01:39:15 Coordinator work
2024/03/05 01:39:15 Coordinator status 1
2024/03/05 01:39:15 Map: 8 done vs. 0 working, Reduce 9 done vs. 1 working
2024/03/05 01:39:16 Order 8 finish Reduce
2024/03/05 01:39:17 Coordinator work
2024/03/05 01:39:17 Coordinator status 1
2024/03/05 01:39:17 Map: 8 done vs. 0 working, Reduce 10 done vs. 0 working
2024/03/05 01:39:17 forward: forward to done phase
2024/03/05 01:39:17 Coordinator work
2024/03/05 01:39:17 Coordinator status 2
2024/03/05 01:39:17 Coordinator work
2024/03/05 01:39:17 Coordinator status 2
