2024/03/05 06:13:06 making map order &{0 [../pg-being_ernest.txt] 0 10}
2024/03/05 06:13:06 making map order &{0 [../pg-dorian_gray.txt] 1 10}
2024/03/05 06:13:06 making map order &{0 [../pg-frankenstein.txt] 2 10}
2024/03/05 06:13:06 making map order &{0 [../pg-grimm.txt] 3 10}
2024/03/05 06:13:06 making map order &{0 [../pg-huckleberry_finn.txt] 4 10}
2024/03/05 06:13:06 making map order &{0 [../pg-metamorphosis.txt] 5 10}
2024/03/05 06:13:06 making map order &{0 [../pg-sherlock_holmes.txt] 6 10}
2024/03/05 06:13:06 making map order &{0 [../pg-tom_sawyer.txt] 7 10}
2024/03/05 06:13:06 done with make map order
2024/03/05 06:13:06 Map: 0 done vs. 8 working, Reduce 0 done vs. 0 working
2024/03/05 06:13:07 Coordinator work
2024/03/05 06:13:07 Coordinator status 0
2024/03/05 06:13:07 IsDone &{0 2024-03-05 06:13:07.254315585 +0800 CST m=+1.034880233 0xc00008a510} true
2024/03/05 06:13:07 Order 0 finish Map
2024/03/05 06:13:07 Coordinator work
2024/03/05 06:13:07 Coordinator status 0
2024/03/05 06:13:07 Coordinator work
2024/03/05 06:13:07 Coordinator status 0
2024/03/05 06:13:07 IsDone &{0 2024-03-05 06:13:07.265507727 +0800 CST m=+1.046072379 0xc00008a630} true
2024/03/05 06:13:07 Order 2 finish Map
2024/03/05 06:13:07 IsDone &{0 2024-03-05 06:13:07.263130437 +0800 CST m=+1.043695085 0xc00008a5a0} true
2024/03/05 06:13:07 Order 1 finish Map
2024/03/05 06:13:08 Coordinator work
2024/03/05 06:13:08 Coordinator status 0
2024/03/05 06:13:08 IsDone &{0 2024-03-05 06:13:08.269764461 +0800 CST m=+2.050329102 0xc00008a6c0} true
2024/03/05 06:13:08 Order 3 finish Map
2024/03/05 06:13:08 Coordinator work
2024/03/05 06:13:08 Coordinator status 0
2024/03/05 06:13:08 Coordinator work
2024/03/05 06:13:08 Coordinator status 0
2024/03/05 06:13:08 IsDone &{0 2024-03-05 06:13:08.293799224 +0800 CST m=+2.074363871 0xc00008a7e0} true
2024/03/05 06:13:08 Order 5 finish Map
2024/03/05 06:13:08 IsDone &{0 2024-03-05 06:13:08.289876502 +0800 CST m=+2.070441149 0xc00008a750} true
2024/03/05 06:13:08 Order 4 finish Map
2024/03/05 06:13:09 Coordinator work
2024/03/05 06:13:09 Coordinator status 0
2024/03/05 06:13:09 Coordinator work
2024/03/05 06:13:09 Coordinator status 0
2024/03/05 06:13:09 IsDone &{0 2024-03-05 06:13:09.289340579 +0800 CST m=+3.069905226 0xc00008a870} true
2024/03/05 06:13:09 Order 6 finish Map
2024/03/05 06:13:09 IsDone &{0 2024-03-05 06:13:09.302505764 +0800 CST m=+3.083070411 0xc00008a900} true
2024/03/05 06:13:09 Order 7 finish Map
2024/03/05 06:13:09 Coordinator work
2024/03/05 06:13:09 Coordinator status 0
2024/03/05 06:13:09 Map: 8 done vs. 0 working, Reduce 0 done vs. 0 working
2024/03/05 06:13:09 forward: forward to Reuce Phase
2024/03/05 06:13:09 making reduce order : 8
2024/03/05 06:13:09 making reduce order : 9
2024/03/05 06:13:09 making reduce order : 10
2024/03/05 06:13:09 making reduce order : 11
2024/03/05 06:13:09 making reduce order : 12
2024/03/05 06:13:09 making reduce order : 13
2024/03/05 06:13:09 making reduce order : 14
2024/03/05 06:13:09 making reduce order : 15
2024/03/05 06:13:09 making reduce order : 16
2024/03/05 06:13:09 making reduce order : 17
2024/03/05 06:13:09 done with make reduce order
2024/03/05 06:13:09 Map: 8 done vs. 0 working, Reduce 0 done vs. 10 working
2024/03/05 06:13:10 Coordinator work
2024/03/05 06:13:10 Coordinator status 1
2024/03/05 06:13:10 Order 8 finish Reduce
2024/03/05 06:13:10 Coordinator work
2024/03/05 06:13:10 Coordinator status 1
2024/03/05 06:13:10 Order 9 finish Reduce
2024/03/05 06:13:11 Coordinator work
2024/03/05 06:13:11 Coordinator status 1
2024/03/05 06:13:11 Coordinator work
2024/03/05 06:13:11 Coordinator status 1
2024/03/05 06:13:11 Order 11 finish Reduce
2024/03/05 06:13:11 Coordinator work
2024/03/05 06:13:11 Coordinator status 1
2024/03/05 06:13:11 Order 12 finish Reduce
2024/03/05 06:13:12 Coordinator work
2024/03/05 06:13:12 Coordinator status 1
2024/03/05 06:13:12 Order 13 finish Reduce
2024/03/05 06:13:12 Coordinator work
2024/03/05 06:13:12 Coordinator status 1
2024/03/05 06:13:13 Coordinator work
2024/03/05 06:13:13 Coordinator status 1
2024/03/05 06:13:13 Order 15 finish Reduce
2024/03/05 06:13:14 Order 10 finish Reduce
2024/03/05 06:13:14 Coordinator work
2024/03/05 06:13:14 Coordinator status 1
2024/03/05 06:13:14 Order 16 finish Reduce
2024/03/05 06:13:15 Coordinator work
2024/03/05 06:13:15 Coordinator status 1
2024/03/05 06:13:15 Order 17 finish Reduce
2024/03/05 06:13:15 Order 14 finish Reduce
2024/03/05 06:13:15 Coordinator work
2024/03/05 06:13:15 Coordinator status 1
2024/03/05 06:13:15 Map: 8 done vs. 0 working, Reduce 10 done vs. 0 working
2024/03/05 06:13:15 forward: forward to done phase
2024/03/05 06:13:16 Coordinator work
2024/03/05 06:13:16 Coordinator status 2
2024/03/05 06:13:16 Coordinator work
2024/03/05 06:13:16 Coordinator status 2
