2024/03/05 08:22:32 making map order &{0 [../pg-being_ernest.txt] 0 10}
2024/03/05 08:22:32 making map order &{0 [../pg-dorian_gray.txt] 1 10}
2024/03/05 08:22:32 making map order &{0 [../pg-frankenstein.txt] 2 10}
2024/03/05 08:22:32 making map order &{0 [../pg-grimm.txt] 3 10}
2024/03/05 08:22:32 making map order &{0 [../pg-huckleberry_finn.txt] 4 10}
2024/03/05 08:22:32 making map order &{0 [../pg-metamorphosis.txt] 5 10}
2024/03/05 08:22:32 making map order &{0 [../pg-sherlock_holmes.txt] 6 10}
2024/03/05 08:22:32 making map order &{0 [../pg-tom_sawyer.txt] 7 10}
2024/03/05 08:22:32 done with make map order
2024/03/05 08:22:32 Map: 0 done vs. 8 working, Reduce 0 done vs. 0 working
2024/03/05 08:22:33 Coordinator work
2024/03/05 08:22:33 Coordinator status 0
2024/03/05 08:22:33 Coordinator work
2024/03/05 08:22:33 Coordinator status 0
2024/03/05 08:22:33 Coordinator work
2024/03/05 08:22:33 Coordinator status 0
2024/03/05 08:22:34 IsDone &{0 2024-03-05 08:22:33.404421931 +0800 CST m=+1.014348310 0xc000090540} true
2024/03/05 08:22:34 Order 0 finish Map
2024/03/05 08:22:34 IsDone &{0 2024-03-05 08:22:33.422626575 +0800 CST m=+1.032552951 0xc000090660} true
2024/03/05 08:22:34 Order 2 finish Map
2024/03/05 08:22:35 Coordinator work
2024/03/05 08:22:35 Coordinator status 0
2024/03/05 08:22:35 IsDone &{0 2024-03-05 08:22:33.41870159 +0800 CST m=+1.028627967 0xc0000905d0} true
2024/03/05 08:22:35 Order 1 finish Map
2024/03/05 08:22:35 Coordinator work
2024/03/05 08:22:35 Coordinator status 0
2024/03/05 08:22:36 Coordinator work
2024/03/05 08:22:36 Coordinator status 0
2024/03/05 08:22:36 IsDone &{0 2024-03-05 08:22:36.159447443 +0800 CST m=+3.769373824 0xc000090810} true
2024/03/05 08:22:36 Order 5 finish Map
2024/03/05 08:22:36 IsDone &{0 2024-03-05 08:22:35.131787475 +0800 CST m=+2.741713857 0xc0000906f0} true
2024/03/05 08:22:36 Order 3 finish Map
2024/03/05 08:22:37 Coordinator work
2024/03/05 08:22:37 Coordinator status 0
2024/03/05 08:22:37 Coordinator work
2024/03/05 08:22:37 Coordinator status 0
2024/03/05 08:22:37 IsDone &{0 2024-03-05 08:22:35.978764199 +0800 CST m=+3.588690577 0xc000090780} true
2024/03/05 08:22:37 Order 4 finish Map
2024/03/05 08:22:38 Coordinator work
2024/03/05 08:22:38 Coordinator status 0
2024/03/05 08:22:38 Map: 6 done vs. 2 working, Reduce 0 done vs. 0 working
2024/03/05 08:22:39 IsDone &{0 2024-03-05 08:22:37.821522637 +0800 CST m=+5.431449021 0xc000090930} true
2024/03/05 08:22:39 Order 7 finish Map
2024/03/05 08:22:39 IsDone &{0 2024-03-05 08:22:37.756503336 +0800 CST m=+5.366429715 0xc0000908a0} true
2024/03/05 08:22:39 Order 6 finish Map
2024/03/05 08:22:40 Coordinator work
2024/03/05 08:22:40 Coordinator status 0
2024/03/05 08:22:40 Map: 8 done vs. 0 working, Reduce 0 done vs. 0 working
2024/03/05 08:22:40 forward: forward to Reuce Phase
2024/03/05 08:22:40 making reduce order : 8
2024/03/05 08:22:40 making reduce order : 9
2024/03/05 08:22:40 making reduce order : 10
2024/03/05 08:22:40 making reduce order : 11
2024/03/05 08:22:40 making reduce order : 12
2024/03/05 08:22:40 making reduce order : 13
2024/03/05 08:22:40 making reduce order : 14
2024/03/05 08:22:40 making reduce order : 15
2024/03/05 08:22:40 making reduce order : 16
2024/03/05 08:22:40 making reduce order : 17
2024/03/05 08:22:40 done with make reduce order
2024/03/05 08:22:40 Map: 8 done vs. 0 working, Reduce 0 done vs. 10 working
2024/03/05 08:22:40 Coordinator work
2024/03/05 08:22:40 Coordinator status 1
2024/03/05 08:22:40 Coordinator work
2024/03/05 08:22:40 Coordinator status 1
2024/03/05 08:22:41 Order 8 finish Reduce
2024/03/05 08:22:41 Order 9 finish Reduce
2024/03/05 08:22:42 Coordinator work
2024/03/05 08:22:42 Coordinator status 1
2024/03/05 08:22:42 Coordinator work
2024/03/05 08:22:42 Coordinator status 1
2024/03/05 08:22:42 Coordinator work
2024/03/05 08:22:42 Coordinator status 1
2024/03/05 08:22:43 Order 11 finish Reduce
2024/03/05 08:22:43 Order 10 finish Reduce
2024/03/05 08:22:43 Order 12 finish Reduce
2024/03/05 08:22:44 Coordinator work
2024/03/05 08:22:44 Coordinator status 1
2024/03/05 08:22:44 Coordinator work
2024/03/05 08:22:44 Coordinator status 1
2024/03/05 08:22:44 Coordinator work
2024/03/05 08:22:44 Coordinator status 1
2024/03/05 08:22:44 Order 13 finish Reduce
2024/03/05 08:22:45 Order 15 finish Reduce
2024/03/05 08:22:45 Coordinator work
2024/03/05 08:22:45 Coordinator status 1
2024/03/05 08:22:45 Order 14 finish Reduce
2024/03/05 08:22:46 Coordinator work
2024/03/05 08:22:46 Coordinator status 1
2024/03/05 08:22:46 Order 16 finish Reduce
2024/03/05 08:22:46 Coordinator work
2024/03/05 08:22:46 Coordinator status 1
2024/03/05 08:22:46 Map: 8 done vs. 0 working, Reduce 9 done vs. 1 working
2024/03/05 08:22:47 Order 17 finish Reduce
2024/03/05 08:22:47 Coordinator work
2024/03/05 08:22:47 Coordinator status 1
2024/03/05 08:22:47 Map: 8 done vs. 0 working, Reduce 10 done vs. 0 working
2024/03/05 08:22:47 forward: forward to done phase
2024/03/05 08:22:48 Coordinator work
2024/03/05 08:22:48 Coordinator status 2
2024/03/05 08:22:48 Coordinator work
2024/03/05 08:22:48 Coordinator status 2
