2024/03/05 09:05:52 making map order &{0 [../pg-being_ernest.txt] 0 10}
2024/03/05 09:05:52 making map order &{0 [../pg-dorian_gray.txt] 1 10}
2024/03/05 09:05:52 making map order &{0 [../pg-frankenstein.txt] 2 10}
2024/03/05 09:05:52 making map order &{0 [../pg-grimm.txt] 3 10}
2024/03/05 09:05:52 making map order &{0 [../pg-huckleberry_finn.txt] 4 10}
2024/03/05 09:05:52 making map order &{0 [../pg-metamorphosis.txt] 5 10}
2024/03/05 09:05:52 making map order &{0 [../pg-sherlock_holmes.txt] 6 10}
2024/03/05 09:05:52 making map order &{0 [../pg-tom_sawyer.txt] 7 10}
2024/03/05 09:05:52 done with make map order
2024/03/05 09:05:52 Map: 0 done vs. 8 working, Reduce 0 done vs. 0 working
2024/03/05 09:05:53 Coordinator work
2024/03/05 09:05:53 Coordinator status 0
2024/03/05 09:05:53 Coordinator work
2024/03/05 09:05:53 Coordinator status 0
2024/03/05 09:05:53 IsDone &{0 2024-03-05 09:05:53.50920985 +0800 CST m=+1.018381621 0xc00009df80} true
2024/03/05 09:05:53 Order 0 finish Map
2024/03/05 09:05:53 IsDone &{0 2024-03-05 09:05:53.516367128 +0800 CST m=+1.025538908 0xc00011a030} true
2024/03/05 09:05:53 Order 1 finish Map
2024/03/05 09:05:54 Coordinator work
2024/03/05 09:05:54 Coordinator status 0
2024/03/05 09:05:54 Coordinator work
2024/03/05 09:05:54 Coordinator status 0
2024/03/05 09:05:54 IsDone &{0 2024-03-05 09:05:54.635730676 +0800 CST m=+2.144902454 0xc00011a0c0} true
2024/03/05 09:05:54 Order 2 finish Map
2024/03/05 09:05:54 IsDone &{0 2024-03-05 09:05:54.744429446 +0800 CST m=+2.253601226 0xc00011a150} true
2024/03/05 09:05:54 Order 3 finish Map
2024/03/05 09:05:55 Coordinator work
2024/03/05 09:05:55 Coordinator status 0
2024/03/05 09:05:55 Coordinator work
2024/03/05 09:05:55 Coordinator status 0
2024/03/05 09:05:56 IsDone &{0 2024-03-05 09:05:55.99808376 +0800 CST m=+3.507255540 0xc00011a270} true
2024/03/05 09:05:56 Order 5 finish Map
2024/03/05 09:05:56 IsDone &{0 2024-03-05 09:05:55.851503005 +0800 CST m=+3.360674802 0xc00011a1e0} true
2024/03/05 09:05:56 Order 4 finish Map
2024/03/05 09:05:57 Coordinator work
2024/03/05 09:05:57 Coordinator status 0
2024/03/05 09:05:57 Coordinator work
2024/03/05 09:05:57 Coordinator status 0
2024/03/05 09:05:57 IsDone &{0 2024-03-05 09:05:57.120829475 +0800 CST m=+4.630001255 0xc00011a390} true
2024/03/05 09:05:57 Order 7 finish Map
2024/03/05 09:05:57 IsDone &{0 2024-03-05 09:05:57.079647452 +0800 CST m=+4.588819232 0xc00011a300} true
2024/03/05 09:05:57 Order 6 finish Map
2024/03/05 09:05:58 Coordinator work
2024/03/05 09:05:58 Coordinator status 0
2024/03/05 09:05:58 Map: 8 done vs. 0 working, Reduce 0 done vs. 0 working
2024/03/05 09:05:58 forward: forward to Reuce Phase
2024/03/05 09:05:58 making reduce order : 8
2024/03/05 09:05:58 making reduce order : 9
2024/03/05 09:05:58 making reduce order : 10
2024/03/05 09:05:58 making reduce order : 11
2024/03/05 09:05:58 making reduce order : 12
2024/03/05 09:05:58 making reduce order : 13
2024/03/05 09:05:58 making reduce order : 14
2024/03/05 09:05:58 making reduce order : 15
2024/03/05 09:05:58 making reduce order : 16
2024/03/05 09:05:58 making reduce order : 17
2024/03/05 09:05:58 done with make reduce order
2024/03/05 09:05:58 Map: 8 done vs. 0 working, Reduce 0 done vs. 10 working
2024/03/05 09:05:58 Coordinator work
2024/03/05 09:05:58 Coordinator status 1
2024/03/05 09:05:58 Order 8 finish Reduce
2024/03/05 09:05:59 Coordinator work
2024/03/05 09:05:59 Coordinator status 1
2024/03/05 09:05:59 Order 9 finish Reduce
2024/03/05 09:06:00 Coordinator work
2024/03/05 09:06:00 Coordinator status 1
2024/03/05 09:06:00 Order 10 finish Reduce
2024/03/05 09:06:00 Coordinator work
2024/03/05 09:06:00 Coordinator status 1
2024/03/05 09:06:00 Order 11 finish Reduce
2024/03/05 09:06:01 Coordinator work
2024/03/05 09:06:01 Coordinator status 1
2024/03/05 09:06:01 Order 12 finish Reduce
2024/03/05 09:06:01 Coordinator work
2024/03/05 09:06:01 Coordinator status 1
2024/03/05 09:06:01 Order 13 finish Reduce
2024/03/05 09:06:02 Coordinator work
2024/03/05 09:06:02 Coordinator status 1
2024/03/05 09:06:02 Order 14 finish Reduce
2024/03/05 09:06:02 Coordinator work
2024/03/05 09:06:02 Coordinator status 1
2024/03/05 09:06:02 Order 15 finish Reduce
2024/03/05 09:06:03 Coordinator work
2024/03/05 09:06:03 Coordinator status 1
2024/03/05 09:06:03 Order 16 finish Reduce
2024/03/05 09:06:03 Coordinator work
2024/03/05 09:06:03 Coordinator status 1
2024/03/05 09:06:04 Order 17 finish Reduce
2024/03/05 09:06:04 Coordinator work
2024/03/05 09:06:04 Coordinator status 1
2024/03/05 09:06:04 Map: 8 done vs. 0 working, Reduce 10 done vs. 0 working
2024/03/05 09:06:04 forward: forward to done phase
2024/03/05 09:06:05 Coordinator work
2024/03/05 09:06:05 Coordinator status 2
