2024/03/05 03:53:50 making map order &{0 [../pg-being_ernest.txt] 0 10}
2024/03/05 03:53:50 making map order &{0 [../pg-dorian_gray.txt] 1 10}
2024/03/05 03:53:50 making map order &{0 [../pg-frankenstein.txt] 2 10}
2024/03/05 03:53:50 making map order &{0 [../pg-grimm.txt] 3 10}
2024/03/05 03:53:50 making map order &{0 [../pg-huckleberry_finn.txt] 4 10}
2024/03/05 03:53:50 making map order &{0 [../pg-metamorphosis.txt] 5 10}
2024/03/05 03:53:50 making map order &{0 [../pg-sherlock_holmes.txt] 6 10}
2024/03/05 03:53:50 making map order &{0 [../pg-tom_sawyer.txt] 7 10}
2024/03/05 03:53:50 done with make map order
2024/03/05 03:53:50 Map: 0 done vs. 8 working, Reduce 0 done vs. 0 working
2024/03/05 03:53:51 Coordinator work
2024/03/05 03:53:51 Coordinator status 0
2024/03/05 03:53:51 Coordinator work
2024/03/05 03:53:51 Coordinator status 0
2024/03/05 03:53:51 IsDone &{0 2024-03-05 03:53:51.675108232 +0800 CST m=+1.014548358 0xc0000a3b00} true
2024/03/05 03:53:51 Order 0 finish Map
2024/03/05 03:53:51 IsDone &{0 2024-03-05 03:53:51.686047716 +0800 CST m=+1.025487846 0xc0000a3b90} true
2024/03/05 03:53:51 Order 1 finish Map
2024/03/05 03:53:52 Coordinator work
2024/03/05 03:53:52 Coordinator status 0
2024/03/05 03:53:52 Coordinator work
2024/03/05 03:53:52 Coordinator status 0
2024/03/05 03:53:52 IsDone &{0 2024-03-05 03:53:52.777659279 +0800 CST m=+2.117099403 0xc0000a3c20} true
2024/03/05 03:53:52 Order 2 finish Map
2024/03/05 03:53:53 IsDone &{0 2024-03-05 03:53:52.941096289 +0800 CST m=+2.280536421 0xc0000a3cb0} true
2024/03/05 03:53:53 Order 3 finish Map
2024/03/05 03:53:53 Coordinator work
2024/03/05 03:53:53 Coordinator status 0
2024/03/05 03:53:54 Coordinator work
2024/03/05 03:53:54 Coordinator status 0
2024/03/05 03:53:54 IsDone &{0 2024-03-05 03:53:53.970950646 +0800 CST m=+3.310390779 0xc0000a3d40} true
2024/03/05 03:53:54 Order 4 finish Map
2024/03/05 03:53:54 IsDone &{0 2024-03-05 03:53:54.127877454 +0800 CST m=+3.467317586 0xc0000a3dd0} true
2024/03/05 03:53:54 Order 5 finish Map
2024/03/05 03:53:55 Coordinator work
2024/03/05 03:53:55 Coordinator status 0
2024/03/05 03:53:55 Coordinator work
2024/03/05 03:53:55 Coordinator status 0
2024/03/05 03:53:55 IsDone &{0 2024-03-05 03:53:55.247334177 +0800 CST m=+4.586774301 0xc0000a3ef0} true
2024/03/05 03:53:55 Order 7 finish Map
2024/03/05 03:53:55 IsDone &{0 2024-03-05 03:53:55.203352476 +0800 CST m=+4.542792609 0xc0000a3e60} true
2024/03/05 03:53:55 Order 6 finish Map
2024/03/05 03:53:56 Coordinator work
2024/03/05 03:53:56 Coordinator status 0
2024/03/05 03:53:56 Map: 8 done vs. 0 working, Reduce 0 done vs. 0 working
2024/03/05 03:53:56 forward: forward to Reuce Phase
2024/03/05 03:53:56 making reduce order : 8
2024/03/05 03:53:56 making reduce order : 9
2024/03/05 03:53:56 making reduce order : 10
2024/03/05 03:53:56 making reduce order : 11
2024/03/05 03:53:56 making reduce order : 12
2024/03/05 03:53:56 making reduce order : 13
2024/03/05 03:53:56 making reduce order : 14
2024/03/05 03:53:56 making reduce order : 15
2024/03/05 03:53:56 making reduce order : 16
2024/03/05 03:53:56 making reduce order : 17
2024/03/05 03:53:56 done with make reduce order
2024/03/05 03:53:56 Map: 8 done vs. 0 working, Reduce 0 done vs. 10 working
2024/03/05 03:53:56 Coordinator work
2024/03/05 03:53:56 Coordinator status 1
2024/03/05 03:53:56 Order 8 finish Reduce
2024/03/05 03:53:57 Coordinator work
2024/03/05 03:53:57 Coordinator status 1
2024/03/05 03:53:57 Order 9 finish Reduce
2024/03/05 03:53:58 Coordinator work
2024/03/05 03:53:58 Coordinator status 1
2024/03/05 03:53:58 Order 10 finish Reduce
2024/03/05 03:53:58 Coordinator work
2024/03/05 03:53:58 Coordinator status 1
2024/03/05 03:53:58 Order 11 finish Reduce
2024/03/05 03:53:59 Coordinator work
2024/03/05 03:53:59 Coordinator status 1
2024/03/05 03:53:59 Order 12 finish Reduce
2024/03/05 03:53:59 Coordinator work
2024/03/05 03:53:59 Coordinator status 1
2024/03/05 03:53:59 Order 13 finish Reduce
2024/03/05 03:54:00 Coordinator work
2024/03/05 03:54:00 Coordinator status 1
2024/03/05 03:54:00 Order 14 finish Reduce
2024/03/05 03:54:00 Coordinator work
2024/03/05 03:54:00 Coordinator status 1
2024/03/05 03:54:01 Order 15 finish Reduce
2024/03/05 03:54:01 Coordinator work
2024/03/05 03:54:01 Coordinator status 1
2024/03/05 03:54:01 Order 16 finish Reduce
2024/03/05 03:54:02 Coordinator work
2024/03/05 03:54:02 Coordinator status 1
2024/03/05 03:54:02 Order 17 finish Reduce
2024/03/05 03:54:02 Coordinator work
2024/03/05 03:54:02 Coordinator status 1
2024/03/05 03:54:02 Map: 8 done vs. 0 working, Reduce 10 done vs. 0 working
2024/03/05 03:54:02 forward: forward to done phase
2024/03/05 03:54:03 Coordinator work
2024/03/05 03:54:03 Coordinator status 2
