2024/03/05 07:02:37 making map order &{0 [../pg-being_ernest.txt] 0 10}
2024/03/05 07:02:37 making map order &{0 [../pg-dorian_gray.txt] 1 10}
2024/03/05 07:02:37 making map order &{0 [../pg-frankenstein.txt] 2 10}
2024/03/05 07:02:37 making map order &{0 [../pg-grimm.txt] 3 10}
2024/03/05 07:02:37 making map order &{0 [../pg-huckleberry_finn.txt] 4 10}
2024/03/05 07:02:37 making map order &{0 [../pg-metamorphosis.txt] 5 10}
2024/03/05 07:02:37 making map order &{0 [../pg-sherlock_holmes.txt] 6 10}
2024/03/05 07:02:37 making map order &{0 [../pg-tom_sawyer.txt] 7 10}
2024/03/05 07:02:37 done with make map order
2024/03/05 07:02:37 Map: 0 done vs. 8 working, Reduce 0 done vs. 0 working
2024/03/05 07:02:38 Coordinator work
2024/03/05 07:02:38 Coordinator status 0
2024/03/05 07:02:38 Coordinator work
2024/03/05 07:02:38 Coordinator status 0
2024/03/05 07:02:38 IsDone &{0 2024-03-05 07:02:38.882306569 +0800 CST m=+1.014369408 0xc000102240} true
2024/03/05 07:02:38 Order 0 finish Map
2024/03/05 07:02:39 IsDone &{0 2024-03-05 07:02:38.882750081 +0800 CST m=+1.014812916 0xc0001022d0} true
2024/03/05 07:02:39 Order 1 finish Map
2024/03/05 07:02:39 Coordinator work
2024/03/05 07:02:39 Coordinator status 0
2024/03/05 07:02:40 Coordinator work
2024/03/05 07:02:40 Coordinator status 0
2024/03/05 07:02:40 IsDone &{0 2024-03-05 07:02:39.974780356 +0800 CST m=+2.106843178 0xc000102360} true
2024/03/05 07:02:40 Order 2 finish Map
2024/03/05 07:02:40 IsDone &{0 2024-03-05 07:02:40.115074832 +0800 CST m=+2.247137665 0xc0001023f0} true
2024/03/05 07:02:40 Order 3 finish Map
2024/03/05 07:02:41 Coordinator work
2024/03/05 07:02:41 Coordinator status 0
2024/03/05 07:02:41 Coordinator work
2024/03/05 07:02:41 Coordinator status 0
2024/03/05 07:02:41 IsDone &{0 2024-03-05 07:02:41.327890846 +0800 CST m=+3.459953682 0xc000102510} true
2024/03/05 07:02:41 Order 5 finish Map
2024/03/05 07:02:41 IsDone &{0 2024-03-05 07:02:41.19912415 +0800 CST m=+3.331186989 0xc000102480} true
2024/03/05 07:02:41 Order 4 finish Map
2024/03/05 07:02:42 Coordinator work
2024/03/05 07:02:42 Coordinator status 0
2024/03/05 07:02:42 Coordinator work
2024/03/05 07:02:42 Coordinator status 0
2024/03/05 07:02:42 IsDone &{0 2024-03-05 07:02:42.452091774 +0800 CST m=+4.584154613 0xc000102630} true
2024/03/05 07:02:42 Order 7 finish Map
2024/03/05 07:02:42 IsDone &{0 2024-03-05 07:02:42.41664882 +0800 CST m=+4.548711658 0xc0001025a0} true
2024/03/05 07:02:42 Order 6 finish Map
2024/03/05 07:02:43 Coordinator work
2024/03/05 07:02:43 Coordinator status 0
2024/03/05 07:02:43 Map: 8 done vs. 0 working, Reduce 0 done vs. 0 working
2024/03/05 07:02:43 forward: forward to Reuce Phase
2024/03/05 07:02:43 making reduce order : 8
2024/03/05 07:02:43 making reduce order : 9
2024/03/05 07:02:43 making reduce order : 10
2024/03/05 07:02:43 making reduce order : 11
2024/03/05 07:02:43 making reduce order : 12
2024/03/05 07:02:43 making reduce order : 13
2024/03/05 07:02:43 making reduce order : 14
2024/03/05 07:02:43 making reduce order : 15
2024/03/05 07:02:43 making reduce order : 16
2024/03/05 07:02:43 making reduce order : 17
2024/03/05 07:02:43 done with make reduce order
2024/03/05 07:02:43 Map: 8 done vs. 0 working, Reduce 0 done vs. 10 working
2024/03/05 07:02:43 Coordinator work
2024/03/05 07:02:43 Coordinator status 1
2024/03/05 07:02:43 Order 8 finish Reduce
2024/03/05 07:02:44 Coordinator work
2024/03/05 07:02:44 Coordinator status 1
2024/03/05 07:02:45 Order 9 finish Reduce
2024/03/05 07:02:45 Coordinator work
2024/03/05 07:02:45 Coordinator status 1
2024/03/05 07:02:45 Order 10 finish Reduce
2024/03/05 07:02:46 Coordinator work
2024/03/05 07:02:46 Coordinator status 1
2024/03/05 07:02:46 Order 11 finish Reduce
2024/03/05 07:02:46 Coordinator work
2024/03/05 07:02:46 Coordinator status 1
2024/03/05 07:02:47 Order 12 finish Reduce
2024/03/05 07:02:47 Coordinator work
2024/03/05 07:02:47 Coordinator status 1
2024/03/05 07:02:47 Order 13 finish Reduce
2024/03/05 07:02:48 Coordinator work
2024/03/05 07:02:48 Coordinator status 1
2024/03/05 07:02:48 Order 14 finish Reduce
2024/03/05 07:02:48 Coordinator work
2024/03/05 07:02:48 Coordinator status 1
2024/03/05 07:02:48 Order 15 finish Reduce
2024/03/05 07:02:49 Coordinator work
2024/03/05 07:02:49 Coordinator status 1
2024/03/05 07:02:49 Order 16 finish Reduce
2024/03/05 07:02:49 Coordinator work
2024/03/05 07:02:49 Coordinator status 1
2024/03/05 07:02:49 Order 17 finish Reduce
2024/03/05 07:02:50 Coordinator work
2024/03/05 07:02:50 Coordinator status 1
2024/03/05 07:02:50 Map: 8 done vs. 0 working, Reduce 10 done vs. 0 working
2024/03/05 07:02:50 forward: forward to done phase
2024/03/05 07:02:50 Coordinator work
2024/03/05 07:02:50 Coordinator status 2
