2024/03/05 08:34:33 making map order &{0 [../pg-being_ernest.txt] 0 10}
2024/03/05 08:34:33 making map order &{0 [../pg-dorian_gray.txt] 1 10}
2024/03/05 08:34:33 making map order &{0 [../pg-frankenstein.txt] 2 10}
2024/03/05 08:34:33 making map order &{0 [../pg-grimm.txt] 3 10}
2024/03/05 08:34:33 making map order &{0 [../pg-huckleberry_finn.txt] 4 10}
2024/03/05 08:34:33 making map order &{0 [../pg-metamorphosis.txt] 5 10}
2024/03/05 08:34:33 making map order &{0 [../pg-sherlock_holmes.txt] 6 10}
2024/03/05 08:34:33 making map order &{0 [../pg-tom_sawyer.txt] 7 10}
2024/03/05 08:34:33 done with make map order
2024/03/05 08:34:33 Map: 0 done vs. 8 working, Reduce 0 done vs. 0 working
2024/03/05 08:34:34 Coordinator work
2024/03/05 08:34:34 Coordinator status 0
2024/03/05 08:34:34 Coordinator work
2024/03/05 08:34:34 Coordinator status 0
2024/03/05 08:34:38 IsDone &{0 2024-03-05 08:34:34.298706121 +0800 CST m=+1.018493673 0xc000112060} true
2024/03/05 08:34:38 Order 0 finish Map
2024/03/05 08:34:38 IsDone &{0 2024-03-05 08:34:34.311881181 +0800 CST m=+1.031668720 0xc0001120f0} true
2024/03/05 08:34:38 Order 1 finish Map
2024/03/05 08:34:39 Coordinator work
2024/03/05 08:34:39 Coordinator status 0
2024/03/05 08:34:39 Coordinator work
2024/03/05 08:34:39 Coordinator status 0
2024/03/05 08:34:43 IsDone &{0 2024-03-05 08:34:39.393801317 +0800 CST m=+6.113588848 0xc000112180} true
2024/03/05 08:34:43 Order 2 finish Map
2024/03/05 08:34:43 IsDone &{0 2024-03-05 08:34:39.411454663 +0800 CST m=+6.131242197 0xc000112210} true
2024/03/05 08:34:43 Order 3 finish Map
2024/03/05 08:34:44 Coordinator work
2024/03/05 08:34:44 Coordinator status 0
2024/03/05 08:34:44 Coordinator work
2024/03/05 08:34:44 Coordinator status 0
2024/03/05 08:34:48 IsDone &{0 2024-03-05 08:34:44.299927488 +0800 CST m=+11.019715019 0xc0001122a0} true
2024/03/05 08:34:48 Order 4 finish Map
2024/03/05 08:34:48 IsDone &{0 2024-03-05 08:34:44.31630299 +0800 CST m=+11.036090517 0xc000112330} true
2024/03/05 08:34:48 Order 5 finish Map
2024/03/05 08:34:49 Coordinator work
2024/03/05 08:34:49 Coordinator status 0
2024/03/05 08:34:49 Coordinator work
2024/03/05 08:34:49 Coordinator status 0
2024/03/05 08:34:51 IsDone &{0 2024-03-05 08:34:49.176870088 +0800 CST m=+15.896657620 0xc000112450} true
2024/03/05 08:34:51 Order 7 finish Map
2024/03/05 08:34:51 IsDone &{0 2024-03-05 08:34:49.166327379 +0800 CST m=+15.886114914 0xc0001123c0} true
2024/03/05 08:34:51 Order 6 finish Map
2024/03/05 08:34:52 Coordinator work
2024/03/05 08:34:52 Coordinator status 0
2024/03/05 08:34:52 Map: 8 done vs. 0 working, Reduce 0 done vs. 0 working
2024/03/05 08:34:52 forward: forward to Reuce Phase
2024/03/05 08:34:52 making reduce order : 8
2024/03/05 08:34:52 making reduce order : 9
2024/03/05 08:34:52 making reduce order : 10
2024/03/05 08:34:52 making reduce order : 11
2024/03/05 08:34:52 making reduce order : 12
2024/03/05 08:34:52 making reduce order : 13
2024/03/05 08:34:52 making reduce order : 14
2024/03/05 08:34:52 Coordinator work
2024/03/05 08:34:52 making reduce order : 15
2024/03/05 08:34:52 making reduce order : 16
2024/03/05 08:34:52 making reduce order : 17
2024/03/05 08:34:52 done with make reduce order
2024/03/05 08:34:52 Map: 8 done vs. 0 working, Reduce 0 done vs. 10 working
2024/03/05 08:34:52 Coordinator status 1
2024/03/05 08:34:52 Order 8 finish Reduce
2024/03/05 08:34:53 Coordinator work
2024/03/05 08:34:53 Coordinator status 1
2024/03/05 08:34:53 Order 9 finish Reduce
2024/03/05 08:34:54 Coordinator work
2024/03/05 08:34:54 Coordinator status 1
2024/03/05 08:34:54 Order 10 finish Reduce
2024/03/05 08:34:54 Coordinator work
2024/03/05 08:34:54 Coordinator status 1
2024/03/05 08:34:54 Order 11 finish Reduce
2024/03/05 08:34:55 Coordinator work
2024/03/05 08:34:55 Coordinator status 1
2024/03/05 08:34:55 Order 12 finish Reduce
2024/03/05 08:34:55 Coordinator work
2024/03/05 08:34:55 Coordinator status 1
2024/03/05 08:34:55 Order 13 finish Reduce
2024/03/05 08:34:56 Coordinator work
2024/03/05 08:34:56 Coordinator status 1
2024/03/05 08:34:56 Coordinator work
2024/03/05 08:34:56 Coordinator status 1
2024/03/05 08:34:56 Order 14 finish Reduce
2024/03/05 08:34:56 Order 15 finish Reduce
2024/03/05 08:34:57 Coordinator work
2024/03/05 08:34:57 Coordinator status 1
2024/03/05 08:34:57 Coordinator work
2024/03/05 08:34:57 Coordinator status 1
2024/03/05 08:34:57 Order 16 finish Reduce
2024/03/05 08:34:57 Order 17 finish Reduce
2024/03/05 08:34:58 Coordinator work
2024/03/05 08:34:58 Coordinator status 1
2024/03/05 08:34:58 Map: 8 done vs. 0 working, Reduce 10 done vs. 0 working
2024/03/05 08:34:58 forward: forward to done phase
2024/03/05 08:34:58 Coordinator work
2024/03/05 08:34:58 Coordinator status 2
