2024/03/05 08:09:46 making map order &{0 [../pg-being_ernest.txt] 0 10}
2024/03/05 08:09:46 making map order &{0 [../pg-dorian_gray.txt] 1 10}
2024/03/05 08:09:46 making map order &{0 [../pg-frankenstein.txt] 2 10}
2024/03/05 08:09:46 making map order &{0 [../pg-grimm.txt] 3 10}
2024/03/05 08:09:46 making map order &{0 [../pg-huckleberry_finn.txt] 4 10}
2024/03/05 08:09:46 making map order &{0 [../pg-metamorphosis.txt] 5 10}
2024/03/05 08:09:46 making map order &{0 [../pg-sherlock_holmes.txt] 6 10}
2024/03/05 08:09:46 making map order &{0 [../pg-tom_sawyer.txt] 7 10}
2024/03/05 08:09:46 done with make map order
2024/03/05 08:09:46 Map: 0 done vs. 8 working, Reduce 0 done vs. 0 working
2024/03/05 08:09:47 Coordinator work
2024/03/05 08:09:47 Coordinator status 0
2024/03/05 08:09:47 Coordinator work
2024/03/05 08:09:47 Coordinator status 0
2024/03/05 08:09:51 IsDone &{0 2024-03-05 08:09:47.287934253 +0800 CST m=+1.013804079 0xc0000a3e90} true
2024/03/05 08:09:51 Order 0 finish Map
2024/03/05 08:09:51 IsDone &{0 2024-03-05 08:09:47.299343466 +0800 CST m=+1.025213292 0xc0000a3f20} true
2024/03/05 08:09:51 Order 1 finish Map
2024/03/05 08:09:52 Coordinator work
2024/03/05 08:09:52 Coordinator status 0
2024/03/05 08:09:52 Coordinator work
2024/03/05 08:09:52 Coordinator status 0
2024/03/05 08:09:56 IsDone &{0 2024-03-05 08:09:52.379882608 +0800 CST m=+6.105752434 0xc0000a3fb0} true
2024/03/05 08:09:56 Order 2 finish Map
2024/03/05 08:09:56 IsDone &{0 2024-03-05 08:09:52.39969771 +0800 CST m=+6.125567538 0xc00011a060} true
2024/03/05 08:09:56 Order 3 finish Map
2024/03/05 08:09:57 Coordinator work
2024/03/05 08:09:57 Coordinator status 0
2024/03/05 08:09:57 Coordinator work
2024/03/05 08:09:57 Coordinator status 0
2024/03/05 08:10:01 IsDone &{0 2024-03-05 08:09:57.283673176 +0800 CST m=+11.009543028 0xc00011a0f0} true
2024/03/05 08:10:01 Order 4 finish Map
2024/03/05 08:10:01 IsDone &{0 2024-03-05 08:09:57.305349547 +0800 CST m=+11.031219376 0xc00011a180} true
2024/03/05 08:10:01 Order 5 finish Map
2024/03/05 08:10:02 Coordinator work
2024/03/05 08:10:02 Coordinator status 0
2024/03/05 08:10:02 Coordinator work
2024/03/05 08:10:02 Coordinator status 0
2024/03/05 08:10:04 IsDone &{0 2024-03-05 08:10:02.151067744 +0800 CST m=+15.876937569 0xc00011a210} true
2024/03/05 08:10:04 Order 6 finish Map
2024/03/05 08:10:04 IsDone &{0 2024-03-05 08:10:02.162255027 +0800 CST m=+15.888124853 0xc00011a2a0} true
2024/03/05 08:10:04 Order 7 finish Map
2024/03/05 08:10:05 Coordinator work
2024/03/05 08:10:05 Coordinator status 0
2024/03/05 08:10:05 Map: 8 done vs. 0 working, Reduce 0 done vs. 0 working
2024/03/05 08:10:05 forward: forward to Reuce Phase
2024/03/05 08:10:05 making reduce order : 8
2024/03/05 08:10:05 making reduce order : 9
2024/03/05 08:10:05 making reduce order : 10
2024/03/05 08:10:05 making reduce order : 11
2024/03/05 08:10:05 making reduce order : 12
2024/03/05 08:10:05 Coordinator work
2024/03/05 08:10:05 making reduce order : 13
2024/03/05 08:10:05 making reduce order : 14
2024/03/05 08:10:05 making reduce order : 15
2024/03/05 08:10:05 making reduce order : 16
2024/03/05 08:10:05 making reduce order : 17
2024/03/05 08:10:05 done with make reduce order
2024/03/05 08:10:05 Map: 8 done vs. 0 working, Reduce 0 done vs. 10 working
2024/03/05 08:10:05 Coordinator status 1
2024/03/05 08:10:05 Order 8 finish Reduce
2024/03/05 08:10:06 Coordinator work
2024/03/05 08:10:06 Coordinator status 1
2024/03/05 08:10:06 Order 9 finish Reduce
2024/03/05 08:10:07 Coordinator work
2024/03/05 08:10:07 Coordinator status 1
2024/03/05 08:10:07 Order 10 finish Reduce
2024/03/05 08:10:07 Coordinator work
2024/03/05 08:10:07 Coordinator status 1
2024/03/05 08:10:07 Order 11 finish Reduce
2024/03/05 08:10:08 Coordinator work
2024/03/05 08:10:08 Coordinator status 1
2024/03/05 08:10:08 Order 12 finish Reduce
2024/03/05 08:10:08 Coordinator work
2024/03/05 08:10:08 Coordinator status 1
2024/03/05 08:10:08 Order 13 finish Reduce
2024/03/05 08:10:09 Coordinator work
2024/03/05 08:10:09 Coordinator status 1
2024/03/05 08:10:09 Order 14 finish Reduce
2024/03/05 08:10:09 Coordinator work
2024/03/05 08:10:09 Coordinator status 1
2024/03/05 08:10:09 Order 15 finish Reduce
2024/03/05 08:10:10 Coordinator work
2024/03/05 08:10:10 Coordinator status 1
2024/03/05 08:10:10 Order 16 finish Reduce
2024/03/05 08:10:10 Coordinator work
2024/03/05 08:10:10 Coordinator status 1
2024/03/05 08:10:10 Order 17 finish Reduce
2024/03/05 08:10:11 Coordinator work
2024/03/05 08:10:11 Coordinator status 1
2024/03/05 08:10:11 Map: 8 done vs. 0 working, Reduce 10 done vs. 0 working
2024/03/05 08:10:11 forward: forward to done phase
2024/03/05 08:10:11 Coordinator work
2024/03/05 08:10:11 Coordinator status 2
