2024/03/04 21:37:36 making map order &{0 [../pg-being_ernest.txt] 0 10}
2024/03/04 21:37:36 making map order &{0 [../pg-dorian_gray.txt] 1 10}
2024/03/04 21:37:36 making map order &{0 [../pg-frankenstein.txt] 2 10}
2024/03/04 21:37:36 making map order &{0 [../pg-grimm.txt] 3 10}
2024/03/04 21:37:36 making map order &{0 [../pg-huckleberry_finn.txt] 4 10}
2024/03/04 21:37:36 making map order &{0 [../pg-metamorphosis.txt] 5 10}
2024/03/04 21:37:36 making map order &{0 [../pg-sherlock_holmes.txt] 6 10}
2024/03/04 21:37:36 making map order &{0 [../pg-tom_sawyer.txt] 7 10}
2024/03/04 21:37:36 done with make map order
2024/03/04 21:37:36 Map: 0 done vs. 8 working, Reduce 0 done vs. 0 working
2024/03/04 21:37:37 Coordinator work
2024/03/04 21:37:37 Coordinator status 0
2024/03/04 21:37:37 Coordinator work
2024/03/04 21:37:37 Coordinator status 0
2024/03/04 21:37:38 IsDone &{0 2024-03-04 21:37:37.183893128 +0800 CST m=+1.027132010 0xc00009de30} true
2024/03/04 21:37:38 Order 0 finish Map
2024/03/04 21:37:38 IsDone &{0 2024-03-04 21:37:37.185404784 +0800 CST m=+1.028643663 0xc00009dec0} true
2024/03/04 21:37:38 Order 1 finish Map
2024/03/04 21:37:39 Coordinator work
2024/03/04 21:37:39 Coordinator status 0
2024/03/04 21:37:39 Coordinator work
2024/03/04 21:37:39 Coordinator status 0
2024/03/04 21:37:40 IsDone &{0 2024-03-04 21:37:39.195825493 +0800 CST m=+3.039064371 0xc00009df50} true
2024/03/04 21:37:40 Order 2 finish Map
2024/03/04 21:37:40 IsDone &{0 2024-03-04 21:37:39.203738531 +0800 CST m=+3.046977412 0xc000118000} true
2024/03/04 21:37:40 Order 3 finish Map
2024/03/04 21:37:41 Coordinator work
2024/03/04 21:37:41 Coordinator status 0
2024/03/04 21:37:41 Coordinator work
2024/03/04 21:37:41 Coordinator status 0
2024/03/04 21:37:42 IsDone &{0 2024-03-04 21:37:41.222392363 +0800 CST m=+5.065631238 0xc000118120} true
2024/03/04 21:37:42 Order 5 finish Map
2024/03/04 21:37:42 IsDone &{0 2024-03-04 21:37:41.217541821 +0800 CST m=+5.060780696 0xc000118090} true
2024/03/04 21:37:42 Order 4 finish Map
2024/03/04 21:37:43 Coordinator work
2024/03/04 21:37:43 Coordinator status 0
2024/03/04 21:37:43 Coordinator work
2024/03/04 21:37:43 Coordinator status 0
2024/03/04 21:37:44 IsDone &{0 2024-03-04 21:37:43.239105895 +0800 CST m=+7.082344773 0xc000118240} true
2024/03/04 21:37:44 Order 7 finish Map
2024/03/04 21:37:44 IsDone &{0 2024-03-04 21:37:43.232759298 +0800 CST m=+7.075998186 0xc0001181b0} true
2024/03/04 21:37:44 Order 6 finish Map
2024/03/04 21:37:45 Coordinator work
2024/03/04 21:37:45 Coordinator status 0
2024/03/04 21:37:45 Map: 8 done vs. 0 working, Reduce 0 done vs. 0 working
2024/03/04 21:37:45 forward: forward to Reuce Phase
2024/03/04 21:37:45 making reduce order : 8
2024/03/04 21:37:45 making reduce order : 9
2024/03/04 21:37:45 Coordinator work
2024/03/04 21:37:45 making reduce order : 10
2024/03/04 21:37:45 making reduce order : 11
2024/03/04 21:37:45 making reduce order : 12
2024/03/04 21:37:45 making reduce order : 13
2024/03/04 21:37:45 making reduce order : 14
2024/03/04 21:37:45 making reduce order : 15
2024/03/04 21:37:45 making reduce order : 16
2024/03/04 21:37:45 making reduce order : 17
2024/03/04 21:37:45 done with make reduce order
2024/03/04 21:37:45 Map: 8 done vs. 0 working, Reduce 0 done vs. 10 working
2024/03/04 21:37:45 Coordinator status 1
2024/03/04 21:37:45 Order 8 finish Reduce
2024/03/04 21:37:46 Coordinator work
2024/03/04 21:37:46 Coordinator status 1
2024/03/04 21:37:46 Order 9 finish Reduce
2024/03/04 21:37:47 Coordinator work
2024/03/04 21:37:47 Coordinator status 1
2024/03/04 21:37:47 Order 10 finish Reduce
2024/03/04 21:37:47 Coordinator work
2024/03/04 21:37:47 Coordinator status 1
2024/03/04 21:37:47 Order 11 finish Reduce
2024/03/04 21:37:48 Coordinator work
2024/03/04 21:37:48 Coordinator status 1
2024/03/04 21:37:48 Order 12 finish Reduce
2024/03/04 21:37:48 Coordinator work
2024/03/04 21:37:48 Coordinator status 1
2024/03/04 21:37:48 Order 13 finish Reduce
2024/03/04 21:37:49 Coordinator work
2024/03/04 21:37:49 Coordinator status 1
2024/03/04 21:37:49 Order 14 finish Reduce
2024/03/04 21:37:49 Coordinator work
2024/03/04 21:37:49 Coordinator status 1
2024/03/04 21:37:49 Order 15 finish Reduce
2024/03/04 21:37:50 Coordinator work
2024/03/04 21:37:50 Coordinator status 1
2024/03/04 21:37:50 Order 16 finish Reduce
2024/03/04 21:37:50 Coordinator work
2024/03/04 21:37:50 Coordinator status 1
2024/03/04 21:37:50 Order 17 finish Reduce
2024/03/04 21:37:51 Coordinator work
2024/03/04 21:37:51 Coordinator status 1
2024/03/04 21:37:51 Map: 8 done vs. 0 working, Reduce 10 done vs. 0 working
2024/03/04 21:37:51 forward: forward to done phase
2024/03/04 21:37:51 Coordinator work
2024/03/04 21:37:51 Coordinator status 2
