2024/03/05 04:25:06 making map order &{0 [../pg-being_ernest.txt] 0 10}
2024/03/05 04:25:06 making map order &{0 [../pg-dorian_gray.txt] 1 10}
2024/03/05 04:25:06 making map order &{0 [../pg-frankenstein.txt] 2 10}
2024/03/05 04:25:06 making map order &{0 [../pg-grimm.txt] 3 10}
2024/03/05 04:25:06 making map order &{0 [../pg-huckleberry_finn.txt] 4 10}
2024/03/05 04:25:06 making map order &{0 [../pg-metamorphosis.txt] 5 10}
2024/03/05 04:25:06 making map order &{0 [../pg-sherlock_holmes.txt] 6 10}
2024/03/05 04:25:06 making map order &{0 [../pg-tom_sawyer.txt] 7 10}
2024/03/05 04:25:06 done with make map order
2024/03/05 04:25:06 Map: 0 done vs. 8 working, Reduce 0 done vs. 0 working
2024/03/05 04:25:07 Coordinator work
2024/03/05 04:25:07 Coordinator status 0
2024/03/05 04:25:07 Coordinator work
2024/03/05 04:25:07 Coordinator status 0
2024/03/05 04:25:07 IsDone &{0 2024-03-05 04:25:07.086685103 +0800 CST m=+1.019055612 0xc00009dd70} true
2024/03/05 04:25:07 Order 0 finish Map
2024/03/05 04:25:07 IsDone &{0 2024-03-05 04:25:07.087725688 +0800 CST m=+1.020096204 0xc00009de00} true
2024/03/05 04:25:07 Order 1 finish Map
2024/03/05 04:25:08 Coordinator work
2024/03/05 04:25:08 Coordinator status 0
2024/03/05 04:25:08 Coordinator work
2024/03/05 04:25:08 Coordinator status 0
2024/03/05 04:25:08 IsDone &{0 2024-03-05 04:25:08.097371647 +0800 CST m=+2.029742156 0xc00009de90} true
2024/03/05 04:25:08 Order 2 finish Map
2024/03/05 04:25:08 IsDone &{0 2024-03-05 04:25:08.112406658 +0800 CST m=+2.044777175 0xc00009df20} true
2024/03/05 04:25:08 Order 3 finish Map
2024/03/05 04:25:09 Coordinator work
2024/03/05 04:25:09 Coordinator status 0
2024/03/05 04:25:09 Coordinator work
2024/03/05 04:25:09 Coordinator status 0
2024/03/05 04:25:09 IsDone &{0 2024-03-05 04:25:09.131034344 +0800 CST m=+3.063404856 0xc000118060} true
2024/03/05 04:25:09 Order 5 finish Map
2024/03/05 04:25:09 IsDone &{0 2024-03-05 04:25:09.122532209 +0800 CST m=+3.054902740 0xc00009dfb0} true
2024/03/05 04:25:09 Order 4 finish Map
2024/03/05 04:25:10 Coordinator work
2024/03/05 04:25:10 Coordinator status 0
2024/03/05 04:25:10 Coordinator work
2024/03/05 04:25:10 Coordinator status 0
2024/03/05 04:25:10 IsDone &{0 2024-03-05 04:25:10.144909232 +0800 CST m=+4.077279745 0xc000118180} true
2024/03/05 04:25:10 Order 7 finish Map
2024/03/05 04:25:10 IsDone &{0 2024-03-05 04:25:10.144846586 +0800 CST m=+4.077217098 0xc0001180f0} true
2024/03/05 04:25:10 Order 6 finish Map
2024/03/05 04:25:11 Coordinator work
2024/03/05 04:25:11 Coordinator status 0
2024/03/05 04:25:11 Map: 8 done vs. 0 working, Reduce 0 done vs. 0 working
2024/03/05 04:25:11 forward: forward to Reuce Phase
2024/03/05 04:25:11 making reduce order : 8
2024/03/05 04:25:11 making reduce order : 9
2024/03/05 04:25:11 making reduce order : 10
2024/03/05 04:25:11 making reduce order : 11
2024/03/05 04:25:11 making reduce order : 12
2024/03/05 04:25:11 making reduce order : 13
2024/03/05 04:25:11 making reduce order : 14
2024/03/05 04:25:11 Coordinator work
2024/03/05 04:25:11 making reduce order : 15
2024/03/05 04:25:11 making reduce order : 16
2024/03/05 04:25:11 making reduce order : 17
2024/03/05 04:25:11 done with make reduce order
2024/03/05 04:25:11 Map: 8 done vs. 0 working, Reduce 0 done vs. 10 working
2024/03/05 04:25:11 Coordinator status 1
2024/03/05 04:25:12 Order 8 finish Reduce
2024/03/05 04:25:13 Coordinator work
2024/03/05 04:25:13 Coordinator status 1
2024/03/05 04:25:13 Coordinator work
2024/03/05 04:25:13 Coordinator status 1
2024/03/05 04:25:14 Order 9 finish Reduce
2024/03/05 04:25:14 Order 10 finish Reduce
2024/03/05 04:25:15 Coordinator work
2024/03/05 04:25:15 Coordinator status 1
2024/03/05 04:25:15 Coordinator work
2024/03/05 04:25:15 Coordinator status 1
2024/03/05 04:25:17 Order 11 finish Reduce
2024/03/05 04:25:17 Order 12 finish Reduce
2024/03/05 04:25:18 Coordinator work
2024/03/05 04:25:18 Coordinator status 1
2024/03/05 04:25:18 Coordinator work
2024/03/05 04:25:18 Coordinator status 1
2024/03/05 04:25:19 Order 13 finish Reduce
2024/03/05 04:25:19 Order 14 finish Reduce
2024/03/05 04:25:20 Coordinator work
2024/03/05 04:25:20 Coordinator status 1
2024/03/05 04:25:20 Coordinator work
2024/03/05 04:25:20 Coordinator status 1
2024/03/05 04:25:20 Order 16 finish Reduce
2024/03/05 04:25:20 Order 15 finish Reduce
2024/03/05 04:25:21 Coordinator work
2024/03/05 04:25:21 Coordinator status 1
2024/03/05 04:25:21 Coordinator work
2024/03/05 04:25:21 Coordinator status 1
2024/03/05 04:25:21 Map: 8 done vs. 0 working, Reduce 9 done vs. 1 working
2024/03/05 04:25:22 Order 17 finish Reduce
2024/03/05 04:25:23 Coordinator work
2024/03/05 04:25:23 Coordinator status 1
2024/03/05 04:25:23 Map: 8 done vs. 0 working, Reduce 10 done vs. 0 working
2024/03/05 04:25:23 forward: forward to done phase
2024/03/05 04:25:23 Coordinator work
2024/03/05 04:25:23 Coordinator status 2
