2024/03/05 07:35:49 making map order &{0 [../pg-being_ernest.txt] 0 10}
2024/03/05 07:35:49 making map order &{0 [../pg-dorian_gray.txt] 1 10}
2024/03/05 07:35:49 making map order &{0 [../pg-frankenstein.txt] 2 10}
2024/03/05 07:35:49 making map order &{0 [../pg-grimm.txt] 3 10}
2024/03/05 07:35:49 making map order &{0 [../pg-huckleberry_finn.txt] 4 10}
2024/03/05 07:35:49 making map order &{0 [../pg-metamorphosis.txt] 5 10}
2024/03/05 07:35:49 making map order &{0 [../pg-sherlock_holmes.txt] 6 10}
2024/03/05 07:35:49 making map order &{0 [../pg-tom_sawyer.txt] 7 10}
2024/03/05 07:35:49 done with make map order
2024/03/05 07:35:49 Map: 0 done vs. 8 working, Reduce 0 done vs. 0 working
2024/03/05 07:35:50 Coordinator work
2024/03/05 07:35:50 Coordinator status 0
2024/03/05 07:35:50 Coordinator work
2024/03/05 07:35:50 Coordinator status 0
2024/03/05 07:35:50 IsDone &{0 2024-03-05 07:35:50.570515664 +0800 CST m=+1.022251387 0xc0000723f0} true
2024/03/05 07:35:50 Order 0 finish Map
2024/03/05 07:35:50 IsDone &{0 2024-03-05 07:35:50.572680797 +0800 CST m=+1.024416514 0xc000072480} true
2024/03/05 07:35:50 Order 1 finish Map
2024/03/05 07:35:51 Coordinator work
2024/03/05 07:35:51 Coordinator status 0
2024/03/05 07:35:51 Coordinator work
2024/03/05 07:35:51 Coordinator status 0
2024/03/05 07:35:51 IsDone &{0 2024-03-05 07:35:51.587357704 +0800 CST m=+2.039093419 0xc000072510} true
2024/03/05 07:35:51 Order 2 finish Map
2024/03/05 07:35:51 IsDone &{0 2024-03-05 07:35:51.593974386 +0800 CST m=+2.045710108 0xc0000725a0} true
2024/03/05 07:35:51 Order 3 finish Map
2024/03/05 07:35:52 Coordinator work
2024/03/05 07:35:52 Coordinator status 0
2024/03/05 07:35:52 Coordinator work
2024/03/05 07:35:52 Coordinator status 0
2024/03/05 07:35:52 IsDone &{0 2024-03-05 07:35:52.613769955 +0800 CST m=+3.065505669 0xc0000726c0} true
2024/03/05 07:35:52 Order 5 finish Map
2024/03/05 07:35:52 IsDone &{0 2024-03-05 07:35:52.611618237 +0800 CST m=+3.063353962 0xc000072630} true
2024/03/05 07:35:52 Order 4 finish Map
2024/03/05 07:35:53 Coordinator work
2024/03/05 07:35:53 Coordinator status 0
2024/03/05 07:35:53 Coordinator work
2024/03/05 07:35:53 Coordinator status 0
2024/03/05 07:35:53 IsDone &{0 2024-03-05 07:35:53.626979661 +0800 CST m=+4.078715384 0xc000072750} true
2024/03/05 07:35:53 Order 6 finish Map
2024/03/05 07:35:53 IsDone &{0 2024-03-05 07:35:53.63530017 +0800 CST m=+4.087035885 0xc0000727e0} true
2024/03/05 07:35:53 Order 7 finish Map
2024/03/05 07:35:54 Coordinator work
2024/03/05 07:35:54 Coordinator status 0
2024/03/05 07:35:54 Map: 8 done vs. 0 working, Reduce 0 done vs. 0 working
2024/03/05 07:35:54 forward: forward to Reuce Phase
2024/03/05 07:35:54 making reduce order : 8
2024/03/05 07:35:54 making reduce order : 9
2024/03/05 07:35:54 making reduce order : 10
2024/03/05 07:35:54 making reduce order : 11
2024/03/05 07:35:54 making reduce order : 12
2024/03/05 07:35:54 making reduce order : 13
2024/03/05 07:35:54 making reduce order : 14
2024/03/05 07:35:54 making reduce order : 15
2024/03/05 07:35:54 Coordinator work
2024/03/05 07:35:54 making reduce order : 16
2024/03/05 07:35:54 making reduce order : 17
2024/03/05 07:35:54 done with make reduce order
2024/03/05 07:35:54 Map: 8 done vs. 0 working, Reduce 0 done vs. 10 working
2024/03/05 07:35:54 Coordinator status 1
2024/03/05 07:35:55 Order 8 finish Reduce
2024/03/05 07:35:56 Coordinator work
2024/03/05 07:35:56 Coordinator status 1
2024/03/05 07:35:56 Coordinator work
2024/03/05 07:35:56 Coordinator status 1
2024/03/05 07:35:57 Order 9 finish Reduce
2024/03/05 07:35:57 Order 10 finish Reduce
2024/03/05 07:35:58 Coordinator work
2024/03/05 07:35:58 Coordinator status 1
2024/03/05 07:35:58 Coordinator work
2024/03/05 07:35:58 Coordinator status 1
2024/03/05 07:36:00 Order 11 finish Reduce
2024/03/05 07:36:00 Order 12 finish Reduce
2024/03/05 07:36:01 Coordinator work
2024/03/05 07:36:01 Coordinator status 1
2024/03/05 07:36:01 Coordinator work
2024/03/05 07:36:01 Coordinator status 1
2024/03/05 07:36:02 Order 13 finish Reduce
2024/03/05 07:36:02 Order 14 finish Reduce
2024/03/05 07:36:03 Coordinator work
2024/03/05 07:36:03 Coordinator status 1
2024/03/05 07:36:03 Order 15 finish Reduce
2024/03/05 07:36:03 Coordinator work
2024/03/05 07:36:03 Coordinator status 1
2024/03/05 07:36:03 Order 16 finish Reduce
2024/03/05 07:36:04 Coordinator work
2024/03/05 07:36:04 Coordinator status 1
2024/03/05 07:36:04 Coordinator work
2024/03/05 07:36:04 Coordinator status 1
2024/03/05 07:36:04 Map: 8 done vs. 0 working, Reduce 9 done vs. 1 working
2024/03/05 07:36:05 Order 17 finish Reduce
2024/03/05 07:36:06 Coordinator work
2024/03/05 07:36:06 Coordinator status 1
2024/03/05 07:36:06 Map: 8 done vs. 0 working, Reduce 10 done vs. 0 working
2024/03/05 07:36:06 forward: forward to done phase
2024/03/05 07:36:06 Coordinator work
2024/03/05 07:36:06 Coordinator status 2
