2024/03/04 23:52:16 making map order &{0 [../pg-being_ernest.txt] 0 10}
2024/03/04 23:52:16 making map order &{0 [../pg-dorian_gray.txt] 1 10}
2024/03/04 23:52:16 making map order &{0 [../pg-frankenstein.txt] 2 10}
2024/03/04 23:52:16 making map order &{0 [../pg-grimm.txt] 3 10}
2024/03/04 23:52:16 making map order &{0 [../pg-huckleberry_finn.txt] 4 10}
2024/03/04 23:52:16 making map order &{0 [../pg-metamorphosis.txt] 5 10}
2024/03/04 23:52:16 making map order &{0 [../pg-sherlock_holmes.txt] 6 10}
2024/03/04 23:52:16 making map order &{0 [../pg-tom_sawyer.txt] 7 10}
2024/03/04 23:52:16 done with make map order
2024/03/04 23:52:16 Map: 0 done vs. 8 working, Reduce 0 done vs. 0 working
2024/03/04 23:52:17 Coordinator work
2024/03/04 23:52:17 Coordinator status 0
2024/03/04 23:52:17 IsDone &{0 2024-03-04 23:52:17.049466528 +0800 CST m=+1.026716065 0xc00011a000} true
2024/03/04 23:52:17 Order 0 finish Map
2024/03/04 23:52:17 Coordinator work
2024/03/04 23:52:17 Coordinator status 0
2024/03/04 23:52:17 Coordinator work
2024/03/04 23:52:17 Coordinator status 0
2024/03/04 23:52:17 IsDone &{0 2024-03-04 23:52:17.059344852 +0800 CST m=+1.036594390 0xc00011a090} true
2024/03/04 23:52:17 Order 1 finish Map
2024/03/04 23:52:17 IsDone &{0 2024-03-04 23:52:17.064211405 +0800 CST m=+1.041460942 0xc00011a120} true
2024/03/04 23:52:17 Order 2 finish Map
2024/03/04 23:52:18 Coordinator work
2024/03/04 23:52:18 Coordinator status 0
2024/03/04 23:52:18 IsDone &{0 2024-03-04 23:52:18.059630327 +0800 CST m=+2.036879870 0xc00011a1b0} true
2024/03/04 23:52:18 Order 3 finish Map
2024/03/04 23:52:18 Coordinator work
2024/03/04 23:52:18 Coordinator status 0
2024/03/04 23:52:18 Coordinator work
2024/03/04 23:52:18 Coordinator status 0
2024/03/04 23:52:18 IsDone &{0 2024-03-04 23:52:18.086223207 +0800 CST m=+2.063472746 0xc00011a2d0} true
2024/03/04 23:52:18 Order 5 finish Map
2024/03/04 23:52:18 IsDone &{0 2024-03-04 23:52:18.085711041 +0800 CST m=+2.062960582 0xc00011a240} true
2024/03/04 23:52:18 Order 4 finish Map
2024/03/04 23:52:19 Coordinator work
2024/03/04 23:52:19 Coordinator status 0
2024/03/04 23:52:19 Coordinator work
2024/03/04 23:52:19 Coordinator status 0
2024/03/04 23:52:19 IsDone &{0 2024-03-04 23:52:19.080073234 +0800 CST m=+3.057322775 0xc00011a360} true
2024/03/04 23:52:19 Order 6 finish Map
2024/03/04 23:52:19 Coordinator work
2024/03/04 23:52:19 Coordinator status 0
2024/03/04 23:52:19 Map: 7 done vs. 1 working, Reduce 0 done vs. 0 working
2024/03/04 23:52:19 IsDone &{0 2024-03-04 23:52:19.095080582 +0800 CST m=+3.072330116 0xc00011a3f0} true
2024/03/04 23:52:19 Order 7 finish Map
2024/03/04 23:52:20 Coordinator work
2024/03/04 23:52:20 Coordinator status 0
2024/03/04 23:52:20 Map: 8 done vs. 0 working, Reduce 0 done vs. 0 working
2024/03/04 23:52:20 forward: forward to Reuce Phase
2024/03/04 23:52:20 making reduce order : 8
2024/03/04 23:52:20 making reduce order : 9
2024/03/04 23:52:20 making reduce order : 10
2024/03/04 23:52:20 making reduce order : 11
2024/03/04 23:52:20 making reduce order : 12
2024/03/04 23:52:20 making reduce order : 13
2024/03/04 23:52:20 Coordinator work
2024/03/04 23:52:20 making reduce order : 14
2024/03/04 23:52:20 making reduce order : 15
2024/03/04 23:52:20 making reduce order : 16
2024/03/04 23:52:20 making reduce order : 17
2024/03/04 23:52:20 done with make reduce order
2024/03/04 23:52:20 Map: 8 done vs. 0 working, Reduce 0 done vs. 10 working
2024/03/04 23:52:20 Coordinator status 1
2024/03/04 23:52:20 Order 8 finish Reduce
2024/03/04 23:52:21 Coordinator work
2024/03/04 23:52:21 Coordinator status 1
2024/03/04 23:52:21 Order 9 finish Reduce
2024/03/04 23:52:21 Coordinator work
2024/03/04 23:52:21 Coordinator status 1
2024/03/04 23:52:22 Coordinator work
2024/03/04 23:52:22 Coordinator status 1
2024/03/04 23:52:22 Coordinator work
2024/03/04 23:52:22 Coordinator status 1
2024/03/04 23:52:22 Order 11 finish Reduce
2024/03/04 23:52:22 Order 12 finish Reduce
2024/03/04 23:52:23 Coordinator work
2024/03/04 23:52:23 Coordinator status 1
2024/03/04 23:52:23 Coordinator work
2024/03/04 23:52:23 Coordinator status 1
2024/03/04 23:52:23 Order 13 finish Reduce
2024/03/04 23:52:24 Order 10 finish Reduce
2024/03/04 23:52:24 Coordinator work
2024/03/04 23:52:24 Coordinator status 1
2024/03/04 23:52:24 Order 15 finish Reduce
2024/03/04 23:52:25 Coordinator work
2024/03/04 23:52:25 Coordinator status 1
2024/03/04 23:52:25 Order 16 finish Reduce
2024/03/04 23:52:25 Coordinator work
2024/03/04 23:52:25 Coordinator status 1
2024/03/04 23:52:25 Order 17 finish Reduce
2024/03/04 23:52:26 Coordinator work
2024/03/04 23:52:26 Order 14 finish Reduce
2024/03/04 23:52:26 Coordinator status 1
2024/03/04 23:52:26 Map: 8 done vs. 0 working, Reduce 10 done vs. 0 working
2024/03/04 23:52:26 forward: forward to done phase
2024/03/04 23:52:26 Coordinator work
2024/03/04 23:52:26 Coordinator status 2
2024/03/04 23:52:27 Coordinator work
2024/03/04 23:52:27 Coordinator status 2
