2024/03/05 11:42:16 making map order &{0 [../pg-being_ernest.txt] 0 10}
2024/03/05 11:42:16 making map order &{0 [../pg-dorian_gray.txt] 1 10}
2024/03/05 11:42:16 making map order &{0 [../pg-frankenstein.txt] 2 10}
2024/03/05 11:42:16 making map order &{0 [../pg-grimm.txt] 3 10}
2024/03/05 11:42:16 making map order &{0 [../pg-huckleberry_finn.txt] 4 10}
2024/03/05 11:42:16 making map order &{0 [../pg-metamorphosis.txt] 5 10}
2024/03/05 11:42:16 making map order &{0 [../pg-sherlock_holmes.txt] 6 10}
2024/03/05 11:42:16 making map order &{0 [../pg-tom_sawyer.txt] 7 10}
2024/03/05 11:42:16 done with make map order
2024/03/05 11:42:16 Map: 0 done vs. 8 working, Reduce 0 done vs. 0 working
2024/03/05 11:42:17 Coordinator work
2024/03/05 11:42:17 Coordinator status 0
2024/03/05 11:42:17 Coordinator work
2024/03/05 11:42:17 Coordinator status 0
2024/03/05 11:42:17 Coordinator work
2024/03/05 11:42:17 Coordinator status 0
2024/03/05 11:42:17 IsDone &{0 2024-03-05 11:42:17.799879949 +0800 CST m=+1.043827626 0xc00009fe30} true
2024/03/05 11:42:17 Order 0 finish Map
2024/03/05 11:42:17 IsDone &{0 2024-03-05 11:42:17.803138472 +0800 CST m=+1.047086154 0xc00009fec0} true
2024/03/05 11:42:17 Order 1 finish Map
2024/03/05 11:42:17 IsDone &{0 2024-03-05 11:42:17.810843664 +0800 CST m=+1.054791341 0xc00009ff50} true
2024/03/05 11:42:17 Order 2 finish Map
2024/03/05 11:42:18 Coordinator work
2024/03/05 11:42:18 Coordinator status 0
2024/03/05 11:42:18 Coordinator work
2024/03/05 11:42:18 Coordinator status 0
2024/03/05 11:42:18 Coordinator work
2024/03/05 11:42:18 Coordinator status 0
2024/03/05 11:42:18 IsDone &{0 2024-03-05 11:42:18.834348039 +0800 CST m=+2.078295715 0xc00011a120} true
2024/03/05 11:42:18 Order 5 finish Map
2024/03/05 11:42:18 IsDone &{0 2024-03-05 11:42:18.825836479 +0800 CST m=+2.069784157 0xc00011a090} true
2024/03/05 11:42:18 Order 4 finish Map
2024/03/05 11:42:18 IsDone &{0 2024-03-05 11:42:18.819273182 +0800 CST m=+2.063220857 0xc00011a000} true
2024/03/05 11:42:18 Order 3 finish Map
2024/03/05 11:42:19 Coordinator work
2024/03/05 11:42:19 Coordinator status 0
2024/03/05 11:42:19 Coordinator work
2024/03/05 11:42:19 Coordinator status 0
2024/03/05 11:42:19 Coordinator work
2024/03/05 11:42:19 Coordinator status 0
2024/03/05 11:42:19 Map: 6 done vs. 2 working, Reduce 0 done vs. 0 working
2024/03/05 11:42:19 IsDone &{0 2024-03-05 11:42:19.851816195 +0800 CST m=+3.095763871 0xc00011a240} true
2024/03/05 11:42:19 Order 7 finish Map
2024/03/05 11:42:19 IsDone &{0 2024-03-05 11:42:19.846957422 +0800 CST m=+3.090905102 0xc00011a1b0} true
2024/03/05 11:42:19 Order 6 finish Map
2024/03/05 11:42:20 Coordinator work
2024/03/05 11:42:20 Coordinator status 0
2024/03/05 11:42:20 Map: 8 done vs. 0 working, Reduce 0 done vs. 0 working
2024/03/05 11:42:20 forward: forward to Reuce Phase
2024/03/05 11:42:20 making reduce order : 8
2024/03/05 11:42:20 making reduce order : 9
2024/03/05 11:42:20 making reduce order : 10
2024/03/05 11:42:20 making reduce order : 11
2024/03/05 11:42:20 making reduce order : 12
2024/03/05 11:42:20 making reduce order : 13
2024/03/05 11:42:20 making reduce order : 14
2024/03/05 11:42:20 making reduce order : 15
2024/03/05 11:42:20 making reduce order : 16
2024/03/05 11:42:20 making reduce order : 17
2024/03/05 11:42:20 done with make reduce order
2024/03/05 11:42:20 Map: 8 done vs. 0 working, Reduce 0 done vs. 10 working
2024/03/05 11:42:20 Coordinator work
2024/03/05 11:42:20 Coordinator status 1
2024/03/05 11:42:20 Order 8 finish Reduce
2024/03/05 11:42:21 Coordinator work
2024/03/05 11:42:21 Coordinator status 1
2024/03/05 11:42:21 Order 9 finish Reduce
2024/03/05 11:42:21 Coordinator work
2024/03/05 11:42:21 Coordinator status 1
2024/03/05 11:42:22 Coordinator work
2024/03/05 11:42:22 Coordinator status 1
2024/03/05 11:42:22 Order 11 finish Reduce
2024/03/05 11:42:22 Coordinator work
2024/03/05 11:42:22 Coordinator status 1
2024/03/05 11:42:22 Order 12 finish Reduce
2024/03/05 11:42:23 Coordinator work
2024/03/05 11:42:23 Coordinator status 1
2024/03/05 11:42:23 Order 13 finish Reduce
2024/03/05 11:42:23 Coordinator work
2024/03/05 11:42:23 Coordinator status 1
2024/03/05 11:42:24 Coordinator work
2024/03/05 11:42:24 Coordinator status 1
2024/03/05 11:42:24 Order 15 finish Reduce
2024/03/05 11:42:24 Order 10 finish Reduce
2024/03/05 11:42:25 Coordinator work
2024/03/05 11:42:25 Coordinator status 1
2024/03/05 11:42:25 Order 16 finish Reduce
2024/03/05 11:42:25 Coordinator work
2024/03/05 11:42:25 Coordinator status 1
2024/03/05 11:42:25 Order 17 finish Reduce
2024/03/05 11:42:26 Coordinator work
2024/03/05 11:42:26 Coordinator status 1
2024/03/05 11:42:26 Map: 8 done vs. 0 working, Reduce 9 done vs. 1 working
2024/03/05 11:42:26 Order 14 finish Reduce
2024/03/05 11:42:26 Coordinator work
2024/03/05 11:42:26 Coordinator status 1
2024/03/05 11:42:26 Map: 8 done vs. 0 working, Reduce 10 done vs. 0 working
2024/03/05 11:42:26 forward: forward to done phase
2024/03/05 11:42:27 Coordinator work
2024/03/05 11:42:27 Coordinator status 2
