2024/03/05 08:54:54 making map order &{0 [../pg-being_ernest.txt] 0 10}
2024/03/05 08:54:54 making map order &{0 [../pg-dorian_gray.txt] 1 10}
2024/03/05 08:54:54 making map order &{0 [../pg-frankenstein.txt] 2 10}
2024/03/05 08:54:54 making map order &{0 [../pg-grimm.txt] 3 10}
2024/03/05 08:54:54 making map order &{0 [../pg-huckleberry_finn.txt] 4 10}
2024/03/05 08:54:54 making map order &{0 [../pg-metamorphosis.txt] 5 10}
2024/03/05 08:54:54 making map order &{0 [../pg-sherlock_holmes.txt] 6 10}
2024/03/05 08:54:54 making map order &{0 [../pg-tom_sawyer.txt] 7 10}
2024/03/05 08:54:54 done with make map order
2024/03/05 08:54:54 Map: 0 done vs. 8 working, Reduce 0 done vs. 0 working
2024/03/05 08:54:55 Coordinator work
2024/03/05 08:54:55 Coordinator status 0
2024/03/05 08:54:55 Coordinator work
2024/03/05 08:54:55 Coordinator status 0
2024/03/05 08:54:59 IsDone &{0 2024-03-05 08:54:55.72845386 +0800 CST m=+1.022001438 0xc000074360} true
2024/03/05 08:54:59 Order 0 finish Map
2024/03/05 08:54:59 IsDone &{0 2024-03-05 08:54:55.736154675 +0800 CST m=+1.029702252 0xc0000743f0} true
2024/03/05 08:54:59 Order 1 finish Map
2024/03/05 08:55:00 Coordinator work
2024/03/05 08:55:00 Coordinator status 0
2024/03/05 08:55:00 Coordinator work
2024/03/05 08:55:00 Coordinator status 0
2024/03/05 08:55:04 IsDone &{0 2024-03-05 08:55:00.81905713 +0800 CST m=+6.112604708 0xc000074480} true
2024/03/05 08:55:04 Order 2 finish Map
2024/03/05 08:55:04 IsDone &{0 2024-03-05 08:55:00.835143089 +0800 CST m=+6.128690665 0xc000074510} true
2024/03/05 08:55:04 Order 3 finish Map
2024/03/05 08:55:05 Coordinator work
2024/03/05 08:55:05 Coordinator status 0
2024/03/05 08:55:05 Coordinator work
2024/03/05 08:55:05 Coordinator status 0
2024/03/05 08:55:09 IsDone &{0 2024-03-05 08:55:05.7236033 +0800 CST m=+11.017150871 0xc0000745a0} true
2024/03/05 08:55:09 Order 4 finish Map
2024/03/05 08:55:09 IsDone &{0 2024-03-05 08:55:05.74115932 +0800 CST m=+11.034706898 0xc000074630} true
2024/03/05 08:55:09 Order 5 finish Map
2024/03/05 08:55:10 Coordinator work
2024/03/05 08:55:10 Coordinator status 0
2024/03/05 08:55:10 Coordinator work
2024/03/05 08:55:10 Coordinator status 0
2024/03/05 08:55:12 IsDone &{0 2024-03-05 08:55:10.597802432 +0800 CST m=+15.891350008 0xc000074750} true
2024/03/05 08:55:12 Order 7 finish Map
2024/03/05 08:55:12 IsDone &{0 2024-03-05 08:55:10.590929597 +0800 CST m=+15.884477170 0xc0000746c0} true
2024/03/05 08:55:12 Order 6 finish Map
2024/03/05 08:55:13 Coordinator work
2024/03/05 08:55:13 Coordinator status 0
2024/03/05 08:55:13 Map: 8 done vs. 0 working, Reduce 0 done vs. 0 working
2024/03/05 08:55:13 forward: forward to Reuce Phase
2024/03/05 08:55:13 making reduce order : 8
2024/03/05 08:55:13 making reduce order : 9
2024/03/05 08:55:13 making reduce order : 10
2024/03/05 08:55:13 making reduce order : 11
2024/03/05 08:55:13 making reduce order : 12
2024/03/05 08:55:13 making reduce order : 13
2024/03/05 08:55:13 making reduce order : 14
2024/03/05 08:55:13 making reduce order : 15
2024/03/05 08:55:13 making reduce order : 16
2024/03/05 08:55:13 making reduce order : 17
2024/03/05 08:55:13 Coordinator work
2024/03/05 08:55:13 done with make reduce order
2024/03/05 08:55:13 Map: 8 done vs. 0 working, Reduce 0 done vs. 10 working
2024/03/05 08:55:13 Coordinator status 1
2024/03/05 08:55:13 Order 8 finish Reduce
2024/03/05 08:55:14 Coordinator work
2024/03/05 08:55:14 Coordinator status 1
2024/03/05 08:55:14 Order 9 finish Reduce
2024/03/05 08:55:15 Coordinator work
2024/03/05 08:55:15 Coordinator status 1
2024/03/05 08:55:15 Order 10 finish Reduce
2024/03/05 08:55:15 Coordinator work
2024/03/05 08:55:15 Coordinator status 1
2024/03/05 08:55:15 Order 11 finish Reduce
2024/03/05 08:55:16 Coordinator work
2024/03/05 08:55:16 Coordinator status 1
2024/03/05 08:55:16 Order 12 finish Reduce
2024/03/05 08:55:16 Coordinator work
2024/03/05 08:55:16 Coordinator status 1
2024/03/05 08:55:16 Order 13 finish Reduce
2024/03/05 08:55:17 Coordinator work
2024/03/05 08:55:17 Coordinator status 1
2024/03/05 08:55:17 Order 14 finish Reduce
2024/03/05 08:55:17 Coordinator work
2024/03/05 08:55:17 Coordinator status 1
2024/03/05 08:55:17 Order 15 finish Reduce
2024/03/05 08:55:18 Coordinator work
2024/03/05 08:55:18 Coordinator status 1
2024/03/05 08:55:18 Order 16 finish Reduce
2024/03/05 08:55:18 Coordinator work
2024/03/05 08:55:18 Coordinator status 1
2024/03/05 08:55:18 Order 17 finish Reduce
2024/03/05 08:55:19 Coordinator work
2024/03/05 08:55:19 Coordinator status 1
2024/03/05 08:55:19 Map: 8 done vs. 0 working, Reduce 10 done vs. 0 working
2024/03/05 08:55:19 forward: forward to done phase
2024/03/05 08:55:19 Coordinator work
2024/03/05 08:55:19 Coordinator status 2
