2024/03/05 03:07:09 making map order &{0 [../pg-being_ernest.txt] 0 10}
2024/03/05 03:07:09 making map order &{0 [../pg-dorian_gray.txt] 1 10}
2024/03/05 03:07:09 making map order &{0 [../pg-frankenstein.txt] 2 10}
2024/03/05 03:07:09 making map order &{0 [../pg-grimm.txt] 3 10}
2024/03/05 03:07:09 making map order &{0 [../pg-huckleberry_finn.txt] 4 10}
2024/03/05 03:07:09 making map order &{0 [../pg-metamorphosis.txt] 5 10}
2024/03/05 03:07:09 making map order &{0 [../pg-sherlock_holmes.txt] 6 10}
2024/03/05 03:07:09 making map order &{0 [../pg-tom_sawyer.txt] 7 10}
2024/03/05 03:07:09 done with make map order
2024/03/05 03:07:09 Map: 0 done vs. 8 working, Reduce 0 done vs. 0 working
2024/03/05 03:07:10 Coordinator work
2024/03/05 03:07:10 Coordinator status 0
2024/03/05 03:07:10 Coordinator work
2024/03/05 03:07:10 Coordinator status 0
2024/03/05 03:07:14 IsDone &{0 2024-03-05 03:07:10.28280792 +0800 CST m=+1.020592351 0xc00009ddd0} true
2024/03/05 03:07:14 Order 0 finish Map
2024/03/05 03:07:14 IsDone &{0 2024-03-05 03:07:10.28943366 +0800 CST m=+1.027218091 0xc00009de60} true
2024/03/05 03:07:14 Order 1 finish Map
2024/03/05 03:07:15 Coordinator work
2024/03/05 03:07:15 Coordinator status 0
2024/03/05 03:07:15 Coordinator work
2024/03/05 03:07:15 Coordinator status 0
2024/03/05 03:07:19 IsDone &{0 2024-03-05 03:07:15.374321709 +0800 CST m=+6.112106137 0xc00009def0} true
2024/03/05 03:07:19 Order 2 finish Map
2024/03/05 03:07:19 IsDone &{0 2024-03-05 03:07:15.393090771 +0800 CST m=+6.130875198 0xc00009df80} true
2024/03/05 03:07:19 Order 3 finish Map
2024/03/05 03:07:20 Coordinator work
2024/03/05 03:07:20 Coordinator status 0
2024/03/05 03:07:20 Coordinator work
2024/03/05 03:07:20 Coordinator status 0
2024/03/05 03:07:24 IsDone &{0 2024-03-05 03:07:20.276850023 +0800 CST m=+11.014634454 0xc000118030} true
2024/03/05 03:07:24 Order 4 finish Map
2024/03/05 03:07:24 IsDone &{0 2024-03-05 03:07:20.299291166 +0800 CST m=+11.037075596 0xc0001180c0} true
2024/03/05 03:07:24 Order 5 finish Map
2024/03/05 03:07:25 Coordinator work
2024/03/05 03:07:25 Coordinator status 0
2024/03/05 03:07:25 Coordinator work
2024/03/05 03:07:25 Coordinator status 0
2024/03/05 03:07:27 IsDone &{0 2024-03-05 03:07:25.144851365 +0800 CST m=+15.882635793 0xc000118150} true
2024/03/05 03:07:27 Order 6 finish Map
2024/03/05 03:07:27 IsDone &{0 2024-03-05 03:07:25.155251424 +0800 CST m=+15.893035858 0xc0001181e0} true
2024/03/05 03:07:27 Order 7 finish Map
2024/03/05 03:07:28 Coordinator work
2024/03/05 03:07:28 Coordinator status 0
2024/03/05 03:07:28 Map: 8 done vs. 0 working, Reduce 0 done vs. 0 working
2024/03/05 03:07:28 forward: forward to Reuce Phase
2024/03/05 03:07:28 making reduce order : 8
2024/03/05 03:07:28 making reduce order : 9
2024/03/05 03:07:28 making reduce order : 10
2024/03/05 03:07:28 Coordinator work
2024/03/05 03:07:28 making reduce order : 11
2024/03/05 03:07:28 making reduce order : 12
2024/03/05 03:07:28 making reduce order : 13
2024/03/05 03:07:28 making reduce order : 14
2024/03/05 03:07:28 making reduce order : 15
2024/03/05 03:07:28 making reduce order : 16
2024/03/05 03:07:28 making reduce order : 17
2024/03/05 03:07:28 done with make reduce order
2024/03/05 03:07:28 Map: 8 done vs. 0 working, Reduce 0 done vs. 10 working
2024/03/05 03:07:28 Coordinator status 1
2024/03/05 03:07:28 Order 8 finish Reduce
2024/03/05 03:07:29 Coordinator work
2024/03/05 03:07:29 Coordinator status 1
2024/03/05 03:07:29 Order 9 finish Reduce
2024/03/05 03:07:30 Coordinator work
2024/03/05 03:07:30 Coordinator status 1
2024/03/05 03:07:30 Order 10 finish Reduce
2024/03/05 03:07:30 Coordinator work
2024/03/05 03:07:30 Coordinator status 1
2024/03/05 03:07:30 Order 11 finish Reduce
2024/03/05 03:07:31 Coordinator work
2024/03/05 03:07:31 Coordinator status 1
2024/03/05 03:07:31 Order 12 finish Reduce
2024/03/05 03:07:31 Coordinator work
2024/03/05 03:07:31 Coordinator status 1
2024/03/05 03:07:31 Order 13 finish Reduce
2024/03/05 03:07:32 Coordinator work
2024/03/05 03:07:32 Coordinator status 1
2024/03/05 03:07:32 Order 14 finish Reduce
2024/03/05 03:07:32 Coordinator work
2024/03/05 03:07:32 Coordinator status 1
2024/03/05 03:07:32 Order 15 finish Reduce
2024/03/05 03:07:33 Coordinator work
2024/03/05 03:07:33 Coordinator status 1
2024/03/05 03:07:33 Order 16 finish Reduce
2024/03/05 03:07:33 Coordinator work
2024/03/05 03:07:33 Coordinator status 1
2024/03/05 03:07:33 Order 17 finish Reduce
2024/03/05 03:07:34 Coordinator work
2024/03/05 03:07:34 Coordinator status 1
2024/03/05 03:07:34 Map: 8 done vs. 0 working, Reduce 10 done vs. 0 working
2024/03/05 03:07:34 forward: forward to done phase
2024/03/05 03:07:34 Coordinator work
2024/03/05 03:07:34 Coordinator status 2
