2024/03/05 04:46:49 making map order &{0 [../pg-being_ernest.txt] 0 10}
2024/03/05 04:46:49 making map order &{0 [../pg-dorian_gray.txt] 1 10}
2024/03/05 04:46:49 making map order &{0 [../pg-frankenstein.txt] 2 10}
2024/03/05 04:46:49 making map order &{0 [../pg-grimm.txt] 3 10}
2024/03/05 04:46:49 making map order &{0 [../pg-huckleberry_finn.txt] 4 10}
2024/03/05 04:46:49 making map order &{0 [../pg-metamorphosis.txt] 5 10}
2024/03/05 04:46:49 making map order &{0 [../pg-sherlock_holmes.txt] 6 10}
2024/03/05 04:46:49 making map order &{0 [../pg-tom_sawyer.txt] 7 10}
2024/03/05 04:46:49 done with make map order
2024/03/05 04:46:49 Map: 0 done vs. 8 working, Reduce 0 done vs. 0 working
2024/03/05 04:46:50 Coordinator work
2024/03/05 04:46:50 Coordinator status 0
2024/03/05 04:46:50 Coordinator work
2024/03/05 04:46:50 Coordinator status 0
2024/03/05 04:46:51 IsDone &{0 2024-03-05 04:46:50.320434704 +0800 CST m=+1.013404229 0xc0000a3d40} true
2024/03/05 04:46:51 Order 0 finish Map
2024/03/05 04:46:51 IsDone &{0 2024-03-05 04:46:50.322516175 +0800 CST m=+1.015485700 0xc0000a3dd0} true
2024/03/05 04:46:51 Order 1 finish Map
2024/03/05 04:46:52 Coordinator work
2024/03/05 04:46:52 Coordinator status 0
2024/03/05 04:46:52 Coordinator work
2024/03/05 04:46:52 Coordinator status 0
2024/03/05 04:46:53 IsDone &{0 2024-03-05 04:46:52.332488923 +0800 CST m=+3.025458449 0xc0000a3e60} true
2024/03/05 04:46:53 Order 2 finish Map
2024/03/05 04:46:53 IsDone &{0 2024-03-05 04:46:52.342987857 +0800 CST m=+3.035957383 0xc0000a3ef0} true
2024/03/05 04:46:53 Order 3 finish Map
2024/03/05 04:46:54 Coordinator work
2024/03/05 04:46:54 Coordinator status 0
2024/03/05 04:46:54 Coordinator work
2024/03/05 04:46:54 Coordinator status 0
2024/03/05 04:46:55 IsDone &{0 2024-03-05 04:46:54.360854823 +0800 CST m=+5.053824351 0xc00011a030} true
2024/03/05 04:46:55 Order 5 finish Map
2024/03/05 04:46:55 IsDone &{0 2024-03-05 04:46:54.355028448 +0800 CST m=+5.047997976 0xc0000a3f80} true
2024/03/05 04:46:55 Order 4 finish Map
2024/03/05 04:46:56 Coordinator work
2024/03/05 04:46:56 Coordinator status 0
2024/03/05 04:46:56 Coordinator work
2024/03/05 04:46:56 Coordinator status 0
2024/03/05 04:46:57 IsDone &{0 2024-03-05 04:46:56.37136044 +0800 CST m=+7.064329967 0xc00011a0c0} true
2024/03/05 04:46:57 Order 6 finish Map
2024/03/05 04:46:57 IsDone &{0 2024-03-05 04:46:56.375873987 +0800 CST m=+7.068843514 0xc00011a150} true
2024/03/05 04:46:57 Order 7 finish Map
2024/03/05 04:46:58 Coordinator work
2024/03/05 04:46:58 Coordinator status 0
2024/03/05 04:46:58 Map: 8 done vs. 0 working, Reduce 0 done vs. 0 working
2024/03/05 04:46:58 forward: forward to Reuce Phase
2024/03/05 04:46:58 making reduce order : 8
2024/03/05 04:46:58 making reduce order : 9
2024/03/05 04:46:58 making reduce order : 10
2024/03/05 04:46:58 making reduce order : 11
2024/03/05 04:46:58 making reduce order : 12
2024/03/05 04:46:58 making reduce order : 13
2024/03/05 04:46:58 making reduce order : 14
2024/03/05 04:46:58 making reduce order : 15
2024/03/05 04:46:58 making reduce order : 16
2024/03/05 04:46:58 making reduce order : 17
2024/03/05 04:46:58 done with make reduce order
2024/03/05 04:46:58 Map: 8 done vs. 0 working, Reduce 0 done vs. 10 working
2024/03/05 04:46:58 Coordinator work
2024/03/05 04:46:58 Coordinator status 1
2024/03/05 04:46:58 Order 8 finish Reduce
2024/03/05 04:46:59 Coordinator work
2024/03/05 04:46:59 Coordinator status 1
2024/03/05 04:46:59 Order 9 finish Reduce
2024/03/05 04:47:00 Coordinator work
2024/03/05 04:47:00 Coordinator status 1
2024/03/05 04:47:00 Order 10 finish Reduce
2024/03/05 04:47:00 Coordinator work
2024/03/05 04:47:00 Coordinator status 1
2024/03/05 04:47:00 Order 11 finish Reduce
2024/03/05 04:47:01 Coordinator work
2024/03/05 04:47:01 Coordinator status 1
2024/03/05 04:47:01 Order 12 finish Reduce
2024/03/05 04:47:01 Coordinator work
2024/03/05 04:47:01 Coordinator status 1
2024/03/05 04:47:01 Order 13 finish Reduce
2024/03/05 04:47:02 Coordinator work
2024/03/05 04:47:02 Coordinator status 1
2024/03/05 04:47:02 Order 14 finish Reduce
2024/03/05 04:47:02 Coordinator work
2024/03/05 04:47:02 Coordinator status 1
2024/03/05 04:47:02 Order 15 finish Reduce
2024/03/05 04:47:03 Coordinator work
2024/03/05 04:47:03 Coordinator status 1
2024/03/05 04:47:03 Order 16 finish Reduce
2024/03/05 04:47:03 Coordinator work
2024/03/05 04:47:03 Coordinator status 1
2024/03/05 04:47:03 Order 17 finish Reduce
2024/03/05 04:47:04 Coordinator work
2024/03/05 04:47:04 Coordinator status 1
2024/03/05 04:47:04 Map: 8 done vs. 0 working, Reduce 10 done vs. 0 working
2024/03/05 04:47:04 forward: forward to done phase
2024/03/05 04:47:04 Coordinator work
2024/03/05 04:47:04 Coordinator status 2
