2024/03/05 02:49:24 making map order &{0 [../pg-being_ernest.txt] 0 10}
2024/03/05 02:49:24 making map order &{0 [../pg-dorian_gray.txt] 1 10}
2024/03/05 02:49:24 making map order &{0 [../pg-frankenstein.txt] 2 10}
2024/03/05 02:49:24 making map order &{0 [../pg-grimm.txt] 3 10}
2024/03/05 02:49:24 making map order &{0 [../pg-huckleberry_finn.txt] 4 10}
2024/03/05 02:49:24 making map order &{0 [../pg-metamorphosis.txt] 5 10}
2024/03/05 02:49:24 making map order &{0 [../pg-sherlock_holmes.txt] 6 10}
2024/03/05 02:49:24 making map order &{0 [../pg-tom_sawyer.txt] 7 10}
2024/03/05 02:49:24 done with make map order
2024/03/05 02:49:24 Map: 0 done vs. 8 working, Reduce 0 done vs. 0 working
2024/03/05 02:49:25 Coordinator work
2024/03/05 02:49:25 Coordinator status 0
2024/03/05 02:49:25 Coordinator work
2024/03/05 02:49:25 Coordinator status 0
2024/03/05 02:49:25 IsDone &{0 2024-03-05 02:49:25.578153186 +0800 CST m=+1.014522295 0xc000184030} true
2024/03/05 02:49:25 Order 0 finish Map
2024/03/05 02:49:25 IsDone &{0 2024-03-05 02:49:25.579111099 +0800 CST m=+1.015480211 0xc0001840c0} true
2024/03/05 02:49:25 Order 1 finish Map
2024/03/05 02:49:26 Coordinator work
2024/03/05 02:49:26 Coordinator status 0
2024/03/05 02:49:26 Coordinator work
2024/03/05 02:49:26 Coordinator status 0
2024/03/05 02:49:26 IsDone &{0 2024-03-05 02:49:26.663167297 +0800 CST m=+2.099536404 0xc000184150} true
2024/03/05 02:49:26 Order 2 finish Map
2024/03/05 02:49:26 IsDone &{0 2024-03-05 02:49:26.806385312 +0800 CST m=+2.242754417 0xc0001841e0} true
2024/03/05 02:49:26 Order 3 finish Map
2024/03/05 02:49:27 Coordinator work
2024/03/05 02:49:27 Coordinator status 0
2024/03/05 02:49:27 Coordinator work
2024/03/05 02:49:27 Coordinator status 0
2024/03/05 02:49:28 IsDone &{0 2024-03-05 02:49:27.872754822 +0800 CST m=+3.309123934 0xc000184270} true
2024/03/05 02:49:28 Order 4 finish Map
2024/03/05 02:49:28 IsDone &{0 2024-03-05 02:49:27.994666283 +0800 CST m=+3.431035386 0xc000184300} true
2024/03/05 02:49:28 Order 5 finish Map
2024/03/05 02:49:29 Coordinator work
2024/03/05 02:49:29 Coordinator status 0
2024/03/05 02:49:29 Coordinator work
2024/03/05 02:49:29 Coordinator status 0
2024/03/05 02:49:29 IsDone &{0 2024-03-05 02:49:29.126864747 +0800 CST m=+4.563233850 0xc000184420} true
2024/03/05 02:49:29 Order 7 finish Map
2024/03/05 02:49:29 IsDone &{0 2024-03-05 02:49:29.113846738 +0800 CST m=+4.550215856 0xc000184390} true
2024/03/05 02:49:29 Order 6 finish Map
2024/03/05 02:49:30 Coordinator work
2024/03/05 02:49:30 Coordinator status 0
2024/03/05 02:49:30 Map: 8 done vs. 0 working, Reduce 0 done vs. 0 working
2024/03/05 02:49:30 forward: forward to Reuce Phase
2024/03/05 02:49:30 making reduce order : 8
2024/03/05 02:49:30 making reduce order : 9
2024/03/05 02:49:30 making reduce order : 10
2024/03/05 02:49:30 making reduce order : 11
2024/03/05 02:49:30 making reduce order : 12
2024/03/05 02:49:30 making reduce order : 13
2024/03/05 02:49:30 making reduce order : 14
2024/03/05 02:49:30 making reduce order : 15
2024/03/05 02:49:30 making reduce order : 16
2024/03/05 02:49:30 making reduce order : 17
2024/03/05 02:49:30 done with make reduce order
2024/03/05 02:49:30 Map: 8 done vs. 0 working, Reduce 0 done vs. 10 working
2024/03/05 02:49:30 Coordinator work
2024/03/05 02:49:30 Coordinator status 1
2024/03/05 02:49:30 Order 8 finish Reduce
2024/03/05 02:49:31 Coordinator work
2024/03/05 02:49:31 Coordinator status 1
2024/03/05 02:49:31 Order 9 finish Reduce
2024/03/05 02:49:32 Coordinator work
2024/03/05 02:49:32 Coordinator status 1
2024/03/05 02:49:32 Order 10 finish Reduce
2024/03/05 02:49:32 Coordinator work
2024/03/05 02:49:32 Coordinator status 1
2024/03/05 02:49:32 Order 11 finish Reduce
2024/03/05 02:49:33 Coordinator work
2024/03/05 02:49:33 Coordinator status 1
2024/03/05 02:49:33 Order 12 finish Reduce
2024/03/05 02:49:33 Coordinator work
2024/03/05 02:49:33 Coordinator status 1
2024/03/05 02:49:33 Order 13 finish Reduce
2024/03/05 02:49:34 Coordinator work
2024/03/05 02:49:34 Coordinator status 1
2024/03/05 02:49:34 Order 14 finish Reduce
2024/03/05 02:49:34 Coordinator work
2024/03/05 02:49:34 Coordinator status 1
2024/03/05 02:49:34 Order 15 finish Reduce
2024/03/05 02:49:35 Coordinator work
2024/03/05 02:49:35 Coordinator status 1
2024/03/05 02:49:35 Order 16 finish Reduce
2024/03/05 02:49:35 Coordinator work
2024/03/05 02:49:35 Coordinator status 1
2024/03/05 02:49:36 Order 17 finish Reduce
2024/03/05 02:49:36 Coordinator work
2024/03/05 02:49:36 Coordinator status 1
2024/03/05 02:49:36 Map: 8 done vs. 0 working, Reduce 10 done vs. 0 working
2024/03/05 02:49:36 forward: forward to done phase
2024/03/05 02:49:37 Coordinator work
2024/03/05 02:49:37 Coordinator status 2
