2024/03/05 10:31:54 making map order &{0 [../pg-being_ernest.txt] 0 10}
2024/03/05 10:31:54 making map order &{0 [../pg-dorian_gray.txt] 1 10}
2024/03/05 10:31:54 making map order &{0 [../pg-frankenstein.txt] 2 10}
2024/03/05 10:31:54 making map order &{0 [../pg-grimm.txt] 3 10}
2024/03/05 10:31:54 making map order &{0 [../pg-huckleberry_finn.txt] 4 10}
2024/03/05 10:31:54 making map order &{0 [../pg-metamorphosis.txt] 5 10}
2024/03/05 10:31:54 making map order &{0 [../pg-sherlock_holmes.txt] 6 10}
2024/03/05 10:31:54 making map order &{0 [../pg-tom_sawyer.txt] 7 10}
2024/03/05 10:31:54 done with make map order
2024/03/05 10:31:54 Map: 0 done vs. 8 working, Reduce 0 done vs. 0 working
2024/03/05 10:31:55 Coordinator work
2024/03/05 10:31:55 Coordinator status 0
2024/03/05 10:31:55 Coordinator work
2024/03/05 10:31:55 Coordinator status 0
2024/03/05 10:31:56 IsDone &{0 2024-03-05 10:31:55.758903008 +0800 CST m=+1.024525315 0xc000074240} true
2024/03/05 10:31:56 Order 0 finish Map
2024/03/05 10:31:56 IsDone &{0 2024-03-05 10:31:55.75937223 +0800 CST m=+1.024994556 0xc0000742d0} true
2024/03/05 10:31:56 Order 1 finish Map
2024/03/05 10:31:57 Coordinator work
2024/03/05 10:31:57 Coordinator status 0
2024/03/05 10:31:57 Coordinator work
2024/03/05 10:31:57 Coordinator status 0
2024/03/05 10:31:58 IsDone &{0 2024-03-05 10:31:57.771290155 +0800 CST m=+3.036912463 0xc000074360} true
2024/03/05 10:31:58 Order 2 finish Map
2024/03/05 10:31:58 IsDone &{0 2024-03-05 10:31:57.779058128 +0800 CST m=+3.044680439 0xc0000743f0} true
2024/03/05 10:31:58 Order 3 finish Map
2024/03/05 10:31:59 Coordinator work
2024/03/05 10:31:59 Coordinator status 0
2024/03/05 10:31:59 Coordinator work
2024/03/05 10:31:59 Coordinator status 0
2024/03/05 10:32:00 IsDone &{0 2024-03-05 10:31:59.800004617 +0800 CST m=+5.065626922 0xc000074510} true
2024/03/05 10:32:00 Order 5 finish Map
2024/03/05 10:32:00 IsDone &{0 2024-03-05 10:31:59.792666601 +0800 CST m=+5.058288909 0xc000074480} true
2024/03/05 10:32:00 Order 4 finish Map
2024/03/05 10:32:01 Coordinator work
2024/03/05 10:32:01 Coordinator status 0
2024/03/05 10:32:01 Coordinator work
2024/03/05 10:32:01 Coordinator status 0
2024/03/05 10:32:02 IsDone &{0 2024-03-05 10:32:01.820362627 +0800 CST m=+7.085984936 0xc000074630} true
2024/03/05 10:32:02 Order 7 finish Map
2024/03/05 10:32:02 IsDone &{0 2024-03-05 10:32:01.817151772 +0800 CST m=+7.082774078 0xc0000745a0} true
2024/03/05 10:32:02 Order 6 finish Map
2024/03/05 10:32:03 Coordinator work
2024/03/05 10:32:03 Coordinator status 0
2024/03/05 10:32:03 Map: 8 done vs. 0 working, Reduce 0 done vs. 0 working
2024/03/05 10:32:03 forward: forward to Reuce Phase
2024/03/05 10:32:03 making reduce order : 8
2024/03/05 10:32:03 making reduce order : 9
2024/03/05 10:32:03 making reduce order : 10
2024/03/05 10:32:03 making reduce order : 11
2024/03/05 10:32:03 Coordinator work
2024/03/05 10:32:03 making reduce order : 12
2024/03/05 10:32:03 making reduce order : 13
2024/03/05 10:32:03 making reduce order : 14
2024/03/05 10:32:03 making reduce order : 15
2024/03/05 10:32:03 making reduce order : 16
2024/03/05 10:32:03 making reduce order : 17
2024/03/05 10:32:03 done with make reduce order
2024/03/05 10:32:03 Map: 8 done vs. 0 working, Reduce 0 done vs. 10 working
2024/03/05 10:32:03 Coordinator status 1
2024/03/05 10:32:03 Order 8 finish Reduce
2024/03/05 10:32:04 Coordinator work
2024/03/05 10:32:04 Coordinator status 1
2024/03/05 10:32:04 Order 9 finish Reduce
2024/03/05 10:32:05 Coordinator work
2024/03/05 10:32:05 Coordinator status 1
2024/03/05 10:32:05 Order 10 finish Reduce
2024/03/05 10:32:05 Coordinator work
2024/03/05 10:32:05 Coordinator status 1
2024/03/05 10:32:05 Order 11 finish Reduce
2024/03/05 10:32:06 Coordinator work
2024/03/05 10:32:06 Coordinator status 1
2024/03/05 10:32:06 Order 12 finish Reduce
2024/03/05 10:32:06 Coordinator work
2024/03/05 10:32:06 Coordinator status 1
2024/03/05 10:32:06 Order 13 finish Reduce
2024/03/05 10:32:07 Coordinator work
2024/03/05 10:32:07 Coordinator status 1
2024/03/05 10:32:07 Order 14 finish Reduce
2024/03/05 10:32:07 Coordinator work
2024/03/05 10:32:07 Coordinator status 1
2024/03/05 10:32:07 Order 15 finish Reduce
2024/03/05 10:32:08 Coordinator work
2024/03/05 10:32:08 Coordinator status 1
2024/03/05 10:32:08 Order 16 finish Reduce
2024/03/05 10:32:08 Coordinator work
2024/03/05 10:32:08 Coordinator status 1
2024/03/05 10:32:08 Order 17 finish Reduce
2024/03/05 10:32:09 Coordinator work
2024/03/05 10:32:09 Coordinator status 1
2024/03/05 10:32:09 Map: 8 done vs. 0 working, Reduce 10 done vs. 0 working
2024/03/05 10:32:09 forward: forward to done phase
2024/03/05 10:32:09 Coordinator work
2024/03/05 10:32:09 Coordinator status 2
