2024/03/05 10:16:45 making map order &{0 [../pg-being_ernest.txt] 0 10}
2024/03/05 10:16:45 making map order &{0 [../pg-dorian_gray.txt] 1 10}
2024/03/05 10:16:45 making map order &{0 [../pg-frankenstein.txt] 2 10}
2024/03/05 10:16:45 making map order &{0 [../pg-grimm.txt] 3 10}
2024/03/05 10:16:45 making map order &{0 [../pg-huckleberry_finn.txt] 4 10}
2024/03/05 10:16:45 making map order &{0 [../pg-metamorphosis.txt] 5 10}
2024/03/05 10:16:45 making map order &{0 [../pg-sherlock_holmes.txt] 6 10}
2024/03/05 10:16:45 making map order &{0 [../pg-tom_sawyer.txt] 7 10}
2024/03/05 10:16:45 done with make map order
2024/03/05 10:16:45 Map: 0 done vs. 8 working, Reduce 0 done vs. 0 working
2024/03/05 10:16:47 Coordinator work
2024/03/05 10:16:47 Coordinator status 0
2024/03/05 10:16:47 Coordinator work
2024/03/05 10:16:47 Coordinator status 0
2024/03/05 10:16:48 IsDone &{0 2024-03-05 10:16:47.018879259 +0800 CST m=+1.027155492 0xc000076240} true
2024/03/05 10:16:48 Order 0 finish Map
2024/03/05 10:16:48 IsDone &{0 2024-03-05 10:16:47.032274291 +0800 CST m=+1.040550521 0xc0000762d0} true
2024/03/05 10:16:48 Order 1 finish Map
2024/03/05 10:16:49 Coordinator work
2024/03/05 10:16:49 Coordinator status 0
2024/03/05 10:16:49 Coordinator work
2024/03/05 10:16:49 Coordinator status 0
2024/03/05 10:16:50 IsDone &{0 2024-03-05 10:16:49.033789201 +0800 CST m=+3.042065436 0xc000076360} true
2024/03/05 10:16:50 Order 2 finish Map
2024/03/05 10:16:50 IsDone &{0 2024-03-05 10:16:49.049905325 +0800 CST m=+3.058181558 0xc0000763f0} true
2024/03/05 10:16:50 Order 3 finish Map
2024/03/05 10:16:51 Coordinator work
2024/03/05 10:16:51 Coordinator status 0
2024/03/05 10:16:51 Coordinator work
2024/03/05 10:16:51 Coordinator status 0
2024/03/05 10:16:52 IsDone &{0 2024-03-05 10:16:51.067314402 +0800 CST m=+5.075590655 0xc000076510} true
2024/03/05 10:16:52 Order 5 finish Map
2024/03/05 10:16:52 IsDone &{0 2024-03-05 10:16:51.051808646 +0800 CST m=+5.060084903 0xc000076480} true
2024/03/05 10:16:52 Order 4 finish Map
2024/03/05 10:16:53 Coordinator work
2024/03/05 10:16:53 Coordinator status 0
2024/03/05 10:16:53 Coordinator work
2024/03/05 10:16:53 Coordinator status 0
2024/03/05 10:16:54 IsDone &{0 2024-03-05 10:16:53.080257183 +0800 CST m=+7.088533418 0xc0000765a0} true
2024/03/05 10:16:54 Order 6 finish Map
2024/03/05 10:16:54 IsDone &{0 2024-03-05 10:16:53.086015808 +0800 CST m=+7.094292041 0xc000076630} true
2024/03/05 10:16:54 Order 7 finish Map
2024/03/05 10:16:55 Coordinator work
2024/03/05 10:16:55 Coordinator status 0
2024/03/05 10:16:55 Map: 8 done vs. 0 working, Reduce 0 done vs. 0 working
2024/03/05 10:16:55 forward: forward to Reuce Phase
2024/03/05 10:16:55 making reduce order : 8
2024/03/05 10:16:55 making reduce order : 9
2024/03/05 10:16:55 Coordinator work
2024/03/05 10:16:55 making reduce order : 10
2024/03/05 10:16:55 making reduce order : 11
2024/03/05 10:16:55 making reduce order : 12
2024/03/05 10:16:55 making reduce order : 13
2024/03/05 10:16:55 making reduce order : 14
2024/03/05 10:16:55 making reduce order : 15
2024/03/05 10:16:55 making reduce order : 16
2024/03/05 10:16:55 making reduce order : 17
2024/03/05 10:16:55 done with make reduce order
2024/03/05 10:16:55 Map: 8 done vs. 0 working, Reduce 0 done vs. 10 working
2024/03/05 10:16:55 Coordinator status 1
2024/03/05 10:16:55 Order 8 finish Reduce
2024/03/05 10:16:56 Coordinator work
2024/03/05 10:16:56 Coordinator status 1
2024/03/05 10:16:56 Order 9 finish Reduce
2024/03/05 10:16:57 Coordinator work
2024/03/05 10:16:57 Coordinator status 1
2024/03/05 10:16:57 Order 10 finish Reduce
2024/03/05 10:16:57 Coordinator work
2024/03/05 10:16:57 Coordinator status 1
2024/03/05 10:16:57 Order 11 finish Reduce
2024/03/05 10:16:58 Coordinator work
2024/03/05 10:16:58 Coordinator status 1
2024/03/05 10:16:58 Order 12 finish Reduce
2024/03/05 10:16:58 Coordinator work
2024/03/05 10:16:58 Coordinator status 1
2024/03/05 10:16:58 Order 13 finish Reduce
2024/03/05 10:16:59 Coordinator work
2024/03/05 10:16:59 Coordinator status 1
2024/03/05 10:16:59 Order 14 finish Reduce
2024/03/05 10:16:59 Coordinator work
2024/03/05 10:16:59 Coordinator status 1
2024/03/05 10:16:59 Order 15 finish Reduce
2024/03/05 10:17:00 Coordinator work
2024/03/05 10:17:00 Coordinator status 1
2024/03/05 10:17:00 Order 16 finish Reduce
2024/03/05 10:17:00 Coordinator work
2024/03/05 10:17:00 Coordinator status 1
2024/03/05 10:17:00 Order 17 finish Reduce
2024/03/05 10:17:01 Coordinator work
2024/03/05 10:17:01 Coordinator status 1
2024/03/05 10:17:01 Map: 8 done vs. 0 working, Reduce 10 done vs. 0 working
2024/03/05 10:17:01 forward: forward to done phase
2024/03/05 10:17:01 Coordinator work
2024/03/05 10:17:01 Coordinator status 2
