2024/03/04 21:10:08 making map order &{0 [../pg-being_ernest.txt] 0 10}
2024/03/04 21:10:08 making map order &{0 [../pg-dorian_gray.txt] 1 10}
2024/03/04 21:10:08 making map order &{0 [../pg-frankenstein.txt] 2 10}
2024/03/04 21:10:08 making map order &{0 [../pg-grimm.txt] 3 10}
2024/03/04 21:10:08 making map order &{0 [../pg-huckleberry_finn.txt] 4 10}
2024/03/04 21:10:08 making map order &{0 [../pg-metamorphosis.txt] 5 10}
2024/03/04 21:10:08 making map order &{0 [../pg-sherlock_holmes.txt] 6 10}
2024/03/04 21:10:08 making map order &{0 [../pg-tom_sawyer.txt] 7 10}
2024/03/04 21:10:08 done with make map order
2024/03/04 21:10:08 Map: 0 done vs. 8 working, Reduce 0 done vs. 0 working
2024/03/04 21:10:09 Coordinator work
2024/03/04 21:10:09 Coordinator status 0
2024/03/04 21:10:09 Coordinator work
2024/03/04 21:10:09 Coordinator status 0
2024/03/04 21:10:13 IsDone &{0 2024-03-04 21:10:09.360863708 +0800 CST m=+1.018202018 0xc00008a300} true
2024/03/04 21:10:13 Order 0 finish Map
2024/03/04 21:10:13 IsDone &{0 2024-03-04 21:10:09.364654167 +0800 CST m=+1.021992477 0xc00008a390} true
2024/03/04 21:10:13 Order 1 finish Map
2024/03/04 21:10:14 Coordinator work
2024/03/04 21:10:14 Coordinator status 0
2024/03/04 21:10:14 Coordinator work
2024/03/04 21:10:14 Coordinator status 0
2024/03/04 21:10:18 IsDone &{0 2024-03-04 21:10:14.454270307 +0800 CST m=+6.111608619 0xc00008a420} true
2024/03/04 21:10:18 Order 2 finish Map
2024/03/04 21:10:18 IsDone &{0 2024-03-04 21:10:14.463581709 +0800 CST m=+6.120920021 0xc00008a4b0} true
2024/03/04 21:10:18 Order 3 finish Map
2024/03/04 21:10:19 Coordinator work
2024/03/04 21:10:19 Coordinator status 0
2024/03/04 21:10:19 Coordinator work
2024/03/04 21:10:19 Coordinator status 0
2024/03/04 21:10:23 IsDone &{0 2024-03-04 21:10:19.373615996 +0800 CST m=+11.030954310 0xc00008a5d0} true
2024/03/04 21:10:23 Order 5 finish Map
2024/03/04 21:10:23 IsDone &{0 2024-03-04 21:10:19.368749838 +0800 CST m=+11.026088156 0xc00008a540} true
2024/03/04 21:10:23 Order 4 finish Map
2024/03/04 21:10:24 Coordinator work
2024/03/04 21:10:24 Coordinator status 0
2024/03/04 21:10:24 Coordinator work
2024/03/04 21:10:24 Coordinator status 0
2024/03/04 21:10:26 IsDone &{0 2024-03-04 21:10:24.232760693 +0800 CST m=+15.890099001 0xc00008a660} true
2024/03/04 21:10:26 Order 6 finish Map
2024/03/04 21:10:26 IsDone &{0 2024-03-04 21:10:24.241117295 +0800 CST m=+15.898455598 0xc00008a6f0} true
2024/03/04 21:10:26 Order 7 finish Map
2024/03/04 21:10:27 Coordinator work
2024/03/04 21:10:27 Coordinator status 0
2024/03/04 21:10:27 Map: 8 done vs. 0 working, Reduce 0 done vs. 0 working
2024/03/04 21:10:27 forward: forward to Reuce Phase
2024/03/04 21:10:27 making reduce order : 8
2024/03/04 21:10:27 making reduce order : 9
2024/03/04 21:10:27 making reduce order : 10
2024/03/04 21:10:27 making reduce order : 11
2024/03/04 21:10:27 making reduce order : 12
2024/03/04 21:10:27 making reduce order : 13
2024/03/04 21:10:27 making reduce order : 14
2024/03/04 21:10:27 Coordinator work
2024/03/04 21:10:27 making reduce order : 15
2024/03/04 21:10:27 making reduce order : 16
2024/03/04 21:10:27 making reduce order : 17
2024/03/04 21:10:27 done with make reduce order
2024/03/04 21:10:27 Map: 8 done vs. 0 working, Reduce 0 done vs. 10 working
2024/03/04 21:10:27 Coordinator status 1
2024/03/04 21:10:27 Order 8 finish Reduce
2024/03/04 21:10:28 Coordinator work
2024/03/04 21:10:28 Coordinator status 1
2024/03/04 21:10:28 Order 9 finish Reduce
2024/03/04 21:10:29 Coordinator work
2024/03/04 21:10:29 Coordinator status 1
2024/03/04 21:10:29 Order 10 finish Reduce
2024/03/04 21:10:29 Coordinator work
2024/03/04 21:10:29 Coordinator status 1
2024/03/04 21:10:29 Order 11 finish Reduce
2024/03/04 21:10:30 Coordinator work
2024/03/04 21:10:30 Coordinator status 1
2024/03/04 21:10:30 Order 12 finish Reduce
2024/03/04 21:10:30 Coordinator work
2024/03/04 21:10:30 Coordinator status 1
2024/03/04 21:10:30 Order 13 finish Reduce
2024/03/04 21:10:31 Coordinator work
2024/03/04 21:10:31 Coordinator status 1
2024/03/04 21:10:31 Order 14 finish Reduce
2024/03/04 21:10:31 Coordinator work
2024/03/04 21:10:31 Coordinator status 1
2024/03/04 21:10:31 Order 15 finish Reduce
2024/03/04 21:10:32 Coordinator work
2024/03/04 21:10:32 Coordinator status 1
2024/03/04 21:10:32 Order 16 finish Reduce
2024/03/04 21:10:32 Coordinator work
2024/03/04 21:10:32 Coordinator status 1
2024/03/04 21:10:32 Order 17 finish Reduce
2024/03/04 21:10:33 Coordinator work
2024/03/04 21:10:33 Coordinator status 1
2024/03/04 21:10:33 Map: 8 done vs. 0 working, Reduce 10 done vs. 0 working
2024/03/04 21:10:33 forward: forward to done phase
2024/03/04 21:10:33 Coordinator work
2024/03/04 21:10:33 Coordinator status 2
