2024/03/04 23:20:12 making map order &{0 [../pg-being_ernest.txt] 0 10}
2024/03/04 23:20:12 making map order &{0 [../pg-dorian_gray.txt] 1 10}
2024/03/04 23:20:12 making map order &{0 [../pg-frankenstein.txt] 2 10}
2024/03/04 23:20:12 making map order &{0 [../pg-grimm.txt] 3 10}
2024/03/04 23:20:12 making map order &{0 [../pg-huckleberry_finn.txt] 4 10}
2024/03/04 23:20:12 making map order &{0 [../pg-metamorphosis.txt] 5 10}
2024/03/04 23:20:12 making map order &{0 [../pg-sherlock_holmes.txt] 6 10}
2024/03/04 23:20:12 making map order &{0 [../pg-tom_sawyer.txt] 7 10}
2024/03/04 23:20:12 done with make map order
2024/03/04 23:20:12 Map: 0 done vs. 8 working, Reduce 0 done vs. 0 working
2024/03/04 23:20:13 Coordinator work
2024/03/04 23:20:13 Coordinator status 0
2024/03/04 23:20:13 Coordinator work
2024/03/04 23:20:13 Coordinator status 0
2024/03/04 23:20:13 Coordinator work
2024/03/04 23:20:13 Coordinator status 0
2024/03/04 23:20:14 IsDone &{0 2024-03-04 23:20:13.985384605 +0800 CST m=+1.023152837 0xc00007def0} true
2024/03/04 23:20:14 Order 0 finish Map
2024/03/04 23:20:15 Coordinator work
2024/03/04 23:20:15 Coordinator status 0
2024/03/04 23:20:15 IsDone &{0 2024-03-04 23:20:13.990230561 +0800 CST m=+1.027998795 0xc00016c030} true
2024/03/04 23:20:15 Order 2 finish Map
2024/03/04 23:20:15 IsDone &{0 2024-03-04 23:20:13.988580796 +0800 CST m=+1.026349031 0xc00007df80} true
2024/03/04 23:20:15 Order 1 finish Map
2024/03/04 23:20:16 Coordinator work
2024/03/04 23:20:16 Coordinator status 0
2024/03/04 23:20:16 Coordinator work
2024/03/04 23:20:16 Coordinator status 0
2024/03/04 23:20:17 IsDone &{0 2024-03-04 23:20:16.77973073 +0800 CST m=+3.817498965 0xc00016c1e0} true
2024/03/04 23:20:17 Order 5 finish Map
2024/03/04 23:20:17 IsDone &{0 2024-03-04 23:20:15.71280844 +0800 CST m=+2.750576675 0xc00016c0c0} true
2024/03/04 23:20:17 Order 3 finish Map
2024/03/04 23:20:18 Coordinator work
2024/03/04 23:20:18 Coordinator status 0
2024/03/04 23:20:18 Coordinator work
2024/03/04 23:20:18 Coordinator status 0
2024/03/04 23:20:18 IsDone &{0 2024-03-04 23:20:16.739225408 +0800 CST m=+3.776993639 0xc00016c150} true
2024/03/04 23:20:18 Order 4 finish Map
2024/03/04 23:20:19 Coordinator work
2024/03/04 23:20:19 Coordinator status 0
2024/03/04 23:20:19 Map: 6 done vs. 2 working, Reduce 0 done vs. 0 working
2024/03/04 23:20:20 IsDone &{0 2024-03-04 23:20:18.631487842 +0800 CST m=+5.669256077 0xc00016c300} true
2024/03/04 23:20:20 Order 7 finish Map
2024/03/04 23:20:20 IsDone &{0 2024-03-04 23:20:18.423064933 +0800 CST m=+5.460833165 0xc00016c270} true
2024/03/04 23:20:20 Order 6 finish Map
2024/03/04 23:20:21 Coordinator work
2024/03/04 23:20:21 Coordinator status 0
2024/03/04 23:20:21 Map: 8 done vs. 0 working, Reduce 0 done vs. 0 working
2024/03/04 23:20:21 forward: forward to Reuce Phase
2024/03/04 23:20:21 making reduce order : 8
2024/03/04 23:20:21 making reduce order : 9
2024/03/04 23:20:21 making reduce order : 10
2024/03/04 23:20:21 making reduce order : 11
2024/03/04 23:20:21 making reduce order : 12
2024/03/04 23:20:21 making reduce order : 13
2024/03/04 23:20:21 making reduce order : 14
2024/03/04 23:20:21 making reduce order : 15
2024/03/04 23:20:21 making reduce order : 16
2024/03/04 23:20:21 making reduce order : 17
2024/03/04 23:20:21 done with make reduce order
2024/03/04 23:20:21 Map: 8 done vs. 0 working, Reduce 0 done vs. 10 working
2024/03/04 23:20:21 Coordinator work
2024/03/04 23:20:21 Coordinator status 1
2024/03/04 23:20:21 Coordinator work
2024/03/04 23:20:21 Coordinator status 1
2024/03/04 23:20:22 Order 8 finish Reduce
2024/03/04 23:20:22 Order 9 finish Reduce
2024/03/04 23:20:23 Coordinator work
2024/03/04 23:20:23 Coordinator status 1
2024/03/04 23:20:23 Coordinator work
2024/03/04 23:20:23 Coordinator status 1
2024/03/04 23:20:23 Coordinator work
2024/03/04 23:20:23 Coordinator status 1
2024/03/04 23:20:23 Order 11 finish Reduce
2024/03/04 23:20:24 Order 10 finish Reduce
2024/03/04 23:20:24 Order 12 finish Reduce
2024/03/04 23:20:24 Coordinator work
2024/03/04 23:20:24 Coordinator status 1
2024/03/04 23:20:25 Order 13 finish Reduce
2024/03/04 23:20:25 Coordinator work
2024/03/04 23:20:25 Coordinator status 1
2024/03/04 23:20:25 Coordinator work
2024/03/04 23:20:25 Coordinator status 1
2024/03/04 23:20:26 Order 15 finish Reduce
2024/03/04 23:20:26 Coordinator work
2024/03/04 23:20:26 Coordinator status 1
2024/03/04 23:20:26 Order 14 finish Reduce
2024/03/04 23:20:27 Coordinator work
2024/03/04 23:20:27 Coordinator status 1
2024/03/04 23:20:27 Order 16 finish Reduce
2024/03/04 23:20:27 Coordinator work
2024/03/04 23:20:27 Coordinator status 1
2024/03/04 23:20:27 Map: 8 done vs. 0 working, Reduce 9 done vs. 1 working
2024/03/04 23:20:28 Order 17 finish Reduce
2024/03/04 23:20:28 Coordinator work
2024/03/04 23:20:28 Coordinator status 1
2024/03/04 23:20:28 Map: 8 done vs. 0 working, Reduce 10 done vs. 0 working
2024/03/04 23:20:28 forward: forward to done phase
2024/03/04 23:20:29 Coordinator work
2024/03/04 23:20:29 Coordinator status 2
2024/03/04 23:20:29 Coordinator work
2024/03/04 23:20:29 Coordinator status 2
