2024/03/05 01:43:59 making map order &{0 [../pg-being_ernest.txt] 0 10}
2024/03/05 01:43:59 making map order &{0 [../pg-dorian_gray.txt] 1 10}
2024/03/05 01:43:59 making map order &{0 [../pg-frankenstein.txt] 2 10}
2024/03/05 01:43:59 making map order &{0 [../pg-grimm.txt] 3 10}
2024/03/05 01:43:59 making map order &{0 [../pg-huckleberry_finn.txt] 4 10}
2024/03/05 01:43:59 making map order &{0 [../pg-metamorphosis.txt] 5 10}
2024/03/05 01:43:59 making map order &{0 [../pg-sherlock_holmes.txt] 6 10}
2024/03/05 01:43:59 making map order &{0 [../pg-tom_sawyer.txt] 7 10}
2024/03/05 01:43:59 done with make map order
2024/03/05 01:43:59 Map: 0 done vs. 8 working, Reduce 0 done vs. 0 working
2024/03/05 01:44:00 Coordinator work
2024/03/05 01:44:00 Coordinator status 0
2024/03/05 01:44:00 IsDone &{0 2024-03-05 01:44:00.693143118 +0800 CST m=+1.021559676 0xc000074360} true
2024/03/05 01:44:00 Order 0 finish Map
2024/03/05 01:44:00 Coordinator work
2024/03/05 01:44:00 Coordinator status 0
2024/03/05 01:44:00 Coordinator work
2024/03/05 01:44:00 Coordinator status 0
2024/03/05 01:44:00 Coordinator work
2024/03/05 01:44:00 Coordinator status 0
2024/03/05 01:44:00 IsDone &{0 2024-03-05 01:44:00.70785319 +0800 CST m=+1.036269753 0xc0000743f0} true
2024/03/05 01:44:00 Order 1 finish Map
2024/03/05 01:44:01 Coordinator work
2024/03/05 01:44:01 Coordinator status 0
2024/03/05 01:44:01 Coordinator work
2024/03/05 01:44:01 Coordinator status 0
2024/03/05 01:44:01 Coordinator work
2024/03/05 01:44:01 Coordinator status 0
2024/03/05 01:44:01 Coordinator work
2024/03/05 01:44:01 Coordinator status 0
2024/03/05 01:44:02 Coordinator work
2024/03/05 01:44:02 Coordinator status 0
2024/03/05 01:44:02 Map: 2 done vs. 6 working, Reduce 0 done vs. 0 working
2024/03/05 01:44:02 Coordinator work
2024/03/05 01:44:02 Coordinator status 0
2024/03/05 01:44:02 Map: 2 done vs. 6 working, Reduce 0 done vs. 0 working
2024/03/05 01:44:02 Coordinator work
2024/03/05 01:44:02 Coordinator status 0
2024/03/05 01:44:02 Map: 2 done vs. 6 working, Reduce 0 done vs. 0 working
2024/03/05 01:44:04 Coordinator work
2024/03/05 01:44:04 Coordinator status 0
2024/03/05 01:44:04 Map: 2 done vs. 6 working, Reduce 0 done vs. 0 working
2024/03/05 01:44:04 Coordinator work
2024/03/05 01:44:04 Coordinator status 0
2024/03/05 01:44:04 Map: 2 done vs. 6 working, Reduce 0 done vs. 0 working
2024/03/05 01:44:04 Coordinator work
2024/03/05 01:44:04 Coordinator status 0
2024/03/05 01:44:04 Map: 2 done vs. 6 working, Reduce 0 done vs. 0 working
2024/03/05 01:44:06 Coordinator work
2024/03/05 01:44:06 Coordinator status 0
2024/03/05 01:44:06 Map: 2 done vs. 6 working, Reduce 0 done vs. 0 working
2024/03/05 01:44:06 Coordinator work
2024/03/05 01:44:06 Coordinator status 0
2024/03/05 01:44:06 Map: 2 done vs. 6 working, Reduce 0 done vs. 0 working
2024/03/05 01:44:06 Coordinator work
2024/03/05 01:44:06 Coordinator status 0
2024/03/05 01:44:06 Map: 2 done vs. 6 working, Reduce 0 done vs. 0 working
2024/03/05 01:44:07 IsDone &{0 2024-03-05 01:44:01.702642076 +0800 CST m=+2.031058639 0xc0000745a0} true
2024/03/05 01:44:07 Order 4 finish Map
2024/03/05 01:44:08 Coordinator work
2024/03/05 01:44:08 Coordinator status 0
2024/03/05 01:44:08 Map: 3 done vs. 5 working, Reduce 0 done vs. 0 working
2024/03/05 01:44:08 Coordinator work
2024/03/05 01:44:08 Coordinator status 0
2024/03/05 01:44:08 Map: 3 done vs. 5 working, Reduce 0 done vs. 0 working
2024/03/05 01:44:08 Coordinator work
2024/03/05 01:44:08 Coordinator status 0
2024/03/05 01:44:08 Map: 3 done vs. 5 working, Reduce 0 done vs. 0 working
2024/03/05 01:44:08 Coordinator work
2024/03/05 01:44:08 Coordinator status 0
2024/03/05 01:44:08 Map: 3 done vs. 5 working, Reduce 0 done vs. 0 working
2024/03/05 01:44:10 Coordinator work
2024/03/05 01:44:10 Coordinator status 0
2024/03/05 01:44:10 Map: 3 done vs. 5 working, Reduce 0 done vs. 0 working
2024/03/05 01:44:10 Coordinator work
2024/03/05 01:44:10 Coordinator status 0
2024/03/05 01:44:10 Map: 3 done vs. 5 working, Reduce 0 done vs. 0 working
2024/03/05 01:44:10 Coordinator work
2024/03/05 01:44:10 Coordinator status 0
2024/03/05 01:44:10 Map: 3 done vs. 5 working, Reduce 0 done vs. 0 working
2024/03/05 01:44:10 Coordinator work
2024/03/05 01:44:10 Coordinator status 0
2024/03/05 01:44:10 Map: 3 done vs. 5 working, Reduce 0 done vs. 0 working
2024/03/05 01:44:11 Coordiantor restart Map order 3
2024/03/05 01:44:11 Coordiantor restart Map order 2
2024/03/05 01:44:12 Coordinator work
2024/03/05 01:44:12 Coordinator status 0
2024/03/05 01:44:12 Coordiantor restart Map order 7
2024/03/05 01:44:12 Coordiantor restart Map order 5
2024/03/05 01:44:12 Coordiantor restart Map order 6
2024/03/05 01:44:12 Coordinator work
2024/03/05 01:44:12 Coordinator status 0
2024/03/05 01:44:12 Coordinator work
2024/03/05 01:44:12 Coordinator status 0
2024/03/05 01:44:12 IsDone &{0 2024-03-05 01:44:12.804994279 +0800 CST m=+13.133410843 0xc000074750} true
2024/03/05 01:44:12 Order 7 finish Map
2024/03/05 01:44:12 Coordinator work
2024/03/05 01:44:12 Coordinator status 0
2024/03/05 01:44:13 Coordinator work
2024/03/05 01:44:13 Coordinator status 0
2024/03/05 01:44:13 Coordinator work
2024/03/05 01:44:13 Coordinator status 0
2024/03/05 01:44:13 Map: 4 done vs. 4 working, Reduce 0 done vs. 0 working
2024/03/05 01:44:15 Coordinator work
2024/03/05 01:44:15 Coordinator status 0
2024/03/05 01:44:15 Map: 4 done vs. 4 working, Reduce 0 done vs. 0 working
2024/03/05 01:44:17 Coordinator work
2024/03/05 01:44:17 Coordinator status 0
2024/03/05 01:44:17 Map: 4 done vs. 4 working, Reduce 0 done vs. 0 working
2024/03/05 01:44:17 IsDone &{0 2024-03-05 01:44:12.584242794 +0800 CST m=+12.912659356 0xc000074510} true
2024/03/05 01:44:17 Order 3 finish Map
2024/03/05 01:44:18 Coordinator work
2024/03/05 01:44:18 Coordinator status 0
2024/03/05 01:44:18 Map: 5 done vs. 3 working, Reduce 0 done vs. 0 working
2024/03/05 01:44:19 IsDone &{0 2024-03-05 01:44:13.819711082 +0800 CST m=+14.148127648 0xc0000746c0} true
2024/03/05 01:44:19 Order 6 finish Map
2024/03/05 01:44:19 Coordinator work
2024/03/05 01:44:19 Coordinator status 0
2024/03/05 01:44:19 Map: 6 done vs. 2 working, Reduce 0 done vs. 0 working
2024/03/05 01:44:20 Coordinator work
2024/03/05 01:44:20 Coordinator status 0
2024/03/05 01:44:20 Map: 6 done vs. 2 working, Reduce 0 done vs. 0 working
2024/03/05 01:44:20 Coordinator work
2024/03/05 01:44:20 Coordinator status 0
2024/03/05 01:44:20 Map: 6 done vs. 2 working, Reduce 0 done vs. 0 working
2024/03/05 01:44:21 Coordinator work
2024/03/05 01:44:21 Coordinator status 0
2024/03/05 01:44:21 Map: 6 done vs. 2 working, Reduce 0 done vs. 0 working
2024/03/05 01:44:22 Coordinator work
2024/03/05 01:44:22 Coordinator status 0
2024/03/05 01:44:22 Map: 6 done vs. 2 working, Reduce 0 done vs. 0 working
2024/03/05 01:44:22 IsDone &{0 2024-03-05 01:44:12.821185914 +0800 CST m=+13.149602473 0xc000074630} true
2024/03/05 01:44:22 Order 5 finish Map
2024/03/05 01:44:22 Coordinator work
2024/03/05 01:44:22 Coordinator status 0
2024/03/05 01:44:22 Map: 7 done vs. 1 working, Reduce 0 done vs. 0 working
2024/03/05 01:44:23 Coordiantor restart Map order 2
2024/03/05 01:44:23 Coordinator work
2024/03/05 01:44:23 Coordinator status 0
2024/03/05 01:44:23 Coordinator work
2024/03/05 01:44:23 Coordinator status 0
2024/03/05 01:44:23 Map: 7 done vs. 1 working, Reduce 0 done vs. 0 working
2024/03/05 01:44:24 IsDone &{0 2024-03-05 01:44:23.76334487 +0800 CST m=+24.091761428 0xc000074480} true
2024/03/05 01:44:24 Order 2 finish Map
2024/03/05 01:44:24 Coordinator work
2024/03/05 01:44:24 Coordinator status 0
2024/03/05 01:44:24 Map: 8 done vs. 0 working, Reduce 0 done vs. 0 working
2024/03/05 01:44:24 forward: forward to Reuce Phase
2024/03/05 01:44:24 making reduce order : 8
2024/03/05 01:44:24 making reduce order : 9
2024/03/05 01:44:24 making reduce order : 10
2024/03/05 01:44:24 making reduce order : 11
2024/03/05 01:44:24 making reduce order : 12
2024/03/05 01:44:24 making reduce order : 13
2024/03/05 01:44:24 making reduce order : 14
2024/03/05 01:44:24 making reduce order : 15
2024/03/05 01:44:24 making reduce order : 16
2024/03/05 01:44:24 making reduce order : 17
2024/03/05 01:44:24 done with make reduce order
2024/03/05 01:44:24 Map: 8 done vs. 0 working, Reduce 0 done vs. 10 working
2024/03/05 01:44:24 Coordinator work
2024/03/05 01:44:24 Coordinator status 1
2024/03/05 01:44:25 Coordinator work
2024/03/05 01:44:25 Coordinator status 1
2024/03/05 01:44:25 Order 9 finish Reduce
2024/03/05 01:44:25 Coordinator work
2024/03/05 01:44:25 Coordinator status 1
2024/03/05 01:44:26 Coordinator work
2024/03/05 01:44:26 Coordinator status 1
2024/03/05 01:44:26 Order 11 finish Reduce
2024/03/05 01:44:26 Coordinator work
2024/03/05 01:44:26 Coordinator status 1
2024/03/05 01:44:26 Order 12 finish Reduce
2024/03/05 01:44:26 Coordinator work
2024/03/05 01:44:26 Coordinator status 1
2024/03/05 01:44:26 Order 13 finish Reduce
2024/03/05 01:44:27 Coordinator work
2024/03/05 01:44:27 Coordinator status 1
2024/03/05 01:44:27 Order 14 finish Reduce
2024/03/05 01:44:27 Coordinator work
2024/03/05 01:44:27 Coordinator status 1
2024/03/05 01:44:27 Order 15 finish Reduce
2024/03/05 01:44:27 Coordinator work
2024/03/05 01:44:27 Coordinator status 1
2024/03/05 01:44:27 Order 16 finish Reduce
2024/03/05 01:44:28 Coordinator work
2024/03/05 01:44:28 Coordinator status 1
2024/03/05 01:44:28 Coordinator work
2024/03/05 01:44:28 Coordinator status 1
2024/03/05 01:44:28 Map: 8 done vs. 0 working, Reduce 7 done vs. 3 working
2024/03/05 01:44:28 Coordinator work
2024/03/05 01:44:28 Coordinator status 1
2024/03/05 01:44:28 Map: 8 done vs. 0 working, Reduce 7 done vs. 3 working
2024/03/05 01:44:30 Coordinator work
2024/03/05 01:44:30 Coordinator status 1
2024/03/05 01:44:30 Map: 8 done vs. 0 working, Reduce 7 done vs. 3 working
2024/03/05 01:44:30 Coordinator work
2024/03/05 01:44:30 Coordinator status 1
2024/03/05 01:44:30 Map: 8 done vs. 0 working, Reduce 7 done vs. 3 working
2024/03/05 01:44:31 Order 8 finish Reduce
2024/03/05 01:44:32 Coordinator work
2024/03/05 01:44:32 Coordinator status 1
2024/03/05 01:44:32 Map: 8 done vs. 0 working, Reduce 8 done vs. 2 working
2024/03/05 01:44:32 Coordinator work
2024/03/05 01:44:32 Coordinator status 1
2024/03/05 01:44:32 Map: 8 done vs. 0 working, Reduce 8 done vs. 2 working
2024/03/05 01:44:32 Coordinator work
2024/03/05 01:44:32 Coordinator status 1
2024/03/05 01:44:32 Map: 8 done vs. 0 working, Reduce 8 done vs. 2 working
2024/03/05 01:44:34 Coordinator work
2024/03/05 01:44:34 Coordinator status 1
2024/03/05 01:44:34 Map: 8 done vs. 0 working, Reduce 8 done vs. 2 working
2024/03/05 01:44:34 Coordinator work
2024/03/05 01:44:34 Coordinator status 1
2024/03/05 01:44:34 Map: 8 done vs. 0 working, Reduce 8 done vs. 2 working
2024/03/05 01:44:34 Coordinator work
2024/03/05 01:44:34 Coordinator status 1
2024/03/05 01:44:34 Map: 8 done vs. 0 working, Reduce 8 done vs. 2 working
2024/03/05 01:44:36 Order 17 finish Reduce
2024/03/05 01:44:36 Coordinator work
2024/03/05 01:44:36 Coordinator status 1
2024/03/05 01:44:36 Map: 8 done vs. 0 working, Reduce 9 done vs. 1 working
2024/03/05 01:44:36 Coordiantor restart Reduce order 10
2024/03/05 01:44:36 Coordinator work
2024/03/05 01:44:36 Coordinator status 1
2024/03/05 01:44:36 Coordinator work
2024/03/05 01:44:36 Coordinator status 1
2024/03/05 01:44:36 Map: 8 done vs. 0 working, Reduce 9 done vs. 1 working
2024/03/05 01:44:37 Coordinator work
2024/03/05 01:44:37 Coordinator status 1
2024/03/05 01:44:37 Map: 8 done vs. 0 working, Reduce 9 done vs. 1 working
2024/03/05 01:44:38 Coordinator work
2024/03/05 01:44:38 Coordinator status 1
2024/03/05 01:44:38 Map: 8 done vs. 0 working, Reduce 9 done vs. 1 working
2024/03/05 01:44:38 Order 10 finish Reduce
2024/03/05 01:44:38 Coordinator work
2024/03/05 01:44:38 Coordinator status 1
2024/03/05 01:44:38 Map: 8 done vs. 0 working, Reduce 10 done vs. 0 working
2024/03/05 01:44:38 forward: forward to done phase
2024/03/05 01:44:39 Coordinator work
2024/03/05 01:44:39 Coordinator status 2
2024/03/05 01:44:39 Coordinator work
2024/03/05 01:44:39 Coordinator status 2
2024/03/05 01:44:40 Coordinator work
2024/03/05 01:44:40 Coordinator status 2
