2024/03/05 01:13:10 making map order &{0 [../pg-being_ernest.txt] 0 10}
2024/03/05 01:13:10 making map order &{0 [../pg-dorian_gray.txt] 1 10}
2024/03/05 01:13:10 making map order &{0 [../pg-frankenstein.txt] 2 10}
2024/03/05 01:13:10 making map order &{0 [../pg-grimm.txt] 3 10}
2024/03/05 01:13:10 making map order &{0 [../pg-huckleberry_finn.txt] 4 10}
2024/03/05 01:13:10 making map order &{0 [../pg-metamorphosis.txt] 5 10}
2024/03/05 01:13:10 making map order &{0 [../pg-sherlock_holmes.txt] 6 10}
2024/03/05 01:13:10 making map order &{0 [../pg-tom_sawyer.txt] 7 10}
2024/03/05 01:13:10 done with make map order
2024/03/05 01:13:10 Map: 0 done vs. 8 working, Reduce 0 done vs. 0 working
2024/03/05 01:13:11 Coordinator work
2024/03/05 01:13:11 Coordinator status 0
2024/03/05 01:13:11 Coordinator work
2024/03/05 01:13:11 Coordinator status 0
2024/03/05 01:13:11 IsDone &{0 2024-03-05 01:13:11.484860266 +0800 CST m=+1.026019950 0xc00008a3c0} true
2024/03/05 01:13:11 Order 0 finish Map
2024/03/05 01:13:11 IsDone &{0 2024-03-05 01:13:11.486609942 +0800 CST m=+1.027769631 0xc00008a450} true
2024/03/05 01:13:11 Order 1 finish Map
2024/03/05 01:13:12 Coordinator work
2024/03/05 01:13:12 Coordinator status 0
2024/03/05 01:13:12 Coordinator work
2024/03/05 01:13:12 Coordinator status 0
2024/03/05 01:13:12 IsDone &{0 2024-03-05 01:13:12.497460338 +0800 CST m=+2.038620016 0xc00008a4e0} true
2024/03/05 01:13:12 Order 2 finish Map
2024/03/05 01:13:12 IsDone &{0 2024-03-05 01:13:12.510432844 +0800 CST m=+2.051592524 0xc00008a570} true
2024/03/05 01:13:12 Order 3 finish Map
2024/03/05 01:13:13 Coordinator work
2024/03/05 01:13:13 Coordinator status 0
2024/03/05 01:13:13 IsDone &{0 2024-03-05 01:13:13.520111707 +0800 CST m=+3.061271391 0xc00008a600} true
2024/03/05 01:13:13 Order 4 finish Map
2024/03/05 01:13:13 Coordinator work
2024/03/05 01:13:13 Coordinator status 0
2024/03/05 01:13:13 IsDone &{0 2024-03-05 01:13:13.539704047 +0800 CST m=+3.080863730 0xc00008a690} true
2024/03/05 01:13:13 Order 5 finish Map
2024/03/05 01:13:14 Coordinator work
2024/03/05 01:13:14 Coordinator status 0
2024/03/05 01:13:14 Coordinator work
2024/03/05 01:13:14 Coordinator status 0
2024/03/05 01:13:14 IsDone &{0 2024-03-05 01:13:14.540575082 +0800 CST m=+4.081734767 0xc00008a720} true
2024/03/05 01:13:14 Order 6 finish Map
2024/03/05 01:13:14 IsDone &{0 2024-03-05 01:13:14.549732108 +0800 CST m=+4.090891792 0xc00008a7b0} true
2024/03/05 01:13:14 Order 7 finish Map
2024/03/05 01:13:15 Coordinator work
2024/03/05 01:13:15 Coordinator status 0
2024/03/05 01:13:15 Map: 8 done vs. 0 working, Reduce 0 done vs. 0 working
2024/03/05 01:13:15 forward: forward to Reuce Phase
2024/03/05 01:13:15 making reduce order : 8
2024/03/05 01:13:15 making reduce order : 9
2024/03/05 01:13:15 making reduce order : 10
2024/03/05 01:13:15 making reduce order : 11
2024/03/05 01:13:15 making reduce order : 12
2024/03/05 01:13:15 making reduce order : 13
2024/03/05 01:13:15 making reduce order : 14
2024/03/05 01:13:15 making reduce order : 15
2024/03/05 01:13:15 making reduce order : 16
2024/03/05 01:13:15 making reduce order : 17
2024/03/05 01:13:15 done with make reduce order
2024/03/05 01:13:15 Map: 8 done vs. 0 working, Reduce 0 done vs. 10 working
2024/03/05 01:13:15 Coordinator work
2024/03/05 01:13:15 Coordinator status 1
2024/03/05 01:13:16 Order 8 finish Reduce
2024/03/05 01:13:17 Coordinator work
2024/03/05 01:13:17 Coordinator status 1
2024/03/05 01:13:17 Coordinator work
2024/03/05 01:13:17 Coordinator status 1
2024/03/05 01:13:18 Order 9 finish Reduce
2024/03/05 01:13:18 Order 10 finish Reduce
2024/03/05 01:13:19 Coordinator work
2024/03/05 01:13:19 Coordinator status 1
2024/03/05 01:13:19 Coordinator work
2024/03/05 01:13:19 Coordinator status 1
2024/03/05 01:13:21 Order 11 finish Reduce
2024/03/05 01:13:21 Order 12 finish Reduce
2024/03/05 01:13:22 Coordinator work
2024/03/05 01:13:22 Coordinator status 1
2024/03/05 01:13:22 Coordinator work
2024/03/05 01:13:22 Coordinator status 1
2024/03/05 01:13:23 Order 13 finish Reduce
2024/03/05 01:13:23 Order 14 finish Reduce
2024/03/05 01:13:24 Coordinator work
2024/03/05 01:13:24 Coordinator status 1
2024/03/05 01:13:24 Order 15 finish Reduce
2024/03/05 01:13:24 Coordinator work
2024/03/05 01:13:24 Coordinator status 1
2024/03/05 01:13:24 Order 16 finish Reduce
2024/03/05 01:13:25 Coordinator work
2024/03/05 01:13:25 Coordinator status 1
2024/03/05 01:13:25 Coordinator work
2024/03/05 01:13:25 Coordinator status 1
2024/03/05 01:13:25 Map: 8 done vs. 0 working, Reduce 9 done vs. 1 working
2024/03/05 01:13:26 Order 17 finish Reduce
2024/03/05 01:13:27 Coordinator work
2024/03/05 01:13:27 Coordinator status 1
2024/03/05 01:13:27 Map: 8 done vs. 0 working, Reduce 10 done vs. 0 working
2024/03/05 01:13:27 forward: forward to done phase
2024/03/05 01:13:27 Coordinator work
2024/03/05 01:13:27 Coordinator status 2
