2024/03/05 10:36:12 making map order &{0 [../pg-being_ernest.txt] 0 10}
2024/03/05 10:36:12 making map order &{0 [../pg-dorian_gray.txt] 1 10}
2024/03/05 10:36:12 making map order &{0 [../pg-frankenstein.txt] 2 10}
2024/03/05 10:36:12 making map order &{0 [../pg-grimm.txt] 3 10}
2024/03/05 10:36:12 making map order &{0 [../pg-huckleberry_finn.txt] 4 10}
2024/03/05 10:36:12 making map order &{0 [../pg-metamorphosis.txt] 5 10}
2024/03/05 10:36:12 making map order &{0 [../pg-sherlock_holmes.txt] 6 10}
2024/03/05 10:36:12 making map order &{0 [../pg-tom_sawyer.txt] 7 10}
2024/03/05 10:36:12 done with make map order
2024/03/05 10:36:12 Map: 0 done vs. 8 working, Reduce 0 done vs. 0 working
2024/03/05 10:36:13 Coordinator work
2024/03/05 10:36:13 Coordinator status 0
2024/03/05 10:36:13 IsDone &{0 2024-03-05 10:36:13.90570997 +0800 CST m=+1.018795766 0xc0000741e0} true
2024/03/05 10:36:13 Order 0 finish Map
2024/03/05 10:36:13 Coordinator work
2024/03/05 10:36:13 Coordinator status 0
2024/03/05 10:36:13 Coordinator work
2024/03/05 10:36:13 Coordinator status 0
2024/03/05 10:36:13 Coordinator work
2024/03/05 10:36:13 Coordinator status 0
2024/03/05 10:36:13 IsDone &{0 2024-03-05 10:36:13.945104305 +0800 CST m=+1.058190101 0xc000074390} true
2024/03/05 10:36:13 Order 3 finish Map
2024/03/05 10:36:14 Coordinator work
2024/03/05 10:36:14 Coordinator status 0
2024/03/05 10:36:14 Coordinator work
2024/03/05 10:36:14 Coordinator status 0
2024/03/05 10:36:14 Coordinator work
2024/03/05 10:36:14 Coordinator status 0
2024/03/05 10:36:14 IsDone &{0 2024-03-05 10:36:14.964133798 +0800 CST m=+2.077219594 0xc0000744b0} true
2024/03/05 10:36:14 Order 5 finish Map
2024/03/05 10:36:14 Coordinator work
2024/03/05 10:36:14 Coordinator status 0
2024/03/05 10:36:14 IsDone &{0 2024-03-05 10:36:14.971065935 +0800 CST m=+2.084151736 0xc0000745d0} true
2024/03/05 10:36:14 Order 7 finish Map
2024/03/05 10:36:15 Coordinator work
2024/03/05 10:36:15 Coordinator status 0
2024/03/05 10:36:15 Map: 4 done vs. 4 working, Reduce 0 done vs. 0 working
2024/03/05 10:36:15 Coordinator work
2024/03/05 10:36:15 Coordinator status 0
2024/03/05 10:36:15 Map: 4 done vs. 4 working, Reduce 0 done vs. 0 working
2024/03/05 10:36:16 Coordinator work
2024/03/05 10:36:16 Coordinator status 0
2024/03/05 10:36:16 Map: 4 done vs. 4 working, Reduce 0 done vs. 0 working
2024/03/05 10:36:17 Coordinator work
2024/03/05 10:36:17 Coordinator status 0
2024/03/05 10:36:17 Map: 4 done vs. 4 working, Reduce 0 done vs. 0 working
2024/03/05 10:36:17 Coordinator work
2024/03/05 10:36:17 Coordinator status 0
2024/03/05 10:36:17 Map: 4 done vs. 4 working, Reduce 0 done vs. 0 working
2024/03/05 10:36:18 Coordinator work
2024/03/05 10:36:18 Coordinator status 0
2024/03/05 10:36:18 Map: 4 done vs. 4 working, Reduce 0 done vs. 0 working
2024/03/05 10:36:19 Coordinator work
2024/03/05 10:36:19 Coordinator status 0
2024/03/05 10:36:19 Map: 4 done vs. 4 working, Reduce 0 done vs. 0 working
2024/03/05 10:36:19 Coordinator work
2024/03/05 10:36:19 Coordinator status 0
2024/03/05 10:36:19 Map: 4 done vs. 4 working, Reduce 0 done vs. 0 working
2024/03/05 10:36:20 Coordinator work
2024/03/05 10:36:20 Coordinator status 0
2024/03/05 10:36:20 Map: 4 done vs. 4 working, Reduce 0 done vs. 0 working
2024/03/05 10:36:21 Coordinator work
2024/03/05 10:36:21 Coordinator status 0
2024/03/05 10:36:21 Map: 4 done vs. 4 working, Reduce 0 done vs. 0 working
2024/03/05 10:36:21 Coordinator work
2024/03/05 10:36:21 Coordinator status 0
2024/03/05 10:36:21 Map: 4 done vs. 4 working, Reduce 0 done vs. 0 working
2024/03/05 10:36:22 Coordinator work
2024/03/05 10:36:22 Coordinator status 0
2024/03/05 10:36:22 Map: 4 done vs. 4 working, Reduce 0 done vs. 0 working
2024/03/05 10:36:23 Coordinator work
2024/03/05 10:36:23 Coordinator status 0
2024/03/05 10:36:23 Map: 4 done vs. 4 working, Reduce 0 done vs. 0 working
2024/03/05 10:36:24 Coordinator work
2024/03/05 10:36:24 Coordinator status 0
2024/03/05 10:36:24 Map: 4 done vs. 4 working, Reduce 0 done vs. 0 working
2024/03/05 10:36:24 Coordinator work
2024/03/05 10:36:24 Coordinator status 0
2024/03/05 10:36:24 Map: 4 done vs. 4 working, Reduce 0 done vs. 0 working
2024/03/05 10:36:24 Coordiantor restart Map order 1
2024/03/05 10:36:24 Coordiantor restart Map order 2
2024/03/05 10:36:25 Coordiantor restart Map order 4
2024/03/05 10:36:25 Coordiantor restart Map order 6
2024/03/05 10:36:25 Coordinator work
2024/03/05 10:36:25 Coordinator status 0
2024/03/05 10:36:26 Coordinator work
2024/03/05 10:36:26 Coordinator status 0
2024/03/05 10:36:26 Coordinator work
2024/03/05 10:36:26 Coordinator status 0
2024/03/05 10:36:26 IsDone &{0 2024-03-05 10:36:26.030131245 +0800 CST m=+13.143217041 0xc000074420} true
2024/03/05 10:36:26 Order 4 finish Map
2024/03/05 10:36:27 Coordinator work
2024/03/05 10:36:27 Coordinator status 0
2024/03/05 10:36:27 Coordinator work
2024/03/05 10:36:27 Coordinator status 0
2024/03/05 10:36:27 Map: 5 done vs. 3 working, Reduce 0 done vs. 0 working
2024/03/05 10:36:27 IsDone &{0 2024-03-05 10:36:27.033566842 +0800 CST m=+14.146652647 0xc000074540} true
2024/03/05 10:36:27 Order 6 finish Map
2024/03/05 10:36:28 Coordinator work
2024/03/05 10:36:28 Coordinator status 0
2024/03/05 10:36:28 Map: 6 done vs. 2 working, Reduce 0 done vs. 0 working
2024/03/05 10:36:29 Coordinator work
2024/03/05 10:36:29 Coordinator status 0
2024/03/05 10:36:29 Map: 6 done vs. 2 working, Reduce 0 done vs. 0 working
2024/03/05 10:36:30 Coordinator work
2024/03/05 10:36:30 Coordinator status 0
2024/03/05 10:36:30 Map: 6 done vs. 2 working, Reduce 0 done vs. 0 working
2024/03/05 10:36:31 Coordinator work
2024/03/05 10:36:31 Coordinator status 0
2024/03/05 10:36:31 Map: 6 done vs. 2 working, Reduce 0 done vs. 0 working
2024/03/05 10:36:31 IsDone &{0 2024-03-05 10:36:26.003488415 +0800 CST m=+13.116574218 0xc000074300} true
2024/03/05 10:36:31 Order 2 finish Map
2024/03/05 10:36:32 Coordinator work
2024/03/05 10:36:32 Coordinator status 0
2024/03/05 10:36:32 Map: 7 done vs. 1 working, Reduce 0 done vs. 0 working
2024/03/05 10:36:32 Coordinator work
2024/03/05 10:36:32 Coordinator status 0
2024/03/05 10:36:32 Map: 7 done vs. 1 working, Reduce 0 done vs. 0 working
2024/03/05 10:36:33 Coordinator work
2024/03/05 10:36:33 Coordinator status 0
2024/03/05 10:36:33 Map: 7 done vs. 1 working, Reduce 0 done vs. 0 working
2024/03/05 10:36:34 Coordinator work
2024/03/05 10:36:34 Coordinator status 0
2024/03/05 10:36:34 Map: 7 done vs. 1 working, Reduce 0 done vs. 0 working
2024/03/05 10:36:34 Coordinator work
2024/03/05 10:36:34 Coordinator status 0
2024/03/05 10:36:34 Map: 7 done vs. 1 working, Reduce 0 done vs. 0 working
2024/03/05 10:36:35 Coordinator work
2024/03/05 10:36:35 Coordinator status 0
2024/03/05 10:36:35 Map: 7 done vs. 1 working, Reduce 0 done vs. 0 working
2024/03/05 10:36:36 Coordinator work
2024/03/05 10:36:36 Coordinator status 0
2024/03/05 10:36:36 Map: 7 done vs. 1 working, Reduce 0 done vs. 0 working
2024/03/05 10:36:36 Coordinator work
2024/03/05 10:36:36 Coordinator status 0
2024/03/05 10:36:36 Map: 7 done vs. 1 working, Reduce 0 done vs. 0 working
2024/03/05 10:36:36 Coordiantor restart Map order 1
2024/03/05 10:36:37 Coordinator work
2024/03/05 10:36:37 Coordinator status 0
2024/03/05 10:36:37 IsDone &{0 2024-03-05 10:36:37.070490746 +0800 CST m=+24.183576575 0xc000074270} true
2024/03/05 10:36:37 Order 1 finish Map
2024/03/05 10:36:38 Coordinator work
2024/03/05 10:36:38 Coordinator status 0
2024/03/05 10:36:38 Map: 8 done vs. 0 working, Reduce 0 done vs. 0 working
2024/03/05 10:36:38 forward: forward to Reuce Phase
2024/03/05 10:36:38 making reduce order : 8
2024/03/05 10:36:38 making reduce order : 9
2024/03/05 10:36:38 making reduce order : 10
2024/03/05 10:36:38 making reduce order : 11
2024/03/05 10:36:38 making reduce order : 12
2024/03/05 10:36:38 making reduce order : 13
2024/03/05 10:36:38 making reduce order : 14
2024/03/05 10:36:38 making reduce order : 15
2024/03/05 10:36:38 Coordinator work
2024/03/05 10:36:38 making reduce order : 16
2024/03/05 10:36:38 making reduce order : 17
2024/03/05 10:36:38 done with make reduce order
2024/03/05 10:36:38 Map: 8 done vs. 0 working, Reduce 0 done vs. 10 working
2024/03/05 10:36:38 Coordinator status 1
2024/03/05 10:36:38 Coordinator work
2024/03/05 10:36:38 Coordinator status 1
2024/03/05 10:36:38 Order 9 finish Reduce
2024/03/05 10:36:39 Coordinator work
2024/03/05 10:36:39 Coordinator status 1
2024/03/05 10:36:39 Order 10 finish Reduce
2024/03/05 10:36:39 Coordinator work
2024/03/05 10:36:39 Coordinator status 1
2024/03/05 10:36:39 Order 11 finish Reduce
2024/03/05 10:36:40 Coordinator work
2024/03/05 10:36:40 Coordinator status 1
2024/03/05 10:36:40 Order 12 finish Reduce
2024/03/05 10:36:40 Coordinator work
2024/03/05 10:36:40 Coordinator status 1
2024/03/05 10:36:40 Coordinator work
2024/03/05 10:36:40 Coordinator status 1
2024/03/05 10:36:40 Order 14 finish Reduce
2024/03/05 10:36:41 Coordinator work
2024/03/05 10:36:41 Coordinator status 1
2024/03/05 10:36:41 Order 15 finish Reduce
2024/03/05 10:36:41 Coordinator work
2024/03/05 10:36:41 Coordinator status 1
2024/03/05 10:36:41 Order 16 finish Reduce
2024/03/05 10:36:42 Coordinator work
2024/03/05 10:36:42 Coordinator status 1
2024/03/05 10:36:42 Coordinator work
2024/03/05 10:36:42 Coordinator status 1
2024/03/05 10:36:42 Map: 8 done vs. 0 working, Reduce 7 done vs. 3 working
2024/03/05 10:36:44 Order 13 finish Reduce
2024/03/05 10:36:44 Coordinator work
2024/03/05 10:36:44 Coordinator status 1
2024/03/05 10:36:44 Map: 8 done vs. 0 working, Reduce 8 done vs. 2 working
2024/03/05 10:36:45 Coordinator work
2024/03/05 10:36:45 Coordinator status 1
2024/03/05 10:36:45 Map: 8 done vs. 0 working, Reduce 8 done vs. 2 working
2024/03/05 10:36:46 Coordinator work
2024/03/05 10:36:46 Coordinator status 1
2024/03/05 10:36:46 Map: 8 done vs. 0 working, Reduce 8 done vs. 2 working
2024/03/05 10:36:47 Coordinator work
2024/03/05 10:36:47 Coordinator status 1
2024/03/05 10:36:47 Map: 8 done vs. 0 working, Reduce 8 done vs. 2 working
2024/03/05 10:36:47 Order 17 finish Reduce
2024/03/05 10:36:48 Coordinator work
2024/03/05 10:36:48 Coordinator status 1
2024/03/05 10:36:48 Map: 8 done vs. 0 working, Reduce 9 done vs. 1 working
2024/03/05 10:36:48 Coordinator work
2024/03/05 10:36:48 Coordinator status 1
2024/03/05 10:36:48 Map: 8 done vs. 0 working, Reduce 9 done vs. 1 working
2024/03/05 10:36:48 Coordiantor restart Reduce order 8
2024/03/05 10:36:49 Coordinator work
2024/03/05 10:36:49 Coordinator status 1
2024/03/05 10:36:49 Order 8 finish Reduce
2024/03/05 10:36:50 Coordinator work
2024/03/05 10:36:50 Coordinator status 1
2024/03/05 10:36:50 Map: 8 done vs. 0 working, Reduce 10 done vs. 0 working
2024/03/05 10:36:50 forward: forward to done phase
2024/03/05 10:36:50 Coordinator work
2024/03/05 10:36:50 Coordinator status 2
2024/03/05 10:36:50 Coordinator work
2024/03/05 10:36:50 Coordinator status 2
