2024/03/05 01:41:16 making map order &{0 [../pg-being_ernest.txt] 0 10}
2024/03/05 01:41:16 making map order &{0 [../pg-dorian_gray.txt] 1 10}
2024/03/05 01:41:16 making map order &{0 [../pg-frankenstein.txt] 2 10}
2024/03/05 01:41:16 making map order &{0 [../pg-grimm.txt] 3 10}
2024/03/05 01:41:16 making map order &{0 [../pg-huckleberry_finn.txt] 4 10}
2024/03/05 01:41:16 making map order &{0 [../pg-metamorphosis.txt] 5 10}
2024/03/05 01:41:16 making map order &{0 [../pg-sherlock_holmes.txt] 6 10}
2024/03/05 01:41:16 making map order &{0 [../pg-tom_sawyer.txt] 7 10}
2024/03/05 01:41:16 done with make map order
2024/03/05 01:41:16 Map: 0 done vs. 8 working, Reduce 0 done vs. 0 working
2024/03/05 01:41:17 Coordinator work
2024/03/05 01:41:17 Coordinator status 0
2024/03/05 01:41:17 Coordinator work
2024/03/05 01:41:17 Coordinator status 0
2024/03/05 01:41:17 Coordinator work
2024/03/05 01:41:17 Coordinator status 0
2024/03/05 01:41:17 Coordinator work
2024/03/05 01:41:17 Coordinator status 0
2024/03/05 01:41:17 IsDone &{0 2024-03-05 01:41:17.707794778 +0800 CST m=+1.030576246 0xc00008a480} true
2024/03/05 01:41:17 Order 1 finish Map
2024/03/05 01:41:17 IsDone &{0 2024-03-05 01:41:17.729262515 +0800 CST m=+1.052043978 0xc00008a5a0} true
2024/03/05 01:41:17 Order 3 finish Map
2024/03/05 01:41:18 Coordinator work
2024/03/05 01:41:18 Coordinator status 0
2024/03/05 01:41:18 Coordinator work
2024/03/05 01:41:18 Coordinator status 0
2024/03/05 01:41:18 Coordinator work
2024/03/05 01:41:18 Coordinator status 0
2024/03/05 01:41:19 IsDone &{0 2024-03-05 01:41:18.746649426 +0800 CST m=+2.069430896 0xc00008a6c0} true
2024/03/05 01:41:19 Order 5 finish Map
2024/03/05 01:41:20 Coordinator work
2024/03/05 01:41:20 Coordinator status 0
2024/03/05 01:41:21 IsDone &{0 2024-03-05 01:41:18.752607957 +0800 CST m=+2.075389422 0xc00008a750} true
2024/03/05 01:41:21 Order 6 finish Map
2024/03/05 01:41:22 IsDone &{0 2024-03-05 01:41:20.702046268 +0800 CST m=+4.024827730 0xc00008a7e0} true
2024/03/05 01:41:22 Order 7 finish Map
2024/03/05 01:41:22 Coordinator work
2024/03/05 01:41:22 Coordinator status 0
2024/03/05 01:41:22 Map: 5 done vs. 3 working, Reduce 0 done vs. 0 working
2024/03/05 01:41:23 Coordinator work
2024/03/05 01:41:23 Coordinator status 0
2024/03/05 01:41:23 Map: 5 done vs. 3 working, Reduce 0 done vs. 0 working
2024/03/05 01:41:24 Coordinator work
2024/03/05 01:41:24 Coordinator status 0
2024/03/05 01:41:24 Map: 5 done vs. 3 working, Reduce 0 done vs. 0 working
2024/03/05 01:41:25 Coordinator work
2024/03/05 01:41:25 Coordinator status 0
2024/03/05 01:41:25 Map: 5 done vs. 3 working, Reduce 0 done vs. 0 working
2024/03/05 01:41:26 Coordinator work
2024/03/05 01:41:26 Coordinator status 0
2024/03/05 01:41:26 Map: 5 done vs. 3 working, Reduce 0 done vs. 0 working
2024/03/05 01:41:27 Coordinator work
2024/03/05 01:41:27 Coordinator status 0
2024/03/05 01:41:27 Map: 5 done vs. 3 working, Reduce 0 done vs. 0 working
2024/03/05 01:41:27 IsDone &{0 2024-03-05 01:41:18.735419885 +0800 CST m=+2.058201353 0xc00008a630} true
2024/03/05 01:41:27 Order 4 finish Map
2024/03/05 01:41:28 Coordinator work
2024/03/05 01:41:28 Coordinator status 0
2024/03/05 01:41:28 Map: 6 done vs. 2 working, Reduce 0 done vs. 0 working
2024/03/05 01:41:28 Coordiantor restart Map order 2
2024/03/05 01:41:28 Coordiantor restart Map order 0
2024/03/05 01:41:28 Coordinator work
2024/03/05 01:41:28 Coordinator status 0
2024/03/05 01:41:29 Coordinator work
2024/03/05 01:41:29 Coordinator status 0
2024/03/05 01:41:29 Coordinator work
2024/03/05 01:41:29 Coordinator status 0
2024/03/05 01:41:29 Map: 6 done vs. 2 working, Reduce 0 done vs. 0 working
2024/03/05 01:41:30 Coordinator work
2024/03/05 01:41:30 Coordinator status 0
2024/03/05 01:41:30 Map: 6 done vs. 2 working, Reduce 0 done vs. 0 working
2024/03/05 01:41:31 IsDone &{0 2024-03-05 01:41:29.098365213 +0800 CST m=+12.421146696 0xc00008a3f0} true
2024/03/05 01:41:31 Order 0 finish Map
2024/03/05 01:41:31 Coordinator work
2024/03/05 01:41:31 Coordinator status 0
2024/03/05 01:41:31 Map: 7 done vs. 1 working, Reduce 0 done vs. 0 working
2024/03/05 01:41:32 Coordinator work
2024/03/05 01:41:32 Coordinator status 0
2024/03/05 01:41:32 Map: 7 done vs. 1 working, Reduce 0 done vs. 0 working
2024/03/05 01:41:32 Coordinator work
2024/03/05 01:41:32 Coordinator status 0
2024/03/05 01:41:32 Map: 7 done vs. 1 working, Reduce 0 done vs. 0 working
2024/03/05 01:41:33 Coordinator work
2024/03/05 01:41:33 Coordinator status 0
2024/03/05 01:41:33 Map: 7 done vs. 1 working, Reduce 0 done vs. 0 working
2024/03/05 01:41:34 Coordinator work
2024/03/05 01:41:34 Coordinator status 0
2024/03/05 01:41:34 Map: 7 done vs. 1 working, Reduce 0 done vs. 0 working
2024/03/05 01:41:34 Coordinator work
2024/03/05 01:41:34 Coordinator status 0
2024/03/05 01:41:34 Map: 7 done vs. 1 working, Reduce 0 done vs. 0 working
2024/03/05 01:41:35 Coordinator work
2024/03/05 01:41:35 Coordinator status 0
2024/03/05 01:41:35 Map: 7 done vs. 1 working, Reduce 0 done vs. 0 working
2024/03/05 01:41:36 Coordinator work
2024/03/05 01:41:36 Coordinator status 0
2024/03/05 01:41:36 Map: 7 done vs. 1 working, Reduce 0 done vs. 0 working
2024/03/05 01:41:36 Coordinator work
2024/03/05 01:41:36 Coordinator status 0
2024/03/05 01:41:36 Map: 7 done vs. 1 working, Reduce 0 done vs. 0 working
2024/03/05 01:41:37 Coordinator work
2024/03/05 01:41:37 Coordinator status 0
2024/03/05 01:41:37 Map: 7 done vs. 1 working, Reduce 0 done vs. 0 working
2024/03/05 01:41:38 Coordinator work
2024/03/05 01:41:38 Coordinator status 0
2024/03/05 01:41:38 Map: 7 done vs. 1 working, Reduce 0 done vs. 0 working
2024/03/05 01:41:38 Coordinator work
2024/03/05 01:41:38 Coordinator status 0
2024/03/05 01:41:38 Map: 7 done vs. 1 working, Reduce 0 done vs. 0 working
2024/03/05 01:41:39 Coordiantor restart Map order 2
2024/03/05 01:41:39 Coordinator work
2024/03/05 01:41:39 Coordinator status 0
2024/03/05 01:41:40 Coordinator work
2024/03/05 01:41:40 Coordinator status 0
2024/03/05 01:41:40 Map: 7 done vs. 1 working, Reduce 0 done vs. 0 working
2024/03/05 01:41:40 Coordinator work
2024/03/05 01:41:40 Coordinator status 0
2024/03/05 01:41:40 Map: 7 done vs. 1 working, Reduce 0 done vs. 0 working
2024/03/05 01:41:42 Coordinator work
2024/03/05 01:41:42 Coordinator status 0
2024/03/05 01:41:42 Map: 7 done vs. 1 working, Reduce 0 done vs. 0 working
2024/03/05 01:41:42 Coordinator work
2024/03/05 01:41:42 Coordinator status 0
2024/03/05 01:41:42 Map: 7 done vs. 1 working, Reduce 0 done vs. 0 working
2024/03/05 01:41:44 Coordinator work
2024/03/05 01:41:44 Coordinator status 0
2024/03/05 01:41:44 Map: 7 done vs. 1 working, Reduce 0 done vs. 0 working
2024/03/05 01:41:44 Coordinator work
2024/03/05 01:41:44 Coordinator status 0
2024/03/05 01:41:44 Map: 7 done vs. 1 working, Reduce 0 done vs. 0 working
2024/03/05 01:41:45 IsDone &{0 2024-03-05 01:41:39.85435153 +0800 CST m=+23.177132998 0xc00008a510} true
2024/03/05 01:41:45 Order 2 finish Map
2024/03/05 01:41:46 Coordinator work
2024/03/05 01:41:46 Coordinator status 0
2024/03/05 01:41:46 Map: 8 done vs. 0 working, Reduce 0 done vs. 0 working
2024/03/05 01:41:46 forward: forward to Reuce Phase
2024/03/05 01:41:46 making reduce order : 8
2024/03/05 01:41:46 making reduce order : 9
2024/03/05 01:41:46 making reduce order : 10
2024/03/05 01:41:46 making reduce order : 11
2024/03/05 01:41:46 making reduce order : 12
2024/03/05 01:41:46 making reduce order : 13
2024/03/05 01:41:46 making reduce order : 14
2024/03/05 01:41:46 making reduce order : 15
2024/03/05 01:41:46 making reduce order : 16
2024/03/05 01:41:46 making reduce order : 17
2024/03/05 01:41:46 done with make reduce order
2024/03/05 01:41:46 Map: 8 done vs. 0 working, Reduce 0 done vs. 10 working
2024/03/05 01:41:46 Coordinator work
2024/03/05 01:41:46 Coordinator status 1
2024/03/05 01:41:46 Coordinator work
2024/03/05 01:41:46 Coordinator status 1
2024/03/05 01:41:46 Order 9 finish Reduce
2024/03/05 01:41:47 Coordinator work
2024/03/05 01:41:47 Coordinator status 1
2024/03/05 01:41:47 Order 10 finish Reduce
2024/03/05 01:41:47 Coordinator work
2024/03/05 01:41:47 Coordinator status 1
2024/03/05 01:41:47 Order 11 finish Reduce
2024/03/05 01:41:48 Coordinator work
2024/03/05 01:41:48 Coordinator status 1
2024/03/05 01:41:48 Order 12 finish Reduce
2024/03/05 01:41:48 Coordinator work
2024/03/05 01:41:48 Coordinator status 1
2024/03/05 01:41:48 Order 13 finish Reduce
2024/03/05 01:41:48 Coordinator work
2024/03/05 01:41:48 Coordinator status 1
2024/03/05 01:41:48 Order 14 finish Reduce
2024/03/05 01:41:49 Coordinator work
2024/03/05 01:41:49 Coordinator status 1
2024/03/05 01:41:49 Order 15 finish Reduce
2024/03/05 01:41:49 Coordinator work
2024/03/05 01:41:49 Coordinator status 1
2024/03/05 01:41:49 Order 16 finish Reduce
2024/03/05 01:41:49 Coordinator work
2024/03/05 01:41:49 Coordinator status 1
2024/03/05 01:41:50 Coordinator work
2024/03/05 01:41:50 Coordinator status 1
2024/03/05 01:41:50 Map: 8 done vs. 0 working, Reduce 8 done vs. 2 working
2024/03/05 01:41:50 Coordinator work
2024/03/05 01:41:50 Coordinator status 1
2024/03/05 01:41:50 Map: 8 done vs. 0 working, Reduce 8 done vs. 2 working
2024/03/05 01:41:50 Coordinator work
2024/03/05 01:41:50 Coordinator status 1
2024/03/05 01:41:50 Map: 8 done vs. 0 working, Reduce 8 done vs. 2 working
2024/03/05 01:41:52 Coordinator work
2024/03/05 01:41:52 Coordinator status 1
2024/03/05 01:41:52 Map: 8 done vs. 0 working, Reduce 8 done vs. 2 working
2024/03/05 01:41:52 Coordinator work
2024/03/05 01:41:52 Coordinator status 1
2024/03/05 01:41:52 Map: 8 done vs. 0 working, Reduce 8 done vs. 2 working
2024/03/05 01:41:52 Coordinator work
2024/03/05 01:41:52 Coordinator status 1
2024/03/05 01:41:52 Map: 8 done vs. 0 working, Reduce 8 done vs. 2 working
2024/03/05 01:41:54 Coordinator work
2024/03/05 01:41:54 Coordinator status 1
2024/03/05 01:41:54 Map: 8 done vs. 0 working, Reduce 8 done vs. 2 working
2024/03/05 01:41:54 Coordinator work
2024/03/05 01:41:54 Coordinator status 1
2024/03/05 01:41:54 Map: 8 done vs. 0 working, Reduce 8 done vs. 2 working
2024/03/05 01:41:54 Coordinator work
2024/03/05 01:41:54 Coordinator status 1
2024/03/05 01:41:54 Map: 8 done vs. 0 working, Reduce 8 done vs. 2 working
2024/03/05 01:41:56 Coordinator work
2024/03/05 01:41:56 Coordinator status 1
2024/03/05 01:41:56 Map: 8 done vs. 0 working, Reduce 8 done vs. 2 working
2024/03/05 01:41:56 Coordinator work
2024/03/05 01:41:56 Coordinator status 1
2024/03/05 01:41:56 Map: 8 done vs. 0 working, Reduce 8 done vs. 2 working
2024/03/05 01:41:56 Coordinator work
2024/03/05 01:41:56 Coordinator status 1
2024/03/05 01:41:56 Map: 8 done vs. 0 working, Reduce 8 done vs. 2 working
2024/03/05 01:41:56 Coordiantor restart Reduce order 8
2024/03/05 01:41:58 Coordinator work
2024/03/05 01:41:58 Coordinator status 1
2024/03/05 01:41:58 Order 8 finish Reduce
2024/03/05 01:41:58 Coordinator work
2024/03/05 01:41:58 Coordinator status 1
2024/03/05 01:41:58 Map: 8 done vs. 0 working, Reduce 9 done vs. 1 working
2024/03/05 01:41:58 Coordinator work
2024/03/05 01:41:58 Coordinator status 1
2024/03/05 01:41:58 Map: 8 done vs. 0 working, Reduce 9 done vs. 1 working
2024/03/05 01:41:59 Coordinator work
2024/03/05 01:41:59 Coordinator status 1
2024/03/05 01:41:59 Map: 8 done vs. 0 working, Reduce 9 done vs. 1 working
2024/03/05 01:41:59 Coordiantor restart Reduce order 17
2024/03/05 01:42:00 Coordinator work
2024/03/05 01:42:00 Coordinator status 1
2024/03/05 01:42:00 Order 17 finish Reduce
2024/03/05 01:42:00 Coordinator work
2024/03/05 01:42:00 Coordinator status 1
2024/03/05 01:42:00 Map: 8 done vs. 0 working, Reduce 10 done vs. 0 working
2024/03/05 01:42:00 forward: forward to done phase
2024/03/05 01:42:01 Coordinator work
2024/03/05 01:42:01 Coordinator status 2
2024/03/05 01:42:01 Coordinator work
2024/03/05 01:42:01 Coordinator status 2
