2024/03/05 09:37:09 making map order &{0 [../pg-being_ernest.txt] 0 10}
2024/03/05 09:37:09 making map order &{0 [../pg-dorian_gray.txt] 1 10}
2024/03/05 09:37:09 making map order &{0 [../pg-frankenstein.txt] 2 10}
2024/03/05 09:37:09 making map order &{0 [../pg-grimm.txt] 3 10}
2024/03/05 09:37:09 making map order &{0 [../pg-huckleberry_finn.txt] 4 10}
2024/03/05 09:37:09 making map order &{0 [../pg-metamorphosis.txt] 5 10}
2024/03/05 09:37:09 making map order &{0 [../pg-sherlock_holmes.txt] 6 10}
2024/03/05 09:37:09 making map order &{0 [../pg-tom_sawyer.txt] 7 10}
2024/03/05 09:37:09 done with make map order
2024/03/05 09:37:09 Map: 0 done vs. 8 working, Reduce 0 done vs. 0 working
2024/03/05 09:37:10 Coordinator work
2024/03/05 09:37:10 Coordinator status 0
2024/03/05 09:37:10 Coordinator work
2024/03/05 09:37:10 Coordinator status 0
2024/03/05 09:37:10 Coordinator work
2024/03/05 09:37:10 Coordinator status 0
2024/03/05 09:37:11 IsDone &{0 2024-03-05 09:37:10.830422989 +0800 CST m=+1.016907494 0xc000112090} true
2024/03/05 09:37:11 Order 0 finish Map
2024/03/05 09:37:12 IsDone &{0 2024-03-05 09:37:10.844025285 +0800 CST m=+1.030509785 0xc000112120} true
2024/03/05 09:37:12 Order 1 finish Map
2024/03/05 09:37:12 Coordinator work
2024/03/05 09:37:12 Coordinator status 0
2024/03/05 09:37:12 IsDone &{0 2024-03-05 09:37:10.846552536 +0800 CST m=+1.033037036 0xc0001121b0} true
2024/03/05 09:37:12 Order 2 finish Map
2024/03/05 09:37:13 Coordinator work
2024/03/05 09:37:13 Coordinator status 0
2024/03/05 09:37:13 Coordinator work
2024/03/05 09:37:13 Coordinator status 0
2024/03/05 09:37:14 IsDone &{0 2024-03-05 09:37:13.578800549 +0800 CST m=+3.765285055 0xc000112360} true
2024/03/05 09:37:14 Order 5 finish Map
2024/03/05 09:37:14 IsDone &{0 2024-03-05 09:37:12.568800861 +0800 CST m=+2.755285364 0xc000112240} true
2024/03/05 09:37:14 Order 3 finish Map
2024/03/05 09:37:15 Coordinator work
2024/03/05 09:37:15 Coordinator status 0
2024/03/05 09:37:15 Coordinator work
2024/03/05 09:37:15 Coordinator status 0
2024/03/05 09:37:16 IsDone &{0 2024-03-05 09:37:13.49719039 +0800 CST m=+3.683674897 0xc0001122d0} true
2024/03/05 09:37:16 Order 4 finish Map
2024/03/05 09:37:17 Coordinator work
2024/03/05 09:37:17 Coordinator status 0
2024/03/05 09:37:17 Map: 6 done vs. 2 working, Reduce 0 done vs. 0 working
2024/03/05 09:37:17 IsDone &{0 2024-03-05 09:37:15.42571509 +0800 CST m=+5.612199595 0xc000112480} true
2024/03/05 09:37:17 Order 7 finish Map
2024/03/05 09:37:17 IsDone &{0 2024-03-05 09:37:15.276215178 +0800 CST m=+5.462699683 0xc0001123f0} true
2024/03/05 09:37:17 Order 6 finish Map
2024/03/05 09:37:18 Coordinator work
2024/03/05 09:37:18 Coordinator status 0
2024/03/05 09:37:18 Map: 8 done vs. 0 working, Reduce 0 done vs. 0 working
2024/03/05 09:37:18 forward: forward to Reuce Phase
2024/03/05 09:37:18 making reduce order : 8
2024/03/05 09:37:18 making reduce order : 9
2024/03/05 09:37:18 making reduce order : 10
2024/03/05 09:37:18 making reduce order : 11
2024/03/05 09:37:18 making reduce order : 12
2024/03/05 09:37:18 making reduce order : 13
2024/03/05 09:37:18 making reduce order : 14
2024/03/05 09:37:18 making reduce order : 15
2024/03/05 09:37:18 making reduce order : 16
2024/03/05 09:37:18 making reduce order : 17
2024/03/05 09:37:18 done with make reduce order
2024/03/05 09:37:18 Map: 8 done vs. 0 working, Reduce 0 done vs. 10 working
2024/03/05 09:37:18 Coordinator work
2024/03/05 09:37:18 Coordinator status 1
2024/03/05 09:37:19 Coordinator work
2024/03/05 09:37:19 Coordinator status 1
2024/03/05 09:37:19 Order 8 finish Reduce
2024/03/05 09:37:19 Order 9 finish Reduce
2024/03/05 09:37:20 Coordinator work
2024/03/05 09:37:20 Coordinator status 1
2024/03/05 09:37:20 Coordinator work
2024/03/05 09:37:20 Coordinator status 1
2024/03/05 09:37:20 Coordinator work
2024/03/05 09:37:20 Coordinator status 1
2024/03/05 09:37:20 Order 11 finish Reduce
2024/03/05 09:37:21 Order 10 finish Reduce
2024/03/05 09:37:21 Order 12 finish Reduce
2024/03/05 09:37:21 Coordinator work
2024/03/05 09:37:21 Coordinator status 1
2024/03/05 09:37:22 Order 13 finish Reduce
2024/03/05 09:37:22 Coordinator work
2024/03/05 09:37:22 Coordinator status 1
2024/03/05 09:37:22 Coordinator work
2024/03/05 09:37:22 Coordinator status 1
2024/03/05 09:37:23 Coordinator work
2024/03/05 09:37:23 Coordinator status 1
2024/03/05 09:37:23 Order 15 finish Reduce
2024/03/05 09:37:24 Order 14 finish Reduce
2024/03/05 09:37:24 Coordinator work
2024/03/05 09:37:24 Coordinator status 1
2024/03/05 09:37:24 Order 16 finish Reduce
2024/03/05 09:37:25 Coordinator work
2024/03/05 09:37:25 Coordinator status 1
2024/03/05 09:37:25 Map: 8 done vs. 0 working, Reduce 9 done vs. 1 working
2024/03/05 09:37:25 Order 17 finish Reduce
2024/03/05 09:37:25 Coordinator work
2024/03/05 09:37:25 Coordinator status 1
2024/03/05 09:37:25 Map: 8 done vs. 0 working, Reduce 10 done vs. 0 working
2024/03/05 09:37:25 forward: forward to done phase
2024/03/05 09:37:26 Coordinator work
2024/03/05 09:37:26 Coordinator status 2
