2024/03/05 08:51:43 making map order &{0 [../pg-being_ernest.txt] 0 10}
2024/03/05 08:51:43 making map order &{0 [../pg-dorian_gray.txt] 1 10}
2024/03/05 08:51:43 making map order &{0 [../pg-frankenstein.txt] 2 10}
2024/03/05 08:51:43 making map order &{0 [../pg-grimm.txt] 3 10}
2024/03/05 08:51:43 making map order &{0 [../pg-huckleberry_finn.txt] 4 10}
2024/03/05 08:51:43 making map order &{0 [../pg-metamorphosis.txt] 5 10}
2024/03/05 08:51:43 making map order &{0 [../pg-sherlock_holmes.txt] 6 10}
2024/03/05 08:51:43 making map order &{0 [../pg-tom_sawyer.txt] 7 10}
2024/03/05 08:51:43 done with make map order
2024/03/05 08:51:43 Map: 0 done vs. 8 working, Reduce 0 done vs. 0 working
2024/03/05 08:51:44 Coordinator work
2024/03/05 08:51:44 Coordinator status 0
2024/03/05 08:51:44 IsDone &{0 2024-03-05 08:51:44.804025198 +0800 CST m=+1.018865556 0xc00007bdd0} true
2024/03/05 08:51:44 Order 0 finish Map
2024/03/05 08:51:44 Coordinator work
2024/03/05 08:51:44 Coordinator status 0
2024/03/05 08:51:44 IsDone &{0 2024-03-05 08:51:44.815430866 +0800 CST m=+1.030271226 0xc00007be60} true
2024/03/05 08:51:44 Order 1 finish Map
2024/03/05 08:51:45 Coordinator work
2024/03/05 08:51:45 Coordinator status 0
2024/03/05 08:51:45 IsDone &{0 2024-03-05 08:51:45.812677313 +0800 CST m=+2.027517674 0xc00007bef0} true
2024/03/05 08:51:45 Order 2 finish Map
2024/03/05 08:51:45 Coordinator work
2024/03/05 08:51:45 Coordinator status 0
2024/03/05 08:51:45 IsDone &{0 2024-03-05 08:51:45.833042653 +0800 CST m=+2.047883011 0xc00007bf80} true
2024/03/05 08:51:45 Order 3 finish Map
2024/03/05 08:51:46 Coordinator work
2024/03/05 08:51:46 Coordinator status 0
2024/03/05 08:51:46 IsDone &{0 2024-03-05 08:51:46.829244713 +0800 CST m=+3.044085074 0xc00016c030} true
2024/03/05 08:51:46 Order 4 finish Map
2024/03/05 08:51:46 Coordinator work
2024/03/05 08:51:46 Coordinator status 0
2024/03/05 08:51:46 IsDone &{0 2024-03-05 08:51:46.84834757 +0800 CST m=+3.063187932 0xc00016c0c0} true
2024/03/05 08:51:46 Order 5 finish Map
2024/03/05 08:51:47 Coordinator work
2024/03/05 08:51:47 Coordinator status 0
2024/03/05 08:51:47 Coordinator work
2024/03/05 08:51:47 Coordinator status 0
2024/03/05 08:51:47 IsDone &{0 2024-03-05 08:51:47.847760816 +0800 CST m=+4.062601176 0xc00016c150} true
2024/03/05 08:51:47 Order 6 finish Map
2024/03/05 08:51:47 IsDone &{0 2024-03-05 08:51:47.856764362 +0800 CST m=+4.071604716 0xc00016c1e0} true
2024/03/05 08:51:47 Order 7 finish Map
2024/03/05 08:51:48 Coordinator work
2024/03/05 08:51:48 Coordinator status 0
2024/03/05 08:51:48 Map: 8 done vs. 0 working, Reduce 0 done vs. 0 working
2024/03/05 08:51:48 forward: forward to Reuce Phase
2024/03/05 08:51:48 making reduce order : 8
2024/03/05 08:51:48 making reduce order : 9
2024/03/05 08:51:48 making reduce order : 10
2024/03/05 08:51:48 making reduce order : 11
2024/03/05 08:51:48 Coordinator work
2024/03/05 08:51:48 making reduce order : 12
2024/03/05 08:51:48 making reduce order : 13
2024/03/05 08:51:48 making reduce order : 14
2024/03/05 08:51:48 making reduce order : 15
2024/03/05 08:51:48 making reduce order : 16
2024/03/05 08:51:48 making reduce order : 17
2024/03/05 08:51:48 done with make reduce order
2024/03/05 08:51:48 Map: 8 done vs. 0 working, Reduce 0 done vs. 10 working
2024/03/05 08:51:48 Coordinator status 1
2024/03/05 08:51:49 Order 8 finish Reduce
2024/03/05 08:51:50 Coordinator work
2024/03/05 08:51:50 Coordinator status 1
2024/03/05 08:51:50 Coordinator work
2024/03/05 08:51:50 Coordinator status 1
2024/03/05 08:51:51 Order 9 finish Reduce
2024/03/05 08:51:51 Order 10 finish Reduce
2024/03/05 08:51:52 Coordinator work
2024/03/05 08:51:52 Coordinator status 1
2024/03/05 08:51:52 Coordinator work
2024/03/05 08:51:52 Coordinator status 1
2024/03/05 08:51:54 Order 12 finish Reduce
2024/03/05 08:51:54 Order 11 finish Reduce
2024/03/05 08:51:55 Coordinator work
2024/03/05 08:51:55 Coordinator status 1
2024/03/05 08:51:55 Coordinator work
2024/03/05 08:51:55 Coordinator status 1
2024/03/05 08:51:56 Order 14 finish Reduce
2024/03/05 08:51:56 Order 13 finish Reduce
2024/03/05 08:51:57 Coordinator work
2024/03/05 08:51:57 Coordinator status 1
2024/03/05 08:51:57 Coordinator work
2024/03/05 08:51:57 Coordinator status 1
2024/03/05 08:51:57 Order 15 finish Reduce
2024/03/05 08:51:57 Order 16 finish Reduce
2024/03/05 08:51:58 Coordinator work
2024/03/05 08:51:58 Coordinator status 1
2024/03/05 08:51:58 Coordinator work
2024/03/05 08:51:58 Coordinator status 1
2024/03/05 08:51:58 Map: 8 done vs. 0 working, Reduce 9 done vs. 1 working
2024/03/05 08:51:59 Order 17 finish Reduce
2024/03/05 08:52:00 Coordinator work
2024/03/05 08:52:00 Coordinator status 1
2024/03/05 08:52:00 Map: 8 done vs. 0 working, Reduce 10 done vs. 0 working
2024/03/05 08:52:00 forward: forward to done phase
2024/03/05 08:52:00 Coordinator work
2024/03/05 08:52:00 Coordinator status 2
