2024/03/05 06:29:00 making map order &{0 [../pg-being_ernest.txt] 0 10}
2024/03/05 06:29:00 making map order &{0 [../pg-dorian_gray.txt] 1 10}
2024/03/05 06:29:00 making map order &{0 [../pg-frankenstein.txt] 2 10}
2024/03/05 06:29:00 making map order &{0 [../pg-grimm.txt] 3 10}
2024/03/05 06:29:00 making map order &{0 [../pg-huckleberry_finn.txt] 4 10}
2024/03/05 06:29:00 making map order &{0 [../pg-metamorphosis.txt] 5 10}
2024/03/05 06:29:00 making map order &{0 [../pg-sherlock_holmes.txt] 6 10}
2024/03/05 06:29:00 making map order &{0 [../pg-tom_sawyer.txt] 7 10}
2024/03/05 06:29:00 done with make map order
2024/03/05 06:29:00 Map: 0 done vs. 8 working, Reduce 0 done vs. 0 working
2024/03/05 06:29:01 Coordinator work
2024/03/05 06:29:01 Coordinator status 0
2024/03/05 06:29:01 Coordinator work
2024/03/05 06:29:01 Coordinator status 0
2024/03/05 06:29:01 Coordinator work
2024/03/05 06:29:01 Coordinator status 0
2024/03/05 06:29:02 IsDone &{0 2024-03-05 06:29:01.735056094 +0800 CST m=+1.021460174 0xc00009bd10} true
2024/03/05 06:29:02 Order 0 finish Map
2024/03/05 06:29:03 Coordinator work
2024/03/05 06:29:03 Coordinator status 0
2024/03/05 06:29:03 IsDone &{0 2024-03-05 06:29:01.754368333 +0800 CST m=+1.040772402 0xc00009be30} true
2024/03/05 06:29:03 Order 2 finish Map
2024/03/05 06:29:03 IsDone &{0 2024-03-05 06:29:01.737446272 +0800 CST m=+1.023850336 0xc00009bda0} true
2024/03/05 06:29:03 Order 1 finish Map
2024/03/05 06:29:04 Coordinator work
2024/03/05 06:29:04 Coordinator status 0
2024/03/05 06:29:04 Coordinator work
2024/03/05 06:29:04 Coordinator status 0
2024/03/05 06:29:05 IsDone &{0 2024-03-05 06:29:03.471552771 +0800 CST m=+2.757956830 0xc00009bec0} true
2024/03/05 06:29:05 Order 3 finish Map
2024/03/05 06:29:05 IsDone &{0 2024-03-05 06:29:04.675214678 +0800 CST m=+3.961618746 0xc00011a000} true
2024/03/05 06:29:05 Order 5 finish Map
2024/03/05 06:29:06 Coordinator work
2024/03/05 06:29:06 Coordinator status 0
2024/03/05 06:29:06 Coordinator work
2024/03/05 06:29:06 Coordinator status 0
2024/03/05 06:29:07 IsDone &{0 2024-03-05 06:29:04.548627313 +0800 CST m=+3.835031371 0xc00009bf50} true
2024/03/05 06:29:07 Order 4 finish Map
2024/03/05 06:29:08 Coordinator work
2024/03/05 06:29:08 Coordinator status 0
2024/03/05 06:29:08 Map: 6 done vs. 2 working, Reduce 0 done vs. 0 working
2024/03/05 06:29:08 IsDone &{0 2024-03-05 06:29:06.483504059 +0800 CST m=+5.769908123 0xc00011a120} true
2024/03/05 06:29:08 Order 7 finish Map
2024/03/05 06:29:08 IsDone &{0 2024-03-05 06:29:06.161623825 +0800 CST m=+5.448027897 0xc00011a090} true
2024/03/05 06:29:08 Order 6 finish Map
2024/03/05 06:29:09 Coordinator work
2024/03/05 06:29:09 Coordinator status 0
2024/03/05 06:29:09 Map: 8 done vs. 0 working, Reduce 0 done vs. 0 working
2024/03/05 06:29:09 forward: forward to Reuce Phase
2024/03/05 06:29:09 making reduce order : 8
2024/03/05 06:29:09 making reduce order : 9
2024/03/05 06:29:09 making reduce order : 10
2024/03/05 06:29:09 making reduce order : 11
2024/03/05 06:29:09 making reduce order : 12
2024/03/05 06:29:09 making reduce order : 13
2024/03/05 06:29:09 making reduce order : 14
2024/03/05 06:29:09 making reduce order : 15
2024/03/05 06:29:09 making reduce order : 16
2024/03/05 06:29:09 making reduce order : 17
2024/03/05 06:29:09 done with make reduce order
2024/03/05 06:29:09 Map: 8 done vs. 0 working, Reduce 0 done vs. 10 working
2024/03/05 06:29:09 Coordinator work
2024/03/05 06:29:09 Coordinator status 1
2024/03/05 06:29:09 Order 8 finish Reduce
2024/03/05 06:29:10 Coordinator work
2024/03/05 06:29:10 Coordinator status 1
2024/03/05 06:29:10 Order 9 finish Reduce
2024/03/05 06:29:10 Coordinator work
2024/03/05 06:29:10 Coordinator status 1
2024/03/05 06:29:11 Coordinator work
2024/03/05 06:29:11 Coordinator status 1
2024/03/05 06:29:11 Coordinator work
2024/03/05 06:29:11 Coordinator status 1
2024/03/05 06:29:12 Order 11 finish Reduce
2024/03/05 06:29:12 Order 12 finish Reduce
2024/03/05 06:29:12 Order 10 finish Reduce
2024/03/05 06:29:13 Coordinator work
2024/03/05 06:29:13 Coordinator status 1
2024/03/05 06:29:13 Coordinator work
2024/03/05 06:29:13 Coordinator status 1
2024/03/05 06:29:13 Coordinator work
2024/03/05 06:29:13 Coordinator status 1
2024/03/05 06:29:13 Order 13 finish Reduce
2024/03/05 06:29:14 Order 15 finish Reduce
2024/03/05 06:29:14 Coordinator work
2024/03/05 06:29:14 Coordinator status 1
2024/03/05 06:29:15 Order 14 finish Reduce
2024/03/05 06:29:15 Coordinator work
2024/03/05 06:29:15 Coordinator status 1
2024/03/05 06:29:15 Order 16 finish Reduce
2024/03/05 06:29:16 Coordinator work
2024/03/05 06:29:16 Coordinator status 1
2024/03/05 06:29:16 Map: 8 done vs. 0 working, Reduce 9 done vs. 1 working
2024/03/05 06:29:16 Order 17 finish Reduce
2024/03/05 06:29:16 Coordinator work
2024/03/05 06:29:16 Coordinator status 1
2024/03/05 06:29:16 Map: 8 done vs. 0 working, Reduce 10 done vs. 0 working
2024/03/05 06:29:16 forward: forward to done phase
2024/03/05 06:29:17 Coordinator work
2024/03/05 06:29:17 Coordinator status 2
2024/03/05 06:29:18 Coordinator work
2024/03/05 06:29:18 Coordinator status 2
