2024/03/05 08:37:03 making map order &{0 [../pg-being_ernest.txt] 0 10}
2024/03/05 08:37:03 making map order &{0 [../pg-dorian_gray.txt] 1 10}
2024/03/05 08:37:03 making map order &{0 [../pg-frankenstein.txt] 2 10}
2024/03/05 08:37:03 making map order &{0 [../pg-grimm.txt] 3 10}
2024/03/05 08:37:03 making map order &{0 [../pg-huckleberry_finn.txt] 4 10}
2024/03/05 08:37:03 making map order &{0 [../pg-metamorphosis.txt] 5 10}
2024/03/05 08:37:03 making map order &{0 [../pg-sherlock_holmes.txt] 6 10}
2024/03/05 08:37:03 making map order &{0 [../pg-tom_sawyer.txt] 7 10}
2024/03/05 08:37:03 done with make map order
2024/03/05 08:37:03 Map: 0 done vs. 8 working, Reduce 0 done vs. 0 working
2024/03/05 08:37:04 Coordinator work
2024/03/05 08:37:04 Coordinator status 0
2024/03/05 08:37:04 Coordinator work
2024/03/05 08:37:04 Coordinator status 0
2024/03/05 08:37:04 IsDone &{0 2024-03-05 08:37:04.92183088 +0800 CST m=+1.018737008 0xc00009fd10} true
2024/03/05 08:37:04 Order 0 finish Map
2024/03/05 08:37:04 IsDone &{0 2024-03-05 08:37:04.92645213 +0800 CST m=+1.023358248 0xc00009fda0} true
2024/03/05 08:37:04 Order 1 finish Map
2024/03/05 08:37:05 Coordinator work
2024/03/05 08:37:05 Coordinator status 0
2024/03/05 08:37:05 Coordinator work
2024/03/05 08:37:05 Coordinator status 0
2024/03/05 08:37:05 IsDone &{0 2024-03-05 08:37:05.934144299 +0800 CST m=+2.031050421 0xc00009fe30} true
2024/03/05 08:37:05 Order 2 finish Map
2024/03/05 08:37:05 IsDone &{0 2024-03-05 08:37:05.94653928 +0800 CST m=+2.043445397 0xc00009fec0} true
2024/03/05 08:37:05 Order 3 finish Map
2024/03/05 08:37:06 Coordinator work
2024/03/05 08:37:06 Coordinator status 0
2024/03/05 08:37:06 Coordinator work
2024/03/05 08:37:06 Coordinator status 0
2024/03/05 08:37:06 IsDone &{0 2024-03-05 08:37:06.964896948 +0800 CST m=+3.061803069 0xc00011c000} true
2024/03/05 08:37:06 Order 5 finish Map
2024/03/05 08:37:06 IsDone &{0 2024-03-05 08:37:06.961406438 +0800 CST m=+3.058312559 0xc00009ff50} true
2024/03/05 08:37:06 Order 4 finish Map
2024/03/05 08:37:07 Coordinator work
2024/03/05 08:37:07 Coordinator status 0
2024/03/05 08:37:07 Coordinator work
2024/03/05 08:37:07 Coordinator status 0
2024/03/05 08:37:08 IsDone &{0 2024-03-05 08:37:07.984900818 +0800 CST m=+4.081806934 0xc00011c120} true
2024/03/05 08:37:08 Order 7 finish Map
2024/03/05 08:37:08 IsDone &{0 2024-03-05 08:37:07.974327166 +0800 CST m=+4.071233288 0xc00011c090} true
2024/03/05 08:37:08 Order 6 finish Map
2024/03/05 08:37:09 Coordinator work
2024/03/05 08:37:09 Coordinator status 0
2024/03/05 08:37:09 Map: 8 done vs. 0 working, Reduce 0 done vs. 0 working
2024/03/05 08:37:09 forward: forward to Reuce Phase
2024/03/05 08:37:09 making reduce order : 8
2024/03/05 08:37:09 making reduce order : 9
2024/03/05 08:37:09 making reduce order : 10
2024/03/05 08:37:09 making reduce order : 11
2024/03/05 08:37:09 making reduce order : 12
2024/03/05 08:37:09 making reduce order : 13
2024/03/05 08:37:09 making reduce order : 14
2024/03/05 08:37:09 making reduce order : 15
2024/03/05 08:37:09 making reduce order : 16
2024/03/05 08:37:09 making reduce order : 17
2024/03/05 08:37:09 done with make reduce order
2024/03/05 08:37:09 Map: 8 done vs. 0 working, Reduce 0 done vs. 10 working
2024/03/05 08:37:09 Coordinator work
2024/03/05 08:37:09 Coordinator status 1
2024/03/05 08:37:10 Order 8 finish Reduce
2024/03/05 08:37:11 Coordinator work
2024/03/05 08:37:11 Coordinator status 1
2024/03/05 08:37:11 Coordinator work
2024/03/05 08:37:11 Coordinator status 1
2024/03/05 08:37:12 Order 9 finish Reduce
2024/03/05 08:37:12 Order 10 finish Reduce
2024/03/05 08:37:13 Coordinator work
2024/03/05 08:37:13 Coordinator status 1
2024/03/05 08:37:13 Coordinator work
2024/03/05 08:37:13 Coordinator status 1
2024/03/05 08:37:15 Order 11 finish Reduce
2024/03/05 08:37:15 Order 12 finish Reduce
2024/03/05 08:37:16 Coordinator work
2024/03/05 08:37:16 Coordinator status 1
2024/03/05 08:37:16 Coordinator work
2024/03/05 08:37:16 Coordinator status 1
2024/03/05 08:37:17 Order 13 finish Reduce
2024/03/05 08:37:17 Order 14 finish Reduce
2024/03/05 08:37:18 Coordinator work
2024/03/05 08:37:18 Coordinator status 1
2024/03/05 08:37:18 Order 15 finish Reduce
2024/03/05 08:37:18 Coordinator work
2024/03/05 08:37:18 Coordinator status 1
2024/03/05 08:37:18 Order 16 finish Reduce
2024/03/05 08:37:19 Coordinator work
2024/03/05 08:37:19 Coordinator status 1
2024/03/05 08:37:19 Coordinator work
2024/03/05 08:37:19 Coordinator status 1
2024/03/05 08:37:19 Map: 8 done vs. 0 working, Reduce 9 done vs. 1 working
2024/03/05 08:37:20 Order 17 finish Reduce
2024/03/05 08:37:21 Coordinator work
2024/03/05 08:37:21 Coordinator status 1
2024/03/05 08:37:21 Map: 8 done vs. 0 working, Reduce 10 done vs. 0 working
2024/03/05 08:37:21 forward: forward to done phase
2024/03/05 08:37:21 Coordinator work
2024/03/05 08:37:21 Coordinator status 2
