2024/03/05 00:51:53 making map order &{0 [../pg-being_ernest.txt] 0 10}
2024/03/05 00:51:53 making map order &{0 [../pg-dorian_gray.txt] 1 10}
2024/03/05 00:51:53 making map order &{0 [../pg-frankenstein.txt] 2 10}
2024/03/05 00:51:53 making map order &{0 [../pg-grimm.txt] 3 10}
2024/03/05 00:51:53 making map order &{0 [../pg-huckleberry_finn.txt] 4 10}
2024/03/05 00:51:53 making map order &{0 [../pg-metamorphosis.txt] 5 10}
2024/03/05 00:51:53 making map order &{0 [../pg-sherlock_holmes.txt] 6 10}
2024/03/05 00:51:53 making map order &{0 [../pg-tom_sawyer.txt] 7 10}
2024/03/05 00:51:53 done with make map order
2024/03/05 00:51:53 Map: 0 done vs. 8 working, Reduce 0 done vs. 0 working
2024/03/05 00:51:54 Coordinator work
2024/03/05 00:51:54 Coordinator status 0
2024/03/05 00:51:54 Coordinator work
2024/03/05 00:51:54 Coordinator status 0
2024/03/05 00:51:54 Coordinator work
2024/03/05 00:51:54 Coordinator status 0
2024/03/05 00:51:54 Coordinator work
2024/03/05 00:51:54 Coordinator status 0
2024/03/05 00:51:54 IsDone &{0 2024-03-05 00:51:54.033442866 +0800 CST m=+1.029879300 0xc00007fd40} true
2024/03/05 00:51:54 Order 1 finish Map
2024/03/05 00:51:54 IsDone &{0 2024-03-05 00:51:54.047219275 +0800 CST m=+1.043655712 0xc00007fe60} true
2024/03/05 00:51:54 Order 3 finish Map
2024/03/05 00:51:55 Coordinator work
2024/03/05 00:51:55 Coordinator status 0
2024/03/05 00:51:55 Coordinator work
2024/03/05 00:51:55 Coordinator status 0
2024/03/05 00:51:55 IsDone &{0 2024-03-05 00:51:54.023742357 +0800 CST m=+1.020178791 0xc00007fcb0} true
2024/03/05 00:51:55 Order 0 finish Map
2024/03/05 00:51:56 Coordinator work
2024/03/05 00:51:56 Coordinator status 0
2024/03/05 00:51:58 IsDone &{0 2024-03-05 00:51:54.041741354 +0800 CST m=+1.038177788 0xc00007fdd0} true
2024/03/05 00:51:58 Order 2 finish Map
2024/03/05 00:51:59 Coordinator work
2024/03/05 00:51:59 Coordinator status 0
2024/03/05 00:52:01 IsDone &{0 2024-03-05 00:51:55.059605744 +0800 CST m=+2.056042182 0xc00007fef0} true
2024/03/05 00:52:01 Order 4 finish Map
2024/03/05 00:52:01 IsDone &{0 2024-03-05 00:51:55.067800771 +0800 CST m=+2.064237204 0xc00007ff80} true
2024/03/05 00:52:01 Order 5 finish Map
2024/03/05 00:52:02 Coordinator work
2024/03/05 00:52:02 Coordinator status 0
2024/03/05 00:52:02 Map: 6 done vs. 2 working, Reduce 0 done vs. 0 working
2024/03/05 00:52:02 Coordinator work
2024/03/05 00:52:02 Coordinator status 0
2024/03/05 00:52:02 Map: 6 done vs. 2 working, Reduce 0 done vs. 0 working
2024/03/05 00:52:04 Coordinator work
2024/03/05 00:52:04 Coordinator status 0
2024/03/05 00:52:04 Map: 6 done vs. 2 working, Reduce 0 done vs. 0 working
2024/03/05 00:52:04 Coordinator work
2024/03/05 00:52:04 Coordinator status 0
2024/03/05 00:52:04 Map: 6 done vs. 2 working, Reduce 0 done vs. 0 working
2024/03/05 00:52:06 IsDone &{0 2024-03-05 00:51:59.511978417 +0800 CST m=+6.508414854 0xc00017c0c0} true
2024/03/05 00:52:06 Order 7 finish Map
2024/03/05 00:52:06 Coordinator work
2024/03/05 00:52:06 Coordinator status 0
2024/03/05 00:52:06 Map: 7 done vs. 1 working, Reduce 0 done vs. 0 working
2024/03/05 00:52:06 Coordinator work
2024/03/05 00:52:06 Coordinator status 0
2024/03/05 00:52:06 Map: 7 done vs. 1 working, Reduce 0 done vs. 0 working
2024/03/05 00:52:07 Coordiantor restart Map order 6
2024/03/05 00:52:07 Coordinator work
2024/03/05 00:52:07 Coordinator status 0
2024/03/05 00:52:08 Coordinator work
2024/03/05 00:52:08 Coordinator status 0
2024/03/05 00:52:08 Map: 7 done vs. 1 working, Reduce 0 done vs. 0 working
2024/03/05 00:52:08 Coordinator work
2024/03/05 00:52:08 Coordinator status 0
2024/03/05 00:52:08 Map: 7 done vs. 1 working, Reduce 0 done vs. 0 working
2024/03/05 00:52:09 IsDone &{0 2024-03-05 00:52:07.230111481 +0800 CST m=+14.226547911 0xc00017c030} true
2024/03/05 00:52:09 Order 6 finish Map
2024/03/05 00:52:10 Coordinator work
2024/03/05 00:52:10 Coordinator status 0
2024/03/05 00:52:10 Map: 8 done vs. 0 working, Reduce 0 done vs. 0 working
2024/03/05 00:52:10 forward: forward to Reuce Phase
2024/03/05 00:52:10 making reduce order : 8
2024/03/05 00:52:10 making reduce order : 9
2024/03/05 00:52:10 making reduce order : 10
2024/03/05 00:52:10 making reduce order : 11
2024/03/05 00:52:10 making reduce order : 12
2024/03/05 00:52:10 making reduce order : 13
2024/03/05 00:52:10 making reduce order : 14
2024/03/05 00:52:10 making reduce order : 15
2024/03/05 00:52:10 making reduce order : 16
2024/03/05 00:52:10 making reduce order : 17
2024/03/05 00:52:10 done with make reduce order
2024/03/05 00:52:10 Map: 8 done vs. 0 working, Reduce 0 done vs. 10 working
2024/03/05 00:52:10 Coordinator work
2024/03/05 00:52:10 Coordinator status 1
2024/03/05 00:52:10 Order 8 finish Reduce
2024/03/05 00:52:10 Coordinator work
2024/03/05 00:52:10 Coordinator status 1
2024/03/05 00:52:10 Order 9 finish Reduce
2024/03/05 00:52:11 Coordinator work
2024/03/05 00:52:11 Coordinator status 1
2024/03/05 00:52:11 Coordinator work
2024/03/05 00:52:11 Coordinator status 1
2024/03/05 00:52:11 Order 11 finish Reduce
2024/03/05 00:52:12 Coordinator work
2024/03/05 00:52:12 Coordinator status 1
2024/03/05 00:52:12 Order 12 finish Reduce
2024/03/05 00:52:12 Coordinator work
2024/03/05 00:52:12 Coordinator status 1
2024/03/05 00:52:13 Coordinator work
2024/03/05 00:52:13 Coordinator status 1
2024/03/05 00:52:13 Order 14 finish Reduce
2024/03/05 00:52:14 Coordinator work
2024/03/05 00:52:14 Coordinator status 1
2024/03/05 00:52:14 Order 15 finish Reduce
2024/03/05 00:52:15 Coordinator work
2024/03/05 00:52:15 Coordinator status 1
2024/03/05 00:52:15 Order 16 finish Reduce
2024/03/05 00:52:16 Coordinator work
2024/03/05 00:52:16 Coordinator status 1
2024/03/05 00:52:16 Order 17 finish Reduce
2024/03/05 00:52:17 Coordinator work
2024/03/05 00:52:17 Coordinator status 1
2024/03/05 00:52:17 Map: 8 done vs. 0 working, Reduce 8 done vs. 2 working
2024/03/05 00:52:18 Order 13 finish Reduce
2024/03/05 00:52:19 Coordinator work
2024/03/05 00:52:19 Coordinator status 1
2024/03/05 00:52:19 Map: 8 done vs. 0 working, Reduce 9 done vs. 1 working
2024/03/05 00:52:19 Coordinator work
2024/03/05 00:52:19 Coordinator status 1
2024/03/05 00:52:19 Map: 8 done vs. 0 working, Reduce 9 done vs. 1 working
2024/03/05 00:52:21 Order 10 finish Reduce
2024/03/05 00:52:21 Coordinator work
2024/03/05 00:52:21 Coordinator status 1
2024/03/05 00:52:21 Map: 8 done vs. 0 working, Reduce 10 done vs. 0 working
2024/03/05 00:52:21 forward: forward to done phase
2024/03/05 00:52:21 Coordinator work
2024/03/05 00:52:21 Coordinator status 2
2024/03/05 00:52:22 Coordinator work
2024/03/05 00:52:22 Coordinator status 2
