2024/03/05 08:39:24 making map order &{0 [../pg-being_ernest.txt] 0 10}
2024/03/05 08:39:24 making map order &{0 [../pg-dorian_gray.txt] 1 10}
2024/03/05 08:39:24 making map order &{0 [../pg-frankenstein.txt] 2 10}
2024/03/05 08:39:24 making map order &{0 [../pg-grimm.txt] 3 10}
2024/03/05 08:39:24 making map order &{0 [../pg-huckleberry_finn.txt] 4 10}
2024/03/05 08:39:24 making map order &{0 [../pg-metamorphosis.txt] 5 10}
2024/03/05 08:39:24 making map order &{0 [../pg-sherlock_holmes.txt] 6 10}
2024/03/05 08:39:24 making map order &{0 [../pg-tom_sawyer.txt] 7 10}
2024/03/05 08:39:24 done with make map order
2024/03/05 08:39:24 Map: 0 done vs. 8 working, Reduce 0 done vs. 0 working
2024/03/05 08:39:25 Coordinator work
2024/03/05 08:39:25 Coordinator status 0
2024/03/05 08:39:25 Coordinator work
2024/03/05 08:39:25 Coordinator status 0
2024/03/05 08:39:26 IsDone &{0 2024-03-05 08:39:25.229255706 +0800 CST m=+1.014776432 0xc00008a390} true
2024/03/05 08:39:26 Order 0 finish Map
2024/03/05 08:39:26 IsDone &{0 2024-03-05 08:39:25.234527732 +0800 CST m=+1.020048466 0xc00008a420} true
2024/03/05 08:39:26 Order 1 finish Map
2024/03/05 08:39:27 Coordinator work
2024/03/05 08:39:27 Coordinator status 0
2024/03/05 08:39:27 Coordinator work
2024/03/05 08:39:27 Coordinator status 0
2024/03/05 08:39:28 IsDone &{0 2024-03-05 08:39:27.239837913 +0800 CST m=+3.025358637 0xc00008a4b0} true
2024/03/05 08:39:28 Order 2 finish Map
2024/03/05 08:39:28 IsDone &{0 2024-03-05 08:39:27.252912107 +0800 CST m=+3.038432834 0xc00008a540} true
2024/03/05 08:39:28 Order 3 finish Map
2024/03/05 08:39:29 Coordinator work
2024/03/05 08:39:29 Coordinator status 0
2024/03/05 08:39:29 Coordinator work
2024/03/05 08:39:29 Coordinator status 0
2024/03/05 08:39:30 IsDone &{0 2024-03-05 08:39:29.272979467 +0800 CST m=+5.058500194 0xc00008a660} true
2024/03/05 08:39:30 Order 5 finish Map
2024/03/05 08:39:30 IsDone &{0 2024-03-05 08:39:29.272650434 +0800 CST m=+5.058171163 0xc00008a5d0} true
2024/03/05 08:39:30 Order 4 finish Map
2024/03/05 08:39:31 Coordinator work
2024/03/05 08:39:31 Coordinator status 0
2024/03/05 08:39:31 Coordinator work
2024/03/05 08:39:31 Coordinator status 0
2024/03/05 08:39:32 IsDone &{0 2024-03-05 08:39:31.28204037 +0800 CST m=+7.067561097 0xc00008a6f0} true
2024/03/05 08:39:32 Order 6 finish Map
2024/03/05 08:39:32 IsDone &{0 2024-03-05 08:39:31.296296343 +0800 CST m=+7.081817070 0xc00008a780} true
2024/03/05 08:39:32 Order 7 finish Map
2024/03/05 08:39:33 Coordinator work
2024/03/05 08:39:33 Coordinator status 0
2024/03/05 08:39:33 Map: 8 done vs. 0 working, Reduce 0 done vs. 0 working
2024/03/05 08:39:33 forward: forward to Reuce Phase
2024/03/05 08:39:33 making reduce order : 8
2024/03/05 08:39:33 making reduce order : 9
2024/03/05 08:39:33 making reduce order : 10
2024/03/05 08:39:33 making reduce order : 11
2024/03/05 08:39:33 making reduce order : 12
2024/03/05 08:39:33 making reduce order : 13
2024/03/05 08:39:33 making reduce order : 14
2024/03/05 08:39:33 making reduce order : 15
2024/03/05 08:39:33 making reduce order : 16
2024/03/05 08:39:33 making reduce order : 17
2024/03/05 08:39:33 done with make reduce order
2024/03/05 08:39:33 Map: 8 done vs. 0 working, Reduce 0 done vs. 10 working
2024/03/05 08:39:33 Coordinator work
2024/03/05 08:39:33 Coordinator status 1
2024/03/05 08:39:33 Order 8 finish Reduce
2024/03/05 08:39:34 Coordinator work
2024/03/05 08:39:34 Coordinator status 1
2024/03/05 08:39:34 Order 9 finish Reduce
2024/03/05 08:39:35 Coordinator work
2024/03/05 08:39:35 Coordinator status 1
2024/03/05 08:39:35 Order 10 finish Reduce
2024/03/05 08:39:35 Coordinator work
2024/03/05 08:39:35 Coordinator status 1
2024/03/05 08:39:35 Order 11 finish Reduce
2024/03/05 08:39:36 Coordinator work
2024/03/05 08:39:36 Coordinator status 1
2024/03/05 08:39:36 Order 12 finish Reduce
2024/03/05 08:39:36 Coordinator work
2024/03/05 08:39:36 Coordinator status 1
2024/03/05 08:39:36 Order 13 finish Reduce
2024/03/05 08:39:37 Coordinator work
2024/03/05 08:39:37 Coordinator status 1
2024/03/05 08:39:37 Order 14 finish Reduce
2024/03/05 08:39:37 Coordinator work
2024/03/05 08:39:37 Coordinator status 1
2024/03/05 08:39:37 Order 15 finish Reduce
2024/03/05 08:39:38 Coordinator work
2024/03/05 08:39:38 Coordinator status 1
2024/03/05 08:39:38 Order 16 finish Reduce
2024/03/05 08:39:38 Coordinator work
2024/03/05 08:39:38 Coordinator status 1
2024/03/05 08:39:38 Order 17 finish Reduce
2024/03/05 08:39:39 Coordinator work
2024/03/05 08:39:39 Coordinator status 1
2024/03/05 08:39:39 Map: 8 done vs. 0 working, Reduce 10 done vs. 0 working
2024/03/05 08:39:39 forward: forward to done phase
2024/03/05 08:39:39 Coordinator work
2024/03/05 08:39:39 Coordinator status 2
