2024/03/05 09:34:30 making map order &{0 [../pg-being_ernest.txt] 0 10}
2024/03/05 09:34:30 making map order &{0 [../pg-dorian_gray.txt] 1 10}
2024/03/05 09:34:30 making map order &{0 [../pg-frankenstein.txt] 2 10}
2024/03/05 09:34:30 making map order &{0 [../pg-grimm.txt] 3 10}
2024/03/05 09:34:30 making map order &{0 [../pg-huckleberry_finn.txt] 4 10}
2024/03/05 09:34:30 making map order &{0 [../pg-metamorphosis.txt] 5 10}
2024/03/05 09:34:30 making map order &{0 [../pg-sherlock_holmes.txt] 6 10}
2024/03/05 09:34:30 making map order &{0 [../pg-tom_sawyer.txt] 7 10}
2024/03/05 09:34:30 done with make map order
2024/03/05 09:34:30 Map: 0 done vs. 8 working, Reduce 0 done vs. 0 working
2024/03/05 09:34:31 Coordinator work
2024/03/05 09:34:31 Coordinator status 0
2024/03/05 09:34:31 Coordinator work
2024/03/05 09:34:31 Coordinator status 0
2024/03/05 09:34:31 IsDone &{0 2024-03-05 09:34:31.367112731 +0800 CST m=+1.017213234 0xc00009bda0} true
2024/03/05 09:34:31 Order 0 finish Map
2024/03/05 09:34:31 IsDone &{0 2024-03-05 09:34:31.367589931 +0800 CST m=+1.017690433 0xc00009be30} true
2024/03/05 09:34:31 Order 1 finish Map
2024/03/05 09:34:32 Coordinator work
2024/03/05 09:34:32 Coordinator status 0
2024/03/05 09:34:32 Coordinator work
2024/03/05 09:34:32 Coordinator status 0
2024/03/05 09:34:32 IsDone &{0 2024-03-05 09:34:32.462075139 +0800 CST m=+2.112175641 0xc00009bec0} true
2024/03/05 09:34:32 Order 2 finish Map
2024/03/05 09:34:32 IsDone &{0 2024-03-05 09:34:32.595999068 +0800 CST m=+2.246099575 0xc00009bf50} true
2024/03/05 09:34:32 Order 3 finish Map
2024/03/05 09:34:33 Coordinator work
2024/03/05 09:34:33 Coordinator status 0
2024/03/05 09:34:33 Coordinator work
2024/03/05 09:34:33 Coordinator status 0
2024/03/05 09:34:33 IsDone &{0 2024-03-05 09:34:33.639698687 +0800 CST m=+3.289799195 0xc00011a000} true
2024/03/05 09:34:33 Order 4 finish Map
2024/03/05 09:34:33 IsDone &{0 2024-03-05 09:34:33.798984725 +0800 CST m=+3.449085234 0xc00011a090} true
2024/03/05 09:34:33 Order 5 finish Map
2024/03/05 09:34:34 Coordinator work
2024/03/05 09:34:34 Coordinator status 0
2024/03/05 09:34:34 Coordinator work
2024/03/05 09:34:34 Coordinator status 0
2024/03/05 09:34:35 IsDone &{0 2024-03-05 09:34:34.869691988 +0800 CST m=+4.519792488 0xc00011a120} true
2024/03/05 09:34:35 Order 6 finish Map
2024/03/05 09:34:35 IsDone &{0 2024-03-05 09:34:34.900197216 +0800 CST m=+4.550297721 0xc00011a1b0} true
2024/03/05 09:34:35 Order 7 finish Map
2024/03/05 09:34:36 Coordinator work
2024/03/05 09:34:36 Coordinator status 0
2024/03/05 09:34:36 Map: 8 done vs. 0 working, Reduce 0 done vs. 0 working
2024/03/05 09:34:36 forward: forward to Reuce Phase
2024/03/05 09:34:36 making reduce order : 8
2024/03/05 09:34:36 making reduce order : 9
2024/03/05 09:34:36 making reduce order : 10
2024/03/05 09:34:36 making reduce order : 11
2024/03/05 09:34:36 making reduce order : 12
2024/03/05 09:34:36 making reduce order : 13
2024/03/05 09:34:36 making reduce order : 14
2024/03/05 09:34:36 making reduce order : 15
2024/03/05 09:34:36 making reduce order : 16
2024/03/05 09:34:36 making reduce order : 17
2024/03/05 09:34:36 done with make reduce order
2024/03/05 09:34:36 Map: 8 done vs. 0 working, Reduce 0 done vs. 10 working
2024/03/05 09:34:36 Coordinator work
2024/03/05 09:34:36 Coordinator status 1
2024/03/05 09:34:36 Order 8 finish Reduce
2024/03/05 09:34:37 Coordinator work
2024/03/05 09:34:37 Coordinator status 1
2024/03/05 09:34:37 Order 9 finish Reduce
2024/03/05 09:34:38 Coordinator work
2024/03/05 09:34:38 Coordinator status 1
2024/03/05 09:34:38 Order 10 finish Reduce
2024/03/05 09:34:38 Coordinator work
2024/03/05 09:34:38 Coordinator status 1
2024/03/05 09:34:38 Order 11 finish Reduce
2024/03/05 09:34:39 Coordinator work
2024/03/05 09:34:39 Coordinator status 1
2024/03/05 09:34:39 Order 12 finish Reduce
2024/03/05 09:34:39 Coordinator work
2024/03/05 09:34:39 Coordinator status 1
2024/03/05 09:34:39 Order 13 finish Reduce
2024/03/05 09:34:40 Coordinator work
2024/03/05 09:34:40 Coordinator status 1
2024/03/05 09:34:40 Order 14 finish Reduce
2024/03/05 09:34:40 Coordinator work
2024/03/05 09:34:40 Coordinator status 1
2024/03/05 09:34:40 Order 15 finish Reduce
2024/03/05 09:34:41 Coordinator work
2024/03/05 09:34:41 Coordinator status 1
2024/03/05 09:34:41 Order 16 finish Reduce
2024/03/05 09:34:41 Coordinator work
2024/03/05 09:34:41 Coordinator status 1
2024/03/05 09:34:41 Order 17 finish Reduce
2024/03/05 09:34:42 Coordinator work
2024/03/05 09:34:42 Coordinator status 1
2024/03/05 09:34:42 Map: 8 done vs. 0 working, Reduce 10 done vs. 0 working
2024/03/05 09:34:42 forward: forward to done phase
2024/03/05 09:34:42 Coordinator work
2024/03/05 09:34:42 Coordinator status 2
