2024/03/05 08:06:10 making map order &{0 [../pg-being_ernest.txt] 0 10}
2024/03/05 08:06:10 making map order &{0 [../pg-dorian_gray.txt] 1 10}
2024/03/05 08:06:10 making map order &{0 [../pg-frankenstein.txt] 2 10}
2024/03/05 08:06:10 making map order &{0 [../pg-grimm.txt] 3 10}
2024/03/05 08:06:10 making map order &{0 [../pg-huckleberry_finn.txt] 4 10}
2024/03/05 08:06:10 making map order &{0 [../pg-metamorphosis.txt] 5 10}
2024/03/05 08:06:10 making map order &{0 [../pg-sherlock_holmes.txt] 6 10}
2024/03/05 08:06:10 making map order &{0 [../pg-tom_sawyer.txt] 7 10}
2024/03/05 08:06:10 done with make map order
2024/03/05 08:06:10 Map: 0 done vs. 8 working, Reduce 0 done vs. 0 working
2024/03/05 08:06:11 Coordinator work
2024/03/05 08:06:11 Coordinator status 0
2024/03/05 08:06:11 Coordinator work
2024/03/05 08:06:11 Coordinator status 0
2024/03/05 08:06:11 IsDone &{0 2024-03-05 08:06:11.587827374 +0800 CST m=+1.016714178 0xc0000765a0} true
2024/03/05 08:06:11 Order 0 finish Map
2024/03/05 08:06:11 IsDone &{0 2024-03-05 08:06:11.602945194 +0800 CST m=+1.031831992 0xc000076630} true
2024/03/05 08:06:11 Order 1 finish Map
2024/03/05 08:06:12 Coordinator work
2024/03/05 08:06:12 Coordinator status 0
2024/03/05 08:06:12 Coordinator work
2024/03/05 08:06:12 Coordinator status 0
2024/03/05 08:06:12 IsDone &{0 2024-03-05 08:06:12.720040259 +0800 CST m=+2.148927058 0xc0000766c0} true
2024/03/05 08:06:12 Order 2 finish Map
2024/03/05 08:06:13 IsDone &{0 2024-03-05 08:06:12.825978235 +0800 CST m=+2.254865037 0xc000076750} true
2024/03/05 08:06:13 Order 3 finish Map
2024/03/05 08:06:13 Coordinator work
2024/03/05 08:06:13 Coordinator status 0
2024/03/05 08:06:14 Coordinator work
2024/03/05 08:06:14 Coordinator status 0
2024/03/05 08:06:14 IsDone &{0 2024-03-05 08:06:14.046399065 +0800 CST m=+3.475285895 0xc000076870} true
2024/03/05 08:06:14 Order 5 finish Map
2024/03/05 08:06:14 IsDone &{0 2024-03-05 08:06:13.926445905 +0800 CST m=+3.355332702 0xc0000767e0} true
2024/03/05 08:06:14 Order 4 finish Map
2024/03/05 08:06:15 Coordinator work
2024/03/05 08:06:15 Coordinator status 0
2024/03/05 08:06:15 Coordinator work
2024/03/05 08:06:15 Coordinator status 0
2024/03/05 08:06:15 IsDone &{0 2024-03-05 08:06:15.176562263 +0800 CST m=+4.605449051 0xc000076900} true
2024/03/05 08:06:15 Order 6 finish Map
2024/03/05 08:06:15 IsDone &{0 2024-03-05 08:06:15.215626671 +0800 CST m=+4.644513467 0xc000076990} true
2024/03/05 08:06:15 Order 7 finish Map
2024/03/05 08:06:16 Coordinator work
2024/03/05 08:06:16 Coordinator status 0
2024/03/05 08:06:16 Map: 8 done vs. 0 working, Reduce 0 done vs. 0 working
2024/03/05 08:06:16 forward: forward to Reuce Phase
2024/03/05 08:06:16 making reduce order : 8
2024/03/05 08:06:16 making reduce order : 9
2024/03/05 08:06:16 making reduce order : 10
2024/03/05 08:06:16 making reduce order : 11
2024/03/05 08:06:16 making reduce order : 12
2024/03/05 08:06:16 making reduce order : 13
2024/03/05 08:06:16 making reduce order : 14
2024/03/05 08:06:16 making reduce order : 15
2024/03/05 08:06:16 making reduce order : 16
2024/03/05 08:06:16 making reduce order : 17
2024/03/05 08:06:16 done with make reduce order
2024/03/05 08:06:16 Map: 8 done vs. 0 working, Reduce 0 done vs. 10 working
2024/03/05 08:06:16 Coordinator work
2024/03/05 08:06:16 Coordinator status 1
2024/03/05 08:06:16 Order 8 finish Reduce
2024/03/05 08:06:17 Coordinator work
2024/03/05 08:06:17 Coordinator status 1
2024/03/05 08:06:17 Order 9 finish Reduce
2024/03/05 08:06:18 Coordinator work
2024/03/05 08:06:18 Coordinator status 1
2024/03/05 08:06:18 Order 10 finish Reduce
2024/03/05 08:06:18 Coordinator work
2024/03/05 08:06:18 Coordinator status 1
2024/03/05 08:06:18 Order 11 finish Reduce
2024/03/05 08:06:19 Coordinator work
2024/03/05 08:06:19 Coordinator status 1
2024/03/05 08:06:19 Order 12 finish Reduce
2024/03/05 08:06:19 Coordinator work
2024/03/05 08:06:19 Coordinator status 1
2024/03/05 08:06:20 Order 13 finish Reduce
2024/03/05 08:06:20 Coordinator work
2024/03/05 08:06:20 Coordinator status 1
2024/03/05 08:06:20 Order 14 finish Reduce
2024/03/05 08:06:21 Coordinator work
2024/03/05 08:06:21 Coordinator status 1
2024/03/05 08:06:21 Order 15 finish Reduce
2024/03/05 08:06:21 Coordinator work
2024/03/05 08:06:21 Coordinator status 1
2024/03/05 08:06:21 Order 16 finish Reduce
2024/03/05 08:06:22 Coordinator work
2024/03/05 08:06:22 Coordinator status 1
2024/03/05 08:06:22 Order 17 finish Reduce
2024/03/05 08:06:22 Coordinator work
2024/03/05 08:06:22 Coordinator status 1
2024/03/05 08:06:22 Map: 8 done vs. 0 working, Reduce 10 done vs. 0 working
2024/03/05 08:06:22 forward: forward to done phase
2024/03/05 08:06:23 Coordinator work
2024/03/05 08:06:23 Coordinator status 2
