2024/03/05 08:16:57 making map order &{0 [../pg-being_ernest.txt] 0 10}
2024/03/05 08:16:57 making map order &{0 [../pg-dorian_gray.txt] 1 10}
2024/03/05 08:16:57 making map order &{0 [../pg-frankenstein.txt] 2 10}
2024/03/05 08:16:57 making map order &{0 [../pg-grimm.txt] 3 10}
2024/03/05 08:16:57 making map order &{0 [../pg-huckleberry_finn.txt] 4 10}
2024/03/05 08:16:57 making map order &{0 [../pg-metamorphosis.txt] 5 10}
2024/03/05 08:16:57 making map order &{0 [../pg-sherlock_holmes.txt] 6 10}
2024/03/05 08:16:57 making map order &{0 [../pg-tom_sawyer.txt] 7 10}
2024/03/05 08:16:57 done with make map order
2024/03/05 08:16:57 Map: 0 done vs. 8 working, Reduce 0 done vs. 0 working
2024/03/05 08:16:58 Coordinator work
2024/03/05 08:16:58 Coordinator status 0
2024/03/05 08:16:58 Coordinator work
2024/03/05 08:16:58 Coordinator status 0
2024/03/05 08:16:58 IsDone &{0 2024-03-05 08:16:58.775917367 +0800 CST m=+1.013322079 0xc000072270} true
2024/03/05 08:16:58 Order 0 finish Map
2024/03/05 08:16:59 IsDone &{0 2024-03-05 08:16:58.780705315 +0800 CST m=+1.018110039 0xc000072300} true
2024/03/05 08:16:59 Order 1 finish Map
2024/03/05 08:16:59 Coordinator work
2024/03/05 08:16:59 Coordinator status 0
2024/03/05 08:17:00 Coordinator work
2024/03/05 08:17:00 Coordinator status 0
2024/03/05 08:17:00 IsDone &{0 2024-03-05 08:16:59.89577387 +0800 CST m=+2.133178579 0xc000072390} true
2024/03/05 08:17:00 Order 2 finish Map
2024/03/05 08:17:00 IsDone &{0 2024-03-05 08:17:00.009843376 +0800 CST m=+2.247248086 0xc000072420} true
2024/03/05 08:17:00 Order 3 finish Map
2024/03/05 08:17:01 Coordinator work
2024/03/05 08:17:01 Coordinator status 0
2024/03/05 08:17:01 Coordinator work
2024/03/05 08:17:01 Coordinator status 0
2024/03/05 08:17:01 IsDone &{0 2024-03-05 08:17:01.160714645 +0800 CST m=+3.398119356 0xc0000724b0} true
2024/03/05 08:17:01 Order 4 finish Map
2024/03/05 08:17:01 IsDone &{0 2024-03-05 08:17:01.285613759 +0800 CST m=+3.523018468 0xc000072540} true
2024/03/05 08:17:01 Order 5 finish Map
2024/03/05 08:17:02 Coordinator work
2024/03/05 08:17:02 Coordinator status 0
2024/03/05 08:17:02 Coordinator work
2024/03/05 08:17:02 Coordinator status 0
2024/03/05 08:17:02 IsDone &{0 2024-03-05 08:17:02.397853534 +0800 CST m=+4.635258251 0xc000072660} true
2024/03/05 08:17:02 Order 7 finish Map
2024/03/05 08:17:02 IsDone &{0 2024-03-05 08:17:02.376361069 +0800 CST m=+4.613765782 0xc0000725d0} true
2024/03/05 08:17:02 Order 6 finish Map
2024/03/05 08:17:03 Coordinator work
2024/03/05 08:17:03 Coordinator status 0
2024/03/05 08:17:03 Map: 8 done vs. 0 working, Reduce 0 done vs. 0 working
2024/03/05 08:17:03 forward: forward to Reuce Phase
2024/03/05 08:17:03 making reduce order : 8
2024/03/05 08:17:03 making reduce order : 9
2024/03/05 08:17:03 making reduce order : 10
2024/03/05 08:17:03 making reduce order : 11
2024/03/05 08:17:03 making reduce order : 12
2024/03/05 08:17:03 making reduce order : 13
2024/03/05 08:17:03 making reduce order : 14
2024/03/05 08:17:03 making reduce order : 15
2024/03/05 08:17:03 making reduce order : 16
2024/03/05 08:17:03 making reduce order : 17
2024/03/05 08:17:03 done with make reduce order
2024/03/05 08:17:03 Map: 8 done vs. 0 working, Reduce 0 done vs. 10 working
2024/03/05 08:17:03 Coordinator work
2024/03/05 08:17:03 Coordinator status 1
2024/03/05 08:17:03 Order 8 finish Reduce
2024/03/05 08:17:04 Coordinator work
2024/03/05 08:17:04 Coordinator status 1
2024/03/05 08:17:05 Order 9 finish Reduce
2024/03/05 08:17:05 Coordinator work
2024/03/05 08:17:05 Coordinator status 1
2024/03/05 08:17:05 Order 10 finish Reduce
2024/03/05 08:17:06 Coordinator work
2024/03/05 08:17:06 Coordinator status 1
2024/03/05 08:17:06 Order 11 finish Reduce
2024/03/05 08:17:06 Coordinator work
2024/03/05 08:17:06 Coordinator status 1
2024/03/05 08:17:06 Order 12 finish Reduce
2024/03/05 08:17:07 Coordinator work
2024/03/05 08:17:07 Coordinator status 1
2024/03/05 08:17:07 Order 13 finish Reduce
2024/03/05 08:17:07 Coordinator work
2024/03/05 08:17:07 Coordinator status 1
2024/03/05 08:17:08 Order 14 finish Reduce
2024/03/05 08:17:08 Coordinator work
2024/03/05 08:17:08 Coordinator status 1
2024/03/05 08:17:08 Order 15 finish Reduce
2024/03/05 08:17:09 Coordinator work
2024/03/05 08:17:09 Coordinator status 1
2024/03/05 08:17:09 Order 16 finish Reduce
2024/03/05 08:17:09 Coordinator work
2024/03/05 08:17:09 Coordinator status 1
2024/03/05 08:17:09 Order 17 finish Reduce
2024/03/05 08:17:10 Coordinator work
2024/03/05 08:17:10 Coordinator status 1
2024/03/05 08:17:10 Map: 8 done vs. 0 working, Reduce 10 done vs. 0 working
2024/03/05 08:17:10 forward: forward to done phase
2024/03/05 08:17:10 Coordinator work
2024/03/05 08:17:10 Coordinator status 2
