2024/03/05 03:39:38 making map order &{0 [../pg-being_ernest.txt] 0 10}
2024/03/05 03:39:38 making map order &{0 [../pg-dorian_gray.txt] 1 10}
2024/03/05 03:39:38 making map order &{0 [../pg-frankenstein.txt] 2 10}
2024/03/05 03:39:38 making map order &{0 [../pg-grimm.txt] 3 10}
2024/03/05 03:39:38 making map order &{0 [../pg-huckleberry_finn.txt] 4 10}
2024/03/05 03:39:38 making map order &{0 [../pg-metamorphosis.txt] 5 10}
2024/03/05 03:39:38 making map order &{0 [../pg-sherlock_holmes.txt] 6 10}
2024/03/05 03:39:38 making map order &{0 [../pg-tom_sawyer.txt] 7 10}
2024/03/05 03:39:38 done with make map order
2024/03/05 03:39:38 Map: 0 done vs. 8 working, Reduce 0 done vs. 0 working
2024/03/05 03:39:39 Coordinator work
2024/03/05 03:39:39 Coordinator status 0
2024/03/05 03:39:39 Coordinator work
2024/03/05 03:39:39 Coordinator status 0
2024/03/05 03:39:43 IsDone &{0 2024-03-05 03:39:39.39855629 +0800 CST m=+1.019258622 0xc0000743f0} true
2024/03/05 03:39:43 Order 0 finish Map
2024/03/05 03:39:43 IsDone &{0 2024-03-05 03:39:39.400701669 +0800 CST m=+1.021404005 0xc000074480} true
2024/03/05 03:39:43 Order 1 finish Map
2024/03/05 03:39:44 Coordinator work
2024/03/05 03:39:44 Coordinator status 0
2024/03/05 03:39:44 Coordinator work
2024/03/05 03:39:44 Coordinator status 0
2024/03/05 03:39:48 IsDone &{0 2024-03-05 03:39:44.496749286 +0800 CST m=+6.117451625 0xc000074510} true
2024/03/05 03:39:48 Order 2 finish Map
2024/03/05 03:39:48 IsDone &{0 2024-03-05 03:39:44.501573316 +0800 CST m=+6.122275657 0xc0000745a0} true
2024/03/05 03:39:48 Order 3 finish Map
2024/03/05 03:39:49 Coordinator work
2024/03/05 03:39:49 Coordinator status 0
2024/03/05 03:39:49 Coordinator work
2024/03/05 03:39:49 Coordinator status 0
2024/03/05 03:39:53 IsDone &{0 2024-03-05 03:39:49.410827675 +0800 CST m=+11.031530017 0xc0000746c0} true
2024/03/05 03:39:53 Order 5 finish Map
2024/03/05 03:39:53 IsDone &{0 2024-03-05 03:39:49.405567284 +0800 CST m=+11.026269625 0xc000074630} true
2024/03/05 03:39:53 Order 4 finish Map
2024/03/05 03:39:54 Coordinator work
2024/03/05 03:39:54 Coordinator status 0
2024/03/05 03:39:54 Coordinator work
2024/03/05 03:39:54 Coordinator status 0
2024/03/05 03:39:56 IsDone &{0 2024-03-05 03:39:54.26656037 +0800 CST m=+15.887262712 0xc000074750} true
2024/03/05 03:39:56 Order 6 finish Map
2024/03/05 03:39:56 IsDone &{0 2024-03-05 03:39:54.277950771 +0800 CST m=+15.898653114 0xc0000747e0} true
2024/03/05 03:39:56 Order 7 finish Map
2024/03/05 03:39:57 Coordinator work
2024/03/05 03:39:57 Coordinator status 0
2024/03/05 03:39:57 Map: 8 done vs. 0 working, Reduce 0 done vs. 0 working
2024/03/05 03:39:57 forward: forward to Reuce Phase
2024/03/05 03:39:57 making reduce order : 8
2024/03/05 03:39:57 making reduce order : 9
2024/03/05 03:39:57 making reduce order : 10
2024/03/05 03:39:57 Coordinator work
2024/03/05 03:39:57 making reduce order : 11
2024/03/05 03:39:57 making reduce order : 12
2024/03/05 03:39:57 making reduce order : 13
2024/03/05 03:39:57 making reduce order : 14
2024/03/05 03:39:57 making reduce order : 15
2024/03/05 03:39:57 making reduce order : 16
2024/03/05 03:39:57 making reduce order : 17
2024/03/05 03:39:57 done with make reduce order
2024/03/05 03:39:57 Map: 8 done vs. 0 working, Reduce 0 done vs. 10 working
2024/03/05 03:39:57 Coordinator status 1
2024/03/05 03:39:57 Order 8 finish Reduce
2024/03/05 03:39:58 Coordinator work
2024/03/05 03:39:58 Coordinator status 1
2024/03/05 03:39:58 Order 9 finish Reduce
2024/03/05 03:39:59 Coordinator work
2024/03/05 03:39:59 Coordinator status 1
2024/03/05 03:39:59 Order 10 finish Reduce
2024/03/05 03:39:59 Coordinator work
2024/03/05 03:39:59 Coordinator status 1
2024/03/05 03:39:59 Order 11 finish Reduce
2024/03/05 03:40:00 Coordinator work
2024/03/05 03:40:00 Coordinator status 1
2024/03/05 03:40:00 Order 12 finish Reduce
2024/03/05 03:40:00 Coordinator work
2024/03/05 03:40:00 Coordinator status 1
2024/03/05 03:40:00 Order 13 finish Reduce
2024/03/05 03:40:01 Coordinator work
2024/03/05 03:40:01 Coordinator status 1
2024/03/05 03:40:01 Order 14 finish Reduce
2024/03/05 03:40:01 Coordinator work
2024/03/05 03:40:01 Coordinator status 1
2024/03/05 03:40:01 Order 15 finish Reduce
2024/03/05 03:40:02 Coordinator work
2024/03/05 03:40:02 Coordinator status 1
2024/03/05 03:40:02 Order 16 finish Reduce
2024/03/05 03:40:02 Coordinator work
2024/03/05 03:40:02 Coordinator status 1
2024/03/05 03:40:02 Order 17 finish Reduce
2024/03/05 03:40:03 Coordinator work
2024/03/05 03:40:03 Coordinator status 1
2024/03/05 03:40:03 Map: 8 done vs. 0 working, Reduce 10 done vs. 0 working
2024/03/05 03:40:03 forward: forward to done phase
2024/03/05 03:40:03 Coordinator work
2024/03/05 03:40:03 Coordinator status 2
