2024/03/05 00:42:23 making map order &{0 [../pg-being_ernest.txt] 0 10}
2024/03/05 00:42:23 making map order &{0 [../pg-dorian_gray.txt] 1 10}
2024/03/05 00:42:23 making map order &{0 [../pg-frankenstein.txt] 2 10}
2024/03/05 00:42:23 making map order &{0 [../pg-grimm.txt] 3 10}
2024/03/05 00:42:23 making map order &{0 [../pg-huckleberry_finn.txt] 4 10}
2024/03/05 00:42:23 making map order &{0 [../pg-metamorphosis.txt] 5 10}
2024/03/05 00:42:23 making map order &{0 [../pg-sherlock_holmes.txt] 6 10}
2024/03/05 00:42:23 making map order &{0 [../pg-tom_sawyer.txt] 7 10}
2024/03/05 00:42:23 done with make map order
2024/03/05 00:42:23 Map: 0 done vs. 8 working, Reduce 0 done vs. 0 working
2024/03/05 00:42:24 Coordinator work
2024/03/05 00:42:24 Coordinator status 0
2024/03/05 00:42:24 Coordinator work
2024/03/05 00:42:24 Coordinator status 0
2024/03/05 00:42:28 IsDone &{0 2024-03-05 00:42:24.713914954 +0800 CST m=+1.018599952 0xc0000742a0} true
2024/03/05 00:42:28 Order 0 finish Map
2024/03/05 00:42:28 IsDone &{0 2024-03-05 00:42:24.717071302 +0800 CST m=+1.021756303 0xc000074330} true
2024/03/05 00:42:28 Order 1 finish Map
2024/03/05 00:42:29 Coordinator work
2024/03/05 00:42:29 Coordinator status 0
2024/03/05 00:42:29 Coordinator work
2024/03/05 00:42:29 Coordinator status 0
2024/03/05 00:42:33 IsDone &{0 2024-03-05 00:42:29.806768502 +0800 CST m=+6.111453503 0xc0000743c0} true
2024/03/05 00:42:33 Order 2 finish Map
2024/03/05 00:42:33 IsDone &{0 2024-03-05 00:42:29.816402494 +0800 CST m=+6.121087492 0xc000074450} true
2024/03/05 00:42:33 Order 3 finish Map
2024/03/05 00:42:34 Coordinator work
2024/03/05 00:42:34 Coordinator status 0
2024/03/05 00:42:34 Coordinator work
2024/03/05 00:42:34 Coordinator status 0
2024/03/05 00:42:38 IsDone &{0 2024-03-05 00:42:34.721620916 +0800 CST m=+11.026305911 0xc000074570} true
2024/03/05 00:42:38 Order 5 finish Map
2024/03/05 00:42:38 IsDone &{0 2024-03-05 00:42:34.714556108 +0800 CST m=+11.019241109 0xc0000744e0} true
2024/03/05 00:42:38 Order 4 finish Map
2024/03/05 00:42:39 Coordinator work
2024/03/05 00:42:39 Coordinator status 0
2024/03/05 00:42:39 Coordinator work
2024/03/05 00:42:39 Coordinator status 0
2024/03/05 00:42:41 IsDone &{0 2024-03-05 00:42:39.577391704 +0800 CST m=+15.882076703 0xc000074600} true
2024/03/05 00:42:41 Order 6 finish Map
2024/03/05 00:42:41 IsDone &{0 2024-03-05 00:42:39.588569382 +0800 CST m=+15.893254384 0xc000074690} true
2024/03/05 00:42:41 Order 7 finish Map
2024/03/05 00:42:42 Coordinator work
2024/03/05 00:42:42 Coordinator status 0
2024/03/05 00:42:42 Map: 8 done vs. 0 working, Reduce 0 done vs. 0 working
2024/03/05 00:42:42 forward: forward to Reuce Phase
2024/03/05 00:42:42 making reduce order : 8
2024/03/05 00:42:42 making reduce order : 9
2024/03/05 00:42:42 making reduce order : 10
2024/03/05 00:42:42 making reduce order : 11
2024/03/05 00:42:42 Coordinator work
2024/03/05 00:42:42 making reduce order : 12
2024/03/05 00:42:42 making reduce order : 13
2024/03/05 00:42:42 making reduce order : 14
2024/03/05 00:42:42 making reduce order : 15
2024/03/05 00:42:42 making reduce order : 16
2024/03/05 00:42:42 making reduce order : 17
2024/03/05 00:42:42 done with make reduce order
2024/03/05 00:42:42 Map: 8 done vs. 0 working, Reduce 0 done vs. 10 working
2024/03/05 00:42:42 Coordinator status 1
2024/03/05 00:42:42 Order 8 finish Reduce
2024/03/05 00:42:43 Coordinator work
2024/03/05 00:42:43 Coordinator status 1
2024/03/05 00:42:43 Order 9 finish Reduce
2024/03/05 00:42:44 Coordinator work
2024/03/05 00:42:44 Coordinator status 1
2024/03/05 00:42:44 Order 10 finish Reduce
2024/03/05 00:42:44 Coordinator work
2024/03/05 00:42:44 Coordinator status 1
2024/03/05 00:42:44 Order 11 finish Reduce
2024/03/05 00:42:45 Coordinator work
2024/03/05 00:42:45 Coordinator status 1
2024/03/05 00:42:45 Order 12 finish Reduce
2024/03/05 00:42:45 Coordinator work
2024/03/05 00:42:45 Coordinator status 1
2024/03/05 00:42:45 Order 13 finish Reduce
2024/03/05 00:42:46 Coordinator work
2024/03/05 00:42:46 Coordinator status 1
2024/03/05 00:42:46 Order 14 finish Reduce
2024/03/05 00:42:46 Coordinator work
2024/03/05 00:42:46 Coordinator status 1
2024/03/05 00:42:46 Order 15 finish Reduce
2024/03/05 00:42:47 Coordinator work
2024/03/05 00:42:47 Coordinator status 1
2024/03/05 00:42:47 Order 16 finish Reduce
2024/03/05 00:42:47 Coordinator work
2024/03/05 00:42:47 Coordinator status 1
2024/03/05 00:42:47 Order 17 finish Reduce
2024/03/05 00:42:48 Coordinator work
2024/03/05 00:42:48 Coordinator status 1
2024/03/05 00:42:48 Map: 8 done vs. 0 working, Reduce 10 done vs. 0 working
2024/03/05 00:42:48 forward: forward to done phase
2024/03/05 00:42:48 Coordinator work
2024/03/05 00:42:48 Coordinator status 2
