2024/03/05 04:57:19 making map order &{0 [../pg-being_ernest.txt] 0 10}
2024/03/05 04:57:19 making map order &{0 [../pg-dorian_gray.txt] 1 10}
2024/03/05 04:57:19 making map order &{0 [../pg-frankenstein.txt] 2 10}
2024/03/05 04:57:19 making map order &{0 [../pg-grimm.txt] 3 10}
2024/03/05 04:57:19 making map order &{0 [../pg-huckleberry_finn.txt] 4 10}
2024/03/05 04:57:19 making map order &{0 [../pg-metamorphosis.txt] 5 10}
2024/03/05 04:57:19 making map order &{0 [../pg-sherlock_holmes.txt] 6 10}
2024/03/05 04:57:19 making map order &{0 [../pg-tom_sawyer.txt] 7 10}
2024/03/05 04:57:19 done with make map order
2024/03/05 04:57:19 Map: 0 done vs. 8 working, Reduce 0 done vs. 0 working
2024/03/05 04:57:20 Coordinator work
2024/03/05 04:57:20 Coordinator status 0
2024/03/05 04:57:20 Coordinator work
2024/03/05 04:57:20 Coordinator status 0
2024/03/05 04:57:20 Coordinator work
2024/03/05 04:57:20 Coordinator status 0
2024/03/05 04:57:21 IsDone &{0 2024-03-05 04:57:20.880271824 +0800 CST m=+1.018300039 0xc00009de30} true
2024/03/05 04:57:21 Order 0 finish Map
2024/03/05 04:57:22 IsDone &{0 2024-03-05 04:57:20.890425186 +0800 CST m=+1.028453400 0xc00009dec0} true
2024/03/05 04:57:22 Order 1 finish Map
2024/03/05 04:57:22 Coordinator work
2024/03/05 04:57:22 Coordinator status 0
2024/03/05 04:57:22 IsDone &{0 2024-03-05 04:57:20.891508567 +0800 CST m=+1.029536776 0xc00009df50} true
2024/03/05 04:57:22 Order 2 finish Map
2024/03/05 04:57:23 Coordinator work
2024/03/05 04:57:23 Coordinator status 0
2024/03/05 04:57:23 Coordinator work
2024/03/05 04:57:23 Coordinator status 0
2024/03/05 04:57:24 IsDone &{0 2024-03-05 04:57:22.48088778 +0800 CST m=+2.618915994 0xc00011a000} true
2024/03/05 04:57:24 Order 3 finish Map
2024/03/05 04:57:24 IsDone &{0 2024-03-05 04:57:23.57561714 +0800 CST m=+3.713645356 0xc00011a120} true
2024/03/05 04:57:24 Order 5 finish Map
2024/03/05 04:57:25 IsDone &{0 2024-03-05 04:57:23.467449269 +0800 CST m=+3.605477482 0xc00011a090} true
2024/03/05 04:57:25 Order 4 finish Map
2024/03/05 04:57:25 Coordinator work
2024/03/05 04:57:25 Coordinator status 0
2024/03/05 04:57:25 Coordinator work
2024/03/05 04:57:25 Coordinator status 0
2024/03/05 04:57:26 Coordinator work
2024/03/05 04:57:26 Coordinator status 0
2024/03/05 04:57:26 Map: 6 done vs. 2 working, Reduce 0 done vs. 0 working
2024/03/05 04:57:26 IsDone &{0 2024-03-05 04:57:25.276273957 +0800 CST m=+5.414302173 0xc00011a240} true
2024/03/05 04:57:26 Order 7 finish Map
2024/03/05 04:57:27 IsDone &{0 2024-03-05 04:57:25.193969297 +0800 CST m=+5.331997507 0xc00011a1b0} true
2024/03/05 04:57:27 Order 6 finish Map
2024/03/05 04:57:27 Coordinator work
2024/03/05 04:57:27 Coordinator status 0
2024/03/05 04:57:27 Map: 8 done vs. 0 working, Reduce 0 done vs. 0 working
2024/03/05 04:57:27 forward: forward to Reuce Phase
2024/03/05 04:57:27 making reduce order : 8
2024/03/05 04:57:27 making reduce order : 9
2024/03/05 04:57:27 making reduce order : 10
2024/03/05 04:57:27 making reduce order : 11
2024/03/05 04:57:27 making reduce order : 12
2024/03/05 04:57:27 making reduce order : 13
2024/03/05 04:57:27 making reduce order : 14
2024/03/05 04:57:27 making reduce order : 15
2024/03/05 04:57:27 making reduce order : 16
2024/03/05 04:57:27 making reduce order : 17
2024/03/05 04:57:27 done with make reduce order
2024/03/05 04:57:27 Map: 8 done vs. 0 working, Reduce 0 done vs. 10 working
2024/03/05 04:57:28 Coordinator work
2024/03/05 04:57:28 Coordinator status 1
2024/03/05 04:57:28 Coordinator work
2024/03/05 04:57:28 Coordinator status 1
2024/03/05 04:57:28 Order 8 finish Reduce
2024/03/05 04:57:28 Order 9 finish Reduce
2024/03/05 04:57:29 Coordinator work
2024/03/05 04:57:29 Coordinator status 1
2024/03/05 04:57:29 Coordinator work
2024/03/05 04:57:29 Coordinator status 1
2024/03/05 04:57:29 Coordinator work
2024/03/05 04:57:29 Coordinator status 1
2024/03/05 04:57:30 Order 11 finish Reduce
2024/03/05 04:57:30 Order 12 finish Reduce
2024/03/05 04:57:31 Order 10 finish Reduce
2024/03/05 04:57:31 Coordinator work
2024/03/05 04:57:31 Coordinator status 1
2024/03/05 04:57:31 Coordinator work
2024/03/05 04:57:31 Coordinator status 1
2024/03/05 04:57:32 Order 13 finish Reduce
2024/03/05 04:57:32 Coordinator work
2024/03/05 04:57:32 Coordinator status 1
2024/03/05 04:57:33 Coordinator work
2024/03/05 04:57:33 Coordinator status 1
2024/03/05 04:57:33 Order 14 finish Reduce
2024/03/05 04:57:33 Order 15 finish Reduce
2024/03/05 04:57:34 Order 16 finish Reduce
2024/03/05 04:57:34 Coordinator work
2024/03/05 04:57:34 Coordinator status 1
2024/03/05 04:57:34 Coordinator work
2024/03/05 04:57:34 Coordinator status 1
2024/03/05 04:57:34 Map: 8 done vs. 0 working, Reduce 9 done vs. 1 working
2024/03/05 04:57:35 Order 17 finish Reduce
2024/03/05 04:57:35 Coordinator work
2024/03/05 04:57:35 Coordinator status 1
2024/03/05 04:57:35 Map: 8 done vs. 0 working, Reduce 10 done vs. 0 working
2024/03/05 04:57:35 forward: forward to done phase
2024/03/05 04:57:36 Coordinator work
2024/03/05 04:57:36 Coordinator status 2
2024/03/05 04:57:36 Coordinator work
2024/03/05 04:57:36 Coordinator status 2
