2024/03/04 23:38:12 making map order &{0 [../pg-being_ernest.txt] 0 10}
2024/03/04 23:38:12 making map order &{0 [../pg-dorian_gray.txt] 1 10}
2024/03/04 23:38:12 making map order &{0 [../pg-frankenstein.txt] 2 10}
2024/03/04 23:38:12 making map order &{0 [../pg-grimm.txt] 3 10}
2024/03/04 23:38:12 making map order &{0 [../pg-huckleberry_finn.txt] 4 10}
2024/03/04 23:38:12 making map order &{0 [../pg-metamorphosis.txt] 5 10}
2024/03/04 23:38:12 making map order &{0 [../pg-sherlock_holmes.txt] 6 10}
2024/03/04 23:38:12 making map order &{0 [../pg-tom_sawyer.txt] 7 10}
2024/03/04 23:38:12 done with make map order
2024/03/04 23:38:12 Map: 0 done vs. 8 working, Reduce 0 done vs. 0 working
2024/03/04 23:38:13 Coordinator work
2024/03/04 23:38:13 Coordinator status 0
2024/03/04 23:38:13 Coordinator work
2024/03/04 23:38:13 Coordinator status 0
2024/03/04 23:38:13 Coordinator work
2024/03/04 23:38:13 Coordinator status 0
2024/03/04 23:38:13 IsDone &{0 2024-03-04 23:38:13.933957652 +0800 CST m=+1.031587263 0xc00016c030} true
2024/03/04 23:38:13 Order 0 finish Map
2024/03/04 23:38:13 IsDone &{0 2024-03-04 23:38:13.944092494 +0800 CST m=+1.041722088 0xc00016c150} true
2024/03/04 23:38:13 Order 2 finish Map
2024/03/04 23:38:13 IsDone &{0 2024-03-04 23:38:13.937874232 +0800 CST m=+1.035503826 0xc00016c0c0} true
2024/03/04 23:38:13 Order 1 finish Map
2024/03/04 23:38:14 Coordinator work
2024/03/04 23:38:14 Coordinator status 0
2024/03/04 23:38:14 Coordinator work
2024/03/04 23:38:14 Coordinator status 0
2024/03/04 23:38:14 Coordinator work
2024/03/04 23:38:14 Coordinator status 0
2024/03/04 23:38:14 IsDone &{0 2024-03-04 23:38:14.965430328 +0800 CST m=+2.063059920 0xc00016c300} true
2024/03/04 23:38:14 Order 5 finish Map
2024/03/04 23:38:14 IsDone &{0 2024-03-04 23:38:14.956567884 +0800 CST m=+2.054197478 0xc00016c1e0} true
2024/03/04 23:38:14 Order 3 finish Map
2024/03/04 23:38:14 IsDone &{0 2024-03-04 23:38:14.961642305 +0800 CST m=+2.059271900 0xc00016c270} true
2024/03/04 23:38:14 Order 4 finish Map
2024/03/04 23:38:15 Coordinator work
2024/03/04 23:38:15 Coordinator status 0
2024/03/04 23:38:15 Coordinator work
2024/03/04 23:38:15 Coordinator status 0
2024/03/04 23:38:16 Coordinator work
2024/03/04 23:38:16 Coordinator status 0
2024/03/04 23:38:16 Map: 6 done vs. 2 working, Reduce 0 done vs. 0 working
2024/03/04 23:38:16 IsDone &{0 2024-03-04 23:38:15.973245805 +0800 CST m=+3.070875395 0xc00016c390} true
2024/03/04 23:38:16 Order 6 finish Map
2024/03/04 23:38:16 IsDone &{0 2024-03-04 23:38:15.987763372 +0800 CST m=+3.085392963 0xc00016c420} true
2024/03/04 23:38:16 Order 7 finish Map
2024/03/04 23:38:17 Coordinator work
2024/03/04 23:38:17 Coordinator status 0
2024/03/04 23:38:17 Map: 8 done vs. 0 working, Reduce 0 done vs. 0 working
2024/03/04 23:38:17 forward: forward to Reuce Phase
2024/03/04 23:38:17 making reduce order : 8
2024/03/04 23:38:17 making reduce order : 9
2024/03/04 23:38:17 making reduce order : 10
2024/03/04 23:38:17 making reduce order : 11
2024/03/04 23:38:17 making reduce order : 12
2024/03/04 23:38:17 Coordinator work
2024/03/04 23:38:17 making reduce order : 13
2024/03/04 23:38:17 making reduce order : 14
2024/03/04 23:38:17 making reduce order : 15
2024/03/04 23:38:17 making reduce order : 16
2024/03/04 23:38:17 making reduce order : 17
2024/03/04 23:38:17 done with make reduce order
2024/03/04 23:38:17 Map: 8 done vs. 0 working, Reduce 0 done vs. 10 working
2024/03/04 23:38:17 Coordinator status 1
2024/03/04 23:38:17 Order 8 finish Reduce
2024/03/04 23:38:18 Coordinator work
2024/03/04 23:38:18 Coordinator status 1
2024/03/04 23:38:18 Order 9 finish Reduce
2024/03/04 23:38:18 Coordinator work
2024/03/04 23:38:18 Coordinator status 1
2024/03/04 23:38:19 Coordinator work
2024/03/04 23:38:19 Coordinator status 1
2024/03/04 23:38:19 Order 11 finish Reduce
2024/03/04 23:38:19 Coordinator work
2024/03/04 23:38:19 Coordinator status 1
2024/03/04 23:38:19 Order 12 finish Reduce
2024/03/04 23:38:20 Coordinator work
2024/03/04 23:38:20 Coordinator status 1
2024/03/04 23:38:20 Order 13 finish Reduce
2024/03/04 23:38:20 Coordinator work
2024/03/04 23:38:20 Coordinator status 1
2024/03/04 23:38:21 Coordinator work
2024/03/04 23:38:21 Coordinator status 1
2024/03/04 23:38:21 Order 15 finish Reduce
2024/03/04 23:38:21 Order 10 finish Reduce
2024/03/04 23:38:22 Coordinator work
2024/03/04 23:38:22 Coordinator status 1
2024/03/04 23:38:22 Coordinator work
2024/03/04 23:38:22 Coordinator status 1
2024/03/04 23:38:22 Order 16 finish Reduce
2024/03/04 23:38:22 Order 17 finish Reduce
2024/03/04 23:38:23 Order 14 finish Reduce
2024/03/04 23:38:23 Coordinator work
2024/03/04 23:38:23 Coordinator status 1
2024/03/04 23:38:23 Map: 8 done vs. 0 working, Reduce 10 done vs. 0 working
2024/03/04 23:38:23 forward: forward to done phase
2024/03/04 23:38:23 Coordinator work
2024/03/04 23:38:23 Coordinator status 2
2024/03/04 23:38:24 Coordinator work
2024/03/04 23:38:24 Coordinator status 2
