2024/03/05 01:19:19 making map order &{0 [../pg-being_ernest.txt] 0 10}
2024/03/05 01:19:19 making map order &{0 [../pg-dorian_gray.txt] 1 10}
2024/03/05 01:19:19 making map order &{0 [../pg-frankenstein.txt] 2 10}
2024/03/05 01:19:19 making map order &{0 [../pg-grimm.txt] 3 10}
2024/03/05 01:19:19 making map order &{0 [../pg-huckleberry_finn.txt] 4 10}
2024/03/05 01:19:19 making map order &{0 [../pg-metamorphosis.txt] 5 10}
2024/03/05 01:19:19 making map order &{0 [../pg-sherlock_holmes.txt] 6 10}
2024/03/05 01:19:19 making map order &{0 [../pg-tom_sawyer.txt] 7 10}
2024/03/05 01:19:19 done with make map order
2024/03/05 01:19:19 Map: 0 done vs. 8 working, Reduce 0 done vs. 0 working
2024/03/05 01:19:20 Coordinator work
2024/03/05 01:19:20 Coordinator status 0
2024/03/05 01:19:20 Coordinator work
2024/03/05 01:19:20 Coordinator status 0
2024/03/05 01:19:24 IsDone &{0 2024-03-05 01:19:20.157444011 +0800 CST m=+1.019982815 0xc00007be30} true
2024/03/05 01:19:24 Order 0 finish Map
2024/03/05 01:19:24 IsDone &{0 2024-03-05 01:19:20.164677973 +0800 CST m=+1.027216781 0xc00007bec0} true
2024/03/05 01:19:24 Order 1 finish Map
2024/03/05 01:19:25 Coordinator work
2024/03/05 01:19:25 Coordinator status 0
2024/03/05 01:19:25 Coordinator work
2024/03/05 01:19:25 Coordinator status 0
2024/03/05 01:19:29 IsDone &{0 2024-03-05 01:19:25.249724689 +0800 CST m=+6.112263496 0xc00007bf50} true
2024/03/05 01:19:29 Order 2 finish Map
2024/03/05 01:19:29 IsDone &{0 2024-03-05 01:19:25.264165038 +0800 CST m=+6.126703842 0xc00016a000} true
2024/03/05 01:19:29 Order 3 finish Map
2024/03/05 01:19:30 Coordinator work
2024/03/05 01:19:30 Coordinator status 0
2024/03/05 01:19:30 Coordinator work
2024/03/05 01:19:30 Coordinator status 0
2024/03/05 01:19:34 IsDone &{0 2024-03-05 01:19:30.153876477 +0800 CST m=+11.016415286 0xc00016a090} true
2024/03/05 01:19:34 Order 4 finish Map
2024/03/05 01:19:34 IsDone &{0 2024-03-05 01:19:30.169812332 +0800 CST m=+11.032351132 0xc00016a120} true
2024/03/05 01:19:34 Order 5 finish Map
2024/03/05 01:19:35 Coordinator work
2024/03/05 01:19:35 Coordinator status 0
2024/03/05 01:19:35 Coordinator work
2024/03/05 01:19:35 Coordinator status 0
2024/03/05 01:19:37 IsDone &{0 2024-03-05 01:19:35.025471895 +0800 CST m=+15.888010699 0xc00016a240} true
2024/03/05 01:19:37 Order 7 finish Map
2024/03/05 01:19:37 IsDone &{0 2024-03-05 01:19:35.024351653 +0800 CST m=+15.886890457 0xc00016a1b0} true
2024/03/05 01:19:37 Order 6 finish Map
2024/03/05 01:19:38 Coordinator work
2024/03/05 01:19:38 Coordinator status 0
2024/03/05 01:19:38 Map: 8 done vs. 0 working, Reduce 0 done vs. 0 working
2024/03/05 01:19:38 forward: forward to Reuce Phase
2024/03/05 01:19:38 making reduce order : 8
2024/03/05 01:19:38 making reduce order : 9
2024/03/05 01:19:38 making reduce order : 10
2024/03/05 01:19:38 making reduce order : 11
2024/03/05 01:19:38 making reduce order : 12
2024/03/05 01:19:38 making reduce order : 13
2024/03/05 01:19:38 making reduce order : 14
2024/03/05 01:19:38 making reduce order : 15
2024/03/05 01:19:38 making reduce order : 16
2024/03/05 01:19:38 making reduce order : 17
2024/03/05 01:19:38 done with make reduce order
2024/03/05 01:19:38 Map: 8 done vs. 0 working, Reduce 0 done vs. 10 working
2024/03/05 01:19:38 Coordinator work
2024/03/05 01:19:38 Coordinator status 1
2024/03/05 01:19:38 Order 8 finish Reduce
2024/03/05 01:19:39 Coordinator work
2024/03/05 01:19:39 Coordinator status 1
2024/03/05 01:19:39 Order 9 finish Reduce
2024/03/05 01:19:40 Coordinator work
2024/03/05 01:19:40 Coordinator status 1
2024/03/05 01:19:40 Order 10 finish Reduce
2024/03/05 01:19:40 Coordinator work
2024/03/05 01:19:40 Coordinator status 1
2024/03/05 01:19:40 Order 11 finish Reduce
2024/03/05 01:19:41 Coordinator work
2024/03/05 01:19:41 Coordinator status 1
2024/03/05 01:19:41 Order 12 finish Reduce
2024/03/05 01:19:41 Coordinator work
2024/03/05 01:19:41 Coordinator status 1
2024/03/05 01:19:41 Order 13 finish Reduce
2024/03/05 01:19:42 Coordinator work
2024/03/05 01:19:42 Coordinator status 1
2024/03/05 01:19:42 Order 14 finish Reduce
2024/03/05 01:19:42 Coordinator work
2024/03/05 01:19:42 Coordinator status 1
2024/03/05 01:19:42 Order 15 finish Reduce
2024/03/05 01:19:43 Coordinator work
2024/03/05 01:19:43 Coordinator status 1
2024/03/05 01:19:43 Order 16 finish Reduce
2024/03/05 01:19:43 Coordinator work
2024/03/05 01:19:43 Coordinator status 1
2024/03/05 01:19:43 Order 17 finish Reduce
2024/03/05 01:19:44 Coordinator work
2024/03/05 01:19:44 Coordinator status 1
2024/03/05 01:19:44 Map: 8 done vs. 0 working, Reduce 10 done vs. 0 working
2024/03/05 01:19:44 forward: forward to done phase
2024/03/05 01:19:44 Coordinator work
2024/03/05 01:19:44 Coordinator status 2
