2024/03/05 09:07:10 making map order &{0 [../pg-being_ernest.txt] 0 10}
2024/03/05 09:07:10 making map order &{0 [../pg-dorian_gray.txt] 1 10}
2024/03/05 09:07:10 making map order &{0 [../pg-frankenstein.txt] 2 10}
2024/03/05 09:07:10 making map order &{0 [../pg-grimm.txt] 3 10}
2024/03/05 09:07:10 making map order &{0 [../pg-huckleberry_finn.txt] 4 10}
2024/03/05 09:07:10 making map order &{0 [../pg-metamorphosis.txt] 5 10}
2024/03/05 09:07:10 making map order &{0 [../pg-sherlock_holmes.txt] 6 10}
2024/03/05 09:07:10 making map order &{0 [../pg-tom_sawyer.txt] 7 10}
2024/03/05 09:07:10 done with make map order
2024/03/05 09:07:10 Map: 0 done vs. 8 working, Reduce 0 done vs. 0 working
2024/03/05 09:07:11 Coordinator work
2024/03/05 09:07:11 Coordinator status 0
2024/03/05 09:07:11 Coordinator work
2024/03/05 09:07:11 Coordinator status 0
2024/03/05 09:07:11 IsDone &{0 2024-03-05 09:07:11.570492498 +0800 CST m=+1.033550669 0xc000074300} true
2024/03/05 09:07:11 Order 0 finish Map
2024/03/05 09:07:11 Coordinator work
2024/03/05 09:07:11 Coordinator status 0
2024/03/05 09:07:11 IsDone &{0 2024-03-05 09:07:11.579962132 +0800 CST m=+1.043020273 0xc000074420} true
2024/03/05 09:07:11 Order 2 finish Map
2024/03/05 09:07:11 IsDone &{0 2024-03-05 09:07:11.572005865 +0800 CST m=+1.035064008 0xc000074390} true
2024/03/05 09:07:11 Order 1 finish Map
2024/03/05 09:07:12 Coordinator work
2024/03/05 09:07:12 Coordinator status 0
2024/03/05 09:07:12 Coordinator work
2024/03/05 09:07:12 Coordinator status 0
2024/03/05 09:07:12 Coordinator work
2024/03/05 09:07:12 Coordinator status 0
2024/03/05 09:07:12 IsDone &{0 2024-03-05 09:07:12.599623064 +0800 CST m=+2.062681207 0xc0000745d0} true
2024/03/05 09:07:12 Order 5 finish Map
2024/03/05 09:07:12 IsDone &{0 2024-03-05 09:07:12.581062199 +0800 CST m=+2.044120340 0xc0000744b0} true
2024/03/05 09:07:12 Order 3 finish Map
2024/03/05 09:07:12 IsDone &{0 2024-03-05 09:07:12.596291274 +0800 CST m=+2.059349416 0xc000074540} true
2024/03/05 09:07:12 Order 4 finish Map
2024/03/05 09:07:13 Coordinator work
2024/03/05 09:07:13 Coordinator status 0
2024/03/05 09:07:13 Coordinator work
2024/03/05 09:07:13 Coordinator status 0
2024/03/05 09:07:13 IsDone &{0 2024-03-05 09:07:13.617748835 +0800 CST m=+3.080806973 0xc0000746f0} true
2024/03/05 09:07:13 Order 7 finish Map
2024/03/05 09:07:13 Coordinator work
2024/03/05 09:07:13 Coordinator status 0
2024/03/05 09:07:13 Map: 7 done vs. 1 working, Reduce 0 done vs. 0 working
2024/03/05 09:07:13 IsDone &{0 2024-03-05 09:07:13.609238427 +0800 CST m=+3.072296569 0xc000074660} true
2024/03/05 09:07:13 Order 6 finish Map
2024/03/05 09:07:14 Coordinator work
2024/03/05 09:07:14 Coordinator status 0
2024/03/05 09:07:14 Map: 8 done vs. 0 working, Reduce 0 done vs. 0 working
2024/03/05 09:07:14 forward: forward to Reuce Phase
2024/03/05 09:07:14 making reduce order : 8
2024/03/05 09:07:14 making reduce order : 9
2024/03/05 09:07:14 making reduce order : 10
2024/03/05 09:07:14 making reduce order : 11
2024/03/05 09:07:14 making reduce order : 12
2024/03/05 09:07:14 making reduce order : 13
2024/03/05 09:07:14 making reduce order : 14
2024/03/05 09:07:14 making reduce order : 15
2024/03/05 09:07:14 making reduce order : 16
2024/03/05 09:07:14 making reduce order : 17
2024/03/05 09:07:14 Coordinator work
2024/03/05 09:07:14 done with make reduce order
2024/03/05 09:07:14 Map: 8 done vs. 0 working, Reduce 0 done vs. 10 working
2024/03/05 09:07:14 Coordinator status 1
2024/03/05 09:07:14 Order 8 finish Reduce
2024/03/05 09:07:15 Coordinator work
2024/03/05 09:07:15 Coordinator status 1
2024/03/05 09:07:15 Order 9 finish Reduce
2024/03/05 09:07:15 Coordinator work
2024/03/05 09:07:15 Coordinator status 1
2024/03/05 09:07:16 Coordinator work
2024/03/05 09:07:16 Coordinator status 1
2024/03/05 09:07:16 Order 11 finish Reduce
2024/03/05 09:07:16 Coordinator work
2024/03/05 09:07:16 Coordinator status 1
2024/03/05 09:07:16 Order 12 finish Reduce
2024/03/05 09:07:17 Coordinator work
2024/03/05 09:07:17 Coordinator status 1
2024/03/05 09:07:17 Order 13 finish Reduce
2024/03/05 09:07:17 Coordinator work
2024/03/05 09:07:17 Coordinator status 1
2024/03/05 09:07:18 Order 10 finish Reduce
2024/03/05 09:07:18 Coordinator work
2024/03/05 09:07:18 Coordinator status 1
2024/03/05 09:07:18 Order 15 finish Reduce
2024/03/05 09:07:19 Coordinator work
2024/03/05 09:07:19 Coordinator status 1
2024/03/05 09:07:19 Order 16 finish Reduce
2024/03/05 09:07:19 Coordinator work
2024/03/05 09:07:19 Coordinator status 1
2024/03/05 09:07:19 Order 17 finish Reduce
2024/03/05 09:07:20 Order 14 finish Reduce
2024/03/05 09:07:20 Coordinator work
2024/03/05 09:07:20 Coordinator status 1
2024/03/05 09:07:20 Map: 8 done vs. 0 working, Reduce 10 done vs. 0 working
2024/03/05 09:07:20 forward: forward to done phase
2024/03/05 09:07:20 Coordinator work
2024/03/05 09:07:20 Coordinator status 2
2024/03/05 09:07:21 Coordinator work
2024/03/05 09:07:21 Coordinator status 2
