2024/03/05 03:22:08 making map order &{0 [../pg-being_ernest.txt] 0 10}
2024/03/05 03:22:08 making map order &{0 [../pg-dorian_gray.txt] 1 10}
2024/03/05 03:22:08 making map order &{0 [../pg-frankenstein.txt] 2 10}
2024/03/05 03:22:08 making map order &{0 [../pg-grimm.txt] 3 10}
2024/03/05 03:22:08 making map order &{0 [../pg-huckleberry_finn.txt] 4 10}
2024/03/05 03:22:08 making map order &{0 [../pg-metamorphosis.txt] 5 10}
2024/03/05 03:22:08 making map order &{0 [../pg-sherlock_holmes.txt] 6 10}
2024/03/05 03:22:08 making map order &{0 [../pg-tom_sawyer.txt] 7 10}
2024/03/05 03:22:08 done with make map order
2024/03/05 03:22:08 Map: 0 done vs. 8 working, Reduce 0 done vs. 0 working
2024/03/05 03:22:09 Coordinator work
2024/03/05 03:22:09 Coordinator status 0
2024/03/05 03:22:09 Coordinator work
2024/03/05 03:22:09 Coordinator status 0
2024/03/05 03:22:13 IsDone &{0 2024-03-05 03:22:09.023961893 +0800 CST m=+1.029155978 0xc000070360} true
2024/03/05 03:22:13 Order 0 finish Map
2024/03/05 03:22:13 IsDone &{0 2024-03-05 03:22:09.029304459 +0800 CST m=+1.034498544 0xc0000703f0} true
2024/03/05 03:22:13 Order 1 finish Map
2024/03/05 03:22:14 Coordinator work
2024/03/05 03:22:14 Coordinator status 0
2024/03/05 03:22:14 Coordinator work
2024/03/05 03:22:14 Coordinator status 0
2024/03/05 03:22:18 IsDone &{0 2024-03-05 03:22:14.114940827 +0800 CST m=+6.120134912 0xc000070480} true
2024/03/05 03:22:18 Order 2 finish Map
2024/03/05 03:22:18 IsDone &{0 2024-03-05 03:22:14.128476259 +0800 CST m=+6.133670344 0xc000070510} true
2024/03/05 03:22:18 Order 3 finish Map
2024/03/05 03:22:19 Coordinator work
2024/03/05 03:22:19 Coordinator status 0
2024/03/05 03:22:19 Coordinator work
2024/03/05 03:22:19 Coordinator status 0
2024/03/05 03:22:22 IsDone &{0 2024-03-05 03:22:19.016397992 +0800 CST m=+11.021592076 0xc0000705a0} true
2024/03/05 03:22:22 Order 4 finish Map
2024/03/05 03:22:22 IsDone &{0 2024-03-05 03:22:19.032792819 +0800 CST m=+11.037986904 0xc000070630} true
2024/03/05 03:22:22 Order 5 finish Map
2024/03/05 03:22:23 Coordinator work
2024/03/05 03:22:23 Coordinator status 0
2024/03/05 03:22:23 Coordinator work
2024/03/05 03:22:23 Coordinator status 0
2024/03/05 03:22:25 IsDone &{0 2024-03-05 03:22:23.885898492 +0800 CST m=+15.891092581 0xc0000706c0} true
2024/03/05 03:22:25 Order 6 finish Map
2024/03/05 03:22:25 IsDone &{0 2024-03-05 03:22:23.897073919 +0800 CST m=+15.902268004 0xc000070750} true
2024/03/05 03:22:25 Order 7 finish Map
2024/03/05 03:22:26 Coordinator work
2024/03/05 03:22:26 Coordinator status 0
2024/03/05 03:22:26 Map: 8 done vs. 0 working, Reduce 0 done vs. 0 working
2024/03/05 03:22:26 forward: forward to Reuce Phase
2024/03/05 03:22:26 making reduce order : 8
2024/03/05 03:22:26 making reduce order : 9
2024/03/05 03:22:26 making reduce order : 10
2024/03/05 03:22:26 making reduce order : 11
2024/03/05 03:22:26 making reduce order : 12
2024/03/05 03:22:26 making reduce order : 13
2024/03/05 03:22:26 making reduce order : 14
2024/03/05 03:22:26 making reduce order : 15
2024/03/05 03:22:26 making reduce order : 16
2024/03/05 03:22:26 making reduce order : 17
2024/03/05 03:22:26 done with make reduce order
2024/03/05 03:22:26 Map: 8 done vs. 0 working, Reduce 0 done vs. 10 working
2024/03/05 03:22:26 Coordinator work
2024/03/05 03:22:26 Coordinator status 1
2024/03/05 03:22:26 Order 8 finish Reduce
2024/03/05 03:22:27 Coordinator work
2024/03/05 03:22:27 Coordinator status 1
2024/03/05 03:22:27 Order 9 finish Reduce
2024/03/05 03:22:28 Coordinator work
2024/03/05 03:22:28 Coordinator status 1
2024/03/05 03:22:28 Order 10 finish Reduce
2024/03/05 03:22:28 Coordinator work
2024/03/05 03:22:28 Coordinator status 1
2024/03/05 03:22:28 Order 11 finish Reduce
2024/03/05 03:22:29 Coordinator work
2024/03/05 03:22:29 Coordinator status 1
2024/03/05 03:22:29 Order 12 finish Reduce
2024/03/05 03:22:29 Coordinator work
2024/03/05 03:22:29 Coordinator status 1
2024/03/05 03:22:29 Order 13 finish Reduce
2024/03/05 03:22:30 Coordinator work
2024/03/05 03:22:30 Coordinator status 1
2024/03/05 03:22:30 Order 14 finish Reduce
2024/03/05 03:22:30 Coordinator work
2024/03/05 03:22:30 Coordinator status 1
2024/03/05 03:22:30 Order 15 finish Reduce
2024/03/05 03:22:31 Coordinator work
2024/03/05 03:22:31 Coordinator status 1
2024/03/05 03:22:31 Order 16 finish Reduce
2024/03/05 03:22:31 Coordinator work
2024/03/05 03:22:31 Coordinator status 1
2024/03/05 03:22:32 Order 17 finish Reduce
2024/03/05 03:22:32 Coordinator work
2024/03/05 03:22:32 Coordinator status 1
2024/03/05 03:22:32 Map: 8 done vs. 0 working, Reduce 10 done vs. 0 working
2024/03/05 03:22:32 forward: forward to done phase
2024/03/05 03:22:33 Coordinator work
2024/03/05 03:22:33 Coordinator status 2
