2024/03/05 07:11:38 making map order &{0 [../pg-being_ernest.txt] 0 10}
2024/03/05 07:11:38 making map order &{0 [../pg-dorian_gray.txt] 1 10}
2024/03/05 07:11:38 making map order &{0 [../pg-frankenstein.txt] 2 10}
2024/03/05 07:11:38 making map order &{0 [../pg-grimm.txt] 3 10}
2024/03/05 07:11:38 making map order &{0 [../pg-huckleberry_finn.txt] 4 10}
2024/03/05 07:11:38 making map order &{0 [../pg-metamorphosis.txt] 5 10}
2024/03/05 07:11:38 making map order &{0 [../pg-sherlock_holmes.txt] 6 10}
2024/03/05 07:11:38 making map order &{0 [../pg-tom_sawyer.txt] 7 10}
2024/03/05 07:11:38 done with make map order
2024/03/05 07:11:38 Map: 0 done vs. 8 working, Reduce 0 done vs. 0 working
2024/03/05 07:11:39 Coordinator work
2024/03/05 07:11:39 Coordinator status 0
2024/03/05 07:11:39 Coordinator work
2024/03/05 07:11:39 Coordinator status 0
2024/03/05 07:11:43 IsDone &{0 2024-03-05 07:11:39.094005119 +0800 CST m=+1.021078481 0xc0000a3f20} true
2024/03/05 07:11:43 Order 0 finish Map
2024/03/05 07:11:43 IsDone &{0 2024-03-05 07:11:39.103844213 +0800 CST m=+1.030917588 0xc0000a3fb0} true
2024/03/05 07:11:43 Order 1 finish Map
2024/03/05 07:11:44 Coordinator work
2024/03/05 07:11:44 Coordinator status 0
2024/03/05 07:11:44 Coordinator work
2024/03/05 07:11:44 Coordinator status 0
2024/03/05 07:11:48 IsDone &{0 2024-03-05 07:11:44.186670199 +0800 CST m=+6.113743577 0xc00011c060} true
2024/03/05 07:11:48 Order 2 finish Map
2024/03/05 07:11:48 IsDone &{0 2024-03-05 07:11:44.202011429 +0800 CST m=+6.129084801 0xc00011c0f0} true
2024/03/05 07:11:48 Order 3 finish Map
2024/03/05 07:11:49 Coordinator work
2024/03/05 07:11:49 Coordinator status 0
2024/03/05 07:11:49 Coordinator work
2024/03/05 07:11:49 Coordinator status 0
2024/03/05 07:11:52 IsDone &{0 2024-03-05 07:11:49.107616349 +0800 CST m=+11.034689719 0xc00011c210} true
2024/03/05 07:11:52 Order 5 finish Map
2024/03/05 07:11:52 IsDone &{0 2024-03-05 07:11:49.089720135 +0800 CST m=+11.016793508 0xc00011c180} true
2024/03/05 07:11:52 Order 4 finish Map
2024/03/05 07:11:53 Coordinator work
2024/03/05 07:11:53 Coordinator status 0
2024/03/05 07:11:53 Coordinator work
2024/03/05 07:11:53 Coordinator status 0
2024/03/05 07:11:56 IsDone &{0 2024-03-05 07:11:53.9694723 +0800 CST m=+15.896545671 0xc00011c330} true
2024/03/05 07:11:56 Order 7 finish Map
2024/03/05 07:11:56 IsDone &{0 2024-03-05 07:11:53.96460599 +0800 CST m=+15.891679352 0xc00011c2a0} true
2024/03/05 07:11:56 Order 6 finish Map
2024/03/05 07:11:57 Coordinator work
2024/03/05 07:11:57 Coordinator status 0
2024/03/05 07:11:57 Map: 8 done vs. 0 working, Reduce 0 done vs. 0 working
2024/03/05 07:11:57 forward: forward to Reuce Phase
2024/03/05 07:11:57 making reduce order : 8
2024/03/05 07:11:57 making reduce order : 9
2024/03/05 07:11:57 making reduce order : 10
2024/03/05 07:11:57 making reduce order : 11
2024/03/05 07:11:57 making reduce order : 12
2024/03/05 07:11:57 making reduce order : 13
2024/03/05 07:11:57 making reduce order : 14
2024/03/05 07:11:57 Coordinator work
2024/03/05 07:11:57 making reduce order : 15
2024/03/05 07:11:57 making reduce order : 16
2024/03/05 07:11:57 making reduce order : 17
2024/03/05 07:11:57 done with make reduce order
2024/03/05 07:11:57 Map: 8 done vs. 0 working, Reduce 0 done vs. 10 working
2024/03/05 07:11:57 Coordinator status 1
2024/03/05 07:11:57 Order 8 finish Reduce
2024/03/05 07:11:58 Coordinator work
2024/03/05 07:11:58 Coordinator status 1
2024/03/05 07:11:58 Order 9 finish Reduce
2024/03/05 07:11:59 Coordinator work
2024/03/05 07:11:59 Coordinator status 1
2024/03/05 07:11:59 Order 10 finish Reduce
2024/03/05 07:11:59 Coordinator work
2024/03/05 07:11:59 Coordinator status 1
2024/03/05 07:11:59 Order 11 finish Reduce
2024/03/05 07:12:00 Coordinator work
2024/03/05 07:12:00 Coordinator status 1
2024/03/05 07:12:00 Order 12 finish Reduce
2024/03/05 07:12:00 Coordinator work
2024/03/05 07:12:00 Coordinator status 1
2024/03/05 07:12:00 Order 13 finish Reduce
2024/03/05 07:12:01 Coordinator work
2024/03/05 07:12:01 Coordinator status 1
2024/03/05 07:12:01 Order 14 finish Reduce
2024/03/05 07:12:01 Coordinator work
2024/03/05 07:12:01 Coordinator status 1
2024/03/05 07:12:01 Order 15 finish Reduce
2024/03/05 07:12:02 Coordinator work
2024/03/05 07:12:02 Coordinator status 1
2024/03/05 07:12:02 Order 16 finish Reduce
2024/03/05 07:12:02 Coordinator work
2024/03/05 07:12:02 Coordinator status 1
2024/03/05 07:12:02 Order 17 finish Reduce
2024/03/05 07:12:03 Coordinator work
2024/03/05 07:12:03 Coordinator status 1
2024/03/05 07:12:03 Map: 8 done vs. 0 working, Reduce 10 done vs. 0 working
2024/03/05 07:12:03 forward: forward to done phase
2024/03/05 07:12:03 Coordinator work
2024/03/05 07:12:03 Coordinator status 2
