2024/03/05 03:44:58 making map order &{0 [../pg-being_ernest.txt] 0 10}
2024/03/05 03:44:58 making map order &{0 [../pg-dorian_gray.txt] 1 10}
2024/03/05 03:44:58 making map order &{0 [../pg-frankenstein.txt] 2 10}
2024/03/05 03:44:58 making map order &{0 [../pg-grimm.txt] 3 10}
2024/03/05 03:44:58 making map order &{0 [../pg-huckleberry_finn.txt] 4 10}
2024/03/05 03:44:58 making map order &{0 [../pg-metamorphosis.txt] 5 10}
2024/03/05 03:44:58 making map order &{0 [../pg-sherlock_holmes.txt] 6 10}
2024/03/05 03:44:58 making map order &{0 [../pg-tom_sawyer.txt] 7 10}
2024/03/05 03:44:58 done with make map order
2024/03/05 03:44:58 Map: 0 done vs. 8 working, Reduce 0 done vs. 0 working
2024/03/05 03:44:59 Coordinator work
2024/03/05 03:44:59 Coordinator status 0
2024/03/05 03:44:59 Coordinator work
2024/03/05 03:44:59 Coordinator status 0
2024/03/05 03:44:59 IsDone &{0 2024-03-05 03:44:59.949417391 +0800 CST m=+1.017301218 0xc00008a4b0} true
2024/03/05 03:44:59 Order 0 finish Map
2024/03/05 03:44:59 IsDone &{0 2024-03-05 03:44:59.952507817 +0800 CST m=+1.020391646 0xc00008a540} true
2024/03/05 03:44:59 Order 1 finish Map
2024/03/05 03:45:00 Coordinator work
2024/03/05 03:45:00 Coordinator status 0
2024/03/05 03:45:00 Coordinator work
2024/03/05 03:45:00 Coordinator status 0
2024/03/05 03:45:00 IsDone &{0 2024-03-05 03:45:00.961419585 +0800 CST m=+2.029303412 0xc00008a5d0} true
2024/03/05 03:45:00 Order 2 finish Map
2024/03/05 03:45:00 IsDone &{0 2024-03-05 03:45:00.974167048 +0800 CST m=+2.042050878 0xc00008a660} true
2024/03/05 03:45:00 Order 3 finish Map
2024/03/05 03:45:01 Coordinator work
2024/03/05 03:45:01 Coordinator status 0
2024/03/05 03:45:01 Coordinator work
2024/03/05 03:45:01 Coordinator status 0
2024/03/05 03:45:02 IsDone &{0 2024-03-05 03:45:01.995300844 +0800 CST m=+3.063184673 0xc00008a780} true
2024/03/05 03:45:02 Order 5 finish Map
2024/03/05 03:45:02 IsDone &{0 2024-03-05 03:45:01.992249278 +0800 CST m=+3.060133105 0xc00008a6f0} true
2024/03/05 03:45:02 Order 4 finish Map
2024/03/05 03:45:03 Coordinator work
2024/03/05 03:45:03 Coordinator status 0
2024/03/05 03:45:03 Coordinator work
2024/03/05 03:45:03 Coordinator status 0
2024/03/05 03:45:03 IsDone &{0 2024-03-05 03:45:03.018145794 +0800 CST m=+4.086029618 0xc00008a8a0} true
2024/03/05 03:45:03 Order 7 finish Map
2024/03/05 03:45:03 IsDone &{0 2024-03-05 03:45:03.011222641 +0800 CST m=+4.079106471 0xc00008a810} true
2024/03/05 03:45:03 Order 6 finish Map
2024/03/05 03:45:04 Coordinator work
2024/03/05 03:45:04 Coordinator status 0
2024/03/05 03:45:04 Map: 8 done vs. 0 working, Reduce 0 done vs. 0 working
2024/03/05 03:45:04 forward: forward to Reuce Phase
2024/03/05 03:45:04 making reduce order : 8
2024/03/05 03:45:04 making reduce order : 9
2024/03/05 03:45:04 making reduce order : 10
2024/03/05 03:45:04 making reduce order : 11
2024/03/05 03:45:04 Coordinator work
2024/03/05 03:45:04 making reduce order : 12
2024/03/05 03:45:04 making reduce order : 13
2024/03/05 03:45:04 making reduce order : 14
2024/03/05 03:45:04 making reduce order : 15
2024/03/05 03:45:04 making reduce order : 16
2024/03/05 03:45:04 making reduce order : 17
2024/03/05 03:45:04 done with make reduce order
2024/03/05 03:45:04 Map: 8 done vs. 0 working, Reduce 0 done vs. 10 working
2024/03/05 03:45:04 Coordinator status 1
2024/03/05 03:45:05 Order 8 finish Reduce
2024/03/05 03:45:06 Coordinator work
2024/03/05 03:45:06 Coordinator status 1
2024/03/05 03:45:06 Coordinator work
2024/03/05 03:45:06 Coordinator status 1
2024/03/05 03:45:07 Order 9 finish Reduce
2024/03/05 03:45:07 Order 10 finish Reduce
2024/03/05 03:45:08 Coordinator work
2024/03/05 03:45:08 Coordinator status 1
2024/03/05 03:45:08 Coordinator work
2024/03/05 03:45:08 Coordinator status 1
2024/03/05 03:45:10 Order 11 finish Reduce
2024/03/05 03:45:10 Order 12 finish Reduce
2024/03/05 03:45:11 Coordinator work
2024/03/05 03:45:11 Coordinator status 1
2024/03/05 03:45:11 Coordinator work
2024/03/05 03:45:11 Coordinator status 1
2024/03/05 03:45:12 Order 13 finish Reduce
2024/03/05 03:45:12 Order 14 finish Reduce
2024/03/05 03:45:13 Coordinator work
2024/03/05 03:45:13 Coordinator status 1
2024/03/05 03:45:13 Coordinator work
2024/03/05 03:45:13 Coordinator status 1
2024/03/05 03:45:13 Order 15 finish Reduce
2024/03/05 03:45:13 Order 16 finish Reduce
2024/03/05 03:45:14 Coordinator work
2024/03/05 03:45:14 Coordinator status 1
2024/03/05 03:45:14 Coordinator work
2024/03/05 03:45:14 Coordinator status 1
2024/03/05 03:45:14 Map: 8 done vs. 0 working, Reduce 9 done vs. 1 working
2024/03/05 03:45:15 Order 17 finish Reduce
2024/03/05 03:45:16 Coordinator work
2024/03/05 03:45:16 Coordinator status 1
2024/03/05 03:45:16 Map: 8 done vs. 0 working, Reduce 10 done vs. 0 working
2024/03/05 03:45:16 forward: forward to done phase
2024/03/05 03:45:16 Coordinator work
2024/03/05 03:45:16 Coordinator status 2
