2024/03/05 05:06:23 making map order &{0 [../pg-being_ernest.txt] 0 10}
2024/03/05 05:06:23 making map order &{0 [../pg-dorian_gray.txt] 1 10}
2024/03/05 05:06:23 making map order &{0 [../pg-frankenstein.txt] 2 10}
2024/03/05 05:06:23 making map order &{0 [../pg-grimm.txt] 3 10}
2024/03/05 05:06:23 making map order &{0 [../pg-huckleberry_finn.txt] 4 10}
2024/03/05 05:06:23 making map order &{0 [../pg-metamorphosis.txt] 5 10}
2024/03/05 05:06:23 making map order &{0 [../pg-sherlock_holmes.txt] 6 10}
2024/03/05 05:06:23 making map order &{0 [../pg-tom_sawyer.txt] 7 10}
2024/03/05 05:06:23 done with make map order
2024/03/05 05:06:23 Map: 0 done vs. 8 working, Reduce 0 done vs. 0 working
2024/03/05 05:06:24 Coordinator work
2024/03/05 05:06:24 Coordinator status 0
2024/03/05 05:06:24 Coordinator work
2024/03/05 05:06:24 Coordinator status 0
2024/03/05 05:06:25 IsDone &{0 2024-03-05 05:06:24.406241013 +0800 CST m=+1.022971070 0xc000074330} true
2024/03/05 05:06:25 Order 0 finish Map
2024/03/05 05:06:25 IsDone &{0 2024-03-05 05:06:24.413309747 +0800 CST m=+1.030039803 0xc0000743c0} true
2024/03/05 05:06:25 Order 1 finish Map
2024/03/05 05:06:26 Coordinator work
2024/03/05 05:06:26 Coordinator status 0
2024/03/05 05:06:26 Coordinator work
2024/03/05 05:06:26 Coordinator status 0
2024/03/05 05:06:27 IsDone &{0 2024-03-05 05:06:26.419357718 +0800 CST m=+3.036087773 0xc000074450} true
2024/03/05 05:06:27 Order 2 finish Map
2024/03/05 05:06:27 IsDone &{0 2024-03-05 05:06:26.4350857 +0800 CST m=+3.051815756 0xc0000744e0} true
2024/03/05 05:06:27 Order 3 finish Map
2024/03/05 05:06:28 Coordinator work
2024/03/05 05:06:28 Coordinator status 0
2024/03/05 05:06:28 Coordinator work
2024/03/05 05:06:28 Coordinator status 0
2024/03/05 05:06:29 IsDone &{0 2024-03-05 05:06:28.452701662 +0800 CST m=+5.069431716 0xc000074600} true
2024/03/05 05:06:29 Order 5 finish Map
2024/03/05 05:06:29 IsDone &{0 2024-03-05 05:06:28.439305711 +0800 CST m=+5.056035766 0xc000074570} true
2024/03/05 05:06:29 Order 4 finish Map
2024/03/05 05:06:30 Coordinator work
2024/03/05 05:06:30 Coordinator status 0
2024/03/05 05:06:30 Coordinator work
2024/03/05 05:06:30 Coordinator status 0
2024/03/05 05:06:31 IsDone &{0 2024-03-05 05:06:30.465952961 +0800 CST m=+7.082683018 0xc000074720} true
2024/03/05 05:06:31 Order 7 finish Map
2024/03/05 05:06:31 IsDone &{0 2024-03-05 05:06:30.463110016 +0800 CST m=+7.079840068 0xc000074690} true
2024/03/05 05:06:31 Order 6 finish Map
2024/03/05 05:06:32 Coordinator work
2024/03/05 05:06:32 Coordinator status 0
2024/03/05 05:06:32 Map: 8 done vs. 0 working, Reduce 0 done vs. 0 working
2024/03/05 05:06:32 forward: forward to Reuce Phase
2024/03/05 05:06:32 making reduce order : 8
2024/03/05 05:06:32 making reduce order : 9
2024/03/05 05:06:32 making reduce order : 10
2024/03/05 05:06:32 making reduce order : 11
2024/03/05 05:06:32 making reduce order : 12
2024/03/05 05:06:32 making reduce order : 13
2024/03/05 05:06:32 making reduce order : 14
2024/03/05 05:06:32 making reduce order : 15
2024/03/05 05:06:32 making reduce order : 16
2024/03/05 05:06:32 making reduce order : 17
2024/03/05 05:06:32 done with make reduce order
2024/03/05 05:06:32 Map: 8 done vs. 0 working, Reduce 0 done vs. 10 working
2024/03/05 05:06:32 Coordinator work
2024/03/05 05:06:32 Coordinator status 1
2024/03/05 05:06:32 Order 8 finish Reduce
2024/03/05 05:06:33 Coordinator work
2024/03/05 05:06:33 Coordinator status 1
2024/03/05 05:06:33 Order 9 finish Reduce
2024/03/05 05:06:34 Coordinator work
2024/03/05 05:06:34 Coordinator status 1
2024/03/05 05:06:34 Order 10 finish Reduce
2024/03/05 05:06:34 Coordinator work
2024/03/05 05:06:34 Coordinator status 1
2024/03/05 05:06:34 Order 11 finish Reduce
2024/03/05 05:06:35 Coordinator work
2024/03/05 05:06:35 Coordinator status 1
2024/03/05 05:06:35 Order 12 finish Reduce
2024/03/05 05:06:35 Coordinator work
2024/03/05 05:06:35 Coordinator status 1
2024/03/05 05:06:35 Order 13 finish Reduce
2024/03/05 05:06:36 Coordinator work
2024/03/05 05:06:36 Coordinator status 1
2024/03/05 05:06:36 Order 14 finish Reduce
2024/03/05 05:06:36 Coordinator work
2024/03/05 05:06:36 Coordinator status 1
2024/03/05 05:06:36 Order 15 finish Reduce
2024/03/05 05:06:37 Coordinator work
2024/03/05 05:06:37 Coordinator status 1
2024/03/05 05:06:37 Order 16 finish Reduce
2024/03/05 05:06:37 Coordinator work
2024/03/05 05:06:37 Coordinator status 1
2024/03/05 05:06:37 Order 17 finish Reduce
2024/03/05 05:06:38 Coordinator work
2024/03/05 05:06:38 Coordinator status 1
2024/03/05 05:06:38 Map: 8 done vs. 0 working, Reduce 10 done vs. 0 working
2024/03/05 05:06:38 forward: forward to done phase
2024/03/05 05:06:38 Coordinator work
2024/03/05 05:06:38 Coordinator status 2
