2024/03/05 11:14:23 making map order &{0 [../pg-being_ernest.txt] 0 10}
2024/03/05 11:14:23 making map order &{0 [../pg-dorian_gray.txt] 1 10}
2024/03/05 11:14:23 making map order &{0 [../pg-frankenstein.txt] 2 10}
2024/03/05 11:14:23 making map order &{0 [../pg-grimm.txt] 3 10}
2024/03/05 11:14:23 making map order &{0 [../pg-huckleberry_finn.txt] 4 10}
2024/03/05 11:14:23 making map order &{0 [../pg-metamorphosis.txt] 5 10}
2024/03/05 11:14:23 making map order &{0 [../pg-sherlock_holmes.txt] 6 10}
2024/03/05 11:14:23 making map order &{0 [../pg-tom_sawyer.txt] 7 10}
2024/03/05 11:14:23 done with make map order
2024/03/05 11:14:23 Map: 0 done vs. 8 working, Reduce 0 done vs. 0 working
2024/03/05 11:14:25 Coordinator work
2024/03/05 11:14:25 Coordinator status 0
2024/03/05 11:14:25 Coordinator work
2024/03/05 11:14:25 Coordinator status 0
2024/03/05 11:14:25 IsDone &{0 2024-03-05 11:14:25.014246678 +0800 CST m=+1.051671397 0xc00009de60} true
2024/03/05 11:14:25 Order 0 finish Map
2024/03/05 11:14:25 IsDone &{0 2024-03-05 11:14:25.017442404 +0800 CST m=+1.054867130 0xc00009def0} true
2024/03/05 11:14:25 Order 1 finish Map
2024/03/05 11:14:26 Coordinator work
2024/03/05 11:14:26 Coordinator status 0
2024/03/05 11:14:26 Coordinator work
2024/03/05 11:14:26 Coordinator status 0
2024/03/05 11:14:26 IsDone &{0 2024-03-05 11:14:26.027355689 +0800 CST m=+2.064780418 0xc00009df80} true
2024/03/05 11:14:26 Order 2 finish Map
2024/03/05 11:14:26 IsDone &{0 2024-03-05 11:14:26.038775193 +0800 CST m=+2.076199917 0xc00011a030} true
2024/03/05 11:14:26 Order 3 finish Map
2024/03/05 11:14:27 Coordinator work
2024/03/05 11:14:27 Coordinator status 0
2024/03/05 11:14:27 Coordinator work
2024/03/05 11:14:27 Coordinator status 0
2024/03/05 11:14:27 IsDone &{0 2024-03-05 11:14:27.049515025 +0800 CST m=+3.086939784 0xc00011a0c0} true
2024/03/05 11:14:27 Order 4 finish Map
2024/03/05 11:14:27 IsDone &{0 2024-03-05 11:14:27.057578863 +0800 CST m=+3.095003586 0xc00011a150} true
2024/03/05 11:14:27 Order 5 finish Map
2024/03/05 11:14:28 Coordinator work
2024/03/05 11:14:28 Coordinator status 0
2024/03/05 11:14:28 Coordinator work
2024/03/05 11:14:28 Coordinator status 0
2024/03/05 11:14:28 IsDone &{0 2024-03-05 11:14:28.074336783 +0800 CST m=+4.111761508 0xc00011a270} true
2024/03/05 11:14:28 Order 7 finish Map
2024/03/05 11:14:28 IsDone &{0 2024-03-05 11:14:28.073349108 +0800 CST m=+4.110773831 0xc00011a1e0} true
2024/03/05 11:14:28 Order 6 finish Map
2024/03/05 11:14:29 Coordinator work
2024/03/05 11:14:29 Coordinator status 0
2024/03/05 11:14:29 Map: 8 done vs. 0 working, Reduce 0 done vs. 0 working
2024/03/05 11:14:29 forward: forward to Reuce Phase
2024/03/05 11:14:29 making reduce order : 8
2024/03/05 11:14:29 making reduce order : 9
2024/03/05 11:14:29 making reduce order : 10
2024/03/05 11:14:29 making reduce order : 11
2024/03/05 11:14:29 making reduce order : 12
2024/03/05 11:14:29 making reduce order : 13
2024/03/05 11:14:29 making reduce order : 14
2024/03/05 11:14:29 making reduce order : 15
2024/03/05 11:14:29 making reduce order : 16
2024/03/05 11:14:29 Coordinator work
2024/03/05 11:14:29 making reduce order : 17
2024/03/05 11:14:29 done with make reduce order
2024/03/05 11:14:29 Map: 8 done vs. 0 working, Reduce 0 done vs. 10 working
2024/03/05 11:14:29 Coordinator status 1
2024/03/05 11:14:30 Order 8 finish Reduce
2024/03/05 11:14:31 Coordinator work
2024/03/05 11:14:31 Coordinator status 1
2024/03/05 11:14:31 Coordinator work
2024/03/05 11:14:31 Coordinator status 1
2024/03/05 11:14:32 Order 9 finish Reduce
2024/03/05 11:14:32 Order 10 finish Reduce
2024/03/05 11:14:33 Coordinator work
2024/03/05 11:14:33 Coordinator status 1
2024/03/05 11:14:33 Coordinator work
2024/03/05 11:14:33 Coordinator status 1
2024/03/05 11:14:35 Order 11 finish Reduce
2024/03/05 11:14:35 Order 12 finish Reduce
2024/03/05 11:14:36 Coordinator work
2024/03/05 11:14:36 Coordinator status 1
2024/03/05 11:14:36 Coordinator work
2024/03/05 11:14:36 Coordinator status 1
2024/03/05 11:14:37 Order 13 finish Reduce
2024/03/05 11:14:37 Order 14 finish Reduce
2024/03/05 11:14:38 Coordinator work
2024/03/05 11:14:38 Coordinator status 1
2024/03/05 11:14:38 Order 15 finish Reduce
2024/03/05 11:14:38 Coordinator work
2024/03/05 11:14:38 Coordinator status 1
2024/03/05 11:14:38 Order 16 finish Reduce
2024/03/05 11:14:39 Coordinator work
2024/03/05 11:14:39 Coordinator status 1
2024/03/05 11:14:39 Coordinator work
2024/03/05 11:14:39 Coordinator status 1
2024/03/05 11:14:39 Map: 8 done vs. 0 working, Reduce 9 done vs. 1 working
2024/03/05 11:14:40 Order 17 finish Reduce
2024/03/05 11:14:41 Coordinator work
2024/03/05 11:14:41 Coordinator status 1
2024/03/05 11:14:41 Map: 8 done vs. 0 working, Reduce 10 done vs. 0 working
2024/03/05 11:14:41 forward: forward to done phase
2024/03/05 11:14:41 Coordinator work
2024/03/05 11:14:41 Coordinator status 2
