2024/03/05 08:14:47 making map order &{0 [../pg-being_ernest.txt] 0 10}
2024/03/05 08:14:47 making map order &{0 [../pg-dorian_gray.txt] 1 10}
2024/03/05 08:14:47 making map order &{0 [../pg-frankenstein.txt] 2 10}
2024/03/05 08:14:47 making map order &{0 [../pg-grimm.txt] 3 10}
2024/03/05 08:14:47 making map order &{0 [../pg-huckleberry_finn.txt] 4 10}
2024/03/05 08:14:47 making map order &{0 [../pg-metamorphosis.txt] 5 10}
2024/03/05 08:14:47 making map order &{0 [../pg-sherlock_holmes.txt] 6 10}
2024/03/05 08:14:47 making map order &{0 [../pg-tom_sawyer.txt] 7 10}
2024/03/05 08:14:47 done with make map order
2024/03/05 08:14:47 Map: 0 done vs. 8 working, Reduce 0 done vs. 0 working
2024/03/05 08:14:48 Coordinator work
2024/03/05 08:14:48 Coordinator status 0
2024/03/05 08:14:48 Coordinator work
2024/03/05 08:14:48 Coordinator status 0
2024/03/05 08:14:52 IsDone &{0 2024-03-05 08:14:48.853110924 +0800 CST m=+1.011930376 0xc00007be90} true
2024/03/05 08:14:52 Order 0 finish Map
2024/03/05 08:14:52 IsDone &{0 2024-03-05 08:14:48.867383463 +0800 CST m=+1.026202909 0xc00007bf20} true
2024/03/05 08:14:52 Order 1 finish Map
2024/03/05 08:14:53 Coordinator work
2024/03/05 08:14:53 Coordinator status 0
2024/03/05 08:14:53 Coordinator work
2024/03/05 08:14:53 Coordinator status 0
2024/03/05 08:14:57 IsDone &{0 2024-03-05 08:14:53.943932668 +0800 CST m=+6.102752121 0xc00007bfb0} true
2024/03/05 08:14:57 Order 2 finish Map
2024/03/05 08:14:57 IsDone &{0 2024-03-05 08:14:53.965521153 +0800 CST m=+6.124340605 0xc00016a060} true
2024/03/05 08:14:57 Order 3 finish Map
2024/03/05 08:14:58 Coordinator work
2024/03/05 08:14:58 Coordinator status 0
2024/03/05 08:14:58 Coordinator work
2024/03/05 08:14:58 Coordinator status 0
2024/03/05 08:15:02 IsDone &{0 2024-03-05 08:14:58.849069306 +0800 CST m=+11.007888759 0xc00016a0f0} true
2024/03/05 08:15:02 Order 4 finish Map
2024/03/05 08:15:02 IsDone &{0 2024-03-05 08:14:58.870116707 +0800 CST m=+11.028936159 0xc00016a180} true
2024/03/05 08:15:02 Order 5 finish Map
2024/03/05 08:15:03 Coordinator work
2024/03/05 08:15:03 Coordinator status 0
2024/03/05 08:15:03 Coordinator work
2024/03/05 08:15:03 Coordinator status 0
2024/03/05 08:15:05 IsDone &{0 2024-03-05 08:15:03.726044164 +0800 CST m=+15.884863617 0xc00016a2a0} true
2024/03/05 08:15:05 Order 7 finish Map
2024/03/05 08:15:05 IsDone &{0 2024-03-05 08:15:03.716476086 +0800 CST m=+15.875295536 0xc00016a210} true
2024/03/05 08:15:05 Order 6 finish Map
2024/03/05 08:15:06 Coordinator work
2024/03/05 08:15:06 Coordinator status 0
2024/03/05 08:15:06 Map: 8 done vs. 0 working, Reduce 0 done vs. 0 working
2024/03/05 08:15:06 forward: forward to Reuce Phase
2024/03/05 08:15:06 making reduce order : 8
2024/03/05 08:15:06 making reduce order : 9
2024/03/05 08:15:06 making reduce order : 10
2024/03/05 08:15:06 making reduce order : 11
2024/03/05 08:15:06 making reduce order : 12
2024/03/05 08:15:06 making reduce order : 13
2024/03/05 08:15:06 making reduce order : 14
2024/03/05 08:15:06 making reduce order : 15
2024/03/05 08:15:06 making reduce order : 16
2024/03/05 08:15:06 making reduce order : 17
2024/03/05 08:15:06 done with make reduce order
2024/03/05 08:15:06 Map: 8 done vs. 0 working, Reduce 0 done vs. 10 working
2024/03/05 08:15:06 Coordinator work
2024/03/05 08:15:06 Coordinator status 1
2024/03/05 08:15:06 Order 8 finish Reduce
2024/03/05 08:15:07 Coordinator work
2024/03/05 08:15:07 Coordinator status 1
2024/03/05 08:15:07 Order 9 finish Reduce
2024/03/05 08:15:08 Coordinator work
2024/03/05 08:15:08 Coordinator status 1
2024/03/05 08:15:08 Order 10 finish Reduce
2024/03/05 08:15:08 Coordinator work
2024/03/05 08:15:08 Coordinator status 1
2024/03/05 08:15:08 Order 11 finish Reduce
2024/03/05 08:15:09 Coordinator work
2024/03/05 08:15:09 Coordinator status 1
2024/03/05 08:15:09 Order 12 finish Reduce
2024/03/05 08:15:09 Coordinator work
2024/03/05 08:15:09 Coordinator status 1
2024/03/05 08:15:09 Order 13 finish Reduce
2024/03/05 08:15:10 Coordinator work
2024/03/05 08:15:10 Coordinator status 1
2024/03/05 08:15:10 Order 14 finish Reduce
2024/03/05 08:15:10 Coordinator work
2024/03/05 08:15:10 Coordinator status 1
2024/03/05 08:15:10 Order 15 finish Reduce
2024/03/05 08:15:11 Coordinator work
2024/03/05 08:15:11 Coordinator status 1
2024/03/05 08:15:11 Order 16 finish Reduce
2024/03/05 08:15:11 Coordinator work
2024/03/05 08:15:11 Coordinator status 1
2024/03/05 08:15:11 Order 17 finish Reduce
2024/03/05 08:15:12 Coordinator work
2024/03/05 08:15:12 Coordinator status 1
2024/03/05 08:15:12 Map: 8 done vs. 0 working, Reduce 10 done vs. 0 working
2024/03/05 08:15:12 forward: forward to done phase
2024/03/05 08:15:12 Coordinator work
2024/03/05 08:15:12 Coordinator status 2
