2024/03/05 06:55:24 making map order &{0 [../pg-being_ernest.txt] 0 10}
2024/03/05 06:55:24 making map order &{0 [../pg-dorian_gray.txt] 1 10}
2024/03/05 06:55:24 making map order &{0 [../pg-frankenstein.txt] 2 10}
2024/03/05 06:55:24 making map order &{0 [../pg-grimm.txt] 3 10}
2024/03/05 06:55:24 making map order &{0 [../pg-huckleberry_finn.txt] 4 10}
2024/03/05 06:55:24 making map order &{0 [../pg-metamorphosis.txt] 5 10}
2024/03/05 06:55:24 making map order &{0 [../pg-sherlock_holmes.txt] 6 10}
2024/03/05 06:55:24 making map order &{0 [../pg-tom_sawyer.txt] 7 10}
2024/03/05 06:55:24 done with make map order
2024/03/05 06:55:24 Map: 0 done vs. 8 working, Reduce 0 done vs. 0 working
2024/03/05 06:55:25 Coordinator work
2024/03/05 06:55:25 Coordinator status 0
2024/03/05 06:55:25 Coordinator work
2024/03/05 06:55:25 Coordinator status 0
2024/03/05 06:55:25 IsDone &{0 2024-03-05 06:55:25.618286667 +0800 CST m=+1.021121991 0xc000072300} true
2024/03/05 06:55:25 Order 0 finish Map
2024/03/05 06:55:25 Coordinator work
2024/03/05 06:55:25 Coordinator status 0
2024/03/05 06:55:25 IsDone &{0 2024-03-05 06:55:25.624949244 +0800 CST m=+1.027784571 0xc000072390} true
2024/03/05 06:55:25 Order 1 finish Map
2024/03/05 06:55:25 IsDone &{0 2024-03-05 06:55:25.641743163 +0800 CST m=+1.044578487 0xc000072420} true
2024/03/05 06:55:25 Order 2 finish Map
2024/03/05 06:55:26 Coordinator work
2024/03/05 06:55:26 Coordinator status 0
2024/03/05 06:55:26 IsDone &{0 2024-03-05 06:55:26.629051835 +0800 CST m=+2.031887165 0xc0000724b0} true
2024/03/05 06:55:26 Order 3 finish Map
2024/03/05 06:55:26 Coordinator work
2024/03/05 06:55:26 Coordinator status 0
2024/03/05 06:55:26 Coordinator work
2024/03/05 06:55:26 Coordinator status 0
2024/03/05 06:55:26 IsDone &{0 2024-03-05 06:55:26.647797359 +0800 CST m=+2.050632685 0xc000072540} true
2024/03/05 06:55:26 Order 4 finish Map
2024/03/05 06:55:26 IsDone &{0 2024-03-05 06:55:26.65823485 +0800 CST m=+2.061070173 0xc0000725d0} true
2024/03/05 06:55:26 Order 5 finish Map
2024/03/05 06:55:27 Coordinator work
2024/03/05 06:55:27 Coordinator status 0
2024/03/05 06:55:27 IsDone &{0 2024-03-05 06:55:27.647823404 +0800 CST m=+3.050658731 0xc000072660} true
2024/03/05 06:55:27 Order 6 finish Map
2024/03/05 06:55:27 Coordinator work
2024/03/05 06:55:27 Coordinator status 0
2024/03/05 06:55:27 Coordinator work
2024/03/05 06:55:27 Coordinator status 0
2024/03/05 06:55:27 Map: 7 done vs. 1 working, Reduce 0 done vs. 0 working
2024/03/05 06:55:27 IsDone &{0 2024-03-05 06:55:27.670763466 +0800 CST m=+3.073598793 0xc0000726f0} true
2024/03/05 06:55:27 Order 7 finish Map
2024/03/05 06:55:28 Coordinator work
2024/03/05 06:55:28 Coordinator status 0
2024/03/05 06:55:28 Map: 8 done vs. 0 working, Reduce 0 done vs. 0 working
2024/03/05 06:55:28 forward: forward to Reuce Phase
2024/03/05 06:55:28 making reduce order : 8
2024/03/05 06:55:28 making reduce order : 9
2024/03/05 06:55:28 making reduce order : 10
2024/03/05 06:55:28 making reduce order : 11
2024/03/05 06:55:28 making reduce order : 12
2024/03/05 06:55:28 making reduce order : 13
2024/03/05 06:55:28 making reduce order : 14
2024/03/05 06:55:28 making reduce order : 15
2024/03/05 06:55:28 making reduce order : 16
2024/03/05 06:55:28 making reduce order : 17
2024/03/05 06:55:28 done with make reduce order
2024/03/05 06:55:28 Map: 8 done vs. 0 working, Reduce 0 done vs. 10 working
2024/03/05 06:55:28 Coordinator work
2024/03/05 06:55:28 Coordinator status 1
2024/03/05 06:55:28 Order 8 finish Reduce
2024/03/05 06:55:29 Coordinator work
2024/03/05 06:55:29 Coordinator status 1
2024/03/05 06:55:29 Order 9 finish Reduce
2024/03/05 06:55:29 Coordinator work
2024/03/05 06:55:29 Coordinator status 1
2024/03/05 06:55:30 Coordinator work
2024/03/05 06:55:30 Coordinator status 1
2024/03/05 06:55:30 Order 11 finish Reduce
2024/03/05 06:55:30 Coordinator work
2024/03/05 06:55:30 Coordinator status 1
2024/03/05 06:55:30 Order 12 finish Reduce
2024/03/05 06:55:31 Coordinator work
2024/03/05 06:55:31 Coordinator status 1
2024/03/05 06:55:31 Order 13 finish Reduce
2024/03/05 06:55:31 Coordinator work
2024/03/05 06:55:31 Coordinator status 1
2024/03/05 06:55:32 Coordinator work
2024/03/05 06:55:32 Coordinator status 1
2024/03/05 06:55:32 Order 15 finish Reduce
2024/03/05 06:55:32 Order 10 finish Reduce
2024/03/05 06:55:33 Coordinator work
2024/03/05 06:55:33 Coordinator status 1
2024/03/05 06:55:33 Order 16 finish Reduce
2024/03/05 06:55:33 Coordinator work
2024/03/05 06:55:33 Coordinator status 1
2024/03/05 06:55:33 Order 17 finish Reduce
2024/03/05 06:55:34 Order 14 finish Reduce
2024/03/05 06:55:34 Coordinator work
2024/03/05 06:55:34 Coordinator status 1
2024/03/05 06:55:34 Map: 8 done vs. 0 working, Reduce 10 done vs. 0 working
2024/03/05 06:55:34 forward: forward to done phase
2024/03/05 06:55:34 Coordinator work
2024/03/05 06:55:34 Coordinator status 2
2024/03/05 06:55:35 Coordinator work
2024/03/05 06:55:35 Coordinator status 2
