2024/03/05 05:35:37 making map order &{0 [../pg-being_ernest.txt] 0 10}
2024/03/05 05:35:37 making map order &{0 [../pg-dorian_gray.txt] 1 10}
2024/03/05 05:35:37 making map order &{0 [../pg-frankenstein.txt] 2 10}
2024/03/05 05:35:37 making map order &{0 [../pg-grimm.txt] 3 10}
2024/03/05 05:35:37 making map order &{0 [../pg-huckleberry_finn.txt] 4 10}
2024/03/05 05:35:37 making map order &{0 [../pg-metamorphosis.txt] 5 10}
2024/03/05 05:35:37 making map order &{0 [../pg-sherlock_holmes.txt] 6 10}
2024/03/05 05:35:37 making map order &{0 [../pg-tom_sawyer.txt] 7 10}
2024/03/05 05:35:37 done with make map order
2024/03/05 05:35:37 Map: 0 done vs. 8 working, Reduce 0 done vs. 0 working
2024/03/05 05:35:38 Coordinator work
2024/03/05 05:35:38 Coordinator status 0
2024/03/05 05:35:38 Coordinator work
2024/03/05 05:35:38 Coordinator status 0
2024/03/05 05:35:38 Coordinator work
2024/03/05 05:35:38 Coordinator status 0
2024/03/05 05:35:38 IsDone &{0 2024-03-05 05:35:38.262846488 +0800 CST m=+1.013812446 0xc00007fef0} true
2024/03/05 05:35:38 Order 0 finish Map
2024/03/05 05:35:39 IsDone &{0 2024-03-05 05:35:38.290778257 +0800 CST m=+1.041744214 0xc00016c030} true
2024/03/05 05:35:39 Order 2 finish Map
2024/03/05 05:35:39 Coordinator work
2024/03/05 05:35:39 Coordinator status 0
2024/03/05 05:35:40 IsDone &{0 2024-03-05 05:35:38.273364254 +0800 CST m=+1.024330211 0xc00007ff80} true
2024/03/05 05:35:40 Order 1 finish Map
2024/03/05 05:35:40 Coordinator work
2024/03/05 05:35:40 Coordinator status 0
2024/03/05 05:35:41 Coordinator work
2024/03/05 05:35:41 Coordinator status 0
2024/03/05 05:35:41 IsDone &{0 2024-03-05 05:35:39.976792756 +0800 CST m=+2.727758711 0xc00016c0c0} true
2024/03/05 05:35:41 Order 3 finish Map
2024/03/05 05:35:41 IsDone &{0 2024-03-05 05:35:41.040356554 +0800 CST m=+3.791322512 0xc00016c1e0} true
2024/03/05 05:35:41 Order 5 finish Map
2024/03/05 05:35:42 IsDone &{0 2024-03-05 05:35:40.757818879 +0800 CST m=+3.508784837 0xc00016c150} true
2024/03/05 05:35:42 Order 4 finish Map
2024/03/05 05:35:42 Coordinator work
2024/03/05 05:35:42 Coordinator status 0
2024/03/05 05:35:42 Coordinator work
2024/03/05 05:35:42 Coordinator status 0
2024/03/05 05:35:43 Coordinator work
2024/03/05 05:35:43 Coordinator status 0
2024/03/05 05:35:43 Map: 6 done vs. 2 working, Reduce 0 done vs. 0 working
2024/03/05 05:35:44 IsDone &{0 2024-03-05 05:35:42.697367934 +0800 CST m=+5.448333890 0xc00016c300} true
2024/03/05 05:35:44 Order 7 finish Map
2024/03/05 05:35:44 IsDone &{0 2024-03-05 05:35:42.650394139 +0800 CST m=+5.401360093 0xc00016c270} true
2024/03/05 05:35:44 Order 6 finish Map
2024/03/05 05:35:45 Coordinator work
2024/03/05 05:35:45 Coordinator status 0
2024/03/05 05:35:45 Map: 8 done vs. 0 working, Reduce 0 done vs. 0 working
2024/03/05 05:35:45 forward: forward to Reuce Phase
2024/03/05 05:35:45 making reduce order : 8
2024/03/05 05:35:45 making reduce order : 9
2024/03/05 05:35:45 making reduce order : 10
2024/03/05 05:35:45 making reduce order : 11
2024/03/05 05:35:45 making reduce order : 12
2024/03/05 05:35:45 making reduce order : 13
2024/03/05 05:35:45 making reduce order : 14
2024/03/05 05:35:45 making reduce order : 15
2024/03/05 05:35:45 making reduce order : 16
2024/03/05 05:35:45 making reduce order : 17
2024/03/05 05:35:45 done with make reduce order
2024/03/05 05:35:45 Map: 8 done vs. 0 working, Reduce 0 done vs. 10 working
2024/03/05 05:35:45 Coordinator work
2024/03/05 05:35:45 Coordinator status 1
2024/03/05 05:35:45 Coordinator work
2024/03/05 05:35:45 Coordinator status 1
2024/03/05 05:35:45 Order 8 finish Reduce
2024/03/05 05:35:46 Order 9 finish Reduce
2024/03/05 05:35:46 Coordinator work
2024/03/05 05:35:46 Coordinator status 1
2024/03/05 05:35:47 Coordinator work
2024/03/05 05:35:47 Coordinator status 1
2024/03/05 05:35:47 Coordinator work
2024/03/05 05:35:47 Coordinator status 1
2024/03/05 05:35:47 Order 11 finish Reduce
2024/03/05 05:35:48 Order 12 finish Reduce
2024/03/05 05:35:48 Order 10 finish Reduce
2024/03/05 05:35:48 Coordinator work
2024/03/05 05:35:48 Coordinator status 1
2024/03/05 05:35:49 Coordinator work
2024/03/05 05:35:49 Coordinator status 1
2024/03/05 05:35:49 Coordinator work
2024/03/05 05:35:49 Coordinator status 1
2024/03/05 05:35:49 Order 13 finish Reduce
2024/03/05 05:35:50 Order 15 finish Reduce
2024/03/05 05:35:50 Coordinator work
2024/03/05 05:35:50 Coordinator status 1
2024/03/05 05:35:50 Order 14 finish Reduce
2024/03/05 05:35:51 Coordinator work
2024/03/05 05:35:51 Coordinator status 1
2024/03/05 05:35:51 Order 16 finish Reduce
2024/03/05 05:35:51 Coordinator work
2024/03/05 05:35:51 Coordinator status 1
2024/03/05 05:35:51 Map: 8 done vs. 0 working, Reduce 9 done vs. 1 working
2024/03/05 05:35:51 Order 17 finish Reduce
2024/03/05 05:35:52 Coordinator work
2024/03/05 05:35:52 Coordinator status 1
2024/03/05 05:35:52 Map: 8 done vs. 0 working, Reduce 10 done vs. 0 working
2024/03/05 05:35:52 forward: forward to done phase
2024/03/05 05:35:52 Coordinator work
2024/03/05 05:35:52 Coordinator status 2
2024/03/05 05:35:53 Coordinator work
2024/03/05 05:35:53 Coordinator status 2
