2024/03/05 04:26:50 making map order &{0 [../pg-being_ernest.txt] 0 10}
2024/03/05 04:26:50 making map order &{0 [../pg-dorian_gray.txt] 1 10}
2024/03/05 04:26:50 making map order &{0 [../pg-frankenstein.txt] 2 10}
2024/03/05 04:26:50 making map order &{0 [../pg-grimm.txt] 3 10}
2024/03/05 04:26:50 making map order &{0 [../pg-huckleberry_finn.txt] 4 10}
2024/03/05 04:26:50 making map order &{0 [../pg-metamorphosis.txt] 5 10}
2024/03/05 04:26:50 making map order &{0 [../pg-sherlock_holmes.txt] 6 10}
2024/03/05 04:26:50 making map order &{0 [../pg-tom_sawyer.txt] 7 10}
2024/03/05 04:26:50 done with make map order
2024/03/05 04:26:50 Map: 0 done vs. 8 working, Reduce 0 done vs. 0 working
2024/03/05 04:26:51 Coordinator work
2024/03/05 04:26:51 Coordinator status 0
2024/03/05 04:26:51 Coordinator work
2024/03/05 04:26:51 Coordinator status 0
2024/03/05 04:26:51 Coordinator work
2024/03/05 04:26:51 Coordinator status 0
2024/03/05 04:26:52 IsDone &{0 2024-03-05 04:26:51.452596164 +0800 CST m=+1.025218764 0xc00008a2d0} true
2024/03/05 04:26:52 Order 0 finish Map
2024/03/05 04:26:53 Coordinator work
2024/03/05 04:26:53 Coordinator status 0
2024/03/05 04:26:54 IsDone &{0 2024-03-05 04:26:51.45934526 +0800 CST m=+1.031967851 0xc00008a360} true
2024/03/05 04:26:54 Order 1 finish Map
2024/03/05 04:26:54 IsDone &{0 2024-03-05 04:26:51.470079299 +0800 CST m=+1.042701906 0xc00008a3f0} true
2024/03/05 04:26:54 Order 2 finish Map
2024/03/05 04:26:55 Coordinator work
2024/03/05 04:26:55 Coordinator status 0
2024/03/05 04:26:55 Coordinator work
2024/03/05 04:26:55 Coordinator status 0
2024/03/05 04:26:56 IsDone &{0 2024-03-05 04:26:55.424995721 +0800 CST m=+4.997618312 0xc00008a5a0} true
2024/03/05 04:26:56 Order 5 finish Map
2024/03/05 04:26:56 IsDone &{0 2024-03-05 04:26:53.326005271 +0800 CST m=+2.898627863 0xc00008a480} true
2024/03/05 04:26:56 Order 3 finish Map
2024/03/05 04:26:57 IsDone &{0 2024-03-05 04:26:55.130872723 +0800 CST m=+4.703495314 0xc00008a510} true
2024/03/05 04:26:57 Order 4 finish Map
2024/03/05 04:26:57 Coordinator work
2024/03/05 04:26:57 Coordinator status 0
2024/03/05 04:26:57 Coordinator work
2024/03/05 04:26:57 Coordinator status 0
2024/03/05 04:26:58 Coordinator work
2024/03/05 04:26:58 Coordinator status 0
2024/03/05 04:26:58 Map: 6 done vs. 2 working, Reduce 0 done vs. 0 working
2024/03/05 04:26:58 IsDone &{0 2024-03-05 04:26:57.243193668 +0800 CST m=+6.815816269 0xc00008a6c0} true
2024/03/05 04:26:58 Order 7 finish Map
2024/03/05 04:26:59 IsDone &{0 2024-03-05 04:26:57.163187737 +0800 CST m=+6.735810330 0xc00008a630} true
2024/03/05 04:26:59 Order 6 finish Map
2024/03/05 04:26:59 Coordinator work
2024/03/05 04:26:59 Coordinator status 0
2024/03/05 04:26:59 Map: 8 done vs. 0 working, Reduce 0 done vs. 0 working
2024/03/05 04:26:59 forward: forward to Reuce Phase
2024/03/05 04:26:59 making reduce order : 8
2024/03/05 04:26:59 making reduce order : 9
2024/03/05 04:26:59 making reduce order : 10
2024/03/05 04:26:59 making reduce order : 11
2024/03/05 04:26:59 making reduce order : 12
2024/03/05 04:26:59 making reduce order : 13
2024/03/05 04:26:59 making reduce order : 14
2024/03/05 04:26:59 making reduce order : 15
2024/03/05 04:26:59 making reduce order : 16
2024/03/05 04:26:59 making reduce order : 17
2024/03/05 04:26:59 done with make reduce order
2024/03/05 04:26:59 Map: 8 done vs. 0 working, Reduce 0 done vs. 10 working
2024/03/05 04:27:00 Coordinator work
2024/03/05 04:27:00 Coordinator status 1
2024/03/05 04:27:00 Coordinator work
2024/03/05 04:27:00 Coordinator status 1
2024/03/05 04:27:00 Order 8 finish Reduce
2024/03/05 04:27:00 Order 9 finish Reduce
2024/03/05 04:27:01 Coordinator work
2024/03/05 04:27:01 Coordinator status 1
2024/03/05 04:27:01 Coordinator work
2024/03/05 04:27:01 Coordinator status 1
2024/03/05 04:27:01 Coordinator work
2024/03/05 04:27:01 Coordinator status 1
2024/03/05 04:27:02 Order 11 finish Reduce
2024/03/05 04:27:02 Order 12 finish Reduce
2024/03/05 04:27:03 Order 10 finish Reduce
2024/03/05 04:27:03 Coordinator work
2024/03/05 04:27:03 Coordinator status 1
2024/03/05 04:27:03 Coordinator work
2024/03/05 04:27:03 Coordinator status 1
2024/03/05 04:27:04 Coordinator work
2024/03/05 04:27:04 Coordinator status 1
2024/03/05 04:27:04 Order 13 finish Reduce
2024/03/05 04:27:04 Order 15 finish Reduce
2024/03/05 04:27:05 Coordinator work
2024/03/05 04:27:05 Coordinator status 1
2024/03/05 04:27:05 Order 14 finish Reduce
2024/03/05 04:27:05 Coordinator work
2024/03/05 04:27:05 Coordinator status 1
2024/03/05 04:27:06 Order 16 finish Reduce
2024/03/05 04:27:06 Coordinator work
2024/03/05 04:27:06 Coordinator status 1
2024/03/05 04:27:06 Map: 8 done vs. 0 working, Reduce 9 done vs. 1 working
2024/03/05 04:27:06 Order 17 finish Reduce
2024/03/05 04:27:07 Coordinator work
2024/03/05 04:27:07 Coordinator status 1
2024/03/05 04:27:07 Map: 8 done vs. 0 working, Reduce 10 done vs. 0 working
2024/03/05 04:27:07 forward: forward to done phase
2024/03/05 04:27:07 Coordinator work
2024/03/05 04:27:07 Coordinator status 2
2024/03/05 04:27:08 Coordinator work
2024/03/05 04:27:08 Coordinator status 2
