2024/03/05 03:34:14 making map order &{0 [../pg-being_ernest.txt] 0 10}
2024/03/05 03:34:14 making map order &{0 [../pg-dorian_gray.txt] 1 10}
2024/03/05 03:34:14 making map order &{0 [../pg-frankenstein.txt] 2 10}
2024/03/05 03:34:14 making map order &{0 [../pg-grimm.txt] 3 10}
2024/03/05 03:34:14 making map order &{0 [../pg-huckleberry_finn.txt] 4 10}
2024/03/05 03:34:14 making map order &{0 [../pg-metamorphosis.txt] 5 10}
2024/03/05 03:34:14 making map order &{0 [../pg-sherlock_holmes.txt] 6 10}
2024/03/05 03:34:14 making map order &{0 [../pg-tom_sawyer.txt] 7 10}
2024/03/05 03:34:14 done with make map order
2024/03/05 03:34:14 Map: 0 done vs. 8 working, Reduce 0 done vs. 0 working
2024/03/05 03:34:15 Coordinator work
2024/03/05 03:34:15 Coordinator status 0
2024/03/05 03:34:15 IsDone &{0 2024-03-05 03:34:15.282754922 +0800 CST m=+1.019461760 0xc00009dd10} true
2024/03/05 03:34:15 Order 0 finish Map
2024/03/05 03:34:15 Coordinator work
2024/03/05 03:34:15 Coordinator status 0
2024/03/05 03:34:15 Coordinator work
2024/03/05 03:34:15 Coordinator status 0
2024/03/05 03:34:15 IsDone &{0 2024-03-05 03:34:15.300657521 +0800 CST m=+1.037364360 0xc00009dda0} true
2024/03/05 03:34:15 Order 1 finish Map
2024/03/05 03:34:15 IsDone &{0 2024-03-05 03:34:15.304975858 +0800 CST m=+1.041682697 0xc00009de30} true
2024/03/05 03:34:15 Order 2 finish Map
2024/03/05 03:34:16 Coordinator work
2024/03/05 03:34:16 Coordinator status 0
2024/03/05 03:34:16 IsDone &{0 2024-03-05 03:34:16.292753916 +0800 CST m=+2.029460757 0xc00009dec0} true
2024/03/05 03:34:16 Order 3 finish Map
2024/03/05 03:34:16 Coordinator work
2024/03/05 03:34:16 Coordinator status 0
2024/03/05 03:34:16 Coordinator work
2024/03/05 03:34:16 Coordinator status 0
2024/03/05 03:34:16 IsDone &{0 2024-03-05 03:34:16.322613037 +0800 CST m=+2.059319879 0xc000120000} true
2024/03/05 03:34:16 Order 5 finish Map
2024/03/05 03:34:16 IsDone &{0 2024-03-05 03:34:16.32229759 +0800 CST m=+2.059004432 0xc00009df50} true
2024/03/05 03:34:16 Order 4 finish Map
2024/03/05 03:34:17 Coordinator work
2024/03/05 03:34:17 Coordinator status 0
2024/03/05 03:34:17 Coordinator work
2024/03/05 03:34:17 Coordinator status 0
2024/03/05 03:34:17 IsDone &{0 2024-03-05 03:34:17.331384087 +0800 CST m=+3.068090933 0xc000120120} true
2024/03/05 03:34:17 Order 7 finish Map
2024/03/05 03:34:17 IsDone &{0 2024-03-05 03:34:17.313669034 +0800 CST m=+3.050375881 0xc000120090} true
2024/03/05 03:34:17 Order 6 finish Map
2024/03/05 03:34:17 Coordinator work
2024/03/05 03:34:17 Coordinator status 0
2024/03/05 03:34:17 Map: 8 done vs. 0 working, Reduce 0 done vs. 0 working
2024/03/05 03:34:17 forward: forward to Reuce Phase
2024/03/05 03:34:17 making reduce order : 8
2024/03/05 03:34:17 making reduce order : 9
2024/03/05 03:34:17 making reduce order : 10
2024/03/05 03:34:17 making reduce order : 11
2024/03/05 03:34:17 making reduce order : 12
2024/03/05 03:34:17 making reduce order : 13
2024/03/05 03:34:17 making reduce order : 14
2024/03/05 03:34:17 making reduce order : 15
2024/03/05 03:34:17 making reduce order : 16
2024/03/05 03:34:17 making reduce order : 17
2024/03/05 03:34:17 done with make reduce order
2024/03/05 03:34:17 Map: 8 done vs. 0 working, Reduce 0 done vs. 10 working
2024/03/05 03:34:18 Coordinator work
2024/03/05 03:34:18 Coordinator status 1
2024/03/05 03:34:18 Order 8 finish Reduce
2024/03/05 03:34:18 Coordinator work
2024/03/05 03:34:18 Coordinator status 1
2024/03/05 03:34:18 Order 9 finish Reduce
2024/03/05 03:34:19 Coordinator work
2024/03/05 03:34:19 Coordinator status 1
2024/03/05 03:34:19 Coordinator work
2024/03/05 03:34:19 Coordinator status 1
2024/03/05 03:34:19 Order 11 finish Reduce
2024/03/05 03:34:19 Coordinator work
2024/03/05 03:34:19 Coordinator status 1
2024/03/05 03:34:19 Order 12 finish Reduce
2024/03/05 03:34:20 Coordinator work
2024/03/05 03:34:20 Coordinator status 1
2024/03/05 03:34:20 Order 13 finish Reduce
2024/03/05 03:34:20 Coordinator work
2024/03/05 03:34:20 Coordinator status 1
2024/03/05 03:34:21 Coordinator work
2024/03/05 03:34:21 Coordinator status 1
2024/03/05 03:34:21 Order 15 finish Reduce
2024/03/05 03:34:22 Order 10 finish Reduce
2024/03/05 03:34:22 Coordinator work
2024/03/05 03:34:22 Coordinator status 1
2024/03/05 03:34:22 Order 16 finish Reduce
2024/03/05 03:34:23 Coordinator work
2024/03/05 03:34:23 Coordinator status 1
2024/03/05 03:34:23 Order 17 finish Reduce
2024/03/05 03:34:23 Order 14 finish Reduce
2024/03/05 03:34:23 Coordinator work
2024/03/05 03:34:23 Coordinator status 1
2024/03/05 03:34:23 Map: 8 done vs. 0 working, Reduce 10 done vs. 0 working
2024/03/05 03:34:23 forward: forward to done phase
2024/03/05 03:34:24 Coordinator work
2024/03/05 03:34:24 Coordinator status 2
2024/03/05 03:34:24 Coordinator work
2024/03/05 03:34:24 Coordinator status 2
