2024/03/05 11:25:13 making map order &{0 [../pg-being_ernest.txt] 0 10}
2024/03/05 11:25:13 making map order &{0 [../pg-dorian_gray.txt] 1 10}
2024/03/05 11:25:13 making map order &{0 [../pg-frankenstein.txt] 2 10}
2024/03/05 11:25:13 making map order &{0 [../pg-grimm.txt] 3 10}
2024/03/05 11:25:13 making map order &{0 [../pg-huckleberry_finn.txt] 4 10}
2024/03/05 11:25:13 making map order &{0 [../pg-metamorphosis.txt] 5 10}
2024/03/05 11:25:13 making map order &{0 [../pg-sherlock_holmes.txt] 6 10}
2024/03/05 11:25:13 making map order &{0 [../pg-tom_sawyer.txt] 7 10}
2024/03/05 11:25:13 done with make map order
2024/03/05 11:25:13 Map: 0 done vs. 8 working, Reduce 0 done vs. 0 working
2024/03/05 11:25:14 Coordinator work
2024/03/05 11:25:14 Coordinator status 0
2024/03/05 11:25:14 Coordinator work
2024/03/05 11:25:14 Coordinator status 0
2024/03/05 11:25:14 IsDone &{0 2024-03-05 11:25:14.592281575 +0800 CST m=+1.020809114 0xc00007ff80} true
2024/03/05 11:25:14 Order 0 finish Map
2024/03/05 11:25:14 IsDone &{0 2024-03-05 11:25:14.602566213 +0800 CST m=+1.031093756 0xc00016c030} true
2024/03/05 11:25:14 Order 1 finish Map
2024/03/05 11:25:15 Coordinator work
2024/03/05 11:25:15 Coordinator status 0
2024/03/05 11:25:15 Coordinator work
2024/03/05 11:25:15 Coordinator status 0
2024/03/05 11:25:16 IsDone &{0 2024-03-05 11:25:15.863542744 +0800 CST m=+2.292070284 0xc00016c150} true
2024/03/05 11:25:16 Order 3 finish Map
2024/03/05 11:25:16 IsDone &{0 2024-03-05 11:25:15.755793072 +0800 CST m=+2.184320620 0xc00016c0c0} true
2024/03/05 11:25:16 Order 2 finish Map
2024/03/05 11:25:17 Coordinator work
2024/03/05 11:25:17 Coordinator status 0
2024/03/05 11:25:17 Coordinator work
2024/03/05 11:25:17 Coordinator status 0
2024/03/05 11:25:17 IsDone &{0 2024-03-05 11:25:17.14598783 +0800 CST m=+3.574515372 0xc00016c270} true
2024/03/05 11:25:17 Order 5 finish Map
2024/03/05 11:25:17 IsDone &{0 2024-03-05 11:25:17.134819646 +0800 CST m=+3.563347181 0xc00016c1e0} true
2024/03/05 11:25:17 Order 4 finish Map
2024/03/05 11:25:18 Coordinator work
2024/03/05 11:25:18 Coordinator status 0
2024/03/05 11:25:18 Coordinator work
2024/03/05 11:25:18 Coordinator status 0
2024/03/05 11:25:18 IsDone &{0 2024-03-05 11:25:18.277177475 +0800 CST m=+4.705705018 0xc00016c300} true
2024/03/05 11:25:18 Order 6 finish Map
2024/03/05 11:25:18 IsDone &{0 2024-03-05 11:25:18.449090965 +0800 CST m=+4.877618500 0xc00016c390} true
2024/03/05 11:25:18 Order 7 finish Map
2024/03/05 11:25:19 Coordinator work
2024/03/05 11:25:19 Coordinator status 0
2024/03/05 11:25:19 Map: 8 done vs. 0 working, Reduce 0 done vs. 0 working
2024/03/05 11:25:19 forward: forward to Reuce Phase
2024/03/05 11:25:19 making reduce order : 8
2024/03/05 11:25:19 making reduce order : 9
2024/03/05 11:25:19 making reduce order : 10
2024/03/05 11:25:19 making reduce order : 11
2024/03/05 11:25:19 making reduce order : 12
2024/03/05 11:25:19 making reduce order : 13
2024/03/05 11:25:19 making reduce order : 14
2024/03/05 11:25:19 making reduce order : 15
2024/03/05 11:25:19 making reduce order : 16
2024/03/05 11:25:19 making reduce order : 17
2024/03/05 11:25:19 done with make reduce order
2024/03/05 11:25:19 Map: 8 done vs. 0 working, Reduce 0 done vs. 10 working
2024/03/05 11:25:19 Coordinator work
2024/03/05 11:25:19 Coordinator status 1
2024/03/05 11:25:19 Order 8 finish Reduce
2024/03/05 11:25:20 Coordinator work
2024/03/05 11:25:20 Coordinator status 1
2024/03/05 11:25:21 Order 9 finish Reduce
2024/03/05 11:25:21 Coordinator work
2024/03/05 11:25:21 Coordinator status 1
2024/03/05 11:25:21 Order 10 finish Reduce
2024/03/05 11:25:22 Coordinator work
2024/03/05 11:25:22 Coordinator status 1
2024/03/05 11:25:22 Order 11 finish Reduce
2024/03/05 11:25:22 Coordinator work
2024/03/05 11:25:22 Coordinator status 1
2024/03/05 11:25:22 Order 12 finish Reduce
2024/03/05 11:25:23 Coordinator work
2024/03/05 11:25:23 Coordinator status 1
2024/03/05 11:25:23 Order 13 finish Reduce
2024/03/05 11:25:23 Coordinator work
2024/03/05 11:25:23 Coordinator status 1
2024/03/05 11:25:23 Order 14 finish Reduce
2024/03/05 11:25:24 Coordinator work
2024/03/05 11:25:24 Coordinator status 1
2024/03/05 11:25:24 Order 15 finish Reduce
2024/03/05 11:25:24 Coordinator work
2024/03/05 11:25:24 Coordinator status 1
2024/03/05 11:25:25 Order 16 finish Reduce
2024/03/05 11:25:25 Coordinator work
2024/03/05 11:25:25 Coordinator status 1
2024/03/05 11:25:25 Order 17 finish Reduce
2024/03/05 11:25:26 Coordinator work
2024/03/05 11:25:26 Coordinator status 1
2024/03/05 11:25:26 Map: 8 done vs. 0 working, Reduce 10 done vs. 0 working
2024/03/05 11:25:26 forward: forward to done phase
2024/03/05 11:25:26 Coordinator work
2024/03/05 11:25:26 Coordinator status 2
