2024/03/05 03:25:01 making map order &{0 [../pg-being_ernest.txt] 0 10}
2024/03/05 03:25:01 making map order &{0 [../pg-dorian_gray.txt] 1 10}
2024/03/05 03:25:01 making map order &{0 [../pg-frankenstein.txt] 2 10}
2024/03/05 03:25:01 making map order &{0 [../pg-grimm.txt] 3 10}
2024/03/05 03:25:01 making map order &{0 [../pg-huckleberry_finn.txt] 4 10}
2024/03/05 03:25:01 making map order &{0 [../pg-metamorphosis.txt] 5 10}
2024/03/05 03:25:01 making map order &{0 [../pg-sherlock_holmes.txt] 6 10}
2024/03/05 03:25:01 making map order &{0 [../pg-tom_sawyer.txt] 7 10}
2024/03/05 03:25:01 done with make map order
2024/03/05 03:25:01 Map: 0 done vs. 8 working, Reduce 0 done vs. 0 working
2024/03/05 03:25:02 Coordinator work
2024/03/05 03:25:02 Coordinator status 0
2024/03/05 03:25:02 Coordinator work
2024/03/05 03:25:02 Coordinator status 0
2024/03/05 03:25:06 IsDone &{0 2024-03-05 03:25:02.451443659 +0800 CST m=+1.016395697 0xc0000722a0} true
2024/03/05 03:25:06 Order 0 finish Map
2024/03/05 03:25:06 IsDone &{0 2024-03-05 03:25:02.455309419 +0800 CST m=+1.020261454 0xc000072330} true
2024/03/05 03:25:06 Order 1 finish Map
2024/03/05 03:25:07 Coordinator work
2024/03/05 03:25:07 Coordinator status 0
2024/03/05 03:25:07 Coordinator work
2024/03/05 03:25:07 Coordinator status 0
2024/03/05 03:25:11 IsDone &{0 2024-03-05 03:25:07.544954746 +0800 CST m=+6.109906779 0xc0000723c0} true
2024/03/05 03:25:11 Order 2 finish Map
2024/03/05 03:25:11 IsDone &{0 2024-03-05 03:25:07.563161214 +0800 CST m=+6.128113247 0xc000072450} true
2024/03/05 03:25:11 Order 3 finish Map
2024/03/05 03:25:12 Coordinator work
2024/03/05 03:25:12 Coordinator status 0
2024/03/05 03:25:12 Coordinator work
2024/03/05 03:25:12 Coordinator status 0
2024/03/05 03:25:16 IsDone &{0 2024-03-05 03:25:12.447616989 +0800 CST m=+11.012569021 0xc0000724e0} true
2024/03/05 03:25:16 Order 4 finish Map
2024/03/05 03:25:16 IsDone &{0 2024-03-05 03:25:12.467336566 +0800 CST m=+11.032288603 0xc000072570} true
2024/03/05 03:25:16 Order 5 finish Map
2024/03/05 03:25:17 Coordinator work
2024/03/05 03:25:17 Coordinator status 0
2024/03/05 03:25:17 Coordinator work
2024/03/05 03:25:17 Coordinator status 0
2024/03/05 03:25:19 IsDone &{0 2024-03-05 03:25:17.324181098 +0800 CST m=+15.889133126 0xc000072690} true
2024/03/05 03:25:19 Order 7 finish Map
2024/03/05 03:25:19 IsDone &{0 2024-03-05 03:25:17.315547315 +0800 CST m=+15.880499345 0xc000072600} true
2024/03/05 03:25:19 Order 6 finish Map
2024/03/05 03:25:20 Coordinator work
2024/03/05 03:25:20 Coordinator status 0
2024/03/05 03:25:20 Map: 8 done vs. 0 working, Reduce 0 done vs. 0 working
2024/03/05 03:25:20 forward: forward to Reuce Phase
2024/03/05 03:25:20 making reduce order : 8
2024/03/05 03:25:20 making reduce order : 9
2024/03/05 03:25:20 making reduce order : 10
2024/03/05 03:25:20 making reduce order : 11
2024/03/05 03:25:20 making reduce order : 12
2024/03/05 03:25:20 making reduce order : 13
2024/03/05 03:25:20 Coordinator work
2024/03/05 03:25:20 making reduce order : 14
2024/03/05 03:25:20 making reduce order : 15
2024/03/05 03:25:20 making reduce order : 16
2024/03/05 03:25:20 making reduce order : 17
2024/03/05 03:25:20 done with make reduce order
2024/03/05 03:25:20 Map: 8 done vs. 0 working, Reduce 0 done vs. 10 working
2024/03/05 03:25:20 Coordinator status 1
2024/03/05 03:25:20 Order 8 finish Reduce
2024/03/05 03:25:21 Coordinator work
2024/03/05 03:25:21 Coordinator status 1
2024/03/05 03:25:21 Order 9 finish Reduce
2024/03/05 03:25:22 Coordinator work
2024/03/05 03:25:22 Coordinator status 1
2024/03/05 03:25:22 Order 10 finish Reduce
2024/03/05 03:25:22 Coordinator work
2024/03/05 03:25:22 Coordinator status 1
2024/03/05 03:25:22 Order 11 finish Reduce
2024/03/05 03:25:23 Coordinator work
2024/03/05 03:25:23 Coordinator status 1
2024/03/05 03:25:23 Order 12 finish Reduce
2024/03/05 03:25:23 Coordinator work
2024/03/05 03:25:23 Coordinator status 1
2024/03/05 03:25:23 Order 13 finish Reduce
2024/03/05 03:25:24 Coordinator work
2024/03/05 03:25:24 Coordinator status 1
2024/03/05 03:25:24 Order 14 finish Reduce
2024/03/05 03:25:24 Coordinator work
2024/03/05 03:25:24 Coordinator status 1
2024/03/05 03:25:24 Order 15 finish Reduce
2024/03/05 03:25:25 Coordinator work
2024/03/05 03:25:25 Coordinator status 1
2024/03/05 03:25:25 Order 16 finish Reduce
2024/03/05 03:25:25 Coordinator work
2024/03/05 03:25:25 Coordinator status 1
2024/03/05 03:25:25 Order 17 finish Reduce
2024/03/05 03:25:26 Coordinator work
2024/03/05 03:25:26 Coordinator status 1
2024/03/05 03:25:26 Map: 8 done vs. 0 working, Reduce 10 done vs. 0 working
2024/03/05 03:25:26 forward: forward to done phase
2024/03/05 03:25:26 Coordinator work
2024/03/05 03:25:26 Coordinator status 2
