2024/03/05 00:50:53 making map order &{0 [../pg-being_ernest.txt] 0 10}
2024/03/05 00:50:53 making map order &{0 [../pg-dorian_gray.txt] 1 10}
2024/03/05 00:50:53 making map order &{0 [../pg-frankenstein.txt] 2 10}
2024/03/05 00:50:53 making map order &{0 [../pg-grimm.txt] 3 10}
2024/03/05 00:50:53 making map order &{0 [../pg-huckleberry_finn.txt] 4 10}
2024/03/05 00:50:53 making map order &{0 [../pg-metamorphosis.txt] 5 10}
2024/03/05 00:50:53 making map order &{0 [../pg-sherlock_holmes.txt] 6 10}
2024/03/05 00:50:53 making map order &{0 [../pg-tom_sawyer.txt] 7 10}
2024/03/05 00:50:53 done with make map order
2024/03/05 00:50:53 Map: 0 done vs. 8 working, Reduce 0 done vs. 0 working
2024/03/05 00:50:54 Coordinator work
2024/03/05 00:50:54 Coordinator status 0
2024/03/05 00:50:54 Coordinator work
2024/03/05 00:50:54 Coordinator status 0
2024/03/05 00:50:54 IsDone &{0 2024-03-05 00:50:54.548053815 +0800 CST m=+1.021225059 0xc000074420} true
2024/03/05 00:50:54 Order 0 finish Map
2024/03/05 00:50:54 IsDone &{0 2024-03-05 00:50:54.55556919 +0800 CST m=+1.028740438 0xc0000744b0} true
2024/03/05 00:50:54 Order 1 finish Map
2024/03/05 00:50:55 Coordinator work
2024/03/05 00:50:55 Coordinator status 0
2024/03/05 00:50:55 Coordinator work
2024/03/05 00:50:55 Coordinator status 0
2024/03/05 00:50:55 IsDone &{0 2024-03-05 00:50:55.560227318 +0800 CST m=+2.033398564 0xc000074540} true
2024/03/05 00:50:55 Order 2 finish Map
2024/03/05 00:50:55 IsDone &{0 2024-03-05 00:50:55.5753254 +0800 CST m=+2.048496647 0xc0000745d0} true
2024/03/05 00:50:55 Order 3 finish Map
2024/03/05 00:50:56 Coordinator work
2024/03/05 00:50:56 Coordinator status 0
2024/03/05 00:50:56 Coordinator work
2024/03/05 00:50:56 Coordinator status 0
2024/03/05 00:50:56 IsDone &{0 2024-03-05 00:50:56.601905291 +0800 CST m=+3.075076532 0xc0000746f0} true
2024/03/05 00:50:56 Order 5 finish Map
2024/03/05 00:50:56 IsDone &{0 2024-03-05 00:50:56.588677442 +0800 CST m=+3.061848690 0xc000074660} true
2024/03/05 00:50:56 Order 4 finish Map
2024/03/05 00:50:57 Coordinator work
2024/03/05 00:50:57 Coordinator status 0
2024/03/05 00:50:57 Coordinator work
2024/03/05 00:50:57 Coordinator status 0
2024/03/05 00:50:57 IsDone &{0 2024-03-05 00:50:57.61193179 +0800 CST m=+4.085103030 0xc000074780} true
2024/03/05 00:50:57 Order 6 finish Map
2024/03/05 00:50:57 IsDone &{0 2024-03-05 00:50:57.624605514 +0800 CST m=+4.097776756 0xc000074810} true
2024/03/05 00:50:57 Order 7 finish Map
2024/03/05 00:50:58 Coordinator work
2024/03/05 00:50:58 Coordinator status 0
2024/03/05 00:50:58 Map: 8 done vs. 0 working, Reduce 0 done vs. 0 working
2024/03/05 00:50:58 forward: forward to Reuce Phase
2024/03/05 00:50:58 making reduce order : 8
2024/03/05 00:50:58 making reduce order : 9
2024/03/05 00:50:58 making reduce order : 10
2024/03/05 00:50:58 making reduce order : 11
2024/03/05 00:50:58 making reduce order : 12
2024/03/05 00:50:58 making reduce order : 13
2024/03/05 00:50:58 making reduce order : 14
2024/03/05 00:50:58 making reduce order : 15
2024/03/05 00:50:58 Coordinator work
2024/03/05 00:50:58 making reduce order : 16
2024/03/05 00:50:58 making reduce order : 17
2024/03/05 00:50:58 done with make reduce order
2024/03/05 00:50:58 Map: 8 done vs. 0 working, Reduce 0 done vs. 10 working
2024/03/05 00:50:58 Coordinator status 1
2024/03/05 00:50:59 Order 8 finish Reduce
2024/03/05 00:51:00 Coordinator work
2024/03/05 00:51:00 Coordinator status 1
2024/03/05 00:51:00 Coordinator work
2024/03/05 00:51:00 Coordinator status 1
2024/03/05 00:51:01 Order 10 finish Reduce
2024/03/05 00:51:01 Order 9 finish Reduce
2024/03/05 00:51:02 Coordinator work
2024/03/05 00:51:02 Coordinator status 1
2024/03/05 00:51:02 Coordinator work
2024/03/05 00:51:02 Coordinator status 1
2024/03/05 00:51:04 Order 11 finish Reduce
2024/03/05 00:51:04 Order 12 finish Reduce
2024/03/05 00:51:05 Coordinator work
2024/03/05 00:51:05 Coordinator status 1
2024/03/05 00:51:05 Coordinator work
2024/03/05 00:51:05 Coordinator status 1
2024/03/05 00:51:06 Order 13 finish Reduce
2024/03/05 00:51:06 Order 14 finish Reduce
2024/03/05 00:51:07 Coordinator work
2024/03/05 00:51:07 Coordinator status 1
2024/03/05 00:51:07 Order 15 finish Reduce
2024/03/05 00:51:07 Coordinator work
2024/03/05 00:51:07 Coordinator status 1
2024/03/05 00:51:07 Order 16 finish Reduce
2024/03/05 00:51:08 Coordinator work
2024/03/05 00:51:08 Coordinator status 1
2024/03/05 00:51:08 Coordinator work
2024/03/05 00:51:08 Coordinator status 1
2024/03/05 00:51:08 Map: 8 done vs. 0 working, Reduce 9 done vs. 1 working
2024/03/05 00:51:09 Order 17 finish Reduce
2024/03/05 00:51:10 Coordinator work
2024/03/05 00:51:10 Coordinator status 1
2024/03/05 00:51:10 Map: 8 done vs. 0 working, Reduce 10 done vs. 0 working
2024/03/05 00:51:10 forward: forward to done phase
2024/03/05 00:51:10 Coordinator work
2024/03/05 00:51:10 Coordinator status 2
