2024/03/05 05:23:48 making map order &{0 [../pg-being_ernest.txt] 0 10}
2024/03/05 05:23:48 making map order &{0 [../pg-dorian_gray.txt] 1 10}
2024/03/05 05:23:48 making map order &{0 [../pg-frankenstein.txt] 2 10}
2024/03/05 05:23:48 making map order &{0 [../pg-grimm.txt] 3 10}
2024/03/05 05:23:48 making map order &{0 [../pg-huckleberry_finn.txt] 4 10}
2024/03/05 05:23:48 making map order &{0 [../pg-metamorphosis.txt] 5 10}
2024/03/05 05:23:48 making map order &{0 [../pg-sherlock_holmes.txt] 6 10}
2024/03/05 05:23:48 making map order &{0 [../pg-tom_sawyer.txt] 7 10}
2024/03/05 05:23:48 done with make map order
2024/03/05 05:23:48 Map: 0 done vs. 8 working, Reduce 0 done vs. 0 working
2024/03/05 05:23:49 Coordinator work
2024/03/05 05:23:49 Coordinator status 0
2024/03/05 05:23:49 Coordinator work
2024/03/05 05:23:49 Coordinator status 0
2024/03/05 05:23:49 IsDone &{0 2024-03-05 05:23:49.255013365 +0800 CST m=+1.026907673 0xc00009df50} true
2024/03/05 05:23:49 Order 0 finish Map
2024/03/05 05:23:49 Coordinator work
2024/03/05 05:23:49 Coordinator status 0
2024/03/05 05:23:49 IsDone &{0 2024-03-05 05:23:49.261388228 +0800 CST m=+1.033282539 0xc00011a000} true
2024/03/05 05:23:49 Order 1 finish Map
2024/03/05 05:23:49 IsDone &{0 2024-03-05 05:23:49.28036889 +0800 CST m=+1.052263194 0xc00011a090} true
2024/03/05 05:23:49 Order 2 finish Map
2024/03/05 05:23:50 Coordinator work
2024/03/05 05:23:50 Coordinator status 0
2024/03/05 05:23:50 Coordinator work
2024/03/05 05:23:50 Coordinator status 0
2024/03/05 05:23:50 IsDone &{0 2024-03-05 05:23:50.270215085 +0800 CST m=+2.042109395 0xc00011a120} true
2024/03/05 05:23:50 Order 3 finish Map
2024/03/05 05:23:50 Coordinator work
2024/03/05 05:23:50 Coordinator status 0
2024/03/05 05:23:50 IsDone &{0 2024-03-05 05:23:50.289704392 +0800 CST m=+2.061598704 0xc00011a1b0} true
2024/03/05 05:23:50 Order 4 finish Map
2024/03/05 05:23:50 IsDone &{0 2024-03-05 05:23:50.296504841 +0800 CST m=+2.068399158 0xc00011a240} true
2024/03/05 05:23:50 Order 5 finish Map
2024/03/05 05:23:51 Coordinator work
2024/03/05 05:23:51 Coordinator status 0
2024/03/05 05:23:51 IsDone &{0 2024-03-05 05:23:51.296219336 +0800 CST m=+3.068113648 0xc00011a2d0} true
2024/03/05 05:23:51 Order 6 finish Map
2024/03/05 05:23:51 Coordinator work
2024/03/05 05:23:51 Coordinator status 0
2024/03/05 05:23:51 Coordinator work
2024/03/05 05:23:51 Coordinator status 0
2024/03/05 05:23:51 Map: 7 done vs. 1 working, Reduce 0 done vs. 0 working
2024/03/05 05:23:51 IsDone &{0 2024-03-05 05:23:51.318665268 +0800 CST m=+3.090559576 0xc00011a360} true
2024/03/05 05:23:51 Order 7 finish Map
2024/03/05 05:23:52 Coordinator work
2024/03/05 05:23:52 Coordinator status 0
2024/03/05 05:23:52 Map: 8 done vs. 0 working, Reduce 0 done vs. 0 working
2024/03/05 05:23:52 forward: forward to Reuce Phase
2024/03/05 05:23:52 making reduce order : 8
2024/03/05 05:23:52 making reduce order : 9
2024/03/05 05:23:52 making reduce order : 10
2024/03/05 05:23:52 making reduce order : 11
2024/03/05 05:23:52 making reduce order : 12
2024/03/05 05:23:52 making reduce order : 13
2024/03/05 05:23:52 making reduce order : 14
2024/03/05 05:23:52 making reduce order : 15
2024/03/05 05:23:52 making reduce order : 16
2024/03/05 05:23:52 making reduce order : 17
2024/03/05 05:23:52 done with make reduce order
2024/03/05 05:23:52 Map: 8 done vs. 0 working, Reduce 0 done vs. 10 working
2024/03/05 05:23:52 Coordinator work
2024/03/05 05:23:52 Coordinator status 1
2024/03/05 05:23:52 Order 8 finish Reduce
2024/03/05 05:23:53 Coordinator work
2024/03/05 05:23:53 Coordinator status 1
2024/03/05 05:23:53 Order 9 finish Reduce
2024/03/05 05:23:53 Coordinator work
2024/03/05 05:23:53 Coordinator status 1
2024/03/05 05:23:54 Coordinator work
2024/03/05 05:23:54 Coordinator status 1
2024/03/05 05:23:54 Order 11 finish Reduce
2024/03/05 05:23:54 Coordinator work
2024/03/05 05:23:54 Coordinator status 1
2024/03/05 05:23:54 Order 12 finish Reduce
2024/03/05 05:23:55 Coordinator work
2024/03/05 05:23:55 Coordinator status 1
2024/03/05 05:23:55 Order 13 finish Reduce
2024/03/05 05:23:55 Coordinator work
2024/03/05 05:23:55 Coordinator status 1
2024/03/05 05:23:56 Coordinator work
2024/03/05 05:23:56 Coordinator status 1
2024/03/05 05:23:56 Order 15 finish Reduce
2024/03/05 05:23:56 Order 10 finish Reduce
2024/03/05 05:23:57 Coordinator work
2024/03/05 05:23:57 Coordinator status 1
2024/03/05 05:23:57 Order 16 finish Reduce
2024/03/05 05:23:57 Coordinator work
2024/03/05 05:23:57 Coordinator status 1
2024/03/05 05:23:57 Order 17 finish Reduce
2024/03/05 05:23:58 Order 14 finish Reduce
2024/03/05 05:23:58 Coordinator work
2024/03/05 05:23:58 Coordinator status 1
2024/03/05 05:23:58 Map: 8 done vs. 0 working, Reduce 10 done vs. 0 working
2024/03/05 05:23:58 forward: forward to done phase
2024/03/05 05:23:58 Coordinator work
2024/03/05 05:23:58 Coordinator status 2
2024/03/05 05:23:59 Coordinator work
2024/03/05 05:23:59 Coordinator status 2
