2024/03/05 05:26:07 making map order &{0 [../pg-being_ernest.txt] 0 10}
2024/03/05 05:26:07 making map order &{0 [../pg-dorian_gray.txt] 1 10}
2024/03/05 05:26:07 making map order &{0 [../pg-frankenstein.txt] 2 10}
2024/03/05 05:26:07 making map order &{0 [../pg-grimm.txt] 3 10}
2024/03/05 05:26:07 making map order &{0 [../pg-huckleberry_finn.txt] 4 10}
2024/03/05 05:26:07 making map order &{0 [../pg-metamorphosis.txt] 5 10}
2024/03/05 05:26:07 making map order &{0 [../pg-sherlock_holmes.txt] 6 10}
2024/03/05 05:26:07 making map order &{0 [../pg-tom_sawyer.txt] 7 10}
2024/03/05 05:26:07 done with make map order
2024/03/05 05:26:07 Map: 0 done vs. 8 working, Reduce 0 done vs. 0 working
2024/03/05 05:26:08 Coordinator work
2024/03/05 05:26:08 Coordinator status 0
2024/03/05 05:26:08 Coordinator work
2024/03/05 05:26:08 Coordinator status 0
2024/03/05 05:26:12 IsDone &{0 2024-03-05 05:26:08.059257265 +0800 CST m=+1.018078763 0xc00009de00} true
2024/03/05 05:26:12 Order 0 finish Map
2024/03/05 05:26:12 IsDone &{0 2024-03-05 05:26:08.060901557 +0800 CST m=+1.019723058 0xc00009de90} true
2024/03/05 05:26:12 Order 1 finish Map
2024/03/05 05:26:13 Coordinator work
2024/03/05 05:26:13 Coordinator status 0
2024/03/05 05:26:13 Coordinator work
2024/03/05 05:26:13 Coordinator status 0
2024/03/05 05:26:17 IsDone &{0 2024-03-05 05:26:13.149830807 +0800 CST m=+6.108652313 0xc00009df20} true
2024/03/05 05:26:17 Order 2 finish Map
2024/03/05 05:26:17 IsDone &{0 2024-03-05 05:26:13.163923901 +0800 CST m=+6.122745408 0xc00009dfb0} true
2024/03/05 05:26:17 Order 3 finish Map
2024/03/05 05:26:18 Coordinator work
2024/03/05 05:26:18 Coordinator status 0
2024/03/05 05:26:18 Coordinator work
2024/03/05 05:26:18 Coordinator status 0
2024/03/05 05:26:21 IsDone &{0 2024-03-05 05:26:18.068441988 +0800 CST m=+11.027263499 0xc00011a0f0} true
2024/03/05 05:26:21 Order 5 finish Map
2024/03/05 05:26:21 IsDone &{0 2024-03-05 05:26:18.053844005 +0800 CST m=+11.012665511 0xc00011a060} true
2024/03/05 05:26:21 Order 4 finish Map
2024/03/05 05:26:22 Coordinator work
2024/03/05 05:26:22 Coordinator status 0
2024/03/05 05:26:22 Coordinator work
2024/03/05 05:26:22 Coordinator status 0
2024/03/05 05:26:24 IsDone &{0 2024-03-05 05:26:22.926233439 +0800 CST m=+15.885054947 0xc00011a210} true
2024/03/05 05:26:24 Order 7 finish Map
2024/03/05 05:26:25 IsDone &{0 2024-03-05 05:26:22.924821633 +0800 CST m=+15.883643134 0xc00011a180} true
2024/03/05 05:26:25 Order 6 finish Map
2024/03/05 05:26:26 Coordinator work
2024/03/05 05:26:26 Coordinator status 0
2024/03/05 05:26:26 Map: 8 done vs. 0 working, Reduce 0 done vs. 0 working
2024/03/05 05:26:26 forward: forward to Reuce Phase
2024/03/05 05:26:26 making reduce order : 8
2024/03/05 05:26:26 making reduce order : 9
2024/03/05 05:26:26 Coordinator work
2024/03/05 05:26:26 making reduce order : 10
2024/03/05 05:26:26 making reduce order : 11
2024/03/05 05:26:26 making reduce order : 12
2024/03/05 05:26:26 making reduce order : 13
2024/03/05 05:26:26 making reduce order : 14
2024/03/05 05:26:26 making reduce order : 15
2024/03/05 05:26:26 making reduce order : 16
2024/03/05 05:26:26 making reduce order : 17
2024/03/05 05:26:26 done with make reduce order
2024/03/05 05:26:26 Map: 8 done vs. 0 working, Reduce 0 done vs. 10 working
2024/03/05 05:26:26 Coordinator status 1
2024/03/05 05:26:26 Order 8 finish Reduce
2024/03/05 05:26:27 Coordinator work
2024/03/05 05:26:27 Coordinator status 1
2024/03/05 05:26:27 Order 9 finish Reduce
2024/03/05 05:26:28 Coordinator work
2024/03/05 05:26:28 Coordinator status 1
2024/03/05 05:26:28 Order 10 finish Reduce
2024/03/05 05:26:28 Coordinator work
2024/03/05 05:26:28 Coordinator status 1
2024/03/05 05:26:28 Order 11 finish Reduce
2024/03/05 05:26:29 Coordinator work
2024/03/05 05:26:29 Coordinator status 1
2024/03/05 05:26:29 Order 12 finish Reduce
2024/03/05 05:26:29 Coordinator work
2024/03/05 05:26:29 Coordinator status 1
2024/03/05 05:26:29 Order 13 finish Reduce
2024/03/05 05:26:30 Coordinator work
2024/03/05 05:26:30 Coordinator status 1
2024/03/05 05:26:30 Coordinator work
2024/03/05 05:26:30 Coordinator status 1
2024/03/05 05:26:30 Order 14 finish Reduce
2024/03/05 05:26:30 Order 15 finish Reduce
2024/03/05 05:26:31 Coordinator work
2024/03/05 05:26:31 Coordinator status 1
2024/03/05 05:26:31 Coordinator work
2024/03/05 05:26:31 Coordinator status 1
2024/03/05 05:26:31 Order 16 finish Reduce
2024/03/05 05:26:31 Order 17 finish Reduce
2024/03/05 05:26:32 Coordinator work
2024/03/05 05:26:32 Coordinator status 1
2024/03/05 05:26:32 Map: 8 done vs. 0 working, Reduce 10 done vs. 0 working
2024/03/05 05:26:32 forward: forward to done phase
2024/03/05 05:26:32 Coordinator work
2024/03/05 05:26:32 Coordinator status 2
