2024/03/05 10:37:35 making map order &{0 [../pg-being_ernest.txt] 0 10}
2024/03/05 10:37:35 making map order &{0 [../pg-dorian_gray.txt] 1 10}
2024/03/05 10:37:35 making map order &{0 [../pg-frankenstein.txt] 2 10}
2024/03/05 10:37:35 making map order &{0 [../pg-grimm.txt] 3 10}
2024/03/05 10:37:35 making map order &{0 [../pg-huckleberry_finn.txt] 4 10}
2024/03/05 10:37:35 making map order &{0 [../pg-metamorphosis.txt] 5 10}
2024/03/05 10:37:35 making map order &{0 [../pg-sherlock_holmes.txt] 6 10}
2024/03/05 10:37:35 making map order &{0 [../pg-tom_sawyer.txt] 7 10}
2024/03/05 10:37:35 done with make map order
2024/03/05 10:37:35 Map: 0 done vs. 8 working, Reduce 0 done vs. 0 working
2024/03/05 10:37:36 Coordinator work
2024/03/05 10:37:36 Coordinator status 0
2024/03/05 10:37:36 Coordinator work
2024/03/05 10:37:36 Coordinator status 0
2024/03/05 10:37:37 IsDone &{0 2024-03-05 10:37:36.013077101 +0800 CST m=+1.015727977 0xc000072210} true
2024/03/05 10:37:37 Order 0 finish Map
2024/03/05 10:37:37 IsDone &{0 2024-03-05 10:37:36.017193655 +0800 CST m=+1.019844523 0xc0000722a0} true
2024/03/05 10:37:37 Order 1 finish Map
2024/03/05 10:37:38 Coordinator work
2024/03/05 10:37:38 Coordinator status 0
2024/03/05 10:37:38 Coordinator work
2024/03/05 10:37:38 Coordinator status 0
2024/03/05 10:37:39 IsDone &{0 2024-03-05 10:37:38.023138397 +0800 CST m=+3.025789270 0xc000072330} true
2024/03/05 10:37:39 Order 2 finish Map
2024/03/05 10:37:39 IsDone &{0 2024-03-05 10:37:38.034960613 +0800 CST m=+3.037611481 0xc0000723c0} true
2024/03/05 10:37:39 Order 3 finish Map
2024/03/05 10:37:40 Coordinator work
2024/03/05 10:37:40 Coordinator status 0
2024/03/05 10:37:40 Coordinator work
2024/03/05 10:37:40 Coordinator status 0
2024/03/05 10:37:41 IsDone &{0 2024-03-05 10:37:40.051795113 +0800 CST m=+5.054445986 0xc0000724e0} true
2024/03/05 10:37:41 Order 5 finish Map
2024/03/05 10:37:41 IsDone &{0 2024-03-05 10:37:40.047600176 +0800 CST m=+5.050251047 0xc000072450} true
2024/03/05 10:37:41 Order 4 finish Map
2024/03/05 10:37:42 Coordinator work
2024/03/05 10:37:42 Coordinator status 0
2024/03/05 10:37:42 Coordinator work
2024/03/05 10:37:42 Coordinator status 0
2024/03/05 10:37:43 IsDone &{0 2024-03-05 10:37:42.06170908 +0800 CST m=+7.064359952 0xc000072570} true
2024/03/05 10:37:43 Order 6 finish Map
2024/03/05 10:37:43 IsDone &{0 2024-03-05 10:37:42.076277427 +0800 CST m=+7.078928296 0xc000072600} true
2024/03/05 10:37:43 Order 7 finish Map
2024/03/05 10:37:44 Coordinator work
2024/03/05 10:37:44 Coordinator status 0
2024/03/05 10:37:44 Map: 8 done vs. 0 working, Reduce 0 done vs. 0 working
2024/03/05 10:37:44 forward: forward to Reuce Phase
2024/03/05 10:37:44 making reduce order : 8
2024/03/05 10:37:44 making reduce order : 9
2024/03/05 10:37:44 making reduce order : 10
2024/03/05 10:37:44 making reduce order : 11
2024/03/05 10:37:44 making reduce order : 12
2024/03/05 10:37:44 making reduce order : 13
2024/03/05 10:37:44 making reduce order : 14
2024/03/05 10:37:44 making reduce order : 15
2024/03/05 10:37:44 making reduce order : 16
2024/03/05 10:37:44 making reduce order : 17
2024/03/05 10:37:44 done with make reduce order
2024/03/05 10:37:44 Map: 8 done vs. 0 working, Reduce 0 done vs. 10 working
2024/03/05 10:37:44 Coordinator work
2024/03/05 10:37:44 Coordinator status 1
2024/03/05 10:37:44 Order 8 finish Reduce
2024/03/05 10:37:45 Coordinator work
2024/03/05 10:37:45 Coordinator status 1
2024/03/05 10:37:45 Order 9 finish Reduce
2024/03/05 10:37:46 Coordinator work
2024/03/05 10:37:46 Coordinator status 1
2024/03/05 10:37:46 Order 10 finish Reduce
2024/03/05 10:37:46 Coordinator work
2024/03/05 10:37:46 Coordinator status 1
2024/03/05 10:37:46 Order 11 finish Reduce
2024/03/05 10:37:47 Coordinator work
2024/03/05 10:37:47 Coordinator status 1
2024/03/05 10:37:47 Order 12 finish Reduce
2024/03/05 10:37:47 Coordinator work
2024/03/05 10:37:47 Coordinator status 1
2024/03/05 10:37:47 Order 13 finish Reduce
2024/03/05 10:37:48 Coordinator work
2024/03/05 10:37:48 Coordinator status 1
2024/03/05 10:37:48 Order 14 finish Reduce
2024/03/05 10:37:48 Coordinator work
2024/03/05 10:37:48 Coordinator status 1
2024/03/05 10:37:48 Order 15 finish Reduce
2024/03/05 10:37:49 Coordinator work
2024/03/05 10:37:49 Coordinator status 1
2024/03/05 10:37:49 Order 16 finish Reduce
2024/03/05 10:37:49 Coordinator work
2024/03/05 10:37:49 Coordinator status 1
2024/03/05 10:37:49 Order 17 finish Reduce
2024/03/05 10:37:50 Coordinator work
2024/03/05 10:37:50 Coordinator status 1
2024/03/05 10:37:50 Map: 8 done vs. 0 working, Reduce 10 done vs. 0 working
2024/03/05 10:37:50 forward: forward to done phase
2024/03/05 10:37:50 Coordinator work
2024/03/05 10:37:50 Coordinator status 2
