2024/03/05 13:51:35 making map order &{0 [../pg-being_ernest.txt] 0 10}
2024/03/05 13:51:35 making map order &{0 [../pg-dorian_gray.txt] 1 10}
2024/03/05 13:51:35 making map order &{0 [../pg-frankenstein.txt] 2 10}
2024/03/05 13:51:35 making map order &{0 [../pg-grimm.txt] 3 10}
2024/03/05 13:51:35 making map order &{0 [../pg-huckleberry_finn.txt] 4 10}
2024/03/05 13:51:35 making map order &{0 [../pg-metamorphosis.txt] 5 10}
2024/03/05 13:51:35 making map order &{0 [../pg-sherlock_holmes.txt] 6 10}
2024/03/05 13:51:35 making map order &{0 [../pg-tom_sawyer.txt] 7 10}
2024/03/05 13:51:35 done with make map order
2024/03/05 13:51:35 Map: 0 done vs. 8 working, Reduce 0 done vs. 0 working
2024/03/05 13:51:36 Coordinator work
2024/03/05 13:51:36 Coordinator status 0
2024/03/05 13:51:36 Coordinator work
2024/03/05 13:51:36 Coordinator status 0
2024/03/05 13:51:40 IsDone &{0 2024-03-05 13:51:36.286673267 +0800 CST m=+1.054821391 0xc0000a3e00} true
2024/03/05 13:51:40 Order 0 finish Map
2024/03/05 13:51:40 IsDone &{0 2024-03-05 13:51:36.289065187 +0800 CST m=+1.057213316 0xc0000a3e90} true
2024/03/05 13:51:40 Order 1 finish Map
2024/03/05 13:51:41 Coordinator work
2024/03/05 13:51:41 Coordinator status 0
2024/03/05 13:51:41 Coordinator work
2024/03/05 13:51:41 Coordinator status 0
2024/03/05 13:51:45 IsDone &{0 2024-03-05 13:51:41.389478596 +0800 CST m=+6.157626726 0xc0000a3f20} true
2024/03/05 13:51:45 Order 2 finish Map
2024/03/05 13:51:45 IsDone &{0 2024-03-05 13:51:41.39360553 +0800 CST m=+6.161753660 0xc0000a3fb0} true
2024/03/05 13:51:45 Order 3 finish Map
2024/03/05 13:51:46 Coordinator work
2024/03/05 13:51:46 Coordinator status 0
2024/03/05 13:51:46 Coordinator work
2024/03/05 13:51:46 Coordinator status 0
2024/03/05 13:51:50 IsDone &{0 2024-03-05 13:51:46.30201032 +0800 CST m=+11.070158445 0xc00011a0f0} true
2024/03/05 13:51:50 Order 5 finish Map
2024/03/05 13:51:50 IsDone &{0 2024-03-05 13:51:46.29259926 +0800 CST m=+11.060747384 0xc00011a060} true
2024/03/05 13:51:50 Order 4 finish Map
2024/03/05 13:51:51 Coordinator work
2024/03/05 13:51:51 Coordinator status 0
2024/03/05 13:51:51 Coordinator work
2024/03/05 13:51:51 Coordinator status 0
2024/03/05 13:51:53 IsDone &{0 2024-03-05 13:51:51.165229821 +0800 CST m=+15.933377951 0xc00011a210} true
2024/03/05 13:51:53 Order 7 finish Map
2024/03/05 13:51:53 IsDone &{0 2024-03-05 13:51:51.162163073 +0800 CST m=+15.930311201 0xc00011a180} true
2024/03/05 13:51:53 Order 6 finish Map
2024/03/05 13:51:54 Coordinator work
2024/03/05 13:51:54 Coordinator status 0
2024/03/05 13:51:54 Map: 8 done vs. 0 working, Reduce 0 done vs. 0 working
2024/03/05 13:51:54 forward: forward to Reuce Phase
2024/03/05 13:51:54 making reduce order : 8
2024/03/05 13:51:54 making reduce order : 9
2024/03/05 13:51:54 Coordinator work
2024/03/05 13:51:54 making reduce order : 10
2024/03/05 13:51:54 making reduce order : 11
2024/03/05 13:51:54 making reduce order : 12
2024/03/05 13:51:54 making reduce order : 13
2024/03/05 13:51:54 making reduce order : 14
2024/03/05 13:51:54 making reduce order : 15
2024/03/05 13:51:54 making reduce order : 16
2024/03/05 13:51:54 making reduce order : 17
2024/03/05 13:51:54 done with make reduce order
2024/03/05 13:51:54 Map: 8 done vs. 0 working, Reduce 0 done vs. 10 working
2024/03/05 13:51:54 Coordinator status 1
2024/03/05 13:51:54 Order 8 finish Reduce
2024/03/05 13:51:55 Coordinator work
2024/03/05 13:51:55 Coordinator status 1
2024/03/05 13:51:55 Order 9 finish Reduce
2024/03/05 13:51:56 Coordinator work
2024/03/05 13:51:56 Coordinator status 1
2024/03/05 13:51:56 Coordinator work
2024/03/05 13:51:56 Coordinator status 1
2024/03/05 13:51:56 Order 11 finish Reduce
2024/03/05 13:51:56 Order 10 finish Reduce
2024/03/05 13:51:57 Coordinator work
2024/03/05 13:51:57 Coordinator status 1
2024/03/05 13:51:57 Coordinator work
2024/03/05 13:51:57 Coordinator status 1
2024/03/05 13:51:57 Order 12 finish Reduce
2024/03/05 13:51:57 Order 13 finish Reduce
2024/03/05 13:51:58 Coordinator work
2024/03/05 13:51:58 Coordinator status 1
2024/03/05 13:51:58 Coordinator work
2024/03/05 13:51:58 Coordinator status 1
2024/03/05 13:51:58 Order 14 finish Reduce
2024/03/05 13:51:58 Order 15 finish Reduce
2024/03/05 13:51:59 Coordinator work
2024/03/05 13:51:59 Coordinator status 1
2024/03/05 13:51:59 Order 16 finish Reduce
2024/03/05 13:51:59 Coordinator work
2024/03/05 13:51:59 Coordinator status 1
2024/03/05 13:51:59 Order 17 finish Reduce
2024/03/05 13:52:00 Coordinator work
2024/03/05 13:52:00 Coordinator status 1
2024/03/05 13:52:00 Map: 8 done vs. 0 working, Reduce 10 done vs. 0 working
2024/03/05 13:52:00 forward: forward to done phase
2024/03/05 13:52:00 Coordinator work
2024/03/05 13:52:00 Coordinator status 2
