2024/03/05 08:45:28 making map order &{0 [../pg-being_ernest.txt] 0 10}
2024/03/05 08:45:28 making map order &{0 [../pg-dorian_gray.txt] 1 10}
2024/03/05 08:45:28 making map order &{0 [../pg-frankenstein.txt] 2 10}
2024/03/05 08:45:28 making map order &{0 [../pg-grimm.txt] 3 10}
2024/03/05 08:45:28 making map order &{0 [../pg-huckleberry_finn.txt] 4 10}
2024/03/05 08:45:28 making map order &{0 [../pg-metamorphosis.txt] 5 10}
2024/03/05 08:45:28 making map order &{0 [../pg-sherlock_holmes.txt] 6 10}
2024/03/05 08:45:28 making map order &{0 [../pg-tom_sawyer.txt] 7 10}
2024/03/05 08:45:28 done with make map order
2024/03/05 08:45:28 Map: 0 done vs. 8 working, Reduce 0 done vs. 0 working
2024/03/05 08:45:29 Coordinator work
2024/03/05 08:45:29 Coordinator status 0
2024/03/05 08:45:29 Coordinator work
2024/03/05 08:45:29 Coordinator status 0
2024/03/05 08:45:29 IsDone &{0 2024-03-05 08:45:29.74361528 +0800 CST m=+1.014350100 0xc000074540} true
2024/03/05 08:45:29 Order 0 finish Map
2024/03/05 08:45:29 IsDone &{0 2024-03-05 08:45:29.750276132 +0800 CST m=+1.021010951 0xc0000745d0} true
2024/03/05 08:45:29 Order 1 finish Map
2024/03/05 08:45:30 Coordinator work
2024/03/05 08:45:30 Coordinator status 0
2024/03/05 08:45:30 Coordinator work
2024/03/05 08:45:30 Coordinator status 0
2024/03/05 08:45:31 IsDone &{0 2024-03-05 08:45:30.868995411 +0800 CST m=+2.139730231 0xc000074660} true
2024/03/05 08:45:31 Order 2 finish Map
2024/03/05 08:45:31 IsDone &{0 2024-03-05 08:45:30.957385921 +0800 CST m=+2.228120741 0xc0000746f0} true
2024/03/05 08:45:31 Order 3 finish Map
2024/03/05 08:45:32 Coordinator work
2024/03/05 08:45:32 Coordinator status 0
2024/03/05 08:45:32 Coordinator work
2024/03/05 08:45:32 Coordinator status 0
2024/03/05 08:45:32 IsDone &{0 2024-03-05 08:45:32.16827723 +0800 CST m=+3.439012050 0xc000074810} true
2024/03/05 08:45:32 Order 5 finish Map
2024/03/05 08:45:32 IsDone &{0 2024-03-05 08:45:32.10973529 +0800 CST m=+3.380470110 0xc000074780} true
2024/03/05 08:45:32 Order 4 finish Map
2024/03/05 08:45:33 Coordinator work
2024/03/05 08:45:33 Coordinator status 0
2024/03/05 08:45:33 Coordinator work
2024/03/05 08:45:33 Coordinator status 0
2024/03/05 08:45:33 IsDone &{0 2024-03-05 08:45:33.265143963 +0800 CST m=+4.535878777 0xc0000748a0} true
2024/03/05 08:45:33 Order 6 finish Map
2024/03/05 08:45:33 IsDone &{0 2024-03-05 08:45:33.356563805 +0800 CST m=+4.627298625 0xc000074930} true
2024/03/05 08:45:33 Order 7 finish Map
2024/03/05 08:45:34 Coordinator work
2024/03/05 08:45:34 Coordinator status 0
2024/03/05 08:45:34 Map: 8 done vs. 0 working, Reduce 0 done vs. 0 working
2024/03/05 08:45:34 forward: forward to Reuce Phase
2024/03/05 08:45:34 making reduce order : 8
2024/03/05 08:45:34 making reduce order : 9
2024/03/05 08:45:34 making reduce order : 10
2024/03/05 08:45:34 making reduce order : 11
2024/03/05 08:45:34 making reduce order : 12
2024/03/05 08:45:34 making reduce order : 13
2024/03/05 08:45:34 making reduce order : 14
2024/03/05 08:45:34 making reduce order : 15
2024/03/05 08:45:34 making reduce order : 16
2024/03/05 08:45:34 making reduce order : 17
2024/03/05 08:45:34 done with make reduce order
2024/03/05 08:45:34 Map: 8 done vs. 0 working, Reduce 0 done vs. 10 working
2024/03/05 08:45:34 Coordinator work
2024/03/05 08:45:34 Coordinator status 1
2024/03/05 08:45:34 Order 8 finish Reduce
2024/03/05 08:45:35 Coordinator work
2024/03/05 08:45:35 Coordinator status 1
2024/03/05 08:45:35 Order 9 finish Reduce
2024/03/05 08:45:36 Coordinator work
2024/03/05 08:45:36 Coordinator status 1
2024/03/05 08:45:36 Order 10 finish Reduce
2024/03/05 08:45:36 Coordinator work
2024/03/05 08:45:36 Coordinator status 1
2024/03/05 08:45:36 Order 11 finish Reduce
2024/03/05 08:45:37 Coordinator work
2024/03/05 08:45:37 Coordinator status 1
2024/03/05 08:45:37 Order 12 finish Reduce
2024/03/05 08:45:37 Coordinator work
2024/03/05 08:45:37 Coordinator status 1
2024/03/05 08:45:38 Order 13 finish Reduce
2024/03/05 08:45:38 Coordinator work
2024/03/05 08:45:38 Coordinator status 1
2024/03/05 08:45:38 Order 14 finish Reduce
2024/03/05 08:45:39 Coordinator work
2024/03/05 08:45:39 Coordinator status 1
2024/03/05 08:45:39 Order 15 finish Reduce
2024/03/05 08:45:39 Coordinator work
2024/03/05 08:45:39 Coordinator status 1
2024/03/05 08:45:39 Order 16 finish Reduce
2024/03/05 08:45:40 Coordinator work
2024/03/05 08:45:40 Coordinator status 1
2024/03/05 08:45:40 Order 17 finish Reduce
2024/03/05 08:45:40 Coordinator work
2024/03/05 08:45:40 Coordinator status 1
2024/03/05 08:45:40 Map: 8 done vs. 0 working, Reduce 10 done vs. 0 working
2024/03/05 08:45:40 forward: forward to done phase
2024/03/05 08:45:41 Coordinator work
2024/03/05 08:45:41 Coordinator status 2
