2024/03/05 09:34:44 making map order &{0 [../pg-being_ernest.txt] 0 10}
2024/03/05 09:34:44 making map order &{0 [../pg-dorian_gray.txt] 1 10}
2024/03/05 09:34:44 making map order &{0 [../pg-frankenstein.txt] 2 10}
2024/03/05 09:34:44 making map order &{0 [../pg-grimm.txt] 3 10}
2024/03/05 09:34:44 making map order &{0 [../pg-huckleberry_finn.txt] 4 10}
2024/03/05 09:34:44 making map order &{0 [../pg-metamorphosis.txt] 5 10}
2024/03/05 09:34:44 making map order &{0 [../pg-sherlock_holmes.txt] 6 10}
2024/03/05 09:34:44 making map order &{0 [../pg-tom_sawyer.txt] 7 10}
2024/03/05 09:34:44 done with make map order
2024/03/05 09:34:44 Map: 0 done vs. 8 working, Reduce 0 done vs. 0 working
2024/03/05 09:34:45 Coordinator work
2024/03/05 09:34:45 Coordinator status 0
2024/03/05 09:34:45 Coordinator work
2024/03/05 09:34:45 Coordinator status 0
2024/03/05 09:34:46 IsDone &{0 2024-03-05 09:34:45.916403738 +0800 CST m=+1.016134843 0xc000074090} true
2024/03/05 09:34:46 Order 0 finish Map
2024/03/05 09:34:46 IsDone &{0 2024-03-05 09:34:45.923456283 +0800 CST m=+1.023187375 0xc000074120} true
2024/03/05 09:34:46 Order 1 finish Map
2024/03/05 09:34:47 Coordinator work
2024/03/05 09:34:47 Coordinator status 0
2024/03/05 09:34:47 Coordinator work
2024/03/05 09:34:47 Coordinator status 0
2024/03/05 09:34:48 IsDone &{0 2024-03-05 09:34:47.927181949 +0800 CST m=+3.026913044 0xc0000741b0} true
2024/03/05 09:34:48 Order 2 finish Map
2024/03/05 09:34:48 IsDone &{0 2024-03-05 09:34:47.942222021 +0800 CST m=+3.041953116 0xc000074240} true
2024/03/05 09:34:48 Order 3 finish Map
2024/03/05 09:34:49 Coordinator work
2024/03/05 09:34:49 Coordinator status 0
2024/03/05 09:34:49 Coordinator work
2024/03/05 09:34:49 Coordinator status 0
2024/03/05 09:34:50 IsDone &{0 2024-03-05 09:34:49.941726085 +0800 CST m=+5.041457182 0xc0000742d0} true
2024/03/05 09:34:50 Order 4 finish Map
2024/03/05 09:34:50 IsDone &{0 2024-03-05 09:34:49.957861914 +0800 CST m=+5.057593007 0xc000074360} true
2024/03/05 09:34:50 Order 5 finish Map
2024/03/05 09:34:51 Coordinator work
2024/03/05 09:34:51 Coordinator status 0
2024/03/05 09:34:51 Coordinator work
2024/03/05 09:34:51 Coordinator status 0
2024/03/05 09:34:52 IsDone &{0 2024-03-05 09:34:51.962238716 +0800 CST m=+7.061969812 0xc0000743f0} true
2024/03/05 09:34:52 Order 6 finish Map
2024/03/05 09:34:52 IsDone &{0 2024-03-05 09:34:51.967116144 +0800 CST m=+7.066847240 0xc000074480} true
2024/03/05 09:34:52 Order 7 finish Map
2024/03/05 09:34:53 Coordinator work
2024/03/05 09:34:53 Coordinator status 0
2024/03/05 09:34:53 Map: 8 done vs. 0 working, Reduce 0 done vs. 0 working
2024/03/05 09:34:53 forward: forward to Reuce Phase
2024/03/05 09:34:53 making reduce order : 8
2024/03/05 09:34:53 making reduce order : 9
2024/03/05 09:34:53 making reduce order : 10
2024/03/05 09:34:53 making reduce order : 11
2024/03/05 09:34:53 Coordinator work
2024/03/05 09:34:53 making reduce order : 12
2024/03/05 09:34:53 making reduce order : 13
2024/03/05 09:34:53 making reduce order : 14
2024/03/05 09:34:53 making reduce order : 15
2024/03/05 09:34:53 making reduce order : 16
2024/03/05 09:34:53 making reduce order : 17
2024/03/05 09:34:53 done with make reduce order
2024/03/05 09:34:53 Map: 8 done vs. 0 working, Reduce 0 done vs. 10 working
2024/03/05 09:34:53 Coordinator status 1
2024/03/05 09:34:53 Order 8 finish Reduce
2024/03/05 09:34:54 Coordinator work
2024/03/05 09:34:54 Coordinator status 1
2024/03/05 09:34:54 Order 9 finish Reduce
2024/03/05 09:34:55 Coordinator work
2024/03/05 09:34:55 Coordinator status 1
2024/03/05 09:34:55 Order 10 finish Reduce
2024/03/05 09:34:56 Coordinator work
2024/03/05 09:34:56 Coordinator status 1
2024/03/05 09:34:56 Order 11 finish Reduce
2024/03/05 09:34:57 Coordinator work
2024/03/05 09:34:57 Coordinator status 1
2024/03/05 09:34:57 Order 12 finish Reduce
2024/03/05 09:34:57 Coordinator work
2024/03/05 09:34:57 Coordinator status 1
2024/03/05 09:34:57 Order 13 finish Reduce
2024/03/05 09:34:58 Coordinator work
2024/03/05 09:34:58 Coordinator status 1
2024/03/05 09:34:58 Order 14 finish Reduce
2024/03/05 09:34:58 Coordinator work
2024/03/05 09:34:58 Coordinator status 1
2024/03/05 09:34:58 Order 15 finish Reduce
2024/03/05 09:34:59 Coordinator work
2024/03/05 09:34:59 Coordinator status 1
2024/03/05 09:34:59 Order 16 finish Reduce
2024/03/05 09:34:59 Coordinator work
2024/03/05 09:34:59 Coordinator status 1
2024/03/05 09:34:59 Order 17 finish Reduce
2024/03/05 09:35:00 Coordinator work
2024/03/05 09:35:00 Coordinator status 1
2024/03/05 09:35:00 Map: 8 done vs. 0 working, Reduce 10 done vs. 0 working
2024/03/05 09:35:00 forward: forward to done phase
2024/03/05 09:35:00 Coordinator work
2024/03/05 09:35:00 Coordinator status 2
