2024/03/05 08:19:41 making map order &{0 [../pg-being_ernest.txt] 0 10}
2024/03/05 08:19:41 making map order &{0 [../pg-dorian_gray.txt] 1 10}
2024/03/05 08:19:41 making map order &{0 [../pg-frankenstein.txt] 2 10}
2024/03/05 08:19:41 making map order &{0 [../pg-grimm.txt] 3 10}
2024/03/05 08:19:41 making map order &{0 [../pg-huckleberry_finn.txt] 4 10}
2024/03/05 08:19:41 making map order &{0 [../pg-metamorphosis.txt] 5 10}
2024/03/05 08:19:41 making map order &{0 [../pg-sherlock_holmes.txt] 6 10}
2024/03/05 08:19:41 making map order &{0 [../pg-tom_sawyer.txt] 7 10}
2024/03/05 08:19:41 done with make map order
2024/03/05 08:19:41 Map: 0 done vs. 8 working, Reduce 0 done vs. 0 working
2024/03/05 08:19:42 Coordinator work
2024/03/05 08:19:42 Coordinator status 0
2024/03/05 08:19:42 Coordinator work
2024/03/05 08:19:42 Coordinator status 0
2024/03/05 08:19:43 Coordinator work
2024/03/05 08:19:43 Coordinator status 0
2024/03/05 08:19:44 IsDone &{0 2024-03-05 08:19:42.973741728 +0800 CST m=+1.023113168 0xc000074360} true
2024/03/05 08:19:44 Order 0 finish Map
2024/03/05 08:19:45 Coordinator work
2024/03/05 08:19:45 Coordinator status 0
2024/03/05 08:19:45 IsDone &{0 2024-03-05 08:19:42.984677633 +0800 CST m=+1.034049092 0xc0000743f0} true
2024/03/05 08:19:45 Order 1 finish Map
2024/03/05 08:19:45 IsDone &{0 2024-03-05 08:19:43.004478397 +0800 CST m=+1.053849841 0xc000074480} true
2024/03/05 08:19:45 Order 2 finish Map
2024/03/05 08:19:46 Coordinator work
2024/03/05 08:19:46 Coordinator status 0
2024/03/05 08:19:46 Coordinator work
2024/03/05 08:19:46 Coordinator status 0
2024/03/05 08:19:47 IsDone &{0 2024-03-05 08:19:46.886443457 +0800 CST m=+4.935814898 0xc000074630} true
2024/03/05 08:19:47 Order 5 finish Map
2024/03/05 08:19:47 IsDone &{0 2024-03-05 08:19:45.201464262 +0800 CST m=+3.250835707 0xc000074510} true
2024/03/05 08:19:47 Order 3 finish Map
2024/03/05 08:19:48 IsDone &{0 2024-03-05 08:19:46.243221125 +0800 CST m=+4.292592573 0xc0000745a0} true
2024/03/05 08:19:48 Order 4 finish Map
2024/03/05 08:19:48 Coordinator work
2024/03/05 08:19:48 Coordinator status 0
2024/03/05 08:19:48 Coordinator work
2024/03/05 08:19:48 Coordinator status 0
2024/03/05 08:19:49 Coordinator work
2024/03/05 08:19:49 Coordinator status 0
2024/03/05 08:19:49 Map: 6 done vs. 2 working, Reduce 0 done vs. 0 working
2024/03/05 08:19:50 IsDone &{0 2024-03-05 08:19:48.707787133 +0800 CST m=+6.757158580 0xc000074750} true
2024/03/05 08:19:50 Order 7 finish Map
2024/03/05 08:19:50 IsDone &{0 2024-03-05 08:19:48.573952147 +0800 CST m=+6.623323584 0xc0000746c0} true
2024/03/05 08:19:50 Order 6 finish Map
2024/03/05 08:19:51 Coordinator work
2024/03/05 08:19:51 Coordinator status 0
2024/03/05 08:19:51 Map: 8 done vs. 0 working, Reduce 0 done vs. 0 working
2024/03/05 08:19:51 forward: forward to Reuce Phase
2024/03/05 08:19:51 making reduce order : 8
2024/03/05 08:19:51 making reduce order : 9
2024/03/05 08:19:51 making reduce order : 10
2024/03/05 08:19:51 making reduce order : 11
2024/03/05 08:19:51 making reduce order : 12
2024/03/05 08:19:51 making reduce order : 13
2024/03/05 08:19:51 making reduce order : 14
2024/03/05 08:19:51 making reduce order : 15
2024/03/05 08:19:51 making reduce order : 16
2024/03/05 08:19:51 making reduce order : 17
2024/03/05 08:19:51 done with make reduce order
2024/03/05 08:19:51 Map: 8 done vs. 0 working, Reduce 0 done vs. 10 working
2024/03/05 08:19:51 Coordinator work
2024/03/05 08:19:51 Coordinator status 1
2024/03/05 08:19:51 Coordinator work
2024/03/05 08:19:51 Coordinator status 1
2024/03/05 08:19:52 Order 9 finish Reduce
2024/03/05 08:19:52 Order 8 finish Reduce
2024/03/05 08:19:53 Coordinator work
2024/03/05 08:19:53 Coordinator status 1
2024/03/05 08:19:53 Coordinator work
2024/03/05 08:19:53 Coordinator status 1
2024/03/05 08:19:53 Coordinator work
2024/03/05 08:19:53 Coordinator status 1
2024/03/05 08:19:54 Order 11 finish Reduce
2024/03/05 08:19:54 Order 12 finish Reduce
2024/03/05 08:19:54 Order 10 finish Reduce
2024/03/05 08:19:55 Coordinator work
2024/03/05 08:19:55 Coordinator status 1
2024/03/05 08:19:55 Coordinator work
2024/03/05 08:19:55 Coordinator status 1
2024/03/05 08:19:55 Order 13 finish Reduce
2024/03/05 08:19:55 Coordinator work
2024/03/05 08:19:55 Coordinator status 1
2024/03/05 08:19:56 Order 15 finish Reduce
2024/03/05 08:19:56 Order 14 finish Reduce
2024/03/05 08:19:56 Coordinator work
2024/03/05 08:19:56 Coordinator status 1
2024/03/05 08:19:57 Coordinator work
2024/03/05 08:19:57 Coordinator status 1
2024/03/05 08:19:57 Coordinator work
2024/03/05 08:19:57 Coordinator status 1
2024/03/05 08:19:57 Map: 8 done vs. 0 working, Reduce 8 done vs. 2 working
2024/03/05 08:19:57 Order 16 finish Reduce
2024/03/05 08:19:58 Order 17 finish Reduce
2024/03/05 08:19:58 Coordinator work
2024/03/05 08:19:58 Coordinator status 1
2024/03/05 08:19:58 Map: 8 done vs. 0 working, Reduce 10 done vs. 0 working
2024/03/05 08:19:58 forward: forward to done phase
2024/03/05 08:19:59 Coordinator work
2024/03/05 08:19:59 Coordinator status 2
2024/03/05 08:19:59 Coordinator work
2024/03/05 08:19:59 Coordinator status 2
