2024/03/05 02:18:23 making map order &{0 [../pg-being_ernest.txt] 0 10}
2024/03/05 02:18:23 making map order &{0 [../pg-dorian_gray.txt] 1 10}
2024/03/05 02:18:23 making map order &{0 [../pg-frankenstein.txt] 2 10}
2024/03/05 02:18:23 making map order &{0 [../pg-grimm.txt] 3 10}
2024/03/05 02:18:23 making map order &{0 [../pg-huckleberry_finn.txt] 4 10}
2024/03/05 02:18:23 making map order &{0 [../pg-metamorphosis.txt] 5 10}
2024/03/05 02:18:23 making map order &{0 [../pg-sherlock_holmes.txt] 6 10}
2024/03/05 02:18:23 making map order &{0 [../pg-tom_sawyer.txt] 7 10}
2024/03/05 02:18:23 done with make map order
2024/03/05 02:18:23 Map: 0 done vs. 8 working, Reduce 0 done vs. 0 working
2024/03/05 02:18:24 Coordinator work
2024/03/05 02:18:24 Coordinator status 0
2024/03/05 02:18:24 Coordinator work
2024/03/05 02:18:24 Coordinator status 0
2024/03/05 02:18:24 IsDone &{0 2024-03-05 02:18:24.528044264 +0800 CST m=+1.015578143 0xc000098060} true
2024/03/05 02:18:24 Order 0 finish Map
2024/03/05 02:18:24 IsDone &{0 2024-03-05 02:18:24.535410631 +0800 CST m=+1.022944510 0xc0000980f0} true
2024/03/05 02:18:24 Order 1 finish Map
2024/03/05 02:18:25 Coordinator work
2024/03/05 02:18:25 Coordinator status 0
2024/03/05 02:18:25 Coordinator work
2024/03/05 02:18:25 Coordinator status 0
2024/03/05 02:18:25 IsDone &{0 2024-03-05 02:18:25.649487432 +0800 CST m=+2.137021324 0xc000098180} true
2024/03/05 02:18:25 Order 2 finish Map
2024/03/05 02:18:25 IsDone &{0 2024-03-05 02:18:25.747510928 +0800 CST m=+2.235044807 0xc000098210} true
2024/03/05 02:18:25 Order 3 finish Map
2024/03/05 02:18:26 Coordinator work
2024/03/05 02:18:26 Coordinator status 0
2024/03/05 02:18:26 Coordinator work
2024/03/05 02:18:26 Coordinator status 0
2024/03/05 02:18:27 IsDone &{0 2024-03-05 02:18:26.990140155 +0800 CST m=+3.477674025 0xc000098330} true
2024/03/05 02:18:27 Order 5 finish Map
2024/03/05 02:18:27 IsDone &{0 2024-03-05 02:18:26.909980335 +0800 CST m=+3.397514207 0xc0000982a0} true
2024/03/05 02:18:27 Order 4 finish Map
2024/03/05 02:18:28 Coordinator work
2024/03/05 02:18:28 Coordinator status 0
2024/03/05 02:18:28 Coordinator work
2024/03/05 02:18:28 Coordinator status 0
2024/03/05 02:18:28 IsDone &{0 2024-03-05 02:18:28.072953244 +0800 CST m=+4.560487115 0xc0000983c0} true
2024/03/05 02:18:28 Order 6 finish Map
2024/03/05 02:18:28 IsDone &{0 2024-03-05 02:18:28.166615753 +0800 CST m=+4.654149623 0xc000098450} true
2024/03/05 02:18:28 Order 7 finish Map
2024/03/05 02:18:29 Coordinator work
2024/03/05 02:18:29 Coordinator status 0
2024/03/05 02:18:29 Map: 8 done vs. 0 working, Reduce 0 done vs. 0 working
2024/03/05 02:18:29 forward: forward to Reuce Phase
2024/03/05 02:18:29 making reduce order : 8
2024/03/05 02:18:29 making reduce order : 9
2024/03/05 02:18:29 making reduce order : 10
2024/03/05 02:18:29 making reduce order : 11
2024/03/05 02:18:29 making reduce order : 12
2024/03/05 02:18:29 making reduce order : 13
2024/03/05 02:18:29 making reduce order : 14
2024/03/05 02:18:29 making reduce order : 15
2024/03/05 02:18:29 making reduce order : 16
2024/03/05 02:18:29 making reduce order : 17
2024/03/05 02:18:29 done with make reduce order
2024/03/05 02:18:29 Map: 8 done vs. 0 working, Reduce 0 done vs. 10 working
2024/03/05 02:18:29 Coordinator work
2024/03/05 02:18:29 Coordinator status 1
2024/03/05 02:18:29 Order 8 finish Reduce
2024/03/05 02:18:30 Coordinator work
2024/03/05 02:18:30 Coordinator status 1
2024/03/05 02:18:30 Order 9 finish Reduce
2024/03/05 02:18:31 Coordinator work
2024/03/05 02:18:31 Coordinator status 1
2024/03/05 02:18:31 Order 10 finish Reduce
2024/03/05 02:18:31 Coordinator work
2024/03/05 02:18:31 Coordinator status 1
2024/03/05 02:18:31 Order 11 finish Reduce
2024/03/05 02:18:32 Coordinator work
2024/03/05 02:18:32 Coordinator status 1
2024/03/05 02:18:32 Order 12 finish Reduce
2024/03/05 02:18:32 Coordinator work
2024/03/05 02:18:32 Coordinator status 1
2024/03/05 02:18:32 Order 13 finish Reduce
2024/03/05 02:18:33 Coordinator work
2024/03/05 02:18:33 Coordinator status 1
2024/03/05 02:18:33 Order 14 finish Reduce
2024/03/05 02:18:33 Coordinator work
2024/03/05 02:18:33 Coordinator status 1
2024/03/05 02:18:34 Order 15 finish Reduce
2024/03/05 02:18:34 Coordinator work
2024/03/05 02:18:34 Coordinator status 1
2024/03/05 02:18:34 Order 16 finish Reduce
2024/03/05 02:18:35 Coordinator work
2024/03/05 02:18:35 Coordinator status 1
2024/03/05 02:18:35 Order 17 finish Reduce
2024/03/05 02:18:35 Coordinator work
2024/03/05 02:18:35 Coordinator status 1
2024/03/05 02:18:35 Map: 8 done vs. 0 working, Reduce 10 done vs. 0 working
2024/03/05 02:18:35 forward: forward to done phase
2024/03/05 02:18:36 Coordinator work
2024/03/05 02:18:36 Coordinator status 2
