2024/03/05 10:12:20 making map order &{0 [../pg-being_ernest.txt] 0 10}
2024/03/05 10:12:20 making map order &{0 [../pg-dorian_gray.txt] 1 10}
2024/03/05 10:12:20 making map order &{0 [../pg-frankenstein.txt] 2 10}
2024/03/05 10:12:20 making map order &{0 [../pg-grimm.txt] 3 10}
2024/03/05 10:12:20 making map order &{0 [../pg-huckleberry_finn.txt] 4 10}
2024/03/05 10:12:20 making map order &{0 [../pg-metamorphosis.txt] 5 10}
2024/03/05 10:12:20 making map order &{0 [../pg-sherlock_holmes.txt] 6 10}
2024/03/05 10:12:20 making map order &{0 [../pg-tom_sawyer.txt] 7 10}
2024/03/05 10:12:20 done with make map order
2024/03/05 10:12:20 Map: 0 done vs. 8 working, Reduce 0 done vs. 0 working
2024/03/05 10:12:21 Coordinator work
2024/03/05 10:12:21 Coordinator status 0
2024/03/05 10:12:21 Coordinator work
2024/03/05 10:12:21 Coordinator status 0
2024/03/05 10:12:21 Coordinator work
2024/03/05 10:12:21 Coordinator status 0
2024/03/05 10:12:21 IsDone &{0 2024-03-05 10:12:21.5641567 +0800 CST m=+1.042403273 0xc000092450} true
2024/03/05 10:12:21 Order 1 finish Map
2024/03/05 10:12:21 Coordinator work
2024/03/05 10:12:21 Coordinator status 0
2024/03/05 10:12:22 Coordinator work
2024/03/05 10:12:22 Coordinator status 0
2024/03/05 10:12:22 Coordinator work
2024/03/05 10:12:22 Coordinator status 0
2024/03/05 10:12:22 IsDone &{0 2024-03-05 10:12:22.624437447 +0800 CST m=+2.102684017 0xc000092690} true
2024/03/05 10:12:22 Order 5 finish Map
2024/03/05 10:12:23 Coordinator work
2024/03/05 10:12:23 Coordinator status 0
2024/03/05 10:12:25 IsDone &{0 2024-03-05 10:12:22.586688834 +0800 CST m=+2.064935398 0xc000092600} true
2024/03/05 10:12:25 Order 4 finish Map
2024/03/05 10:12:25 IsDone &{0 2024-03-05 10:12:23.634217922 +0800 CST m=+3.112464489 0xc000092720} true
2024/03/05 10:12:25 Order 6 finish Map
2024/03/05 10:12:26 Coordinator work
2024/03/05 10:12:26 Coordinator status 0
2024/03/05 10:12:26 Coordinator work
2024/03/05 10:12:26 Coordinator status 0
2024/03/05 10:12:26 Map: 4 done vs. 4 working, Reduce 0 done vs. 0 working
2024/03/05 10:12:27 Coordinator work
2024/03/05 10:12:27 Coordinator status 0
2024/03/05 10:12:27 Map: 4 done vs. 4 working, Reduce 0 done vs. 0 working
2024/03/05 10:12:28 Coordinator work
2024/03/05 10:12:28 Coordinator status 0
2024/03/05 10:12:28 Map: 4 done vs. 4 working, Reduce 0 done vs. 0 working
2024/03/05 10:12:29 Coordinator work
2024/03/05 10:12:29 Coordinator status 0
2024/03/05 10:12:29 Map: 4 done vs. 4 working, Reduce 0 done vs. 0 working
2024/03/05 10:12:30 Coordinator work
2024/03/05 10:12:30 Coordinator status 0
2024/03/05 10:12:30 Map: 4 done vs. 4 working, Reduce 0 done vs. 0 working
2024/03/05 10:12:31 IsDone &{0 2024-03-05 10:12:21.566480027 +0800 CST m=+1.044726589 0xc0000924e0} true
2024/03/05 10:12:31 Order 2 finish Map
2024/03/05 10:12:31 Coordinator work
2024/03/05 10:12:31 Coordinator status 0
2024/03/05 10:12:31 Map: 5 done vs. 3 working, Reduce 0 done vs. 0 working
2024/03/05 10:12:32 Coordinator work
2024/03/05 10:12:32 Coordinator status 0
2024/03/05 10:12:32 Map: 5 done vs. 3 working, Reduce 0 done vs. 0 working
2024/03/05 10:12:32 Coordiantor restart Map order 3
2024/03/05 10:12:32 Coordiantor restart Map order 0
2024/03/05 10:12:32 Coordinator work
2024/03/05 10:12:32 Coordinator status 0
2024/03/05 10:12:33 Coordinator work
2024/03/05 10:12:33 Coordinator status 0
2024/03/05 10:12:34 Coordinator work
2024/03/05 10:12:34 Coordinator status 0
2024/03/05 10:12:34 Map: 5 done vs. 3 working, Reduce 0 done vs. 0 working
2024/03/05 10:12:36 Coordinator work
2024/03/05 10:12:36 Coordinator status 0
2024/03/05 10:12:36 Map: 5 done vs. 3 working, Reduce 0 done vs. 0 working
2024/03/05 10:12:36 Coordiantor restart Map order 7
2024/03/05 10:12:38 Coordinator work
2024/03/05 10:12:38 Coordinator status 0
2024/03/05 10:12:39 Coordinator work
2024/03/05 10:12:39 Coordinator status 0
2024/03/05 10:12:39 Map: 5 done vs. 3 working, Reduce 0 done vs. 0 working
2024/03/05 10:12:40 IsDone &{0 2024-03-05 10:12:33.274237147 +0800 CST m=+12.752483710 0xc0000923c0} true
2024/03/05 10:12:40 Order 0 finish Map
2024/03/05 10:12:41 Coordinator work
2024/03/05 10:12:41 Coordinator status 0
2024/03/05 10:12:41 Map: 6 done vs. 2 working, Reduce 0 done vs. 0 working
2024/03/05 10:12:41 Coordinator work
2024/03/05 10:12:41 Coordinator status 0
2024/03/05 10:12:41 Map: 6 done vs. 2 working, Reduce 0 done vs. 0 working
2024/03/05 10:12:42 IsDone &{0 2024-03-05 10:12:32.864990122 +0800 CST m=+12.343236689 0xc000092570} true
2024/03/05 10:12:42 Order 3 finish Map
2024/03/05 10:12:43 Coordinator work
2024/03/05 10:12:43 Coordinator status 0
2024/03/05 10:12:43 Map: 7 done vs. 1 working, Reduce 0 done vs. 0 working
2024/03/05 10:12:43 Coordinator work
2024/03/05 10:12:43 Coordinator status 0
2024/03/05 10:12:43 Map: 7 done vs. 1 working, Reduce 0 done vs. 0 working
2024/03/05 10:12:43 Coordinator work
2024/03/05 10:12:43 Coordinator status 0
2024/03/05 10:12:43 Map: 7 done vs. 1 working, Reduce 0 done vs. 0 working
2024/03/05 10:12:45 Coordinator work
2024/03/05 10:12:45 Coordinator status 0
2024/03/05 10:12:45 Map: 7 done vs. 1 working, Reduce 0 done vs. 0 working
2024/03/05 10:12:45 Coordinator work
2024/03/05 10:12:45 Coordinator status 0
2024/03/05 10:12:45 Map: 7 done vs. 1 working, Reduce 0 done vs. 0 working
2024/03/05 10:12:45 Coordinator work
2024/03/05 10:12:45 Coordinator status 0
2024/03/05 10:12:45 Map: 7 done vs. 1 working, Reduce 0 done vs. 0 working
2024/03/05 10:12:47 Coordinator work
2024/03/05 10:12:47 Coordinator status 0
2024/03/05 10:12:47 Map: 7 done vs. 1 working, Reduce 0 done vs. 0 working
2024/03/05 10:12:47 Coordinator work
2024/03/05 10:12:47 Coordinator status 0
2024/03/05 10:12:47 Map: 7 done vs. 1 working, Reduce 0 done vs. 0 working
2024/03/05 10:12:47 Coordinator work
2024/03/05 10:12:47 Coordinator status 0
2024/03/05 10:12:47 Map: 7 done vs. 1 working, Reduce 0 done vs. 0 working
2024/03/05 10:12:48 Coordiantor restart Map order 7
2024/03/05 10:12:49 Coordinator work
2024/03/05 10:12:49 Coordinator status 0
2024/03/05 10:12:49 Coordinator work
2024/03/05 10:12:49 Coordinator status 0
2024/03/05 10:12:49 Map: 7 done vs. 1 working, Reduce 0 done vs. 0 working
2024/03/05 10:12:49 Coordinator work
2024/03/05 10:12:49 Coordinator status 0
2024/03/05 10:12:49 Map: 7 done vs. 1 working, Reduce 0 done vs. 0 working
2024/03/05 10:12:51 Coordinator work
2024/03/05 10:12:51 Coordinator status 0
2024/03/05 10:12:51 Map: 7 done vs. 1 working, Reduce 0 done vs. 0 working
2024/03/05 10:12:51 Coordinator work
2024/03/05 10:12:51 Coordinator status 0
2024/03/05 10:12:51 Map: 7 done vs. 1 working, Reduce 0 done vs. 0 working
2024/03/05 10:12:53 Coordinator work
2024/03/05 10:12:53 Coordinator status 0
2024/03/05 10:12:53 Map: 7 done vs. 1 working, Reduce 0 done vs. 0 working
2024/03/05 10:12:53 Coordinator work
2024/03/05 10:12:53 Coordinator status 0
2024/03/05 10:12:53 Map: 7 done vs. 1 working, Reduce 0 done vs. 0 working
2024/03/05 10:12:55 Coordinator work
2024/03/05 10:12:55 Coordinator status 0
2024/03/05 10:12:55 Map: 7 done vs. 1 working, Reduce 0 done vs. 0 working
2024/03/05 10:12:55 Coordinator work
2024/03/05 10:12:55 Coordinator status 0
2024/03/05 10:12:55 Map: 7 done vs. 1 working, Reduce 0 done vs. 0 working
2024/03/05 10:12:57 Coordinator work
2024/03/05 10:12:57 Coordinator status 0
2024/03/05 10:12:57 Map: 7 done vs. 1 working, Reduce 0 done vs. 0 working
2024/03/05 10:12:57 Coordinator work
2024/03/05 10:12:57 Coordinator status 0
2024/03/05 10:12:57 Map: 7 done vs. 1 working, Reduce 0 done vs. 0 working
2024/03/05 10:12:58 IsDone &{0 2024-03-05 10:12:49.079479648 +0800 CST m=+28.557726219 0xc0000927b0} true
2024/03/05 10:12:58 Order 7 finish Map
2024/03/05 10:12:59 Coordinator work
2024/03/05 10:12:59 Coordinator status 0
2024/03/05 10:12:59 Map: 8 done vs. 0 working, Reduce 0 done vs. 0 working
2024/03/05 10:12:59 forward: forward to Reuce Phase
2024/03/05 10:12:59 making reduce order : 8
2024/03/05 10:12:59 making reduce order : 9
2024/03/05 10:12:59 making reduce order : 10
2024/03/05 10:12:59 making reduce order : 11
2024/03/05 10:12:59 making reduce order : 12
2024/03/05 10:12:59 making reduce order : 13
2024/03/05 10:12:59 making reduce order : 14
2024/03/05 10:12:59 making reduce order : 15
2024/03/05 10:12:59 making reduce order : 16
2024/03/05 10:12:59 making reduce order : 17
2024/03/05 10:12:59 done with make reduce order
2024/03/05 10:12:59 Map: 8 done vs. 0 working, Reduce 0 done vs. 10 working
2024/03/05 10:12:59 Coordinator work
2024/03/05 10:12:59 Coordinator status 1
2024/03/05 10:12:59 Order 8 finish Reduce
2024/03/05 10:12:59 Coordinator work
2024/03/05 10:12:59 Coordinator status 1
2024/03/05 10:12:59 Order 9 finish Reduce
2024/03/05 10:13:00 Coordinator work
2024/03/05 10:13:00 Coordinator status 1
2024/03/05 10:13:00 Coordinator work
2024/03/05 10:13:00 Coordinator status 1
2024/03/05 10:13:00 Order 11 finish Reduce
2024/03/05 10:13:01 Coordinator work
2024/03/05 10:13:01 Coordinator status 1
2024/03/05 10:13:01 Order 12 finish Reduce
2024/03/05 10:13:01 Coordinator work
2024/03/05 10:13:01 Coordinator status 1
2024/03/05 10:13:01 Order 13 finish Reduce
2024/03/05 10:13:01 Coordinator work
2024/03/05 10:13:01 Coordinator status 1
2024/03/05 10:13:01 Order 14 finish Reduce
2024/03/05 10:13:02 Coordinator work
2024/03/05 10:13:02 Coordinator status 1
2024/03/05 10:13:02 Order 15 finish Reduce
2024/03/05 10:13:02 Coordinator work
2024/03/05 10:13:02 Coordinator status 1
2024/03/05 10:13:02 Order 16 finish Reduce
2024/03/05 10:13:02 Coordinator work
2024/03/05 10:13:02 Coordinator status 1
2024/03/05 10:13:02 Order 17 finish Reduce
2024/03/05 10:13:03 Coordinator work
2024/03/05 10:13:03 Coordinator status 1
2024/03/05 10:13:03 Map: 8 done vs. 0 working, Reduce 9 done vs. 1 working
2024/03/05 10:13:03 Coordinator work
2024/03/05 10:13:03 Coordinator status 1
2024/03/05 10:13:03 Map: 8 done vs. 0 working, Reduce 9 done vs. 1 working
2024/03/05 10:13:03 Coordinator work
2024/03/05 10:13:03 Coordinator status 1
2024/03/05 10:13:03 Map: 8 done vs. 0 working, Reduce 9 done vs. 1 working
2024/03/05 10:13:05 Coordinator work
2024/03/05 10:13:05 Coordinator status 1
2024/03/05 10:13:05 Map: 8 done vs. 0 working, Reduce 9 done vs. 1 working
2024/03/05 10:13:05 Coordinator work
2024/03/05 10:13:05 Coordinator status 1
2024/03/05 10:13:05 Map: 8 done vs. 0 working, Reduce 9 done vs. 1 working
2024/03/05 10:13:05 Coordinator work
2024/03/05 10:13:05 Coordinator status 1
2024/03/05 10:13:05 Map: 8 done vs. 0 working, Reduce 9 done vs. 1 working
2024/03/05 10:13:07 Coordinator work
2024/03/05 10:13:07 Coordinator status 1
2024/03/05 10:13:07 Map: 8 done vs. 0 working, Reduce 9 done vs. 1 working
2024/03/05 10:13:07 Coordinator work
2024/03/05 10:13:07 Coordinator status 1
2024/03/05 10:13:07 Map: 8 done vs. 0 working, Reduce 9 done vs. 1 working
2024/03/05 10:13:07 Coordinator work
2024/03/05 10:13:07 Coordinator status 1
2024/03/05 10:13:07 Map: 8 done vs. 0 working, Reduce 9 done vs. 1 working
2024/03/05 10:13:09 Coordinator work
2024/03/05 10:13:09 Coordinator status 1
2024/03/05 10:13:09 Map: 8 done vs. 0 working, Reduce 9 done vs. 1 working
2024/03/05 10:13:09 Coordinator work
2024/03/05 10:13:09 Coordinator status 1
2024/03/05 10:13:09 Map: 8 done vs. 0 working, Reduce 9 done vs. 1 working
2024/03/05 10:13:09 Coordinator work
2024/03/05 10:13:09 Coordinator status 1
2024/03/05 10:13:09 Map: 8 done vs. 0 working, Reduce 9 done vs. 1 working
2024/03/05 10:13:10 Coordiantor restart Reduce order 10
2024/03/05 10:13:11 Coordinator work
2024/03/05 10:13:11 Coordinator status 1
2024/03/05 10:13:11 Coordinator work
2024/03/05 10:13:11 Coordinator status 1
2024/03/05 10:13:11 Map: 8 done vs. 0 working, Reduce 9 done vs. 1 working
2024/03/05 10:13:11 Coordinator work
2024/03/05 10:13:11 Coordinator status 1
2024/03/05 10:13:11 Map: 8 done vs. 0 working, Reduce 9 done vs. 1 working
2024/03/05 10:13:12 Order 10 finish Reduce
2024/03/05 10:13:13 Coordinator work
2024/03/05 10:13:13 Coordinator status 1
2024/03/05 10:13:13 Map: 8 done vs. 0 working, Reduce 10 done vs. 0 working
2024/03/05 10:13:13 forward: forward to done phase
2024/03/05 10:13:13 Coordinator work
2024/03/05 10:13:13 Coordinator status 2
2024/03/05 10:13:13 Coordinator work
2024/03/05 10:13:13 Coordinator status 2
