2024/03/05 03:12:35 making map order &{0 [../pg-being_ernest.txt] 0 10}
2024/03/05 03:12:35 making map order &{0 [../pg-dorian_gray.txt] 1 10}
2024/03/05 03:12:35 making map order &{0 [../pg-frankenstein.txt] 2 10}
2024/03/05 03:12:35 making map order &{0 [../pg-grimm.txt] 3 10}
2024/03/05 03:12:35 making map order &{0 [../pg-huckleberry_finn.txt] 4 10}
2024/03/05 03:12:35 making map order &{0 [../pg-metamorphosis.txt] 5 10}
2024/03/05 03:12:35 making map order &{0 [../pg-sherlock_holmes.txt] 6 10}
2024/03/05 03:12:35 making map order &{0 [../pg-tom_sawyer.txt] 7 10}
2024/03/05 03:12:35 done with make map order
2024/03/05 03:12:35 Map: 0 done vs. 8 working, Reduce 0 done vs. 0 working
2024/03/05 03:12:36 Coordinator work
2024/03/05 03:12:36 Coordinator status 0
2024/03/05 03:12:36 Coordinator work
2024/03/05 03:12:36 Coordinator status 0
2024/03/05 03:12:37 IsDone &{0 2024-03-05 03:12:36.09904412 +0800 CST m=+1.023733869 0xc0001020c0} true
2024/03/05 03:12:37 Order 0 finish Map
2024/03/05 03:12:37 IsDone &{0 2024-03-05 03:12:36.099759046 +0800 CST m=+1.024448792 0xc000102150} true
2024/03/05 03:12:37 Order 1 finish Map
2024/03/05 03:12:38 Coordinator work
2024/03/05 03:12:38 Coordinator status 0
2024/03/05 03:12:38 Coordinator work
2024/03/05 03:12:38 Coordinator status 0
2024/03/05 03:12:39 IsDone &{0 2024-03-05 03:12:38.111221743 +0800 CST m=+3.035911491 0xc0001021e0} true
2024/03/05 03:12:39 Order 2 finish Map
2024/03/05 03:12:39 IsDone &{0 2024-03-05 03:12:38.122537838 +0800 CST m=+3.047227589 0xc000102270} true
2024/03/05 03:12:39 Order 3 finish Map
2024/03/05 03:12:40 Coordinator work
2024/03/05 03:12:40 Coordinator status 0
2024/03/05 03:12:40 Coordinator work
2024/03/05 03:12:40 Coordinator status 0
2024/03/05 03:12:41 IsDone &{0 2024-03-05 03:12:40.141909166 +0800 CST m=+5.066598918 0xc000102390} true
2024/03/05 03:12:41 Order 5 finish Map
2024/03/05 03:12:41 IsDone &{0 2024-03-05 03:12:40.141352516 +0800 CST m=+5.066042268 0xc000102300} true
2024/03/05 03:12:41 Order 4 finish Map
2024/03/05 03:12:42 Coordinator work
2024/03/05 03:12:42 Coordinator status 0
2024/03/05 03:12:42 Coordinator work
2024/03/05 03:12:42 Coordinator status 0
2024/03/05 03:12:43 IsDone &{0 2024-03-05 03:12:42.162385769 +0800 CST m=+7.087075521 0xc0001024b0} true
2024/03/05 03:12:43 Order 7 finish Map
2024/03/05 03:12:43 IsDone &{0 2024-03-05 03:12:42.156801717 +0800 CST m=+7.081491469 0xc000102420} true
2024/03/05 03:12:43 Order 6 finish Map
2024/03/05 03:12:44 Coordinator work
2024/03/05 03:12:44 Coordinator status 0
2024/03/05 03:12:44 Map: 8 done vs. 0 working, Reduce 0 done vs. 0 working
2024/03/05 03:12:44 forward: forward to Reuce Phase
2024/03/05 03:12:44 making reduce order : 8
2024/03/05 03:12:44 making reduce order : 9
2024/03/05 03:12:44 making reduce order : 10
2024/03/05 03:12:44 making reduce order : 11
2024/03/05 03:12:44 making reduce order : 12
2024/03/05 03:12:44 making reduce order : 13
2024/03/05 03:12:44 making reduce order : 14
2024/03/05 03:12:44 making reduce order : 15
2024/03/05 03:12:44 making reduce order : 16
2024/03/05 03:12:44 making reduce order : 17
2024/03/05 03:12:44 done with make reduce order
2024/03/05 03:12:44 Map: 8 done vs. 0 working, Reduce 0 done vs. 10 working
2024/03/05 03:12:44 Coordinator work
2024/03/05 03:12:44 Coordinator status 1
2024/03/05 03:12:44 Order 8 finish Reduce
2024/03/05 03:12:45 Coordinator work
2024/03/05 03:12:45 Coordinator status 1
2024/03/05 03:12:45 Order 9 finish Reduce
2024/03/05 03:12:46 Coordinator work
2024/03/05 03:12:46 Coordinator status 1
2024/03/05 03:12:46 Order 10 finish Reduce
2024/03/05 03:12:46 Coordinator work
2024/03/05 03:12:46 Coordinator status 1
2024/03/05 03:12:46 Order 11 finish Reduce
2024/03/05 03:12:47 Coordinator work
2024/03/05 03:12:47 Coordinator status 1
2024/03/05 03:12:47 Order 12 finish Reduce
2024/03/05 03:12:47 Coordinator work
2024/03/05 03:12:47 Coordinator status 1
2024/03/05 03:12:47 Order 13 finish Reduce
2024/03/05 03:12:48 Coordinator work
2024/03/05 03:12:48 Coordinator status 1
2024/03/05 03:12:48 Order 14 finish Reduce
2024/03/05 03:12:48 Coordinator work
2024/03/05 03:12:48 Coordinator status 1
2024/03/05 03:12:48 Order 15 finish Reduce
2024/03/05 03:12:49 Coordinator work
2024/03/05 03:12:49 Coordinator status 1
2024/03/05 03:12:49 Order 16 finish Reduce
2024/03/05 03:12:49 Coordinator work
2024/03/05 03:12:49 Coordinator status 1
2024/03/05 03:12:49 Order 17 finish Reduce
2024/03/05 03:12:50 Coordinator work
2024/03/05 03:12:50 Coordinator status 1
2024/03/05 03:12:50 Map: 8 done vs. 0 working, Reduce 10 done vs. 0 working
2024/03/05 03:12:50 forward: forward to done phase
2024/03/05 03:12:50 Coordinator work
2024/03/05 03:12:50 Coordinator status 2
