2024/03/05 09:04:16 making map order &{0 [../pg-being_ernest.txt] 0 10}
2024/03/05 09:04:16 making map order &{0 [../pg-dorian_gray.txt] 1 10}
2024/03/05 09:04:16 making map order &{0 [../pg-frankenstein.txt] 2 10}
2024/03/05 09:04:16 making map order &{0 [../pg-grimm.txt] 3 10}
2024/03/05 09:04:16 making map order &{0 [../pg-huckleberry_finn.txt] 4 10}
2024/03/05 09:04:16 making map order &{0 [../pg-metamorphosis.txt] 5 10}
2024/03/05 09:04:16 making map order &{0 [../pg-sherlock_holmes.txt] 6 10}
2024/03/05 09:04:16 making map order &{0 [../pg-tom_sawyer.txt] 7 10}
2024/03/05 09:04:16 done with make map order
2024/03/05 09:04:16 Map: 0 done vs. 8 working, Reduce 0 done vs. 0 working
2024/03/05 09:04:17 Coordinator work
2024/03/05 09:04:17 Coordinator status 0
2024/03/05 09:04:17 IsDone &{0 2024-03-05 09:04:17.11401938 +0800 CST m=+1.020153675 0xc00008a510} true
2024/03/05 09:04:17 Order 0 finish Map
2024/03/05 09:04:17 Coordinator work
2024/03/05 09:04:17 Coordinator status 0
2024/03/05 09:04:17 Coordinator work
2024/03/05 09:04:17 Coordinator status 0
2024/03/05 09:04:17 IsDone &{0 2024-03-05 09:04:17.140860699 +0800 CST m=+1.046994997 0xc00008a5a0} true
2024/03/05 09:04:17 Order 1 finish Map
2024/03/05 09:04:17 IsDone &{0 2024-03-05 09:04:17.146563854 +0800 CST m=+1.052698151 0xc00008a630} true
2024/03/05 09:04:17 Order 2 finish Map
2024/03/05 09:04:18 Coordinator work
2024/03/05 09:04:18 Coordinator status 0
2024/03/05 09:04:18 IsDone &{0 2024-03-05 09:04:18.129138082 +0800 CST m=+2.035272382 0xc00008a6c0} true
2024/03/05 09:04:18 Order 3 finish Map
2024/03/05 09:04:18 Coordinator work
2024/03/05 09:04:18 Coordinator status 0
2024/03/05 09:04:18 Coordinator work
2024/03/05 09:04:18 Coordinator status 0
2024/03/05 09:04:18 IsDone &{0 2024-03-05 09:04:18.171993776 +0800 CST m=+2.078128073 0xc00008a7e0} true
2024/03/05 09:04:18 Order 5 finish Map
2024/03/05 09:04:18 IsDone &{0 2024-03-05 09:04:18.171493473 +0800 CST m=+2.077627768 0xc00008a750} true
2024/03/05 09:04:18 Order 4 finish Map
2024/03/05 09:04:19 Coordinator work
2024/03/05 09:04:19 Coordinator status 0
2024/03/05 09:04:19 IsDone &{0 2024-03-05 09:04:19.149603502 +0800 CST m=+3.055737804 0xc00008a870} true
2024/03/05 09:04:19 Order 6 finish Map
2024/03/05 09:04:19 Coordinator work
2024/03/05 09:04:19 Coordinator status 0
2024/03/05 09:04:19 Coordinator work
2024/03/05 09:04:19 Coordinator status 0
2024/03/05 09:04:19 Map: 7 done vs. 1 working, Reduce 0 done vs. 0 working
2024/03/05 09:04:19 IsDone &{0 2024-03-05 09:04:19.184498338 +0800 CST m=+3.090632633 0xc00008a900} true
2024/03/05 09:04:19 Order 7 finish Map
2024/03/05 09:04:20 Coordinator work
2024/03/05 09:04:20 Coordinator status 0
2024/03/05 09:04:20 Map: 8 done vs. 0 working, Reduce 0 done vs. 0 working
2024/03/05 09:04:20 forward: forward to Reuce Phase
2024/03/05 09:04:20 making reduce order : 8
2024/03/05 09:04:20 making reduce order : 9
2024/03/05 09:04:20 making reduce order : 10
2024/03/05 09:04:20 making reduce order : 11
2024/03/05 09:04:20 making reduce order : 12
2024/03/05 09:04:20 making reduce order : 13
2024/03/05 09:04:20 making reduce order : 14
2024/03/05 09:04:20 making reduce order : 15
2024/03/05 09:04:20 making reduce order : 16
2024/03/05 09:04:20 making reduce order : 17
2024/03/05 09:04:20 done with make reduce order
2024/03/05 09:04:20 Map: 8 done vs. 0 working, Reduce 0 done vs. 10 working
2024/03/05 09:04:20 Coordinator work
2024/03/05 09:04:20 Coordinator status 1
2024/03/05 09:04:20 Order 8 finish Reduce
2024/03/05 09:04:21 Coordinator work
2024/03/05 09:04:21 Coordinator status 1
2024/03/05 09:04:21 Order 9 finish Reduce
2024/03/05 09:04:21 Coordinator work
2024/03/05 09:04:21 Coordinator status 1
2024/03/05 09:04:22 Coordinator work
2024/03/05 09:04:22 Coordinator status 1
2024/03/05 09:04:22 Order 11 finish Reduce
2024/03/05 09:04:22 Coordinator work
2024/03/05 09:04:22 Coordinator status 1
2024/03/05 09:04:22 Order 12 finish Reduce
2024/03/05 09:04:23 Coordinator work
2024/03/05 09:04:23 Coordinator status 1
2024/03/05 09:04:23 Order 13 finish Reduce
2024/03/05 09:04:23 Coordinator work
2024/03/05 09:04:23 Coordinator status 1
2024/03/05 09:04:24 Coordinator work
2024/03/05 09:04:24 Coordinator status 1
2024/03/05 09:04:24 Order 15 finish Reduce
2024/03/05 09:04:24 Order 10 finish Reduce
2024/03/05 09:04:25 Coordinator work
2024/03/05 09:04:25 Coordinator status 1
2024/03/05 09:04:25 Order 16 finish Reduce
2024/03/05 09:04:25 Coordinator work
2024/03/05 09:04:25 Coordinator status 1
2024/03/05 09:04:25 Order 17 finish Reduce
2024/03/05 09:04:26 Coordinator work
2024/03/05 09:04:26 Coordinator status 1
2024/03/05 09:04:26 Map: 8 done vs. 0 working, Reduce 9 done vs. 1 working
2024/03/05 09:04:26 Order 14 finish Reduce
2024/03/05 09:04:26 Coordinator work
2024/03/05 09:04:26 Coordinator status 1
2024/03/05 09:04:26 Map: 8 done vs. 0 working, Reduce 10 done vs. 0 working
2024/03/05 09:04:26 forward: forward to done phase
2024/03/05 09:04:27 Coordinator work
2024/03/05 09:04:27 Coordinator status 2
