2024/03/05 06:26:46 making map order &{0 [../pg-being_ernest.txt] 0 10}
2024/03/05 06:26:46 making map order &{0 [../pg-dorian_gray.txt] 1 10}
2024/03/05 06:26:46 making map order &{0 [../pg-frankenstein.txt] 2 10}
2024/03/05 06:26:46 making map order &{0 [../pg-grimm.txt] 3 10}
2024/03/05 06:26:46 making map order &{0 [../pg-huckleberry_finn.txt] 4 10}
2024/03/05 06:26:46 making map order &{0 [../pg-metamorphosis.txt] 5 10}
2024/03/05 06:26:46 making map order &{0 [../pg-sherlock_holmes.txt] 6 10}
2024/03/05 06:26:46 making map order &{0 [../pg-tom_sawyer.txt] 7 10}
2024/03/05 06:26:46 done with make map order
2024/03/05 06:26:46 Map: 0 done vs. 8 working, Reduce 0 done vs. 0 working
2024/03/05 06:26:47 Coordinator work
2024/03/05 06:26:47 Coordinator status 0
2024/03/05 06:26:47 Coordinator work
2024/03/05 06:26:47 Coordinator status 0
2024/03/05 06:26:48 IsDone &{0 2024-03-05 06:26:47.894174662 +0800 CST m=+1.052554178 0xc0000a3e90} true
2024/03/05 06:26:48 Order 0 finish Map
2024/03/05 06:26:48 IsDone &{0 2024-03-05 06:26:47.895762022 +0800 CST m=+1.054141539 0xc0000a3f20} true
2024/03/05 06:26:48 Order 1 finish Map
2024/03/05 06:26:49 Coordinator work
2024/03/05 06:26:49 Coordinator status 0
2024/03/05 06:26:49 Coordinator work
2024/03/05 06:26:49 Coordinator status 0
2024/03/05 06:26:50 IsDone &{0 2024-03-05 06:26:49.915447188 +0800 CST m=+3.073826708 0xc00011c060} true
2024/03/05 06:26:50 Order 3 finish Map
2024/03/05 06:26:50 IsDone &{0 2024-03-05 06:26:49.913339773 +0800 CST m=+3.071719285 0xc0000a3fb0} true
2024/03/05 06:26:50 Order 2 finish Map
2024/03/05 06:26:51 Coordinator work
2024/03/05 06:26:51 Coordinator status 0
2024/03/05 06:26:51 Coordinator work
2024/03/05 06:26:51 Coordinator status 0
2024/03/05 06:26:52 IsDone &{0 2024-03-05 06:26:51.943105629 +0800 CST m=+5.101485147 0xc00011c180} true
2024/03/05 06:26:52 Order 5 finish Map
2024/03/05 06:26:52 IsDone &{0 2024-03-05 06:26:51.934220537 +0800 CST m=+5.092600057 0xc00011c0f0} true
2024/03/05 06:26:52 Order 4 finish Map
2024/03/05 06:26:53 Coordinator work
2024/03/05 06:26:53 Coordinator status 0
2024/03/05 06:26:53 Coordinator work
2024/03/05 06:26:53 Coordinator status 0
2024/03/05 06:26:54 IsDone &{0 2024-03-05 06:26:53.953255305 +0800 CST m=+7.111634825 0xc00011c210} true
2024/03/05 06:26:54 Order 6 finish Map
2024/03/05 06:26:54 IsDone &{0 2024-03-05 06:26:53.965428733 +0800 CST m=+7.123808253 0xc00011c2a0} true
2024/03/05 06:26:54 Order 7 finish Map
2024/03/05 06:26:55 Coordinator work
2024/03/05 06:26:55 Coordinator status 0
2024/03/05 06:26:55 Map: 8 done vs. 0 working, Reduce 0 done vs. 0 working
2024/03/05 06:26:55 forward: forward to Reuce Phase
2024/03/05 06:26:55 making reduce order : 8
2024/03/05 06:26:55 making reduce order : 9
2024/03/05 06:26:55 making reduce order : 10
2024/03/05 06:26:55 making reduce order : 11
2024/03/05 06:26:55 making reduce order : 12
2024/03/05 06:26:55 making reduce order : 13
2024/03/05 06:26:55 making reduce order : 14
2024/03/05 06:26:55 Coordinator work
2024/03/05 06:26:55 making reduce order : 15
2024/03/05 06:26:55 making reduce order : 16
2024/03/05 06:26:55 making reduce order : 17
2024/03/05 06:26:55 done with make reduce order
2024/03/05 06:26:55 Map: 8 done vs. 0 working, Reduce 0 done vs. 10 working
2024/03/05 06:26:55 Coordinator status 1
2024/03/05 06:26:55 Order 8 finish Reduce
2024/03/05 06:26:56 Coordinator work
2024/03/05 06:26:56 Coordinator status 1
2024/03/05 06:26:56 Order 9 finish Reduce
2024/03/05 06:26:57 Coordinator work
2024/03/05 06:26:57 Coordinator status 1
2024/03/05 06:26:57 Order 10 finish Reduce
2024/03/05 06:26:57 Coordinator work
2024/03/05 06:26:57 Coordinator status 1
2024/03/05 06:26:57 Order 11 finish Reduce
2024/03/05 06:26:58 Coordinator work
2024/03/05 06:26:58 Coordinator status 1
2024/03/05 06:26:58 Order 12 finish Reduce
2024/03/05 06:26:58 Coordinator work
2024/03/05 06:26:58 Coordinator status 1
2024/03/05 06:26:59 Order 13 finish Reduce
2024/03/05 06:27:00 Coordinator work
2024/03/05 06:27:00 Coordinator status 1
2024/03/05 06:27:00 Order 14 finish Reduce
2024/03/05 06:27:00 Coordinator work
2024/03/05 06:27:00 Coordinator status 1
2024/03/05 06:27:00 Order 15 finish Reduce
2024/03/05 06:27:01 Coordinator work
2024/03/05 06:27:01 Coordinator status 1
2024/03/05 06:27:01 Coordinator work
2024/03/05 06:27:01 Coordinator status 1
2024/03/05 06:27:01 Order 16 finish Reduce
2024/03/05 06:27:01 Order 17 finish Reduce
2024/03/05 06:27:02 Coordinator work
2024/03/05 06:27:02 Coordinator status 1
2024/03/05 06:27:02 Map: 8 done vs. 0 working, Reduce 10 done vs. 0 working
2024/03/05 06:27:02 forward: forward to done phase
2024/03/05 06:27:02 Coordinator work
2024/03/05 06:27:02 Coordinator status 2
