2024/03/04 22:49:10 making map order &{0 [../pg-being_ernest.txt] 0 10}
2024/03/04 22:49:10 making map order &{0 [../pg-dorian_gray.txt] 1 10}
2024/03/04 22:49:10 making map order &{0 [../pg-frankenstein.txt] 2 10}
2024/03/04 22:49:10 making map order &{0 [../pg-grimm.txt] 3 10}
2024/03/04 22:49:10 making map order &{0 [../pg-huckleberry_finn.txt] 4 10}
2024/03/04 22:49:10 making map order &{0 [../pg-metamorphosis.txt] 5 10}
2024/03/04 22:49:10 making map order &{0 [../pg-sherlock_holmes.txt] 6 10}
2024/03/04 22:49:10 making map order &{0 [../pg-tom_sawyer.txt] 7 10}
2024/03/04 22:49:10 done with make map order
2024/03/04 22:49:10 Map: 0 done vs. 8 working, Reduce 0 done vs. 0 working
2024/03/04 22:49:11 Coordinator work
2024/03/04 22:49:11 Coordinator status 0
2024/03/04 22:49:11 Coordinator work
2024/03/04 22:49:11 Coordinator status 0
2024/03/04 22:49:12 IsDone &{0 2024-03-04 22:49:11.142071519 +0800 CST m=+1.017120704 0xc0000743c0} true
2024/03/04 22:49:12 Order 0 finish Map
2024/03/04 22:49:12 IsDone &{0 2024-03-04 22:49:11.143619278 +0800 CST m=+1.018668460 0xc000074450} true
2024/03/04 22:49:12 Order 1 finish Map
2024/03/04 22:49:13 Coordinator work
2024/03/04 22:49:13 Coordinator status 0
2024/03/04 22:49:13 Coordinator work
2024/03/04 22:49:13 Coordinator status 0
2024/03/04 22:49:14 IsDone &{0 2024-03-04 22:49:13.159729674 +0800 CST m=+3.034778857 0xc0000744e0} true
2024/03/04 22:49:14 Order 2 finish Map
2024/03/04 22:49:14 IsDone &{0 2024-03-04 22:49:13.17109662 +0800 CST m=+3.046145802 0xc000074570} true
2024/03/04 22:49:14 Order 3 finish Map
2024/03/04 22:49:15 Coordinator work
2024/03/04 22:49:15 Coordinator status 0
2024/03/04 22:49:15 Coordinator work
2024/03/04 22:49:15 Coordinator status 0
2024/03/04 22:49:16 IsDone &{0 2024-03-04 22:49:15.189960046 +0800 CST m=+5.065009227 0xc000074690} true
2024/03/04 22:49:16 Order 5 finish Map
2024/03/04 22:49:16 IsDone &{0 2024-03-04 22:49:15.183530063 +0800 CST m=+5.058579249 0xc000074600} true
2024/03/04 22:49:16 Order 4 finish Map
2024/03/04 22:49:17 Coordinator work
2024/03/04 22:49:17 Coordinator status 0
2024/03/04 22:49:17 Coordinator work
2024/03/04 22:49:17 Coordinator status 0
2024/03/04 22:49:18 IsDone &{0 2024-03-04 22:49:17.199937938 +0800 CST m=+7.074987122 0xc000074720} true
2024/03/04 22:49:18 Order 6 finish Map
2024/03/04 22:49:18 IsDone &{0 2024-03-04 22:49:17.20523489 +0800 CST m=+7.080284075 0xc0000747b0} true
2024/03/04 22:49:18 Order 7 finish Map
2024/03/04 22:49:19 Coordinator work
2024/03/04 22:49:19 Coordinator status 0
2024/03/04 22:49:19 Map: 8 done vs. 0 working, Reduce 0 done vs. 0 working
2024/03/04 22:49:19 forward: forward to Reuce Phase
2024/03/04 22:49:19 making reduce order : 8
2024/03/04 22:49:19 making reduce order : 9
2024/03/04 22:49:19 Coordinator work
2024/03/04 22:49:19 making reduce order : 10
2024/03/04 22:49:19 making reduce order : 11
2024/03/04 22:49:19 making reduce order : 12
2024/03/04 22:49:19 making reduce order : 13
2024/03/04 22:49:19 making reduce order : 14
2024/03/04 22:49:19 making reduce order : 15
2024/03/04 22:49:19 making reduce order : 16
2024/03/04 22:49:19 making reduce order : 17
2024/03/04 22:49:19 done with make reduce order
2024/03/04 22:49:19 Map: 8 done vs. 0 working, Reduce 0 done vs. 10 working
2024/03/04 22:49:19 Coordinator status 1
2024/03/04 22:49:19 Order 8 finish Reduce
2024/03/04 22:49:20 Coordinator work
2024/03/04 22:49:20 Coordinator status 1
2024/03/04 22:49:20 Order 9 finish Reduce
2024/03/04 22:49:21 Coordinator work
2024/03/04 22:49:21 Coordinator status 1
2024/03/04 22:49:21 Order 10 finish Reduce
2024/03/04 22:49:21 Coordinator work
2024/03/04 22:49:21 Coordinator status 1
2024/03/04 22:49:21 Order 11 finish Reduce
2024/03/04 22:49:22 Coordinator work
2024/03/04 22:49:22 Coordinator status 1
2024/03/04 22:49:22 Order 12 finish Reduce
2024/03/04 22:49:22 Coordinator work
2024/03/04 22:49:22 Coordinator status 1
2024/03/04 22:49:22 Order 13 finish Reduce
2024/03/04 22:49:23 Coordinator work
2024/03/04 22:49:23 Coordinator status 1
2024/03/04 22:49:23 Order 14 finish Reduce
2024/03/04 22:49:23 Coordinator work
2024/03/04 22:49:23 Coordinator status 1
2024/03/04 22:49:23 Order 15 finish Reduce
2024/03/04 22:49:24 Coordinator work
2024/03/04 22:49:24 Coordinator status 1
2024/03/04 22:49:24 Order 16 finish Reduce
2024/03/04 22:49:24 Coordinator work
2024/03/04 22:49:24 Coordinator status 1
2024/03/04 22:49:24 Order 17 finish Reduce
2024/03/04 22:49:25 Coordinator work
2024/03/04 22:49:25 Coordinator status 1
2024/03/04 22:49:25 Map: 8 done vs. 0 working, Reduce 10 done vs. 0 working
2024/03/04 22:49:25 forward: forward to done phase
2024/03/04 22:49:25 Coordinator work
2024/03/04 22:49:25 Coordinator status 2
