2024/03/05 12:09:08 making map order &{0 [../pg-being_ernest.txt] 0 10}
2024/03/05 12:09:08 making map order &{0 [../pg-dorian_gray.txt] 1 10}
2024/03/05 12:09:08 making map order &{0 [../pg-frankenstein.txt] 2 10}
2024/03/05 12:09:08 making map order &{0 [../pg-grimm.txt] 3 10}
2024/03/05 12:09:08 making map order &{0 [../pg-huckleberry_finn.txt] 4 10}
2024/03/05 12:09:08 making map order &{0 [../pg-metamorphosis.txt] 5 10}
2024/03/05 12:09:08 making map order &{0 [../pg-sherlock_holmes.txt] 6 10}
2024/03/05 12:09:08 making map order &{0 [../pg-tom_sawyer.txt] 7 10}
2024/03/05 12:09:08 done with make map order
2024/03/05 12:09:08 Map: 0 done vs. 8 working, Reduce 0 done vs. 0 working
2024/03/05 12:09:09 Coordinator work
2024/03/05 12:09:09 Coordinator status 0
2024/03/05 12:09:09 Coordinator work
2024/03/05 12:09:09 Coordinator status 0
2024/03/05 12:09:09 Coordinator work
2024/03/05 12:09:09 Coordinator status 0
2024/03/05 12:09:09 IsDone &{0 2024-03-05 12:09:09.346610493 +0800 CST m=+1.052289668 0xc00008a270} true
2024/03/05 12:09:09 Order 0 finish Map
2024/03/05 12:09:09 IsDone &{0 2024-03-05 12:09:09.348521315 +0800 CST m=+1.054200490 0xc00008a300} true
2024/03/05 12:09:09 Order 1 finish Map
2024/03/05 12:09:09 IsDone &{0 2024-03-05 12:09:09.354872347 +0800 CST m=+1.060551521 0xc00008a390} true
2024/03/05 12:09:09 Order 2 finish Map
2024/03/05 12:09:10 Coordinator work
2024/03/05 12:09:10 Coordinator status 0
2024/03/05 12:09:10 Coordinator work
2024/03/05 12:09:10 Coordinator status 0
2024/03/05 12:09:10 Coordinator work
2024/03/05 12:09:10 Coordinator status 0
2024/03/05 12:09:10 IsDone &{0 2024-03-05 12:09:10.359705222 +0800 CST m=+2.065384404 0xc00008a420} true
2024/03/05 12:09:10 Order 3 finish Map
2024/03/05 12:09:10 IsDone &{0 2024-03-05 12:09:10.377375702 +0800 CST m=+2.083054888 0xc00008a540} true
2024/03/05 12:09:10 Order 5 finish Map
2024/03/05 12:09:10 IsDone &{0 2024-03-05 12:09:10.370208409 +0800 CST m=+2.075887591 0xc00008a4b0} true
2024/03/05 12:09:10 Order 4 finish Map
2024/03/05 12:09:11 Coordinator work
2024/03/05 12:09:11 Coordinator status 0
2024/03/05 12:09:11 Coordinator work
2024/03/05 12:09:11 Coordinator status 0
2024/03/05 12:09:11 Coordinator work
2024/03/05 12:09:11 Coordinator status 0
2024/03/05 12:09:11 Map: 6 done vs. 2 working, Reduce 0 done vs. 0 working
2024/03/05 12:09:11 IsDone &{0 2024-03-05 12:09:11.387368786 +0800 CST m=+3.093047964 0xc00008a5d0} true
2024/03/05 12:09:11 Order 6 finish Map
2024/03/05 12:09:11 IsDone &{0 2024-03-05 12:09:11.395580132 +0800 CST m=+3.101264475 0xc00008a660} true
2024/03/05 12:09:11 Order 7 finish Map
2024/03/05 12:09:12 Coordinator work
2024/03/05 12:09:12 Coordinator status 0
2024/03/05 12:09:12 Map: 8 done vs. 0 working, Reduce 0 done vs. 0 working
2024/03/05 12:09:12 forward: forward to Reuce Phase
2024/03/05 12:09:12 making reduce order : 8
2024/03/05 12:09:12 making reduce order : 9
2024/03/05 12:09:12 making reduce order : 10
2024/03/05 12:09:12 making reduce order : 11
2024/03/05 12:09:12 making reduce order : 12
2024/03/05 12:09:12 making reduce order : 13
2024/03/05 12:09:12 Coordinator work
2024/03/05 12:09:12 making reduce order : 14
2024/03/05 12:09:12 making reduce order : 15
2024/03/05 12:09:12 making reduce order : 16
2024/03/05 12:09:12 making reduce order : 17
2024/03/05 12:09:12 done with make reduce order
2024/03/05 12:09:12 Map: 8 done vs. 0 working, Reduce 0 done vs. 10 working
2024/03/05 12:09:12 Coordinator status 1
2024/03/05 12:09:12 Order 8 finish Reduce
2024/03/05 12:09:13 Coordinator work
2024/03/05 12:09:13 Coordinator status 1
2024/03/05 12:09:13 Order 9 finish Reduce
2024/03/05 12:09:13 Coordinator work
2024/03/05 12:09:13 Coordinator status 1
2024/03/05 12:09:14 Coordinator work
2024/03/05 12:09:14 Coordinator status 1
2024/03/05 12:09:14 Order 11 finish Reduce
2024/03/05 12:09:14 Coordinator work
2024/03/05 12:09:14 Coordinator status 1
2024/03/05 12:09:14 Order 12 finish Reduce
2024/03/05 12:09:15 Coordinator work
2024/03/05 12:09:15 Coordinator status 1
2024/03/05 12:09:15 Order 13 finish Reduce
2024/03/05 12:09:15 Coordinator work
2024/03/05 12:09:15 Coordinator status 1
2024/03/05 12:09:16 Coordinator work
2024/03/05 12:09:16 Coordinator status 1
2024/03/05 12:09:16 Order 15 finish Reduce
2024/03/05 12:09:16 Order 10 finish Reduce
2024/03/05 12:09:17 Coordinator work
2024/03/05 12:09:17 Coordinator status 1
2024/03/05 12:09:17 Order 16 finish Reduce
2024/03/05 12:09:17 Coordinator work
2024/03/05 12:09:17 Coordinator status 1
2024/03/05 12:09:17 Order 17 finish Reduce
2024/03/05 12:09:18 Coordinator work
2024/03/05 12:09:18 Coordinator status 1
2024/03/05 12:09:18 Map: 8 done vs. 0 working, Reduce 9 done vs. 1 working
2024/03/05 12:09:18 Order 14 finish Reduce
2024/03/05 12:09:18 Coordinator work
2024/03/05 12:09:18 Coordinator status 1
2024/03/05 12:09:18 Map: 8 done vs. 0 working, Reduce 10 done vs. 0 working
2024/03/05 12:09:18 forward: forward to done phase
2024/03/05 12:09:19 Coordinator work
2024/03/05 12:09:19 Coordinator status 2
