2024/03/04 21:14:42 making map order &{0 [../pg-being_ernest.txt] 0 10}
2024/03/04 21:14:42 making map order &{0 [../pg-dorian_gray.txt] 1 10}
2024/03/04 21:14:42 making map order &{0 [../pg-frankenstein.txt] 2 10}
2024/03/04 21:14:42 making map order &{0 [../pg-grimm.txt] 3 10}
2024/03/04 21:14:42 making map order &{0 [../pg-huckleberry_finn.txt] 4 10}
2024/03/04 21:14:42 making map order &{0 [../pg-metamorphosis.txt] 5 10}
2024/03/04 21:14:42 making map order &{0 [../pg-sherlock_holmes.txt] 6 10}
2024/03/04 21:14:42 making map order &{0 [../pg-tom_sawyer.txt] 7 10}
2024/03/04 21:14:42 done with make map order
2024/03/04 21:14:42 Map: 0 done vs. 8 working, Reduce 0 done vs. 0 working
2024/03/04 21:14:43 Coordinator work
2024/03/04 21:14:43 Coordinator status 0
2024/03/04 21:14:43 Coordinator work
2024/03/04 21:14:43 Coordinator status 0
2024/03/04 21:14:43 Coordinator work
2024/03/04 21:14:43 Coordinator status 0
2024/03/04 21:14:44 IsDone &{0 2024-03-04 21:14:43.483621391 +0800 CST m=+1.017515446 0xc00007e360} true
2024/03/04 21:14:44 Order 0 finish Map
2024/03/04 21:14:45 IsDone &{0 2024-03-04 21:14:43.489059034 +0800 CST m=+1.022953089 0xc00007e3f0} true
2024/03/04 21:14:45 Order 1 finish Map
2024/03/04 21:14:45 Coordinator work
2024/03/04 21:14:45 Coordinator status 0
2024/03/04 21:14:45 IsDone &{0 2024-03-04 21:14:43.508985132 +0800 CST m=+1.042879190 0xc00007e480} true
2024/03/04 21:14:45 Order 2 finish Map
2024/03/04 21:14:46 Coordinator work
2024/03/04 21:14:46 Coordinator status 0
2024/03/04 21:14:46 Coordinator work
2024/03/04 21:14:46 Coordinator status 0
2024/03/04 21:14:46 IsDone &{0 2024-03-04 21:14:45.174501237 +0800 CST m=+2.708395289 0xc00007e510} true
2024/03/04 21:14:46 Order 3 finish Map
2024/03/04 21:14:46 IsDone &{0 2024-03-04 21:14:46.243306628 +0800 CST m=+3.777200677 0xc00007e630} true
2024/03/04 21:14:46 Order 5 finish Map
2024/03/04 21:14:47 Coordinator work
2024/03/04 21:14:47 Coordinator status 0
2024/03/04 21:14:47 Coordinator work
2024/03/04 21:14:47 Coordinator status 0
2024/03/04 21:14:47 IsDone &{0 2024-03-04 21:14:46.036325569 +0800 CST m=+3.570219621 0xc00007e5a0} true
2024/03/04 21:14:47 Order 4 finish Map
2024/03/04 21:14:48 Coordinator work
2024/03/04 21:14:48 Coordinator status 0
2024/03/04 21:14:48 Map: 6 done vs. 2 working, Reduce 0 done vs. 0 working
2024/03/04 21:14:49 IsDone &{0 2024-03-04 21:14:47.898726024 +0800 CST m=+5.432620073 0xc00007e750} true
2024/03/04 21:14:49 Order 7 finish Map
2024/03/04 21:14:49 IsDone &{0 2024-03-04 21:14:47.776472166 +0800 CST m=+5.310366220 0xc00007e6c0} true
2024/03/04 21:14:49 Order 6 finish Map
2024/03/04 21:14:50 Coordinator work
2024/03/04 21:14:50 Coordinator status 0
2024/03/04 21:14:50 Map: 8 done vs. 0 working, Reduce 0 done vs. 0 working
2024/03/04 21:14:50 forward: forward to Reuce Phase
2024/03/04 21:14:50 making reduce order : 8
2024/03/04 21:14:50 making reduce order : 9
2024/03/04 21:14:50 making reduce order : 10
2024/03/04 21:14:50 making reduce order : 11
2024/03/04 21:14:50 making reduce order : 12
2024/03/04 21:14:50 making reduce order : 13
2024/03/04 21:14:50 making reduce order : 14
2024/03/04 21:14:50 making reduce order : 15
2024/03/04 21:14:50 making reduce order : 16
2024/03/04 21:14:50 making reduce order : 17
2024/03/04 21:14:50 done with make reduce order
2024/03/04 21:14:50 Map: 8 done vs. 0 working, Reduce 0 done vs. 10 working
2024/03/04 21:14:50 Coordinator work
2024/03/04 21:14:50 Coordinator status 1
2024/03/04 21:14:50 Coordinator work
2024/03/04 21:14:50 Coordinator status 1
2024/03/04 21:14:51 Order 8 finish Reduce
2024/03/04 21:14:51 Order 9 finish Reduce
2024/03/04 21:14:52 Coordinator work
2024/03/04 21:14:52 Coordinator status 1
2024/03/04 21:14:52 Coordinator work
2024/03/04 21:14:52 Coordinator status 1
2024/03/04 21:14:52 Coordinator work
2024/03/04 21:14:52 Coordinator status 1
2024/03/04 21:14:53 Order 11 finish Reduce
2024/03/04 21:14:53 Order 10 finish Reduce
2024/03/04 21:14:53 Order 12 finish Reduce
2024/03/04 21:14:54 Coordinator work
2024/03/04 21:14:54 Coordinator status 1
2024/03/04 21:14:54 Coordinator work
2024/03/04 21:14:54 Coordinator status 1
2024/03/04 21:14:54 Coordinator work
2024/03/04 21:14:54 Coordinator status 1
2024/03/04 21:14:54 Order 13 finish Reduce
2024/03/04 21:14:55 Order 15 finish Reduce
2024/03/04 21:14:55 Coordinator work
2024/03/04 21:14:55 Coordinator status 1
2024/03/04 21:14:55 Order 14 finish Reduce
2024/03/04 21:14:56 Coordinator work
2024/03/04 21:14:56 Coordinator status 1
2024/03/04 21:14:56 Order 16 finish Reduce
2024/03/04 21:14:56 Coordinator work
2024/03/04 21:14:56 Coordinator status 1
2024/03/04 21:14:56 Map: 8 done vs. 0 working, Reduce 9 done vs. 1 working
2024/03/04 21:14:57 Order 17 finish Reduce
2024/03/04 21:14:57 Coordinator work
2024/03/04 21:14:57 Coordinator status 1
2024/03/04 21:14:57 Map: 8 done vs. 0 working, Reduce 10 done vs. 0 working
2024/03/04 21:14:57 forward: forward to done phase
2024/03/04 21:14:58 Coordinator work
2024/03/04 21:14:58 Coordinator status 2
2024/03/04 21:14:58 Coordinator work
2024/03/04 21:14:58 Coordinator status 2
