2024/03/05 01:37:21 making map order &{0 [../pg-being_ernest.txt] 0 10}
2024/03/05 01:37:21 making map order &{0 [../pg-dorian_gray.txt] 1 10}
2024/03/05 01:37:21 making map order &{0 [../pg-frankenstein.txt] 2 10}
2024/03/05 01:37:21 making map order &{0 [../pg-grimm.txt] 3 10}
2024/03/05 01:37:21 making map order &{0 [../pg-huckleberry_finn.txt] 4 10}
2024/03/05 01:37:21 making map order &{0 [../pg-metamorphosis.txt] 5 10}
2024/03/05 01:37:21 making map order &{0 [../pg-sherlock_holmes.txt] 6 10}
2024/03/05 01:37:21 making map order &{0 [../pg-tom_sawyer.txt] 7 10}
2024/03/05 01:37:21 done with make map order
2024/03/05 01:37:21 Map: 0 done vs. 8 working, Reduce 0 done vs. 0 working
2024/03/05 01:37:22 Coordinator work
2024/03/05 01:37:22 Coordinator status 0
2024/03/05 01:37:22 Coordinator work
2024/03/05 01:37:22 Coordinator status 0
2024/03/05 01:37:22 IsDone &{0 2024-03-05 01:37:22.203735353 +0800 CST m=+1.014960136 0xc0001044e0} true
2024/03/05 01:37:22 Order 0 finish Map
2024/03/05 01:37:22 IsDone &{0 2024-03-05 01:37:22.206544189 +0800 CST m=+1.017768978 0xc000104570} true
2024/03/05 01:37:22 Order 1 finish Map
2024/03/05 01:37:23 Coordinator work
2024/03/05 01:37:23 Coordinator status 0
2024/03/05 01:37:23 IsDone &{0 2024-03-05 01:37:23.291987176 +0800 CST m=+2.103211959 0xc000104600} true
2024/03/05 01:37:23 Order 2 finish Map
2024/03/05 01:37:23 Coordinator work
2024/03/05 01:37:23 Coordinator status 0
2024/03/05 01:37:23 IsDone &{0 2024-03-05 01:37:23.482762483 +0800 CST m=+2.293987268 0xc000104690} true
2024/03/05 01:37:23 Order 3 finish Map
2024/03/05 01:37:24 Coordinator work
2024/03/05 01:37:24 Coordinator status 0
2024/03/05 01:37:24 Coordinator work
2024/03/05 01:37:24 Coordinator status 0
2024/03/05 01:37:24 IsDone &{0 2024-03-05 01:37:24.653032925 +0800 CST m=+3.464257707 0xc0001047b0} true
2024/03/05 01:37:24 Order 5 finish Map
2024/03/05 01:37:24 IsDone &{0 2024-03-05 01:37:24.480172379 +0800 CST m=+3.291397165 0xc000104720} true
2024/03/05 01:37:24 Order 4 finish Map
2024/03/05 01:37:25 Coordinator work
2024/03/05 01:37:25 Coordinator status 0
2024/03/05 01:37:25 Coordinator work
2024/03/05 01:37:25 Coordinator status 0
2024/03/05 01:37:26 IsDone &{0 2024-03-05 01:37:25.745885 +0800 CST m=+4.557109786 0xc0001048d0} true
2024/03/05 01:37:26 Order 7 finish Map
2024/03/05 01:37:26 IsDone &{0 2024-03-05 01:37:25.731703418 +0800 CST m=+4.542928201 0xc000104840} true
2024/03/05 01:37:26 Order 6 finish Map
2024/03/05 01:37:27 Coordinator work
2024/03/05 01:37:27 Coordinator status 0
2024/03/05 01:37:27 Map: 8 done vs. 0 working, Reduce 0 done vs. 0 working
2024/03/05 01:37:27 forward: forward to Reuce Phase
2024/03/05 01:37:27 making reduce order : 8
2024/03/05 01:37:27 making reduce order : 9
2024/03/05 01:37:27 making reduce order : 10
2024/03/05 01:37:27 making reduce order : 11
2024/03/05 01:37:27 making reduce order : 12
2024/03/05 01:37:27 making reduce order : 13
2024/03/05 01:37:27 making reduce order : 14
2024/03/05 01:37:27 making reduce order : 15
2024/03/05 01:37:27 making reduce order : 16
2024/03/05 01:37:27 making reduce order : 17
2024/03/05 01:37:27 done with make reduce order
2024/03/05 01:37:27 Map: 8 done vs. 0 working, Reduce 0 done vs. 10 working
2024/03/05 01:37:27 Coordinator work
2024/03/05 01:37:27 Coordinator status 1
2024/03/05 01:37:27 Order 8 finish Reduce
2024/03/05 01:37:28 Coordinator work
2024/03/05 01:37:28 Coordinator status 1
2024/03/05 01:37:28 Order 9 finish Reduce
2024/03/05 01:37:29 Coordinator work
2024/03/05 01:37:29 Coordinator status 1
2024/03/05 01:37:29 Order 10 finish Reduce
2024/03/05 01:37:29 Coordinator work
2024/03/05 01:37:29 Coordinator status 1
2024/03/05 01:37:29 Order 11 finish Reduce
2024/03/05 01:37:30 Coordinator work
2024/03/05 01:37:30 Coordinator status 1
2024/03/05 01:37:30 Order 12 finish Reduce
2024/03/05 01:37:30 Coordinator work
2024/03/05 01:37:30 Coordinator status 1
2024/03/05 01:37:30 Order 13 finish Reduce
2024/03/05 01:37:31 Coordinator work
2024/03/05 01:37:31 Coordinator status 1
2024/03/05 01:37:31 Order 14 finish Reduce
2024/03/05 01:37:31 Coordinator work
2024/03/05 01:37:31 Coordinator status 1
2024/03/05 01:37:31 Order 15 finish Reduce
2024/03/05 01:37:32 Coordinator work
2024/03/05 01:37:32 Coordinator status 1
2024/03/05 01:37:32 Order 16 finish Reduce
2024/03/05 01:37:32 Coordinator work
2024/03/05 01:37:32 Coordinator status 1
2024/03/05 01:37:32 Order 17 finish Reduce
2024/03/05 01:37:33 Coordinator work
2024/03/05 01:37:33 Coordinator status 1
2024/03/05 01:37:33 Map: 8 done vs. 0 working, Reduce 10 done vs. 0 working
2024/03/05 01:37:33 forward: forward to done phase
2024/03/05 01:37:33 Coordinator work
2024/03/05 01:37:33 Coordinator status 2
