2024/03/05 10:43:22 making map order &{0 [../pg-being_ernest.txt] 0 10}
2024/03/05 10:43:22 making map order &{0 [../pg-dorian_gray.txt] 1 10}
2024/03/05 10:43:22 making map order &{0 [../pg-frankenstein.txt] 2 10}
2024/03/05 10:43:22 making map order &{0 [../pg-grimm.txt] 3 10}
2024/03/05 10:43:22 making map order &{0 [../pg-huckleberry_finn.txt] 4 10}
2024/03/05 10:43:22 making map order &{0 [../pg-metamorphosis.txt] 5 10}
2024/03/05 10:43:22 making map order &{0 [../pg-sherlock_holmes.txt] 6 10}
2024/03/05 10:43:22 making map order &{0 [../pg-tom_sawyer.txt] 7 10}
2024/03/05 10:43:22 done with make map order
2024/03/05 10:43:22 Map: 0 done vs. 8 working, Reduce 0 done vs. 0 working
2024/03/05 10:43:23 Coordinator work
2024/03/05 10:43:23 Coordinator status 0
2024/03/05 10:43:23 Coordinator work
2024/03/05 10:43:23 Coordinator status 0
2024/03/05 10:43:23 IsDone &{0 2024-03-05 10:43:23.769485251 +0800 CST m=+1.024063131 0xc00008a390} true
2024/03/05 10:43:23 Order 0 finish Map
2024/03/05 10:43:23 IsDone &{0 2024-03-05 10:43:23.777294798 +0800 CST m=+1.031872683 0xc00008a420} true
2024/03/05 10:43:23 Order 1 finish Map
2024/03/05 10:43:24 Coordinator work
2024/03/05 10:43:24 Coordinator status 0
2024/03/05 10:43:24 Coordinator work
2024/03/05 10:43:24 Coordinator status 0
2024/03/05 10:43:24 IsDone &{0 2024-03-05 10:43:24.793705913 +0800 CST m=+2.048283809 0xc00008a4b0} true
2024/03/05 10:43:24 Order 2 finish Map
2024/03/05 10:43:24 IsDone &{0 2024-03-05 10:43:24.803080228 +0800 CST m=+2.057658111 0xc00008a540} true
2024/03/05 10:43:24 Order 3 finish Map
2024/03/05 10:43:25 Coordinator work
2024/03/05 10:43:25 Coordinator status 0
2024/03/05 10:43:25 Coordinator work
2024/03/05 10:43:25 Coordinator status 0
2024/03/05 10:43:25 IsDone &{0 2024-03-05 10:43:25.825528476 +0800 CST m=+3.080106355 0xc00008a660} true
2024/03/05 10:43:25 Order 5 finish Map
2024/03/05 10:43:25 IsDone &{0 2024-03-05 10:43:25.811453295 +0800 CST m=+3.066031177 0xc00008a5d0} true
2024/03/05 10:43:25 Order 4 finish Map
2024/03/05 10:43:26 Coordinator work
2024/03/05 10:43:26 Coordinator status 0
2024/03/05 10:43:26 Coordinator work
2024/03/05 10:43:26 Coordinator status 0
2024/03/05 10:43:26 IsDone &{0 2024-03-05 10:43:26.83756481 +0800 CST m=+4.092142709 0xc00008a780} true
2024/03/05 10:43:26 Order 7 finish Map
2024/03/05 10:43:26 IsDone &{0 2024-03-05 10:43:26.836877025 +0800 CST m=+4.091454907 0xc00008a6f0} true
2024/03/05 10:43:26 Order 6 finish Map
2024/03/05 10:43:27 Coordinator work
2024/03/05 10:43:27 Coordinator status 0
2024/03/05 10:43:27 Map: 8 done vs. 0 working, Reduce 0 done vs. 0 working
2024/03/05 10:43:27 forward: forward to Reuce Phase
2024/03/05 10:43:27 making reduce order : 8
2024/03/05 10:43:27 making reduce order : 9
2024/03/05 10:43:27 making reduce order : 10
2024/03/05 10:43:27 making reduce order : 11
2024/03/05 10:43:27 making reduce order : 12
2024/03/05 10:43:27 making reduce order : 13
2024/03/05 10:43:27 making reduce order : 14
2024/03/05 10:43:27 making reduce order : 15
2024/03/05 10:43:27 making reduce order : 16
2024/03/05 10:43:27 Coordinator work
2024/03/05 10:43:27 making reduce order : 17
2024/03/05 10:43:27 done with make reduce order
2024/03/05 10:43:27 Map: 8 done vs. 0 working, Reduce 0 done vs. 10 working
2024/03/05 10:43:27 Coordinator status 1
2024/03/05 10:43:28 Order 8 finish Reduce
2024/03/05 10:43:29 Coordinator work
2024/03/05 10:43:29 Coordinator status 1
2024/03/05 10:43:29 Coordinator work
2024/03/05 10:43:29 Coordinator status 1
2024/03/05 10:43:30 Order 9 finish Reduce
2024/03/05 10:43:30 Order 10 finish Reduce
2024/03/05 10:43:31 Coordinator work
2024/03/05 10:43:31 Coordinator status 1
2024/03/05 10:43:31 Coordinator work
2024/03/05 10:43:31 Coordinator status 1
2024/03/05 10:43:33 Order 11 finish Reduce
2024/03/05 10:43:33 Order 12 finish Reduce
2024/03/05 10:43:34 Coordinator work
2024/03/05 10:43:34 Coordinator status 1
2024/03/05 10:43:34 Coordinator work
2024/03/05 10:43:34 Coordinator status 1
2024/03/05 10:43:35 Order 13 finish Reduce
2024/03/05 10:43:35 Order 14 finish Reduce
2024/03/05 10:43:36 Coordinator work
2024/03/05 10:43:36 Coordinator status 1
2024/03/05 10:43:36 Order 15 finish Reduce
2024/03/05 10:43:36 Coordinator work
2024/03/05 10:43:36 Coordinator status 1
2024/03/05 10:43:36 Order 16 finish Reduce
2024/03/05 10:43:37 Coordinator work
2024/03/05 10:43:37 Coordinator status 1
2024/03/05 10:43:37 Coordinator work
2024/03/05 10:43:37 Coordinator status 1
2024/03/05 10:43:37 Map: 8 done vs. 0 working, Reduce 9 done vs. 1 working
2024/03/05 10:43:38 Order 17 finish Reduce
2024/03/05 10:43:39 Coordinator work
2024/03/05 10:43:39 Coordinator status 1
2024/03/05 10:43:39 Map: 8 done vs. 0 working, Reduce 10 done vs. 0 working
2024/03/05 10:43:39 forward: forward to done phase
2024/03/05 10:43:39 Coordinator work
2024/03/05 10:43:39 Coordinator status 2
