2024/03/04 22:36:40 making map order &{0 [../pg-being_ernest.txt] 0 10}
2024/03/04 22:36:40 making map order &{0 [../pg-dorian_gray.txt] 1 10}
2024/03/04 22:36:40 making map order &{0 [../pg-frankenstein.txt] 2 10}
2024/03/04 22:36:40 making map order &{0 [../pg-grimm.txt] 3 10}
2024/03/04 22:36:40 making map order &{0 [../pg-huckleberry_finn.txt] 4 10}
2024/03/04 22:36:40 making map order &{0 [../pg-metamorphosis.txt] 5 10}
2024/03/04 22:36:40 making map order &{0 [../pg-sherlock_holmes.txt] 6 10}
2024/03/04 22:36:40 making map order &{0 [../pg-tom_sawyer.txt] 7 10}
2024/03/04 22:36:40 done with make map order
2024/03/04 22:36:40 Map: 0 done vs. 8 working, Reduce 0 done vs. 0 working
2024/03/04 22:36:41 Coordinator work
2024/03/04 22:36:41 Coordinator status 0
2024/03/04 22:36:41 Coordinator work
2024/03/04 22:36:41 Coordinator status 0
2024/03/04 22:36:41 Coordinator work
2024/03/04 22:36:41 Coordinator status 0
2024/03/04 22:36:41 IsDone &{0 2024-03-04 22:36:41.482328095 +0800 CST m=+1.041382154 0xc000114060} true
2024/03/04 22:36:41 Order 0 finish Map
2024/03/04 22:36:41 IsDone &{0 2024-03-04 22:36:41.48985174 +0800 CST m=+1.048905803 0xc000114180} true
2024/03/04 22:36:41 Order 2 finish Map
2024/03/04 22:36:41 IsDone &{0 2024-03-04 22:36:41.483500604 +0800 CST m=+1.042554665 0xc0001140f0} true
2024/03/04 22:36:41 Order 1 finish Map
2024/03/04 22:36:42 Coordinator work
2024/03/04 22:36:42 Coordinator status 0
2024/03/04 22:36:42 Coordinator work
2024/03/04 22:36:42 Coordinator status 0
2024/03/04 22:36:42 Coordinator work
2024/03/04 22:36:42 Coordinator status 0
2024/03/04 22:36:42 IsDone &{0 2024-03-04 22:36:42.520238075 +0800 CST m=+2.079292125 0xc000114330} true
2024/03/04 22:36:42 Order 5 finish Map
2024/03/04 22:36:42 IsDone &{0 2024-03-04 22:36:42.501491517 +0800 CST m=+2.060545573 0xc000114210} true
2024/03/04 22:36:42 Order 3 finish Map
2024/03/04 22:36:42 IsDone &{0 2024-03-04 22:36:42.514666271 +0800 CST m=+2.073720333 0xc0001142a0} true
2024/03/04 22:36:42 Order 4 finish Map
2024/03/04 22:36:43 Coordinator work
2024/03/04 22:36:43 Coordinator status 0
2024/03/04 22:36:43 Coordinator work
2024/03/04 22:36:43 Coordinator status 0
2024/03/04 22:36:43 Coordinator work
2024/03/04 22:36:43 Coordinator status 0
2024/03/04 22:36:43 Map: 6 done vs. 2 working, Reduce 0 done vs. 0 working
2024/03/04 22:36:43 IsDone &{0 2024-03-04 22:36:43.532276089 +0800 CST m=+3.091330148 0xc000114450} true
2024/03/04 22:36:43 Order 7 finish Map
2024/03/04 22:36:43 IsDone &{0 2024-03-04 22:36:43.531555737 +0800 CST m=+3.090609792 0xc0001143c0} true
2024/03/04 22:36:43 Order 6 finish Map
2024/03/04 22:36:44 Coordinator work
2024/03/04 22:36:44 Coordinator status 0
2024/03/04 22:36:44 Map: 8 done vs. 0 working, Reduce 0 done vs. 0 working
2024/03/04 22:36:44 forward: forward to Reuce Phase
2024/03/04 22:36:44 making reduce order : 8
2024/03/04 22:36:44 making reduce order : 9
2024/03/04 22:36:44 making reduce order : 10
2024/03/04 22:36:44 making reduce order : 11
2024/03/04 22:36:44 making reduce order : 12
2024/03/04 22:36:44 making reduce order : 13
2024/03/04 22:36:44 making reduce order : 14
2024/03/04 22:36:44 making reduce order : 15
2024/03/04 22:36:44 making reduce order : 16
2024/03/04 22:36:44 making reduce order : 17
2024/03/04 22:36:44 done with make reduce order
2024/03/04 22:36:44 Map: 8 done vs. 0 working, Reduce 0 done vs. 10 working
2024/03/04 22:36:44 Coordinator work
2024/03/04 22:36:44 Coordinator status 1
2024/03/04 22:36:44 Order 8 finish Reduce
2024/03/04 22:36:45 Coordinator work
2024/03/04 22:36:45 Coordinator status 1
2024/03/04 22:36:45 Order 9 finish Reduce
2024/03/04 22:36:45 Coordinator work
2024/03/04 22:36:45 Coordinator status 1
2024/03/04 22:36:46 Coordinator work
2024/03/04 22:36:46 Coordinator status 1
2024/03/04 22:36:46 Order 11 finish Reduce
2024/03/04 22:36:46 Coordinator work
2024/03/04 22:36:46 Coordinator status 1
2024/03/04 22:36:46 Order 12 finish Reduce
2024/03/04 22:36:47 Coordinator work
2024/03/04 22:36:47 Coordinator status 1
2024/03/04 22:36:47 Order 13 finish Reduce
2024/03/04 22:36:47 Coordinator work
2024/03/04 22:36:47 Coordinator status 1
2024/03/04 22:36:48 Coordinator work
2024/03/04 22:36:48 Coordinator status 1
2024/03/04 22:36:48 Order 15 finish Reduce
2024/03/04 22:36:48 Order 10 finish Reduce
2024/03/04 22:36:49 Coordinator work
2024/03/04 22:36:49 Coordinator status 1
2024/03/04 22:36:49 Coordinator work
2024/03/04 22:36:49 Coordinator status 1
2024/03/04 22:36:49 Order 16 finish Reduce
2024/03/04 22:36:49 Order 17 finish Reduce
2024/03/04 22:36:50 Order 14 finish Reduce
2024/03/04 22:36:50 Coordinator work
2024/03/04 22:36:50 Coordinator status 1
2024/03/04 22:36:50 Map: 8 done vs. 0 working, Reduce 10 done vs. 0 working
2024/03/04 22:36:50 forward: forward to done phase
2024/03/04 22:36:50 Coordinator work
2024/03/04 22:36:50 Coordinator status 2
2024/03/04 22:36:51 Coordinator work
2024/03/04 22:36:51 Coordinator status 2
