2024/03/05 12:25:12 making map order &{0 [../pg-being_ernest.txt] 0 10}
2024/03/05 12:25:12 making map order &{0 [../pg-dorian_gray.txt] 1 10}
2024/03/05 12:25:12 making map order &{0 [../pg-frankenstein.txt] 2 10}
2024/03/05 12:25:12 making map order &{0 [../pg-grimm.txt] 3 10}
2024/03/05 12:25:12 making map order &{0 [../pg-huckleberry_finn.txt] 4 10}
2024/03/05 12:25:12 making map order &{0 [../pg-metamorphosis.txt] 5 10}
2024/03/05 12:25:12 making map order &{0 [../pg-sherlock_holmes.txt] 6 10}
2024/03/05 12:25:12 making map order &{0 [../pg-tom_sawyer.txt] 7 10}
2024/03/05 12:25:12 done with make map order
2024/03/05 12:25:12 Map: 0 done vs. 8 working, Reduce 0 done vs. 0 working
2024/03/05 12:25:13 Coordinator work
2024/03/05 12:25:13 Coordinator status 0
2024/03/05 12:25:13 Coordinator work
2024/03/05 12:25:13 Coordinator status 0
2024/03/05 12:25:13 Coordinator work
2024/03/05 12:25:13 Coordinator status 0
2024/03/05 12:25:13 Coordinator work
2024/03/05 12:25:13 Coordinator status 0
2024/03/05 12:25:13 IsDone &{0 2024-03-05 12:25:13.078959939 +0800 CST m=+1.047250777 0xc00009ddd0} true
2024/03/05 12:25:13 Order 0 finish Map
2024/03/05 12:25:13 IsDone &{0 2024-03-05 12:25:13.082625811 +0800 CST m=+1.050916654 0xc00009def0} true
2024/03/05 12:25:13 Order 2 finish Map
2024/03/05 12:25:14 Coordinator work
2024/03/05 12:25:14 Coordinator status 0
2024/03/05 12:25:14 Coordinator work
2024/03/05 12:25:14 Coordinator status 0
2024/03/05 12:25:14 Coordinator work
2024/03/05 12:25:14 Coordinator status 0
2024/03/05 12:25:15 Coordinator work
2024/03/05 12:25:15 Coordinator status 0
2024/03/05 12:25:15 IsDone &{0 2024-03-05 12:25:15.183582665 +0800 CST m=+3.151873512 0xc0001181e0} true
2024/03/05 12:25:15 Order 7 finish Map
2024/03/05 12:25:16 Coordinator work
2024/03/05 12:25:16 Coordinator status 0
2024/03/05 12:25:16 Map: 3 done vs. 5 working, Reduce 0 done vs. 0 working
2024/03/05 12:25:18 Coordinator work
2024/03/05 12:25:18 Coordinator status 0
2024/03/05 12:25:18 Map: 3 done vs. 5 working, Reduce 0 done vs. 0 working
2024/03/05 12:25:20 Coordinator work
2024/03/05 12:25:20 Coordinator status 0
2024/03/05 12:25:20 Map: 3 done vs. 5 working, Reduce 0 done vs. 0 working
2024/03/05 12:25:21 IsDone &{0 2024-03-05 12:25:14.111202368 +0800 CST m=+2.079493211 0xc000118030} true
2024/03/05 12:25:21 Order 4 finish Map
2024/03/05 12:25:22 Coordinator work
2024/03/05 12:25:22 Coordinator status 0
2024/03/05 12:25:22 Map: 4 done vs. 4 working, Reduce 0 done vs. 0 working
2024/03/05 12:25:22 Coordinator work
2024/03/05 12:25:22 Coordinator status 0
2024/03/05 12:25:22 Map: 4 done vs. 4 working, Reduce 0 done vs. 0 working
2024/03/05 12:25:23 IsDone &{0 2024-03-05 12:25:14.113374471 +0800 CST m=+2.081665314 0xc0001180c0} true
2024/03/05 12:25:23 Order 5 finish Map
2024/03/05 12:25:24 Coordiantor restart Map order 3
2024/03/05 12:25:24 Coordiantor restart Map order 1
2024/03/05 12:25:24 Coordinator work
2024/03/05 12:25:24 Coordinator status 0
2024/03/05 12:25:24 IsDone &{0 2024-03-05 12:25:24.21165685 +0800 CST m=+12.179947696 0xc00009df80} true
2024/03/05 12:25:24 Order 3 finish Map
2024/03/05 12:25:24 Coordinator work
2024/03/05 12:25:24 Coordinator status 0
2024/03/05 12:25:24 Coordinator work
2024/03/05 12:25:24 Coordinator status 0
2024/03/05 12:25:24 Map: 6 done vs. 2 working, Reduce 0 done vs. 0 working
2024/03/05 12:25:25 Coordiantor restart Map order 6
2024/03/05 12:25:25 Coordinator work
2024/03/05 12:25:25 Coordinator status 0
2024/03/05 12:25:26 IsDone &{0 2024-03-05 12:25:25.230631848 +0800 CST m=+13.198922695 0xc000118150} true
2024/03/05 12:25:26 Order 6 finish Map
2024/03/05 12:25:26 Coordinator work
2024/03/05 12:25:26 Coordinator status 0
2024/03/05 12:25:26 Map: 7 done vs. 1 working, Reduce 0 done vs. 0 working
2024/03/05 12:25:27 Coordinator work
2024/03/05 12:25:27 Coordinator status 0
2024/03/05 12:25:27 Map: 7 done vs. 1 working, Reduce 0 done vs. 0 working
2024/03/05 12:25:28 Coordinator work
2024/03/05 12:25:28 Coordinator status 0
2024/03/05 12:25:28 Map: 7 done vs. 1 working, Reduce 0 done vs. 0 working
2024/03/05 12:25:29 Coordinator work
2024/03/05 12:25:29 Coordinator status 0
2024/03/05 12:25:29 Map: 7 done vs. 1 working, Reduce 0 done vs. 0 working
2024/03/05 12:25:30 Coordinator work
2024/03/05 12:25:30 Coordinator status 0
2024/03/05 12:25:30 Map: 7 done vs. 1 working, Reduce 0 done vs. 0 working
2024/03/05 12:25:31 Coordinator work
2024/03/05 12:25:31 Coordinator status 0
2024/03/05 12:25:31 Map: 7 done vs. 1 working, Reduce 0 done vs. 0 working
2024/03/05 12:25:32 IsDone &{0 2024-03-05 12:25:24.492171346 +0800 CST m=+12.460462192 0xc00009de60} true
2024/03/05 12:25:32 Order 1 finish Map
2024/03/05 12:25:32 Coordinator work
2024/03/05 12:25:32 Coordinator status 0
2024/03/05 12:25:32 Map: 8 done vs. 0 working, Reduce 0 done vs. 0 working
2024/03/05 12:25:32 forward: forward to Reuce Phase
2024/03/05 12:25:32 making reduce order : 8
2024/03/05 12:25:32 making reduce order : 9
2024/03/05 12:25:32 making reduce order : 10
2024/03/05 12:25:32 making reduce order : 11
2024/03/05 12:25:32 making reduce order : 12
2024/03/05 12:25:32 making reduce order : 13
2024/03/05 12:25:32 making reduce order : 14
2024/03/05 12:25:32 making reduce order : 15
2024/03/05 12:25:32 making reduce order : 16
2024/03/05 12:25:32 making reduce order : 17
2024/03/05 12:25:32 done with make reduce order
2024/03/05 12:25:32 Map: 8 done vs. 0 working, Reduce 0 done vs. 10 working
2024/03/05 12:25:33 Coordinator work
2024/03/05 12:25:33 Coordinator status 1
2024/03/05 12:25:33 Coordinator work
2024/03/05 12:25:33 Coordinator status 1
2024/03/05 12:25:33 Order 9 finish Reduce
2024/03/05 12:25:34 Coordinator work
2024/03/05 12:25:34 Coordinator status 1
2024/03/05 12:25:34 Order 10 finish Reduce
2024/03/05 12:25:34 Coordinator work
2024/03/05 12:25:34 Coordinator status 1
2024/03/05 12:25:34 Order 11 finish Reduce
2024/03/05 12:25:34 Coordinator work
2024/03/05 12:25:34 Coordinator status 1
2024/03/05 12:25:34 Order 12 finish Reduce
2024/03/05 12:25:35 Coordinator work
2024/03/05 12:25:35 Coordinator status 1
2024/03/05 12:25:35 Coordinator work
2024/03/05 12:25:35 Coordinator status 1
2024/03/05 12:25:35 Order 14 finish Reduce
2024/03/05 12:25:35 Coordinator work
2024/03/05 12:25:35 Coordinator status 1
2024/03/05 12:25:35 Order 15 finish Reduce
2024/03/05 12:25:36 Coordinator work
2024/03/05 12:25:36 Coordinator status 1
2024/03/05 12:25:36 Order 16 finish Reduce
2024/03/05 12:25:36 Coordinator work
2024/03/05 12:25:36 Coordinator status 1
2024/03/05 12:25:36 Coordinator work
2024/03/05 12:25:36 Coordinator status 1
2024/03/05 12:25:36 Map: 8 done vs. 0 working, Reduce 7 done vs. 3 working
2024/03/05 12:25:37 Coordinator work
2024/03/05 12:25:37 Coordinator status 1
2024/03/05 12:25:37 Map: 8 done vs. 0 working, Reduce 7 done vs. 3 working
2024/03/05 12:25:37 Coordinator work
2024/03/05 12:25:37 Coordinator status 1
2024/03/05 12:25:37 Map: 8 done vs. 0 working, Reduce 7 done vs. 3 working
2024/03/05 12:25:38 Coordinator work
2024/03/05 12:25:38 Coordinator status 1
2024/03/05 12:25:38 Map: 8 done vs. 0 working, Reduce 7 done vs. 3 working
2024/03/05 12:25:39 Coordinator work
2024/03/05 12:25:39 Coordinator status 1
2024/03/05 12:25:39 Map: 8 done vs. 0 working, Reduce 7 done vs. 3 working
2024/03/05 12:25:39 Coordinator work
2024/03/05 12:25:39 Coordinator status 1
2024/03/05 12:25:39 Map: 8 done vs. 0 working, Reduce 7 done vs. 3 working
2024/03/05 12:25:40 Coordinator work
2024/03/05 12:25:40 Coordinator status 1
2024/03/05 12:25:40 Map: 8 done vs. 0 working, Reduce 7 done vs. 3 working
2024/03/05 12:25:41 Coordinator work
2024/03/05 12:25:41 Coordinator status 1
2024/03/05 12:25:41 Map: 8 done vs. 0 working, Reduce 7 done vs. 3 working
2024/03/05 12:25:41 Coordinator work
2024/03/05 12:25:41 Coordinator status 1
2024/03/05 12:25:41 Map: 8 done vs. 0 working, Reduce 7 done vs. 3 working
2024/03/05 12:25:42 Coordinator work
2024/03/05 12:25:42 Coordinator status 1
2024/03/05 12:25:42 Map: 8 done vs. 0 working, Reduce 7 done vs. 3 working
2024/03/05 12:25:43 Coordinator work
2024/03/05 12:25:43 Coordinator status 1
2024/03/05 12:25:43 Map: 8 done vs. 0 working, Reduce 7 done vs. 3 working
2024/03/05 12:25:43 Coordinator work
2024/03/05 12:25:43 Coordinator status 1
2024/03/05 12:25:43 Map: 8 done vs. 0 working, Reduce 7 done vs. 3 working
2024/03/05 12:25:44 Coordiantor restart Reduce order 8
2024/03/05 12:25:44 Coordinator work
2024/03/05 12:25:44 Coordinator status 1
2024/03/05 12:25:45 Coordinator work
2024/03/05 12:25:45 Coordinator status 1
2024/03/05 12:25:45 Map: 8 done vs. 0 working, Reduce 7 done vs. 3 working
2024/03/05 12:25:45 Coordinator work
2024/03/05 12:25:45 Coordinator status 1
2024/03/05 12:25:45 Map: 8 done vs. 0 working, Reduce 7 done vs. 3 working
2024/03/05 12:25:46 Coordiantor restart Reduce order 13
2024/03/05 12:25:47 Coordiantor restart Reduce order 17
2024/03/05 12:25:47 Coordinator work
2024/03/05 12:25:47 Coordinator status 1
2024/03/05 12:25:47 Order 13 finish Reduce
2024/03/05 12:25:47 Coordinator work
2024/03/05 12:25:47 Coordinator status 1
2024/03/05 12:25:47 Order 17 finish Reduce
2024/03/05 12:25:48 Coordinator work
2024/03/05 12:25:48 Coordinator status 1
2024/03/05 12:25:48 Map: 8 done vs. 0 working, Reduce 9 done vs. 1 working
2024/03/05 12:25:48 Coordinator work
2024/03/05 12:25:48 Coordinator status 1
2024/03/05 12:25:48 Map: 8 done vs. 0 working, Reduce 9 done vs. 1 working
2024/03/05 12:25:49 Order 8 finish Reduce
2024/03/05 12:25:50 Coordinator work
2024/03/05 12:25:50 Coordinator status 1
2024/03/05 12:25:50 Map: 8 done vs. 0 working, Reduce 10 done vs. 0 working
2024/03/05 12:25:50 forward: forward to done phase
2024/03/05 12:25:50 Coordinator work
2024/03/05 12:25:50 Coordinator status 2
2024/03/05 12:25:50 Coordinator work
2024/03/05 12:25:50 Coordinator status 2
