2024/03/05 08:40:27 making map order &{0 [../pg-being_ernest.txt] 0 10}
2024/03/05 08:40:27 making map order &{0 [../pg-dorian_gray.txt] 1 10}
2024/03/05 08:40:27 making map order &{0 [../pg-frankenstein.txt] 2 10}
2024/03/05 08:40:27 making map order &{0 [../pg-grimm.txt] 3 10}
2024/03/05 08:40:27 making map order &{0 [../pg-huckleberry_finn.txt] 4 10}
2024/03/05 08:40:27 making map order &{0 [../pg-metamorphosis.txt] 5 10}
2024/03/05 08:40:27 making map order &{0 [../pg-sherlock_holmes.txt] 6 10}
2024/03/05 08:40:27 making map order &{0 [../pg-tom_sawyer.txt] 7 10}
2024/03/05 08:40:27 done with make map order
2024/03/05 08:40:27 Map: 0 done vs. 8 working, Reduce 0 done vs. 0 working
2024/03/05 08:40:28 Coordinator work
2024/03/05 08:40:28 Coordinator status 0
2024/03/05 08:40:28 IsDone &{0 2024-03-05 08:40:28.608100473 +0800 CST m=+1.026292546 0xc0000a3e60} true
2024/03/05 08:40:28 Order 0 finish Map
2024/03/05 08:40:28 Coordinator work
2024/03/05 08:40:28 Coordinator status 0
2024/03/05 08:40:28 Coordinator work
2024/03/05 08:40:28 Coordinator status 0
2024/03/05 08:40:28 IsDone &{0 2024-03-05 08:40:28.620156152 +0800 CST m=+1.038348224 0xc0000a3ef0} true
2024/03/05 08:40:28 Order 1 finish Map
2024/03/05 08:40:28 IsDone &{0 2024-03-05 08:40:28.629059319 +0800 CST m=+1.047251386 0xc0000a3f80} true
2024/03/05 08:40:28 Order 2 finish Map
2024/03/05 08:40:29 Coordinator work
2024/03/05 08:40:29 Coordinator status 0
2024/03/05 08:40:29 Coordinator work
2024/03/05 08:40:29 Coordinator status 0
2024/03/05 08:40:29 IsDone &{0 2024-03-05 08:40:29.618918809 +0800 CST m=+2.037110882 0xc00011a030} true
2024/03/05 08:40:29 Order 3 finish Map
2024/03/05 08:40:29 Coordinator work
2024/03/05 08:40:29 Coordinator status 0
2024/03/05 08:40:29 IsDone &{0 2024-03-05 08:40:29.651344651 +0800 CST m=+2.069536717 0xc00011a150} true
2024/03/05 08:40:29 Order 5 finish Map
2024/03/05 08:40:29 IsDone &{0 2024-03-05 08:40:29.641118732 +0800 CST m=+2.059310805 0xc00011a0c0} true
2024/03/05 08:40:29 Order 4 finish Map
2024/03/05 08:40:30 Coordinator work
2024/03/05 08:40:30 Coordinator status 0
2024/03/05 08:40:30 Coordinator work
2024/03/05 08:40:30 Coordinator status 0
2024/03/05 08:40:30 Coordinator work
2024/03/05 08:40:30 Coordinator status 0
2024/03/05 08:40:30 Map: 6 done vs. 2 working, Reduce 0 done vs. 0 working
2024/03/05 08:40:30 IsDone &{0 2024-03-05 08:40:30.660851251 +0800 CST m=+3.079043317 0xc00011a270} true
2024/03/05 08:40:30 Order 7 finish Map
2024/03/05 08:40:30 IsDone &{0 2024-03-05 08:40:30.648071077 +0800 CST m=+3.066263146 0xc00011a1e0} true
2024/03/05 08:40:30 Order 6 finish Map
2024/03/05 08:40:31 Coordinator work
2024/03/05 08:40:31 Coordinator status 0
2024/03/05 08:40:31 Map: 8 done vs. 0 working, Reduce 0 done vs. 0 working
2024/03/05 08:40:31 forward: forward to Reuce Phase
2024/03/05 08:40:31 making reduce order : 8
2024/03/05 08:40:31 making reduce order : 9
2024/03/05 08:40:31 making reduce order : 10
2024/03/05 08:40:31 making reduce order : 11
2024/03/05 08:40:31 making reduce order : 12
2024/03/05 08:40:31 making reduce order : 13
2024/03/05 08:40:31 making reduce order : 14
2024/03/05 08:40:31 making reduce order : 15
2024/03/05 08:40:31 making reduce order : 16
2024/03/05 08:40:31 making reduce order : 17
2024/03/05 08:40:31 done with make reduce order
2024/03/05 08:40:31 Map: 8 done vs. 0 working, Reduce 0 done vs. 10 working
2024/03/05 08:40:31 Coordinator work
2024/03/05 08:40:31 Coordinator status 1
2024/03/05 08:40:31 Order 8 finish Reduce
2024/03/05 08:40:32 Coordinator work
2024/03/05 08:40:32 Coordinator status 1
2024/03/05 08:40:32 Order 9 finish Reduce
2024/03/05 08:40:32 Coordinator work
2024/03/05 08:40:32 Coordinator status 1
2024/03/05 08:40:33 Coordinator work
2024/03/05 08:40:33 Coordinator status 1
2024/03/05 08:40:33 Order 11 finish Reduce
2024/03/05 08:40:33 Coordinator work
2024/03/05 08:40:33 Coordinator status 1
2024/03/05 08:40:33 Order 12 finish Reduce
2024/03/05 08:40:34 Coordinator work
2024/03/05 08:40:34 Coordinator status 1
2024/03/05 08:40:34 Order 13 finish Reduce
2024/03/05 08:40:34 Coordinator work
2024/03/05 08:40:34 Coordinator status 1
2024/03/05 08:40:35 Coordinator work
2024/03/05 08:40:35 Coordinator status 1
2024/03/05 08:40:35 Order 15 finish Reduce
2024/03/05 08:40:35 Order 10 finish Reduce
2024/03/05 08:40:36 Coordinator work
2024/03/05 08:40:36 Coordinator status 1
2024/03/05 08:40:36 Order 16 finish Reduce
2024/03/05 08:40:36 Coordinator work
2024/03/05 08:40:36 Coordinator status 1
2024/03/05 08:40:36 Order 17 finish Reduce
2024/03/05 08:40:37 Order 14 finish Reduce
2024/03/05 08:40:37 Coordinator work
2024/03/05 08:40:37 Coordinator status 1
2024/03/05 08:40:37 Map: 8 done vs. 0 working, Reduce 10 done vs. 0 working
2024/03/05 08:40:37 forward: forward to done phase
2024/03/05 08:40:37 Coordinator work
2024/03/05 08:40:37 Coordinator status 2
2024/03/05 08:40:38 Coordinator work
2024/03/05 08:40:38 Coordinator status 2
