2024/03/05 09:48:08 making map order &{0 [../pg-being_ernest.txt] 0 10}
2024/03/05 09:48:08 making map order &{0 [../pg-dorian_gray.txt] 1 10}
2024/03/05 09:48:08 making map order &{0 [../pg-frankenstein.txt] 2 10}
2024/03/05 09:48:08 making map order &{0 [../pg-grimm.txt] 3 10}
2024/03/05 09:48:08 making map order &{0 [../pg-huckleberry_finn.txt] 4 10}
2024/03/05 09:48:08 making map order &{0 [../pg-metamorphosis.txt] 5 10}
2024/03/05 09:48:08 making map order &{0 [../pg-sherlock_holmes.txt] 6 10}
2024/03/05 09:48:08 making map order &{0 [../pg-tom_sawyer.txt] 7 10}
2024/03/05 09:48:08 done with make map order
2024/03/05 09:48:08 Map: 0 done vs. 8 working, Reduce 0 done vs. 0 working
2024/03/05 09:48:09 Coordinator work
2024/03/05 09:48:09 Coordinator status 0
2024/03/05 09:48:09 Coordinator work
2024/03/05 09:48:09 Coordinator status 0
2024/03/05 09:48:09 IsDone &{0 2024-03-05 09:48:09.8899361 +0800 CST m=+1.015212369 0xc000074210} true
2024/03/05 09:48:09 Order 0 finish Map
2024/03/05 09:48:10 IsDone &{0 2024-03-05 09:48:09.890983485 +0800 CST m=+1.016259766 0xc0000742a0} true
2024/03/05 09:48:10 Order 1 finish Map
2024/03/05 09:48:10 Coordinator work
2024/03/05 09:48:10 Coordinator status 0
2024/03/05 09:48:11 Coordinator work
2024/03/05 09:48:11 Coordinator status 0
2024/03/05 09:48:11 IsDone &{0 2024-03-05 09:48:10.977600899 +0800 CST m=+2.102877168 0xc000074330} true
2024/03/05 09:48:11 Order 2 finish Map
2024/03/05 09:48:11 IsDone &{0 2024-03-05 09:48:11.118850976 +0800 CST m=+2.244127251 0xc0000743c0} true
2024/03/05 09:48:11 Order 3 finish Map
2024/03/05 09:48:12 Coordinator work
2024/03/05 09:48:12 Coordinator status 0
2024/03/05 09:48:12 Coordinator work
2024/03/05 09:48:12 Coordinator status 0
2024/03/05 09:48:12 IsDone &{0 2024-03-05 09:48:12.399298025 +0800 CST m=+3.524574320 0xc0000744e0} true
2024/03/05 09:48:12 Order 5 finish Map
2024/03/05 09:48:12 IsDone &{0 2024-03-05 09:48:12.274817526 +0800 CST m=+3.400093801 0xc000074450} true
2024/03/05 09:48:12 Order 4 finish Map
2024/03/05 09:48:13 Coordinator work
2024/03/05 09:48:13 Coordinator status 0
2024/03/05 09:48:13 Coordinator work
2024/03/05 09:48:13 Coordinator status 0
2024/03/05 09:48:13 IsDone &{0 2024-03-05 09:48:13.475794431 +0800 CST m=+4.601070706 0xc000074570} true
2024/03/05 09:48:13 Order 6 finish Map
2024/03/05 09:48:13 IsDone &{0 2024-03-05 09:48:13.543075531 +0800 CST m=+4.668351806 0xc000074600} true
2024/03/05 09:48:13 Order 7 finish Map
2024/03/05 09:48:14 Coordinator work
2024/03/05 09:48:14 Coordinator status 0
2024/03/05 09:48:14 Map: 8 done vs. 0 working, Reduce 0 done vs. 0 working
2024/03/05 09:48:14 forward: forward to Reuce Phase
2024/03/05 09:48:14 making reduce order : 8
2024/03/05 09:48:14 making reduce order : 9
2024/03/05 09:48:14 making reduce order : 10
2024/03/05 09:48:14 making reduce order : 11
2024/03/05 09:48:14 making reduce order : 12
2024/03/05 09:48:14 making reduce order : 13
2024/03/05 09:48:14 making reduce order : 14
2024/03/05 09:48:14 making reduce order : 15
2024/03/05 09:48:14 making reduce order : 16
2024/03/05 09:48:14 making reduce order : 17
2024/03/05 09:48:14 done with make reduce order
2024/03/05 09:48:14 Map: 8 done vs. 0 working, Reduce 0 done vs. 10 working
2024/03/05 09:48:14 Coordinator work
2024/03/05 09:48:14 Coordinator status 1
2024/03/05 09:48:14 Order 8 finish Reduce
2024/03/05 09:48:15 Coordinator work
2024/03/05 09:48:15 Coordinator status 1
2024/03/05 09:48:16 Order 9 finish Reduce
2024/03/05 09:48:16 Coordinator work
2024/03/05 09:48:16 Coordinator status 1
2024/03/05 09:48:16 Order 10 finish Reduce
2024/03/05 09:48:17 Coordinator work
2024/03/05 09:48:17 Coordinator status 1
2024/03/05 09:48:17 Order 11 finish Reduce
2024/03/05 09:48:17 Coordinator work
2024/03/05 09:48:17 Coordinator status 1
2024/03/05 09:48:17 Order 12 finish Reduce
2024/03/05 09:48:18 Coordinator work
2024/03/05 09:48:18 Coordinator status 1
2024/03/05 09:48:18 Order 13 finish Reduce
2024/03/05 09:48:18 Coordinator work
2024/03/05 09:48:18 Coordinator status 1
2024/03/05 09:48:19 Order 14 finish Reduce
2024/03/05 09:48:19 Coordinator work
2024/03/05 09:48:19 Coordinator status 1
2024/03/05 09:48:19 Order 15 finish Reduce
2024/03/05 09:48:20 Coordinator work
2024/03/05 09:48:20 Coordinator status 1
2024/03/05 09:48:20 Order 16 finish Reduce
2024/03/05 09:48:20 Coordinator work
2024/03/05 09:48:20 Coordinator status 1
2024/03/05 09:48:20 Order 17 finish Reduce
2024/03/05 09:48:21 Coordinator work
2024/03/05 09:48:21 Coordinator status 1
2024/03/05 09:48:21 Map: 8 done vs. 0 working, Reduce 10 done vs. 0 working
2024/03/05 09:48:21 forward: forward to done phase
2024/03/05 09:48:21 Coordinator work
2024/03/05 09:48:21 Coordinator status 2
