2024/03/04 22:07:01 making map order &{0 [../pg-being_ernest.txt] 0 10}
2024/03/04 22:07:01 making map order &{0 [../pg-dorian_gray.txt] 1 10}
2024/03/04 22:07:01 making map order &{0 [../pg-frankenstein.txt] 2 10}
2024/03/04 22:07:01 making map order &{0 [../pg-grimm.txt] 3 10}
2024/03/04 22:07:01 making map order &{0 [../pg-huckleberry_finn.txt] 4 10}
2024/03/04 22:07:01 making map order &{0 [../pg-metamorphosis.txt] 5 10}
2024/03/04 22:07:01 making map order &{0 [../pg-sherlock_holmes.txt] 6 10}
2024/03/04 22:07:01 making map order &{0 [../pg-tom_sawyer.txt] 7 10}
2024/03/04 22:07:01 done with make map order
2024/03/04 22:07:01 Map: 0 done vs. 8 working, Reduce 0 done vs. 0 working
2024/03/04 22:07:02 Coordinator work
2024/03/04 22:07:02 Coordinator status 0
2024/03/04 22:07:02 IsDone &{0 2024-03-04 22:07:02.158610315 +0800 CST m=+1.016482728 0xc00009dbf0} true
2024/03/04 22:07:02 Order 0 finish Map
2024/03/04 22:07:02 Coordinator work
2024/03/04 22:07:02 Coordinator status 0
2024/03/04 22:07:02 IsDone &{0 2024-03-04 22:07:02.179757711 +0800 CST m=+1.037630131 0xc00009dc80} true
2024/03/04 22:07:02 Order 1 finish Map
2024/03/04 22:07:03 Coordinator work
2024/03/04 22:07:03 Coordinator status 0
2024/03/04 22:07:03 IsDone &{0 2024-03-04 22:07:03.178068657 +0800 CST m=+2.035941077 0xc00009dd10} true
2024/03/04 22:07:03 Order 2 finish Map
2024/03/04 22:07:03 Coordinator work
2024/03/04 22:07:03 Coordinator status 0
2024/03/04 22:07:03 IsDone &{0 2024-03-04 22:07:03.199061933 +0800 CST m=+2.056934350 0xc00009dda0} true
2024/03/04 22:07:03 Order 3 finish Map
2024/03/04 22:07:04 Coordinator work
2024/03/04 22:07:04 Coordinator status 0
2024/03/04 22:07:04 Coordinator work
2024/03/04 22:07:04 Coordinator status 0
2024/03/04 22:07:04 IsDone &{0 2024-03-04 22:07:04.195251837 +0800 CST m=+3.053124261 0xc00009de30} true
2024/03/04 22:07:04 Order 4 finish Map
2024/03/04 22:07:04 IsDone &{0 2024-03-04 22:07:04.215176895 +0800 CST m=+3.073049317 0xc00009dec0} true
2024/03/04 22:07:04 Order 5 finish Map
2024/03/04 22:07:05 Coordinator work
2024/03/04 22:07:05 Coordinator status 0
2024/03/04 22:07:05 Coordinator work
2024/03/04 22:07:05 Coordinator status 0
2024/03/04 22:07:05 IsDone &{0 2024-03-04 22:07:05.226074962 +0800 CST m=+4.083947377 0xc000122000} true
2024/03/04 22:07:05 Order 7 finish Map
2024/03/04 22:07:05 IsDone &{0 2024-03-04 22:07:05.22144893 +0800 CST m=+4.079321352 0xc00009df50} true
2024/03/04 22:07:05 Order 6 finish Map
2024/03/04 22:07:06 Coordinator work
2024/03/04 22:07:06 Coordinator status 0
2024/03/04 22:07:06 Map: 8 done vs. 0 working, Reduce 0 done vs. 0 working
2024/03/04 22:07:06 forward: forward to Reuce Phase
2024/03/04 22:07:06 making reduce order : 8
2024/03/04 22:07:06 making reduce order : 9
2024/03/04 22:07:06 making reduce order : 10
2024/03/04 22:07:06 making reduce order : 11
2024/03/04 22:07:06 making reduce order : 12
2024/03/04 22:07:06 making reduce order : 13
2024/03/04 22:07:06 making reduce order : 14
2024/03/04 22:07:06 making reduce order : 15
2024/03/04 22:07:06 making reduce order : 16
2024/03/04 22:07:06 making reduce order : 17
2024/03/04 22:07:06 done with make reduce order
2024/03/04 22:07:06 Map: 8 done vs. 0 working, Reduce 0 done vs. 10 working
2024/03/04 22:07:06 Coordinator work
2024/03/04 22:07:06 Coordinator status 1
2024/03/04 22:07:07 Order 8 finish Reduce
2024/03/04 22:07:08 Coordinator work
2024/03/04 22:07:08 Coordinator status 1
2024/03/04 22:07:08 Coordinator work
2024/03/04 22:07:08 Coordinator status 1
2024/03/04 22:07:09 Order 9 finish Reduce
2024/03/04 22:07:09 Order 10 finish Reduce
2024/03/04 22:07:10 Coordinator work
2024/03/04 22:07:10 Coordinator status 1
2024/03/04 22:07:10 Coordinator work
2024/03/04 22:07:10 Coordinator status 1
2024/03/04 22:07:12 Order 11 finish Reduce
2024/03/04 22:07:12 Order 12 finish Reduce
2024/03/04 22:07:13 Coordinator work
2024/03/04 22:07:13 Coordinator status 1
2024/03/04 22:07:13 Coordinator work
2024/03/04 22:07:13 Coordinator status 1
2024/03/04 22:07:14 Order 13 finish Reduce
2024/03/04 22:07:14 Order 14 finish Reduce
2024/03/04 22:07:15 Coordinator work
2024/03/04 22:07:15 Coordinator status 1
2024/03/04 22:07:15 Order 15 finish Reduce
2024/03/04 22:07:15 Coordinator work
2024/03/04 22:07:15 Coordinator status 1
2024/03/04 22:07:15 Order 16 finish Reduce
2024/03/04 22:07:16 Coordinator work
2024/03/04 22:07:16 Coordinator status 1
2024/03/04 22:07:16 Coordinator work
2024/03/04 22:07:16 Coordinator status 1
2024/03/04 22:07:16 Map: 8 done vs. 0 working, Reduce 9 done vs. 1 working
2024/03/04 22:07:17 Order 17 finish Reduce
2024/03/04 22:07:18 Coordinator work
2024/03/04 22:07:18 Coordinator status 1
2024/03/04 22:07:18 Map: 8 done vs. 0 working, Reduce 10 done vs. 0 working
2024/03/04 22:07:18 forward: forward to done phase
2024/03/04 22:07:18 Coordinator work
2024/03/04 22:07:18 Coordinator status 2
