2024/03/05 07:17:10 making map order &{0 [../pg-being_ernest.txt] 0 10}
2024/03/05 07:17:10 making map order &{0 [../pg-dorian_gray.txt] 1 10}
2024/03/05 07:17:10 making map order &{0 [../pg-frankenstein.txt] 2 10}
2024/03/05 07:17:10 making map order &{0 [../pg-grimm.txt] 3 10}
2024/03/05 07:17:10 making map order &{0 [../pg-huckleberry_finn.txt] 4 10}
2024/03/05 07:17:10 making map order &{0 [../pg-metamorphosis.txt] 5 10}
2024/03/05 07:17:10 making map order &{0 [../pg-sherlock_holmes.txt] 6 10}
2024/03/05 07:17:10 making map order &{0 [../pg-tom_sawyer.txt] 7 10}
2024/03/05 07:17:10 done with make map order
2024/03/05 07:17:10 Map: 0 done vs. 8 working, Reduce 0 done vs. 0 working
2024/03/05 07:17:11 Coordinator work
2024/03/05 07:17:11 Coordinator status 0
2024/03/05 07:17:11 Coordinator work
2024/03/05 07:17:11 Coordinator status 0
2024/03/05 07:17:11 IsDone &{0 2024-03-05 07:17:11.659238091 +0800 CST m=+1.024620770 0xc000072300} true
2024/03/05 07:17:11 Order 0 finish Map
2024/03/05 07:17:11 IsDone &{0 2024-03-05 07:17:11.660838806 +0800 CST m=+1.026221485 0xc000072390} true
2024/03/05 07:17:11 Order 1 finish Map
2024/03/05 07:17:12 Coordinator work
2024/03/05 07:17:12 Coordinator status 0
2024/03/05 07:17:12 Coordinator work
2024/03/05 07:17:12 Coordinator status 0
2024/03/05 07:17:12 IsDone &{0 2024-03-05 07:17:12.670655569 +0800 CST m=+2.036038248 0xc000072420} true
2024/03/05 07:17:12 Order 2 finish Map
2024/03/05 07:17:12 IsDone &{0 2024-03-05 07:17:12.68223476 +0800 CST m=+2.047617435 0xc0000724b0} true
2024/03/05 07:17:12 Order 3 finish Map
2024/03/05 07:17:13 Coordinator work
2024/03/05 07:17:13 Coordinator status 0
2024/03/05 07:17:13 Coordinator work
2024/03/05 07:17:13 Coordinator status 0
2024/03/05 07:17:13 IsDone &{0 2024-03-05 07:17:13.698905851 +0800 CST m=+3.064288524 0xc0000725d0} true
2024/03/05 07:17:13 Order 5 finish Map
2024/03/05 07:17:13 IsDone &{0 2024-03-05 07:17:13.692658716 +0800 CST m=+3.058041398 0xc000072540} true
2024/03/05 07:17:13 Order 4 finish Map
2024/03/05 07:17:14 Coordinator work
2024/03/05 07:17:14 Coordinator status 0
2024/03/05 07:17:14 Coordinator work
2024/03/05 07:17:14 Coordinator status 0
2024/03/05 07:17:14 IsDone &{0 2024-03-05 07:17:14.709920563 +0800 CST m=+4.075303239 0xc000072660} true
2024/03/05 07:17:14 Order 6 finish Map
2024/03/05 07:17:14 IsDone &{0 2024-03-05 07:17:14.716374514 +0800 CST m=+4.081757196 0xc0000726f0} true
2024/03/05 07:17:14 Order 7 finish Map
2024/03/05 07:17:15 Coordinator work
2024/03/05 07:17:15 Coordinator status 0
2024/03/05 07:17:15 Map: 8 done vs. 0 working, Reduce 0 done vs. 0 working
2024/03/05 07:17:15 forward: forward to Reuce Phase
2024/03/05 07:17:15 making reduce order : 8
2024/03/05 07:17:15 making reduce order : 9
2024/03/05 07:17:15 making reduce order : 10
2024/03/05 07:17:15 making reduce order : 11
2024/03/05 07:17:15 making reduce order : 12
2024/03/05 07:17:15 making reduce order : 13
2024/03/05 07:17:15 making reduce order : 14
2024/03/05 07:17:15 making reduce order : 15
2024/03/05 07:17:15 making reduce order : 16
2024/03/05 07:17:15 making reduce order : 17
2024/03/05 07:17:15 done with make reduce order
2024/03/05 07:17:15 Map: 8 done vs. 0 working, Reduce 0 done vs. 10 working
2024/03/05 07:17:15 Coordinator work
2024/03/05 07:17:15 Coordinator status 1
2024/03/05 07:17:16 Order 8 finish Reduce
2024/03/05 07:17:17 Coordinator work
2024/03/05 07:17:17 Coordinator status 1
2024/03/05 07:17:17 Coordinator work
2024/03/05 07:17:17 Coordinator status 1
2024/03/05 07:17:18 Order 9 finish Reduce
2024/03/05 07:17:18 Order 10 finish Reduce
2024/03/05 07:17:19 Coordinator work
2024/03/05 07:17:19 Coordinator status 1
2024/03/05 07:17:19 Coordinator work
2024/03/05 07:17:19 Coordinator status 1
2024/03/05 07:17:21 Order 11 finish Reduce
2024/03/05 07:17:21 Order 12 finish Reduce
2024/03/05 07:17:22 Coordinator work
2024/03/05 07:17:22 Coordinator status 1
2024/03/05 07:17:22 Coordinator work
2024/03/05 07:17:22 Coordinator status 1
2024/03/05 07:17:23 Order 13 finish Reduce
2024/03/05 07:17:23 Order 14 finish Reduce
2024/03/05 07:17:24 Coordinator work
2024/03/05 07:17:24 Coordinator status 1
2024/03/05 07:17:24 Order 15 finish Reduce
2024/03/05 07:17:24 Coordinator work
2024/03/05 07:17:24 Coordinator status 1
2024/03/05 07:17:24 Order 16 finish Reduce
2024/03/05 07:17:25 Coordinator work
2024/03/05 07:17:25 Coordinator status 1
2024/03/05 07:17:25 Coordinator work
2024/03/05 07:17:25 Coordinator status 1
2024/03/05 07:17:25 Map: 8 done vs. 0 working, Reduce 9 done vs. 1 working
2024/03/05 07:17:26 Order 17 finish Reduce
2024/03/05 07:17:27 Coordinator work
2024/03/05 07:17:27 Coordinator status 1
2024/03/05 07:17:27 Map: 8 done vs. 0 working, Reduce 10 done vs. 0 working
2024/03/05 07:17:27 forward: forward to done phase
2024/03/05 07:17:27 Coordinator work
2024/03/05 07:17:27 Coordinator status 2
