2024/03/04 22:55:32 making map order &{0 [../pg-being_ernest.txt] 0 10}
2024/03/04 22:55:32 making map order &{0 [../pg-dorian_gray.txt] 1 10}
2024/03/04 22:55:32 making map order &{0 [../pg-frankenstein.txt] 2 10}
2024/03/04 22:55:32 making map order &{0 [../pg-grimm.txt] 3 10}
2024/03/04 22:55:32 making map order &{0 [../pg-huckleberry_finn.txt] 4 10}
2024/03/04 22:55:32 making map order &{0 [../pg-metamorphosis.txt] 5 10}
2024/03/04 22:55:32 making map order &{0 [../pg-sherlock_holmes.txt] 6 10}
2024/03/04 22:55:32 making map order &{0 [../pg-tom_sawyer.txt] 7 10}
2024/03/04 22:55:32 done with make map order
2024/03/04 22:55:32 Map: 0 done vs. 8 working, Reduce 0 done vs. 0 working
2024/03/04 22:55:33 Coordinator work
2024/03/04 22:55:33 Coordinator status 0
2024/03/04 22:55:33 Coordinator work
2024/03/04 22:55:33 Coordinator status 0
2024/03/04 22:55:34 IsDone &{0 2024-03-04 22:55:33.265930196 +0800 CST m=+1.021063850 0xc00008a390} true
2024/03/04 22:55:34 Order 0 finish Map
2024/03/04 22:55:34 IsDone &{0 2024-03-04 22:55:33.272869981 +0800 CST m=+1.028003615 0xc00008a420} true
2024/03/04 22:55:34 Order 1 finish Map
2024/03/04 22:55:35 Coordinator work
2024/03/04 22:55:35 Coordinator status 0
2024/03/04 22:55:35 Coordinator work
2024/03/04 22:55:35 Coordinator status 0
2024/03/04 22:55:36 IsDone &{0 2024-03-04 22:55:35.277155972 +0800 CST m=+3.032289602 0xc00008a4b0} true
2024/03/04 22:55:36 Order 2 finish Map
2024/03/04 22:55:36 IsDone &{0 2024-03-04 22:55:35.291487362 +0800 CST m=+3.046620988 0xc00008a540} true
2024/03/04 22:55:36 Order 3 finish Map
2024/03/04 22:55:37 Coordinator work
2024/03/04 22:55:37 Coordinator status 0
2024/03/04 22:55:37 Coordinator work
2024/03/04 22:55:37 Coordinator status 0
2024/03/04 22:55:38 IsDone &{0 2024-03-04 22:55:37.295371248 +0800 CST m=+5.050504902 0xc00008a5d0} true
2024/03/04 22:55:38 Order 4 finish Map
2024/03/04 22:55:38 IsDone &{0 2024-03-04 22:55:37.307176948 +0800 CST m=+5.062310603 0xc00008a660} true
2024/03/04 22:55:38 Order 5 finish Map
2024/03/04 22:55:39 Coordinator work
2024/03/04 22:55:39 Coordinator status 0
2024/03/04 22:55:39 Coordinator work
2024/03/04 22:55:39 Coordinator status 0
2024/03/04 22:55:40 IsDone &{0 2024-03-04 22:55:39.31813829 +0800 CST m=+7.073271925 0xc00008a780} true
2024/03/04 22:55:40 Order 7 finish Map
2024/03/04 22:55:40 IsDone &{0 2024-03-04 22:55:39.316211563 +0800 CST m=+7.071345195 0xc00008a6f0} true
2024/03/04 22:55:40 Order 6 finish Map
2024/03/04 22:55:41 Coordinator work
2024/03/04 22:55:41 Coordinator status 0
2024/03/04 22:55:41 Map: 8 done vs. 0 working, Reduce 0 done vs. 0 working
2024/03/04 22:55:41 forward: forward to Reuce Phase
2024/03/04 22:55:41 making reduce order : 8
2024/03/04 22:55:41 making reduce order : 9
2024/03/04 22:55:41 making reduce order : 10
2024/03/04 22:55:41 making reduce order : 11
2024/03/04 22:55:41 making reduce order : 12
2024/03/04 22:55:41 making reduce order : 13
2024/03/04 22:55:41 making reduce order : 14
2024/03/04 22:55:41 making reduce order : 15
2024/03/04 22:55:41 making reduce order : 16
2024/03/04 22:55:41 making reduce order : 17
2024/03/04 22:55:41 done with make reduce order
2024/03/04 22:55:41 Map: 8 done vs. 0 working, Reduce 0 done vs. 10 working
2024/03/04 22:55:41 Coordinator work
2024/03/04 22:55:41 Coordinator status 1
2024/03/04 22:55:41 Order 8 finish Reduce
2024/03/04 22:55:42 Coordinator work
2024/03/04 22:55:42 Coordinator status 1
2024/03/04 22:55:42 Order 9 finish Reduce
2024/03/04 22:55:43 Coordinator work
2024/03/04 22:55:43 Coordinator status 1
2024/03/04 22:55:43 Order 10 finish Reduce
2024/03/04 22:55:43 Coordinator work
2024/03/04 22:55:43 Coordinator status 1
2024/03/04 22:55:43 Order 11 finish Reduce
2024/03/04 22:55:44 Coordinator work
2024/03/04 22:55:44 Coordinator status 1
2024/03/04 22:55:44 Order 12 finish Reduce
2024/03/04 22:55:44 Coordinator work
2024/03/04 22:55:44 Coordinator status 1
2024/03/04 22:55:44 Order 13 finish Reduce
2024/03/04 22:55:45 Coordinator work
2024/03/04 22:55:45 Coordinator status 1
2024/03/04 22:55:45 Order 14 finish Reduce
2024/03/04 22:55:45 Coordinator work
2024/03/04 22:55:45 Coordinator status 1
2024/03/04 22:55:45 Order 15 finish Reduce
2024/03/04 22:55:46 Coordinator work
2024/03/04 22:55:46 Coordinator status 1
2024/03/04 22:55:46 Order 16 finish Reduce
2024/03/04 22:55:46 Coordinator work
2024/03/04 22:55:46 Coordinator status 1
2024/03/04 22:55:46 Order 17 finish Reduce
2024/03/04 22:55:47 Coordinator work
2024/03/04 22:55:47 Coordinator status 1
2024/03/04 22:55:47 Map: 8 done vs. 0 working, Reduce 10 done vs. 0 working
2024/03/04 22:55:47 forward: forward to done phase
2024/03/04 22:55:47 Coordinator work
2024/03/04 22:55:47 Coordinator status 2
