2024/03/05 11:33:30 making map order &{0 [../pg-being_ernest.txt] 0 10}
2024/03/05 11:33:30 making map order &{0 [../pg-dorian_gray.txt] 1 10}
2024/03/05 11:33:30 making map order &{0 [../pg-frankenstein.txt] 2 10}
2024/03/05 11:33:30 making map order &{0 [../pg-grimm.txt] 3 10}
2024/03/05 11:33:30 making map order &{0 [../pg-huckleberry_finn.txt] 4 10}
2024/03/05 11:33:30 making map order &{0 [../pg-metamorphosis.txt] 5 10}
2024/03/05 11:33:30 making map order &{0 [../pg-sherlock_holmes.txt] 6 10}
2024/03/05 11:33:30 making map order &{0 [../pg-tom_sawyer.txt] 7 10}
2024/03/05 11:33:30 done with make map order
2024/03/05 11:33:30 Map: 0 done vs. 8 working, Reduce 0 done vs. 0 working
2024/03/05 11:33:31 Coordinator work
2024/03/05 11:33:31 Coordinator status 0
2024/03/05 11:33:31 Coordinator work
2024/03/05 11:33:31 Coordinator status 0
2024/03/05 11:33:31 IsDone &{0 2024-03-05 11:33:31.209995766 +0800 CST m=+1.054943496 0xc0000a3e60} true
2024/03/05 11:33:31 Order 1 finish Map
2024/03/05 11:33:31 IsDone &{0 2024-03-05 11:33:31.209623433 +0800 CST m=+1.054571160 0xc0000a3dd0} true
2024/03/05 11:33:31 Order 0 finish Map
2024/03/05 11:33:32 Coordinator work
2024/03/05 11:33:32 Coordinator status 0
2024/03/05 11:33:32 Coordinator work
2024/03/05 11:33:32 Coordinator status 0
2024/03/05 11:33:32 IsDone &{0 2024-03-05 11:33:32.234586298 +0800 CST m=+2.079534029 0xc0000a3f80} true
2024/03/05 11:33:32 Order 3 finish Map
2024/03/05 11:33:32 IsDone &{0 2024-03-05 11:33:32.233629687 +0800 CST m=+2.078577419 0xc0000a3ef0} true
2024/03/05 11:33:32 Order 2 finish Map
2024/03/05 11:33:33 Coordinator work
2024/03/05 11:33:33 Coordinator status 0
2024/03/05 11:33:33 Coordinator work
2024/03/05 11:33:33 Coordinator status 0
2024/03/05 11:33:33 IsDone &{0 2024-03-05 11:33:33.256785327 +0800 CST m=+3.101733059 0xc00011a0c0} true
2024/03/05 11:33:33 Order 5 finish Map
2024/03/05 11:33:33 IsDone &{0 2024-03-05 11:33:33.251709987 +0800 CST m=+3.096657715 0xc00011a030} true
2024/03/05 11:33:33 Order 4 finish Map
2024/03/05 11:33:34 Coordinator work
2024/03/05 11:33:34 Coordinator status 0
2024/03/05 11:33:34 Coordinator work
2024/03/05 11:33:34 Coordinator status 0
2024/03/05 11:33:34 IsDone &{0 2024-03-05 11:33:34.268723661 +0800 CST m=+4.113671386 0xc00011a150} true
2024/03/05 11:33:34 Order 6 finish Map
2024/03/05 11:33:34 IsDone &{0 2024-03-05 11:33:34.277803614 +0800 CST m=+4.122751337 0xc00011a1e0} true
2024/03/05 11:33:34 Order 7 finish Map
2024/03/05 11:33:35 Coordinator work
2024/03/05 11:33:35 Coordinator status 0
2024/03/05 11:33:35 Map: 8 done vs. 0 working, Reduce 0 done vs. 0 working
2024/03/05 11:33:35 forward: forward to Reuce Phase
2024/03/05 11:33:35 making reduce order : 8
2024/03/05 11:33:35 making reduce order : 9
2024/03/05 11:33:35 making reduce order : 10
2024/03/05 11:33:35 making reduce order : 11
2024/03/05 11:33:35 making reduce order : 12
2024/03/05 11:33:35 making reduce order : 13
2024/03/05 11:33:35 making reduce order : 14
2024/03/05 11:33:35 making reduce order : 15
2024/03/05 11:33:35 making reduce order : 16
2024/03/05 11:33:35 making reduce order : 17
2024/03/05 11:33:35 Coordinator work
2024/03/05 11:33:35 done with make reduce order
2024/03/05 11:33:35 Map: 8 done vs. 0 working, Reduce 0 done vs. 10 working
2024/03/05 11:33:35 Coordinator status 1
2024/03/05 11:33:36 Order 8 finish Reduce
2024/03/05 11:33:37 Coordinator work
2024/03/05 11:33:37 Coordinator status 1
2024/03/05 11:33:37 Coordinator work
2024/03/05 11:33:37 Coordinator status 1
2024/03/05 11:33:38 Order 9 finish Reduce
2024/03/05 11:33:38 Order 10 finish Reduce
2024/03/05 11:33:39 Coordinator work
2024/03/05 11:33:39 Coordinator status 1
2024/03/05 11:33:39 Coordinator work
2024/03/05 11:33:39 Coordinator status 1
2024/03/05 11:33:41 Order 11 finish Reduce
2024/03/05 11:33:41 Order 12 finish Reduce
2024/03/05 11:33:42 Coordinator work
2024/03/05 11:33:42 Coordinator status 1
2024/03/05 11:33:42 Coordinator work
2024/03/05 11:33:42 Coordinator status 1
2024/03/05 11:33:43 Order 13 finish Reduce
2024/03/05 11:33:43 Order 14 finish Reduce
2024/03/05 11:33:44 Coordinator work
2024/03/05 11:33:44 Coordinator status 1
2024/03/05 11:33:44 Order 15 finish Reduce
2024/03/05 11:33:44 Coordinator work
2024/03/05 11:33:44 Coordinator status 1
2024/03/05 11:33:44 Order 16 finish Reduce
2024/03/05 11:33:45 Coordinator work
2024/03/05 11:33:45 Coordinator status 1
2024/03/05 11:33:45 Coordinator work
2024/03/05 11:33:45 Coordinator status 1
2024/03/05 11:33:45 Map: 8 done vs. 0 working, Reduce 9 done vs. 1 working
2024/03/05 11:33:46 Order 17 finish Reduce
2024/03/05 11:33:47 Coordinator work
2024/03/05 11:33:47 Coordinator status 1
2024/03/05 11:33:47 Map: 8 done vs. 0 working, Reduce 10 done vs. 0 working
2024/03/05 11:33:47 forward: forward to done phase
2024/03/05 11:33:47 Coordinator work
2024/03/05 11:33:47 Coordinator status 2
