2024/03/05 05:04:25 making map order &{0 [../pg-being_ernest.txt] 0 10}
2024/03/05 05:04:25 making map order &{0 [../pg-dorian_gray.txt] 1 10}
2024/03/05 05:04:25 making map order &{0 [../pg-frankenstein.txt] 2 10}
2024/03/05 05:04:25 making map order &{0 [../pg-grimm.txt] 3 10}
2024/03/05 05:04:25 making map order &{0 [../pg-huckleberry_finn.txt] 4 10}
2024/03/05 05:04:25 making map order &{0 [../pg-metamorphosis.txt] 5 10}
2024/03/05 05:04:25 making map order &{0 [../pg-sherlock_holmes.txt] 6 10}
2024/03/05 05:04:25 making map order &{0 [../pg-tom_sawyer.txt] 7 10}
2024/03/05 05:04:25 done with make map order
2024/03/05 05:04:25 Map: 0 done vs. 8 working, Reduce 0 done vs. 0 working
2024/03/05 05:04:26 Coordinator work
2024/03/05 05:04:26 Coordinator status 0
2024/03/05 05:04:26 Coordinator work
2024/03/05 05:04:26 Coordinator status 0
2024/03/05 05:04:26 Coordinator work
2024/03/05 05:04:26 Coordinator status 0
2024/03/05 05:04:26 IsDone &{0 2024-03-05 05:04:26.346579702 +0800 CST m=+1.031946151 0xc00009de00} true
2024/03/05 05:04:26 Order 0 finish Map
2024/03/05 05:04:26 IsDone &{0 2024-03-05 05:04:26.354521302 +0800 CST m=+1.039887752 0xc00009df20} true
2024/03/05 05:04:26 Order 2 finish Map
2024/03/05 05:04:26 IsDone &{0 2024-03-05 05:04:26.348146199 +0800 CST m=+1.033512648 0xc00009de90} true
2024/03/05 05:04:26 Order 1 finish Map
2024/03/05 05:04:27 Coordinator work
2024/03/05 05:04:27 Coordinator status 0
2024/03/05 05:04:27 Coordinator work
2024/03/05 05:04:27 Coordinator status 0
2024/03/05 05:04:27 Coordinator work
2024/03/05 05:04:27 Coordinator status 0
2024/03/05 05:04:27 IsDone &{0 2024-03-05 05:04:27.357885616 +0800 CST m=+2.043252072 0xc00009dfb0} true
2024/03/05 05:04:27 Order 3 finish Map
2024/03/05 05:04:27 IsDone &{0 2024-03-05 05:04:27.375396095 +0800 CST m=+2.060762553 0xc00011a0f0} true
2024/03/05 05:04:27 Order 5 finish Map
2024/03/05 05:04:27 IsDone &{0 2024-03-05 05:04:27.374823473 +0800 CST m=+2.060189931 0xc00011a060} true
2024/03/05 05:04:27 Order 4 finish Map
2024/03/05 05:04:28 Coordinator work
2024/03/05 05:04:28 Coordinator status 0
2024/03/05 05:04:28 Coordinator work
2024/03/05 05:04:28 Coordinator status 0
2024/03/05 05:04:28 Coordinator work
2024/03/05 05:04:28 Coordinator status 0
2024/03/05 05:04:28 Map: 6 done vs. 2 working, Reduce 0 done vs. 0 working
2024/03/05 05:04:28 IsDone &{0 2024-03-05 05:04:28.398031477 +0800 CST m=+3.083397936 0xc00011a210} true
2024/03/05 05:04:28 Order 7 finish Map
2024/03/05 05:04:28 IsDone &{0 2024-03-05 05:04:28.385452184 +0800 CST m=+3.070818644 0xc00011a180} true
2024/03/05 05:04:28 Order 6 finish Map
2024/03/05 05:04:29 Coordinator work
2024/03/05 05:04:29 Coordinator status 0
2024/03/05 05:04:29 Map: 8 done vs. 0 working, Reduce 0 done vs. 0 working
2024/03/05 05:04:29 forward: forward to Reuce Phase
2024/03/05 05:04:29 making reduce order : 8
2024/03/05 05:04:29 making reduce order : 9
2024/03/05 05:04:29 making reduce order : 10
2024/03/05 05:04:29 Coordinator work
2024/03/05 05:04:29 making reduce order : 11
2024/03/05 05:04:29 making reduce order : 12
2024/03/05 05:04:29 making reduce order : 13
2024/03/05 05:04:29 making reduce order : 14
2024/03/05 05:04:29 making reduce order : 15
2024/03/05 05:04:29 making reduce order : 16
2024/03/05 05:04:29 making reduce order : 17
2024/03/05 05:04:29 done with make reduce order
2024/03/05 05:04:29 Map: 8 done vs. 0 working, Reduce 0 done vs. 10 working
2024/03/05 05:04:29 Coordinator status 1
2024/03/05 05:04:29 Order 8 finish Reduce
2024/03/05 05:04:30 Coordinator work
2024/03/05 05:04:30 Coordinator status 1
2024/03/05 05:04:30 Order 9 finish Reduce
2024/03/05 05:04:30 Coordinator work
2024/03/05 05:04:30 Coordinator status 1
2024/03/05 05:04:31 Coordinator work
2024/03/05 05:04:31 Coordinator status 1
2024/03/05 05:04:31 Order 11 finish Reduce
2024/03/05 05:04:31 Coordinator work
2024/03/05 05:04:31 Coordinator status 1
2024/03/05 05:04:31 Order 12 finish Reduce
2024/03/05 05:04:32 Coordinator work
2024/03/05 05:04:32 Coordinator status 1
2024/03/05 05:04:32 Order 13 finish Reduce
2024/03/05 05:04:32 Coordinator work
2024/03/05 05:04:32 Coordinator status 1
2024/03/05 05:04:33 Coordinator work
2024/03/05 05:04:33 Coordinator status 1
2024/03/05 05:04:33 Order 15 finish Reduce
2024/03/05 05:04:33 Order 10 finish Reduce
2024/03/05 05:04:34 Coordinator work
2024/03/05 05:04:34 Coordinator status 1
2024/03/05 05:04:34 Order 16 finish Reduce
2024/03/05 05:04:34 Coordinator work
2024/03/05 05:04:34 Coordinator status 1
2024/03/05 05:04:34 Order 17 finish Reduce
2024/03/05 05:04:35 Coordinator work
2024/03/05 05:04:35 Coordinator status 1
2024/03/05 05:04:35 Map: 8 done vs. 0 working, Reduce 9 done vs. 1 working
2024/03/05 05:04:35 Order 14 finish Reduce
2024/03/05 05:04:35 Coordinator work
2024/03/05 05:04:35 Coordinator status 1
2024/03/05 05:04:35 Map: 8 done vs. 0 working, Reduce 10 done vs. 0 working
2024/03/05 05:04:35 forward: forward to done phase
2024/03/05 05:04:36 Coordinator work
2024/03/05 05:04:36 Coordinator status 2
