2024/03/05 12:39:08 making map order &{0 [../pg-being_ernest.txt] 0 10}
2024/03/05 12:39:08 making map order &{0 [../pg-dorian_gray.txt] 1 10}
2024/03/05 12:39:08 making map order &{0 [../pg-frankenstein.txt] 2 10}
2024/03/05 12:39:08 making map order &{0 [../pg-grimm.txt] 3 10}
2024/03/05 12:39:08 making map order &{0 [../pg-huckleberry_finn.txt] 4 10}
2024/03/05 12:39:08 making map order &{0 [../pg-metamorphosis.txt] 5 10}
2024/03/05 12:39:08 making map order &{0 [../pg-sherlock_holmes.txt] 6 10}
2024/03/05 12:39:08 making map order &{0 [../pg-tom_sawyer.txt] 7 10}
2024/03/05 12:39:08 done with make map order
2024/03/05 12:39:08 Map: 0 done vs. 8 working, Reduce 0 done vs. 0 working
2024/03/05 12:39:09 Coordinator work
2024/03/05 12:39:09 Coordinator status 0
2024/03/05 12:39:09 Coordinator work
2024/03/05 12:39:09 Coordinator status 0
2024/03/05 12:39:09 Coordinator work
2024/03/05 12:39:09 Coordinator status 0
2024/03/05 12:39:09 IsDone &{0 2024-03-05 12:39:09.735298287 +0800 CST m=+1.048062156 0xc00008a3f0} true
2024/03/05 12:39:09 Order 0 finish Map
2024/03/05 12:39:09 IsDone &{0 2024-03-05 12:39:09.741457352 +0800 CST m=+1.054221222 0xc00008a510} true
2024/03/05 12:39:09 Order 2 finish Map
2024/03/05 12:39:09 IsDone &{0 2024-03-05 12:39:09.739747674 +0800 CST m=+1.052511542 0xc00008a480} true
2024/03/05 12:39:09 Order 1 finish Map
2024/03/05 12:39:10 Coordinator work
2024/03/05 12:39:10 Coordinator status 0
2024/03/05 12:39:10 Coordinator work
2024/03/05 12:39:10 Coordinator status 0
2024/03/05 12:39:10 Coordinator work
2024/03/05 12:39:10 Coordinator status 0
2024/03/05 12:39:10 IsDone &{0 2024-03-05 12:39:10.76620755 +0800 CST m=+2.078971424 0xc00008a6c0} true
2024/03/05 12:39:10 Order 5 finish Map
2024/03/05 12:39:10 IsDone &{0 2024-03-05 12:39:10.749648113 +0800 CST m=+2.062411985 0xc00008a5a0} true
2024/03/05 12:39:10 Order 3 finish Map
2024/03/05 12:39:10 IsDone &{0 2024-03-05 12:39:10.763476935 +0800 CST m=+2.076240808 0xc00008a630} true
2024/03/05 12:39:10 Order 4 finish Map
2024/03/05 12:39:11 Coordinator work
2024/03/05 12:39:11 Coordinator status 0
2024/03/05 12:39:11 Coordinator work
2024/03/05 12:39:11 Coordinator status 0
2024/03/05 12:39:11 IsDone &{0 2024-03-05 12:39:11.776391493 +0800 CST m=+3.089155364 0xc00008a7e0} true
2024/03/05 12:39:11 Order 7 finish Map
2024/03/05 12:39:11 Coordinator work
2024/03/05 12:39:11 Coordinator status 0
2024/03/05 12:39:11 Map: 7 done vs. 1 working, Reduce 0 done vs. 0 working
2024/03/05 12:39:11 IsDone &{0 2024-03-05 12:39:11.775776744 +0800 CST m=+3.088540617 0xc00008a750} true
2024/03/05 12:39:11 Order 6 finish Map
2024/03/05 12:39:12 Coordinator work
2024/03/05 12:39:12 Coordinator status 0
2024/03/05 12:39:12 Map: 8 done vs. 0 working, Reduce 0 done vs. 0 working
2024/03/05 12:39:12 forward: forward to Reuce Phase
2024/03/05 12:39:12 making reduce order : 8
2024/03/05 12:39:12 making reduce order : 9
2024/03/05 12:39:12 making reduce order : 10
2024/03/05 12:39:12 making reduce order : 11
2024/03/05 12:39:12 making reduce order : 12
2024/03/05 12:39:12 making reduce order : 13
2024/03/05 12:39:12 making reduce order : 14
2024/03/05 12:39:12 making reduce order : 15
2024/03/05 12:39:12 making reduce order : 16
2024/03/05 12:39:12 making reduce order : 17
2024/03/05 12:39:12 done with make reduce order
2024/03/05 12:39:12 Map: 8 done vs. 0 working, Reduce 0 done vs. 10 working
2024/03/05 12:39:12 Coordinator work
2024/03/05 12:39:12 Coordinator status 1
2024/03/05 12:39:12 Order 8 finish Reduce
2024/03/05 12:39:13 Coordinator work
2024/03/05 12:39:13 Coordinator status 1
2024/03/05 12:39:13 Order 9 finish Reduce
2024/03/05 12:39:13 Coordinator work
2024/03/05 12:39:13 Coordinator status 1
2024/03/05 12:39:14 Coordinator work
2024/03/05 12:39:14 Coordinator status 1
2024/03/05 12:39:14 Coordinator work
2024/03/05 12:39:14 Coordinator status 1
2024/03/05 12:39:14 Order 11 finish Reduce
2024/03/05 12:39:14 Order 12 finish Reduce
2024/03/05 12:39:15 Coordinator work
2024/03/05 12:39:15 Coordinator status 1
2024/03/05 12:39:15 Coordinator work
2024/03/05 12:39:15 Coordinator status 1
2024/03/05 12:39:15 Order 13 finish Reduce
2024/03/05 12:39:16 Coordinator work
2024/03/05 12:39:16 Coordinator status 1
2024/03/05 12:39:16 Order 15 finish Reduce
2024/03/05 12:39:16 Order 10 finish Reduce
2024/03/05 12:39:17 Coordinator work
2024/03/05 12:39:17 Coordinator status 1
2024/03/05 12:39:17 Coordinator work
2024/03/05 12:39:17 Coordinator status 1
2024/03/05 12:39:17 Order 16 finish Reduce
2024/03/05 12:39:17 Order 17 finish Reduce
2024/03/05 12:39:18 Order 14 finish Reduce
2024/03/05 12:39:18 Coordinator work
2024/03/05 12:39:18 Coordinator status 1
2024/03/05 12:39:18 Map: 8 done vs. 0 working, Reduce 10 done vs. 0 working
2024/03/05 12:39:18 forward: forward to done phase
2024/03/05 12:39:18 Coordinator work
2024/03/05 12:39:18 Coordinator status 2
2024/03/05 12:39:19 Coordinator work
2024/03/05 12:39:19 Coordinator status 2
