2024/03/05 06:27:04 making map order &{0 [../pg-being_ernest.txt] 0 10}
2024/03/05 06:27:04 making map order &{0 [../pg-dorian_gray.txt] 1 10}
2024/03/05 06:27:04 making map order &{0 [../pg-frankenstein.txt] 2 10}
2024/03/05 06:27:04 making map order &{0 [../pg-grimm.txt] 3 10}
2024/03/05 06:27:04 making map order &{0 [../pg-huckleberry_finn.txt] 4 10}
2024/03/05 06:27:04 making map order &{0 [../pg-metamorphosis.txt] 5 10}
2024/03/05 06:27:04 making map order &{0 [../pg-sherlock_holmes.txt] 6 10}
2024/03/05 06:27:04 making map order &{0 [../pg-tom_sawyer.txt] 7 10}
2024/03/05 06:27:04 done with make map order
2024/03/05 06:27:04 Map: 0 done vs. 8 working, Reduce 0 done vs. 0 working
2024/03/05 06:27:05 Coordinator work
2024/03/05 06:27:05 Coordinator status 0
2024/03/05 06:27:05 Coordinator work
2024/03/05 06:27:05 Coordinator status 0
2024/03/05 06:27:05 IsDone &{0 2024-03-05 06:27:05.094747581 +0800 CST m=+1.043813023 0xc00008a3c0} true
2024/03/05 06:27:05 Order 0 finish Map
2024/03/05 06:27:05 IsDone &{0 2024-03-05 06:27:05.095462458 +0800 CST m=+1.044527900 0xc00008a450} true
2024/03/05 06:27:05 Order 1 finish Map
2024/03/05 06:27:06 Coordinator work
2024/03/05 06:27:06 Coordinator status 0
2024/03/05 06:27:06 Coordinator work
2024/03/05 06:27:06 Coordinator status 0
2024/03/05 06:27:06 IsDone &{0 2024-03-05 06:27:06.108202084 +0800 CST m=+2.057267530 0xc00008a4e0} true
2024/03/05 06:27:06 Order 2 finish Map
2024/03/05 06:27:06 IsDone &{0 2024-03-05 06:27:06.115598082 +0800 CST m=+2.064663525 0xc00008a570} true
2024/03/05 06:27:06 Order 3 finish Map
2024/03/05 06:27:07 Coordinator work
2024/03/05 06:27:07 Coordinator status 0
2024/03/05 06:27:07 Coordinator work
2024/03/05 06:27:07 Coordinator status 0
2024/03/05 06:27:07 IsDone &{0 2024-03-05 06:27:07.141643676 +0800 CST m=+3.090709117 0xc00008a690} true
2024/03/05 06:27:07 Order 5 finish Map
2024/03/05 06:27:07 IsDone &{0 2024-03-05 06:27:07.133543118 +0800 CST m=+3.082608625 0xc00008a600} true
2024/03/05 06:27:07 Order 4 finish Map
2024/03/05 06:27:08 Coordinator work
2024/03/05 06:27:08 Coordinator status 0
2024/03/05 06:27:08 Coordinator work
2024/03/05 06:27:08 Coordinator status 0
2024/03/05 06:27:08 IsDone &{0 2024-03-05 06:27:08.152502411 +0800 CST m=+4.101567919 0xc00008a720} true
2024/03/05 06:27:08 Order 6 finish Map
2024/03/05 06:27:08 IsDone &{0 2024-03-05 06:27:08.161551793 +0800 CST m=+4.110617234 0xc00008a7b0} true
2024/03/05 06:27:08 Order 7 finish Map
2024/03/05 06:27:09 Coordinator work
2024/03/05 06:27:09 Coordinator status 0
2024/03/05 06:27:09 Map: 8 done vs. 0 working, Reduce 0 done vs. 0 working
2024/03/05 06:27:09 forward: forward to Reuce Phase
2024/03/05 06:27:09 making reduce order : 8
2024/03/05 06:27:09 making reduce order : 9
2024/03/05 06:27:09 making reduce order : 10
2024/03/05 06:27:09 making reduce order : 11
2024/03/05 06:27:09 making reduce order : 12
2024/03/05 06:27:09 making reduce order : 13
2024/03/05 06:27:09 Coordinator work
2024/03/05 06:27:09 making reduce order : 14
2024/03/05 06:27:09 making reduce order : 15
2024/03/05 06:27:09 making reduce order : 16
2024/03/05 06:27:09 making reduce order : 17
2024/03/05 06:27:09 done with make reduce order
2024/03/05 06:27:09 Map: 8 done vs. 0 working, Reduce 0 done vs. 10 working
2024/03/05 06:27:09 Coordinator status 1
2024/03/05 06:27:10 Order 8 finish Reduce
2024/03/05 06:27:11 Coordinator work
2024/03/05 06:27:11 Coordinator status 1
2024/03/05 06:27:11 Coordinator work
2024/03/05 06:27:11 Coordinator status 1
2024/03/05 06:27:12 Order 9 finish Reduce
2024/03/05 06:27:12 Order 10 finish Reduce
2024/03/05 06:27:13 Coordinator work
2024/03/05 06:27:13 Coordinator status 1
2024/03/05 06:27:13 Coordinator work
2024/03/05 06:27:13 Coordinator status 1
2024/03/05 06:27:15 Order 11 finish Reduce
2024/03/05 06:27:15 Order 12 finish Reduce
2024/03/05 06:27:16 Coordinator work
2024/03/05 06:27:16 Coordinator status 1
2024/03/05 06:27:16 Coordinator work
2024/03/05 06:27:16 Coordinator status 1
2024/03/05 06:27:17 Order 13 finish Reduce
2024/03/05 06:27:17 Order 14 finish Reduce
2024/03/05 06:27:18 Coordinator work
2024/03/05 06:27:18 Coordinator status 1
2024/03/05 06:27:18 Order 15 finish Reduce
2024/03/05 06:27:18 Coordinator work
2024/03/05 06:27:18 Coordinator status 1
2024/03/05 06:27:18 Order 16 finish Reduce
2024/03/05 06:27:19 Coordinator work
2024/03/05 06:27:19 Coordinator status 1
2024/03/05 06:27:19 Coordinator work
2024/03/05 06:27:19 Coordinator status 1
2024/03/05 06:27:19 Map: 8 done vs. 0 working, Reduce 9 done vs. 1 working
2024/03/05 06:27:20 Order 17 finish Reduce
2024/03/05 06:27:21 Coordinator work
2024/03/05 06:27:21 Coordinator status 1
2024/03/05 06:27:21 Map: 8 done vs. 0 working, Reduce 10 done vs. 0 working
2024/03/05 06:27:21 forward: forward to done phase
2024/03/05 06:27:21 Coordinator work
2024/03/05 06:27:21 Coordinator status 2
