2024/03/04 22:43:07 making map order &{0 [../pg-being_ernest.txt] 0 10}
2024/03/04 22:43:07 making map order &{0 [../pg-dorian_gray.txt] 1 10}
2024/03/04 22:43:07 making map order &{0 [../pg-frankenstein.txt] 2 10}
2024/03/04 22:43:07 making map order &{0 [../pg-grimm.txt] 3 10}
2024/03/04 22:43:07 making map order &{0 [../pg-huckleberry_finn.txt] 4 10}
2024/03/04 22:43:07 making map order &{0 [../pg-metamorphosis.txt] 5 10}
2024/03/04 22:43:07 making map order &{0 [../pg-sherlock_holmes.txt] 6 10}
2024/03/04 22:43:07 making map order &{0 [../pg-tom_sawyer.txt] 7 10}
2024/03/04 22:43:07 done with make map order
2024/03/04 22:43:07 Map: 0 done vs. 8 working, Reduce 0 done vs. 0 working
2024/03/04 22:43:08 Coordinator work
2024/03/04 22:43:08 Coordinator status 0
2024/03/04 22:43:08 Coordinator work
2024/03/04 22:43:08 Coordinator status 0
2024/03/04 22:43:08 Coordinator work
2024/03/04 22:43:08 Coordinator status 0
2024/03/04 22:43:08 IsDone &{0 2024-03-04 22:43:08.277109938 +0800 CST m=+1.021449046 0xc000084660} true
2024/03/04 22:43:08 Order 0 finish Map
2024/03/04 22:43:10 Coordinator work
2024/03/04 22:43:10 Coordinator status 0
2024/03/04 22:43:10 IsDone &{0 2024-03-04 22:43:08.284724949 +0800 CST m=+1.029064050 0xc0000846f0} true
2024/03/04 22:43:10 Order 1 finish Map
2024/03/04 22:43:10 IsDone &{0 2024-03-04 22:43:08.293513029 +0800 CST m=+1.037852130 0xc000084780} true
2024/03/04 22:43:10 Order 2 finish Map
2024/03/04 22:43:11 Coordinator work
2024/03/04 22:43:11 Coordinator status 0
2024/03/04 22:43:11 Coordinator work
2024/03/04 22:43:11 Coordinator status 0
2024/03/04 22:43:12 IsDone &{0 2024-03-04 22:43:10.001450151 +0800 CST m=+2.745789260 0xc000084810} true
2024/03/04 22:43:12 Order 3 finish Map
2024/03/04 22:43:12 IsDone &{0 2024-03-04 22:43:11.978031324 +0800 CST m=+4.722370431 0xc000084930} true
2024/03/04 22:43:12 Order 5 finish Map
2024/03/04 22:43:13 Coordinator work
2024/03/04 22:43:13 Coordinator status 0
2024/03/04 22:43:13 Coordinator work
2024/03/04 22:43:13 Coordinator status 0
2024/03/04 22:43:14 IsDone &{0 2024-03-04 22:43:11.747676348 +0800 CST m=+4.492015455 0xc0000848a0} true
2024/03/04 22:43:14 Order 4 finish Map
2024/03/04 22:43:15 IsDone &{0 2024-03-04 22:43:13.749875851 +0800 CST m=+6.494214960 0xc000084a50} true
2024/03/04 22:43:15 Order 7 finish Map
2024/03/04 22:43:15 Coordinator work
2024/03/04 22:43:15 Coordinator status 0
2024/03/04 22:43:15 Map: 7 done vs. 1 working, Reduce 0 done vs. 0 working
2024/03/04 22:43:16 IsDone &{0 2024-03-04 22:43:13.623798679 +0800 CST m=+6.368137777 0xc0000849c0} true
2024/03/04 22:43:16 Order 6 finish Map
2024/03/04 22:43:16 Coordinator work
2024/03/04 22:43:16 Coordinator status 0
2024/03/04 22:43:16 Map: 8 done vs. 0 working, Reduce 0 done vs. 0 working
2024/03/04 22:43:16 forward: forward to Reuce Phase
2024/03/04 22:43:16 making reduce order : 8
2024/03/04 22:43:16 making reduce order : 9
2024/03/04 22:43:16 making reduce order : 10
2024/03/04 22:43:16 making reduce order : 11
2024/03/04 22:43:16 making reduce order : 12
2024/03/04 22:43:16 making reduce order : 13
2024/03/04 22:43:16 making reduce order : 14
2024/03/04 22:43:16 making reduce order : 15
2024/03/04 22:43:16 making reduce order : 16
2024/03/04 22:43:16 making reduce order : 17
2024/03/04 22:43:16 done with make reduce order
2024/03/04 22:43:16 Map: 8 done vs. 0 working, Reduce 0 done vs. 10 working
2024/03/04 22:43:17 Coordinator work
2024/03/04 22:43:17 Coordinator status 1
2024/03/04 22:43:17 Order 8 finish Reduce
2024/03/04 22:43:17 Coordinator work
2024/03/04 22:43:17 Coordinator status 1
2024/03/04 22:43:18 Order 9 finish Reduce
2024/03/04 22:43:18 Coordinator work
2024/03/04 22:43:18 Coordinator status 1
2024/03/04 22:43:18 Coordinator work
2024/03/04 22:43:18 Coordinator status 1
2024/03/04 22:43:19 Coordinator work
2024/03/04 22:43:19 Coordinator status 1
2024/03/04 22:43:19 Order 11 finish Reduce
2024/03/04 22:43:19 Order 10 finish Reduce
2024/03/04 22:43:20 Order 12 finish Reduce
2024/03/04 22:43:20 Coordinator work
2024/03/04 22:43:20 Coordinator status 1
2024/03/04 22:43:20 Order 13 finish Reduce
2024/03/04 22:43:20 Coordinator work
2024/03/04 22:43:20 Coordinator status 1
2024/03/04 22:43:21 Coordinator work
2024/03/04 22:43:21 Coordinator status 1
2024/03/04 22:43:21 Coordinator work
2024/03/04 22:43:21 Coordinator status 1
2024/03/04 22:43:21 Order 15 finish Reduce
2024/03/04 22:43:22 Order 14 finish Reduce
2024/03/04 22:43:22 Order 16 finish Reduce
2024/03/04 22:43:22 Coordinator work
2024/03/04 22:43:22 Coordinator status 1
2024/03/04 22:43:23 Coordinator work
2024/03/04 22:43:23 Coordinator status 1
2024/03/04 22:43:23 Map: 8 done vs. 0 working, Reduce 9 done vs. 1 working
2024/03/04 22:43:23 Order 17 finish Reduce
2024/03/04 22:43:23 Coordinator work
2024/03/04 22:43:23 Coordinator status 1
2024/03/04 22:43:23 Map: 8 done vs. 0 working, Reduce 10 done vs. 0 working
2024/03/04 22:43:23 forward: forward to done phase
2024/03/04 22:43:24 Coordinator work
2024/03/04 22:43:24 Coordinator status 2
