2024/03/05 13:18:36 making map order &{0 [../pg-being_ernest.txt] 0 10}
2024/03/05 13:18:36 making map order &{0 [../pg-dorian_gray.txt] 1 10}
2024/03/05 13:18:36 making map order &{0 [../pg-frankenstein.txt] 2 10}
2024/03/05 13:18:36 making map order &{0 [../pg-grimm.txt] 3 10}
2024/03/05 13:18:36 making map order &{0 [../pg-huckleberry_finn.txt] 4 10}
2024/03/05 13:18:36 making map order &{0 [../pg-metamorphosis.txt] 5 10}
2024/03/05 13:18:36 making map order &{0 [../pg-sherlock_holmes.txt] 6 10}
2024/03/05 13:18:36 making map order &{0 [../pg-tom_sawyer.txt] 7 10}
2024/03/05 13:18:36 done with make map order
2024/03/05 13:18:36 Map: 0 done vs. 8 working, Reduce 0 done vs. 0 working
2024/03/05 13:18:37 Coordinator work
2024/03/05 13:18:37 Coordinator status 0
2024/03/05 13:18:37 Coordinator work
2024/03/05 13:18:37 Coordinator status 0
2024/03/05 13:18:37 Coordinator work
2024/03/05 13:18:37 Coordinator status 0
2024/03/05 13:18:37 Coordinator work
2024/03/05 13:18:37 Coordinator status 0
2024/03/05 13:18:38 IsDone &{0 2024-03-05 13:18:37.976438974 +0800 CST m=+1.055429193 0xc00009ddd0} true
2024/03/05 13:18:38 Order 0 finish Map
2024/03/05 13:18:38 IsDone &{0 2024-03-05 13:18:37.977831926 +0800 CST m=+1.056822145 0xc00009def0} true
2024/03/05 13:18:38 Order 2 finish Map
2024/03/05 13:18:38 IsDone &{0 2024-03-05 13:18:37.97837158 +0800 CST m=+1.057361800 0xc00009df80} true
2024/03/05 13:18:38 Order 3 finish Map
2024/03/05 13:18:38 IsDone &{0 2024-03-05 13:18:37.977319864 +0800 CST m=+1.056310082 0xc00009de60} true
2024/03/05 13:18:38 Order 1 finish Map
2024/03/05 13:18:39 Coordinator work
2024/03/05 13:18:39 Coordinator status 0
2024/03/05 13:18:39 Coordinator work
2024/03/05 13:18:39 Coordinator status 0
2024/03/05 13:18:39 Coordinator work
2024/03/05 13:18:39 Coordinator status 0
2024/03/05 13:18:39 Coordinator work
2024/03/05 13:18:39 Coordinator status 0
2024/03/05 13:18:39 IsDone &{0 2024-03-05 13:18:39.02385203 +0800 CST m=+2.102842250 0xc00011a1e0} true
2024/03/05 13:18:39 Order 7 finish Map
2024/03/05 13:18:40 Coordinator work
2024/03/05 13:18:40 Coordinator status 0
2024/03/05 13:18:40 Map: 5 done vs. 3 working, Reduce 0 done vs. 0 working
2024/03/05 13:18:40 Coordinator work
2024/03/05 13:18:40 Coordinator status 0
2024/03/05 13:18:40 Map: 5 done vs. 3 working, Reduce 0 done vs. 0 working
2024/03/05 13:18:40 Coordinator work
2024/03/05 13:18:40 Coordinator status 0
2024/03/05 13:18:40 Map: 5 done vs. 3 working, Reduce 0 done vs. 0 working
2024/03/05 13:18:42 Coordinator work
2024/03/05 13:18:42 Coordinator status 0
2024/03/05 13:18:42 Map: 5 done vs. 3 working, Reduce 0 done vs. 0 working
2024/03/05 13:18:42 Coordinator work
2024/03/05 13:18:42 Coordinator status 0
2024/03/05 13:18:42 Map: 5 done vs. 3 working, Reduce 0 done vs. 0 working
2024/03/05 13:18:42 Coordinator work
2024/03/05 13:18:42 Coordinator status 0
2024/03/05 13:18:42 Map: 5 done vs. 3 working, Reduce 0 done vs. 0 working
2024/03/05 13:18:44 Coordinator work
2024/03/05 13:18:44 Coordinator status 0
2024/03/05 13:18:44 Map: 5 done vs. 3 working, Reduce 0 done vs. 0 working
2024/03/05 13:18:44 Coordinator work
2024/03/05 13:18:44 Coordinator status 0
2024/03/05 13:18:44 Map: 5 done vs. 3 working, Reduce 0 done vs. 0 working
2024/03/05 13:18:44 Coordinator work
2024/03/05 13:18:44 Coordinator status 0
2024/03/05 13:18:44 Map: 5 done vs. 3 working, Reduce 0 done vs. 0 working
2024/03/05 13:18:46 Coordinator work
2024/03/05 13:18:46 Coordinator status 0
2024/03/05 13:18:46 Map: 5 done vs. 3 working, Reduce 0 done vs. 0 working
2024/03/05 13:18:46 Coordinator work
2024/03/05 13:18:46 Coordinator status 0
2024/03/05 13:18:46 Map: 5 done vs. 3 working, Reduce 0 done vs. 0 working
2024/03/05 13:18:46 Coordinator work
2024/03/05 13:18:46 Coordinator status 0
2024/03/05 13:18:46 Map: 5 done vs. 3 working, Reduce 0 done vs. 0 working
2024/03/05 13:18:48 Coordinator work
2024/03/05 13:18:48 Coordinator status 0
2024/03/05 13:18:48 Map: 5 done vs. 3 working, Reduce 0 done vs. 0 working
2024/03/05 13:18:48 Coordinator work
2024/03/05 13:18:48 Coordinator status 0
2024/03/05 13:18:48 Map: 5 done vs. 3 working, Reduce 0 done vs. 0 working
2024/03/05 13:18:48 Coordinator work
2024/03/05 13:18:48 Coordinator status 0
2024/03/05 13:18:48 Map: 5 done vs. 3 working, Reduce 0 done vs. 0 working
2024/03/05 13:18:48 IsDone &{0 2024-03-05 13:18:39.023372514 +0800 CST m=+2.102362735 0xc00011a150} true
2024/03/05 13:18:48 Order 6 finish Map
2024/03/05 13:18:49 Coordinator work
2024/03/05 13:18:49 Coordinator status 0
2024/03/05 13:18:49 Map: 6 done vs. 2 working, Reduce 0 done vs. 0 working
2024/03/05 13:18:49 Coordiantor restart Map order 5
2024/03/05 13:18:49 Coordiantor restart Map order 4
2024/03/05 13:18:50 Coordinator work
2024/03/05 13:18:50 Coordinator status 0
2024/03/05 13:18:50 Coordinator work
2024/03/05 13:18:50 Coordinator status 0
2024/03/05 13:18:50 Coordinator work
2024/03/05 13:18:50 Coordinator status 0
2024/03/05 13:18:50 Map: 6 done vs. 2 working, Reduce 0 done vs. 0 working
2024/03/05 13:18:50 IsDone &{0 2024-03-05 13:18:50.082133062 +0800 CST m=+13.161123284 0xc00011a030} true
2024/03/05 13:18:50 Order 4 finish Map
2024/03/05 13:18:51 Coordinator work
2024/03/05 13:18:51 Coordinator status 0
2024/03/05 13:18:51 Map: 7 done vs. 1 working, Reduce 0 done vs. 0 working
2024/03/05 13:18:51 Coordinator work
2024/03/05 13:18:51 Coordinator status 0
2024/03/05 13:18:51 Map: 7 done vs. 1 working, Reduce 0 done vs. 0 working
2024/03/05 13:18:52 Coordinator work
2024/03/05 13:18:52 Coordinator status 0
2024/03/05 13:18:52 Map: 7 done vs. 1 working, Reduce 0 done vs. 0 working
2024/03/05 13:18:53 Coordinator work
2024/03/05 13:18:53 Coordinator status 0
2024/03/05 13:18:53 Map: 7 done vs. 1 working, Reduce 0 done vs. 0 working
2024/03/05 13:18:53 Coordinator work
2024/03/05 13:18:53 Coordinator status 0
2024/03/05 13:18:53 Map: 7 done vs. 1 working, Reduce 0 done vs. 0 working
2024/03/05 13:18:54 Coordinator work
2024/03/05 13:18:54 Coordinator status 0
2024/03/05 13:18:54 Map: 7 done vs. 1 working, Reduce 0 done vs. 0 working
2024/03/05 13:18:55 Coordinator work
2024/03/05 13:18:55 Coordinator status 0
2024/03/05 13:18:55 Map: 7 done vs. 1 working, Reduce 0 done vs. 0 working
2024/03/05 13:18:55 Coordinator work
2024/03/05 13:18:55 Coordinator status 0
2024/03/05 13:18:55 Map: 7 done vs. 1 working, Reduce 0 done vs. 0 working
2024/03/05 13:18:56 Coordinator work
2024/03/05 13:18:56 Coordinator status 0
2024/03/05 13:18:56 Map: 7 done vs. 1 working, Reduce 0 done vs. 0 working
2024/03/05 13:18:57 Coordinator work
2024/03/05 13:18:57 Coordinator status 0
2024/03/05 13:18:57 Map: 7 done vs. 1 working, Reduce 0 done vs. 0 working
2024/03/05 13:18:57 Coordinator work
2024/03/05 13:18:57 Coordinator status 0
2024/03/05 13:18:57 Map: 7 done vs. 1 working, Reduce 0 done vs. 0 working
2024/03/05 13:18:58 Coordinator work
2024/03/05 13:18:58 Coordinator status 0
2024/03/05 13:18:58 Map: 7 done vs. 1 working, Reduce 0 done vs. 0 working
2024/03/05 13:18:58 IsDone &{0 2024-03-05 13:18:50.068433513 +0800 CST m=+13.147423733 0xc00011a0c0} true
2024/03/05 13:18:58 Order 5 finish Map
2024/03/05 13:18:59 Coordinator work
2024/03/05 13:18:59 Coordinator status 0
2024/03/05 13:18:59 Map: 8 done vs. 0 working, Reduce 0 done vs. 0 working
2024/03/05 13:18:59 forward: forward to Reuce Phase
2024/03/05 13:18:59 making reduce order : 8
2024/03/05 13:18:59 making reduce order : 9
2024/03/05 13:18:59 making reduce order : 10
2024/03/05 13:18:59 making reduce order : 11
2024/03/05 13:18:59 making reduce order : 12
2024/03/05 13:18:59 making reduce order : 13
2024/03/05 13:18:59 making reduce order : 14
2024/03/05 13:18:59 making reduce order : 15
2024/03/05 13:18:59 making reduce order : 16
2024/03/05 13:18:59 making reduce order : 17
2024/03/05 13:18:59 done with make reduce order
2024/03/05 13:18:59 Map: 8 done vs. 0 working, Reduce 0 done vs. 10 working
2024/03/05 13:18:59 Coordinator work
2024/03/05 13:18:59 Coordinator status 1
2024/03/05 13:18:59 Order 8 finish Reduce
2024/03/05 13:18:59 Coordinator work
2024/03/05 13:18:59 Coordinator status 1
2024/03/05 13:18:59 Order 9 finish Reduce
2024/03/05 13:19:00 Coordinator work
2024/03/05 13:19:00 Coordinator status 1
2024/03/05 13:19:00 Coordinator work
2024/03/05 13:19:00 Coordinator status 1
2024/03/05 13:19:00 Order 11 finish Reduce
2024/03/05 13:19:00 Coordinator work
2024/03/05 13:19:00 Coordinator status 1
2024/03/05 13:19:00 Order 12 finish Reduce
2024/03/05 13:19:01 Coordinator work
2024/03/05 13:19:01 Coordinator status 1
2024/03/05 13:19:01 Coordinator work
2024/03/05 13:19:01 Coordinator status 1
2024/03/05 13:19:01 Order 14 finish Reduce
2024/03/05 13:19:01 Coordinator work
2024/03/05 13:19:01 Coordinator status 1
2024/03/05 13:19:01 Order 15 finish Reduce
2024/03/05 13:19:02 Coordinator work
2024/03/05 13:19:02 Coordinator status 1
2024/03/05 13:19:02 Order 16 finish Reduce
2024/03/05 13:19:02 Coordinator work
2024/03/05 13:19:02 Coordinator status 1
2024/03/05 13:19:02 Coordinator work
2024/03/05 13:19:02 Coordinator status 1
2024/03/05 13:19:02 Map: 8 done vs. 0 working, Reduce 7 done vs. 3 working
2024/03/05 13:19:03 Order 10 finish Reduce
2024/03/05 13:19:03 Coordinator work
2024/03/05 13:19:03 Coordinator status 1
2024/03/05 13:19:03 Map: 8 done vs. 0 working, Reduce 8 done vs. 2 working
2024/03/05 13:19:03 Coordinator work
2024/03/05 13:19:03 Coordinator status 1
2024/03/05 13:19:03 Map: 8 done vs. 0 working, Reduce 8 done vs. 2 working
2024/03/05 13:19:04 Coordinator work
2024/03/05 13:19:04 Coordinator status 1
2024/03/05 13:19:04 Map: 8 done vs. 0 working, Reduce 8 done vs. 2 working
2024/03/05 13:19:04 Coordinator work
2024/03/05 13:19:04 Coordinator status 1
2024/03/05 13:19:04 Map: 8 done vs. 0 working, Reduce 8 done vs. 2 working
2024/03/05 13:19:05 Coordinator work
2024/03/05 13:19:05 Coordinator status 1
2024/03/05 13:19:05 Map: 8 done vs. 0 working, Reduce 8 done vs. 2 working
2024/03/05 13:19:05 Coordinator work
2024/03/05 13:19:05 Coordinator status 1
2024/03/05 13:19:05 Map: 8 done vs. 0 working, Reduce 8 done vs. 2 working
2024/03/05 13:19:06 Coordinator work
2024/03/05 13:19:06 Coordinator status 1
2024/03/05 13:19:06 Map: 8 done vs. 0 working, Reduce 8 done vs. 2 working
2024/03/05 13:19:06 Coordinator work
2024/03/05 13:19:06 Coordinator status 1
2024/03/05 13:19:06 Map: 8 done vs. 0 working, Reduce 8 done vs. 2 working
2024/03/05 13:19:07 Coordinator work
2024/03/05 13:19:07 Coordinator status 1
2024/03/05 13:19:07 Map: 8 done vs. 0 working, Reduce 8 done vs. 2 working
2024/03/05 13:19:07 Coordinator work
2024/03/05 13:19:07 Coordinator status 1
2024/03/05 13:19:07 Map: 8 done vs. 0 working, Reduce 8 done vs. 2 working
2024/03/05 13:19:08 Coordinator work
2024/03/05 13:19:08 Coordinator status 1
2024/03/05 13:19:08 Map: 8 done vs. 0 working, Reduce 8 done vs. 2 working
2024/03/05 13:19:08 Coordinator work
2024/03/05 13:19:08 Coordinator status 1
2024/03/05 13:19:08 Map: 8 done vs. 0 working, Reduce 8 done vs. 2 working
2024/03/05 13:19:09 Coordinator work
2024/03/05 13:19:09 Coordinator status 1
2024/03/05 13:19:09 Map: 8 done vs. 0 working, Reduce 8 done vs. 2 working
2024/03/05 13:19:09 Coordinator work
2024/03/05 13:19:09 Coordinator status 1
2024/03/05 13:19:09 Map: 8 done vs. 0 working, Reduce 8 done vs. 2 working
2024/03/05 13:19:10 Coordinator work
2024/03/05 13:19:10 Coordinator status 1
2024/03/05 13:19:10 Map: 8 done vs. 0 working, Reduce 8 done vs. 2 working
2024/03/05 13:19:10 Coordinator work
2024/03/05 13:19:10 Coordinator status 1
2024/03/05 13:19:10 Map: 8 done vs. 0 working, Reduce 8 done vs. 2 working
2024/03/05 13:19:11 Coordinator work
2024/03/05 13:19:11 Coordinator status 1
2024/03/05 13:19:11 Map: 8 done vs. 0 working, Reduce 8 done vs. 2 working
2024/03/05 13:19:11 Coordinator work
2024/03/05 13:19:11 Coordinator status 1
2024/03/05 13:19:11 Map: 8 done vs. 0 working, Reduce 8 done vs. 2 working
2024/03/05 13:19:11 Coordiantor restart Reduce order 13
2024/03/05 13:19:12 Coordinator work
2024/03/05 13:19:12 Coordinator status 1
2024/03/05 13:19:12 Order 13 finish Reduce
2024/03/05 13:19:12 Coordinator work
2024/03/05 13:19:12 Coordinator status 1
2024/03/05 13:19:12 Map: 8 done vs. 0 working, Reduce 9 done vs. 1 working
2024/03/05 13:19:12 Coordiantor restart Reduce order 17
2024/03/05 13:19:13 Coordinator work
2024/03/05 13:19:13 Coordinator status 1
2024/03/05 13:19:13 Coordinator work
2024/03/05 13:19:13 Coordinator status 1
2024/03/05 13:19:13 Map: 8 done vs. 0 working, Reduce 9 done vs. 1 working
2024/03/05 13:19:13 Coordinator work
2024/03/05 13:19:13 Coordinator status 1
2024/03/05 13:19:13 Map: 8 done vs. 0 working, Reduce 9 done vs. 1 working
2024/03/05 13:19:14 Coordinator work
2024/03/05 13:19:14 Coordinator status 1
2024/03/05 13:19:14 Map: 8 done vs. 0 working, Reduce 9 done vs. 1 working
2024/03/05 13:19:14 Coordinator work
2024/03/05 13:19:14 Coordinator status 1
2024/03/05 13:19:14 Map: 8 done vs. 0 working, Reduce 9 done vs. 1 working
2024/03/05 13:19:15 Coordinator work
2024/03/05 13:19:15 Coordinator status 1
2024/03/05 13:19:15 Map: 8 done vs. 0 working, Reduce 9 done vs. 1 working
2024/03/05 13:19:15 Coordinator work
2024/03/05 13:19:15 Coordinator status 1
2024/03/05 13:19:15 Map: 8 done vs. 0 working, Reduce 9 done vs. 1 working
2024/03/05 13:19:16 Coordinator work
2024/03/05 13:19:16 Coordinator status 1
2024/03/05 13:19:16 Map: 8 done vs. 0 working, Reduce 9 done vs. 1 working
2024/03/05 13:19:16 Coordinator work
2024/03/05 13:19:16 Coordinator status 1
2024/03/05 13:19:16 Map: 8 done vs. 0 working, Reduce 9 done vs. 1 working
2024/03/05 13:19:17 Coordinator work
2024/03/05 13:19:17 Coordinator status 1
2024/03/05 13:19:17 Map: 8 done vs. 0 working, Reduce 9 done vs. 1 working
2024/03/05 13:19:17 Coordinator work
2024/03/05 13:19:17 Coordinator status 1
2024/03/05 13:19:17 Map: 8 done vs. 0 working, Reduce 9 done vs. 1 working
2024/03/05 13:19:18 Coordinator work
2024/03/05 13:19:18 Coordinator status 1
2024/03/05 13:19:18 Map: 8 done vs. 0 working, Reduce 9 done vs. 1 working
2024/03/05 13:19:18 Coordinator work
2024/03/05 13:19:18 Coordinator status 1
2024/03/05 13:19:18 Map: 8 done vs. 0 working, Reduce 9 done vs. 1 working
2024/03/05 13:19:19 Coordinator work
2024/03/05 13:19:19 Coordinator status 1
2024/03/05 13:19:19 Map: 8 done vs. 0 working, Reduce 9 done vs. 1 working
2024/03/05 13:19:19 Coordinator work
2024/03/05 13:19:19 Coordinator status 1
2024/03/05 13:19:19 Map: 8 done vs. 0 working, Reduce 9 done vs. 1 working
2024/03/05 13:19:20 Coordinator work
2024/03/05 13:19:20 Coordinator status 1
2024/03/05 13:19:20 Map: 8 done vs. 0 working, Reduce 9 done vs. 1 working
2024/03/05 13:19:20 Coordinator work
2024/03/05 13:19:20 Coordinator status 1
2024/03/05 13:19:20 Map: 8 done vs. 0 working, Reduce 9 done vs. 1 working
2024/03/05 13:19:21 Coordinator work
2024/03/05 13:19:21 Coordinator status 1
2024/03/05 13:19:21 Map: 8 done vs. 0 working, Reduce 9 done vs. 1 working
2024/03/05 13:19:21 Coordinator work
2024/03/05 13:19:21 Coordinator status 1
2024/03/05 13:19:21 Map: 8 done vs. 0 working, Reduce 9 done vs. 1 working
2024/03/05 13:19:22 Coordinator work
2024/03/05 13:19:22 Coordinator status 1
2024/03/05 13:19:22 Map: 8 done vs. 0 working, Reduce 9 done vs. 1 working
2024/03/05 13:19:22 Coordinator work
2024/03/05 13:19:22 Coordinator status 1
2024/03/05 13:19:22 Map: 8 done vs. 0 working, Reduce 9 done vs. 1 working
2024/03/05 13:19:23 Coordinator work
2024/03/05 13:19:23 Coordinator status 1
2024/03/05 13:19:23 Map: 8 done vs. 0 working, Reduce 9 done vs. 1 working
2024/03/05 13:19:23 Coordinator work
2024/03/05 13:19:23 Coordinator status 1
2024/03/05 13:19:23 Map: 8 done vs. 0 working, Reduce 9 done vs. 1 working
2024/03/05 13:19:23 Coordiantor restart Reduce order 17
2024/03/05 13:19:24 Coordinator work
2024/03/05 13:19:24 Coordinator status 1
2024/03/05 13:19:24 Order 17 finish Reduce
2024/03/05 13:19:24 Coordinator work
2024/03/05 13:19:24 Coordinator status 1
2024/03/05 13:19:24 Map: 8 done vs. 0 working, Reduce 10 done vs. 0 working
2024/03/05 13:19:24 forward: forward to done phase
2024/03/05 13:19:25 Coordinator work
2024/03/05 13:19:25 Coordinator status 2
2024/03/05 13:19:25 Coordinator work
2024/03/05 13:19:25 Coordinator status 2
2024/03/05 13:19:25 Coordinator work
2024/03/05 13:19:25 Coordinator status 2
