2024/03/05 00:55:57 making map order &{0 [../pg-being_ernest.txt] 0 10}
2024/03/05 00:55:57 making map order &{0 [../pg-dorian_gray.txt] 1 10}
2024/03/05 00:55:57 making map order &{0 [../pg-frankenstein.txt] 2 10}
2024/03/05 00:55:57 making map order &{0 [../pg-grimm.txt] 3 10}
2024/03/05 00:55:57 making map order &{0 [../pg-huckleberry_finn.txt] 4 10}
2024/03/05 00:55:57 making map order &{0 [../pg-metamorphosis.txt] 5 10}
2024/03/05 00:55:57 making map order &{0 [../pg-sherlock_holmes.txt] 6 10}
2024/03/05 00:55:57 making map order &{0 [../pg-tom_sawyer.txt] 7 10}
2024/03/05 00:55:57 done with make map order
2024/03/05 00:55:57 Map: 0 done vs. 8 working, Reduce 0 done vs. 0 working
2024/03/05 00:55:58 Coordinator work
2024/03/05 00:55:58 Coordinator status 0
2024/03/05 00:55:58 Coordinator work
2024/03/05 00:55:58 Coordinator status 0
2024/03/05 00:55:58 IsDone &{0 2024-03-05 00:55:58.360833067 +0800 CST m=+1.014684867 0xc00009df50} true
2024/03/05 00:55:58 Order 0 finish Map
2024/03/05 00:55:58 IsDone &{0 2024-03-05 00:55:58.376552937 +0800 CST m=+1.030404741 0xc00011a000} true
2024/03/05 00:55:58 Order 1 finish Map
2024/03/05 00:55:59 Coordinator work
2024/03/05 00:55:59 Coordinator status 0
2024/03/05 00:55:59 Coordinator work
2024/03/05 00:55:59 Coordinator status 0
2024/03/05 00:55:59 IsDone &{0 2024-03-05 00:55:59.449025382 +0800 CST m=+2.102877191 0xc00011a090} true
2024/03/05 00:55:59 Order 2 finish Map
2024/03/05 00:55:59 IsDone &{0 2024-03-05 00:55:59.598477846 +0800 CST m=+2.252329650 0xc00011a120} true
2024/03/05 00:55:59 Order 3 finish Map
2024/03/05 00:56:00 Coordinator work
2024/03/05 00:56:00 Coordinator status 0
2024/03/05 00:56:00 Coordinator work
2024/03/05 00:56:00 Coordinator status 0
2024/03/05 00:56:00 IsDone &{0 2024-03-05 00:56:00.788641617 +0800 CST m=+3.442493420 0xc00011a240} true
2024/03/05 00:56:00 Order 5 finish Map
2024/03/05 00:56:00 IsDone &{0 2024-03-05 00:56:00.643218808 +0800 CST m=+3.297070615 0xc00011a1b0} true
2024/03/05 00:56:00 Order 4 finish Map
2024/03/05 00:56:01 Coordinator work
2024/03/05 00:56:01 Coordinator status 0
2024/03/05 00:56:01 Coordinator work
2024/03/05 00:56:01 Coordinator status 0
2024/03/05 00:56:02 IsDone &{0 2024-03-05 00:56:01.883794435 +0800 CST m=+4.537646242 0xc00011a2d0} true
2024/03/05 00:56:02 Order 6 finish Map
2024/03/05 00:56:02 IsDone &{0 2024-03-05 00:56:01.905333033 +0800 CST m=+4.559184836 0xc00011a360} true
2024/03/05 00:56:02 Order 7 finish Map
2024/03/05 00:56:03 Coordinator work
2024/03/05 00:56:03 Coordinator status 0
2024/03/05 00:56:03 Map: 8 done vs. 0 working, Reduce 0 done vs. 0 working
2024/03/05 00:56:03 forward: forward to Reuce Phase
2024/03/05 00:56:03 making reduce order : 8
2024/03/05 00:56:03 making reduce order : 9
2024/03/05 00:56:03 making reduce order : 10
2024/03/05 00:56:03 making reduce order : 11
2024/03/05 00:56:03 making reduce order : 12
2024/03/05 00:56:03 making reduce order : 13
2024/03/05 00:56:03 making reduce order : 14
2024/03/05 00:56:03 making reduce order : 15
2024/03/05 00:56:03 making reduce order : 16
2024/03/05 00:56:03 making reduce order : 17
2024/03/05 00:56:03 done with make reduce order
2024/03/05 00:56:03 Map: 8 done vs. 0 working, Reduce 0 done vs. 10 working
2024/03/05 00:56:03 Coordinator work
2024/03/05 00:56:03 Coordinator status 1
2024/03/05 00:56:03 Order 8 finish Reduce
2024/03/05 00:56:04 Coordinator work
2024/03/05 00:56:04 Coordinator status 1
2024/03/05 00:56:04 Order 9 finish Reduce
2024/03/05 00:56:05 Coordinator work
2024/03/05 00:56:05 Coordinator status 1
2024/03/05 00:56:05 Order 10 finish Reduce
2024/03/05 00:56:05 Coordinator work
2024/03/05 00:56:05 Coordinator status 1
2024/03/05 00:56:05 Order 11 finish Reduce
2024/03/05 00:56:06 Coordinator work
2024/03/05 00:56:06 Coordinator status 1
2024/03/05 00:56:06 Order 12 finish Reduce
2024/03/05 00:56:06 Coordinator work
2024/03/05 00:56:06 Coordinator status 1
2024/03/05 00:56:06 Order 13 finish Reduce
2024/03/05 00:56:07 Coordinator work
2024/03/05 00:56:07 Coordinator status 1
2024/03/05 00:56:07 Order 14 finish Reduce
2024/03/05 00:56:07 Coordinator work
2024/03/05 00:56:07 Coordinator status 1
2024/03/05 00:56:07 Order 15 finish Reduce
2024/03/05 00:56:08 Coordinator work
2024/03/05 00:56:08 Coordinator status 1
2024/03/05 00:56:08 Order 16 finish Reduce
2024/03/05 00:56:08 Coordinator work
2024/03/05 00:56:08 Coordinator status 1
2024/03/05 00:56:08 Order 17 finish Reduce
2024/03/05 00:56:09 Coordinator work
2024/03/05 00:56:09 Coordinator status 1
2024/03/05 00:56:09 Map: 8 done vs. 0 working, Reduce 10 done vs. 0 working
2024/03/05 00:56:09 forward: forward to done phase
2024/03/05 00:56:09 Coordinator work
2024/03/05 00:56:09 Coordinator status 2
