2024/03/05 00:28:42 making map order &{0 [../pg-being_ernest.txt] 0 10}
2024/03/05 00:28:42 making map order &{0 [../pg-dorian_gray.txt] 1 10}
2024/03/05 00:28:42 making map order &{0 [../pg-frankenstein.txt] 2 10}
2024/03/05 00:28:42 making map order &{0 [../pg-grimm.txt] 3 10}
2024/03/05 00:28:42 making map order &{0 [../pg-huckleberry_finn.txt] 4 10}
2024/03/05 00:28:42 making map order &{0 [../pg-metamorphosis.txt] 5 10}
2024/03/05 00:28:42 making map order &{0 [../pg-sherlock_holmes.txt] 6 10}
2024/03/05 00:28:42 making map order &{0 [../pg-tom_sawyer.txt] 7 10}
2024/03/05 00:28:42 done with make map order
2024/03/05 00:28:42 Map: 0 done vs. 8 working, Reduce 0 done vs. 0 working
2024/03/05 00:28:43 Coordinator work
2024/03/05 00:28:43 Coordinator status 0
2024/03/05 00:28:43 Coordinator work
2024/03/05 00:28:43 Coordinator status 0
2024/03/05 00:28:47 IsDone &{0 2024-03-05 00:28:43.791623115 +0800 CST m=+1.022130336 0xc0000a3e90} true
2024/03/05 00:28:47 Order 0 finish Map
2024/03/05 00:28:47 IsDone &{0 2024-03-05 00:28:43.797092162 +0800 CST m=+1.027599387 0xc0000a3f20} true
2024/03/05 00:28:47 Order 1 finish Map
2024/03/05 00:28:48 Coordinator work
2024/03/05 00:28:48 Coordinator status 0
2024/03/05 00:28:48 Coordinator work
2024/03/05 00:28:48 Coordinator status 0
2024/03/05 00:28:52 IsDone &{0 2024-03-05 00:28:48.883015745 +0800 CST m=+6.113522970 0xc0000a3fb0} true
2024/03/05 00:28:52 Order 2 finish Map
2024/03/05 00:28:52 IsDone &{0 2024-03-05 00:28:48.89853271 +0800 CST m=+6.129039932 0xc00011a060} true
2024/03/05 00:28:52 Order 3 finish Map
2024/03/05 00:28:53 Coordinator work
2024/03/05 00:28:53 Coordinator status 0
2024/03/05 00:28:53 Coordinator work
2024/03/05 00:28:53 Coordinator status 0
2024/03/05 00:28:57 IsDone &{0 2024-03-05 00:28:53.784973112 +0800 CST m=+11.015480338 0xc00011a0f0} true
2024/03/05 00:28:57 Order 4 finish Map
2024/03/05 00:28:57 IsDone &{0 2024-03-05 00:28:53.801781751 +0800 CST m=+11.032288975 0xc00011a180} true
2024/03/05 00:28:57 Order 5 finish Map
2024/03/05 00:28:58 Coordinator work
2024/03/05 00:28:58 Coordinator status 0
2024/03/05 00:28:58 Coordinator work
2024/03/05 00:28:58 Coordinator status 0
2024/03/05 00:29:00 IsDone &{0 2024-03-05 00:28:58.651121438 +0800 CST m=+15.881628667 0xc00011a210} true
2024/03/05 00:29:00 Order 6 finish Map
2024/03/05 00:29:00 IsDone &{0 2024-03-05 00:28:58.658116448 +0800 CST m=+15.888623670 0xc00011a2a0} true
2024/03/05 00:29:00 Order 7 finish Map
2024/03/05 00:29:01 Coordinator work
2024/03/05 00:29:01 Coordinator status 0
2024/03/05 00:29:01 Map: 8 done vs. 0 working, Reduce 0 done vs. 0 working
2024/03/05 00:29:01 forward: forward to Reuce Phase
2024/03/05 00:29:01 making reduce order : 8
2024/03/05 00:29:01 making reduce order : 9
2024/03/05 00:29:01 making reduce order : 10
2024/03/05 00:29:01 making reduce order : 11
2024/03/05 00:29:01 making reduce order : 12
2024/03/05 00:29:01 Coordinator work
2024/03/05 00:29:01 making reduce order : 13
2024/03/05 00:29:01 making reduce order : 14
2024/03/05 00:29:01 making reduce order : 15
2024/03/05 00:29:01 making reduce order : 16
2024/03/05 00:29:01 making reduce order : 17
2024/03/05 00:29:01 done with make reduce order
2024/03/05 00:29:01 Map: 8 done vs. 0 working, Reduce 0 done vs. 10 working
2024/03/05 00:29:01 Coordinator status 1
2024/03/05 00:29:01 Order 8 finish Reduce
2024/03/05 00:29:02 Coordinator work
2024/03/05 00:29:02 Coordinator status 1
2024/03/05 00:29:02 Order 9 finish Reduce
2024/03/05 00:29:03 Coordinator work
2024/03/05 00:29:03 Coordinator status 1
2024/03/05 00:29:03 Order 10 finish Reduce
2024/03/05 00:29:03 Coordinator work
2024/03/05 00:29:03 Coordinator status 1
2024/03/05 00:29:03 Order 11 finish Reduce
2024/03/05 00:29:04 Coordinator work
2024/03/05 00:29:04 Coordinator status 1
2024/03/05 00:29:04 Order 12 finish Reduce
2024/03/05 00:29:04 Coordinator work
2024/03/05 00:29:04 Coordinator status 1
2024/03/05 00:29:04 Order 13 finish Reduce
2024/03/05 00:29:05 Coordinator work
2024/03/05 00:29:05 Coordinator status 1
2024/03/05 00:29:05 Order 14 finish Reduce
2024/03/05 00:29:05 Coordinator work
2024/03/05 00:29:05 Coordinator status 1
2024/03/05 00:29:05 Order 15 finish Reduce
2024/03/05 00:29:06 Coordinator work
2024/03/05 00:29:06 Coordinator status 1
2024/03/05 00:29:06 Order 16 finish Reduce
2024/03/05 00:29:06 Coordinator work
2024/03/05 00:29:06 Coordinator status 1
2024/03/05 00:29:06 Order 17 finish Reduce
2024/03/05 00:29:07 Coordinator work
2024/03/05 00:29:07 Coordinator status 1
2024/03/05 00:29:07 Map: 8 done vs. 0 working, Reduce 10 done vs. 0 working
2024/03/05 00:29:07 forward: forward to done phase
2024/03/05 00:29:07 Coordinator work
2024/03/05 00:29:07 Coordinator status 2
