2024/03/05 04:49:52 making map order &{0 [../pg-being_ernest.txt] 0 10}
2024/03/05 04:49:52 making map order &{0 [../pg-dorian_gray.txt] 1 10}
2024/03/05 04:49:52 making map order &{0 [../pg-frankenstein.txt] 2 10}
2024/03/05 04:49:52 making map order &{0 [../pg-grimm.txt] 3 10}
2024/03/05 04:49:52 making map order &{0 [../pg-huckleberry_finn.txt] 4 10}
2024/03/05 04:49:52 making map order &{0 [../pg-metamorphosis.txt] 5 10}
2024/03/05 04:49:52 making map order &{0 [../pg-sherlock_holmes.txt] 6 10}
2024/03/05 04:49:52 making map order &{0 [../pg-tom_sawyer.txt] 7 10}
2024/03/05 04:49:52 done with make map order
2024/03/05 04:49:52 Map: 0 done vs. 8 working, Reduce 0 done vs. 0 working
2024/03/05 04:49:53 Coordinator work
2024/03/05 04:49:53 Coordinator status 0
2024/03/05 04:49:53 Coordinator work
2024/03/05 04:49:53 Coordinator status 0
2024/03/05 04:49:53 IsDone &{0 2024-03-05 04:49:53.651811537 +0800 CST m=+1.020293766 0xc00011c030} true
2024/03/05 04:49:53 Order 0 finish Map
2024/03/05 04:49:53 IsDone &{0 2024-03-05 04:49:53.652917729 +0800 CST m=+1.021399965 0xc00011c0c0} true
2024/03/05 04:49:53 Order 1 finish Map
2024/03/05 04:49:54 Coordinator work
2024/03/05 04:49:54 Coordinator status 0
2024/03/05 04:49:54 Coordinator work
2024/03/05 04:49:54 Coordinator status 0
2024/03/05 04:49:54 IsDone &{0 2024-03-05 04:49:54.661814493 +0800 CST m=+2.030296729 0xc00011c150} true
2024/03/05 04:49:54 Order 2 finish Map
2024/03/05 04:49:54 IsDone &{0 2024-03-05 04:49:54.675579681 +0800 CST m=+2.044061916 0xc00011c1e0} true
2024/03/05 04:49:54 Order 3 finish Map
2024/03/05 04:49:55 Coordinator work
2024/03/05 04:49:55 Coordinator status 0
2024/03/05 04:49:55 Coordinator work
2024/03/05 04:49:55 Coordinator status 0
2024/03/05 04:49:55 IsDone &{0 2024-03-05 04:49:55.693265127 +0800 CST m=+3.061747361 0xc00011c300} true
2024/03/05 04:49:55 Order 5 finish Map
2024/03/05 04:49:55 IsDone &{0 2024-03-05 04:49:55.684513495 +0800 CST m=+3.052995730 0xc00011c270} true
2024/03/05 04:49:55 Order 4 finish Map
2024/03/05 04:49:56 Coordinator work
2024/03/05 04:49:56 Coordinator status 0
2024/03/05 04:49:56 Coordinator work
2024/03/05 04:49:56 Coordinator status 0
2024/03/05 04:49:56 IsDone &{0 2024-03-05 04:49:56.712745875 +0800 CST m=+4.081228109 0xc00011c420} true
2024/03/05 04:49:56 Order 7 finish Map
2024/03/05 04:49:56 IsDone &{0 2024-03-05 04:49:56.702040851 +0800 CST m=+4.070523083 0xc00011c390} true
2024/03/05 04:49:56 Order 6 finish Map
2024/03/05 04:49:57 Coordinator work
2024/03/05 04:49:57 Coordinator status 0
2024/03/05 04:49:57 Map: 8 done vs. 0 working, Reduce 0 done vs. 0 working
2024/03/05 04:49:57 forward: forward to Reuce Phase
2024/03/05 04:49:57 making reduce order : 8
2024/03/05 04:49:57 making reduce order : 9
2024/03/05 04:49:57 making reduce order : 10
2024/03/05 04:49:57 making reduce order : 11
2024/03/05 04:49:57 Coordinator work
2024/03/05 04:49:57 making reduce order : 12
2024/03/05 04:49:57 making reduce order : 13
2024/03/05 04:49:57 making reduce order : 14
2024/03/05 04:49:57 making reduce order : 15
2024/03/05 04:49:57 making reduce order : 16
2024/03/05 04:49:57 making reduce order : 17
2024/03/05 04:49:57 done with make reduce order
2024/03/05 04:49:57 Map: 8 done vs. 0 working, Reduce 0 done vs. 10 working
2024/03/05 04:49:57 Coordinator status 1
2024/03/05 04:49:58 Order 8 finish Reduce
2024/03/05 04:49:59 Coordinator work
2024/03/05 04:49:59 Coordinator status 1
2024/03/05 04:49:59 Coordinator work
2024/03/05 04:49:59 Coordinator status 1
2024/03/05 04:50:00 Order 9 finish Reduce
2024/03/05 04:50:00 Order 10 finish Reduce
2024/03/05 04:50:01 Coordinator work
2024/03/05 04:50:01 Coordinator status 1
2024/03/05 04:50:01 Coordinator work
2024/03/05 04:50:01 Coordinator status 1
2024/03/05 04:50:03 Order 11 finish Reduce
2024/03/05 04:50:03 Order 12 finish Reduce
2024/03/05 04:50:04 Coordinator work
2024/03/05 04:50:04 Coordinator status 1
2024/03/05 04:50:04 Coordinator work
2024/03/05 04:50:04 Coordinator status 1
2024/03/05 04:50:05 Order 13 finish Reduce
2024/03/05 04:50:05 Order 14 finish Reduce
2024/03/05 04:50:06 Coordinator work
2024/03/05 04:50:06 Coordinator status 1
2024/03/05 04:50:06 Order 15 finish Reduce
2024/03/05 04:50:06 Coordinator work
2024/03/05 04:50:06 Coordinator status 1
2024/03/05 04:50:06 Order 16 finish Reduce
2024/03/05 04:50:07 Coordinator work
2024/03/05 04:50:07 Coordinator status 1
2024/03/05 04:50:07 Coordinator work
2024/03/05 04:50:07 Coordinator status 1
2024/03/05 04:50:07 Map: 8 done vs. 0 working, Reduce 9 done vs. 1 working
2024/03/05 04:50:08 Order 17 finish Reduce
2024/03/05 04:50:09 Coordinator work
2024/03/05 04:50:09 Coordinator status 1
2024/03/05 04:50:09 Map: 8 done vs. 0 working, Reduce 10 done vs. 0 working
2024/03/05 04:50:09 forward: forward to done phase
2024/03/05 04:50:09 Coordinator work
2024/03/05 04:50:09 Coordinator status 2
