2024/03/05 03:31:21 making map order &{0 [../pg-being_ernest.txt] 0 10}
2024/03/05 03:31:21 making map order &{0 [../pg-dorian_gray.txt] 1 10}
2024/03/05 03:31:21 making map order &{0 [../pg-frankenstein.txt] 2 10}
2024/03/05 03:31:21 making map order &{0 [../pg-grimm.txt] 3 10}
2024/03/05 03:31:21 making map order &{0 [../pg-huckleberry_finn.txt] 4 10}
2024/03/05 03:31:21 making map order &{0 [../pg-metamorphosis.txt] 5 10}
2024/03/05 03:31:21 making map order &{0 [../pg-sherlock_holmes.txt] 6 10}
2024/03/05 03:31:21 making map order &{0 [../pg-tom_sawyer.txt] 7 10}
2024/03/05 03:31:21 done with make map order
2024/03/05 03:31:21 Map: 0 done vs. 8 working, Reduce 0 done vs. 0 working
2024/03/05 03:31:22 Coordinator work
2024/03/05 03:31:22 Coordinator status 0
2024/03/05 03:31:22 Coordinator work
2024/03/05 03:31:22 Coordinator status 0
2024/03/05 03:31:26 IsDone &{0 2024-03-05 03:31:22.80592088 +0800 CST m=+1.019123422 0xc00007be00} true
2024/03/05 03:31:26 Order 0 finish Map
2024/03/05 03:31:26 IsDone &{0 2024-03-05 03:31:22.807595629 +0800 CST m=+1.020798165 0xc00007be90} true
2024/03/05 03:31:26 Order 1 finish Map
2024/03/05 03:31:27 Coordinator work
2024/03/05 03:31:27 Coordinator status 0
2024/03/05 03:31:27 Coordinator work
2024/03/05 03:31:27 Coordinator status 0
2024/03/05 03:31:31 IsDone &{0 2024-03-05 03:31:27.899482338 +0800 CST m=+6.112684878 0xc00007bf20} true
2024/03/05 03:31:31 Order 2 finish Map
2024/03/05 03:31:31 IsDone &{0 2024-03-05 03:31:27.907138656 +0800 CST m=+6.120341195 0xc00007bfb0} true
2024/03/05 03:31:31 Order 3 finish Map
2024/03/05 03:31:32 Coordinator work
2024/03/05 03:31:32 Coordinator status 0
2024/03/05 03:31:32 Coordinator work
2024/03/05 03:31:32 Coordinator status 0
2024/03/05 03:31:36 IsDone &{0 2024-03-05 03:31:32.815204385 +0800 CST m=+11.028406924 0xc00016a0f0} true
2024/03/05 03:31:36 Order 5 finish Map
2024/03/05 03:31:36 IsDone &{0 2024-03-05 03:31:32.808258499 +0800 CST m=+11.021461037 0xc00016a060} true
2024/03/05 03:31:36 Order 4 finish Map
2024/03/05 03:31:37 Coordinator work
2024/03/05 03:31:37 Coordinator status 0
2024/03/05 03:31:37 Coordinator work
2024/03/05 03:31:37 Coordinator status 0
2024/03/05 03:31:39 IsDone &{0 2024-03-05 03:31:37.674241306 +0800 CST m=+15.887443847 0xc00016a210} true
2024/03/05 03:31:39 Order 7 finish Map
2024/03/05 03:31:39 IsDone &{0 2024-03-05 03:31:37.673216186 +0800 CST m=+15.886418725 0xc00016a180} true
2024/03/05 03:31:39 Order 6 finish Map
2024/03/05 03:31:40 Coordinator work
2024/03/05 03:31:40 Coordinator status 0
2024/03/05 03:31:40 Map: 8 done vs. 0 working, Reduce 0 done vs. 0 working
2024/03/05 03:31:40 forward: forward to Reuce Phase
2024/03/05 03:31:40 making reduce order : 8
2024/03/05 03:31:40 making reduce order : 9
2024/03/05 03:31:40 making reduce order : 10
2024/03/05 03:31:40 making reduce order : 11
2024/03/05 03:31:40 making reduce order : 12
2024/03/05 03:31:40 Coordinator work
2024/03/05 03:31:40 making reduce order : 13
2024/03/05 03:31:40 making reduce order : 14
2024/03/05 03:31:40 making reduce order : 15
2024/03/05 03:31:40 making reduce order : 16
2024/03/05 03:31:40 making reduce order : 17
2024/03/05 03:31:40 done with make reduce order
2024/03/05 03:31:40 Map: 8 done vs. 0 working, Reduce 0 done vs. 10 working
2024/03/05 03:31:40 Coordinator status 1
2024/03/05 03:31:40 Order 8 finish Reduce
2024/03/05 03:31:41 Coordinator work
2024/03/05 03:31:41 Coordinator status 1
2024/03/05 03:31:41 Order 9 finish Reduce
2024/03/05 03:31:42 Coordinator work
2024/03/05 03:31:42 Coordinator status 1
2024/03/05 03:31:42 Order 10 finish Reduce
2024/03/05 03:31:42 Coordinator work
2024/03/05 03:31:42 Coordinator status 1
2024/03/05 03:31:42 Order 11 finish Reduce
2024/03/05 03:31:43 Coordinator work
2024/03/05 03:31:43 Coordinator status 1
2024/03/05 03:31:43 Order 12 finish Reduce
2024/03/05 03:31:43 Coordinator work
2024/03/05 03:31:43 Coordinator status 1
2024/03/05 03:31:43 Order 13 finish Reduce
2024/03/05 03:31:44 Coordinator work
2024/03/05 03:31:44 Coordinator status 1
2024/03/05 03:31:44 Order 14 finish Reduce
2024/03/05 03:31:44 Coordinator work
2024/03/05 03:31:44 Coordinator status 1
2024/03/05 03:31:44 Order 15 finish Reduce
2024/03/05 03:31:45 Coordinator work
2024/03/05 03:31:45 Coordinator status 1
2024/03/05 03:31:45 Coordinator work
2024/03/05 03:31:45 Order 16 finish Reduce
2024/03/05 03:31:45 Coordinator status 1
2024/03/05 03:31:45 Order 17 finish Reduce
2024/03/05 03:31:46 Coordinator work
2024/03/05 03:31:46 Coordinator status 1
2024/03/05 03:31:46 Map: 8 done vs. 0 working, Reduce 10 done vs. 0 working
2024/03/05 03:31:46 forward: forward to done phase
2024/03/05 03:31:46 Coordinator work
2024/03/05 03:31:46 Coordinator status 2
