2024/03/05 03:21:48 making map order &{0 [../pg-being_ernest.txt] 0 10}
2024/03/05 03:21:48 making map order &{0 [../pg-dorian_gray.txt] 1 10}
2024/03/05 03:21:48 making map order &{0 [../pg-frankenstein.txt] 2 10}
2024/03/05 03:21:48 making map order &{0 [../pg-grimm.txt] 3 10}
2024/03/05 03:21:48 making map order &{0 [../pg-huckleberry_finn.txt] 4 10}
2024/03/05 03:21:48 making map order &{0 [../pg-metamorphosis.txt] 5 10}
2024/03/05 03:21:48 making map order &{0 [../pg-sherlock_holmes.txt] 6 10}
2024/03/05 03:21:48 making map order &{0 [../pg-tom_sawyer.txt] 7 10}
2024/03/05 03:21:48 done with make map order
2024/03/05 03:21:48 Map: 0 done vs. 8 working, Reduce 0 done vs. 0 working
2024/03/05 03:21:49 Coordinator work
2024/03/05 03:21:49 Coordinator status 0
2024/03/05 03:21:49 Coordinator work
2024/03/05 03:21:49 Coordinator status 0
2024/03/05 03:21:49 IsDone &{0 2024-03-05 03:21:49.833809724 +0800 CST m=+1.023826042 0xc0000a3f50} true
2024/03/05 03:21:49 Order 0 finish Map
2024/03/05 03:21:49 IsDone &{0 2024-03-05 03:21:49.835956081 +0800 CST m=+1.025972420 0xc00011c000} true
2024/03/05 03:21:49 Order 1 finish Map
2024/03/05 03:21:50 Coordinator work
2024/03/05 03:21:50 Coordinator status 0
2024/03/05 03:21:50 Coordinator work
2024/03/05 03:21:50 Coordinator status 0
2024/03/05 03:21:50 IsDone &{0 2024-03-05 03:21:50.844389577 +0800 CST m=+2.034405897 0xc00011c090} true
2024/03/05 03:21:50 Order 2 finish Map
2024/03/05 03:21:50 IsDone &{0 2024-03-05 03:21:50.859364624 +0800 CST m=+2.049380945 0xc00011c120} true
2024/03/05 03:21:50 Order 3 finish Map
2024/03/05 03:21:51 Coordinator work
2024/03/05 03:21:51 Coordinator status 0
2024/03/05 03:21:51 Coordinator work
2024/03/05 03:21:51 Coordinator status 0
2024/03/05 03:21:51 IsDone &{0 2024-03-05 03:21:51.876927186 +0800 CST m=+3.066943485 0xc00011c240} true
2024/03/05 03:21:51 Order 5 finish Map
2024/03/05 03:21:51 IsDone &{0 2024-03-05 03:21:51.873799204 +0800 CST m=+3.063815541 0xc00011c1b0} true
2024/03/05 03:21:51 Order 4 finish Map
2024/03/05 03:21:52 Coordinator work
2024/03/05 03:21:52 Coordinator status 0
2024/03/05 03:21:52 Coordinator work
2024/03/05 03:21:52 Coordinator status 0
2024/03/05 03:21:52 IsDone &{0 2024-03-05 03:21:52.895129404 +0800 CST m=+4.085145722 0xc00011c360} true
2024/03/05 03:21:52 Order 7 finish Map
2024/03/05 03:21:52 IsDone &{0 2024-03-05 03:21:52.886758347 +0800 CST m=+4.076774658 0xc00011c2d0} true
2024/03/05 03:21:52 Order 6 finish Map
2024/03/05 03:21:53 Coordinator work
2024/03/05 03:21:53 Coordinator status 0
2024/03/05 03:21:53 Map: 8 done vs. 0 working, Reduce 0 done vs. 0 working
2024/03/05 03:21:53 forward: forward to Reuce Phase
2024/03/05 03:21:53 making reduce order : 8
2024/03/05 03:21:53 making reduce order : 9
2024/03/05 03:21:53 making reduce order : 10
2024/03/05 03:21:53 making reduce order : 11
2024/03/05 03:21:53 making reduce order : 12
2024/03/05 03:21:53 making reduce order : 13
2024/03/05 03:21:53 making reduce order : 14
2024/03/05 03:21:53 making reduce order : 15
2024/03/05 03:21:53 making reduce order : 16
2024/03/05 03:21:53 making reduce order : 17
2024/03/05 03:21:53 done with make reduce order
2024/03/05 03:21:53 Map: 8 done vs. 0 working, Reduce 0 done vs. 10 working
2024/03/05 03:21:53 Coordinator work
2024/03/05 03:21:53 Coordinator status 1
2024/03/05 03:21:54 Order 8 finish Reduce
2024/03/05 03:21:55 Coordinator work
2024/03/05 03:21:55 Coordinator status 1
2024/03/05 03:21:55 Coordinator work
2024/03/05 03:21:55 Coordinator status 1
2024/03/05 03:21:56 Order 9 finish Reduce
2024/03/05 03:21:56 Order 10 finish Reduce
2024/03/05 03:21:57 Coordinator work
2024/03/05 03:21:57 Coordinator status 1
2024/03/05 03:21:57 Coordinator work
2024/03/05 03:21:57 Coordinator status 1
2024/03/05 03:21:59 Order 11 finish Reduce
2024/03/05 03:21:59 Order 12 finish Reduce
2024/03/05 03:22:00 Coordinator work
2024/03/05 03:22:00 Coordinator status 1
2024/03/05 03:22:00 Coordinator work
2024/03/05 03:22:00 Coordinator status 1
2024/03/05 03:22:01 Order 13 finish Reduce
2024/03/05 03:22:01 Order 14 finish Reduce
2024/03/05 03:22:02 Coordinator work
2024/03/05 03:22:02 Coordinator status 1
2024/03/05 03:22:02 Order 15 finish Reduce
2024/03/05 03:22:02 Coordinator work
2024/03/05 03:22:02 Coordinator status 1
2024/03/05 03:22:02 Order 16 finish Reduce
2024/03/05 03:22:03 Coordinator work
2024/03/05 03:22:03 Coordinator status 1
2024/03/05 03:22:03 Coordinator work
2024/03/05 03:22:03 Coordinator status 1
2024/03/05 03:22:03 Map: 8 done vs. 0 working, Reduce 9 done vs. 1 working
2024/03/05 03:22:04 Order 17 finish Reduce
2024/03/05 03:22:05 Coordinator work
2024/03/05 03:22:05 Coordinator status 1
2024/03/05 03:22:05 Map: 8 done vs. 0 working, Reduce 10 done vs. 0 working
2024/03/05 03:22:05 forward: forward to done phase
2024/03/05 03:22:05 Coordinator work
2024/03/05 03:22:05 Coordinator status 2
