2024/03/04 21:34:58 making map order &{0 [../pg-being_ernest.txt] 0 10}
2024/03/04 21:34:58 making map order &{0 [../pg-dorian_gray.txt] 1 10}
2024/03/04 21:34:58 making map order &{0 [../pg-frankenstein.txt] 2 10}
2024/03/04 21:34:58 making map order &{0 [../pg-grimm.txt] 3 10}
2024/03/04 21:34:58 making map order &{0 [../pg-huckleberry_finn.txt] 4 10}
2024/03/04 21:34:58 making map order &{0 [../pg-metamorphosis.txt] 5 10}
2024/03/04 21:34:58 making map order &{0 [../pg-sherlock_holmes.txt] 6 10}
2024/03/04 21:34:58 making map order &{0 [../pg-tom_sawyer.txt] 7 10}
2024/03/04 21:34:58 done with make map order
2024/03/04 21:34:58 Map: 0 done vs. 8 working, Reduce 0 done vs. 0 working
2024/03/04 21:34:59 Coordinator work
2024/03/04 21:34:59 Coordinator status 0
2024/03/04 21:34:59 Coordinator work
2024/03/04 21:34:59 Coordinator status 0
2024/03/04 21:35:00 IsDone &{0 2024-03-04 21:34:59.949072479 +0800 CST m=+1.024903514 0xc00008a3c0} true
2024/03/04 21:35:00 Order 0 finish Map
2024/03/04 21:35:00 IsDone &{0 2024-03-04 21:34:59.950282373 +0800 CST m=+1.026113404 0xc00008a450} true
2024/03/04 21:35:00 Order 1 finish Map
2024/03/04 21:35:01 Coordinator work
2024/03/04 21:35:01 Coordinator status 0
2024/03/04 21:35:01 Coordinator work
2024/03/04 21:35:01 Coordinator status 0
2024/03/04 21:35:02 IsDone &{0 2024-03-04 21:35:01.959498633 +0800 CST m=+3.035329650 0xc00008a4e0} true
2024/03/04 21:35:02 Order 2 finish Map
2024/03/04 21:35:02 IsDone &{0 2024-03-04 21:35:01.968955014 +0800 CST m=+3.044786050 0xc00008a570} true
2024/03/04 21:35:02 Order 3 finish Map
2024/03/04 21:35:03 Coordinator work
2024/03/04 21:35:03 Coordinator status 0
2024/03/04 21:35:03 Coordinator work
2024/03/04 21:35:03 Coordinator status 0
2024/03/04 21:35:04 IsDone &{0 2024-03-04 21:35:03.988556346 +0800 CST m=+5.064387435 0xc00008a690} true
2024/03/04 21:35:04 Order 5 finish Map
2024/03/04 21:35:05 IsDone &{0 2024-03-04 21:35:03.984006386 +0800 CST m=+5.059837427 0xc00008a600} true
2024/03/04 21:35:05 Order 4 finish Map
2024/03/04 21:35:05 Coordinator work
2024/03/04 21:35:05 Coordinator status 0
2024/03/04 21:35:06 Coordinator work
2024/03/04 21:35:06 Coordinator status 0
2024/03/04 21:35:07 IsDone &{0 2024-03-04 21:35:05.998583374 +0800 CST m=+7.074414414 0xc00008a720} true
2024/03/04 21:35:07 Order 6 finish Map
2024/03/04 21:35:07 IsDone &{0 2024-03-04 21:35:06.007609444 +0800 CST m=+7.083440484 0xc00008a7b0} true
2024/03/04 21:35:07 Order 7 finish Map
2024/03/04 21:35:08 Coordinator work
2024/03/04 21:35:08 Coordinator status 0
2024/03/04 21:35:08 Map: 8 done vs. 0 working, Reduce 0 done vs. 0 working
2024/03/04 21:35:08 forward: forward to Reuce Phase
2024/03/04 21:35:08 making reduce order : 8
2024/03/04 21:35:08 making reduce order : 9
2024/03/04 21:35:08 making reduce order : 10
2024/03/04 21:35:08 Coordinator work
2024/03/04 21:35:08 making reduce order : 11
2024/03/04 21:35:08 making reduce order : 12
2024/03/04 21:35:08 making reduce order : 13
2024/03/04 21:35:08 making reduce order : 14
2024/03/04 21:35:08 making reduce order : 15
2024/03/04 21:35:08 making reduce order : 16
2024/03/04 21:35:08 making reduce order : 17
2024/03/04 21:35:08 done with make reduce order
2024/03/04 21:35:08 Map: 8 done vs. 0 working, Reduce 0 done vs. 10 working
2024/03/04 21:35:08 Coordinator status 1
2024/03/04 21:35:08 Order 8 finish Reduce
2024/03/04 21:35:09 Coordinator work
2024/03/04 21:35:09 Coordinator status 1
2024/03/04 21:35:09 Order 9 finish Reduce
2024/03/04 21:35:10 Coordinator work
2024/03/04 21:35:10 Coordinator status 1
2024/03/04 21:35:10 Order 10 finish Reduce
2024/03/04 21:35:10 Coordinator work
2024/03/04 21:35:10 Coordinator status 1
2024/03/04 21:35:10 Order 11 finish Reduce
2024/03/04 21:35:11 Coordinator work
2024/03/04 21:35:11 Coordinator status 1
2024/03/04 21:35:11 Order 12 finish Reduce
2024/03/04 21:35:11 Coordinator work
2024/03/04 21:35:11 Coordinator status 1
2024/03/04 21:35:11 Order 13 finish Reduce
2024/03/04 21:35:12 Coordinator work
2024/03/04 21:35:12 Coordinator status 1
2024/03/04 21:35:12 Order 14 finish Reduce
2024/03/04 21:35:12 Coordinator work
2024/03/04 21:35:12 Coordinator status 1
2024/03/04 21:35:12 Order 15 finish Reduce
2024/03/04 21:35:13 Coordinator work
2024/03/04 21:35:13 Coordinator status 1
2024/03/04 21:35:13 Order 16 finish Reduce
2024/03/04 21:35:13 Coordinator work
2024/03/04 21:35:13 Coordinator status 1
2024/03/04 21:35:13 Order 17 finish Reduce
2024/03/04 21:35:14 Coordinator work
2024/03/04 21:35:14 Coordinator status 1
2024/03/04 21:35:14 Map: 8 done vs. 0 working, Reduce 10 done vs. 0 working
2024/03/04 21:35:14 forward: forward to done phase
2024/03/04 21:35:14 Coordinator work
2024/03/04 21:35:14 Coordinator status 2
