2024/03/05 06:09:29 making map order &{0 [../pg-being_ernest.txt] 0 10}
2024/03/05 06:09:29 making map order &{0 [../pg-dorian_gray.txt] 1 10}
2024/03/05 06:09:29 making map order &{0 [../pg-frankenstein.txt] 2 10}
2024/03/05 06:09:29 making map order &{0 [../pg-grimm.txt] 3 10}
2024/03/05 06:09:29 making map order &{0 [../pg-huckleberry_finn.txt] 4 10}
2024/03/05 06:09:29 making map order &{0 [../pg-metamorphosis.txt] 5 10}
2024/03/05 06:09:29 making map order &{0 [../pg-sherlock_holmes.txt] 6 10}
2024/03/05 06:09:29 making map order &{0 [../pg-tom_sawyer.txt] 7 10}
2024/03/05 06:09:29 done with make map order
2024/03/05 06:09:29 Map: 0 done vs. 8 working, Reduce 0 done vs. 0 working
2024/03/05 06:09:30 Coordinator work
2024/03/05 06:09:30 Coordinator status 0
2024/03/05 06:09:30 Coordinator work
2024/03/05 06:09:30 Coordinator status 0
2024/03/05 06:09:31 IsDone &{0 2024-03-05 06:09:30.019342545 +0800 CST m=+1.017213366 0xc00009a690} true
2024/03/05 06:09:31 Order 0 finish Map
2024/03/05 06:09:31 IsDone &{0 2024-03-05 06:09:30.030504722 +0800 CST m=+1.028375548 0xc00009a720} true
2024/03/05 06:09:31 Order 1 finish Map
2024/03/05 06:09:32 Coordinator work
2024/03/05 06:09:32 Coordinator status 0
2024/03/05 06:09:32 Coordinator work
2024/03/05 06:09:32 Coordinator status 0
2024/03/05 06:09:33 IsDone &{0 2024-03-05 06:09:32.031416417 +0800 CST m=+3.029287242 0xc00009a7b0} true
2024/03/05 06:09:33 Order 2 finish Map
2024/03/05 06:09:33 IsDone &{0 2024-03-05 06:09:32.048258929 +0800 CST m=+3.046129751 0xc00009a840} true
2024/03/05 06:09:33 Order 3 finish Map
2024/03/05 06:09:34 Coordinator work
2024/03/05 06:09:34 Coordinator status 0
2024/03/05 06:09:34 Coordinator work
2024/03/05 06:09:34 Coordinator status 0
2024/03/05 06:09:35 IsDone &{0 2024-03-05 06:09:34.0469254 +0800 CST m=+5.044796224 0xc00009a8d0} true
2024/03/05 06:09:35 Order 4 finish Map
2024/03/05 06:09:35 IsDone &{0 2024-03-05 06:09:34.066886882 +0800 CST m=+5.064757705 0xc00009a960} true
2024/03/05 06:09:35 Order 5 finish Map
2024/03/05 06:09:36 Coordinator work
2024/03/05 06:09:36 Coordinator status 0
2024/03/05 06:09:36 Coordinator work
2024/03/05 06:09:36 Coordinator status 0
2024/03/05 06:09:37 IsDone &{0 2024-03-05 06:09:36.06629547 +0800 CST m=+7.064166290 0xc00009a9f0} true
2024/03/05 06:09:37 Order 6 finish Map
2024/03/05 06:09:37 IsDone &{0 2024-03-05 06:09:36.077273905 +0800 CST m=+7.075144728 0xc00009aa80} true
2024/03/05 06:09:37 Order 7 finish Map
2024/03/05 06:09:38 Coordinator work
2024/03/05 06:09:38 Coordinator status 0
2024/03/05 06:09:38 Map: 8 done vs. 0 working, Reduce 0 done vs. 0 working
2024/03/05 06:09:38 forward: forward to Reuce Phase
2024/03/05 06:09:38 making reduce order : 8
2024/03/05 06:09:38 making reduce order : 9
2024/03/05 06:09:38 making reduce order : 10
2024/03/05 06:09:38 making reduce order : 11
2024/03/05 06:09:38 Coordinator work
2024/03/05 06:09:38 making reduce order : 12
2024/03/05 06:09:38 making reduce order : 13
2024/03/05 06:09:38 making reduce order : 14
2024/03/05 06:09:38 making reduce order : 15
2024/03/05 06:09:38 making reduce order : 16
2024/03/05 06:09:38 making reduce order : 17
2024/03/05 06:09:38 done with make reduce order
2024/03/05 06:09:38 Map: 8 done vs. 0 working, Reduce 0 done vs. 10 working
2024/03/05 06:09:38 Coordinator status 1
2024/03/05 06:09:38 Order 8 finish Reduce
2024/03/05 06:09:39 Coordinator work
2024/03/05 06:09:39 Coordinator status 1
2024/03/05 06:09:39 Order 9 finish Reduce
2024/03/05 06:09:40 Coordinator work
2024/03/05 06:09:40 Coordinator status 1
2024/03/05 06:09:40 Order 10 finish Reduce
2024/03/05 06:09:40 Coordinator work
2024/03/05 06:09:40 Coordinator status 1
2024/03/05 06:09:40 Order 11 finish Reduce
2024/03/05 06:09:41 Coordinator work
2024/03/05 06:09:41 Coordinator status 1
2024/03/05 06:09:41 Order 12 finish Reduce
2024/03/05 06:09:41 Coordinator work
2024/03/05 06:09:41 Coordinator status 1
2024/03/05 06:09:41 Order 13 finish Reduce
2024/03/05 06:09:42 Coordinator work
2024/03/05 06:09:42 Coordinator status 1
2024/03/05 06:09:42 Order 14 finish Reduce
2024/03/05 06:09:42 Coordinator work
2024/03/05 06:09:42 Coordinator status 1
2024/03/05 06:09:42 Order 15 finish Reduce
2024/03/05 06:09:43 Coordinator work
2024/03/05 06:09:43 Coordinator status 1
2024/03/05 06:09:43 Order 16 finish Reduce
2024/03/05 06:09:43 Coordinator work
2024/03/05 06:09:43 Coordinator status 1
2024/03/05 06:09:43 Order 17 finish Reduce
2024/03/05 06:09:44 Coordinator work
2024/03/05 06:09:44 Coordinator status 1
2024/03/05 06:09:44 Map: 8 done vs. 0 working, Reduce 10 done vs. 0 working
2024/03/05 06:09:44 forward: forward to done phase
2024/03/05 06:09:44 Coordinator work
2024/03/05 06:09:44 Coordinator status 2
