2024/03/05 01:31:08 making map order &{0 [../pg-being_ernest.txt] 0 10}
2024/03/05 01:31:08 making map order &{0 [../pg-dorian_gray.txt] 1 10}
2024/03/05 01:31:08 making map order &{0 [../pg-frankenstein.txt] 2 10}
2024/03/05 01:31:08 making map order &{0 [../pg-grimm.txt] 3 10}
2024/03/05 01:31:08 making map order &{0 [../pg-huckleberry_finn.txt] 4 10}
2024/03/05 01:31:08 making map order &{0 [../pg-metamorphosis.txt] 5 10}
2024/03/05 01:31:08 making map order &{0 [../pg-sherlock_holmes.txt] 6 10}
2024/03/05 01:31:08 making map order &{0 [../pg-tom_sawyer.txt] 7 10}
2024/03/05 01:31:08 done with make map order
2024/03/05 01:31:08 Map: 0 done vs. 8 working, Reduce 0 done vs. 0 working
2024/03/05 01:31:09 Coordinator work
2024/03/05 01:31:09 Coordinator status 0
2024/03/05 01:31:09 Coordinator work
2024/03/05 01:31:09 Coordinator status 0
2024/03/05 01:31:09 Coordinator work
2024/03/05 01:31:09 Coordinator status 0
2024/03/05 01:31:10 IsDone &{0 2024-03-05 01:31:09.390017576 +0800 CST m=+1.018678916 0xc000090180} true
2024/03/05 01:31:10 Order 0 finish Map
2024/03/05 01:31:11 IsDone &{0 2024-03-05 01:31:09.405820522 +0800 CST m=+1.034481864 0xc0000902a0} true
2024/03/05 01:31:11 Order 2 finish Map
2024/03/05 01:31:11 Coordinator work
2024/03/05 01:31:11 Coordinator status 0
2024/03/05 01:31:11 IsDone &{0 2024-03-05 01:31:09.397856918 +0800 CST m=+1.026518264 0xc000090210} true
2024/03/05 01:31:11 Order 1 finish Map
2024/03/05 01:31:12 Coordinator work
2024/03/05 01:31:12 Coordinator status 0
2024/03/05 01:31:12 Coordinator work
2024/03/05 01:31:12 Coordinator status 0
2024/03/05 01:31:12 IsDone &{0 2024-03-05 01:31:11.185702615 +0800 CST m=+2.814363964 0xc000090330} true
2024/03/05 01:31:12 Order 3 finish Map
2024/03/05 01:31:12 IsDone &{0 2024-03-05 01:31:12.516477798 +0800 CST m=+4.145139143 0xc000090450} true
2024/03/05 01:31:12 Order 5 finish Map
2024/03/05 01:31:13 Coordinator work
2024/03/05 01:31:13 Coordinator status 0
2024/03/05 01:31:13 Coordinator work
2024/03/05 01:31:13 Coordinator status 0
2024/03/05 01:31:14 IsDone &{0 2024-03-05 01:31:12.024215021 +0800 CST m=+3.652876370 0xc0000903c0} true
2024/03/05 01:31:14 Order 4 finish Map
2024/03/05 01:31:15 Coordinator work
2024/03/05 01:31:15 Coordinator status 0
2024/03/05 01:31:15 Map: 6 done vs. 2 working, Reduce 0 done vs. 0 working
2024/03/05 01:31:15 IsDone &{0 2024-03-05 01:31:13.999985124 +0800 CST m=+5.628646469 0xc000090570} true
2024/03/05 01:31:15 Order 7 finish Map
2024/03/05 01:31:15 IsDone &{0 2024-03-05 01:31:13.731848947 +0800 CST m=+5.360510299 0xc0000904e0} true
2024/03/05 01:31:15 Order 6 finish Map
2024/03/05 01:31:16 Coordinator work
2024/03/05 01:31:16 Coordinator status 0
2024/03/05 01:31:16 Map: 8 done vs. 0 working, Reduce 0 done vs. 0 working
2024/03/05 01:31:16 forward: forward to Reuce Phase
2024/03/05 01:31:16 making reduce order : 8
2024/03/05 01:31:16 making reduce order : 9
2024/03/05 01:31:16 making reduce order : 10
2024/03/05 01:31:16 making reduce order : 11
2024/03/05 01:31:16 making reduce order : 12
2024/03/05 01:31:16 making reduce order : 13
2024/03/05 01:31:16 making reduce order : 14
2024/03/05 01:31:16 making reduce order : 15
2024/03/05 01:31:16 making reduce order : 16
2024/03/05 01:31:16 making reduce order : 17
2024/03/05 01:31:16 done with make reduce order
2024/03/05 01:31:16 Map: 8 done vs. 0 working, Reduce 0 done vs. 10 working
2024/03/05 01:31:16 Coordinator work
2024/03/05 01:31:16 Coordinator status 1
2024/03/05 01:31:17 Coordinator work
2024/03/05 01:31:17 Coordinator status 1
2024/03/05 01:31:17 Order 8 finish Reduce
2024/03/05 01:31:17 Order 9 finish Reduce
2024/03/05 01:31:18 Coordinator work
2024/03/05 01:31:18 Coordinator status 1
2024/03/05 01:31:18 Coordinator work
2024/03/05 01:31:18 Coordinator status 1
2024/03/05 01:31:18 Coordinator work
2024/03/05 01:31:18 Coordinator status 1
2024/03/05 01:31:19 Order 11 finish Reduce
2024/03/05 01:31:19 Order 12 finish Reduce
2024/03/05 01:31:19 Order 10 finish Reduce
2024/03/05 01:31:20 Coordinator work
2024/03/05 01:31:20 Coordinator status 1
2024/03/05 01:31:20 Coordinator work
2024/03/05 01:31:20 Coordinator status 1
2024/03/05 01:31:20 Coordinator work
2024/03/05 01:31:20 Coordinator status 1
2024/03/05 01:31:20 Order 13 finish Reduce
2024/03/05 01:31:21 Order 15 finish Reduce
2024/03/05 01:31:21 Coordinator work
2024/03/05 01:31:21 Coordinator status 1
2024/03/05 01:31:21 Order 14 finish Reduce
2024/03/05 01:31:22 Coordinator work
2024/03/05 01:31:22 Coordinator status 1
2024/03/05 01:31:22 Order 16 finish Reduce
2024/03/05 01:31:22 Coordinator work
2024/03/05 01:31:22 Coordinator status 1
2024/03/05 01:31:22 Map: 8 done vs. 0 working, Reduce 9 done vs. 1 working
2024/03/05 01:31:23 Order 17 finish Reduce
2024/03/05 01:31:23 Coordinator work
2024/03/05 01:31:23 Coordinator status 1
2024/03/05 01:31:23 Map: 8 done vs. 0 working, Reduce 10 done vs. 0 working
2024/03/05 01:31:23 forward: forward to done phase
2024/03/05 01:31:24 Coordinator work
2024/03/05 01:31:24 Coordinator status 2
2024/03/05 01:31:25 Coordinator work
2024/03/05 01:31:25 Coordinator status 2
