2024/03/05 13:06:22 making map order &{0 [../pg-being_ernest.txt] 0 10}
2024/03/05 13:06:22 making map order &{0 [../pg-dorian_gray.txt] 1 10}
2024/03/05 13:06:22 making map order &{0 [../pg-frankenstein.txt] 2 10}
2024/03/05 13:06:22 making map order &{0 [../pg-grimm.txt] 3 10}
2024/03/05 13:06:22 making map order &{0 [../pg-huckleberry_finn.txt] 4 10}
2024/03/05 13:06:22 making map order &{0 [../pg-metamorphosis.txt] 5 10}
2024/03/05 13:06:22 making map order &{0 [../pg-sherlock_holmes.txt] 6 10}
2024/03/05 13:06:22 making map order &{0 [../pg-tom_sawyer.txt] 7 10}
2024/03/05 13:06:22 done with make map order
2024/03/05 13:06:22 Map: 0 done vs. 8 working, Reduce 0 done vs. 0 working
2024/03/05 13:06:23 Coordinator work
2024/03/05 13:06:23 Coordinator status 0
2024/03/05 13:06:23 Coordinator work
2024/03/05 13:06:23 Coordinator status 0
2024/03/05 13:06:23 Coordinator work
2024/03/05 13:06:23 Coordinator status 0
2024/03/05 13:06:23 Coordinator work
2024/03/05 13:06:23 Coordinator status 0
2024/03/05 13:06:23 IsDone &{0 2024-03-05 13:06:23.459596085 +0800 CST m=+1.056495520 0xc0000a3f50} true
2024/03/05 13:06:23 Order 0 finish Map
2024/03/05 13:06:23 IsDone &{0 2024-03-05 13:06:23.462502004 +0800 CST m=+1.059401438 0xc00011c000} true
2024/03/05 13:06:23 Order 1 finish Map
2024/03/05 13:06:23 IsDone &{0 2024-03-05 13:06:23.479506869 +0800 CST m=+1.076406301 0xc00011c120} true
2024/03/05 13:06:23 Order 3 finish Map
2024/03/05 13:06:24 Coordinator work
2024/03/05 13:06:24 Coordinator status 0
2024/03/05 13:06:24 Coordinator work
2024/03/05 13:06:24 Coordinator status 0
2024/03/05 13:06:24 Coordinator work
2024/03/05 13:06:24 Coordinator status 0
2024/03/05 13:06:24 IsDone &{0 2024-03-05 13:06:24.501875347 +0800 CST m=+2.098774774 0xc00011c240} true
2024/03/05 13:06:24 Order 5 finish Map
2024/03/05 13:06:24 Coordinator work
2024/03/05 13:06:24 Coordinator status 0
2024/03/05 13:06:24 IsDone &{0 2024-03-05 13:06:24.551261563 +0800 CST m=+2.148160993 0xc00011c360} true
2024/03/05 13:06:24 Order 7 finish Map
2024/03/05 13:06:25 Coordinator work
2024/03/05 13:06:25 Coordinator status 0
2024/03/05 13:06:25 Map: 5 done vs. 3 working, Reduce 0 done vs. 0 working
2024/03/05 13:06:25 Coordinator work
2024/03/05 13:06:25 Coordinator status 0
2024/03/05 13:06:25 Map: 5 done vs. 3 working, Reduce 0 done vs. 0 working
2024/03/05 13:06:25 Coordinator work
2024/03/05 13:06:25 Coordinator status 0
2024/03/05 13:06:25 Map: 5 done vs. 3 working, Reduce 0 done vs. 0 working
2024/03/05 13:06:27 Coordinator work
2024/03/05 13:06:27 Coordinator status 0
2024/03/05 13:06:27 Map: 5 done vs. 3 working, Reduce 0 done vs. 0 working
2024/03/05 13:06:27 Coordinator work
2024/03/05 13:06:27 Coordinator status 0
2024/03/05 13:06:27 Map: 5 done vs. 3 working, Reduce 0 done vs. 0 working
2024/03/05 13:06:27 Coordinator work
2024/03/05 13:06:27 Coordinator status 0
2024/03/05 13:06:27 Map: 5 done vs. 3 working, Reduce 0 done vs. 0 working
2024/03/05 13:06:29 Coordinator work
2024/03/05 13:06:29 Coordinator status 0
2024/03/05 13:06:29 Map: 5 done vs. 3 working, Reduce 0 done vs. 0 working
2024/03/05 13:06:29 Coordinator work
2024/03/05 13:06:29 Coordinator status 0
2024/03/05 13:06:29 Map: 5 done vs. 3 working, Reduce 0 done vs. 0 working
2024/03/05 13:06:29 Coordinator work
2024/03/05 13:06:29 Coordinator status 0
2024/03/05 13:06:29 Map: 5 done vs. 3 working, Reduce 0 done vs. 0 working
2024/03/05 13:06:31 Coordinator work
2024/03/05 13:06:31 Coordinator status 0
2024/03/05 13:06:31 Map: 5 done vs. 3 working, Reduce 0 done vs. 0 working
2024/03/05 13:06:31 Coordinator work
2024/03/05 13:06:31 Coordinator status 0
2024/03/05 13:06:31 Map: 5 done vs. 3 working, Reduce 0 done vs. 0 working
2024/03/05 13:06:31 Coordinator work
2024/03/05 13:06:31 Coordinator status 0
2024/03/05 13:06:31 Map: 5 done vs. 3 working, Reduce 0 done vs. 0 working
2024/03/05 13:06:33 Coordinator work
2024/03/05 13:06:33 Coordinator status 0
2024/03/05 13:06:33 Map: 5 done vs. 3 working, Reduce 0 done vs. 0 working
2024/03/05 13:06:33 Coordinator work
2024/03/05 13:06:33 Coordinator status 0
2024/03/05 13:06:33 Map: 5 done vs. 3 working, Reduce 0 done vs. 0 working
2024/03/05 13:06:33 Coordinator work
2024/03/05 13:06:33 Coordinator status 0
2024/03/05 13:06:33 Map: 5 done vs. 3 working, Reduce 0 done vs. 0 working
2024/03/05 13:06:34 Coordiantor restart Map order 2
2024/03/05 13:06:35 Coordiantor restart Map order 6
2024/03/05 13:06:35 Coordiantor restart Map order 4
2024/03/05 13:06:35 Coordinator work
2024/03/05 13:06:35 Coordinator status 0
2024/03/05 13:06:35 Coordinator work
2024/03/05 13:06:35 Coordinator status 0
2024/03/05 13:06:35 Coordinator work
2024/03/05 13:06:35 Coordinator status 0
2024/03/05 13:06:35 IsDone &{0 2024-03-05 13:06:35.584029258 +0800 CST m=+13.180928685 0xc00011c1b0} true
2024/03/05 13:06:35 Order 4 finish Map
2024/03/05 13:06:36 Coordinator work
2024/03/05 13:06:36 Coordinator status 0
2024/03/05 13:06:36 Map: 6 done vs. 2 working, Reduce 0 done vs. 0 working
2024/03/05 13:06:36 Coordinator work
2024/03/05 13:06:36 Coordinator status 0
2024/03/05 13:06:36 Map: 6 done vs. 2 working, Reduce 0 done vs. 0 working
2024/03/05 13:06:38 IsDone &{0 2024-03-05 13:06:35.577192651 +0800 CST m=+13.174092084 0xc00011c2d0} true
2024/03/05 13:06:38 Order 6 finish Map
2024/03/05 13:06:38 Coordinator work
2024/03/05 13:06:38 Coordinator status 0
2024/03/05 13:06:38 Map: 7 done vs. 1 working, Reduce 0 done vs. 0 working
2024/03/05 13:06:38 Coordinator work
2024/03/05 13:06:38 Coordinator status 0
2024/03/05 13:06:38 Map: 7 done vs. 1 working, Reduce 0 done vs. 0 working
2024/03/05 13:06:39 Coordinator work
2024/03/05 13:06:39 Coordinator status 0
2024/03/05 13:06:39 Map: 7 done vs. 1 working, Reduce 0 done vs. 0 working
2024/03/05 13:06:40 Coordinator work
2024/03/05 13:06:40 Coordinator status 0
2024/03/05 13:06:40 Map: 7 done vs. 1 working, Reduce 0 done vs. 0 working
2024/03/05 13:06:40 Coordinator work
2024/03/05 13:06:40 Coordinator status 0
2024/03/05 13:06:40 Map: 7 done vs. 1 working, Reduce 0 done vs. 0 working
2024/03/05 13:06:41 Coordinator work
2024/03/05 13:06:41 Coordinator status 0
2024/03/05 13:06:41 Map: 7 done vs. 1 working, Reduce 0 done vs. 0 working
2024/03/05 13:06:42 Coordinator work
2024/03/05 13:06:42 Coordinator status 0
2024/03/05 13:06:42 Map: 7 done vs. 1 working, Reduce 0 done vs. 0 working
2024/03/05 13:06:42 Coordinator work
2024/03/05 13:06:42 Coordinator status 0
2024/03/05 13:06:42 Map: 7 done vs. 1 working, Reduce 0 done vs. 0 working
2024/03/05 13:06:43 Coordinator work
2024/03/05 13:06:43 Coordinator status 0
2024/03/05 13:06:43 Map: 7 done vs. 1 working, Reduce 0 done vs. 0 working
2024/03/05 13:06:44 Coordinator work
2024/03/05 13:06:44 Coordinator status 0
2024/03/05 13:06:44 Map: 7 done vs. 1 working, Reduce 0 done vs. 0 working
2024/03/05 13:06:44 Coordinator work
2024/03/05 13:06:44 Coordinator status 0
2024/03/05 13:06:44 Map: 7 done vs. 1 working, Reduce 0 done vs. 0 working
2024/03/05 13:06:45 Coordinator work
2024/03/05 13:06:45 Coordinator status 0
2024/03/05 13:06:45 Map: 7 done vs. 1 working, Reduce 0 done vs. 0 working
2024/03/05 13:06:46 Coordiantor restart Map order 2
2024/03/05 13:06:46 Coordinator work
2024/03/05 13:06:46 Coordinator status 0
2024/03/05 13:06:46 Coordinator work
2024/03/05 13:06:46 Coordinator status 0
2024/03/05 13:06:46 Map: 7 done vs. 1 working, Reduce 0 done vs. 0 working
2024/03/05 13:06:47 Coordinator work
2024/03/05 13:06:47 Coordinator status 0
2024/03/05 13:06:47 Map: 7 done vs. 1 working, Reduce 0 done vs. 0 working
2024/03/05 13:06:47 Coordinator work
2024/03/05 13:06:47 Coordinator status 0
2024/03/05 13:06:47 Map: 7 done vs. 1 working, Reduce 0 done vs. 0 working
2024/03/05 13:06:48 Coordinator work
2024/03/05 13:06:48 Coordinator status 0
2024/03/05 13:06:48 Map: 7 done vs. 1 working, Reduce 0 done vs. 0 working
2024/03/05 13:06:49 Coordinator work
2024/03/05 13:06:49 Coordinator status 0
2024/03/05 13:06:49 Map: 7 done vs. 1 working, Reduce 0 done vs. 0 working
2024/03/05 13:06:49 Coordinator work
2024/03/05 13:06:49 Coordinator status 0
2024/03/05 13:06:49 Map: 7 done vs. 1 working, Reduce 0 done vs. 0 working
2024/03/05 13:06:50 Coordinator work
2024/03/05 13:06:50 Coordinator status 0
2024/03/05 13:06:50 Map: 7 done vs. 1 working, Reduce 0 done vs. 0 working
2024/03/05 13:06:51 Coordinator work
2024/03/05 13:06:51 Coordinator status 0
2024/03/05 13:06:51 Map: 7 done vs. 1 working, Reduce 0 done vs. 0 working
2024/03/05 13:06:51 Coordinator work
2024/03/05 13:06:51 Coordinator status 0
2024/03/05 13:06:51 Map: 7 done vs. 1 working, Reduce 0 done vs. 0 working
2024/03/05 13:06:52 Coordinator work
2024/03/05 13:06:52 Coordinator status 0
2024/03/05 13:06:52 Map: 7 done vs. 1 working, Reduce 0 done vs. 0 working
2024/03/05 13:06:53 Coordinator work
2024/03/05 13:06:53 Coordinator status 0
2024/03/05 13:06:53 Map: 7 done vs. 1 working, Reduce 0 done vs. 0 working
2024/03/05 13:06:53 Coordinator work
2024/03/05 13:06:53 Coordinator status 0
2024/03/05 13:06:53 Map: 7 done vs. 1 working, Reduce 0 done vs. 0 working
2024/03/05 13:06:54 Coordinator work
2024/03/05 13:06:54 Coordinator status 0
2024/03/05 13:06:54 Map: 7 done vs. 1 working, Reduce 0 done vs. 0 working
2024/03/05 13:06:55 Coordinator work
2024/03/05 13:06:55 Coordinator status 0
2024/03/05 13:06:55 Map: 7 done vs. 1 working, Reduce 0 done vs. 0 working
2024/03/05 13:06:55 Coordinator work
2024/03/05 13:06:55 Coordinator status 0
2024/03/05 13:06:55 Map: 7 done vs. 1 working, Reduce 0 done vs. 0 working
2024/03/05 13:06:56 Coordinator work
2024/03/05 13:06:56 Coordinator status 0
2024/03/05 13:06:56 Map: 7 done vs. 1 working, Reduce 0 done vs. 0 working
2024/03/05 13:06:57 Coordiantor restart Map order 2
2024/03/05 13:06:57 Coordinator work
2024/03/05 13:06:57 Coordinator status 0
2024/03/05 13:06:57 Coordinator work
2024/03/05 13:06:57 Coordinator status 0
2024/03/05 13:06:57 Map: 7 done vs. 1 working, Reduce 0 done vs. 0 working
2024/03/05 13:06:58 Coordinator work
2024/03/05 13:06:58 Coordinator status 0
2024/03/05 13:06:58 Map: 7 done vs. 1 working, Reduce 0 done vs. 0 working
2024/03/05 13:06:58 IsDone &{0 2024-03-05 13:06:57.567228542 +0800 CST m=+35.164127975 0xc00011c090} true
2024/03/05 13:06:58 Order 2 finish Map
2024/03/05 13:06:59 Coordinator work
2024/03/05 13:06:59 Coordinator status 0
2024/03/05 13:06:59 Map: 8 done vs. 0 working, Reduce 0 done vs. 0 working
2024/03/05 13:06:59 forward: forward to Reuce Phase
2024/03/05 13:06:59 making reduce order : 8
2024/03/05 13:06:59 making reduce order : 9
2024/03/05 13:06:59 making reduce order : 10
2024/03/05 13:06:59 making reduce order : 11
2024/03/05 13:06:59 making reduce order : 12
2024/03/05 13:06:59 making reduce order : 13
2024/03/05 13:06:59 making reduce order : 14
2024/03/05 13:06:59 making reduce order : 15
2024/03/05 13:06:59 making reduce order : 16
2024/03/05 13:06:59 making reduce order : 17
2024/03/05 13:06:59 done with make reduce order
2024/03/05 13:06:59 Map: 8 done vs. 0 working, Reduce 0 done vs. 10 working
2024/03/05 13:06:59 Coordinator work
2024/03/05 13:06:59 Coordinator status 1
2024/03/05 13:06:59 Order 8 finish Reduce
2024/03/05 13:07:00 Coordinator work
2024/03/05 13:07:00 Coordinator status 1
2024/03/05 13:07:00 Order 9 finish Reduce
2024/03/05 13:07:00 Coordinator work
2024/03/05 13:07:00 Coordinator status 1
2024/03/05 13:07:00 Order 10 finish Reduce
2024/03/05 13:07:01 Coordinator work
2024/03/05 13:07:01 Coordinator status 1
2024/03/05 13:07:01 Order 11 finish Reduce
2024/03/05 13:07:01 Coordinator work
2024/03/05 13:07:01 Coordinator status 1
2024/03/05 13:07:01 Order 12 finish Reduce
2024/03/05 13:07:01 Coordinator work
2024/03/05 13:07:01 Coordinator status 1
2024/03/05 13:07:02 Coordinator work
2024/03/05 13:07:02 Coordinator status 1
2024/03/05 13:07:02 Order 14 finish Reduce
2024/03/05 13:07:02 Coordinator work
2024/03/05 13:07:02 Coordinator status 1
2024/03/05 13:07:02 Order 15 finish Reduce
2024/03/05 13:07:03 Coordinator work
2024/03/05 13:07:03 Coordinator status 1
2024/03/05 13:07:03 Order 16 finish Reduce
2024/03/05 13:07:03 Coordinator work
2024/03/05 13:07:03 Coordinator status 1
2024/03/05 13:07:04 Coordinator work
2024/03/05 13:07:04 Coordinator status 1
2024/03/05 13:07:04 Map: 8 done vs. 0 working, Reduce 8 done vs. 2 working
2024/03/05 13:07:04 Coordinator work
2024/03/05 13:07:04 Coordinator status 1
2024/03/05 13:07:04 Map: 8 done vs. 0 working, Reduce 8 done vs. 2 working
2024/03/05 13:07:06 Coordinator work
2024/03/05 13:07:06 Coordinator status 1
2024/03/05 13:07:06 Map: 8 done vs. 0 working, Reduce 8 done vs. 2 working
2024/03/05 13:07:06 Coordinator work
2024/03/05 13:07:06 Coordinator status 1
2024/03/05 13:07:06 Map: 8 done vs. 0 working, Reduce 8 done vs. 2 working
2024/03/05 13:07:07 Order 13 finish Reduce
2024/03/05 13:07:08 Coordinator work
2024/03/05 13:07:08 Coordinator status 1
2024/03/05 13:07:08 Map: 8 done vs. 0 working, Reduce 9 done vs. 1 working
2024/03/05 13:07:08 Coordinator work
2024/03/05 13:07:08 Coordinator status 1
2024/03/05 13:07:08 Map: 8 done vs. 0 working, Reduce 9 done vs. 1 working
2024/03/05 13:07:08 Coordinator work
2024/03/05 13:07:08 Coordinator status 1
2024/03/05 13:07:08 Map: 8 done vs. 0 working, Reduce 9 done vs. 1 working
2024/03/05 13:07:10 Coordinator work
2024/03/05 13:07:10 Coordinator status 1
2024/03/05 13:07:10 Map: 8 done vs. 0 working, Reduce 9 done vs. 1 working
2024/03/05 13:07:10 Coordinator work
2024/03/05 13:07:10 Coordinator status 1
2024/03/05 13:07:10 Map: 8 done vs. 0 working, Reduce 9 done vs. 1 working
2024/03/05 13:07:10 Coordinator work
2024/03/05 13:07:10 Coordinator status 1
2024/03/05 13:07:10 Map: 8 done vs. 0 working, Reduce 9 done vs. 1 working
2024/03/05 13:07:12 Coordinator work
2024/03/05 13:07:12 Coordinator status 1
2024/03/05 13:07:12 Map: 8 done vs. 0 working, Reduce 9 done vs. 1 working
2024/03/05 13:07:12 Coordinator work
2024/03/05 13:07:12 Coordinator status 1
2024/03/05 13:07:12 Map: 8 done vs. 0 working, Reduce 9 done vs. 1 working
2024/03/05 13:07:12 Coordinator work
2024/03/05 13:07:12 Coordinator status 1
2024/03/05 13:07:12 Map: 8 done vs. 0 working, Reduce 9 done vs. 1 working
2024/03/05 13:07:14 Coordiantor restart Reduce order 17
2024/03/05 13:07:14 Coordinator work
2024/03/05 13:07:14 Coordinator status 1
2024/03/05 13:07:14 Coordinator work
2024/03/05 13:07:14 Coordinator status 1
2024/03/05 13:07:14 Map: 8 done vs. 0 working, Reduce 9 done vs. 1 working
2024/03/05 13:07:14 Coordinator work
2024/03/05 13:07:14 Coordinator status 1
2024/03/05 13:07:14 Map: 8 done vs. 0 working, Reduce 9 done vs. 1 working
2024/03/05 13:07:16 Coordinator work
2024/03/05 13:07:16 Coordinator status 1
2024/03/05 13:07:16 Map: 8 done vs. 0 working, Reduce 9 done vs. 1 working
2024/03/05 13:07:16 Coordinator work
2024/03/05 13:07:16 Coordinator status 1
2024/03/05 13:07:16 Map: 8 done vs. 0 working, Reduce 9 done vs. 1 working
2024/03/05 13:07:17 Order 17 finish Reduce
2024/03/05 13:07:18 Coordinator work
2024/03/05 13:07:18 Coordinator status 1
2024/03/05 13:07:18 Map: 8 done vs. 0 working, Reduce 10 done vs. 0 working
2024/03/05 13:07:18 forward: forward to done phase
2024/03/05 13:07:18 Coordinator work
2024/03/05 13:07:18 Coordinator status 2
2024/03/05 13:07:18 Coordinator work
2024/03/05 13:07:18 Coordinator status 2
