2024/03/05 09:31:39 making map order &{0 [../pg-being_ernest.txt] 0 10}
2024/03/05 09:31:39 making map order &{0 [../pg-dorian_gray.txt] 1 10}
2024/03/05 09:31:39 making map order &{0 [../pg-frankenstein.txt] 2 10}
2024/03/05 09:31:39 making map order &{0 [../pg-grimm.txt] 3 10}
2024/03/05 09:31:39 making map order &{0 [../pg-huckleberry_finn.txt] 4 10}
2024/03/05 09:31:39 making map order &{0 [../pg-metamorphosis.txt] 5 10}
2024/03/05 09:31:39 making map order &{0 [../pg-sherlock_holmes.txt] 6 10}
2024/03/05 09:31:39 making map order &{0 [../pg-tom_sawyer.txt] 7 10}
2024/03/05 09:31:39 done with make map order
2024/03/05 09:31:39 Map: 0 done vs. 8 working, Reduce 0 done vs. 0 working
2024/03/05 09:31:40 Coordinator work
2024/03/05 09:31:40 Coordinator status 0
2024/03/05 09:31:40 Coordinator work
2024/03/05 09:31:40 Coordinator status 0
2024/03/05 09:31:40 Coordinator work
2024/03/05 09:31:40 Coordinator status 0
2024/03/05 09:31:41 IsDone &{0 2024-03-05 09:31:40.266360705 +0800 CST m=+1.110355446 0xc00007de30} true
2024/03/05 09:31:41 Order 0 finish Map
2024/03/05 09:31:41 IsDone &{0 2024-03-05 09:31:40.269063939 +0800 CST m=+1.113058678 0xc00007df50} true
2024/03/05 09:31:41 Order 2 finish Map
2024/03/05 09:31:42 Coordinator work
2024/03/05 09:31:42 Coordinator status 0
2024/03/05 09:31:42 IsDone &{0 2024-03-05 09:31:40.266935384 +0800 CST m=+1.110930124 0xc00007dec0} true
2024/03/05 09:31:42 Order 1 finish Map
2024/03/05 09:31:42 Coordinator work
2024/03/05 09:31:42 Coordinator status 0
2024/03/05 09:31:43 Coordinator work
2024/03/05 09:31:43 Coordinator status 0
2024/03/05 09:31:43 IsDone &{0 2024-03-05 09:31:43.13923273 +0800 CST m=+3.983227471 0xc000162120} true
2024/03/05 09:31:43 Order 5 finish Map
2024/03/05 09:31:43 IsDone &{0 2024-03-05 09:31:42.030992103 +0800 CST m=+2.874986844 0xc000162000} true
2024/03/05 09:31:43 Order 3 finish Map
2024/03/05 09:31:44 Coordinator work
2024/03/05 09:31:44 Coordinator status 0
2024/03/05 09:31:44 IsDone &{0 2024-03-05 09:31:42.92979234 +0800 CST m=+3.773787080 0xc000162090} true
2024/03/05 09:31:44 Order 4 finish Map
2024/03/05 09:31:44 Coordinator work
2024/03/05 09:31:44 Coordinator status 0
2024/03/05 09:31:45 Coordinator work
2024/03/05 09:31:45 Coordinator status 0
2024/03/05 09:31:45 Map: 6 done vs. 2 working, Reduce 0 done vs. 0 working
2024/03/05 09:31:46 IsDone &{0 2024-03-05 09:31:44.857362775 +0800 CST m=+5.701357515 0xc000162240} true
2024/03/05 09:31:46 Order 7 finish Map
2024/03/05 09:31:46 IsDone &{0 2024-03-05 09:31:44.589513465 +0800 CST m=+5.433508206 0xc0001621b0} true
2024/03/05 09:31:46 Order 6 finish Map
2024/03/05 09:31:47 Coordinator work
2024/03/05 09:31:47 Coordinator status 0
2024/03/05 09:31:47 Map: 8 done vs. 0 working, Reduce 0 done vs. 0 working
2024/03/05 09:31:47 forward: forward to Reuce Phase
2024/03/05 09:31:47 making reduce order : 8
2024/03/05 09:31:47 making reduce order : 9
2024/03/05 09:31:47 making reduce order : 10
2024/03/05 09:31:47 making reduce order : 11
2024/03/05 09:31:47 making reduce order : 12
2024/03/05 09:31:47 making reduce order : 13
2024/03/05 09:31:47 making reduce order : 14
2024/03/05 09:31:47 making reduce order : 15
2024/03/05 09:31:47 making reduce order : 16
2024/03/05 09:31:47 making reduce order : 17
2024/03/05 09:31:47 done with make reduce order
2024/03/05 09:31:47 Map: 8 done vs. 0 working, Reduce 0 done vs. 10 working
2024/03/05 09:31:47 Coordinator work
2024/03/05 09:31:47 Coordinator status 1
2024/03/05 09:31:47 Coordinator work
2024/03/05 09:31:47 Coordinator status 1
2024/03/05 09:31:48 Order 8 finish Reduce
2024/03/05 09:31:48 Order 9 finish Reduce
2024/03/05 09:31:49 Coordinator work
2024/03/05 09:31:49 Coordinator status 1
2024/03/05 09:31:49 Coordinator work
2024/03/05 09:31:49 Coordinator status 1
2024/03/05 09:31:49 Coordinator work
2024/03/05 09:31:49 Coordinator status 1
2024/03/05 09:31:49 Order 11 finish Reduce
2024/03/05 09:31:50 Order 12 finish Reduce
2024/03/05 09:31:50 Order 10 finish Reduce
2024/03/05 09:31:50 Coordinator work
2024/03/05 09:31:50 Coordinator status 1
2024/03/05 09:31:51 Order 13 finish Reduce
2024/03/05 09:31:51 Coordinator work
2024/03/05 09:31:51 Coordinator status 1
2024/03/05 09:31:51 Coordinator work
2024/03/05 09:31:51 Coordinator status 1
2024/03/05 09:31:52 Coordinator work
2024/03/05 09:31:52 Coordinator status 1
2024/03/05 09:31:52 Order 15 finish Reduce
2024/03/05 09:31:52 Order 14 finish Reduce
2024/03/05 09:31:53 Order 16 finish Reduce
2024/03/05 09:31:53 Coordinator work
2024/03/05 09:31:53 Coordinator status 1
2024/03/05 09:31:53 Coordinator work
2024/03/05 09:31:53 Coordinator status 1
2024/03/05 09:31:53 Map: 8 done vs. 0 working, Reduce 9 done vs. 1 working
2024/03/05 09:31:54 Order 17 finish Reduce
2024/03/05 09:31:54 Coordinator work
2024/03/05 09:31:54 Coordinator status 1
2024/03/05 09:31:54 Map: 8 done vs. 0 working, Reduce 10 done vs. 0 working
2024/03/05 09:31:54 forward: forward to done phase
2024/03/05 09:31:55 Coordinator work
2024/03/05 09:31:55 Coordinator status 2
2024/03/05 09:31:55 Coordinator work
2024/03/05 09:31:55 Coordinator status 2
