2024/03/05 11:29:53 making map order &{0 [../pg-being_ernest.txt] 0 10}
2024/03/05 11:29:53 making map order &{0 [../pg-dorian_gray.txt] 1 10}
2024/03/05 11:29:53 making map order &{0 [../pg-frankenstein.txt] 2 10}
2024/03/05 11:29:53 making map order &{0 [../pg-grimm.txt] 3 10}
2024/03/05 11:29:53 making map order &{0 [../pg-huckleberry_finn.txt] 4 10}
2024/03/05 11:29:53 making map order &{0 [../pg-metamorphosis.txt] 5 10}
2024/03/05 11:29:53 making map order &{0 [../pg-sherlock_holmes.txt] 6 10}
2024/03/05 11:29:53 making map order &{0 [../pg-tom_sawyer.txt] 7 10}
2024/03/05 11:29:53 done with make map order
2024/03/05 11:29:53 Map: 0 done vs. 8 working, Reduce 0 done vs. 0 working
2024/03/05 11:29:54 Coordinator work
2024/03/05 11:29:54 Coordinator status 0
2024/03/05 11:29:54 Coordinator work
2024/03/05 11:29:54 Coordinator status 0
2024/03/05 11:29:54 Coordinator work
2024/03/05 11:29:54 Coordinator status 0
2024/03/05 11:29:55 IsDone &{0 2024-03-05 11:29:54.292640913 +0800 CST m=+1.029100933 0xc0000a3e30} true
2024/03/05 11:29:55 Order 0 finish Map
2024/03/05 11:29:56 Coordinator work
2024/03/05 11:29:56 Coordinator status 0
2024/03/05 11:29:56 IsDone &{0 2024-03-05 11:29:54.305995022 +0800 CST m=+1.042455049 0xc0000a3f50} true
2024/03/05 11:29:56 Order 2 finish Map
2024/03/05 11:29:56 IsDone &{0 2024-03-05 11:29:54.298639581 +0800 CST m=+1.035099611 0xc0000a3ec0} true
2024/03/05 11:29:56 Order 1 finish Map
2024/03/05 11:29:57 Coordinator work
2024/03/05 11:29:57 Coordinator status 0
2024/03/05 11:29:57 Coordinator work
2024/03/05 11:29:57 Coordinator status 0
2024/03/05 11:29:58 IsDone &{0 2024-03-05 11:29:57.599405116 +0800 CST m=+4.335865143 0xc00011c120} true
2024/03/05 11:29:58 Order 5 finish Map
2024/03/05 11:29:58 IsDone &{0 2024-03-05 11:29:56.237438542 +0800 CST m=+2.973898566 0xc00011c000} true
2024/03/05 11:29:58 Order 3 finish Map
2024/03/05 11:29:59 Coordinator work
2024/03/05 11:29:59 Coordinator status 0
2024/03/05 11:29:59 Coordinator work
2024/03/05 11:29:59 Coordinator status 0
2024/03/05 11:30:00 IsDone &{0 2024-03-05 11:29:57.455526011 +0800 CST m=+4.191986038 0xc00011c090} true
2024/03/05 11:30:00 Order 4 finish Map
2024/03/05 11:30:01 Coordinator work
2024/03/05 11:30:01 Coordinator status 0
2024/03/05 11:30:01 Map: 6 done vs. 2 working, Reduce 0 done vs. 0 working
2024/03/05 11:30:01 IsDone &{0 2024-03-05 11:29:59.921935096 +0800 CST m=+6.658395123 0xc00011c240} true
2024/03/05 11:30:01 Order 7 finish Map
2024/03/05 11:30:02 IsDone &{0 2024-03-05 11:29:59.472240729 +0800 CST m=+6.208700756 0xc00011c1b0} true
2024/03/05 11:30:02 Order 6 finish Map
2024/03/05 11:30:02 Coordinator work
2024/03/05 11:30:02 Coordinator status 0
2024/03/05 11:30:02 Map: 8 done vs. 0 working, Reduce 0 done vs. 0 working
2024/03/05 11:30:02 forward: forward to Reuce Phase
2024/03/05 11:30:02 making reduce order : 8
2024/03/05 11:30:02 making reduce order : 9
2024/03/05 11:30:02 making reduce order : 10
2024/03/05 11:30:02 making reduce order : 11
2024/03/05 11:30:02 making reduce order : 12
2024/03/05 11:30:02 making reduce order : 13
2024/03/05 11:30:02 making reduce order : 14
2024/03/05 11:30:02 making reduce order : 15
2024/03/05 11:30:02 making reduce order : 16
2024/03/05 11:30:02 making reduce order : 17
2024/03/05 11:30:02 done with make reduce order
2024/03/05 11:30:02 Map: 8 done vs. 0 working, Reduce 0 done vs. 10 working
2024/03/05 11:30:03 Coordinator work
2024/03/05 11:30:03 Coordinator status 1
2024/03/05 11:30:03 Coordinator work
2024/03/05 11:30:03 Coordinator status 1
2024/03/05 11:30:04 Order 9 finish Reduce
2024/03/05 11:30:04 Order 8 finish Reduce
2024/03/05 11:30:04 Coordinator work
2024/03/05 11:30:04 Coordinator status 1
2024/03/05 11:30:05 Coordinator work
2024/03/05 11:30:05 Coordinator status 1
2024/03/05 11:30:05 Coordinator work
2024/03/05 11:30:05 Coordinator status 1
2024/03/05 11:30:05 Order 11 finish Reduce
2024/03/05 11:30:06 Order 12 finish Reduce
2024/03/05 11:30:06 Order 10 finish Reduce
2024/03/05 11:30:06 Coordinator work
2024/03/05 11:30:06 Coordinator status 1
2024/03/05 11:30:07 Coordinator work
2024/03/05 11:30:07 Coordinator status 1
2024/03/05 11:30:07 Coordinator work
2024/03/05 11:30:07 Coordinator status 1
2024/03/05 11:30:07 Order 13 finish Reduce
2024/03/05 11:30:08 Order 15 finish Reduce
2024/03/05 11:30:08 Coordinator work
2024/03/05 11:30:08 Coordinator status 1
2024/03/05 11:30:08 Order 14 finish Reduce
2024/03/05 11:30:09 Coordinator work
2024/03/05 11:30:09 Coordinator status 1
2024/03/05 11:30:09 Order 16 finish Reduce
2024/03/05 11:30:09 Coordinator work
2024/03/05 11:30:09 Coordinator status 1
2024/03/05 11:30:09 Map: 8 done vs. 0 working, Reduce 9 done vs. 1 working
2024/03/05 11:30:10 Order 17 finish Reduce
2024/03/05 11:30:10 Coordinator work
2024/03/05 11:30:10 Coordinator status 1
2024/03/05 11:30:10 Map: 8 done vs. 0 working, Reduce 10 done vs. 0 working
2024/03/05 11:30:10 forward: forward to done phase
2024/03/05 11:30:11 Coordinator work
2024/03/05 11:30:11 Coordinator status 2
2024/03/05 11:30:11 Coordinator work
2024/03/05 11:30:11 Coordinator status 2
