2024/03/05 08:22:52 making map order &{0 [../pg-being_ernest.txt] 0 10}
2024/03/05 08:22:52 making map order &{0 [../pg-dorian_gray.txt] 1 10}
2024/03/05 08:22:52 making map order &{0 [../pg-frankenstein.txt] 2 10}
2024/03/05 08:22:52 making map order &{0 [../pg-grimm.txt] 3 10}
2024/03/05 08:22:52 making map order &{0 [../pg-huckleberry_finn.txt] 4 10}
2024/03/05 08:22:52 making map order &{0 [../pg-metamorphosis.txt] 5 10}
2024/03/05 08:22:52 making map order &{0 [../pg-sherlock_holmes.txt] 6 10}
2024/03/05 08:22:52 making map order &{0 [../pg-tom_sawyer.txt] 7 10}
2024/03/05 08:22:52 done with make map order
2024/03/05 08:22:52 Map: 0 done vs. 8 working, Reduce 0 done vs. 0 working
2024/03/05 08:22:53 Coordinator work
2024/03/05 08:22:53 Coordinator status 0
2024/03/05 08:22:53 Coordinator work
2024/03/05 08:22:53 Coordinator status 0
2024/03/05 08:22:53 IsDone &{0 2024-03-05 08:22:53.197807703 +0800 CST m=+1.017469862 0xc0001120c0} true
2024/03/05 08:22:53 Order 0 finish Map
2024/03/05 08:22:53 IsDone &{0 2024-03-05 08:22:53.198244787 +0800 CST m=+1.017906947 0xc000112150} true
2024/03/05 08:22:53 Order 1 finish Map
2024/03/05 08:22:54 Coordinator work
2024/03/05 08:22:54 Coordinator status 0
2024/03/05 08:22:54 Coordinator work
2024/03/05 08:22:54 Coordinator status 0
2024/03/05 08:22:54 IsDone &{0 2024-03-05 08:22:54.271236237 +0800 CST m=+2.090898395 0xc0001121e0} true
2024/03/05 08:22:54 Order 2 finish Map
2024/03/05 08:22:54 IsDone &{0 2024-03-05 08:22:54.412620848 +0800 CST m=+2.232283002 0xc000112270} true
2024/03/05 08:22:54 Order 3 finish Map
2024/03/05 08:22:55 Coordinator work
2024/03/05 08:22:55 Coordinator status 0
2024/03/05 08:22:55 Coordinator work
2024/03/05 08:22:55 Coordinator status 0
2024/03/05 08:22:55 IsDone &{0 2024-03-05 08:22:55.451944602 +0800 CST m=+3.271606776 0xc000112300} true
2024/03/05 08:22:55 Order 4 finish Map
2024/03/05 08:22:55 IsDone &{0 2024-03-05 08:22:55.601557141 +0800 CST m=+3.421219301 0xc000112390} true
2024/03/05 08:22:55 Order 5 finish Map
2024/03/05 08:22:56 Coordinator work
2024/03/05 08:22:56 Coordinator status 0
2024/03/05 08:22:56 Coordinator work
2024/03/05 08:22:56 Coordinator status 0
2024/03/05 08:22:56 IsDone &{0 2024-03-05 08:22:56.683017538 +0800 CST m=+4.502679697 0xc000112420} true
2024/03/05 08:22:56 Order 6 finish Map
2024/03/05 08:22:56 IsDone &{0 2024-03-05 08:22:56.705371743 +0800 CST m=+4.525033903 0xc0001124b0} true
2024/03/05 08:22:56 Order 7 finish Map
2024/03/05 08:22:57 Coordinator work
2024/03/05 08:22:57 Coordinator status 0
2024/03/05 08:22:57 Map: 8 done vs. 0 working, Reduce 0 done vs. 0 working
2024/03/05 08:22:57 forward: forward to Reuce Phase
2024/03/05 08:22:57 making reduce order : 8
2024/03/05 08:22:57 making reduce order : 9
2024/03/05 08:22:57 making reduce order : 10
2024/03/05 08:22:57 making reduce order : 11
2024/03/05 08:22:57 making reduce order : 12
2024/03/05 08:22:57 making reduce order : 13
2024/03/05 08:22:57 making reduce order : 14
2024/03/05 08:22:57 making reduce order : 15
2024/03/05 08:22:57 making reduce order : 16
2024/03/05 08:22:57 making reduce order : 17
2024/03/05 08:22:57 done with make reduce order
2024/03/05 08:22:57 Map: 8 done vs. 0 working, Reduce 0 done vs. 10 working
2024/03/05 08:22:57 Coordinator work
2024/03/05 08:22:57 Coordinator status 1
2024/03/05 08:22:58 Order 8 finish Reduce
2024/03/05 08:22:59 Coordinator work
2024/03/05 08:22:59 Coordinator status 1
2024/03/05 08:22:59 Order 9 finish Reduce
2024/03/05 08:22:59 Coordinator work
2024/03/05 08:22:59 Coordinator status 1
2024/03/05 08:23:00 Order 10 finish Reduce
2024/03/05 08:23:00 Coordinator work
2024/03/05 08:23:00 Coordinator status 1
2024/03/05 08:23:00 Order 11 finish Reduce
2024/03/05 08:23:01 Coordinator work
2024/03/05 08:23:01 Coordinator status 1
2024/03/05 08:23:01 Order 12 finish Reduce
2024/03/05 08:23:01 Coordinator work
2024/03/05 08:23:01 Coordinator status 1
2024/03/05 08:23:01 Order 13 finish Reduce
2024/03/05 08:23:02 Coordinator work
2024/03/05 08:23:02 Coordinator status 1
2024/03/05 08:23:02 Order 14 finish Reduce
2024/03/05 08:23:02 Coordinator work
2024/03/05 08:23:02 Coordinator status 1
2024/03/05 08:23:02 Order 15 finish Reduce
2024/03/05 08:23:03 Coordinator work
2024/03/05 08:23:03 Coordinator status 1
2024/03/05 08:23:03 Order 16 finish Reduce
2024/03/05 08:23:03 Coordinator work
2024/03/05 08:23:03 Coordinator status 1
2024/03/05 08:23:03 Order 17 finish Reduce
2024/03/05 08:23:04 Coordinator work
2024/03/05 08:23:04 Coordinator status 1
2024/03/05 08:23:04 Map: 8 done vs. 0 working, Reduce 10 done vs. 0 working
2024/03/05 08:23:04 forward: forward to done phase
2024/03/05 08:23:04 Coordinator work
2024/03/05 08:23:04 Coordinator status 2
