2024/03/05 03:45:18 making map order &{0 [../pg-being_ernest.txt] 0 10}
2024/03/05 03:45:18 making map order &{0 [../pg-dorian_gray.txt] 1 10}
2024/03/05 03:45:18 making map order &{0 [../pg-frankenstein.txt] 2 10}
2024/03/05 03:45:18 making map order &{0 [../pg-grimm.txt] 3 10}
2024/03/05 03:45:18 making map order &{0 [../pg-huckleberry_finn.txt] 4 10}
2024/03/05 03:45:18 making map order &{0 [../pg-metamorphosis.txt] 5 10}
2024/03/05 03:45:18 making map order &{0 [../pg-sherlock_holmes.txt] 6 10}
2024/03/05 03:45:18 making map order &{0 [../pg-tom_sawyer.txt] 7 10}
2024/03/05 03:45:18 done with make map order
2024/03/05 03:45:18 Map: 0 done vs. 8 working, Reduce 0 done vs. 0 working
2024/03/05 03:45:19 Coordinator work
2024/03/05 03:45:19 Coordinator status 0
2024/03/05 03:45:19 Coordinator work
2024/03/05 03:45:19 Coordinator status 0
2024/03/05 03:45:23 IsDone &{0 2024-03-05 03:45:19.11927869 +0800 CST m=+1.015954605 0xc00009be00} true
2024/03/05 03:45:23 Order 0 finish Map
2024/03/05 03:45:23 IsDone &{0 2024-03-05 03:45:19.128584023 +0800 CST m=+1.025259938 0xc00009be90} true
2024/03/05 03:45:23 Order 1 finish Map
2024/03/05 03:45:24 Coordinator work
2024/03/05 03:45:24 Coordinator status 0
2024/03/05 03:45:24 Coordinator work
2024/03/05 03:45:24 Coordinator status 0
2024/03/05 03:45:28 IsDone &{0 2024-03-05 03:45:24.212898836 +0800 CST m=+6.109574762 0xc00009bf20} true
2024/03/05 03:45:28 Order 2 finish Map
2024/03/05 03:45:28 IsDone &{0 2024-03-05 03:45:24.230823295 +0800 CST m=+6.127499230 0xc00009bfb0} true
2024/03/05 03:45:28 Order 3 finish Map
2024/03/05 03:45:29 Coordinator work
2024/03/05 03:45:29 Coordinator status 0
2024/03/05 03:45:29 Coordinator work
2024/03/05 03:45:29 Coordinator status 0
2024/03/05 03:45:32 IsDone &{0 2024-03-05 03:45:29.119425187 +0800 CST m=+11.016101108 0xc00011a060} true
2024/03/05 03:45:32 Order 4 finish Map
2024/03/05 03:45:32 IsDone &{0 2024-03-05 03:45:29.134434557 +0800 CST m=+11.031110478 0xc00011a0f0} true
2024/03/05 03:45:32 Order 5 finish Map
2024/03/05 03:45:33 Coordinator work
2024/03/05 03:45:33 Coordinator status 0
2024/03/05 03:45:33 Coordinator work
2024/03/05 03:45:33 Coordinator status 0
2024/03/05 03:45:36 IsDone &{0 2024-03-05 03:45:33.993898092 +0800 CST m=+15.890574013 0xc00011a210} true
2024/03/05 03:45:36 Order 7 finish Map
2024/03/05 03:45:36 IsDone &{0 2024-03-05 03:45:33.9882509 +0800 CST m=+15.884926818 0xc00011a180} true
2024/03/05 03:45:36 Order 6 finish Map
2024/03/05 03:45:37 Coordinator work
2024/03/05 03:45:37 Coordinator status 0
2024/03/05 03:45:37 Map: 8 done vs. 0 working, Reduce 0 done vs. 0 working
2024/03/05 03:45:37 forward: forward to Reuce Phase
2024/03/05 03:45:37 making reduce order : 8
2024/03/05 03:45:37 making reduce order : 9
2024/03/05 03:45:37 making reduce order : 10
2024/03/05 03:45:37 making reduce order : 11
2024/03/05 03:45:37 making reduce order : 12
2024/03/05 03:45:37 making reduce order : 13
2024/03/05 03:45:37 Coordinator work
2024/03/05 03:45:37 making reduce order : 14
2024/03/05 03:45:37 making reduce order : 15
2024/03/05 03:45:37 making reduce order : 16
2024/03/05 03:45:37 making reduce order : 17
2024/03/05 03:45:37 done with make reduce order
2024/03/05 03:45:37 Map: 8 done vs. 0 working, Reduce 0 done vs. 10 working
2024/03/05 03:45:37 Coordinator status 1
2024/03/05 03:45:37 Order 8 finish Reduce
2024/03/05 03:45:38 Coordinator work
2024/03/05 03:45:38 Coordinator status 1
2024/03/05 03:45:38 Order 9 finish Reduce
2024/03/05 03:45:39 Coordinator work
2024/03/05 03:45:39 Coordinator status 1
2024/03/05 03:45:39 Order 10 finish Reduce
2024/03/05 03:45:39 Coordinator work
2024/03/05 03:45:39 Coordinator status 1
2024/03/05 03:45:39 Order 11 finish Reduce
2024/03/05 03:45:40 Coordinator work
2024/03/05 03:45:40 Coordinator status 1
2024/03/05 03:45:40 Order 12 finish Reduce
2024/03/05 03:45:40 Coordinator work
2024/03/05 03:45:40 Coordinator status 1
2024/03/05 03:45:40 Order 13 finish Reduce
2024/03/05 03:45:41 Coordinator work
2024/03/05 03:45:41 Coordinator status 1
2024/03/05 03:45:41 Order 14 finish Reduce
2024/03/05 03:45:41 Coordinator work
2024/03/05 03:45:41 Coordinator status 1
2024/03/05 03:45:41 Order 15 finish Reduce
2024/03/05 03:45:42 Coordinator work
2024/03/05 03:45:42 Coordinator status 1
2024/03/05 03:45:42 Order 16 finish Reduce
2024/03/05 03:45:42 Coordinator work
2024/03/05 03:45:42 Coordinator status 1
2024/03/05 03:45:42 Order 17 finish Reduce
2024/03/05 03:45:43 Coordinator work
2024/03/05 03:45:43 Coordinator status 1
2024/03/05 03:45:43 Map: 8 done vs. 0 working, Reduce 10 done vs. 0 working
2024/03/05 03:45:43 forward: forward to done phase
2024/03/05 03:45:43 Coordinator work
2024/03/05 03:45:43 Coordinator status 2
