2024/03/05 04:36:43 making map order &{0 [../pg-being_ernest.txt] 0 10}
2024/03/05 04:36:43 making map order &{0 [../pg-dorian_gray.txt] 1 10}
2024/03/05 04:36:43 making map order &{0 [../pg-frankenstein.txt] 2 10}
2024/03/05 04:36:43 making map order &{0 [../pg-grimm.txt] 3 10}
2024/03/05 04:36:43 making map order &{0 [../pg-huckleberry_finn.txt] 4 10}
2024/03/05 04:36:43 making map order &{0 [../pg-metamorphosis.txt] 5 10}
2024/03/05 04:36:43 making map order &{0 [../pg-sherlock_holmes.txt] 6 10}
2024/03/05 04:36:43 making map order &{0 [../pg-tom_sawyer.txt] 7 10}
2024/03/05 04:36:43 done with make map order
2024/03/05 04:36:43 Map: 0 done vs. 8 working, Reduce 0 done vs. 0 working
2024/03/05 04:36:44 Coordinator work
2024/03/05 04:36:44 Coordinator status 0
2024/03/05 04:36:44 IsDone &{0 2024-03-05 04:36:44.785449554 +0800 CST m=+1.030309402 0xc00008c240} true
2024/03/05 04:36:44 Order 0 finish Map
2024/03/05 04:36:44 Coordinator work
2024/03/05 04:36:44 Coordinator status 0
2024/03/05 04:36:44 Coordinator work
2024/03/05 04:36:44 Coordinator status 0
2024/03/05 04:36:44 IsDone &{0 2024-03-05 04:36:44.798007085 +0800 CST m=+1.042866926 0xc00008c2d0} true
2024/03/05 04:36:44 Order 1 finish Map
2024/03/05 04:36:44 IsDone &{0 2024-03-05 04:36:44.801746856 +0800 CST m=+1.046606705 0xc00008c360} true
2024/03/05 04:36:44 Order 2 finish Map
2024/03/05 04:36:45 Coordinator work
2024/03/05 04:36:45 Coordinator status 0
2024/03/05 04:36:45 IsDone &{0 2024-03-05 04:36:45.797301331 +0800 CST m=+2.042161172 0xc00008c3f0} true
2024/03/05 04:36:45 Order 3 finish Map
2024/03/05 04:36:45 Coordinator work
2024/03/05 04:36:45 Coordinator status 0
2024/03/05 04:36:45 Coordinator work
2024/03/05 04:36:45 Coordinator status 0
2024/03/05 04:36:45 IsDone &{0 2024-03-05 04:36:45.823341263 +0800 CST m=+2.068201107 0xc00008c510} true
2024/03/05 04:36:45 Order 5 finish Map
2024/03/05 04:36:45 IsDone &{0 2024-03-05 04:36:45.817740498 +0800 CST m=+2.062600349 0xc00008c480} true
2024/03/05 04:36:45 Order 4 finish Map
2024/03/05 04:36:46 Coordinator work
2024/03/05 04:36:46 Coordinator status 0
2024/03/05 04:36:46 IsDone &{0 2024-03-05 04:36:46.815827376 +0800 CST m=+3.060687226 0xc00008c5a0} true
2024/03/05 04:36:46 Order 6 finish Map
2024/03/05 04:36:46 Coordinator work
2024/03/05 04:36:46 Coordinator status 0
2024/03/05 04:36:46 Coordinator work
2024/03/05 04:36:46 Coordinator status 0
2024/03/05 04:36:46 Map: 7 done vs. 1 working, Reduce 0 done vs. 0 working
2024/03/05 04:36:46 IsDone &{0 2024-03-05 04:36:46.840869761 +0800 CST m=+3.085729613 0xc00008c630} true
2024/03/05 04:36:46 Order 7 finish Map
2024/03/05 04:36:47 Coordinator work
2024/03/05 04:36:47 Coordinator status 0
2024/03/05 04:36:47 Map: 8 done vs. 0 working, Reduce 0 done vs. 0 working
2024/03/05 04:36:47 forward: forward to Reuce Phase
2024/03/05 04:36:47 making reduce order : 8
2024/03/05 04:36:47 making reduce order : 9
2024/03/05 04:36:47 making reduce order : 10
2024/03/05 04:36:47 making reduce order : 11
2024/03/05 04:36:47 making reduce order : 12
2024/03/05 04:36:47 making reduce order : 13
2024/03/05 04:36:47 making reduce order : 14
2024/03/05 04:36:47 making reduce order : 15
2024/03/05 04:36:47 making reduce order : 16
2024/03/05 04:36:47 making reduce order : 17
2024/03/05 04:36:47 done with make reduce order
2024/03/05 04:36:47 Map: 8 done vs. 0 working, Reduce 0 done vs. 10 working
2024/03/05 04:36:47 Coordinator work
2024/03/05 04:36:47 Coordinator status 1
2024/03/05 04:36:47 Order 8 finish Reduce
2024/03/05 04:36:48 Coordinator work
2024/03/05 04:36:48 Coordinator status 1
2024/03/05 04:36:48 Order 9 finish Reduce
2024/03/05 04:36:48 Coordinator work
2024/03/05 04:36:48 Coordinator status 1
2024/03/05 04:36:49 Coordinator work
2024/03/05 04:36:49 Coordinator status 1
2024/03/05 04:36:49 Coordinator work
2024/03/05 04:36:49 Coordinator status 1
2024/03/05 04:36:49 Order 11 finish Reduce
2024/03/05 04:36:49 Order 12 finish Reduce
2024/03/05 04:36:50 Coordinator work
2024/03/05 04:36:50 Coordinator status 1
2024/03/05 04:36:50 Coordinator work
2024/03/05 04:36:50 Coordinator status 1
2024/03/05 04:36:50 Order 13 finish Reduce
2024/03/05 04:36:51 Coordinator work
2024/03/05 04:36:51 Coordinator status 1
2024/03/05 04:36:51 Order 15 finish Reduce
2024/03/05 04:36:51 Order 10 finish Reduce
2024/03/05 04:36:52 Coordinator work
2024/03/05 04:36:52 Coordinator status 1
2024/03/05 04:36:52 Coordinator work
2024/03/05 04:36:52 Coordinator status 1
2024/03/05 04:36:52 Order 16 finish Reduce
2024/03/05 04:36:52 Order 17 finish Reduce
2024/03/05 04:36:53 Order 14 finish Reduce
2024/03/05 04:36:53 Coordinator work
2024/03/05 04:36:53 Coordinator status 1
2024/03/05 04:36:53 Map: 8 done vs. 0 working, Reduce 10 done vs. 0 working
2024/03/05 04:36:53 forward: forward to done phase
2024/03/05 04:36:53 Coordinator work
2024/03/05 04:36:53 Coordinator status 2
2024/03/05 04:36:54 Coordinator work
2024/03/05 04:36:54 Coordinator status 2
