2024/03/05 03:27:33 making map order &{0 [../pg-being_ernest.txt] 0 10}
2024/03/05 03:27:33 making map order &{0 [../pg-dorian_gray.txt] 1 10}
2024/03/05 03:27:33 making map order &{0 [../pg-frankenstein.txt] 2 10}
2024/03/05 03:27:33 making map order &{0 [../pg-grimm.txt] 3 10}
2024/03/05 03:27:33 making map order &{0 [../pg-huckleberry_finn.txt] 4 10}
2024/03/05 03:27:33 making map order &{0 [../pg-metamorphosis.txt] 5 10}
2024/03/05 03:27:33 making map order &{0 [../pg-sherlock_holmes.txt] 6 10}
2024/03/05 03:27:33 making map order &{0 [../pg-tom_sawyer.txt] 7 10}
2024/03/05 03:27:33 done with make map order
2024/03/05 03:27:33 Map: 0 done vs. 8 working, Reduce 0 done vs. 0 working
2024/03/05 03:27:34 Coordinator work
2024/03/05 03:27:34 Coordinator status 0
2024/03/05 03:27:34 Coordinator work
2024/03/05 03:27:34 Coordinator status 0
2024/03/05 03:27:35 IsDone &{0 2024-03-05 03:27:34.656978991 +0800 CST m=+1.014960339 0xc0000a3f20} true
2024/03/05 03:27:35 Order 0 finish Map
2024/03/05 03:27:35 IsDone &{0 2024-03-05 03:27:34.670048887 +0800 CST m=+1.028030234 0xc0000a3fb0} true
2024/03/05 03:27:35 Order 1 finish Map
2024/03/05 03:27:36 Coordinator work
2024/03/05 03:27:36 Coordinator status 0
2024/03/05 03:27:36 Coordinator work
2024/03/05 03:27:36 Coordinator status 0
2024/03/05 03:27:37 IsDone &{0 2024-03-05 03:27:36.66706287 +0800 CST m=+3.025044219 0xc00011c060} true
2024/03/05 03:27:37 Order 2 finish Map
2024/03/05 03:27:37 IsDone &{0 2024-03-05 03:27:36.689168187 +0800 CST m=+3.047149532 0xc00011c0f0} true
2024/03/05 03:27:37 Order 3 finish Map
2024/03/05 03:27:38 Coordinator work
2024/03/05 03:27:38 Coordinator status 0
2024/03/05 03:27:38 Coordinator work
2024/03/05 03:27:38 Coordinator status 0
2024/03/05 03:27:39 IsDone &{0 2024-03-05 03:27:38.684156454 +0800 CST m=+5.042137805 0xc00011c180} true
2024/03/05 03:27:39 Order 4 finish Map
2024/03/05 03:27:39 IsDone &{0 2024-03-05 03:27:38.705130623 +0800 CST m=+5.063111972 0xc00011c210} true
2024/03/05 03:27:39 Order 5 finish Map
2024/03/05 03:27:40 Coordinator work
2024/03/05 03:27:40 Coordinator status 0
2024/03/05 03:27:40 Coordinator work
2024/03/05 03:27:40 Coordinator status 0
2024/03/05 03:27:41 IsDone &{0 2024-03-05 03:27:40.717088794 +0800 CST m=+7.075070141 0xc00011c330} true
2024/03/05 03:27:41 Order 7 finish Map
2024/03/05 03:27:41 IsDone &{0 2024-03-05 03:27:40.704396857 +0800 CST m=+7.062378209 0xc00011c2a0} true
2024/03/05 03:27:41 Order 6 finish Map
2024/03/05 03:27:42 Coordinator work
2024/03/05 03:27:42 Coordinator status 0
2024/03/05 03:27:42 Map: 8 done vs. 0 working, Reduce 0 done vs. 0 working
2024/03/05 03:27:42 forward: forward to Reuce Phase
2024/03/05 03:27:42 making reduce order : 8
2024/03/05 03:27:42 making reduce order : 9
2024/03/05 03:27:42 making reduce order : 10
2024/03/05 03:27:42 Coordinator work
2024/03/05 03:27:42 making reduce order : 11
2024/03/05 03:27:42 making reduce order : 12
2024/03/05 03:27:42 making reduce order : 13
2024/03/05 03:27:42 making reduce order : 14
2024/03/05 03:27:42 making reduce order : 15
2024/03/05 03:27:42 making reduce order : 16
2024/03/05 03:27:42 making reduce order : 17
2024/03/05 03:27:42 done with make reduce order
2024/03/05 03:27:42 Map: 8 done vs. 0 working, Reduce 0 done vs. 10 working
2024/03/05 03:27:42 Coordinator status 1
2024/03/05 03:27:42 Order 8 finish Reduce
2024/03/05 03:27:43 Coordinator work
2024/03/05 03:27:43 Coordinator status 1
2024/03/05 03:27:43 Order 9 finish Reduce
2024/03/05 03:27:44 Coordinator work
2024/03/05 03:27:44 Coordinator status 1
2024/03/05 03:27:44 Order 10 finish Reduce
2024/03/05 03:27:44 Coordinator work
2024/03/05 03:27:44 Coordinator status 1
2024/03/05 03:27:44 Order 11 finish Reduce
2024/03/05 03:27:45 Coordinator work
2024/03/05 03:27:45 Coordinator status 1
2024/03/05 03:27:45 Order 12 finish Reduce
2024/03/05 03:27:45 Coordinator work
2024/03/05 03:27:45 Coordinator status 1
2024/03/05 03:27:45 Order 13 finish Reduce
2024/03/05 03:27:46 Coordinator work
2024/03/05 03:27:46 Coordinator status 1
2024/03/05 03:27:46 Order 14 finish Reduce
2024/03/05 03:27:46 Coordinator work
2024/03/05 03:27:46 Coordinator status 1
2024/03/05 03:27:46 Order 15 finish Reduce
2024/03/05 03:27:47 Coordinator work
2024/03/05 03:27:47 Coordinator status 1
2024/03/05 03:27:47 Order 16 finish Reduce
2024/03/05 03:27:47 Coordinator work
2024/03/05 03:27:47 Coordinator status 1
2024/03/05 03:27:47 Order 17 finish Reduce
2024/03/05 03:27:48 Coordinator work
2024/03/05 03:27:48 Coordinator status 1
2024/03/05 03:27:48 Map: 8 done vs. 0 working, Reduce 10 done vs. 0 working
2024/03/05 03:27:48 forward: forward to done phase
2024/03/05 03:27:48 Coordinator work
2024/03/05 03:27:48 Coordinator status 2
