2024/03/05 02:22:40 making map order &{0 [../pg-being_ernest.txt] 0 10}
2024/03/05 02:22:40 making map order &{0 [../pg-dorian_gray.txt] 1 10}
2024/03/05 02:22:40 making map order &{0 [../pg-frankenstein.txt] 2 10}
2024/03/05 02:22:40 making map order &{0 [../pg-grimm.txt] 3 10}
2024/03/05 02:22:40 making map order &{0 [../pg-huckleberry_finn.txt] 4 10}
2024/03/05 02:22:40 making map order &{0 [../pg-metamorphosis.txt] 5 10}
2024/03/05 02:22:40 making map order &{0 [../pg-sherlock_holmes.txt] 6 10}
2024/03/05 02:22:40 making map order &{0 [../pg-tom_sawyer.txt] 7 10}
2024/03/05 02:22:40 done with make map order
2024/03/05 02:22:40 Map: 0 done vs. 8 working, Reduce 0 done vs. 0 working
2024/03/05 02:22:41 Coordinator work
2024/03/05 02:22:41 Coordinator status 0
2024/03/05 02:22:41 Coordinator work
2024/03/05 02:22:41 Coordinator status 0
2024/03/05 02:22:41 IsDone &{0 2024-03-05 02:22:41.983668317 +0800 CST m=+1.022745893 0xc0000a3e60} true
2024/03/05 02:22:41 Order 0 finish Map
2024/03/05 02:22:41 Coordinator work
2024/03/05 02:22:41 Coordinator status 0
2024/03/05 02:22:42 Coordinator work
2024/03/05 02:22:42 Coordinator status 0
2024/03/05 02:22:42 IsDone &{0 2024-03-05 02:22:41.995543036 +0800 CST m=+1.034620619 0xc0000a3ef0} true
2024/03/05 02:22:42 Order 1 finish Map
2024/03/05 02:22:42 Coordinator work
2024/03/05 02:22:42 Coordinator status 0
2024/03/05 02:22:43 Coordinator work
2024/03/05 02:22:43 Coordinator status 0
2024/03/05 02:22:43 Coordinator work
2024/03/05 02:22:43 Coordinator status 0
2024/03/05 02:22:44 Coordinator work
2024/03/05 02:22:44 Coordinator status 0
2024/03/05 02:22:44 Coordinator work
2024/03/05 02:22:44 Coordinator status 0
2024/03/05 02:22:44 Map: 2 done vs. 6 working, Reduce 0 done vs. 0 working
2024/03/05 02:22:45 Coordinator work
2024/03/05 02:22:45 Coordinator status 0
2024/03/05 02:22:45 Map: 2 done vs. 6 working, Reduce 0 done vs. 0 working
2024/03/05 02:22:46 Coordinator work
2024/03/05 02:22:46 Coordinator status 0
2024/03/05 02:22:46 Map: 2 done vs. 6 working, Reduce 0 done vs. 0 working
2024/03/05 02:22:47 IsDone &{0 2024-03-05 02:22:41.996417286 +0800 CST m=+1.035494865 0xc0000a3f80} true
2024/03/05 02:22:47 Order 2 finish Map
2024/03/05 02:22:47 Coordinator work
2024/03/05 02:22:47 Coordinator status 0
2024/03/05 02:22:47 Map: 3 done vs. 5 working, Reduce 0 done vs. 0 working
2024/03/05 02:22:48 Coordinator work
2024/03/05 02:22:48 Coordinator status 0
2024/03/05 02:22:48 Map: 3 done vs. 5 working, Reduce 0 done vs. 0 working
2024/03/05 02:22:48 Coordinator work
2024/03/05 02:22:48 Coordinator status 0
2024/03/05 02:22:48 Map: 3 done vs. 5 working, Reduce 0 done vs. 0 working
2024/03/05 02:22:49 Coordinator work
2024/03/05 02:22:49 Coordinator status 0
2024/03/05 02:22:49 Map: 3 done vs. 5 working, Reduce 0 done vs. 0 working
2024/03/05 02:22:50 Coordinator work
2024/03/05 02:22:50 Coordinator status 0
2024/03/05 02:22:50 Map: 3 done vs. 5 working, Reduce 0 done vs. 0 working
2024/03/05 02:22:50 Coordinator work
2024/03/05 02:22:50 Coordinator status 0
2024/03/05 02:22:50 Map: 3 done vs. 5 working, Reduce 0 done vs. 0 working
2024/03/05 02:22:51 Coordinator work
2024/03/05 02:22:51 Coordinator status 0
2024/03/05 02:22:51 Map: 3 done vs. 5 working, Reduce 0 done vs. 0 working
2024/03/05 02:22:52 Coordinator work
2024/03/05 02:22:52 Coordinator status 0
2024/03/05 02:22:52 Map: 3 done vs. 5 working, Reduce 0 done vs. 0 working
2024/03/05 02:22:52 Coordinator work
2024/03/05 02:22:52 Coordinator status 0
2024/03/05 02:22:52 Map: 3 done vs. 5 working, Reduce 0 done vs. 0 working
2024/03/05 02:22:52 Coordiantor restart Map order 3
2024/03/05 02:22:53 Coordinator work
2024/03/05 02:22:53 Coordinator status 0
2024/03/05 02:22:53 IsDone &{0 2024-03-05 02:22:53.134513522 +0800 CST m=+12.173591095 0xc00011a030} true
2024/03/05 02:22:53 Order 3 finish Map
2024/03/05 02:22:53 Coordiantor restart Map order 4
2024/03/05 02:22:53 Coordiantor restart Map order 5
2024/03/05 02:22:53 Coordiantor restart Map order 6
2024/03/05 02:22:54 Coordinator work
2024/03/05 02:22:54 Coordinator status 0
2024/03/05 02:22:54 Coordinator work
2024/03/05 02:22:54 Coordinator status 0
2024/03/05 02:22:54 Coordinator work
2024/03/05 02:22:54 Coordinator status 0
2024/03/05 02:22:54 Coordiantor restart Map order 7
2024/03/05 02:22:55 Coordinator work
2024/03/05 02:22:55 Coordinator status 0
2024/03/05 02:22:55 Coordinator work
2024/03/05 02:22:55 Coordinator status 0
2024/03/05 02:22:55 Map: 4 done vs. 4 working, Reduce 0 done vs. 0 working
2024/03/05 02:22:55 Coordinator work
2024/03/05 02:22:55 Coordinator status 0
2024/03/05 02:22:55 Map: 4 done vs. 4 working, Reduce 0 done vs. 0 working
2024/03/05 02:22:56 Coordinator work
2024/03/05 02:22:56 Coordinator status 0
2024/03/05 02:22:56 Map: 4 done vs. 4 working, Reduce 0 done vs. 0 working
2024/03/05 02:22:57 Coordinator work
2024/03/05 02:22:57 Coordinator status 0
2024/03/05 02:22:57 Map: 4 done vs. 4 working, Reduce 0 done vs. 0 working
2024/03/05 02:22:57 Coordinator work
2024/03/05 02:22:57 Coordinator status 0
2024/03/05 02:22:57 Map: 4 done vs. 4 working, Reduce 0 done vs. 0 working
2024/03/05 02:22:58 Coordinator work
2024/03/05 02:22:58 Coordinator status 0
2024/03/05 02:22:58 Map: 4 done vs. 4 working, Reduce 0 done vs. 0 working
2024/03/05 02:22:59 Coordinator work
2024/03/05 02:22:59 Coordinator status 0
2024/03/05 02:22:59 Map: 4 done vs. 4 working, Reduce 0 done vs. 0 working
2024/03/05 02:22:59 Coordinator work
2024/03/05 02:22:59 Coordinator status 0
2024/03/05 02:22:59 Map: 4 done vs. 4 working, Reduce 0 done vs. 0 working
2024/03/05 02:23:00 Coordinator work
2024/03/05 02:23:00 Coordinator status 0
2024/03/05 02:23:00 Map: 4 done vs. 4 working, Reduce 0 done vs. 0 working
2024/03/05 02:23:01 Coordinator work
2024/03/05 02:23:01 Coordinator status 0
2024/03/05 02:23:01 Map: 4 done vs. 4 working, Reduce 0 done vs. 0 working
2024/03/05 02:23:01 Coordinator work
2024/03/05 02:23:01 Coordinator status 0
2024/03/05 02:23:01 Map: 4 done vs. 4 working, Reduce 0 done vs. 0 working
2024/03/05 02:23:02 Coordinator work
2024/03/05 02:23:02 Coordinator status 0
2024/03/05 02:23:02 Map: 4 done vs. 4 working, Reduce 0 done vs. 0 working
2024/03/05 02:23:03 Coordinator work
2024/03/05 02:23:03 Coordinator status 0
2024/03/05 02:23:03 Map: 4 done vs. 4 working, Reduce 0 done vs. 0 working
2024/03/05 02:23:03 Coordinator work
2024/03/05 02:23:03 Coordinator status 0
2024/03/05 02:23:03 Map: 4 done vs. 4 working, Reduce 0 done vs. 0 working
2024/03/05 02:23:04 Coordinator work
2024/03/05 02:23:04 Coordinator status 0
2024/03/05 02:23:04 Map: 4 done vs. 4 working, Reduce 0 done vs. 0 working
2024/03/05 02:23:04 Coordiantor restart Map order 4
2024/03/05 02:23:04 Coordiantor restart Map order 5
2024/03/05 02:23:04 Coordiantor restart Map order 6
2024/03/05 02:23:05 Coordinator work
2024/03/05 02:23:05 Coordinator status 0
2024/03/05 02:23:05 IsDone &{0 2024-03-05 02:23:05.197882477 +0800 CST m=+24.236960055 0xc00011a0c0} true
2024/03/05 02:23:05 Order 4 finish Map
2024/03/05 02:23:05 Coordinator work
2024/03/05 02:23:05 Coordinator status 0
2024/03/05 02:23:05 Coordiantor restart Map order 7
2024/03/05 02:23:06 Coordinator work
2024/03/05 02:23:06 Coordinator status 0
2024/03/05 02:23:06 Coordinator work
2024/03/05 02:23:06 Coordinator status 0
2024/03/05 02:23:07 Coordinator work
2024/03/05 02:23:07 Coordinator status 0
2024/03/05 02:23:07 Map: 5 done vs. 3 working, Reduce 0 done vs. 0 working
2024/03/05 02:23:08 IsDone &{0 2024-03-05 02:23:06.103708644 +0800 CST m=+25.142786219 0xc00011a1e0} true
2024/03/05 02:23:08 Order 6 finish Map
2024/03/05 02:23:09 Coordinator work
2024/03/05 02:23:09 Coordinator status 0
2024/03/05 02:23:09 Map: 6 done vs. 2 working, Reduce 0 done vs. 0 working
2024/03/05 02:23:09 Coordinator work
2024/03/05 02:23:09 Coordinator status 0
2024/03/05 02:23:09 Map: 6 done vs. 2 working, Reduce 0 done vs. 0 working
2024/03/05 02:23:11 Coordinator work
2024/03/05 02:23:11 Coordinator status 0
2024/03/05 02:23:11 Map: 6 done vs. 2 working, Reduce 0 done vs. 0 working
2024/03/05 02:23:11 Coordinator work
2024/03/05 02:23:11 Coordinator status 0
2024/03/05 02:23:11 Map: 6 done vs. 2 working, Reduce 0 done vs. 0 working
2024/03/05 02:23:13 Coordinator work
2024/03/05 02:23:13 Coordinator status 0
2024/03/05 02:23:13 Map: 6 done vs. 2 working, Reduce 0 done vs. 0 working
2024/03/05 02:23:13 IsDone &{0 2024-03-05 02:23:05.961237172 +0800 CST m=+25.000314748 0xc00011a150} true
2024/03/05 02:23:13 Order 5 finish Map
2024/03/05 02:23:13 Coordinator work
2024/03/05 02:23:13 Coordinator status 0
2024/03/05 02:23:13 Map: 7 done vs. 1 working, Reduce 0 done vs. 0 working
2024/03/05 02:23:14 Coordinator work
2024/03/05 02:23:14 Coordinator status 0
2024/03/05 02:23:14 Map: 7 done vs. 1 working, Reduce 0 done vs. 0 working
2024/03/05 02:23:15 Coordinator work
2024/03/05 02:23:15 Coordinator status 0
2024/03/05 02:23:15 Map: 7 done vs. 1 working, Reduce 0 done vs. 0 working
2024/03/05 02:23:15 Coordinator work
2024/03/05 02:23:15 Coordinator status 0
2024/03/05 02:23:15 Map: 7 done vs. 1 working, Reduce 0 done vs. 0 working
2024/03/05 02:23:16 Coordinator work
2024/03/05 02:23:16 Coordinator status 0
2024/03/05 02:23:16 Map: 7 done vs. 1 working, Reduce 0 done vs. 0 working
2024/03/05 02:23:16 Coordiantor restart Map order 7
2024/03/05 02:23:17 Coordinator work
2024/03/05 02:23:17 Coordinator status 0
2024/03/05 02:23:17 IsDone &{0 2024-03-05 02:23:17.270996566 +0800 CST m=+36.310074146 0xc00011a270} true
2024/03/05 02:23:17 Order 7 finish Map
2024/03/05 02:23:17 Coordinator work
2024/03/05 02:23:17 Coordinator status 0
2024/03/05 02:23:17 Map: 8 done vs. 0 working, Reduce 0 done vs. 0 working
2024/03/05 02:23:17 forward: forward to Reuce Phase
2024/03/05 02:23:17 making reduce order : 8
2024/03/05 02:23:17 making reduce order : 9
2024/03/05 02:23:17 making reduce order : 10
2024/03/05 02:23:17 making reduce order : 11
2024/03/05 02:23:17 making reduce order : 12
2024/03/05 02:23:17 making reduce order : 13
2024/03/05 02:23:17 making reduce order : 14
2024/03/05 02:23:17 making reduce order : 15
2024/03/05 02:23:17 making reduce order : 16
2024/03/05 02:23:17 making reduce order : 17
2024/03/05 02:23:17 done with make reduce order
2024/03/05 02:23:17 Map: 8 done vs. 0 working, Reduce 0 done vs. 10 working
2024/03/05 02:23:18 Coordinator work
2024/03/05 02:23:18 Coordinator status 1
2024/03/05 02:23:18 Coordinator work
2024/03/05 02:23:18 Coordinator status 1
2024/03/05 02:23:18 Order 9 finish Reduce
2024/03/05 02:23:19 Order 8 finish Reduce
2024/03/05 02:23:19 Coordinator work
2024/03/05 02:23:19 Coordinator status 1
2024/03/05 02:23:19 Order 10 finish Reduce
2024/03/05 02:23:19 Coordinator work
2024/03/05 02:23:19 Coordinator status 1
2024/03/05 02:23:19 Order 11 finish Reduce
2024/03/05 02:23:20 Coordinator work
2024/03/05 02:23:20 Coordinator status 1
2024/03/05 02:23:20 Order 12 finish Reduce
2024/03/05 02:23:20 Coordinator work
2024/03/05 02:23:20 Coordinator status 1
2024/03/05 02:23:20 Order 13 finish Reduce
2024/03/05 02:23:20 Coordinator work
2024/03/05 02:23:20 Coordinator status 1
2024/03/05 02:23:20 Order 14 finish Reduce
2024/03/05 02:23:21 Coordinator work
2024/03/05 02:23:21 Coordinator status 1
2024/03/05 02:23:21 Order 15 finish Reduce
2024/03/05 02:23:21 Coordinator work
2024/03/05 02:23:21 Coordinator status 1
2024/03/05 02:23:21 Order 16 finish Reduce
2024/03/05 02:23:21 Coordinator work
2024/03/05 02:23:21 Coordinator status 1
2024/03/05 02:23:21 Order 17 finish Reduce
2024/03/05 02:23:22 Coordinator work
2024/03/05 02:23:22 Coordinator status 1
2024/03/05 02:23:22 Map: 8 done vs. 0 working, Reduce 10 done vs. 0 working
2024/03/05 02:23:22 forward: forward to done phase
2024/03/05 02:23:22 Coordinator work
2024/03/05 02:23:22 Coordinator status 2
2024/03/05 02:23:22 Coordinator work
2024/03/05 02:23:22 Coordinator status 2
