2024/03/05 02:07:40 making map order &{0 [../pg-being_ernest.txt] 0 10}
2024/03/05 02:07:40 making map order &{0 [../pg-dorian_gray.txt] 1 10}
2024/03/05 02:07:40 making map order &{0 [../pg-frankenstein.txt] 2 10}
2024/03/05 02:07:40 making map order &{0 [../pg-grimm.txt] 3 10}
2024/03/05 02:07:40 making map order &{0 [../pg-huckleberry_finn.txt] 4 10}
2024/03/05 02:07:40 making map order &{0 [../pg-metamorphosis.txt] 5 10}
2024/03/05 02:07:40 making map order &{0 [../pg-sherlock_holmes.txt] 6 10}
2024/03/05 02:07:40 making map order &{0 [../pg-tom_sawyer.txt] 7 10}
2024/03/05 02:07:40 done with make map order
2024/03/05 02:07:40 Map: 0 done vs. 8 working, Reduce 0 done vs. 0 working
2024/03/05 02:07:41 Coordinator work
2024/03/05 02:07:41 Coordinator status 0
2024/03/05 02:07:41 IsDone &{0 2024-03-05 02:07:41.718064913 +0800 CST m=+1.024379432 0xc00009dda0} true
2024/03/05 02:07:41 Order 0 finish Map
2024/03/05 02:07:41 Coordinator work
2024/03/05 02:07:41 Coordinator status 0
2024/03/05 02:07:41 Coordinator work
2024/03/05 02:07:41 Coordinator status 0
2024/03/05 02:07:41 IsDone &{0 2024-03-05 02:07:41.726120076 +0800 CST m=+1.032434600 0xc00009de30} true
2024/03/05 02:07:41 Order 1 finish Map
2024/03/05 02:07:41 IsDone &{0 2024-03-05 02:07:41.740993211 +0800 CST m=+1.047307736 0xc00009dec0} true
2024/03/05 02:07:41 Order 2 finish Map
2024/03/05 02:07:42 Coordinator work
2024/03/05 02:07:42 Coordinator status 0
2024/03/05 02:07:42 IsDone &{0 2024-03-05 02:07:42.726714245 +0800 CST m=+2.033028765 0xc00009df50} true
2024/03/05 02:07:42 Order 3 finish Map
2024/03/05 02:07:42 Coordinator work
2024/03/05 02:07:42 Coordinator status 0
2024/03/05 02:07:42 Coordinator work
2024/03/05 02:07:42 Coordinator status 0
2024/03/05 02:07:42 IsDone &{0 2024-03-05 02:07:42.756884673 +0800 CST m=+2.063199194 0xc000118090} true
2024/03/05 02:07:42 Order 5 finish Map
2024/03/05 02:07:42 IsDone &{0 2024-03-05 02:07:42.750378793 +0800 CST m=+2.056693313 0xc000118000} true
2024/03/05 02:07:42 Order 4 finish Map
2024/03/05 02:07:43 Coordinator work
2024/03/05 02:07:43 Coordinator status 0
2024/03/05 02:07:43 Coordinator work
2024/03/05 02:07:43 Coordinator status 0
2024/03/05 02:07:43 IsDone &{0 2024-03-05 02:07:43.745343221 +0800 CST m=+3.051657747 0xc000118120} true
2024/03/05 02:07:43 Order 6 finish Map
2024/03/05 02:07:43 Coordinator work
2024/03/05 02:07:43 Coordinator status 0
2024/03/05 02:07:43 Map: 7 done vs. 1 working, Reduce 0 done vs. 0 working
2024/03/05 02:07:43 IsDone &{0 2024-03-05 02:07:43.765988554 +0800 CST m=+3.072303079 0xc0001181b0} true
2024/03/05 02:07:43 Order 7 finish Map
2024/03/05 02:07:44 Coordinator work
2024/03/05 02:07:44 Coordinator status 0
2024/03/05 02:07:44 Map: 8 done vs. 0 working, Reduce 0 done vs. 0 working
2024/03/05 02:07:44 forward: forward to Reuce Phase
2024/03/05 02:07:44 making reduce order : 8
2024/03/05 02:07:44 making reduce order : 9
2024/03/05 02:07:44 making reduce order : 10
2024/03/05 02:07:44 making reduce order : 11
2024/03/05 02:07:44 making reduce order : 12
2024/03/05 02:07:44 making reduce order : 13
2024/03/05 02:07:44 making reduce order : 14
2024/03/05 02:07:44 making reduce order : 15
2024/03/05 02:07:44 making reduce order : 16
2024/03/05 02:07:44 making reduce order : 17
2024/03/05 02:07:44 done with make reduce order
2024/03/05 02:07:44 Map: 8 done vs. 0 working, Reduce 0 done vs. 10 working
2024/03/05 02:07:44 Coordinator work
2024/03/05 02:07:44 Coordinator status 1
2024/03/05 02:07:44 Order 8 finish Reduce
2024/03/05 02:07:45 Coordinator work
2024/03/05 02:07:45 Coordinator status 1
2024/03/05 02:07:45 Order 9 finish Reduce
2024/03/05 02:07:45 Coordinator work
2024/03/05 02:07:45 Coordinator status 1
2024/03/05 02:07:46 Coordinator work
2024/03/05 02:07:46 Coordinator status 1
2024/03/05 02:07:46 Coordinator work
2024/03/05 02:07:46 Coordinator status 1
2024/03/05 02:07:46 Order 11 finish Reduce
2024/03/05 02:07:46 Order 12 finish Reduce
2024/03/05 02:07:47 Coordinator work
2024/03/05 02:07:47 Coordinator status 1
2024/03/05 02:07:47 Coordinator work
2024/03/05 02:07:47 Coordinator status 1
2024/03/05 02:07:47 Order 13 finish Reduce
2024/03/05 02:07:48 Order 10 finish Reduce
2024/03/05 02:07:48 Coordinator work
2024/03/05 02:07:48 Coordinator status 1
2024/03/05 02:07:48 Order 15 finish Reduce
2024/03/05 02:07:49 Coordinator work
2024/03/05 02:07:49 Coordinator status 1
2024/03/05 02:07:49 Order 16 finish Reduce
2024/03/05 02:07:49 Coordinator work
2024/03/05 02:07:49 Coordinator status 1
2024/03/05 02:07:49 Order 17 finish Reduce
2024/03/05 02:07:50 Order 14 finish Reduce
2024/03/05 02:07:50 Coordinator work
2024/03/05 02:07:50 Coordinator status 1
2024/03/05 02:07:50 Map: 8 done vs. 0 working, Reduce 10 done vs. 0 working
2024/03/05 02:07:50 forward: forward to done phase
2024/03/05 02:07:50 Coordinator work
2024/03/05 02:07:50 Coordinator status 2
2024/03/05 02:07:51 Coordinator work
2024/03/05 02:07:51 Coordinator status 2
