2024/03/05 07:22:52 making map order &{0 [../pg-being_ernest.txt] 0 10}
2024/03/05 07:22:52 making map order &{0 [../pg-dorian_gray.txt] 1 10}
2024/03/05 07:22:52 making map order &{0 [../pg-frankenstein.txt] 2 10}
2024/03/05 07:22:52 making map order &{0 [../pg-grimm.txt] 3 10}
2024/03/05 07:22:52 making map order &{0 [../pg-huckleberry_finn.txt] 4 10}
2024/03/05 07:22:52 making map order &{0 [../pg-metamorphosis.txt] 5 10}
2024/03/05 07:22:52 making map order &{0 [../pg-sherlock_holmes.txt] 6 10}
2024/03/05 07:22:52 making map order &{0 [../pg-tom_sawyer.txt] 7 10}
2024/03/05 07:22:52 done with make map order
2024/03/05 07:22:52 Map: 0 done vs. 8 working, Reduce 0 done vs. 0 working
2024/03/05 07:22:53 Coordinator work
2024/03/05 07:22:53 Coordinator status 0
2024/03/05 07:22:53 Coordinator work
2024/03/05 07:22:53 Coordinator status 0
2024/03/05 07:22:54 IsDone &{0 2024-03-05 07:22:53.282586829 +0800 CST m=+1.023279250 0xc0000a3e00} true
2024/03/05 07:22:54 Order 0 finish Map
2024/03/05 07:22:54 IsDone &{0 2024-03-05 07:22:53.287857496 +0800 CST m=+1.028549917 0xc0000a3e90} true
2024/03/05 07:22:54 Order 1 finish Map
2024/03/05 07:22:55 Coordinator work
2024/03/05 07:22:55 Coordinator status 0
2024/03/05 07:22:55 Coordinator work
2024/03/05 07:22:55 Coordinator status 0
2024/03/05 07:22:56 IsDone &{0 2024-03-05 07:22:55.295295028 +0800 CST m=+3.035987510 0xc0000a3f20} true
2024/03/05 07:22:56 Order 2 finish Map
2024/03/05 07:22:56 IsDone &{0 2024-03-05 07:22:55.310637121 +0800 CST m=+3.051329544 0xc0000a3fb0} true
2024/03/05 07:22:56 Order 3 finish Map
2024/03/05 07:22:57 Coordinator work
2024/03/05 07:22:57 Coordinator status 0
2024/03/05 07:22:57 Coordinator work
2024/03/05 07:22:57 Coordinator status 0
2024/03/05 07:22:58 IsDone &{0 2024-03-05 07:22:57.31183626 +0800 CST m=+5.052528683 0xc00011a060} true
2024/03/05 07:22:58 Order 4 finish Map
2024/03/05 07:22:58 IsDone &{0 2024-03-05 07:22:57.326999492 +0800 CST m=+5.067691916 0xc00011a0f0} true
2024/03/05 07:22:58 Order 5 finish Map
2024/03/05 07:22:59 Coordinator work
2024/03/05 07:22:59 Coordinator status 0
2024/03/05 07:22:59 Coordinator work
2024/03/05 07:22:59 Coordinator status 0
2024/03/05 07:23:00 IsDone &{0 2024-03-05 07:22:59.335502864 +0800 CST m=+7.076195288 0xc00011a180} true
2024/03/05 07:23:00 Order 6 finish Map
2024/03/05 07:23:00 IsDone &{0 2024-03-05 07:22:59.339155512 +0800 CST m=+7.079847933 0xc00011a210} true
2024/03/05 07:23:00 Order 7 finish Map
2024/03/05 07:23:01 Coordinator work
2024/03/05 07:23:01 Coordinator status 0
2024/03/05 07:23:01 Map: 8 done vs. 0 working, Reduce 0 done vs. 0 working
2024/03/05 07:23:01 forward: forward to Reuce Phase
2024/03/05 07:23:01 making reduce order : 8
2024/03/05 07:23:01 making reduce order : 9
2024/03/05 07:23:01 making reduce order : 10
2024/03/05 07:23:01 making reduce order : 11
2024/03/05 07:23:01 making reduce order : 12
2024/03/05 07:23:01 making reduce order : 13
2024/03/05 07:23:01 making reduce order : 14
2024/03/05 07:23:01 making reduce order : 15
2024/03/05 07:23:01 making reduce order : 16
2024/03/05 07:23:01 making reduce order : 17
2024/03/05 07:23:01 Coordinator work
2024/03/05 07:23:01 done with make reduce order
2024/03/05 07:23:01 Map: 8 done vs. 0 working, Reduce 0 done vs. 10 working
2024/03/05 07:23:01 Coordinator status 1
2024/03/05 07:23:01 Order 8 finish Reduce
2024/03/05 07:23:02 Coordinator work
2024/03/05 07:23:02 Coordinator status 1
2024/03/05 07:23:02 Order 9 finish Reduce
2024/03/05 07:23:03 Coordinator work
2024/03/05 07:23:03 Coordinator status 1
2024/03/05 07:23:03 Order 10 finish Reduce
2024/03/05 07:23:03 Coordinator work
2024/03/05 07:23:03 Coordinator status 1
2024/03/05 07:23:03 Order 11 finish Reduce
2024/03/05 07:23:04 Coordinator work
2024/03/05 07:23:04 Coordinator status 1
2024/03/05 07:23:04 Order 12 finish Reduce
2024/03/05 07:23:04 Coordinator work
2024/03/05 07:23:04 Coordinator status 1
2024/03/05 07:23:04 Order 13 finish Reduce
2024/03/05 07:23:05 Coordinator work
2024/03/05 07:23:05 Coordinator status 1
2024/03/05 07:23:05 Order 14 finish Reduce
2024/03/05 07:23:05 Coordinator work
2024/03/05 07:23:05 Coordinator status 1
2024/03/05 07:23:05 Order 15 finish Reduce
2024/03/05 07:23:06 Coordinator work
2024/03/05 07:23:06 Coordinator status 1
2024/03/05 07:23:06 Order 16 finish Reduce
2024/03/05 07:23:06 Coordinator work
2024/03/05 07:23:06 Coordinator status 1
2024/03/05 07:23:06 Order 17 finish Reduce
2024/03/05 07:23:07 Coordinator work
2024/03/05 07:23:07 Coordinator status 1
2024/03/05 07:23:07 Map: 8 done vs. 0 working, Reduce 10 done vs. 0 working
2024/03/05 07:23:07 forward: forward to done phase
2024/03/05 07:23:07 Coordinator work
2024/03/05 07:23:07 Coordinator status 2
