2024/03/04 22:37:42 making map order &{0 [../pg-being_ernest.txt] 0 10}
2024/03/04 22:37:42 making map order &{0 [../pg-dorian_gray.txt] 1 10}
2024/03/04 22:37:42 making map order &{0 [../pg-frankenstein.txt] 2 10}
2024/03/04 22:37:42 making map order &{0 [../pg-grimm.txt] 3 10}
2024/03/04 22:37:42 making map order &{0 [../pg-huckleberry_finn.txt] 4 10}
2024/03/04 22:37:42 making map order &{0 [../pg-metamorphosis.txt] 5 10}
2024/03/04 22:37:42 making map order &{0 [../pg-sherlock_holmes.txt] 6 10}
2024/03/04 22:37:42 making map order &{0 [../pg-tom_sawyer.txt] 7 10}
2024/03/04 22:37:42 done with make map order
2024/03/04 22:37:42 Map: 0 done vs. 8 working, Reduce 0 done vs. 0 working
2024/03/04 22:37:43 Coordinator work
2024/03/04 22:37:43 Coordinator status 0
2024/03/04 22:37:43 Coordinator work
2024/03/04 22:37:43 Coordinator status 0
2024/03/04 22:37:43 Coordinator work
2024/03/04 22:37:43 Coordinator status 0
2024/03/04 22:37:44 IsDone &{0 2024-03-04 22:37:43.877616138 +0800 CST m=+1.015458098 0xc00009dfb0} true
2024/03/04 22:37:44 Order 0 finish Map
2024/03/04 22:37:45 Coordinator work
2024/03/04 22:37:45 Coordinator status 0
2024/03/04 22:37:45 IsDone &{0 2024-03-04 22:37:43.88552941 +0800 CST m=+1.023371372 0xc00011a060} true
2024/03/04 22:37:45 Order 1 finish Map
2024/03/04 22:37:45 IsDone &{0 2024-03-04 22:37:43.891571923 +0800 CST m=+1.029413886 0xc00011a0f0} true
2024/03/04 22:37:45 Order 2 finish Map
2024/03/04 22:37:46 Coordinator work
2024/03/04 22:37:46 Coordinator status 0
2024/03/04 22:37:46 Coordinator work
2024/03/04 22:37:46 Coordinator status 0
2024/03/04 22:37:47 IsDone &{0 2024-03-04 22:37:45.511317985 +0800 CST m=+2.649159949 0xc00011a180} true
2024/03/04 22:37:47 Order 3 finish Map
2024/03/04 22:37:47 IsDone &{0 2024-03-04 22:37:46.744813676 +0800 CST m=+3.882655638 0xc00011a2a0} true
2024/03/04 22:37:47 Order 5 finish Map
2024/03/04 22:37:48 Coordinator work
2024/03/04 22:37:48 Coordinator status 0
2024/03/04 22:37:48 Coordinator work
2024/03/04 22:37:48 Coordinator status 0
2024/03/04 22:37:48 IsDone &{0 2024-03-04 22:37:46.661173798 +0800 CST m=+3.799015762 0xc00011a210} true
2024/03/04 22:37:48 Order 4 finish Map
2024/03/04 22:37:49 Coordinator work
2024/03/04 22:37:49 Coordinator status 0
2024/03/04 22:37:49 Map: 6 done vs. 2 working, Reduce 0 done vs. 0 working
2024/03/04 22:37:49 IsDone &{0 2024-03-04 22:37:48.276256279 +0800 CST m=+5.414098243 0xc00011a3c0} true
2024/03/04 22:37:49 Order 7 finish Map
2024/03/04 22:37:50 IsDone &{0 2024-03-04 22:37:48.169413932 +0800 CST m=+5.307255894 0xc00011a330} true
2024/03/04 22:37:50 Order 6 finish Map
2024/03/04 22:37:50 Coordinator work
2024/03/04 22:37:50 Coordinator status 0
2024/03/04 22:37:50 Map: 8 done vs. 0 working, Reduce 0 done vs. 0 working
2024/03/04 22:37:50 forward: forward to Reuce Phase
2024/03/04 22:37:50 making reduce order : 8
2024/03/04 22:37:50 making reduce order : 9
2024/03/04 22:37:50 making reduce order : 10
2024/03/04 22:37:50 making reduce order : 11
2024/03/04 22:37:50 making reduce order : 12
2024/03/04 22:37:50 making reduce order : 13
2024/03/04 22:37:50 making reduce order : 14
2024/03/04 22:37:50 making reduce order : 15
2024/03/04 22:37:50 making reduce order : 16
2024/03/04 22:37:50 making reduce order : 17
2024/03/04 22:37:50 done with make reduce order
2024/03/04 22:37:50 Map: 8 done vs. 0 working, Reduce 0 done vs. 10 working
2024/03/04 22:37:51 Coordinator work
2024/03/04 22:37:51 Coordinator status 1
2024/03/04 22:37:51 Coordinator work
2024/03/04 22:37:51 Coordinator status 1
2024/03/04 22:37:51 Order 8 finish Reduce
2024/03/04 22:37:52 Order 9 finish Reduce
2024/03/04 22:37:52 Coordinator work
2024/03/04 22:37:52 Coordinator status 1
2024/03/04 22:37:52 Coordinator work
2024/03/04 22:37:52 Coordinator status 1
2024/03/04 22:37:53 Coordinator work
2024/03/04 22:37:53 Coordinator status 1
2024/03/04 22:37:53 Order 11 finish Reduce
2024/03/04 22:37:54 Order 12 finish Reduce
2024/03/04 22:37:54 Order 10 finish Reduce
2024/03/04 22:37:54 Coordinator work
2024/03/04 22:37:54 Coordinator status 1
2024/03/04 22:37:54 Order 13 finish Reduce
2024/03/04 22:37:55 Coordinator work
2024/03/04 22:37:55 Coordinator status 1
2024/03/04 22:37:55 Coordinator work
2024/03/04 22:37:55 Coordinator status 1
2024/03/04 22:37:55 Order 15 finish Reduce
2024/03/04 22:37:55 Coordinator work
2024/03/04 22:37:55 Coordinator status 1
2024/03/04 22:37:56 Order 14 finish Reduce
2024/03/04 22:37:56 Coordinator work
2024/03/04 22:37:56 Coordinator status 1
2024/03/04 22:37:57 Order 16 finish Reduce
2024/03/04 22:37:57 Coordinator work
2024/03/04 22:37:57 Coordinator status 1
2024/03/04 22:37:57 Map: 8 done vs. 0 working, Reduce 9 done vs. 1 working
2024/03/04 22:37:57 Order 17 finish Reduce
2024/03/04 22:37:58 Coordinator work
2024/03/04 22:37:58 Coordinator status 1
2024/03/04 22:37:58 Map: 8 done vs. 0 working, Reduce 10 done vs. 0 working
2024/03/04 22:37:58 forward: forward to done phase
2024/03/04 22:37:58 Coordinator work
2024/03/04 22:37:58 Coordinator status 2
2024/03/04 22:37:59 Coordinator work
2024/03/04 22:37:59 Coordinator status 2
