2024/03/05 07:42:21 making map order &{0 [../pg-being_ernest.txt] 0 10}
2024/03/05 07:42:21 making map order &{0 [../pg-dorian_gray.txt] 1 10}
2024/03/05 07:42:21 making map order &{0 [../pg-frankenstein.txt] 2 10}
2024/03/05 07:42:21 making map order &{0 [../pg-grimm.txt] 3 10}
2024/03/05 07:42:21 making map order &{0 [../pg-huckleberry_finn.txt] 4 10}
2024/03/05 07:42:21 making map order &{0 [../pg-metamorphosis.txt] 5 10}
2024/03/05 07:42:21 making map order &{0 [../pg-sherlock_holmes.txt] 6 10}
2024/03/05 07:42:21 making map order &{0 [../pg-tom_sawyer.txt] 7 10}
2024/03/05 07:42:21 done with make map order
2024/03/05 07:42:21 Map: 0 done vs. 8 working, Reduce 0 done vs. 0 working
2024/03/05 07:42:22 Coordinator work
2024/03/05 07:42:22 Coordinator status 0
2024/03/05 07:42:22 Coordinator work
2024/03/05 07:42:22 Coordinator status 0
2024/03/05 07:42:22 Coordinator work
2024/03/05 07:42:22 Coordinator status 0
2024/03/05 07:42:22 Coordinator work
2024/03/05 07:42:22 Coordinator status 0
2024/03/05 07:42:22 IsDone &{0 2024-03-05 07:42:22.191256161 +0800 CST m=+1.016729285 0xc00009dce0} true
2024/03/05 07:42:22 Order 0 finish Map
2024/03/05 07:42:23 Coordinator work
2024/03/05 07:42:23 Coordinator status 0
2024/03/05 07:42:23 Coordinator work
2024/03/05 07:42:23 Coordinator status 0
2024/03/05 07:42:23 IsDone &{0 2024-03-05 07:42:23.25255826 +0800 CST m=+2.078031381 0xc00009df20} true
2024/03/05 07:42:23 Order 4 finish Map
2024/03/05 07:42:23 Coordinator work
2024/03/05 07:42:23 Coordinator status 0
2024/03/05 07:42:24 Coordinator work
2024/03/05 07:42:24 Coordinator status 0
2024/03/05 07:42:24 Coordinator work
2024/03/05 07:42:24 Coordinator status 0
2024/03/05 07:42:24 Map: 2 done vs. 6 working, Reduce 0 done vs. 0 working
2024/03/05 07:42:25 Coordinator work
2024/03/05 07:42:25 Coordinator status 0
2024/03/05 07:42:25 Map: 2 done vs. 6 working, Reduce 0 done vs. 0 working
2024/03/05 07:42:26 Coordinator work
2024/03/05 07:42:26 Coordinator status 0
2024/03/05 07:42:26 Map: 2 done vs. 6 working, Reduce 0 done vs. 0 working
2024/03/05 07:42:27 Coordinator work
2024/03/05 07:42:27 Coordinator status 0
2024/03/05 07:42:27 Map: 2 done vs. 6 working, Reduce 0 done vs. 0 working
2024/03/05 07:42:28 IsDone &{0 2024-03-05 07:42:23.273831129 +0800 CST m=+2.099304248 0xc00009dfb0} true
2024/03/05 07:42:28 Order 5 finish Map
2024/03/05 07:42:28 Coordinator work
2024/03/05 07:42:28 Coordinator status 0
2024/03/05 07:42:28 Map: 3 done vs. 5 working, Reduce 0 done vs. 0 working
2024/03/05 07:42:29 Coordinator work
2024/03/05 07:42:29 Coordinator status 0
2024/03/05 07:42:29 Map: 3 done vs. 5 working, Reduce 0 done vs. 0 working
2024/03/05 07:42:29 Coordinator work
2024/03/05 07:42:29 Coordinator status 0
2024/03/05 07:42:29 Map: 3 done vs. 5 working, Reduce 0 done vs. 0 working
2024/03/05 07:42:30 Coordinator work
2024/03/05 07:42:30 Coordinator status 0
2024/03/05 07:42:30 Map: 3 done vs. 5 working, Reduce 0 done vs. 0 working
2024/03/05 07:42:31 IsDone &{0 2024-03-05 07:42:22.209851201 +0800 CST m=+1.035324325 0xc00009dd70} true
2024/03/05 07:42:31 Order 1 finish Map
2024/03/05 07:42:31 Coordinator work
2024/03/05 07:42:31 Coordinator status 0
2024/03/05 07:42:31 Map: 4 done vs. 4 working, Reduce 0 done vs. 0 working
2024/03/05 07:42:31 Coordinator work
2024/03/05 07:42:31 Coordinator status 0
2024/03/05 07:42:31 Map: 4 done vs. 4 working, Reduce 0 done vs. 0 working
2024/03/05 07:42:32 Coordinator work
2024/03/05 07:42:32 Coordinator status 0
2024/03/05 07:42:32 Map: 4 done vs. 4 working, Reduce 0 done vs. 0 working
2024/03/05 07:42:32 Coordinator work
2024/03/05 07:42:32 Coordinator status 0
2024/03/05 07:42:32 Map: 4 done vs. 4 working, Reduce 0 done vs. 0 working
2024/03/05 07:42:33 Coordiantor restart Map order 2
2024/03/05 07:42:33 Coordiantor restart Map order 3
2024/03/05 07:42:33 Coordinator work
2024/03/05 07:42:33 Coordinator status 0
2024/03/05 07:42:33 Coordinator work
2024/03/05 07:42:33 Coordinator status 0
2024/03/05 07:42:34 Coordiantor restart Map order 6
2024/03/05 07:42:34 Coordinator work
2024/03/05 07:42:34 Coordinator status 0
2024/03/05 07:42:34 Coordinator work
2024/03/05 07:42:34 Coordinator status 0
2024/03/05 07:42:34 Map: 4 done vs. 4 working, Reduce 0 done vs. 0 working
2024/03/05 07:42:34 IsDone &{0 2024-03-05 07:42:33.483282192 +0800 CST m=+12.308755318 0xc00009de90} true
2024/03/05 07:42:34 Order 3 finish Map
2024/03/05 07:42:35 Coordiantor restart Map order 7
2024/03/05 07:42:35 Coordinator work
2024/03/05 07:42:35 Coordinator status 0
2024/03/05 07:42:35 IsDone &{0 2024-03-05 07:42:35.964937386 +0800 CST m=+14.790410505 0xc00011a0f0} true
2024/03/05 07:42:35 Order 7 finish Map
2024/03/05 07:42:36 Coordinator work
2024/03/05 07:42:36 Coordinator status 0
2024/03/05 07:42:36 Map: 6 done vs. 2 working, Reduce 0 done vs. 0 working
2024/03/05 07:42:36 Coordinator work
2024/03/05 07:42:36 Coordinator status 0
2024/03/05 07:42:36 Map: 6 done vs. 2 working, Reduce 0 done vs. 0 working
2024/03/05 07:42:38 Coordinator work
2024/03/05 07:42:38 Coordinator status 0
2024/03/05 07:42:38 Map: 6 done vs. 2 working, Reduce 0 done vs. 0 working
2024/03/05 07:42:38 Coordinator work
2024/03/05 07:42:38 Coordinator status 0
2024/03/05 07:42:38 Map: 6 done vs. 2 working, Reduce 0 done vs. 0 working
2024/03/05 07:42:39 IsDone &{0 2024-03-05 07:42:33.324026876 +0800 CST m=+12.149499998 0xc00009de00} true
2024/03/05 07:42:39 Order 2 finish Map
2024/03/05 07:42:40 Coordinator work
2024/03/05 07:42:40 Coordinator status 0
2024/03/05 07:42:40 Map: 7 done vs. 1 working, Reduce 0 done vs. 0 working
2024/03/05 07:42:40 Coordinator work
2024/03/05 07:42:40 Coordinator status 0
2024/03/05 07:42:40 Map: 7 done vs. 1 working, Reduce 0 done vs. 0 working
2024/03/05 07:42:40 Coordinator work
2024/03/05 07:42:40 Coordinator status 0
2024/03/05 07:42:40 Map: 7 done vs. 1 working, Reduce 0 done vs. 0 working
2024/03/05 07:42:41 IsDone &{0 2024-03-05 07:42:34.258450452 +0800 CST m=+13.083923582 0xc00011a060} true
2024/03/05 07:42:41 Order 6 finish Map
2024/03/05 07:42:42 Coordinator work
2024/03/05 07:42:42 Coordinator status 0
2024/03/05 07:42:42 Map: 8 done vs. 0 working, Reduce 0 done vs. 0 working
2024/03/05 07:42:42 forward: forward to Reuce Phase
2024/03/05 07:42:42 making reduce order : 8
2024/03/05 07:42:42 making reduce order : 9
2024/03/05 07:42:42 making reduce order : 10
2024/03/05 07:42:42 making reduce order : 11
2024/03/05 07:42:42 making reduce order : 12
2024/03/05 07:42:42 making reduce order : 13
2024/03/05 07:42:42 making reduce order : 14
2024/03/05 07:42:42 making reduce order : 15
2024/03/05 07:42:42 making reduce order : 16
2024/03/05 07:42:42 making reduce order : 17
2024/03/05 07:42:42 done with make reduce order
2024/03/05 07:42:42 Map: 8 done vs. 0 working, Reduce 0 done vs. 10 working
2024/03/05 07:42:42 Coordinator work
2024/03/05 07:42:42 Coordinator status 1
2024/03/05 07:42:42 Order 8 finish Reduce
2024/03/05 07:42:42 Coordinator work
2024/03/05 07:42:42 Coordinator status 1
2024/03/05 07:42:42 Order 9 finish Reduce
2024/03/05 07:42:42 Coordinator work
2024/03/05 07:42:42 Coordinator status 1
2024/03/05 07:42:43 Coordinator work
2024/03/05 07:42:43 Coordinator status 1
2024/03/05 07:42:43 Order 11 finish Reduce
2024/03/05 07:42:43 Coordinator work
2024/03/05 07:42:43 Coordinator status 1
2024/03/05 07:42:43 Order 12 finish Reduce
2024/03/05 07:42:44 Coordinator work
2024/03/05 07:42:44 Coordinator status 1
2024/03/05 07:42:44 Coordinator work
2024/03/05 07:42:44 Coordinator status 1
2024/03/05 07:42:44 Order 14 finish Reduce
2024/03/05 07:42:44 Coordinator work
2024/03/05 07:42:44 Coordinator status 1
2024/03/05 07:42:44 Order 15 finish Reduce
2024/03/05 07:42:45 Coordinator work
2024/03/05 07:42:45 Coordinator status 1
2024/03/05 07:42:45 Order 16 finish Reduce
2024/03/05 07:42:45 Coordinator work
2024/03/05 07:42:45 Coordinator status 1
2024/03/05 07:42:45 Order 17 finish Reduce
2024/03/05 07:42:46 Coordinator work
2024/03/05 07:42:46 Coordinator status 1
2024/03/05 07:42:46 Map: 8 done vs. 0 working, Reduce 8 done vs. 2 working
2024/03/05 07:42:46 Coordinator work
2024/03/05 07:42:46 Coordinator status 1
2024/03/05 07:42:46 Map: 8 done vs. 0 working, Reduce 8 done vs. 2 working
2024/03/05 07:42:48 Coordinator work
2024/03/05 07:42:48 Coordinator status 1
2024/03/05 07:42:48 Map: 8 done vs. 0 working, Reduce 8 done vs. 2 working
2024/03/05 07:42:48 Coordinator work
2024/03/05 07:42:48 Coordinator status 1
2024/03/05 07:42:48 Map: 8 done vs. 0 working, Reduce 8 done vs. 2 working
2024/03/05 07:42:50 Coordinator work
2024/03/05 07:42:50 Coordinator status 1
2024/03/05 07:42:50 Map: 8 done vs. 0 working, Reduce 8 done vs. 2 working
2024/03/05 07:42:50 Coordinator work
2024/03/05 07:42:50 Coordinator status 1
2024/03/05 07:42:50 Map: 8 done vs. 0 working, Reduce 8 done vs. 2 working
2024/03/05 07:42:52 Order 10 finish Reduce
2024/03/05 07:42:52 Order 13 finish Reduce
2024/03/05 07:42:52 Coordinator work
2024/03/05 07:42:52 Coordinator status 1
2024/03/05 07:42:52 Map: 8 done vs. 0 working, Reduce 10 done vs. 0 working
2024/03/05 07:42:52 forward: forward to done phase
2024/03/05 07:42:52 Coordinator work
2024/03/05 07:42:52 Coordinator status 2
2024/03/05 07:42:53 Coordinator work
2024/03/05 07:42:53 Coordinator status 2
2024/03/05 07:42:53 Coordinator work
2024/03/05 07:42:53 Coordinator status 2
