2024/03/05 12:14:35 making map order &{0 [../pg-being_ernest.txt] 0 10}
2024/03/05 12:14:35 making map order &{0 [../pg-dorian_gray.txt] 1 10}
2024/03/05 12:14:35 making map order &{0 [../pg-frankenstein.txt] 2 10}
2024/03/05 12:14:35 making map order &{0 [../pg-grimm.txt] 3 10}
2024/03/05 12:14:35 making map order &{0 [../pg-huckleberry_finn.txt] 4 10}
2024/03/05 12:14:35 making map order &{0 [../pg-metamorphosis.txt] 5 10}
2024/03/05 12:14:35 making map order &{0 [../pg-sherlock_holmes.txt] 6 10}
2024/03/05 12:14:35 making map order &{0 [../pg-tom_sawyer.txt] 7 10}
2024/03/05 12:14:35 done with make map order
2024/03/05 12:14:35 Map: 0 done vs. 8 working, Reduce 0 done vs. 0 working
2024/03/05 12:14:36 Coordinator work
2024/03/05 12:14:36 Coordinator status 0
2024/03/05 12:14:36 Coordinator work
2024/03/05 12:14:36 Coordinator status 0
2024/03/05 12:14:37 IsDone &{0 2024-03-05 12:14:36.130160126 +0800 CST m=+1.054421379 0xc00007be30} true
2024/03/05 12:14:37 Order 1 finish Map
2024/03/05 12:14:37 IsDone &{0 2024-03-05 12:14:36.129810183 +0800 CST m=+1.054071438 0xc00007bda0} true
2024/03/05 12:14:37 Order 0 finish Map
2024/03/05 12:14:38 Coordinator work
2024/03/05 12:14:38 Coordinator status 0
2024/03/05 12:14:38 Coordinator work
2024/03/05 12:14:38 Coordinator status 0
2024/03/05 12:14:39 IsDone &{0 2024-03-05 12:14:38.152346382 +0800 CST m=+3.076607637 0xc00007bec0} true
2024/03/05 12:14:39 Order 2 finish Map
2024/03/05 12:14:39 IsDone &{0 2024-03-05 12:14:38.154019619 +0800 CST m=+3.078280870 0xc00007bf50} true
2024/03/05 12:14:39 Order 3 finish Map
2024/03/05 12:14:40 Coordinator work
2024/03/05 12:14:40 Coordinator status 0
2024/03/05 12:14:40 Coordinator work
2024/03/05 12:14:40 Coordinator status 0
2024/03/05 12:14:41 IsDone &{0 2024-03-05 12:14:40.169566197 +0800 CST m=+5.093827448 0xc00016a000} true
2024/03/05 12:14:41 Order 4 finish Map
2024/03/05 12:14:41 IsDone &{0 2024-03-05 12:14:40.186605679 +0800 CST m=+5.110866926 0xc00016a090} true
2024/03/05 12:14:41 Order 5 finish Map
2024/03/05 12:14:42 Coordinator work
2024/03/05 12:14:42 Coordinator status 0
2024/03/05 12:14:42 Coordinator work
2024/03/05 12:14:42 Coordinator status 0
2024/03/05 12:14:43 IsDone &{0 2024-03-05 12:14:42.197653578 +0800 CST m=+7.121914826 0xc00016a1b0} true
2024/03/05 12:14:43 Order 7 finish Map
2024/03/05 12:14:43 IsDone &{0 2024-03-05 12:14:42.197468763 +0800 CST m=+7.121730017 0xc00016a120} true
2024/03/05 12:14:43 Order 6 finish Map
2024/03/05 12:14:44 Coordinator work
2024/03/05 12:14:44 Coordinator status 0
2024/03/05 12:14:44 Map: 8 done vs. 0 working, Reduce 0 done vs. 0 working
2024/03/05 12:14:44 forward: forward to Reuce Phase
2024/03/05 12:14:44 making reduce order : 8
2024/03/05 12:14:44 making reduce order : 9
2024/03/05 12:14:44 making reduce order : 10
2024/03/05 12:14:44 making reduce order : 11
2024/03/05 12:14:44 Coordinator work
2024/03/05 12:14:44 making reduce order : 12
2024/03/05 12:14:44 making reduce order : 13
2024/03/05 12:14:44 making reduce order : 14
2024/03/05 12:14:44 making reduce order : 15
2024/03/05 12:14:44 making reduce order : 16
2024/03/05 12:14:44 making reduce order : 17
2024/03/05 12:14:44 done with make reduce order
2024/03/05 12:14:44 Map: 8 done vs. 0 working, Reduce 0 done vs. 10 working
2024/03/05 12:14:44 Coordinator status 1
2024/03/05 12:14:44 Order 8 finish Reduce
2024/03/05 12:14:45 Coordinator work
2024/03/05 12:14:45 Coordinator status 1
2024/03/05 12:14:45 Order 9 finish Reduce
2024/03/05 12:14:46 Coordinator work
2024/03/05 12:14:46 Coordinator status 1
2024/03/05 12:14:46 Order 10 finish Reduce
2024/03/05 12:14:46 Coordinator work
2024/03/05 12:14:46 Coordinator status 1
2024/03/05 12:14:46 Order 11 finish Reduce
2024/03/05 12:14:47 Coordinator work
2024/03/05 12:14:47 Coordinator status 1
2024/03/05 12:14:47 Order 12 finish Reduce
2024/03/05 12:14:47 Coordinator work
2024/03/05 12:14:47 Coordinator status 1
2024/03/05 12:14:47 Order 13 finish Reduce
2024/03/05 12:14:48 Coordinator work
2024/03/05 12:14:48 Coordinator status 1
2024/03/05 12:14:48 Order 14 finish Reduce
2024/03/05 12:14:48 Coordinator work
2024/03/05 12:14:48 Coordinator status 1
2024/03/05 12:14:48 Order 15 finish Reduce
2024/03/05 12:14:49 Coordinator work
2024/03/05 12:14:49 Coordinator status 1
2024/03/05 12:14:49 Order 16 finish Reduce
2024/03/05 12:14:49 Coordinator work
2024/03/05 12:14:49 Coordinator status 1
2024/03/05 12:14:49 Order 17 finish Reduce
2024/03/05 12:14:50 Coordinator work
2024/03/05 12:14:50 Coordinator status 1
2024/03/05 12:14:50 Map: 8 done vs. 0 working, Reduce 10 done vs. 0 working
2024/03/05 12:14:50 forward: forward to done phase
2024/03/05 12:14:50 Coordinator work
2024/03/05 12:14:50 Coordinator status 2
