2024/03/04 21:13:30 making map order &{0 [../pg-being_ernest.txt] 0 10}
2024/03/04 21:13:30 making map order &{0 [../pg-dorian_gray.txt] 1 10}
2024/03/04 21:13:30 making map order &{0 [../pg-frankenstein.txt] 2 10}
2024/03/04 21:13:30 making map order &{0 [../pg-grimm.txt] 3 10}
2024/03/04 21:13:30 making map order &{0 [../pg-huckleberry_finn.txt] 4 10}
2024/03/04 21:13:30 making map order &{0 [../pg-metamorphosis.txt] 5 10}
2024/03/04 21:13:30 making map order &{0 [../pg-sherlock_holmes.txt] 6 10}
2024/03/04 21:13:30 making map order &{0 [../pg-tom_sawyer.txt] 7 10}
2024/03/04 21:13:30 done with make map order
2024/03/04 21:13:30 Map: 0 done vs. 8 working, Reduce 0 done vs. 0 working
2024/03/04 21:13:31 Coordinator work
2024/03/04 21:13:31 Coordinator status 0
2024/03/04 21:13:31 IsDone &{0 2024-03-04 21:13:31.417645318 +0800 CST m=+1.029438394 0xc000076570} true
2024/03/04 21:13:31 Order 0 finish Map
2024/03/04 21:13:31 Coordinator work
2024/03/04 21:13:31 Coordinator status 0
2024/03/04 21:13:31 Coordinator work
2024/03/04 21:13:31 Coordinator status 0
2024/03/04 21:13:31 IsDone &{0 2024-03-04 21:13:31.426798326 +0800 CST m=+1.038591412 0xc000076690} true
2024/03/04 21:13:31 Order 2 finish Map
2024/03/04 21:13:31 IsDone &{0 2024-03-04 21:13:31.425038735 +0800 CST m=+1.036831808 0xc000076600} true
2024/03/04 21:13:31 Order 1 finish Map
2024/03/04 21:13:32 Coordinator work
2024/03/04 21:13:32 Coordinator status 0
2024/03/04 21:13:32 Coordinator work
2024/03/04 21:13:32 Coordinator status 0
2024/03/04 21:13:32 IsDone &{0 2024-03-04 21:13:32.427106369 +0800 CST m=+2.038899442 0xc000076720} true
2024/03/04 21:13:32 Order 3 finish Map
2024/03/04 21:13:32 Coordinator work
2024/03/04 21:13:32 Coordinator status 0
2024/03/04 21:13:32 IsDone &{0 2024-03-04 21:13:32.451777107 +0800 CST m=+2.063570186 0xc000076840} true
2024/03/04 21:13:32 Order 5 finish Map
2024/03/04 21:13:32 IsDone &{0 2024-03-04 21:13:32.441484157 +0800 CST m=+2.053277236 0xc0000767b0} true
2024/03/04 21:13:32 Order 4 finish Map
2024/03/04 21:13:33 Coordinator work
2024/03/04 21:13:33 Coordinator status 0
2024/03/04 21:13:33 Coordinator work
2024/03/04 21:13:33 Coordinator status 0
2024/03/04 21:13:33 Coordinator work
2024/03/04 21:13:33 Coordinator status 0
2024/03/04 21:13:33 Map: 6 done vs. 2 working, Reduce 0 done vs. 0 working
2024/03/04 21:13:33 IsDone &{0 2024-03-04 21:13:33.448010067 +0800 CST m=+3.059803143 0xc0000768d0} true
2024/03/04 21:13:33 Order 6 finish Map
2024/03/04 21:13:33 IsDone &{0 2024-03-04 21:13:33.460909441 +0800 CST m=+3.072702519 0xc000076960} true
2024/03/04 21:13:33 Order 7 finish Map
2024/03/04 21:13:34 Coordinator work
2024/03/04 21:13:34 Coordinator status 0
2024/03/04 21:13:34 Map: 8 done vs. 0 working, Reduce 0 done vs. 0 working
2024/03/04 21:13:34 forward: forward to Reuce Phase
2024/03/04 21:13:34 making reduce order : 8
2024/03/04 21:13:34 making reduce order : 9
2024/03/04 21:13:34 making reduce order : 10
2024/03/04 21:13:34 making reduce order : 11
2024/03/04 21:13:34 making reduce order : 12
2024/03/04 21:13:34 making reduce order : 13
2024/03/04 21:13:34 making reduce order : 14
2024/03/04 21:13:34 making reduce order : 15
2024/03/04 21:13:34 making reduce order : 16
2024/03/04 21:13:34 making reduce order : 17
2024/03/04 21:13:34 Coordinator work
2024/03/04 21:13:34 done with make reduce order
2024/03/04 21:13:34 Map: 8 done vs. 0 working, Reduce 0 done vs. 10 working
2024/03/04 21:13:34 Coordinator status 1
2024/03/04 21:13:34 Order 8 finish Reduce
2024/03/04 21:13:35 Coordinator work
2024/03/04 21:13:35 Coordinator status 1
2024/03/04 21:13:35 Order 9 finish Reduce
2024/03/04 21:13:35 Coordinator work
2024/03/04 21:13:35 Coordinator status 1
2024/03/04 21:13:36 Coordinator work
2024/03/04 21:13:36 Coordinator status 1
2024/03/04 21:13:36 Order 11 finish Reduce
2024/03/04 21:13:36 Coordinator work
2024/03/04 21:13:36 Coordinator status 1
2024/03/04 21:13:36 Order 12 finish Reduce
2024/03/04 21:13:37 Coordinator work
2024/03/04 21:13:37 Coordinator status 1
2024/03/04 21:13:37 Order 13 finish Reduce
2024/03/04 21:13:37 Coordinator work
2024/03/04 21:13:37 Coordinator status 1
2024/03/04 21:13:38 Coordinator work
2024/03/04 21:13:38 Coordinator status 1
2024/03/04 21:13:38 Order 15 finish Reduce
2024/03/04 21:13:38 Order 10 finish Reduce
2024/03/04 21:13:39 Coordinator work
2024/03/04 21:13:39 Coordinator status 1
2024/03/04 21:13:39 Order 16 finish Reduce
2024/03/04 21:13:39 Coordinator work
2024/03/04 21:13:39 Coordinator status 1
2024/03/04 21:13:39 Order 17 finish Reduce
2024/03/04 21:13:40 Order 14 finish Reduce
2024/03/04 21:13:40 Coordinator work
2024/03/04 21:13:40 Coordinator status 1
2024/03/04 21:13:40 Map: 8 done vs. 0 working, Reduce 10 done vs. 0 working
2024/03/04 21:13:40 forward: forward to done phase
2024/03/04 21:13:40 Coordinator work
2024/03/04 21:13:40 Coordinator status 2
2024/03/04 21:13:41 Coordinator work
2024/03/04 21:13:41 Coordinator status 2
