2024/03/05 09:45:54 making map order &{0 [../pg-being_ernest.txt] 0 10}
2024/03/05 09:45:54 making map order &{0 [../pg-dorian_gray.txt] 1 10}
2024/03/05 09:45:54 making map order &{0 [../pg-frankenstein.txt] 2 10}
2024/03/05 09:45:54 making map order &{0 [../pg-grimm.txt] 3 10}
2024/03/05 09:45:54 making map order &{0 [../pg-huckleberry_finn.txt] 4 10}
2024/03/05 09:45:54 making map order &{0 [../pg-metamorphosis.txt] 5 10}
2024/03/05 09:45:54 making map order &{0 [../pg-sherlock_holmes.txt] 6 10}
2024/03/05 09:45:54 making map order &{0 [../pg-tom_sawyer.txt] 7 10}
2024/03/05 09:45:54 done with make map order
2024/03/05 09:45:54 Map: 0 done vs. 8 working, Reduce 0 done vs. 0 working
2024/03/05 09:45:55 Coordinator work
2024/03/05 09:45:55 Coordinator status 0
2024/03/05 09:45:55 IsDone &{0 2024-03-05 09:45:55.148191525 +0800 CST m=+1.015228411 0xc00009fbf0} true
2024/03/05 09:45:55 Order 0 finish Map
2024/03/05 09:45:55 Coordinator work
2024/03/05 09:45:55 Coordinator status 0
2024/03/05 09:45:55 IsDone &{0 2024-03-05 09:45:55.159237172 +0800 CST m=+1.026274061 0xc00009fc80} true
2024/03/05 09:45:55 Order 1 finish Map
2024/03/05 09:45:56 Coordinator work
2024/03/05 09:45:56 Coordinator status 0
2024/03/05 09:45:56 IsDone &{0 2024-03-05 09:45:56.159505139 +0800 CST m=+2.026542026 0xc00009fd10} true
2024/03/05 09:45:56 Order 2 finish Map
2024/03/05 09:45:56 Coordinator work
2024/03/05 09:45:56 Coordinator status 0
2024/03/05 09:45:56 IsDone &{0 2024-03-05 09:45:56.178970167 +0800 CST m=+2.046007057 0xc00009fda0} true
2024/03/05 09:45:56 Order 3 finish Map
2024/03/05 09:45:57 Coordinator work
2024/03/05 09:45:57 Coordinator status 0
2024/03/05 09:45:57 IsDone &{0 2024-03-05 09:45:57.175840613 +0800 CST m=+3.042877503 0xc00009fe30} true
2024/03/05 09:45:57 Order 4 finish Map
2024/03/05 09:45:57 Coordinator work
2024/03/05 09:45:57 Coordinator status 0
2024/03/05 09:45:57 IsDone &{0 2024-03-05 09:45:57.194659194 +0800 CST m=+3.061696084 0xc00009fec0} true
2024/03/05 09:45:57 Order 5 finish Map
2024/03/05 09:45:58 Coordinator work
2024/03/05 09:45:58 Coordinator status 0
2024/03/05 09:45:58 Coordinator work
2024/03/05 09:45:58 Coordinator status 0
2024/03/05 09:45:58 IsDone &{0 2024-03-05 09:45:58.194986862 +0800 CST m=+4.062023749 0xc00009ff50} true
2024/03/05 09:45:58 Order 6 finish Map
2024/03/05 09:45:58 IsDone &{0 2024-03-05 09:45:58.203173792 +0800 CST m=+4.070210681 0xc00011c000} true
2024/03/05 09:45:58 Order 7 finish Map
2024/03/05 09:45:59 Coordinator work
2024/03/05 09:45:59 Coordinator status 0
2024/03/05 09:45:59 Map: 8 done vs. 0 working, Reduce 0 done vs. 0 working
2024/03/05 09:45:59 forward: forward to Reuce Phase
2024/03/05 09:45:59 making reduce order : 8
2024/03/05 09:45:59 making reduce order : 9
2024/03/05 09:45:59 making reduce order : 10
2024/03/05 09:45:59 making reduce order : 11
2024/03/05 09:45:59 making reduce order : 12
2024/03/05 09:45:59 making reduce order : 13
2024/03/05 09:45:59 making reduce order : 14
2024/03/05 09:45:59 making reduce order : 15
2024/03/05 09:45:59 making reduce order : 16
2024/03/05 09:45:59 Coordinator work
2024/03/05 09:45:59 making reduce order : 17
2024/03/05 09:45:59 done with make reduce order
2024/03/05 09:45:59 Map: 8 done vs. 0 working, Reduce 0 done vs. 10 working
2024/03/05 09:45:59 Coordinator status 1
2024/03/05 09:46:00 Order 8 finish Reduce
2024/03/05 09:46:01 Coordinator work
2024/03/05 09:46:01 Coordinator status 1
2024/03/05 09:46:01 Coordinator work
2024/03/05 09:46:01 Coordinator status 1
2024/03/05 09:46:02 Order 10 finish Reduce
2024/03/05 09:46:02 Order 9 finish Reduce
2024/03/05 09:46:03 Coordinator work
2024/03/05 09:46:03 Coordinator status 1
2024/03/05 09:46:03 Coordinator work
2024/03/05 09:46:03 Coordinator status 1
2024/03/05 09:46:05 Order 11 finish Reduce
2024/03/05 09:46:05 Order 12 finish Reduce
2024/03/05 09:46:06 Coordinator work
2024/03/05 09:46:06 Coordinator status 1
2024/03/05 09:46:06 Coordinator work
2024/03/05 09:46:06 Coordinator status 1
2024/03/05 09:46:07 Order 13 finish Reduce
2024/03/05 09:46:07 Order 14 finish Reduce
2024/03/05 09:46:08 Coordinator work
2024/03/05 09:46:08 Coordinator status 1
2024/03/05 09:46:08 Order 15 finish Reduce
2024/03/05 09:46:08 Coordinator work
2024/03/05 09:46:08 Coordinator status 1
2024/03/05 09:46:08 Order 16 finish Reduce
2024/03/05 09:46:09 Coordinator work
2024/03/05 09:46:09 Coordinator status 1
2024/03/05 09:46:09 Coordinator work
2024/03/05 09:46:09 Coordinator status 1
2024/03/05 09:46:09 Map: 8 done vs. 0 working, Reduce 9 done vs. 1 working
2024/03/05 09:46:10 Order 17 finish Reduce
2024/03/05 09:46:11 Coordinator work
2024/03/05 09:46:11 Coordinator status 1
2024/03/05 09:46:11 Map: 8 done vs. 0 working, Reduce 10 done vs. 0 working
2024/03/05 09:46:11 forward: forward to done phase
2024/03/05 09:46:11 Coordinator work
2024/03/05 09:46:11 Coordinator status 2
