2024/03/05 06:08:22 making map order &{0 [../pg-being_ernest.txt] 0 10}
2024/03/05 06:08:22 making map order &{0 [../pg-dorian_gray.txt] 1 10}
2024/03/05 06:08:22 making map order &{0 [../pg-frankenstein.txt] 2 10}
2024/03/05 06:08:22 making map order &{0 [../pg-grimm.txt] 3 10}
2024/03/05 06:08:22 making map order &{0 [../pg-huckleberry_finn.txt] 4 10}
2024/03/05 06:08:22 making map order &{0 [../pg-metamorphosis.txt] 5 10}
2024/03/05 06:08:22 making map order &{0 [../pg-sherlock_holmes.txt] 6 10}
2024/03/05 06:08:22 making map order &{0 [../pg-tom_sawyer.txt] 7 10}
2024/03/05 06:08:22 done with make map order
2024/03/05 06:08:22 Map: 0 done vs. 8 working, Reduce 0 done vs. 0 working
2024/03/05 06:08:23 Coordinator work
2024/03/05 06:08:23 Coordinator status 0
2024/03/05 06:08:23 Coordinator work
2024/03/05 06:08:23 Coordinator status 0
2024/03/05 06:08:23 Coordinator work
2024/03/05 06:08:23 Coordinator status 0
2024/03/05 06:08:23 Coordinator work
2024/03/05 06:08:23 Coordinator status 0
2024/03/05 06:08:23 IsDone &{0 2024-03-05 06:08:23.616044034 +0800 CST m=+1.057604764 0xc000074510} true
2024/03/05 06:08:23 Order 2 finish Map
2024/03/05 06:08:23 IsDone &{0 2024-03-05 06:08:23.620251546 +0800 CST m=+1.061812276 0xc0000745a0} true
2024/03/05 06:08:23 Order 3 finish Map
2024/03/05 06:08:24 Coordinator work
2024/03/05 06:08:24 Coordinator status 0
2024/03/05 06:08:24 Coordinator work
2024/03/05 06:08:24 Coordinator status 0
2024/03/05 06:08:24 IsDone &{0 2024-03-05 06:08:24.649118545 +0800 CST m=+2.090679276 0xc0000746c0} true
2024/03/05 06:08:24 Order 5 finish Map
2024/03/05 06:08:25 Coordinator work
2024/03/05 06:08:25 Coordinator status 0
2024/03/05 06:08:25 IsDone &{0 2024-03-05 06:08:24.638001943 +0800 CST m=+2.079562673 0xc000074630} true
2024/03/05 06:08:25 Order 4 finish Map
2024/03/05 06:08:26 IsDone &{0 2024-03-05 06:08:23.590194614 +0800 CST m=+1.031755344 0xc0000743f0} true
2024/03/05 06:08:26 Order 0 finish Map
2024/03/05 06:08:26 Coordinator work
2024/03/05 06:08:26 Coordinator status 0
2024/03/05 06:08:26 IsDone &{0 2024-03-05 06:08:26.699741437 +0800 CST m=+4.141302167 0xc0000747e0} true
2024/03/05 06:08:26 Order 7 finish Map
2024/03/05 06:08:27 Coordinator work
2024/03/05 06:08:27 Coordinator status 0
2024/03/05 06:08:27 Map: 6 done vs. 2 working, Reduce 0 done vs. 0 working
2024/03/05 06:08:27 Coordinator work
2024/03/05 06:08:27 Coordinator status 0
2024/03/05 06:08:27 Map: 6 done vs. 2 working, Reduce 0 done vs. 0 working
2024/03/05 06:08:29 Coordinator work
2024/03/05 06:08:29 Coordinator status 0
2024/03/05 06:08:29 Map: 6 done vs. 2 working, Reduce 0 done vs. 0 working
2024/03/05 06:08:29 IsDone &{0 2024-03-05 06:08:25.65821912 +0800 CST m=+3.099779846 0xc000074750} true
2024/03/05 06:08:29 Order 6 finish Map
2024/03/05 06:08:29 Coordinator work
2024/03/05 06:08:29 Coordinator status 0
2024/03/05 06:08:29 Map: 7 done vs. 1 working, Reduce 0 done vs. 0 working
2024/03/05 06:08:30 IsDone &{0 2024-03-05 06:08:23.590728014 +0800 CST m=+1.032288743 0xc000074480} true
2024/03/05 06:08:30 Order 1 finish Map
2024/03/05 06:08:30 Coordinator work
2024/03/05 06:08:30 Coordinator status 0
2024/03/05 06:08:30 Map: 8 done vs. 0 working, Reduce 0 done vs. 0 working
2024/03/05 06:08:30 forward: forward to Reuce Phase
2024/03/05 06:08:30 making reduce order : 8
2024/03/05 06:08:30 making reduce order : 9
2024/03/05 06:08:30 making reduce order : 10
2024/03/05 06:08:30 making reduce order : 11
2024/03/05 06:08:30 making reduce order : 12
2024/03/05 06:08:30 making reduce order : 13
2024/03/05 06:08:30 making reduce order : 14
2024/03/05 06:08:30 making reduce order : 15
2024/03/05 06:08:30 making reduce order : 16
2024/03/05 06:08:30 making reduce order : 17
2024/03/05 06:08:30 done with make reduce order
2024/03/05 06:08:30 Map: 8 done vs. 0 working, Reduce 0 done vs. 10 working
2024/03/05 06:08:31 Coordinator work
2024/03/05 06:08:31 Coordinator status 1
2024/03/05 06:08:31 Coordinator work
2024/03/05 06:08:31 Coordinator status 1
2024/03/05 06:08:31 Order 9 finish Reduce
2024/03/05 06:08:31 Coordinator work
2024/03/05 06:08:31 Coordinator status 1
2024/03/05 06:08:31 Order 10 finish Reduce
2024/03/05 06:08:32 Coordinator work
2024/03/05 06:08:32 Coordinator status 1
2024/03/05 06:08:32 Order 11 finish Reduce
2024/03/05 06:08:32 Coordinator work
2024/03/05 06:08:32 Coordinator status 1
2024/03/05 06:08:32 Order 12 finish Reduce
2024/03/05 06:08:32 Coordinator work
2024/03/05 06:08:32 Coordinator status 1
2024/03/05 06:08:33 Coordinator work
2024/03/05 06:08:33 Coordinator status 1
2024/03/05 06:08:33 Order 14 finish Reduce
2024/03/05 06:08:33 Coordinator work
2024/03/05 06:08:33 Coordinator status 1
2024/03/05 06:08:33 Order 15 finish Reduce
2024/03/05 06:08:33 Coordinator work
2024/03/05 06:08:33 Coordinator status 1
2024/03/05 06:08:33 Order 16 finish Reduce
2024/03/05 06:08:34 Coordinator work
2024/03/05 06:08:34 Coordinator status 1
2024/03/05 06:08:34 Coordinator work
2024/03/05 06:08:34 Coordinator status 1
2024/03/05 06:08:34 Map: 8 done vs. 0 working, Reduce 7 done vs. 3 working
2024/03/05 06:08:34 Coordinator work
2024/03/05 06:08:34 Coordinator status 1
2024/03/05 06:08:34 Map: 8 done vs. 0 working, Reduce 7 done vs. 3 working
2024/03/05 06:08:35 Coordinator work
2024/03/05 06:08:35 Coordinator status 1
2024/03/05 06:08:35 Map: 8 done vs. 0 working, Reduce 7 done vs. 3 working
2024/03/05 06:08:36 Coordinator work
2024/03/05 06:08:36 Coordinator status 1
2024/03/05 06:08:36 Map: 8 done vs. 0 working, Reduce 7 done vs. 3 working
2024/03/05 06:08:36 Coordinator work
2024/03/05 06:08:36 Coordinator status 1
2024/03/05 06:08:36 Map: 8 done vs. 0 working, Reduce 7 done vs. 3 working
2024/03/05 06:08:37 Order 8 finish Reduce
2024/03/05 06:08:37 Coordinator work
2024/03/05 06:08:37 Coordinator status 1
2024/03/05 06:08:37 Map: 8 done vs. 0 working, Reduce 8 done vs. 2 working
2024/03/05 06:08:38 Coordinator work
2024/03/05 06:08:38 Coordinator status 1
2024/03/05 06:08:38 Map: 8 done vs. 0 working, Reduce 8 done vs. 2 working
2024/03/05 06:08:38 Coordinator work
2024/03/05 06:08:38 Coordinator status 1
2024/03/05 06:08:38 Map: 8 done vs. 0 working, Reduce 8 done vs. 2 working
2024/03/05 06:08:38 Coordinator work
2024/03/05 06:08:38 Coordinator status 1
2024/03/05 06:08:38 Map: 8 done vs. 0 working, Reduce 8 done vs. 2 working
2024/03/05 06:08:39 Coordinator work
2024/03/05 06:08:39 Coordinator status 1
2024/03/05 06:08:39 Map: 8 done vs. 0 working, Reduce 8 done vs. 2 working
2024/03/05 06:08:40 Coordinator work
2024/03/05 06:08:40 Coordinator status 1
2024/03/05 06:08:40 Map: 8 done vs. 0 working, Reduce 8 done vs. 2 working
2024/03/05 06:08:40 Coordinator work
2024/03/05 06:08:40 Coordinator status 1
2024/03/05 06:08:40 Map: 8 done vs. 0 working, Reduce 8 done vs. 2 working
2024/03/05 06:08:40 Coordinator work
2024/03/05 06:08:40 Coordinator status 1
2024/03/05 06:08:40 Map: 8 done vs. 0 working, Reduce 8 done vs. 2 working
2024/03/05 06:08:41 Coordinator work
2024/03/05 06:08:41 Coordinator status 1
2024/03/05 06:08:41 Map: 8 done vs. 0 working, Reduce 8 done vs. 2 working
2024/03/05 06:08:42 Coordinator work
2024/03/05 06:08:42 Coordinator status 1
2024/03/05 06:08:42 Map: 8 done vs. 0 working, Reduce 8 done vs. 2 working
2024/03/05 06:08:42 Coordinator work
2024/03/05 06:08:42 Coordinator status 1
2024/03/05 06:08:42 Map: 8 done vs. 0 working, Reduce 8 done vs. 2 working
2024/03/05 06:08:42 Coordinator work
2024/03/05 06:08:42 Coordinator status 1
2024/03/05 06:08:42 Map: 8 done vs. 0 working, Reduce 8 done vs. 2 working
2024/03/05 06:08:43 Coordinator work
2024/03/05 06:08:43 Coordinator status 1
2024/03/05 06:08:43 Map: 8 done vs. 0 working, Reduce 8 done vs. 2 working
2024/03/05 06:08:43 Coordiantor restart Reduce order 13
2024/03/05 06:08:44 Coordinator work
2024/03/05 06:08:44 Coordinator status 1
2024/03/05 06:08:44 Order 13 finish Reduce
2024/03/05 06:08:44 Coordiantor restart Reduce order 17
2024/03/05 06:08:44 Coordinator work
2024/03/05 06:08:44 Coordinator status 1
2024/03/05 06:08:44 Order 17 finish Reduce
2024/03/05 06:08:44 Coordinator work
2024/03/05 06:08:44 Coordinator status 1
2024/03/05 06:08:44 Map: 8 done vs. 0 working, Reduce 10 done vs. 0 working
2024/03/05 06:08:44 forward: forward to done phase
2024/03/05 06:08:45 Coordinator work
2024/03/05 06:08:45 Coordinator status 2
2024/03/05 06:08:45 Coordinator work
2024/03/05 06:08:45 Coordinator status 2
2024/03/05 06:08:45 Coordinator work
2024/03/05 06:08:45 Coordinator status 2
