2024/03/05 01:06:29 making map order &{0 [../pg-being_ernest.txt] 0 10}
2024/03/05 01:06:29 making map order &{0 [../pg-dorian_gray.txt] 1 10}
2024/03/05 01:06:29 making map order &{0 [../pg-frankenstein.txt] 2 10}
2024/03/05 01:06:29 making map order &{0 [../pg-grimm.txt] 3 10}
2024/03/05 01:06:29 making map order &{0 [../pg-huckleberry_finn.txt] 4 10}
2024/03/05 01:06:29 making map order &{0 [../pg-metamorphosis.txt] 5 10}
2024/03/05 01:06:29 making map order &{0 [../pg-sherlock_holmes.txt] 6 10}
2024/03/05 01:06:29 making map order &{0 [../pg-tom_sawyer.txt] 7 10}
2024/03/05 01:06:29 done with make map order
2024/03/05 01:06:29 Map: 0 done vs. 8 working, Reduce 0 done vs. 0 working
2024/03/05 01:06:30 Coordinator work
2024/03/05 01:06:30 Coordinator status 0
2024/03/05 01:06:30 Coordinator work
2024/03/05 01:06:30 Coordinator status 0
2024/03/05 01:06:30 Coordinator work
2024/03/05 01:06:30 Coordinator status 0
2024/03/05 01:06:30 IsDone &{0 2024-03-05 01:06:30.187565827 +0800 CST m=+1.018601767 0xc000084210} true
2024/03/05 01:06:30 Order 0 finish Map
2024/03/05 01:06:31 IsDone &{0 2024-03-05 01:06:30.209208056 +0800 CST m=+1.040244001 0xc000084330} true
2024/03/05 01:06:31 Order 2 finish Map
2024/03/05 01:06:31 IsDone &{0 2024-03-05 01:06:30.196989309 +0800 CST m=+1.028025248 0xc0000842a0} true
2024/03/05 01:06:31 Order 1 finish Map
2024/03/05 01:06:31 Coordinator work
2024/03/05 01:06:31 Coordinator status 0
2024/03/05 01:06:32 Coordinator work
2024/03/05 01:06:32 Coordinator status 0
2024/03/05 01:06:32 Coordinator work
2024/03/05 01:06:32 Coordinator status 0
2024/03/05 01:06:33 IsDone &{0 2024-03-05 01:06:32.875039212 +0800 CST m=+3.706075150 0xc0000844e0} true
2024/03/05 01:06:33 Order 5 finish Map
2024/03/05 01:06:33 IsDone &{0 2024-03-05 01:06:31.984219068 +0800 CST m=+2.815255013 0xc0000843c0} true
2024/03/05 01:06:33 Order 3 finish Map
2024/03/05 01:06:34 Coordinator work
2024/03/05 01:06:34 Coordinator status 0
2024/03/05 01:06:34 Coordinator work
2024/03/05 01:06:34 Coordinator status 0
2024/03/05 01:06:34 IsDone &{0 2024-03-05 01:06:32.764709297 +0800 CST m=+3.595745239 0xc000084450} true
2024/03/05 01:06:34 Order 4 finish Map
2024/03/05 01:06:35 Coordinator work
2024/03/05 01:06:35 Coordinator status 0
2024/03/05 01:06:35 Map: 6 done vs. 2 working, Reduce 0 done vs. 0 working
2024/03/05 01:06:36 IsDone &{0 2024-03-05 01:06:34.544506047 +0800 CST m=+5.375542008 0xc000084600} true
2024/03/05 01:06:36 Order 7 finish Map
2024/03/05 01:06:36 IsDone &{0 2024-03-05 01:06:34.462011768 +0800 CST m=+5.293047713 0xc000084570} true
2024/03/05 01:06:36 Order 6 finish Map
2024/03/05 01:06:37 Coordinator work
2024/03/05 01:06:37 Coordinator status 0
2024/03/05 01:06:37 Map: 8 done vs. 0 working, Reduce 0 done vs. 0 working
2024/03/05 01:06:37 forward: forward to Reuce Phase
2024/03/05 01:06:37 making reduce order : 8
2024/03/05 01:06:37 making reduce order : 9
2024/03/05 01:06:37 making reduce order : 10
2024/03/05 01:06:37 making reduce order : 11
2024/03/05 01:06:37 making reduce order : 12
2024/03/05 01:06:37 making reduce order : 13
2024/03/05 01:06:37 making reduce order : 14
2024/03/05 01:06:37 making reduce order : 15
2024/03/05 01:06:37 making reduce order : 16
2024/03/05 01:06:37 making reduce order : 17
2024/03/05 01:06:37 done with make reduce order
2024/03/05 01:06:37 Map: 8 done vs. 0 working, Reduce 0 done vs. 10 working
2024/03/05 01:06:37 Coordinator work
2024/03/05 01:06:37 Coordinator status 1
2024/03/05 01:06:37 Coordinator work
2024/03/05 01:06:37 Coordinator status 1
2024/03/05 01:06:38 Order 8 finish Reduce
2024/03/05 01:06:38 Order 9 finish Reduce
2024/03/05 01:06:39 Coordinator work
2024/03/05 01:06:39 Coordinator status 1
2024/03/05 01:06:39 Coordinator work
2024/03/05 01:06:39 Coordinator status 1
2024/03/05 01:06:39 Coordinator work
2024/03/05 01:06:39 Coordinator status 1
2024/03/05 01:06:40 Order 11 finish Reduce
2024/03/05 01:06:40 Order 12 finish Reduce
2024/03/05 01:06:40 Order 10 finish Reduce
2024/03/05 01:06:41 Coordinator work
2024/03/05 01:06:41 Coordinator status 1
2024/03/05 01:06:41 Order 13 finish Reduce
2024/03/05 01:06:41 Coordinator work
2024/03/05 01:06:41 Coordinator status 1
2024/03/05 01:06:41 Coordinator work
2024/03/05 01:06:41 Coordinator status 1
2024/03/05 01:06:42 Coordinator work
2024/03/05 01:06:42 Coordinator status 1
2024/03/05 01:06:42 Order 15 finish Reduce
2024/03/05 01:06:43 Order 14 finish Reduce
2024/03/05 01:06:43 Order 16 finish Reduce
2024/03/05 01:06:43 Coordinator work
2024/03/05 01:06:43 Coordinator status 1
2024/03/05 01:06:44 Coordinator work
2024/03/05 01:06:44 Coordinator status 1
2024/03/05 01:06:44 Map: 8 done vs. 0 working, Reduce 9 done vs. 1 working
2024/03/05 01:06:44 Order 17 finish Reduce
2024/03/05 01:06:44 Coordinator work
2024/03/05 01:06:44 Coordinator status 1
2024/03/05 01:06:44 Map: 8 done vs. 0 working, Reduce 10 done vs. 0 working
2024/03/05 01:06:44 forward: forward to done phase
2024/03/05 01:06:45 Coordinator work
2024/03/05 01:06:45 Coordinator status 2
2024/03/05 01:06:46 Coordinator work
2024/03/05 01:06:46 Coordinator status 2
