2024/03/05 05:17:13 making map order &{0 [../pg-being_ernest.txt] 0 10}
2024/03/05 05:17:13 making map order &{0 [../pg-dorian_gray.txt] 1 10}
2024/03/05 05:17:13 making map order &{0 [../pg-frankenstein.txt] 2 10}
2024/03/05 05:17:13 making map order &{0 [../pg-grimm.txt] 3 10}
2024/03/05 05:17:13 making map order &{0 [../pg-huckleberry_finn.txt] 4 10}
2024/03/05 05:17:13 making map order &{0 [../pg-metamorphosis.txt] 5 10}
2024/03/05 05:17:13 making map order &{0 [../pg-sherlock_holmes.txt] 6 10}
2024/03/05 05:17:13 making map order &{0 [../pg-tom_sawyer.txt] 7 10}
2024/03/05 05:17:13 done with make map order
2024/03/05 05:17:13 Map: 0 done vs. 8 working, Reduce 0 done vs. 0 working
2024/03/05 05:17:14 Coordinator work
2024/03/05 05:17:14 Coordinator status 0
2024/03/05 05:17:14 Coordinator work
2024/03/05 05:17:14 Coordinator status 0
2024/03/05 05:17:15 IsDone &{0 2024-03-05 05:17:14.767704836 +0800 CST m=+1.019476011 0xc0000a3e90} true
2024/03/05 05:17:15 Order 0 finish Map
2024/03/05 05:17:15 IsDone &{0 2024-03-05 05:17:14.780333748 +0800 CST m=+1.032104925 0xc0000a3f20} true
2024/03/05 05:17:15 Order 1 finish Map
2024/03/05 05:17:16 Coordinator work
2024/03/05 05:17:16 Coordinator status 0
2024/03/05 05:17:16 Coordinator work
2024/03/05 05:17:16 Coordinator status 0
2024/03/05 05:17:17 IsDone &{0 2024-03-05 05:17:16.777675967 +0800 CST m=+3.029447141 0xc0000a3fb0} true
2024/03/05 05:17:17 Order 2 finish Map
2024/03/05 05:17:17 IsDone &{0 2024-03-05 05:17:16.799412917 +0800 CST m=+3.051184095 0xc00011c060} true
2024/03/05 05:17:17 Order 3 finish Map
2024/03/05 05:17:18 Coordinator work
2024/03/05 05:17:18 Coordinator status 0
2024/03/05 05:17:18 Coordinator work
2024/03/05 05:17:18 Coordinator status 0
2024/03/05 05:17:19 IsDone &{0 2024-03-05 05:17:18.795876225 +0800 CST m=+5.047647398 0xc00011c0f0} true
2024/03/05 05:17:19 Order 4 finish Map
2024/03/05 05:17:19 IsDone &{0 2024-03-05 05:17:18.816393584 +0800 CST m=+5.068164759 0xc00011c180} true
2024/03/05 05:17:19 Order 5 finish Map
2024/03/05 05:17:20 Coordinator work
2024/03/05 05:17:20 Coordinator status 0
2024/03/05 05:17:20 Coordinator work
2024/03/05 05:17:20 Coordinator status 0
2024/03/05 05:17:21 IsDone &{0 2024-03-05 05:17:20.825815064 +0800 CST m=+7.077586242 0xc00011c2a0} true
2024/03/05 05:17:21 Order 7 finish Map
2024/03/05 05:17:21 IsDone &{0 2024-03-05 05:17:20.816311211 +0800 CST m=+7.068082388 0xc00011c210} true
2024/03/05 05:17:21 Order 6 finish Map
2024/03/05 05:17:22 Coordinator work
2024/03/05 05:17:22 Coordinator status 0
2024/03/05 05:17:22 Map: 8 done vs. 0 working, Reduce 0 done vs. 0 working
2024/03/05 05:17:22 forward: forward to Reuce Phase
2024/03/05 05:17:22 making reduce order : 8
2024/03/05 05:17:22 making reduce order : 9
2024/03/05 05:17:22 making reduce order : 10
2024/03/05 05:17:22 making reduce order : 11
2024/03/05 05:17:22 making reduce order : 12
2024/03/05 05:17:22 making reduce order : 13
2024/03/05 05:17:22 making reduce order : 14
2024/03/05 05:17:22 Coordinator work
2024/03/05 05:17:22 making reduce order : 15
2024/03/05 05:17:22 making reduce order : 16
2024/03/05 05:17:22 making reduce order : 17
2024/03/05 05:17:22 done with make reduce order
2024/03/05 05:17:22 Map: 8 done vs. 0 working, Reduce 0 done vs. 10 working
2024/03/05 05:17:22 Coordinator status 1
2024/03/05 05:17:22 Order 8 finish Reduce
2024/03/05 05:17:23 Coordinator work
2024/03/05 05:17:23 Coordinator status 1
2024/03/05 05:17:23 Order 9 finish Reduce
2024/03/05 05:17:24 Coordinator work
2024/03/05 05:17:24 Coordinator status 1
2024/03/05 05:17:24 Order 10 finish Reduce
2024/03/05 05:17:24 Coordinator work
2024/03/05 05:17:24 Coordinator status 1
2024/03/05 05:17:24 Order 11 finish Reduce
2024/03/05 05:17:25 Coordinator work
2024/03/05 05:17:25 Coordinator status 1
2024/03/05 05:17:25 Order 12 finish Reduce
2024/03/05 05:17:25 Coordinator work
2024/03/05 05:17:25 Coordinator status 1
2024/03/05 05:17:25 Order 13 finish Reduce
2024/03/05 05:17:26 Coordinator work
2024/03/05 05:17:26 Coordinator status 1
2024/03/05 05:17:26 Order 14 finish Reduce
2024/03/05 05:17:26 Coordinator work
2024/03/05 05:17:26 Coordinator status 1
2024/03/05 05:17:26 Order 15 finish Reduce
2024/03/05 05:17:27 Coordinator work
2024/03/05 05:17:27 Coordinator status 1
2024/03/05 05:17:27 Order 16 finish Reduce
2024/03/05 05:17:27 Coordinator work
2024/03/05 05:17:27 Coordinator status 1
2024/03/05 05:17:27 Order 17 finish Reduce
2024/03/05 05:17:28 Coordinator work
2024/03/05 05:17:28 Coordinator status 1
2024/03/05 05:17:28 Map: 8 done vs. 0 working, Reduce 10 done vs. 0 working
2024/03/05 05:17:28 forward: forward to done phase
2024/03/05 05:17:28 Coordinator work
2024/03/05 05:17:28 Coordinator status 2
