2024/03/05 11:52:15 making map order &{0 [../pg-being_ernest.txt] 0 10}
2024/03/05 11:52:15 making map order &{0 [../pg-dorian_gray.txt] 1 10}
2024/03/05 11:52:15 making map order &{0 [../pg-frankenstein.txt] 2 10}
2024/03/05 11:52:15 making map order &{0 [../pg-grimm.txt] 3 10}
2024/03/05 11:52:15 making map order &{0 [../pg-huckleberry_finn.txt] 4 10}
2024/03/05 11:52:15 making map order &{0 [../pg-metamorphosis.txt] 5 10}
2024/03/05 11:52:15 making map order &{0 [../pg-sherlock_holmes.txt] 6 10}
2024/03/05 11:52:15 making map order &{0 [../pg-tom_sawyer.txt] 7 10}
2024/03/05 11:52:15 done with make map order
2024/03/05 11:52:15 Map: 0 done vs. 8 working, Reduce 0 done vs. 0 working
2024/03/05 11:52:16 Coordinator work
2024/03/05 11:52:16 Coordinator status 0
2024/03/05 11:52:16 Coordinator work
2024/03/05 11:52:16 Coordinator status 0
2024/03/05 11:52:21 IsDone &{0 2024-03-05 11:52:16.914679325 +0800 CST m=+1.048920360 0xc000072300} true
2024/03/05 11:52:21 Order 0 finish Map
2024/03/05 11:52:21 IsDone &{0 2024-03-05 11:52:16.91558683 +0800 CST m=+1.049827866 0xc000072390} true
2024/03/05 11:52:21 Order 1 finish Map
2024/03/05 11:52:22 Coordinator work
2024/03/05 11:52:22 Coordinator status 0
2024/03/05 11:52:22 Coordinator work
2024/03/05 11:52:22 Coordinator status 0
2024/03/05 11:52:25 IsDone &{0 2024-03-05 11:52:22.017726517 +0800 CST m=+6.151967555 0xc0000724b0} true
2024/03/05 11:52:25 Order 3 finish Map
2024/03/05 11:52:25 IsDone &{0 2024-03-05 11:52:22.017124842 +0800 CST m=+6.151365880 0xc000072420} true
2024/03/05 11:52:25 Order 2 finish Map
2024/03/05 11:52:26 Coordinator work
2024/03/05 11:52:26 Coordinator status 0
2024/03/05 11:52:26 Coordinator work
2024/03/05 11:52:26 Coordinator status 0
2024/03/05 11:52:30 IsDone &{0 2024-03-05 11:52:26.930745814 +0800 CST m=+11.064986856 0xc0000725d0} true
2024/03/05 11:52:30 Order 5 finish Map
2024/03/05 11:52:30 IsDone &{0 2024-03-05 11:52:26.92711799 +0800 CST m=+11.061359029 0xc000072540} true
2024/03/05 11:52:30 Order 4 finish Map
2024/03/05 11:52:31 Coordinator work
2024/03/05 11:52:31 Coordinator status 0
2024/03/05 11:52:31 Coordinator work
2024/03/05 11:52:31 Coordinator status 0
2024/03/05 11:52:33 IsDone &{0 2024-03-05 11:52:31.788434656 +0800 CST m=+15.922675695 0xc000072660} true
2024/03/05 11:52:33 Order 6 finish Map
2024/03/05 11:52:33 IsDone &{0 2024-03-05 11:52:31.79713556 +0800 CST m=+15.931376594 0xc0000726f0} true
2024/03/05 11:52:33 Order 7 finish Map
2024/03/05 11:52:34 Coordinator work
2024/03/05 11:52:34 Coordinator status 0
2024/03/05 11:52:34 Map: 8 done vs. 0 working, Reduce 0 done vs. 0 working
2024/03/05 11:52:34 forward: forward to Reuce Phase
2024/03/05 11:52:34 making reduce order : 8
2024/03/05 11:52:34 making reduce order : 9
2024/03/05 11:52:34 making reduce order : 10
2024/03/05 11:52:34 making reduce order : 11
2024/03/05 11:52:34 Coordinator work
2024/03/05 11:52:34 making reduce order : 12
2024/03/05 11:52:34 making reduce order : 13
2024/03/05 11:52:34 making reduce order : 14
2024/03/05 11:52:34 making reduce order : 15
2024/03/05 11:52:34 making reduce order : 16
2024/03/05 11:52:34 making reduce order : 17
2024/03/05 11:52:34 done with make reduce order
2024/03/05 11:52:34 Map: 8 done vs. 0 working, Reduce 0 done vs. 10 working
2024/03/05 11:52:34 Coordinator status 1
2024/03/05 11:52:34 Order 8 finish Reduce
2024/03/05 11:52:35 Coordinator work
2024/03/05 11:52:35 Coordinator status 1
2024/03/05 11:52:35 Order 9 finish Reduce
2024/03/05 11:52:36 Coordinator work
2024/03/05 11:52:36 Coordinator status 1
2024/03/05 11:52:36 Order 10 finish Reduce
2024/03/05 11:52:36 Coordinator work
2024/03/05 11:52:36 Coordinator status 1
2024/03/05 11:52:36 Order 11 finish Reduce
2024/03/05 11:52:37 Coordinator work
2024/03/05 11:52:37 Coordinator status 1
2024/03/05 11:52:37 Order 12 finish Reduce
2024/03/05 11:52:37 Coordinator work
2024/03/05 11:52:37 Coordinator status 1
2024/03/05 11:52:37 Order 13 finish Reduce
2024/03/05 11:52:38 Coordinator work
2024/03/05 11:52:38 Coordinator status 1
2024/03/05 11:52:38 Order 14 finish Reduce
2024/03/05 11:52:38 Coordinator work
2024/03/05 11:52:38 Coordinator status 1
2024/03/05 11:52:38 Order 15 finish Reduce
2024/03/05 11:52:39 Coordinator work
2024/03/05 11:52:39 Coordinator status 1
2024/03/05 11:52:39 Order 16 finish Reduce
2024/03/05 11:52:39 Coordinator work
2024/03/05 11:52:39 Coordinator status 1
2024/03/05 11:52:39 Order 17 finish Reduce
2024/03/05 11:52:40 Coordinator work
2024/03/05 11:52:40 Coordinator status 1
2024/03/05 11:52:40 Map: 8 done vs. 0 working, Reduce 10 done vs. 0 working
2024/03/05 11:52:40 forward: forward to done phase
2024/03/05 11:52:40 Coordinator work
2024/03/05 11:52:40 Coordinator status 2
