2024/03/05 01:03:52 making map order &{0 [../pg-being_ernest.txt] 0 10}
2024/03/05 01:03:52 making map order &{0 [../pg-dorian_gray.txt] 1 10}
2024/03/05 01:03:52 making map order &{0 [../pg-frankenstein.txt] 2 10}
2024/03/05 01:03:52 making map order &{0 [../pg-grimm.txt] 3 10}
2024/03/05 01:03:52 making map order &{0 [../pg-huckleberry_finn.txt] 4 10}
2024/03/05 01:03:52 making map order &{0 [../pg-metamorphosis.txt] 5 10}
2024/03/05 01:03:52 making map order &{0 [../pg-sherlock_holmes.txt] 6 10}
2024/03/05 01:03:52 making map order &{0 [../pg-tom_sawyer.txt] 7 10}
2024/03/05 01:03:52 done with make map order
2024/03/05 01:03:52 Map: 0 done vs. 8 working, Reduce 0 done vs. 0 working
2024/03/05 01:03:53 Coordinator work
2024/03/05 01:03:53 Coordinator status 0
2024/03/05 01:03:53 Coordinator work
2024/03/05 01:03:53 Coordinator status 0
2024/03/05 01:03:53 Coordinator work
2024/03/05 01:03:53 Coordinator status 0
2024/03/05 01:03:53 IsDone &{0 2024-03-05 01:03:53.262205426 +0800 CST m=+1.024789631 0xc0000a3f20} true
2024/03/05 01:03:53 Order 0 finish Map
2024/03/05 01:03:54 IsDone &{0 2024-03-05 01:03:53.268216034 +0800 CST m=+1.030800236 0xc00011c060} true
2024/03/05 01:03:54 Order 2 finish Map
2024/03/05 01:03:54 IsDone &{0 2024-03-05 01:03:53.26238937 +0800 CST m=+1.024973572 0xc0000a3fb0} true
2024/03/05 01:03:54 Order 1 finish Map
2024/03/05 01:03:54 Coordinator work
2024/03/05 01:03:54 Coordinator status 0
2024/03/05 01:03:55 Coordinator work
2024/03/05 01:03:55 Coordinator status 0
2024/03/05 01:03:55 Coordinator work
2024/03/05 01:03:55 Coordinator status 0
2024/03/05 01:03:56 IsDone &{0 2024-03-05 01:03:55.881149671 +0800 CST m=+3.643733870 0xc00011c210} true
2024/03/05 01:03:56 Order 5 finish Map
2024/03/05 01:03:56 IsDone &{0 2024-03-05 01:03:54.995081666 +0800 CST m=+2.757665872 0xc00011c0f0} true
2024/03/05 01:03:56 Order 3 finish Map
2024/03/05 01:03:57 Coordinator work
2024/03/05 01:03:57 Coordinator status 0
2024/03/05 01:03:57 Coordinator work
2024/03/05 01:03:57 Coordinator status 0
2024/03/05 01:03:58 IsDone &{0 2024-03-05 01:03:55.794263395 +0800 CST m=+3.556847601 0xc00011c180} true
2024/03/05 01:03:58 Order 4 finish Map
2024/03/05 01:03:59 IsDone &{0 2024-03-05 01:03:57.625727724 +0800 CST m=+5.388311928 0xc00011c330} true
2024/03/05 01:03:59 Order 7 finish Map
2024/03/05 01:03:59 Coordinator work
2024/03/05 01:03:59 Coordinator status 0
2024/03/05 01:03:59 Map: 7 done vs. 1 working, Reduce 0 done vs. 0 working
2024/03/05 01:03:59 IsDone &{0 2024-03-05 01:03:57.57342281 +0800 CST m=+5.336007012 0xc00011c2a0} true
2024/03/05 01:03:59 Order 6 finish Map
2024/03/05 01:04:00 Coordinator work
2024/03/05 01:04:00 Coordinator status 0
2024/03/05 01:04:00 Map: 8 done vs. 0 working, Reduce 0 done vs. 0 working
2024/03/05 01:04:00 forward: forward to Reuce Phase
2024/03/05 01:04:00 making reduce order : 8
2024/03/05 01:04:00 making reduce order : 9
2024/03/05 01:04:00 making reduce order : 10
2024/03/05 01:04:00 making reduce order : 11
2024/03/05 01:04:00 making reduce order : 12
2024/03/05 01:04:00 making reduce order : 13
2024/03/05 01:04:00 making reduce order : 14
2024/03/05 01:04:00 making reduce order : 15
2024/03/05 01:04:00 making reduce order : 16
2024/03/05 01:04:00 making reduce order : 17
2024/03/05 01:04:00 done with make reduce order
2024/03/05 01:04:00 Map: 8 done vs. 0 working, Reduce 0 done vs. 10 working
2024/03/05 01:04:00 Coordinator work
2024/03/05 01:04:00 Coordinator status 1
2024/03/05 01:04:01 Order 8 finish Reduce
2024/03/05 01:04:01 Coordinator work
2024/03/05 01:04:01 Coordinator status 1
2024/03/05 01:04:01 Order 9 finish Reduce
2024/03/05 01:04:02 Coordinator work
2024/03/05 01:04:02 Coordinator status 1
2024/03/05 01:04:02 Coordinator work
2024/03/05 01:04:02 Coordinator status 1
2024/03/05 01:04:02 Coordinator work
2024/03/05 01:04:02 Coordinator status 1
2024/03/05 01:04:03 Order 11 finish Reduce
2024/03/05 01:04:03 Order 10 finish Reduce
2024/03/05 01:04:03 Order 12 finish Reduce
2024/03/05 01:04:04 Coordinator work
2024/03/05 01:04:04 Coordinator status 1
2024/03/05 01:04:04 Order 13 finish Reduce
2024/03/05 01:04:04 Coordinator work
2024/03/05 01:04:04 Coordinator status 1
2024/03/05 01:04:04 Coordinator work
2024/03/05 01:04:04 Coordinator status 1
2024/03/05 01:04:05 Coordinator work
2024/03/05 01:04:05 Coordinator status 1
2024/03/05 01:04:05 Order 15 finish Reduce
2024/03/05 01:04:06 Order 14 finish Reduce
2024/03/05 01:04:06 Coordinator work
2024/03/05 01:04:06 Coordinator status 1
2024/03/05 01:04:06 Order 16 finish Reduce
2024/03/05 01:04:07 Coordinator work
2024/03/05 01:04:07 Coordinator status 1
2024/03/05 01:04:07 Map: 8 done vs. 0 working, Reduce 9 done vs. 1 working
2024/03/05 01:04:07 Order 17 finish Reduce
2024/03/05 01:04:07 Coordinator work
2024/03/05 01:04:07 Coordinator status 1
2024/03/05 01:04:07 Map: 8 done vs. 0 working, Reduce 10 done vs. 0 working
2024/03/05 01:04:07 forward: forward to done phase
2024/03/05 01:04:08 Coordinator work
2024/03/05 01:04:08 Coordinator status 2
2024/03/05 01:04:09 Coordinator work
2024/03/05 01:04:09 Coordinator status 2
