2024/03/05 05:12:19 making map order &{0 [../pg-being_ernest.txt] 0 10}
2024/03/05 05:12:19 making map order &{0 [../pg-dorian_gray.txt] 1 10}
2024/03/05 05:12:19 making map order &{0 [../pg-frankenstein.txt] 2 10}
2024/03/05 05:12:19 making map order &{0 [../pg-grimm.txt] 3 10}
2024/03/05 05:12:19 making map order &{0 [../pg-huckleberry_finn.txt] 4 10}
2024/03/05 05:12:19 making map order &{0 [../pg-metamorphosis.txt] 5 10}
2024/03/05 05:12:19 making map order &{0 [../pg-sherlock_holmes.txt] 6 10}
2024/03/05 05:12:19 making map order &{0 [../pg-tom_sawyer.txt] 7 10}
2024/03/05 05:12:19 done with make map order
2024/03/05 05:12:19 Map: 0 done vs. 8 working, Reduce 0 done vs. 0 working
2024/03/05 05:12:20 Coordinator work
2024/03/05 05:12:20 Coordinator status 0
2024/03/05 05:12:20 Coordinator work
2024/03/05 05:12:20 Coordinator status 0
2024/03/05 05:12:24 IsDone &{0 2024-03-05 05:12:20.775284564 +0800 CST m=+1.023023757 0xc00007ddd0} true
2024/03/05 05:12:24 Order 0 finish Map
2024/03/05 05:12:24 IsDone &{0 2024-03-05 05:12:20.781848532 +0800 CST m=+1.029587726 0xc00007de60} true
2024/03/05 05:12:24 Order 1 finish Map
2024/03/05 05:12:25 Coordinator work
2024/03/05 05:12:25 Coordinator status 0
2024/03/05 05:12:25 Coordinator work
2024/03/05 05:12:25 Coordinator status 0
2024/03/05 05:12:29 IsDone &{0 2024-03-05 05:12:25.868829665 +0800 CST m=+6.116568856 0xc00007def0} true
2024/03/05 05:12:29 Order 2 finish Map
2024/03/05 05:12:29 IsDone &{0 2024-03-05 05:12:25.883036107 +0800 CST m=+6.130775299 0xc00007df80} true
2024/03/05 05:12:29 Order 3 finish Map
2024/03/05 05:12:30 Coordinator work
2024/03/05 05:12:30 Coordinator status 0
2024/03/05 05:12:30 Coordinator work
2024/03/05 05:12:30 Coordinator status 0
2024/03/05 05:12:34 IsDone &{0 2024-03-05 05:12:30.770408351 +0800 CST m=+11.018147547 0xc000164030} true
2024/03/05 05:12:34 Order 4 finish Map
2024/03/05 05:12:34 IsDone &{0 2024-03-05 05:12:30.785693887 +0800 CST m=+11.033433077 0xc0001640c0} true
2024/03/05 05:12:34 Order 5 finish Map
2024/03/05 05:12:35 Coordinator work
2024/03/05 05:12:35 Coordinator status 0
2024/03/05 05:12:35 Coordinator work
2024/03/05 05:12:35 Coordinator status 0
2024/03/05 05:12:37 IsDone &{0 2024-03-05 05:12:35.64412566 +0800 CST m=+15.891865007 0xc0001641e0} true
2024/03/05 05:12:37 Order 7 finish Map
2024/03/05 05:12:37 IsDone &{0 2024-03-05 05:12:35.638233671 +0800 CST m=+15.885972869 0xc000164150} true
2024/03/05 05:12:37 Order 6 finish Map
2024/03/05 05:12:38 Coordinator work
2024/03/05 05:12:38 Coordinator status 0
2024/03/05 05:12:38 Map: 8 done vs. 0 working, Reduce 0 done vs. 0 working
2024/03/05 05:12:38 forward: forward to Reuce Phase
2024/03/05 05:12:38 making reduce order : 8
2024/03/05 05:12:38 making reduce order : 9
2024/03/05 05:12:38 Coordinator work
2024/03/05 05:12:38 making reduce order : 10
2024/03/05 05:12:38 making reduce order : 11
2024/03/05 05:12:38 making reduce order : 12
2024/03/05 05:12:38 making reduce order : 13
2024/03/05 05:12:38 making reduce order : 14
2024/03/05 05:12:38 making reduce order : 15
2024/03/05 05:12:38 making reduce order : 16
2024/03/05 05:12:38 making reduce order : 17
2024/03/05 05:12:38 done with make reduce order
2024/03/05 05:12:38 Map: 8 done vs. 0 working, Reduce 0 done vs. 10 working
2024/03/05 05:12:38 Coordinator status 1
2024/03/05 05:12:38 Order 8 finish Reduce
2024/03/05 05:12:39 Coordinator work
2024/03/05 05:12:39 Coordinator status 1
2024/03/05 05:12:39 Order 9 finish Reduce
2024/03/05 05:12:40 Coordinator work
2024/03/05 05:12:40 Coordinator status 1
2024/03/05 05:12:40 Order 10 finish Reduce
2024/03/05 05:12:40 Coordinator work
2024/03/05 05:12:40 Coordinator status 1
2024/03/05 05:12:40 Order 11 finish Reduce
2024/03/05 05:12:41 Coordinator work
2024/03/05 05:12:41 Coordinator status 1
2024/03/05 05:12:41 Order 12 finish Reduce
2024/03/05 05:12:41 Coordinator work
2024/03/05 05:12:41 Coordinator status 1
2024/03/05 05:12:41 Order 13 finish Reduce
2024/03/05 05:12:42 Coordinator work
2024/03/05 05:12:42 Coordinator status 1
2024/03/05 05:12:42 Coordinator work
2024/03/05 05:12:42 Coordinator status 1
2024/03/05 05:12:42 Order 14 finish Reduce
2024/03/05 05:12:42 Order 15 finish Reduce
2024/03/05 05:12:43 Coordinator work
2024/03/05 05:12:43 Coordinator status 1
2024/03/05 05:12:43 Order 16 finish Reduce
2024/03/05 05:12:43 Coordinator work
2024/03/05 05:12:43 Coordinator status 1
2024/03/05 05:12:43 Order 17 finish Reduce
2024/03/05 05:12:44 Coordinator work
2024/03/05 05:12:44 Coordinator status 1
2024/03/05 05:12:44 Map: 8 done vs. 0 working, Reduce 10 done vs. 0 working
2024/03/05 05:12:44 forward: forward to done phase
2024/03/05 05:12:44 Coordinator work
2024/03/05 05:12:44 Coordinator status 2
