2024/03/04 23:18:21 making map order &{0 [../pg-being_ernest.txt] 0 10}
2024/03/04 23:18:21 making map order &{0 [../pg-dorian_gray.txt] 1 10}
2024/03/04 23:18:21 making map order &{0 [../pg-frankenstein.txt] 2 10}
2024/03/04 23:18:21 making map order &{0 [../pg-grimm.txt] 3 10}
2024/03/04 23:18:21 making map order &{0 [../pg-huckleberry_finn.txt] 4 10}
2024/03/04 23:18:21 making map order &{0 [../pg-metamorphosis.txt] 5 10}
2024/03/04 23:18:21 making map order &{0 [../pg-sherlock_holmes.txt] 6 10}
2024/03/04 23:18:21 making map order &{0 [../pg-tom_sawyer.txt] 7 10}
2024/03/04 23:18:21 done with make map order
2024/03/04 23:18:21 Map: 0 done vs. 8 working, Reduce 0 done vs. 0 working
2024/03/04 23:18:22 Coordinator work
2024/03/04 23:18:22 Coordinator status 0
2024/03/04 23:18:22 Coordinator work
2024/03/04 23:18:22 Coordinator status 0
2024/03/04 23:18:26 IsDone &{0 2024-03-04 23:18:22.62247817 +0800 CST m=+1.016360577 0xc000072540} true
2024/03/04 23:18:26 Order 0 finish Map
2024/03/04 23:18:26 IsDone &{0 2024-03-04 23:18:22.624975012 +0800 CST m=+1.018857421 0xc0000725d0} true
2024/03/04 23:18:26 Order 1 finish Map
2024/03/04 23:18:27 Coordinator work
2024/03/04 23:18:27 Coordinator status 0
2024/03/04 23:18:27 Coordinator work
2024/03/04 23:18:27 Coordinator status 0
2024/03/04 23:18:31 IsDone &{0 2024-03-04 23:18:27.716040967 +0800 CST m=+6.109923370 0xc000072660} true
2024/03/04 23:18:31 Order 2 finish Map
2024/03/04 23:18:31 IsDone &{0 2024-03-04 23:18:27.730016855 +0800 CST m=+6.123899317 0xc0000726f0} true
2024/03/04 23:18:31 Order 3 finish Map
2024/03/04 23:18:32 Coordinator work
2024/03/04 23:18:32 Coordinator status 0
2024/03/04 23:18:32 Coordinator work
2024/03/04 23:18:32 Coordinator status 0
2024/03/04 23:18:36 IsDone &{0 2024-03-04 23:18:32.618360404 +0800 CST m=+11.012242815 0xc000072780} true
2024/03/04 23:18:36 Order 4 finish Map
2024/03/04 23:18:36 IsDone &{0 2024-03-04 23:18:32.634088473 +0800 CST m=+11.027970883 0xc000072810} true
2024/03/04 23:18:36 Order 5 finish Map
2024/03/04 23:18:37 Coordinator work
2024/03/04 23:18:37 Coordinator status 0
2024/03/04 23:18:37 Coordinator work
2024/03/04 23:18:37 Coordinator status 0
2024/03/04 23:18:39 IsDone &{0 2024-03-04 23:18:37.483495405 +0800 CST m=+15.877377815 0xc0000728a0} true
2024/03/04 23:18:39 Order 6 finish Map
2024/03/04 23:18:39 IsDone &{0 2024-03-04 23:18:37.489556506 +0800 CST m=+15.883438913 0xc000072930} true
2024/03/04 23:18:39 Order 7 finish Map
2024/03/04 23:18:40 Coordinator work
2024/03/04 23:18:40 Coordinator status 0
2024/03/04 23:18:40 Map: 8 done vs. 0 working, Reduce 0 done vs. 0 working
2024/03/04 23:18:40 forward: forward to Reuce Phase
2024/03/04 23:18:40 making reduce order : 8
2024/03/04 23:18:40 making reduce order : 9
2024/03/04 23:18:40 making reduce order : 10
2024/03/04 23:18:40 making reduce order : 11
2024/03/04 23:18:40 making reduce order : 12
2024/03/04 23:18:40 Coordinator work
2024/03/04 23:18:40 making reduce order : 13
2024/03/04 23:18:40 making reduce order : 14
2024/03/04 23:18:40 making reduce order : 15
2024/03/04 23:18:40 making reduce order : 16
2024/03/04 23:18:40 making reduce order : 17
2024/03/04 23:18:40 done with make reduce order
2024/03/04 23:18:40 Map: 8 done vs. 0 working, Reduce 0 done vs. 10 working
2024/03/04 23:18:40 Coordinator status 1
2024/03/04 23:18:40 Order 8 finish Reduce
2024/03/04 23:18:41 Coordinator work
2024/03/04 23:18:41 Coordinator status 1
2024/03/04 23:18:41 Order 9 finish Reduce
2024/03/04 23:18:42 Coordinator work
2024/03/04 23:18:42 Coordinator status 1
2024/03/04 23:18:42 Order 10 finish Reduce
2024/03/04 23:18:42 Coordinator work
2024/03/04 23:18:42 Coordinator status 1
2024/03/04 23:18:42 Order 11 finish Reduce
2024/03/04 23:18:43 Coordinator work
2024/03/04 23:18:43 Coordinator status 1
2024/03/04 23:18:43 Order 12 finish Reduce
2024/03/04 23:18:43 Coordinator work
2024/03/04 23:18:43 Coordinator status 1
2024/03/04 23:18:43 Order 13 finish Reduce
2024/03/04 23:18:44 Coordinator work
2024/03/04 23:18:44 Coordinator status 1
2024/03/04 23:18:44 Order 14 finish Reduce
2024/03/04 23:18:44 Coordinator work
2024/03/04 23:18:44 Coordinator status 1
2024/03/04 23:18:44 Order 15 finish Reduce
2024/03/04 23:18:45 Coordinator work
2024/03/04 23:18:45 Coordinator status 1
2024/03/04 23:18:45 Order 16 finish Reduce
2024/03/04 23:18:45 Coordinator work
2024/03/04 23:18:45 Coordinator status 1
2024/03/04 23:18:45 Order 17 finish Reduce
2024/03/04 23:18:46 Coordinator work
2024/03/04 23:18:46 Coordinator status 1
2024/03/04 23:18:46 Map: 8 done vs. 0 working, Reduce 10 done vs. 0 working
2024/03/04 23:18:46 forward: forward to done phase
2024/03/04 23:18:46 Coordinator work
2024/03/04 23:18:46 Coordinator status 2
