2024/03/05 05:53:23 23 :  call for  1  times
2024/03/05 05:53:23 CallOrder: worker get response &{0 [../pg-dorian_gray.txt] 1 10}
2024/03/05 05:53:23 worker  23 get order:  &{0 [../pg-dorian_gray.txt] 1 10}  order Type 0
2024/03/05 05:53:23 start 1 map
2024/03/05 05:53:23 Worker finish order 1, order type 0
2024/03/05 05:53:24 23 :  call for  2  times
2024/03/05 05:53:24 CallOrder: worker get response &{0 [../pg-grimm.txt] 3 10}
2024/03/05 05:53:24 worker  23 get order:  &{0 [../pg-grimm.txt] 3 10}  order Type 0
2024/03/05 05:53:24 start 3 map
2024/03/05 05:53:24 Worker finish order 3, order type 0
2024/03/05 05:53:25 23 :  call for  3  times
2024/03/05 05:53:25 CallOrder: worker get response &{0 [../pg-metamorphosis.txt] 5 10}
2024/03/05 05:53:25 worker  23 get order:  &{0 [../pg-metamorphosis.txt] 5 10}  order Type 0
2024/03/05 05:53:25 start 5 map
2024/03/05 05:53:25 Worker finish order 5, order type 0
2024/03/05 05:53:26 23 :  call for  4  times
2024/03/05 05:53:26 CallOrder: worker get response &{0 [../pg-tom_sawyer.txt] 7 10}
2024/03/05 05:53:26 worker  23 get order:  &{0 [../pg-tom_sawyer.txt] 7 10}  order Type 0
2024/03/05 05:53:26 start 7 map
2024/03/05 05:53:26 Worker finish order 7, order type 0
2024/03/05 05:53:27 23 :  call for  5  times
2024/03/05 05:53:27 CallOrder: worker get response &{1 [mr-tmp-0-0 mr-tmp-1-0 mr-tmp-2-0 mr-tmp-3-0 mr-tmp-4-0 mr-tmp-5-0 mr-tmp-6-0 mr-tmp-7-0] 8 0}
2024/03/05 05:53:27 worker  23 get order:  &{1 [mr-tmp-0-0 mr-tmp-1-0 mr-tmp-2-0 mr-tmp-3-0 mr-tmp-4-0 mr-tmp-5-0 mr-tmp-6-0 mr-tmp-7-0] 8 0}  order Type 1
2024/03/05 05:53:28 start 8 map
2024/03/05 05:53:28 Worker finish order 8, order type 1
2024/03/05 05:53:29 23 :  call for  6  times
2024/03/05 05:53:29 CallOrder: worker get response &{1 [mr-tmp-0-2 mr-tmp-1-2 mr-tmp-2-2 mr-tmp-3-2 mr-tmp-4-2 mr-tmp-5-2 mr-tmp-6-2 mr-tmp-7-2] 10 0}
2024/03/05 05:53:29 worker  23 get order:  &{1 [mr-tmp-0-2 mr-tmp-1-2 mr-tmp-2-2 mr-tmp-3-2 mr-tmp-4-2 mr-tmp-5-2 mr-tmp-6-2 mr-tmp-7-2] 10 0}  order Type 1
2024/03/05 05:53:30 start 10 map
2024/03/05 05:53:30 Worker finish order 10, order type 1
2024/03/05 05:53:31 23 :  call for  7  times
2024/03/05 05:53:31 CallOrder: worker get response &{1 [mr-tmp-0-4 mr-tmp-1-4 mr-tmp-2-4 mr-tmp-3-4 mr-tmp-4-4 mr-tmp-5-4 mr-tmp-6-4 mr-tmp-7-4] 12 0}
2024/03/05 05:53:31 worker  23 get order:  &{1 [mr-tmp-0-4 mr-tmp-1-4 mr-tmp-2-4 mr-tmp-3-4 mr-tmp-4-4 mr-tmp-5-4 mr-tmp-6-4 mr-tmp-7-4] 12 0}  order Type 1
2024/03/05 05:53:33 start 12 map
2024/03/05 05:53:33 Worker finish order 12, order type 1
2024/03/05 05:53:34 23 :  call for  8  times
2024/03/05 05:53:34 CallOrder: worker get response &{1 [mr-tmp-0-6 mr-tmp-1-6 mr-tmp-2-6 mr-tmp-3-6 mr-tmp-4-6 mr-tmp-5-6 mr-tmp-6-6 mr-tmp-7-6] 14 0}
2024/03/05 05:53:34 worker  23 get order:  &{1 [mr-tmp-0-6 mr-tmp-1-6 mr-tmp-2-6 mr-tmp-3-6 mr-tmp-4-6 mr-tmp-5-6 mr-tmp-6-6 mr-tmp-7-6] 14 0}  order Type 1
2024/03/05 05:53:35 start 14 map
2024/03/05 05:53:35 Worker finish order 14, order type 1
2024/03/05 05:53:36 23 :  call for  9  times
2024/03/05 05:53:36 CallOrder: worker get response &{1 [mr-tmp-0-8 mr-tmp-1-8 mr-tmp-2-8 mr-tmp-3-8 mr-tmp-4-8 mr-tmp-5-8 mr-tmp-6-8 mr-tmp-7-8] 16 0}
2024/03/05 05:53:36 worker  23 get order:  &{1 [mr-tmp-0-8 mr-tmp-1-8 mr-tmp-2-8 mr-tmp-3-8 mr-tmp-4-8 mr-tmp-5-8 mr-tmp-6-8 mr-tmp-7-8] 16 0}  order Type 1
2024/03/05 05:53:36 start 16 map
2024/03/05 05:53:36 Worker finish order 16, order type 1
2024/03/05 05:53:37 23 :  call for  10  times
2024/03/05 05:53:38 CallOrder: worker get response &{3 [] 0 0}
2024/03/05 05:53:38 worker  23 get order:  &{3 [] 0 0}  order Type 3
2024/03/05 05:53:38 23  waiting for order
2024/03/05 05:53:40 23 :  call for  11  times
2024/03/05 05:53:40 CallOrder: worker get response &{4 [] 0 0}
2024/03/05 05:53:40 worker  23 get order:  &{4 [] 0 0}  order Type 4
2024/03/05 05:53:41 23  killed
