2024/03/05 11:56:01 1 :  call for  1  times
2024/03/05 11:56:01 CallOrder: worker get response &{0 [../pg-dorian_gray.txt] 1 10}
2024/03/05 11:56:01 worker  1 get order:  &{0 [../pg-dorian_gray.txt] 1 10}  order Type 0
2024/03/05 11:56:03 start 1 map
2024/03/05 11:56:03 Worker finish order 1, order type 0
2024/03/05 11:56:04 1 :  call for  2  times
2024/03/05 11:56:04 CallOrder: worker get response &{0 [../pg-metamorphosis.txt] 5 10}
2024/03/05 11:56:04 worker  1 get order:  &{0 [../pg-metamorphosis.txt] 5 10}  order Type 0
2024/03/05 11:56:05 start 5 map
2024/03/05 11:56:05 Worker finish order 5, order type 0
2024/03/05 11:56:06 1 :  call for  3  times
2024/03/05 11:56:06 CallOrder: worker get response &{0 [../pg-sherlock_holmes.txt] 6 10}
2024/03/05 11:56:06 worker  1 get order:  &{0 [../pg-sherlock_holmes.txt] 6 10}  order Type 0
2024/03/05 11:56:09 start 6 map
2024/03/05 11:56:09 Worker finish order 6, order type 0
2024/03/05 11:56:10 1 :  call for  4  times
2024/03/05 11:56:10 CallOrder: worker get response &{1 [mr-tmp-0-0 mr-tmp-1-0 mr-tmp-2-0 mr-tmp-3-0 mr-tmp-4-0 mr-tmp-5-0 mr-tmp-6-0 mr-tmp-7-0] 8 0}
2024/03/05 11:56:10 worker  1 get order:  &{1 [mr-tmp-0-0 mr-tmp-1-0 mr-tmp-2-0 mr-tmp-3-0 mr-tmp-4-0 mr-tmp-5-0 mr-tmp-6-0 mr-tmp-7-0] 8 0}  order Type 1
2024/03/05 11:56:11 start 8 map
2024/03/05 11:56:11 Worker finish order 8, order type 1
2024/03/05 11:56:12 1 :  call for  5  times
2024/03/05 11:56:12 CallOrder: worker get response &{1 [mr-tmp-0-2 mr-tmp-1-2 mr-tmp-2-2 mr-tmp-3-2 mr-tmp-4-2 mr-tmp-5-2 mr-tmp-6-2 mr-tmp-7-2] 10 0}
2024/03/05 11:56:12 worker  1 get order:  &{1 [mr-tmp-0-2 mr-tmp-1-2 mr-tmp-2-2 mr-tmp-3-2 mr-tmp-4-2 mr-tmp-5-2 mr-tmp-6-2 mr-tmp-7-2] 10 0}  order Type 1
2024/03/05 11:56:13 start 10 map
2024/03/05 11:56:13 Worker finish order 10, order type 1
2024/03/05 11:56:14 1 :  call for  6  times
2024/03/05 11:56:14 CallOrder: worker get response &{1 [mr-tmp-0-6 mr-tmp-1-6 mr-tmp-2-6 mr-tmp-3-6 mr-tmp-4-6 mr-tmp-5-6 mr-tmp-6-6 mr-tmp-7-6] 14 0}
2024/03/05 11:56:14 worker  1 get order:  &{1 [mr-tmp-0-6 mr-tmp-1-6 mr-tmp-2-6 mr-tmp-3-6 mr-tmp-4-6 mr-tmp-5-6 mr-tmp-6-6 mr-tmp-7-6] 14 0}  order Type 1
2024/03/05 11:56:15 start 14 map
2024/03/05 11:56:15 Worker finish order 14, order type 1
2024/03/05 11:56:16 1 :  call for  7  times
2024/03/05 11:56:16 CallOrder: worker get response &{3 [] 0 0}
2024/03/05 11:56:16 worker  1 get order:  &{3 [] 0 0}  order Type 3
2024/03/05 11:56:16 1  waiting for order
2024/03/05 11:56:18 1 :  call for  8  times
2024/03/05 11:56:18 CallOrder: worker get response &{4 [] 0 0}
2024/03/05 11:56:18 worker  1 get order:  &{4 [] 0 0}  order Type 4
2024/03/05 11:56:19 1  killed
