2024/03/05 13:01:37 37 :  call for  1  times
2024/03/05 13:01:37 CallOrder: worker get response &{0 [../pg-dorian_gray.txt] 1 10}
2024/03/05 13:01:37 worker  37 get order:  &{0 [../pg-dorian_gray.txt] 1 10}  order Type 0
2024/03/05 13:01:39 start 1 map
2024/03/05 13:01:39 Worker finish order 1, order type 0
2024/03/05 13:01:40 37 :  call for  2  times
2024/03/05 13:01:40 CallOrder: worker get response &{0 [../pg-metamorphosis.txt] 5 10}
2024/03/05 13:01:40 worker  37 get order:  &{0 [../pg-metamorphosis.txt] 5 10}  order Type 0
2024/03/05 13:01:41 start 5 map
2024/03/05 13:01:41 Worker finish order 5, order type 0
2024/03/05 13:01:42 37 :  call for  3  times
2024/03/05 13:01:42 CallOrder: worker get response &{0 [../pg-sherlock_holmes.txt] 6 10}
2024/03/05 13:01:42 worker  37 get order:  &{0 [../pg-sherlock_holmes.txt] 6 10}  order Type 0
2024/03/05 13:01:47 start 6 map
2024/03/05 13:01:47 Worker finish order 6, order type 0
2024/03/05 13:01:48 37 :  call for  4  times
2024/03/05 13:01:48 CallOrder: worker get response &{1 [mr-tmp-0-1 mr-tmp-1-1 mr-tmp-2-1 mr-tmp-3-1 mr-tmp-4-1 mr-tmp-5-1 mr-tmp-6-1 mr-tmp-7-1] 9 0}
2024/03/05 13:01:48 worker  37 get order:  &{1 [mr-tmp-0-1 mr-tmp-1-1 mr-tmp-2-1 mr-tmp-3-1 mr-tmp-4-1 mr-tmp-5-1 mr-tmp-6-1 mr-tmp-7-1] 9 0}  order Type 1
2024/03/05 13:01:49 start 9 map
2024/03/05 13:01:49 Worker finish order 9, order type 1
2024/03/05 13:01:50 37 :  call for  5  times
2024/03/05 13:01:50 CallOrder: worker get response &{1 [mr-tmp-0-2 mr-tmp-1-2 mr-tmp-2-2 mr-tmp-3-2 mr-tmp-4-2 mr-tmp-5-2 mr-tmp-6-2 mr-tmp-7-2] 10 0}
2024/03/05 13:01:50 worker  37 get order:  &{1 [mr-tmp-0-2 mr-tmp-1-2 mr-tmp-2-2 mr-tmp-3-2 mr-tmp-4-2 mr-tmp-5-2 mr-tmp-6-2 mr-tmp-7-2] 10 0}  order Type 1
2024/03/05 13:01:51 start 10 map
2024/03/05 13:01:51 Worker finish order 10, order type 1
2024/03/05 13:01:52 37 :  call for  6  times
2024/03/05 13:01:52 CallOrder: worker get response &{1 [mr-tmp-0-7 mr-tmp-1-7 mr-tmp-2-7 mr-tmp-3-7 mr-tmp-4-7 mr-tmp-5-7 mr-tmp-6-7 mr-tmp-7-7] 15 0}
2024/03/05 13:01:52 worker  37 get order:  &{1 [mr-tmp-0-7 mr-tmp-1-7 mr-tmp-2-7 mr-tmp-3-7 mr-tmp-4-7 mr-tmp-5-7 mr-tmp-6-7 mr-tmp-7-7] 15 0}  order Type 1
2024/03/05 13:01:53 start 15 map
2024/03/05 13:01:53 Worker finish order 15, order type 1
2024/03/05 13:01:54 37 :  call for  7  times
2024/03/05 13:01:54 CallOrder: worker get response &{1 [mr-tmp-0-9 mr-tmp-1-9 mr-tmp-2-9 mr-tmp-3-9 mr-tmp-4-9 mr-tmp-5-9 mr-tmp-6-9 mr-tmp-7-9] 17 0}
2024/03/05 13:01:54 worker  37 get order:  &{1 [mr-tmp-0-9 mr-tmp-1-9 mr-tmp-2-9 mr-tmp-3-9 mr-tmp-4-9 mr-tmp-5-9 mr-tmp-6-9 mr-tmp-7-9] 17 0}  order Type 1
2024/03/05 13:01:55 start 17 map
2024/03/05 13:01:55 Worker finish order 17, order type 1
2024/03/05 13:01:56 37 :  call for  8  times
2024/03/05 13:01:56 CallOrder: worker get response &{4 [] 0 0}
2024/03/05 13:01:56 worker  37 get order:  &{4 [] 0 0}  order Type 4
2024/03/05 13:01:57 37  killed
