2024/03/04 22:24:03 3 :  call for  1  times
2024/03/04 22:24:03 CallOrder: worker get response &{0 [../pg-being_ernest.txt] 0 10}
2024/03/04 22:24:03 worker  3 get order:  &{0 [../pg-being_ernest.txt] 0 10}  order Type 0
2024/03/04 22:24:03 start 0 map
2024/03/04 22:24:03 Worker finish order 0, order type 0
2024/03/04 22:24:04 3 :  call for  2  times
2024/03/04 22:24:04 CallOrder: worker get response &{0 [../pg-grimm.txt] 3 10}
2024/03/04 22:24:04 worker  3 get order:  &{0 [../pg-grimm.txt] 3 10}  order Type 0
2024/03/04 22:24:06 start 3 map
2024/03/04 22:24:06 Worker finish order 3, order type 0
2024/03/04 22:24:07 3 :  call for  3  times
2024/03/04 22:24:07 CallOrder: worker get response &{0 [../pg-tom_sawyer.txt] 7 10}
2024/03/04 22:24:07 worker  3 get order:  &{0 [../pg-tom_sawyer.txt] 7 10}  order Type 0
2024/03/04 22:24:09 start 7 map
2024/03/04 22:24:09 Worker finish order 7, order type 0
2024/03/04 22:24:10 3 :  call for  4  times
2024/03/04 22:24:10 CallOrder: worker get response &{2 [] 0 0}
2024/03/04 22:24:10 worker  3 get order:  &{2 [] 0 0}  order Type 2
2024/03/04 22:24:10 3  waiting for order
2024/03/04 22:24:12 3 :  call for  5  times
2024/03/04 22:24:12 CallOrder: worker get response &{1 [mr-tmp-0-3 mr-tmp-1-3 mr-tmp-2-3 mr-tmp-3-3 mr-tmp-4-3 mr-tmp-5-3 mr-tmp-6-3 mr-tmp-7-3] 11 0}
2024/03/04 22:24:12 worker  3 get order:  &{1 [mr-tmp-0-3 mr-tmp-1-3 mr-tmp-2-3 mr-tmp-3-3 mr-tmp-4-3 mr-tmp-5-3 mr-tmp-6-3 mr-tmp-7-3] 11 0}  order Type 1
2024/03/04 22:24:13 start 11 map
2024/03/04 22:24:13 Worker finish order 11, order type 1
2024/03/04 22:24:14 3 :  call for  6  times
2024/03/04 22:24:14 CallOrder: worker get response &{1 [mr-tmp-0-5 mr-tmp-1-5 mr-tmp-2-5 mr-tmp-3-5 mr-tmp-4-5 mr-tmp-5-5 mr-tmp-6-5 mr-tmp-7-5] 13 0}
2024/03/04 22:24:14 worker  3 get order:  &{1 [mr-tmp-0-5 mr-tmp-1-5 mr-tmp-2-5 mr-tmp-3-5 mr-tmp-4-5 mr-tmp-5-5 mr-tmp-6-5 mr-tmp-7-5] 13 0}  order Type 1
2024/03/04 22:24:15 start 13 map
2024/03/04 22:24:15 Worker finish order 13, order type 1
2024/03/04 22:24:16 3 :  call for  7  times
2024/03/04 22:24:16 CallOrder: worker get response &{1 [mr-tmp-0-8 mr-tmp-1-8 mr-tmp-2-8 mr-tmp-3-8 mr-tmp-4-8 mr-tmp-5-8 mr-tmp-6-8 mr-tmp-7-8] 16 0}
2024/03/04 22:24:16 worker  3 get order:  &{1 [mr-tmp-0-8 mr-tmp-1-8 mr-tmp-2-8 mr-tmp-3-8 mr-tmp-4-8 mr-tmp-5-8 mr-tmp-6-8 mr-tmp-7-8] 16 0}  order Type 1
2024/03/04 22:24:16 start 16 map
2024/03/04 22:24:16 Worker finish order 16, order type 1
2024/03/04 22:24:17 3 :  call for  8  times
2024/03/04 22:24:17 CallOrder: worker get response &{3 [] 0 0}
2024/03/04 22:24:17 worker  3 get order:  &{3 [] 0 0}  order Type 3
2024/03/04 22:24:17 3  waiting for order
2024/03/04 22:24:19 3 :  call for  9  times
2024/03/04 22:24:19 dialing:dial unix /var/tmp/824-mr-0: connect: connection refused
