2024/03/05 05:10:12 12 :  call for  1  times
2024/03/05 05:10:12 CallOrder: worker get response &{0 [../pg-dorian_gray.txt] 1 10}
2024/03/05 05:10:12 worker  12 get order:  &{0 [../pg-dorian_gray.txt] 1 10}  order Type 0
2024/03/05 05:10:13 start 1 map
2024/03/05 05:10:13 Worker finish order 1, order type 0
2024/03/05 05:10:14 12 :  call for  2  times
2024/03/05 05:10:14 CallOrder: worker get response &{0 [../pg-huckleberry_finn.txt] 4 10}
2024/03/05 05:10:14 worker  12 get order:  &{0 [../pg-huckleberry_finn.txt] 4 10}  order Type 0
2024/03/05 05:10:14 start 4 map
2024/03/05 05:10:14 Worker finish order 4, order type 0
2024/03/05 05:10:15 12 :  call for  3  times
2024/03/05 05:10:15 CallOrder: worker get response &{2 [] 0 0}
2024/03/05 05:10:15 worker  12 get order:  &{2 [] 0 0}  order Type 2
2024/03/05 05:10:15 12  waiting for order
2024/03/05 05:10:17 12 :  call for  4  times
2024/03/05 05:10:17 CallOrder: worker get response &{1 [mr-tmp-0-1 mr-tmp-1-1 mr-tmp-2-1 mr-tmp-3-1 mr-tmp-4-1 mr-tmp-5-1 mr-tmp-6-1 mr-tmp-7-1] 9 0}
2024/03/05 05:10:17 worker  12 get order:  &{1 [mr-tmp-0-1 mr-tmp-1-1 mr-tmp-2-1 mr-tmp-3-1 mr-tmp-4-1 mr-tmp-5-1 mr-tmp-6-1 mr-tmp-7-1] 9 0}  order Type 1
2024/03/05 05:10:17 start 9 map
2024/03/05 05:10:17 Worker finish order 9, order type 1
2024/03/05 05:10:18 12 :  call for  5  times
2024/03/05 05:10:18 CallOrder: worker get response &{1 [mr-tmp-0-4 mr-tmp-1-4 mr-tmp-2-4 mr-tmp-3-4 mr-tmp-4-4 mr-tmp-5-4 mr-tmp-6-4 mr-tmp-7-4] 12 0}
2024/03/05 05:10:18 worker  12 get order:  &{1 [mr-tmp-0-4 mr-tmp-1-4 mr-tmp-2-4 mr-tmp-3-4 mr-tmp-4-4 mr-tmp-5-4 mr-tmp-6-4 mr-tmp-7-4] 12 0}  order Type 1
2024/03/05 05:10:18 start 12 map
2024/03/05 05:10:18 Worker finish order 12, order type 1
2024/03/05 05:10:19 12 :  call for  6  times
2024/03/05 05:10:19 CallOrder: worker get response &{1 [mr-tmp-0-6 mr-tmp-1-6 mr-tmp-2-6 mr-tmp-3-6 mr-tmp-4-6 mr-tmp-5-6 mr-tmp-6-6 mr-tmp-7-6] 14 0}
2024/03/05 05:10:19 worker  12 get order:  &{1 [mr-tmp-0-6 mr-tmp-1-6 mr-tmp-2-6 mr-tmp-3-6 mr-tmp-4-6 mr-tmp-5-6 mr-tmp-6-6 mr-tmp-7-6] 14 0}  order Type 1
2024/03/05 05:10:22 start 14 map
2024/03/05 05:10:22 Worker finish order 14, order type 1
2024/03/05 05:10:23 12 :  call for  7  times
2024/03/05 05:10:23 CallOrder: worker get response &{4 [] 0 0}
2024/03/05 05:10:23 worker  12 get order:  &{4 [] 0 0}  order Type 4
2024/03/05 05:10:24 12  killed
