2024/03/05 10:03:55 55 :  call for  1  times
2024/03/05 10:03:55 CallOrder: worker get response &{0 [../pg-dorian_gray.txt] 1 10}
2024/03/05 10:03:55 worker  55 get order:  &{0 [../pg-dorian_gray.txt] 1 10}  order Type 0
2024/03/05 10:03:55 start 1 map
2024/03/05 10:03:55 Worker finish order 1, order type 0
2024/03/05 10:03:56 55 :  call for  2  times
2024/03/05 10:03:56 CallOrder: worker get response &{0 [../pg-metamorphosis.txt] 5 10}
2024/03/05 10:03:56 worker  55 get order:  &{0 [../pg-metamorphosis.txt] 5 10}  order Type 0
2024/03/05 10:03:56 start 5 map
2024/03/05 10:03:56 Worker finish order 5, order type 0
2024/03/05 10:03:57 55 :  call for  3  times
2024/03/05 10:03:57 CallOrder: worker get response &{0 [../pg-sherlock_holmes.txt] 6 10}
2024/03/05 10:03:57 worker  55 get order:  &{0 [../pg-sherlock_holmes.txt] 6 10}  order Type 0
2024/03/05 10:03:57 start 6 map
2024/03/05 10:03:57 Worker finish order 6, order type 0
2024/03/05 10:03:58 55 :  call for  4  times
2024/03/05 10:03:58 CallOrder: worker get response &{1 [mr-tmp-0-0 mr-tmp-1-0 mr-tmp-2-0 mr-tmp-3-0 mr-tmp-4-0 mr-tmp-5-0 mr-tmp-6-0 mr-tmp-7-0] 8 0}
2024/03/05 10:03:58 worker  55 get order:  &{1 [mr-tmp-0-0 mr-tmp-1-0 mr-tmp-2-0 mr-tmp-3-0 mr-tmp-4-0 mr-tmp-5-0 mr-tmp-6-0 mr-tmp-7-0] 8 0}  order Type 1
2024/03/05 10:03:58 start 8 map
2024/03/05 10:03:58 Worker finish order 8, order type 1
2024/03/05 10:03:59 55 :  call for  5  times
2024/03/05 10:04:00 CallOrder: worker get response &{1 [mr-tmp-0-2 mr-tmp-1-2 mr-tmp-2-2 mr-tmp-3-2 mr-tmp-4-2 mr-tmp-5-2 mr-tmp-6-2 mr-tmp-7-2] 10 0}
2024/03/05 10:04:00 worker  55 get order:  &{1 [mr-tmp-0-2 mr-tmp-1-2 mr-tmp-2-2 mr-tmp-3-2 mr-tmp-4-2 mr-tmp-5-2 mr-tmp-6-2 mr-tmp-7-2] 10 0}  order Type 1
2024/03/05 10:04:03 start 10 map
2024/03/05 10:04:03 Worker finish order 10, order type 1
2024/03/05 10:04:04 55 :  call for  6  times
2024/03/05 10:04:04 CallOrder: worker get response &{1 [mr-tmp-0-9 mr-tmp-1-9 mr-tmp-2-9 mr-tmp-3-9 mr-tmp-4-9 mr-tmp-5-9 mr-tmp-6-9 mr-tmp-7-9] 17 0}
2024/03/05 10:04:04 worker  55 get order:  &{1 [mr-tmp-0-9 mr-tmp-1-9 mr-tmp-2-9 mr-tmp-3-9 mr-tmp-4-9 mr-tmp-5-9 mr-tmp-6-9 mr-tmp-7-9] 17 0}  order Type 1
2024/03/05 10:04:04 start 17 map
2024/03/05 10:04:04 Worker finish order 17, order type 1
2024/03/05 10:04:05 55 :  call for  7  times
2024/03/05 10:04:05 CallOrder: worker get response &{4 [] 0 0}
2024/03/05 10:04:05 worker  55 get order:  &{4 [] 0 0}  order Type 4
2024/03/05 10:04:06 55  killed
