2024/03/05 02:40:27 27 :  call for  1  times
2024/03/05 02:40:27 CallOrder: worker get response &{0 [../pg-being_ernest.txt] 0 10}
2024/03/05 02:40:27 worker  27 get order:  &{0 [../pg-being_ernest.txt] 0 10}  order Type 0
2024/03/05 02:40:33 start 0 map
2024/03/05 02:40:33 Worker finish order 0, order type 0
2024/03/05 02:40:34 27 :  call for  2  times
2024/03/05 02:40:34 CallOrder: worker get response &{2 [] 0 0}
2024/03/05 02:40:34 worker  27 get order:  &{2 [] 0 0}  order Type 2
2024/03/05 02:40:34 27  waiting for order
2024/03/05 02:40:36 27 :  call for  3  times
2024/03/05 02:40:36 CallOrder: worker get response &{2 [] 0 0}
2024/03/05 02:40:36 worker  27 get order:  &{2 [] 0 0}  order Type 2
2024/03/05 02:40:36 27  waiting for order
2024/03/05 02:40:38 27 :  call for  4  times
2024/03/05 02:40:38 CallOrder: worker get response &{2 [] 0 0}
2024/03/05 02:40:38 worker  27 get order:  &{2 [] 0 0}  order Type 2
2024/03/05 02:40:38 27  waiting for order
2024/03/05 02:40:40 27 :  call for  5  times
2024/03/05 02:40:40 CallOrder: worker get response &{1 [mr-tmp-0-1 mr-tmp-1-1 mr-tmp-2-1 mr-tmp-3-1 mr-tmp-4-1 mr-tmp-5-1 mr-tmp-6-1 mr-tmp-7-1] 9 0}
2024/03/05 02:40:40 worker  27 get order:  &{1 [mr-tmp-0-1 mr-tmp-1-1 mr-tmp-2-1 mr-tmp-3-1 mr-tmp-4-1 mr-tmp-5-1 mr-tmp-6-1 mr-tmp-7-1] 9 0}  order Type 1
2024/03/05 02:40:40 start 9 map
2024/03/05 02:40:40 Worker finish order 9, order type 1
2024/03/05 02:40:41 27 :  call for  6  times
2024/03/05 02:40:41 CallOrder: worker get response &{1 [mr-tmp-0-4 mr-tmp-1-4 mr-tmp-2-4 mr-tmp-3-4 mr-tmp-4-4 mr-tmp-5-4 mr-tmp-6-4 mr-tmp-7-4] 12 0}
2024/03/05 02:40:41 worker  27 get order:  &{1 [mr-tmp-0-4 mr-tmp-1-4 mr-tmp-2-4 mr-tmp-3-4 mr-tmp-4-4 mr-tmp-5-4 mr-tmp-6-4 mr-tmp-7-4] 12 0}  order Type 1
2024/03/05 02:40:41 start 12 map
2024/03/05 02:40:41 Worker finish order 12, order type 1
2024/03/05 02:40:42 27 :  call for  7  times
2024/03/05 02:40:42 CallOrder: worker get response &{1 [mr-tmp-0-8 mr-tmp-1-8 mr-tmp-2-8 mr-tmp-3-8 mr-tmp-4-8 mr-tmp-5-8 mr-tmp-6-8 mr-tmp-7-8] 16 0}
2024/03/05 02:40:42 worker  27 get order:  &{1 [mr-tmp-0-8 mr-tmp-1-8 mr-tmp-2-8 mr-tmp-3-8 mr-tmp-4-8 mr-tmp-5-8 mr-tmp-6-8 mr-tmp-7-8] 16 0}  order Type 1
2024/03/05 02:40:42 start 16 map
2024/03/05 02:40:42 Worker finish order 16, order type 1
2024/03/05 02:40:43 27 :  call for  8  times
2024/03/05 02:40:43 CallOrder: worker get response &{3 [] 0 0}
2024/03/05 02:40:43 worker  27 get order:  &{3 [] 0 0}  order Type 3
2024/03/05 02:40:43 27  waiting for order
2024/03/05 02:40:45 27 :  call for  9  times
2024/03/05 02:40:45 CallOrder: worker get response &{3 [] 0 0}
2024/03/05 02:40:45 worker  27 get order:  &{3 [] 0 0}  order Type 3
2024/03/05 02:40:45 27  waiting for order
2024/03/05 02:40:47 27 :  call for  10  times
2024/03/05 02:40:47 CallOrder: worker get response &{3 [] 0 0}
2024/03/05 02:40:47 worker  27 get order:  &{3 [] 0 0}  order Type 3
2024/03/05 02:40:47 27  waiting for order
2024/03/05 02:40:49 27 :  call for  11  times
2024/03/05 02:40:49 CallOrder: worker get response &{3 [] 0 0}
2024/03/05 02:40:49 worker  27 get order:  &{3 [] 0 0}  order Type 3
2024/03/05 02:40:49 27  waiting for order
2024/03/05 02:40:51 27 :  call for  12  times
2024/03/05 02:40:51 CallOrder: worker get response &{3 [] 0 0}
2024/03/05 02:40:51 worker  27 get order:  &{3 [] 0 0}  order Type 3
2024/03/05 02:40:51 27  waiting for order
2024/03/05 02:40:53 27 :  call for  13  times
2024/03/05 02:40:53 CallOrder: worker get response &{3 [] 0 0}
2024/03/05 02:40:53 worker  27 get order:  &{3 [] 0 0}  order Type 3
2024/03/05 02:40:53 27  waiting for order
2024/03/05 02:40:55 27 :  call for  14  times
2024/03/05 02:40:55 CallOrder: worker get response &{4 [] 0 0}
2024/03/05 02:40:55 worker  27 get order:  &{4 [] 0 0}  order Type 4
2024/03/05 02:40:56 27  killed
