2024/03/05 02:41:58 58 :  call for  1  times
2024/03/05 02:41:58 CallOrder: worker get response &{0 [../pg-being_ernest.txt] 0 10}
2024/03/05 02:41:58 worker  58 get order:  &{0 [../pg-being_ernest.txt] 0 10}  order Type 0
2024/03/05 02:41:58 start 0 map
2024/03/05 02:41:58 Worker finish order 0, order type 0
2024/03/05 02:41:59 58 :  call for  2  times
2024/03/05 02:41:59 CallOrder: worker get response &{0 [../pg-frankenstein.txt] 2 10}
2024/03/05 02:41:59 worker  58 get order:  &{0 [../pg-frankenstein.txt] 2 10}  order Type 0
2024/03/05 02:41:59 start 2 map
2024/03/05 02:41:59 Worker finish order 2, order type 0
2024/03/05 02:42:00 58 :  call for  3  times
2024/03/05 02:42:00 CallOrder: worker get response &{0 [../pg-huckleberry_finn.txt] 4 10}
2024/03/05 02:42:00 worker  58 get order:  &{0 [../pg-huckleberry_finn.txt] 4 10}  order Type 0
2024/03/05 02:42:00 start 4 map
2024/03/05 02:42:00 Worker finish order 4, order type 0
2024/03/05 02:42:01 58 :  call for  4  times
2024/03/05 02:42:01 CallOrder: worker get response &{0 [../pg-tom_sawyer.txt] 7 10}
2024/03/05 02:42:01 worker  58 get order:  &{0 [../pg-tom_sawyer.txt] 7 10}  order Type 0
2024/03/05 02:42:01 start 7 map
2024/03/05 02:42:01 Worker finish order 7, order type 0
2024/03/05 02:42:02 58 :  call for  5  times
2024/03/05 02:42:02 CallOrder: worker get response &{2 [] 0 0}
2024/03/05 02:42:02 worker  58 get order:  &{2 [] 0 0}  order Type 2
2024/03/05 02:42:02 58  waiting for order
2024/03/05 02:42:04 58 :  call for  6  times
2024/03/05 02:42:04 CallOrder: worker get response &{1 [mr-tmp-0-1 mr-tmp-1-1 mr-tmp-2-1 mr-tmp-3-1 mr-tmp-4-1 mr-tmp-5-1 mr-tmp-6-1 mr-tmp-7-1] 9 0}
2024/03/05 02:42:04 worker  58 get order:  &{1 [mr-tmp-0-1 mr-tmp-1-1 mr-tmp-2-1 mr-tmp-3-1 mr-tmp-4-1 mr-tmp-5-1 mr-tmp-6-1 mr-tmp-7-1] 9 0}  order Type 1
2024/03/05 02:42:05 start 9 map
2024/03/05 02:42:05 Worker finish order 9, order type 1
2024/03/05 02:42:06 58 :  call for  7  times
2024/03/05 02:42:06 CallOrder: worker get response &{1 [mr-tmp-0-3 mr-tmp-1-3 mr-tmp-2-3 mr-tmp-3-3 mr-tmp-4-3 mr-tmp-5-3 mr-tmp-6-3 mr-tmp-7-3] 11 0}
2024/03/05 02:42:06 worker  58 get order:  &{1 [mr-tmp-0-3 mr-tmp-1-3 mr-tmp-2-3 mr-tmp-3-3 mr-tmp-4-3 mr-tmp-5-3 mr-tmp-6-3 mr-tmp-7-3] 11 0}  order Type 1
2024/03/05 02:42:08 start 11 map
2024/03/05 02:42:08 Worker finish order 11, order type 1
2024/03/05 02:42:09 58 :  call for  8  times
2024/03/05 02:42:09 CallOrder: worker get response &{1 [mr-tmp-0-5 mr-tmp-1-5 mr-tmp-2-5 mr-tmp-3-5 mr-tmp-4-5 mr-tmp-5-5 mr-tmp-6-5 mr-tmp-7-5] 13 0}
2024/03/05 02:42:09 worker  58 get order:  &{1 [mr-tmp-0-5 mr-tmp-1-5 mr-tmp-2-5 mr-tmp-3-5 mr-tmp-4-5 mr-tmp-5-5 mr-tmp-6-5 mr-tmp-7-5] 13 0}  order Type 1
2024/03/05 02:42:10 start 13 map
2024/03/05 02:42:10 Worker finish order 13, order type 1
2024/03/05 02:42:11 58 :  call for  9  times
2024/03/05 02:42:11 CallOrder: worker get response &{1 [mr-tmp-0-7 mr-tmp-1-7 mr-tmp-2-7 mr-tmp-3-7 mr-tmp-4-7 mr-tmp-5-7 mr-tmp-6-7 mr-tmp-7-7] 15 0}
2024/03/05 02:42:11 worker  58 get order:  &{1 [mr-tmp-0-7 mr-tmp-1-7 mr-tmp-2-7 mr-tmp-3-7 mr-tmp-4-7 mr-tmp-5-7 mr-tmp-6-7 mr-tmp-7-7] 15 0}  order Type 1
2024/03/05 02:42:11 start 15 map
2024/03/05 02:42:11 Worker finish order 15, order type 1
2024/03/05 02:42:12 58 :  call for  10  times
2024/03/05 02:42:12 CallOrder: worker get response &{1 [mr-tmp-0-9 mr-tmp-1-9 mr-tmp-2-9 mr-tmp-3-9 mr-tmp-4-9 mr-tmp-5-9 mr-tmp-6-9 mr-tmp-7-9] 17 0}
2024/03/05 02:42:12 worker  58 get order:  &{1 [mr-tmp-0-9 mr-tmp-1-9 mr-tmp-2-9 mr-tmp-3-9 mr-tmp-4-9 mr-tmp-5-9 mr-tmp-6-9 mr-tmp-7-9] 17 0}  order Type 1
2024/03/05 02:42:13 start 17 map
2024/03/05 02:42:13 Worker finish order 17, order type 1
2024/03/05 02:42:14 58 :  call for  11  times
2024/03/05 02:42:14 CallOrder: worker get response &{3 [] 0 0}
2024/03/05 02:42:14 worker  58 get order:  &{3 [] 0 0}  order Type 3
2024/03/05 02:42:14 58  waiting for order
2024/03/05 02:42:16 58 :  call for  12  times
2024/03/05 02:42:16 dialing:dial unix /var/tmp/824-mr-0: connect: connection refused
