2024/03/05 09:24:57 57 :  call for  1  times
2024/03/05 09:24:57 CallOrder: worker get response &{0 [../pg-metamorphosis.txt] 5 10}
2024/03/05 09:24:57 worker  57 get order:  &{0 [../pg-metamorphosis.txt] 5 10}  order Type 0
2024/03/05 09:24:57 start 5 map
2024/03/05 09:24:57 Worker finish order 5, order type 0
2024/03/05 09:24:58 57 :  call for  2  times
2024/03/05 09:24:58 CallOrder: worker get response &{0 [../pg-sherlock_holmes.txt] 6 10}
2024/03/05 09:24:58 worker  57 get order:  &{0 [../pg-sherlock_holmes.txt] 6 10}  order Type 0
2024/03/05 09:25:06 start 6 map
2024/03/05 09:25:06 Worker finish order 6, order type 0
2024/03/05 09:25:07 57 :  call for  3  times
2024/03/05 09:25:07 CallOrder: worker get response &{2 [] 0 0}
2024/03/05 09:25:07 worker  57 get order:  &{2 [] 0 0}  order Type 2
2024/03/05 09:25:07 57  waiting for order
2024/03/05 09:25:09 57 :  call for  4  times
2024/03/05 09:25:09 CallOrder: worker get response &{2 [] 0 0}
2024/03/05 09:25:09 worker  57 get order:  &{2 [] 0 0}  order Type 2
2024/03/05 09:25:09 57  waiting for order
2024/03/05 09:25:11 57 :  call for  5  times
2024/03/05 09:25:11 CallOrder: worker get response &{2 [] 0 0}
2024/03/05 09:25:11 worker  57 get order:  &{2 [] 0 0}  order Type 2
2024/03/05 09:25:11 57  waiting for order
2024/03/05 09:25:13 57 :  call for  6  times
2024/03/05 09:25:13 CallOrder: worker get response &{2 [] 0 0}
2024/03/05 09:25:13 worker  57 get order:  &{2 [] 0 0}  order Type 2
2024/03/05 09:25:13 57  waiting for order
2024/03/05 09:25:15 57 :  call for  7  times
2024/03/05 09:25:15 CallOrder: worker get response &{2 [] 0 0}
2024/03/05 09:25:15 worker  57 get order:  &{2 [] 0 0}  order Type 2
2024/03/05 09:25:15 57  waiting for order
2024/03/05 09:25:17 57 :  call for  8  times
2024/03/05 09:25:17 CallOrder: worker get response &{2 [] 0 0}
2024/03/05 09:25:17 worker  57 get order:  &{2 [] 0 0}  order Type 2
2024/03/05 09:25:17 57  waiting for order
2024/03/05 09:25:19 57 :  call for  9  times
2024/03/05 09:25:19 CallOrder: worker get response &{1 [mr-tmp-0-2 mr-tmp-1-2 mr-tmp-2-2 mr-tmp-3-2 mr-tmp-4-2 mr-tmp-5-2 mr-tmp-6-2 mr-tmp-7-2] 10 0}
2024/03/05 09:25:19 worker  57 get order:  &{1 [mr-tmp-0-2 mr-tmp-1-2 mr-tmp-2-2 mr-tmp-3-2 mr-tmp-4-2 mr-tmp-5-2 mr-tmp-6-2 mr-tmp-7-2] 10 0}  order Type 1
2024/03/05 09:25:29 start 10 map
2024/03/05 09:25:29 Worker finish order 10, order type 1
2024/03/05 09:25:30 57 :  call for  10  times
2024/03/05 09:25:30 CallOrder: worker get response &{4 [] 0 0}
2024/03/05 09:25:30 worker  57 get order:  &{4 [] 0 0}  order Type 4
2024/03/05 09:25:31 57  killed
