2024/03/05 00:02:45 45 :  call for  1  times
2024/03/05 00:02:45 CallOrder: worker get response &{0 [../pg-being_ernest.txt] 0 10}
2024/03/05 00:02:45 worker  45 get order:  &{0 [../pg-being_ernest.txt] 0 10}  order Type 0
2024/03/05 00:02:45 start 0 map
2024/03/05 00:02:45 Worker finish order 0, order type 0
2024/03/05 00:02:46 45 :  call for  2  times
2024/03/05 00:02:46 CallOrder: worker get response &{0 [../pg-frankenstein.txt] 2 10}
2024/03/05 00:02:46 worker  45 get order:  &{0 [../pg-frankenstein.txt] 2 10}  order Type 0
2024/03/05 00:02:46 start 2 map
2024/03/05 00:02:46 Worker finish order 2, order type 0
2024/03/05 00:02:47 45 :  call for  3  times
2024/03/05 00:02:47 CallOrder: worker get response &{0 [../pg-huckleberry_finn.txt] 4 10}
2024/03/05 00:02:47 worker  45 get order:  &{0 [../pg-huckleberry_finn.txt] 4 10}  order Type 0
2024/03/05 00:02:47 start 4 map
2024/03/05 00:02:47 Worker finish order 4, order type 0
2024/03/05 00:02:48 45 :  call for  4  times
2024/03/05 00:02:48 CallOrder: worker get response &{0 [../pg-tom_sawyer.txt] 7 10}
2024/03/05 00:02:48 worker  45 get order:  &{0 [../pg-tom_sawyer.txt] 7 10}  order Type 0
2024/03/05 00:02:48 start 7 map
2024/03/05 00:02:48 Worker finish order 7, order type 0
2024/03/05 00:02:49 45 :  call for  5  times
2024/03/05 00:02:49 CallOrder: worker get response &{1 [mr-tmp-0-0 mr-tmp-1-0 mr-tmp-2-0 mr-tmp-3-0 mr-tmp-4-0 mr-tmp-5-0 mr-tmp-6-0 mr-tmp-7-0] 8 0}
2024/03/05 00:02:49 worker  45 get order:  &{1 [mr-tmp-0-0 mr-tmp-1-0 mr-tmp-2-0 mr-tmp-3-0 mr-tmp-4-0 mr-tmp-5-0 mr-tmp-6-0 mr-tmp-7-0] 8 0}  order Type 1
2024/03/05 00:02:50 start 8 map
2024/03/05 00:02:50 Worker finish order 8, order type 1
2024/03/05 00:02:51 45 :  call for  6  times
2024/03/05 00:02:51 CallOrder: worker get response &{1 [mr-tmp-0-2 mr-tmp-1-2 mr-tmp-2-2 mr-tmp-3-2 mr-tmp-4-2 mr-tmp-5-2 mr-tmp-6-2 mr-tmp-7-2] 10 0}
2024/03/05 00:02:51 worker  45 get order:  &{1 [mr-tmp-0-2 mr-tmp-1-2 mr-tmp-2-2 mr-tmp-3-2 mr-tmp-4-2 mr-tmp-5-2 mr-tmp-6-2 mr-tmp-7-2] 10 0}  order Type 1
2024/03/05 00:02:52 start 10 map
2024/03/05 00:02:52 Worker finish order 10, order type 1
2024/03/05 00:02:53 45 :  call for  7  times
2024/03/05 00:02:53 CallOrder: worker get response &{1 [mr-tmp-0-4 mr-tmp-1-4 mr-tmp-2-4 mr-tmp-3-4 mr-tmp-4-4 mr-tmp-5-4 mr-tmp-6-4 mr-tmp-7-4] 12 0}
2024/03/05 00:02:53 worker  45 get order:  &{1 [mr-tmp-0-4 mr-tmp-1-4 mr-tmp-2-4 mr-tmp-3-4 mr-tmp-4-4 mr-tmp-5-4 mr-tmp-6-4 mr-tmp-7-4] 12 0}  order Type 1
2024/03/05 00:02:55 start 12 map
2024/03/05 00:02:55 Worker finish order 12, order type 1
2024/03/05 00:02:56 45 :  call for  8  times
2024/03/05 00:02:56 CallOrder: worker get response &{1 [mr-tmp-0-6 mr-tmp-1-6 mr-tmp-2-6 mr-tmp-3-6 mr-tmp-4-6 mr-tmp-5-6 mr-tmp-6-6 mr-tmp-7-6] 14 0}
2024/03/05 00:02:56 worker  45 get order:  &{1 [mr-tmp-0-6 mr-tmp-1-6 mr-tmp-2-6 mr-tmp-3-6 mr-tmp-4-6 mr-tmp-5-6 mr-tmp-6-6 mr-tmp-7-6] 14 0}  order Type 1
2024/03/05 00:02:57 start 14 map
2024/03/05 00:02:57 Worker finish order 14, order type 1
2024/03/05 00:02:58 45 :  call for  9  times
2024/03/05 00:02:58 CallOrder: worker get response &{1 [mr-tmp-0-8 mr-tmp-1-8 mr-tmp-2-8 mr-tmp-3-8 mr-tmp-4-8 mr-tmp-5-8 mr-tmp-6-8 mr-tmp-7-8] 16 0}
2024/03/05 00:02:58 worker  45 get order:  &{1 [mr-tmp-0-8 mr-tmp-1-8 mr-tmp-2-8 mr-tmp-3-8 mr-tmp-4-8 mr-tmp-5-8 mr-tmp-6-8 mr-tmp-7-8] 16 0}  order Type 1
2024/03/05 00:02:58 start 16 map
2024/03/05 00:02:58 Worker finish order 16, order type 1
2024/03/05 00:02:59 45 :  call for  10  times
2024/03/05 00:02:59 CallOrder: worker get response &{3 [] 0 0}
2024/03/05 00:02:59 worker  45 get order:  &{3 [] 0 0}  order Type 3
2024/03/05 00:02:59 45  waiting for order
2024/03/05 00:03:01 45 :  call for  11  times
2024/03/05 00:03:01 CallOrder: worker get response &{3 [] 0 0}
2024/03/05 00:03:01 worker  45 get order:  &{3 [] 0 0}  order Type 3
2024/03/05 00:03:01 45  waiting for order
2024/03/05 00:03:03 45 :  call for  12  times
2024/03/05 00:03:03 dialing:dial unix /var/tmp/824-mr-0: connect: connection refused
