2024/03/04 23:58:24 24 :  call for  1  times
2024/03/04 23:58:24 CallOrder: worker get response &{2 [] 0 0}
2024/03/04 23:58:24 worker  24 get order:  &{2 [] 0 0}  order Type 2
2024/03/04 23:58:24 24  waiting for order
2024/03/04 23:58:26 24 :  call for  2  times
2024/03/04 23:58:26 CallOrder: worker get response &{2 [] 0 0}
2024/03/04 23:58:26 worker  24 get order:  &{2 [] 0 0}  order Type 2
2024/03/04 23:58:26 24  waiting for order
2024/03/04 23:58:28 24 :  call for  3  times
2024/03/04 23:58:28 CallOrder: worker get response &{2 [] 0 0}
2024/03/04 23:58:28 worker  24 get order:  &{2 [] 0 0}  order Type 2
2024/03/04 23:58:28 24  waiting for order
2024/03/04 23:58:30 24 :  call for  4  times
2024/03/04 23:58:31 CallOrder: worker get response &{2 [] 0 0}
2024/03/04 23:58:31 worker  24 get order:  &{2 [] 0 0}  order Type 2
2024/03/04 23:58:31 24  waiting for order
2024/03/04 23:58:33 24 :  call for  5  times
2024/03/04 23:58:33 CallOrder: worker get response &{2 [] 0 0}
2024/03/04 23:58:33 worker  24 get order:  &{2 [] 0 0}  order Type 2
2024/03/04 23:58:33 24  waiting for order
2024/03/04 23:58:35 24 :  call for  6  times
2024/03/04 23:58:35 CallOrder: worker get response &{2 [] 0 0}
2024/03/04 23:58:35 worker  24 get order:  &{2 [] 0 0}  order Type 2
2024/03/04 23:58:35 24  waiting for order
2024/03/04 23:58:37 24 :  call for  7  times
2024/03/04 23:58:37 CallOrder: worker get response &{2 [] 0 0}
2024/03/04 23:58:37 worker  24 get order:  &{2 [] 0 0}  order Type 2
2024/03/04 23:58:37 24  waiting for order
2024/03/04 23:58:39 24 :  call for  8  times
2024/03/04 23:58:39 CallOrder: worker get response &{1 [mr-tmp-0-4 mr-tmp-1-4 mr-tmp-2-4 mr-tmp-3-4 mr-tmp-4-4 mr-tmp-5-4 mr-tmp-6-4 mr-tmp-7-4] 12 0}
2024/03/04 23:58:39 worker  24 get order:  &{1 [mr-tmp-0-4 mr-tmp-1-4 mr-tmp-2-4 mr-tmp-3-4 mr-tmp-4-4 mr-tmp-5-4 mr-tmp-6-4 mr-tmp-7-4] 12 0}  order Type 1
2024/03/04 23:58:39 start 12 map
2024/03/04 23:58:39 Worker finish order 12, order type 1
2024/03/04 23:58:40 24 :  call for  9  times
2024/03/04 23:58:40 CallOrder: worker get response &{1 [mr-tmp-0-7 mr-tmp-1-7 mr-tmp-2-7 mr-tmp-3-7 mr-tmp-4-7 mr-tmp-5-7 mr-tmp-6-7 mr-tmp-7-7] 15 0}
2024/03/04 23:58:40 worker  24 get order:  &{1 [mr-tmp-0-7 mr-tmp-1-7 mr-tmp-2-7 mr-tmp-3-7 mr-tmp-4-7 mr-tmp-5-7 mr-tmp-6-7 mr-tmp-7-7] 15 0}  order Type 1
2024/03/04 23:58:40 start 15 map
2024/03/04 23:58:40 Worker finish order 15, order type 1
2024/03/04 23:58:41 24 :  call for  10  times
2024/03/04 23:58:41 CallOrder: worker get response &{3 [] 0 0}
2024/03/04 23:58:41 worker  24 get order:  &{3 [] 0 0}  order Type 3
2024/03/04 23:58:41 24  waiting for order
2024/03/04 23:58:43 24 :  call for  11  times
2024/03/04 23:58:43 CallOrder: worker get response &{3 [] 0 0}
2024/03/04 23:58:43 worker  24 get order:  &{3 [] 0 0}  order Type 3
2024/03/04 23:58:43 24  waiting for order
2024/03/04 23:58:45 24 :  call for  12  times
2024/03/04 23:58:45 CallOrder: worker get response &{3 [] 0 0}
2024/03/04 23:58:45 worker  24 get order:  &{3 [] 0 0}  order Type 3
2024/03/04 23:58:45 24  waiting for order
2024/03/04 23:58:47 24 :  call for  13  times
2024/03/04 23:58:47 CallOrder: worker get response &{3 [] 0 0}
2024/03/04 23:58:47 worker  24 get order:  &{3 [] 0 0}  order Type 3
2024/03/04 23:58:47 24  waiting for order
2024/03/04 23:58:49 24 :  call for  14  times
2024/03/04 23:58:49 CallOrder: worker get response &{4 [] 0 0}
2024/03/04 23:58:49 worker  24 get order:  &{4 [] 0 0}  order Type 4
2024/03/04 23:58:50 24  killed
