2024/03/04 23:47:59 59 :  call for  1  times
2024/03/04 23:47:59 CallOrder: worker get response &{0 [../pg-dorian_gray.txt] 1 10}
2024/03/04 23:47:59 worker  59 get order:  &{0 [../pg-dorian_gray.txt] 1 10}  order Type 0
2024/03/04 23:48:02 start 1 map
2024/03/04 23:48:02 Worker finish order 1, order type 0
2024/03/04 23:48:03 59 :  call for  2  times
2024/03/04 23:48:03 CallOrder: worker get response &{0 [../pg-metamorphosis.txt] 5 10}
2024/03/04 23:48:03 worker  59 get order:  &{0 [../pg-metamorphosis.txt] 5 10}  order Type 0
2024/03/04 23:48:03 start 5 map
2024/03/04 23:48:03 Worker finish order 5, order type 0
2024/03/04 23:48:04 59 :  call for  3  times
2024/03/04 23:48:04 CallOrder: worker get response &{0 [../pg-sherlock_holmes.txt] 6 10}
2024/03/04 23:48:04 worker  59 get order:  &{0 [../pg-sherlock_holmes.txt] 6 10}  order Type 0
2024/03/04 23:48:06 start 6 map
2024/03/04 23:48:06 Worker finish order 6, order type 0
2024/03/04 23:48:07 59 :  call for  4  times
2024/03/04 23:48:07 CallOrder: worker get response &{1 [mr-tmp-0-0 mr-tmp-1-0 mr-tmp-2-0 mr-tmp-3-0 mr-tmp-4-0 mr-tmp-5-0 mr-tmp-6-0 mr-tmp-7-0] 8 0}
2024/03/04 23:48:07 worker  59 get order:  &{1 [mr-tmp-0-0 mr-tmp-1-0 mr-tmp-2-0 mr-tmp-3-0 mr-tmp-4-0 mr-tmp-5-0 mr-tmp-6-0 mr-tmp-7-0] 8 0}  order Type 1
2024/03/04 23:48:08 start 8 map
2024/03/04 23:48:08 Worker finish order 8, order type 1
2024/03/04 23:48:09 59 :  call for  5  times
2024/03/04 23:48:09 CallOrder: worker get response &{1 [mr-tmp-0-2 mr-tmp-1-2 mr-tmp-2-2 mr-tmp-3-2 mr-tmp-4-2 mr-tmp-5-2 mr-tmp-6-2 mr-tmp-7-2] 10 0}
2024/03/04 23:48:09 worker  59 get order:  &{1 [mr-tmp-0-2 mr-tmp-1-2 mr-tmp-2-2 mr-tmp-3-2 mr-tmp-4-2 mr-tmp-5-2 mr-tmp-6-2 mr-tmp-7-2] 10 0}  order Type 1
2024/03/04 23:48:10 start 10 map
2024/03/04 23:48:10 Worker finish order 10, order type 1
2024/03/04 23:48:11 59 :  call for  6  times
2024/03/04 23:48:11 CallOrder: worker get response &{1 [mr-tmp-0-7 mr-tmp-1-7 mr-tmp-2-7 mr-tmp-3-7 mr-tmp-4-7 mr-tmp-5-7 mr-tmp-6-7 mr-tmp-7-7] 15 0}
2024/03/04 23:48:11 worker  59 get order:  &{1 [mr-tmp-0-7 mr-tmp-1-7 mr-tmp-2-7 mr-tmp-3-7 mr-tmp-4-7 mr-tmp-5-7 mr-tmp-6-7 mr-tmp-7-7] 15 0}  order Type 1
2024/03/04 23:48:12 start 15 map
2024/03/04 23:48:12 Worker finish order 15, order type 1
2024/03/04 23:48:13 59 :  call for  7  times
2024/03/04 23:48:13 CallOrder: worker get response &{1 [mr-tmp-0-9 mr-tmp-1-9 mr-tmp-2-9 mr-tmp-3-9 mr-tmp-4-9 mr-tmp-5-9 mr-tmp-6-9 mr-tmp-7-9] 17 0}
2024/03/04 23:48:13 worker  59 get order:  &{1 [mr-tmp-0-9 mr-tmp-1-9 mr-tmp-2-9 mr-tmp-3-9 mr-tmp-4-9 mr-tmp-5-9 mr-tmp-6-9 mr-tmp-7-9] 17 0}  order Type 1
2024/03/04 23:48:14 start 17 map
2024/03/04 23:48:14 Worker finish order 17, order type 1
2024/03/04 23:48:15 59 :  call for  8  times
2024/03/04 23:48:15 CallOrder: worker get response &{4 [] 0 0}
2024/03/04 23:48:15 worker  59 get order:  &{4 [] 0 0}  order Type 4
2024/03/04 23:48:16 59  killed
