2024/03/05 07:12:19 19 :  call for  1  times
2024/03/05 07:12:19 CallOrder: worker get response &{0 [../pg-grimm.txt] 3 10}
2024/03/05 07:12:19 worker  19 get order:  &{0 [../pg-grimm.txt] 3 10}  order Type 0
2024/03/05 07:12:20 start 3 map
2024/03/05 07:12:20 Worker finish order 3, order type 0
2024/03/05 07:12:21 19 :  call for  2  times
2024/03/05 07:12:21 CallOrder: worker get response &{0 [../pg-sherlock_holmes.txt] 6 10}
2024/03/05 07:12:21 worker  19 get order:  &{0 [../pg-sherlock_holmes.txt] 6 10}  order Type 0
2024/03/05 07:12:26 start 6 map
2024/03/05 07:12:26 Worker finish order 6, order type 0
2024/03/05 07:12:27 19 :  call for  3  times
2024/03/05 07:12:27 CallOrder: worker get response &{2 [] 0 0}
2024/03/05 07:12:27 worker  19 get order:  &{2 [] 0 0}  order Type 2
2024/03/05 07:12:27 19  waiting for order
2024/03/05 07:12:29 19 :  call for  4  times
2024/03/05 07:12:29 CallOrder: worker get response &{2 [] 0 0}
2024/03/05 07:12:29 worker  19 get order:  &{2 [] 0 0}  order Type 2
2024/03/05 07:12:29 19  waiting for order
2024/03/05 07:12:31 19 :  call for  5  times
2024/03/05 07:12:31 CallOrder: worker get response &{0 [../pg-metamorphosis.txt] 5 10}
2024/03/05 07:12:31 worker  19 get order:  &{0 [../pg-metamorphosis.txt] 5 10}  order Type 0
