2024/03/05 00:22:25 25 :  call for  1  times
2024/03/05 00:22:25 CallOrder: worker get response &{0 [../pg-dorian_gray.txt] 1 10}
2024/03/05 00:22:25 worker  25 get order:  &{0 [../pg-dorian_gray.txt] 1 10}  order Type 0
2024/03/05 00:22:25 start 1 map
2024/03/05 00:22:25 Worker finish order 1, order type 0
2024/03/05 00:22:26 25 :  call for  2  times
2024/03/05 00:22:26 CallOrder: worker get response &{0 [../pg-grimm.txt] 3 10}
2024/03/05 00:22:26 worker  25 get order:  &{0 [../pg-grimm.txt] 3 10}  order Type 0
2024/03/05 00:22:26 start 3 map
2024/03/05 00:22:26 Worker finish order 3, order type 0
2024/03/05 00:22:27 25 :  call for  3  times
2024/03/05 00:22:27 CallOrder: worker get response &{0 [../pg-metamorphosis.txt] 5 10}
2024/03/05 00:22:27 worker  25 get order:  &{0 [../pg-metamorphosis.txt] 5 10}  order Type 0
2024/03/05 00:22:27 start 5 map
2024/03/05 00:22:27 Worker finish order 5, order type 0
2024/03/05 00:22:28 25 :  call for  4  times
2024/03/05 00:22:28 CallOrder: worker get response &{0 [../pg-tom_sawyer.txt] 7 10}
2024/03/05 00:22:28 worker  25 get order:  &{0 [../pg-tom_sawyer.txt] 7 10}  order Type 0
2024/03/05 00:22:28 start 7 map
2024/03/05 00:22:28 Worker finish order 7, order type 0
2024/03/05 00:22:29 25 :  call for  5  times
2024/03/05 00:22:29 CallOrder: worker get response &{2 [] 0 0}
2024/03/05 00:22:29 worker  25 get order:  &{2 [] 0 0}  order Type 2
2024/03/05 00:22:29 25  waiting for order
2024/03/05 00:22:31 25 :  call for  6  times
2024/03/05 00:22:31 CallOrder: worker get response &{1 [mr-tmp-0-1 mr-tmp-1-1 mr-tmp-2-1 mr-tmp-3-1 mr-tmp-4-1 mr-tmp-5-1 mr-tmp-6-1 mr-tmp-7-1] 9 0}
2024/03/05 00:22:31 worker  25 get order:  &{1 [mr-tmp-0-1 mr-tmp-1-1 mr-tmp-2-1 mr-tmp-3-1 mr-tmp-4-1 mr-tmp-5-1 mr-tmp-6-1 mr-tmp-7-1] 9 0}  order Type 1
2024/03/05 00:22:32 start 9 map
2024/03/05 00:22:32 Worker finish order 9, order type 1
2024/03/05 00:22:33 25 :  call for  7  times
2024/03/05 00:22:33 CallOrder: worker get response &{1 [mr-tmp-0-3 mr-tmp-1-3 mr-tmp-2-3 mr-tmp-3-3 mr-tmp-4-3 mr-tmp-5-3 mr-tmp-6-3 mr-tmp-7-3] 11 0}
2024/03/05 00:22:33 worker  25 get order:  &{1 [mr-tmp-0-3 mr-tmp-1-3 mr-tmp-2-3 mr-tmp-3-3 mr-tmp-4-3 mr-tmp-5-3 mr-tmp-6-3 mr-tmp-7-3] 11 0}  order Type 1
2024/03/05 00:22:35 start 11 map
2024/03/05 00:22:35 Worker finish order 11, order type 1
2024/03/05 00:22:36 25 :  call for  8  times
2024/03/05 00:22:36 CallOrder: worker get response &{1 [mr-tmp-0-5 mr-tmp-1-5 mr-tmp-2-5 mr-tmp-3-5 mr-tmp-4-5 mr-tmp-5-5 mr-tmp-6-5 mr-tmp-7-5] 13 0}
2024/03/05 00:22:36 worker  25 get order:  &{1 [mr-tmp-0-5 mr-tmp-1-5 mr-tmp-2-5 mr-tmp-3-5 mr-tmp-4-5 mr-tmp-5-5 mr-tmp-6-5 mr-tmp-7-5] 13 0}  order Type 1
2024/03/05 00:22:37 start 13 map
2024/03/05 00:22:37 Worker finish order 13, order type 1
2024/03/05 00:22:38 25 :  call for  9  times
2024/03/05 00:22:38 CallOrder: worker get response &{1 [mr-tmp-0-7 mr-tmp-1-7 mr-tmp-2-7 mr-tmp-3-7 mr-tmp-4-7 mr-tmp-5-7 mr-tmp-6-7 mr-tmp-7-7] 15 0}
2024/03/05 00:22:38 worker  25 get order:  &{1 [mr-tmp-0-7 mr-tmp-1-7 mr-tmp-2-7 mr-tmp-3-7 mr-tmp-4-7 mr-tmp-5-7 mr-tmp-6-7 mr-tmp-7-7] 15 0}  order Type 1
2024/03/05 00:22:38 start 15 map
2024/03/05 00:22:38 Worker finish order 15, order type 1
2024/03/05 00:22:39 25 :  call for  10  times
2024/03/05 00:22:39 CallOrder: worker get response &{1 [mr-tmp-0-9 mr-tmp-1-9 mr-tmp-2-9 mr-tmp-3-9 mr-tmp-4-9 mr-tmp-5-9 mr-tmp-6-9 mr-tmp-7-9] 17 0}
2024/03/05 00:22:39 worker  25 get order:  &{1 [mr-tmp-0-9 mr-tmp-1-9 mr-tmp-2-9 mr-tmp-3-9 mr-tmp-4-9 mr-tmp-5-9 mr-tmp-6-9 mr-tmp-7-9] 17 0}  order Type 1
2024/03/05 00:22:40 start 17 map
2024/03/05 00:22:40 Worker finish order 17, order type 1
2024/03/05 00:22:41 25 :  call for  11  times
2024/03/05 00:22:41 CallOrder: worker get response &{4 [] 0 0}
2024/03/05 00:22:41 worker  25 get order:  &{4 [] 0 0}  order Type 4
2024/03/05 00:22:42 25  killed
