2024/03/04 23:33:06 6 :  call for  1  times
2024/03/04 23:33:06 CallOrder: worker get response &{0 [../pg-dorian_gray.txt] 1 10}
2024/03/04 23:33:06 worker  6 get order:  &{0 [../pg-dorian_gray.txt] 1 10}  order Type 0
2024/03/04 23:33:06 start 1 map
2024/03/04 23:33:06 Worker finish order 1, order type 0
2024/03/04 23:33:07 6 :  call for  2  times
2024/03/04 23:33:07 CallOrder: worker get response &{0 [../pg-huckleberry_finn.txt] 4 10}
2024/03/04 23:33:07 worker  6 get order:  &{0 [../pg-huckleberry_finn.txt] 4 10}  order Type 0
2024/03/04 23:33:07 start 4 map
2024/03/04 23:33:07 Worker finish order 4, order type 0
2024/03/04 23:33:08 6 :  call for  3  times
2024/03/04 23:33:08 CallOrder: worker get response &{0 [../pg-sherlock_holmes.txt] 6 10}
2024/03/04 23:33:08 worker  6 get order:  &{0 [../pg-sherlock_holmes.txt] 6 10}  order Type 0
2024/03/04 23:33:08 start 6 map
2024/03/04 23:33:08 Worker finish order 6, order type 0
2024/03/04 23:33:09 6 :  call for  4  times
2024/03/04 23:33:09 CallOrder: worker get response &{0 [../pg-tom_sawyer.txt] 7 10}
2024/03/04 23:33:09 worker  6 get order:  &{0 [../pg-tom_sawyer.txt] 7 10}  order Type 0
2024/03/04 23:33:09 start 7 map
2024/03/04 23:33:09 Worker finish order 7, order type 0
2024/03/04 23:33:10 6 :  call for  5  times
2024/03/04 23:33:10 CallOrder: worker get response &{2 [] 0 0}
2024/03/04 23:33:10 worker  6 get order:  &{2 [] 0 0}  order Type 2
2024/03/04 23:33:10 6  waiting for order
2024/03/04 23:33:12 6 :  call for  6  times
2024/03/04 23:33:12 CallOrder: worker get response &{2 [] 0 0}
2024/03/04 23:33:12 worker  6 get order:  &{2 [] 0 0}  order Type 2
2024/03/04 23:33:12 6  waiting for order
2024/03/04 23:33:14 6 :  call for  7  times
2024/03/04 23:33:14 CallOrder: worker get response &{2 [] 0 0}
2024/03/04 23:33:14 worker  6 get order:  &{2 [] 0 0}  order Type 2
2024/03/04 23:33:14 6  waiting for order
2024/03/04 23:33:16 6 :  call for  8  times
2024/03/04 23:33:16 CallOrder: worker get response &{2 [] 0 0}
2024/03/04 23:33:16 worker  6 get order:  &{2 [] 0 0}  order Type 2
2024/03/04 23:33:16 6  waiting for order
2024/03/04 23:33:18 6 :  call for  9  times
2024/03/04 23:33:18 CallOrder: worker get response &{0 [../pg-frankenstein.txt] 2 10}
2024/03/04 23:33:18 worker  6 get order:  &{0 [../pg-frankenstein.txt] 2 10}  order Type 0
2024/03/04 23:33:24 start 2 map
2024/03/04 23:33:24 Worker finish order 2, order type 0
2024/03/04 23:33:25 6 :  call for  10  times
2024/03/04 23:33:25 CallOrder: worker get response &{2 [] 0 0}
2024/03/04 23:33:25 worker  6 get order:  &{2 [] 0 0}  order Type 2
2024/03/04 23:33:25 6  waiting for order
2024/03/04 23:33:27 6 :  call for  11  times
2024/03/04 23:33:27 CallOrder: worker get response &{2 [] 0 0}
2024/03/04 23:33:27 worker  6 get order:  &{2 [] 0 0}  order Type 2
2024/03/04 23:33:27 6  waiting for order
2024/03/04 23:33:29 6 :  call for  12  times
2024/03/04 23:33:29 CallOrder: worker get response &{0 [../pg-being_ernest.txt] 0 10}
2024/03/04 23:33:29 worker  6 get order:  &{0 [../pg-being_ernest.txt] 0 10}  order Type 0
