2024/03/05 09:07:11 11 :  call for  1  times
2024/03/05 09:07:11 CallOrder: worker get response &{0 [../pg-being_ernest.txt] 0 10}
2024/03/05 09:07:11 worker  11 get order:  &{0 [../pg-being_ernest.txt] 0 10}  order Type 0
2024/03/05 09:07:11 start 0 map
2024/03/05 09:07:11 Worker finish order 0, order type 0
2024/03/05 09:07:12 11 :  call for  2  times
2024/03/05 09:07:12 CallOrder: worker get response &{0 [../pg-grimm.txt] 3 10}
2024/03/05 09:07:12 worker  11 get order:  &{0 [../pg-grimm.txt] 3 10}  order Type 0
2024/03/05 09:07:12 start 3 map
2024/03/05 09:07:12 Worker finish order 3, order type 0
2024/03/05 09:07:13 11 :  call for  3  times
2024/03/05 09:07:13 CallOrder: worker get response &{0 [../pg-tom_sawyer.txt] 7 10}
2024/03/05 09:07:13 worker  11 get order:  &{0 [../pg-tom_sawyer.txt] 7 10}  order Type 0
2024/03/05 09:07:13 start 7 map
2024/03/05 09:07:13 Worker finish order 7, order type 0
2024/03/05 09:07:14 11 :  call for  4  times
2024/03/05 09:07:14 CallOrder: worker get response &{2 [] 0 0}
2024/03/05 09:07:14 worker  11 get order:  &{2 [] 0 0}  order Type 2
2024/03/05 09:07:14 11  waiting for order
2024/03/05 09:07:16 11 :  call for  5  times
2024/03/05 09:07:16 CallOrder: worker get response &{1 [mr-tmp-0-4 mr-tmp-1-4 mr-tmp-2-4 mr-tmp-3-4 mr-tmp-4-4 mr-tmp-5-4 mr-tmp-6-4 mr-tmp-7-4] 12 0}
2024/03/05 09:07:16 worker  11 get order:  &{1 [mr-tmp-0-4 mr-tmp-1-4 mr-tmp-2-4 mr-tmp-3-4 mr-tmp-4-4 mr-tmp-5-4 mr-tmp-6-4 mr-tmp-7-4] 12 0}  order Type 1
2024/03/05 09:07:16 start 12 map
2024/03/05 09:07:16 Worker finish order 12, order type 1
2024/03/05 09:07:17 11 :  call for  6  times
2024/03/05 09:07:17 CallOrder: worker get response &{1 [mr-tmp-0-6 mr-tmp-1-6 mr-tmp-2-6 mr-tmp-3-6 mr-tmp-4-6 mr-tmp-5-6 mr-tmp-6-6 mr-tmp-7-6] 14 0}
2024/03/05 09:07:17 worker  11 get order:  &{1 [mr-tmp-0-6 mr-tmp-1-6 mr-tmp-2-6 mr-tmp-3-6 mr-tmp-4-6 mr-tmp-5-6 mr-tmp-6-6 mr-tmp-7-6] 14 0}  order Type 1
2024/03/05 09:07:20 start 14 map
2024/03/05 09:07:20 Worker finish order 14, order type 1
2024/03/05 09:07:21 11 :  call for  7  times
2024/03/05 09:07:21 CallOrder: worker get response &{4 [] 0 0}
2024/03/05 09:07:21 worker  11 get order:  &{4 [] 0 0}  order Type 4
2024/03/05 09:07:22 11  killed
