2024/03/04 22:10:48 48 :  call for  1  times
2024/03/04 22:10:48 CallOrder: worker get response &{0 [../pg-being_ernest.txt] 0 10}
2024/03/04 22:10:48 worker  48 get order:  &{0 [../pg-being_ernest.txt] 0 10}  order Type 0
2024/03/04 22:10:49 start 0 map
2024/03/04 22:10:49 Worker finish order 0, order type 0
2024/03/04 22:10:50 48 :  call for  2  times
2024/03/04 22:10:50 CallOrder: worker get response &{0 [../pg-tom_sawyer.txt] 7 10}
2024/03/04 22:10:50 worker  48 get order:  &{0 [../pg-tom_sawyer.txt] 7 10}  order Type 0
2024/03/04 22:10:57 start 7 map
2024/03/04 22:10:57 Worker finish order 7, order type 0
2024/03/04 22:10:58 48 :  call for  3  times
2024/03/04 22:10:58 CallOrder: worker get response &{2 [] 0 0}
2024/03/04 22:10:58 worker  48 get order:  &{2 [] 0 0}  order Type 2
2024/03/04 22:10:58 48  waiting for order
2024/03/04 22:11:00 48 :  call for  4  times
2024/03/04 22:11:00 CallOrder: worker get response &{2 [] 0 0}
2024/03/04 22:11:00 worker  48 get order:  &{2 [] 0 0}  order Type 2
2024/03/04 22:11:00 48  waiting for order
2024/03/04 22:11:02 48 :  call for  5  times
2024/03/04 22:11:02 CallOrder: worker get response &{2 [] 0 0}
2024/03/04 22:11:02 worker  48 get order:  &{2 [] 0 0}  order Type 2
2024/03/04 22:11:02 48  waiting for order
2024/03/04 22:11:04 48 :  call for  6  times
2024/03/04 22:11:04 CallOrder: worker get response &{2 [] 0 0}
2024/03/04 22:11:04 worker  48 get order:  &{2 [] 0 0}  order Type 2
2024/03/04 22:11:04 48  waiting for order
2024/03/04 22:11:06 48 :  call for  7  times
2024/03/04 22:11:06 CallOrder: worker get response &{2 [] 0 0}
2024/03/04 22:11:06 worker  48 get order:  &{2 [] 0 0}  order Type 2
2024/03/04 22:11:06 48  waiting for order
2024/03/04 22:11:08 48 :  call for  8  times
2024/03/04 22:11:08 CallOrder: worker get response &{2 [] 0 0}
2024/03/04 22:11:08 worker  48 get order:  &{2 [] 0 0}  order Type 2
2024/03/04 22:11:08 48  waiting for order
2024/03/04 22:11:10 48 :  call for  9  times
2024/03/04 22:11:10 CallOrder: worker get response &{2 [] 0 0}
2024/03/04 22:11:10 worker  48 get order:  &{2 [] 0 0}  order Type 2
2024/03/04 22:11:10 48  waiting for order
2024/03/04 22:11:12 48 :  call for  10  times
2024/03/04 22:11:12 CallOrder: worker get response &{2 [] 0 0}
2024/03/04 22:11:12 worker  48 get order:  &{2 [] 0 0}  order Type 2
2024/03/04 22:11:12 48  waiting for order
2024/03/04 22:11:14 48 :  call for  11  times
2024/03/04 22:11:14 CallOrder: worker get response &{2 [] 0 0}
2024/03/04 22:11:14 worker  48 get order:  &{2 [] 0 0}  order Type 2
2024/03/04 22:11:14 48  waiting for order
2024/03/04 22:11:16 48 :  call for  12  times
2024/03/04 22:11:16 CallOrder: worker get response &{2 [] 0 0}
2024/03/04 22:11:16 worker  48 get order:  &{2 [] 0 0}  order Type 2
2024/03/04 22:11:16 48  waiting for order
2024/03/04 22:11:18 48 :  call for  13  times
2024/03/04 22:11:18 CallOrder: worker get response &{2 [] 0 0}
2024/03/04 22:11:18 worker  48 get order:  &{2 [] 0 0}  order Type 2
2024/03/04 22:11:18 48  waiting for order
2024/03/04 22:11:20 48 :  call for  14  times
2024/03/04 22:11:20 CallOrder: worker get response &{2 [] 0 0}
2024/03/04 22:11:20 worker  48 get order:  &{2 [] 0 0}  order Type 2
2024/03/04 22:11:20 48  waiting for order
2024/03/04 22:11:22 48 :  call for  15  times
2024/03/04 22:11:22 CallOrder: worker get response &{2 [] 0 0}
2024/03/04 22:11:22 worker  48 get order:  &{2 [] 0 0}  order Type 2
2024/03/04 22:11:22 48  waiting for order
2024/03/04 22:11:24 48 :  call for  16  times
2024/03/04 22:11:24 CallOrder: worker get response &{2 [] 0 0}
2024/03/04 22:11:24 worker  48 get order:  &{2 [] 0 0}  order Type 2
2024/03/04 22:11:24 48  waiting for order
2024/03/04 22:11:26 48 :  call for  17  times
2024/03/04 22:11:26 CallOrder: worker get response &{2 [] 0 0}
2024/03/04 22:11:26 worker  48 get order:  &{2 [] 0 0}  order Type 2
2024/03/04 22:11:26 48  waiting for order
2024/03/04 22:11:28 48 :  call for  18  times
2024/03/04 22:11:28 CallOrder: worker get response &{2 [] 0 0}
2024/03/04 22:11:28 worker  48 get order:  &{2 [] 0 0}  order Type 2
2024/03/04 22:11:28 48  waiting for order
2024/03/04 22:11:30 48 :  call for  19  times
2024/03/04 22:11:30 CallOrder: worker get response &{2 [] 0 0}
2024/03/04 22:11:30 worker  48 get order:  &{2 [] 0 0}  order Type 2
2024/03/04 22:11:30 48  waiting for order
2024/03/04 22:11:32 48 :  call for  20  times
2024/03/04 22:11:32 CallOrder: worker get response &{2 [] 0 0}
2024/03/04 22:11:32 worker  48 get order:  &{2 [] 0 0}  order Type 2
2024/03/04 22:11:32 48  waiting for order
2024/03/04 22:11:34 48 :  call for  21  times
2024/03/04 22:11:34 CallOrder: worker get response &{2 [] 0 0}
2024/03/04 22:11:34 worker  48 get order:  &{2 [] 0 0}  order Type 2
2024/03/04 22:11:34 48  waiting for order
2024/03/04 22:11:36 48 :  call for  22  times
2024/03/04 22:11:36 CallOrder: worker get response &{2 [] 0 0}
2024/03/04 22:11:36 worker  48 get order:  &{2 [] 0 0}  order Type 2
2024/03/04 22:11:36 48  waiting for order
2024/03/04 22:11:38 48 :  call for  23  times
2024/03/04 22:11:38 CallOrder: worker get response &{2 [] 0 0}
2024/03/04 22:11:38 worker  48 get order:  &{2 [] 0 0}  order Type 2
2024/03/04 22:11:38 48  waiting for order
2024/03/04 22:11:40 48 :  call for  24  times
2024/03/04 22:11:40 CallOrder: worker get response &{2 [] 0 0}
2024/03/04 22:11:40 worker  48 get order:  &{2 [] 0 0}  order Type 2
2024/03/04 22:11:40 48  waiting for order
2024/03/04 22:11:42 48 :  call for  25  times
2024/03/04 22:11:42 CallOrder: worker get response &{2 [] 0 0}
2024/03/04 22:11:42 worker  48 get order:  &{2 [] 0 0}  order Type 2
2024/03/04 22:11:42 48  waiting for order
2024/03/04 22:11:44 48 :  call for  26  times
2024/03/04 22:11:44 CallOrder: worker get response &{2 [] 0 0}
2024/03/04 22:11:44 worker  48 get order:  &{2 [] 0 0}  order Type 2
2024/03/04 22:11:44 48  waiting for order
2024/03/04 22:11:46 48 :  call for  27  times
2024/03/04 22:11:46 CallOrder: worker get response &{2 [] 0 0}
2024/03/04 22:11:46 worker  48 get order:  &{2 [] 0 0}  order Type 2
2024/03/04 22:11:46 48  waiting for order
2024/03/04 22:11:48 48 :  call for  28  times
2024/03/04 22:11:48 CallOrder: worker get response &{1 [mr-tmp-0-0 mr-tmp-1-0 mr-tmp-2-0 mr-tmp-3-0 mr-tmp-4-0 mr-tmp-5-0 mr-tmp-6-0 mr-tmp-7-0] 8 0}
2024/03/04 22:11:48 worker  48 get order:  &{1 [mr-tmp-0-0 mr-tmp-1-0 mr-tmp-2-0 mr-tmp-3-0 mr-tmp-4-0 mr-tmp-5-0 mr-tmp-6-0 mr-tmp-7-0] 8 0}  order Type 1
