2024/03/04 23:15:42 42 :  call for  1  times
2024/03/04 23:15:42 CallOrder: worker get response &{0 [../pg-dorian_gray.txt] 1 10}
2024/03/04 23:15:42 worker  42 get order:  &{0 [../pg-dorian_gray.txt] 1 10}  order Type 0
2024/03/04 23:15:46 start 1 map
2024/03/04 23:15:46 Worker finish order 1, order type 0
2024/03/04 23:15:47 42 :  call for  2  times
2024/03/04 23:15:47 CallOrder: worker get response &{0 [../pg-grimm.txt] 3 10}
2024/03/04 23:15:47 worker  42 get order:  &{0 [../pg-grimm.txt] 3 10}  order Type 0
2024/03/04 23:15:51 start 3 map
2024/03/04 23:15:51 Worker finish order 3, order type 0
2024/03/04 23:15:52 42 :  call for  3  times
2024/03/04 23:15:52 CallOrder: worker get response &{0 [../pg-metamorphosis.txt] 5 10}
2024/03/04 23:15:52 worker  42 get order:  &{0 [../pg-metamorphosis.txt] 5 10}  order Type 0
2024/03/04 23:15:56 start 5 map
2024/03/04 23:15:56 Worker finish order 5, order type 0
2024/03/04 23:15:57 42 :  call for  4  times
2024/03/04 23:15:57 CallOrder: worker get response &{0 [../pg-tom_sawyer.txt] 7 10}
2024/03/04 23:15:57 worker  42 get order:  &{0 [../pg-tom_sawyer.txt] 7 10}  order Type 0
2024/03/04 23:15:59 start 7 map
2024/03/04 23:15:59 Worker finish order 7, order type 0
2024/03/04 23:16:00 42 :  call for  5  times
2024/03/04 23:16:00 CallOrder: worker get response &{1 [mr-tmp-0-0 mr-tmp-1-0 mr-tmp-2-0 mr-tmp-3-0 mr-tmp-4-0 mr-tmp-5-0 mr-tmp-6-0 mr-tmp-7-0] 8 0}
2024/03/04 23:16:00 worker  42 get order:  &{1 [mr-tmp-0-0 mr-tmp-1-0 mr-tmp-2-0 mr-tmp-3-0 mr-tmp-4-0 mr-tmp-5-0 mr-tmp-6-0 mr-tmp-7-0] 8 0}  order Type 1
2024/03/04 23:16:00 start 8 map
2024/03/04 23:16:00 Worker finish order 8, order type 1
2024/03/04 23:16:01 42 :  call for  6  times
2024/03/04 23:16:01 CallOrder: worker get response &{1 [mr-tmp-0-1 mr-tmp-1-1 mr-tmp-2-1 mr-tmp-3-1 mr-tmp-4-1 mr-tmp-5-1 mr-tmp-6-1 mr-tmp-7-1] 9 0}
2024/03/04 23:16:01 worker  42 get order:  &{1 [mr-tmp-0-1 mr-tmp-1-1 mr-tmp-2-1 mr-tmp-3-1 mr-tmp-4-1 mr-tmp-5-1 mr-tmp-6-1 mr-tmp-7-1] 9 0}  order Type 1
2024/03/04 23:16:01 start 9 map
2024/03/04 23:16:01 Worker finish order 9, order type 1
2024/03/04 23:16:02 42 :  call for  7  times
2024/03/04 23:16:02 CallOrder: worker get response &{1 [mr-tmp-0-3 mr-tmp-1-3 mr-tmp-2-3 mr-tmp-3-3 mr-tmp-4-3 mr-tmp-5-3 mr-tmp-6-3 mr-tmp-7-3] 11 0}
2024/03/04 23:16:02 worker  42 get order:  &{1 [mr-tmp-0-3 mr-tmp-1-3 mr-tmp-2-3 mr-tmp-3-3 mr-tmp-4-3 mr-tmp-5-3 mr-tmp-6-3 mr-tmp-7-3] 11 0}  order Type 1
2024/03/04 23:16:02 start 11 map
2024/03/04 23:16:02 Worker finish order 11, order type 1
2024/03/04 23:16:03 42 :  call for  8  times
2024/03/04 23:16:03 CallOrder: worker get response &{1 [mr-tmp-0-5 mr-tmp-1-5 mr-tmp-2-5 mr-tmp-3-5 mr-tmp-4-5 mr-tmp-5-5 mr-tmp-6-5 mr-tmp-7-5] 13 0}
2024/03/04 23:16:03 worker  42 get order:  &{1 [mr-tmp-0-5 mr-tmp-1-5 mr-tmp-2-5 mr-tmp-3-5 mr-tmp-4-5 mr-tmp-5-5 mr-tmp-6-5 mr-tmp-7-5] 13 0}  order Type 1
2024/03/04 23:16:03 start 13 map
2024/03/04 23:16:03 Worker finish order 13, order type 1
2024/03/04 23:16:04 42 :  call for  9  times
2024/03/04 23:16:04 CallOrder: worker get response &{1 [mr-tmp-0-7 mr-tmp-1-7 mr-tmp-2-7 mr-tmp-3-7 mr-tmp-4-7 mr-tmp-5-7 mr-tmp-6-7 mr-tmp-7-7] 15 0}
2024/03/04 23:16:04 worker  42 get order:  &{1 [mr-tmp-0-7 mr-tmp-1-7 mr-tmp-2-7 mr-tmp-3-7 mr-tmp-4-7 mr-tmp-5-7 mr-tmp-6-7 mr-tmp-7-7] 15 0}  order Type 1
2024/03/04 23:16:04 start 15 map
2024/03/04 23:16:04 Worker finish order 15, order type 1
2024/03/04 23:16:05 42 :  call for  10  times
2024/03/04 23:16:05 CallOrder: worker get response &{1 [mr-tmp-0-9 mr-tmp-1-9 mr-tmp-2-9 mr-tmp-3-9 mr-tmp-4-9 mr-tmp-5-9 mr-tmp-6-9 mr-tmp-7-9] 17 0}
2024/03/04 23:16:05 worker  42 get order:  &{1 [mr-tmp-0-9 mr-tmp-1-9 mr-tmp-2-9 mr-tmp-3-9 mr-tmp-4-9 mr-tmp-5-9 mr-tmp-6-9 mr-tmp-7-9] 17 0}  order Type 1
2024/03/04 23:16:05 start 17 map
2024/03/04 23:16:05 Worker finish order 17, order type 1
2024/03/04 23:16:06 42 :  call for  11  times
2024/03/04 23:16:06 CallOrder: worker get response &{4 [] 0 0}
2024/03/04 23:16:06 worker  42 get order:  &{4 [] 0 0}  order Type 4
2024/03/04 23:16:07 42  killed
