2024/03/05 07:15:33 33 :  call for  1  times
2024/03/05 07:15:33 CallOrder: worker get response &{0 [../pg-grimm.txt] 3 10}
2024/03/05 07:15:33 worker  33 get order:  &{0 [../pg-grimm.txt] 3 10}  order Type 0
2024/03/05 07:15:38 start 3 map
2024/03/05 07:15:38 Worker finish order 3, order type 0
2024/03/05 07:15:39 33 :  call for  2  times
2024/03/05 07:15:39 CallOrder: worker get response &{2 [] 0 0}
2024/03/05 07:15:39 worker  33 get order:  &{2 [] 0 0}  order Type 2
2024/03/05 07:15:39 33  waiting for order
2024/03/05 07:15:41 33 :  call for  3  times
2024/03/05 07:15:41 CallOrder: worker get response &{2 [] 0 0}
2024/03/05 07:15:41 worker  33 get order:  &{2 [] 0 0}  order Type 2
2024/03/05 07:15:41 33  waiting for order
2024/03/05 07:15:43 33 :  call for  4  times
2024/03/05 07:15:43 CallOrder: worker get response &{2 [] 0 0}
2024/03/05 07:15:43 worker  33 get order:  &{2 [] 0 0}  order Type 2
2024/03/05 07:15:43 33  waiting for order
2024/03/05 07:15:45 33 :  call for  5  times
2024/03/05 07:15:45 CallOrder: worker get response &{2 [] 0 0}
2024/03/05 07:15:45 worker  33 get order:  &{2 [] 0 0}  order Type 2
2024/03/05 07:15:45 33  waiting for order
2024/03/05 07:15:47 33 :  call for  6  times
2024/03/05 07:15:47 CallOrder: worker get response &{2 [] 0 0}
2024/03/05 07:15:47 worker  33 get order:  &{2 [] 0 0}  order Type 2
2024/03/05 07:15:47 33  waiting for order
2024/03/05 07:15:49 33 :  call for  7  times
2024/03/05 07:15:49 CallOrder: worker get response &{2 [] 0 0}
2024/03/05 07:15:49 worker  33 get order:  &{2 [] 0 0}  order Type 2
2024/03/05 07:15:49 33  waiting for order
2024/03/05 07:15:51 33 :  call for  8  times
2024/03/05 07:15:51 CallOrder: worker get response &{2 [] 0 0}
2024/03/05 07:15:51 worker  33 get order:  &{2 [] 0 0}  order Type 2
2024/03/05 07:15:51 33  waiting for order
2024/03/05 07:15:53 33 :  call for  9  times
2024/03/05 07:15:53 CallOrder: worker get response &{2 [] 0 0}
2024/03/05 07:15:53 worker  33 get order:  &{2 [] 0 0}  order Type 2
2024/03/05 07:15:53 33  waiting for order
2024/03/05 07:15:55 33 :  call for  10  times
2024/03/05 07:15:55 CallOrder: worker get response &{2 [] 0 0}
2024/03/05 07:15:55 worker  33 get order:  &{2 [] 0 0}  order Type 2
2024/03/05 07:15:55 33  waiting for order
2024/03/05 07:15:57 33 :  call for  11  times
2024/03/05 07:15:57 CallOrder: worker get response &{2 [] 0 0}
2024/03/05 07:15:57 worker  33 get order:  &{2 [] 0 0}  order Type 2
2024/03/05 07:15:57 33  waiting for order
2024/03/05 07:15:59 33 :  call for  12  times
2024/03/05 07:15:59 CallOrder: worker get response &{1 [mr-tmp-0-1 mr-tmp-1-1 mr-tmp-2-1 mr-tmp-3-1 mr-tmp-4-1 mr-tmp-5-1 mr-tmp-6-1 mr-tmp-7-1] 9 0}
2024/03/05 07:15:59 worker  33 get order:  &{1 [mr-tmp-0-1 mr-tmp-1-1 mr-tmp-2-1 mr-tmp-3-1 mr-tmp-4-1 mr-tmp-5-1 mr-tmp-6-1 mr-tmp-7-1] 9 0}  order Type 1
2024/03/05 07:15:59 start 9 map
2024/03/05 07:15:59 Worker finish order 9, order type 1
2024/03/05 07:16:00 33 :  call for  13  times
2024/03/05 07:16:00 CallOrder: worker get response &{1 [mr-tmp-0-3 mr-tmp-1-3 mr-tmp-2-3 mr-tmp-3-3 mr-tmp-4-3 mr-tmp-5-3 mr-tmp-6-3 mr-tmp-7-3] 11 0}
2024/03/05 07:16:00 worker  33 get order:  &{1 [mr-tmp-0-3 mr-tmp-1-3 mr-tmp-2-3 mr-tmp-3-3 mr-tmp-4-3 mr-tmp-5-3 mr-tmp-6-3 mr-tmp-7-3] 11 0}  order Type 1
2024/03/05 07:16:00 start 11 map
2024/03/05 07:16:00 Worker finish order 11, order type 1
2024/03/05 07:16:01 33 :  call for  14  times
2024/03/05 07:16:01 CallOrder: worker get response &{1 [mr-tmp-0-6 mr-tmp-1-6 mr-tmp-2-6 mr-tmp-3-6 mr-tmp-4-6 mr-tmp-5-6 mr-tmp-6-6 mr-tmp-7-6] 14 0}
2024/03/05 07:16:01 worker  33 get order:  &{1 [mr-tmp-0-6 mr-tmp-1-6 mr-tmp-2-6 mr-tmp-3-6 mr-tmp-4-6 mr-tmp-5-6 mr-tmp-6-6 mr-tmp-7-6] 14 0}  order Type 1
2024/03/05 07:16:01 start 14 map
2024/03/05 07:16:01 Worker finish order 14, order type 1
2024/03/05 07:16:02 33 :  call for  15  times
2024/03/05 07:16:02 CallOrder: worker get response &{1 [mr-tmp-0-9 mr-tmp-1-9 mr-tmp-2-9 mr-tmp-3-9 mr-tmp-4-9 mr-tmp-5-9 mr-tmp-6-9 mr-tmp-7-9] 17 0}
2024/03/05 07:16:02 worker  33 get order:  &{1 [mr-tmp-0-9 mr-tmp-1-9 mr-tmp-2-9 mr-tmp-3-9 mr-tmp-4-9 mr-tmp-5-9 mr-tmp-6-9 mr-tmp-7-9] 17 0}  order Type 1
2024/03/05 07:16:02 start 17 map
2024/03/05 07:16:02 Worker finish order 17, order type 1
2024/03/05 07:16:03 33 :  call for  16  times
2024/03/05 07:16:04 CallOrder: worker get response &{3 [] 0 0}
2024/03/05 07:16:04 worker  33 get order:  &{3 [] 0 0}  order Type 3
2024/03/05 07:16:04 33  waiting for order
2024/03/05 07:16:06 33 :  call for  17  times
2024/03/05 07:16:06 CallOrder: worker get response &{3 [] 0 0}
2024/03/05 07:16:06 worker  33 get order:  &{3 [] 0 0}  order Type 3
2024/03/05 07:16:06 33  waiting for order
2024/03/05 07:16:08 33 :  call for  18  times
2024/03/05 07:16:08 CallOrder: worker get response &{3 [] 0 0}
2024/03/05 07:16:08 worker  33 get order:  &{3 [] 0 0}  order Type 3
2024/03/05 07:16:08 33  waiting for order
2024/03/05 07:16:10 33 :  call for  19  times
2024/03/05 07:16:10 CallOrder: worker get response &{3 [] 0 0}
2024/03/05 07:16:10 worker  33 get order:  &{3 [] 0 0}  order Type 3
2024/03/05 07:16:10 33  waiting for order
2024/03/05 07:16:12 33 :  call for  20  times
2024/03/05 07:16:12 CallOrder: worker get response &{4 [] 0 0}
2024/03/05 07:16:12 worker  33 get order:  &{4 [] 0 0}  order Type 4
2024/03/05 07:16:13 33  killed
