2024/03/05 09:32:31 31 :  call for  1  times
2024/03/05 09:32:31 CallOrder: worker get response &{0 [../pg-being_ernest.txt] 0 10}
2024/03/05 09:32:31 worker  31 get order:  &{0 [../pg-being_ernest.txt] 0 10}  order Type 0
2024/03/05 09:32:31 start 0 map
2024/03/05 09:32:31 Worker finish order 0, order type 0
2024/03/05 09:32:32 31 :  call for  2  times
2024/03/05 09:32:32 CallOrder: worker get response &{0 [../pg-frankenstein.txt] 2 10}
2024/03/05 09:32:32 worker  31 get order:  &{0 [../pg-frankenstein.txt] 2 10}  order Type 0
2024/03/05 09:32:32 start 2 map
2024/03/05 09:32:32 Worker finish order 2, order type 0
2024/03/05 09:32:33 31 :  call for  3  times
2024/03/05 09:32:33 CallOrder: worker get response &{0 [../pg-huckleberry_finn.txt] 4 10}
2024/03/05 09:32:33 worker  31 get order:  &{0 [../pg-huckleberry_finn.txt] 4 10}  order Type 0
2024/03/05 09:32:33 start 4 map
2024/03/05 09:32:33 Worker finish order 4, order type 0
2024/03/05 09:32:34 31 :  call for  4  times
2024/03/05 09:32:34 CallOrder: worker get response &{0 [../pg-tom_sawyer.txt] 7 10}
2024/03/05 09:32:34 worker  31 get order:  &{0 [../pg-tom_sawyer.txt] 7 10}  order Type 0
2024/03/05 09:32:34 start 7 map
2024/03/05 09:32:34 Worker finish order 7, order type 0
2024/03/05 09:32:35 31 :  call for  5  times
2024/03/05 09:32:35 CallOrder: worker get response &{1 [mr-tmp-0-0 mr-tmp-1-0 mr-tmp-2-0 mr-tmp-3-0 mr-tmp-4-0 mr-tmp-5-0 mr-tmp-6-0 mr-tmp-7-0] 8 0}
2024/03/05 09:32:35 worker  31 get order:  &{1 [mr-tmp-0-0 mr-tmp-1-0 mr-tmp-2-0 mr-tmp-3-0 mr-tmp-4-0 mr-tmp-5-0 mr-tmp-6-0 mr-tmp-7-0] 8 0}  order Type 1
2024/03/05 09:32:36 start 8 map
2024/03/05 09:32:36 Worker finish order 8, order type 1
2024/03/05 09:32:37 31 :  call for  6  times
2024/03/05 09:32:37 CallOrder: worker get response &{1 [mr-tmp-0-2 mr-tmp-1-2 mr-tmp-2-2 mr-tmp-3-2 mr-tmp-4-2 mr-tmp-5-2 mr-tmp-6-2 mr-tmp-7-2] 10 0}
2024/03/05 09:32:37 worker  31 get order:  &{1 [mr-tmp-0-2 mr-tmp-1-2 mr-tmp-2-2 mr-tmp-3-2 mr-tmp-4-2 mr-tmp-5-2 mr-tmp-6-2 mr-tmp-7-2] 10 0}  order Type 1
2024/03/05 09:32:38 start 10 map
2024/03/05 09:32:38 Worker finish order 10, order type 1
2024/03/05 09:32:39 31 :  call for  7  times
2024/03/05 09:32:39 CallOrder: worker get response &{1 [mr-tmp-0-4 mr-tmp-1-4 mr-tmp-2-4 mr-tmp-3-4 mr-tmp-4-4 mr-tmp-5-4 mr-tmp-6-4 mr-tmp-7-4] 12 0}
2024/03/05 09:32:39 worker  31 get order:  &{1 [mr-tmp-0-4 mr-tmp-1-4 mr-tmp-2-4 mr-tmp-3-4 mr-tmp-4-4 mr-tmp-5-4 mr-tmp-6-4 mr-tmp-7-4] 12 0}  order Type 1
2024/03/05 09:32:41 start 12 map
2024/03/05 09:32:41 Worker finish order 12, order type 1
2024/03/05 09:32:42 31 :  call for  8  times
2024/03/05 09:32:42 CallOrder: worker get response &{1 [mr-tmp-0-6 mr-tmp-1-6 mr-tmp-2-6 mr-tmp-3-6 mr-tmp-4-6 mr-tmp-5-6 mr-tmp-6-6 mr-tmp-7-6] 14 0}
2024/03/05 09:32:42 worker  31 get order:  &{1 [mr-tmp-0-6 mr-tmp-1-6 mr-tmp-2-6 mr-tmp-3-6 mr-tmp-4-6 mr-tmp-5-6 mr-tmp-6-6 mr-tmp-7-6] 14 0}  order Type 1
2024/03/05 09:32:43 start 14 map
2024/03/05 09:32:43 Worker finish order 14, order type 1
2024/03/05 09:32:44 31 :  call for  9  times
2024/03/05 09:32:44 CallOrder: worker get response &{1 [mr-tmp-0-8 mr-tmp-1-8 mr-tmp-2-8 mr-tmp-3-8 mr-tmp-4-8 mr-tmp-5-8 mr-tmp-6-8 mr-tmp-7-8] 16 0}
2024/03/05 09:32:44 worker  31 get order:  &{1 [mr-tmp-0-8 mr-tmp-1-8 mr-tmp-2-8 mr-tmp-3-8 mr-tmp-4-8 mr-tmp-5-8 mr-tmp-6-8 mr-tmp-7-8] 16 0}  order Type 1
2024/03/05 09:32:44 start 16 map
2024/03/05 09:32:44 Worker finish order 16, order type 1
2024/03/05 09:32:45 31 :  call for  10  times
2024/03/05 09:32:45 CallOrder: worker get response &{3 [] 0 0}
2024/03/05 09:32:45 worker  31 get order:  &{3 [] 0 0}  order Type 3
2024/03/05 09:32:45 31  waiting for order
2024/03/05 09:32:47 31 :  call for  11  times
2024/03/05 09:32:47 CallOrder: worker get response &{4 [] 0 0}
2024/03/05 09:32:47 worker  31 get order:  &{4 [] 0 0}  order Type 4
2024/03/05 09:32:48 31  killed
