2024/03/04 23:55:36 36 :  call for  1  times
2024/03/04 23:55:36 CallOrder: worker get response &{0 [../pg-dorian_gray.txt] 1 10}
2024/03/04 23:55:36 worker  36 get order:  &{0 [../pg-dorian_gray.txt] 1 10}  order Type 0
2024/03/04 23:55:39 start 1 map
2024/03/04 23:55:39 Worker finish order 1, order type 0
2024/03/04 23:55:40 36 :  call for  2  times
2024/03/04 23:55:40 CallOrder: worker get response &{0 [../pg-huckleberry_finn.txt] 4 10}
2024/03/04 23:55:40 worker  36 get order:  &{0 [../pg-huckleberry_finn.txt] 4 10}  order Type 0
2024/03/04 23:55:40 start 4 map
2024/03/04 23:55:40 Worker finish order 4, order type 0
2024/03/04 23:55:41 36 :  call for  3  times
2024/03/04 23:55:41 CallOrder: worker get response &{0 [../pg-sherlock_holmes.txt] 6 10}
2024/03/04 23:55:41 worker  36 get order:  &{0 [../pg-sherlock_holmes.txt] 6 10}  order Type 0
2024/03/04 23:55:48 start 6 map
2024/03/04 23:55:48 Worker finish order 6, order type 0
2024/03/04 23:55:49 36 :  call for  4  times
2024/03/04 23:55:49 CallOrder: worker get response &{1 [mr-tmp-0-2 mr-tmp-1-2 mr-tmp-2-2 mr-tmp-3-2 mr-tmp-4-2 mr-tmp-5-2 mr-tmp-6-2 mr-tmp-7-2] 10 0}
2024/03/04 23:55:49 worker  36 get order:  &{1 [mr-tmp-0-2 mr-tmp-1-2 mr-tmp-2-2 mr-tmp-3-2 mr-tmp-4-2 mr-tmp-5-2 mr-tmp-6-2 mr-tmp-7-2] 10 0}  order Type 1
2024/03/04 23:55:56 start 10 map
2024/03/04 23:55:56 Worker finish order 10, order type 1
2024/03/04 23:55:57 36 :  call for  5  times
2024/03/04 23:55:57 CallOrder: worker get response &{3 [] 0 0}
2024/03/04 23:55:57 worker  36 get order:  &{3 [] 0 0}  order Type 3
2024/03/04 23:55:57 36  waiting for order
2024/03/04 23:55:59 36 :  call for  6  times
2024/03/04 23:55:59 CallOrder: worker get response &{3 [] 0 0}
2024/03/04 23:55:59 worker  36 get order:  &{3 [] 0 0}  order Type 3
2024/03/04 23:55:59 36  waiting for order
2024/03/04 23:56:01 36 :  call for  7  times
2024/03/04 23:56:01 CallOrder: worker get response &{4 [] 0 0}
2024/03/04 23:56:01 worker  36 get order:  &{4 [] 0 0}  order Type 4
2024/03/04 23:56:02 36  killed
