2024/03/05 12:22:46 46 :  call for  1  times
2024/03/05 12:22:46 CallOrder: worker get response &{3 [] 0 0}
2024/03/05 12:22:46 worker  46 get order:  &{3 [] 0 0}  order Type 3
2024/03/05 12:22:46 46  waiting for order
2024/03/05 12:22:48 46 :  call for  2  times
2024/03/05 12:22:48 CallOrder: worker get response &{3 [] 0 0}
2024/03/05 12:22:48 worker  46 get order:  &{3 [] 0 0}  order Type 3
2024/03/05 12:22:48 46  waiting for order
2024/03/05 12:22:50 46 :  call for  3  times
2024/03/05 12:22:50 CallOrder: worker get response &{3 [] 0 0}
2024/03/05 12:22:50 worker  46 get order:  &{3 [] 0 0}  order Type 3
2024/03/05 12:22:50 46  waiting for order
2024/03/05 12:22:52 46 :  call for  4  times
2024/03/05 12:22:52 CallOrder: worker get response &{3 [] 0 0}
2024/03/05 12:22:52 worker  46 get order:  &{3 [] 0 0}  order Type 3
2024/03/05 12:22:52 46  waiting for order
2024/03/05 12:22:54 46 :  call for  5  times
2024/03/05 12:22:54 CallOrder: worker get response &{3 [] 0 0}
2024/03/05 12:22:54 worker  46 get order:  &{3 [] 0 0}  order Type 3
2024/03/05 12:22:54 46  waiting for order
2024/03/05 12:22:56 46 :  call for  6  times
2024/03/05 12:22:56 CallOrder: worker get response &{1 [mr-tmp-0-9 mr-tmp-1-9 mr-tmp-2-9 mr-tmp-3-9 mr-tmp-4-9 mr-tmp-5-9 mr-tmp-6-9 mr-tmp-7-9] 17 0}
2024/03/05 12:22:56 worker  46 get order:  &{1 [mr-tmp-0-9 mr-tmp-1-9 mr-tmp-2-9 mr-tmp-3-9 mr-tmp-4-9 mr-tmp-5-9 mr-tmp-6-9 mr-tmp-7-9] 17 0}  order Type 1
2024/03/05 12:23:01 start 17 map
2024/03/05 12:23:01 Worker finish order 17, order type 1
2024/03/05 12:23:02 46 :  call for  7  times
2024/03/05 12:23:02 CallOrder: worker get response &{3 [] 0 0}
2024/03/05 12:23:02 worker  46 get order:  &{3 [] 0 0}  order Type 3
2024/03/05 12:23:02 46  waiting for order
2024/03/05 12:23:04 46 :  call for  8  times
2024/03/05 12:23:04 CallOrder: worker get response &{3 [] 0 0}
2024/03/05 12:23:04 worker  46 get order:  &{3 [] 0 0}  order Type 3
2024/03/05 12:23:04 46  waiting for order
2024/03/05 12:23:06 46 :  call for  9  times
2024/03/05 12:23:06 CallOrder: worker get response &{3 [] 0 0}
2024/03/05 12:23:06 worker  46 get order:  &{3 [] 0 0}  order Type 3
2024/03/05 12:23:06 46  waiting for order
2024/03/05 12:23:08 46 :  call for  10  times
2024/03/05 12:23:08 CallOrder: worker get response &{4 [] 0 0}
2024/03/05 12:23:08 worker  46 get order:  &{4 [] 0 0}  order Type 4
2024/03/05 12:23:09 46  killed
