2024/03/05 12:46:14 14 :  call for  1  times
2024/03/05 12:46:14 CallOrder: worker get response &{3 [] 0 0}
2024/03/05 12:46:14 worker  14 get order:  &{3 [] 0 0}  order Type 3
2024/03/05 12:46:14 14  waiting for order
2024/03/05 12:46:16 14 :  call for  2  times
2024/03/05 12:46:16 CallOrder: worker get response &{3 [] 0 0}
2024/03/05 12:46:16 worker  14 get order:  &{3 [] 0 0}  order Type 3
2024/03/05 12:46:16 14  waiting for order
2024/03/05 12:46:18 14 :  call for  3  times
2024/03/05 12:46:18 CallOrder: worker get response &{3 [] 0 0}
2024/03/05 12:46:18 worker  14 get order:  &{3 [] 0 0}  order Type 3
2024/03/05 12:46:18 14  waiting for order
2024/03/05 12:46:20 14 :  call for  4  times
2024/03/05 12:46:20 CallOrder: worker get response &{3 [] 0 0}
2024/03/05 12:46:20 worker  14 get order:  &{3 [] 0 0}  order Type 3
2024/03/05 12:46:20 14  waiting for order
2024/03/05 12:46:22 14 :  call for  5  times
2024/03/05 12:46:22 CallOrder: worker get response &{3 [] 0 0}
2024/03/05 12:46:22 worker  14 get order:  &{3 [] 0 0}  order Type 3
2024/03/05 12:46:22 14  waiting for order
2024/03/05 12:46:24 14 :  call for  6  times
2024/03/05 12:46:24 CallOrder: worker get response &{3 [] 0 0}
2024/03/05 12:46:24 worker  14 get order:  &{3 [] 0 0}  order Type 3
2024/03/05 12:46:24 14  waiting for order
2024/03/05 12:46:26 14 :  call for  7  times
2024/03/05 12:46:26 dialing:dial unix /var/tmp/824-mr-0: connect: connection refused
