2024/03/04 21:13:57 57 :  call for  1  times
2024/03/04 21:13:57 CallOrder: worker get response &{2 [] 0 0}
2024/03/04 21:13:57 worker  57 get order:  &{2 [] 0 0}  order Type 2
2024/03/04 21:13:57 57  waiting for order
2024/03/04 21:13:59 57 :  call for  2  times
2024/03/04 21:13:59 CallOrder: worker get response &{2 [] 0 0}
2024/03/04 21:13:59 worker  57 get order:  &{2 [] 0 0}  order Type 2
2024/03/04 21:13:59 57  waiting for order
2024/03/04 21:14:01 57 :  call for  3  times
2024/03/04 21:14:01 CallOrder: worker get response &{2 [] 0 0}
2024/03/04 21:14:01 worker  57 get order:  &{2 [] 0 0}  order Type 2
2024/03/04 21:14:01 57  waiting for order
2024/03/04 21:14:03 57 :  call for  4  times
2024/03/04 21:14:03 CallOrder: worker get response &{2 [] 0 0}
2024/03/04 21:14:03 worker  57 get order:  &{2 [] 0 0}  order Type 2
2024/03/04 21:14:03 57  waiting for order
2024/03/04 21:14:05 57 :  call for  5  times
2024/03/04 21:14:05 CallOrder: worker get response &{2 [] 0 0}
2024/03/04 21:14:05 worker  57 get order:  &{2 [] 0 0}  order Type 2
2024/03/04 21:14:05 57  waiting for order
2024/03/04 21:14:07 57 :  call for  6  times
2024/03/04 21:14:07 CallOrder: worker get response &{0 [../pg-grimm.txt] 3 10}
2024/03/04 21:14:07 worker  57 get order:  &{0 [../pg-grimm.txt] 3 10}  order Type 0
2024/03/04 21:14:07 start 3 map
2024/03/04 21:14:07 Worker finish order 3, order type 0
2024/03/04 21:14:08 57 :  call for  7  times
2024/03/04 21:14:08 CallOrder: worker get response &{1 [mr-tmp-0-0 mr-tmp-1-0 mr-tmp-2-0 mr-tmp-3-0 mr-tmp-4-0 mr-tmp-5-0 mr-tmp-6-0 mr-tmp-7-0] 8 0}
2024/03/04 21:14:08 worker  57 get order:  &{1 [mr-tmp-0-0 mr-tmp-1-0 mr-tmp-2-0 mr-tmp-3-0 mr-tmp-4-0 mr-tmp-5-0 mr-tmp-6-0 mr-tmp-7-0] 8 0}  order Type 1
2024/03/04 21:14:08 start 8 map
2024/03/04 21:14:08 Worker finish order 8, order type 1
2024/03/04 21:14:09 57 :  call for  8  times
2024/03/04 21:14:09 CallOrder: worker get response &{1 [mr-tmp-0-2 mr-tmp-1-2 mr-tmp-2-2 mr-tmp-3-2 mr-tmp-4-2 mr-tmp-5-2 mr-tmp-6-2 mr-tmp-7-2] 10 0}
2024/03/04 21:14:09 worker  57 get order:  &{1 [mr-tmp-0-2 mr-tmp-1-2 mr-tmp-2-2 mr-tmp-3-2 mr-tmp-4-2 mr-tmp-5-2 mr-tmp-6-2 mr-tmp-7-2] 10 0}  order Type 1
2024/03/04 21:14:14 start 10 map
2024/03/04 21:14:14 Worker finish order 10, order type 1
2024/03/04 21:14:15 57 :  call for  9  times
2024/03/04 21:14:15 CallOrder: worker get response &{3 [] 0 0}
2024/03/04 21:14:15 worker  57 get order:  &{3 [] 0 0}  order Type 3
2024/03/04 21:14:15 57  waiting for order
2024/03/04 21:14:17 57 :  call for  10  times
2024/03/04 21:14:17 CallOrder: worker get response &{3 [] 0 0}
2024/03/04 21:14:17 worker  57 get order:  &{3 [] 0 0}  order Type 3
2024/03/04 21:14:17 57  waiting for order
2024/03/04 21:14:19 57 :  call for  11  times
2024/03/04 21:14:19 CallOrder: worker get response &{3 [] 0 0}
2024/03/04 21:14:19 worker  57 get order:  &{3 [] 0 0}  order Type 3
2024/03/04 21:14:19 57  waiting for order
2024/03/04 21:14:21 57 :  call for  12  times
2024/03/04 21:14:21 CallOrder: worker get response &{3 [] 0 0}
2024/03/04 21:14:21 worker  57 get order:  &{3 [] 0 0}  order Type 3
2024/03/04 21:14:21 57  waiting for order
2024/03/04 21:14:23 57 :  call for  13  times
2024/03/04 21:14:23 CallOrder: worker get response &{1 [mr-tmp-0-5 mr-tmp-1-5 mr-tmp-2-5 mr-tmp-3-5 mr-tmp-4-5 mr-tmp-5-5 mr-tmp-6-5 mr-tmp-7-5] 13 0}
2024/03/04 21:14:23 worker  57 get order:  &{1 [mr-tmp-0-5 mr-tmp-1-5 mr-tmp-2-5 mr-tmp-3-5 mr-tmp-4-5 mr-tmp-5-5 mr-tmp-6-5 mr-tmp-7-5] 13 0}  order Type 1
