2024/03/05 00:01:15 15 :  call for  1  times
2024/03/05 00:01:15 CallOrder: worker get response &{2 [] 0 0}
2024/03/05 00:01:15 worker  15 get order:  &{2 [] 0 0}  order Type 2
2024/03/05 00:01:15 15  waiting for order
2024/03/05 00:01:17 15 :  call for  2  times
2024/03/05 00:01:17 CallOrder: worker get response &{2 [] 0 0}
2024/03/05 00:01:17 worker  15 get order:  &{2 [] 0 0}  order Type 2
2024/03/05 00:01:17 15  waiting for order
2024/03/05 00:01:19 15 :  call for  3  times
2024/03/05 00:01:19 CallOrder: worker get response &{2 [] 0 0}
2024/03/05 00:01:19 worker  15 get order:  &{2 [] 0 0}  order Type 2
2024/03/05 00:01:19 15  waiting for order
2024/03/05 00:01:21 15 :  call for  4  times
2024/03/05 00:01:21 CallOrder: worker get response &{2 [] 0 0}
2024/03/05 00:01:21 worker  15 get order:  &{2 [] 0 0}  order Type 2
2024/03/05 00:01:21 15  waiting for order
2024/03/05 00:01:23 15 :  call for  5  times
2024/03/05 00:01:23 CallOrder: worker get response &{2 [] 0 0}
2024/03/05 00:01:23 worker  15 get order:  &{2 [] 0 0}  order Type 2
2024/03/05 00:01:23 15  waiting for order
2024/03/05 00:01:25 15 :  call for  6  times
2024/03/05 00:01:25 CallOrder: worker get response &{0 [../pg-huckleberry_finn.txt] 4 10}
2024/03/05 00:01:25 worker  15 get order:  &{0 [../pg-huckleberry_finn.txt] 4 10}  order Type 0
2024/03/05 00:01:25 start 4 map
2024/03/05 00:01:25 Worker finish order 4, order type 0
2024/03/05 00:01:26 15 :  call for  7  times
2024/03/05 00:01:26 CallOrder: worker get response &{1 [mr-tmp-0-2 mr-tmp-1-2 mr-tmp-2-2 mr-tmp-3-2 mr-tmp-4-2 mr-tmp-5-2 mr-tmp-6-2 mr-tmp-7-2] 10 0}
2024/03/05 00:01:26 worker  15 get order:  &{1 [mr-tmp-0-2 mr-tmp-1-2 mr-tmp-2-2 mr-tmp-3-2 mr-tmp-4-2 mr-tmp-5-2 mr-tmp-6-2 mr-tmp-7-2] 10 0}  order Type 1
2024/03/05 00:01:26 start 10 map
2024/03/05 00:01:26 Worker finish order 10, order type 1
2024/03/05 00:01:27 15 :  call for  8  times
2024/03/05 00:01:27 CallOrder: worker get response &{1 [mr-tmp-0-5 mr-tmp-1-5 mr-tmp-2-5 mr-tmp-3-5 mr-tmp-4-5 mr-tmp-5-5 mr-tmp-6-5 mr-tmp-7-5] 13 0}
2024/03/05 00:01:27 worker  15 get order:  &{1 [mr-tmp-0-5 mr-tmp-1-5 mr-tmp-2-5 mr-tmp-3-5 mr-tmp-4-5 mr-tmp-5-5 mr-tmp-6-5 mr-tmp-7-5] 13 0}  order Type 1
2024/03/05 00:01:27 start 13 map
2024/03/05 00:01:27 Worker finish order 13, order type 1
2024/03/05 00:01:28 15 :  call for  9  times
2024/03/05 00:01:28 CallOrder: worker get response &{1 [mr-tmp-0-9 mr-tmp-1-9 mr-tmp-2-9 mr-tmp-3-9 mr-tmp-4-9 mr-tmp-5-9 mr-tmp-6-9 mr-tmp-7-9] 17 0}
2024/03/05 00:01:28 worker  15 get order:  &{1 [mr-tmp-0-9 mr-tmp-1-9 mr-tmp-2-9 mr-tmp-3-9 mr-tmp-4-9 mr-tmp-5-9 mr-tmp-6-9 mr-tmp-7-9] 17 0}  order Type 1
