2024/03/05 13:20:13 13 :  call for  1  times
2024/03/05 13:20:13 CallOrder: worker get response &{0 [../pg-dorian_gray.txt] 1 10}
2024/03/05 13:20:13 worker  13 get order:  &{0 [../pg-dorian_gray.txt] 1 10}  order Type 0
2024/03/05 13:20:14 start 1 map
2024/03/05 13:20:14 Worker finish order 1, order type 0
2024/03/05 13:20:15 13 :  call for  2  times
2024/03/05 13:20:15 CallOrder: worker get response &{0 [../pg-frankenstein.txt] 2 10}
2024/03/05 13:20:15 worker  13 get order:  &{0 [../pg-frankenstein.txt] 2 10}  order Type 0
2024/03/05 13:20:16 start 2 map
2024/03/05 13:20:16 Worker finish order 2, order type 0
2024/03/05 13:20:17 13 :  call for  3  times
2024/03/05 13:20:17 CallOrder: worker get response &{0 [../pg-huckleberry_finn.txt] 4 10}
2024/03/05 13:20:17 worker  13 get order:  &{0 [../pg-huckleberry_finn.txt] 4 10}  order Type 0
2024/03/05 13:20:18 start 4 map
2024/03/05 13:20:18 Worker finish order 4, order type 0
2024/03/05 13:20:19 13 :  call for  4  times
2024/03/05 13:20:19 CallOrder: worker get response &{0 [../pg-tom_sawyer.txt] 7 10}
2024/03/05 13:20:19 worker  13 get order:  &{0 [../pg-tom_sawyer.txt] 7 10}  order Type 0
2024/03/05 13:20:20 start 7 map
2024/03/05 13:20:20 Worker finish order 7, order type 0
2024/03/05 13:20:21 13 :  call for  5  times
2024/03/05 13:20:21 CallOrder: worker get response &{1 [mr-tmp-0-0 mr-tmp-1-0 mr-tmp-2-0 mr-tmp-3-0 mr-tmp-4-0 mr-tmp-5-0 mr-tmp-6-0 mr-tmp-7-0] 8 0}
2024/03/05 13:20:21 worker  13 get order:  &{1 [mr-tmp-0-0 mr-tmp-1-0 mr-tmp-2-0 mr-tmp-3-0 mr-tmp-4-0 mr-tmp-5-0 mr-tmp-6-0 mr-tmp-7-0] 8 0}  order Type 1
2024/03/05 13:20:21 start 8 map
2024/03/05 13:20:21 Worker finish order 8, order type 1
2024/03/05 13:20:22 13 :  call for  6  times
2024/03/05 13:20:22 CallOrder: worker get response &{1 [mr-tmp-0-1 mr-tmp-1-1 mr-tmp-2-1 mr-tmp-3-1 mr-tmp-4-1 mr-tmp-5-1 mr-tmp-6-1 mr-tmp-7-1] 9 0}
2024/03/05 13:20:22 worker  13 get order:  &{1 [mr-tmp-0-1 mr-tmp-1-1 mr-tmp-2-1 mr-tmp-3-1 mr-tmp-4-1 mr-tmp-5-1 mr-tmp-6-1 mr-tmp-7-1] 9 0}  order Type 1
2024/03/05 13:20:22 start 9 map
2024/03/05 13:20:22 Worker finish order 9, order type 1
2024/03/05 13:20:23 13 :  call for  7  times
2024/03/05 13:20:23 CallOrder: worker get response &{1 [mr-tmp-0-3 mr-tmp-1-3 mr-tmp-2-3 mr-tmp-3-3 mr-tmp-4-3 mr-tmp-5-3 mr-tmp-6-3 mr-tmp-7-3] 11 0}
2024/03/05 13:20:23 worker  13 get order:  &{1 [mr-tmp-0-3 mr-tmp-1-3 mr-tmp-2-3 mr-tmp-3-3 mr-tmp-4-3 mr-tmp-5-3 mr-tmp-6-3 mr-tmp-7-3] 11 0}  order Type 1
2024/03/05 13:20:23 start 11 map
2024/03/05 13:20:23 Worker finish order 11, order type 1
2024/03/05 13:20:24 13 :  call for  8  times
2024/03/05 13:20:24 CallOrder: worker get response &{1 [mr-tmp-0-5 mr-tmp-1-5 mr-tmp-2-5 mr-tmp-3-5 mr-tmp-4-5 mr-tmp-5-5 mr-tmp-6-5 mr-tmp-7-5] 13 0}
2024/03/05 13:20:24 worker  13 get order:  &{1 [mr-tmp-0-5 mr-tmp-1-5 mr-tmp-2-5 mr-tmp-3-5 mr-tmp-4-5 mr-tmp-5-5 mr-tmp-6-5 mr-tmp-7-5] 13 0}  order Type 1
2024/03/05 13:20:24 start 13 map
2024/03/05 13:20:24 Worker finish order 13, order type 1
2024/03/05 13:20:25 13 :  call for  9  times
2024/03/05 13:20:25 CallOrder: worker get response &{1 [mr-tmp-0-7 mr-tmp-1-7 mr-tmp-2-7 mr-tmp-3-7 mr-tmp-4-7 mr-tmp-5-7 mr-tmp-6-7 mr-tmp-7-7] 15 0}
2024/03/05 13:20:25 worker  13 get order:  &{1 [mr-tmp-0-7 mr-tmp-1-7 mr-tmp-2-7 mr-tmp-3-7 mr-tmp-4-7 mr-tmp-5-7 mr-tmp-6-7 mr-tmp-7-7] 15 0}  order Type 1
2024/03/05 13:20:25 start 15 map
2024/03/05 13:20:25 Worker finish order 15, order type 1
2024/03/05 13:20:26 13 :  call for  10  times
2024/03/05 13:20:26 CallOrder: worker get response &{1 [mr-tmp-0-9 mr-tmp-1-9 mr-tmp-2-9 mr-tmp-3-9 mr-tmp-4-9 mr-tmp-5-9 mr-tmp-6-9 mr-tmp-7-9] 17 0}
2024/03/05 13:20:26 worker  13 get order:  &{1 [mr-tmp-0-9 mr-tmp-1-9 mr-tmp-2-9 mr-tmp-3-9 mr-tmp-4-9 mr-tmp-5-9 mr-tmp-6-9 mr-tmp-7-9] 17 0}  order Type 1
2024/03/05 13:20:26 start 17 map
2024/03/05 13:20:26 Worker finish order 17, order type 1
2024/03/05 13:20:27 13 :  call for  11  times
2024/03/05 13:20:27 CallOrder: worker get response &{4 [] 0 0}
2024/03/05 13:20:27 worker  13 get order:  &{4 [] 0 0}  order Type 4
2024/03/05 13:20:28 13  killed
