2024/03/05 03:21:18 18 :  call for  1  times
2024/03/05 03:21:18 CallOrder: worker get response &{0 [../pg-dorian_gray.txt] 1 10}
2024/03/05 03:21:18 worker  18 get order:  &{0 [../pg-dorian_gray.txt] 1 10}  order Type 0
2024/03/05 03:21:18 start 1 map
2024/03/05 03:21:18 Worker finish order 1, order type 0
2024/03/05 03:21:19 18 :  call for  2  times
2024/03/05 03:21:19 CallOrder: worker get response &{0 [../pg-grimm.txt] 3 10}
2024/03/05 03:21:19 worker  18 get order:  &{0 [../pg-grimm.txt] 3 10}  order Type 0
2024/03/05 03:21:19 start 3 map
2024/03/05 03:21:19 Worker finish order 3, order type 0
2024/03/05 03:21:20 18 :  call for  3  times
2024/03/05 03:21:20 CallOrder: worker get response &{0 [../pg-metamorphosis.txt] 5 10}
2024/03/05 03:21:20 worker  18 get order:  &{0 [../pg-metamorphosis.txt] 5 10}  order Type 0
2024/03/05 03:21:20 start 5 map
2024/03/05 03:21:20 Worker finish order 5, order type 0
2024/03/05 03:21:21 18 :  call for  4  times
2024/03/05 03:21:21 CallOrder: worker get response &{0 [../pg-tom_sawyer.txt] 7 10}
2024/03/05 03:21:21 worker  18 get order:  &{0 [../pg-tom_sawyer.txt] 7 10}  order Type 0
2024/03/05 03:21:21 start 7 map
2024/03/05 03:21:21 Worker finish order 7, order type 0
2024/03/05 03:21:22 18 :  call for  5  times
2024/03/05 03:21:22 CallOrder: worker get response &{2 [] 0 0}
2024/03/05 03:21:22 worker  18 get order:  &{2 [] 0 0}  order Type 2
2024/03/05 03:21:22 18  waiting for order
2024/03/05 03:21:24 18 :  call for  6  times
2024/03/05 03:21:24 CallOrder: worker get response &{1 [mr-tmp-0-2 mr-tmp-1-2 mr-tmp-2-2 mr-tmp-3-2 mr-tmp-4-2 mr-tmp-5-2 mr-tmp-6-2 mr-tmp-7-2] 10 0}
2024/03/05 03:21:24 worker  18 get order:  &{1 [mr-tmp-0-2 mr-tmp-1-2 mr-tmp-2-2 mr-tmp-3-2 mr-tmp-4-2 mr-tmp-5-2 mr-tmp-6-2 mr-tmp-7-2] 10 0}  order Type 1
2024/03/05 03:21:24 start 10 map
2024/03/05 03:21:24 Worker finish order 10, order type 1
2024/03/05 03:21:25 18 :  call for  7  times
2024/03/05 03:21:25 CallOrder: worker get response &{1 [mr-tmp-0-4 mr-tmp-1-4 mr-tmp-2-4 mr-tmp-3-4 mr-tmp-4-4 mr-tmp-5-4 mr-tmp-6-4 mr-tmp-7-4] 12 0}
2024/03/05 03:21:25 worker  18 get order:  &{1 [mr-tmp-0-4 mr-tmp-1-4 mr-tmp-2-4 mr-tmp-3-4 mr-tmp-4-4 mr-tmp-5-4 mr-tmp-6-4 mr-tmp-7-4] 12 0}  order Type 1
2024/03/05 03:21:26 start 12 map
2024/03/05 03:21:26 Worker finish order 12, order type 1
2024/03/05 03:21:27 18 :  call for  8  times
2024/03/05 03:21:27 CallOrder: worker get response &{1 [mr-tmp-0-6 mr-tmp-1-6 mr-tmp-2-6 mr-tmp-3-6 mr-tmp-4-6 mr-tmp-5-6 mr-tmp-6-6 mr-tmp-7-6] 14 0}
2024/03/05 03:21:27 worker  18 get order:  &{1 [mr-tmp-0-6 mr-tmp-1-6 mr-tmp-2-6 mr-tmp-3-6 mr-tmp-4-6 mr-tmp-5-6 mr-tmp-6-6 mr-tmp-7-6] 14 0}  order Type 1
2024/03/05 03:21:27 start 14 map
2024/03/05 03:21:27 Worker finish order 14, order type 1
2024/03/05 03:21:28 18 :  call for  9  times
2024/03/05 03:21:28 CallOrder: worker get response &{1 [mr-tmp-0-8 mr-tmp-1-8 mr-tmp-2-8 mr-tmp-3-8 mr-tmp-4-8 mr-tmp-5-8 mr-tmp-6-8 mr-tmp-7-8] 16 0}
2024/03/05 03:21:28 worker  18 get order:  &{1 [mr-tmp-0-8 mr-tmp-1-8 mr-tmp-2-8 mr-tmp-3-8 mr-tmp-4-8 mr-tmp-5-8 mr-tmp-6-8 mr-tmp-7-8] 16 0}  order Type 1
2024/03/05 03:21:28 start 16 map
2024/03/05 03:21:28 Worker finish order 16, order type 1
2024/03/05 03:21:29 18 :  call for  10  times
2024/03/05 03:21:29 CallOrder: worker get response &{3 [] 0 0}
2024/03/05 03:21:29 worker  18 get order:  &{3 [] 0 0}  order Type 3
2024/03/05 03:21:29 18  waiting for order
2024/03/05 03:21:31 18 :  call for  11  times
2024/03/05 03:21:31 dialing:dial unix /var/tmp/824-mr-0: connect: connection refused
