2024/03/04 23:25:04 4 :  call for  1  times
2024/03/04 23:25:04 CallOrder: worker get response &{2 [] 0 0}
2024/03/04 23:25:04 worker  4 get order:  &{2 [] 0 0}  order Type 2
2024/03/04 23:25:04 4  waiting for order
2024/03/04 23:25:06 4 :  call for  2  times
2024/03/04 23:25:06 CallOrder: worker get response &{2 [] 0 0}
2024/03/04 23:25:06 worker  4 get order:  &{2 [] 0 0}  order Type 2
2024/03/04 23:25:06 4  waiting for order
2024/03/04 23:25:08 4 :  call for  3  times
2024/03/04 23:25:08 CallOrder: worker get response &{2 [] 0 0}
2024/03/04 23:25:08 worker  4 get order:  &{2 [] 0 0}  order Type 2
2024/03/04 23:25:08 4  waiting for order
2024/03/04 23:25:10 4 :  call for  4  times
2024/03/04 23:25:10 CallOrder: worker get response &{2 [] 0 0}
2024/03/04 23:25:10 worker  4 get order:  &{2 [] 0 0}  order Type 2
2024/03/04 23:25:10 4  waiting for order
2024/03/04 23:25:12 4 :  call for  5  times
2024/03/04 23:25:12 CallOrder: worker get response &{2 [] 0 0}
2024/03/04 23:25:12 worker  4 get order:  &{2 [] 0 0}  order Type 2
2024/03/04 23:25:12 4  waiting for order
2024/03/04 23:25:14 4 :  call for  6  times
2024/03/04 23:25:14 CallOrder: worker get response &{0 [../pg-dorian_gray.txt] 1 10}
2024/03/04 23:25:14 worker  4 get order:  &{0 [../pg-dorian_gray.txt] 1 10}  order Type 0
2024/03/04 23:25:18 start 1 map
2024/03/04 23:25:18 Worker finish order 1, order type 0
2024/03/04 23:25:19 4 :  call for  7  times
2024/03/04 23:25:19 CallOrder: worker get response &{2 [] 0 0}
2024/03/04 23:25:19 worker  4 get order:  &{2 [] 0 0}  order Type 2
2024/03/04 23:25:19 4  waiting for order
2024/03/04 23:25:21 4 :  call for  8  times
2024/03/04 23:25:21 CallOrder: worker get response &{1 [mr-tmp-0-2 mr-tmp-1-2 mr-tmp-2-2 mr-tmp-3-2 mr-tmp-4-2 mr-tmp-5-2 mr-tmp-6-2 mr-tmp-7-2] 10 0}
2024/03/04 23:25:21 worker  4 get order:  &{1 [mr-tmp-0-2 mr-tmp-1-2 mr-tmp-2-2 mr-tmp-3-2 mr-tmp-4-2 mr-tmp-5-2 mr-tmp-6-2 mr-tmp-7-2] 10 0}  order Type 1
2024/03/04 23:25:21 start 10 map
2024/03/04 23:25:21 Worker finish order 10, order type 1
2024/03/04 23:25:22 4 :  call for  9  times
2024/03/04 23:25:22 CallOrder: worker get response &{1 [mr-tmp-0-5 mr-tmp-1-5 mr-tmp-2-5 mr-tmp-3-5 mr-tmp-4-5 mr-tmp-5-5 mr-tmp-6-5 mr-tmp-7-5] 13 0}
2024/03/04 23:25:22 worker  4 get order:  &{1 [mr-tmp-0-5 mr-tmp-1-5 mr-tmp-2-5 mr-tmp-3-5 mr-tmp-4-5 mr-tmp-5-5 mr-tmp-6-5 mr-tmp-7-5] 13 0}  order Type 1
