2024/03/04 21:38:54 54 :  call for  1  times
2024/03/04 21:38:54 CallOrder: worker get response &{0 [../pg-sherlock_holmes.txt] 6 10}
2024/03/04 21:38:54 worker  54 get order:  &{0 [../pg-sherlock_holmes.txt] 6 10}  order Type 0
2024/03/04 21:38:54 start 6 map
2024/03/04 21:38:54 Worker finish order 6, order type 0
2024/03/04 21:38:55 54 :  call for  2  times
2024/03/04 21:38:55 CallOrder: worker get response &{2 [] 0 0}
2024/03/04 21:38:55 worker  54 get order:  &{2 [] 0 0}  order Type 2
2024/03/04 21:38:55 54  waiting for order
2024/03/04 21:38:57 54 :  call for  3  times
2024/03/04 21:38:57 CallOrder: worker get response &{2 [] 0 0}
2024/03/04 21:38:57 worker  54 get order:  &{2 [] 0 0}  order Type 2
2024/03/04 21:38:57 54  waiting for order
2024/03/04 21:38:59 54 :  call for  4  times
2024/03/04 21:38:59 CallOrder: worker get response &{2 [] 0 0}
2024/03/04 21:38:59 worker  54 get order:  &{2 [] 0 0}  order Type 2
2024/03/04 21:38:59 54  waiting for order
2024/03/04 21:39:01 54 :  call for  5  times
2024/03/04 21:39:01 CallOrder: worker get response &{2 [] 0 0}
2024/03/04 21:39:01 worker  54 get order:  &{2 [] 0 0}  order Type 2
2024/03/04 21:39:01 54  waiting for order
2024/03/04 21:39:03 54 :  call for  6  times
2024/03/04 21:39:03 CallOrder: worker get response &{2 [] 0 0}
2024/03/04 21:39:03 worker  54 get order:  &{2 [] 0 0}  order Type 2
2024/03/04 21:39:03 54  waiting for order
2024/03/04 21:39:05 54 :  call for  7  times
2024/03/04 21:39:05 CallOrder: worker get response &{0 [../pg-huckleberry_finn.txt] 4 10}
2024/03/04 21:39:05 worker  54 get order:  &{0 [../pg-huckleberry_finn.txt] 4 10}  order Type 0
2024/03/04 21:39:05 start 4 map
2024/03/04 21:39:05 Worker finish order 4, order type 0
2024/03/04 21:39:06 54 :  call for  8  times
2024/03/04 21:39:06 CallOrder: worker get response &{2 [] 0 0}
2024/03/04 21:39:06 worker  54 get order:  &{2 [] 0 0}  order Type 2
2024/03/04 21:39:06 54  waiting for order
2024/03/04 21:39:08 54 :  call for  9  times
2024/03/04 21:39:08 CallOrder: worker get response &{2 [] 0 0}
2024/03/04 21:39:08 worker  54 get order:  &{2 [] 0 0}  order Type 2
2024/03/04 21:39:08 54  waiting for order
2024/03/04 21:39:10 54 :  call for  10  times
2024/03/04 21:39:10 CallOrder: worker get response &{2 [] 0 0}
2024/03/04 21:39:10 worker  54 get order:  &{2 [] 0 0}  order Type 2
2024/03/04 21:39:10 54  waiting for order
2024/03/04 21:39:12 54 :  call for  11  times
2024/03/04 21:39:12 CallOrder: worker get response &{1 [mr-tmp-0-4 mr-tmp-1-4 mr-tmp-2-4 mr-tmp-3-4 mr-tmp-4-4 mr-tmp-5-4 mr-tmp-6-4 mr-tmp-7-4] 12 0}
2024/03/04 21:39:12 worker  54 get order:  &{1 [mr-tmp-0-4 mr-tmp-1-4 mr-tmp-2-4 mr-tmp-3-4 mr-tmp-4-4 mr-tmp-5-4 mr-tmp-6-4 mr-tmp-7-4] 12 0}  order Type 1
2024/03/04 21:39:12 start 12 map
2024/03/04 21:39:12 Worker finish order 12, order type 1
2024/03/04 21:39:13 54 :  call for  12  times
2024/03/04 21:39:14 CallOrder: worker get response &{1 [mr-tmp-0-7 mr-tmp-1-7 mr-tmp-2-7 mr-tmp-3-7 mr-tmp-4-7 mr-tmp-5-7 mr-tmp-6-7 mr-tmp-7-7] 15 0}
2024/03/04 21:39:14 worker  54 get order:  &{1 [mr-tmp-0-7 mr-tmp-1-7 mr-tmp-2-7 mr-tmp-3-7 mr-tmp-4-7 mr-tmp-5-7 mr-tmp-6-7 mr-tmp-7-7] 15 0}  order Type 1
2024/03/04 21:39:14 start 15 map
2024/03/04 21:39:14 Worker finish order 15, order type 1
2024/03/04 21:39:15 54 :  call for  13  times
2024/03/04 21:39:15 CallOrder: worker get response &{3 [] 0 0}
2024/03/04 21:39:15 worker  54 get order:  &{3 [] 0 0}  order Type 3
2024/03/04 21:39:15 54  waiting for order
2024/03/04 21:39:17 54 :  call for  14  times
2024/03/04 21:39:17 CallOrder: worker get response &{3 [] 0 0}
2024/03/04 21:39:17 worker  54 get order:  &{3 [] 0 0}  order Type 3
2024/03/04 21:39:17 54  waiting for order
2024/03/04 21:39:19 54 :  call for  15  times
2024/03/04 21:39:19 CallOrder: worker get response &{3 [] 0 0}
2024/03/04 21:39:19 worker  54 get order:  &{3 [] 0 0}  order Type 3
2024/03/04 21:39:19 54  waiting for order
2024/03/04 21:39:21 54 :  call for  16  times
2024/03/04 21:39:21 CallOrder: worker get response &{3 [] 0 0}
2024/03/04 21:39:21 worker  54 get order:  &{3 [] 0 0}  order Type 3
2024/03/04 21:39:21 54  waiting for order
2024/03/04 21:39:23 54 :  call for  17  times
2024/03/04 21:39:23 CallOrder: worker get response &{3 [] 0 0}
2024/03/04 21:39:23 worker  54 get order:  &{3 [] 0 0}  order Type 3
2024/03/04 21:39:23 54  waiting for order
2024/03/04 21:39:25 54 :  call for  18  times
2024/03/04 21:39:25 CallOrder: worker get response &{1 [mr-tmp-0-5 mr-tmp-1-5 mr-tmp-2-5 mr-tmp-3-5 mr-tmp-4-5 mr-tmp-5-5 mr-tmp-6-5 mr-tmp-7-5] 13 0}
2024/03/04 21:39:25 worker  54 get order:  &{1 [mr-tmp-0-5 mr-tmp-1-5 mr-tmp-2-5 mr-tmp-3-5 mr-tmp-4-5 mr-tmp-5-5 mr-tmp-6-5 mr-tmp-7-5] 13 0}  order Type 1
