2024/03/05 04:31:54 54 :  call for  1  times
2024/03/05 04:31:54 CallOrder: worker get response &{2 [] 0 0}
2024/03/05 04:31:54 worker  54 get order:  &{2 [] 0 0}  order Type 2
2024/03/05 04:31:54 54  waiting for order
2024/03/05 04:31:56 54 :  call for  2  times
2024/03/05 04:31:56 CallOrder: worker get response &{2 [] 0 0}
2024/03/05 04:31:56 worker  54 get order:  &{2 [] 0 0}  order Type 2
2024/03/05 04:31:56 54  waiting for order
2024/03/05 04:31:58 54 :  call for  3  times
2024/03/05 04:31:58 CallOrder: worker get response &{2 [] 0 0}
2024/03/05 04:31:58 worker  54 get order:  &{2 [] 0 0}  order Type 2
2024/03/05 04:31:58 54  waiting for order
2024/03/05 04:32:00 54 :  call for  4  times
2024/03/05 04:32:00 CallOrder: worker get response &{2 [] 0 0}
2024/03/05 04:32:00 worker  54 get order:  &{2 [] 0 0}  order Type 2
2024/03/05 04:32:00 54  waiting for order
2024/03/05 04:32:02 54 :  call for  5  times
2024/03/05 04:32:02 CallOrder: worker get response &{2 [] 0 0}
2024/03/05 04:32:02 worker  54 get order:  &{2 [] 0 0}  order Type 2
2024/03/05 04:32:02 54  waiting for order
2024/03/05 04:32:04 54 :  call for  6  times
2024/03/05 04:32:04 CallOrder: worker get response &{0 [../pg-dorian_gray.txt] 1 10}
2024/03/05 04:32:04 worker  54 get order:  &{0 [../pg-dorian_gray.txt] 1 10}  order Type 0
2024/03/05 04:32:04 start 1 map
2024/03/05 04:32:04 Worker finish order 1, order type 0
2024/03/05 04:32:05 54 :  call for  7  times
2024/03/05 04:32:05 CallOrder: worker get response &{1 [mr-tmp-0-1 mr-tmp-1-1 mr-tmp-2-1 mr-tmp-3-1 mr-tmp-4-1 mr-tmp-5-1 mr-tmp-6-1 mr-tmp-7-1] 9 0}
2024/03/05 04:32:05 worker  54 get order:  &{1 [mr-tmp-0-1 mr-tmp-1-1 mr-tmp-2-1 mr-tmp-3-1 mr-tmp-4-1 mr-tmp-5-1 mr-tmp-6-1 mr-tmp-7-1] 9 0}  order Type 1
2024/03/05 04:32:05 start 9 map
2024/03/05 04:32:05 Worker finish order 9, order type 1
2024/03/05 04:32:06 54 :  call for  8  times
2024/03/05 04:32:06 CallOrder: worker get response &{1 [mr-tmp-0-2 mr-tmp-1-2 mr-tmp-2-2 mr-tmp-3-2 mr-tmp-4-2 mr-tmp-5-2 mr-tmp-6-2 mr-tmp-7-2] 10 0}
2024/03/05 04:32:06 worker  54 get order:  &{1 [mr-tmp-0-2 mr-tmp-1-2 mr-tmp-2-2 mr-tmp-3-2 mr-tmp-4-2 mr-tmp-5-2 mr-tmp-6-2 mr-tmp-7-2] 10 0}  order Type 1
2024/03/05 04:32:06 start 10 map
2024/03/05 04:32:06 Worker finish order 10, order type 1
2024/03/05 04:32:07 54 :  call for  9  times
2024/03/05 04:32:07 CallOrder: worker get response &{1 [mr-tmp-0-5 mr-tmp-1-5 mr-tmp-2-5 mr-tmp-3-5 mr-tmp-4-5 mr-tmp-5-5 mr-tmp-6-5 mr-tmp-7-5] 13 0}
2024/03/05 04:32:07 worker  54 get order:  &{1 [mr-tmp-0-5 mr-tmp-1-5 mr-tmp-2-5 mr-tmp-3-5 mr-tmp-4-5 mr-tmp-5-5 mr-tmp-6-5 mr-tmp-7-5] 13 0}  order Type 1
