2024/03/05 04:53:33 33 :  call for  1  times
2024/03/05 04:53:33 CallOrder: worker get response &{2 [] 0 0}
2024/03/05 04:53:33 worker  33 get order:  &{2 [] 0 0}  order Type 2
2024/03/05 04:53:33 33  waiting for order
2024/03/05 04:53:35 33 :  call for  2  times
2024/03/05 04:53:35 CallOrder: worker get response &{2 [] 0 0}
2024/03/05 04:53:35 worker  33 get order:  &{2 [] 0 0}  order Type 2
2024/03/05 04:53:35 33  waiting for order
2024/03/05 04:53:37 33 :  call for  3  times
2024/03/05 04:53:37 CallOrder: worker get response &{2 [] 0 0}
2024/03/05 04:53:37 worker  33 get order:  &{2 [] 0 0}  order Type 2
2024/03/05 04:53:37 33  waiting for order
2024/03/05 04:53:39 33 :  call for  4  times
2024/03/05 04:53:39 CallOrder: worker get response &{2 [] 0 0}
2024/03/05 04:53:39 worker  33 get order:  &{2 [] 0 0}  order Type 2
2024/03/05 04:53:39 33  waiting for order
2024/03/05 04:53:41 33 :  call for  5  times
2024/03/05 04:53:41 CallOrder: worker get response &{2 [] 0 0}
2024/03/05 04:53:41 worker  33 get order:  &{2 [] 0 0}  order Type 2
2024/03/05 04:53:41 33  waiting for order
2024/03/05 04:53:43 33 :  call for  6  times
2024/03/05 04:53:43 CallOrder: worker get response &{0 [../pg-huckleberry_finn.txt] 4 10}
2024/03/05 04:53:43 worker  33 get order:  &{0 [../pg-huckleberry_finn.txt] 4 10}  order Type 0
2024/03/05 04:53:44 start 4 map
2024/03/05 04:53:44 Worker finish order 4, order type 0
2024/03/05 04:53:45 33 :  call for  7  times
2024/03/05 04:53:45 CallOrder: worker get response &{1 [mr-tmp-0-0 mr-tmp-1-0 mr-tmp-2-0 mr-tmp-3-0 mr-tmp-4-0 mr-tmp-5-0 mr-tmp-6-0 mr-tmp-7-0] 8 0}
2024/03/05 04:53:45 worker  33 get order:  &{1 [mr-tmp-0-0 mr-tmp-1-0 mr-tmp-2-0 mr-tmp-3-0 mr-tmp-4-0 mr-tmp-5-0 mr-tmp-6-0 mr-tmp-7-0] 8 0}  order Type 1
