2024/03/05 09:25:08 8 :  call for  1  times
2024/03/05 09:25:08 CallOrder: worker get response &{2 [] 0 0}
2024/03/05 09:25:08 worker  8 get order:  &{2 [] 0 0}  order Type 2
2024/03/05 09:25:08 8  waiting for order
2024/03/05 09:25:10 8 :  call for  2  times
2024/03/05 09:25:10 CallOrder: worker get response &{2 [] 0 0}
2024/03/05 09:25:10 worker  8 get order:  &{2 [] 0 0}  order Type 2
2024/03/05 09:25:10 8  waiting for order
2024/03/05 09:25:12 8 :  call for  3  times
2024/03/05 09:25:12 CallOrder: worker get response &{2 [] 0 0}
2024/03/05 09:25:12 worker  8 get order:  &{2 [] 0 0}  order Type 2
2024/03/05 09:25:12 8  waiting for order
2024/03/05 09:25:14 8 :  call for  4  times
2024/03/05 09:25:14 CallOrder: worker get response &{2 [] 0 0}
2024/03/05 09:25:14 worker  8 get order:  &{2 [] 0 0}  order Type 2
2024/03/05 09:25:14 8  waiting for order
2024/03/05 09:25:16 8 :  call for  5  times
2024/03/05 09:25:16 CallOrder: worker get response &{2 [] 0 0}
2024/03/05 09:25:16 worker  8 get order:  &{2 [] 0 0}  order Type 2
2024/03/05 09:25:16 8  waiting for order
2024/03/05 09:25:18 8 :  call for  6  times
2024/03/05 09:25:18 CallOrder: worker get response &{0 [../pg-frankenstein.txt] 2 10}
2024/03/05 09:25:18 worker  8 get order:  &{0 [../pg-frankenstein.txt] 2 10}  order Type 0
2024/03/05 09:25:18 start 2 map
2024/03/05 09:25:18 Worker finish order 2, order type 0
2024/03/05 09:25:19 8 :  call for  7  times
2024/03/05 09:25:19 CallOrder: worker get response &{1 [mr-tmp-0-1 mr-tmp-1-1 mr-tmp-2-1 mr-tmp-3-1 mr-tmp-4-1 mr-tmp-5-1 mr-tmp-6-1 mr-tmp-7-1] 9 0}
2024/03/05 09:25:19 worker  8 get order:  &{1 [mr-tmp-0-1 mr-tmp-1-1 mr-tmp-2-1 mr-tmp-3-1 mr-tmp-4-1 mr-tmp-5-1 mr-tmp-6-1 mr-tmp-7-1] 9 0}  order Type 1
2024/03/05 09:25:19 start 9 map
2024/03/05 09:25:19 Worker finish order 9, order type 1
2024/03/05 09:25:20 8 :  call for  8  times
2024/03/05 09:25:20 CallOrder: worker get response &{1 [mr-tmp-0-4 mr-tmp-1-4 mr-tmp-2-4 mr-tmp-3-4 mr-tmp-4-4 mr-tmp-5-4 mr-tmp-6-4 mr-tmp-7-4] 12 0}
2024/03/05 09:25:20 worker  8 get order:  &{1 [mr-tmp-0-4 mr-tmp-1-4 mr-tmp-2-4 mr-tmp-3-4 mr-tmp-4-4 mr-tmp-5-4 mr-tmp-6-4 mr-tmp-7-4] 12 0}  order Type 1
2024/03/05 09:25:20 start 12 map
2024/03/05 09:25:20 Worker finish order 12, order type 1
2024/03/05 09:25:21 8 :  call for  9  times
2024/03/05 09:25:21 CallOrder: worker get response &{1 [mr-tmp-0-7 mr-tmp-1-7 mr-tmp-2-7 mr-tmp-3-7 mr-tmp-4-7 mr-tmp-5-7 mr-tmp-6-7 mr-tmp-7-7] 15 0}
2024/03/05 09:25:21 worker  8 get order:  &{1 [mr-tmp-0-7 mr-tmp-1-7 mr-tmp-2-7 mr-tmp-3-7 mr-tmp-4-7 mr-tmp-5-7 mr-tmp-6-7 mr-tmp-7-7] 15 0}  order Type 1
2024/03/05 09:25:21 start 15 map
2024/03/05 09:25:21 Worker finish order 15, order type 1
2024/03/05 09:25:22 8 :  call for  10  times
2024/03/05 09:25:22 CallOrder: worker get response &{3 [] 0 0}
2024/03/05 09:25:22 worker  8 get order:  &{3 [] 0 0}  order Type 3
2024/03/05 09:25:22 8  waiting for order
2024/03/05 09:25:24 8 :  call for  11  times
2024/03/05 09:25:24 CallOrder: worker get response &{3 [] 0 0}
2024/03/05 09:25:24 worker  8 get order:  &{3 [] 0 0}  order Type 3
2024/03/05 09:25:24 8  waiting for order
2024/03/05 09:25:26 8 :  call for  12  times
2024/03/05 09:25:26 CallOrder: worker get response &{3 [] 0 0}
2024/03/05 09:25:26 worker  8 get order:  &{3 [] 0 0}  order Type 3
2024/03/05 09:25:26 8  waiting for order
2024/03/05 09:25:28 8 :  call for  13  times
2024/03/05 09:25:28 CallOrder: worker get response &{3 [] 0 0}
2024/03/05 09:25:28 worker  8 get order:  &{3 [] 0 0}  order Type 3
2024/03/05 09:25:28 8  waiting for order
2024/03/05 09:25:30 8 :  call for  14  times
2024/03/05 09:25:30 CallOrder: worker get response &{3 [] 0 0}
2024/03/05 09:25:30 worker  8 get order:  &{3 [] 0 0}  order Type 3
2024/03/05 09:25:30 8  waiting for order
2024/03/05 09:25:32 8 :  call for  15  times
2024/03/05 09:25:32 dialing:dial unix /var/tmp/824-mr-0: connect: connection refused
