2024/03/05 05:01:50 50 :  call for  1  times
2024/03/05 05:01:50 CallOrder: worker get response &{0 [../pg-frankenstein.txt] 2 10}
2024/03/05 05:01:50 worker  50 get order:  &{0 [../pg-frankenstein.txt] 2 10}  order Type 0
2024/03/05 05:01:50 start 2 map
2024/03/05 05:01:50 Worker finish order 2, order type 0
2024/03/05 05:01:51 50 :  call for  2  times
2024/03/05 05:01:51 CallOrder: worker get response &{0 [../pg-huckleberry_finn.txt] 4 10}
2024/03/05 05:01:51 worker  50 get order:  &{0 [../pg-huckleberry_finn.txt] 4 10}  order Type 0
2024/03/05 05:01:51 start 4 map
2024/03/05 05:01:51 Worker finish order 4, order type 0
2024/03/05 05:01:52 50 :  call for  3  times
2024/03/05 05:01:52 CallOrder: worker get response &{2 [] 0 0}
2024/03/05 05:01:52 worker  50 get order:  &{2 [] 0 0}  order Type 2
2024/03/05 05:01:52 50  waiting for order
2024/03/05 05:01:54 50 :  call for  4  times
2024/03/05 05:01:54 CallOrder: worker get response &{2 [] 0 0}
2024/03/05 05:01:54 worker  50 get order:  &{2 [] 0 0}  order Type 2
2024/03/05 05:01:54 50  waiting for order
2024/03/05 05:01:56 50 :  call for  5  times
2024/03/05 05:01:56 CallOrder: worker get response &{2 [] 0 0}
2024/03/05 05:01:56 worker  50 get order:  &{2 [] 0 0}  order Type 2
2024/03/05 05:01:56 50  waiting for order
2024/03/05 05:01:58 50 :  call for  6  times
2024/03/05 05:01:58 CallOrder: worker get response &{2 [] 0 0}
2024/03/05 05:01:58 worker  50 get order:  &{2 [] 0 0}  order Type 2
2024/03/05 05:01:58 50  waiting for order
2024/03/05 05:02:00 50 :  call for  7  times
2024/03/05 05:02:00 CallOrder: worker get response &{2 [] 0 0}
2024/03/05 05:02:00 worker  50 get order:  &{2 [] 0 0}  order Type 2
2024/03/05 05:02:00 50  waiting for order
2024/03/05 05:02:02 50 :  call for  8  times
2024/03/05 05:02:02 CallOrder: worker get response &{0 [../pg-grimm.txt] 3 10}
2024/03/05 05:02:02 worker  50 get order:  &{0 [../pg-grimm.txt] 3 10}  order Type 0
2024/03/05 05:02:02 start 3 map
2024/03/05 05:02:02 Worker finish order 3, order type 0
2024/03/05 05:02:03 50 :  call for  9  times
2024/03/05 05:02:03 CallOrder: worker get response &{0 [../pg-tom_sawyer.txt] 7 10}
2024/03/05 05:02:03 worker  50 get order:  &{0 [../pg-tom_sawyer.txt] 7 10}  order Type 0
2024/03/05 05:02:03 start 7 map
2024/03/05 05:02:03 Worker finish order 7, order type 0
2024/03/05 05:02:04 50 :  call for  10  times
2024/03/05 05:02:04 CallOrder: worker get response &{2 [] 0 0}
2024/03/05 05:02:04 worker  50 get order:  &{2 [] 0 0}  order Type 2
2024/03/05 05:02:04 50  waiting for order
2024/03/05 05:02:06 50 :  call for  11  times
2024/03/05 05:02:06 CallOrder: worker get response &{2 [] 0 0}
2024/03/05 05:02:06 worker  50 get order:  &{2 [] 0 0}  order Type 2
2024/03/05 05:02:06 50  waiting for order
2024/03/05 05:02:08 50 :  call for  12  times
2024/03/05 05:02:08 CallOrder: worker get response &{2 [] 0 0}
2024/03/05 05:02:08 worker  50 get order:  &{2 [] 0 0}  order Type 2
2024/03/05 05:02:08 50  waiting for order
2024/03/05 05:02:10 50 :  call for  13  times
2024/03/05 05:02:10 CallOrder: worker get response &{2 [] 0 0}
2024/03/05 05:02:10 worker  50 get order:  &{2 [] 0 0}  order Type 2
2024/03/05 05:02:10 50  waiting for order
2024/03/05 05:02:12 50 :  call for  14  times
2024/03/05 05:02:12 CallOrder: worker get response &{0 [../pg-dorian_gray.txt] 1 10}
2024/03/05 05:02:12 worker  50 get order:  &{0 [../pg-dorian_gray.txt] 1 10}  order Type 0
2024/03/05 05:02:20 start 1 map
2024/03/05 05:02:20 Worker finish order 1, order type 0
2024/03/05 05:02:21 50 :  call for  15  times
2024/03/05 05:02:21 CallOrder: worker get response &{2 [] 0 0}
2024/03/05 05:02:21 worker  50 get order:  &{2 [] 0 0}  order Type 2
2024/03/05 05:02:21 50  waiting for order
2024/03/05 05:02:23 50 :  call for  16  times
2024/03/05 05:02:23 CallOrder: worker get response &{1 [mr-tmp-0-4 mr-tmp-1-4 mr-tmp-2-4 mr-tmp-3-4 mr-tmp-4-4 mr-tmp-5-4 mr-tmp-6-4 mr-tmp-7-4] 12 0}
2024/03/05 05:02:23 worker  50 get order:  &{1 [mr-tmp-0-4 mr-tmp-1-4 mr-tmp-2-4 mr-tmp-3-4 mr-tmp-4-4 mr-tmp-5-4 mr-tmp-6-4 mr-tmp-7-4] 12 0}  order Type 1
2024/03/05 05:02:23 start 12 map
2024/03/05 05:02:23 Worker finish order 12, order type 1
2024/03/05 05:02:24 50 :  call for  17  times
2024/03/05 05:02:24 CallOrder: worker get response &{1 [mr-tmp-0-7 mr-tmp-1-7 mr-tmp-2-7 mr-tmp-3-7 mr-tmp-4-7 mr-tmp-5-7 mr-tmp-6-7 mr-tmp-7-7] 15 0}
2024/03/05 05:02:24 worker  50 get order:  &{1 [mr-tmp-0-7 mr-tmp-1-7 mr-tmp-2-7 mr-tmp-3-7 mr-tmp-4-7 mr-tmp-5-7 mr-tmp-6-7 mr-tmp-7-7] 15 0}  order Type 1
2024/03/05 05:02:24 start 15 map
2024/03/05 05:02:24 Worker finish order 15, order type 1
2024/03/05 05:02:25 50 :  call for  18  times
2024/03/05 05:02:25 CallOrder: worker get response &{3 [] 0 0}
2024/03/05 05:02:25 worker  50 get order:  &{3 [] 0 0}  order Type 3
2024/03/05 05:02:25 50  waiting for order
2024/03/05 05:02:27 50 :  call for  19  times
2024/03/05 05:02:27 CallOrder: worker get response &{3 [] 0 0}
2024/03/05 05:02:27 worker  50 get order:  &{3 [] 0 0}  order Type 3
2024/03/05 05:02:27 50  waiting for order
2024/03/05 05:02:29 50 :  call for  20  times
2024/03/05 05:02:29 CallOrder: worker get response &{3 [] 0 0}
2024/03/05 05:02:29 worker  50 get order:  &{3 [] 0 0}  order Type 3
2024/03/05 05:02:29 50  waiting for order
2024/03/05 05:02:31 50 :  call for  21  times
2024/03/05 05:02:31 CallOrder: worker get response &{3 [] 0 0}
2024/03/05 05:02:31 worker  50 get order:  &{3 [] 0 0}  order Type 3
2024/03/05 05:02:31 50  waiting for order
2024/03/05 05:02:33 50 :  call for  22  times
2024/03/05 05:02:33 CallOrder: worker get response &{1 [mr-tmp-0-0 mr-tmp-1-0 mr-tmp-2-0 mr-tmp-3-0 mr-tmp-4-0 mr-tmp-5-0 mr-tmp-6-0 mr-tmp-7-0] 8 0}
2024/03/05 05:02:33 worker  50 get order:  &{1 [mr-tmp-0-0 mr-tmp-1-0 mr-tmp-2-0 mr-tmp-3-0 mr-tmp-4-0 mr-tmp-5-0 mr-tmp-6-0 mr-tmp-7-0] 8 0}  order Type 1
2024/03/05 05:02:33 start 8 map
2024/03/05 05:02:33 Worker finish order 8, order type 1
2024/03/05 05:02:34 50 :  call for  23  times
2024/03/05 05:02:34 CallOrder: worker get response &{3 [] 0 0}
2024/03/05 05:02:34 worker  50 get order:  &{3 [] 0 0}  order Type 3
2024/03/05 05:02:34 50  waiting for order
2024/03/05 05:02:36 50 :  call for  24  times
2024/03/05 05:02:36 CallOrder: worker get response &{3 [] 0 0}
2024/03/05 05:02:36 worker  50 get order:  &{3 [] 0 0}  order Type 3
2024/03/05 05:02:36 50  waiting for order
2024/03/05 05:02:38 50 :  call for  25  times
2024/03/05 05:02:38 CallOrder: worker get response &{3 [] 0 0}
2024/03/05 05:02:38 worker  50 get order:  &{3 [] 0 0}  order Type 3
2024/03/05 05:02:38 50  waiting for order
2024/03/05 05:02:40 50 :  call for  26  times
2024/03/05 05:02:40 dialing:dial unix /var/tmp/824-mr-0: connect: connection refused
