2024/03/04 23:55:36 36 :  call for  1  times
2024/03/04 23:55:36 CallOrder: worker get response &{0 [../pg-frankenstein.txt] 2 10}
2024/03/04 23:55:36 worker  36 get order:  &{0 [../pg-frankenstein.txt] 2 10}  order Type 0
2024/03/04 23:55:46 start 2 map
2024/03/04 23:55:46 Worker finish order 2, order type 0
2024/03/04 23:55:47 36 :  call for  2  times
2024/03/04 23:55:47 CallOrder: worker get response &{2 [] 0 0}
2024/03/04 23:55:47 worker  36 get order:  &{2 [] 0 0}  order Type 2
2024/03/04 23:55:47 36  waiting for order
2024/03/04 23:55:49 36 :  call for  3  times
2024/03/04 23:55:49 CallOrder: worker get response &{1 [mr-tmp-0-1 mr-tmp-1-1 mr-tmp-2-1 mr-tmp-3-1 mr-tmp-4-1 mr-tmp-5-1 mr-tmp-6-1 mr-tmp-7-1] 9 0}
2024/03/04 23:55:49 worker  36 get order:  &{1 [mr-tmp-0-1 mr-tmp-1-1 mr-tmp-2-1 mr-tmp-3-1 mr-tmp-4-1 mr-tmp-5-1 mr-tmp-6-1 mr-tmp-7-1] 9 0}  order Type 1
2024/03/04 23:55:49 start 9 map
2024/03/04 23:55:49 Worker finish order 9, order type 1
2024/03/04 23:55:50 36 :  call for  4  times
2024/03/04 23:55:50 CallOrder: worker get response &{1 [mr-tmp-0-4 mr-tmp-1-4 mr-tmp-2-4 mr-tmp-3-4 mr-tmp-4-4 mr-tmp-5-4 mr-tmp-6-4 mr-tmp-7-4] 12 0}
2024/03/04 23:55:50 worker  36 get order:  &{1 [mr-tmp-0-4 mr-tmp-1-4 mr-tmp-2-4 mr-tmp-3-4 mr-tmp-4-4 mr-tmp-5-4 mr-tmp-6-4 mr-tmp-7-4] 12 0}  order Type 1
2024/03/04 23:55:50 start 12 map
2024/03/04 23:55:50 Worker finish order 12, order type 1
2024/03/04 23:55:51 36 :  call for  5  times
2024/03/04 23:55:51 CallOrder: worker get response &{1 [mr-tmp-0-7 mr-tmp-1-7 mr-tmp-2-7 mr-tmp-3-7 mr-tmp-4-7 mr-tmp-5-7 mr-tmp-6-7 mr-tmp-7-7] 15 0}
2024/03/04 23:55:51 worker  36 get order:  &{1 [mr-tmp-0-7 mr-tmp-1-7 mr-tmp-2-7 mr-tmp-3-7 mr-tmp-4-7 mr-tmp-5-7 mr-tmp-6-7 mr-tmp-7-7] 15 0}  order Type 1
2024/03/04 23:55:51 start 15 map
2024/03/04 23:55:51 Worker finish order 15, order type 1
2024/03/04 23:55:52 36 :  call for  6  times
2024/03/04 23:55:52 CallOrder: worker get response &{3 [] 0 0}
2024/03/04 23:55:52 worker  36 get order:  &{3 [] 0 0}  order Type 3
2024/03/04 23:55:52 36  waiting for order
2024/03/04 23:55:54 36 :  call for  7  times
2024/03/04 23:55:54 CallOrder: worker get response &{3 [] 0 0}
2024/03/04 23:55:54 worker  36 get order:  &{3 [] 0 0}  order Type 3
2024/03/04 23:55:54 36  waiting for order
2024/03/04 23:55:56 36 :  call for  8  times
2024/03/04 23:55:56 CallOrder: worker get response &{3 [] 0 0}
2024/03/04 23:55:56 worker  36 get order:  &{3 [] 0 0}  order Type 3
2024/03/04 23:55:56 36  waiting for order
2024/03/04 23:55:58 36 :  call for  9  times
2024/03/04 23:55:58 CallOrder: worker get response &{3 [] 0 0}
2024/03/04 23:55:58 worker  36 get order:  &{3 [] 0 0}  order Type 3
2024/03/04 23:55:58 36  waiting for order
2024/03/04 23:56:00 36 :  call for  10  times
2024/03/04 23:56:00 CallOrder: worker get response &{1 [mr-tmp-0-0 mr-tmp-1-0 mr-tmp-2-0 mr-tmp-3-0 mr-tmp-4-0 mr-tmp-5-0 mr-tmp-6-0 mr-tmp-7-0] 8 0}
2024/03/04 23:56:00 worker  36 get order:  &{1 [mr-tmp-0-0 mr-tmp-1-0 mr-tmp-2-0 mr-tmp-3-0 mr-tmp-4-0 mr-tmp-5-0 mr-tmp-6-0 mr-tmp-7-0] 8 0}  order Type 1
2024/03/04 23:56:00 start 8 map
2024/03/04 23:56:00 Worker finish order 8, order type 1
2024/03/04 23:56:01 36 :  call for  11  times
2024/03/04 23:56:01 CallOrder: worker get response &{4 [] 0 0}
2024/03/04 23:56:01 worker  36 get order:  &{4 [] 0 0}  order Type 4
2024/03/04 23:56:02 36  killed
