2024/03/05 06:44:14 14 :  call for  1  times
2024/03/05 06:44:14 CallOrder: worker get response &{0 [../pg-frankenstein.txt] 2 10}
2024/03/05 06:44:14 worker  14 get order:  &{0 [../pg-frankenstein.txt] 2 10}  order Type 0
2024/03/05 06:44:21 start 2 map
2024/03/05 06:44:21 Worker finish order 2, order type 0
2024/03/05 06:44:22 14 :  call for  2  times
2024/03/05 06:44:22 CallOrder: worker get response &{2 [] 0 0}
2024/03/05 06:44:22 worker  14 get order:  &{2 [] 0 0}  order Type 2
2024/03/05 06:44:22 14  waiting for order
2024/03/05 06:44:24 14 :  call for  3  times
2024/03/05 06:44:24 CallOrder: worker get response &{2 [] 0 0}
2024/03/05 06:44:24 worker  14 get order:  &{2 [] 0 0}  order Type 2
2024/03/05 06:44:24 14  waiting for order
2024/03/05 06:44:26 14 :  call for  4  times
2024/03/05 06:44:26 CallOrder: worker get response &{2 [] 0 0}
2024/03/05 06:44:26 worker  14 get order:  &{2 [] 0 0}  order Type 2
2024/03/05 06:44:26 14  waiting for order
2024/03/05 06:44:28 14 :  call for  5  times
2024/03/05 06:44:28 CallOrder: worker get response &{2 [] 0 0}
2024/03/05 06:44:28 worker  14 get order:  &{2 [] 0 0}  order Type 2
2024/03/05 06:44:28 14  waiting for order
2024/03/05 06:44:30 14 :  call for  6  times
2024/03/05 06:44:30 CallOrder: worker get response &{2 [] 0 0}
2024/03/05 06:44:30 worker  14 get order:  &{2 [] 0 0}  order Type 2
2024/03/05 06:44:30 14  waiting for order
2024/03/05 06:44:32 14 :  call for  7  times
2024/03/05 06:44:32 CallOrder: worker get response &{2 [] 0 0}
2024/03/05 06:44:32 worker  14 get order:  &{2 [] 0 0}  order Type 2
2024/03/05 06:44:32 14  waiting for order
2024/03/05 06:44:34 14 :  call for  8  times
2024/03/05 06:44:34 CallOrder: worker get response &{2 [] 0 0}
2024/03/05 06:44:34 worker  14 get order:  &{2 [] 0 0}  order Type 2
2024/03/05 06:44:34 14  waiting for order
2024/03/05 06:44:36 14 :  call for  9  times
2024/03/05 06:44:36 CallOrder: worker get response &{2 [] 0 0}
2024/03/05 06:44:36 worker  14 get order:  &{2 [] 0 0}  order Type 2
2024/03/05 06:44:36 14  waiting for order
2024/03/05 06:44:38 14 :  call for  10  times
2024/03/05 06:44:38 CallOrder: worker get response &{2 [] 0 0}
2024/03/05 06:44:38 worker  14 get order:  &{2 [] 0 0}  order Type 2
2024/03/05 06:44:38 14  waiting for order
2024/03/05 06:44:40 14 :  call for  11  times
2024/03/05 06:44:40 CallOrder: worker get response &{1 [mr-tmp-0-5 mr-tmp-1-5 mr-tmp-2-5 mr-tmp-3-5 mr-tmp-4-5 mr-tmp-5-5 mr-tmp-6-5 mr-tmp-7-5] 13 0}
2024/03/05 06:44:40 worker  14 get order:  &{1 [mr-tmp-0-5 mr-tmp-1-5 mr-tmp-2-5 mr-tmp-3-5 mr-tmp-4-5 mr-tmp-5-5 mr-tmp-6-5 mr-tmp-7-5] 13 0}  order Type 1
2024/03/05 06:44:46 start 13 map
2024/03/05 06:44:46 Worker finish order 13, order type 1
2024/03/05 06:44:47 14 :  call for  12  times
2024/03/05 06:44:47 CallOrder: worker get response &{4 [] 0 0}
2024/03/05 06:44:47 worker  14 get order:  &{4 [] 0 0}  order Type 4
2024/03/05 06:44:48 14  killed
