2024/03/05 04:58:58 58 :  call for  1  times
2024/03/05 04:58:58 CallOrder: worker get response &{0 [../pg-dorian_gray.txt] 1 10}
2024/03/05 04:58:58 worker  58 get order:  &{0 [../pg-dorian_gray.txt] 1 10}  order Type 0
2024/03/05 04:58:58 start 1 map
2024/03/05 04:58:58 Worker finish order 1, order type 0
2024/03/05 04:59:00 58 :  call for  2  times
2024/03/05 04:59:00 CallOrder: worker get response &{0 [../pg-metamorphosis.txt] 5 10}
2024/03/05 04:59:00 worker  58 get order:  &{0 [../pg-metamorphosis.txt] 5 10}  order Type 0
2024/03/05 04:59:00 start 5 map
2024/03/05 04:59:00 Worker finish order 5, order type 0
2024/03/05 04:59:01 58 :  call for  3  times
2024/03/05 04:59:01 CallOrder: worker get response &{0 [../pg-tom_sawyer.txt] 7 10}
2024/03/05 04:59:01 worker  58 get order:  &{0 [../pg-tom_sawyer.txt] 7 10}  order Type 0
2024/03/05 04:59:01 start 7 map
2024/03/05 04:59:01 Worker finish order 7, order type 0
2024/03/05 04:59:02 58 :  call for  4  times
2024/03/05 04:59:02 CallOrder: worker get response &{1 [mr-tmp-0-0 mr-tmp-1-0 mr-tmp-2-0 mr-tmp-3-0 mr-tmp-4-0 mr-tmp-5-0 mr-tmp-6-0 mr-tmp-7-0] 8 0}
2024/03/05 04:59:02 worker  58 get order:  &{1 [mr-tmp-0-0 mr-tmp-1-0 mr-tmp-2-0 mr-tmp-3-0 mr-tmp-4-0 mr-tmp-5-0 mr-tmp-6-0 mr-tmp-7-0] 8 0}  order Type 1
2024/03/05 04:59:02 start 8 map
2024/03/05 04:59:02 Worker finish order 8, order type 1
2024/03/05 04:59:03 58 :  call for  5  times
2024/03/05 04:59:03 CallOrder: worker get response &{1 [mr-tmp-0-2 mr-tmp-1-2 mr-tmp-2-2 mr-tmp-3-2 mr-tmp-4-2 mr-tmp-5-2 mr-tmp-6-2 mr-tmp-7-2] 10 0}
2024/03/05 04:59:03 worker  58 get order:  &{1 [mr-tmp-0-2 mr-tmp-1-2 mr-tmp-2-2 mr-tmp-3-2 mr-tmp-4-2 mr-tmp-5-2 mr-tmp-6-2 mr-tmp-7-2] 10 0}  order Type 1
2024/03/05 04:59:06 start 10 map
2024/03/05 04:59:06 Worker finish order 10, order type 1
2024/03/05 04:59:07 58 :  call for  6  times
2024/03/05 04:59:07 CallOrder: worker get response &{1 [mr-tmp-0-9 mr-tmp-1-9 mr-tmp-2-9 mr-tmp-3-9 mr-tmp-4-9 mr-tmp-5-9 mr-tmp-6-9 mr-tmp-7-9] 17 0}
2024/03/05 04:59:07 worker  58 get order:  &{1 [mr-tmp-0-9 mr-tmp-1-9 mr-tmp-2-9 mr-tmp-3-9 mr-tmp-4-9 mr-tmp-5-9 mr-tmp-6-9 mr-tmp-7-9] 17 0}  order Type 1
2024/03/05 04:59:07 start 17 map
2024/03/05 04:59:07 Worker finish order 17, order type 1
2024/03/05 04:59:08 58 :  call for  7  times
2024/03/05 04:59:08 CallOrder: worker get response &{4 [] 0 0}
2024/03/05 04:59:08 worker  58 get order:  &{4 [] 0 0}  order Type 4
2024/03/05 04:59:09 58  killed
