2024/03/05 01:19:59 59 :  call for  1  times
2024/03/05 01:19:59 CallOrder: worker get response &{0 [../pg-grimm.txt] 3 10}
2024/03/05 01:19:59 worker  59 get order:  &{0 [../pg-grimm.txt] 3 10}  order Type 0
2024/03/05 01:20:00 start 3 map
2024/03/05 01:20:00 Worker finish order 3, order type 0
2024/03/05 01:20:01 59 :  call for  2  times
2024/03/05 01:20:01 CallOrder: worker get response &{0 [../pg-sherlock_holmes.txt] 6 10}
2024/03/05 01:20:01 worker  59 get order:  &{0 [../pg-sherlock_holmes.txt] 6 10}  order Type 0
2024/03/05 01:20:01 start 6 map
2024/03/05 01:20:01 Worker finish order 6, order type 0
2024/03/05 01:20:02 59 :  call for  3  times
2024/03/05 01:20:02 CallOrder: worker get response &{0 [../pg-tom_sawyer.txt] 7 10}
2024/03/05 01:20:02 worker  59 get order:  &{0 [../pg-tom_sawyer.txt] 7 10}  order Type 0
2024/03/05 01:20:02 start 7 map
2024/03/05 01:20:02 Worker finish order 7, order type 0
2024/03/05 01:20:03 59 :  call for  4  times
2024/03/05 01:20:03 CallOrder: worker get response &{2 [] 0 0}
2024/03/05 01:20:03 worker  59 get order:  &{2 [] 0 0}  order Type 2
2024/03/05 01:20:03 59  waiting for order
2024/03/05 01:20:05 59 :  call for  5  times
2024/03/05 01:20:05 CallOrder: worker get response &{2 [] 0 0}
2024/03/05 01:20:05 worker  59 get order:  &{2 [] 0 0}  order Type 2
2024/03/05 01:20:05 59  waiting for order
2024/03/05 01:20:07 59 :  call for  6  times
2024/03/05 01:20:07 CallOrder: worker get response &{2 [] 0 0}
2024/03/05 01:20:07 worker  59 get order:  &{2 [] 0 0}  order Type 2
2024/03/05 01:20:07 59  waiting for order
2024/03/05 01:20:09 59 :  call for  7  times
2024/03/05 01:20:09 CallOrder: worker get response &{2 [] 0 0}
2024/03/05 01:20:09 worker  59 get order:  &{2 [] 0 0}  order Type 2
2024/03/05 01:20:09 59  waiting for order
2024/03/05 01:20:11 59 :  call for  8  times
2024/03/05 01:20:11 CallOrder: worker get response &{1 [mr-tmp-0-1 mr-tmp-1-1 mr-tmp-2-1 mr-tmp-3-1 mr-tmp-4-1 mr-tmp-5-1 mr-tmp-6-1 mr-tmp-7-1] 9 0}
2024/03/05 01:20:11 worker  59 get order:  &{1 [mr-tmp-0-1 mr-tmp-1-1 mr-tmp-2-1 mr-tmp-3-1 mr-tmp-4-1 mr-tmp-5-1 mr-tmp-6-1 mr-tmp-7-1] 9 0}  order Type 1
2024/03/05 01:20:11 start 9 map
2024/03/05 01:20:11 Worker finish order 9, order type 1
2024/03/05 01:20:12 59 :  call for  9  times
2024/03/05 01:20:12 CallOrder: worker get response &{1 [mr-tmp-0-2 mr-tmp-1-2 mr-tmp-2-2 mr-tmp-3-2 mr-tmp-4-2 mr-tmp-5-2 mr-tmp-6-2 mr-tmp-7-2] 10 0}
2024/03/05 01:20:12 worker  59 get order:  &{1 [mr-tmp-0-2 mr-tmp-1-2 mr-tmp-2-2 mr-tmp-3-2 mr-tmp-4-2 mr-tmp-5-2 mr-tmp-6-2 mr-tmp-7-2] 10 0}  order Type 1
