2024/03/04 22:51:15 15 :  call for  1  times
2024/03/04 22:51:15 CallOrder: worker get response &{1 [mr-tmp-0-6 mr-tmp-1-6 mr-tmp-2-6 mr-tmp-3-6 mr-tmp-4-6 mr-tmp-5-6 mr-tmp-6-6 mr-tmp-7-6] 14 0}
2024/03/04 22:51:15 worker  15 get order:  &{1 [mr-tmp-0-6 mr-tmp-1-6 mr-tmp-2-6 mr-tmp-3-6 mr-tmp-4-6 mr-tmp-5-6 mr-tmp-6-6 mr-tmp-7-6] 14 0}  order Type 1
2024/03/04 22:51:15 start 14 map
2024/03/04 22:51:15 Worker finish order 14, order type 1
2024/03/04 22:51:16 15 :  call for  2  times
2024/03/04 22:51:16 CallOrder: worker get response &{1 [mr-tmp-0-7 mr-tmp-1-7 mr-tmp-2-7 mr-tmp-3-7 mr-tmp-4-7 mr-tmp-5-7 mr-tmp-6-7 mr-tmp-7-7] 15 0}
2024/03/04 22:51:16 worker  15 get order:  &{1 [mr-tmp-0-7 mr-tmp-1-7 mr-tmp-2-7 mr-tmp-3-7 mr-tmp-4-7 mr-tmp-5-7 mr-tmp-6-7 mr-tmp-7-7] 15 0}  order Type 1
2024/03/04 22:51:16 start 15 map
2024/03/04 22:51:16 Worker finish order 15, order type 1
2024/03/04 22:51:17 15 :  call for  3  times
2024/03/04 22:51:17 CallOrder: worker get response &{1 [mr-tmp-0-8 mr-tmp-1-8 mr-tmp-2-8 mr-tmp-3-8 mr-tmp-4-8 mr-tmp-5-8 mr-tmp-6-8 mr-tmp-7-8] 16 0}
2024/03/04 22:51:17 worker  15 get order:  &{1 [mr-tmp-0-8 mr-tmp-1-8 mr-tmp-2-8 mr-tmp-3-8 mr-tmp-4-8 mr-tmp-5-8 mr-tmp-6-8 mr-tmp-7-8] 16 0}  order Type 1
2024/03/04 22:51:17 start 16 map
2024/03/04 22:51:17 Worker finish order 16, order type 1
2024/03/04 22:51:18 15 :  call for  4  times
2024/03/04 22:51:18 CallOrder: worker get response &{3 [] 0 0}
2024/03/04 22:51:18 worker  15 get order:  &{3 [] 0 0}  order Type 3
2024/03/04 22:51:18 15  waiting for order
2024/03/04 22:51:20 15 :  call for  5  times
2024/03/04 22:51:20 CallOrder: worker get response &{3 [] 0 0}
2024/03/04 22:51:20 worker  15 get order:  &{3 [] 0 0}  order Type 3
2024/03/04 22:51:20 15  waiting for order
2024/03/04 22:51:22 15 :  call for  6  times
2024/03/04 22:51:22 CallOrder: worker get response &{3 [] 0 0}
2024/03/04 22:51:22 worker  15 get order:  &{3 [] 0 0}  order Type 3
2024/03/04 22:51:22 15  waiting for order
2024/03/04 22:51:24 15 :  call for  7  times
2024/03/04 22:51:24 CallOrder: worker get response &{3 [] 0 0}
2024/03/04 22:51:24 worker  15 get order:  &{3 [] 0 0}  order Type 3
2024/03/04 22:51:24 15  waiting for order
2024/03/04 22:51:26 15 :  call for  8  times
2024/03/04 22:51:26 CallOrder: worker get response &{3 [] 0 0}
2024/03/04 22:51:26 worker  15 get order:  &{3 [] 0 0}  order Type 3
2024/03/04 22:51:26 15  waiting for order
2024/03/04 22:51:28 15 :  call for  9  times
2024/03/04 22:51:28 CallOrder: worker get response &{3 [] 0 0}
2024/03/04 22:51:28 worker  15 get order:  &{3 [] 0 0}  order Type 3
2024/03/04 22:51:28 15  waiting for order
2024/03/04 22:51:30 15 :  call for  10  times
2024/03/04 22:51:30 CallOrder: worker get response &{3 [] 0 0}
2024/03/04 22:51:30 worker  15 get order:  &{3 [] 0 0}  order Type 3
2024/03/04 22:51:30 15  waiting for order
2024/03/04 22:51:32 15 :  call for  11  times
2024/03/04 22:51:32 CallOrder: worker get response &{3 [] 0 0}
2024/03/04 22:51:32 worker  15 get order:  &{3 [] 0 0}  order Type 3
2024/03/04 22:51:32 15  waiting for order
2024/03/04 22:51:34 15 :  call for  12  times
2024/03/04 22:51:34 CallOrder: worker get response &{3 [] 0 0}
2024/03/04 22:51:34 worker  15 get order:  &{3 [] 0 0}  order Type 3
2024/03/04 22:51:34 15  waiting for order
2024/03/04 22:51:36 15 :  call for  13  times
2024/03/04 22:51:36 CallOrder: worker get response &{3 [] 0 0}
2024/03/04 22:51:36 worker  15 get order:  &{3 [] 0 0}  order Type 3
2024/03/04 22:51:36 15  waiting for order
2024/03/04 22:51:38 15 :  call for  14  times
2024/03/04 22:51:38 CallOrder: worker get response &{3 [] 0 0}
2024/03/04 22:51:38 worker  15 get order:  &{3 [] 0 0}  order Type 3
2024/03/04 22:51:38 15  waiting for order
2024/03/04 22:51:40 15 :  call for  15  times
2024/03/04 22:51:40 CallOrder: worker get response &{3 [] 0 0}
2024/03/04 22:51:40 worker  15 get order:  &{3 [] 0 0}  order Type 3
2024/03/04 22:51:40 15  waiting for order
2024/03/04 22:51:42 15 :  call for  16  times
2024/03/04 22:51:42 CallOrder: worker get response &{4 [] 0 0}
2024/03/04 22:51:42 worker  15 get order:  &{4 [] 0 0}  order Type 4
2024/03/04 22:51:43 15  killed
