2024/03/05 06:44:14 14 :  call for  1  times
2024/03/05 06:44:14 CallOrder: worker get response &{0 [../pg-dorian_gray.txt] 1 10}
2024/03/05 06:44:14 worker  14 get order:  &{0 [../pg-dorian_gray.txt] 1 10}  order Type 0
2024/03/05 06:44:14 start 1 map
2024/03/05 06:44:14 Worker finish order 1, order type 0
2024/03/05 06:44:15 14 :  call for  2  times
2024/03/05 06:44:15 CallOrder: worker get response &{0 [../pg-huckleberry_finn.txt] 4 10}
2024/03/05 06:44:15 worker  14 get order:  &{0 [../pg-huckleberry_finn.txt] 4 10}  order Type 0
2024/03/05 06:44:15 start 4 map
2024/03/05 06:44:15 Worker finish order 4, order type 0
2024/03/05 06:44:16 14 :  call for  3  times
2024/03/05 06:44:16 CallOrder: worker get response &{0 [../pg-tom_sawyer.txt] 7 10}
2024/03/05 06:44:16 worker  14 get order:  &{0 [../pg-tom_sawyer.txt] 7 10}  order Type 0
2024/03/05 06:44:24 start 7 map
2024/03/05 06:44:24 Worker finish order 7, order type 0
2024/03/05 06:44:25 14 :  call for  4  times
2024/03/05 06:44:25 CallOrder: worker get response &{2 [] 0 0}
2024/03/05 06:44:25 worker  14 get order:  &{2 [] 0 0}  order Type 2
2024/03/05 06:44:25 14  waiting for order
2024/03/05 06:44:27 14 :  call for  5  times
2024/03/05 06:44:27 CallOrder: worker get response &{2 [] 0 0}
2024/03/05 06:44:27 worker  14 get order:  &{2 [] 0 0}  order Type 2
2024/03/05 06:44:27 14  waiting for order
2024/03/05 06:44:29 14 :  call for  6  times
2024/03/05 06:44:29 CallOrder: worker get response &{2 [] 0 0}
2024/03/05 06:44:29 worker  14 get order:  &{2 [] 0 0}  order Type 2
2024/03/05 06:44:29 14  waiting for order
2024/03/05 06:44:31 14 :  call for  7  times
2024/03/05 06:44:31 CallOrder: worker get response &{2 [] 0 0}
2024/03/05 06:44:31 worker  14 get order:  &{2 [] 0 0}  order Type 2
2024/03/05 06:44:31 14  waiting for order
2024/03/05 06:44:33 14 :  call for  8  times
2024/03/05 06:44:33 CallOrder: worker get response &{2 [] 0 0}
2024/03/05 06:44:33 worker  14 get order:  &{2 [] 0 0}  order Type 2
2024/03/05 06:44:33 14  waiting for order
2024/03/05 06:44:35 14 :  call for  9  times
2024/03/05 06:44:35 CallOrder: worker get response &{2 [] 0 0}
2024/03/05 06:44:35 worker  14 get order:  &{2 [] 0 0}  order Type 2
2024/03/05 06:44:35 14  waiting for order
2024/03/05 06:44:37 14 :  call for  10  times
2024/03/05 06:44:37 CallOrder: worker get response &{2 [] 0 0}
2024/03/05 06:44:37 worker  14 get order:  &{2 [] 0 0}  order Type 2
2024/03/05 06:44:37 14  waiting for order
2024/03/05 06:44:39 14 :  call for  11  times
2024/03/05 06:44:39 CallOrder: worker get response &{1 [mr-tmp-0-0 mr-tmp-1-0 mr-tmp-2-0 mr-tmp-3-0 mr-tmp-4-0 mr-tmp-5-0 mr-tmp-6-0 mr-tmp-7-0] 8 0}
2024/03/05 06:44:39 worker  14 get order:  &{1 [mr-tmp-0-0 mr-tmp-1-0 mr-tmp-2-0 mr-tmp-3-0 mr-tmp-4-0 mr-tmp-5-0 mr-tmp-6-0 mr-tmp-7-0] 8 0}  order Type 1
2024/03/05 06:44:39 start 8 map
2024/03/05 06:44:39 Worker finish order 8, order type 1
2024/03/05 06:44:40 14 :  call for  12  times
2024/03/05 06:44:40 CallOrder: worker get response &{1 [mr-tmp-0-3 mr-tmp-1-3 mr-tmp-2-3 mr-tmp-3-3 mr-tmp-4-3 mr-tmp-5-3 mr-tmp-6-3 mr-tmp-7-3] 11 0}
2024/03/05 06:44:40 worker  14 get order:  &{1 [mr-tmp-0-3 mr-tmp-1-3 mr-tmp-2-3 mr-tmp-3-3 mr-tmp-4-3 mr-tmp-5-3 mr-tmp-6-3 mr-tmp-7-3] 11 0}  order Type 1
2024/03/05 06:44:40 start 11 map
2024/03/05 06:44:40 Worker finish order 11, order type 1
2024/03/05 06:44:41 14 :  call for  13  times
2024/03/05 06:44:41 CallOrder: worker get response &{1 [mr-tmp-0-7 mr-tmp-1-7 mr-tmp-2-7 mr-tmp-3-7 mr-tmp-4-7 mr-tmp-5-7 mr-tmp-6-7 mr-tmp-7-7] 15 0}
2024/03/05 06:44:41 worker  14 get order:  &{1 [mr-tmp-0-7 mr-tmp-1-7 mr-tmp-2-7 mr-tmp-3-7 mr-tmp-4-7 mr-tmp-5-7 mr-tmp-6-7 mr-tmp-7-7] 15 0}  order Type 1
2024/03/05 06:44:41 start 15 map
2024/03/05 06:44:41 Worker finish order 15, order type 1
2024/03/05 06:44:42 14 :  call for  14  times
2024/03/05 06:44:42 CallOrder: worker get response &{3 [] 0 0}
2024/03/05 06:44:42 worker  14 get order:  &{3 [] 0 0}  order Type 3
2024/03/05 06:44:42 14  waiting for order
2024/03/05 06:44:44 14 :  call for  15  times
2024/03/05 06:44:44 CallOrder: worker get response &{3 [] 0 0}
2024/03/05 06:44:44 worker  14 get order:  &{3 [] 0 0}  order Type 3
2024/03/05 06:44:44 14  waiting for order
2024/03/05 06:44:46 14 :  call for  16  times
2024/03/05 06:44:46 CallOrder: worker get response &{3 [] 0 0}
2024/03/05 06:44:46 worker  14 get order:  &{3 [] 0 0}  order Type 3
2024/03/05 06:44:46 14  waiting for order
2024/03/05 06:44:48 14 :  call for  17  times
2024/03/05 06:44:48 CallOrder: worker get response &{4 [] 0 0}
2024/03/05 06:44:48 worker  14 get order:  &{4 [] 0 0}  order Type 4
2024/03/05 06:44:49 14  killed
