2024/03/05 03:33:29 29 :  call for  1  times
2024/03/05 03:33:29 CallOrder: worker get response &{0 [../pg-dorian_gray.txt] 1 10}
2024/03/05 03:33:29 worker  29 get order:  &{0 [../pg-dorian_gray.txt] 1 10}  order Type 0
2024/03/05 03:33:29 start 1 map
2024/03/05 03:33:29 Worker finish order 1, order type 0
2024/03/05 03:33:30 29 :  call for  2  times
2024/03/05 03:33:30 CallOrder: worker get response &{0 [../pg-grimm.txt] 3 10}
2024/03/05 03:33:30 worker  29 get order:  &{0 [../pg-grimm.txt] 3 10}  order Type 0
2024/03/05 03:33:30 start 3 map
2024/03/05 03:33:30 Worker finish order 3, order type 0
2024/03/05 03:33:31 29 :  call for  3  times
2024/03/05 03:33:31 CallOrder: worker get response &{0 [../pg-metamorphosis.txt] 5 10}
2024/03/05 03:33:31 worker  29 get order:  &{0 [../pg-metamorphosis.txt] 5 10}  order Type 0
2024/03/05 03:33:31 start 5 map
2024/03/05 03:33:31 Worker finish order 5, order type 0
2024/03/05 03:33:32 29 :  call for  4  times
2024/03/05 03:33:32 CallOrder: worker get response &{0 [../pg-sherlock_holmes.txt] 6 10}
2024/03/05 03:33:32 worker  29 get order:  &{0 [../pg-sherlock_holmes.txt] 6 10}  order Type 0
2024/03/05 03:33:32 start 6 map
2024/03/05 03:33:32 Worker finish order 6, order type 0
2024/03/05 03:33:33 29 :  call for  5  times
2024/03/05 03:33:33 CallOrder: worker get response &{2 [] 0 0}
2024/03/05 03:33:33 worker  29 get order:  &{2 [] 0 0}  order Type 2
2024/03/05 03:33:33 29  waiting for order
2024/03/05 03:33:35 29 :  call for  6  times
2024/03/05 03:33:35 CallOrder: worker get response &{1 [mr-tmp-0-1 mr-tmp-1-1 mr-tmp-2-1 mr-tmp-3-1 mr-tmp-4-1 mr-tmp-5-1 mr-tmp-6-1 mr-tmp-7-1] 9 0}
2024/03/05 03:33:35 worker  29 get order:  &{1 [mr-tmp-0-1 mr-tmp-1-1 mr-tmp-2-1 mr-tmp-3-1 mr-tmp-4-1 mr-tmp-5-1 mr-tmp-6-1 mr-tmp-7-1] 9 0}  order Type 1
2024/03/05 03:33:36 start 9 map
2024/03/05 03:33:36 Worker finish order 9, order type 1
2024/03/05 03:33:37 29 :  call for  7  times
2024/03/05 03:33:37 CallOrder: worker get response &{1 [mr-tmp-0-3 mr-tmp-1-3 mr-tmp-2-3 mr-tmp-3-3 mr-tmp-4-3 mr-tmp-5-3 mr-tmp-6-3 mr-tmp-7-3] 11 0}
2024/03/05 03:33:37 worker  29 get order:  &{1 [mr-tmp-0-3 mr-tmp-1-3 mr-tmp-2-3 mr-tmp-3-3 mr-tmp-4-3 mr-tmp-5-3 mr-tmp-6-3 mr-tmp-7-3] 11 0}  order Type 1
2024/03/05 03:33:39 start 11 map
2024/03/05 03:33:39 Worker finish order 11, order type 1
2024/03/05 03:33:40 29 :  call for  8  times
2024/03/05 03:33:40 CallOrder: worker get response &{1 [mr-tmp-0-5 mr-tmp-1-5 mr-tmp-2-5 mr-tmp-3-5 mr-tmp-4-5 mr-tmp-5-5 mr-tmp-6-5 mr-tmp-7-5] 13 0}
2024/03/05 03:33:40 worker  29 get order:  &{1 [mr-tmp-0-5 mr-tmp-1-5 mr-tmp-2-5 mr-tmp-3-5 mr-tmp-4-5 mr-tmp-5-5 mr-tmp-6-5 mr-tmp-7-5] 13 0}  order Type 1
2024/03/05 03:33:41 start 13 map
2024/03/05 03:33:41 Worker finish order 13, order type 1
2024/03/05 03:33:42 29 :  call for  9  times
2024/03/05 03:33:42 CallOrder: worker get response &{1 [mr-tmp-0-8 mr-tmp-1-8 mr-tmp-2-8 mr-tmp-3-8 mr-tmp-4-8 mr-tmp-5-8 mr-tmp-6-8 mr-tmp-7-8] 16 0}
2024/03/05 03:33:42 worker  29 get order:  &{1 [mr-tmp-0-8 mr-tmp-1-8 mr-tmp-2-8 mr-tmp-3-8 mr-tmp-4-8 mr-tmp-5-8 mr-tmp-6-8 mr-tmp-7-8] 16 0}  order Type 1
2024/03/05 03:33:42 start 16 map
2024/03/05 03:33:42 Worker finish order 16, order type 1
2024/03/05 03:33:43 29 :  call for  10  times
2024/03/05 03:33:43 CallOrder: worker get response &{3 [] 0 0}
2024/03/05 03:33:43 worker  29 get order:  &{3 [] 0 0}  order Type 3
2024/03/05 03:33:43 29  waiting for order
2024/03/05 03:33:45 29 :  call for  11  times
2024/03/05 03:33:45 CallOrder: worker get response &{3 [] 0 0}
2024/03/05 03:33:45 worker  29 get order:  &{3 [] 0 0}  order Type 3
2024/03/05 03:33:45 29  waiting for order
2024/03/05 03:33:47 29 :  call for  12  times
2024/03/05 03:33:47 dialing:dial unix /var/tmp/824-mr-0: connect: connection refused
