2024/03/05 05:32:50 50 :  call for  1  times
2024/03/05 05:32:50 CallOrder: worker get response &{0 [../pg-dorian_gray.txt] 1 10}
2024/03/05 05:32:50 worker  50 get order:  &{0 [../pg-dorian_gray.txt] 1 10}  order Type 0
2024/03/05 05:32:52 start 1 map
2024/03/05 05:32:52 Worker finish order 1, order type 0
2024/03/05 05:32:53 50 :  call for  2  times
2024/03/05 05:32:53 CallOrder: worker get response &{0 [../pg-metamorphosis.txt] 5 10}
2024/03/05 05:32:53 worker  50 get order:  &{0 [../pg-metamorphosis.txt] 5 10}  order Type 0
2024/03/05 05:32:54 start 5 map
2024/03/05 05:32:54 Worker finish order 5, order type 0
2024/03/05 05:32:55 50 :  call for  3  times
2024/03/05 05:32:55 CallOrder: worker get response &{0 [../pg-sherlock_holmes.txt] 6 10}
2024/03/05 05:32:55 worker  50 get order:  &{0 [../pg-sherlock_holmes.txt] 6 10}  order Type 0
2024/03/05 05:32:57 start 6 map
2024/03/05 05:32:57 Worker finish order 6, order type 0
2024/03/05 05:32:58 50 :  call for  4  times
2024/03/05 05:32:58 CallOrder: worker get response &{1 [mr-tmp-0-0 mr-tmp-1-0 mr-tmp-2-0 mr-tmp-3-0 mr-tmp-4-0 mr-tmp-5-0 mr-tmp-6-0 mr-tmp-7-0] 8 0}
2024/03/05 05:32:58 worker  50 get order:  &{1 [mr-tmp-0-0 mr-tmp-1-0 mr-tmp-2-0 mr-tmp-3-0 mr-tmp-4-0 mr-tmp-5-0 mr-tmp-6-0 mr-tmp-7-0] 8 0}  order Type 1
2024/03/05 05:32:59 start 8 map
2024/03/05 05:32:59 Worker finish order 8, order type 1
2024/03/05 05:33:00 50 :  call for  5  times
2024/03/05 05:33:00 CallOrder: worker get response &{1 [mr-tmp-0-2 mr-tmp-1-2 mr-tmp-2-2 mr-tmp-3-2 mr-tmp-4-2 mr-tmp-5-2 mr-tmp-6-2 mr-tmp-7-2] 10 0}
2024/03/05 05:33:00 worker  50 get order:  &{1 [mr-tmp-0-2 mr-tmp-1-2 mr-tmp-2-2 mr-tmp-3-2 mr-tmp-4-2 mr-tmp-5-2 mr-tmp-6-2 mr-tmp-7-2] 10 0}  order Type 1
2024/03/05 05:33:01 start 10 map
2024/03/05 05:33:01 Worker finish order 10, order type 1
2024/03/05 05:33:02 50 :  call for  6  times
2024/03/05 05:33:02 CallOrder: worker get response &{1 [mr-tmp-0-7 mr-tmp-1-7 mr-tmp-2-7 mr-tmp-3-7 mr-tmp-4-7 mr-tmp-5-7 mr-tmp-6-7 mr-tmp-7-7] 15 0}
2024/03/05 05:33:02 worker  50 get order:  &{1 [mr-tmp-0-7 mr-tmp-1-7 mr-tmp-2-7 mr-tmp-3-7 mr-tmp-4-7 mr-tmp-5-7 mr-tmp-6-7 mr-tmp-7-7] 15 0}  order Type 1
2024/03/05 05:33:03 start 15 map
2024/03/05 05:33:03 Worker finish order 15, order type 1
2024/03/05 05:33:04 50 :  call for  7  times
2024/03/05 05:33:04 CallOrder: worker get response &{1 [mr-tmp-0-9 mr-tmp-1-9 mr-tmp-2-9 mr-tmp-3-9 mr-tmp-4-9 mr-tmp-5-9 mr-tmp-6-9 mr-tmp-7-9] 17 0}
2024/03/05 05:33:04 worker  50 get order:  &{1 [mr-tmp-0-9 mr-tmp-1-9 mr-tmp-2-9 mr-tmp-3-9 mr-tmp-4-9 mr-tmp-5-9 mr-tmp-6-9 mr-tmp-7-9] 17 0}  order Type 1
2024/03/05 05:33:05 start 17 map
2024/03/05 05:33:05 Worker finish order 17, order type 1
2024/03/05 05:33:06 50 :  call for  8  times
2024/03/05 05:33:06 CallOrder: worker get response &{4 [] 0 0}
2024/03/05 05:33:06 worker  50 get order:  &{4 [] 0 0}  order Type 4
2024/03/05 05:33:07 50  killed
