2024/03/05 04:56:34 34 :  call for  1  times
2024/03/05 04:56:34 CallOrder: worker get response &{0 [../pg-sherlock_holmes.txt] 6 10}
2024/03/05 04:56:34 worker  34 get order:  &{0 [../pg-sherlock_holmes.txt] 6 10}  order Type 0
2024/03/05 04:56:44 start 6 map
2024/03/05 04:56:44 Worker finish order 6, order type 0
2024/03/05 04:56:45 34 :  call for  2  times
2024/03/05 04:56:45 CallOrder: worker get response &{2 [] 0 0}
2024/03/05 04:56:45 worker  34 get order:  &{2 [] 0 0}  order Type 2
2024/03/05 04:56:45 34  waiting for order
2024/03/05 04:56:47 34 :  call for  3  times
2024/03/05 04:56:47 CallOrder: worker get response &{2 [] 0 0}
2024/03/05 04:56:47 worker  34 get order:  &{2 [] 0 0}  order Type 2
2024/03/05 04:56:47 34  waiting for order
2024/03/05 04:56:49 34 :  call for  4  times
2024/03/05 04:56:49 CallOrder: worker get response &{2 [] 0 0}
2024/03/05 04:56:49 worker  34 get order:  &{2 [] 0 0}  order Type 2
2024/03/05 04:56:49 34  waiting for order
2024/03/05 04:56:51 34 :  call for  5  times
2024/03/05 04:56:51 CallOrder: worker get response &{2 [] 0 0}
2024/03/05 04:56:51 worker  34 get order:  &{2 [] 0 0}  order Type 2
2024/03/05 04:56:51 34  waiting for order
2024/03/05 04:56:53 34 :  call for  6  times
2024/03/05 04:56:53 CallOrder: worker get response &{2 [] 0 0}
2024/03/05 04:56:53 worker  34 get order:  &{2 [] 0 0}  order Type 2
2024/03/05 04:56:53 34  waiting for order
2024/03/05 04:56:55 34 :  call for  7  times
2024/03/05 04:56:55 CallOrder: worker get response &{2 [] 0 0}
2024/03/05 04:56:55 worker  34 get order:  &{2 [] 0 0}  order Type 2
2024/03/05 04:56:55 34  waiting for order
2024/03/05 04:56:57 34 :  call for  8  times
2024/03/05 04:56:57 CallOrder: worker get response &{1 [mr-tmp-0-0 mr-tmp-1-0 mr-tmp-2-0 mr-tmp-3-0 mr-tmp-4-0 mr-tmp-5-0 mr-tmp-6-0 mr-tmp-7-0] 8 0}
2024/03/05 04:56:57 worker  34 get order:  &{1 [mr-tmp-0-0 mr-tmp-1-0 mr-tmp-2-0 mr-tmp-3-0 mr-tmp-4-0 mr-tmp-5-0 mr-tmp-6-0 mr-tmp-7-0] 8 0}  order Type 1
2024/03/05 04:57:01 start 8 map
2024/03/05 04:57:01 Worker finish order 8, order type 1
2024/03/05 04:57:02 34 :  call for  9  times
2024/03/05 04:57:02 CallOrder: worker get response &{3 [] 0 0}
2024/03/05 04:57:02 worker  34 get order:  &{3 [] 0 0}  order Type 3
2024/03/05 04:57:02 34  waiting for order
2024/03/05 04:57:04 34 :  call for  10  times
2024/03/05 04:57:04 CallOrder: worker get response &{3 [] 0 0}
2024/03/05 04:57:04 worker  34 get order:  &{3 [] 0 0}  order Type 3
2024/03/05 04:57:04 34  waiting for order
2024/03/05 04:57:06 34 :  call for  11  times
2024/03/05 04:57:06 CallOrder: worker get response &{3 [] 0 0}
2024/03/05 04:57:06 worker  34 get order:  &{3 [] 0 0}  order Type 3
2024/03/05 04:57:06 34  waiting for order
2024/03/05 04:57:08 34 :  call for  12  times
2024/03/05 04:57:08 CallOrder: worker get response &{3 [] 0 0}
2024/03/05 04:57:08 worker  34 get order:  &{3 [] 0 0}  order Type 3
2024/03/05 04:57:08 34  waiting for order
2024/03/05 04:57:10 34 :  call for  13  times
2024/03/05 04:57:10 CallOrder: worker get response &{1 [mr-tmp-0-5 mr-tmp-1-5 mr-tmp-2-5 mr-tmp-3-5 mr-tmp-4-5 mr-tmp-5-5 mr-tmp-6-5 mr-tmp-7-5] 13 0}
2024/03/05 04:57:10 worker  34 get order:  &{1 [mr-tmp-0-5 mr-tmp-1-5 mr-tmp-2-5 mr-tmp-3-5 mr-tmp-4-5 mr-tmp-5-5 mr-tmp-6-5 mr-tmp-7-5] 13 0}  order Type 1
2024/03/05 04:57:10 start 13 map
2024/03/05 04:57:10 Worker finish order 13, order type 1
2024/03/05 04:57:11 34 :  call for  14  times
2024/03/05 04:57:11 CallOrder: worker get response &{4 [] 0 0}
2024/03/05 04:57:11 worker  34 get order:  &{4 [] 0 0}  order Type 4
2024/03/05 04:57:12 34  killed
