2024/03/05 03:19:16 16 :  call for  1  times
2024/03/05 03:19:16 CallOrder: worker get response &{0 [../pg-being_ernest.txt] 0 10}
2024/03/05 03:19:16 worker  16 get order:  &{0 [../pg-being_ernest.txt] 0 10}  order Type 0
2024/03/05 03:19:16 start 0 map
2024/03/05 03:19:16 Worker finish order 0, order type 0
2024/03/05 03:19:17 16 :  call for  2  times
2024/03/05 03:19:17 CallOrder: worker get response &{0 [../pg-grimm.txt] 3 10}
2024/03/05 03:19:17 worker  16 get order:  &{0 [../pg-grimm.txt] 3 10}  order Type 0
2024/03/05 03:19:17 start 3 map
2024/03/05 03:19:17 Worker finish order 3, order type 0
2024/03/05 03:19:18 16 :  call for  3  times
2024/03/05 03:19:18 CallOrder: worker get response &{0 [../pg-sherlock_holmes.txt] 6 10}
2024/03/05 03:19:18 worker  16 get order:  &{0 [../pg-sherlock_holmes.txt] 6 10}  order Type 0
2024/03/05 03:19:18 start 6 map
2024/03/05 03:19:18 Worker finish order 6, order type 0
2024/03/05 03:19:19 16 :  call for  4  times
2024/03/05 03:19:19 CallOrder: worker get response &{2 [] 0 0}
2024/03/05 03:19:19 worker  16 get order:  &{2 [] 0 0}  order Type 2
2024/03/05 03:19:19 16  waiting for order
2024/03/05 03:19:21 16 :  call for  5  times
2024/03/05 03:19:21 CallOrder: worker get response &{1 [mr-tmp-0-4 mr-tmp-1-4 mr-tmp-2-4 mr-tmp-3-4 mr-tmp-4-4 mr-tmp-5-4 mr-tmp-6-4 mr-tmp-7-4] 12 0}
2024/03/05 03:19:21 worker  16 get order:  &{1 [mr-tmp-0-4 mr-tmp-1-4 mr-tmp-2-4 mr-tmp-3-4 mr-tmp-4-4 mr-tmp-5-4 mr-tmp-6-4 mr-tmp-7-4] 12 0}  order Type 1
2024/03/05 03:19:21 start 12 map
2024/03/05 03:19:21 Worker finish order 12, order type 1
2024/03/05 03:19:22 16 :  call for  6  times
2024/03/05 03:19:22 CallOrder: worker get response &{1 [mr-tmp-0-6 mr-tmp-1-6 mr-tmp-2-6 mr-tmp-3-6 mr-tmp-4-6 mr-tmp-5-6 mr-tmp-6-6 mr-tmp-7-6] 14 0}
2024/03/05 03:19:22 worker  16 get order:  &{1 [mr-tmp-0-6 mr-tmp-1-6 mr-tmp-2-6 mr-tmp-3-6 mr-tmp-4-6 mr-tmp-5-6 mr-tmp-6-6 mr-tmp-7-6] 14 0}  order Type 1
2024/03/05 03:19:25 start 14 map
2024/03/05 03:19:25 Worker finish order 14, order type 1
2024/03/05 03:19:26 16 :  call for  7  times
2024/03/05 03:19:26 CallOrder: worker get response &{4 [] 0 0}
2024/03/05 03:19:26 worker  16 get order:  &{4 [] 0 0}  order Type 4
2024/03/05 03:19:27 16  killed
