2024/03/05 05:54:36 36 :  call for  1  times
2024/03/05 05:54:36 CallOrder: worker get response &{2 [] 0 0}
2024/03/05 05:54:36 worker  36 get order:  &{2 [] 0 0}  order Type 2
2024/03/05 05:54:36 36  waiting for order
2024/03/05 05:54:38 36 :  call for  2  times
2024/03/05 05:54:38 CallOrder: worker get response &{2 [] 0 0}
2024/03/05 05:54:38 worker  36 get order:  &{2 [] 0 0}  order Type 2
2024/03/05 05:54:38 36  waiting for order
2024/03/05 05:54:40 36 :  call for  3  times
2024/03/05 05:54:40 CallOrder: worker get response &{2 [] 0 0}
2024/03/05 05:54:40 worker  36 get order:  &{2 [] 0 0}  order Type 2
2024/03/05 05:54:40 36  waiting for order
2024/03/05 05:54:42 36 :  call for  4  times
2024/03/05 05:54:42 CallOrder: worker get response &{2 [] 0 0}
2024/03/05 05:54:42 worker  36 get order:  &{2 [] 0 0}  order Type 2
2024/03/05 05:54:42 36  waiting for order
2024/03/05 05:54:44 36 :  call for  5  times
2024/03/05 05:54:44 CallOrder: worker get response &{2 [] 0 0}
2024/03/05 05:54:44 worker  36 get order:  &{2 [] 0 0}  order Type 2
2024/03/05 05:54:44 36  waiting for order
2024/03/05 05:54:46 36 :  call for  6  times
2024/03/05 05:54:46 CallOrder: worker get response &{2 [] 0 0}
2024/03/05 05:54:46 worker  36 get order:  &{2 [] 0 0}  order Type 2
2024/03/05 05:54:46 36  waiting for order
2024/03/05 05:54:48 36 :  call for  7  times
2024/03/05 05:54:48 CallOrder: worker get response &{2 [] 0 0}
2024/03/05 05:54:48 worker  36 get order:  &{2 [] 0 0}  order Type 2
2024/03/05 05:54:48 36  waiting for order
2024/03/05 05:54:50 36 :  call for  8  times
2024/03/05 05:54:50 CallOrder: worker get response &{2 [] 0 0}
2024/03/05 05:54:50 worker  36 get order:  &{2 [] 0 0}  order Type 2
2024/03/05 05:54:50 36  waiting for order
2024/03/05 05:54:52 36 :  call for  9  times
2024/03/05 05:54:52 CallOrder: worker get response &{2 [] 0 0}
2024/03/05 05:54:52 worker  36 get order:  &{2 [] 0 0}  order Type 2
2024/03/05 05:54:52 36  waiting for order
2024/03/05 05:54:54 36 :  call for  10  times
2024/03/05 05:54:54 CallOrder: worker get response &{2 [] 0 0}
2024/03/05 05:54:54 worker  36 get order:  &{2 [] 0 0}  order Type 2
2024/03/05 05:54:54 36  waiting for order
2024/03/05 05:54:56 36 :  call for  11  times
2024/03/05 05:54:56 CallOrder: worker get response &{2 [] 0 0}
2024/03/05 05:54:56 worker  36 get order:  &{2 [] 0 0}  order Type 2
2024/03/05 05:54:56 36  waiting for order
2024/03/05 05:54:58 36 :  call for  12  times
2024/03/05 05:54:58 CallOrder: worker get response &{2 [] 0 0}
2024/03/05 05:54:58 worker  36 get order:  &{2 [] 0 0}  order Type 2
2024/03/05 05:54:58 36  waiting for order
2024/03/05 05:55:00 36 :  call for  13  times
2024/03/05 05:55:00 CallOrder: worker get response &{2 [] 0 0}
2024/03/05 05:55:00 worker  36 get order:  &{2 [] 0 0}  order Type 2
2024/03/05 05:55:00 36  waiting for order
2024/03/05 05:55:02 36 :  call for  14  times
2024/03/05 05:55:02 CallOrder: worker get response &{2 [] 0 0}
2024/03/05 05:55:02 worker  36 get order:  &{2 [] 0 0}  order Type 2
2024/03/05 05:55:02 36  waiting for order
2024/03/05 05:55:04 36 :  call for  15  times
2024/03/05 05:55:04 CallOrder: worker get response &{1 [mr-tmp-0-5 mr-tmp-1-5 mr-tmp-2-5 mr-tmp-3-5 mr-tmp-4-5 mr-tmp-5-5 mr-tmp-6-5 mr-tmp-7-5] 13 0}
2024/03/05 05:55:04 worker  36 get order:  &{1 [mr-tmp-0-5 mr-tmp-1-5 mr-tmp-2-5 mr-tmp-3-5 mr-tmp-4-5 mr-tmp-5-5 mr-tmp-6-5 mr-tmp-7-5] 13 0}  order Type 1
2024/03/05 05:55:04 start 13 map
2024/03/05 05:55:04 Worker finish order 13, order type 1
2024/03/05 05:55:05 36 :  call for  16  times
2024/03/05 05:55:05 CallOrder: worker get response &{1 [mr-tmp-0-8 mr-tmp-1-8 mr-tmp-2-8 mr-tmp-3-8 mr-tmp-4-8 mr-tmp-5-8 mr-tmp-6-8 mr-tmp-7-8] 16 0}
2024/03/05 05:55:05 worker  36 get order:  &{1 [mr-tmp-0-8 mr-tmp-1-8 mr-tmp-2-8 mr-tmp-3-8 mr-tmp-4-8 mr-tmp-5-8 mr-tmp-6-8 mr-tmp-7-8] 16 0}  order Type 1
2024/03/05 05:55:05 start 16 map
2024/03/05 05:55:05 Worker finish order 16, order type 1
2024/03/05 05:55:06 36 :  call for  17  times
2024/03/05 05:55:06 CallOrder: worker get response &{3 [] 0 0}
2024/03/05 05:55:06 worker  36 get order:  &{3 [] 0 0}  order Type 3
2024/03/05 05:55:06 36  waiting for order
2024/03/05 05:55:08 36 :  call for  18  times
2024/03/05 05:55:08 CallOrder: worker get response &{3 [] 0 0}
2024/03/05 05:55:08 worker  36 get order:  &{3 [] 0 0}  order Type 3
2024/03/05 05:55:08 36  waiting for order
2024/03/05 05:55:10 36 :  call for  19  times
2024/03/05 05:55:10 CallOrder: worker get response &{3 [] 0 0}
2024/03/05 05:55:10 worker  36 get order:  &{3 [] 0 0}  order Type 3
2024/03/05 05:55:10 36  waiting for order
2024/03/05 05:55:12 36 :  call for  20  times
2024/03/05 05:55:12 CallOrder: worker get response &{3 [] 0 0}
2024/03/05 05:55:12 worker  36 get order:  &{3 [] 0 0}  order Type 3
2024/03/05 05:55:12 36  waiting for order
2024/03/05 05:55:14 36 :  call for  21  times
2024/03/05 05:55:14 CallOrder: worker get response &{3 [] 0 0}
2024/03/05 05:55:14 worker  36 get order:  &{3 [] 0 0}  order Type 3
2024/03/05 05:55:14 36  waiting for order
2024/03/05 05:55:16 36 :  call for  22  times
2024/03/05 05:55:16 CallOrder: worker get response &{4 [] 0 0}
2024/03/05 05:55:16 worker  36 get order:  &{4 [] 0 0}  order Type 4
2024/03/05 05:55:17 36  killed
