2024/03/05 12:03:19 19 :  call for  1  times
2024/03/05 12:03:19 CallOrder: worker get response &{0 [../pg-frankenstein.txt] 2 10}
2024/03/05 12:03:19 worker  19 get order:  &{0 [../pg-frankenstein.txt] 2 10}  order Type 0
2024/03/05 12:03:19 start 2 map
2024/03/05 12:03:19 Worker finish order 2, order type 0
2024/03/05 12:03:20 19 :  call for  2  times
2024/03/05 12:03:20 CallOrder: worker get response &{0 [../pg-grimm.txt] 3 10}
2024/03/05 12:03:20 worker  19 get order:  &{0 [../pg-grimm.txt] 3 10}  order Type 0
2024/03/05 12:03:20 start 3 map
2024/03/05 12:03:20 Worker finish order 3, order type 0
2024/03/05 12:03:21 19 :  call for  3  times
2024/03/05 12:03:21 CallOrder: worker get response &{2 [] 0 0}
2024/03/05 12:03:21 worker  19 get order:  &{2 [] 0 0}  order Type 2
2024/03/05 12:03:21 19  waiting for order
2024/03/05 12:03:23 19 :  call for  4  times
2024/03/05 12:03:23 CallOrder: worker get response &{1 [mr-tmp-0-1 mr-tmp-1-1 mr-tmp-2-1 mr-tmp-3-1 mr-tmp-4-1 mr-tmp-5-1 mr-tmp-6-1 mr-tmp-7-1] 9 0}
2024/03/05 12:03:23 worker  19 get order:  &{1 [mr-tmp-0-1 mr-tmp-1-1 mr-tmp-2-1 mr-tmp-3-1 mr-tmp-4-1 mr-tmp-5-1 mr-tmp-6-1 mr-tmp-7-1] 9 0}  order Type 1
2024/03/05 12:03:23 start 9 map
2024/03/05 12:03:23 Worker finish order 9, order type 1
2024/03/05 12:03:24 19 :  call for  5  times
2024/03/05 12:03:24 CallOrder: worker get response &{1 [mr-tmp-0-3 mr-tmp-1-3 mr-tmp-2-3 mr-tmp-3-3 mr-tmp-4-3 mr-tmp-5-3 mr-tmp-6-3 mr-tmp-7-3] 11 0}
2024/03/05 12:03:24 worker  19 get order:  &{1 [mr-tmp-0-3 mr-tmp-1-3 mr-tmp-2-3 mr-tmp-3-3 mr-tmp-4-3 mr-tmp-5-3 mr-tmp-6-3 mr-tmp-7-3] 11 0}  order Type 1
2024/03/05 12:03:24 start 11 map
2024/03/05 12:03:24 Worker finish order 11, order type 1
2024/03/05 12:03:25 19 :  call for  6  times
2024/03/05 12:03:25 CallOrder: worker get response &{1 [mr-tmp-0-5 mr-tmp-1-5 mr-tmp-2-5 mr-tmp-3-5 mr-tmp-4-5 mr-tmp-5-5 mr-tmp-6-5 mr-tmp-7-5] 13 0}
2024/03/05 12:03:25 worker  19 get order:  &{1 [mr-tmp-0-5 mr-tmp-1-5 mr-tmp-2-5 mr-tmp-3-5 mr-tmp-4-5 mr-tmp-5-5 mr-tmp-6-5 mr-tmp-7-5] 13 0}  order Type 1
2024/03/05 12:03:25 start 13 map
2024/03/05 12:03:25 Worker finish order 13, order type 1
2024/03/05 12:03:26 19 :  call for  7  times
2024/03/05 12:03:26 CallOrder: worker get response &{1 [mr-tmp-0-7 mr-tmp-1-7 mr-tmp-2-7 mr-tmp-3-7 mr-tmp-4-7 mr-tmp-5-7 mr-tmp-6-7 mr-tmp-7-7] 15 0}
2024/03/05 12:03:26 worker  19 get order:  &{1 [mr-tmp-0-7 mr-tmp-1-7 mr-tmp-2-7 mr-tmp-3-7 mr-tmp-4-7 mr-tmp-5-7 mr-tmp-6-7 mr-tmp-7-7] 15 0}  order Type 1
2024/03/05 12:03:26 start 15 map
2024/03/05 12:03:26 Worker finish order 15, order type 1
2024/03/05 12:03:27 19 :  call for  8  times
2024/03/05 12:03:27 CallOrder: worker get response &{1 [mr-tmp-0-8 mr-tmp-1-8 mr-tmp-2-8 mr-tmp-3-8 mr-tmp-4-8 mr-tmp-5-8 mr-tmp-6-8 mr-tmp-7-8] 16 0}
2024/03/05 12:03:27 worker  19 get order:  &{1 [mr-tmp-0-8 mr-tmp-1-8 mr-tmp-2-8 mr-tmp-3-8 mr-tmp-4-8 mr-tmp-5-8 mr-tmp-6-8 mr-tmp-7-8] 16 0}  order Type 1
2024/03/05 12:03:27 start 16 map
2024/03/05 12:03:27 Worker finish order 16, order type 1
2024/03/05 12:03:28 19 :  call for  9  times
2024/03/05 12:03:28 CallOrder: worker get response &{3 [] 0 0}
2024/03/05 12:03:28 worker  19 get order:  &{3 [] 0 0}  order Type 3
2024/03/05 12:03:28 19  waiting for order
2024/03/05 12:03:30 19 :  call for  10  times
2024/03/05 12:03:30 dialing:dial unix /var/tmp/824-mr-0: connect: connection refused
