2024/03/05 05:51:46 46 :  call for  1  times
2024/03/05 05:51:46 CallOrder: worker get response &{0 [../pg-dorian_gray.txt] 1 10}
2024/03/05 05:51:46 worker  46 get order:  &{0 [../pg-dorian_gray.txt] 1 10}  order Type 0
2024/03/05 05:51:46 start 1 map
2024/03/05 05:51:46 Worker finish order 1, order type 0
2024/03/05 05:51:47 46 :  call for  2  times
2024/03/05 05:51:47 CallOrder: worker get response &{0 [../pg-metamorphosis.txt] 5 10}
2024/03/05 05:51:47 worker  46 get order:  &{0 [../pg-metamorphosis.txt] 5 10}  order Type 0
2024/03/05 05:51:47 start 5 map
2024/03/05 05:51:47 Worker finish order 5, order type 0
2024/03/05 05:51:48 46 :  call for  3  times
2024/03/05 05:51:48 CallOrder: worker get response &{0 [../pg-tom_sawyer.txt] 7 10}
2024/03/05 05:51:48 worker  46 get order:  &{0 [../pg-tom_sawyer.txt] 7 10}  order Type 0
2024/03/05 05:51:48 start 7 map
2024/03/05 05:51:48 Worker finish order 7, order type 0
2024/03/05 05:51:49 46 :  call for  4  times
2024/03/05 05:51:49 CallOrder: worker get response &{2 [] 0 0}
2024/03/05 05:51:49 worker  46 get order:  &{2 [] 0 0}  order Type 2
2024/03/05 05:51:49 46  waiting for order
2024/03/05 05:51:51 46 :  call for  5  times
2024/03/05 05:51:51 CallOrder: worker get response &{1 [mr-tmp-0-4 mr-tmp-1-4 mr-tmp-2-4 mr-tmp-3-4 mr-tmp-4-4 mr-tmp-5-4 mr-tmp-6-4 mr-tmp-7-4] 12 0}
2024/03/05 05:51:51 worker  46 get order:  &{1 [mr-tmp-0-4 mr-tmp-1-4 mr-tmp-2-4 mr-tmp-3-4 mr-tmp-4-4 mr-tmp-5-4 mr-tmp-6-4 mr-tmp-7-4] 12 0}  order Type 1
2024/03/05 05:51:51 start 12 map
2024/03/05 05:51:51 Worker finish order 12, order type 1
2024/03/05 05:51:52 46 :  call for  6  times
2024/03/05 05:51:52 CallOrder: worker get response &{1 [mr-tmp-0-6 mr-tmp-1-6 mr-tmp-2-6 mr-tmp-3-6 mr-tmp-4-6 mr-tmp-5-6 mr-tmp-6-6 mr-tmp-7-6] 14 0}
2024/03/05 05:51:52 worker  46 get order:  &{1 [mr-tmp-0-6 mr-tmp-1-6 mr-tmp-2-6 mr-tmp-3-6 mr-tmp-4-6 mr-tmp-5-6 mr-tmp-6-6 mr-tmp-7-6] 14 0}  order Type 1
2024/03/05 05:51:55 start 14 map
2024/03/05 05:51:55 Worker finish order 14, order type 1
2024/03/05 05:51:56 46 :  call for  7  times
2024/03/05 05:51:56 CallOrder: worker get response &{4 [] 0 0}
2024/03/05 05:51:56 worker  46 get order:  &{4 [] 0 0}  order Type 4
2024/03/05 05:51:57 46  killed
