2024/03/05 13:18:24 24 :  call for  1  times
2024/03/05 13:18:24 CallOrder: worker get response &{0 [../pg-being_ernest.txt] 0 10}
2024/03/05 13:18:24 worker  24 get order:  &{0 [../pg-being_ernest.txt] 0 10}  order Type 0
2024/03/05 13:18:24 start 0 map
2024/03/05 13:18:24 Worker finish order 0, order type 0
2024/03/05 13:18:25 24 :  call for  2  times
2024/03/05 13:18:25 CallOrder: worker get response &{0 [../pg-grimm.txt] 3 10}
2024/03/05 13:18:25 worker  24 get order:  &{0 [../pg-grimm.txt] 3 10}  order Type 0
2024/03/05 13:18:25 start 3 map
2024/03/05 13:18:25 Worker finish order 3, order type 0
2024/03/05 13:18:26 24 :  call for  3  times
2024/03/05 13:18:26 CallOrder: worker get response &{0 [../pg-sherlock_holmes.txt] 6 10}
2024/03/05 13:18:26 worker  24 get order:  &{0 [../pg-sherlock_holmes.txt] 6 10}  order Type 0
2024/03/05 13:18:26 start 6 map
2024/03/05 13:18:26 Worker finish order 6, order type 0
2024/03/05 13:18:27 24 :  call for  4  times
2024/03/05 13:18:27 CallOrder: worker get response &{1 [mr-tmp-0-0 mr-tmp-1-0 mr-tmp-2-0 mr-tmp-3-0 mr-tmp-4-0 mr-tmp-5-0 mr-tmp-6-0 mr-tmp-7-0] 8 0}
2024/03/05 13:18:27 worker  24 get order:  &{1 [mr-tmp-0-0 mr-tmp-1-0 mr-tmp-2-0 mr-tmp-3-0 mr-tmp-4-0 mr-tmp-5-0 mr-tmp-6-0 mr-tmp-7-0] 8 0}  order Type 1
2024/03/05 13:18:27 start 8 map
2024/03/05 13:18:27 Worker finish order 8, order type 1
2024/03/05 13:18:28 24 :  call for  5  times
2024/03/05 13:18:28 CallOrder: worker get response &{1 [mr-tmp-0-2 mr-tmp-1-2 mr-tmp-2-2 mr-tmp-3-2 mr-tmp-4-2 mr-tmp-5-2 mr-tmp-6-2 mr-tmp-7-2] 10 0}
2024/03/05 13:18:28 worker  24 get order:  &{1 [mr-tmp-0-2 mr-tmp-1-2 mr-tmp-2-2 mr-tmp-3-2 mr-tmp-4-2 mr-tmp-5-2 mr-tmp-6-2 mr-tmp-7-2] 10 0}  order Type 1
2024/03/05 13:18:31 start 10 map
2024/03/05 13:18:31 Worker finish order 10, order type 1
2024/03/05 13:18:32 24 :  call for  6  times
2024/03/05 13:18:32 CallOrder: worker get response &{1 [mr-tmp-0-8 mr-tmp-1-8 mr-tmp-2-8 mr-tmp-3-8 mr-tmp-4-8 mr-tmp-5-8 mr-tmp-6-8 mr-tmp-7-8] 16 0}
2024/03/05 13:18:32 worker  24 get order:  &{1 [mr-tmp-0-8 mr-tmp-1-8 mr-tmp-2-8 mr-tmp-3-8 mr-tmp-4-8 mr-tmp-5-8 mr-tmp-6-8 mr-tmp-7-8] 16 0}  order Type 1
2024/03/05 13:18:32 start 16 map
2024/03/05 13:18:32 Worker finish order 16, order type 1
2024/03/05 13:18:33 24 :  call for  7  times
2024/03/05 13:18:33 CallOrder: worker get response &{3 [] 0 0}
2024/03/05 13:18:33 worker  24 get order:  &{3 [] 0 0}  order Type 3
2024/03/05 13:18:33 24  waiting for order
2024/03/05 13:18:35 24 :  call for  8  times
2024/03/05 13:18:35 dialing:dial unix /var/tmp/824-mr-0: connect: connection refused
