2024/03/04 22:54:58 58 :  call for  1  times
2024/03/04 22:54:58 CallOrder: worker get response &{0 [../pg-frankenstein.txt] 2 10}
2024/03/04 22:54:58 worker  58 get order:  &{0 [../pg-frankenstein.txt] 2 10}  order Type 0
2024/03/04 22:55:00 start 2 map
2024/03/04 22:55:00 Worker finish order 2, order type 0
2024/03/04 22:55:01 58 :  call for  2  times
2024/03/04 22:55:01 CallOrder: worker get response &{0 [../pg-huckleberry_finn.txt] 4 10}
2024/03/04 22:55:01 worker  58 get order:  &{0 [../pg-huckleberry_finn.txt] 4 10}  order Type 0
2024/03/04 22:55:03 start 4 map
2024/03/04 22:55:03 Worker finish order 4, order type 0
2024/03/04 22:55:04 58 :  call for  3  times
2024/03/04 22:55:04 CallOrder: worker get response &{2 [] 0 0}
2024/03/04 22:55:04 worker  58 get order:  &{2 [] 0 0}  order Type 2
2024/03/04 22:55:04 58  waiting for order
2024/03/04 22:55:06 58 :  call for  4  times
2024/03/04 22:55:06 CallOrder: worker get response &{1 [mr-tmp-0-1 mr-tmp-1-1 mr-tmp-2-1 mr-tmp-3-1 mr-tmp-4-1 mr-tmp-5-1 mr-tmp-6-1 mr-tmp-7-1] 9 0}
2024/03/04 22:55:06 worker  58 get order:  &{1 [mr-tmp-0-1 mr-tmp-1-1 mr-tmp-2-1 mr-tmp-3-1 mr-tmp-4-1 mr-tmp-5-1 mr-tmp-6-1 mr-tmp-7-1] 9 0}  order Type 1
2024/03/04 22:55:06 start 9 map
2024/03/04 22:55:06 Worker finish order 9, order type 1
2024/03/04 22:55:07 58 :  call for  5  times
2024/03/04 22:55:07 CallOrder: worker get response &{1 [mr-tmp-0-4 mr-tmp-1-4 mr-tmp-2-4 mr-tmp-3-4 mr-tmp-4-4 mr-tmp-5-4 mr-tmp-6-4 mr-tmp-7-4] 12 0}
2024/03/04 22:55:07 worker  58 get order:  &{1 [mr-tmp-0-4 mr-tmp-1-4 mr-tmp-2-4 mr-tmp-3-4 mr-tmp-4-4 mr-tmp-5-4 mr-tmp-6-4 mr-tmp-7-4] 12 0}  order Type 1
2024/03/04 22:55:08 start 12 map
2024/03/04 22:55:08 Worker finish order 12, order type 1
2024/03/04 22:55:09 58 :  call for  6  times
2024/03/04 22:55:09 CallOrder: worker get response &{1 [mr-tmp-0-6 mr-tmp-1-6 mr-tmp-2-6 mr-tmp-3-6 mr-tmp-4-6 mr-tmp-5-6 mr-tmp-6-6 mr-tmp-7-6] 14 0}
2024/03/04 22:55:09 worker  58 get order:  &{1 [mr-tmp-0-6 mr-tmp-1-6 mr-tmp-2-6 mr-tmp-3-6 mr-tmp-4-6 mr-tmp-5-6 mr-tmp-6-6 mr-tmp-7-6] 14 0}  order Type 1
2024/03/04 22:55:11 start 14 map
2024/03/04 22:55:11 Worker finish order 14, order type 1
2024/03/04 22:55:12 58 :  call for  7  times
2024/03/04 22:55:12 CallOrder: worker get response &{3 [] 0 0}
2024/03/04 22:55:12 worker  58 get order:  &{3 [] 0 0}  order Type 3
2024/03/04 22:55:12 58  waiting for order
2024/03/04 22:55:14 58 :  call for  8  times
2024/03/04 22:55:14 CallOrder: worker get response &{4 [] 0 0}
2024/03/04 22:55:14 worker  58 get order:  &{4 [] 0 0}  order Type 4
2024/03/04 22:55:15 58  killed
