2024/03/05 04:05:16 16 :  call for  1  times
2024/03/05 04:05:16 CallOrder: worker get response &{0 [../pg-being_ernest.txt] 0 10}
2024/03/05 04:05:16 worker  16 get order:  &{0 [../pg-being_ernest.txt] 0 10}  order Type 0
2024/03/05 04:05:17 start 0 map
2024/03/05 04:05:17 Worker finish order 0, order type 0
2024/03/05 04:05:18 16 :  call for  2  times
2024/03/05 04:05:18 CallOrder: worker get response &{0 [../pg-frankenstein.txt] 2 10}
2024/03/05 04:05:18 worker  16 get order:  &{0 [../pg-frankenstein.txt] 2 10}  order Type 0
2024/03/05 04:05:19 start 2 map
2024/03/05 04:05:19 Worker finish order 2, order type 0
2024/03/05 04:05:20 16 :  call for  3  times
2024/03/05 04:05:20 CallOrder: worker get response &{0 [../pg-huckleberry_finn.txt] 4 10}
2024/03/05 04:05:20 worker  16 get order:  &{0 [../pg-huckleberry_finn.txt] 4 10}  order Type 0
2024/03/05 04:05:21 start 4 map
2024/03/05 04:05:21 Worker finish order 4, order type 0
2024/03/05 04:05:22 16 :  call for  4  times
2024/03/05 04:05:22 CallOrder: worker get response &{0 [../pg-tom_sawyer.txt] 7 10}
2024/03/05 04:05:22 worker  16 get order:  &{0 [../pg-tom_sawyer.txt] 7 10}  order Type 0
2024/03/05 04:05:23 start 7 map
2024/03/05 04:05:23 Worker finish order 7, order type 0
2024/03/05 04:05:24 16 :  call for  5  times
2024/03/05 04:05:24 CallOrder: worker get response &{1 [mr-tmp-0-0 mr-tmp-1-0 mr-tmp-2-0 mr-tmp-3-0 mr-tmp-4-0 mr-tmp-5-0 mr-tmp-6-0 mr-tmp-7-0] 8 0}
2024/03/05 04:05:24 worker  16 get order:  &{1 [mr-tmp-0-0 mr-tmp-1-0 mr-tmp-2-0 mr-tmp-3-0 mr-tmp-4-0 mr-tmp-5-0 mr-tmp-6-0 mr-tmp-7-0] 8 0}  order Type 1
2024/03/05 04:05:24 start 8 map
2024/03/05 04:05:24 Worker finish order 8, order type 1
2024/03/05 04:05:25 16 :  call for  6  times
2024/03/05 04:05:25 CallOrder: worker get response &{1 [mr-tmp-0-1 mr-tmp-1-1 mr-tmp-2-1 mr-tmp-3-1 mr-tmp-4-1 mr-tmp-5-1 mr-tmp-6-1 mr-tmp-7-1] 9 0}
2024/03/05 04:05:25 worker  16 get order:  &{1 [mr-tmp-0-1 mr-tmp-1-1 mr-tmp-2-1 mr-tmp-3-1 mr-tmp-4-1 mr-tmp-5-1 mr-tmp-6-1 mr-tmp-7-1] 9 0}  order Type 1
2024/03/05 04:05:25 start 9 map
2024/03/05 04:05:25 Worker finish order 9, order type 1
2024/03/05 04:05:26 16 :  call for  7  times
2024/03/05 04:05:26 CallOrder: worker get response &{1 [mr-tmp-0-3 mr-tmp-1-3 mr-tmp-2-3 mr-tmp-3-3 mr-tmp-4-3 mr-tmp-5-3 mr-tmp-6-3 mr-tmp-7-3] 11 0}
2024/03/05 04:05:26 worker  16 get order:  &{1 [mr-tmp-0-3 mr-tmp-1-3 mr-tmp-2-3 mr-tmp-3-3 mr-tmp-4-3 mr-tmp-5-3 mr-tmp-6-3 mr-tmp-7-3] 11 0}  order Type 1
2024/03/05 04:05:26 start 11 map
2024/03/05 04:05:26 Worker finish order 11, order type 1
2024/03/05 04:05:27 16 :  call for  8  times
2024/03/05 04:05:27 CallOrder: worker get response &{1 [mr-tmp-0-5 mr-tmp-1-5 mr-tmp-2-5 mr-tmp-3-5 mr-tmp-4-5 mr-tmp-5-5 mr-tmp-6-5 mr-tmp-7-5] 13 0}
2024/03/05 04:05:27 worker  16 get order:  &{1 [mr-tmp-0-5 mr-tmp-1-5 mr-tmp-2-5 mr-tmp-3-5 mr-tmp-4-5 mr-tmp-5-5 mr-tmp-6-5 mr-tmp-7-5] 13 0}  order Type 1
2024/03/05 04:05:27 start 13 map
2024/03/05 04:05:27 Worker finish order 13, order type 1
2024/03/05 04:05:28 16 :  call for  9  times
2024/03/05 04:05:28 CallOrder: worker get response &{1 [mr-tmp-0-7 mr-tmp-1-7 mr-tmp-2-7 mr-tmp-3-7 mr-tmp-4-7 mr-tmp-5-7 mr-tmp-6-7 mr-tmp-7-7] 15 0}
2024/03/05 04:05:28 worker  16 get order:  &{1 [mr-tmp-0-7 mr-tmp-1-7 mr-tmp-2-7 mr-tmp-3-7 mr-tmp-4-7 mr-tmp-5-7 mr-tmp-6-7 mr-tmp-7-7] 15 0}  order Type 1
2024/03/05 04:05:28 start 15 map
2024/03/05 04:05:28 Worker finish order 15, order type 1
2024/03/05 04:05:29 16 :  call for  10  times
2024/03/05 04:05:29 CallOrder: worker get response &{1 [mr-tmp-0-9 mr-tmp-1-9 mr-tmp-2-9 mr-tmp-3-9 mr-tmp-4-9 mr-tmp-5-9 mr-tmp-6-9 mr-tmp-7-9] 17 0}
2024/03/05 04:05:29 worker  16 get order:  &{1 [mr-tmp-0-9 mr-tmp-1-9 mr-tmp-2-9 mr-tmp-3-9 mr-tmp-4-9 mr-tmp-5-9 mr-tmp-6-9 mr-tmp-7-9] 17 0}  order Type 1
2024/03/05 04:05:29 start 17 map
2024/03/05 04:05:29 Worker finish order 17, order type 1
2024/03/05 04:05:30 16 :  call for  11  times
2024/03/05 04:05:30 CallOrder: worker get response &{4 [] 0 0}
2024/03/05 04:05:30 worker  16 get order:  &{4 [] 0 0}  order Type 4
2024/03/05 04:05:31 16  killed
