2024/03/04 21:59:40 40 :  call for  1  times
2024/03/04 21:59:40 CallOrder: worker get response &{0 [../pg-tom_sawyer.txt] 7 10}
2024/03/04 21:59:40 worker  40 get order:  &{0 [../pg-tom_sawyer.txt] 7 10}  order Type 0
2024/03/04 21:59:40 start 7 map
2024/03/04 21:59:40 Worker finish order 7, order type 0
2024/03/04 21:59:41 40 :  call for  2  times
2024/03/04 21:59:41 CallOrder: worker get response &{2 [] 0 0}
2024/03/04 21:59:41 worker  40 get order:  &{2 [] 0 0}  order Type 2
2024/03/04 21:59:41 40  waiting for order
2024/03/04 21:59:43 40 :  call for  3  times
2024/03/04 21:59:43 CallOrder: worker get response &{2 [] 0 0}
2024/03/04 21:59:43 worker  40 get order:  &{2 [] 0 0}  order Type 2
2024/03/04 21:59:43 40  waiting for order
2024/03/04 21:59:45 40 :  call for  4  times
2024/03/04 21:59:45 CallOrder: worker get response &{2 [] 0 0}
2024/03/04 21:59:45 worker  40 get order:  &{2 [] 0 0}  order Type 2
2024/03/04 21:59:45 40  waiting for order
2024/03/04 21:59:47 40 :  call for  5  times
2024/03/04 21:59:47 CallOrder: worker get response &{2 [] 0 0}
2024/03/04 21:59:47 worker  40 get order:  &{2 [] 0 0}  order Type 2
2024/03/04 21:59:47 40  waiting for order
2024/03/04 21:59:49 40 :  call for  6  times
2024/03/04 21:59:49 CallOrder: worker get response &{2 [] 0 0}
2024/03/04 21:59:49 worker  40 get order:  &{2 [] 0 0}  order Type 2
2024/03/04 21:59:49 40  waiting for order
2024/03/04 21:59:51 40 :  call for  7  times
2024/03/04 21:59:51 CallOrder: worker get response &{0 [../pg-metamorphosis.txt] 5 10}
2024/03/04 21:59:51 worker  40 get order:  &{0 [../pg-metamorphosis.txt] 5 10}  order Type 0
2024/03/04 21:59:51 start 5 map
2024/03/04 21:59:51 Worker finish order 5, order type 0
2024/03/04 21:59:52 40 :  call for  8  times
2024/03/04 21:59:52 CallOrder: worker get response &{2 [] 0 0}
2024/03/04 21:59:52 worker  40 get order:  &{2 [] 0 0}  order Type 2
2024/03/04 21:59:52 40  waiting for order
2024/03/04 21:59:54 40 :  call for  9  times
2024/03/04 21:59:54 CallOrder: worker get response &{2 [] 0 0}
2024/03/04 21:59:54 worker  40 get order:  &{2 [] 0 0}  order Type 2
2024/03/04 21:59:54 40  waiting for order
2024/03/04 21:59:56 40 :  call for  10  times
2024/03/04 21:59:56 CallOrder: worker get response &{2 [] 0 0}
2024/03/04 21:59:56 worker  40 get order:  &{2 [] 0 0}  order Type 2
2024/03/04 21:59:56 40  waiting for order
2024/03/04 21:59:58 40 :  call for  11  times
2024/03/04 21:59:58 CallOrder: worker get response &{2 [] 0 0}
2024/03/04 21:59:58 worker  40 get order:  &{2 [] 0 0}  order Type 2
2024/03/04 21:59:58 40  waiting for order
2024/03/04 22:00:00 40 :  call for  12  times
2024/03/04 22:00:00 CallOrder: worker get response &{2 [] 0 0}
2024/03/04 22:00:00 worker  40 get order:  &{2 [] 0 0}  order Type 2
2024/03/04 22:00:00 40  waiting for order
2024/03/04 22:00:02 40 :  call for  13  times
2024/03/04 22:00:02 CallOrder: worker get response &{2 [] 0 0}
2024/03/04 22:00:02 worker  40 get order:  &{2 [] 0 0}  order Type 2
2024/03/04 22:00:02 40  waiting for order
2024/03/04 22:00:04 40 :  call for  14  times
2024/03/04 22:00:04 CallOrder: worker get response &{2 [] 0 0}
2024/03/04 22:00:04 worker  40 get order:  &{2 [] 0 0}  order Type 2
2024/03/04 22:00:04 40  waiting for order
2024/03/04 22:00:06 40 :  call for  15  times
2024/03/04 22:00:06 CallOrder: worker get response &{2 [] 0 0}
2024/03/04 22:00:06 worker  40 get order:  &{2 [] 0 0}  order Type 2
2024/03/04 22:00:06 40  waiting for order
2024/03/04 22:00:08 40 :  call for  16  times
2024/03/04 22:00:08 CallOrder: worker get response &{2 [] 0 0}
2024/03/04 22:00:08 worker  40 get order:  &{2 [] 0 0}  order Type 2
2024/03/04 22:00:08 40  waiting for order
2024/03/04 22:00:10 40 :  call for  17  times
2024/03/04 22:00:10 CallOrder: worker get response &{2 [] 0 0}
2024/03/04 22:00:10 worker  40 get order:  &{2 [] 0 0}  order Type 2
2024/03/04 22:00:10 40  waiting for order
2024/03/04 22:00:12 40 :  call for  18  times
2024/03/04 22:00:12 CallOrder: worker get response &{2 [] 0 0}
2024/03/04 22:00:12 worker  40 get order:  &{2 [] 0 0}  order Type 2
2024/03/04 22:00:12 40  waiting for order
2024/03/04 22:00:14 40 :  call for  19  times
2024/03/04 22:00:14 CallOrder: worker get response &{2 [] 0 0}
2024/03/04 22:00:14 worker  40 get order:  &{2 [] 0 0}  order Type 2
2024/03/04 22:00:14 40  waiting for order
2024/03/04 22:00:16 40 :  call for  20  times
2024/03/04 22:00:16 CallOrder: worker get response &{1 [mr-tmp-0-4 mr-tmp-1-4 mr-tmp-2-4 mr-tmp-3-4 mr-tmp-4-4 mr-tmp-5-4 mr-tmp-6-4 mr-tmp-7-4] 12 0}
2024/03/04 22:00:16 worker  40 get order:  &{1 [mr-tmp-0-4 mr-tmp-1-4 mr-tmp-2-4 mr-tmp-3-4 mr-tmp-4-4 mr-tmp-5-4 mr-tmp-6-4 mr-tmp-7-4] 12 0}  order Type 1
2024/03/04 22:00:16 start 12 map
2024/03/04 22:00:16 Worker finish order 12, order type 1
2024/03/04 22:00:17 40 :  call for  21  times
2024/03/04 22:00:17 CallOrder: worker get response &{1 [mr-tmp-0-6 mr-tmp-1-6 mr-tmp-2-6 mr-tmp-3-6 mr-tmp-4-6 mr-tmp-5-6 mr-tmp-6-6 mr-tmp-7-6] 14 0}
2024/03/04 22:00:17 worker  40 get order:  &{1 [mr-tmp-0-6 mr-tmp-1-6 mr-tmp-2-6 mr-tmp-3-6 mr-tmp-4-6 mr-tmp-5-6 mr-tmp-6-6 mr-tmp-7-6] 14 0}  order Type 1
2024/03/04 22:00:17 start 14 map
2024/03/04 22:00:17 Worker finish order 14, order type 1
2024/03/04 22:00:18 40 :  call for  22  times
2024/03/04 22:00:18 CallOrder: worker get response &{1 [mr-tmp-0-7 mr-tmp-1-7 mr-tmp-2-7 mr-tmp-3-7 mr-tmp-4-7 mr-tmp-5-7 mr-tmp-6-7 mr-tmp-7-7] 15 0}
2024/03/04 22:00:18 worker  40 get order:  &{1 [mr-tmp-0-7 mr-tmp-1-7 mr-tmp-2-7 mr-tmp-3-7 mr-tmp-4-7 mr-tmp-5-7 mr-tmp-6-7 mr-tmp-7-7] 15 0}  order Type 1
2024/03/04 22:00:18 start 15 map
2024/03/04 22:00:18 Worker finish order 15, order type 1
2024/03/04 22:00:19 40 :  call for  23  times
2024/03/04 22:00:19 CallOrder: worker get response &{1 [mr-tmp-0-9 mr-tmp-1-9 mr-tmp-2-9 mr-tmp-3-9 mr-tmp-4-9 mr-tmp-5-9 mr-tmp-6-9 mr-tmp-7-9] 17 0}
2024/03/04 22:00:19 worker  40 get order:  &{1 [mr-tmp-0-9 mr-tmp-1-9 mr-tmp-2-9 mr-tmp-3-9 mr-tmp-4-9 mr-tmp-5-9 mr-tmp-6-9 mr-tmp-7-9] 17 0}  order Type 1
2024/03/04 22:00:19 start 17 map
2024/03/04 22:00:19 Worker finish order 17, order type 1
2024/03/04 22:00:20 40 :  call for  24  times
2024/03/04 22:00:20 CallOrder: worker get response &{3 [] 0 0}
2024/03/04 22:00:20 worker  40 get order:  &{3 [] 0 0}  order Type 3
2024/03/04 22:00:20 40  waiting for order
2024/03/04 22:00:22 40 :  call for  25  times
2024/03/04 22:00:22 CallOrder: worker get response &{3 [] 0 0}
2024/03/04 22:00:22 worker  40 get order:  &{3 [] 0 0}  order Type 3
2024/03/04 22:00:22 40  waiting for order
2024/03/04 22:00:24 40 :  call for  26  times
2024/03/04 22:00:24 CallOrder: worker get response &{3 [] 0 0}
2024/03/04 22:00:24 worker  40 get order:  &{3 [] 0 0}  order Type 3
2024/03/04 22:00:24 40  waiting for order
2024/03/04 22:00:26 40 :  call for  27  times
2024/03/04 22:00:26 CallOrder: worker get response &{3 [] 0 0}
2024/03/04 22:00:26 worker  40 get order:  &{3 [] 0 0}  order Type 3
2024/03/04 22:00:26 40  waiting for order
2024/03/04 22:00:28 40 :  call for  28  times
2024/03/04 22:00:28 CallOrder: worker get response &{3 [] 0 0}
2024/03/04 22:00:28 worker  40 get order:  &{3 [] 0 0}  order Type 3
2024/03/04 22:00:28 40  waiting for order
2024/03/04 22:00:30 40 :  call for  29  times
2024/03/04 22:00:30 CallOrder: worker get response &{3 [] 0 0}
2024/03/04 22:00:30 worker  40 get order:  &{3 [] 0 0}  order Type 3
2024/03/04 22:00:30 40  waiting for order
2024/03/04 22:00:32 40 :  call for  30  times
2024/03/04 22:00:32 CallOrder: worker get response &{3 [] 0 0}
2024/03/04 22:00:32 worker  40 get order:  &{3 [] 0 0}  order Type 3
2024/03/04 22:00:32 40  waiting for order
2024/03/04 22:00:34 40 :  call for  31  times
2024/03/04 22:00:34 CallOrder: worker get response &{3 [] 0 0}
2024/03/04 22:00:34 worker  40 get order:  &{3 [] 0 0}  order Type 3
2024/03/04 22:00:34 40  waiting for order
2024/03/04 22:00:36 40 :  call for  32  times
2024/03/04 22:00:36 CallOrder: worker get response &{1 [mr-tmp-0-0 mr-tmp-1-0 mr-tmp-2-0 mr-tmp-3-0 mr-tmp-4-0 mr-tmp-5-0 mr-tmp-6-0 mr-tmp-7-0] 8 0}
2024/03/04 22:00:36 worker  40 get order:  &{1 [mr-tmp-0-0 mr-tmp-1-0 mr-tmp-2-0 mr-tmp-3-0 mr-tmp-4-0 mr-tmp-5-0 mr-tmp-6-0 mr-tmp-7-0] 8 0}  order Type 1
2024/03/04 22:00:36 start 8 map
2024/03/04 22:00:36 Worker finish order 8, order type 1
2024/03/04 22:00:37 40 :  call for  33  times
2024/03/04 22:00:37 CallOrder: worker get response &{4 [] 0 0}
2024/03/04 22:00:37 worker  40 get order:  &{4 [] 0 0}  order Type 4
2024/03/04 22:00:38 40  killed
