2024/03/05 09:59:00 0 :  call for  1  times
2024/03/05 09:59:00 CallOrder: worker get response &{0 [../pg-metamorphosis.txt] 5 10}
2024/03/05 09:59:00 worker  0 get order:  &{0 [../pg-metamorphosis.txt] 5 10}  order Type 0
2024/03/05 09:59:06 start 5 map
2024/03/05 09:59:06 Worker finish order 5, order type 0
2024/03/05 09:59:07 0 :  call for  2  times
2024/03/05 09:59:07 CallOrder: worker get response &{2 [] 0 0}
2024/03/05 09:59:07 worker  0 get order:  &{2 [] 0 0}  order Type 2
2024/03/05 09:59:07 0  waiting for order
2024/03/05 09:59:09 0 :  call for  3  times
2024/03/05 09:59:09 CallOrder: worker get response &{2 [] 0 0}
2024/03/05 09:59:09 worker  0 get order:  &{2 [] 0 0}  order Type 2
2024/03/05 09:59:09 0  waiting for order
2024/03/05 09:59:11 0 :  call for  4  times
2024/03/05 09:59:11 CallOrder: worker get response &{2 [] 0 0}
2024/03/05 09:59:11 worker  0 get order:  &{2 [] 0 0}  order Type 2
2024/03/05 09:59:11 0  waiting for order
2024/03/05 09:59:13 0 :  call for  5  times
2024/03/05 09:59:13 CallOrder: worker get response &{2 [] 0 0}
2024/03/05 09:59:13 worker  0 get order:  &{2 [] 0 0}  order Type 2
2024/03/05 09:59:13 0  waiting for order
2024/03/05 09:59:15 0 :  call for  6  times
2024/03/05 09:59:15 CallOrder: worker get response &{2 [] 0 0}
2024/03/05 09:59:15 worker  0 get order:  &{2 [] 0 0}  order Type 2
2024/03/05 09:59:15 0  waiting for order
2024/03/05 09:59:17 0 :  call for  7  times
2024/03/05 09:59:17 CallOrder: worker get response &{2 [] 0 0}
2024/03/05 09:59:17 worker  0 get order:  &{2 [] 0 0}  order Type 2
2024/03/05 09:59:17 0  waiting for order
2024/03/05 09:59:19 0 :  call for  8  times
2024/03/05 09:59:19 CallOrder: worker get response &{2 [] 0 0}
2024/03/05 09:59:19 worker  0 get order:  &{2 [] 0 0}  order Type 2
2024/03/05 09:59:19 0  waiting for order
2024/03/05 09:59:21 0 :  call for  9  times
2024/03/05 09:59:21 CallOrder: worker get response &{2 [] 0 0}
2024/03/05 09:59:21 worker  0 get order:  &{2 [] 0 0}  order Type 2
2024/03/05 09:59:21 0  waiting for order
2024/03/05 09:59:23 0 :  call for  10  times
2024/03/05 09:59:23 CallOrder: worker get response &{2 [] 0 0}
2024/03/05 09:59:23 worker  0 get order:  &{2 [] 0 0}  order Type 2
2024/03/05 09:59:23 0  waiting for order
2024/03/05 09:59:25 0 :  call for  11  times
2024/03/05 09:59:25 CallOrder: worker get response &{2 [] 0 0}
2024/03/05 09:59:25 worker  0 get order:  &{2 [] 0 0}  order Type 2
2024/03/05 09:59:25 0  waiting for order
2024/03/05 09:59:27 0 :  call for  12  times
2024/03/05 09:59:27 CallOrder: worker get response &{2 [] 0 0}
2024/03/05 09:59:27 worker  0 get order:  &{2 [] 0 0}  order Type 2
2024/03/05 09:59:27 0  waiting for order
2024/03/05 09:59:29 0 :  call for  13  times
2024/03/05 09:59:29 CallOrder: worker get response &{1 [mr-tmp-0-4 mr-tmp-1-4 mr-tmp-2-4 mr-tmp-3-4 mr-tmp-4-4 mr-tmp-5-4 mr-tmp-6-4 mr-tmp-7-4] 12 0}
2024/03/05 09:59:29 worker  0 get order:  &{1 [mr-tmp-0-4 mr-tmp-1-4 mr-tmp-2-4 mr-tmp-3-4 mr-tmp-4-4 mr-tmp-5-4 mr-tmp-6-4 mr-tmp-7-4] 12 0}  order Type 1
2024/03/05 09:59:29 start 12 map
2024/03/05 09:59:29 Worker finish order 12, order type 1
2024/03/05 09:59:30 0 :  call for  14  times
2024/03/05 09:59:30 CallOrder: worker get response &{1 [mr-tmp-0-7 mr-tmp-1-7 mr-tmp-2-7 mr-tmp-3-7 mr-tmp-4-7 mr-tmp-5-7 mr-tmp-6-7 mr-tmp-7-7] 15 0}
2024/03/05 09:59:30 worker  0 get order:  &{1 [mr-tmp-0-7 mr-tmp-1-7 mr-tmp-2-7 mr-tmp-3-7 mr-tmp-4-7 mr-tmp-5-7 mr-tmp-6-7 mr-tmp-7-7] 15 0}  order Type 1
2024/03/05 09:59:30 start 15 map
2024/03/05 09:59:30 Worker finish order 15, order type 1
2024/03/05 09:59:31 0 :  call for  15  times
2024/03/05 09:59:31 CallOrder: worker get response &{3 [] 0 0}
2024/03/05 09:59:31 worker  0 get order:  &{3 [] 0 0}  order Type 3
2024/03/05 09:59:31 0  waiting for order
2024/03/05 09:59:33 0 :  call for  16  times
2024/03/05 09:59:33 CallOrder: worker get response &{3 [] 0 0}
2024/03/05 09:59:33 worker  0 get order:  &{3 [] 0 0}  order Type 3
2024/03/05 09:59:33 0  waiting for order
2024/03/05 09:59:35 0 :  call for  17  times
2024/03/05 09:59:35 CallOrder: worker get response &{3 [] 0 0}
2024/03/05 09:59:35 worker  0 get order:  &{3 [] 0 0}  order Type 3
2024/03/05 09:59:35 0  waiting for order
2024/03/05 09:59:37 0 :  call for  18  times
2024/03/05 09:59:37 CallOrder: worker get response &{3 [] 0 0}
2024/03/05 09:59:37 worker  0 get order:  &{3 [] 0 0}  order Type 3
2024/03/05 09:59:37 0  waiting for order
2024/03/05 09:59:39 0 :  call for  19  times
2024/03/05 09:59:39 CallOrder: worker get response &{3 [] 0 0}
2024/03/05 09:59:39 worker  0 get order:  &{3 [] 0 0}  order Type 3
2024/03/05 09:59:39 0  waiting for order
2024/03/05 09:59:41 0 :  call for  20  times
2024/03/05 09:59:41 CallOrder: worker get response &{3 [] 0 0}
2024/03/05 09:59:41 worker  0 get order:  &{3 [] 0 0}  order Type 3
2024/03/05 09:59:41 0  waiting for order
2024/03/05 09:59:43 0 :  call for  21  times
2024/03/05 09:59:43 CallOrder: worker get response &{4 [] 0 0}
2024/03/05 09:59:43 worker  0 get order:  &{4 [] 0 0}  order Type 4
2024/03/05 09:59:44 0  killed
