2024/03/04 22:20:36 36 :  call for  1  times
2024/03/04 22:20:36 CallOrder: worker get response &{3 [] 0 0}
2024/03/04 22:20:36 worker  36 get order:  &{3 [] 0 0}  order Type 3
2024/03/04 22:20:36 36  waiting for order
2024/03/04 22:20:38 36 :  call for  2  times
2024/03/04 22:20:38 CallOrder: worker get response &{3 [] 0 0}
2024/03/04 22:20:38 worker  36 get order:  &{3 [] 0 0}  order Type 3
2024/03/04 22:20:38 36  waiting for order
2024/03/04 22:20:40 36 :  call for  3  times
2024/03/04 22:20:40 CallOrder: worker get response &{3 [] 0 0}
2024/03/04 22:20:40 worker  36 get order:  &{3 [] 0 0}  order Type 3
2024/03/04 22:20:40 36  waiting for order
2024/03/04 22:20:42 36 :  call for  4  times
2024/03/04 22:20:42 CallOrder: worker get response &{3 [] 0 0}
2024/03/04 22:20:42 worker  36 get order:  &{3 [] 0 0}  order Type 3
2024/03/04 22:20:42 36  waiting for order
2024/03/04 22:20:44 36 :  call for  5  times
2024/03/04 22:20:44 CallOrder: worker get response &{3 [] 0 0}
2024/03/04 22:20:44 worker  36 get order:  &{3 [] 0 0}  order Type 3
2024/03/04 22:20:44 36  waiting for order
2024/03/04 22:20:46 36 :  call for  6  times
2024/03/04 22:20:46 CallOrder: worker get response &{1 [mr-tmp-0-0 mr-tmp-1-0 mr-tmp-2-0 mr-tmp-3-0 mr-tmp-4-0 mr-tmp-5-0 mr-tmp-6-0 mr-tmp-7-0] 8 0}
2024/03/04 22:20:46 worker  36 get order:  &{1 [mr-tmp-0-0 mr-tmp-1-0 mr-tmp-2-0 mr-tmp-3-0 mr-tmp-4-0 mr-tmp-5-0 mr-tmp-6-0 mr-tmp-7-0] 8 0}  order Type 1
