2024/03/04 23:38:27 27 :  call for  1  times
2024/03/04 23:38:27 CallOrder: worker get response &{0 [../pg-frankenstein.txt] 2 10}
2024/03/04 23:38:27 worker  27 get order:  &{0 [../pg-frankenstein.txt] 2 10}  order Type 0
2024/03/04 23:38:27 start 2 map
2024/03/04 23:38:27 Worker finish order 2, order type 0
2024/03/04 23:38:28 27 :  call for  2  times
2024/03/04 23:38:28 CallOrder: worker get response &{0 [../pg-metamorphosis.txt] 5 10}
2024/03/04 23:38:28 worker  27 get order:  &{0 [../pg-metamorphosis.txt] 5 10}  order Type 0
2024/03/04 23:38:28 start 5 map
2024/03/04 23:38:28 Worker finish order 5, order type 0
2024/03/04 23:38:29 27 :  call for  3  times
2024/03/04 23:38:29 CallOrder: worker get response &{2 [] 0 0}
2024/03/04 23:38:29 worker  27 get order:  &{2 [] 0 0}  order Type 2
2024/03/04 23:38:29 27  waiting for order
2024/03/04 23:38:31 27 :  call for  4  times
2024/03/04 23:38:31 CallOrder: worker get response &{2 [] 0 0}
2024/03/04 23:38:31 worker  27 get order:  &{2 [] 0 0}  order Type 2
2024/03/04 23:38:31 27  waiting for order
2024/03/04 23:38:33 27 :  call for  5  times
2024/03/04 23:38:33 CallOrder: worker get response &{2 [] 0 0}
2024/03/04 23:38:33 worker  27 get order:  &{2 [] 0 0}  order Type 2
2024/03/04 23:38:33 27  waiting for order
2024/03/04 23:38:35 27 :  call for  6  times
2024/03/04 23:38:35 CallOrder: worker get response &{2 [] 0 0}
2024/03/04 23:38:35 worker  27 get order:  &{2 [] 0 0}  order Type 2
2024/03/04 23:38:35 27  waiting for order
2024/03/04 23:38:37 27 :  call for  7  times
2024/03/04 23:38:37 CallOrder: worker get response &{2 [] 0 0}
2024/03/04 23:38:37 worker  27 get order:  &{2 [] 0 0}  order Type 2
2024/03/04 23:38:37 27  waiting for order
2024/03/04 23:38:39 27 :  call for  8  times
2024/03/04 23:38:39 CallOrder: worker get response &{2 [] 0 0}
2024/03/04 23:38:39 worker  27 get order:  &{2 [] 0 0}  order Type 2
2024/03/04 23:38:39 27  waiting for order
2024/03/04 23:38:41 27 :  call for  9  times
2024/03/04 23:38:41 CallOrder: worker get response &{1 [mr-tmp-0-5 mr-tmp-1-5 mr-tmp-2-5 mr-tmp-3-5 mr-tmp-4-5 mr-tmp-5-5 mr-tmp-6-5 mr-tmp-7-5] 13 0}
2024/03/04 23:38:41 worker  27 get order:  &{1 [mr-tmp-0-5 mr-tmp-1-5 mr-tmp-2-5 mr-tmp-3-5 mr-tmp-4-5 mr-tmp-5-5 mr-tmp-6-5 mr-tmp-7-5] 13 0}  order Type 1
