2024/03/05 12:22:55 55 :  call for  1  times
2024/03/05 12:22:55 CallOrder: worker get response &{3 [] 0 0}
2024/03/05 12:22:55 worker  55 get order:  &{3 [] 0 0}  order Type 3
2024/03/05 12:22:55 55  waiting for order
2024/03/05 12:22:57 55 :  call for  2  times
2024/03/05 12:22:57 CallOrder: worker get response &{3 [] 0 0}
2024/03/05 12:22:57 worker  55 get order:  &{3 [] 0 0}  order Type 3
2024/03/05 12:22:57 55  waiting for order
2024/03/05 12:22:59 55 :  call for  3  times
2024/03/05 12:22:59 CallOrder: worker get response &{3 [] 0 0}
2024/03/05 12:22:59 worker  55 get order:  &{3 [] 0 0}  order Type 3
2024/03/05 12:22:59 55  waiting for order
2024/03/05 12:23:01 55 :  call for  4  times
2024/03/05 12:23:01 CallOrder: worker get response &{3 [] 0 0}
2024/03/05 12:23:01 worker  55 get order:  &{3 [] 0 0}  order Type 3
2024/03/05 12:23:01 55  waiting for order
2024/03/05 12:23:03 55 :  call for  5  times
2024/03/05 12:23:03 CallOrder: worker get response &{3 [] 0 0}
2024/03/05 12:23:03 worker  55 get order:  &{3 [] 0 0}  order Type 3
2024/03/05 12:23:03 55  waiting for order
2024/03/05 12:23:05 55 :  call for  6  times
2024/03/05 12:23:05 CallOrder: worker get response &{1 [mr-tmp-0-2 mr-tmp-1-2 mr-tmp-2-2 mr-tmp-3-2 mr-tmp-4-2 mr-tmp-5-2 mr-tmp-6-2 mr-tmp-7-2] 10 0}
2024/03/05 12:23:05 worker  55 get order:  &{1 [mr-tmp-0-2 mr-tmp-1-2 mr-tmp-2-2 mr-tmp-3-2 mr-tmp-4-2 mr-tmp-5-2 mr-tmp-6-2 mr-tmp-7-2] 10 0}  order Type 1
2024/03/05 12:23:07 start 10 map
2024/03/05 12:23:07 Worker finish order 10, order type 1
2024/03/05 12:23:08 55 :  call for  7  times
2024/03/05 12:23:08 CallOrder: worker get response &{3 [] 0 0}
2024/03/05 12:23:08 worker  55 get order:  &{3 [] 0 0}  order Type 3
2024/03/05 12:23:08 55  waiting for order
2024/03/05 12:23:10 55 :  call for  8  times
2024/03/05 12:23:10 dialing:dial unix /var/tmp/824-mr-0: connect: connection refused
