2024/03/05 11:07:28 28 :  call for  1  times
2024/03/05 11:07:28 CallOrder: worker get response &{3 [] 0 0}
2024/03/05 11:07:28 worker  28 get order:  &{3 [] 0 0}  order Type 3
2024/03/05 11:07:28 28  waiting for order
2024/03/05 11:07:30 28 :  call for  2  times
2024/03/05 11:07:30 CallOrder: worker get response &{3 [] 0 0}
2024/03/05 11:07:30 worker  28 get order:  &{3 [] 0 0}  order Type 3
2024/03/05 11:07:30 28  waiting for order
2024/03/05 11:07:32 28 :  call for  3  times
2024/03/05 11:07:32 CallOrder: worker get response &{3 [] 0 0}
2024/03/05 11:07:32 worker  28 get order:  &{3 [] 0 0}  order Type 3
2024/03/05 11:07:32 28  waiting for order
2024/03/05 11:07:34 28 :  call for  4  times
2024/03/05 11:07:34 CallOrder: worker get response &{3 [] 0 0}
2024/03/05 11:07:34 worker  28 get order:  &{3 [] 0 0}  order Type 3
2024/03/05 11:07:34 28  waiting for order
2024/03/05 11:07:36 28 :  call for  5  times
2024/03/05 11:07:36 CallOrder: worker get response &{3 [] 0 0}
2024/03/05 11:07:36 worker  28 get order:  &{3 [] 0 0}  order Type 3
2024/03/05 11:07:36 28  waiting for order
2024/03/05 11:07:38 28 :  call for  6  times
2024/03/05 11:07:38 CallOrder: worker get response &{1 [mr-tmp-0-9 mr-tmp-1-9 mr-tmp-2-9 mr-tmp-3-9 mr-tmp-4-9 mr-tmp-5-9 mr-tmp-6-9 mr-tmp-7-9] 17 0}
2024/03/05 11:07:38 worker  28 get order:  &{1 [mr-tmp-0-9 mr-tmp-1-9 mr-tmp-2-9 mr-tmp-3-9 mr-tmp-4-9 mr-tmp-5-9 mr-tmp-6-9 mr-tmp-7-9] 17 0}  order Type 1
2024/03/05 11:07:38 start 17 map
2024/03/05 11:07:38 Worker finish order 17, order type 1
2024/03/05 11:07:39 28 :  call for  7  times
2024/03/05 11:07:39 CallOrder: worker get response &{4 [] 0 0}
2024/03/05 11:07:39 worker  28 get order:  &{4 [] 0 0}  order Type 4
2024/03/05 11:07:40 28  killed
