2024/03/05 11:40:35 35 :  call for  1  times
2024/03/05 11:40:35 CallOrder: worker get response &{0 [../pg-being_ernest.txt] 0 10}
2024/03/05 11:40:35 worker  35 get order:  &{0 [../pg-being_ernest.txt] 0 10}  order Type 0
2024/03/05 11:40:36 start 0 map
2024/03/05 11:40:36 Worker finish order 0, order type 0
2024/03/05 11:40:37 35 :  call for  2  times
2024/03/05 11:40:37 CallOrder: worker get response &{0 [../pg-grimm.txt] 3 10}
2024/03/05 11:40:37 worker  35 get order:  &{0 [../pg-grimm.txt] 3 10}  order Type 0
2024/03/05 11:40:40 start 3 map
2024/03/05 11:40:40 Worker finish order 3, order type 0
2024/03/05 11:40:41 35 :  call for  3  times
2024/03/05 11:40:41 CallOrder: worker get response &{0 [../pg-tom_sawyer.txt] 7 10}
2024/03/05 11:40:41 worker  35 get order:  &{0 [../pg-tom_sawyer.txt] 7 10}  order Type 0
2024/03/05 11:40:43 start 7 map
2024/03/05 11:40:43 Worker finish order 7, order type 0
2024/03/05 11:40:44 35 :  call for  4  times
2024/03/05 11:40:44 CallOrder: worker get response &{2 [] 0 0}
2024/03/05 11:40:44 worker  35 get order:  &{2 [] 0 0}  order Type 2
2024/03/05 11:40:44 35  waiting for order
2024/03/05 11:40:46 35 :  call for  5  times
2024/03/05 11:40:46 CallOrder: worker get response &{1 [mr-tmp-0-2 mr-tmp-1-2 mr-tmp-2-2 mr-tmp-3-2 mr-tmp-4-2 mr-tmp-5-2 mr-tmp-6-2 mr-tmp-7-2] 10 0}
2024/03/05 11:40:46 worker  35 get order:  &{1 [mr-tmp-0-2 mr-tmp-1-2 mr-tmp-2-2 mr-tmp-3-2 mr-tmp-4-2 mr-tmp-5-2 mr-tmp-6-2 mr-tmp-7-2] 10 0}  order Type 1
2024/03/05 11:40:47 start 10 map
2024/03/05 11:40:47 Worker finish order 10, order type 1
2024/03/05 11:40:48 35 :  call for  6  times
2024/03/05 11:40:48 CallOrder: worker get response &{1 [mr-tmp-0-7 mr-tmp-1-7 mr-tmp-2-7 mr-tmp-3-7 mr-tmp-4-7 mr-tmp-5-7 mr-tmp-6-7 mr-tmp-7-7] 15 0}
2024/03/05 11:40:48 worker  35 get order:  &{1 [mr-tmp-0-7 mr-tmp-1-7 mr-tmp-2-7 mr-tmp-3-7 mr-tmp-4-7 mr-tmp-5-7 mr-tmp-6-7 mr-tmp-7-7] 15 0}  order Type 1
2024/03/05 11:40:49 start 15 map
2024/03/05 11:40:49 Worker finish order 15, order type 1
2024/03/05 11:40:50 35 :  call for  7  times
2024/03/05 11:40:50 CallOrder: worker get response &{1 [mr-tmp-0-9 mr-tmp-1-9 mr-tmp-2-9 mr-tmp-3-9 mr-tmp-4-9 mr-tmp-5-9 mr-tmp-6-9 mr-tmp-7-9] 17 0}
2024/03/05 11:40:50 worker  35 get order:  &{1 [mr-tmp-0-9 mr-tmp-1-9 mr-tmp-2-9 mr-tmp-3-9 mr-tmp-4-9 mr-tmp-5-9 mr-tmp-6-9 mr-tmp-7-9] 17 0}  order Type 1
2024/03/05 11:40:51 start 17 map
2024/03/05 11:40:51 Worker finish order 17, order type 1
2024/03/05 11:40:52 35 :  call for  8  times
2024/03/05 11:40:52 CallOrder: worker get response &{4 [] 0 0}
2024/03/05 11:40:52 worker  35 get order:  &{4 [] 0 0}  order Type 4
2024/03/05 11:40:53 35  killed
