2024/03/04 22:56:50 50 :  call for  1  times
2024/03/04 22:56:50 CallOrder: worker get response &{0 [../pg-metamorphosis.txt] 5 10}
2024/03/04 22:56:50 worker  50 get order:  &{0 [../pg-metamorphosis.txt] 5 10}  order Type 0
2024/03/04 22:56:51 start 5 map
2024/03/04 22:56:51 Worker finish order 5, order type 0
2024/03/04 22:56:52 50 :  call for  2  times
2024/03/04 22:56:52 CallOrder: worker get response &{0 [../pg-sherlock_holmes.txt] 6 10}
2024/03/04 22:56:52 worker  50 get order:  &{0 [../pg-sherlock_holmes.txt] 6 10}  order Type 0
2024/03/04 22:56:52 start 6 map
2024/03/04 22:56:52 Worker finish order 6, order type 0
2024/03/04 22:56:53 50 :  call for  3  times
2024/03/04 22:56:53 CallOrder: worker get response &{0 [../pg-tom_sawyer.txt] 7 10}
2024/03/04 22:56:53 worker  50 get order:  &{0 [../pg-tom_sawyer.txt] 7 10}  order Type 0
2024/03/04 22:57:01 start 7 map
2024/03/04 22:57:01 Worker finish order 7, order type 0
2024/03/04 22:57:02 50 :  call for  4  times
2024/03/04 22:57:02 CallOrder: worker get response &{0 [../pg-being_ernest.txt] 0 10}
2024/03/04 22:57:02 worker  50 get order:  &{0 [../pg-being_ernest.txt] 0 10}  order Type 0
2024/03/04 22:57:02 start 0 map
2024/03/04 22:57:02 Worker finish order 0, order type 0
2024/03/04 22:57:03 50 :  call for  5  times
2024/03/04 22:57:03 CallOrder: worker get response &{2 [] 0 0}
2024/03/04 22:57:03 worker  50 get order:  &{2 [] 0 0}  order Type 2
2024/03/04 22:57:03 50  waiting for order
2024/03/04 22:57:05 50 :  call for  6  times
2024/03/04 22:57:05 CallOrder: worker get response &{2 [] 0 0}
2024/03/04 22:57:05 worker  50 get order:  &{2 [] 0 0}  order Type 2
2024/03/04 22:57:05 50  waiting for order
2024/03/04 22:57:07 50 :  call for  7  times
2024/03/04 22:57:07 CallOrder: worker get response &{2 [] 0 0}
2024/03/04 22:57:07 worker  50 get order:  &{2 [] 0 0}  order Type 2
2024/03/04 22:57:07 50  waiting for order
2024/03/04 22:57:09 50 :  call for  8  times
2024/03/04 22:57:09 CallOrder: worker get response &{2 [] 0 0}
2024/03/04 22:57:09 worker  50 get order:  &{2 [] 0 0}  order Type 2
2024/03/04 22:57:09 50  waiting for order
2024/03/04 22:57:11 50 :  call for  9  times
2024/03/04 22:57:11 CallOrder: worker get response &{2 [] 0 0}
2024/03/04 22:57:11 worker  50 get order:  &{2 [] 0 0}  order Type 2
2024/03/04 22:57:11 50  waiting for order
2024/03/04 22:57:13 50 :  call for  10  times
2024/03/04 22:57:13 CallOrder: worker get response &{2 [] 0 0}
2024/03/04 22:57:13 worker  50 get order:  &{2 [] 0 0}  order Type 2
2024/03/04 22:57:13 50  waiting for order
2024/03/04 22:57:15 50 :  call for  11  times
2024/03/04 22:57:15 CallOrder: worker get response &{2 [] 0 0}
2024/03/04 22:57:15 worker  50 get order:  &{2 [] 0 0}  order Type 2
2024/03/04 22:57:15 50  waiting for order
2024/03/04 22:57:17 50 :  call for  12  times
2024/03/04 22:57:17 CallOrder: worker get response &{2 [] 0 0}
2024/03/04 22:57:17 worker  50 get order:  &{2 [] 0 0}  order Type 2
2024/03/04 22:57:17 50  waiting for order
2024/03/04 22:57:19 50 :  call for  13  times
2024/03/04 22:57:19 CallOrder: worker get response &{2 [] 0 0}
2024/03/04 22:57:19 worker  50 get order:  &{2 [] 0 0}  order Type 2
2024/03/04 22:57:19 50  waiting for order
2024/03/04 22:57:21 50 :  call for  14  times
2024/03/04 22:57:21 CallOrder: worker get response &{2 [] 0 0}
2024/03/04 22:57:21 worker  50 get order:  &{2 [] 0 0}  order Type 2
2024/03/04 22:57:21 50  waiting for order
2024/03/04 22:57:23 50 :  call for  15  times
2024/03/04 22:57:23 CallOrder: worker get response &{0 [../pg-frankenstein.txt] 2 10}
2024/03/04 22:57:23 worker  50 get order:  &{0 [../pg-frankenstein.txt] 2 10}  order Type 0
