2024/03/05 13:03:20 20 :  call for  1  times
2024/03/05 13:03:20 CallOrder: worker get response &{0 [../pg-being_ernest.txt] 0 10}
2024/03/05 13:03:20 worker  20 get order:  &{0 [../pg-being_ernest.txt] 0 10}  order Type 0
2024/03/05 13:03:20 start 0 map
2024/03/05 13:03:20 Worker finish order 0, order type 0
2024/03/05 13:03:21 20 :  call for  2  times
2024/03/05 13:03:21 CallOrder: worker get response &{0 [../pg-grimm.txt] 3 10}
2024/03/05 13:03:21 worker  20 get order:  &{0 [../pg-grimm.txt] 3 10}  order Type 0
2024/03/05 13:03:21 start 3 map
2024/03/05 13:03:21 Worker finish order 3, order type 0
2024/03/05 13:03:22 20 :  call for  3  times
2024/03/05 13:03:22 CallOrder: worker get response &{0 [../pg-sherlock_holmes.txt] 6 10}
2024/03/05 13:03:22 worker  20 get order:  &{0 [../pg-sherlock_holmes.txt] 6 10}  order Type 0
2024/03/05 13:03:22 start 6 map
2024/03/05 13:03:22 Worker finish order 6, order type 0
2024/03/05 13:03:23 20 :  call for  4  times
2024/03/05 13:03:23 CallOrder: worker get response &{1 [mr-tmp-0-0 mr-tmp-1-0 mr-tmp-2-0 mr-tmp-3-0 mr-tmp-4-0 mr-tmp-5-0 mr-tmp-6-0 mr-tmp-7-0] 8 0}
2024/03/05 13:03:23 worker  20 get order:  &{1 [mr-tmp-0-0 mr-tmp-1-0 mr-tmp-2-0 mr-tmp-3-0 mr-tmp-4-0 mr-tmp-5-0 mr-tmp-6-0 mr-tmp-7-0] 8 0}  order Type 1
2024/03/05 13:03:23 start 8 map
2024/03/05 13:03:23 Worker finish order 8, order type 1
2024/03/05 13:03:24 20 :  call for  5  times
2024/03/05 13:03:24 CallOrder: worker get response &{1 [mr-tmp-0-2 mr-tmp-1-2 mr-tmp-2-2 mr-tmp-3-2 mr-tmp-4-2 mr-tmp-5-2 mr-tmp-6-2 mr-tmp-7-2] 10 0}
2024/03/05 13:03:24 worker  20 get order:  &{1 [mr-tmp-0-2 mr-tmp-1-2 mr-tmp-2-2 mr-tmp-3-2 mr-tmp-4-2 mr-tmp-5-2 mr-tmp-6-2 mr-tmp-7-2] 10 0}  order Type 1
2024/03/05 13:03:27 start 10 map
2024/03/05 13:03:27 Worker finish order 10, order type 1
2024/03/05 13:03:28 20 :  call for  6  times
2024/03/05 13:03:28 CallOrder: worker get response &{1 [mr-tmp-0-9 mr-tmp-1-9 mr-tmp-2-9 mr-tmp-3-9 mr-tmp-4-9 mr-tmp-5-9 mr-tmp-6-9 mr-tmp-7-9] 17 0}
2024/03/05 13:03:28 worker  20 get order:  &{1 [mr-tmp-0-9 mr-tmp-1-9 mr-tmp-2-9 mr-tmp-3-9 mr-tmp-4-9 mr-tmp-5-9 mr-tmp-6-9 mr-tmp-7-9] 17 0}  order Type 1
2024/03/05 13:03:28 start 17 map
2024/03/05 13:03:28 Worker finish order 17, order type 1
2024/03/05 13:03:29 20 :  call for  7  times
2024/03/05 13:03:29 CallOrder: worker get response &{3 [] 0 0}
2024/03/05 13:03:29 worker  20 get order:  &{3 [] 0 0}  order Type 3
2024/03/05 13:03:29 20  waiting for order
2024/03/05 13:03:31 20 :  call for  8  times
2024/03/05 13:03:31 dialing:dial unix /var/tmp/824-mr-0: connect: connection refused
