2024/03/05 01:09:13 13 :  call for  1  times
2024/03/05 01:09:13 CallOrder: worker get response &{0 [../pg-frankenstein.txt] 2 10}
2024/03/05 01:09:13 worker  13 get order:  &{0 [../pg-frankenstein.txt] 2 10}  order Type 0
2024/03/05 01:09:14 start 2 map
2024/03/05 01:09:14 Worker finish order 2, order type 0
2024/03/05 01:09:15 13 :  call for  2  times
2024/03/05 01:09:15 CallOrder: worker get response &{0 [../pg-metamorphosis.txt] 5 10}
2024/03/05 01:09:15 worker  13 get order:  &{0 [../pg-metamorphosis.txt] 5 10}  order Type 0
2024/03/05 01:09:16 start 5 map
2024/03/05 01:09:16 Worker finish order 5, order type 0
2024/03/05 01:09:17 13 :  call for  3  times
2024/03/05 01:09:17 CallOrder: worker get response &{0 [../pg-sherlock_holmes.txt] 6 10}
2024/03/05 01:09:17 worker  13 get order:  &{0 [../pg-sherlock_holmes.txt] 6 10}  order Type 0
2024/03/05 01:09:19 start 6 map
2024/03/05 01:09:19 Worker finish order 6, order type 0
2024/03/05 01:09:20 13 :  call for  4  times
2024/03/05 01:09:20 CallOrder: worker get response &{1 [mr-tmp-0-0 mr-tmp-1-0 mr-tmp-2-0 mr-tmp-3-0 mr-tmp-4-0 mr-tmp-5-0 mr-tmp-6-0 mr-tmp-7-0] 8 0}
2024/03/05 01:09:20 worker  13 get order:  &{1 [mr-tmp-0-0 mr-tmp-1-0 mr-tmp-2-0 mr-tmp-3-0 mr-tmp-4-0 mr-tmp-5-0 mr-tmp-6-0 mr-tmp-7-0] 8 0}  order Type 1
2024/03/05 01:09:21 start 8 map
2024/03/05 01:09:21 Worker finish order 8, order type 1
2024/03/05 01:09:22 13 :  call for  5  times
2024/03/05 01:09:22 CallOrder: worker get response &{1 [mr-tmp-0-4 mr-tmp-1-4 mr-tmp-2-4 mr-tmp-3-4 mr-tmp-4-4 mr-tmp-5-4 mr-tmp-6-4 mr-tmp-7-4] 12 0}
2024/03/05 01:09:22 worker  13 get order:  &{1 [mr-tmp-0-4 mr-tmp-1-4 mr-tmp-2-4 mr-tmp-3-4 mr-tmp-4-4 mr-tmp-5-4 mr-tmp-6-4 mr-tmp-7-4] 12 0}  order Type 1
2024/03/05 01:09:23 start 12 map
2024/03/05 01:09:23 Worker finish order 12, order type 1
2024/03/05 01:09:24 13 :  call for  6  times
2024/03/05 01:09:24 CallOrder: worker get response &{1 [mr-tmp-0-6 mr-tmp-1-6 mr-tmp-2-6 mr-tmp-3-6 mr-tmp-4-6 mr-tmp-5-6 mr-tmp-6-6 mr-tmp-7-6] 14 0}
2024/03/05 01:09:24 worker  13 get order:  &{1 [mr-tmp-0-6 mr-tmp-1-6 mr-tmp-2-6 mr-tmp-3-6 mr-tmp-4-6 mr-tmp-5-6 mr-tmp-6-6 mr-tmp-7-6] 14 0}  order Type 1
2024/03/05 01:09:26 start 14 map
2024/03/05 01:09:26 Worker finish order 14, order type 1
2024/03/05 01:09:27 13 :  call for  7  times
2024/03/05 01:09:27 CallOrder: worker get response &{3 [] 0 0}
2024/03/05 01:09:27 worker  13 get order:  &{3 [] 0 0}  order Type 3
2024/03/05 01:09:27 13  waiting for order
2024/03/05 01:09:29 13 :  call for  8  times
2024/03/05 01:09:29 dialing:dial unix /var/tmp/824-mr-0: connect: connection refused
