2024/03/05 08:52:47 47 :  call for  1  times
2024/03/05 08:52:47 CallOrder: worker get response &{2 [] 0 0}
2024/03/05 08:52:47 worker  47 get order:  &{2 [] 0 0}  order Type 2
2024/03/05 08:52:47 47  waiting for order
2024/03/05 08:52:49 47 :  call for  2  times
2024/03/05 08:52:49 CallOrder: worker get response &{2 [] 0 0}
2024/03/05 08:52:49 worker  47 get order:  &{2 [] 0 0}  order Type 2
2024/03/05 08:52:49 47  waiting for order
2024/03/05 08:52:51 47 :  call for  3  times
2024/03/05 08:52:51 CallOrder: worker get response &{2 [] 0 0}
2024/03/05 08:52:51 worker  47 get order:  &{2 [] 0 0}  order Type 2
2024/03/05 08:52:51 47  waiting for order
2024/03/05 08:52:53 47 :  call for  4  times
2024/03/05 08:52:53 CallOrder: worker get response &{2 [] 0 0}
2024/03/05 08:52:53 worker  47 get order:  &{2 [] 0 0}  order Type 2
2024/03/05 08:52:53 47  waiting for order
2024/03/05 08:52:55 47 :  call for  5  times
2024/03/05 08:52:55 CallOrder: worker get response &{0 [../pg-frankenstein.txt] 2 10}
2024/03/05 08:52:55 worker  47 get order:  &{0 [../pg-frankenstein.txt] 2 10}  order Type 0
2024/03/05 08:52:55 start 2 map
2024/03/05 08:52:55 Worker finish order 2, order type 0
2024/03/05 08:52:56 47 :  call for  6  times
2024/03/05 08:52:56 CallOrder: worker get response &{0 [../pg-metamorphosis.txt] 5 10}
2024/03/05 08:52:56 worker  47 get order:  &{0 [../pg-metamorphosis.txt] 5 10}  order Type 0
