2024/03/04 23:38:13 13 :  call for  1  times
2024/03/04 23:38:13 CallOrder: worker get response &{0 [../pg-frankenstein.txt] 2 10}
2024/03/04 23:38:13 worker  13 get order:  &{0 [../pg-frankenstein.txt] 2 10}  order Type 0
2024/03/04 23:38:13 start 2 map
2024/03/04 23:38:13 Worker finish order 2, order type 0
2024/03/04 23:38:14 13 :  call for  2  times
2024/03/04 23:38:14 CallOrder: worker get response &{0 [../pg-huckleberry_finn.txt] 4 10}
2024/03/04 23:38:14 worker  13 get order:  &{0 [../pg-huckleberry_finn.txt] 4 10}  order Type 0
2024/03/04 23:38:14 start 4 map
2024/03/04 23:38:14 Worker finish order 4, order type 0
2024/03/04 23:38:15 13 :  call for  3  times
2024/03/04 23:38:15 CallOrder: worker get response &{0 [../pg-tom_sawyer.txt] 7 10}
2024/03/04 23:38:15 worker  13 get order:  &{0 [../pg-tom_sawyer.txt] 7 10}  order Type 0
2024/03/04 23:38:16 start 7 map
2024/03/04 23:38:16 Worker finish order 7, order type 0
2024/03/04 23:38:17 13 :  call for  4  times
2024/03/04 23:38:17 CallOrder: worker get response &{1 [mr-tmp-0-0 mr-tmp-1-0 mr-tmp-2-0 mr-tmp-3-0 mr-tmp-4-0 mr-tmp-5-0 mr-tmp-6-0 mr-tmp-7-0] 8 0}
2024/03/04 23:38:17 worker  13 get order:  &{1 [mr-tmp-0-0 mr-tmp-1-0 mr-tmp-2-0 mr-tmp-3-0 mr-tmp-4-0 mr-tmp-5-0 mr-tmp-6-0 mr-tmp-7-0] 8 0}  order Type 1
2024/03/04 23:38:17 start 8 map
2024/03/04 23:38:17 Worker finish order 8, order type 1
2024/03/04 23:38:18 13 :  call for  5  times
2024/03/04 23:38:18 CallOrder: worker get response &{1 [mr-tmp-0-2 mr-tmp-1-2 mr-tmp-2-2 mr-tmp-3-2 mr-tmp-4-2 mr-tmp-5-2 mr-tmp-6-2 mr-tmp-7-2] 10 0}
2024/03/04 23:38:18 worker  13 get order:  &{1 [mr-tmp-0-2 mr-tmp-1-2 mr-tmp-2-2 mr-tmp-3-2 mr-tmp-4-2 mr-tmp-5-2 mr-tmp-6-2 mr-tmp-7-2] 10 0}  order Type 1
2024/03/04 23:38:21 start 10 map
2024/03/04 23:38:21 Worker finish order 10, order type 1
2024/03/04 23:38:22 13 :  call for  6  times
2024/03/04 23:38:22 CallOrder: worker get response &{1 [mr-tmp-0-9 mr-tmp-1-9 mr-tmp-2-9 mr-tmp-3-9 mr-tmp-4-9 mr-tmp-5-9 mr-tmp-6-9 mr-tmp-7-9] 17 0}
2024/03/04 23:38:22 worker  13 get order:  &{1 [mr-tmp-0-9 mr-tmp-1-9 mr-tmp-2-9 mr-tmp-3-9 mr-tmp-4-9 mr-tmp-5-9 mr-tmp-6-9 mr-tmp-7-9] 17 0}  order Type 1
2024/03/04 23:38:22 start 17 map
2024/03/04 23:38:22 Worker finish order 17, order type 1
2024/03/04 23:38:23 13 :  call for  7  times
2024/03/04 23:38:23 CallOrder: worker get response &{4 [] 0 0}
2024/03/04 23:38:23 worker  13 get order:  &{4 [] 0 0}  order Type 4
2024/03/04 23:38:24 13  killed
