2024/03/04 22:58:31 31 :  call for  1  times
2024/03/04 22:58:31 CallOrder: worker get response &{0 [../pg-frankenstein.txt] 2 10}
2024/03/04 22:58:31 worker  31 get order:  &{0 [../pg-frankenstein.txt] 2 10}  order Type 0
2024/03/04 22:58:32 start 2 map
2024/03/04 22:58:32 Worker finish order 2, order type 0
2024/03/04 22:58:33 31 :  call for  2  times
2024/03/04 22:58:33 CallOrder: worker get response &{0 [../pg-metamorphosis.txt] 5 10}
2024/03/04 22:58:33 worker  31 get order:  &{0 [../pg-metamorphosis.txt] 5 10}  order Type 0
2024/03/04 22:58:34 start 5 map
2024/03/04 22:58:34 Worker finish order 5, order type 0
2024/03/04 22:58:35 31 :  call for  3  times
2024/03/04 22:58:35 CallOrder: worker get response &{0 [../pg-tom_sawyer.txt] 7 10}
2024/03/04 22:58:35 worker  31 get order:  &{0 [../pg-tom_sawyer.txt] 7 10}  order Type 0
2024/03/04 22:58:37 start 7 map
2024/03/04 22:58:37 Worker finish order 7, order type 0
2024/03/04 22:58:38 31 :  call for  4  times
2024/03/04 22:58:38 CallOrder: worker get response &{1 [mr-tmp-0-0 mr-tmp-1-0 mr-tmp-2-0 mr-tmp-3-0 mr-tmp-4-0 mr-tmp-5-0 mr-tmp-6-0 mr-tmp-7-0] 8 0}
2024/03/04 22:58:38 worker  31 get order:  &{1 [mr-tmp-0-0 mr-tmp-1-0 mr-tmp-2-0 mr-tmp-3-0 mr-tmp-4-0 mr-tmp-5-0 mr-tmp-6-0 mr-tmp-7-0] 8 0}  order Type 1
2024/03/04 22:58:38 start 8 map
2024/03/04 22:58:38 Worker finish order 8, order type 1
2024/03/04 22:58:39 31 :  call for  5  times
2024/03/04 22:58:39 CallOrder: worker get response &{1 [mr-tmp-0-2 mr-tmp-1-2 mr-tmp-2-2 mr-tmp-3-2 mr-tmp-4-2 mr-tmp-5-2 mr-tmp-6-2 mr-tmp-7-2] 10 0}
2024/03/04 22:58:39 worker  31 get order:  &{1 [mr-tmp-0-2 mr-tmp-1-2 mr-tmp-2-2 mr-tmp-3-2 mr-tmp-4-2 mr-tmp-5-2 mr-tmp-6-2 mr-tmp-7-2] 10 0}  order Type 1
2024/03/04 22:58:41 start 10 map
2024/03/04 22:58:41 Worker finish order 10, order type 1
2024/03/04 22:58:42 31 :  call for  6  times
2024/03/04 22:58:42 CallOrder: worker get response &{1 [mr-tmp-0-6 mr-tmp-1-6 mr-tmp-2-6 mr-tmp-3-6 mr-tmp-4-6 mr-tmp-5-6 mr-tmp-6-6 mr-tmp-7-6] 14 0}
2024/03/04 22:58:42 worker  31 get order:  &{1 [mr-tmp-0-6 mr-tmp-1-6 mr-tmp-2-6 mr-tmp-3-6 mr-tmp-4-6 mr-tmp-5-6 mr-tmp-6-6 mr-tmp-7-6] 14 0}  order Type 1
2024/03/04 22:58:43 start 14 map
2024/03/04 22:58:43 Worker finish order 14, order type 1
2024/03/04 22:58:44 31 :  call for  7  times
2024/03/04 22:58:44 CallOrder: worker get response &{3 [] 0 0}
2024/03/04 22:58:44 worker  31 get order:  &{3 [] 0 0}  order Type 3
2024/03/04 22:58:44 31  waiting for order
2024/03/04 22:58:46 31 :  call for  8  times
2024/03/04 22:58:46 CallOrder: worker get response &{4 [] 0 0}
2024/03/04 22:58:46 worker  31 get order:  &{4 [] 0 0}  order Type 4
2024/03/04 22:58:47 31  killed
