2024/03/05 02:35:46 46 :  call for  1  times
2024/03/05 02:35:46 CallOrder: worker get response &{0 [../pg-dorian_gray.txt] 1 10}
2024/03/05 02:35:46 worker  46 get order:  &{0 [../pg-dorian_gray.txt] 1 10}  order Type 0
2024/03/05 02:35:48 start 1 map
2024/03/05 02:35:48 Worker finish order 1, order type 0
2024/03/05 02:35:49 46 :  call for  2  times
2024/03/05 02:35:49 CallOrder: worker get response &{0 [../pg-huckleberry_finn.txt] 4 10}
2024/03/05 02:35:49 worker  46 get order:  &{0 [../pg-huckleberry_finn.txt] 4 10}  order Type 0
2024/03/05 02:35:51 start 4 map
2024/03/05 02:35:51 Worker finish order 4, order type 0
2024/03/05 02:35:52 46 :  call for  3  times
2024/03/05 02:35:52 CallOrder: worker get response &{2 [] 0 0}
2024/03/05 02:35:52 worker  46 get order:  &{2 [] 0 0}  order Type 2
2024/03/05 02:35:52 46  waiting for order
2024/03/05 02:35:54 46 :  call for  4  times
2024/03/05 02:35:54 CallOrder: worker get response &{1 [mr-tmp-0-1 mr-tmp-1-1 mr-tmp-2-1 mr-tmp-3-1 mr-tmp-4-1 mr-tmp-5-1 mr-tmp-6-1 mr-tmp-7-1] 9 0}
2024/03/05 02:35:54 worker  46 get order:  &{1 [mr-tmp-0-1 mr-tmp-1-1 mr-tmp-2-1 mr-tmp-3-1 mr-tmp-4-1 mr-tmp-5-1 mr-tmp-6-1 mr-tmp-7-1] 9 0}  order Type 1
2024/03/05 02:35:54 start 9 map
2024/03/05 02:35:54 Worker finish order 9, order type 1
2024/03/05 02:35:55 46 :  call for  5  times
2024/03/05 02:35:55 CallOrder: worker get response &{1 [mr-tmp-0-4 mr-tmp-1-4 mr-tmp-2-4 mr-tmp-3-4 mr-tmp-4-4 mr-tmp-5-4 mr-tmp-6-4 mr-tmp-7-4] 12 0}
2024/03/05 02:35:55 worker  46 get order:  &{1 [mr-tmp-0-4 mr-tmp-1-4 mr-tmp-2-4 mr-tmp-3-4 mr-tmp-4-4 mr-tmp-5-4 mr-tmp-6-4 mr-tmp-7-4] 12 0}  order Type 1
2024/03/05 02:35:56 start 12 map
2024/03/05 02:35:56 Worker finish order 12, order type 1
2024/03/05 02:35:57 46 :  call for  6  times
2024/03/05 02:35:57 CallOrder: worker get response &{1 [mr-tmp-0-6 mr-tmp-1-6 mr-tmp-2-6 mr-tmp-3-6 mr-tmp-4-6 mr-tmp-5-6 mr-tmp-6-6 mr-tmp-7-6] 14 0}
2024/03/05 02:35:57 worker  46 get order:  &{1 [mr-tmp-0-6 mr-tmp-1-6 mr-tmp-2-6 mr-tmp-3-6 mr-tmp-4-6 mr-tmp-5-6 mr-tmp-6-6 mr-tmp-7-6] 14 0}  order Type 1
2024/03/05 02:35:59 start 14 map
2024/03/05 02:35:59 Worker finish order 14, order type 1
2024/03/05 02:36:00 46 :  call for  7  times
2024/03/05 02:36:00 CallOrder: worker get response &{3 [] 0 0}
2024/03/05 02:36:00 worker  46 get order:  &{3 [] 0 0}  order Type 3
2024/03/05 02:36:00 46  waiting for order
2024/03/05 02:36:02 46 :  call for  8  times
2024/03/05 02:36:02 CallOrder: worker get response &{4 [] 0 0}
2024/03/05 02:36:02 worker  46 get order:  &{4 [] 0 0}  order Type 4
2024/03/05 02:36:03 46  killed
