2024/03/05 08:10:51 51 :  call for  1  times
2024/03/05 08:10:51 CallOrder: worker get response &{1 [mr-tmp-0-2 mr-tmp-1-2 mr-tmp-2-2 mr-tmp-3-2 mr-tmp-4-2 mr-tmp-5-2 mr-tmp-6-2 mr-tmp-7-2] 10 0}
2024/03/05 08:10:51 worker  51 get order:  &{1 [mr-tmp-0-2 mr-tmp-1-2 mr-tmp-2-2 mr-tmp-3-2 mr-tmp-4-2 mr-tmp-5-2 mr-tmp-6-2 mr-tmp-7-2] 10 0}  order Type 1
2024/03/05 08:10:51 start 10 map
2024/03/05 08:10:51 Worker finish order 10, order type 1
2024/03/05 08:10:52 51 :  call for  2  times
2024/03/05 08:10:52 CallOrder: worker get response &{1 [mr-tmp-0-5 mr-tmp-1-5 mr-tmp-2-5 mr-tmp-3-5 mr-tmp-4-5 mr-tmp-5-5 mr-tmp-6-5 mr-tmp-7-5] 13 0}
2024/03/05 08:10:52 worker  51 get order:  &{1 [mr-tmp-0-5 mr-tmp-1-5 mr-tmp-2-5 mr-tmp-3-5 mr-tmp-4-5 mr-tmp-5-5 mr-tmp-6-5 mr-tmp-7-5] 13 0}  order Type 1
2024/03/05 08:10:52 start 13 map
2024/03/05 08:10:52 Worker finish order 13, order type 1
2024/03/05 08:10:53 51 :  call for  3  times
2024/03/05 08:10:53 CallOrder: worker get response &{1 [mr-tmp-0-8 mr-tmp-1-8 mr-tmp-2-8 mr-tmp-3-8 mr-tmp-4-8 mr-tmp-5-8 mr-tmp-6-8 mr-tmp-7-8] 16 0}
2024/03/05 08:10:53 worker  51 get order:  &{1 [mr-tmp-0-8 mr-tmp-1-8 mr-tmp-2-8 mr-tmp-3-8 mr-tmp-4-8 mr-tmp-5-8 mr-tmp-6-8 mr-tmp-7-8] 16 0}  order Type 1
2024/03/05 08:10:53 start 16 map
2024/03/05 08:10:53 Worker finish order 16, order type 1
2024/03/05 08:10:54 51 :  call for  4  times
2024/03/05 08:10:54 CallOrder: worker get response &{3 [] 0 0}
2024/03/05 08:10:54 worker  51 get order:  &{3 [] 0 0}  order Type 3
2024/03/05 08:10:54 51  waiting for order
2024/03/05 08:10:56 51 :  call for  5  times
2024/03/05 08:10:56 CallOrder: worker get response &{3 [] 0 0}
2024/03/05 08:10:56 worker  51 get order:  &{3 [] 0 0}  order Type 3
2024/03/05 08:10:56 51  waiting for order
2024/03/05 08:10:58 51 :  call for  6  times
2024/03/05 08:10:58 CallOrder: worker get response &{3 [] 0 0}
2024/03/05 08:10:58 worker  51 get order:  &{3 [] 0 0}  order Type 3
2024/03/05 08:10:58 51  waiting for order
2024/03/05 08:11:00 51 :  call for  7  times
2024/03/05 08:11:00 CallOrder: worker get response &{3 [] 0 0}
2024/03/05 08:11:00 worker  51 get order:  &{3 [] 0 0}  order Type 3
2024/03/05 08:11:00 51  waiting for order
2024/03/05 08:11:02 51 :  call for  8  times
2024/03/05 08:11:02 CallOrder: worker get response &{3 [] 0 0}
2024/03/05 08:11:02 worker  51 get order:  &{3 [] 0 0}  order Type 3
2024/03/05 08:11:02 51  waiting for order
2024/03/05 08:11:04 51 :  call for  9  times
2024/03/05 08:11:04 CallOrder: worker get response &{3 [] 0 0}
2024/03/05 08:11:04 worker  51 get order:  &{3 [] 0 0}  order Type 3
2024/03/05 08:11:04 51  waiting for order
2024/03/05 08:11:06 51 :  call for  10  times
2024/03/05 08:11:06 CallOrder: worker get response &{3 [] 0 0}
2024/03/05 08:11:06 worker  51 get order:  &{3 [] 0 0}  order Type 3
2024/03/05 08:11:06 51  waiting for order
2024/03/05 08:11:08 51 :  call for  11  times
2024/03/05 08:11:08 CallOrder: worker get response &{4 [] 0 0}
2024/03/05 08:11:08 worker  51 get order:  &{4 [] 0 0}  order Type 4
2024/03/05 08:11:09 51  killed
