2024/03/05 12:57:52 52 :  call for  1  times
2024/03/05 12:57:52 CallOrder: worker get response &{3 [] 0 0}
2024/03/05 12:57:52 worker  52 get order:  &{3 [] 0 0}  order Type 3
2024/03/05 12:57:52 52  waiting for order
2024/03/05 12:57:54 52 :  call for  2  times
2024/03/05 12:57:54 CallOrder: worker get response &{3 [] 0 0}
2024/03/05 12:57:54 worker  52 get order:  &{3 [] 0 0}  order Type 3
2024/03/05 12:57:54 52  waiting for order
2024/03/05 12:57:56 52 :  call for  3  times
2024/03/05 12:57:56 CallOrder: worker get response &{3 [] 0 0}
2024/03/05 12:57:56 worker  52 get order:  &{3 [] 0 0}  order Type 3
2024/03/05 12:57:56 52  waiting for order
2024/03/05 12:57:58 52 :  call for  4  times
2024/03/05 12:57:58 CallOrder: worker get response &{3 [] 0 0}
2024/03/05 12:57:58 worker  52 get order:  &{3 [] 0 0}  order Type 3
2024/03/05 12:57:58 52  waiting for order
2024/03/05 12:58:00 52 :  call for  5  times
2024/03/05 12:58:00 CallOrder: worker get response &{3 [] 0 0}
2024/03/05 12:58:00 worker  52 get order:  &{3 [] 0 0}  order Type 3
2024/03/05 12:58:00 52  waiting for order
2024/03/05 12:58:02 52 :  call for  6  times
2024/03/05 12:58:02 CallOrder: worker get response &{1 [mr-tmp-0-9 mr-tmp-1-9 mr-tmp-2-9 mr-tmp-3-9 mr-tmp-4-9 mr-tmp-5-9 mr-tmp-6-9 mr-tmp-7-9] 17 0}
2024/03/05 12:58:02 worker  52 get order:  &{1 [mr-tmp-0-9 mr-tmp-1-9 mr-tmp-2-9 mr-tmp-3-9 mr-tmp-4-9 mr-tmp-5-9 mr-tmp-6-9 mr-tmp-7-9] 17 0}  order Type 1
2024/03/05 12:58:02 start 17 map
2024/03/05 12:58:02 Worker finish order 17, order type 1
2024/03/05 12:58:03 52 :  call for  7  times
2024/03/05 12:58:03 CallOrder: worker get response &{3 [] 0 0}
2024/03/05 12:58:03 worker  52 get order:  &{3 [] 0 0}  order Type 3
2024/03/05 12:58:03 52  waiting for order
2024/03/05 12:58:05 52 :  call for  8  times
2024/03/05 12:58:05 dialing:dial unix /var/tmp/824-mr-0: connect: connection refused
