2024/03/05 08:19:18 18 :  call for  1  times
2024/03/05 08:19:18 CallOrder: worker get response &{3 [] 0 0}
2024/03/05 08:19:18 worker  18 get order:  &{3 [] 0 0}  order Type 3
2024/03/05 08:19:18 18  waiting for order
2024/03/05 08:19:20 18 :  call for  2  times
2024/03/05 08:19:20 CallOrder: worker get response &{3 [] 0 0}
2024/03/05 08:19:20 worker  18 get order:  &{3 [] 0 0}  order Type 3
2024/03/05 08:19:20 18  waiting for order
2024/03/05 08:19:22 18 :  call for  3  times
2024/03/05 08:19:22 CallOrder: worker get response &{3 [] 0 0}
2024/03/05 08:19:22 worker  18 get order:  &{3 [] 0 0}  order Type 3
2024/03/05 08:19:22 18  waiting for order
2024/03/05 08:19:24 18 :  call for  4  times
2024/03/05 08:19:24 CallOrder: worker get response &{3 [] 0 0}
2024/03/05 08:19:24 worker  18 get order:  &{3 [] 0 0}  order Type 3
2024/03/05 08:19:24 18  waiting for order
2024/03/05 08:19:26 18 :  call for  5  times
2024/03/05 08:19:26 CallOrder: worker get response &{3 [] 0 0}
2024/03/05 08:19:26 worker  18 get order:  &{3 [] 0 0}  order Type 3
2024/03/05 08:19:26 18  waiting for order
2024/03/05 08:19:28 18 :  call for  6  times
2024/03/05 08:19:28 CallOrder: worker get response &{1 [mr-tmp-0-2 mr-tmp-1-2 mr-tmp-2-2 mr-tmp-3-2 mr-tmp-4-2 mr-tmp-5-2 mr-tmp-6-2 mr-tmp-7-2] 10 0}
2024/03/05 08:19:28 worker  18 get order:  &{1 [mr-tmp-0-2 mr-tmp-1-2 mr-tmp-2-2 mr-tmp-3-2 mr-tmp-4-2 mr-tmp-5-2 mr-tmp-6-2 mr-tmp-7-2] 10 0}  order Type 1
2024/03/05 08:19:32 start 10 map
2024/03/05 08:19:32 Worker finish order 10, order type 1
2024/03/05 08:19:33 18 :  call for  7  times
2024/03/05 08:19:33 CallOrder: worker get response &{3 [] 0 0}
2024/03/05 08:19:33 worker  18 get order:  &{3 [] 0 0}  order Type 3
2024/03/05 08:19:33 18  waiting for order
2024/03/05 08:19:35 18 :  call for  8  times
2024/03/05 08:19:35 dialing:dial unix /var/tmp/824-mr-0: connect: connection refused
