2024/03/05 12:40:13 13 :  call for  1  times
2024/03/05 12:40:13 CallOrder: worker get response &{2 [] 0 0}
2024/03/05 12:40:13 worker  13 get order:  &{2 [] 0 0}  order Type 2
2024/03/05 12:40:13 13  waiting for order
2024/03/05 12:40:15 13 :  call for  2  times
2024/03/05 12:40:15 CallOrder: worker get response &{2 [] 0 0}
2024/03/05 12:40:15 worker  13 get order:  &{2 [] 0 0}  order Type 2
2024/03/05 12:40:15 13  waiting for order
2024/03/05 12:40:17 13 :  call for  3  times
2024/03/05 12:40:17 CallOrder: worker get response &{2 [] 0 0}
2024/03/05 12:40:17 worker  13 get order:  &{2 [] 0 0}  order Type 2
2024/03/05 12:40:17 13  waiting for order
2024/03/05 12:40:19 13 :  call for  4  times
2024/03/05 12:40:19 CallOrder: worker get response &{2 [] 0 0}
2024/03/05 12:40:19 worker  13 get order:  &{2 [] 0 0}  order Type 2
2024/03/05 12:40:19 13  waiting for order
2024/03/05 12:40:21 13 :  call for  5  times
2024/03/05 12:40:21 CallOrder: worker get response &{2 [] 0 0}
2024/03/05 12:40:21 worker  13 get order:  &{2 [] 0 0}  order Type 2
2024/03/05 12:40:21 13  waiting for order
2024/03/05 12:40:23 13 :  call for  6  times
2024/03/05 12:40:23 CallOrder: worker get response &{0 [../pg-sherlock_holmes.txt] 6 10}
2024/03/05 12:40:23 worker  13 get order:  &{0 [../pg-sherlock_holmes.txt] 6 10}  order Type 0
2024/03/05 12:40:28 start 6 map
2024/03/05 12:40:28 Worker finish order 6, order type 0
2024/03/05 12:40:29 13 :  call for  7  times
2024/03/05 12:40:29 CallOrder: worker get response &{1 [mr-tmp-0-0 mr-tmp-1-0 mr-tmp-2-0 mr-tmp-3-0 mr-tmp-4-0 mr-tmp-5-0 mr-tmp-6-0 mr-tmp-7-0] 8 0}
2024/03/05 12:40:29 worker  13 get order:  &{1 [mr-tmp-0-0 mr-tmp-1-0 mr-tmp-2-0 mr-tmp-3-0 mr-tmp-4-0 mr-tmp-5-0 mr-tmp-6-0 mr-tmp-7-0] 8 0}  order Type 1
2024/03/05 12:40:29 start 8 map
2024/03/05 12:40:29 Worker finish order 8, order type 1
2024/03/05 12:40:30 13 :  call for  8  times
2024/03/05 12:40:30 CallOrder: worker get response &{1 [mr-tmp-0-2 mr-tmp-1-2 mr-tmp-2-2 mr-tmp-3-2 mr-tmp-4-2 mr-tmp-5-2 mr-tmp-6-2 mr-tmp-7-2] 10 0}
2024/03/05 12:40:30 worker  13 get order:  &{1 [mr-tmp-0-2 mr-tmp-1-2 mr-tmp-2-2 mr-tmp-3-2 mr-tmp-4-2 mr-tmp-5-2 mr-tmp-6-2 mr-tmp-7-2] 10 0}  order Type 1
