2024/03/05 07:27:13 13 :  call for  1  times
2024/03/05 07:27:13 CallOrder: worker get response &{2 [] 0 0}
2024/03/05 07:27:13 worker  13 get order:  &{2 [] 0 0}  order Type 2
2024/03/05 07:27:13 13  waiting for order
2024/03/05 07:27:15 13 :  call for  2  times
2024/03/05 07:27:15 CallOrder: worker get response &{2 [] 0 0}
2024/03/05 07:27:15 worker  13 get order:  &{2 [] 0 0}  order Type 2
2024/03/05 07:27:15 13  waiting for order
2024/03/05 07:27:17 13 :  call for  3  times
2024/03/05 07:27:17 CallOrder: worker get response &{2 [] 0 0}
2024/03/05 07:27:17 worker  13 get order:  &{2 [] 0 0}  order Type 2
2024/03/05 07:27:17 13  waiting for order
2024/03/05 07:27:19 13 :  call for  4  times
2024/03/05 07:27:19 CallOrder: worker get response &{2 [] 0 0}
2024/03/05 07:27:19 worker  13 get order:  &{2 [] 0 0}  order Type 2
2024/03/05 07:27:19 13  waiting for order
2024/03/05 07:27:21 13 :  call for  5  times
2024/03/05 07:27:21 CallOrder: worker get response &{2 [] 0 0}
2024/03/05 07:27:21 worker  13 get order:  &{2 [] 0 0}  order Type 2
2024/03/05 07:27:21 13  waiting for order
2024/03/05 07:27:23 13 :  call for  6  times
2024/03/05 07:27:23 CallOrder: worker get response &{0 [../pg-grimm.txt] 3 10}
2024/03/05 07:27:23 worker  13 get order:  &{0 [../pg-grimm.txt] 3 10}  order Type 0
