2024/03/05 12:24:32 32 :  call for  1  times
2024/03/05 12:24:32 CallOrder: worker get response &{0 [../pg-being_ernest.txt] 0 10}
2024/03/05 12:24:32 worker  32 get order:  &{0 [../pg-being_ernest.txt] 0 10}  order Type 0
2024/03/05 12:24:36 start 0 map
2024/03/05 12:24:36 Worker finish order 0, order type 0
2024/03/05 12:24:37 32 :  call for  2  times
2024/03/05 12:24:37 CallOrder: worker get response &{0 [../pg-frankenstein.txt] 2 10}
2024/03/05 12:24:37 worker  32 get order:  &{0 [../pg-frankenstein.txt] 2 10}  order Type 0
2024/03/05 12:24:41 start 2 map
2024/03/05 12:24:41 Worker finish order 2, order type 0
2024/03/05 12:24:42 32 :  call for  3  times
2024/03/05 12:24:42 CallOrder: worker get response &{0 [../pg-metamorphosis.txt] 5 10}
2024/03/05 12:24:42 worker  32 get order:  &{0 [../pg-metamorphosis.txt] 5 10}  order Type 0
2024/03/05 12:24:46 start 5 map
2024/03/05 12:24:46 Worker finish order 5, order type 0
2024/03/05 12:24:47 32 :  call for  4  times
2024/03/05 12:24:47 CallOrder: worker get response &{0 [../pg-sherlock_holmes.txt] 6 10}
2024/03/05 12:24:47 worker  32 get order:  &{0 [../pg-sherlock_holmes.txt] 6 10}  order Type 0
2024/03/05 12:24:49 start 6 map
2024/03/05 12:24:49 Worker finish order 6, order type 0
2024/03/05 12:24:50 32 :  call for  5  times
2024/03/05 12:24:50 CallOrder: worker get response &{1 [mr-tmp-0-0 mr-tmp-1-0 mr-tmp-2-0 mr-tmp-3-0 mr-tmp-4-0 mr-tmp-5-0 mr-tmp-6-0 mr-tmp-7-0] 8 0}
2024/03/05 12:24:50 worker  32 get order:  &{1 [mr-tmp-0-0 mr-tmp-1-0 mr-tmp-2-0 mr-tmp-3-0 mr-tmp-4-0 mr-tmp-5-0 mr-tmp-6-0 mr-tmp-7-0] 8 0}  order Type 1
2024/03/05 12:24:50 start 8 map
2024/03/05 12:24:50 Worker finish order 8, order type 1
2024/03/05 12:24:51 32 :  call for  6  times
2024/03/05 12:24:51 CallOrder: worker get response &{1 [mr-tmp-0-1 mr-tmp-1-1 mr-tmp-2-1 mr-tmp-3-1 mr-tmp-4-1 mr-tmp-5-1 mr-tmp-6-1 mr-tmp-7-1] 9 0}
2024/03/05 12:24:51 worker  32 get order:  &{1 [mr-tmp-0-1 mr-tmp-1-1 mr-tmp-2-1 mr-tmp-3-1 mr-tmp-4-1 mr-tmp-5-1 mr-tmp-6-1 mr-tmp-7-1] 9 0}  order Type 1
2024/03/05 12:24:51 start 9 map
2024/03/05 12:24:51 Worker finish order 9, order type 1
2024/03/05 12:24:52 32 :  call for  7  times
2024/03/05 12:24:52 CallOrder: worker get response &{1 [mr-tmp-0-3 mr-tmp-1-3 mr-tmp-2-3 mr-tmp-3-3 mr-tmp-4-3 mr-tmp-5-3 mr-tmp-6-3 mr-tmp-7-3] 11 0}
2024/03/05 12:24:52 worker  32 get order:  &{1 [mr-tmp-0-3 mr-tmp-1-3 mr-tmp-2-3 mr-tmp-3-3 mr-tmp-4-3 mr-tmp-5-3 mr-tmp-6-3 mr-tmp-7-3] 11 0}  order Type 1
2024/03/05 12:24:52 start 11 map
2024/03/05 12:24:52 Worker finish order 11, order type 1
2024/03/05 12:24:53 32 :  call for  8  times
2024/03/05 12:24:53 CallOrder: worker get response &{1 [mr-tmp-0-5 mr-tmp-1-5 mr-tmp-2-5 mr-tmp-3-5 mr-tmp-4-5 mr-tmp-5-5 mr-tmp-6-5 mr-tmp-7-5] 13 0}
2024/03/05 12:24:53 worker  32 get order:  &{1 [mr-tmp-0-5 mr-tmp-1-5 mr-tmp-2-5 mr-tmp-3-5 mr-tmp-4-5 mr-tmp-5-5 mr-tmp-6-5 mr-tmp-7-5] 13 0}  order Type 1
2024/03/05 12:24:53 start 13 map
2024/03/05 12:24:53 Worker finish order 13, order type 1
2024/03/05 12:24:54 32 :  call for  9  times
2024/03/05 12:24:54 CallOrder: worker get response &{1 [mr-tmp-0-7 mr-tmp-1-7 mr-tmp-2-7 mr-tmp-3-7 mr-tmp-4-7 mr-tmp-5-7 mr-tmp-6-7 mr-tmp-7-7] 15 0}
2024/03/05 12:24:54 worker  32 get order:  &{1 [mr-tmp-0-7 mr-tmp-1-7 mr-tmp-2-7 mr-tmp-3-7 mr-tmp-4-7 mr-tmp-5-7 mr-tmp-6-7 mr-tmp-7-7] 15 0}  order Type 1
2024/03/05 12:24:54 start 15 map
2024/03/05 12:24:54 Worker finish order 15, order type 1
2024/03/05 12:24:55 32 :  call for  10  times
2024/03/05 12:24:55 CallOrder: worker get response &{1 [mr-tmp-0-9 mr-tmp-1-9 mr-tmp-2-9 mr-tmp-3-9 mr-tmp-4-9 mr-tmp-5-9 mr-tmp-6-9 mr-tmp-7-9] 17 0}
2024/03/05 12:24:55 worker  32 get order:  &{1 [mr-tmp-0-9 mr-tmp-1-9 mr-tmp-2-9 mr-tmp-3-9 mr-tmp-4-9 mr-tmp-5-9 mr-tmp-6-9 mr-tmp-7-9] 17 0}  order Type 1
2024/03/05 12:24:55 start 17 map
2024/03/05 12:24:55 Worker finish order 17, order type 1
2024/03/05 12:24:56 32 :  call for  11  times
2024/03/05 12:24:56 CallOrder: worker get response &{4 [] 0 0}
2024/03/05 12:24:56 worker  32 get order:  &{4 [] 0 0}  order Type 4
2024/03/05 12:24:57 32  killed
