2024/03/04 22:08:01 1 :  call for  1  times
2024/03/04 22:08:01 CallOrder: worker get response &{0 [../pg-being_ernest.txt] 0 10}
2024/03/04 22:08:01 worker  1 get order:  &{0 [../pg-being_ernest.txt] 0 10}  order Type 0
2024/03/04 22:08:08 start 0 map
2024/03/04 22:08:08 Worker finish order 0, order type 0
2024/03/04 22:08:09 1 :  call for  2  times
2024/03/04 22:08:09 CallOrder: worker get response &{2 [] 0 0}
2024/03/04 22:08:09 worker  1 get order:  &{2 [] 0 0}  order Type 2
2024/03/04 22:08:09 1  waiting for order
2024/03/04 22:08:11 1 :  call for  3  times
2024/03/04 22:08:11 CallOrder: worker get response &{2 [] 0 0}
2024/03/04 22:08:11 worker  1 get order:  &{2 [] 0 0}  order Type 2
2024/03/04 22:08:11 1  waiting for order
2024/03/04 22:08:13 1 :  call for  4  times
2024/03/04 22:08:13 CallOrder: worker get response &{2 [] 0 0}
2024/03/04 22:08:13 worker  1 get order:  &{2 [] 0 0}  order Type 2
2024/03/04 22:08:13 1  waiting for order
2024/03/04 22:08:15 1 :  call for  5  times
2024/03/04 22:08:15 CallOrder: worker get response &{2 [] 0 0}
2024/03/04 22:08:15 worker  1 get order:  &{2 [] 0 0}  order Type 2
2024/03/04 22:08:15 1  waiting for order
2024/03/04 22:08:17 1 :  call for  6  times
2024/03/04 22:08:17 CallOrder: worker get response &{2 [] 0 0}
2024/03/04 22:08:17 worker  1 get order:  &{2 [] 0 0}  order Type 2
2024/03/04 22:08:17 1  waiting for order
2024/03/04 22:08:19 1 :  call for  7  times
2024/03/04 22:08:19 CallOrder: worker get response &{2 [] 0 0}
2024/03/04 22:08:19 worker  1 get order:  &{2 [] 0 0}  order Type 2
2024/03/04 22:08:19 1  waiting for order
2024/03/04 22:08:21 1 :  call for  8  times
2024/03/04 22:08:21 CallOrder: worker get response &{1 [mr-tmp-0-4 mr-tmp-1-4 mr-tmp-2-4 mr-tmp-3-4 mr-tmp-4-4 mr-tmp-5-4 mr-tmp-6-4 mr-tmp-7-4] 12 0}
2024/03/04 22:08:21 worker  1 get order:  &{1 [mr-tmp-0-4 mr-tmp-1-4 mr-tmp-2-4 mr-tmp-3-4 mr-tmp-4-4 mr-tmp-5-4 mr-tmp-6-4 mr-tmp-7-4] 12 0}  order Type 1
2024/03/04 22:08:21 start 12 map
2024/03/04 22:08:21 Worker finish order 12, order type 1
2024/03/04 22:08:22 1 :  call for  9  times
2024/03/04 22:08:22 CallOrder: worker get response &{1 [mr-tmp-0-7 mr-tmp-1-7 mr-tmp-2-7 mr-tmp-3-7 mr-tmp-4-7 mr-tmp-5-7 mr-tmp-6-7 mr-tmp-7-7] 15 0}
2024/03/04 22:08:22 worker  1 get order:  &{1 [mr-tmp-0-7 mr-tmp-1-7 mr-tmp-2-7 mr-tmp-3-7 mr-tmp-4-7 mr-tmp-5-7 mr-tmp-6-7 mr-tmp-7-7] 15 0}  order Type 1
2024/03/04 22:08:22 start 15 map
2024/03/04 22:08:22 Worker finish order 15, order type 1
2024/03/04 22:08:23 1 :  call for  10  times
2024/03/04 22:08:23 CallOrder: worker get response &{1 [mr-tmp-0-9 mr-tmp-1-9 mr-tmp-2-9 mr-tmp-3-9 mr-tmp-4-9 mr-tmp-5-9 mr-tmp-6-9 mr-tmp-7-9] 17 0}
2024/03/04 22:08:23 worker  1 get order:  &{1 [mr-tmp-0-9 mr-tmp-1-9 mr-tmp-2-9 mr-tmp-3-9 mr-tmp-4-9 mr-tmp-5-9 mr-tmp-6-9 mr-tmp-7-9] 17 0}  order Type 1
