2024/03/05 03:23:14 14 :  call for  1  times
2024/03/05 03:23:14 CallOrder: worker get response &{3 [] 0 0}
2024/03/05 03:23:14 worker  14 get order:  &{3 [] 0 0}  order Type 3
2024/03/05 03:23:14 14  waiting for order
2024/03/05 03:23:16 14 :  call for  2  times
2024/03/05 03:23:16 CallOrder: worker get response &{3 [] 0 0}
2024/03/05 03:23:16 worker  14 get order:  &{3 [] 0 0}  order Type 3
2024/03/05 03:23:16 14  waiting for order
2024/03/05 03:23:18 14 :  call for  3  times
2024/03/05 03:23:18 CallOrder: worker get response &{3 [] 0 0}
2024/03/05 03:23:18 worker  14 get order:  &{3 [] 0 0}  order Type 3
2024/03/05 03:23:18 14  waiting for order
2024/03/05 03:23:20 14 :  call for  4  times
2024/03/05 03:23:20 CallOrder: worker get response &{3 [] 0 0}
2024/03/05 03:23:20 worker  14 get order:  &{3 [] 0 0}  order Type 3
2024/03/05 03:23:20 14  waiting for order
2024/03/05 03:23:22 14 :  call for  5  times
2024/03/05 03:23:22 CallOrder: worker get response &{3 [] 0 0}
2024/03/05 03:23:22 worker  14 get order:  &{3 [] 0 0}  order Type 3
2024/03/05 03:23:22 14  waiting for order
2024/03/05 03:23:24 14 :  call for  6  times
2024/03/05 03:23:24 CallOrder: worker get response &{1 [mr-tmp-0-0 mr-tmp-1-0 mr-tmp-2-0 mr-tmp-3-0 mr-tmp-4-0 mr-tmp-5-0 mr-tmp-6-0 mr-tmp-7-0] 8 0}
2024/03/05 03:23:24 worker  14 get order:  &{1 [mr-tmp-0-0 mr-tmp-1-0 mr-tmp-2-0 mr-tmp-3-0 mr-tmp-4-0 mr-tmp-5-0 mr-tmp-6-0 mr-tmp-7-0] 8 0}  order Type 1
2024/03/05 03:23:33 start 8 map
2024/03/05 03:23:33 Worker finish order 8, order type 1
2024/03/05 03:23:34 14 :  call for  7  times
2024/03/05 03:23:34 CallOrder: worker get response &{3 [] 0 0}
2024/03/05 03:23:34 worker  14 get order:  &{3 [] 0 0}  order Type 3
2024/03/05 03:23:34 14  waiting for order
2024/03/05 03:23:36 14 :  call for  8  times
2024/03/05 03:23:36 CallOrder: worker get response &{3 [] 0 0}
2024/03/05 03:23:36 worker  14 get order:  &{3 [] 0 0}  order Type 3
2024/03/05 03:23:36 14  waiting for order
2024/03/05 03:23:38 14 :  call for  9  times
2024/03/05 03:23:38 CallOrder: worker get response &{1 [mr-tmp-0-9 mr-tmp-1-9 mr-tmp-2-9 mr-tmp-3-9 mr-tmp-4-9 mr-tmp-5-9 mr-tmp-6-9 mr-tmp-7-9] 17 0}
2024/03/05 03:23:38 worker  14 get order:  &{1 [mr-tmp-0-9 mr-tmp-1-9 mr-tmp-2-9 mr-tmp-3-9 mr-tmp-4-9 mr-tmp-5-9 mr-tmp-6-9 mr-tmp-7-9] 17 0}  order Type 1
2024/03/05 03:23:41 start 17 map
2024/03/05 03:23:41 Worker finish order 17, order type 1
2024/03/05 03:23:42 14 :  call for  10  times
2024/03/05 03:23:42 CallOrder: worker get response &{4 [] 0 0}
2024/03/05 03:23:42 worker  14 get order:  &{4 [] 0 0}  order Type 4
2024/03/05 03:23:43 14  killed
