2024/03/05 12:01:12 12 :  call for  1  times
2024/03/05 12:01:12 CallOrder: worker get response &{3 [] 0 0}
2024/03/05 12:01:12 worker  12 get order:  &{3 [] 0 0}  order Type 3
2024/03/05 12:01:12 12  waiting for order
2024/03/05 12:01:14 12 :  call for  2  times
2024/03/05 12:01:14 CallOrder: worker get response &{3 [] 0 0}
2024/03/05 12:01:14 worker  12 get order:  &{3 [] 0 0}  order Type 3
2024/03/05 12:01:14 12  waiting for order
2024/03/05 12:01:16 12 :  call for  3  times
2024/03/05 12:01:16 CallOrder: worker get response &{3 [] 0 0}
2024/03/05 12:01:16 worker  12 get order:  &{3 [] 0 0}  order Type 3
2024/03/05 12:01:16 12  waiting for order
2024/03/05 12:01:18 12 :  call for  4  times
2024/03/05 12:01:18 CallOrder: worker get response &{3 [] 0 0}
2024/03/05 12:01:18 worker  12 get order:  &{3 [] 0 0}  order Type 3
2024/03/05 12:01:18 12  waiting for order
2024/03/05 12:01:20 12 :  call for  5  times
2024/03/05 12:01:20 CallOrder: worker get response &{3 [] 0 0}
2024/03/05 12:01:20 worker  12 get order:  &{3 [] 0 0}  order Type 3
2024/03/05 12:01:20 12  waiting for order
2024/03/05 12:01:22 12 :  call for  6  times
2024/03/05 12:01:22 CallOrder: worker get response &{3 [] 0 0}
2024/03/05 12:01:22 worker  12 get order:  &{3 [] 0 0}  order Type 3
2024/03/05 12:01:22 12  waiting for order
2024/03/05 12:01:24 12 :  call for  7  times
2024/03/05 12:01:24 CallOrder: worker get response &{3 [] 0 0}
2024/03/05 12:01:24 worker  12 get order:  &{3 [] 0 0}  order Type 3
2024/03/05 12:01:24 12  waiting for order
2024/03/05 12:01:26 12 :  call for  8  times
2024/03/05 12:01:26 CallOrder: worker get response &{3 [] 0 0}
2024/03/05 12:01:26 worker  12 get order:  &{3 [] 0 0}  order Type 3
2024/03/05 12:01:26 12  waiting for order
2024/03/05 12:01:28 12 :  call for  9  times
2024/03/05 12:01:28 CallOrder: worker get response &{3 [] 0 0}
2024/03/05 12:01:28 worker  12 get order:  &{3 [] 0 0}  order Type 3
2024/03/05 12:01:28 12  waiting for order
2024/03/05 12:01:30 12 :  call for  10  times
2024/03/05 12:01:30 dialing:dial unix /var/tmp/824-mr-0: connect: connection refused
