2024/03/05 09:54:35 35 :  call for  1  times
2024/03/05 09:54:35 CallOrder: worker get response &{0 [../pg-dorian_gray.txt] 1 10}
2024/03/05 09:54:35 worker  35 get order:  &{0 [../pg-dorian_gray.txt] 1 10}  order Type 0
2024/03/05 09:54:36 start 1 map
2024/03/05 09:54:36 Worker finish order 1, order type 0
2024/03/05 09:54:37 35 :  call for  2  times
2024/03/05 09:54:37 CallOrder: worker get response &{0 [../pg-grimm.txt] 3 10}
2024/03/05 09:54:37 worker  35 get order:  &{0 [../pg-grimm.txt] 3 10}  order Type 0
2024/03/05 09:54:38 start 3 map
2024/03/05 09:54:38 Worker finish order 3, order type 0
2024/03/05 09:54:39 35 :  call for  3  times
2024/03/05 09:54:39 CallOrder: worker get response &{0 [../pg-metamorphosis.txt] 5 10}
2024/03/05 09:54:39 worker  35 get order:  &{0 [../pg-metamorphosis.txt] 5 10}  order Type 0
2024/03/05 09:54:40 start 5 map
2024/03/05 09:54:40 Worker finish order 5, order type 0
2024/03/05 09:54:41 35 :  call for  4  times
2024/03/05 09:54:41 CallOrder: worker get response &{0 [../pg-tom_sawyer.txt] 7 10}
2024/03/05 09:54:41 worker  35 get order:  &{0 [../pg-tom_sawyer.txt] 7 10}  order Type 0
2024/03/05 09:54:42 start 7 map
2024/03/05 09:54:42 Worker finish order 7, order type 0
2024/03/05 09:54:43 35 :  call for  5  times
2024/03/05 09:54:43 CallOrder: worker get response &{1 [mr-tmp-0-0 mr-tmp-1-0 mr-tmp-2-0 mr-tmp-3-0 mr-tmp-4-0 mr-tmp-5-0 mr-tmp-6-0 mr-tmp-7-0] 8 0}
2024/03/05 09:54:43 worker  35 get order:  &{1 [mr-tmp-0-0 mr-tmp-1-0 mr-tmp-2-0 mr-tmp-3-0 mr-tmp-4-0 mr-tmp-5-0 mr-tmp-6-0 mr-tmp-7-0] 8 0}  order Type 1
2024/03/05 09:54:43 start 8 map
2024/03/05 09:54:43 Worker finish order 8, order type 1
2024/03/05 09:54:44 35 :  call for  6  times
2024/03/05 09:54:44 CallOrder: worker get response &{1 [mr-tmp-0-1 mr-tmp-1-1 mr-tmp-2-1 mr-tmp-3-1 mr-tmp-4-1 mr-tmp-5-1 mr-tmp-6-1 mr-tmp-7-1] 9 0}
2024/03/05 09:54:44 worker  35 get order:  &{1 [mr-tmp-0-1 mr-tmp-1-1 mr-tmp-2-1 mr-tmp-3-1 mr-tmp-4-1 mr-tmp-5-1 mr-tmp-6-1 mr-tmp-7-1] 9 0}  order Type 1
2024/03/05 09:54:44 start 9 map
2024/03/05 09:54:44 Worker finish order 9, order type 1
2024/03/05 09:54:45 35 :  call for  7  times
2024/03/05 09:54:45 CallOrder: worker get response &{1 [mr-tmp-0-3 mr-tmp-1-3 mr-tmp-2-3 mr-tmp-3-3 mr-tmp-4-3 mr-tmp-5-3 mr-tmp-6-3 mr-tmp-7-3] 11 0}
2024/03/05 09:54:45 worker  35 get order:  &{1 [mr-tmp-0-3 mr-tmp-1-3 mr-tmp-2-3 mr-tmp-3-3 mr-tmp-4-3 mr-tmp-5-3 mr-tmp-6-3 mr-tmp-7-3] 11 0}  order Type 1
2024/03/05 09:54:45 start 11 map
2024/03/05 09:54:45 Worker finish order 11, order type 1
2024/03/05 09:54:46 35 :  call for  8  times
2024/03/05 09:54:46 CallOrder: worker get response &{1 [mr-tmp-0-5 mr-tmp-1-5 mr-tmp-2-5 mr-tmp-3-5 mr-tmp-4-5 mr-tmp-5-5 mr-tmp-6-5 mr-tmp-7-5] 13 0}
2024/03/05 09:54:46 worker  35 get order:  &{1 [mr-tmp-0-5 mr-tmp-1-5 mr-tmp-2-5 mr-tmp-3-5 mr-tmp-4-5 mr-tmp-5-5 mr-tmp-6-5 mr-tmp-7-5] 13 0}  order Type 1
2024/03/05 09:54:46 start 13 map
2024/03/05 09:54:46 Worker finish order 13, order type 1
2024/03/05 09:54:47 35 :  call for  9  times
2024/03/05 09:54:47 CallOrder: worker get response &{1 [mr-tmp-0-6 mr-tmp-1-6 mr-tmp-2-6 mr-tmp-3-6 mr-tmp-4-6 mr-tmp-5-6 mr-tmp-6-6 mr-tmp-7-6] 14 0}
2024/03/05 09:54:47 worker  35 get order:  &{1 [mr-tmp-0-6 mr-tmp-1-6 mr-tmp-2-6 mr-tmp-3-6 mr-tmp-4-6 mr-tmp-5-6 mr-tmp-6-6 mr-tmp-7-6] 14 0}  order Type 1
2024/03/05 09:54:47 start 14 map
2024/03/05 09:54:47 Worker finish order 14, order type 1
2024/03/05 09:54:48 35 :  call for  10  times
2024/03/05 09:54:48 CallOrder: worker get response &{1 [mr-tmp-0-8 mr-tmp-1-8 mr-tmp-2-8 mr-tmp-3-8 mr-tmp-4-8 mr-tmp-5-8 mr-tmp-6-8 mr-tmp-7-8] 16 0}
2024/03/05 09:54:48 worker  35 get order:  &{1 [mr-tmp-0-8 mr-tmp-1-8 mr-tmp-2-8 mr-tmp-3-8 mr-tmp-4-8 mr-tmp-5-8 mr-tmp-6-8 mr-tmp-7-8] 16 0}  order Type 1
2024/03/05 09:54:48 start 16 map
2024/03/05 09:54:48 Worker finish order 16, order type 1
2024/03/05 09:54:49 35 :  call for  11  times
2024/03/05 09:54:49 CallOrder: worker get response &{3 [] 0 0}
2024/03/05 09:54:49 worker  35 get order:  &{3 [] 0 0}  order Type 3
2024/03/05 09:54:49 35  waiting for order
2024/03/05 09:54:51 35 :  call for  12  times
2024/03/05 09:54:51 dialing:dial unix /var/tmp/824-mr-0: connect: connection refused
