2024/03/05 11:56:55 55 :  call for  1  times
2024/03/05 11:56:55 CallOrder: worker get response &{0 [../pg-dorian_gray.txt] 1 10}
2024/03/05 11:56:55 worker  55 get order:  &{0 [../pg-dorian_gray.txt] 1 10}  order Type 0
2024/03/05 11:56:55 start 1 map
2024/03/05 11:56:55 Worker finish order 1, order type 0
2024/03/05 11:56:56 55 :  call for  2  times
2024/03/05 11:56:56 CallOrder: worker get response &{0 [../pg-grimm.txt] 3 10}
2024/03/05 11:56:56 worker  55 get order:  &{0 [../pg-grimm.txt] 3 10}  order Type 0
2024/03/05 11:56:56 start 3 map
2024/03/05 11:56:56 Worker finish order 3, order type 0
2024/03/05 11:56:57 55 :  call for  3  times
2024/03/05 11:56:57 CallOrder: worker get response &{0 [../pg-metamorphosis.txt] 5 10}
2024/03/05 11:56:57 worker  55 get order:  &{0 [../pg-metamorphosis.txt] 5 10}  order Type 0
2024/03/05 11:56:57 start 5 map
2024/03/05 11:56:57 Worker finish order 5, order type 0
2024/03/05 11:56:58 55 :  call for  4  times
2024/03/05 11:56:58 CallOrder: worker get response &{0 [../pg-sherlock_holmes.txt] 6 10}
2024/03/05 11:56:58 worker  55 get order:  &{0 [../pg-sherlock_holmes.txt] 6 10}  order Type 0
2024/03/05 11:56:58 start 6 map
2024/03/05 11:56:58 Worker finish order 6, order type 0
2024/03/05 11:56:59 55 :  call for  5  times
2024/03/05 11:56:59 CallOrder: worker get response &{1 [mr-tmp-0-0 mr-tmp-1-0 mr-tmp-2-0 mr-tmp-3-0 mr-tmp-4-0 mr-tmp-5-0 mr-tmp-6-0 mr-tmp-7-0] 8 0}
2024/03/05 11:56:59 worker  55 get order:  &{1 [mr-tmp-0-0 mr-tmp-1-0 mr-tmp-2-0 mr-tmp-3-0 mr-tmp-4-0 mr-tmp-5-0 mr-tmp-6-0 mr-tmp-7-0] 8 0}  order Type 1
2024/03/05 11:57:00 start 8 map
2024/03/05 11:57:00 Worker finish order 8, order type 1
2024/03/05 11:57:01 55 :  call for  6  times
2024/03/05 11:57:01 CallOrder: worker get response &{1 [mr-tmp-0-2 mr-tmp-1-2 mr-tmp-2-2 mr-tmp-3-2 mr-tmp-4-2 mr-tmp-5-2 mr-tmp-6-2 mr-tmp-7-2] 10 0}
2024/03/05 11:57:01 worker  55 get order:  &{1 [mr-tmp-0-2 mr-tmp-1-2 mr-tmp-2-2 mr-tmp-3-2 mr-tmp-4-2 mr-tmp-5-2 mr-tmp-6-2 mr-tmp-7-2] 10 0}  order Type 1
2024/03/05 11:57:02 start 10 map
2024/03/05 11:57:02 Worker finish order 10, order type 1
2024/03/05 11:57:03 55 :  call for  7  times
2024/03/05 11:57:03 CallOrder: worker get response &{1 [mr-tmp-0-4 mr-tmp-1-4 mr-tmp-2-4 mr-tmp-3-4 mr-tmp-4-4 mr-tmp-5-4 mr-tmp-6-4 mr-tmp-7-4] 12 0}
2024/03/05 11:57:03 worker  55 get order:  &{1 [mr-tmp-0-4 mr-tmp-1-4 mr-tmp-2-4 mr-tmp-3-4 mr-tmp-4-4 mr-tmp-5-4 mr-tmp-6-4 mr-tmp-7-4] 12 0}  order Type 1
2024/03/05 11:57:05 start 12 map
2024/03/05 11:57:05 Worker finish order 12, order type 1
2024/03/05 11:57:06 55 :  call for  8  times
2024/03/05 11:57:06 CallOrder: worker get response &{1 [mr-tmp-0-6 mr-tmp-1-6 mr-tmp-2-6 mr-tmp-3-6 mr-tmp-4-6 mr-tmp-5-6 mr-tmp-6-6 mr-tmp-7-6] 14 0}
2024/03/05 11:57:06 worker  55 get order:  &{1 [mr-tmp-0-6 mr-tmp-1-6 mr-tmp-2-6 mr-tmp-3-6 mr-tmp-4-6 mr-tmp-5-6 mr-tmp-6-6 mr-tmp-7-6] 14 0}  order Type 1
2024/03/05 11:57:07 start 14 map
2024/03/05 11:57:07 Worker finish order 14, order type 1
2024/03/05 11:57:08 55 :  call for  9  times
2024/03/05 11:57:08 CallOrder: worker get response &{1 [mr-tmp-0-8 mr-tmp-1-8 mr-tmp-2-8 mr-tmp-3-8 mr-tmp-4-8 mr-tmp-5-8 mr-tmp-6-8 mr-tmp-7-8] 16 0}
2024/03/05 11:57:08 worker  55 get order:  &{1 [mr-tmp-0-8 mr-tmp-1-8 mr-tmp-2-8 mr-tmp-3-8 mr-tmp-4-8 mr-tmp-5-8 mr-tmp-6-8 mr-tmp-7-8] 16 0}  order Type 1
2024/03/05 11:57:08 start 16 map
2024/03/05 11:57:08 Worker finish order 16, order type 1
2024/03/05 11:57:09 55 :  call for  10  times
2024/03/05 11:57:09 CallOrder: worker get response &{3 [] 0 0}
2024/03/05 11:57:09 worker  55 get order:  &{3 [] 0 0}  order Type 3
2024/03/05 11:57:09 55  waiting for order
2024/03/05 11:57:11 55 :  call for  11  times
2024/03/05 11:57:11 CallOrder: worker get response &{3 [] 0 0}
2024/03/05 11:57:11 worker  55 get order:  &{3 [] 0 0}  order Type 3
2024/03/05 11:57:11 55  waiting for order
2024/03/05 11:57:13 55 :  call for  12  times
2024/03/05 11:57:13 dialing:dial unix /var/tmp/824-mr-0: connect: connection refused
