2024/03/05 06:21:50 50 :  call for  1  times
2024/03/05 06:21:50 CallOrder: worker get response &{2 [] 0 0}
2024/03/05 06:21:50 worker  50 get order:  &{2 [] 0 0}  order Type 2
2024/03/05 06:21:50 50  waiting for order
2024/03/05 06:21:52 50 :  call for  2  times
2024/03/05 06:21:52 CallOrder: worker get response &{2 [] 0 0}
2024/03/05 06:21:52 worker  50 get order:  &{2 [] 0 0}  order Type 2
2024/03/05 06:21:52 50  waiting for order
2024/03/05 06:21:54 50 :  call for  3  times
2024/03/05 06:21:54 CallOrder: worker get response &{2 [] 0 0}
2024/03/05 06:21:54 worker  50 get order:  &{2 [] 0 0}  order Type 2
2024/03/05 06:21:54 50  waiting for order
2024/03/05 06:21:56 50 :  call for  4  times
2024/03/05 06:21:56 CallOrder: worker get response &{2 [] 0 0}
2024/03/05 06:21:56 worker  50 get order:  &{2 [] 0 0}  order Type 2
2024/03/05 06:21:56 50  waiting for order
2024/03/05 06:21:58 50 :  call for  5  times
2024/03/05 06:21:58 CallOrder: worker get response &{2 [] 0 0}
2024/03/05 06:21:58 worker  50 get order:  &{2 [] 0 0}  order Type 2
2024/03/05 06:21:58 50  waiting for order
2024/03/05 06:22:00 50 :  call for  6  times
2024/03/05 06:22:00 CallOrder: worker get response &{0 [../pg-dorian_gray.txt] 1 10}
2024/03/05 06:22:00 worker  50 get order:  &{0 [../pg-dorian_gray.txt] 1 10}  order Type 0
2024/03/05 06:22:02 start 1 map
2024/03/05 06:22:02 Worker finish order 1, order type 0
2024/03/05 06:22:03 50 :  call for  7  times
2024/03/05 06:22:03 CallOrder: worker get response &{1 [mr-tmp-0-0 mr-tmp-1-0 mr-tmp-2-0 mr-tmp-3-0 mr-tmp-4-0 mr-tmp-5-0 mr-tmp-6-0 mr-tmp-7-0] 8 0}
2024/03/05 06:22:03 worker  50 get order:  &{1 [mr-tmp-0-0 mr-tmp-1-0 mr-tmp-2-0 mr-tmp-3-0 mr-tmp-4-0 mr-tmp-5-0 mr-tmp-6-0 mr-tmp-7-0] 8 0}  order Type 1
