2024/03/05 02:20:22 22 :  call for  1  times
2024/03/05 02:20:22 CallOrder: worker get response &{3 [] 0 0}
2024/03/05 02:20:22 worker  22 get order:  &{3 [] 0 0}  order Type 3
2024/03/05 02:20:22 22  waiting for order
2024/03/05 02:20:24 22 :  call for  2  times
2024/03/05 02:20:24 CallOrder: worker get response &{3 [] 0 0}
2024/03/05 02:20:24 worker  22 get order:  &{3 [] 0 0}  order Type 3
2024/03/05 02:20:24 22  waiting for order
2024/03/05 02:20:26 22 :  call for  3  times
2024/03/05 02:20:26 CallOrder: worker get response &{3 [] 0 0}
2024/03/05 02:20:26 worker  22 get order:  &{3 [] 0 0}  order Type 3
2024/03/05 02:20:26 22  waiting for order
2024/03/05 02:20:28 22 :  call for  4  times
2024/03/05 02:20:28 CallOrder: worker get response &{3 [] 0 0}
2024/03/05 02:20:28 worker  22 get order:  &{3 [] 0 0}  order Type 3
2024/03/05 02:20:28 22  waiting for order
2024/03/05 02:20:30 22 :  call for  5  times
2024/03/05 02:20:30 CallOrder: worker get response &{3 [] 0 0}
2024/03/05 02:20:30 worker  22 get order:  &{3 [] 0 0}  order Type 3
2024/03/05 02:20:30 22  waiting for order
2024/03/05 02:20:32 22 :  call for  6  times
2024/03/05 02:20:32 CallOrder: worker get response &{1 [mr-tmp-0-9 mr-tmp-1-9 mr-tmp-2-9 mr-tmp-3-9 mr-tmp-4-9 mr-tmp-5-9 mr-tmp-6-9 mr-tmp-7-9] 17 0}
2024/03/05 02:20:32 worker  22 get order:  &{1 [mr-tmp-0-9 mr-tmp-1-9 mr-tmp-2-9 mr-tmp-3-9 mr-tmp-4-9 mr-tmp-5-9 mr-tmp-6-9 mr-tmp-7-9] 17 0}  order Type 1
2024/03/05 02:20:36 start 17 map
2024/03/05 02:20:36 Worker finish order 17, order type 1
2024/03/05 02:20:37 22 :  call for  7  times
2024/03/05 02:20:37 CallOrder: worker get response &{3 [] 0 0}
2024/03/05 02:20:37 worker  22 get order:  &{3 [] 0 0}  order Type 3
2024/03/05 02:20:37 22  waiting for order
2024/03/05 02:20:39 22 :  call for  8  times
2024/03/05 02:20:39 CallOrder: worker get response &{3 [] 0 0}
2024/03/05 02:20:39 worker  22 get order:  &{3 [] 0 0}  order Type 3
2024/03/05 02:20:39 22  waiting for order
2024/03/05 02:20:41 22 :  call for  9  times
2024/03/05 02:20:41 CallOrder: worker get response &{4 [] 0 0}
2024/03/05 02:20:41 worker  22 get order:  &{4 [] 0 0}  order Type 4
2024/03/05 02:20:42 22  killed
