2024/03/04 21:08:30 30 :  call for  1  times
2024/03/04 21:08:30 CallOrder: worker get response &{3 [] 0 0}
2024/03/04 21:08:30 worker  30 get order:  &{3 [] 0 0}  order Type 3
2024/03/04 21:08:30 30  waiting for order
2024/03/04 21:08:32 30 :  call for  2  times
2024/03/04 21:08:32 CallOrder: worker get response &{3 [] 0 0}
2024/03/04 21:08:32 worker  30 get order:  &{3 [] 0 0}  order Type 3
2024/03/04 21:08:32 30  waiting for order
2024/03/04 21:08:34 30 :  call for  3  times
2024/03/04 21:08:34 CallOrder: worker get response &{3 [] 0 0}
2024/03/04 21:08:34 worker  30 get order:  &{3 [] 0 0}  order Type 3
2024/03/04 21:08:34 30  waiting for order
2024/03/04 21:08:36 30 :  call for  4  times
2024/03/04 21:08:36 CallOrder: worker get response &{3 [] 0 0}
2024/03/04 21:08:36 worker  30 get order:  &{3 [] 0 0}  order Type 3
2024/03/04 21:08:36 30  waiting for order
2024/03/04 21:08:38 30 :  call for  5  times
2024/03/04 21:08:38 CallOrder: worker get response &{3 [] 0 0}
2024/03/04 21:08:38 worker  30 get order:  &{3 [] 0 0}  order Type 3
2024/03/04 21:08:38 30  waiting for order
2024/03/04 21:08:40 30 :  call for  6  times
2024/03/04 21:08:40 CallOrder: worker get response &{1 [mr-tmp-0-2 mr-tmp-1-2 mr-tmp-2-2 mr-tmp-3-2 mr-tmp-4-2 mr-tmp-5-2 mr-tmp-6-2 mr-tmp-7-2] 10 0}
2024/03/04 21:08:40 worker  30 get order:  &{1 [mr-tmp-0-2 mr-tmp-1-2 mr-tmp-2-2 mr-tmp-3-2 mr-tmp-4-2 mr-tmp-5-2 mr-tmp-6-2 mr-tmp-7-2] 10 0}  order Type 1
2024/03/04 21:08:48 start 10 map
2024/03/04 21:08:48 Worker finish order 10, order type 1
2024/03/04 21:08:49 30 :  call for  7  times
2024/03/04 21:08:49 CallOrder: worker get response &{3 [] 0 0}
2024/03/04 21:08:49 worker  30 get order:  &{3 [] 0 0}  order Type 3
2024/03/04 21:08:49 30  waiting for order
2024/03/04 21:08:51 30 :  call for  8  times
2024/03/04 21:08:51 dialing:dial unix /var/tmp/824-mr-0: connect: connection refused
