2024/03/05 04:34:20 20 :  call for  1  times
2024/03/05 04:34:20 CallOrder: worker get response &{0 [../pg-sherlock_holmes.txt] 6 10}
2024/03/05 04:34:20 worker  20 get order:  &{0 [../pg-sherlock_holmes.txt] 6 10}  order Type 0
2024/03/05 04:34:20 start 6 map
2024/03/05 04:34:20 Worker finish order 6, order type 0
2024/03/05 04:34:21 20 :  call for  2  times
2024/03/05 04:34:21 CallOrder: worker get response &{2 [] 0 0}
2024/03/05 04:34:21 worker  20 get order:  &{2 [] 0 0}  order Type 2
2024/03/05 04:34:21 20  waiting for order
2024/03/05 04:34:23 20 :  call for  3  times
2024/03/05 04:34:23 CallOrder: worker get response &{2 [] 0 0}
2024/03/05 04:34:23 worker  20 get order:  &{2 [] 0 0}  order Type 2
2024/03/05 04:34:23 20  waiting for order
2024/03/05 04:34:25 20 :  call for  4  times
2024/03/05 04:34:25 CallOrder: worker get response &{2 [] 0 0}
2024/03/05 04:34:25 worker  20 get order:  &{2 [] 0 0}  order Type 2
2024/03/05 04:34:25 20  waiting for order
2024/03/05 04:34:27 20 :  call for  5  times
2024/03/05 04:34:27 CallOrder: worker get response &{2 [] 0 0}
2024/03/05 04:34:27 worker  20 get order:  &{2 [] 0 0}  order Type 2
2024/03/05 04:34:27 20  waiting for order
2024/03/05 04:34:29 20 :  call for  6  times
2024/03/05 04:34:29 CallOrder: worker get response &{2 [] 0 0}
2024/03/05 04:34:29 worker  20 get order:  &{2 [] 0 0}  order Type 2
2024/03/05 04:34:29 20  waiting for order
2024/03/05 04:34:31 20 :  call for  7  times
2024/03/05 04:34:31 CallOrder: worker get response &{2 [] 0 0}
2024/03/05 04:34:31 worker  20 get order:  &{2 [] 0 0}  order Type 2
2024/03/05 04:34:31 20  waiting for order
2024/03/05 04:34:33 20 :  call for  8  times
2024/03/05 04:34:33 CallOrder: worker get response &{2 [] 0 0}
2024/03/05 04:34:33 worker  20 get order:  &{2 [] 0 0}  order Type 2
2024/03/05 04:34:33 20  waiting for order
2024/03/05 04:34:35 20 :  call for  9  times
2024/03/05 04:34:35 CallOrder: worker get response &{2 [] 0 0}
2024/03/05 04:34:35 worker  20 get order:  &{2 [] 0 0}  order Type 2
2024/03/05 04:34:35 20  waiting for order
2024/03/05 04:34:37 20 :  call for  10  times
2024/03/05 04:34:37 CallOrder: worker get response &{2 [] 0 0}
2024/03/05 04:34:37 worker  20 get order:  &{2 [] 0 0}  order Type 2
2024/03/05 04:34:37 20  waiting for order
2024/03/05 04:34:39 20 :  call for  11  times
2024/03/05 04:34:39 CallOrder: worker get response &{2 [] 0 0}
2024/03/05 04:34:39 worker  20 get order:  &{2 [] 0 0}  order Type 2
2024/03/05 04:34:39 20  waiting for order
2024/03/05 04:34:41 20 :  call for  12  times
2024/03/05 04:34:41 CallOrder: worker get response &{2 [] 0 0}
2024/03/05 04:34:41 worker  20 get order:  &{2 [] 0 0}  order Type 2
2024/03/05 04:34:41 20  waiting for order
2024/03/05 04:34:43 20 :  call for  13  times
2024/03/05 04:34:43 CallOrder: worker get response &{2 [] 0 0}
2024/03/05 04:34:43 worker  20 get order:  &{2 [] 0 0}  order Type 2
2024/03/05 04:34:43 20  waiting for order
2024/03/05 04:34:45 20 :  call for  14  times
2024/03/05 04:34:45 CallOrder: worker get response &{1 [mr-tmp-0-3 mr-tmp-1-3 mr-tmp-2-3 mr-tmp-3-3 mr-tmp-4-3 mr-tmp-5-3 mr-tmp-6-3 mr-tmp-7-3] 11 0}
2024/03/05 04:34:45 worker  20 get order:  &{1 [mr-tmp-0-3 mr-tmp-1-3 mr-tmp-2-3 mr-tmp-3-3 mr-tmp-4-3 mr-tmp-5-3 mr-tmp-6-3 mr-tmp-7-3] 11 0}  order Type 1
2024/03/05 04:34:45 start 11 map
2024/03/05 04:34:45 Worker finish order 11, order type 1
2024/03/05 04:34:46 20 :  call for  15  times
2024/03/05 04:34:46 CallOrder: worker get response &{1 [mr-tmp-0-4 mr-tmp-1-4 mr-tmp-2-4 mr-tmp-3-4 mr-tmp-4-4 mr-tmp-5-4 mr-tmp-6-4 mr-tmp-7-4] 12 0}
2024/03/05 04:34:46 worker  20 get order:  &{1 [mr-tmp-0-4 mr-tmp-1-4 mr-tmp-2-4 mr-tmp-3-4 mr-tmp-4-4 mr-tmp-5-4 mr-tmp-6-4 mr-tmp-7-4] 12 0}  order Type 1
2024/03/05 04:34:46 start 12 map
2024/03/05 04:34:46 Worker finish order 12, order type 1
2024/03/05 04:34:47 20 :  call for  16  times
2024/03/05 04:34:47 CallOrder: worker get response &{1 [mr-tmp-0-6 mr-tmp-1-6 mr-tmp-2-6 mr-tmp-3-6 mr-tmp-4-6 mr-tmp-5-6 mr-tmp-6-6 mr-tmp-7-6] 14 0}
2024/03/05 04:34:47 worker  20 get order:  &{1 [mr-tmp-0-6 mr-tmp-1-6 mr-tmp-2-6 mr-tmp-3-6 mr-tmp-4-6 mr-tmp-5-6 mr-tmp-6-6 mr-tmp-7-6] 14 0}  order Type 1
2024/03/05 04:34:47 start 14 map
2024/03/05 04:34:47 Worker finish order 14, order type 1
2024/03/05 04:34:48 20 :  call for  17  times
2024/03/05 04:34:48 CallOrder: worker get response &{1 [mr-tmp-0-7 mr-tmp-1-7 mr-tmp-2-7 mr-tmp-3-7 mr-tmp-4-7 mr-tmp-5-7 mr-tmp-6-7 mr-tmp-7-7] 15 0}
2024/03/05 04:34:48 worker  20 get order:  &{1 [mr-tmp-0-7 mr-tmp-1-7 mr-tmp-2-7 mr-tmp-3-7 mr-tmp-4-7 mr-tmp-5-7 mr-tmp-6-7 mr-tmp-7-7] 15 0}  order Type 1
2024/03/05 04:34:48 start 15 map
2024/03/05 04:34:48 Worker finish order 15, order type 1
2024/03/05 04:34:49 20 :  call for  18  times
2024/03/05 04:34:49 CallOrder: worker get response &{1 [mr-tmp-0-8 mr-tmp-1-8 mr-tmp-2-8 mr-tmp-3-8 mr-tmp-4-8 mr-tmp-5-8 mr-tmp-6-8 mr-tmp-7-8] 16 0}
2024/03/05 04:34:49 worker  20 get order:  &{1 [mr-tmp-0-8 mr-tmp-1-8 mr-tmp-2-8 mr-tmp-3-8 mr-tmp-4-8 mr-tmp-5-8 mr-tmp-6-8 mr-tmp-7-8] 16 0}  order Type 1
2024/03/05 04:34:49 start 16 map
2024/03/05 04:34:49 Worker finish order 16, order type 1
2024/03/05 04:34:50 20 :  call for  19  times
2024/03/05 04:34:50 CallOrder: worker get response &{1 [mr-tmp-0-9 mr-tmp-1-9 mr-tmp-2-9 mr-tmp-3-9 mr-tmp-4-9 mr-tmp-5-9 mr-tmp-6-9 mr-tmp-7-9] 17 0}
2024/03/05 04:34:50 worker  20 get order:  &{1 [mr-tmp-0-9 mr-tmp-1-9 mr-tmp-2-9 mr-tmp-3-9 mr-tmp-4-9 mr-tmp-5-9 mr-tmp-6-9 mr-tmp-7-9] 17 0}  order Type 1
2024/03/05 04:34:50 start 17 map
2024/03/05 04:34:50 Worker finish order 17, order type 1
2024/03/05 04:34:51 20 :  call for  20  times
2024/03/05 04:34:51 CallOrder: worker get response &{3 [] 0 0}
2024/03/05 04:34:51 worker  20 get order:  &{3 [] 0 0}  order Type 3
2024/03/05 04:34:51 20  waiting for order
2024/03/05 04:34:53 20 :  call for  21  times
2024/03/05 04:34:53 CallOrder: worker get response &{3 [] 0 0}
2024/03/05 04:34:53 worker  20 get order:  &{3 [] 0 0}  order Type 3
2024/03/05 04:34:53 20  waiting for order
2024/03/05 04:34:55 20 :  call for  22  times
2024/03/05 04:34:55 CallOrder: worker get response &{3 [] 0 0}
2024/03/05 04:34:55 worker  20 get order:  &{3 [] 0 0}  order Type 3
2024/03/05 04:34:55 20  waiting for order
2024/03/05 04:34:57 20 :  call for  23  times
2024/03/05 04:34:57 CallOrder: worker get response &{4 [] 0 0}
2024/03/05 04:34:57 worker  20 get order:  &{4 [] 0 0}  order Type 4
2024/03/05 04:34:58 20  killed
