2024/03/05 06:33:30 30 :  call for  1  times
2024/03/05 06:33:30 CallOrder: worker get response &{2 [] 0 0}
2024/03/05 06:33:30 worker  30 get order:  &{2 [] 0 0}  order Type 2
2024/03/05 06:33:30 30  waiting for order
2024/03/05 06:33:32 30 :  call for  2  times
2024/03/05 06:33:32 CallOrder: worker get response &{2 [] 0 0}
2024/03/05 06:33:32 worker  30 get order:  &{2 [] 0 0}  order Type 2
2024/03/05 06:33:32 30  waiting for order
2024/03/05 06:33:34 30 :  call for  3  times
2024/03/05 06:33:34 CallOrder: worker get response &{2 [] 0 0}
2024/03/05 06:33:34 worker  30 get order:  &{2 [] 0 0}  order Type 2
2024/03/05 06:33:34 30  waiting for order
2024/03/05 06:33:36 30 :  call for  4  times
2024/03/05 06:33:36 CallOrder: worker get response &{2 [] 0 0}
2024/03/05 06:33:36 worker  30 get order:  &{2 [] 0 0}  order Type 2
2024/03/05 06:33:36 30  waiting for order
2024/03/05 06:33:38 30 :  call for  5  times
2024/03/05 06:33:38 CallOrder: worker get response &{2 [] 0 0}
2024/03/05 06:33:38 worker  30 get order:  &{2 [] 0 0}  order Type 2
2024/03/05 06:33:38 30  waiting for order
2024/03/05 06:33:40 30 :  call for  6  times
2024/03/05 06:33:40 CallOrder: worker get response &{0 [../pg-dorian_gray.txt] 1 10}
2024/03/05 06:33:40 worker  30 get order:  &{0 [../pg-dorian_gray.txt] 1 10}  order Type 0
2024/03/05 06:33:43 start 1 map
2024/03/05 06:33:43 Worker finish order 1, order type 0
2024/03/05 06:33:44 30 :  call for  7  times
2024/03/05 06:33:44 CallOrder: worker get response &{2 [] 0 0}
2024/03/05 06:33:44 worker  30 get order:  &{2 [] 0 0}  order Type 2
2024/03/05 06:33:44 30  waiting for order
2024/03/05 06:33:46 30 :  call for  8  times
2024/03/05 06:33:46 CallOrder: worker get response &{2 [] 0 0}
2024/03/05 06:33:46 worker  30 get order:  &{2 [] 0 0}  order Type 2
2024/03/05 06:33:46 30  waiting for order
2024/03/05 06:33:48 30 :  call for  9  times
2024/03/05 06:33:48 CallOrder: worker get response &{1 [mr-tmp-0-0 mr-tmp-1-0 mr-tmp-2-0 mr-tmp-3-0 mr-tmp-4-0 mr-tmp-5-0 mr-tmp-6-0 mr-tmp-7-0] 8 0}
2024/03/05 06:33:48 worker  30 get order:  &{1 [mr-tmp-0-0 mr-tmp-1-0 mr-tmp-2-0 mr-tmp-3-0 mr-tmp-4-0 mr-tmp-5-0 mr-tmp-6-0 mr-tmp-7-0] 8 0}  order Type 1
2024/03/05 06:33:52 start 8 map
2024/03/05 06:33:52 Worker finish order 8, order type 1
2024/03/05 06:33:53 30 :  call for  10  times
2024/03/05 06:33:53 CallOrder: worker get response &{3 [] 0 0}
2024/03/05 06:33:53 worker  30 get order:  &{3 [] 0 0}  order Type 3
2024/03/05 06:33:53 30  waiting for order
2024/03/05 06:33:55 30 :  call for  11  times
2024/03/05 06:33:55 CallOrder: worker get response &{3 [] 0 0}
2024/03/05 06:33:55 worker  30 get order:  &{3 [] 0 0}  order Type 3
2024/03/05 06:33:55 30  waiting for order
2024/03/05 06:33:57 30 :  call for  12  times
2024/03/05 06:33:57 CallOrder: worker get response &{3 [] 0 0}
2024/03/05 06:33:57 worker  30 get order:  &{3 [] 0 0}  order Type 3
2024/03/05 06:33:57 30  waiting for order
2024/03/05 06:33:59 30 :  call for  13  times
2024/03/05 06:33:59 CallOrder: worker get response &{1 [mr-tmp-0-2 mr-tmp-1-2 mr-tmp-2-2 mr-tmp-3-2 mr-tmp-4-2 mr-tmp-5-2 mr-tmp-6-2 mr-tmp-7-2] 10 0}
2024/03/05 06:33:59 worker  30 get order:  &{1 [mr-tmp-0-2 mr-tmp-1-2 mr-tmp-2-2 mr-tmp-3-2 mr-tmp-4-2 mr-tmp-5-2 mr-tmp-6-2 mr-tmp-7-2] 10 0}  order Type 1
2024/03/05 06:34:00 start 10 map
2024/03/05 06:34:00 Worker finish order 10, order type 1
2024/03/05 06:34:01 30 :  call for  14  times
2024/03/05 06:34:01 CallOrder: worker get response &{3 [] 0 0}
2024/03/05 06:34:01 worker  30 get order:  &{3 [] 0 0}  order Type 3
2024/03/05 06:34:01 30  waiting for order
2024/03/05 06:34:03 30 :  call for  15  times
2024/03/05 06:34:03 CallOrder: worker get response &{3 [] 0 0}
2024/03/05 06:34:03 worker  30 get order:  &{3 [] 0 0}  order Type 3
2024/03/05 06:34:03 30  waiting for order
2024/03/05 06:34:05 30 :  call for  16  times
2024/03/05 06:34:05 CallOrder: worker get response &{3 [] 0 0}
2024/03/05 06:34:05 worker  30 get order:  &{3 [] 0 0}  order Type 3
2024/03/05 06:34:05 30  waiting for order
2024/03/05 06:34:07 30 :  call for  17  times
2024/03/05 06:34:07 CallOrder: worker get response &{3 [] 0 0}
2024/03/05 06:34:07 worker  30 get order:  &{3 [] 0 0}  order Type 3
2024/03/05 06:34:07 30  waiting for order
2024/03/05 06:34:09 30 :  call for  18  times
2024/03/05 06:34:09 CallOrder: worker get response &{3 [] 0 0}
2024/03/05 06:34:09 worker  30 get order:  &{3 [] 0 0}  order Type 3
2024/03/05 06:34:09 30  waiting for order
2024/03/05 06:34:11 30 :  call for  19  times
2024/03/05 06:34:11 CallOrder: worker get response &{3 [] 0 0}
2024/03/05 06:34:11 worker  30 get order:  &{3 [] 0 0}  order Type 3
2024/03/05 06:34:11 30  waiting for order
2024/03/05 06:34:13 30 :  call for  20  times
2024/03/05 06:34:13 dialing:dial unix /var/tmp/824-mr-0: connect: connection refused
