2024/03/05 04:26:08 8 :  call for  1  times
2024/03/05 04:26:08 CallOrder: worker get response &{0 [../pg-tom_sawyer.txt] 7 10}
2024/03/05 04:26:08 worker  8 get order:  &{0 [../pg-tom_sawyer.txt] 7 10}  order Type 0
2024/03/05 04:26:08 start 7 map
2024/03/05 04:26:08 Worker finish order 7, order type 0
2024/03/05 04:26:09 8 :  call for  2  times
2024/03/05 04:26:09 CallOrder: worker get response &{2 [] 0 0}
2024/03/05 04:26:09 worker  8 get order:  &{2 [] 0 0}  order Type 2
2024/03/05 04:26:09 8  waiting for order
2024/03/05 04:26:11 8 :  call for  3  times
2024/03/05 04:26:11 CallOrder: worker get response &{2 [] 0 0}
2024/03/05 04:26:11 worker  8 get order:  &{2 [] 0 0}  order Type 2
2024/03/05 04:26:11 8  waiting for order
2024/03/05 04:26:13 8 :  call for  4  times
2024/03/05 04:26:13 CallOrder: worker get response &{2 [] 0 0}
2024/03/05 04:26:13 worker  8 get order:  &{2 [] 0 0}  order Type 2
2024/03/05 04:26:13 8  waiting for order
2024/03/05 04:26:15 8 :  call for  5  times
2024/03/05 04:26:15 CallOrder: worker get response &{2 [] 0 0}
2024/03/05 04:26:15 worker  8 get order:  &{2 [] 0 0}  order Type 2
2024/03/05 04:26:15 8  waiting for order
2024/03/05 04:26:17 8 :  call for  6  times
2024/03/05 04:26:17 CallOrder: worker get response &{2 [] 0 0}
2024/03/05 04:26:17 worker  8 get order:  &{2 [] 0 0}  order Type 2
2024/03/05 04:26:17 8  waiting for order
2024/03/05 04:26:19 8 :  call for  7  times
2024/03/05 04:26:19 CallOrder: worker get response &{2 [] 0 0}
2024/03/05 04:26:19 worker  8 get order:  &{2 [] 0 0}  order Type 2
2024/03/05 04:26:19 8  waiting for order
2024/03/05 04:26:21 8 :  call for  8  times
2024/03/05 04:26:21 CallOrder: worker get response &{2 [] 0 0}
2024/03/05 04:26:21 worker  8 get order:  &{2 [] 0 0}  order Type 2
2024/03/05 04:26:21 8  waiting for order
2024/03/05 04:26:23 8 :  call for  9  times
2024/03/05 04:26:23 CallOrder: worker get response &{2 [] 0 0}
2024/03/05 04:26:23 worker  8 get order:  &{2 [] 0 0}  order Type 2
2024/03/05 04:26:23 8  waiting for order
2024/03/05 04:26:25 8 :  call for  10  times
2024/03/05 04:26:25 CallOrder: worker get response &{2 [] 0 0}
2024/03/05 04:26:25 worker  8 get order:  &{2 [] 0 0}  order Type 2
2024/03/05 04:26:25 8  waiting for order
2024/03/05 04:26:27 8 :  call for  11  times
2024/03/05 04:26:27 CallOrder: worker get response &{2 [] 0 0}
2024/03/05 04:26:27 worker  8 get order:  &{2 [] 0 0}  order Type 2
2024/03/05 04:26:27 8  waiting for order
2024/03/05 04:26:29 8 :  call for  12  times
2024/03/05 04:26:29 CallOrder: worker get response &{0 [../pg-huckleberry_finn.txt] 4 10}
2024/03/05 04:26:29 worker  8 get order:  &{0 [../pg-huckleberry_finn.txt] 4 10}  order Type 0
2024/03/05 04:26:29 start 4 map
2024/03/05 04:26:29 Worker finish order 4, order type 0
2024/03/05 04:26:30 8 :  call for  13  times
2024/03/05 04:26:30 CallOrder: worker get response &{1 [mr-tmp-0-1 mr-tmp-1-1 mr-tmp-2-1 mr-tmp-3-1 mr-tmp-4-1 mr-tmp-5-1 mr-tmp-6-1 mr-tmp-7-1] 9 0}
2024/03/05 04:26:30 worker  8 get order:  &{1 [mr-tmp-0-1 mr-tmp-1-1 mr-tmp-2-1 mr-tmp-3-1 mr-tmp-4-1 mr-tmp-5-1 mr-tmp-6-1 mr-tmp-7-1] 9 0}  order Type 1
2024/03/05 04:26:30 start 9 map
2024/03/05 04:26:30 Worker finish order 9, order type 1
2024/03/05 04:26:31 8 :  call for  14  times
2024/03/05 04:26:31 CallOrder: worker get response &{1 [mr-tmp-0-4 mr-tmp-1-4 mr-tmp-2-4 mr-tmp-3-4 mr-tmp-4-4 mr-tmp-5-4 mr-tmp-6-4 mr-tmp-7-4] 12 0}
2024/03/05 04:26:31 worker  8 get order:  &{1 [mr-tmp-0-4 mr-tmp-1-4 mr-tmp-2-4 mr-tmp-3-4 mr-tmp-4-4 mr-tmp-5-4 mr-tmp-6-4 mr-tmp-7-4] 12 0}  order Type 1
2024/03/05 04:26:31 start 12 map
2024/03/05 04:26:31 Worker finish order 12, order type 1
2024/03/05 04:26:32 8 :  call for  15  times
2024/03/05 04:26:32 CallOrder: worker get response &{1 [mr-tmp-0-7 mr-tmp-1-7 mr-tmp-2-7 mr-tmp-3-7 mr-tmp-4-7 mr-tmp-5-7 mr-tmp-6-7 mr-tmp-7-7] 15 0}
2024/03/05 04:26:32 worker  8 get order:  &{1 [mr-tmp-0-7 mr-tmp-1-7 mr-tmp-2-7 mr-tmp-3-7 mr-tmp-4-7 mr-tmp-5-7 mr-tmp-6-7 mr-tmp-7-7] 15 0}  order Type 1
2024/03/05 04:26:32 start 15 map
2024/03/05 04:26:32 Worker finish order 15, order type 1
2024/03/05 04:26:33 8 :  call for  16  times
2024/03/05 04:26:33 CallOrder: worker get response &{1 [mr-tmp-0-9 mr-tmp-1-9 mr-tmp-2-9 mr-tmp-3-9 mr-tmp-4-9 mr-tmp-5-9 mr-tmp-6-9 mr-tmp-7-9] 17 0}
2024/03/05 04:26:33 worker  8 get order:  &{1 [mr-tmp-0-9 mr-tmp-1-9 mr-tmp-2-9 mr-tmp-3-9 mr-tmp-4-9 mr-tmp-5-9 mr-tmp-6-9 mr-tmp-7-9] 17 0}  order Type 1
2024/03/05 04:26:39 start 17 map
2024/03/05 04:26:39 Worker finish order 17, order type 1
2024/03/05 04:26:40 8 :  call for  17  times
2024/03/05 04:26:40 CallOrder: worker get response &{3 [] 0 0}
2024/03/05 04:26:40 worker  8 get order:  &{3 [] 0 0}  order Type 3
2024/03/05 04:26:40 8  waiting for order
2024/03/05 04:26:42 8 :  call for  18  times
2024/03/05 04:26:42 CallOrder: worker get response &{3 [] 0 0}
2024/03/05 04:26:42 worker  8 get order:  &{3 [] 0 0}  order Type 3
2024/03/05 04:26:42 8  waiting for order
2024/03/05 04:26:44 8 :  call for  19  times
2024/03/05 04:26:44 dialing:dial unix /var/tmp/824-mr-0: connect: connection refused
