2024/03/05 11:38:50 50 :  call for  1  times
2024/03/05 11:38:50 CallOrder: worker get response &{0 [../pg-dorian_gray.txt] 1 10}
2024/03/05 11:38:50 worker  50 get order:  &{0 [../pg-dorian_gray.txt] 1 10}  order Type 0
2024/03/05 11:38:50 start 1 map
2024/03/05 11:38:50 Worker finish order 1, order type 0
2024/03/05 11:38:51 50 :  call for  2  times
2024/03/05 11:38:51 CallOrder: worker get response &{0 [../pg-grimm.txt] 3 10}
2024/03/05 11:38:51 worker  50 get order:  &{0 [../pg-grimm.txt] 3 10}  order Type 0
2024/03/05 11:38:51 start 3 map
2024/03/05 11:38:51 Worker finish order 3, order type 0
2024/03/05 11:38:52 50 :  call for  3  times
2024/03/05 11:38:52 CallOrder: worker get response &{0 [../pg-metamorphosis.txt] 5 10}
2024/03/05 11:38:52 worker  50 get order:  &{0 [../pg-metamorphosis.txt] 5 10}  order Type 0
2024/03/05 11:38:52 start 5 map
2024/03/05 11:38:52 Worker finish order 5, order type 0
2024/03/05 11:38:53 50 :  call for  4  times
2024/03/05 11:38:53 CallOrder: worker get response &{0 [../pg-tom_sawyer.txt] 7 10}
2024/03/05 11:38:53 worker  50 get order:  &{0 [../pg-tom_sawyer.txt] 7 10}  order Type 0
2024/03/05 11:38:53 start 7 map
2024/03/05 11:38:53 Worker finish order 7, order type 0
2024/03/05 11:38:54 50 :  call for  5  times
2024/03/05 11:38:54 CallOrder: worker get response &{2 [] 0 0}
2024/03/05 11:38:54 worker  50 get order:  &{2 [] 0 0}  order Type 2
2024/03/05 11:38:54 50  waiting for order
2024/03/05 11:38:56 50 :  call for  6  times
2024/03/05 11:38:56 CallOrder: worker get response &{1 [mr-tmp-0-1 mr-tmp-1-1 mr-tmp-2-1 mr-tmp-3-1 mr-tmp-4-1 mr-tmp-5-1 mr-tmp-6-1 mr-tmp-7-1] 9 0}
2024/03/05 11:38:56 worker  50 get order:  &{1 [mr-tmp-0-1 mr-tmp-1-1 mr-tmp-2-1 mr-tmp-3-1 mr-tmp-4-1 mr-tmp-5-1 mr-tmp-6-1 mr-tmp-7-1] 9 0}  order Type 1
2024/03/05 11:38:57 start 9 map
2024/03/05 11:38:57 Worker finish order 9, order type 1
2024/03/05 11:38:58 50 :  call for  7  times
2024/03/05 11:38:58 CallOrder: worker get response &{1 [mr-tmp-0-3 mr-tmp-1-3 mr-tmp-2-3 mr-tmp-3-3 mr-tmp-4-3 mr-tmp-5-3 mr-tmp-6-3 mr-tmp-7-3] 11 0}
2024/03/05 11:38:58 worker  50 get order:  &{1 [mr-tmp-0-3 mr-tmp-1-3 mr-tmp-2-3 mr-tmp-3-3 mr-tmp-4-3 mr-tmp-5-3 mr-tmp-6-3 mr-tmp-7-3] 11 0}  order Type 1
2024/03/05 11:39:00 start 11 map
2024/03/05 11:39:00 Worker finish order 11, order type 1
2024/03/05 11:39:01 50 :  call for  8  times
2024/03/05 11:39:01 CallOrder: worker get response &{1 [mr-tmp-0-5 mr-tmp-1-5 mr-tmp-2-5 mr-tmp-3-5 mr-tmp-4-5 mr-tmp-5-5 mr-tmp-6-5 mr-tmp-7-5] 13 0}
2024/03/05 11:39:01 worker  50 get order:  &{1 [mr-tmp-0-5 mr-tmp-1-5 mr-tmp-2-5 mr-tmp-3-5 mr-tmp-4-5 mr-tmp-5-5 mr-tmp-6-5 mr-tmp-7-5] 13 0}  order Type 1
2024/03/05 11:39:02 start 13 map
2024/03/05 11:39:02 Worker finish order 13, order type 1
2024/03/05 11:39:03 50 :  call for  9  times
2024/03/05 11:39:03 CallOrder: worker get response &{1 [mr-tmp-0-7 mr-tmp-1-7 mr-tmp-2-7 mr-tmp-3-7 mr-tmp-4-7 mr-tmp-5-7 mr-tmp-6-7 mr-tmp-7-7] 15 0}
2024/03/05 11:39:03 worker  50 get order:  &{1 [mr-tmp-0-7 mr-tmp-1-7 mr-tmp-2-7 mr-tmp-3-7 mr-tmp-4-7 mr-tmp-5-7 mr-tmp-6-7 mr-tmp-7-7] 15 0}  order Type 1
2024/03/05 11:39:03 start 15 map
2024/03/05 11:39:03 Worker finish order 15, order type 1
2024/03/05 11:39:04 50 :  call for  10  times
2024/03/05 11:39:04 CallOrder: worker get response &{3 [] 0 0}
2024/03/05 11:39:04 worker  50 get order:  &{3 [] 0 0}  order Type 3
2024/03/05 11:39:04 50  waiting for order
2024/03/05 11:39:06 50 :  call for  11  times
2024/03/05 11:39:06 CallOrder: worker get response &{3 [] 0 0}
2024/03/05 11:39:06 worker  50 get order:  &{3 [] 0 0}  order Type 3
2024/03/05 11:39:06 50  waiting for order
2024/03/05 11:39:08 50 :  call for  12  times
2024/03/05 11:39:08 dialing:dial unix /var/tmp/824-mr-0: connect: connection refused
