2024/03/04 21:21:06 6 :  call for  1  times
2024/03/04 21:21:06 CallOrder: worker get response &{0 [../pg-being_ernest.txt] 0 10}
2024/03/04 21:21:06 worker  6 get order:  &{0 [../pg-being_ernest.txt] 0 10}  order Type 0
2024/03/04 21:21:06 start 0 map
2024/03/04 21:21:06 Worker finish order 0, order type 0
2024/03/04 21:21:07 6 :  call for  2  times
2024/03/04 21:21:07 CallOrder: worker get response &{0 [../pg-frankenstein.txt] 2 10}
2024/03/04 21:21:07 worker  6 get order:  &{0 [../pg-frankenstein.txt] 2 10}  order Type 0
2024/03/04 21:21:07 start 2 map
2024/03/04 21:21:07 Worker finish order 2, order type 0
2024/03/04 21:21:08 6 :  call for  3  times
2024/03/04 21:21:08 CallOrder: worker get response &{0 [../pg-huckleberry_finn.txt] 4 10}
2024/03/04 21:21:08 worker  6 get order:  &{0 [../pg-huckleberry_finn.txt] 4 10}  order Type 0
2024/03/04 21:21:08 start 4 map
2024/03/04 21:21:08 Worker finish order 4, order type 0
2024/03/04 21:21:09 6 :  call for  4  times
2024/03/04 21:21:09 CallOrder: worker get response &{0 [../pg-sherlock_holmes.txt] 6 10}
2024/03/04 21:21:09 worker  6 get order:  &{0 [../pg-sherlock_holmes.txt] 6 10}  order Type 0
2024/03/04 21:21:09 start 6 map
2024/03/04 21:21:09 Worker finish order 6, order type 0
2024/03/04 21:21:10 6 :  call for  5  times
2024/03/04 21:21:10 CallOrder: worker get response &{1 [mr-tmp-0-0 mr-tmp-1-0 mr-tmp-2-0 mr-tmp-3-0 mr-tmp-4-0 mr-tmp-5-0 mr-tmp-6-0 mr-tmp-7-0] 8 0}
2024/03/04 21:21:10 worker  6 get order:  &{1 [mr-tmp-0-0 mr-tmp-1-0 mr-tmp-2-0 mr-tmp-3-0 mr-tmp-4-0 mr-tmp-5-0 mr-tmp-6-0 mr-tmp-7-0] 8 0}  order Type 1
2024/03/04 21:21:11 start 8 map
2024/03/04 21:21:11 Worker finish order 8, order type 1
2024/03/04 21:21:12 6 :  call for  6  times
2024/03/04 21:21:12 CallOrder: worker get response &{1 [mr-tmp-0-2 mr-tmp-1-2 mr-tmp-2-2 mr-tmp-3-2 mr-tmp-4-2 mr-tmp-5-2 mr-tmp-6-2 mr-tmp-7-2] 10 0}
2024/03/04 21:21:12 worker  6 get order:  &{1 [mr-tmp-0-2 mr-tmp-1-2 mr-tmp-2-2 mr-tmp-3-2 mr-tmp-4-2 mr-tmp-5-2 mr-tmp-6-2 mr-tmp-7-2] 10 0}  order Type 1
2024/03/04 21:21:13 start 10 map
2024/03/04 21:21:13 Worker finish order 10, order type 1
2024/03/04 21:21:14 6 :  call for  7  times
2024/03/04 21:21:14 CallOrder: worker get response &{1 [mr-tmp-0-4 mr-tmp-1-4 mr-tmp-2-4 mr-tmp-3-4 mr-tmp-4-4 mr-tmp-5-4 mr-tmp-6-4 mr-tmp-7-4] 12 0}
2024/03/04 21:21:14 worker  6 get order:  &{1 [mr-tmp-0-4 mr-tmp-1-4 mr-tmp-2-4 mr-tmp-3-4 mr-tmp-4-4 mr-tmp-5-4 mr-tmp-6-4 mr-tmp-7-4] 12 0}  order Type 1
2024/03/04 21:21:16 start 12 map
2024/03/04 21:21:16 Worker finish order 12, order type 1
2024/03/04 21:21:17 6 :  call for  8  times
2024/03/04 21:21:17 CallOrder: worker get response &{1 [mr-tmp-0-6 mr-tmp-1-6 mr-tmp-2-6 mr-tmp-3-6 mr-tmp-4-6 mr-tmp-5-6 mr-tmp-6-6 mr-tmp-7-6] 14 0}
2024/03/04 21:21:17 worker  6 get order:  &{1 [mr-tmp-0-6 mr-tmp-1-6 mr-tmp-2-6 mr-tmp-3-6 mr-tmp-4-6 mr-tmp-5-6 mr-tmp-6-6 mr-tmp-7-6] 14 0}  order Type 1
2024/03/04 21:21:18 start 14 map
2024/03/04 21:21:18 Worker finish order 14, order type 1
2024/03/04 21:21:19 6 :  call for  9  times
2024/03/04 21:21:19 CallOrder: worker get response &{1 [mr-tmp-0-8 mr-tmp-1-8 mr-tmp-2-8 mr-tmp-3-8 mr-tmp-4-8 mr-tmp-5-8 mr-tmp-6-8 mr-tmp-7-8] 16 0}
2024/03/04 21:21:19 worker  6 get order:  &{1 [mr-tmp-0-8 mr-tmp-1-8 mr-tmp-2-8 mr-tmp-3-8 mr-tmp-4-8 mr-tmp-5-8 mr-tmp-6-8 mr-tmp-7-8] 16 0}  order Type 1
2024/03/04 21:21:19 start 16 map
2024/03/04 21:21:19 Worker finish order 16, order type 1
2024/03/04 21:21:20 6 :  call for  10  times
2024/03/04 21:21:20 CallOrder: worker get response &{3 [] 0 0}
2024/03/04 21:21:20 worker  6 get order:  &{3 [] 0 0}  order Type 3
2024/03/04 21:21:20 6  waiting for order
2024/03/04 21:21:22 6 :  call for  11  times
2024/03/04 21:21:22 CallOrder: worker get response &{4 [] 0 0}
2024/03/04 21:21:22 worker  6 get order:  &{4 [] 0 0}  order Type 4
2024/03/04 21:21:23 6  killed
