2024/03/05 01:00:29 29 :  call for  1  times
2024/03/05 01:00:29 CallOrder: worker get response &{0 [../pg-being_ernest.txt] 0 10}
2024/03/05 01:00:29 worker  29 get order:  &{0 [../pg-being_ernest.txt] 0 10}  order Type 0
2024/03/05 01:00:32 start 0 map
2024/03/05 01:00:32 Worker finish order 0, order type 0
2024/03/05 01:00:33 29 :  call for  2  times
2024/03/05 01:00:33 CallOrder: worker get response &{2 [] 0 0}
2024/03/05 01:00:33 worker  29 get order:  &{2 [] 0 0}  order Type 2
2024/03/05 01:00:33 29  waiting for order
2024/03/05 01:00:35 29 :  call for  3  times
2024/03/05 01:00:35 CallOrder: worker get response &{2 [] 0 0}
2024/03/05 01:00:35 worker  29 get order:  &{2 [] 0 0}  order Type 2
2024/03/05 01:00:35 29  waiting for order
2024/03/05 01:00:37 29 :  call for  4  times
2024/03/05 01:00:37 CallOrder: worker get response &{2 [] 0 0}
2024/03/05 01:00:37 worker  29 get order:  &{2 [] 0 0}  order Type 2
2024/03/05 01:00:37 29  waiting for order
2024/03/05 01:00:39 29 :  call for  5  times
2024/03/05 01:00:39 CallOrder: worker get response &{2 [] 0 0}
2024/03/05 01:00:39 worker  29 get order:  &{2 [] 0 0}  order Type 2
2024/03/05 01:00:39 29  waiting for order
2024/03/05 01:00:41 29 :  call for  6  times
2024/03/05 01:00:41 CallOrder: worker get response &{2 [] 0 0}
2024/03/05 01:00:41 worker  29 get order:  &{2 [] 0 0}  order Type 2
2024/03/05 01:00:41 29  waiting for order
2024/03/05 01:00:43 29 :  call for  7  times
2024/03/05 01:00:43 CallOrder: worker get response &{2 [] 0 0}
2024/03/05 01:00:43 worker  29 get order:  &{2 [] 0 0}  order Type 2
2024/03/05 01:00:43 29  waiting for order
2024/03/05 01:00:45 29 :  call for  8  times
2024/03/05 01:00:45 CallOrder: worker get response &{2 [] 0 0}
2024/03/05 01:00:45 worker  29 get order:  &{2 [] 0 0}  order Type 2
2024/03/05 01:00:45 29  waiting for order
2024/03/05 01:00:47 29 :  call for  9  times
2024/03/05 01:00:47 CallOrder: worker get response &{2 [] 0 0}
2024/03/05 01:00:47 worker  29 get order:  &{2 [] 0 0}  order Type 2
2024/03/05 01:00:47 29  waiting for order
2024/03/05 01:00:49 29 :  call for  10  times
2024/03/05 01:00:49 CallOrder: worker get response &{2 [] 0 0}
2024/03/05 01:00:49 worker  29 get order:  &{2 [] 0 0}  order Type 2
2024/03/05 01:00:49 29  waiting for order
2024/03/05 01:00:51 29 :  call for  11  times
2024/03/05 01:00:51 CallOrder: worker get response &{2 [] 0 0}
2024/03/05 01:00:51 worker  29 get order:  &{2 [] 0 0}  order Type 2
2024/03/05 01:00:51 29  waiting for order
2024/03/05 01:00:53 29 :  call for  12  times
2024/03/05 01:00:53 CallOrder: worker get response &{2 [] 0 0}
2024/03/05 01:00:53 worker  29 get order:  &{2 [] 0 0}  order Type 2
2024/03/05 01:00:53 29  waiting for order
2024/03/05 01:00:55 29 :  call for  13  times
2024/03/05 01:00:55 CallOrder: worker get response &{1 [mr-tmp-0-2 mr-tmp-1-2 mr-tmp-2-2 mr-tmp-3-2 mr-tmp-4-2 mr-tmp-5-2 mr-tmp-6-2 mr-tmp-7-2] 10 0}
2024/03/05 01:00:55 worker  29 get order:  &{1 [mr-tmp-0-2 mr-tmp-1-2 mr-tmp-2-2 mr-tmp-3-2 mr-tmp-4-2 mr-tmp-5-2 mr-tmp-6-2 mr-tmp-7-2] 10 0}  order Type 1
2024/03/05 01:00:56 start 10 map
2024/03/05 01:00:56 Worker finish order 10, order type 1
2024/03/05 01:00:57 29 :  call for  14  times
2024/03/05 01:00:57 CallOrder: worker get response &{3 [] 0 0}
2024/03/05 01:00:57 worker  29 get order:  &{3 [] 0 0}  order Type 3
2024/03/05 01:00:57 29  waiting for order
2024/03/05 01:00:59 29 :  call for  15  times
2024/03/05 01:00:59 CallOrder: worker get response &{3 [] 0 0}
2024/03/05 01:00:59 worker  29 get order:  &{3 [] 0 0}  order Type 3
2024/03/05 01:00:59 29  waiting for order
2024/03/05 01:01:01 29 :  call for  16  times
2024/03/05 01:01:01 CallOrder: worker get response &{3 [] 0 0}
2024/03/05 01:01:01 worker  29 get order:  &{3 [] 0 0}  order Type 3
2024/03/05 01:01:01 29  waiting for order
2024/03/05 01:01:03 29 :  call for  17  times
2024/03/05 01:01:03 CallOrder: worker get response &{3 [] 0 0}
2024/03/05 01:01:03 worker  29 get order:  &{3 [] 0 0}  order Type 3
2024/03/05 01:01:03 29  waiting for order
2024/03/05 01:01:05 29 :  call for  18  times
2024/03/05 01:01:05 CallOrder: worker get response &{3 [] 0 0}
2024/03/05 01:01:05 worker  29 get order:  &{3 [] 0 0}  order Type 3
2024/03/05 01:01:05 29  waiting for order
2024/03/05 01:01:07 29 :  call for  19  times
2024/03/05 01:01:07 CallOrder: worker get response &{3 [] 0 0}
2024/03/05 01:01:07 worker  29 get order:  &{3 [] 0 0}  order Type 3
2024/03/05 01:01:07 29  waiting for order
2024/03/05 01:01:09 29 :  call for  20  times
2024/03/05 01:01:09 CallOrder: worker get response &{3 [] 0 0}
2024/03/05 01:01:09 worker  29 get order:  &{3 [] 0 0}  order Type 3
2024/03/05 01:01:09 29  waiting for order
2024/03/05 01:01:11 29 :  call for  21  times
2024/03/05 01:01:11 CallOrder: worker get response &{3 [] 0 0}
2024/03/05 01:01:11 worker  29 get order:  &{3 [] 0 0}  order Type 3
2024/03/05 01:01:11 29  waiting for order
2024/03/05 01:01:13 29 :  call for  22  times
2024/03/05 01:01:13 CallOrder: worker get response &{3 [] 0 0}
2024/03/05 01:01:13 worker  29 get order:  &{3 [] 0 0}  order Type 3
2024/03/05 01:01:13 29  waiting for order
2024/03/05 01:01:15 29 :  call for  23  times
2024/03/05 01:01:15 CallOrder: worker get response &{4 [] 0 0}
2024/03/05 01:01:15 worker  29 get order:  &{4 [] 0 0}  order Type 4
2024/03/05 01:01:16 29  killed
