2024/03/05 07:21:22 22 :  call for  1  times
2024/03/05 07:21:22 CallOrder: worker get response &{2 [] 0 0}
2024/03/05 07:21:22 worker  22 get order:  &{2 [] 0 0}  order Type 2
2024/03/05 07:21:22 22  waiting for order
2024/03/05 07:21:24 22 :  call for  2  times
2024/03/05 07:21:24 CallOrder: worker get response &{2 [] 0 0}
2024/03/05 07:21:24 worker  22 get order:  &{2 [] 0 0}  order Type 2
2024/03/05 07:21:24 22  waiting for order
2024/03/05 07:21:26 22 :  call for  3  times
2024/03/05 07:21:26 CallOrder: worker get response &{2 [] 0 0}
2024/03/05 07:21:26 worker  22 get order:  &{2 [] 0 0}  order Type 2
2024/03/05 07:21:26 22  waiting for order
2024/03/05 07:21:28 22 :  call for  4  times
2024/03/05 07:21:28 CallOrder: worker get response &{2 [] 0 0}
2024/03/05 07:21:28 worker  22 get order:  &{2 [] 0 0}  order Type 2
2024/03/05 07:21:28 22  waiting for order
2024/03/05 07:21:30 22 :  call for  5  times
2024/03/05 07:21:30 CallOrder: worker get response &{2 [] 0 0}
2024/03/05 07:21:30 worker  22 get order:  &{2 [] 0 0}  order Type 2
2024/03/05 07:21:30 22  waiting for order
2024/03/05 07:21:32 22 :  call for  6  times
2024/03/05 07:21:32 CallOrder: worker get response &{0 [../pg-tom_sawyer.txt] 7 10}
2024/03/05 07:21:32 worker  22 get order:  &{0 [../pg-tom_sawyer.txt] 7 10}  order Type 0
2024/03/05 07:21:32 start 7 map
2024/03/05 07:21:32 Worker finish order 7, order type 0
2024/03/05 07:21:33 22 :  call for  7  times
2024/03/05 07:21:33 CallOrder: worker get response &{2 [] 0 0}
2024/03/05 07:21:33 worker  22 get order:  &{2 [] 0 0}  order Type 2
2024/03/05 07:21:33 22  waiting for order
2024/03/05 07:21:35 22 :  call for  8  times
2024/03/05 07:21:35 CallOrder: worker get response &{2 [] 0 0}
2024/03/05 07:21:35 worker  22 get order:  &{2 [] 0 0}  order Type 2
2024/03/05 07:21:35 22  waiting for order
2024/03/05 07:21:37 22 :  call for  9  times
2024/03/05 07:21:37 CallOrder: worker get response &{2 [] 0 0}
2024/03/05 07:21:37 worker  22 get order:  &{2 [] 0 0}  order Type 2
2024/03/05 07:21:37 22  waiting for order
2024/03/05 07:21:39 22 :  call for  10  times
2024/03/05 07:21:39 CallOrder: worker get response &{2 [] 0 0}
2024/03/05 07:21:39 worker  22 get order:  &{2 [] 0 0}  order Type 2
2024/03/05 07:21:39 22  waiting for order
2024/03/05 07:21:41 22 :  call for  11  times
2024/03/05 07:21:41 CallOrder: worker get response &{2 [] 0 0}
2024/03/05 07:21:41 worker  22 get order:  &{2 [] 0 0}  order Type 2
2024/03/05 07:21:41 22  waiting for order
2024/03/05 07:21:43 22 :  call for  12  times
2024/03/05 07:21:43 CallOrder: worker get response &{2 [] 0 0}
2024/03/05 07:21:43 worker  22 get order:  &{2 [] 0 0}  order Type 2
2024/03/05 07:21:43 22  waiting for order
2024/03/05 07:21:45 22 :  call for  13  times
2024/03/05 07:21:45 CallOrder: worker get response &{2 [] 0 0}
2024/03/05 07:21:45 worker  22 get order:  &{2 [] 0 0}  order Type 2
2024/03/05 07:21:45 22  waiting for order
2024/03/05 07:21:47 22 :  call for  14  times
2024/03/05 07:21:47 CallOrder: worker get response &{1 [mr-tmp-0-1 mr-tmp-1-1 mr-tmp-2-1 mr-tmp-3-1 mr-tmp-4-1 mr-tmp-5-1 mr-tmp-6-1 mr-tmp-7-1] 9 0}
2024/03/05 07:21:47 worker  22 get order:  &{1 [mr-tmp-0-1 mr-tmp-1-1 mr-tmp-2-1 mr-tmp-3-1 mr-tmp-4-1 mr-tmp-5-1 mr-tmp-6-1 mr-tmp-7-1] 9 0}  order Type 1
2024/03/05 07:21:47 start 9 map
2024/03/05 07:21:47 Worker finish order 9, order type 1
2024/03/05 07:21:48 22 :  call for  15  times
2024/03/05 07:21:48 CallOrder: worker get response &{1 [mr-tmp-0-4 mr-tmp-1-4 mr-tmp-2-4 mr-tmp-3-4 mr-tmp-4-4 mr-tmp-5-4 mr-tmp-6-4 mr-tmp-7-4] 12 0}
2024/03/05 07:21:48 worker  22 get order:  &{1 [mr-tmp-0-4 mr-tmp-1-4 mr-tmp-2-4 mr-tmp-3-4 mr-tmp-4-4 mr-tmp-5-4 mr-tmp-6-4 mr-tmp-7-4] 12 0}  order Type 1
2024/03/05 07:21:48 start 12 map
2024/03/05 07:21:48 Worker finish order 12, order type 1
2024/03/05 07:21:49 22 :  call for  16  times
2024/03/05 07:21:49 CallOrder: worker get response &{1 [mr-tmp-0-7 mr-tmp-1-7 mr-tmp-2-7 mr-tmp-3-7 mr-tmp-4-7 mr-tmp-5-7 mr-tmp-6-7 mr-tmp-7-7] 15 0}
2024/03/05 07:21:49 worker  22 get order:  &{1 [mr-tmp-0-7 mr-tmp-1-7 mr-tmp-2-7 mr-tmp-3-7 mr-tmp-4-7 mr-tmp-5-7 mr-tmp-6-7 mr-tmp-7-7] 15 0}  order Type 1
2024/03/05 07:21:49 start 15 map
2024/03/05 07:21:49 Worker finish order 15, order type 1
2024/03/05 07:21:50 22 :  call for  17  times
2024/03/05 07:21:50 CallOrder: worker get response &{1 [mr-tmp-0-9 mr-tmp-1-9 mr-tmp-2-9 mr-tmp-3-9 mr-tmp-4-9 mr-tmp-5-9 mr-tmp-6-9 mr-tmp-7-9] 17 0}
2024/03/05 07:21:50 worker  22 get order:  &{1 [mr-tmp-0-9 mr-tmp-1-9 mr-tmp-2-9 mr-tmp-3-9 mr-tmp-4-9 mr-tmp-5-9 mr-tmp-6-9 mr-tmp-7-9] 17 0}  order Type 1
2024/03/05 07:21:50 start 17 map
2024/03/05 07:21:50 Worker finish order 17, order type 1
2024/03/05 07:21:51 22 :  call for  18  times
2024/03/05 07:21:51 CallOrder: worker get response &{3 [] 0 0}
2024/03/05 07:21:51 worker  22 get order:  &{3 [] 0 0}  order Type 3
2024/03/05 07:21:51 22  waiting for order
2024/03/05 07:21:53 22 :  call for  19  times
2024/03/05 07:21:53 CallOrder: worker get response &{3 [] 0 0}
2024/03/05 07:21:53 worker  22 get order:  &{3 [] 0 0}  order Type 3
2024/03/05 07:21:53 22  waiting for order
2024/03/05 07:21:55 22 :  call for  20  times
2024/03/05 07:21:55 CallOrder: worker get response &{3 [] 0 0}
2024/03/05 07:21:55 worker  22 get order:  &{3 [] 0 0}  order Type 3
2024/03/05 07:21:55 22  waiting for order
2024/03/05 07:21:57 22 :  call for  21  times
2024/03/05 07:21:57 CallOrder: worker get response &{1 [mr-tmp-0-0 mr-tmp-1-0 mr-tmp-2-0 mr-tmp-3-0 mr-tmp-4-0 mr-tmp-5-0 mr-tmp-6-0 mr-tmp-7-0] 8 0}
2024/03/05 07:21:57 worker  22 get order:  &{1 [mr-tmp-0-0 mr-tmp-1-0 mr-tmp-2-0 mr-tmp-3-0 mr-tmp-4-0 mr-tmp-5-0 mr-tmp-6-0 mr-tmp-7-0] 8 0}  order Type 1
