2024/03/04 21:45:47 47 :  call for  1  times
2024/03/04 21:45:47 CallOrder: worker get response &{0 [../pg-frankenstein.txt] 2 10}
2024/03/04 21:45:47 worker  47 get order:  &{0 [../pg-frankenstein.txt] 2 10}  order Type 0
2024/03/04 21:45:49 start 2 map
2024/03/04 21:45:49 Worker finish order 2, order type 0
2024/03/04 21:45:50 47 :  call for  2  times
2024/03/04 21:45:50 CallOrder: worker get response &{0 [../pg-huckleberry_finn.txt] 4 10}
2024/03/04 21:45:50 worker  47 get order:  &{0 [../pg-huckleberry_finn.txt] 4 10}  order Type 0
2024/03/04 21:45:52 start 4 map
2024/03/04 21:45:52 Worker finish order 4, order type 0
2024/03/04 21:45:53 47 :  call for  3  times
2024/03/04 21:45:53 CallOrder: worker get response &{2 [] 0 0}
2024/03/04 21:45:53 worker  47 get order:  &{2 [] 0 0}  order Type 2
2024/03/04 21:45:53 47  waiting for order
2024/03/04 21:45:55 47 :  call for  4  times
2024/03/04 21:45:55 CallOrder: worker get response &{1 [mr-tmp-0-0 mr-tmp-1-0 mr-tmp-2-0 mr-tmp-3-0 mr-tmp-4-0 mr-tmp-5-0 mr-tmp-6-0 mr-tmp-7-0] 8 0}
2024/03/04 21:45:55 worker  47 get order:  &{1 [mr-tmp-0-0 mr-tmp-1-0 mr-tmp-2-0 mr-tmp-3-0 mr-tmp-4-0 mr-tmp-5-0 mr-tmp-6-0 mr-tmp-7-0] 8 0}  order Type 1
2024/03/04 21:45:55 start 8 map
2024/03/04 21:45:55 Worker finish order 8, order type 1
2024/03/04 21:45:56 47 :  call for  5  times
2024/03/04 21:45:56 CallOrder: worker get response &{1 [mr-tmp-0-2 mr-tmp-1-2 mr-tmp-2-2 mr-tmp-3-2 mr-tmp-4-2 mr-tmp-5-2 mr-tmp-6-2 mr-tmp-7-2] 10 0}
2024/03/04 21:45:56 worker  47 get order:  &{1 [mr-tmp-0-2 mr-tmp-1-2 mr-tmp-2-2 mr-tmp-3-2 mr-tmp-4-2 mr-tmp-5-2 mr-tmp-6-2 mr-tmp-7-2] 10 0}  order Type 1
2024/03/04 21:45:58 start 10 map
2024/03/04 21:45:58 Worker finish order 10, order type 1
2024/03/04 21:45:59 47 :  call for  6  times
2024/03/04 21:45:59 CallOrder: worker get response &{1 [mr-tmp-0-7 mr-tmp-1-7 mr-tmp-2-7 mr-tmp-3-7 mr-tmp-4-7 mr-tmp-5-7 mr-tmp-6-7 mr-tmp-7-7] 15 0}
2024/03/04 21:45:59 worker  47 get order:  &{1 [mr-tmp-0-7 mr-tmp-1-7 mr-tmp-2-7 mr-tmp-3-7 mr-tmp-4-7 mr-tmp-5-7 mr-tmp-6-7 mr-tmp-7-7] 15 0}  order Type 1
2024/03/04 21:46:00 start 15 map
2024/03/04 21:46:00 Worker finish order 15, order type 1
2024/03/04 21:46:01 47 :  call for  7  times
2024/03/04 21:46:01 CallOrder: worker get response &{1 [mr-tmp-0-9 mr-tmp-1-9 mr-tmp-2-9 mr-tmp-3-9 mr-tmp-4-9 mr-tmp-5-9 mr-tmp-6-9 mr-tmp-7-9] 17 0}
2024/03/04 21:46:01 worker  47 get order:  &{1 [mr-tmp-0-9 mr-tmp-1-9 mr-tmp-2-9 mr-tmp-3-9 mr-tmp-4-9 mr-tmp-5-9 mr-tmp-6-9 mr-tmp-7-9] 17 0}  order Type 1
2024/03/04 21:46:02 start 17 map
2024/03/04 21:46:02 Worker finish order 17, order type 1
2024/03/04 21:46:03 47 :  call for  8  times
2024/03/04 21:46:03 CallOrder: worker get response &{4 [] 0 0}
2024/03/04 21:46:03 worker  47 get order:  &{4 [] 0 0}  order Type 4
2024/03/04 21:46:04 47  killed
