2024/03/04 23:43:49 49 :  call for  1  times
2024/03/04 23:43:49 CallOrder: worker get response &{0 [../pg-being_ernest.txt] 0 10}
2024/03/04 23:43:49 worker  49 get order:  &{0 [../pg-being_ernest.txt] 0 10}  order Type 0
2024/03/04 23:43:58 start 0 map
2024/03/04 23:43:58 Worker finish order 0, order type 0
2024/03/04 23:43:59 49 :  call for  2  times
2024/03/04 23:43:59 CallOrder: worker get response &{2 [] 0 0}
2024/03/04 23:43:59 worker  49 get order:  &{2 [] 0 0}  order Type 2
2024/03/04 23:43:59 49  waiting for order
2024/03/04 23:44:01 49 :  call for  3  times
2024/03/04 23:44:01 CallOrder: worker get response &{2 [] 0 0}
2024/03/04 23:44:01 worker  49 get order:  &{2 [] 0 0}  order Type 2
2024/03/04 23:44:01 49  waiting for order
2024/03/04 23:44:03 49 :  call for  4  times
2024/03/04 23:44:03 CallOrder: worker get response &{2 [] 0 0}
2024/03/04 23:44:03 worker  49 get order:  &{2 [] 0 0}  order Type 2
2024/03/04 23:44:03 49  waiting for order
2024/03/04 23:44:05 49 :  call for  5  times
2024/03/04 23:44:05 CallOrder: worker get response &{2 [] 0 0}
2024/03/04 23:44:05 worker  49 get order:  &{2 [] 0 0}  order Type 2
2024/03/04 23:44:05 49  waiting for order
2024/03/04 23:44:07 49 :  call for  6  times
2024/03/04 23:44:07 CallOrder: worker get response &{2 [] 0 0}
2024/03/04 23:44:07 worker  49 get order:  &{2 [] 0 0}  order Type 2
2024/03/04 23:44:07 49  waiting for order
2024/03/04 23:44:09 49 :  call for  7  times
2024/03/04 23:44:09 CallOrder: worker get response &{2 [] 0 0}
2024/03/04 23:44:09 worker  49 get order:  &{2 [] 0 0}  order Type 2
2024/03/04 23:44:09 49  waiting for order
2024/03/04 23:44:11 49 :  call for  8  times
2024/03/04 23:44:11 CallOrder: worker get response &{2 [] 0 0}
2024/03/04 23:44:11 worker  49 get order:  &{2 [] 0 0}  order Type 2
2024/03/04 23:44:11 49  waiting for order
2024/03/04 23:44:13 49 :  call for  9  times
2024/03/04 23:44:13 CallOrder: worker get response &{2 [] 0 0}
2024/03/04 23:44:13 worker  49 get order:  &{2 [] 0 0}  order Type 2
2024/03/04 23:44:13 49  waiting for order
2024/03/04 23:44:15 49 :  call for  10  times
2024/03/04 23:44:15 CallOrder: worker get response &{2 [] 0 0}
2024/03/04 23:44:15 worker  49 get order:  &{2 [] 0 0}  order Type 2
2024/03/04 23:44:15 49  waiting for order
2024/03/04 23:44:17 49 :  call for  11  times
2024/03/04 23:44:17 CallOrder: worker get response &{2 [] 0 0}
2024/03/04 23:44:17 worker  49 get order:  &{2 [] 0 0}  order Type 2
2024/03/04 23:44:17 49  waiting for order
2024/03/04 23:44:19 49 :  call for  12  times
2024/03/04 23:44:19 CallOrder: worker get response &{2 [] 0 0}
2024/03/04 23:44:19 worker  49 get order:  &{2 [] 0 0}  order Type 2
2024/03/04 23:44:19 49  waiting for order
2024/03/04 23:44:21 49 :  call for  13  times
2024/03/04 23:44:21 CallOrder: worker get response &{2 [] 0 0}
2024/03/04 23:44:21 worker  49 get order:  &{2 [] 0 0}  order Type 2
2024/03/04 23:44:21 49  waiting for order
2024/03/04 23:44:23 49 :  call for  14  times
2024/03/04 23:44:23 CallOrder: worker get response &{0 [../pg-grimm.txt] 3 10}
2024/03/04 23:44:23 worker  49 get order:  &{0 [../pg-grimm.txt] 3 10}  order Type 0
2024/03/04 23:44:23 start 3 map
2024/03/04 23:44:23 Worker finish order 3, order type 0
2024/03/04 23:44:24 49 :  call for  15  times
2024/03/04 23:44:24 CallOrder: worker get response &{2 [] 0 0}
2024/03/04 23:44:24 worker  49 get order:  &{2 [] 0 0}  order Type 2
2024/03/04 23:44:24 49  waiting for order
2024/03/04 23:44:26 49 :  call for  16  times
2024/03/04 23:44:26 CallOrder: worker get response &{2 [] 0 0}
2024/03/04 23:44:26 worker  49 get order:  &{2 [] 0 0}  order Type 2
2024/03/04 23:44:26 49  waiting for order
2024/03/04 23:44:28 49 :  call for  17  times
2024/03/04 23:44:28 CallOrder: worker get response &{2 [] 0 0}
2024/03/04 23:44:28 worker  49 get order:  &{2 [] 0 0}  order Type 2
2024/03/04 23:44:28 49  waiting for order
2024/03/04 23:44:30 49 :  call for  18  times
2024/03/04 23:44:30 CallOrder: worker get response &{2 [] 0 0}
2024/03/04 23:44:30 worker  49 get order:  &{2 [] 0 0}  order Type 2
2024/03/04 23:44:30 49  waiting for order
2024/03/04 23:44:32 49 :  call for  19  times
2024/03/04 23:44:32 CallOrder: worker get response &{2 [] 0 0}
2024/03/04 23:44:32 worker  49 get order:  &{2 [] 0 0}  order Type 2
2024/03/04 23:44:32 49  waiting for order
2024/03/04 23:44:34 49 :  call for  20  times
2024/03/04 23:44:34 CallOrder: worker get response &{1 [mr-tmp-0-2 mr-tmp-1-2 mr-tmp-2-2 mr-tmp-3-2 mr-tmp-4-2 mr-tmp-5-2 mr-tmp-6-2 mr-tmp-7-2] 10 0}
2024/03/04 23:44:34 worker  49 get order:  &{1 [mr-tmp-0-2 mr-tmp-1-2 mr-tmp-2-2 mr-tmp-3-2 mr-tmp-4-2 mr-tmp-5-2 mr-tmp-6-2 mr-tmp-7-2] 10 0}  order Type 1
2024/03/04 23:44:34 start 10 map
2024/03/04 23:44:34 Worker finish order 10, order type 1
2024/03/04 23:44:35 49 :  call for  21  times
2024/03/04 23:44:35 CallOrder: worker get response &{1 [mr-tmp-0-6 mr-tmp-1-6 mr-tmp-2-6 mr-tmp-3-6 mr-tmp-4-6 mr-tmp-5-6 mr-tmp-6-6 mr-tmp-7-6] 14 0}
2024/03/04 23:44:35 worker  49 get order:  &{1 [mr-tmp-0-6 mr-tmp-1-6 mr-tmp-2-6 mr-tmp-3-6 mr-tmp-4-6 mr-tmp-5-6 mr-tmp-6-6 mr-tmp-7-6] 14 0}  order Type 1
2024/03/04 23:44:35 start 14 map
2024/03/04 23:44:35 Worker finish order 14, order type 1
2024/03/04 23:44:36 49 :  call for  22  times
2024/03/04 23:44:36 CallOrder: worker get response &{1 [mr-tmp-0-9 mr-tmp-1-9 mr-tmp-2-9 mr-tmp-3-9 mr-tmp-4-9 mr-tmp-5-9 mr-tmp-6-9 mr-tmp-7-9] 17 0}
2024/03/04 23:44:36 worker  49 get order:  &{1 [mr-tmp-0-9 mr-tmp-1-9 mr-tmp-2-9 mr-tmp-3-9 mr-tmp-4-9 mr-tmp-5-9 mr-tmp-6-9 mr-tmp-7-9] 17 0}  order Type 1
2024/03/04 23:44:36 start 17 map
2024/03/04 23:44:36 Worker finish order 17, order type 1
2024/03/04 23:44:37 49 :  call for  23  times
2024/03/04 23:44:37 CallOrder: worker get response &{3 [] 0 0}
2024/03/04 23:44:37 worker  49 get order:  &{3 [] 0 0}  order Type 3
2024/03/04 23:44:37 49  waiting for order
2024/03/04 23:44:39 49 :  call for  24  times
2024/03/04 23:44:39 CallOrder: worker get response &{3 [] 0 0}
2024/03/04 23:44:39 worker  49 get order:  &{3 [] 0 0}  order Type 3
2024/03/04 23:44:39 49  waiting for order
2024/03/04 23:44:41 49 :  call for  25  times
2024/03/04 23:44:41 CallOrder: worker get response &{3 [] 0 0}
2024/03/04 23:44:41 worker  49 get order:  &{3 [] 0 0}  order Type 3
2024/03/04 23:44:41 49  waiting for order
2024/03/04 23:44:43 49 :  call for  26  times
2024/03/04 23:44:43 CallOrder: worker get response &{3 [] 0 0}
2024/03/04 23:44:43 worker  49 get order:  &{3 [] 0 0}  order Type 3
2024/03/04 23:44:43 49  waiting for order
2024/03/04 23:44:45 49 :  call for  27  times
2024/03/04 23:44:45 CallOrder: worker get response &{3 [] 0 0}
2024/03/04 23:44:45 worker  49 get order:  &{3 [] 0 0}  order Type 3
2024/03/04 23:44:45 49  waiting for order
2024/03/04 23:44:47 49 :  call for  28  times
2024/03/04 23:44:47 dialing:dial unix /var/tmp/824-mr-0: connect: connection refused
