2024/03/05 03:44:08 8 :  call for  1  times
2024/03/05 03:44:08 CallOrder: worker get response &{0 [../pg-frankenstein.txt] 2 10}
2024/03/05 03:44:08 worker  8 get order:  &{0 [../pg-frankenstein.txt] 2 10}  order Type 0
2024/03/05 03:44:09 start 2 map
2024/03/05 03:44:09 Worker finish order 2, order type 0
2024/03/05 03:44:10 8 :  call for  2  times
2024/03/05 03:44:10 CallOrder: worker get response &{0 [../pg-huckleberry_finn.txt] 4 10}
2024/03/05 03:44:10 worker  8 get order:  &{0 [../pg-huckleberry_finn.txt] 4 10}  order Type 0
2024/03/05 03:44:12 start 4 map
2024/03/05 03:44:12 Worker finish order 4, order type 0
2024/03/05 03:44:13 8 :  call for  3  times
2024/03/05 03:44:13 CallOrder: worker get response &{2 [] 0 0}
2024/03/05 03:44:13 worker  8 get order:  &{2 [] 0 0}  order Type 2
2024/03/05 03:44:13 8  waiting for order
2024/03/05 03:44:15 8 :  call for  4  times
2024/03/05 03:44:15 CallOrder: worker get response &{1 [mr-tmp-0-1 mr-tmp-1-1 mr-tmp-2-1 mr-tmp-3-1 mr-tmp-4-1 mr-tmp-5-1 mr-tmp-6-1 mr-tmp-7-1] 9 0}
2024/03/05 03:44:15 worker  8 get order:  &{1 [mr-tmp-0-1 mr-tmp-1-1 mr-tmp-2-1 mr-tmp-3-1 mr-tmp-4-1 mr-tmp-5-1 mr-tmp-6-1 mr-tmp-7-1] 9 0}  order Type 1
2024/03/05 03:44:16 start 9 map
2024/03/05 03:44:16 Worker finish order 9, order type 1
2024/03/05 03:44:17 8 :  call for  5  times
2024/03/05 03:44:17 CallOrder: worker get response &{1 [mr-tmp-0-4 mr-tmp-1-4 mr-tmp-2-4 mr-tmp-3-4 mr-tmp-4-4 mr-tmp-5-4 mr-tmp-6-4 mr-tmp-7-4] 12 0}
2024/03/05 03:44:17 worker  8 get order:  &{1 [mr-tmp-0-4 mr-tmp-1-4 mr-tmp-2-4 mr-tmp-3-4 mr-tmp-4-4 mr-tmp-5-4 mr-tmp-6-4 mr-tmp-7-4] 12 0}  order Type 1
2024/03/05 03:44:18 start 12 map
2024/03/05 03:44:18 Worker finish order 12, order type 1
2024/03/05 03:44:19 8 :  call for  6  times
2024/03/05 03:44:19 CallOrder: worker get response &{1 [mr-tmp-0-6 mr-tmp-1-6 mr-tmp-2-6 mr-tmp-3-6 mr-tmp-4-6 mr-tmp-5-6 mr-tmp-6-6 mr-tmp-7-6] 14 0}
2024/03/05 03:44:19 worker  8 get order:  &{1 [mr-tmp-0-6 mr-tmp-1-6 mr-tmp-2-6 mr-tmp-3-6 mr-tmp-4-6 mr-tmp-5-6 mr-tmp-6-6 mr-tmp-7-6] 14 0}  order Type 1
2024/03/05 03:44:20 start 14 map
2024/03/05 03:44:20 Worker finish order 14, order type 1
2024/03/05 03:44:21 8 :  call for  7  times
2024/03/05 03:44:21 CallOrder: worker get response &{3 [] 0 0}
2024/03/05 03:44:21 worker  8 get order:  &{3 [] 0 0}  order Type 3
2024/03/05 03:44:21 8  waiting for order
2024/03/05 03:44:23 8 :  call for  8  times
2024/03/05 03:44:23 CallOrder: worker get response &{4 [] 0 0}
2024/03/05 03:44:23 worker  8 get order:  &{4 [] 0 0}  order Type 4
2024/03/05 03:44:24 8  killed
