2024/03/05 07:10:28 28 :  call for  1  times
2024/03/05 07:10:28 CallOrder: worker get response &{0 [../pg-frankenstein.txt] 2 10}
2024/03/05 07:10:28 worker  28 get order:  &{0 [../pg-frankenstein.txt] 2 10}  order Type 0
2024/03/05 07:10:29 start 2 map
2024/03/05 07:10:29 Worker finish order 2, order type 0
2024/03/05 07:10:30 28 :  call for  2  times
2024/03/05 07:10:30 CallOrder: worker get response &{0 [../pg-huckleberry_finn.txt] 4 10}
2024/03/05 07:10:30 worker  28 get order:  &{0 [../pg-huckleberry_finn.txt] 4 10}  order Type 0
2024/03/05 07:10:32 start 4 map
2024/03/05 07:10:32 Worker finish order 4, order type 0
2024/03/05 07:10:33 28 :  call for  3  times
2024/03/05 07:10:33 CallOrder: worker get response &{2 [] 0 0}
2024/03/05 07:10:33 worker  28 get order:  &{2 [] 0 0}  order Type 2
2024/03/05 07:10:33 28  waiting for order
2024/03/05 07:10:35 28 :  call for  4  times
2024/03/05 07:10:35 CallOrder: worker get response &{1 [mr-tmp-0-1 mr-tmp-1-1 mr-tmp-2-1 mr-tmp-3-1 mr-tmp-4-1 mr-tmp-5-1 mr-tmp-6-1 mr-tmp-7-1] 9 0}
2024/03/05 07:10:35 worker  28 get order:  &{1 [mr-tmp-0-1 mr-tmp-1-1 mr-tmp-2-1 mr-tmp-3-1 mr-tmp-4-1 mr-tmp-5-1 mr-tmp-6-1 mr-tmp-7-1] 9 0}  order Type 1
2024/03/05 07:10:36 start 9 map
2024/03/05 07:10:36 Worker finish order 9, order type 1
2024/03/05 07:10:37 28 :  call for  5  times
2024/03/05 07:10:37 CallOrder: worker get response &{1 [mr-tmp-0-4 mr-tmp-1-4 mr-tmp-2-4 mr-tmp-3-4 mr-tmp-4-4 mr-tmp-5-4 mr-tmp-6-4 mr-tmp-7-4] 12 0}
2024/03/05 07:10:37 worker  28 get order:  &{1 [mr-tmp-0-4 mr-tmp-1-4 mr-tmp-2-4 mr-tmp-3-4 mr-tmp-4-4 mr-tmp-5-4 mr-tmp-6-4 mr-tmp-7-4] 12 0}  order Type 1
2024/03/05 07:10:38 start 12 map
2024/03/05 07:10:38 Worker finish order 12, order type 1
2024/03/05 07:10:39 28 :  call for  6  times
2024/03/05 07:10:39 CallOrder: worker get response &{1 [mr-tmp-0-7 mr-tmp-1-7 mr-tmp-2-7 mr-tmp-3-7 mr-tmp-4-7 mr-tmp-5-7 mr-tmp-6-7 mr-tmp-7-7] 15 0}
2024/03/05 07:10:39 worker  28 get order:  &{1 [mr-tmp-0-7 mr-tmp-1-7 mr-tmp-2-7 mr-tmp-3-7 mr-tmp-4-7 mr-tmp-5-7 mr-tmp-6-7 mr-tmp-7-7] 15 0}  order Type 1
2024/03/05 07:10:40 start 15 map
2024/03/05 07:10:40 Worker finish order 15, order type 1
2024/03/05 07:10:41 28 :  call for  7  times
2024/03/05 07:10:41 CallOrder: worker get response &{1 [mr-tmp-0-9 mr-tmp-1-9 mr-tmp-2-9 mr-tmp-3-9 mr-tmp-4-9 mr-tmp-5-9 mr-tmp-6-9 mr-tmp-7-9] 17 0}
2024/03/05 07:10:41 worker  28 get order:  &{1 [mr-tmp-0-9 mr-tmp-1-9 mr-tmp-2-9 mr-tmp-3-9 mr-tmp-4-9 mr-tmp-5-9 mr-tmp-6-9 mr-tmp-7-9] 17 0}  order Type 1
2024/03/05 07:10:42 start 17 map
2024/03/05 07:10:42 Worker finish order 17, order type 1
2024/03/05 07:10:43 28 :  call for  8  times
2024/03/05 07:10:43 CallOrder: worker get response &{4 [] 0 0}
2024/03/05 07:10:43 worker  28 get order:  &{4 [] 0 0}  order Type 4
2024/03/05 07:10:44 28  killed
