2024/03/05 09:05:32 32 :  call for  1  times
2024/03/05 09:05:32 CallOrder: worker get response &{0 [../pg-being_ernest.txt] 0 10}
2024/03/05 09:05:32 worker  32 get order:  &{0 [../pg-being_ernest.txt] 0 10}  order Type 0
2024/03/05 09:05:33 start 0 map
2024/03/05 09:05:33 Worker finish order 0, order type 0
2024/03/05 09:05:34 32 :  call for  2  times
2024/03/05 09:05:34 CallOrder: worker get response &{0 [../pg-grimm.txt] 3 10}
2024/03/05 09:05:34 worker  32 get order:  &{0 [../pg-grimm.txt] 3 10}  order Type 0
2024/03/05 09:05:36 start 3 map
2024/03/05 09:05:36 Worker finish order 3, order type 0
2024/03/05 09:05:37 32 :  call for  3  times
2024/03/05 09:05:37 CallOrder: worker get response &{0 [../pg-tom_sawyer.txt] 7 10}
2024/03/05 09:05:37 worker  32 get order:  &{0 [../pg-tom_sawyer.txt] 7 10}  order Type 0
2024/03/05 09:05:39 start 7 map
2024/03/05 09:05:39 Worker finish order 7, order type 0
2024/03/05 09:05:40 32 :  call for  4  times
2024/03/05 09:05:40 CallOrder: worker get response &{2 [] 0 0}
2024/03/05 09:05:40 worker  32 get order:  &{2 [] 0 0}  order Type 2
2024/03/05 09:05:40 32  waiting for order
2024/03/05 09:05:42 32 :  call for  5  times
2024/03/05 09:05:42 CallOrder: worker get response &{1 [mr-tmp-0-4 mr-tmp-1-4 mr-tmp-2-4 mr-tmp-3-4 mr-tmp-4-4 mr-tmp-5-4 mr-tmp-6-4 mr-tmp-7-4] 12 0}
2024/03/05 09:05:42 worker  32 get order:  &{1 [mr-tmp-0-4 mr-tmp-1-4 mr-tmp-2-4 mr-tmp-3-4 mr-tmp-4-4 mr-tmp-5-4 mr-tmp-6-4 mr-tmp-7-4] 12 0}  order Type 1
2024/03/05 09:05:43 start 12 map
2024/03/05 09:05:43 Worker finish order 12, order type 1
2024/03/05 09:05:44 32 :  call for  6  times
2024/03/05 09:05:44 CallOrder: worker get response &{1 [mr-tmp-0-7 mr-tmp-1-7 mr-tmp-2-7 mr-tmp-3-7 mr-tmp-4-7 mr-tmp-5-7 mr-tmp-6-7 mr-tmp-7-7] 15 0}
2024/03/05 09:05:44 worker  32 get order:  &{1 [mr-tmp-0-7 mr-tmp-1-7 mr-tmp-2-7 mr-tmp-3-7 mr-tmp-4-7 mr-tmp-5-7 mr-tmp-6-7 mr-tmp-7-7] 15 0}  order Type 1
2024/03/05 09:05:45 start 15 map
2024/03/05 09:05:45 Worker finish order 15, order type 1
2024/03/05 09:05:46 32 :  call for  7  times
2024/03/05 09:05:46 CallOrder: worker get response &{1 [mr-tmp-0-9 mr-tmp-1-9 mr-tmp-2-9 mr-tmp-3-9 mr-tmp-4-9 mr-tmp-5-9 mr-tmp-6-9 mr-tmp-7-9] 17 0}
2024/03/05 09:05:46 worker  32 get order:  &{1 [mr-tmp-0-9 mr-tmp-1-9 mr-tmp-2-9 mr-tmp-3-9 mr-tmp-4-9 mr-tmp-5-9 mr-tmp-6-9 mr-tmp-7-9] 17 0}  order Type 1
2024/03/05 09:05:47 start 17 map
2024/03/05 09:05:47 Worker finish order 17, order type 1
2024/03/05 09:05:48 32 :  call for  8  times
2024/03/05 09:05:48 CallOrder: worker get response &{4 [] 0 0}
2024/03/05 09:05:48 worker  32 get order:  &{4 [] 0 0}  order Type 4
2024/03/05 09:05:49 32  killed
