2024/03/05 00:20:43 43 :  call for  1  times
2024/03/05 00:20:43 CallOrder: worker get response &{2 [] 0 0}
2024/03/05 00:20:43 worker  43 get order:  &{2 [] 0 0}  order Type 2
2024/03/05 00:20:43 43  waiting for order
2024/03/05 00:20:45 43 :  call for  2  times
2024/03/05 00:20:45 CallOrder: worker get response &{2 [] 0 0}
2024/03/05 00:20:45 worker  43 get order:  &{2 [] 0 0}  order Type 2
2024/03/05 00:20:45 43  waiting for order
2024/03/05 00:20:47 43 :  call for  3  times
2024/03/05 00:20:47 CallOrder: worker get response &{2 [] 0 0}
2024/03/05 00:20:47 worker  43 get order:  &{2 [] 0 0}  order Type 2
2024/03/05 00:20:47 43  waiting for order
2024/03/05 00:20:49 43 :  call for  4  times
2024/03/05 00:20:49 CallOrder: worker get response &{2 [] 0 0}
2024/03/05 00:20:49 worker  43 get order:  &{2 [] 0 0}  order Type 2
2024/03/05 00:20:49 43  waiting for order
2024/03/05 00:20:51 43 :  call for  5  times
2024/03/05 00:20:51 CallOrder: worker get response &{2 [] 0 0}
2024/03/05 00:20:51 worker  43 get order:  &{2 [] 0 0}  order Type 2
2024/03/05 00:20:51 43  waiting for order
2024/03/05 00:20:53 43 :  call for  6  times
2024/03/05 00:20:53 CallOrder: worker get response &{2 [] 0 0}
2024/03/05 00:20:53 worker  43 get order:  &{2 [] 0 0}  order Type 2
2024/03/05 00:20:53 43  waiting for order
2024/03/05 00:20:55 43 :  call for  7  times
2024/03/05 00:20:55 CallOrder: worker get response &{2 [] 0 0}
2024/03/05 00:20:55 worker  43 get order:  &{2 [] 0 0}  order Type 2
2024/03/05 00:20:55 43  waiting for order
2024/03/05 00:20:57 43 :  call for  8  times
2024/03/05 00:20:57 CallOrder: worker get response &{2 [] 0 0}
2024/03/05 00:20:57 worker  43 get order:  &{2 [] 0 0}  order Type 2
2024/03/05 00:20:57 43  waiting for order
2024/03/05 00:20:59 43 :  call for  9  times
2024/03/05 00:20:59 CallOrder: worker get response &{2 [] 0 0}
2024/03/05 00:20:59 worker  43 get order:  &{2 [] 0 0}  order Type 2
2024/03/05 00:20:59 43  waiting for order
2024/03/05 00:21:01 43 :  call for  10  times
2024/03/05 00:21:01 CallOrder: worker get response &{2 [] 0 0}
2024/03/05 00:21:01 worker  43 get order:  &{2 [] 0 0}  order Type 2
2024/03/05 00:21:01 43  waiting for order
2024/03/05 00:21:03 43 :  call for  11  times
2024/03/05 00:21:03 CallOrder: worker get response &{2 [] 0 0}
2024/03/05 00:21:03 worker  43 get order:  &{2 [] 0 0}  order Type 2
2024/03/05 00:21:03 43  waiting for order
2024/03/05 00:21:05 43 :  call for  12  times
2024/03/05 00:21:05 CallOrder: worker get response &{1 [mr-tmp-0-1 mr-tmp-1-1 mr-tmp-2-1 mr-tmp-3-1 mr-tmp-4-1 mr-tmp-5-1 mr-tmp-6-1 mr-tmp-7-1] 9 0}
2024/03/05 00:21:05 worker  43 get order:  &{1 [mr-tmp-0-1 mr-tmp-1-1 mr-tmp-2-1 mr-tmp-3-1 mr-tmp-4-1 mr-tmp-5-1 mr-tmp-6-1 mr-tmp-7-1] 9 0}  order Type 1
2024/03/05 00:21:05 start 9 map
2024/03/05 00:21:05 Worker finish order 9, order type 1
2024/03/05 00:21:06 43 :  call for  13  times
2024/03/05 00:21:06 CallOrder: worker get response &{1 [mr-tmp-0-4 mr-tmp-1-4 mr-tmp-2-4 mr-tmp-3-4 mr-tmp-4-4 mr-tmp-5-4 mr-tmp-6-4 mr-tmp-7-4] 12 0}
2024/03/05 00:21:06 worker  43 get order:  &{1 [mr-tmp-0-4 mr-tmp-1-4 mr-tmp-2-4 mr-tmp-3-4 mr-tmp-4-4 mr-tmp-5-4 mr-tmp-6-4 mr-tmp-7-4] 12 0}  order Type 1
2024/03/05 00:21:06 start 12 map
2024/03/05 00:21:06 Worker finish order 12, order type 1
2024/03/05 00:21:07 43 :  call for  14  times
2024/03/05 00:21:07 CallOrder: worker get response &{1 [mr-tmp-0-8 mr-tmp-1-8 mr-tmp-2-8 mr-tmp-3-8 mr-tmp-4-8 mr-tmp-5-8 mr-tmp-6-8 mr-tmp-7-8] 16 0}
2024/03/05 00:21:07 worker  43 get order:  &{1 [mr-tmp-0-8 mr-tmp-1-8 mr-tmp-2-8 mr-tmp-3-8 mr-tmp-4-8 mr-tmp-5-8 mr-tmp-6-8 mr-tmp-7-8] 16 0}  order Type 1
2024/03/05 00:21:07 start 16 map
2024/03/05 00:21:07 Worker finish order 16, order type 1
2024/03/05 00:21:08 43 :  call for  15  times
2024/03/05 00:21:08 CallOrder: worker get response &{3 [] 0 0}
2024/03/05 00:21:08 worker  43 get order:  &{3 [] 0 0}  order Type 3
2024/03/05 00:21:08 43  waiting for order
2024/03/05 00:21:10 43 :  call for  16  times
2024/03/05 00:21:10 CallOrder: worker get response &{3 [] 0 0}
2024/03/05 00:21:10 worker  43 get order:  &{3 [] 0 0}  order Type 3
2024/03/05 00:21:10 43  waiting for order
2024/03/05 00:21:12 43 :  call for  17  times
2024/03/05 00:21:12 CallOrder: worker get response &{3 [] 0 0}
2024/03/05 00:21:12 worker  43 get order:  &{3 [] 0 0}  order Type 3
2024/03/05 00:21:12 43  waiting for order
2024/03/05 00:21:14 43 :  call for  18  times
2024/03/05 00:21:14 CallOrder: worker get response &{3 [] 0 0}
2024/03/05 00:21:14 worker  43 get order:  &{3 [] 0 0}  order Type 3
2024/03/05 00:21:14 43  waiting for order
2024/03/05 00:21:16 43 :  call for  19  times
2024/03/05 00:21:16 CallOrder: worker get response &{3 [] 0 0}
2024/03/05 00:21:16 worker  43 get order:  &{3 [] 0 0}  order Type 3
2024/03/05 00:21:16 43  waiting for order
2024/03/05 00:21:18 43 :  call for  20  times
2024/03/05 00:21:18 CallOrder: worker get response &{3 [] 0 0}
2024/03/05 00:21:18 worker  43 get order:  &{3 [] 0 0}  order Type 3
2024/03/05 00:21:18 43  waiting for order
2024/03/05 00:21:20 43 :  call for  21  times
2024/03/05 00:21:20 CallOrder: worker get response &{3 [] 0 0}
2024/03/05 00:21:20 worker  43 get order:  &{3 [] 0 0}  order Type 3
2024/03/05 00:21:20 43  waiting for order
2024/03/05 00:21:22 43 :  call for  22  times
2024/03/05 00:21:22 CallOrder: worker get response &{3 [] 0 0}
2024/03/05 00:21:22 worker  43 get order:  &{3 [] 0 0}  order Type 3
2024/03/05 00:21:22 43  waiting for order
2024/03/05 00:21:24 43 :  call for  23  times
2024/03/05 00:21:24 CallOrder: worker get response &{3 [] 0 0}
2024/03/05 00:21:24 worker  43 get order:  &{3 [] 0 0}  order Type 3
2024/03/05 00:21:24 43  waiting for order
2024/03/05 00:21:26 43 :  call for  24  times
2024/03/05 00:21:26 dialing:dial unix /var/tmp/824-mr-0: connect: connection refused
