2024/03/05 01:20:56 56 :  call for  1  times
2024/03/05 01:20:56 CallOrder: worker get response &{0 [../pg-being_ernest.txt] 0 10}
2024/03/05 01:20:56 worker  56 get order:  &{0 [../pg-being_ernest.txt] 0 10}  order Type 0
2024/03/05 01:20:56 start 0 map
2024/03/05 01:20:56 Worker finish order 0, order type 0
2024/03/05 01:20:57 56 :  call for  2  times
2024/03/05 01:20:57 CallOrder: worker get response &{0 [../pg-grimm.txt] 3 10}
2024/03/05 01:20:57 worker  56 get order:  &{0 [../pg-grimm.txt] 3 10}  order Type 0
2024/03/05 01:20:59 start 3 map
2024/03/05 01:20:59 Worker finish order 3, order type 0
2024/03/05 01:21:00 56 :  call for  3  times
2024/03/05 01:21:00 CallOrder: worker get response &{0 [../pg-sherlock_holmes.txt] 6 10}
2024/03/05 01:21:00 worker  56 get order:  &{0 [../pg-sherlock_holmes.txt] 6 10}  order Type 0
2024/03/05 01:21:02 start 6 map
2024/03/05 01:21:02 Worker finish order 6, order type 0
2024/03/05 01:21:03 56 :  call for  4  times
2024/03/05 01:21:03 CallOrder: worker get response &{1 [mr-tmp-0-0 mr-tmp-1-0 mr-tmp-2-0 mr-tmp-3-0 mr-tmp-4-0 mr-tmp-5-0 mr-tmp-6-0 mr-tmp-7-0] 8 0}
2024/03/05 01:21:03 worker  56 get order:  &{1 [mr-tmp-0-0 mr-tmp-1-0 mr-tmp-2-0 mr-tmp-3-0 mr-tmp-4-0 mr-tmp-5-0 mr-tmp-6-0 mr-tmp-7-0] 8 0}  order Type 1
2024/03/05 01:21:04 start 8 map
2024/03/05 01:21:04 Worker finish order 8, order type 1
2024/03/05 01:21:05 56 :  call for  5  times
2024/03/05 01:21:05 CallOrder: worker get response &{1 [mr-tmp-0-2 mr-tmp-1-2 mr-tmp-2-2 mr-tmp-3-2 mr-tmp-4-2 mr-tmp-5-2 mr-tmp-6-2 mr-tmp-7-2] 10 0}
2024/03/05 01:21:05 worker  56 get order:  &{1 [mr-tmp-0-2 mr-tmp-1-2 mr-tmp-2-2 mr-tmp-3-2 mr-tmp-4-2 mr-tmp-5-2 mr-tmp-6-2 mr-tmp-7-2] 10 0}  order Type 1
2024/03/05 01:21:06 start 10 map
2024/03/05 01:21:06 Worker finish order 10, order type 1
2024/03/05 01:21:07 56 :  call for  6  times
2024/03/05 01:21:07 CallOrder: worker get response &{1 [mr-tmp-0-6 mr-tmp-1-6 mr-tmp-2-6 mr-tmp-3-6 mr-tmp-4-6 mr-tmp-5-6 mr-tmp-6-6 mr-tmp-7-6] 14 0}
2024/03/05 01:21:07 worker  56 get order:  &{1 [mr-tmp-0-6 mr-tmp-1-6 mr-tmp-2-6 mr-tmp-3-6 mr-tmp-4-6 mr-tmp-5-6 mr-tmp-6-6 mr-tmp-7-6] 14 0}  order Type 1
2024/03/05 01:21:08 start 14 map
2024/03/05 01:21:08 Worker finish order 14, order type 1
2024/03/05 01:21:09 56 :  call for  7  times
2024/03/05 01:21:09 CallOrder: worker get response &{3 [] 0 0}
2024/03/05 01:21:09 worker  56 get order:  &{3 [] 0 0}  order Type 3
2024/03/05 01:21:09 56  waiting for order
2024/03/05 01:21:11 56 :  call for  8  times
2024/03/05 01:21:11 CallOrder: worker get response &{4 [] 0 0}
2024/03/05 01:21:11 worker  56 get order:  &{4 [] 0 0}  order Type 4
2024/03/05 01:21:12 56  killed
