2024/03/05 03:46:24 24 :  call for  1  times
2024/03/05 03:46:24 CallOrder: worker get response &{2 [] 0 0}
2024/03/05 03:46:24 worker  24 get order:  &{2 [] 0 0}  order Type 2
2024/03/05 03:46:24 24  waiting for order
2024/03/05 03:46:26 24 :  call for  2  times
2024/03/05 03:46:26 CallOrder: worker get response &{2 [] 0 0}
2024/03/05 03:46:26 worker  24 get order:  &{2 [] 0 0}  order Type 2
2024/03/05 03:46:26 24  waiting for order
2024/03/05 03:46:28 24 :  call for  3  times
2024/03/05 03:46:28 CallOrder: worker get response &{2 [] 0 0}
2024/03/05 03:46:28 worker  24 get order:  &{2 [] 0 0}  order Type 2
2024/03/05 03:46:28 24  waiting for order
2024/03/05 03:46:30 24 :  call for  4  times
2024/03/05 03:46:30 CallOrder: worker get response &{2 [] 0 0}
2024/03/05 03:46:30 worker  24 get order:  &{2 [] 0 0}  order Type 2
2024/03/05 03:46:30 24  waiting for order
2024/03/05 03:46:32 24 :  call for  5  times
2024/03/05 03:46:32 CallOrder: worker get response &{2 [] 0 0}
2024/03/05 03:46:32 worker  24 get order:  &{2 [] 0 0}  order Type 2
2024/03/05 03:46:32 24  waiting for order
2024/03/05 03:46:34 24 :  call for  6  times
2024/03/05 03:46:34 CallOrder: worker get response &{2 [] 0 0}
2024/03/05 03:46:34 worker  24 get order:  &{2 [] 0 0}  order Type 2
2024/03/05 03:46:34 24  waiting for order
2024/03/05 03:46:36 24 :  call for  7  times
2024/03/05 03:46:36 CallOrder: worker get response &{2 [] 0 0}
2024/03/05 03:46:36 worker  24 get order:  &{2 [] 0 0}  order Type 2
2024/03/05 03:46:36 24  waiting for order
2024/03/05 03:46:38 24 :  call for  8  times
2024/03/05 03:46:38 CallOrder: worker get response &{2 [] 0 0}
2024/03/05 03:46:38 worker  24 get order:  &{2 [] 0 0}  order Type 2
2024/03/05 03:46:38 24  waiting for order
2024/03/05 03:46:40 24 :  call for  9  times
2024/03/05 03:46:40 CallOrder: worker get response &{2 [] 0 0}
2024/03/05 03:46:40 worker  24 get order:  &{2 [] 0 0}  order Type 2
2024/03/05 03:46:40 24  waiting for order
2024/03/05 03:46:42 24 :  call for  10  times
2024/03/05 03:46:42 CallOrder: worker get response &{2 [] 0 0}
2024/03/05 03:46:42 worker  24 get order:  &{2 [] 0 0}  order Type 2
2024/03/05 03:46:42 24  waiting for order
2024/03/05 03:46:44 24 :  call for  11  times
2024/03/05 03:46:44 CallOrder: worker get response &{2 [] 0 0}
2024/03/05 03:46:44 worker  24 get order:  &{2 [] 0 0}  order Type 2
2024/03/05 03:46:44 24  waiting for order
2024/03/05 03:46:46 24 :  call for  12  times
2024/03/05 03:46:46 CallOrder: worker get response &{2 [] 0 0}
2024/03/05 03:46:46 worker  24 get order:  &{2 [] 0 0}  order Type 2
2024/03/05 03:46:46 24  waiting for order
2024/03/05 03:46:48 24 :  call for  13  times
2024/03/05 03:46:48 CallOrder: worker get response &{2 [] 0 0}
2024/03/05 03:46:48 worker  24 get order:  &{2 [] 0 0}  order Type 2
2024/03/05 03:46:48 24  waiting for order
2024/03/05 03:46:50 24 :  call for  14  times
2024/03/05 03:46:50 CallOrder: worker get response &{2 [] 0 0}
2024/03/05 03:46:50 worker  24 get order:  &{2 [] 0 0}  order Type 2
2024/03/05 03:46:50 24  waiting for order
2024/03/05 03:46:52 24 :  call for  15  times
2024/03/05 03:46:52 CallOrder: worker get response &{2 [] 0 0}
2024/03/05 03:46:52 worker  24 get order:  &{2 [] 0 0}  order Type 2
2024/03/05 03:46:52 24  waiting for order
2024/03/05 03:46:54 24 :  call for  16  times
2024/03/05 03:46:54 CallOrder: worker get response &{2 [] 0 0}
2024/03/05 03:46:54 worker  24 get order:  &{2 [] 0 0}  order Type 2
2024/03/05 03:46:54 24  waiting for order
2024/03/05 03:46:56 24 :  call for  17  times
2024/03/05 03:46:56 CallOrder: worker get response &{2 [] 0 0}
2024/03/05 03:46:56 worker  24 get order:  &{2 [] 0 0}  order Type 2
2024/03/05 03:46:56 24  waiting for order
2024/03/05 03:46:58 24 :  call for  18  times
2024/03/05 03:46:58 CallOrder: worker get response &{1 [mr-tmp-0-1 mr-tmp-1-1 mr-tmp-2-1 mr-tmp-3-1 mr-tmp-4-1 mr-tmp-5-1 mr-tmp-6-1 mr-tmp-7-1] 9 0}
2024/03/05 03:46:58 worker  24 get order:  &{1 [mr-tmp-0-1 mr-tmp-1-1 mr-tmp-2-1 mr-tmp-3-1 mr-tmp-4-1 mr-tmp-5-1 mr-tmp-6-1 mr-tmp-7-1] 9 0}  order Type 1
2024/03/05 03:46:58 start 9 map
2024/03/05 03:46:58 Worker finish order 9, order type 1
2024/03/05 03:46:59 24 :  call for  19  times
2024/03/05 03:46:59 CallOrder: worker get response &{1 [mr-tmp-0-3 mr-tmp-1-3 mr-tmp-2-3 mr-tmp-3-3 mr-tmp-4-3 mr-tmp-5-3 mr-tmp-6-3 mr-tmp-7-3] 11 0}
2024/03/05 03:46:59 worker  24 get order:  &{1 [mr-tmp-0-3 mr-tmp-1-3 mr-tmp-2-3 mr-tmp-3-3 mr-tmp-4-3 mr-tmp-5-3 mr-tmp-6-3 mr-tmp-7-3] 11 0}  order Type 1
2024/03/05 03:46:59 start 11 map
2024/03/05 03:46:59 Worker finish order 11, order type 1
2024/03/05 03:47:00 24 :  call for  20  times
2024/03/05 03:47:00 CallOrder: worker get response &{1 [mr-tmp-0-5 mr-tmp-1-5 mr-tmp-2-5 mr-tmp-3-5 mr-tmp-4-5 mr-tmp-5-5 mr-tmp-6-5 mr-tmp-7-5] 13 0}
2024/03/05 03:47:00 worker  24 get order:  &{1 [mr-tmp-0-5 mr-tmp-1-5 mr-tmp-2-5 mr-tmp-3-5 mr-tmp-4-5 mr-tmp-5-5 mr-tmp-6-5 mr-tmp-7-5] 13 0}  order Type 1
2024/03/05 03:47:03 start 13 map
2024/03/05 03:47:03 Worker finish order 13, order type 1
2024/03/05 03:47:04 24 :  call for  21  times
2024/03/05 03:47:04 CallOrder: worker get response &{3 [] 0 0}
2024/03/05 03:47:04 worker  24 get order:  &{3 [] 0 0}  order Type 3
2024/03/05 03:47:04 24  waiting for order
2024/03/05 03:47:06 24 :  call for  22  times
2024/03/05 03:47:06 dialing:dial unix /var/tmp/824-mr-0: connect: connection refused
