2024/03/05 12:19:21 21 :  call for  1  times
2024/03/05 12:19:21 CallOrder: worker get response &{0 [../pg-frankenstein.txt] 2 10}
2024/03/05 12:19:21 worker  21 get order:  &{0 [../pg-frankenstein.txt] 2 10}  order Type 0
2024/03/05 12:19:30 start 2 map
2024/03/05 12:19:30 Worker finish order 2, order type 0
2024/03/05 12:19:31 21 :  call for  2  times
2024/03/05 12:19:31 CallOrder: worker get response &{2 [] 0 0}
2024/03/05 12:19:31 worker  21 get order:  &{2 [] 0 0}  order Type 2
2024/03/05 12:19:31 21  waiting for order
2024/03/05 12:19:33 21 :  call for  3  times
2024/03/05 12:19:33 CallOrder: worker get response &{2 [] 0 0}
2024/03/05 12:19:33 worker  21 get order:  &{2 [] 0 0}  order Type 2
2024/03/05 12:19:33 21  waiting for order
2024/03/05 12:19:35 21 :  call for  4  times
2024/03/05 12:19:35 CallOrder: worker get response &{2 [] 0 0}
2024/03/05 12:19:35 worker  21 get order:  &{2 [] 0 0}  order Type 2
2024/03/05 12:19:35 21  waiting for order
2024/03/05 12:19:37 21 :  call for  5  times
2024/03/05 12:19:37 CallOrder: worker get response &{2 [] 0 0}
2024/03/05 12:19:37 worker  21 get order:  &{2 [] 0 0}  order Type 2
2024/03/05 12:19:37 21  waiting for order
2024/03/05 12:19:39 21 :  call for  6  times
2024/03/05 12:19:39 CallOrder: worker get response &{2 [] 0 0}
2024/03/05 12:19:39 worker  21 get order:  &{2 [] 0 0}  order Type 2
2024/03/05 12:19:39 21  waiting for order
2024/03/05 12:19:41 21 :  call for  7  times
2024/03/05 12:19:41 CallOrder: worker get response &{2 [] 0 0}
2024/03/05 12:19:41 worker  21 get order:  &{2 [] 0 0}  order Type 2
2024/03/05 12:19:41 21  waiting for order
2024/03/05 12:19:43 21 :  call for  8  times
2024/03/05 12:19:43 CallOrder: worker get response &{2 [] 0 0}
2024/03/05 12:19:43 worker  21 get order:  &{2 [] 0 0}  order Type 2
2024/03/05 12:19:43 21  waiting for order
2024/03/05 12:19:45 21 :  call for  9  times
2024/03/05 12:19:45 CallOrder: worker get response &{2 [] 0 0}
2024/03/05 12:19:45 worker  21 get order:  &{2 [] 0 0}  order Type 2
2024/03/05 12:19:45 21  waiting for order
2024/03/05 12:19:47 21 :  call for  10  times
2024/03/05 12:19:47 CallOrder: worker get response &{2 [] 0 0}
2024/03/05 12:19:47 worker  21 get order:  &{2 [] 0 0}  order Type 2
2024/03/05 12:19:47 21  waiting for order
2024/03/05 12:19:49 21 :  call for  11  times
2024/03/05 12:19:49 CallOrder: worker get response &{2 [] 0 0}
2024/03/05 12:19:49 worker  21 get order:  &{2 [] 0 0}  order Type 2
2024/03/05 12:19:49 21  waiting for order
2024/03/05 12:19:51 21 :  call for  12  times
2024/03/05 12:19:51 CallOrder: worker get response &{1 [mr-tmp-0-2 mr-tmp-1-2 mr-tmp-2-2 mr-tmp-3-2 mr-tmp-4-2 mr-tmp-5-2 mr-tmp-6-2 mr-tmp-7-2] 10 0}
2024/03/05 12:19:51 worker  21 get order:  &{1 [mr-tmp-0-2 mr-tmp-1-2 mr-tmp-2-2 mr-tmp-3-2 mr-tmp-4-2 mr-tmp-5-2 mr-tmp-6-2 mr-tmp-7-2] 10 0}  order Type 1
2024/03/05 12:19:55 start 10 map
2024/03/05 12:19:55 Worker finish order 10, order type 1
2024/03/05 12:19:56 21 :  call for  13  times
2024/03/05 12:19:56 CallOrder: worker get response &{3 [] 0 0}
2024/03/05 12:19:56 worker  21 get order:  &{3 [] 0 0}  order Type 3
2024/03/05 12:19:56 21  waiting for order
2024/03/05 12:19:58 21 :  call for  14  times
2024/03/05 12:19:58 CallOrder: worker get response &{3 [] 0 0}
2024/03/05 12:19:58 worker  21 get order:  &{3 [] 0 0}  order Type 3
2024/03/05 12:19:58 21  waiting for order
2024/03/05 12:20:00 21 :  call for  15  times
2024/03/05 12:20:00 CallOrder: worker get response &{3 [] 0 0}
2024/03/05 12:20:00 worker  21 get order:  &{3 [] 0 0}  order Type 3
2024/03/05 12:20:00 21  waiting for order
2024/03/05 12:20:02 21 :  call for  16  times
2024/03/05 12:20:02 CallOrder: worker get response &{3 [] 0 0}
2024/03/05 12:20:02 worker  21 get order:  &{3 [] 0 0}  order Type 3
2024/03/05 12:20:02 21  waiting for order
2024/03/05 12:20:04 21 :  call for  17  times
2024/03/05 12:20:04 CallOrder: worker get response &{3 [] 0 0}
2024/03/05 12:20:04 worker  21 get order:  &{3 [] 0 0}  order Type 3
2024/03/05 12:20:04 21  waiting for order
2024/03/05 12:20:06 21 :  call for  18  times
2024/03/05 12:20:06 CallOrder: worker get response &{3 [] 0 0}
2024/03/05 12:20:06 worker  21 get order:  &{3 [] 0 0}  order Type 3
2024/03/05 12:20:06 21  waiting for order
2024/03/05 12:20:08 21 :  call for  19  times
2024/03/05 12:20:08 CallOrder: worker get response &{3 [] 0 0}
2024/03/05 12:20:08 worker  21 get order:  &{3 [] 0 0}  order Type 3
2024/03/05 12:20:08 21  waiting for order
2024/03/05 12:20:10 21 :  call for  20  times
2024/03/05 12:20:10 dialing:dial unix /var/tmp/824-mr-0: connect: connection refused
