2024/03/05 11:40:35 35 :  call for  1  times
2024/03/05 11:40:35 CallOrder: worker get response &{0 [../pg-dorian_gray.txt] 1 10}
2024/03/05 11:40:35 worker  35 get order:  &{0 [../pg-dorian_gray.txt] 1 10}  order Type 0
2024/03/05 11:40:37 start 1 map
2024/03/05 11:40:37 Worker finish order 1, order type 0
2024/03/05 11:40:38 35 :  call for  2  times
2024/03/05 11:40:38 CallOrder: worker get response &{0 [../pg-huckleberry_finn.txt] 4 10}
2024/03/05 11:40:38 worker  35 get order:  &{0 [../pg-huckleberry_finn.txt] 4 10}  order Type 0
2024/03/05 11:40:41 start 4 map
2024/03/05 11:40:41 Worker finish order 4, order type 0
2024/03/05 11:40:42 35 :  call for  3  times
2024/03/05 11:40:42 CallOrder: worker get response &{2 [] 0 0}
2024/03/05 11:40:42 worker  35 get order:  &{2 [] 0 0}  order Type 2
2024/03/05 11:40:42 35  waiting for order
2024/03/05 11:40:44 35 :  call for  4  times
2024/03/05 11:40:44 CallOrder: worker get response &{1 [mr-tmp-0-1 mr-tmp-1-1 mr-tmp-2-1 mr-tmp-3-1 mr-tmp-4-1 mr-tmp-5-1 mr-tmp-6-1 mr-tmp-7-1] 9 0}
2024/03/05 11:40:44 worker  35 get order:  &{1 [mr-tmp-0-1 mr-tmp-1-1 mr-tmp-2-1 mr-tmp-3-1 mr-tmp-4-1 mr-tmp-5-1 mr-tmp-6-1 mr-tmp-7-1] 9 0}  order Type 1
2024/03/05 11:40:45 start 9 map
2024/03/05 11:40:45 Worker finish order 9, order type 1
2024/03/05 11:40:46 35 :  call for  5  times
2024/03/05 11:40:46 CallOrder: worker get response &{1 [mr-tmp-0-4 mr-tmp-1-4 mr-tmp-2-4 mr-tmp-3-4 mr-tmp-4-4 mr-tmp-5-4 mr-tmp-6-4 mr-tmp-7-4] 12 0}
2024/03/05 11:40:46 worker  35 get order:  &{1 [mr-tmp-0-4 mr-tmp-1-4 mr-tmp-2-4 mr-tmp-3-4 mr-tmp-4-4 mr-tmp-5-4 mr-tmp-6-4 mr-tmp-7-4] 12 0}  order Type 1
2024/03/05 11:40:47 start 12 map
2024/03/05 11:40:47 Worker finish order 12, order type 1
2024/03/05 11:40:48 35 :  call for  6  times
2024/03/05 11:40:48 CallOrder: worker get response &{1 [mr-tmp-0-6 mr-tmp-1-6 mr-tmp-2-6 mr-tmp-3-6 mr-tmp-4-6 mr-tmp-5-6 mr-tmp-6-6 mr-tmp-7-6] 14 0}
2024/03/05 11:40:48 worker  35 get order:  &{1 [mr-tmp-0-6 mr-tmp-1-6 mr-tmp-2-6 mr-tmp-3-6 mr-tmp-4-6 mr-tmp-5-6 mr-tmp-6-6 mr-tmp-7-6] 14 0}  order Type 1
2024/03/05 11:40:49 start 14 map
2024/03/05 11:40:49 Worker finish order 14, order type 1
2024/03/05 11:40:50 35 :  call for  7  times
2024/03/05 11:40:50 CallOrder: worker get response &{3 [] 0 0}
2024/03/05 11:40:50 worker  35 get order:  &{3 [] 0 0}  order Type 3
2024/03/05 11:40:50 35  waiting for order
2024/03/05 11:40:52 35 :  call for  8  times
2024/03/05 11:40:52 CallOrder: worker get response &{4 [] 0 0}
2024/03/05 11:40:52 worker  35 get order:  &{4 [] 0 0}  order Type 4
2024/03/05 11:40:53 35  killed
