2024/03/05 10:04:11 11 :  call for  1  times
2024/03/05 10:04:11 CallOrder: worker get response &{0 [../pg-tom_sawyer.txt] 7 10}
2024/03/05 10:04:11 worker  11 get order:  &{0 [../pg-tom_sawyer.txt] 7 10}  order Type 0
2024/03/05 10:04:14 start 7 map
2024/03/05 10:04:14 Worker finish order 7, order type 0
2024/03/05 10:04:15 11 :  call for  2  times
2024/03/05 10:04:15 CallOrder: worker get response &{2 [] 0 0}
2024/03/05 10:04:15 worker  11 get order:  &{2 [] 0 0}  order Type 2
2024/03/05 10:04:15 11  waiting for order
2024/03/05 10:04:17 11 :  call for  3  times
2024/03/05 10:04:17 CallOrder: worker get response &{2 [] 0 0}
2024/03/05 10:04:17 worker  11 get order:  &{2 [] 0 0}  order Type 2
2024/03/05 10:04:17 11  waiting for order
2024/03/05 10:04:19 11 :  call for  4  times
2024/03/05 10:04:19 CallOrder: worker get response &{2 [] 0 0}
2024/03/05 10:04:19 worker  11 get order:  &{2 [] 0 0}  order Type 2
2024/03/05 10:04:19 11  waiting for order
2024/03/05 10:04:21 11 :  call for  5  times
2024/03/05 10:04:21 CallOrder: worker get response &{2 [] 0 0}
2024/03/05 10:04:21 worker  11 get order:  &{2 [] 0 0}  order Type 2
2024/03/05 10:04:21 11  waiting for order
2024/03/05 10:04:23 11 :  call for  6  times
2024/03/05 10:04:23 CallOrder: worker get response &{2 [] 0 0}
2024/03/05 10:04:23 worker  11 get order:  &{2 [] 0 0}  order Type 2
2024/03/05 10:04:23 11  waiting for order
2024/03/05 10:04:25 11 :  call for  7  times
2024/03/05 10:04:25 CallOrder: worker get response &{2 [] 0 0}
2024/03/05 10:04:25 worker  11 get order:  &{2 [] 0 0}  order Type 2
2024/03/05 10:04:25 11  waiting for order
2024/03/05 10:04:27 11 :  call for  8  times
2024/03/05 10:04:27 CallOrder: worker get response &{2 [] 0 0}
2024/03/05 10:04:27 worker  11 get order:  &{2 [] 0 0}  order Type 2
2024/03/05 10:04:27 11  waiting for order
2024/03/05 10:04:29 11 :  call for  9  times
2024/03/05 10:04:29 CallOrder: worker get response &{2 [] 0 0}
2024/03/05 10:04:29 worker  11 get order:  &{2 [] 0 0}  order Type 2
2024/03/05 10:04:29 11  waiting for order
2024/03/05 10:04:31 11 :  call for  10  times
2024/03/05 10:04:31 CallOrder: worker get response &{2 [] 0 0}
2024/03/05 10:04:31 worker  11 get order:  &{2 [] 0 0}  order Type 2
2024/03/05 10:04:31 11  waiting for order
2024/03/05 10:04:33 11 :  call for  11  times
2024/03/05 10:04:33 CallOrder: worker get response &{2 [] 0 0}
2024/03/05 10:04:33 worker  11 get order:  &{2 [] 0 0}  order Type 2
2024/03/05 10:04:33 11  waiting for order
2024/03/05 10:04:35 11 :  call for  12  times
2024/03/05 10:04:35 CallOrder: worker get response &{2 [] 0 0}
2024/03/05 10:04:35 worker  11 get order:  &{2 [] 0 0}  order Type 2
2024/03/05 10:04:35 11  waiting for order
2024/03/05 10:04:37 11 :  call for  13  times
2024/03/05 10:04:37 CallOrder: worker get response &{1 [mr-tmp-0-0 mr-tmp-1-0 mr-tmp-2-0 mr-tmp-3-0 mr-tmp-4-0 mr-tmp-5-0 mr-tmp-6-0 mr-tmp-7-0] 8 0}
2024/03/05 10:04:37 worker  11 get order:  &{1 [mr-tmp-0-0 mr-tmp-1-0 mr-tmp-2-0 mr-tmp-3-0 mr-tmp-4-0 mr-tmp-5-0 mr-tmp-6-0 mr-tmp-7-0] 8 0}  order Type 1
