2024/03/05 12:33:26 26 :  call for  1  times
2024/03/05 12:33:26 CallOrder: worker get response &{2 [] 0 0}
2024/03/05 12:33:26 worker  26 get order:  &{2 [] 0 0}  order Type 2
2024/03/05 12:33:26 26  waiting for order
2024/03/05 12:33:28 26 :  call for  2  times
2024/03/05 12:33:28 CallOrder: worker get response &{2 [] 0 0}
2024/03/05 12:33:28 worker  26 get order:  &{2 [] 0 0}  order Type 2
2024/03/05 12:33:28 26  waiting for order
2024/03/05 12:33:30 26 :  call for  3  times
2024/03/05 12:33:30 CallOrder: worker get response &{2 [] 0 0}
2024/03/05 12:33:30 worker  26 get order:  &{2 [] 0 0}  order Type 2
2024/03/05 12:33:30 26  waiting for order
2024/03/05 12:33:32 26 :  call for  4  times
2024/03/05 12:33:32 CallOrder: worker get response &{2 [] 0 0}
2024/03/05 12:33:32 worker  26 get order:  &{2 [] 0 0}  order Type 2
2024/03/05 12:33:32 26  waiting for order
2024/03/05 12:33:34 26 :  call for  5  times
2024/03/05 12:33:34 CallOrder: worker get response &{2 [] 0 0}
2024/03/05 12:33:34 worker  26 get order:  &{2 [] 0 0}  order Type 2
2024/03/05 12:33:34 26  waiting for order
2024/03/05 12:33:36 26 :  call for  6  times
2024/03/05 12:33:36 CallOrder: worker get response &{0 [../pg-sherlock_holmes.txt] 6 10}
2024/03/05 12:33:36 worker  26 get order:  &{0 [../pg-sherlock_holmes.txt] 6 10}  order Type 0
2024/03/05 12:33:38 start 6 map
2024/03/05 12:33:38 Worker finish order 6, order type 0
2024/03/05 12:33:39 26 :  call for  7  times
2024/03/05 12:33:39 CallOrder: worker get response &{2 [] 0 0}
2024/03/05 12:33:39 worker  26 get order:  &{2 [] 0 0}  order Type 2
2024/03/05 12:33:39 26  waiting for order
2024/03/05 12:33:41 26 :  call for  8  times
2024/03/05 12:33:41 CallOrder: worker get response &{2 [] 0 0}
2024/03/05 12:33:41 worker  26 get order:  &{2 [] 0 0}  order Type 2
2024/03/05 12:33:41 26  waiting for order
2024/03/05 12:33:43 26 :  call for  9  times
2024/03/05 12:33:43 CallOrder: worker get response &{2 [] 0 0}
2024/03/05 12:33:43 worker  26 get order:  &{2 [] 0 0}  order Type 2
2024/03/05 12:33:43 26  waiting for order
2024/03/05 12:33:45 26 :  call for  10  times
2024/03/05 12:33:45 CallOrder: worker get response &{2 [] 0 0}
2024/03/05 12:33:45 worker  26 get order:  &{2 [] 0 0}  order Type 2
2024/03/05 12:33:45 26  waiting for order
2024/03/05 12:33:47 26 :  call for  11  times
2024/03/05 12:33:47 CallOrder: worker get response &{2 [] 0 0}
2024/03/05 12:33:47 worker  26 get order:  &{2 [] 0 0}  order Type 2
2024/03/05 12:33:47 26  waiting for order
2024/03/05 12:33:49 26 :  call for  12  times
2024/03/05 12:33:49 CallOrder: worker get response &{2 [] 0 0}
2024/03/05 12:33:49 worker  26 get order:  &{2 [] 0 0}  order Type 2
2024/03/05 12:33:49 26  waiting for order
2024/03/05 12:33:51 26 :  call for  13  times
2024/03/05 12:33:51 CallOrder: worker get response &{2 [] 0 0}
2024/03/05 12:33:51 worker  26 get order:  &{2 [] 0 0}  order Type 2
2024/03/05 12:33:51 26  waiting for order
2024/03/05 12:33:53 26 :  call for  14  times
2024/03/05 12:33:53 CallOrder: worker get response &{2 [] 0 0}
2024/03/05 12:33:53 worker  26 get order:  &{2 [] 0 0}  order Type 2
2024/03/05 12:33:53 26  waiting for order
2024/03/05 12:33:55 26 :  call for  15  times
2024/03/05 12:33:55 CallOrder: worker get response &{2 [] 0 0}
2024/03/05 12:33:55 worker  26 get order:  &{2 [] 0 0}  order Type 2
2024/03/05 12:33:55 26  waiting for order
2024/03/05 12:33:57 26 :  call for  16  times
2024/03/05 12:33:57 CallOrder: worker get response &{2 [] 0 0}
2024/03/05 12:33:57 worker  26 get order:  &{2 [] 0 0}  order Type 2
2024/03/05 12:33:57 26  waiting for order
2024/03/05 12:33:59 26 :  call for  17  times
2024/03/05 12:33:59 CallOrder: worker get response &{2 [] 0 0}
2024/03/05 12:33:59 worker  26 get order:  &{2 [] 0 0}  order Type 2
2024/03/05 12:33:59 26  waiting for order
2024/03/05 12:34:01 26 :  call for  18  times
2024/03/05 12:34:01 CallOrder: worker get response &{2 [] 0 0}
2024/03/05 12:34:01 worker  26 get order:  &{2 [] 0 0}  order Type 2
2024/03/05 12:34:01 26  waiting for order
2024/03/05 12:34:03 26 :  call for  19  times
2024/03/05 12:34:03 CallOrder: worker get response &{2 [] 0 0}
2024/03/05 12:34:03 worker  26 get order:  &{2 [] 0 0}  order Type 2
2024/03/05 12:34:03 26  waiting for order
2024/03/05 12:34:05 26 :  call for  20  times
2024/03/05 12:34:05 CallOrder: worker get response &{2 [] 0 0}
2024/03/05 12:34:05 worker  26 get order:  &{2 [] 0 0}  order Type 2
2024/03/05 12:34:05 26  waiting for order
2024/03/05 12:34:07 26 :  call for  21  times
2024/03/05 12:34:07 CallOrder: worker get response &{2 [] 0 0}
2024/03/05 12:34:07 worker  26 get order:  &{2 [] 0 0}  order Type 2
2024/03/05 12:34:07 26  waiting for order
2024/03/05 12:34:09 26 :  call for  22  times
2024/03/05 12:34:09 CallOrder: worker get response &{1 [mr-tmp-0-4 mr-tmp-1-4 mr-tmp-2-4 mr-tmp-3-4 mr-tmp-4-4 mr-tmp-5-4 mr-tmp-6-4 mr-tmp-7-4] 12 0}
2024/03/05 12:34:09 worker  26 get order:  &{1 [mr-tmp-0-4 mr-tmp-1-4 mr-tmp-2-4 mr-tmp-3-4 mr-tmp-4-4 mr-tmp-5-4 mr-tmp-6-4 mr-tmp-7-4] 12 0}  order Type 1
2024/03/05 12:34:09 start 12 map
2024/03/05 12:34:09 Worker finish order 12, order type 1
2024/03/05 12:34:10 26 :  call for  23  times
2024/03/05 12:34:10 CallOrder: worker get response &{1 [mr-tmp-0-6 mr-tmp-1-6 mr-tmp-2-6 mr-tmp-3-6 mr-tmp-4-6 mr-tmp-5-6 mr-tmp-6-6 mr-tmp-7-6] 14 0}
2024/03/05 12:34:10 worker  26 get order:  &{1 [mr-tmp-0-6 mr-tmp-1-6 mr-tmp-2-6 mr-tmp-3-6 mr-tmp-4-6 mr-tmp-5-6 mr-tmp-6-6 mr-tmp-7-6] 14 0}  order Type 1
2024/03/05 12:34:10 start 14 map
2024/03/05 12:34:10 Worker finish order 14, order type 1
2024/03/05 12:34:11 26 :  call for  24  times
2024/03/05 12:34:11 CallOrder: worker get response &{1 [mr-tmp-0-8 mr-tmp-1-8 mr-tmp-2-8 mr-tmp-3-8 mr-tmp-4-8 mr-tmp-5-8 mr-tmp-6-8 mr-tmp-7-8] 16 0}
2024/03/05 12:34:11 worker  26 get order:  &{1 [mr-tmp-0-8 mr-tmp-1-8 mr-tmp-2-8 mr-tmp-3-8 mr-tmp-4-8 mr-tmp-5-8 mr-tmp-6-8 mr-tmp-7-8] 16 0}  order Type 1
2024/03/05 12:34:11 start 16 map
2024/03/05 12:34:11 Worker finish order 16, order type 1
2024/03/05 12:34:12 26 :  call for  25  times
2024/03/05 12:34:12 CallOrder: worker get response &{3 [] 0 0}
2024/03/05 12:34:12 worker  26 get order:  &{3 [] 0 0}  order Type 3
2024/03/05 12:34:12 26  waiting for order
2024/03/05 12:34:14 26 :  call for  26  times
2024/03/05 12:34:14 CallOrder: worker get response &{3 [] 0 0}
2024/03/05 12:34:14 worker  26 get order:  &{3 [] 0 0}  order Type 3
2024/03/05 12:34:14 26  waiting for order
2024/03/05 12:34:16 26 :  call for  27  times
2024/03/05 12:34:16 CallOrder: worker get response &{3 [] 0 0}
2024/03/05 12:34:16 worker  26 get order:  &{3 [] 0 0}  order Type 3
2024/03/05 12:34:16 26  waiting for order
2024/03/05 12:34:18 26 :  call for  28  times
2024/03/05 12:34:18 CallOrder: worker get response &{3 [] 0 0}
2024/03/05 12:34:18 worker  26 get order:  &{3 [] 0 0}  order Type 3
2024/03/05 12:34:18 26  waiting for order
2024/03/05 12:34:20 26 :  call for  29  times
2024/03/05 12:34:20 CallOrder: worker get response &{3 [] 0 0}
2024/03/05 12:34:20 worker  26 get order:  &{3 [] 0 0}  order Type 3
2024/03/05 12:34:20 26  waiting for order
2024/03/05 12:34:22 26 :  call for  30  times
2024/03/05 12:34:22 CallOrder: worker get response &{4 [] 0 0}
2024/03/05 12:34:22 worker  26 get order:  &{4 [] 0 0}  order Type 4
2024/03/05 12:34:23 26  killed
