2024/03/05 03:58:19 19 :  call for  1  times
2024/03/05 03:58:19 CallOrder: worker get response &{0 [../pg-tom_sawyer.txt] 7 10}
2024/03/05 03:58:19 worker  19 get order:  &{0 [../pg-tom_sawyer.txt] 7 10}  order Type 0
2024/03/05 03:58:29 start 7 map
2024/03/05 03:58:29 Worker finish order 7, order type 0
2024/03/05 03:58:30 19 :  call for  2  times
2024/03/05 03:58:30 CallOrder: worker get response &{0 [../pg-dorian_gray.txt] 1 10}
2024/03/05 03:58:30 worker  19 get order:  &{0 [../pg-dorian_gray.txt] 1 10}  order Type 0
2024/03/05 03:58:30 start 1 map
2024/03/05 03:58:30 Worker finish order 1, order type 0
2024/03/05 03:58:31 19 :  call for  3  times
2024/03/05 03:58:31 CallOrder: worker get response &{2 [] 0 0}
2024/03/05 03:58:31 worker  19 get order:  &{2 [] 0 0}  order Type 2
2024/03/05 03:58:31 19  waiting for order
2024/03/05 03:58:33 19 :  call for  4  times
2024/03/05 03:58:33 CallOrder: worker get response &{2 [] 0 0}
2024/03/05 03:58:33 worker  19 get order:  &{2 [] 0 0}  order Type 2
2024/03/05 03:58:33 19  waiting for order
2024/03/05 03:58:35 19 :  call for  5  times
2024/03/05 03:58:35 CallOrder: worker get response &{2 [] 0 0}
2024/03/05 03:58:35 worker  19 get order:  &{2 [] 0 0}  order Type 2
2024/03/05 03:58:35 19  waiting for order
2024/03/05 03:58:37 19 :  call for  6  times
2024/03/05 03:58:37 CallOrder: worker get response &{2 [] 0 0}
2024/03/05 03:58:37 worker  19 get order:  &{2 [] 0 0}  order Type 2
2024/03/05 03:58:37 19  waiting for order
2024/03/05 03:58:39 19 :  call for  7  times
2024/03/05 03:58:39 CallOrder: worker get response &{2 [] 0 0}
2024/03/05 03:58:39 worker  19 get order:  &{2 [] 0 0}  order Type 2
2024/03/05 03:58:39 19  waiting for order
2024/03/05 03:58:41 19 :  call for  8  times
2024/03/05 03:58:41 CallOrder: worker get response &{2 [] 0 0}
2024/03/05 03:58:41 worker  19 get order:  &{2 [] 0 0}  order Type 2
2024/03/05 03:58:41 19  waiting for order
2024/03/05 03:58:43 19 :  call for  9  times
2024/03/05 03:58:43 CallOrder: worker get response &{2 [] 0 0}
2024/03/05 03:58:43 worker  19 get order:  &{2 [] 0 0}  order Type 2
2024/03/05 03:58:43 19  waiting for order
2024/03/05 03:58:45 19 :  call for  10  times
2024/03/05 03:58:45 CallOrder: worker get response &{2 [] 0 0}
2024/03/05 03:58:45 worker  19 get order:  &{2 [] 0 0}  order Type 2
2024/03/05 03:58:45 19  waiting for order
2024/03/05 03:58:47 19 :  call for  11  times
2024/03/05 03:58:47 CallOrder: worker get response &{2 [] 0 0}
2024/03/05 03:58:47 worker  19 get order:  &{2 [] 0 0}  order Type 2
2024/03/05 03:58:47 19  waiting for order
2024/03/05 03:58:49 19 :  call for  12  times
2024/03/05 03:58:49 CallOrder: worker get response &{2 [] 0 0}
2024/03/05 03:58:49 worker  19 get order:  &{2 [] 0 0}  order Type 2
2024/03/05 03:58:49 19  waiting for order
2024/03/05 03:58:51 19 :  call for  13  times
2024/03/05 03:58:51 CallOrder: worker get response &{2 [] 0 0}
2024/03/05 03:58:51 worker  19 get order:  &{2 [] 0 0}  order Type 2
2024/03/05 03:58:51 19  waiting for order
2024/03/05 03:58:53 19 :  call for  14  times
2024/03/05 03:58:53 CallOrder: worker get response &{1 [mr-tmp-0-0 mr-tmp-1-0 mr-tmp-2-0 mr-tmp-3-0 mr-tmp-4-0 mr-tmp-5-0 mr-tmp-6-0 mr-tmp-7-0] 8 0}
2024/03/05 03:58:53 worker  19 get order:  &{1 [mr-tmp-0-0 mr-tmp-1-0 mr-tmp-2-0 mr-tmp-3-0 mr-tmp-4-0 mr-tmp-5-0 mr-tmp-6-0 mr-tmp-7-0] 8 0}  order Type 1
2024/03/05 03:58:53 start 8 map
2024/03/05 03:58:53 Worker finish order 8, order type 1
2024/03/05 03:58:54 19 :  call for  15  times
2024/03/05 03:58:54 CallOrder: worker get response &{1 [mr-tmp-0-2 mr-tmp-1-2 mr-tmp-2-2 mr-tmp-3-2 mr-tmp-4-2 mr-tmp-5-2 mr-tmp-6-2 mr-tmp-7-2] 10 0}
2024/03/05 03:58:54 worker  19 get order:  &{1 [mr-tmp-0-2 mr-tmp-1-2 mr-tmp-2-2 mr-tmp-3-2 mr-tmp-4-2 mr-tmp-5-2 mr-tmp-6-2 mr-tmp-7-2] 10 0}  order Type 1
2024/03/05 03:58:54 start 10 map
2024/03/05 03:58:54 Worker finish order 10, order type 1
2024/03/05 03:58:55 19 :  call for  16  times
2024/03/05 03:58:55 CallOrder: worker get response &{1 [mr-tmp-0-5 mr-tmp-1-5 mr-tmp-2-5 mr-tmp-3-5 mr-tmp-4-5 mr-tmp-5-5 mr-tmp-6-5 mr-tmp-7-5] 13 0}
2024/03/05 03:58:55 worker  19 get order:  &{1 [mr-tmp-0-5 mr-tmp-1-5 mr-tmp-2-5 mr-tmp-3-5 mr-tmp-4-5 mr-tmp-5-5 mr-tmp-6-5 mr-tmp-7-5] 13 0}  order Type 1
2024/03/05 03:59:03 start 13 map
2024/03/05 03:59:03 Worker finish order 13, order type 1
2024/03/05 03:59:04 19 :  call for  17  times
2024/03/05 03:59:04 CallOrder: worker get response &{3 [] 0 0}
2024/03/05 03:59:04 worker  19 get order:  &{3 [] 0 0}  order Type 3
2024/03/05 03:59:04 19  waiting for order
2024/03/05 03:59:06 19 :  call for  18  times
2024/03/05 03:59:06 CallOrder: worker get response &{3 [] 0 0}
2024/03/05 03:59:06 worker  19 get order:  &{3 [] 0 0}  order Type 3
2024/03/05 03:59:06 19  waiting for order
2024/03/05 03:59:08 19 :  call for  19  times
2024/03/05 03:59:08 CallOrder: worker get response &{3 [] 0 0}
2024/03/05 03:59:08 worker  19 get order:  &{3 [] 0 0}  order Type 3
2024/03/05 03:59:08 19  waiting for order
2024/03/05 03:59:10 19 :  call for  20  times
2024/03/05 03:59:10 dialing:dial unix /var/tmp/824-mr-0: connect: connection refused
