2024/03/05 00:43:18 18 :  call for  1  times
2024/03/05 00:43:18 CallOrder: worker get response &{2 [] 0 0}
2024/03/05 00:43:18 worker  18 get order:  &{2 [] 0 0}  order Type 2
2024/03/05 00:43:18 18  waiting for order
2024/03/05 00:43:20 18 :  call for  2  times
2024/03/05 00:43:20 CallOrder: worker get response &{2 [] 0 0}
2024/03/05 00:43:20 worker  18 get order:  &{2 [] 0 0}  order Type 2
2024/03/05 00:43:20 18  waiting for order
2024/03/05 00:43:22 18 :  call for  3  times
2024/03/05 00:43:22 CallOrder: worker get response &{2 [] 0 0}
2024/03/05 00:43:22 worker  18 get order:  &{2 [] 0 0}  order Type 2
2024/03/05 00:43:22 18  waiting for order
2024/03/05 00:43:24 18 :  call for  4  times
2024/03/05 00:43:24 CallOrder: worker get response &{2 [] 0 0}
2024/03/05 00:43:24 worker  18 get order:  &{2 [] 0 0}  order Type 2
2024/03/05 00:43:24 18  waiting for order
2024/03/05 00:43:26 18 :  call for  5  times
2024/03/05 00:43:26 CallOrder: worker get response &{2 [] 0 0}
2024/03/05 00:43:26 worker  18 get order:  &{2 [] 0 0}  order Type 2
2024/03/05 00:43:26 18  waiting for order
2024/03/05 00:43:28 18 :  call for  6  times
2024/03/05 00:43:28 CallOrder: worker get response &{0 [../pg-tom_sawyer.txt] 7 10}
2024/03/05 00:43:28 worker  18 get order:  &{0 [../pg-tom_sawyer.txt] 7 10}  order Type 0
