2024/03/05 07:12:06 6 :  call for  1  times
2024/03/05 07:12:06 CallOrder: worker get response &{0 [../pg-being_ernest.txt] 0 10}
2024/03/05 07:12:06 worker  6 get order:  &{0 [../pg-being_ernest.txt] 0 10}  order Type 0
2024/03/05 07:12:06 start 0 map
2024/03/05 07:12:06 Worker finish order 0, order type 0
2024/03/05 07:12:07 6 :  call for  2  times
2024/03/05 07:12:07 CallOrder: worker get response &{0 [../pg-grimm.txt] 3 10}
2024/03/05 07:12:07 worker  6 get order:  &{0 [../pg-grimm.txt] 3 10}  order Type 0
2024/03/05 07:12:07 start 3 map
2024/03/05 07:12:07 Worker finish order 3, order type 0
2024/03/05 07:12:08 6 :  call for  3  times
2024/03/05 07:12:08 CallOrder: worker get response &{0 [../pg-sherlock_holmes.txt] 6 10}
2024/03/05 07:12:08 worker  6 get order:  &{0 [../pg-sherlock_holmes.txt] 6 10}  order Type 0
2024/03/05 07:12:08 start 6 map
2024/03/05 07:12:08 Worker finish order 6, order type 0
2024/03/05 07:12:09 6 :  call for  4  times
2024/03/05 07:12:09 CallOrder: worker get response &{2 [] 0 0}
2024/03/05 07:12:09 worker  6 get order:  &{2 [] 0 0}  order Type 2
2024/03/05 07:12:09 6  waiting for order
2024/03/05 07:12:11 6 :  call for  5  times
2024/03/05 07:12:11 CallOrder: worker get response &{1 [mr-tmp-0-3 mr-tmp-1-3 mr-tmp-2-3 mr-tmp-3-3 mr-tmp-4-3 mr-tmp-5-3 mr-tmp-6-3 mr-tmp-7-3] 11 0}
2024/03/05 07:12:11 worker  6 get order:  &{1 [mr-tmp-0-3 mr-tmp-1-3 mr-tmp-2-3 mr-tmp-3-3 mr-tmp-4-3 mr-tmp-5-3 mr-tmp-6-3 mr-tmp-7-3] 11 0}  order Type 1
2024/03/05 07:12:11 start 11 map
2024/03/05 07:12:11 Worker finish order 11, order type 1
2024/03/05 07:12:12 6 :  call for  6  times
2024/03/05 07:12:12 CallOrder: worker get response &{1 [mr-tmp-0-5 mr-tmp-1-5 mr-tmp-2-5 mr-tmp-3-5 mr-tmp-4-5 mr-tmp-5-5 mr-tmp-6-5 mr-tmp-7-5] 13 0}
2024/03/05 07:12:12 worker  6 get order:  &{1 [mr-tmp-0-5 mr-tmp-1-5 mr-tmp-2-5 mr-tmp-3-5 mr-tmp-4-5 mr-tmp-5-5 mr-tmp-6-5 mr-tmp-7-5] 13 0}  order Type 1
2024/03/05 07:12:12 start 13 map
2024/03/05 07:12:12 Worker finish order 13, order type 1
2024/03/05 07:12:13 6 :  call for  7  times
2024/03/05 07:12:13 CallOrder: worker get response &{1 [mr-tmp-0-7 mr-tmp-1-7 mr-tmp-2-7 mr-tmp-3-7 mr-tmp-4-7 mr-tmp-5-7 mr-tmp-6-7 mr-tmp-7-7] 15 0}
2024/03/05 07:12:13 worker  6 get order:  &{1 [mr-tmp-0-7 mr-tmp-1-7 mr-tmp-2-7 mr-tmp-3-7 mr-tmp-4-7 mr-tmp-5-7 mr-tmp-6-7 mr-tmp-7-7] 15 0}  order Type 1
2024/03/05 07:12:13 start 15 map
2024/03/05 07:12:13 Worker finish order 15, order type 1
2024/03/05 07:12:14 6 :  call for  8  times
2024/03/05 07:12:14 CallOrder: worker get response &{1 [mr-tmp-0-8 mr-tmp-1-8 mr-tmp-2-8 mr-tmp-3-8 mr-tmp-4-8 mr-tmp-5-8 mr-tmp-6-8 mr-tmp-7-8] 16 0}
2024/03/05 07:12:14 worker  6 get order:  &{1 [mr-tmp-0-8 mr-tmp-1-8 mr-tmp-2-8 mr-tmp-3-8 mr-tmp-4-8 mr-tmp-5-8 mr-tmp-6-8 mr-tmp-7-8] 16 0}  order Type 1
2024/03/05 07:12:14 start 16 map
2024/03/05 07:12:14 Worker finish order 16, order type 1
2024/03/05 07:12:15 6 :  call for  9  times
2024/03/05 07:12:15 CallOrder: worker get response &{3 [] 0 0}
2024/03/05 07:12:15 worker  6 get order:  &{3 [] 0 0}  order Type 3
2024/03/05 07:12:15 6  waiting for order
2024/03/05 07:12:17 6 :  call for  10  times
2024/03/05 07:12:17 dialing:dial unix /var/tmp/824-mr-0: connect: connection refused
