2024/03/05 11:31:48 48 :  call for  1  times
2024/03/05 11:31:48 CallOrder: worker get response &{0 [../pg-frankenstein.txt] 2 10}
2024/03/05 11:31:48 worker  48 get order:  &{0 [../pg-frankenstein.txt] 2 10}  order Type 0
2024/03/05 11:31:51 start 2 map
2024/03/05 11:31:51 Worker finish order 2, order type 0
2024/03/05 11:31:52 48 :  call for  2  times
2024/03/05 11:31:52 CallOrder: worker get response &{2 [] 0 0}
2024/03/05 11:31:52 worker  48 get order:  &{2 [] 0 0}  order Type 2
2024/03/05 11:31:52 48  waiting for order
2024/03/05 11:31:54 48 :  call for  3  times
2024/03/05 11:31:54 CallOrder: worker get response &{2 [] 0 0}
2024/03/05 11:31:54 worker  48 get order:  &{2 [] 0 0}  order Type 2
2024/03/05 11:31:54 48  waiting for order
2024/03/05 11:31:56 48 :  call for  4  times
2024/03/05 11:31:56 CallOrder: worker get response &{2 [] 0 0}
2024/03/05 11:31:56 worker  48 get order:  &{2 [] 0 0}  order Type 2
2024/03/05 11:31:56 48  waiting for order
2024/03/05 11:31:58 48 :  call for  5  times
2024/03/05 11:31:58 CallOrder: worker get response &{2 [] 0 0}
2024/03/05 11:31:58 worker  48 get order:  &{2 [] 0 0}  order Type 2
2024/03/05 11:31:58 48  waiting for order
2024/03/05 11:32:00 48 :  call for  6  times
2024/03/05 11:32:00 CallOrder: worker get response &{0 [../pg-grimm.txt] 3 10}
2024/03/05 11:32:00 worker  48 get order:  &{0 [../pg-grimm.txt] 3 10}  order Type 0
2024/03/05 11:32:00 start 3 map
2024/03/05 11:32:00 Worker finish order 3, order type 0
2024/03/05 11:32:01 48 :  call for  7  times
2024/03/05 11:32:01 CallOrder: worker get response &{2 [] 0 0}
2024/03/05 11:32:01 worker  48 get order:  &{2 [] 0 0}  order Type 2
2024/03/05 11:32:01 48  waiting for order
2024/03/05 11:32:03 48 :  call for  8  times
2024/03/05 11:32:03 CallOrder: worker get response &{2 [] 0 0}
2024/03/05 11:32:03 worker  48 get order:  &{2 [] 0 0}  order Type 2
2024/03/05 11:32:03 48  waiting for order
2024/03/05 11:32:05 48 :  call for  9  times
2024/03/05 11:32:05 CallOrder: worker get response &{2 [] 0 0}
2024/03/05 11:32:05 worker  48 get order:  &{2 [] 0 0}  order Type 2
2024/03/05 11:32:05 48  waiting for order
2024/03/05 11:32:07 48 :  call for  10  times
2024/03/05 11:32:07 CallOrder: worker get response &{2 [] 0 0}
2024/03/05 11:32:07 worker  48 get order:  &{2 [] 0 0}  order Type 2
2024/03/05 11:32:07 48  waiting for order
2024/03/05 11:32:09 48 :  call for  11  times
2024/03/05 11:32:09 CallOrder: worker get response &{2 [] 0 0}
2024/03/05 11:32:09 worker  48 get order:  &{2 [] 0 0}  order Type 2
2024/03/05 11:32:09 48  waiting for order
2024/03/05 11:32:11 48 :  call for  12  times
2024/03/05 11:32:11 CallOrder: worker get response &{2 [] 0 0}
2024/03/05 11:32:11 worker  48 get order:  &{2 [] 0 0}  order Type 2
2024/03/05 11:32:11 48  waiting for order
2024/03/05 11:32:13 48 :  call for  13  times
2024/03/05 11:32:13 CallOrder: worker get response &{2 [] 0 0}
2024/03/05 11:32:13 worker  48 get order:  &{2 [] 0 0}  order Type 2
2024/03/05 11:32:13 48  waiting for order
2024/03/05 11:32:15 48 :  call for  14  times
2024/03/05 11:32:15 CallOrder: worker get response &{2 [] 0 0}
2024/03/05 11:32:15 worker  48 get order:  &{2 [] 0 0}  order Type 2
2024/03/05 11:32:15 48  waiting for order
2024/03/05 11:32:17 48 :  call for  15  times
2024/03/05 11:32:17 CallOrder: worker get response &{2 [] 0 0}
2024/03/05 11:32:17 worker  48 get order:  &{2 [] 0 0}  order Type 2
2024/03/05 11:32:17 48  waiting for order
2024/03/05 11:32:19 48 :  call for  16  times
2024/03/05 11:32:19 CallOrder: worker get response &{2 [] 0 0}
2024/03/05 11:32:19 worker  48 get order:  &{2 [] 0 0}  order Type 2
2024/03/05 11:32:19 48  waiting for order
2024/03/05 11:32:21 48 :  call for  17  times
2024/03/05 11:32:21 CallOrder: worker get response &{0 [../pg-dorian_gray.txt] 1 10}
2024/03/05 11:32:21 worker  48 get order:  &{0 [../pg-dorian_gray.txt] 1 10}  order Type 0
2024/03/05 11:32:21 start 1 map
2024/03/05 11:32:21 Worker finish order 1, order type 0
2024/03/05 11:32:22 48 :  call for  18  times
2024/03/05 11:32:22 CallOrder: worker get response &{2 [] 0 0}
2024/03/05 11:32:22 worker  48 get order:  &{2 [] 0 0}  order Type 2
2024/03/05 11:32:22 48  waiting for order
2024/03/05 11:32:24 48 :  call for  19  times
2024/03/05 11:32:24 CallOrder: worker get response &{1 [mr-tmp-0-4 mr-tmp-1-4 mr-tmp-2-4 mr-tmp-3-4 mr-tmp-4-4 mr-tmp-5-4 mr-tmp-6-4 mr-tmp-7-4] 12 0}
2024/03/05 11:32:24 worker  48 get order:  &{1 [mr-tmp-0-4 mr-tmp-1-4 mr-tmp-2-4 mr-tmp-3-4 mr-tmp-4-4 mr-tmp-5-4 mr-tmp-6-4 mr-tmp-7-4] 12 0}  order Type 1
2024/03/05 11:32:24 start 12 map
2024/03/05 11:32:24 Worker finish order 12, order type 1
2024/03/05 11:32:25 48 :  call for  20  times
2024/03/05 11:32:25 CallOrder: worker get response &{1 [mr-tmp-0-7 mr-tmp-1-7 mr-tmp-2-7 mr-tmp-3-7 mr-tmp-4-7 mr-tmp-5-7 mr-tmp-6-7 mr-tmp-7-7] 15 0}
2024/03/05 11:32:25 worker  48 get order:  &{1 [mr-tmp-0-7 mr-tmp-1-7 mr-tmp-2-7 mr-tmp-3-7 mr-tmp-4-7 mr-tmp-5-7 mr-tmp-6-7 mr-tmp-7-7] 15 0}  order Type 1
2024/03/05 11:32:25 start 15 map
2024/03/05 11:32:25 Worker finish order 15, order type 1
2024/03/05 11:32:26 48 :  call for  21  times
2024/03/05 11:32:26 CallOrder: worker get response &{3 [] 0 0}
2024/03/05 11:32:26 worker  48 get order:  &{3 [] 0 0}  order Type 3
2024/03/05 11:32:26 48  waiting for order
2024/03/05 11:32:28 48 :  call for  22  times
2024/03/05 11:32:28 dialing:dial unix /var/tmp/824-mr-0: connect: connection refused
