2024/03/05 09:10:22 22 :  call for  1  times
2024/03/05 09:10:22 CallOrder: worker get response &{0 [../pg-being_ernest.txt] 0 10}
2024/03/05 09:10:22 worker  22 get order:  &{0 [../pg-being_ernest.txt] 0 10}  order Type 0
2024/03/05 09:10:22 start 0 map
2024/03/05 09:10:22 Worker finish order 0, order type 0
2024/03/05 09:10:23 22 :  call for  2  times
2024/03/05 09:10:23 CallOrder: worker get response &{0 [../pg-huckleberry_finn.txt] 4 10}
2024/03/05 09:10:23 worker  22 get order:  &{0 [../pg-huckleberry_finn.txt] 4 10}  order Type 0
2024/03/05 09:10:23 start 4 map
2024/03/05 09:10:23 Worker finish order 4, order type 0
2024/03/05 09:10:24 22 :  call for  3  times
2024/03/05 09:10:24 CallOrder: worker get response &{0 [../pg-tom_sawyer.txt] 7 10}
2024/03/05 09:10:24 worker  22 get order:  &{0 [../pg-tom_sawyer.txt] 7 10}  order Type 0
2024/03/05 09:10:30 start 7 map
2024/03/05 09:10:30 Worker finish order 7, order type 0
2024/03/05 09:10:31 22 :  call for  4  times
2024/03/05 09:10:31 CallOrder: worker get response &{2 [] 0 0}
2024/03/05 09:10:31 worker  22 get order:  &{2 [] 0 0}  order Type 2
2024/03/05 09:10:31 22  waiting for order
2024/03/05 09:10:33 22 :  call for  5  times
2024/03/05 09:10:33 CallOrder: worker get response &{2 [] 0 0}
2024/03/05 09:10:33 worker  22 get order:  &{2 [] 0 0}  order Type 2
2024/03/05 09:10:33 22  waiting for order
2024/03/05 09:10:35 22 :  call for  6  times
2024/03/05 09:10:35 CallOrder: worker get response &{1 [mr-tmp-0-2 mr-tmp-1-2 mr-tmp-2-2 mr-tmp-3-2 mr-tmp-4-2 mr-tmp-5-2 mr-tmp-6-2 mr-tmp-7-2] 10 0}
2024/03/05 09:10:35 worker  22 get order:  &{1 [mr-tmp-0-2 mr-tmp-1-2 mr-tmp-2-2 mr-tmp-3-2 mr-tmp-4-2 mr-tmp-5-2 mr-tmp-6-2 mr-tmp-7-2] 10 0}  order Type 1
2024/03/05 09:10:35 start 10 map
2024/03/05 09:10:35 Worker finish order 10, order type 1
2024/03/05 09:10:36 22 :  call for  7  times
2024/03/05 09:10:36 CallOrder: worker get response &{1 [mr-tmp-0-5 mr-tmp-1-5 mr-tmp-2-5 mr-tmp-3-5 mr-tmp-4-5 mr-tmp-5-5 mr-tmp-6-5 mr-tmp-7-5] 13 0}
2024/03/05 09:10:36 worker  22 get order:  &{1 [mr-tmp-0-5 mr-tmp-1-5 mr-tmp-2-5 mr-tmp-3-5 mr-tmp-4-5 mr-tmp-5-5 mr-tmp-6-5 mr-tmp-7-5] 13 0}  order Type 1
