2024/03/05 12:27:53 53 :  call for  1  times
2024/03/05 12:27:54 CallOrder: worker get response &{0 [../pg-grimm.txt] 3 10}
2024/03/05 12:27:54 worker  53 get order:  &{0 [../pg-grimm.txt] 3 10}  order Type 0
2024/03/05 12:27:54 start 3 map
2024/03/05 12:27:54 Worker finish order 3, order type 0
2024/03/05 12:27:55 53 :  call for  2  times
2024/03/05 12:27:55 CallOrder: worker get response &{0 [../pg-metamorphosis.txt] 5 10}
2024/03/05 12:27:55 worker  53 get order:  &{0 [../pg-metamorphosis.txt] 5 10}  order Type 0
2024/03/05 12:27:57 start 5 map
2024/03/05 12:27:57 Worker finish order 5, order type 0
2024/03/05 12:27:58 53 :  call for  3  times
2024/03/05 12:27:58 CallOrder: worker get response &{2 [] 0 0}
2024/03/05 12:27:58 worker  53 get order:  &{2 [] 0 0}  order Type 2
2024/03/05 12:27:58 53  waiting for order
2024/03/05 12:28:00 53 :  call for  4  times
2024/03/05 12:28:00 CallOrder: worker get response &{2 [] 0 0}
2024/03/05 12:28:00 worker  53 get order:  &{2 [] 0 0}  order Type 2
2024/03/05 12:28:00 53  waiting for order
2024/03/05 12:28:02 53 :  call for  5  times
2024/03/05 12:28:02 CallOrder: worker get response &{2 [] 0 0}
2024/03/05 12:28:02 worker  53 get order:  &{2 [] 0 0}  order Type 2
2024/03/05 12:28:02 53  waiting for order
2024/03/05 12:28:04 53 :  call for  6  times
2024/03/05 12:28:04 CallOrder: worker get response &{2 [] 0 0}
2024/03/05 12:28:04 worker  53 get order:  &{2 [] 0 0}  order Type 2
2024/03/05 12:28:04 53  waiting for order
2024/03/05 12:28:06 53 :  call for  7  times
2024/03/05 12:28:06 CallOrder: worker get response &{2 [] 0 0}
2024/03/05 12:28:06 worker  53 get order:  &{2 [] 0 0}  order Type 2
2024/03/05 12:28:06 53  waiting for order
2024/03/05 12:28:08 53 :  call for  8  times
2024/03/05 12:28:08 CallOrder: worker get response &{2 [] 0 0}
2024/03/05 12:28:08 worker  53 get order:  &{2 [] 0 0}  order Type 2
2024/03/05 12:28:08 53  waiting for order
2024/03/05 12:28:10 53 :  call for  9  times
2024/03/05 12:28:10 CallOrder: worker get response &{2 [] 0 0}
2024/03/05 12:28:10 worker  53 get order:  &{2 [] 0 0}  order Type 2
2024/03/05 12:28:10 53  waiting for order
2024/03/05 12:28:12 53 :  call for  10  times
2024/03/05 12:28:12 CallOrder: worker get response &{2 [] 0 0}
2024/03/05 12:28:12 worker  53 get order:  &{2 [] 0 0}  order Type 2
2024/03/05 12:28:12 53  waiting for order
2024/03/05 12:28:14 53 :  call for  11  times
2024/03/05 12:28:14 CallOrder: worker get response &{2 [] 0 0}
2024/03/05 12:28:14 worker  53 get order:  &{2 [] 0 0}  order Type 2
2024/03/05 12:28:14 53  waiting for order
2024/03/05 12:28:16 53 :  call for  12  times
2024/03/05 12:28:16 CallOrder: worker get response &{2 [] 0 0}
2024/03/05 12:28:16 worker  53 get order:  &{2 [] 0 0}  order Type 2
2024/03/05 12:28:16 53  waiting for order
2024/03/05 12:28:18 53 :  call for  13  times
2024/03/05 12:28:18 CallOrder: worker get response &{2 [] 0 0}
2024/03/05 12:28:18 worker  53 get order:  &{2 [] 0 0}  order Type 2
2024/03/05 12:28:18 53  waiting for order
2024/03/05 12:28:20 53 :  call for  14  times
2024/03/05 12:28:20 CallOrder: worker get response &{2 [] 0 0}
2024/03/05 12:28:20 worker  53 get order:  &{2 [] 0 0}  order Type 2
2024/03/05 12:28:20 53  waiting for order
2024/03/05 12:28:22 53 :  call for  15  times
2024/03/05 12:28:22 CallOrder: worker get response &{1 [mr-tmp-0-0 mr-tmp-1-0 mr-tmp-2-0 mr-tmp-3-0 mr-tmp-4-0 mr-tmp-5-0 mr-tmp-6-0 mr-tmp-7-0] 8 0}
2024/03/05 12:28:22 worker  53 get order:  &{1 [mr-tmp-0-0 mr-tmp-1-0 mr-tmp-2-0 mr-tmp-3-0 mr-tmp-4-0 mr-tmp-5-0 mr-tmp-6-0 mr-tmp-7-0] 8 0}  order Type 1
2024/03/05 12:28:23 start 8 map
2024/03/05 12:28:23 Worker finish order 8, order type 1
2024/03/05 12:28:24 53 :  call for  16  times
2024/03/05 12:28:24 CallOrder: worker get response &{1 [mr-tmp-0-3 mr-tmp-1-3 mr-tmp-2-3 mr-tmp-3-3 mr-tmp-4-3 mr-tmp-5-3 mr-tmp-6-3 mr-tmp-7-3] 11 0}
2024/03/05 12:28:24 worker  53 get order:  &{1 [mr-tmp-0-3 mr-tmp-1-3 mr-tmp-2-3 mr-tmp-3-3 mr-tmp-4-3 mr-tmp-5-3 mr-tmp-6-3 mr-tmp-7-3] 11 0}  order Type 1
2024/03/05 12:28:24 start 11 map
2024/03/05 12:28:24 Worker finish order 11, order type 1
2024/03/05 12:28:25 53 :  call for  17  times
2024/03/05 12:28:25 CallOrder: worker get response &{1 [mr-tmp-0-6 mr-tmp-1-6 mr-tmp-2-6 mr-tmp-3-6 mr-tmp-4-6 mr-tmp-5-6 mr-tmp-6-6 mr-tmp-7-6] 14 0}
2024/03/05 12:28:25 worker  53 get order:  &{1 [mr-tmp-0-6 mr-tmp-1-6 mr-tmp-2-6 mr-tmp-3-6 mr-tmp-4-6 mr-tmp-5-6 mr-tmp-6-6 mr-tmp-7-6] 14 0}  order Type 1
2024/03/05 12:28:25 start 14 map
2024/03/05 12:28:25 Worker finish order 14, order type 1
2024/03/05 12:28:26 53 :  call for  18  times
2024/03/05 12:28:26 CallOrder: worker get response &{1 [mr-tmp-0-9 mr-tmp-1-9 mr-tmp-2-9 mr-tmp-3-9 mr-tmp-4-9 mr-tmp-5-9 mr-tmp-6-9 mr-tmp-7-9] 17 0}
2024/03/05 12:28:26 worker  53 get order:  &{1 [mr-tmp-0-9 mr-tmp-1-9 mr-tmp-2-9 mr-tmp-3-9 mr-tmp-4-9 mr-tmp-5-9 mr-tmp-6-9 mr-tmp-7-9] 17 0}  order Type 1
