2024/03/05 04:04:02 2 :  call for  1  times
2024/03/05 04:04:02 CallOrder: worker get response &{1 [mr-tmp-0-3 mr-tmp-1-3 mr-tmp-2-3 mr-tmp-3-3 mr-tmp-4-3 mr-tmp-5-3 mr-tmp-6-3 mr-tmp-7-3] 11 0}
2024/03/05 04:04:02 worker  2 get order:  &{1 [mr-tmp-0-3 mr-tmp-1-3 mr-tmp-2-3 mr-tmp-3-3 mr-tmp-4-3 mr-tmp-5-3 mr-tmp-6-3 mr-tmp-7-3] 11 0}  order Type 1
2024/03/05 04:04:02 start 11 map
2024/03/05 04:04:02 Worker finish order 11, order type 1
2024/03/05 04:04:03 2 :  call for  2  times
2024/03/05 04:04:03 CallOrder: worker get response &{1 [mr-tmp-0-7 mr-tmp-1-7 mr-tmp-2-7 mr-tmp-3-7 mr-tmp-4-7 mr-tmp-5-7 mr-tmp-6-7 mr-tmp-7-7] 15 0}
2024/03/05 04:04:03 worker  2 get order:  &{1 [mr-tmp-0-7 mr-tmp-1-7 mr-tmp-2-7 mr-tmp-3-7 mr-tmp-4-7 mr-tmp-5-7 mr-tmp-6-7 mr-tmp-7-7] 15 0}  order Type 1
2024/03/05 04:04:03 start 15 map
2024/03/05 04:04:03 Worker finish order 15, order type 1
2024/03/05 04:04:04 2 :  call for  3  times
2024/03/05 04:04:04 CallOrder: worker get response &{3 [] 0 0}
2024/03/05 04:04:04 worker  2 get order:  &{3 [] 0 0}  order Type 3
2024/03/05 04:04:04 2  waiting for order
2024/03/05 04:04:06 2 :  call for  4  times
2024/03/05 04:04:06 CallOrder: worker get response &{3 [] 0 0}
2024/03/05 04:04:06 worker  2 get order:  &{3 [] 0 0}  order Type 3
2024/03/05 04:04:06 2  waiting for order
2024/03/05 04:04:08 2 :  call for  5  times
2024/03/05 04:04:08 CallOrder: worker get response &{3 [] 0 0}
2024/03/05 04:04:08 worker  2 get order:  &{3 [] 0 0}  order Type 3
2024/03/05 04:04:08 2  waiting for order
2024/03/05 04:04:10 2 :  call for  6  times
2024/03/05 04:04:10 CallOrder: worker get response &{3 [] 0 0}
2024/03/05 04:04:10 worker  2 get order:  &{3 [] 0 0}  order Type 3
2024/03/05 04:04:10 2  waiting for order
2024/03/05 04:04:12 2 :  call for  7  times
2024/03/05 04:04:12 CallOrder: worker get response &{3 [] 0 0}
2024/03/05 04:04:12 worker  2 get order:  &{3 [] 0 0}  order Type 3
2024/03/05 04:04:12 2  waiting for order
2024/03/05 04:04:14 2 :  call for  8  times
2024/03/05 04:04:14 CallOrder: worker get response &{3 [] 0 0}
2024/03/05 04:04:14 worker  2 get order:  &{3 [] 0 0}  order Type 3
2024/03/05 04:04:14 2  waiting for order
2024/03/05 04:04:16 2 :  call for  9  times
2024/03/05 04:04:16 CallOrder: worker get response &{3 [] 0 0}
2024/03/05 04:04:16 worker  2 get order:  &{3 [] 0 0}  order Type 3
2024/03/05 04:04:16 2  waiting for order
2024/03/05 04:04:18 2 :  call for  10  times
2024/03/05 04:04:18 CallOrder: worker get response &{3 [] 0 0}
2024/03/05 04:04:18 worker  2 get order:  &{3 [] 0 0}  order Type 3
2024/03/05 04:04:18 2  waiting for order
2024/03/05 04:04:20 2 :  call for  11  times
2024/03/05 04:04:20 CallOrder: worker get response &{3 [] 0 0}
2024/03/05 04:04:20 worker  2 get order:  &{3 [] 0 0}  order Type 3
2024/03/05 04:04:20 2  waiting for order
2024/03/05 04:04:22 2 :  call for  12  times
2024/03/05 04:04:22 CallOrder: worker get response &{3 [] 0 0}
2024/03/05 04:04:22 worker  2 get order:  &{3 [] 0 0}  order Type 3
2024/03/05 04:04:22 2  waiting for order
2024/03/05 04:04:24 2 :  call for  13  times
2024/03/05 04:04:24 CallOrder: worker get response &{3 [] 0 0}
2024/03/05 04:04:24 worker  2 get order:  &{3 [] 0 0}  order Type 3
2024/03/05 04:04:24 2  waiting for order
2024/03/05 04:04:26 2 :  call for  14  times
2024/03/05 04:04:26 CallOrder: worker get response &{3 [] 0 0}
2024/03/05 04:04:26 worker  2 get order:  &{3 [] 0 0}  order Type 3
2024/03/05 04:04:26 2  waiting for order
2024/03/05 04:04:28 2 :  call for  15  times
2024/03/05 04:04:28 CallOrder: worker get response &{3 [] 0 0}
2024/03/05 04:04:28 worker  2 get order:  &{3 [] 0 0}  order Type 3
2024/03/05 04:04:28 2  waiting for order
2024/03/05 04:04:30 2 :  call for  16  times
2024/03/05 04:04:30 CallOrder: worker get response &{3 [] 0 0}
2024/03/05 04:04:30 worker  2 get order:  &{3 [] 0 0}  order Type 3
2024/03/05 04:04:30 2  waiting for order
2024/03/05 04:04:32 2 :  call for  17  times
2024/03/05 04:04:32 CallOrder: worker get response &{4 [] 0 0}
2024/03/05 04:04:32 worker  2 get order:  &{4 [] 0 0}  order Type 4
2024/03/05 04:04:33 2  killed
