2024/03/05 02:40:14 14 :  call for  1  times
2024/03/05 02:40:14 CallOrder: worker get response &{0 [../pg-being_ernest.txt] 0 10}
2024/03/05 02:40:14 worker  14 get order:  &{0 [../pg-being_ernest.txt] 0 10}  order Type 0
2024/03/05 02:40:14 start 0 map
2024/03/05 02:40:14 Worker finish order 0, order type 0
2024/03/05 02:40:15 14 :  call for  2  times
2024/03/05 02:40:15 CallOrder: worker get response &{0 [../pg-grimm.txt] 3 10}
2024/03/05 02:40:15 worker  14 get order:  &{0 [../pg-grimm.txt] 3 10}  order Type 0
2024/03/05 02:40:15 start 3 map
2024/03/05 02:40:15 Worker finish order 3, order type 0
2024/03/05 02:40:16 14 :  call for  3  times
2024/03/05 02:40:16 CallOrder: worker get response &{0 [../pg-sherlock_holmes.txt] 6 10}
2024/03/05 02:40:16 worker  14 get order:  &{0 [../pg-sherlock_holmes.txt] 6 10}  order Type 0
2024/03/05 02:40:16 start 6 map
2024/03/05 02:40:16 Worker finish order 6, order type 0
2024/03/05 02:40:17 14 :  call for  4  times
2024/03/05 02:40:17 CallOrder: worker get response &{2 [] 0 0}
2024/03/05 02:40:17 worker  14 get order:  &{2 [] 0 0}  order Type 2
2024/03/05 02:40:17 14  waiting for order
2024/03/05 02:40:19 14 :  call for  5  times
2024/03/05 02:40:19 CallOrder: worker get response &{1 [mr-tmp-0-3 mr-tmp-1-3 mr-tmp-2-3 mr-tmp-3-3 mr-tmp-4-3 mr-tmp-5-3 mr-tmp-6-3 mr-tmp-7-3] 11 0}
2024/03/05 02:40:19 worker  14 get order:  &{1 [mr-tmp-0-3 mr-tmp-1-3 mr-tmp-2-3 mr-tmp-3-3 mr-tmp-4-3 mr-tmp-5-3 mr-tmp-6-3 mr-tmp-7-3] 11 0}  order Type 1
2024/03/05 02:40:19 start 11 map
2024/03/05 02:40:19 Worker finish order 11, order type 1
2024/03/05 02:40:20 14 :  call for  6  times
2024/03/05 02:40:20 CallOrder: worker get response &{1 [mr-tmp-0-6 mr-tmp-1-6 mr-tmp-2-6 mr-tmp-3-6 mr-tmp-4-6 mr-tmp-5-6 mr-tmp-6-6 mr-tmp-7-6] 14 0}
2024/03/05 02:40:20 worker  14 get order:  &{1 [mr-tmp-0-6 mr-tmp-1-6 mr-tmp-2-6 mr-tmp-3-6 mr-tmp-4-6 mr-tmp-5-6 mr-tmp-6-6 mr-tmp-7-6] 14 0}  order Type 1
2024/03/05 02:40:23 start 14 map
2024/03/05 02:40:23 Worker finish order 14, order type 1
2024/03/05 02:40:24 14 :  call for  7  times
2024/03/05 02:40:24 CallOrder: worker get response &{4 [] 0 0}
2024/03/05 02:40:24 worker  14 get order:  &{4 [] 0 0}  order Type 4
2024/03/05 02:40:25 14  killed
