2024/03/05 07:36:50 50 :  call for  1  times
2024/03/05 07:36:50 CallOrder: worker get response &{0 [../pg-frankenstein.txt] 2 10}
2024/03/05 07:36:50 worker  50 get order:  &{0 [../pg-frankenstein.txt] 2 10}  order Type 0
2024/03/05 07:36:57 start 2 map
2024/03/05 07:36:57 Worker finish order 2, order type 0
2024/03/05 07:36:58 50 :  call for  2  times
2024/03/05 07:36:58 CallOrder: worker get response &{2 [] 0 0}
2024/03/05 07:36:58 worker  50 get order:  &{2 [] 0 0}  order Type 2
2024/03/05 07:36:58 50  waiting for order
2024/03/05 07:37:00 50 :  call for  3  times
2024/03/05 07:37:00 CallOrder: worker get response &{2 [] 0 0}
2024/03/05 07:37:00 worker  50 get order:  &{2 [] 0 0}  order Type 2
2024/03/05 07:37:00 50  waiting for order
2024/03/05 07:37:02 50 :  call for  4  times
2024/03/05 07:37:02 CallOrder: worker get response &{2 [] 0 0}
2024/03/05 07:37:02 worker  50 get order:  &{2 [] 0 0}  order Type 2
2024/03/05 07:37:02 50  waiting for order
2024/03/05 07:37:04 50 :  call for  5  times
2024/03/05 07:37:04 CallOrder: worker get response &{2 [] 0 0}
2024/03/05 07:37:04 worker  50 get order:  &{2 [] 0 0}  order Type 2
2024/03/05 07:37:04 50  waiting for order
2024/03/05 07:37:06 50 :  call for  6  times
2024/03/05 07:37:06 CallOrder: worker get response &{2 [] 0 0}
2024/03/05 07:37:06 worker  50 get order:  &{2 [] 0 0}  order Type 2
2024/03/05 07:37:06 50  waiting for order
2024/03/05 07:37:08 50 :  call for  7  times
2024/03/05 07:37:08 CallOrder: worker get response &{2 [] 0 0}
2024/03/05 07:37:08 worker  50 get order:  &{2 [] 0 0}  order Type 2
2024/03/05 07:37:08 50  waiting for order
2024/03/05 07:37:10 50 :  call for  8  times
2024/03/05 07:37:10 CallOrder: worker get response &{2 [] 0 0}
2024/03/05 07:37:10 worker  50 get order:  &{2 [] 0 0}  order Type 2
2024/03/05 07:37:10 50  waiting for order
2024/03/05 07:37:12 50 :  call for  9  times
2024/03/05 07:37:12 CallOrder: worker get response &{2 [] 0 0}
2024/03/05 07:37:12 worker  50 get order:  &{2 [] 0 0}  order Type 2
2024/03/05 07:37:12 50  waiting for order
2024/03/05 07:37:14 50 :  call for  10  times
2024/03/05 07:37:14 CallOrder: worker get response &{1 [mr-tmp-0-2 mr-tmp-1-2 mr-tmp-2-2 mr-tmp-3-2 mr-tmp-4-2 mr-tmp-5-2 mr-tmp-6-2 mr-tmp-7-2] 10 0}
2024/03/05 07:37:14 worker  50 get order:  &{1 [mr-tmp-0-2 mr-tmp-1-2 mr-tmp-2-2 mr-tmp-3-2 mr-tmp-4-2 mr-tmp-5-2 mr-tmp-6-2 mr-tmp-7-2] 10 0}  order Type 1
2024/03/05 07:37:14 start 10 map
2024/03/05 07:37:14 Worker finish order 10, order type 1
2024/03/05 07:37:15 50 :  call for  11  times
2024/03/05 07:37:15 CallOrder: worker get response &{1 [mr-tmp-0-5 mr-tmp-1-5 mr-tmp-2-5 mr-tmp-3-5 mr-tmp-4-5 mr-tmp-5-5 mr-tmp-6-5 mr-tmp-7-5] 13 0}
2024/03/05 07:37:15 worker  50 get order:  &{1 [mr-tmp-0-5 mr-tmp-1-5 mr-tmp-2-5 mr-tmp-3-5 mr-tmp-4-5 mr-tmp-5-5 mr-tmp-6-5 mr-tmp-7-5] 13 0}  order Type 1
2024/03/05 07:37:16 start 13 map
2024/03/05 07:37:16 Worker finish order 13, order type 1
2024/03/05 07:37:17 50 :  call for  12  times
2024/03/05 07:37:17 CallOrder: worker get response &{1 [mr-tmp-0-9 mr-tmp-1-9 mr-tmp-2-9 mr-tmp-3-9 mr-tmp-4-9 mr-tmp-5-9 mr-tmp-6-9 mr-tmp-7-9] 17 0}
2024/03/05 07:37:17 worker  50 get order:  &{1 [mr-tmp-0-9 mr-tmp-1-9 mr-tmp-2-9 mr-tmp-3-9 mr-tmp-4-9 mr-tmp-5-9 mr-tmp-6-9 mr-tmp-7-9] 17 0}  order Type 1
