2024/03/05 10:38:55 55 :  call for  1  times
2024/03/05 10:38:55 CallOrder: worker get response &{2 [] 0 0}
2024/03/05 10:38:55 worker  55 get order:  &{2 [] 0 0}  order Type 2
2024/03/05 10:38:55 55  waiting for order
2024/03/05 10:38:57 55 :  call for  2  times
2024/03/05 10:38:57 CallOrder: worker get response &{2 [] 0 0}
2024/03/05 10:38:57 worker  55 get order:  &{2 [] 0 0}  order Type 2
2024/03/05 10:38:57 55  waiting for order
2024/03/05 10:38:59 55 :  call for  3  times
2024/03/05 10:38:59 CallOrder: worker get response &{2 [] 0 0}
2024/03/05 10:38:59 worker  55 get order:  &{2 [] 0 0}  order Type 2
2024/03/05 10:38:59 55  waiting for order
2024/03/05 10:39:01 55 :  call for  4  times
2024/03/05 10:39:01 CallOrder: worker get response &{2 [] 0 0}
2024/03/05 10:39:01 worker  55 get order:  &{2 [] 0 0}  order Type 2
2024/03/05 10:39:01 55  waiting for order
2024/03/05 10:39:03 55 :  call for  5  times
2024/03/05 10:39:03 CallOrder: worker get response &{0 [../pg-frankenstein.txt] 2 10}
2024/03/05 10:39:03 worker  55 get order:  &{0 [../pg-frankenstein.txt] 2 10}  order Type 0
2024/03/05 10:39:03 start 2 map
2024/03/05 10:39:03 Worker finish order 2, order type 0
2024/03/05 10:39:04 55 :  call for  6  times
2024/03/05 10:39:04 CallOrder: worker get response &{0 [../pg-metamorphosis.txt] 5 10}
2024/03/05 10:39:04 worker  55 get order:  &{0 [../pg-metamorphosis.txt] 5 10}  order Type 0
