2024/03/05 09:11:23 23 :  call for  1  times
2024/03/05 09:11:23 CallOrder: worker get response &{3 [] 0 0}
2024/03/05 09:11:23 worker  23 get order:  &{3 [] 0 0}  order Type 3
2024/03/05 09:11:23 23  waiting for order
2024/03/05 09:11:25 23 :  call for  2  times
2024/03/05 09:11:25 CallOrder: worker get response &{3 [] 0 0}
2024/03/05 09:11:25 worker  23 get order:  &{3 [] 0 0}  order Type 3
2024/03/05 09:11:25 23  waiting for order
2024/03/05 09:11:27 23 :  call for  3  times
2024/03/05 09:11:27 CallOrder: worker get response &{3 [] 0 0}
2024/03/05 09:11:27 worker  23 get order:  &{3 [] 0 0}  order Type 3
2024/03/05 09:11:27 23  waiting for order
2024/03/05 09:11:29 23 :  call for  4  times
2024/03/05 09:11:29 CallOrder: worker get response &{3 [] 0 0}
2024/03/05 09:11:29 worker  23 get order:  &{3 [] 0 0}  order Type 3
2024/03/05 09:11:29 23  waiting for order
2024/03/05 09:11:31 23 :  call for  5  times
2024/03/05 09:11:31 CallOrder: worker get response &{3 [] 0 0}
2024/03/05 09:11:31 worker  23 get order:  &{3 [] 0 0}  order Type 3
2024/03/05 09:11:31 23  waiting for order
2024/03/05 09:11:33 23 :  call for  6  times
2024/03/05 09:11:33 CallOrder: worker get response &{1 [mr-tmp-0-5 mr-tmp-1-5 mr-tmp-2-5 mr-tmp-3-5 mr-tmp-4-5 mr-tmp-5-5 mr-tmp-6-5 mr-tmp-7-5] 13 0}
2024/03/05 09:11:33 worker  23 get order:  &{1 [mr-tmp-0-5 mr-tmp-1-5 mr-tmp-2-5 mr-tmp-3-5 mr-tmp-4-5 mr-tmp-5-5 mr-tmp-6-5 mr-tmp-7-5] 13 0}  order Type 1
2024/03/05 09:11:33 start 13 map
2024/03/05 09:11:33 Worker finish order 13, order type 1
2024/03/05 09:11:34 23 :  call for  7  times
2024/03/05 09:11:34 CallOrder: worker get response &{4 [] 0 0}
2024/03/05 09:11:34 worker  23 get order:  &{4 [] 0 0}  order Type 4
2024/03/05 09:11:35 23  killed
