2024/03/05 02:02:11 11 :  call for  1  times
2024/03/05 02:02:11 CallOrder: worker get response &{0 [../pg-tom_sawyer.txt] 7 10}
2024/03/05 02:02:11 worker  11 get order:  &{0 [../pg-tom_sawyer.txt] 7 10}  order Type 0
2024/03/05 02:02:11 start 7 map
2024/03/05 02:02:11 Worker finish order 7, order type 0
2024/03/05 02:02:12 11 :  call for  2  times
2024/03/05 02:02:12 CallOrder: worker get response &{2 [] 0 0}
2024/03/05 02:02:12 worker  11 get order:  &{2 [] 0 0}  order Type 2
2024/03/05 02:02:12 11  waiting for order
2024/03/05 02:02:14 11 :  call for  3  times
2024/03/05 02:02:14 CallOrder: worker get response &{2 [] 0 0}
2024/03/05 02:02:14 worker  11 get order:  &{2 [] 0 0}  order Type 2
2024/03/05 02:02:14 11  waiting for order
2024/03/05 02:02:16 11 :  call for  4  times
2024/03/05 02:02:16 CallOrder: worker get response &{2 [] 0 0}
2024/03/05 02:02:16 worker  11 get order:  &{2 [] 0 0}  order Type 2
2024/03/05 02:02:16 11  waiting for order
2024/03/05 02:02:18 11 :  call for  5  times
2024/03/05 02:02:18 CallOrder: worker get response &{2 [] 0 0}
2024/03/05 02:02:18 worker  11 get order:  &{2 [] 0 0}  order Type 2
2024/03/05 02:02:18 11  waiting for order
2024/03/05 02:02:20 11 :  call for  6  times
2024/03/05 02:02:20 CallOrder: worker get response &{0 [../pg-huckleberry_finn.txt] 4 10}
2024/03/05 02:02:20 worker  11 get order:  &{0 [../pg-huckleberry_finn.txt] 4 10}  order Type 0
2024/03/05 02:02:24 start 4 map
2024/03/05 02:02:24 Worker finish order 4, order type 0
2024/03/05 02:02:25 11 :  call for  7  times
2024/03/05 02:02:25 CallOrder: worker get response &{2 [] 0 0}
2024/03/05 02:02:25 worker  11 get order:  &{2 [] 0 0}  order Type 2
2024/03/05 02:02:25 11  waiting for order
2024/03/05 02:02:27 11 :  call for  8  times
2024/03/05 02:02:27 CallOrder: worker get response &{2 [] 0 0}
2024/03/05 02:02:27 worker  11 get order:  &{2 [] 0 0}  order Type 2
2024/03/05 02:02:27 11  waiting for order
2024/03/05 02:02:29 11 :  call for  9  times
2024/03/05 02:02:29 CallOrder: worker get response &{2 [] 0 0}
2024/03/05 02:02:29 worker  11 get order:  &{2 [] 0 0}  order Type 2
2024/03/05 02:02:29 11  waiting for order
2024/03/05 02:02:31 11 :  call for  10  times
2024/03/05 02:02:31 CallOrder: worker get response &{2 [] 0 0}
2024/03/05 02:02:31 worker  11 get order:  &{2 [] 0 0}  order Type 2
2024/03/05 02:02:31 11  waiting for order
2024/03/05 02:02:33 11 :  call for  11  times
2024/03/05 02:02:33 CallOrder: worker get response &{2 [] 0 0}
2024/03/05 02:02:33 worker  11 get order:  &{2 [] 0 0}  order Type 2
2024/03/05 02:02:33 11  waiting for order
2024/03/05 02:02:35 11 :  call for  12  times
2024/03/05 02:02:35 CallOrder: worker get response &{2 [] 0 0}
2024/03/05 02:02:35 worker  11 get order:  &{2 [] 0 0}  order Type 2
2024/03/05 02:02:35 11  waiting for order
2024/03/05 02:02:37 11 :  call for  13  times
2024/03/05 02:02:37 CallOrder: worker get response &{2 [] 0 0}
2024/03/05 02:02:37 worker  11 get order:  &{2 [] 0 0}  order Type 2
2024/03/05 02:02:37 11  waiting for order
2024/03/05 02:02:39 11 :  call for  14  times
2024/03/05 02:02:39 CallOrder: worker get response &{2 [] 0 0}
2024/03/05 02:02:39 worker  11 get order:  &{2 [] 0 0}  order Type 2
2024/03/05 02:02:39 11  waiting for order
2024/03/05 02:02:41 11 :  call for  15  times
2024/03/05 02:02:41 CallOrder: worker get response &{2 [] 0 0}
2024/03/05 02:02:41 worker  11 get order:  &{2 [] 0 0}  order Type 2
2024/03/05 02:02:41 11  waiting for order
2024/03/05 02:02:43 11 :  call for  16  times
2024/03/05 02:02:43 CallOrder: worker get response &{1 [mr-tmp-0-0 mr-tmp-1-0 mr-tmp-2-0 mr-tmp-3-0 mr-tmp-4-0 mr-tmp-5-0 mr-tmp-6-0 mr-tmp-7-0] 8 0}
2024/03/05 02:02:43 worker  11 get order:  &{1 [mr-tmp-0-0 mr-tmp-1-0 mr-tmp-2-0 mr-tmp-3-0 mr-tmp-4-0 mr-tmp-5-0 mr-tmp-6-0 mr-tmp-7-0] 8 0}  order Type 1
2024/03/05 02:02:43 start 8 map
2024/03/05 02:02:43 Worker finish order 8, order type 1
2024/03/05 02:02:44 11 :  call for  17  times
2024/03/05 02:02:44 CallOrder: worker get response &{1 [mr-tmp-0-2 mr-tmp-1-2 mr-tmp-2-2 mr-tmp-3-2 mr-tmp-4-2 mr-tmp-5-2 mr-tmp-6-2 mr-tmp-7-2] 10 0}
2024/03/05 02:02:44 worker  11 get order:  &{1 [mr-tmp-0-2 mr-tmp-1-2 mr-tmp-2-2 mr-tmp-3-2 mr-tmp-4-2 mr-tmp-5-2 mr-tmp-6-2 mr-tmp-7-2] 10 0}  order Type 1
2024/03/05 02:02:48 start 10 map
2024/03/05 02:02:48 Worker finish order 10, order type 1
2024/03/05 02:02:49 11 :  call for  18  times
2024/03/05 02:02:49 CallOrder: worker get response &{3 [] 0 0}
2024/03/05 02:02:49 worker  11 get order:  &{3 [] 0 0}  order Type 3
2024/03/05 02:02:49 11  waiting for order
2024/03/05 02:02:51 11 :  call for  19  times
2024/03/05 02:02:51 CallOrder: worker get response &{3 [] 0 0}
2024/03/05 02:02:51 worker  11 get order:  &{3 [] 0 0}  order Type 3
2024/03/05 02:02:51 11  waiting for order
2024/03/05 02:02:53 11 :  call for  20  times
2024/03/05 02:02:53 CallOrder: worker get response &{3 [] 0 0}
2024/03/05 02:02:53 worker  11 get order:  &{3 [] 0 0}  order Type 3
2024/03/05 02:02:53 11  waiting for order
2024/03/05 02:02:55 11 :  call for  21  times
2024/03/05 02:02:55 CallOrder: worker get response &{3 [] 0 0}
2024/03/05 02:02:55 worker  11 get order:  &{3 [] 0 0}  order Type 3
2024/03/05 02:02:55 11  waiting for order
2024/03/05 02:02:57 11 :  call for  22  times
2024/03/05 02:02:57 CallOrder: worker get response &{3 [] 0 0}
2024/03/05 02:02:57 worker  11 get order:  &{3 [] 0 0}  order Type 3
2024/03/05 02:02:57 11  waiting for order
2024/03/05 02:02:59 11 :  call for  23  times
2024/03/05 02:02:59 CallOrder: worker get response &{4 [] 0 0}
2024/03/05 02:02:59 worker  11 get order:  &{4 [] 0 0}  order Type 4
2024/03/05 02:03:00 11  killed
