2024/03/05 09:50:31 31 :  call for  1  times
2024/03/05 09:50:31 CallOrder: worker get response &{3 [] 0 0}
2024/03/05 09:50:31 worker  31 get order:  &{3 [] 0 0}  order Type 3
2024/03/05 09:50:31 31  waiting for order
2024/03/05 09:50:33 31 :  call for  2  times
2024/03/05 09:50:33 CallOrder: worker get response &{3 [] 0 0}
2024/03/05 09:50:33 worker  31 get order:  &{3 [] 0 0}  order Type 3
2024/03/05 09:50:33 31  waiting for order
2024/03/05 09:50:35 31 :  call for  3  times
2024/03/05 09:50:35 CallOrder: worker get response &{3 [] 0 0}
2024/03/05 09:50:35 worker  31 get order:  &{3 [] 0 0}  order Type 3
2024/03/05 09:50:35 31  waiting for order
2024/03/05 09:50:37 31 :  call for  4  times
2024/03/05 09:50:37 CallOrder: worker get response &{3 [] 0 0}
2024/03/05 09:50:37 worker  31 get order:  &{3 [] 0 0}  order Type 3
2024/03/05 09:50:37 31  waiting for order
2024/03/05 09:50:39 31 :  call for  5  times
2024/03/05 09:50:39 CallOrder: worker get response &{3 [] 0 0}
2024/03/05 09:50:39 worker  31 get order:  &{3 [] 0 0}  order Type 3
2024/03/05 09:50:39 31  waiting for order
2024/03/05 09:50:41 31 :  call for  6  times
2024/03/05 09:50:41 CallOrder: worker get response &{1 [mr-tmp-0-9 mr-tmp-1-9 mr-tmp-2-9 mr-tmp-3-9 mr-tmp-4-9 mr-tmp-5-9 mr-tmp-6-9 mr-tmp-7-9] 17 0}
2024/03/05 09:50:41 worker  31 get order:  &{1 [mr-tmp-0-9 mr-tmp-1-9 mr-tmp-2-9 mr-tmp-3-9 mr-tmp-4-9 mr-tmp-5-9 mr-tmp-6-9 mr-tmp-7-9] 17 0}  order Type 1
2024/03/05 09:50:41 start 17 map
2024/03/05 09:50:41 Worker finish order 17, order type 1
2024/03/05 09:50:42 31 :  call for  7  times
2024/03/05 09:50:42 CallOrder: worker get response &{3 [] 0 0}
2024/03/05 09:50:42 worker  31 get order:  &{3 [] 0 0}  order Type 3
2024/03/05 09:50:42 31  waiting for order
2024/03/05 09:50:44 31 :  call for  8  times
2024/03/05 09:50:44 CallOrder: worker get response &{4 [] 0 0}
2024/03/05 09:50:44 worker  31 get order:  &{4 [] 0 0}  order Type 4
2024/03/05 09:50:45 31  killed
