2024/03/04 21:13:45 45 :  call for  1  times
2024/03/04 21:13:45 CallOrder: worker get response &{0 [../pg-metamorphosis.txt] 5 10}
2024/03/04 21:13:45 worker  45 get order:  &{0 [../pg-metamorphosis.txt] 5 10}  order Type 0
2024/03/04 21:13:50 start 5 map
2024/03/04 21:13:50 Worker finish order 5, order type 0
2024/03/04 21:13:51 45 :  call for  2  times
2024/03/04 21:13:51 CallOrder: worker get response &{2 [] 0 0}
2024/03/04 21:13:51 worker  45 get order:  &{2 [] 0 0}  order Type 2
2024/03/04 21:13:51 45  waiting for order
2024/03/04 21:13:53 45 :  call for  3  times
2024/03/04 21:13:53 CallOrder: worker get response &{2 [] 0 0}
2024/03/04 21:13:53 worker  45 get order:  &{2 [] 0 0}  order Type 2
2024/03/04 21:13:53 45  waiting for order
2024/03/04 21:13:55 45 :  call for  4  times
2024/03/04 21:13:55 CallOrder: worker get response &{2 [] 0 0}
2024/03/04 21:13:55 worker  45 get order:  &{2 [] 0 0}  order Type 2
2024/03/04 21:13:55 45  waiting for order
2024/03/04 21:13:57 45 :  call for  5  times
2024/03/04 21:13:57 CallOrder: worker get response &{0 [../pg-huckleberry_finn.txt] 4 10}
2024/03/04 21:13:57 worker  45 get order:  &{0 [../pg-huckleberry_finn.txt] 4 10}  order Type 0
