2024/03/04 23:10:31 31 :  call for  1  times
2024/03/04 23:10:31 CallOrder: worker get response &{2 [] 0 0}
2024/03/04 23:10:31 worker  31 get order:  &{2 [] 0 0}  order Type 2
2024/03/04 23:10:31 31  waiting for order
2024/03/04 23:10:33 31 :  call for  2  times
2024/03/04 23:10:33 CallOrder: worker get response &{2 [] 0 0}
2024/03/04 23:10:33 worker  31 get order:  &{2 [] 0 0}  order Type 2
2024/03/04 23:10:33 31  waiting for order
2024/03/04 23:10:35 31 :  call for  3  times
2024/03/04 23:10:35 CallOrder: worker get response &{2 [] 0 0}
2024/03/04 23:10:35 worker  31 get order:  &{2 [] 0 0}  order Type 2
2024/03/04 23:10:35 31  waiting for order
2024/03/04 23:10:37 31 :  call for  4  times
2024/03/04 23:10:37 CallOrder: worker get response &{2 [] 0 0}
2024/03/04 23:10:37 worker  31 get order:  &{2 [] 0 0}  order Type 2
2024/03/04 23:10:37 31  waiting for order
2024/03/04 23:10:39 31 :  call for  5  times
2024/03/04 23:10:39 CallOrder: worker get response &{2 [] 0 0}
2024/03/04 23:10:39 worker  31 get order:  &{2 [] 0 0}  order Type 2
2024/03/04 23:10:39 31  waiting for order
2024/03/04 23:10:41 31 :  call for  6  times
2024/03/04 23:10:41 CallOrder: worker get response &{2 [] 0 0}
2024/03/04 23:10:41 worker  31 get order:  &{2 [] 0 0}  order Type 2
2024/03/04 23:10:41 31  waiting for order
2024/03/04 23:10:43 31 :  call for  7  times
2024/03/04 23:10:43 CallOrder: worker get response &{2 [] 0 0}
2024/03/04 23:10:43 worker  31 get order:  &{2 [] 0 0}  order Type 2
2024/03/04 23:10:43 31  waiting for order
2024/03/04 23:10:45 31 :  call for  8  times
2024/03/04 23:10:45 CallOrder: worker get response &{2 [] 0 0}
2024/03/04 23:10:45 worker  31 get order:  &{2 [] 0 0}  order Type 2
2024/03/04 23:10:45 31  waiting for order
2024/03/04 23:10:47 31 :  call for  9  times
2024/03/04 23:10:47 CallOrder: worker get response &{2 [] 0 0}
2024/03/04 23:10:47 worker  31 get order:  &{2 [] 0 0}  order Type 2
2024/03/04 23:10:47 31  waiting for order
2024/03/04 23:10:49 31 :  call for  10  times
2024/03/04 23:10:49 CallOrder: worker get response &{2 [] 0 0}
2024/03/04 23:10:49 worker  31 get order:  &{2 [] 0 0}  order Type 2
2024/03/04 23:10:49 31  waiting for order
2024/03/04 23:10:51 31 :  call for  11  times
2024/03/04 23:10:51 CallOrder: worker get response &{2 [] 0 0}
2024/03/04 23:10:51 worker  31 get order:  &{2 [] 0 0}  order Type 2
2024/03/04 23:10:51 31  waiting for order
2024/03/04 23:10:53 31 :  call for  12  times
2024/03/04 23:10:53 CallOrder: worker get response &{2 [] 0 0}
2024/03/04 23:10:53 worker  31 get order:  &{2 [] 0 0}  order Type 2
2024/03/04 23:10:53 31  waiting for order
2024/03/04 23:10:55 31 :  call for  13  times
2024/03/04 23:10:55 CallOrder: worker get response &{2 [] 0 0}
2024/03/04 23:10:55 worker  31 get order:  &{2 [] 0 0}  order Type 2
2024/03/04 23:10:55 31  waiting for order
2024/03/04 23:10:57 31 :  call for  14  times
2024/03/04 23:10:57 CallOrder: worker get response &{2 [] 0 0}
2024/03/04 23:10:57 worker  31 get order:  &{2 [] 0 0}  order Type 2
2024/03/04 23:10:57 31  waiting for order
2024/03/04 23:10:59 31 :  call for  15  times
2024/03/04 23:10:59 CallOrder: worker get response &{2 [] 0 0}
2024/03/04 23:10:59 worker  31 get order:  &{2 [] 0 0}  order Type 2
2024/03/04 23:10:59 31  waiting for order
2024/03/04 23:11:01 31 :  call for  16  times
2024/03/04 23:11:01 CallOrder: worker get response &{2 [] 0 0}
2024/03/04 23:11:01 worker  31 get order:  &{2 [] 0 0}  order Type 2
2024/03/04 23:11:01 31  waiting for order
2024/03/04 23:11:03 31 :  call for  17  times
2024/03/04 23:11:03 CallOrder: worker get response &{2 [] 0 0}
2024/03/04 23:11:03 worker  31 get order:  &{2 [] 0 0}  order Type 2
2024/03/04 23:11:03 31  waiting for order
2024/03/04 23:11:05 31 :  call for  18  times
2024/03/04 23:11:05 CallOrder: worker get response &{1 [mr-tmp-0-4 mr-tmp-1-4 mr-tmp-2-4 mr-tmp-3-4 mr-tmp-4-4 mr-tmp-5-4 mr-tmp-6-4 mr-tmp-7-4] 12 0}
2024/03/04 23:11:05 worker  31 get order:  &{1 [mr-tmp-0-4 mr-tmp-1-4 mr-tmp-2-4 mr-tmp-3-4 mr-tmp-4-4 mr-tmp-5-4 mr-tmp-6-4 mr-tmp-7-4] 12 0}  order Type 1
2024/03/04 23:11:05 start 12 map
2024/03/04 23:11:05 Worker finish order 12, order type 1
2024/03/04 23:11:06 31 :  call for  19  times
2024/03/04 23:11:06 CallOrder: worker get response &{1 [mr-tmp-0-6 mr-tmp-1-6 mr-tmp-2-6 mr-tmp-3-6 mr-tmp-4-6 mr-tmp-5-6 mr-tmp-6-6 mr-tmp-7-6] 14 0}
2024/03/04 23:11:06 worker  31 get order:  &{1 [mr-tmp-0-6 mr-tmp-1-6 mr-tmp-2-6 mr-tmp-3-6 mr-tmp-4-6 mr-tmp-5-6 mr-tmp-6-6 mr-tmp-7-6] 14 0}  order Type 1
2024/03/04 23:11:06 start 14 map
2024/03/04 23:11:06 Worker finish order 14, order type 1
2024/03/04 23:11:07 31 :  call for  20  times
2024/03/04 23:11:07 CallOrder: worker get response &{1 [mr-tmp-0-7 mr-tmp-1-7 mr-tmp-2-7 mr-tmp-3-7 mr-tmp-4-7 mr-tmp-5-7 mr-tmp-6-7 mr-tmp-7-7] 15 0}
2024/03/04 23:11:07 worker  31 get order:  &{1 [mr-tmp-0-7 mr-tmp-1-7 mr-tmp-2-7 mr-tmp-3-7 mr-tmp-4-7 mr-tmp-5-7 mr-tmp-6-7 mr-tmp-7-7] 15 0}  order Type 1
2024/03/04 23:11:07 start 15 map
2024/03/04 23:11:07 Worker finish order 15, order type 1
2024/03/04 23:11:08 31 :  call for  21  times
2024/03/04 23:11:08 CallOrder: worker get response &{1 [mr-tmp-0-8 mr-tmp-1-8 mr-tmp-2-8 mr-tmp-3-8 mr-tmp-4-8 mr-tmp-5-8 mr-tmp-6-8 mr-tmp-7-8] 16 0}
2024/03/04 23:11:08 worker  31 get order:  &{1 [mr-tmp-0-8 mr-tmp-1-8 mr-tmp-2-8 mr-tmp-3-8 mr-tmp-4-8 mr-tmp-5-8 mr-tmp-6-8 mr-tmp-7-8] 16 0}  order Type 1
2024/03/04 23:11:08 start 16 map
2024/03/04 23:11:08 Worker finish order 16, order type 1
2024/03/04 23:11:09 31 :  call for  22  times
2024/03/04 23:11:09 CallOrder: worker get response &{1 [mr-tmp-0-9 mr-tmp-1-9 mr-tmp-2-9 mr-tmp-3-9 mr-tmp-4-9 mr-tmp-5-9 mr-tmp-6-9 mr-tmp-7-9] 17 0}
2024/03/04 23:11:09 worker  31 get order:  &{1 [mr-tmp-0-9 mr-tmp-1-9 mr-tmp-2-9 mr-tmp-3-9 mr-tmp-4-9 mr-tmp-5-9 mr-tmp-6-9 mr-tmp-7-9] 17 0}  order Type 1
2024/03/04 23:11:10 start 17 map
2024/03/04 23:11:10 Worker finish order 17, order type 1
2024/03/04 23:11:11 31 :  call for  23  times
2024/03/04 23:11:11 CallOrder: worker get response &{3 [] 0 0}
2024/03/04 23:11:11 worker  31 get order:  &{3 [] 0 0}  order Type 3
2024/03/04 23:11:11 31  waiting for order
2024/03/04 23:11:13 31 :  call for  24  times
2024/03/04 23:11:13 CallOrder: worker get response &{3 [] 0 0}
2024/03/04 23:11:13 worker  31 get order:  &{3 [] 0 0}  order Type 3
2024/03/04 23:11:13 31  waiting for order
2024/03/04 23:11:15 31 :  call for  25  times
2024/03/04 23:11:15 CallOrder: worker get response &{3 [] 0 0}
2024/03/04 23:11:15 worker  31 get order:  &{3 [] 0 0}  order Type 3
2024/03/04 23:11:15 31  waiting for order
2024/03/04 23:11:17 31 :  call for  26  times
2024/03/04 23:11:17 CallOrder: worker get response &{3 [] 0 0}
2024/03/04 23:11:17 worker  31 get order:  &{3 [] 0 0}  order Type 3
2024/03/04 23:11:17 31  waiting for order
2024/03/04 23:11:19 31 :  call for  27  times
2024/03/04 23:11:19 dialing:dial unix /var/tmp/824-mr-0: connect: connection refused
