2024/03/05 08:39:42 42 :  call for  1  times
2024/03/05 08:39:42 CallOrder: worker get response &{0 [../pg-dorian_gray.txt] 1 10}
2024/03/05 08:39:42 worker  42 get order:  &{0 [../pg-dorian_gray.txt] 1 10}  order Type 0
2024/03/05 08:39:42 start 1 map
2024/03/05 08:39:42 Worker finish order 1, order type 0
2024/03/05 08:39:43 42 :  call for  2  times
2024/03/05 08:39:43 CallOrder: worker get response &{0 [../pg-grimm.txt] 3 10}
2024/03/05 08:39:43 worker  42 get order:  &{0 [../pg-grimm.txt] 3 10}  order Type 0
2024/03/05 08:39:43 start 3 map
2024/03/05 08:39:43 Worker finish order 3, order type 0
2024/03/05 08:39:44 42 :  call for  3  times
2024/03/05 08:39:44 CallOrder: worker get response &{0 [../pg-metamorphosis.txt] 5 10}
2024/03/05 08:39:44 worker  42 get order:  &{0 [../pg-metamorphosis.txt] 5 10}  order Type 0
2024/03/05 08:39:44 start 5 map
2024/03/05 08:39:44 Worker finish order 5, order type 0
2024/03/05 08:39:45 42 :  call for  4  times
2024/03/05 08:39:45 CallOrder: worker get response &{0 [../pg-sherlock_holmes.txt] 6 10}
2024/03/05 08:39:45 worker  42 get order:  &{0 [../pg-sherlock_holmes.txt] 6 10}  order Type 0
2024/03/05 08:39:45 start 6 map
2024/03/05 08:39:45 Worker finish order 6, order type 0
2024/03/05 08:39:46 42 :  call for  5  times
2024/03/05 08:39:46 CallOrder: worker get response &{2 [] 0 0}
2024/03/05 08:39:46 worker  42 get order:  &{2 [] 0 0}  order Type 2
2024/03/05 08:39:46 42  waiting for order
2024/03/05 08:39:48 42 :  call for  6  times
2024/03/05 08:39:48 CallOrder: worker get response &{1 [mr-tmp-0-1 mr-tmp-1-1 mr-tmp-2-1 mr-tmp-3-1 mr-tmp-4-1 mr-tmp-5-1 mr-tmp-6-1 mr-tmp-7-1] 9 0}
2024/03/05 08:39:48 worker  42 get order:  &{1 [mr-tmp-0-1 mr-tmp-1-1 mr-tmp-2-1 mr-tmp-3-1 mr-tmp-4-1 mr-tmp-5-1 mr-tmp-6-1 mr-tmp-7-1] 9 0}  order Type 1
2024/03/05 08:39:49 start 9 map
2024/03/05 08:39:49 Worker finish order 9, order type 1
2024/03/05 08:39:50 42 :  call for  7  times
2024/03/05 08:39:50 CallOrder: worker get response &{1 [mr-tmp-0-3 mr-tmp-1-3 mr-tmp-2-3 mr-tmp-3-3 mr-tmp-4-3 mr-tmp-5-3 mr-tmp-6-3 mr-tmp-7-3] 11 0}
2024/03/05 08:39:50 worker  42 get order:  &{1 [mr-tmp-0-3 mr-tmp-1-3 mr-tmp-2-3 mr-tmp-3-3 mr-tmp-4-3 mr-tmp-5-3 mr-tmp-6-3 mr-tmp-7-3] 11 0}  order Type 1
2024/03/05 08:39:52 start 11 map
2024/03/05 08:39:52 Worker finish order 11, order type 1
2024/03/05 08:39:53 42 :  call for  8  times
2024/03/05 08:39:53 CallOrder: worker get response &{1 [mr-tmp-0-5 mr-tmp-1-5 mr-tmp-2-5 mr-tmp-3-5 mr-tmp-4-5 mr-tmp-5-5 mr-tmp-6-5 mr-tmp-7-5] 13 0}
2024/03/05 08:39:53 worker  42 get order:  &{1 [mr-tmp-0-5 mr-tmp-1-5 mr-tmp-2-5 mr-tmp-3-5 mr-tmp-4-5 mr-tmp-5-5 mr-tmp-6-5 mr-tmp-7-5] 13 0}  order Type 1
2024/03/05 08:39:54 start 13 map
2024/03/05 08:39:54 Worker finish order 13, order type 1
2024/03/05 08:39:55 42 :  call for  9  times
2024/03/05 08:39:55 CallOrder: worker get response &{1 [mr-tmp-0-7 mr-tmp-1-7 mr-tmp-2-7 mr-tmp-3-7 mr-tmp-4-7 mr-tmp-5-7 mr-tmp-6-7 mr-tmp-7-7] 15 0}
2024/03/05 08:39:55 worker  42 get order:  &{1 [mr-tmp-0-7 mr-tmp-1-7 mr-tmp-2-7 mr-tmp-3-7 mr-tmp-4-7 mr-tmp-5-7 mr-tmp-6-7 mr-tmp-7-7] 15 0}  order Type 1
2024/03/05 08:39:55 start 15 map
2024/03/05 08:39:55 Worker finish order 15, order type 1
2024/03/05 08:39:56 42 :  call for  10  times
2024/03/05 08:39:56 CallOrder: worker get response &{1 [mr-tmp-0-9 mr-tmp-1-9 mr-tmp-2-9 mr-tmp-3-9 mr-tmp-4-9 mr-tmp-5-9 mr-tmp-6-9 mr-tmp-7-9] 17 0}
2024/03/05 08:39:56 worker  42 get order:  &{1 [mr-tmp-0-9 mr-tmp-1-9 mr-tmp-2-9 mr-tmp-3-9 mr-tmp-4-9 mr-tmp-5-9 mr-tmp-6-9 mr-tmp-7-9] 17 0}  order Type 1
2024/03/05 08:39:57 start 17 map
2024/03/05 08:39:57 Worker finish order 17, order type 1
2024/03/05 08:39:58 42 :  call for  11  times
2024/03/05 08:39:58 CallOrder: worker get response &{4 [] 0 0}
2024/03/05 08:39:58 worker  42 get order:  &{4 [] 0 0}  order Type 4
2024/03/05 08:39:59 42  killed
