2024/03/05 11:48:24 24 :  call for  1  times
2024/03/05 11:48:24 CallOrder: worker get response &{0 [../pg-dorian_gray.txt] 1 10}
2024/03/05 11:48:24 worker  24 get order:  &{0 [../pg-dorian_gray.txt] 1 10}  order Type 0
2024/03/05 11:48:26 start 1 map
2024/03/05 11:48:26 Worker finish order 1, order type 0
2024/03/05 11:48:27 24 :  call for  2  times
2024/03/05 11:48:27 CallOrder: worker get response &{0 [../pg-metamorphosis.txt] 5 10}
2024/03/05 11:48:27 worker  24 get order:  &{0 [../pg-metamorphosis.txt] 5 10}  order Type 0
2024/03/05 11:48:28 start 5 map
2024/03/05 11:48:28 Worker finish order 5, order type 0
2024/03/05 11:48:29 24 :  call for  3  times
2024/03/05 11:48:29 CallOrder: worker get response &{0 [../pg-sherlock_holmes.txt] 6 10}
2024/03/05 11:48:29 worker  24 get order:  &{0 [../pg-sherlock_holmes.txt] 6 10}  order Type 0
2024/03/05 11:48:31 start 6 map
2024/03/05 11:48:31 Worker finish order 6, order type 0
2024/03/05 11:48:32 24 :  call for  4  times
2024/03/05 11:48:32 CallOrder: worker get response &{1 [mr-tmp-0-1 mr-tmp-1-1 mr-tmp-2-1 mr-tmp-3-1 mr-tmp-4-1 mr-tmp-5-1 mr-tmp-6-1 mr-tmp-7-1] 9 0}
2024/03/05 11:48:32 worker  24 get order:  &{1 [mr-tmp-0-1 mr-tmp-1-1 mr-tmp-2-1 mr-tmp-3-1 mr-tmp-4-1 mr-tmp-5-1 mr-tmp-6-1 mr-tmp-7-1] 9 0}  order Type 1
2024/03/05 11:48:33 start 9 map
2024/03/05 11:48:33 Worker finish order 9, order type 1
2024/03/05 11:48:34 24 :  call for  5  times
2024/03/05 11:48:34 CallOrder: worker get response &{1 [mr-tmp-0-3 mr-tmp-1-3 mr-tmp-2-3 mr-tmp-3-3 mr-tmp-4-3 mr-tmp-5-3 mr-tmp-6-3 mr-tmp-7-3] 11 0}
2024/03/05 11:48:34 worker  24 get order:  &{1 [mr-tmp-0-3 mr-tmp-1-3 mr-tmp-2-3 mr-tmp-3-3 mr-tmp-4-3 mr-tmp-5-3 mr-tmp-6-3 mr-tmp-7-3] 11 0}  order Type 1
2024/03/05 11:48:35 start 11 map
2024/03/05 11:48:35 Worker finish order 11, order type 1
2024/03/05 11:48:36 24 :  call for  6  times
2024/03/05 11:48:36 CallOrder: worker get response &{1 [mr-tmp-0-5 mr-tmp-1-5 mr-tmp-2-5 mr-tmp-3-5 mr-tmp-4-5 mr-tmp-5-5 mr-tmp-6-5 mr-tmp-7-5] 13 0}
2024/03/05 11:48:36 worker  24 get order:  &{1 [mr-tmp-0-5 mr-tmp-1-5 mr-tmp-2-5 mr-tmp-3-5 mr-tmp-4-5 mr-tmp-5-5 mr-tmp-6-5 mr-tmp-7-5] 13 0}  order Type 1
2024/03/05 11:48:36 start 13 map
2024/03/05 11:48:36 Worker finish order 13, order type 1
2024/03/05 11:48:37 24 :  call for  7  times
2024/03/05 11:48:37 CallOrder: worker get response &{1 [mr-tmp-0-8 mr-tmp-1-8 mr-tmp-2-8 mr-tmp-3-8 mr-tmp-4-8 mr-tmp-5-8 mr-tmp-6-8 mr-tmp-7-8] 16 0}
2024/03/05 11:48:37 worker  24 get order:  &{1 [mr-tmp-0-8 mr-tmp-1-8 mr-tmp-2-8 mr-tmp-3-8 mr-tmp-4-8 mr-tmp-5-8 mr-tmp-6-8 mr-tmp-7-8] 16 0}  order Type 1
2024/03/05 11:48:38 start 16 map
2024/03/05 11:48:38 Worker finish order 16, order type 1
2024/03/05 11:48:39 24 :  call for  8  times
2024/03/05 11:48:39 CallOrder: worker get response &{3 [] 0 0}
2024/03/05 11:48:39 worker  24 get order:  &{3 [] 0 0}  order Type 3
2024/03/05 11:48:39 24  waiting for order
2024/03/05 11:48:41 24 :  call for  9  times
2024/03/05 11:48:41 dialing:dial unix /var/tmp/824-mr-0: connect: connection refused
