2024/03/05 10:01:02 2 :  call for  1  times
2024/03/05 10:01:02 CallOrder: worker get response &{0 [../pg-dorian_gray.txt] 1 10}
2024/03/05 10:01:02 worker  2 get order:  &{0 [../pg-dorian_gray.txt] 1 10}  order Type 0
2024/03/05 10:01:06 start 1 map
2024/03/05 10:01:06 Worker finish order 1, order type 0
2024/03/05 10:01:07 2 :  call for  2  times
2024/03/05 10:01:07 CallOrder: worker get response &{0 [../pg-grimm.txt] 3 10}
2024/03/05 10:01:07 worker  2 get order:  &{0 [../pg-grimm.txt] 3 10}  order Type 0
2024/03/05 10:01:11 start 3 map
2024/03/05 10:01:11 Worker finish order 3, order type 0
2024/03/05 10:01:12 2 :  call for  3  times
2024/03/05 10:01:12 CallOrder: worker get response &{0 [../pg-metamorphosis.txt] 5 10}
2024/03/05 10:01:12 worker  2 get order:  &{0 [../pg-metamorphosis.txt] 5 10}  order Type 0
2024/03/05 10:01:15 start 5 map
2024/03/05 10:01:15 Worker finish order 5, order type 0
2024/03/05 10:01:16 2 :  call for  4  times
2024/03/05 10:01:16 CallOrder: worker get response &{0 [../pg-tom_sawyer.txt] 7 10}
2024/03/05 10:01:16 worker  2 get order:  &{0 [../pg-tom_sawyer.txt] 7 10}  order Type 0
2024/03/05 10:01:19 start 7 map
2024/03/05 10:01:19 Worker finish order 7, order type 0
2024/03/05 10:01:20 2 :  call for  5  times
2024/03/05 10:01:20 CallOrder: worker get response &{2 [] 0 0}
2024/03/05 10:01:20 worker  2 get order:  &{2 [] 0 0}  order Type 2
2024/03/05 10:01:20 2  waiting for order
2024/03/05 10:01:22 2 :  call for  6  times
2024/03/05 10:01:22 CallOrder: worker get response &{1 [mr-tmp-0-2 mr-tmp-1-2 mr-tmp-2-2 mr-tmp-3-2 mr-tmp-4-2 mr-tmp-5-2 mr-tmp-6-2 mr-tmp-7-2] 10 0}
2024/03/05 10:01:22 worker  2 get order:  &{1 [mr-tmp-0-2 mr-tmp-1-2 mr-tmp-2-2 mr-tmp-3-2 mr-tmp-4-2 mr-tmp-5-2 mr-tmp-6-2 mr-tmp-7-2] 10 0}  order Type 1
2024/03/05 10:01:22 start 10 map
2024/03/05 10:01:22 Worker finish order 10, order type 1
2024/03/05 10:01:23 2 :  call for  7  times
2024/03/05 10:01:23 CallOrder: worker get response &{1 [mr-tmp-0-4 mr-tmp-1-4 mr-tmp-2-4 mr-tmp-3-4 mr-tmp-4-4 mr-tmp-5-4 mr-tmp-6-4 mr-tmp-7-4] 12 0}
2024/03/05 10:01:23 worker  2 get order:  &{1 [mr-tmp-0-4 mr-tmp-1-4 mr-tmp-2-4 mr-tmp-3-4 mr-tmp-4-4 mr-tmp-5-4 mr-tmp-6-4 mr-tmp-7-4] 12 0}  order Type 1
2024/03/05 10:01:23 start 12 map
2024/03/05 10:01:23 Worker finish order 12, order type 1
2024/03/05 10:01:24 2 :  call for  8  times
2024/03/05 10:01:24 CallOrder: worker get response &{1 [mr-tmp-0-6 mr-tmp-1-6 mr-tmp-2-6 mr-tmp-3-6 mr-tmp-4-6 mr-tmp-5-6 mr-tmp-6-6 mr-tmp-7-6] 14 0}
2024/03/05 10:01:24 worker  2 get order:  &{1 [mr-tmp-0-6 mr-tmp-1-6 mr-tmp-2-6 mr-tmp-3-6 mr-tmp-4-6 mr-tmp-5-6 mr-tmp-6-6 mr-tmp-7-6] 14 0}  order Type 1
2024/03/05 10:01:24 start 14 map
2024/03/05 10:01:24 Worker finish order 14, order type 1
2024/03/05 10:01:25 2 :  call for  9  times
2024/03/05 10:01:25 CallOrder: worker get response &{1 [mr-tmp-0-8 mr-tmp-1-8 mr-tmp-2-8 mr-tmp-3-8 mr-tmp-4-8 mr-tmp-5-8 mr-tmp-6-8 mr-tmp-7-8] 16 0}
2024/03/05 10:01:25 worker  2 get order:  &{1 [mr-tmp-0-8 mr-tmp-1-8 mr-tmp-2-8 mr-tmp-3-8 mr-tmp-4-8 mr-tmp-5-8 mr-tmp-6-8 mr-tmp-7-8] 16 0}  order Type 1
2024/03/05 10:01:25 start 16 map
2024/03/05 10:01:25 Worker finish order 16, order type 1
2024/03/05 10:01:26 2 :  call for  10  times
2024/03/05 10:01:26 CallOrder: worker get response &{3 [] 0 0}
2024/03/05 10:01:26 worker  2 get order:  &{3 [] 0 0}  order Type 3
2024/03/05 10:01:26 2  waiting for order
2024/03/05 10:01:28 2 :  call for  11  times
2024/03/05 10:01:28 dialing:dial unix /var/tmp/824-mr-0: connect: connection refused
