2024/03/05 10:34:20 20 :  call for  1  times
2024/03/05 10:34:20 CallOrder: worker get response &{0 [../pg-being_ernest.txt] 0 10}
2024/03/05 10:34:20 worker  20 get order:  &{0 [../pg-being_ernest.txt] 0 10}  order Type 0
2024/03/05 10:34:20 start 0 map
2024/03/05 10:34:20 Worker finish order 0, order type 0
2024/03/05 10:34:21 20 :  call for  2  times
2024/03/05 10:34:21 CallOrder: worker get response &{0 [../pg-grimm.txt] 3 10}
2024/03/05 10:34:21 worker  20 get order:  &{0 [../pg-grimm.txt] 3 10}  order Type 0
2024/03/05 10:34:24 start 3 map
2024/03/05 10:34:24 Worker finish order 3, order type 0
2024/03/05 10:34:25 20 :  call for  3  times
2024/03/05 10:34:25 CallOrder: worker get response &{0 [../pg-tom_sawyer.txt] 7 10}
2024/03/05 10:34:25 worker  20 get order:  &{0 [../pg-tom_sawyer.txt] 7 10}  order Type 0
2024/03/05 10:34:27 start 7 map
2024/03/05 10:34:27 Worker finish order 7, order type 0
2024/03/05 10:34:28 20 :  call for  4  times
2024/03/05 10:34:28 CallOrder: worker get response &{2 [] 0 0}
2024/03/05 10:34:28 worker  20 get order:  &{2 [] 0 0}  order Type 2
2024/03/05 10:34:28 20  waiting for order
2024/03/05 10:34:30 20 :  call for  5  times
2024/03/05 10:34:30 CallOrder: worker get response &{1 [mr-tmp-0-3 mr-tmp-1-3 mr-tmp-2-3 mr-tmp-3-3 mr-tmp-4-3 mr-tmp-5-3 mr-tmp-6-3 mr-tmp-7-3] 11 0}
2024/03/05 10:34:30 worker  20 get order:  &{1 [mr-tmp-0-3 mr-tmp-1-3 mr-tmp-2-3 mr-tmp-3-3 mr-tmp-4-3 mr-tmp-5-3 mr-tmp-6-3 mr-tmp-7-3] 11 0}  order Type 1
2024/03/05 10:34:31 start 11 map
2024/03/05 10:34:31 Worker finish order 11, order type 1
2024/03/05 10:34:32 20 :  call for  6  times
2024/03/05 10:34:32 CallOrder: worker get response &{1 [mr-tmp-0-5 mr-tmp-1-5 mr-tmp-2-5 mr-tmp-3-5 mr-tmp-4-5 mr-tmp-5-5 mr-tmp-6-5 mr-tmp-7-5] 13 0}
2024/03/05 10:34:32 worker  20 get order:  &{1 [mr-tmp-0-5 mr-tmp-1-5 mr-tmp-2-5 mr-tmp-3-5 mr-tmp-4-5 mr-tmp-5-5 mr-tmp-6-5 mr-tmp-7-5] 13 0}  order Type 1
2024/03/05 10:34:32 start 13 map
2024/03/05 10:34:32 Worker finish order 13, order type 1
2024/03/05 10:34:33 20 :  call for  7  times
2024/03/05 10:34:33 CallOrder: worker get response &{1 [mr-tmp-0-8 mr-tmp-1-8 mr-tmp-2-8 mr-tmp-3-8 mr-tmp-4-8 mr-tmp-5-8 mr-tmp-6-8 mr-tmp-7-8] 16 0}
2024/03/05 10:34:33 worker  20 get order:  &{1 [mr-tmp-0-8 mr-tmp-1-8 mr-tmp-2-8 mr-tmp-3-8 mr-tmp-4-8 mr-tmp-5-8 mr-tmp-6-8 mr-tmp-7-8] 16 0}  order Type 1
2024/03/05 10:34:34 start 16 map
2024/03/05 10:34:34 Worker finish order 16, order type 1
2024/03/05 10:34:35 20 :  call for  8  times
2024/03/05 10:34:35 CallOrder: worker get response &{3 [] 0 0}
2024/03/05 10:34:35 worker  20 get order:  &{3 [] 0 0}  order Type 3
2024/03/05 10:34:35 20  waiting for order
2024/03/05 10:34:37 20 :  call for  9  times
2024/03/05 10:34:37 CallOrder: worker get response &{4 [] 0 0}
2024/03/05 10:34:37 worker  20 get order:  &{4 [] 0 0}  order Type 4
2024/03/05 10:34:38 20  killed
