2024/03/05 02:29:13 13 :  call for  1  times
2024/03/05 02:29:13 CallOrder: worker get response &{1 [mr-tmp-0-8 mr-tmp-1-8 mr-tmp-2-8 mr-tmp-3-8 mr-tmp-4-8 mr-tmp-5-8 mr-tmp-6-8 mr-tmp-7-8] 16 0}
2024/03/05 02:29:13 worker  13 get order:  &{1 [mr-tmp-0-8 mr-tmp-1-8 mr-tmp-2-8 mr-tmp-3-8 mr-tmp-4-8 mr-tmp-5-8 mr-tmp-6-8 mr-tmp-7-8] 16 0}  order Type 1
2024/03/05 02:29:13 start 16 map
2024/03/05 02:29:13 Worker finish order 16, order type 1
2024/03/05 02:29:14 13 :  call for  2  times
2024/03/05 02:29:14 CallOrder: worker get response &{3 [] 0 0}
2024/03/05 02:29:14 worker  13 get order:  &{3 [] 0 0}  order Type 3
2024/03/05 02:29:14 13  waiting for order
2024/03/05 02:29:16 13 :  call for  3  times
2024/03/05 02:29:16 CallOrder: worker get response &{3 [] 0 0}
2024/03/05 02:29:16 worker  13 get order:  &{3 [] 0 0}  order Type 3
2024/03/05 02:29:16 13  waiting for order
2024/03/05 02:29:18 13 :  call for  4  times
2024/03/05 02:29:18 CallOrder: worker get response &{3 [] 0 0}
2024/03/05 02:29:18 worker  13 get order:  &{3 [] 0 0}  order Type 3
2024/03/05 02:29:18 13  waiting for order
2024/03/05 02:29:20 13 :  call for  5  times
2024/03/05 02:29:20 CallOrder: worker get response &{3 [] 0 0}
2024/03/05 02:29:20 worker  13 get order:  &{3 [] 0 0}  order Type 3
2024/03/05 02:29:20 13  waiting for order
2024/03/05 02:29:22 13 :  call for  6  times
2024/03/05 02:29:22 CallOrder: worker get response &{3 [] 0 0}
2024/03/05 02:29:22 worker  13 get order:  &{3 [] 0 0}  order Type 3
2024/03/05 02:29:22 13  waiting for order
2024/03/05 02:29:24 13 :  call for  7  times
2024/03/05 02:29:24 CallOrder: worker get response &{1 [mr-tmp-0-5 mr-tmp-1-5 mr-tmp-2-5 mr-tmp-3-5 mr-tmp-4-5 mr-tmp-5-5 mr-tmp-6-5 mr-tmp-7-5] 13 0}
2024/03/05 02:29:24 worker  13 get order:  &{1 [mr-tmp-0-5 mr-tmp-1-5 mr-tmp-2-5 mr-tmp-3-5 mr-tmp-4-5 mr-tmp-5-5 mr-tmp-6-5 mr-tmp-7-5] 13 0}  order Type 1
2024/03/05 02:29:24 start 13 map
2024/03/05 02:29:24 Worker finish order 13, order type 1
2024/03/05 02:29:25 13 :  call for  8  times
2024/03/05 02:29:25 CallOrder: worker get response &{3 [] 0 0}
2024/03/05 02:29:25 worker  13 get order:  &{3 [] 0 0}  order Type 3
2024/03/05 02:29:25 13  waiting for order
2024/03/05 02:29:27 13 :  call for  9  times
2024/03/05 02:29:27 CallOrder: worker get response &{3 [] 0 0}
2024/03/05 02:29:27 worker  13 get order:  &{3 [] 0 0}  order Type 3
2024/03/05 02:29:27 13  waiting for order
2024/03/05 02:29:29 13 :  call for  10  times
2024/03/05 02:29:29 CallOrder: worker get response &{3 [] 0 0}
2024/03/05 02:29:29 worker  13 get order:  &{3 [] 0 0}  order Type 3
2024/03/05 02:29:29 13  waiting for order
2024/03/05 02:29:31 13 :  call for  11  times
2024/03/05 02:29:31 CallOrder: worker get response &{3 [] 0 0}
2024/03/05 02:29:31 worker  13 get order:  &{3 [] 0 0}  order Type 3
2024/03/05 02:29:31 13  waiting for order
2024/03/05 02:29:33 13 :  call for  12  times
2024/03/05 02:29:33 CallOrder: worker get response &{3 [] 0 0}
2024/03/05 02:29:33 worker  13 get order:  &{3 [] 0 0}  order Type 3
2024/03/05 02:29:33 13  waiting for order
2024/03/05 02:29:35 13 :  call for  13  times
2024/03/05 02:29:35 CallOrder: worker get response &{1 [mr-tmp-0-9 mr-tmp-1-9 mr-tmp-2-9 mr-tmp-3-9 mr-tmp-4-9 mr-tmp-5-9 mr-tmp-6-9 mr-tmp-7-9] 17 0}
2024/03/05 02:29:35 worker  13 get order:  &{1 [mr-tmp-0-9 mr-tmp-1-9 mr-tmp-2-9 mr-tmp-3-9 mr-tmp-4-9 mr-tmp-5-9 mr-tmp-6-9 mr-tmp-7-9] 17 0}  order Type 1
