2024/03/05 03:38:08 8 :  call for  1  times
2024/03/05 03:38:08 CallOrder: worker get response &{1 [mr-tmp-0-2 mr-tmp-1-2 mr-tmp-2-2 mr-tmp-3-2 mr-tmp-4-2 mr-tmp-5-2 mr-tmp-6-2 mr-tmp-7-2] 10 0}
2024/03/05 03:38:08 worker  8 get order:  &{1 [mr-tmp-0-2 mr-tmp-1-2 mr-tmp-2-2 mr-tmp-3-2 mr-tmp-4-2 mr-tmp-5-2 mr-tmp-6-2 mr-tmp-7-2] 10 0}  order Type 1
2024/03/05 03:38:08 start 10 map
2024/03/05 03:38:08 Worker finish order 10, order type 1
2024/03/05 03:38:09 8 :  call for  2  times
2024/03/05 03:38:09 CallOrder: worker get response &{3 [] 0 0}
2024/03/05 03:38:09 worker  8 get order:  &{3 [] 0 0}  order Type 3
2024/03/05 03:38:09 8  waiting for order
2024/03/05 03:38:11 8 :  call for  3  times
2024/03/05 03:38:11 CallOrder: worker get response &{3 [] 0 0}
2024/03/05 03:38:11 worker  8 get order:  &{3 [] 0 0}  order Type 3
2024/03/05 03:38:11 8  waiting for order
2024/03/05 03:38:13 8 :  call for  4  times
2024/03/05 03:38:13 CallOrder: worker get response &{3 [] 0 0}
2024/03/05 03:38:13 worker  8 get order:  &{3 [] 0 0}  order Type 3
2024/03/05 03:38:13 8  waiting for order
2024/03/05 03:38:15 8 :  call for  5  times
2024/03/05 03:38:15 CallOrder: worker get response &{3 [] 0 0}
2024/03/05 03:38:15 worker  8 get order:  &{3 [] 0 0}  order Type 3
2024/03/05 03:38:15 8  waiting for order
2024/03/05 03:38:17 8 :  call for  6  times
2024/03/05 03:38:17 CallOrder: worker get response &{3 [] 0 0}
2024/03/05 03:38:17 worker  8 get order:  &{3 [] 0 0}  order Type 3
2024/03/05 03:38:17 8  waiting for order
2024/03/05 03:38:19 8 :  call for  7  times
2024/03/05 03:38:19 CallOrder: worker get response &{4 [] 0 0}
2024/03/05 03:38:19 worker  8 get order:  &{4 [] 0 0}  order Type 4
2024/03/05 03:38:20 8  killed
