2024/03/05 02:51:24 24 :  call for  1  times
2024/03/05 02:51:24 CallOrder: worker get response &{0 [../pg-dorian_gray.txt] 1 10}
2024/03/05 02:51:24 worker  24 get order:  &{0 [../pg-dorian_gray.txt] 1 10}  order Type 0
2024/03/05 02:51:26 start 1 map
2024/03/05 02:51:26 Worker finish order 1, order type 0
2024/03/05 02:51:27 24 :  call for  2  times
2024/03/05 02:51:27 CallOrder: worker get response &{0 [../pg-metamorphosis.txt] 5 10}
2024/03/05 02:51:27 worker  24 get order:  &{0 [../pg-metamorphosis.txt] 5 10}  order Type 0
2024/03/05 02:51:27 start 5 map
2024/03/05 02:51:27 Worker finish order 5, order type 0
2024/03/05 02:51:28 24 :  call for  3  times
2024/03/05 02:51:28 CallOrder: worker get response &{0 [../pg-sherlock_holmes.txt] 6 10}
2024/03/05 02:51:28 worker  24 get order:  &{0 [../pg-sherlock_holmes.txt] 6 10}  order Type 0
2024/03/05 02:51:30 start 6 map
2024/03/05 02:51:30 Worker finish order 6, order type 0
2024/03/05 02:51:31 24 :  call for  4  times
2024/03/05 02:51:31 CallOrder: worker get response &{1 [mr-tmp-0-0 mr-tmp-1-0 mr-tmp-2-0 mr-tmp-3-0 mr-tmp-4-0 mr-tmp-5-0 mr-tmp-6-0 mr-tmp-7-0] 8 0}
2024/03/05 02:51:31 worker  24 get order:  &{1 [mr-tmp-0-0 mr-tmp-1-0 mr-tmp-2-0 mr-tmp-3-0 mr-tmp-4-0 mr-tmp-5-0 mr-tmp-6-0 mr-tmp-7-0] 8 0}  order Type 1
2024/03/05 02:51:32 start 8 map
2024/03/05 02:51:32 Worker finish order 8, order type 1
2024/03/05 02:51:33 24 :  call for  5  times
2024/03/05 02:51:33 CallOrder: worker get response &{1 [mr-tmp-0-2 mr-tmp-1-2 mr-tmp-2-2 mr-tmp-3-2 mr-tmp-4-2 mr-tmp-5-2 mr-tmp-6-2 mr-tmp-7-2] 10 0}
2024/03/05 02:51:33 worker  24 get order:  &{1 [mr-tmp-0-2 mr-tmp-1-2 mr-tmp-2-2 mr-tmp-3-2 mr-tmp-4-2 mr-tmp-5-2 mr-tmp-6-2 mr-tmp-7-2] 10 0}  order Type 1
2024/03/05 02:51:34 start 10 map
2024/03/05 02:51:34 Worker finish order 10, order type 1
2024/03/05 02:51:35 24 :  call for  6  times
2024/03/05 02:51:35 CallOrder: worker get response &{1 [mr-tmp-0-7 mr-tmp-1-7 mr-tmp-2-7 mr-tmp-3-7 mr-tmp-4-7 mr-tmp-5-7 mr-tmp-6-7 mr-tmp-7-7] 15 0}
2024/03/05 02:51:35 worker  24 get order:  &{1 [mr-tmp-0-7 mr-tmp-1-7 mr-tmp-2-7 mr-tmp-3-7 mr-tmp-4-7 mr-tmp-5-7 mr-tmp-6-7 mr-tmp-7-7] 15 0}  order Type 1
2024/03/05 02:51:37 start 15 map
2024/03/05 02:51:37 Worker finish order 15, order type 1
2024/03/05 02:51:38 24 :  call for  7  times
2024/03/05 02:51:38 CallOrder: worker get response &{1 [mr-tmp-0-9 mr-tmp-1-9 mr-tmp-2-9 mr-tmp-3-9 mr-tmp-4-9 mr-tmp-5-9 mr-tmp-6-9 mr-tmp-7-9] 17 0}
2024/03/05 02:51:38 worker  24 get order:  &{1 [mr-tmp-0-9 mr-tmp-1-9 mr-tmp-2-9 mr-tmp-3-9 mr-tmp-4-9 mr-tmp-5-9 mr-tmp-6-9 mr-tmp-7-9] 17 0}  order Type 1
2024/03/05 02:51:38 start 17 map
2024/03/05 02:51:38 Worker finish order 17, order type 1
2024/03/05 02:51:39 24 :  call for  8  times
2024/03/05 02:51:39 CallOrder: worker get response &{4 [] 0 0}
2024/03/05 02:51:39 worker  24 get order:  &{4 [] 0 0}  order Type 4
2024/03/05 02:51:40 24  killed
