2024/03/04 22:42:06 6 :  call for  1  times
2024/03/04 22:42:06 CallOrder: worker get response &{2 [] 0 0}
2024/03/04 22:42:06 worker  6 get order:  &{2 [] 0 0}  order Type 2
2024/03/04 22:42:06 6  waiting for order
2024/03/04 22:42:08 6 :  call for  2  times
2024/03/04 22:42:08 CallOrder: worker get response &{2 [] 0 0}
2024/03/04 22:42:08 worker  6 get order:  &{2 [] 0 0}  order Type 2
2024/03/04 22:42:08 6  waiting for order
2024/03/04 22:42:10 6 :  call for  3  times
2024/03/04 22:42:10 CallOrder: worker get response &{2 [] 0 0}
2024/03/04 22:42:10 worker  6 get order:  &{2 [] 0 0}  order Type 2
2024/03/04 22:42:10 6  waiting for order
2024/03/04 22:42:12 6 :  call for  4  times
2024/03/04 22:42:12 CallOrder: worker get response &{2 [] 0 0}
2024/03/04 22:42:12 worker  6 get order:  &{2 [] 0 0}  order Type 2
2024/03/04 22:42:12 6  waiting for order
2024/03/04 22:42:14 6 :  call for  5  times
2024/03/04 22:42:14 CallOrder: worker get response &{0 [../pg-being_ernest.txt] 0 10}
2024/03/04 22:42:14 worker  6 get order:  &{0 [../pg-being_ernest.txt] 0 10}  order Type 0
2024/03/04 22:42:19 start 0 map
2024/03/04 22:42:19 Worker finish order 0, order type 0
2024/03/04 22:42:20 6 :  call for  6  times
2024/03/04 22:42:20 CallOrder: worker get response &{2 [] 0 0}
2024/03/04 22:42:20 worker  6 get order:  &{2 [] 0 0}  order Type 2
2024/03/04 22:42:20 6  waiting for order
2024/03/04 22:42:22 6 :  call for  7  times
2024/03/04 22:42:22 CallOrder: worker get response &{2 [] 0 0}
2024/03/04 22:42:22 worker  6 get order:  &{2 [] 0 0}  order Type 2
2024/03/04 22:42:22 6  waiting for order
2024/03/04 22:42:24 6 :  call for  8  times
2024/03/04 22:42:24 CallOrder: worker get response &{2 [] 0 0}
2024/03/04 22:42:24 worker  6 get order:  &{2 [] 0 0}  order Type 2
2024/03/04 22:42:24 6  waiting for order
2024/03/04 22:42:26 6 :  call for  9  times
2024/03/04 22:42:26 CallOrder: worker get response &{2 [] 0 0}
2024/03/04 22:42:26 worker  6 get order:  &{2 [] 0 0}  order Type 2
2024/03/04 22:42:26 6  waiting for order
2024/03/04 22:42:28 6 :  call for  10  times
2024/03/04 22:42:28 CallOrder: worker get response &{2 [] 0 0}
2024/03/04 22:42:28 worker  6 get order:  &{2 [] 0 0}  order Type 2
2024/03/04 22:42:28 6  waiting for order
2024/03/04 22:42:30 6 :  call for  11  times
2024/03/04 22:42:30 CallOrder: worker get response &{2 [] 0 0}
2024/03/04 22:42:30 worker  6 get order:  &{2 [] 0 0}  order Type 2
2024/03/04 22:42:30 6  waiting for order
2024/03/04 22:42:32 6 :  call for  12  times
2024/03/04 22:42:32 CallOrder: worker get response &{2 [] 0 0}
2024/03/04 22:42:32 worker  6 get order:  &{2 [] 0 0}  order Type 2
2024/03/04 22:42:32 6  waiting for order
2024/03/04 22:42:34 6 :  call for  13  times
2024/03/04 22:42:34 CallOrder: worker get response &{2 [] 0 0}
2024/03/04 22:42:34 worker  6 get order:  &{2 [] 0 0}  order Type 2
2024/03/04 22:42:34 6  waiting for order
2024/03/04 22:42:36 6 :  call for  14  times
2024/03/04 22:42:36 CallOrder: worker get response &{2 [] 0 0}
2024/03/04 22:42:36 worker  6 get order:  &{2 [] 0 0}  order Type 2
2024/03/04 22:42:36 6  waiting for order
2024/03/04 22:42:38 6 :  call for  15  times
2024/03/04 22:42:38 CallOrder: worker get response &{2 [] 0 0}
2024/03/04 22:42:38 worker  6 get order:  &{2 [] 0 0}  order Type 2
2024/03/04 22:42:38 6  waiting for order
2024/03/04 22:42:40 6 :  call for  16  times
2024/03/04 22:42:40 CallOrder: worker get response &{1 [mr-tmp-0-3 mr-tmp-1-3 mr-tmp-2-3 mr-tmp-3-3 mr-tmp-4-3 mr-tmp-5-3 mr-tmp-6-3 mr-tmp-7-3] 11 0}
2024/03/04 22:42:40 worker  6 get order:  &{1 [mr-tmp-0-3 mr-tmp-1-3 mr-tmp-2-3 mr-tmp-3-3 mr-tmp-4-3 mr-tmp-5-3 mr-tmp-6-3 mr-tmp-7-3] 11 0}  order Type 1
2024/03/04 22:42:40 start 11 map
2024/03/04 22:42:40 Worker finish order 11, order type 1
2024/03/04 22:42:41 6 :  call for  17  times
2024/03/04 22:42:41 CallOrder: worker get response &{1 [mr-tmp-0-6 mr-tmp-1-6 mr-tmp-2-6 mr-tmp-3-6 mr-tmp-4-6 mr-tmp-5-6 mr-tmp-6-6 mr-tmp-7-6] 14 0}
2024/03/04 22:42:41 worker  6 get order:  &{1 [mr-tmp-0-6 mr-tmp-1-6 mr-tmp-2-6 mr-tmp-3-6 mr-tmp-4-6 mr-tmp-5-6 mr-tmp-6-6 mr-tmp-7-6] 14 0}  order Type 1
2024/03/04 22:42:41 start 14 map
2024/03/04 22:42:41 Worker finish order 14, order type 1
2024/03/04 22:42:42 6 :  call for  18  times
2024/03/04 22:42:42 CallOrder: worker get response &{1 [mr-tmp-0-9 mr-tmp-1-9 mr-tmp-2-9 mr-tmp-3-9 mr-tmp-4-9 mr-tmp-5-9 mr-tmp-6-9 mr-tmp-7-9] 17 0}
2024/03/04 22:42:42 worker  6 get order:  &{1 [mr-tmp-0-9 mr-tmp-1-9 mr-tmp-2-9 mr-tmp-3-9 mr-tmp-4-9 mr-tmp-5-9 mr-tmp-6-9 mr-tmp-7-9] 17 0}  order Type 1
2024/03/04 22:42:45 start 17 map
2024/03/04 22:42:45 Worker finish order 17, order type 1
2024/03/04 22:42:46 6 :  call for  19  times
2024/03/04 22:42:46 CallOrder: worker get response &{3 [] 0 0}
2024/03/04 22:42:46 worker  6 get order:  &{3 [] 0 0}  order Type 3
2024/03/04 22:42:46 6  waiting for order
2024/03/04 22:42:48 6 :  call for  20  times
2024/03/04 22:42:48 CallOrder: worker get response &{3 [] 0 0}
2024/03/04 22:42:48 worker  6 get order:  &{3 [] 0 0}  order Type 3
2024/03/04 22:42:48 6  waiting for order
2024/03/04 22:42:50 6 :  call for  21  times
2024/03/04 22:42:50 CallOrder: worker get response &{1 [mr-tmp-0-0 mr-tmp-1-0 mr-tmp-2-0 mr-tmp-3-0 mr-tmp-4-0 mr-tmp-5-0 mr-tmp-6-0 mr-tmp-7-0] 8 0}
2024/03/04 22:42:50 worker  6 get order:  &{1 [mr-tmp-0-0 mr-tmp-1-0 mr-tmp-2-0 mr-tmp-3-0 mr-tmp-4-0 mr-tmp-5-0 mr-tmp-6-0 mr-tmp-7-0] 8 0}  order Type 1
2024/03/04 22:42:58 start 8 map
2024/03/04 22:42:58 Worker finish order 8, order type 1
2024/03/04 22:42:59 6 :  call for  22  times
2024/03/04 22:42:59 CallOrder: worker get response &{4 [] 0 0}
2024/03/04 22:42:59 worker  6 get order:  &{4 [] 0 0}  order Type 4
2024/03/04 22:43:00 6  killed
