2024/03/05 02:28:29 29 :  call for  1  times
2024/03/05 02:28:29 CallOrder: worker get response &{0 [../pg-sherlock_holmes.txt] 6 10}
2024/03/05 02:28:29 worker  29 get order:  &{0 [../pg-sherlock_holmes.txt] 6 10}  order Type 0
2024/03/05 02:28:29 start 6 map
2024/03/05 02:28:29 Worker finish order 6, order type 0
2024/03/05 02:28:30 29 :  call for  2  times
2024/03/05 02:28:30 CallOrder: worker get response &{2 [] 0 0}
2024/03/05 02:28:30 worker  29 get order:  &{2 [] 0 0}  order Type 2
2024/03/05 02:28:30 29  waiting for order
2024/03/05 02:28:32 29 :  call for  3  times
2024/03/05 02:28:32 CallOrder: worker get response &{2 [] 0 0}
2024/03/05 02:28:32 worker  29 get order:  &{2 [] 0 0}  order Type 2
2024/03/05 02:28:32 29  waiting for order
2024/03/05 02:28:34 29 :  call for  4  times
2024/03/05 02:28:34 CallOrder: worker get response &{2 [] 0 0}
2024/03/05 02:28:34 worker  29 get order:  &{2 [] 0 0}  order Type 2
2024/03/05 02:28:34 29  waiting for order
2024/03/05 02:28:36 29 :  call for  5  times
2024/03/05 02:28:36 CallOrder: worker get response &{2 [] 0 0}
2024/03/05 02:28:36 worker  29 get order:  &{2 [] 0 0}  order Type 2
2024/03/05 02:28:36 29  waiting for order
2024/03/05 02:28:38 29 :  call for  6  times
2024/03/05 02:28:38 CallOrder: worker get response &{2 [] 0 0}
2024/03/05 02:28:38 worker  29 get order:  &{2 [] 0 0}  order Type 2
2024/03/05 02:28:38 29  waiting for order
2024/03/05 02:28:40 29 :  call for  7  times
2024/03/05 02:28:40 CallOrder: worker get response &{0 [../pg-metamorphosis.txt] 5 10}
2024/03/05 02:28:40 worker  29 get order:  &{0 [../pg-metamorphosis.txt] 5 10}  order Type 0
