2024/03/04 20:36:28 28 :  call for  1  times
2024/03/04 20:36:28 CallOrder: worker get response &{0 [../pg-frankenstein.txt] 2 10}
2024/03/04 20:36:28 worker  28 get order:  &{0 [../pg-frankenstein.txt] 2 10}  order Type 0
2024/03/04 20:36:28 start 2 map
2024/03/04 20:36:28 Worker finish order 2, order type 0
2024/03/04 20:36:29 28 :  call for  2  times
2024/03/04 20:36:29 CallOrder: worker get response &{0 [../pg-huckleberry_finn.txt] 4 10}
2024/03/04 20:36:29 worker  28 get order:  &{0 [../pg-huckleberry_finn.txt] 4 10}  order Type 0
2024/03/04 20:36:29 start 4 map
2024/03/04 20:36:29 Worker finish order 4, order type 0
2024/03/04 20:36:30 28 :  call for  3  times
2024/03/04 20:36:30 CallOrder: worker get response &{2 [] 0 0}
2024/03/04 20:36:30 worker  28 get order:  &{2 [] 0 0}  order Type 2
2024/03/04 20:36:30 28  waiting for order
2024/03/04 20:36:32 28 :  call for  4  times
2024/03/04 20:36:32 CallOrder: worker get response &{1 [mr-tmp-0-4 mr-tmp-1-4 mr-tmp-2-4 mr-tmp-3-4 mr-tmp-4-4 mr-tmp-5-4 mr-tmp-6-4 mr-tmp-7-4] 12 0}
2024/03/04 20:36:32 worker  28 get order:  &{1 [mr-tmp-0-4 mr-tmp-1-4 mr-tmp-2-4 mr-tmp-3-4 mr-tmp-4-4 mr-tmp-5-4 mr-tmp-6-4 mr-tmp-7-4] 12 0}  order Type 1
2024/03/04 20:36:32 start 12 map
2024/03/04 20:36:32 Worker finish order 12, order type 1
2024/03/04 20:36:33 28 :  call for  5  times
2024/03/04 20:36:33 CallOrder: worker get response &{1 [mr-tmp-0-6 mr-tmp-1-6 mr-tmp-2-6 mr-tmp-3-6 mr-tmp-4-6 mr-tmp-5-6 mr-tmp-6-6 mr-tmp-7-6] 14 0}
2024/03/04 20:36:33 worker  28 get order:  &{1 [mr-tmp-0-6 mr-tmp-1-6 mr-tmp-2-6 mr-tmp-3-6 mr-tmp-4-6 mr-tmp-5-6 mr-tmp-6-6 mr-tmp-7-6] 14 0}  order Type 1
2024/03/04 20:36:36 start 14 map
2024/03/04 20:36:36 Worker finish order 14, order type 1
2024/03/04 20:36:37 28 :  call for  6  times
2024/03/04 20:36:37 CallOrder: worker get response &{4 [] 0 0}
2024/03/04 20:36:37 worker  28 get order:  &{4 [] 0 0}  order Type 4
2024/03/04 20:36:38 28  killed
