2024/03/05 08:58:31 31 :  call for  1  times
2024/03/05 08:58:31 CallOrder: worker get response &{0 [../pg-being_ernest.txt] 0 10}
2024/03/05 08:58:31 worker  31 get order:  &{0 [../pg-being_ernest.txt] 0 10}  order Type 0
2024/03/05 08:58:33 start 0 map
2024/03/05 08:58:33 Worker finish order 0, order type 0
2024/03/05 08:58:34 31 :  call for  2  times
2024/03/05 08:58:34 CallOrder: worker get response &{2 [] 0 0}
2024/03/05 08:58:34 worker  31 get order:  &{2 [] 0 0}  order Type 2
2024/03/05 08:58:34 31  waiting for order
2024/03/05 08:58:36 31 :  call for  3  times
2024/03/05 08:58:36 CallOrder: worker get response &{2 [] 0 0}
2024/03/05 08:58:36 worker  31 get order:  &{2 [] 0 0}  order Type 2
2024/03/05 08:58:36 31  waiting for order
2024/03/05 08:58:38 31 :  call for  4  times
2024/03/05 08:58:38 CallOrder: worker get response &{2 [] 0 0}
2024/03/05 08:58:38 worker  31 get order:  &{2 [] 0 0}  order Type 2
2024/03/05 08:58:38 31  waiting for order
2024/03/05 08:58:40 31 :  call for  5  times
2024/03/05 08:58:40 CallOrder: worker get response &{2 [] 0 0}
2024/03/05 08:58:40 worker  31 get order:  &{2 [] 0 0}  order Type 2
2024/03/05 08:58:40 31  waiting for order
2024/03/05 08:58:42 31 :  call for  6  times
2024/03/05 08:58:42 CallOrder: worker get response &{2 [] 0 0}
2024/03/05 08:58:42 worker  31 get order:  &{2 [] 0 0}  order Type 2
2024/03/05 08:58:42 31  waiting for order
2024/03/05 08:58:44 31 :  call for  7  times
2024/03/05 08:58:44 CallOrder: worker get response &{0 [../pg-tom_sawyer.txt] 7 10}
2024/03/05 08:58:44 worker  31 get order:  &{0 [../pg-tom_sawyer.txt] 7 10}  order Type 0
2024/03/05 08:58:44 start 7 map
2024/03/05 08:58:44 Worker finish order 7, order type 0
2024/03/05 08:58:45 31 :  call for  8  times
2024/03/05 08:58:45 CallOrder: worker get response &{2 [] 0 0}
2024/03/05 08:58:45 worker  31 get order:  &{2 [] 0 0}  order Type 2
2024/03/05 08:58:45 31  waiting for order
2024/03/05 08:58:47 31 :  call for  9  times
2024/03/05 08:58:47 CallOrder: worker get response &{2 [] 0 0}
2024/03/05 08:58:47 worker  31 get order:  &{2 [] 0 0}  order Type 2
2024/03/05 08:58:47 31  waiting for order
2024/03/05 08:58:49 31 :  call for  10  times
2024/03/05 08:58:49 CallOrder: worker get response &{2 [] 0 0}
2024/03/05 08:58:49 worker  31 get order:  &{2 [] 0 0}  order Type 2
2024/03/05 08:58:49 31  waiting for order
2024/03/05 08:58:51 31 :  call for  11  times
2024/03/05 08:58:51 CallOrder: worker get response &{2 [] 0 0}
2024/03/05 08:58:51 worker  31 get order:  &{2 [] 0 0}  order Type 2
2024/03/05 08:58:51 31  waiting for order
2024/03/05 08:58:53 31 :  call for  12  times
2024/03/05 08:58:53 CallOrder: worker get response &{2 [] 0 0}
2024/03/05 08:58:53 worker  31 get order:  &{2 [] 0 0}  order Type 2
2024/03/05 08:58:53 31  waiting for order
2024/03/05 08:58:55 31 :  call for  13  times
2024/03/05 08:58:55 CallOrder: worker get response &{2 [] 0 0}
2024/03/05 08:58:55 worker  31 get order:  &{2 [] 0 0}  order Type 2
2024/03/05 08:58:55 31  waiting for order
2024/03/05 08:58:57 31 :  call for  14  times
2024/03/05 08:58:57 CallOrder: worker get response &{2 [] 0 0}
2024/03/05 08:58:57 worker  31 get order:  &{2 [] 0 0}  order Type 2
2024/03/05 08:58:57 31  waiting for order
2024/03/05 08:58:59 31 :  call for  15  times
2024/03/05 08:58:59 CallOrder: worker get response &{2 [] 0 0}
2024/03/05 08:58:59 worker  31 get order:  &{2 [] 0 0}  order Type 2
2024/03/05 08:58:59 31  waiting for order
2024/03/05 08:59:01 31 :  call for  16  times
2024/03/05 08:59:01 CallOrder: worker get response &{2 [] 0 0}
2024/03/05 08:59:01 worker  31 get order:  &{2 [] 0 0}  order Type 2
2024/03/05 08:59:01 31  waiting for order
2024/03/05 08:59:03 31 :  call for  17  times
2024/03/05 08:59:03 CallOrder: worker get response &{2 [] 0 0}
2024/03/05 08:59:03 worker  31 get order:  &{2 [] 0 0}  order Type 2
2024/03/05 08:59:03 31  waiting for order
2024/03/05 08:59:05 31 :  call for  18  times
2024/03/05 08:59:05 CallOrder: worker get response &{1 [mr-tmp-0-2 mr-tmp-1-2 mr-tmp-2-2 mr-tmp-3-2 mr-tmp-4-2 mr-tmp-5-2 mr-tmp-6-2 mr-tmp-7-2] 10 0}
2024/03/05 08:59:05 worker  31 get order:  &{1 [mr-tmp-0-2 mr-tmp-1-2 mr-tmp-2-2 mr-tmp-3-2 mr-tmp-4-2 mr-tmp-5-2 mr-tmp-6-2 mr-tmp-7-2] 10 0}  order Type 1
