2024/03/05 11:45:26 26 :  call for  1  times
2024/03/05 11:45:26 CallOrder: worker get response &{1 [mr-tmp-0-4 mr-tmp-1-4 mr-tmp-2-4 mr-tmp-3-4 mr-tmp-4-4 mr-tmp-5-4 mr-tmp-6-4 mr-tmp-7-4] 12 0}
2024/03/05 11:45:26 worker  26 get order:  &{1 [mr-tmp-0-4 mr-tmp-1-4 mr-tmp-2-4 mr-tmp-3-4 mr-tmp-4-4 mr-tmp-5-4 mr-tmp-6-4 mr-tmp-7-4] 12 0}  order Type 1
2024/03/05 11:45:26 start 12 map
2024/03/05 11:45:26 Worker finish order 12, order type 1
2024/03/05 11:45:27 26 :  call for  2  times
2024/03/05 11:45:27 CallOrder: worker get response &{1 [mr-tmp-0-7 mr-tmp-1-7 mr-tmp-2-7 mr-tmp-3-7 mr-tmp-4-7 mr-tmp-5-7 mr-tmp-6-7 mr-tmp-7-7] 15 0}
2024/03/05 11:45:27 worker  26 get order:  &{1 [mr-tmp-0-7 mr-tmp-1-7 mr-tmp-2-7 mr-tmp-3-7 mr-tmp-4-7 mr-tmp-5-7 mr-tmp-6-7 mr-tmp-7-7] 15 0}  order Type 1
2024/03/05 11:45:27 start 15 map
2024/03/05 11:45:27 Worker finish order 15, order type 1
2024/03/05 11:45:28 26 :  call for  3  times
2024/03/05 11:45:28 CallOrder: worker get response &{1 [mr-tmp-0-9 mr-tmp-1-9 mr-tmp-2-9 mr-tmp-3-9 mr-tmp-4-9 mr-tmp-5-9 mr-tmp-6-9 mr-tmp-7-9] 17 0}
2024/03/05 11:45:28 worker  26 get order:  &{1 [mr-tmp-0-9 mr-tmp-1-9 mr-tmp-2-9 mr-tmp-3-9 mr-tmp-4-9 mr-tmp-5-9 mr-tmp-6-9 mr-tmp-7-9] 17 0}  order Type 1
2024/03/05 11:45:31 start 17 map
2024/03/05 11:45:31 Worker finish order 17, order type 1
2024/03/05 11:45:32 26 :  call for  4  times
2024/03/05 11:45:32 CallOrder: worker get response &{3 [] 0 0}
2024/03/05 11:45:32 worker  26 get order:  &{3 [] 0 0}  order Type 3
2024/03/05 11:45:32 26  waiting for order
2024/03/05 11:45:34 26 :  call for  5  times
2024/03/05 11:45:34 CallOrder: worker get response &{3 [] 0 0}
2024/03/05 11:45:34 worker  26 get order:  &{3 [] 0 0}  order Type 3
2024/03/05 11:45:34 26  waiting for order
2024/03/05 11:45:36 26 :  call for  6  times
2024/03/05 11:45:36 CallOrder: worker get response &{1 [mr-tmp-0-0 mr-tmp-1-0 mr-tmp-2-0 mr-tmp-3-0 mr-tmp-4-0 mr-tmp-5-0 mr-tmp-6-0 mr-tmp-7-0] 8 0}
2024/03/05 11:45:36 worker  26 get order:  &{1 [mr-tmp-0-0 mr-tmp-1-0 mr-tmp-2-0 mr-tmp-3-0 mr-tmp-4-0 mr-tmp-5-0 mr-tmp-6-0 mr-tmp-7-0] 8 0}  order Type 1
2024/03/05 11:45:42 start 8 map
2024/03/05 11:45:42 Worker finish order 8, order type 1
2024/03/05 11:45:43 26 :  call for  7  times
2024/03/05 11:45:43 CallOrder: worker get response &{4 [] 0 0}
2024/03/05 11:45:43 worker  26 get order:  &{4 [] 0 0}  order Type 4
2024/03/05 11:45:44 26  killed
