2024/03/05 07:21:22 22 :  call for  1  times
2024/03/05 07:21:22 CallOrder: worker get response &{2 [] 0 0}
2024/03/05 07:21:22 worker  22 get order:  &{2 [] 0 0}  order Type 2
2024/03/05 07:21:22 22  waiting for order
2024/03/05 07:21:24 22 :  call for  2  times
2024/03/05 07:21:24 CallOrder: worker get response &{2 [] 0 0}
2024/03/05 07:21:24 worker  22 get order:  &{2 [] 0 0}  order Type 2
2024/03/05 07:21:24 22  waiting for order
2024/03/05 07:21:26 22 :  call for  3  times
2024/03/05 07:21:26 CallOrder: worker get response &{2 [] 0 0}
2024/03/05 07:21:26 worker  22 get order:  &{2 [] 0 0}  order Type 2
2024/03/05 07:21:26 22  waiting for order
2024/03/05 07:21:28 22 :  call for  4  times
2024/03/05 07:21:28 CallOrder: worker get response &{2 [] 0 0}
2024/03/05 07:21:28 worker  22 get order:  &{2 [] 0 0}  order Type 2
2024/03/05 07:21:28 22  waiting for order
2024/03/05 07:21:30 22 :  call for  5  times
2024/03/05 07:21:30 CallOrder: worker get response &{2 [] 0 0}
2024/03/05 07:21:30 worker  22 get order:  &{2 [] 0 0}  order Type 2
2024/03/05 07:21:30 22  waiting for order
2024/03/05 07:21:32 22 :  call for  6  times
2024/03/05 07:21:32 CallOrder: worker get response &{0 [../pg-frankenstein.txt] 2 10}
2024/03/05 07:21:32 worker  22 get order:  &{0 [../pg-frankenstein.txt] 2 10}  order Type 0
