2024/03/04 23:33:19 19 :  call for  1  times
2024/03/04 23:33:19 CallOrder: worker get response &{2 [] 0 0}
2024/03/04 23:33:19 worker  19 get order:  &{2 [] 0 0}  order Type 2
2024/03/04 23:33:19 19  waiting for order
2024/03/04 23:33:21 19 :  call for  2  times
2024/03/04 23:33:21 CallOrder: worker get response &{2 [] 0 0}
2024/03/04 23:33:21 worker  19 get order:  &{2 [] 0 0}  order Type 2
2024/03/04 23:33:21 19  waiting for order
2024/03/04 23:33:23 19 :  call for  3  times
2024/03/04 23:33:23 CallOrder: worker get response &{2 [] 0 0}
2024/03/04 23:33:23 worker  19 get order:  &{2 [] 0 0}  order Type 2
2024/03/04 23:33:23 19  waiting for order
2024/03/04 23:33:25 19 :  call for  4  times
2024/03/04 23:33:25 CallOrder: worker get response &{2 [] 0 0}
2024/03/04 23:33:25 worker  19 get order:  &{2 [] 0 0}  order Type 2
2024/03/04 23:33:25 19  waiting for order
2024/03/04 23:33:27 19 :  call for  5  times
2024/03/04 23:33:27 CallOrder: worker get response &{2 [] 0 0}
2024/03/04 23:33:27 worker  19 get order:  &{2 [] 0 0}  order Type 2
2024/03/04 23:33:27 19  waiting for order
2024/03/04 23:33:29 19 :  call for  6  times
2024/03/04 23:33:29 CallOrder: worker get response &{2 [] 0 0}
2024/03/04 23:33:29 worker  19 get order:  &{2 [] 0 0}  order Type 2
2024/03/04 23:33:29 19  waiting for order
2024/03/04 23:33:31 19 :  call for  7  times
2024/03/04 23:33:31 CallOrder: worker get response &{2 [] 0 0}
2024/03/04 23:33:31 worker  19 get order:  &{2 [] 0 0}  order Type 2
2024/03/04 23:33:31 19  waiting for order
2024/03/04 23:33:33 19 :  call for  8  times
2024/03/04 23:33:33 CallOrder: worker get response &{2 [] 0 0}
2024/03/04 23:33:33 worker  19 get order:  &{2 [] 0 0}  order Type 2
2024/03/04 23:33:33 19  waiting for order
2024/03/04 23:33:35 19 :  call for  9  times
2024/03/04 23:33:35 CallOrder: worker get response &{2 [] 0 0}
2024/03/04 23:33:35 worker  19 get order:  &{2 [] 0 0}  order Type 2
2024/03/04 23:33:35 19  waiting for order
2024/03/04 23:33:37 19 :  call for  10  times
2024/03/04 23:33:37 CallOrder: worker get response &{2 [] 0 0}
2024/03/04 23:33:37 worker  19 get order:  &{2 [] 0 0}  order Type 2
2024/03/04 23:33:37 19  waiting for order
2024/03/04 23:33:39 19 :  call for  11  times
2024/03/04 23:33:39 CallOrder: worker get response &{2 [] 0 0}
2024/03/04 23:33:39 worker  19 get order:  &{2 [] 0 0}  order Type 2
2024/03/04 23:33:39 19  waiting for order
2024/03/04 23:33:41 19 :  call for  12  times
2024/03/04 23:33:41 CallOrder: worker get response &{1 [mr-tmp-0-0 mr-tmp-1-0 mr-tmp-2-0 mr-tmp-3-0 mr-tmp-4-0 mr-tmp-5-0 mr-tmp-6-0 mr-tmp-7-0] 8 0}
2024/03/04 23:33:41 worker  19 get order:  &{1 [mr-tmp-0-0 mr-tmp-1-0 mr-tmp-2-0 mr-tmp-3-0 mr-tmp-4-0 mr-tmp-5-0 mr-tmp-6-0 mr-tmp-7-0] 8 0}  order Type 1
