2024/03/05 12:51:49 49 :  call for  1  times
2024/03/05 12:51:49 CallOrder: worker get response &{1 [mr-tmp-0-2 mr-tmp-1-2 mr-tmp-2-2 mr-tmp-3-2 mr-tmp-4-2 mr-tmp-5-2 mr-tmp-6-2 mr-tmp-7-2] 10 0}
2024/03/05 12:51:49 worker  49 get order:  &{1 [mr-tmp-0-2 mr-tmp-1-2 mr-tmp-2-2 mr-tmp-3-2 mr-tmp-4-2 mr-tmp-5-2 mr-tmp-6-2 mr-tmp-7-2] 10 0}  order Type 1
2024/03/05 12:51:49 start 10 map
2024/03/05 12:51:49 Worker finish order 10, order type 1
2024/03/05 12:51:50 49 :  call for  2  times
2024/03/05 12:51:50 CallOrder: worker get response &{3 [] 0 0}
2024/03/05 12:51:50 worker  49 get order:  &{3 [] 0 0}  order Type 3
2024/03/05 12:51:50 49  waiting for order
2024/03/05 12:51:52 49 :  call for  3  times
2024/03/05 12:51:52 CallOrder: worker get response &{3 [] 0 0}
2024/03/05 12:51:52 worker  49 get order:  &{3 [] 0 0}  order Type 3
2024/03/05 12:51:52 49  waiting for order
2024/03/05 12:51:54 49 :  call for  4  times
2024/03/05 12:51:54 CallOrder: worker get response &{3 [] 0 0}
2024/03/05 12:51:54 worker  49 get order:  &{3 [] 0 0}  order Type 3
2024/03/05 12:51:54 49  waiting for order
2024/03/05 12:51:56 49 :  call for  5  times
2024/03/05 12:51:56 CallOrder: worker get response &{3 [] 0 0}
2024/03/05 12:51:56 worker  49 get order:  &{3 [] 0 0}  order Type 3
2024/03/05 12:51:56 49  waiting for order
2024/03/05 12:51:58 49 :  call for  6  times
2024/03/05 12:51:58 CallOrder: worker get response &{3 [] 0 0}
2024/03/05 12:51:58 worker  49 get order:  &{3 [] 0 0}  order Type 3
2024/03/05 12:51:58 49  waiting for order
2024/03/05 12:52:00 49 :  call for  7  times
2024/03/05 12:52:00 CallOrder: worker get response &{3 [] 0 0}
2024/03/05 12:52:00 worker  49 get order:  &{3 [] 0 0}  order Type 3
2024/03/05 12:52:00 49  waiting for order
2024/03/05 12:52:02 49 :  call for  8  times
2024/03/05 12:52:02 CallOrder: worker get response &{3 [] 0 0}
2024/03/05 12:52:02 worker  49 get order:  &{3 [] 0 0}  order Type 3
2024/03/05 12:52:02 49  waiting for order
2024/03/05 12:52:04 49 :  call for  9  times
2024/03/05 12:52:04 CallOrder: worker get response &{3 [] 0 0}
2024/03/05 12:52:04 worker  49 get order:  &{3 [] 0 0}  order Type 3
2024/03/05 12:52:04 49  waiting for order
2024/03/05 12:52:06 49 :  call for  10  times
2024/03/05 12:52:06 CallOrder: worker get response &{3 [] 0 0}
2024/03/05 12:52:06 worker  49 get order:  &{3 [] 0 0}  order Type 3
2024/03/05 12:52:06 49  waiting for order
2024/03/05 12:52:08 49 :  call for  11  times
2024/03/05 12:52:08 CallOrder: worker get response &{3 [] 0 0}
2024/03/05 12:52:08 worker  49 get order:  &{3 [] 0 0}  order Type 3
2024/03/05 12:52:08 49  waiting for order
2024/03/05 12:52:10 49 :  call for  12  times
2024/03/05 12:52:10 CallOrder: worker get response &{1 [mr-tmp-0-0 mr-tmp-1-0 mr-tmp-2-0 mr-tmp-3-0 mr-tmp-4-0 mr-tmp-5-0 mr-tmp-6-0 mr-tmp-7-0] 8 0}
2024/03/05 12:52:10 worker  49 get order:  &{1 [mr-tmp-0-0 mr-tmp-1-0 mr-tmp-2-0 mr-tmp-3-0 mr-tmp-4-0 mr-tmp-5-0 mr-tmp-6-0 mr-tmp-7-0] 8 0}  order Type 1
2024/03/05 12:52:11 start 8 map
2024/03/05 12:52:11 Worker finish order 8, order type 1
2024/03/05 12:52:12 49 :  call for  13  times
2024/03/05 12:52:12 CallOrder: worker get response &{3 [] 0 0}
2024/03/05 12:52:12 worker  49 get order:  &{3 [] 0 0}  order Type 3
2024/03/05 12:52:12 49  waiting for order
2024/03/05 12:52:14 49 :  call for  14  times
2024/03/05 12:52:14 dialing:dial unix /var/tmp/824-mr-0: connect: connection refused
