2024/03/05 07:06:20 20 :  call for  1  times
2024/03/05 07:06:20 CallOrder: worker get response &{0 [../pg-being_ernest.txt] 0 10}
2024/03/05 07:06:20 worker  20 get order:  &{0 [../pg-being_ernest.txt] 0 10}  order Type 0
2024/03/05 07:06:20 start 0 map
2024/03/05 07:06:20 Worker finish order 0, order type 0
2024/03/05 07:06:21 20 :  call for  2  times
2024/03/05 07:06:21 CallOrder: worker get response &{0 [../pg-grimm.txt] 3 10}
2024/03/05 07:06:21 worker  20 get order:  &{0 [../pg-grimm.txt] 3 10}  order Type 0
2024/03/05 07:06:21 start 3 map
2024/03/05 07:06:21 Worker finish order 3, order type 0
2024/03/05 07:06:22 20 :  call for  3  times
2024/03/05 07:06:22 CallOrder: worker get response &{0 [../pg-sherlock_holmes.txt] 6 10}
2024/03/05 07:06:22 worker  20 get order:  &{0 [../pg-sherlock_holmes.txt] 6 10}  order Type 0
2024/03/05 07:06:22 start 6 map
2024/03/05 07:06:22 Worker finish order 6, order type 0
2024/03/05 07:06:23 20 :  call for  4  times
2024/03/05 07:06:23 CallOrder: worker get response &{2 [] 0 0}
2024/03/05 07:06:23 worker  20 get order:  &{2 [] 0 0}  order Type 2
2024/03/05 07:06:23 20  waiting for order
2024/03/05 07:06:25 20 :  call for  5  times
2024/03/05 07:06:25 CallOrder: worker get response &{1 [mr-tmp-0-3 mr-tmp-1-3 mr-tmp-2-3 mr-tmp-3-3 mr-tmp-4-3 mr-tmp-5-3 mr-tmp-6-3 mr-tmp-7-3] 11 0}
2024/03/05 07:06:25 worker  20 get order:  &{1 [mr-tmp-0-3 mr-tmp-1-3 mr-tmp-2-3 mr-tmp-3-3 mr-tmp-4-3 mr-tmp-5-3 mr-tmp-6-3 mr-tmp-7-3] 11 0}  order Type 1
2024/03/05 07:06:25 start 11 map
2024/03/05 07:06:25 Worker finish order 11, order type 1
2024/03/05 07:06:26 20 :  call for  6  times
2024/03/05 07:06:26 CallOrder: worker get response &{1 [mr-tmp-0-5 mr-tmp-1-5 mr-tmp-2-5 mr-tmp-3-5 mr-tmp-4-5 mr-tmp-5-5 mr-tmp-6-5 mr-tmp-7-5] 13 0}
2024/03/05 07:06:26 worker  20 get order:  &{1 [mr-tmp-0-5 mr-tmp-1-5 mr-tmp-2-5 mr-tmp-3-5 mr-tmp-4-5 mr-tmp-5-5 mr-tmp-6-5 mr-tmp-7-5] 13 0}  order Type 1
2024/03/05 07:06:26 start 13 map
2024/03/05 07:06:26 Worker finish order 13, order type 1
2024/03/05 07:06:27 20 :  call for  7  times
2024/03/05 07:06:27 CallOrder: worker get response &{1 [mr-tmp-0-7 mr-tmp-1-7 mr-tmp-2-7 mr-tmp-3-7 mr-tmp-4-7 mr-tmp-5-7 mr-tmp-6-7 mr-tmp-7-7] 15 0}
2024/03/05 07:06:27 worker  20 get order:  &{1 [mr-tmp-0-7 mr-tmp-1-7 mr-tmp-2-7 mr-tmp-3-7 mr-tmp-4-7 mr-tmp-5-7 mr-tmp-6-7 mr-tmp-7-7] 15 0}  order Type 1
2024/03/05 07:06:27 start 15 map
2024/03/05 07:06:27 Worker finish order 15, order type 1
2024/03/05 07:06:28 20 :  call for  8  times
2024/03/05 07:06:29 CallOrder: worker get response &{1 [mr-tmp-0-8 mr-tmp-1-8 mr-tmp-2-8 mr-tmp-3-8 mr-tmp-4-8 mr-tmp-5-8 mr-tmp-6-8 mr-tmp-7-8] 16 0}
2024/03/05 07:06:29 worker  20 get order:  &{1 [mr-tmp-0-8 mr-tmp-1-8 mr-tmp-2-8 mr-tmp-3-8 mr-tmp-4-8 mr-tmp-5-8 mr-tmp-6-8 mr-tmp-7-8] 16 0}  order Type 1
2024/03/05 07:06:29 start 16 map
2024/03/05 07:06:29 Worker finish order 16, order type 1
2024/03/05 07:06:30 20 :  call for  9  times
2024/03/05 07:06:30 CallOrder: worker get response &{4 [] 0 0}
2024/03/05 07:06:30 worker  20 get order:  &{4 [] 0 0}  order Type 4
2024/03/05 07:06:31 20  killed
