2024/03/04 21:52:36 36 :  call for  1  times
2024/03/04 21:52:36 CallOrder: worker get response &{0 [../pg-being_ernest.txt] 0 10}
2024/03/04 21:52:36 worker  36 get order:  &{0 [../pg-being_ernest.txt] 0 10}  order Type 0
2024/03/04 21:52:36 start 0 map
2024/03/04 21:52:36 Worker finish order 0, order type 0
2024/03/04 21:52:37 36 :  call for  2  times
2024/03/04 21:52:37 CallOrder: worker get response &{0 [../pg-frankenstein.txt] 2 10}
2024/03/04 21:52:37 worker  36 get order:  &{0 [../pg-frankenstein.txt] 2 10}  order Type 0
2024/03/04 21:52:37 start 2 map
2024/03/04 21:52:37 Worker finish order 2, order type 0
2024/03/04 21:52:38 36 :  call for  3  times
2024/03/04 21:52:38 CallOrder: worker get response &{0 [../pg-huckleberry_finn.txt] 4 10}
2024/03/04 21:52:38 worker  36 get order:  &{0 [../pg-huckleberry_finn.txt] 4 10}  order Type 0
2024/03/04 21:52:38 start 4 map
2024/03/04 21:52:38 Worker finish order 4, order type 0
2024/03/04 21:52:39 36 :  call for  4  times
2024/03/04 21:52:39 CallOrder: worker get response &{0 [../pg-sherlock_holmes.txt] 6 10}
2024/03/04 21:52:39 worker  36 get order:  &{0 [../pg-sherlock_holmes.txt] 6 10}  order Type 0
2024/03/04 21:52:39 start 6 map
2024/03/04 21:52:39 Worker finish order 6, order type 0
2024/03/04 21:52:40 36 :  call for  5  times
2024/03/04 21:52:40 CallOrder: worker get response &{1 [mr-tmp-0-0 mr-tmp-1-0 mr-tmp-2-0 mr-tmp-3-0 mr-tmp-4-0 mr-tmp-5-0 mr-tmp-6-0 mr-tmp-7-0] 8 0}
2024/03/04 21:52:40 worker  36 get order:  &{1 [mr-tmp-0-0 mr-tmp-1-0 mr-tmp-2-0 mr-tmp-3-0 mr-tmp-4-0 mr-tmp-5-0 mr-tmp-6-0 mr-tmp-7-0] 8 0}  order Type 1
2024/03/04 21:52:41 start 8 map
2024/03/04 21:52:41 Worker finish order 8, order type 1
2024/03/04 21:52:42 36 :  call for  6  times
2024/03/04 21:52:42 CallOrder: worker get response &{1 [mr-tmp-0-2 mr-tmp-1-2 mr-tmp-2-2 mr-tmp-3-2 mr-tmp-4-2 mr-tmp-5-2 mr-tmp-6-2 mr-tmp-7-2] 10 0}
2024/03/04 21:52:42 worker  36 get order:  &{1 [mr-tmp-0-2 mr-tmp-1-2 mr-tmp-2-2 mr-tmp-3-2 mr-tmp-4-2 mr-tmp-5-2 mr-tmp-6-2 mr-tmp-7-2] 10 0}  order Type 1
2024/03/04 21:52:43 start 10 map
2024/03/04 21:52:43 Worker finish order 10, order type 1
2024/03/04 21:52:44 36 :  call for  7  times
2024/03/04 21:52:44 CallOrder: worker get response &{1 [mr-tmp-0-4 mr-tmp-1-4 mr-tmp-2-4 mr-tmp-3-4 mr-tmp-4-4 mr-tmp-5-4 mr-tmp-6-4 mr-tmp-7-4] 12 0}
2024/03/04 21:52:44 worker  36 get order:  &{1 [mr-tmp-0-4 mr-tmp-1-4 mr-tmp-2-4 mr-tmp-3-4 mr-tmp-4-4 mr-tmp-5-4 mr-tmp-6-4 mr-tmp-7-4] 12 0}  order Type 1
2024/03/04 21:52:46 start 12 map
2024/03/04 21:52:46 Worker finish order 12, order type 1
2024/03/04 21:52:47 36 :  call for  8  times
2024/03/04 21:52:47 CallOrder: worker get response &{1 [mr-tmp-0-5 mr-tmp-1-5 mr-tmp-2-5 mr-tmp-3-5 mr-tmp-4-5 mr-tmp-5-5 mr-tmp-6-5 mr-tmp-7-5] 13 0}
2024/03/04 21:52:47 worker  36 get order:  &{1 [mr-tmp-0-5 mr-tmp-1-5 mr-tmp-2-5 mr-tmp-3-5 mr-tmp-4-5 mr-tmp-5-5 mr-tmp-6-5 mr-tmp-7-5] 13 0}  order Type 1
2024/03/04 21:52:48 start 13 map
2024/03/04 21:52:48 Worker finish order 13, order type 1
2024/03/04 21:52:49 36 :  call for  9  times
2024/03/04 21:52:49 CallOrder: worker get response &{1 [mr-tmp-0-7 mr-tmp-1-7 mr-tmp-2-7 mr-tmp-3-7 mr-tmp-4-7 mr-tmp-5-7 mr-tmp-6-7 mr-tmp-7-7] 15 0}
2024/03/04 21:52:49 worker  36 get order:  &{1 [mr-tmp-0-7 mr-tmp-1-7 mr-tmp-2-7 mr-tmp-3-7 mr-tmp-4-7 mr-tmp-5-7 mr-tmp-6-7 mr-tmp-7-7] 15 0}  order Type 1
2024/03/04 21:52:49 start 15 map
2024/03/04 21:52:49 Worker finish order 15, order type 1
2024/03/04 21:52:50 36 :  call for  10  times
2024/03/04 21:52:50 CallOrder: worker get response &{1 [mr-tmp-0-9 mr-tmp-1-9 mr-tmp-2-9 mr-tmp-3-9 mr-tmp-4-9 mr-tmp-5-9 mr-tmp-6-9 mr-tmp-7-9] 17 0}
2024/03/04 21:52:50 worker  36 get order:  &{1 [mr-tmp-0-9 mr-tmp-1-9 mr-tmp-2-9 mr-tmp-3-9 mr-tmp-4-9 mr-tmp-5-9 mr-tmp-6-9 mr-tmp-7-9] 17 0}  order Type 1
2024/03/04 21:52:51 start 17 map
2024/03/04 21:52:51 Worker finish order 17, order type 1
2024/03/04 21:52:52 36 :  call for  11  times
2024/03/04 21:52:52 CallOrder: worker get response &{4 [] 0 0}
2024/03/04 21:52:52 worker  36 get order:  &{4 [] 0 0}  order Type 4
2024/03/04 21:52:53 36  killed
