2024/03/05 04:43:58 58 :  call for  1  times
2024/03/05 04:43:58 CallOrder: worker get response &{0 [../pg-dorian_gray.txt] 1 10}
2024/03/05 04:43:58 worker  58 get order:  &{0 [../pg-dorian_gray.txt] 1 10}  order Type 0
2024/03/05 04:43:58 start 1 map
2024/03/05 04:43:58 Worker finish order 1, order type 0
2024/03/05 04:43:59 58 :  call for  2  times
2024/03/05 04:43:59 CallOrder: worker get response &{0 [../pg-grimm.txt] 3 10}
2024/03/05 04:43:59 worker  58 get order:  &{0 [../pg-grimm.txt] 3 10}  order Type 0
2024/03/05 04:44:00 start 3 map
2024/03/05 04:44:00 Worker finish order 3, order type 0
2024/03/05 04:44:01 58 :  call for  3  times
2024/03/05 04:44:01 CallOrder: worker get response &{0 [../pg-metamorphosis.txt] 5 10}
2024/03/05 04:44:01 worker  58 get order:  &{0 [../pg-metamorphosis.txt] 5 10}  order Type 0
2024/03/05 04:44:01 start 5 map
2024/03/05 04:44:01 Worker finish order 5, order type 0
2024/03/05 04:44:02 58 :  call for  4  times
2024/03/05 04:44:02 CallOrder: worker get response &{0 [../pg-sherlock_holmes.txt] 6 10}
2024/03/05 04:44:02 worker  58 get order:  &{0 [../pg-sherlock_holmes.txt] 6 10}  order Type 0
2024/03/05 04:44:02 start 6 map
2024/03/05 04:44:02 Worker finish order 6, order type 0
2024/03/05 04:44:03 58 :  call for  5  times
2024/03/05 04:44:03 CallOrder: worker get response &{1 [mr-tmp-0-0 mr-tmp-1-0 mr-tmp-2-0 mr-tmp-3-0 mr-tmp-4-0 mr-tmp-5-0 mr-tmp-6-0 mr-tmp-7-0] 8 0}
2024/03/05 04:44:03 worker  58 get order:  &{1 [mr-tmp-0-0 mr-tmp-1-0 mr-tmp-2-0 mr-tmp-3-0 mr-tmp-4-0 mr-tmp-5-0 mr-tmp-6-0 mr-tmp-7-0] 8 0}  order Type 1
2024/03/05 04:44:03 start 8 map
2024/03/05 04:44:03 Worker finish order 8, order type 1
2024/03/05 04:44:04 58 :  call for  6  times
2024/03/05 04:44:04 CallOrder: worker get response &{1 [mr-tmp-0-1 mr-tmp-1-1 mr-tmp-2-1 mr-tmp-3-1 mr-tmp-4-1 mr-tmp-5-1 mr-tmp-6-1 mr-tmp-7-1] 9 0}
2024/03/05 04:44:04 worker  58 get order:  &{1 [mr-tmp-0-1 mr-tmp-1-1 mr-tmp-2-1 mr-tmp-3-1 mr-tmp-4-1 mr-tmp-5-1 mr-tmp-6-1 mr-tmp-7-1] 9 0}  order Type 1
2024/03/05 04:44:04 start 9 map
2024/03/05 04:44:04 Worker finish order 9, order type 1
2024/03/05 04:44:05 58 :  call for  7  times
2024/03/05 04:44:05 CallOrder: worker get response &{1 [mr-tmp-0-3 mr-tmp-1-3 mr-tmp-2-3 mr-tmp-3-3 mr-tmp-4-3 mr-tmp-5-3 mr-tmp-6-3 mr-tmp-7-3] 11 0}
2024/03/05 04:44:05 worker  58 get order:  &{1 [mr-tmp-0-3 mr-tmp-1-3 mr-tmp-2-3 mr-tmp-3-3 mr-tmp-4-3 mr-tmp-5-3 mr-tmp-6-3 mr-tmp-7-3] 11 0}  order Type 1
2024/03/05 04:44:05 start 11 map
2024/03/05 04:44:05 Worker finish order 11, order type 1
2024/03/05 04:44:06 58 :  call for  8  times
2024/03/05 04:44:06 CallOrder: worker get response &{1 [mr-tmp-0-5 mr-tmp-1-5 mr-tmp-2-5 mr-tmp-3-5 mr-tmp-4-5 mr-tmp-5-5 mr-tmp-6-5 mr-tmp-7-5] 13 0}
2024/03/05 04:44:06 worker  58 get order:  &{1 [mr-tmp-0-5 mr-tmp-1-5 mr-tmp-2-5 mr-tmp-3-5 mr-tmp-4-5 mr-tmp-5-5 mr-tmp-6-5 mr-tmp-7-5] 13 0}  order Type 1
2024/03/05 04:44:07 start 13 map
2024/03/05 04:44:07 Worker finish order 13, order type 1
2024/03/05 04:44:08 58 :  call for  9  times
2024/03/05 04:44:08 CallOrder: worker get response &{1 [mr-tmp-0-7 mr-tmp-1-7 mr-tmp-2-7 mr-tmp-3-7 mr-tmp-4-7 mr-tmp-5-7 mr-tmp-6-7 mr-tmp-7-7] 15 0}
2024/03/05 04:44:08 worker  58 get order:  &{1 [mr-tmp-0-7 mr-tmp-1-7 mr-tmp-2-7 mr-tmp-3-7 mr-tmp-4-7 mr-tmp-5-7 mr-tmp-6-7 mr-tmp-7-7] 15 0}  order Type 1
2024/03/05 04:44:08 start 15 map
2024/03/05 04:44:08 Worker finish order 15, order type 1
2024/03/05 04:44:09 58 :  call for  10  times
2024/03/05 04:44:09 CallOrder: worker get response &{1 [mr-tmp-0-9 mr-tmp-1-9 mr-tmp-2-9 mr-tmp-3-9 mr-tmp-4-9 mr-tmp-5-9 mr-tmp-6-9 mr-tmp-7-9] 17 0}
2024/03/05 04:44:09 worker  58 get order:  &{1 [mr-tmp-0-9 mr-tmp-1-9 mr-tmp-2-9 mr-tmp-3-9 mr-tmp-4-9 mr-tmp-5-9 mr-tmp-6-9 mr-tmp-7-9] 17 0}  order Type 1
2024/03/05 04:44:09 start 17 map
2024/03/05 04:44:09 Worker finish order 17, order type 1
2024/03/05 04:44:10 58 :  call for  11  times
2024/03/05 04:44:10 CallOrder: worker get response &{4 [] 0 0}
2024/03/05 04:44:10 worker  58 get order:  &{4 [] 0 0}  order Type 4
2024/03/05 04:44:11 58  killed
