2024/03/04 21:36:16 16 :  call for  1  times
2024/03/04 21:36:16 CallOrder: worker get response &{0 [../pg-huckleberry_finn.txt] 4 10}
2024/03/04 21:36:16 worker  16 get order:  &{0 [../pg-huckleberry_finn.txt] 4 10}  order Type 0
2024/03/04 21:36:24 start 4 map
2024/03/04 21:36:24 Worker finish order 4, order type 0
2024/03/04 21:36:25 16 :  call for  2  times
2024/03/04 21:36:25 CallOrder: worker get response &{2 [] 0 0}
2024/03/04 21:36:25 worker  16 get order:  &{2 [] 0 0}  order Type 2
2024/03/04 21:36:25 16  waiting for order
2024/03/04 21:36:27 16 :  call for  3  times
2024/03/04 21:36:27 CallOrder: worker get response &{2 [] 0 0}
2024/03/04 21:36:27 worker  16 get order:  &{2 [] 0 0}  order Type 2
2024/03/04 21:36:27 16  waiting for order
2024/03/04 21:36:29 16 :  call for  4  times
2024/03/04 21:36:29 CallOrder: worker get response &{1 [mr-tmp-0-0 mr-tmp-1-0 mr-tmp-2-0 mr-tmp-3-0 mr-tmp-4-0 mr-tmp-5-0 mr-tmp-6-0 mr-tmp-7-0] 8 0}
2024/03/04 21:36:29 worker  16 get order:  &{1 [mr-tmp-0-0 mr-tmp-1-0 mr-tmp-2-0 mr-tmp-3-0 mr-tmp-4-0 mr-tmp-5-0 mr-tmp-6-0 mr-tmp-7-0] 8 0}  order Type 1
2024/03/04 21:36:37 start 8 map
2024/03/04 21:36:37 Worker finish order 8, order type 1
2024/03/04 21:36:38 16 :  call for  5  times
2024/03/04 21:36:38 CallOrder: worker get response &{3 [] 0 0}
2024/03/04 21:36:38 worker  16 get order:  &{3 [] 0 0}  order Type 3
2024/03/04 21:36:38 16  waiting for order
2024/03/04 21:36:40 16 :  call for  6  times
2024/03/04 21:36:40 CallOrder: worker get response &{3 [] 0 0}
2024/03/04 21:36:40 worker  16 get order:  &{3 [] 0 0}  order Type 3
2024/03/04 21:36:40 16  waiting for order
2024/03/04 21:36:42 16 :  call for  7  times
2024/03/04 21:36:42 CallOrder: worker get response &{3 [] 0 0}
2024/03/04 21:36:42 worker  16 get order:  &{3 [] 0 0}  order Type 3
2024/03/04 21:36:42 16  waiting for order
2024/03/04 21:36:44 16 :  call for  8  times
2024/03/04 21:36:44 CallOrder: worker get response &{3 [] 0 0}
2024/03/04 21:36:44 worker  16 get order:  &{3 [] 0 0}  order Type 3
2024/03/04 21:36:44 16  waiting for order
2024/03/04 21:36:46 16 :  call for  9  times
2024/03/04 21:36:46 CallOrder: worker get response &{3 [] 0 0}
2024/03/04 21:36:46 worker  16 get order:  &{3 [] 0 0}  order Type 3
2024/03/04 21:36:46 16  waiting for order
2024/03/04 21:36:48 16 :  call for  10  times
2024/03/04 21:36:48 CallOrder: worker get response &{3 [] 0 0}
2024/03/04 21:36:48 worker  16 get order:  &{3 [] 0 0}  order Type 3
2024/03/04 21:36:48 16  waiting for order
2024/03/04 21:36:50 16 :  call for  11  times
2024/03/04 21:36:50 CallOrder: worker get response &{3 [] 0 0}
2024/03/04 21:36:50 worker  16 get order:  &{3 [] 0 0}  order Type 3
2024/03/04 21:36:50 16  waiting for order
2024/03/04 21:36:52 16 :  call for  12  times
2024/03/04 21:36:52 CallOrder: worker get response &{3 [] 0 0}
2024/03/04 21:36:52 worker  16 get order:  &{3 [] 0 0}  order Type 3
2024/03/04 21:36:52 16  waiting for order
2024/03/04 21:36:54 16 :  call for  13  times
2024/03/04 21:36:54 CallOrder: worker get response &{4 [] 0 0}
2024/03/04 21:36:54 worker  16 get order:  &{4 [] 0 0}  order Type 4
2024/03/04 21:36:55 16  killed
