2024/03/05 13:33:48 48 :  call for  1  times
2024/03/05 13:33:48 CallOrder: worker get response &{0 [../pg-sherlock_holmes.txt] 6 10}
2024/03/05 13:33:48 worker  48 get order:  &{0 [../pg-sherlock_holmes.txt] 6 10}  order Type 0
2024/03/05 13:33:58 start 6 map
2024/03/05 13:33:58 Worker finish order 6, order type 0
2024/03/05 13:33:59 48 :  call for  2  times
2024/03/05 13:33:59 CallOrder: worker get response &{2 [] 0 0}
2024/03/05 13:33:59 worker  48 get order:  &{2 [] 0 0}  order Type 2
2024/03/05 13:33:59 48  waiting for order
2024/03/05 13:34:01 48 :  call for  3  times
2024/03/05 13:34:01 CallOrder: worker get response &{2 [] 0 0}
2024/03/05 13:34:01 worker  48 get order:  &{2 [] 0 0}  order Type 2
2024/03/05 13:34:01 48  waiting for order
2024/03/05 13:34:03 48 :  call for  4  times
2024/03/05 13:34:03 CallOrder: worker get response &{2 [] 0 0}
2024/03/05 13:34:03 worker  48 get order:  &{2 [] 0 0}  order Type 2
2024/03/05 13:34:03 48  waiting for order
2024/03/05 13:34:05 48 :  call for  5  times
2024/03/05 13:34:05 CallOrder: worker get response &{2 [] 0 0}
2024/03/05 13:34:05 worker  48 get order:  &{2 [] 0 0}  order Type 2
2024/03/05 13:34:05 48  waiting for order
2024/03/05 13:34:07 48 :  call for  6  times
2024/03/05 13:34:07 CallOrder: worker get response &{2 [] 0 0}
2024/03/05 13:34:07 worker  48 get order:  &{2 [] 0 0}  order Type 2
2024/03/05 13:34:07 48  waiting for order
2024/03/05 13:34:09 48 :  call for  7  times
2024/03/05 13:34:09 CallOrder: worker get response &{2 [] 0 0}
2024/03/05 13:34:09 worker  48 get order:  &{2 [] 0 0}  order Type 2
2024/03/05 13:34:09 48  waiting for order
2024/03/05 13:34:11 48 :  call for  8  times
2024/03/05 13:34:11 CallOrder: worker get response &{1 [mr-tmp-0-1 mr-tmp-1-1 mr-tmp-2-1 mr-tmp-3-1 mr-tmp-4-1 mr-tmp-5-1 mr-tmp-6-1 mr-tmp-7-1] 9 0}
2024/03/05 13:34:11 worker  48 get order:  &{1 [mr-tmp-0-1 mr-tmp-1-1 mr-tmp-2-1 mr-tmp-3-1 mr-tmp-4-1 mr-tmp-5-1 mr-tmp-6-1 mr-tmp-7-1] 9 0}  order Type 1
2024/03/05 13:34:11 start 9 map
2024/03/05 13:34:11 Worker finish order 9, order type 1
2024/03/05 13:34:12 48 :  call for  9  times
2024/03/05 13:34:12 CallOrder: worker get response &{1 [mr-tmp-0-4 mr-tmp-1-4 mr-tmp-2-4 mr-tmp-3-4 mr-tmp-4-4 mr-tmp-5-4 mr-tmp-6-4 mr-tmp-7-4] 12 0}
2024/03/05 13:34:12 worker  48 get order:  &{1 [mr-tmp-0-4 mr-tmp-1-4 mr-tmp-2-4 mr-tmp-3-4 mr-tmp-4-4 mr-tmp-5-4 mr-tmp-6-4 mr-tmp-7-4] 12 0}  order Type 1
2024/03/05 13:34:12 start 12 map
2024/03/05 13:34:12 Worker finish order 12, order type 1
2024/03/05 13:34:13 48 :  call for  10  times
2024/03/05 13:34:13 CallOrder: worker get response &{1 [mr-tmp-0-6 mr-tmp-1-6 mr-tmp-2-6 mr-tmp-3-6 mr-tmp-4-6 mr-tmp-5-6 mr-tmp-6-6 mr-tmp-7-6] 14 0}
2024/03/05 13:34:13 worker  48 get order:  &{1 [mr-tmp-0-6 mr-tmp-1-6 mr-tmp-2-6 mr-tmp-3-6 mr-tmp-4-6 mr-tmp-5-6 mr-tmp-6-6 mr-tmp-7-6] 14 0}  order Type 1
2024/03/05 13:34:13 start 14 map
2024/03/05 13:34:13 Worker finish order 14, order type 1
2024/03/05 13:34:14 48 :  call for  11  times
2024/03/05 13:34:14 CallOrder: worker get response &{1 [mr-tmp-0-8 mr-tmp-1-8 mr-tmp-2-8 mr-tmp-3-8 mr-tmp-4-8 mr-tmp-5-8 mr-tmp-6-8 mr-tmp-7-8] 16 0}
2024/03/05 13:34:14 worker  48 get order:  &{1 [mr-tmp-0-8 mr-tmp-1-8 mr-tmp-2-8 mr-tmp-3-8 mr-tmp-4-8 mr-tmp-5-8 mr-tmp-6-8 mr-tmp-7-8] 16 0}  order Type 1
2024/03/05 13:34:14 start 16 map
2024/03/05 13:34:14 Worker finish order 16, order type 1
2024/03/05 13:34:15 48 :  call for  12  times
2024/03/05 13:34:15 CallOrder: worker get response &{3 [] 0 0}
2024/03/05 13:34:15 worker  48 get order:  &{3 [] 0 0}  order Type 3
2024/03/05 13:34:15 48  waiting for order
2024/03/05 13:34:17 48 :  call for  13  times
2024/03/05 13:34:17 CallOrder: worker get response &{3 [] 0 0}
2024/03/05 13:34:17 worker  48 get order:  &{3 [] 0 0}  order Type 3
2024/03/05 13:34:17 48  waiting for order
2024/03/05 13:34:19 48 :  call for  14  times
2024/03/05 13:34:19 CallOrder: worker get response &{3 [] 0 0}
2024/03/05 13:34:19 worker  48 get order:  &{3 [] 0 0}  order Type 3
2024/03/05 13:34:19 48  waiting for order
2024/03/05 13:34:21 48 :  call for  15  times
2024/03/05 13:34:21 CallOrder: worker get response &{3 [] 0 0}
2024/03/05 13:34:21 worker  48 get order:  &{3 [] 0 0}  order Type 3
2024/03/05 13:34:21 48  waiting for order
2024/03/05 13:34:23 48 :  call for  16  times
2024/03/05 13:34:23 CallOrder: worker get response &{3 [] 0 0}
2024/03/05 13:34:23 worker  48 get order:  &{3 [] 0 0}  order Type 3
2024/03/05 13:34:23 48  waiting for order
2024/03/05 13:34:25 48 :  call for  17  times
2024/03/05 13:34:25 CallOrder: worker get response &{3 [] 0 0}
2024/03/05 13:34:25 worker  48 get order:  &{3 [] 0 0}  order Type 3
2024/03/05 13:34:25 48  waiting for order
2024/03/05 13:34:27 48 :  call for  18  times
2024/03/05 13:34:27 CallOrder: worker get response &{3 [] 0 0}
2024/03/05 13:34:27 worker  48 get order:  &{3 [] 0 0}  order Type 3
2024/03/05 13:34:27 48  waiting for order
2024/03/05 13:34:29 48 :  call for  19  times
2024/03/05 13:34:29 CallOrder: worker get response &{3 [] 0 0}
2024/03/05 13:34:29 worker  48 get order:  &{3 [] 0 0}  order Type 3
2024/03/05 13:34:29 48  waiting for order
2024/03/05 13:34:31 48 :  call for  20  times
2024/03/05 13:34:31 CallOrder: worker get response &{3 [] 0 0}
2024/03/05 13:34:31 worker  48 get order:  &{3 [] 0 0}  order Type 3
2024/03/05 13:34:31 48  waiting for order
2024/03/05 13:34:33 48 :  call for  21  times
2024/03/05 13:34:33 CallOrder: worker get response &{3 [] 0 0}
2024/03/05 13:34:33 worker  48 get order:  &{3 [] 0 0}  order Type 3
2024/03/05 13:34:33 48  waiting for order
2024/03/05 13:34:35 48 :  call for  22  times
2024/03/05 13:34:35 CallOrder: worker get response &{3 [] 0 0}
2024/03/05 13:34:35 worker  48 get order:  &{3 [] 0 0}  order Type 3
2024/03/05 13:34:35 48  waiting for order
2024/03/05 13:34:37 48 :  call for  23  times
2024/03/05 13:34:37 CallOrder: worker get response &{3 [] 0 0}
2024/03/05 13:34:37 worker  48 get order:  &{3 [] 0 0}  order Type 3
2024/03/05 13:34:37 48  waiting for order
2024/03/05 13:34:39 48 :  call for  24  times
2024/03/05 13:34:39 CallOrder: worker get response &{3 [] 0 0}
2024/03/05 13:34:39 worker  48 get order:  &{3 [] 0 0}  order Type 3
2024/03/05 13:34:39 48  waiting for order
2024/03/05 13:34:41 48 :  call for  25  times
2024/03/05 13:34:41 CallOrder: worker get response &{3 [] 0 0}
2024/03/05 13:34:41 worker  48 get order:  &{3 [] 0 0}  order Type 3
2024/03/05 13:34:41 48  waiting for order
2024/03/05 13:34:43 48 :  call for  26  times
2024/03/05 13:34:43 CallOrder: worker get response &{3 [] 0 0}
2024/03/05 13:34:43 worker  48 get order:  &{3 [] 0 0}  order Type 3
2024/03/05 13:34:43 48  waiting for order
2024/03/05 13:34:45 48 :  call for  27  times
2024/03/05 13:34:45 dialing:dial unix /var/tmp/824-mr-0: connect: connection refused
