2024/03/05 04:32:08 8 :  call for  1  times
2024/03/05 04:32:08 CallOrder: worker get response &{1 [mr-tmp-0-7 mr-tmp-1-7 mr-tmp-2-7 mr-tmp-3-7 mr-tmp-4-7 mr-tmp-5-7 mr-tmp-6-7 mr-tmp-7-7] 15 0}
2024/03/05 04:32:08 worker  8 get order:  &{1 [mr-tmp-0-7 mr-tmp-1-7 mr-tmp-2-7 mr-tmp-3-7 mr-tmp-4-7 mr-tmp-5-7 mr-tmp-6-7 mr-tmp-7-7] 15 0}  order Type 1
2024/03/05 04:32:08 start 15 map
2024/03/05 04:32:08 Worker finish order 15, order type 1
2024/03/05 04:32:09 8 :  call for  2  times
2024/03/05 04:32:09 CallOrder: worker get response &{1 [mr-tmp-0-9 mr-tmp-1-9 mr-tmp-2-9 mr-tmp-3-9 mr-tmp-4-9 mr-tmp-5-9 mr-tmp-6-9 mr-tmp-7-9] 17 0}
2024/03/05 04:32:09 worker  8 get order:  &{1 [mr-tmp-0-9 mr-tmp-1-9 mr-tmp-2-9 mr-tmp-3-9 mr-tmp-4-9 mr-tmp-5-9 mr-tmp-6-9 mr-tmp-7-9] 17 0}  order Type 1
2024/03/05 04:32:09 start 17 map
2024/03/05 04:32:09 Worker finish order 17, order type 1
2024/03/05 04:32:10 8 :  call for  3  times
2024/03/05 04:32:10 CallOrder: worker get response &{3 [] 0 0}
2024/03/05 04:32:10 worker  8 get order:  &{3 [] 0 0}  order Type 3
2024/03/05 04:32:10 8  waiting for order
2024/03/05 04:32:12 8 :  call for  4  times
2024/03/05 04:32:12 CallOrder: worker get response &{3 [] 0 0}
2024/03/05 04:32:12 worker  8 get order:  &{3 [] 0 0}  order Type 3
2024/03/05 04:32:12 8  waiting for order
2024/03/05 04:32:14 8 :  call for  5  times
2024/03/05 04:32:14 CallOrder: worker get response &{3 [] 0 0}
2024/03/05 04:32:14 worker  8 get order:  &{3 [] 0 0}  order Type 3
2024/03/05 04:32:14 8  waiting for order
2024/03/05 04:32:16 8 :  call for  6  times
2024/03/05 04:32:16 CallOrder: worker get response &{3 [] 0 0}
2024/03/05 04:32:16 worker  8 get order:  &{3 [] 0 0}  order Type 3
2024/03/05 04:32:16 8  waiting for order
2024/03/05 04:32:18 8 :  call for  7  times
2024/03/05 04:32:18 CallOrder: worker get response &{3 [] 0 0}
2024/03/05 04:32:18 worker  8 get order:  &{3 [] 0 0}  order Type 3
2024/03/05 04:32:18 8  waiting for order
2024/03/05 04:32:20 8 :  call for  8  times
2024/03/05 04:32:20 dialing:dial unix /var/tmp/824-mr-0: connect: connection refused
