2024/03/04 21:20:14 14 :  call for  1  times
2024/03/04 21:20:14 CallOrder: worker get response &{0 [../pg-being_ernest.txt] 0 10}
2024/03/04 21:20:14 worker  14 get order:  &{0 [../pg-being_ernest.txt] 0 10}  order Type 0
2024/03/04 21:20:15 start 0 map
2024/03/04 21:20:15 Worker finish order 0, order type 0
2024/03/04 21:20:16 14 :  call for  2  times
2024/03/04 21:20:16 CallOrder: worker get response &{0 [../pg-grimm.txt] 3 10}
2024/03/04 21:20:16 worker  14 get order:  &{0 [../pg-grimm.txt] 3 10}  order Type 0
2024/03/04 21:20:17 start 3 map
2024/03/04 21:20:17 Worker finish order 3, order type 0
2024/03/04 21:20:18 14 :  call for  3  times
2024/03/04 21:20:18 CallOrder: worker get response &{0 [../pg-sherlock_holmes.txt] 6 10}
2024/03/04 21:20:18 worker  14 get order:  &{0 [../pg-sherlock_holmes.txt] 6 10}  order Type 0
2024/03/04 21:20:21 start 6 map
2024/03/04 21:20:21 Worker finish order 6, order type 0
2024/03/04 21:20:22 14 :  call for  4  times
2024/03/04 21:20:22 CallOrder: worker get response &{1 [mr-tmp-0-0 mr-tmp-1-0 mr-tmp-2-0 mr-tmp-3-0 mr-tmp-4-0 mr-tmp-5-0 mr-tmp-6-0 mr-tmp-7-0] 8 0}
2024/03/04 21:20:22 worker  14 get order:  &{1 [mr-tmp-0-0 mr-tmp-1-0 mr-tmp-2-0 mr-tmp-3-0 mr-tmp-4-0 mr-tmp-5-0 mr-tmp-6-0 mr-tmp-7-0] 8 0}  order Type 1
2024/03/04 21:20:22 start 8 map
2024/03/04 21:20:22 Worker finish order 8, order type 1
2024/03/04 21:20:23 14 :  call for  5  times
2024/03/04 21:20:23 CallOrder: worker get response &{1 [mr-tmp-0-2 mr-tmp-1-2 mr-tmp-2-2 mr-tmp-3-2 mr-tmp-4-2 mr-tmp-5-2 mr-tmp-6-2 mr-tmp-7-2] 10 0}
2024/03/04 21:20:23 worker  14 get order:  &{1 [mr-tmp-0-2 mr-tmp-1-2 mr-tmp-2-2 mr-tmp-3-2 mr-tmp-4-2 mr-tmp-5-2 mr-tmp-6-2 mr-tmp-7-2] 10 0}  order Type 1
2024/03/04 21:20:24 start 10 map
2024/03/04 21:20:24 Worker finish order 10, order type 1
2024/03/04 21:20:25 14 :  call for  6  times
2024/03/04 21:20:25 CallOrder: worker get response &{1 [mr-tmp-0-6 mr-tmp-1-6 mr-tmp-2-6 mr-tmp-3-6 mr-tmp-4-6 mr-tmp-5-6 mr-tmp-6-6 mr-tmp-7-6] 14 0}
2024/03/04 21:20:25 worker  14 get order:  &{1 [mr-tmp-0-6 mr-tmp-1-6 mr-tmp-2-6 mr-tmp-3-6 mr-tmp-4-6 mr-tmp-5-6 mr-tmp-6-6 mr-tmp-7-6] 14 0}  order Type 1
2024/03/04 21:20:27 start 14 map
2024/03/04 21:20:27 Worker finish order 14, order type 1
2024/03/04 21:20:28 14 :  call for  7  times
2024/03/04 21:20:28 CallOrder: worker get response &{3 [] 0 0}
2024/03/04 21:20:28 worker  14 get order:  &{3 [] 0 0}  order Type 3
2024/03/04 21:20:28 14  waiting for order
2024/03/04 21:20:30 14 :  call for  8  times
2024/03/04 21:20:30 CallOrder: worker get response &{4 [] 0 0}
2024/03/04 21:20:30 worker  14 get order:  &{4 [] 0 0}  order Type 4
2024/03/04 21:20:31 14  killed
