2024/03/05 07:04:12 12 :  call for  1  times
2024/03/05 07:04:12 CallOrder: worker get response &{2 [] 0 0}
2024/03/05 07:04:12 worker  12 get order:  &{2 [] 0 0}  order Type 2
2024/03/05 07:04:12 12  waiting for order
2024/03/05 07:04:14 12 :  call for  2  times
2024/03/05 07:04:14 CallOrder: worker get response &{2 [] 0 0}
2024/03/05 07:04:14 worker  12 get order:  &{2 [] 0 0}  order Type 2
2024/03/05 07:04:14 12  waiting for order
2024/03/05 07:04:16 12 :  call for  3  times
2024/03/05 07:04:16 CallOrder: worker get response &{2 [] 0 0}
2024/03/05 07:04:16 worker  12 get order:  &{2 [] 0 0}  order Type 2
2024/03/05 07:04:16 12  waiting for order
2024/03/05 07:04:18 12 :  call for  4  times
2024/03/05 07:04:18 CallOrder: worker get response &{2 [] 0 0}
2024/03/05 07:04:18 worker  12 get order:  &{2 [] 0 0}  order Type 2
2024/03/05 07:04:18 12  waiting for order
2024/03/05 07:04:20 12 :  call for  5  times
2024/03/05 07:04:20 CallOrder: worker get response &{2 [] 0 0}
2024/03/05 07:04:20 worker  12 get order:  &{2 [] 0 0}  order Type 2
2024/03/05 07:04:20 12  waiting for order
2024/03/05 07:04:22 12 :  call for  6  times
2024/03/05 07:04:22 CallOrder: worker get response &{0 [../pg-dorian_gray.txt] 1 10}
2024/03/05 07:04:22 worker  12 get order:  &{0 [../pg-dorian_gray.txt] 1 10}  order Type 0
2024/03/05 07:04:22 start 1 map
2024/03/05 07:04:22 Worker finish order 1, order type 0
2024/03/05 07:04:23 12 :  call for  7  times
2024/03/05 07:04:23 CallOrder: worker get response &{2 [] 0 0}
2024/03/05 07:04:23 worker  12 get order:  &{2 [] 0 0}  order Type 2
2024/03/05 07:04:23 12  waiting for order
2024/03/05 07:04:25 12 :  call for  8  times
2024/03/05 07:04:25 CallOrder: worker get response &{1 [mr-tmp-0-1 mr-tmp-1-1 mr-tmp-2-1 mr-tmp-3-1 mr-tmp-4-1 mr-tmp-5-1 mr-tmp-6-1 mr-tmp-7-1] 9 0}
2024/03/05 07:04:25 worker  12 get order:  &{1 [mr-tmp-0-1 mr-tmp-1-1 mr-tmp-2-1 mr-tmp-3-1 mr-tmp-4-1 mr-tmp-5-1 mr-tmp-6-1 mr-tmp-7-1] 9 0}  order Type 1
2024/03/05 07:04:25 start 9 map
2024/03/05 07:04:25 Worker finish order 9, order type 1
2024/03/05 07:04:26 12 :  call for  9  times
2024/03/05 07:04:26 CallOrder: worker get response &{1 [mr-tmp-0-3 mr-tmp-1-3 mr-tmp-2-3 mr-tmp-3-3 mr-tmp-4-3 mr-tmp-5-3 mr-tmp-6-3 mr-tmp-7-3] 11 0}
2024/03/05 07:04:26 worker  12 get order:  &{1 [mr-tmp-0-3 mr-tmp-1-3 mr-tmp-2-3 mr-tmp-3-3 mr-tmp-4-3 mr-tmp-5-3 mr-tmp-6-3 mr-tmp-7-3] 11 0}  order Type 1
2024/03/05 07:04:26 start 11 map
2024/03/05 07:04:26 Worker finish order 11, order type 1
2024/03/05 07:04:27 12 :  call for  10  times
2024/03/05 07:04:27 CallOrder: worker get response &{1 [mr-tmp-0-5 mr-tmp-1-5 mr-tmp-2-5 mr-tmp-3-5 mr-tmp-4-5 mr-tmp-5-5 mr-tmp-6-5 mr-tmp-7-5] 13 0}
2024/03/05 07:04:27 worker  12 get order:  &{1 [mr-tmp-0-5 mr-tmp-1-5 mr-tmp-2-5 mr-tmp-3-5 mr-tmp-4-5 mr-tmp-5-5 mr-tmp-6-5 mr-tmp-7-5] 13 0}  order Type 1
2024/03/05 07:04:32 start 13 map
2024/03/05 07:04:32 Worker finish order 13, order type 1
2024/03/05 07:04:33 12 :  call for  11  times
2024/03/05 07:04:33 CallOrder: worker get response &{4 [] 0 0}
2024/03/05 07:04:33 worker  12 get order:  &{4 [] 0 0}  order Type 4
2024/03/05 07:04:34 12  killed
