2024/03/05 12:01:39 39 :  call for  1  times
2024/03/05 12:01:39 CallOrder: worker get response &{0 [../pg-frankenstein.txt] 2 10}
2024/03/05 12:01:39 worker  39 get order:  &{0 [../pg-frankenstein.txt] 2 10}  order Type 0
2024/03/05 12:01:41 start 2 map
2024/03/05 12:01:41 Worker finish order 2, order type 0
2024/03/05 12:01:42 39 :  call for  2  times
2024/03/05 12:01:42 CallOrder: worker get response &{0 [../pg-huckleberry_finn.txt] 4 10}
2024/03/05 12:01:42 worker  39 get order:  &{0 [../pg-huckleberry_finn.txt] 4 10}  order Type 0
2024/03/05 12:01:45 start 4 map
2024/03/05 12:01:45 Worker finish order 4, order type 0
2024/03/05 12:01:46 39 :  call for  3  times
2024/03/05 12:01:46 CallOrder: worker get response &{2 [] 0 0}
2024/03/05 12:01:46 worker  39 get order:  &{2 [] 0 0}  order Type 2
2024/03/05 12:01:46 39  waiting for order
2024/03/05 12:01:48 39 :  call for  4  times
2024/03/05 12:01:48 CallOrder: worker get response &{1 [mr-tmp-0-1 mr-tmp-1-1 mr-tmp-2-1 mr-tmp-3-1 mr-tmp-4-1 mr-tmp-5-1 mr-tmp-6-1 mr-tmp-7-1] 9 0}
2024/03/05 12:01:48 worker  39 get order:  &{1 [mr-tmp-0-1 mr-tmp-1-1 mr-tmp-2-1 mr-tmp-3-1 mr-tmp-4-1 mr-tmp-5-1 mr-tmp-6-1 mr-tmp-7-1] 9 0}  order Type 1
2024/03/05 12:01:48 start 9 map
2024/03/05 12:01:48 Worker finish order 9, order type 1
2024/03/05 12:01:49 39 :  call for  5  times
2024/03/05 12:01:49 CallOrder: worker get response &{1 [mr-tmp-0-3 mr-tmp-1-3 mr-tmp-2-3 mr-tmp-3-3 mr-tmp-4-3 mr-tmp-5-3 mr-tmp-6-3 mr-tmp-7-3] 11 0}
2024/03/05 12:01:49 worker  39 get order:  &{1 [mr-tmp-0-3 mr-tmp-1-3 mr-tmp-2-3 mr-tmp-3-3 mr-tmp-4-3 mr-tmp-5-3 mr-tmp-6-3 mr-tmp-7-3] 11 0}  order Type 1
2024/03/05 12:01:50 start 11 map
2024/03/05 12:01:50 Worker finish order 11, order type 1
2024/03/05 12:01:51 39 :  call for  6  times
2024/03/05 12:01:51 CallOrder: worker get response &{1 [mr-tmp-0-5 mr-tmp-1-5 mr-tmp-2-5 mr-tmp-3-5 mr-tmp-4-5 mr-tmp-5-5 mr-tmp-6-5 mr-tmp-7-5] 13 0}
2024/03/05 12:01:51 worker  39 get order:  &{1 [mr-tmp-0-5 mr-tmp-1-5 mr-tmp-2-5 mr-tmp-3-5 mr-tmp-4-5 mr-tmp-5-5 mr-tmp-6-5 mr-tmp-7-5] 13 0}  order Type 1
2024/03/05 12:01:52 start 13 map
2024/03/05 12:01:52 Worker finish order 13, order type 1
2024/03/05 12:01:53 39 :  call for  7  times
2024/03/05 12:01:53 CallOrder: worker get response &{1 [mr-tmp-0-8 mr-tmp-1-8 mr-tmp-2-8 mr-tmp-3-8 mr-tmp-4-8 mr-tmp-5-8 mr-tmp-6-8 mr-tmp-7-8] 16 0}
2024/03/05 12:01:53 worker  39 get order:  &{1 [mr-tmp-0-8 mr-tmp-1-8 mr-tmp-2-8 mr-tmp-3-8 mr-tmp-4-8 mr-tmp-5-8 mr-tmp-6-8 mr-tmp-7-8] 16 0}  order Type 1
2024/03/05 12:01:54 start 16 map
2024/03/05 12:01:54 Worker finish order 16, order type 1
2024/03/05 12:01:55 39 :  call for  8  times
2024/03/05 12:01:55 CallOrder: worker get response &{3 [] 0 0}
2024/03/05 12:01:55 worker  39 get order:  &{3 [] 0 0}  order Type 3
2024/03/05 12:01:55 39  waiting for order
2024/03/05 12:01:57 39 :  call for  9  times
2024/03/05 12:01:57 dialing:dial unix /var/tmp/824-mr-0: connect: connection refused
