2024/03/05 11:52:57 57 :  call for  1  times
2024/03/05 11:52:57 CallOrder: worker get response &{0 [../pg-being_ernest.txt] 0 10}
2024/03/05 11:52:57 worker  57 get order:  &{0 [../pg-being_ernest.txt] 0 10}  order Type 0
2024/03/05 11:52:57 start 0 map
2024/03/05 11:52:57 Worker finish order 0, order type 0
2024/03/05 11:52:58 57 :  call for  2  times
2024/03/05 11:52:58 CallOrder: worker get response &{0 [../pg-huckleberry_finn.txt] 4 10}
2024/03/05 11:52:58 worker  57 get order:  &{0 [../pg-huckleberry_finn.txt] 4 10}  order Type 0
2024/03/05 11:52:59 start 4 map
2024/03/05 11:52:59 Worker finish order 4, order type 0
2024/03/05 11:53:00 57 :  call for  3  times
2024/03/05 11:53:00 CallOrder: worker get response &{2 [] 0 0}
2024/03/05 11:53:00 worker  57 get order:  &{2 [] 0 0}  order Type 2
2024/03/05 11:53:00 57  waiting for order
2024/03/05 11:53:02 57 :  call for  4  times
2024/03/05 11:53:02 CallOrder: worker get response &{2 [] 0 0}
2024/03/05 11:53:02 worker  57 get order:  &{2 [] 0 0}  order Type 2
2024/03/05 11:53:02 57  waiting for order
2024/03/05 11:53:04 57 :  call for  5  times
2024/03/05 11:53:04 CallOrder: worker get response &{2 [] 0 0}
2024/03/05 11:53:04 worker  57 get order:  &{2 [] 0 0}  order Type 2
2024/03/05 11:53:04 57  waiting for order
2024/03/05 11:53:06 57 :  call for  6  times
2024/03/05 11:53:06 CallOrder: worker get response &{2 [] 0 0}
2024/03/05 11:53:06 worker  57 get order:  &{2 [] 0 0}  order Type 2
2024/03/05 11:53:06 57  waiting for order
2024/03/05 11:53:08 57 :  call for  7  times
2024/03/05 11:53:08 CallOrder: worker get response &{2 [] 0 0}
2024/03/05 11:53:08 worker  57 get order:  &{2 [] 0 0}  order Type 2
2024/03/05 11:53:08 57  waiting for order
2024/03/05 11:53:10 57 :  call for  8  times
2024/03/05 11:53:10 CallOrder: worker get response &{1 [mr-tmp-0-3 mr-tmp-1-3 mr-tmp-2-3 mr-tmp-3-3 mr-tmp-4-3 mr-tmp-5-3 mr-tmp-6-3 mr-tmp-7-3] 11 0}
2024/03/05 11:53:10 worker  57 get order:  &{1 [mr-tmp-0-3 mr-tmp-1-3 mr-tmp-2-3 mr-tmp-3-3 mr-tmp-4-3 mr-tmp-5-3 mr-tmp-6-3 mr-tmp-7-3] 11 0}  order Type 1
2024/03/05 11:53:10 start 11 map
2024/03/05 11:53:10 Worker finish order 11, order type 1
2024/03/05 11:53:11 57 :  call for  9  times
2024/03/05 11:53:11 CallOrder: worker get response &{1 [mr-tmp-0-4 mr-tmp-1-4 mr-tmp-2-4 mr-tmp-3-4 mr-tmp-4-4 mr-tmp-5-4 mr-tmp-6-4 mr-tmp-7-4] 12 0}
2024/03/05 11:53:11 worker  57 get order:  &{1 [mr-tmp-0-4 mr-tmp-1-4 mr-tmp-2-4 mr-tmp-3-4 mr-tmp-4-4 mr-tmp-5-4 mr-tmp-6-4 mr-tmp-7-4] 12 0}  order Type 1
2024/03/05 11:53:11 start 12 map
2024/03/05 11:53:11 Worker finish order 12, order type 1
2024/03/05 11:53:12 57 :  call for  10  times
2024/03/05 11:53:12 CallOrder: worker get response &{1 [mr-tmp-0-5 mr-tmp-1-5 mr-tmp-2-5 mr-tmp-3-5 mr-tmp-4-5 mr-tmp-5-5 mr-tmp-6-5 mr-tmp-7-5] 13 0}
2024/03/05 11:53:12 worker  57 get order:  &{1 [mr-tmp-0-5 mr-tmp-1-5 mr-tmp-2-5 mr-tmp-3-5 mr-tmp-4-5 mr-tmp-5-5 mr-tmp-6-5 mr-tmp-7-5] 13 0}  order Type 1
2024/03/05 11:53:12 start 13 map
2024/03/05 11:53:12 Worker finish order 13, order type 1
2024/03/05 11:53:13 57 :  call for  11  times
2024/03/05 11:53:13 CallOrder: worker get response &{1 [mr-tmp-0-6 mr-tmp-1-6 mr-tmp-2-6 mr-tmp-3-6 mr-tmp-4-6 mr-tmp-5-6 mr-tmp-6-6 mr-tmp-7-6] 14 0}
2024/03/05 11:53:13 worker  57 get order:  &{1 [mr-tmp-0-6 mr-tmp-1-6 mr-tmp-2-6 mr-tmp-3-6 mr-tmp-4-6 mr-tmp-5-6 mr-tmp-6-6 mr-tmp-7-6] 14 0}  order Type 1
2024/03/05 11:53:13 start 14 map
2024/03/05 11:53:13 Worker finish order 14, order type 1
2024/03/05 11:53:14 57 :  call for  12  times
2024/03/05 11:53:14 CallOrder: worker get response &{1 [mr-tmp-0-7 mr-tmp-1-7 mr-tmp-2-7 mr-tmp-3-7 mr-tmp-4-7 mr-tmp-5-7 mr-tmp-6-7 mr-tmp-7-7] 15 0}
2024/03/05 11:53:14 worker  57 get order:  &{1 [mr-tmp-0-7 mr-tmp-1-7 mr-tmp-2-7 mr-tmp-3-7 mr-tmp-4-7 mr-tmp-5-7 mr-tmp-6-7 mr-tmp-7-7] 15 0}  order Type 1
2024/03/05 11:53:14 start 15 map
2024/03/05 11:53:14 Worker finish order 15, order type 1
2024/03/05 11:53:15 57 :  call for  13  times
2024/03/05 11:53:15 CallOrder: worker get response &{1 [mr-tmp-0-8 mr-tmp-1-8 mr-tmp-2-8 mr-tmp-3-8 mr-tmp-4-8 mr-tmp-5-8 mr-tmp-6-8 mr-tmp-7-8] 16 0}
2024/03/05 11:53:15 worker  57 get order:  &{1 [mr-tmp-0-8 mr-tmp-1-8 mr-tmp-2-8 mr-tmp-3-8 mr-tmp-4-8 mr-tmp-5-8 mr-tmp-6-8 mr-tmp-7-8] 16 0}  order Type 1
2024/03/05 11:53:15 start 16 map
2024/03/05 11:53:15 Worker finish order 16, order type 1
2024/03/05 11:53:16 57 :  call for  14  times
2024/03/05 11:53:16 CallOrder: worker get response &{3 [] 0 0}
2024/03/05 11:53:16 worker  57 get order:  &{3 [] 0 0}  order Type 3
2024/03/05 11:53:16 57  waiting for order
2024/03/05 11:53:18 57 :  call for  15  times
2024/03/05 11:53:18 CallOrder: worker get response &{3 [] 0 0}
2024/03/05 11:53:18 worker  57 get order:  &{3 [] 0 0}  order Type 3
2024/03/05 11:53:18 57  waiting for order
2024/03/05 11:53:20 57 :  call for  16  times
2024/03/05 11:53:20 CallOrder: worker get response &{3 [] 0 0}
2024/03/05 11:53:20 worker  57 get order:  &{3 [] 0 0}  order Type 3
2024/03/05 11:53:20 57  waiting for order
2024/03/05 11:53:22 57 :  call for  17  times
2024/03/05 11:53:22 dialing:dial unix /var/tmp/824-mr-0: connect: connection refused
