2024/03/05 12:25:15 15 :  call for  1  times
2024/03/05 12:25:15 CallOrder: worker get response &{0 [../pg-tom_sawyer.txt] 7 10}
2024/03/05 12:25:15 worker  15 get order:  &{0 [../pg-tom_sawyer.txt] 7 10}  order Type 0
2024/03/05 12:25:15 start 7 map
2024/03/05 12:25:15 Worker finish order 7, order type 0
2024/03/05 12:25:16 15 :  call for  2  times
2024/03/05 12:25:16 CallOrder: worker get response &{2 [] 0 0}
2024/03/05 12:25:16 worker  15 get order:  &{2 [] 0 0}  order Type 2
2024/03/05 12:25:16 15  waiting for order
2024/03/05 12:25:18 15 :  call for  3  times
2024/03/05 12:25:18 CallOrder: worker get response &{2 [] 0 0}
2024/03/05 12:25:18 worker  15 get order:  &{2 [] 0 0}  order Type 2
2024/03/05 12:25:18 15  waiting for order
2024/03/05 12:25:20 15 :  call for  4  times
2024/03/05 12:25:20 CallOrder: worker get response &{2 [] 0 0}
2024/03/05 12:25:20 worker  15 get order:  &{2 [] 0 0}  order Type 2
2024/03/05 12:25:20 15  waiting for order
2024/03/05 12:25:22 15 :  call for  5  times
2024/03/05 12:25:22 CallOrder: worker get response &{2 [] 0 0}
2024/03/05 12:25:22 worker  15 get order:  &{2 [] 0 0}  order Type 2
2024/03/05 12:25:22 15  waiting for order
2024/03/05 12:25:24 15 :  call for  6  times
2024/03/05 12:25:24 CallOrder: worker get response &{0 [../pg-grimm.txt] 3 10}
2024/03/05 12:25:24 worker  15 get order:  &{0 [../pg-grimm.txt] 3 10}  order Type 0
2024/03/05 12:25:24 start 3 map
2024/03/05 12:25:24 Worker finish order 3, order type 0
2024/03/05 12:25:25 15 :  call for  7  times
2024/03/05 12:25:25 CallOrder: worker get response &{0 [../pg-sherlock_holmes.txt] 6 10}
2024/03/05 12:25:25 worker  15 get order:  &{0 [../pg-sherlock_holmes.txt] 6 10}  order Type 0
2024/03/05 12:25:26 start 6 map
2024/03/05 12:25:26 Worker finish order 6, order type 0
2024/03/05 12:25:27 15 :  call for  8  times
2024/03/05 12:25:27 CallOrder: worker get response &{2 [] 0 0}
2024/03/05 12:25:27 worker  15 get order:  &{2 [] 0 0}  order Type 2
2024/03/05 12:25:27 15  waiting for order
2024/03/05 12:25:29 15 :  call for  9  times
2024/03/05 12:25:29 CallOrder: worker get response &{2 [] 0 0}
2024/03/05 12:25:29 worker  15 get order:  &{2 [] 0 0}  order Type 2
2024/03/05 12:25:29 15  waiting for order
2024/03/05 12:25:31 15 :  call for  10  times
2024/03/05 12:25:31 CallOrder: worker get response &{2 [] 0 0}
2024/03/05 12:25:31 worker  15 get order:  &{2 [] 0 0}  order Type 2
2024/03/05 12:25:31 15  waiting for order
2024/03/05 12:25:33 15 :  call for  11  times
2024/03/05 12:25:33 CallOrder: worker get response &{1 [mr-tmp-0-1 mr-tmp-1-1 mr-tmp-2-1 mr-tmp-3-1 mr-tmp-4-1 mr-tmp-5-1 mr-tmp-6-1 mr-tmp-7-1] 9 0}
2024/03/05 12:25:33 worker  15 get order:  &{1 [mr-tmp-0-1 mr-tmp-1-1 mr-tmp-2-1 mr-tmp-3-1 mr-tmp-4-1 mr-tmp-5-1 mr-tmp-6-1 mr-tmp-7-1] 9 0}  order Type 1
2024/03/05 12:25:33 start 9 map
2024/03/05 12:25:33 Worker finish order 9, order type 1
2024/03/05 12:25:34 15 :  call for  12  times
2024/03/05 12:25:34 CallOrder: worker get response &{1 [mr-tmp-0-3 mr-tmp-1-3 mr-tmp-2-3 mr-tmp-3-3 mr-tmp-4-3 mr-tmp-5-3 mr-tmp-6-3 mr-tmp-7-3] 11 0}
2024/03/05 12:25:34 worker  15 get order:  &{1 [mr-tmp-0-3 mr-tmp-1-3 mr-tmp-2-3 mr-tmp-3-3 mr-tmp-4-3 mr-tmp-5-3 mr-tmp-6-3 mr-tmp-7-3] 11 0}  order Type 1
2024/03/05 12:25:34 start 11 map
2024/03/05 12:25:34 Worker finish order 11, order type 1
2024/03/05 12:25:35 15 :  call for  13  times
2024/03/05 12:25:35 CallOrder: worker get response &{1 [mr-tmp-0-6 mr-tmp-1-6 mr-tmp-2-6 mr-tmp-3-6 mr-tmp-4-6 mr-tmp-5-6 mr-tmp-6-6 mr-tmp-7-6] 14 0}
2024/03/05 12:25:35 worker  15 get order:  &{1 [mr-tmp-0-6 mr-tmp-1-6 mr-tmp-2-6 mr-tmp-3-6 mr-tmp-4-6 mr-tmp-5-6 mr-tmp-6-6 mr-tmp-7-6] 14 0}  order Type 1
2024/03/05 12:25:35 start 14 map
2024/03/05 12:25:35 Worker finish order 14, order type 1
2024/03/05 12:25:36 15 :  call for  14  times
2024/03/05 12:25:36 CallOrder: worker get response &{1 [mr-tmp-0-9 mr-tmp-1-9 mr-tmp-2-9 mr-tmp-3-9 mr-tmp-4-9 mr-tmp-5-9 mr-tmp-6-9 mr-tmp-7-9] 17 0}
2024/03/05 12:25:36 worker  15 get order:  &{1 [mr-tmp-0-9 mr-tmp-1-9 mr-tmp-2-9 mr-tmp-3-9 mr-tmp-4-9 mr-tmp-5-9 mr-tmp-6-9 mr-tmp-7-9] 17 0}  order Type 1
