2024/03/04 21:19:11 11 :  call for  1  times
2024/03/04 21:19:11 CallOrder: worker get response &{2 [] 0 0}
2024/03/04 21:19:11 worker  11 get order:  &{2 [] 0 0}  order Type 2
2024/03/04 21:19:11 11  waiting for order
2024/03/04 21:19:13 11 :  call for  2  times
2024/03/04 21:19:13 CallOrder: worker get response &{2 [] 0 0}
2024/03/04 21:19:13 worker  11 get order:  &{2 [] 0 0}  order Type 2
2024/03/04 21:19:13 11  waiting for order
2024/03/04 21:19:15 11 :  call for  3  times
2024/03/04 21:19:15 CallOrder: worker get response &{2 [] 0 0}
2024/03/04 21:19:15 worker  11 get order:  &{2 [] 0 0}  order Type 2
2024/03/04 21:19:15 11  waiting for order
2024/03/04 21:19:17 11 :  call for  4  times
2024/03/04 21:19:17 CallOrder: worker get response &{2 [] 0 0}
2024/03/04 21:19:17 worker  11 get order:  &{2 [] 0 0}  order Type 2
2024/03/04 21:19:17 11  waiting for order
2024/03/04 21:19:19 11 :  call for  5  times
2024/03/04 21:19:19 CallOrder: worker get response &{2 [] 0 0}
2024/03/04 21:19:19 worker  11 get order:  &{2 [] 0 0}  order Type 2
2024/03/04 21:19:19 11  waiting for order
2024/03/04 21:19:21 11 :  call for  6  times
2024/03/04 21:19:21 CallOrder: worker get response &{2 [] 0 0}
2024/03/04 21:19:21 worker  11 get order:  &{2 [] 0 0}  order Type 2
2024/03/04 21:19:21 11  waiting for order
2024/03/04 21:19:23 11 :  call for  7  times
2024/03/04 21:19:23 CallOrder: worker get response &{2 [] 0 0}
2024/03/04 21:19:23 worker  11 get order:  &{2 [] 0 0}  order Type 2
2024/03/04 21:19:23 11  waiting for order
2024/03/04 21:19:25 11 :  call for  8  times
2024/03/04 21:19:25 CallOrder: worker get response &{2 [] 0 0}
2024/03/04 21:19:25 worker  11 get order:  &{2 [] 0 0}  order Type 2
2024/03/04 21:19:25 11  waiting for order
2024/03/04 21:19:27 11 :  call for  9  times
2024/03/04 21:19:27 CallOrder: worker get response &{2 [] 0 0}
2024/03/04 21:19:27 worker  11 get order:  &{2 [] 0 0}  order Type 2
2024/03/04 21:19:27 11  waiting for order
2024/03/04 21:19:29 11 :  call for  10  times
2024/03/04 21:19:29 CallOrder: worker get response &{2 [] 0 0}
2024/03/04 21:19:29 worker  11 get order:  &{2 [] 0 0}  order Type 2
2024/03/04 21:19:29 11  waiting for order
2024/03/04 21:19:31 11 :  call for  11  times
2024/03/04 21:19:31 CallOrder: worker get response &{2 [] 0 0}
2024/03/04 21:19:31 worker  11 get order:  &{2 [] 0 0}  order Type 2
2024/03/04 21:19:31 11  waiting for order
2024/03/04 21:19:33 11 :  call for  12  times
2024/03/04 21:19:33 CallOrder: worker get response &{2 [] 0 0}
2024/03/04 21:19:33 worker  11 get order:  &{2 [] 0 0}  order Type 2
2024/03/04 21:19:33 11  waiting for order
2024/03/04 21:19:35 11 :  call for  13  times
2024/03/04 21:19:35 CallOrder: worker get response &{2 [] 0 0}
2024/03/04 21:19:35 worker  11 get order:  &{2 [] 0 0}  order Type 2
2024/03/04 21:19:35 11  waiting for order
2024/03/04 21:19:37 11 :  call for  14  times
2024/03/04 21:19:37 CallOrder: worker get response &{2 [] 0 0}
2024/03/04 21:19:37 worker  11 get order:  &{2 [] 0 0}  order Type 2
2024/03/04 21:19:37 11  waiting for order
2024/03/04 21:19:39 11 :  call for  15  times
2024/03/04 21:19:39 CallOrder: worker get response &{2 [] 0 0}
2024/03/04 21:19:39 worker  11 get order:  &{2 [] 0 0}  order Type 2
2024/03/04 21:19:39 11  waiting for order
2024/03/04 21:19:41 11 :  call for  16  times
2024/03/04 21:19:41 CallOrder: worker get response &{1 [mr-tmp-0-0 mr-tmp-1-0 mr-tmp-2-0 mr-tmp-3-0 mr-tmp-4-0 mr-tmp-5-0 mr-tmp-6-0 mr-tmp-7-0] 8 0}
2024/03/04 21:19:41 worker  11 get order:  &{1 [mr-tmp-0-0 mr-tmp-1-0 mr-tmp-2-0 mr-tmp-3-0 mr-tmp-4-0 mr-tmp-5-0 mr-tmp-6-0 mr-tmp-7-0] 8 0}  order Type 1
2024/03/04 21:19:41 start 8 map
2024/03/04 21:19:41 Worker finish order 8, order type 1
2024/03/04 21:19:42 11 :  call for  17  times
2024/03/04 21:19:42 CallOrder: worker get response &{1 [mr-tmp-0-3 mr-tmp-1-3 mr-tmp-2-3 mr-tmp-3-3 mr-tmp-4-3 mr-tmp-5-3 mr-tmp-6-3 mr-tmp-7-3] 11 0}
2024/03/04 21:19:42 worker  11 get order:  &{1 [mr-tmp-0-3 mr-tmp-1-3 mr-tmp-2-3 mr-tmp-3-3 mr-tmp-4-3 mr-tmp-5-3 mr-tmp-6-3 mr-tmp-7-3] 11 0}  order Type 1
2024/03/04 21:19:42 start 11 map
2024/03/04 21:19:42 Worker finish order 11, order type 1
2024/03/04 21:19:43 11 :  call for  18  times
2024/03/04 21:19:43 CallOrder: worker get response &{1 [mr-tmp-0-7 mr-tmp-1-7 mr-tmp-2-7 mr-tmp-3-7 mr-tmp-4-7 mr-tmp-5-7 mr-tmp-6-7 mr-tmp-7-7] 15 0}
2024/03/04 21:19:43 worker  11 get order:  &{1 [mr-tmp-0-7 mr-tmp-1-7 mr-tmp-2-7 mr-tmp-3-7 mr-tmp-4-7 mr-tmp-5-7 mr-tmp-6-7 mr-tmp-7-7] 15 0}  order Type 1
2024/03/04 21:19:43 start 15 map
2024/03/04 21:19:43 Worker finish order 15, order type 1
2024/03/04 21:19:44 11 :  call for  19  times
2024/03/04 21:19:44 CallOrder: worker get response &{3 [] 0 0}
2024/03/04 21:19:44 worker  11 get order:  &{3 [] 0 0}  order Type 3
2024/03/04 21:19:44 11  waiting for order
2024/03/04 21:19:46 11 :  call for  20  times
2024/03/04 21:19:46 CallOrder: worker get response &{3 [] 0 0}
2024/03/04 21:19:46 worker  11 get order:  &{3 [] 0 0}  order Type 3
2024/03/04 21:19:46 11  waiting for order
2024/03/04 21:19:48 11 :  call for  21  times
2024/03/04 21:19:48 CallOrder: worker get response &{3 [] 0 0}
2024/03/04 21:19:48 worker  11 get order:  &{3 [] 0 0}  order Type 3
2024/03/04 21:19:48 11  waiting for order
2024/03/04 21:19:50 11 :  call for  22  times
2024/03/04 21:19:50 CallOrder: worker get response &{3 [] 0 0}
2024/03/04 21:19:50 worker  11 get order:  &{3 [] 0 0}  order Type 3
2024/03/04 21:19:50 11  waiting for order
2024/03/04 21:19:52 11 :  call for  23  times
2024/03/04 21:19:52 CallOrder: worker get response &{3 [] 0 0}
2024/03/04 21:19:52 worker  11 get order:  &{3 [] 0 0}  order Type 3
2024/03/04 21:19:52 11  waiting for order
2024/03/04 21:19:54 11 :  call for  24  times
2024/03/04 21:19:54 CallOrder: worker get response &{1 [mr-tmp-0-5 mr-tmp-1-5 mr-tmp-2-5 mr-tmp-3-5 mr-tmp-4-5 mr-tmp-5-5 mr-tmp-6-5 mr-tmp-7-5] 13 0}
2024/03/04 21:19:54 worker  11 get order:  &{1 [mr-tmp-0-5 mr-tmp-1-5 mr-tmp-2-5 mr-tmp-3-5 mr-tmp-4-5 mr-tmp-5-5 mr-tmp-6-5 mr-tmp-7-5] 13 0}  order Type 1
2024/03/04 21:20:04 start 13 map
2024/03/04 21:20:04 Worker finish order 13, order type 1
2024/03/04 21:20:05 11 :  call for  25  times
2024/03/04 21:20:05 CallOrder: worker get response &{4 [] 0 0}
2024/03/04 21:20:05 worker  11 get order:  &{4 [] 0 0}  order Type 4
2024/03/04 21:20:06 11  killed
