2024/03/05 08:18:43 43 :  call for  1  times
2024/03/05 08:18:43 CallOrder: worker get response &{2 [] 0 0}
2024/03/05 08:18:43 worker  43 get order:  &{2 [] 0 0}  order Type 2
2024/03/05 08:18:43 43  waiting for order
2024/03/05 08:18:45 43 :  call for  2  times
2024/03/05 08:18:45 CallOrder: worker get response &{2 [] 0 0}
2024/03/05 08:18:45 worker  43 get order:  &{2 [] 0 0}  order Type 2
2024/03/05 08:18:45 43  waiting for order
2024/03/05 08:18:47 43 :  call for  3  times
2024/03/05 08:18:47 CallOrder: worker get response &{2 [] 0 0}
2024/03/05 08:18:47 worker  43 get order:  &{2 [] 0 0}  order Type 2
2024/03/05 08:18:47 43  waiting for order
2024/03/05 08:18:49 43 :  call for  4  times
2024/03/05 08:18:49 CallOrder: worker get response &{2 [] 0 0}
2024/03/05 08:18:49 worker  43 get order:  &{2 [] 0 0}  order Type 2
2024/03/05 08:18:49 43  waiting for order
2024/03/05 08:18:51 43 :  call for  5  times
2024/03/05 08:18:51 CallOrder: worker get response &{2 [] 0 0}
2024/03/05 08:18:51 worker  43 get order:  &{2 [] 0 0}  order Type 2
2024/03/05 08:18:51 43  waiting for order
2024/03/05 08:18:53 43 :  call for  6  times
2024/03/05 08:18:53 CallOrder: worker get response &{2 [] 0 0}
2024/03/05 08:18:53 worker  43 get order:  &{2 [] 0 0}  order Type 2
2024/03/05 08:18:53 43  waiting for order
2024/03/05 08:18:55 43 :  call for  7  times
2024/03/05 08:18:55 CallOrder: worker get response &{2 [] 0 0}
2024/03/05 08:18:55 worker  43 get order:  &{2 [] 0 0}  order Type 2
2024/03/05 08:18:55 43  waiting for order
2024/03/05 08:18:57 43 :  call for  8  times
2024/03/05 08:18:57 CallOrder: worker get response &{2 [] 0 0}
2024/03/05 08:18:57 worker  43 get order:  &{2 [] 0 0}  order Type 2
2024/03/05 08:18:57 43  waiting for order
2024/03/05 08:18:59 43 :  call for  9  times
2024/03/05 08:18:59 CallOrder: worker get response &{2 [] 0 0}
2024/03/05 08:18:59 worker  43 get order:  &{2 [] 0 0}  order Type 2
2024/03/05 08:18:59 43  waiting for order
2024/03/05 08:19:01 43 :  call for  10  times
2024/03/05 08:19:01 CallOrder: worker get response &{2 [] 0 0}
2024/03/05 08:19:01 worker  43 get order:  &{2 [] 0 0}  order Type 2
2024/03/05 08:19:01 43  waiting for order
2024/03/05 08:19:03 43 :  call for  11  times
2024/03/05 08:19:03 CallOrder: worker get response &{2 [] 0 0}
2024/03/05 08:19:03 worker  43 get order:  &{2 [] 0 0}  order Type 2
2024/03/05 08:19:03 43  waiting for order
2024/03/05 08:19:05 43 :  call for  12  times
2024/03/05 08:19:05 CallOrder: worker get response &{1 [mr-tmp-0-1 mr-tmp-1-1 mr-tmp-2-1 mr-tmp-3-1 mr-tmp-4-1 mr-tmp-5-1 mr-tmp-6-1 mr-tmp-7-1] 9 0}
2024/03/05 08:19:05 worker  43 get order:  &{1 [mr-tmp-0-1 mr-tmp-1-1 mr-tmp-2-1 mr-tmp-3-1 mr-tmp-4-1 mr-tmp-5-1 mr-tmp-6-1 mr-tmp-7-1] 9 0}  order Type 1
2024/03/05 08:19:05 start 9 map
2024/03/05 08:19:05 Worker finish order 9, order type 1
2024/03/05 08:19:06 43 :  call for  13  times
2024/03/05 08:19:06 CallOrder: worker get response &{1 [mr-tmp-0-4 mr-tmp-1-4 mr-tmp-2-4 mr-tmp-3-4 mr-tmp-4-4 mr-tmp-5-4 mr-tmp-6-4 mr-tmp-7-4] 12 0}
2024/03/05 08:19:06 worker  43 get order:  &{1 [mr-tmp-0-4 mr-tmp-1-4 mr-tmp-2-4 mr-tmp-3-4 mr-tmp-4-4 mr-tmp-5-4 mr-tmp-6-4 mr-tmp-7-4] 12 0}  order Type 1
2024/03/05 08:19:06 start 12 map
2024/03/05 08:19:06 Worker finish order 12, order type 1
2024/03/05 08:19:07 43 :  call for  14  times
2024/03/05 08:19:07 CallOrder: worker get response &{1 [mr-tmp-0-7 mr-tmp-1-7 mr-tmp-2-7 mr-tmp-3-7 mr-tmp-4-7 mr-tmp-5-7 mr-tmp-6-7 mr-tmp-7-7] 15 0}
2024/03/05 08:19:07 worker  43 get order:  &{1 [mr-tmp-0-7 mr-tmp-1-7 mr-tmp-2-7 mr-tmp-3-7 mr-tmp-4-7 mr-tmp-5-7 mr-tmp-6-7 mr-tmp-7-7] 15 0}  order Type 1
2024/03/05 08:19:07 start 15 map
2024/03/05 08:19:07 Worker finish order 15, order type 1
2024/03/05 08:19:08 43 :  call for  15  times
2024/03/05 08:19:08 CallOrder: worker get response &{1 [mr-tmp-0-9 mr-tmp-1-9 mr-tmp-2-9 mr-tmp-3-9 mr-tmp-4-9 mr-tmp-5-9 mr-tmp-6-9 mr-tmp-7-9] 17 0}
2024/03/05 08:19:08 worker  43 get order:  &{1 [mr-tmp-0-9 mr-tmp-1-9 mr-tmp-2-9 mr-tmp-3-9 mr-tmp-4-9 mr-tmp-5-9 mr-tmp-6-9 mr-tmp-7-9] 17 0}  order Type 1
2024/03/05 08:19:08 start 17 map
2024/03/05 08:19:08 Worker finish order 17, order type 1
2024/03/05 08:19:09 43 :  call for  16  times
2024/03/05 08:19:09 CallOrder: worker get response &{3 [] 0 0}
2024/03/05 08:19:09 worker  43 get order:  &{3 [] 0 0}  order Type 3
2024/03/05 08:19:09 43  waiting for order
2024/03/05 08:19:11 43 :  call for  17  times
2024/03/05 08:19:11 CallOrder: worker get response &{3 [] 0 0}
2024/03/05 08:19:11 worker  43 get order:  &{3 [] 0 0}  order Type 3
2024/03/05 08:19:11 43  waiting for order
2024/03/05 08:19:13 43 :  call for  18  times
2024/03/05 08:19:13 CallOrder: worker get response &{3 [] 0 0}
2024/03/05 08:19:13 worker  43 get order:  &{3 [] 0 0}  order Type 3
2024/03/05 08:19:13 43  waiting for order
2024/03/05 08:19:15 43 :  call for  19  times
2024/03/05 08:19:15 CallOrder: worker get response &{3 [] 0 0}
2024/03/05 08:19:15 worker  43 get order:  &{3 [] 0 0}  order Type 3
2024/03/05 08:19:15 43  waiting for order
2024/03/05 08:19:17 43 :  call for  20  times
2024/03/05 08:19:17 CallOrder: worker get response &{3 [] 0 0}
2024/03/05 08:19:17 worker  43 get order:  &{3 [] 0 0}  order Type 3
2024/03/05 08:19:17 43  waiting for order
2024/03/05 08:19:19 43 :  call for  21  times
2024/03/05 08:19:19 CallOrder: worker get response &{3 [] 0 0}
2024/03/05 08:19:19 worker  43 get order:  &{3 [] 0 0}  order Type 3
2024/03/05 08:19:19 43  waiting for order
2024/03/05 08:19:21 43 :  call for  22  times
2024/03/05 08:19:21 CallOrder: worker get response &{3 [] 0 0}
2024/03/05 08:19:21 worker  43 get order:  &{3 [] 0 0}  order Type 3
2024/03/05 08:19:21 43  waiting for order
2024/03/05 08:19:23 43 :  call for  23  times
2024/03/05 08:19:23 CallOrder: worker get response &{3 [] 0 0}
2024/03/05 08:19:23 worker  43 get order:  &{3 [] 0 0}  order Type 3
2024/03/05 08:19:23 43  waiting for order
2024/03/05 08:19:25 43 :  call for  24  times
2024/03/05 08:19:25 CallOrder: worker get response &{3 [] 0 0}
2024/03/05 08:19:25 worker  43 get order:  &{3 [] 0 0}  order Type 3
2024/03/05 08:19:25 43  waiting for order
2024/03/05 08:19:27 43 :  call for  25  times
2024/03/05 08:19:27 CallOrder: worker get response &{3 [] 0 0}
2024/03/05 08:19:27 worker  43 get order:  &{3 [] 0 0}  order Type 3
2024/03/05 08:19:27 43  waiting for order
2024/03/05 08:19:29 43 :  call for  26  times
2024/03/05 08:19:29 CallOrder: worker get response &{3 [] 0 0}
2024/03/05 08:19:29 worker  43 get order:  &{3 [] 0 0}  order Type 3
2024/03/05 08:19:29 43  waiting for order
2024/03/05 08:19:31 43 :  call for  27  times
2024/03/05 08:19:31 CallOrder: worker get response &{3 [] 0 0}
2024/03/05 08:19:31 worker  43 get order:  &{3 [] 0 0}  order Type 3
2024/03/05 08:19:31 43  waiting for order
2024/03/05 08:19:33 43 :  call for  28  times
2024/03/05 08:19:33 CallOrder: worker get response &{4 [] 0 0}
2024/03/05 08:19:33 worker  43 get order:  &{4 [] 0 0}  order Type 4
2024/03/05 08:19:34 43  killed
