2024/03/05 04:07:10 10 :  call for  1  times
2024/03/05 04:07:10 CallOrder: worker get response &{3 [] 0 0}
2024/03/05 04:07:10 worker  10 get order:  &{3 [] 0 0}  order Type 3
2024/03/05 04:07:10 10  waiting for order
2024/03/05 04:07:12 10 :  call for  2  times
2024/03/05 04:07:12 CallOrder: worker get response &{3 [] 0 0}
2024/03/05 04:07:12 worker  10 get order:  &{3 [] 0 0}  order Type 3
2024/03/05 04:07:12 10  waiting for order
2024/03/05 04:07:14 10 :  call for  3  times
2024/03/05 04:07:14 CallOrder: worker get response &{3 [] 0 0}
2024/03/05 04:07:14 worker  10 get order:  &{3 [] 0 0}  order Type 3
2024/03/05 04:07:14 10  waiting for order
2024/03/05 04:07:16 10 :  call for  4  times
2024/03/05 04:07:16 CallOrder: worker get response &{3 [] 0 0}
2024/03/05 04:07:16 worker  10 get order:  &{3 [] 0 0}  order Type 3
2024/03/05 04:07:16 10  waiting for order
2024/03/05 04:07:18 10 :  call for  5  times
2024/03/05 04:07:18 CallOrder: worker get response &{3 [] 0 0}
2024/03/05 04:07:18 worker  10 get order:  &{3 [] 0 0}  order Type 3
2024/03/05 04:07:18 10  waiting for order
2024/03/05 04:07:20 10 :  call for  6  times
2024/03/05 04:07:20 CallOrder: worker get response &{3 [] 0 0}
2024/03/05 04:07:20 worker  10 get order:  &{3 [] 0 0}  order Type 3
2024/03/05 04:07:20 10  waiting for order
2024/03/05 04:07:22 10 :  call for  7  times
2024/03/05 04:07:22 dialing:dial unix /var/tmp/824-mr-0: connect: connection refused
