2024/03/05 11:12:14 14 :  call for  1  times
2024/03/05 11:12:14 CallOrder: worker get response &{0 [../pg-frankenstein.txt] 2 10}
2024/03/05 11:12:14 worker  14 get order:  &{0 [../pg-frankenstein.txt] 2 10}  order Type 0
2024/03/05 11:12:14 start 2 map
2024/03/05 11:12:14 Worker finish order 2, order type 0
2024/03/05 11:12:15 14 :  call for  2  times
2024/03/05 11:12:15 CallOrder: worker get response &{0 [../pg-huckleberry_finn.txt] 4 10}
2024/03/05 11:12:15 worker  14 get order:  &{0 [../pg-huckleberry_finn.txt] 4 10}  order Type 0
2024/03/05 11:12:15 start 4 map
2024/03/05 11:12:15 Worker finish order 4, order type 0
2024/03/05 11:12:16 14 :  call for  3  times
2024/03/05 11:12:16 CallOrder: worker get response &{2 [] 0 0}
2024/03/05 11:12:16 worker  14 get order:  &{2 [] 0 0}  order Type 2
2024/03/05 11:12:16 14  waiting for order
2024/03/05 11:12:18 14 :  call for  4  times
2024/03/05 11:12:18 CallOrder: worker get response &{1 [mr-tmp-0-4 mr-tmp-1-4 mr-tmp-2-4 mr-tmp-3-4 mr-tmp-4-4 mr-tmp-5-4 mr-tmp-6-4 mr-tmp-7-4] 12 0}
2024/03/05 11:12:18 worker  14 get order:  &{1 [mr-tmp-0-4 mr-tmp-1-4 mr-tmp-2-4 mr-tmp-3-4 mr-tmp-4-4 mr-tmp-5-4 mr-tmp-6-4 mr-tmp-7-4] 12 0}  order Type 1
2024/03/05 11:12:18 start 12 map
2024/03/05 11:12:18 Worker finish order 12, order type 1
2024/03/05 11:12:19 14 :  call for  5  times
2024/03/05 11:12:19 CallOrder: worker get response &{1 [mr-tmp-0-6 mr-tmp-1-6 mr-tmp-2-6 mr-tmp-3-6 mr-tmp-4-6 mr-tmp-5-6 mr-tmp-6-6 mr-tmp-7-6] 14 0}
2024/03/05 11:12:19 worker  14 get order:  &{1 [mr-tmp-0-6 mr-tmp-1-6 mr-tmp-2-6 mr-tmp-3-6 mr-tmp-4-6 mr-tmp-5-6 mr-tmp-6-6 mr-tmp-7-6] 14 0}  order Type 1
2024/03/05 11:12:22 start 14 map
2024/03/05 11:12:22 Worker finish order 14, order type 1
2024/03/05 11:12:23 14 :  call for  6  times
2024/03/05 11:12:23 CallOrder: worker get response &{4 [] 0 0}
2024/03/05 11:12:23 worker  14 get order:  &{4 [] 0 0}  order Type 4
2024/03/05 11:12:24 14  killed
