2024/03/05 13:16:43 43 :  call for  1  times
2024/03/05 13:16:43 CallOrder: worker get response &{0 [../pg-frankenstein.txt] 2 10}
2024/03/05 13:16:43 worker  43 get order:  &{0 [../pg-frankenstein.txt] 2 10}  order Type 0
2024/03/05 13:16:46 start 2 map
2024/03/05 13:16:46 Worker finish order 2, order type 0
2024/03/05 13:16:47 43 :  call for  2  times
2024/03/05 13:16:47 CallOrder: worker get response &{0 [../pg-huckleberry_finn.txt] 4 10}
2024/03/05 13:16:47 worker  43 get order:  &{0 [../pg-huckleberry_finn.txt] 4 10}  order Type 0
2024/03/05 13:16:50 start 4 map
2024/03/05 13:16:50 Worker finish order 4, order type 0
2024/03/05 13:16:51 43 :  call for  3  times
2024/03/05 13:16:51 CallOrder: worker get response &{2 [] 0 0}
2024/03/05 13:16:51 worker  43 get order:  &{2 [] 0 0}  order Type 2
2024/03/05 13:16:51 43  waiting for order
2024/03/05 13:16:53 43 :  call for  4  times
2024/03/05 13:16:53 CallOrder: worker get response &{1 [mr-tmp-0-1 mr-tmp-1-1 mr-tmp-2-1 mr-tmp-3-1 mr-tmp-4-1 mr-tmp-5-1 mr-tmp-6-1 mr-tmp-7-1] 9 0}
2024/03/05 13:16:53 worker  43 get order:  &{1 [mr-tmp-0-1 mr-tmp-1-1 mr-tmp-2-1 mr-tmp-3-1 mr-tmp-4-1 mr-tmp-5-1 mr-tmp-6-1 mr-tmp-7-1] 9 0}  order Type 1
2024/03/05 13:16:53 start 9 map
2024/03/05 13:16:53 Worker finish order 9, order type 1
2024/03/05 13:16:54 43 :  call for  5  times
2024/03/05 13:16:54 CallOrder: worker get response &{1 [mr-tmp-0-3 mr-tmp-1-3 mr-tmp-2-3 mr-tmp-3-3 mr-tmp-4-3 mr-tmp-5-3 mr-tmp-6-3 mr-tmp-7-3] 11 0}
2024/03/05 13:16:54 worker  43 get order:  &{1 [mr-tmp-0-3 mr-tmp-1-3 mr-tmp-2-3 mr-tmp-3-3 mr-tmp-4-3 mr-tmp-5-3 mr-tmp-6-3 mr-tmp-7-3] 11 0}  order Type 1
2024/03/05 13:16:55 start 11 map
2024/03/05 13:16:55 Worker finish order 11, order type 1
2024/03/05 13:16:56 43 :  call for  6  times
2024/03/05 13:16:56 CallOrder: worker get response &{1 [mr-tmp-0-5 mr-tmp-1-5 mr-tmp-2-5 mr-tmp-3-5 mr-tmp-4-5 mr-tmp-5-5 mr-tmp-6-5 mr-tmp-7-5] 13 0}
2024/03/05 13:16:56 worker  43 get order:  &{1 [mr-tmp-0-5 mr-tmp-1-5 mr-tmp-2-5 mr-tmp-3-5 mr-tmp-4-5 mr-tmp-5-5 mr-tmp-6-5 mr-tmp-7-5] 13 0}  order Type 1
2024/03/05 13:16:57 start 13 map
2024/03/05 13:16:57 Worker finish order 13, order type 1
2024/03/05 13:16:58 43 :  call for  7  times
2024/03/05 13:16:58 CallOrder: worker get response &{1 [mr-tmp-0-8 mr-tmp-1-8 mr-tmp-2-8 mr-tmp-3-8 mr-tmp-4-8 mr-tmp-5-8 mr-tmp-6-8 mr-tmp-7-8] 16 0}
2024/03/05 13:16:58 worker  43 get order:  &{1 [mr-tmp-0-8 mr-tmp-1-8 mr-tmp-2-8 mr-tmp-3-8 mr-tmp-4-8 mr-tmp-5-8 mr-tmp-6-8 mr-tmp-7-8] 16 0}  order Type 1
2024/03/05 13:16:59 start 16 map
2024/03/05 13:16:59 Worker finish order 16, order type 1
2024/03/05 13:17:00 43 :  call for  8  times
2024/03/05 13:17:00 CallOrder: worker get response &{3 [] 0 0}
2024/03/05 13:17:00 worker  43 get order:  &{3 [] 0 0}  order Type 3
2024/03/05 13:17:00 43  waiting for order
2024/03/05 13:17:02 43 :  call for  9  times
2024/03/05 13:17:02 dialing:dial unix /var/tmp/824-mr-0: connect: connection refused
