2024/03/05 04:38:32 32 :  call for  1  times
2024/03/05 04:38:32 CallOrder: worker get response &{0 [../pg-dorian_gray.txt] 1 10}
2024/03/05 04:38:32 worker  32 get order:  &{0 [../pg-dorian_gray.txt] 1 10}  order Type 0
2024/03/05 04:38:32 start 1 map
2024/03/05 04:38:32 Worker finish order 1, order type 0
2024/03/05 04:38:33 32 :  call for  2  times
2024/03/05 04:38:33 CallOrder: worker get response &{0 [../pg-grimm.txt] 3 10}
2024/03/05 04:38:33 worker  32 get order:  &{0 [../pg-grimm.txt] 3 10}  order Type 0
2024/03/05 04:38:33 start 3 map
2024/03/05 04:38:33 Worker finish order 3, order type 0
2024/03/05 04:38:34 32 :  call for  3  times
2024/03/05 04:38:34 CallOrder: worker get response &{0 [../pg-metamorphosis.txt] 5 10}
2024/03/05 04:38:34 worker  32 get order:  &{0 [../pg-metamorphosis.txt] 5 10}  order Type 0
2024/03/05 04:38:34 start 5 map
2024/03/05 04:38:34 Worker finish order 5, order type 0
2024/03/05 04:38:35 32 :  call for  4  times
2024/03/05 04:38:35 CallOrder: worker get response &{0 [../pg-sherlock_holmes.txt] 6 10}
2024/03/05 04:38:35 worker  32 get order:  &{0 [../pg-sherlock_holmes.txt] 6 10}  order Type 0
2024/03/05 04:38:35 start 6 map
2024/03/05 04:38:35 Worker finish order 6, order type 0
2024/03/05 04:38:36 32 :  call for  5  times
2024/03/05 04:38:36 CallOrder: worker get response &{2 [] 0 0}
2024/03/05 04:38:36 worker  32 get order:  &{2 [] 0 0}  order Type 2
2024/03/05 04:38:36 32  waiting for order
2024/03/05 04:38:38 32 :  call for  6  times
2024/03/05 04:38:38 CallOrder: worker get response &{1 [mr-tmp-0-1 mr-tmp-1-1 mr-tmp-2-1 mr-tmp-3-1 mr-tmp-4-1 mr-tmp-5-1 mr-tmp-6-1 mr-tmp-7-1] 9 0}
2024/03/05 04:38:38 worker  32 get order:  &{1 [mr-tmp-0-1 mr-tmp-1-1 mr-tmp-2-1 mr-tmp-3-1 mr-tmp-4-1 mr-tmp-5-1 mr-tmp-6-1 mr-tmp-7-1] 9 0}  order Type 1
2024/03/05 04:38:39 start 9 map
2024/03/05 04:38:39 Worker finish order 9, order type 1
2024/03/05 04:38:40 32 :  call for  7  times
2024/03/05 04:38:40 CallOrder: worker get response &{1 [mr-tmp-0-3 mr-tmp-1-3 mr-tmp-2-3 mr-tmp-3-3 mr-tmp-4-3 mr-tmp-5-3 mr-tmp-6-3 mr-tmp-7-3] 11 0}
2024/03/05 04:38:40 worker  32 get order:  &{1 [mr-tmp-0-3 mr-tmp-1-3 mr-tmp-2-3 mr-tmp-3-3 mr-tmp-4-3 mr-tmp-5-3 mr-tmp-6-3 mr-tmp-7-3] 11 0}  order Type 1
2024/03/05 04:38:42 start 11 map
2024/03/05 04:38:42 Worker finish order 11, order type 1
2024/03/05 04:38:43 32 :  call for  8  times
2024/03/05 04:38:43 CallOrder: worker get response &{1 [mr-tmp-0-5 mr-tmp-1-5 mr-tmp-2-5 mr-tmp-3-5 mr-tmp-4-5 mr-tmp-5-5 mr-tmp-6-5 mr-tmp-7-5] 13 0}
2024/03/05 04:38:43 worker  32 get order:  &{1 [mr-tmp-0-5 mr-tmp-1-5 mr-tmp-2-5 mr-tmp-3-5 mr-tmp-4-5 mr-tmp-5-5 mr-tmp-6-5 mr-tmp-7-5] 13 0}  order Type 1
2024/03/05 04:38:44 start 13 map
2024/03/05 04:38:44 Worker finish order 13, order type 1
2024/03/05 04:38:45 32 :  call for  9  times
2024/03/05 04:38:45 CallOrder: worker get response &{1 [mr-tmp-0-7 mr-tmp-1-7 mr-tmp-2-7 mr-tmp-3-7 mr-tmp-4-7 mr-tmp-5-7 mr-tmp-6-7 mr-tmp-7-7] 15 0}
2024/03/05 04:38:45 worker  32 get order:  &{1 [mr-tmp-0-7 mr-tmp-1-7 mr-tmp-2-7 mr-tmp-3-7 mr-tmp-4-7 mr-tmp-5-7 mr-tmp-6-7 mr-tmp-7-7] 15 0}  order Type 1
2024/03/05 04:38:45 start 15 map
2024/03/05 04:38:45 Worker finish order 15, order type 1
2024/03/05 04:38:46 32 :  call for  10  times
2024/03/05 04:38:46 CallOrder: worker get response &{1 [mr-tmp-0-9 mr-tmp-1-9 mr-tmp-2-9 mr-tmp-3-9 mr-tmp-4-9 mr-tmp-5-9 mr-tmp-6-9 mr-tmp-7-9] 17 0}
2024/03/05 04:38:46 worker  32 get order:  &{1 [mr-tmp-0-9 mr-tmp-1-9 mr-tmp-2-9 mr-tmp-3-9 mr-tmp-4-9 mr-tmp-5-9 mr-tmp-6-9 mr-tmp-7-9] 17 0}  order Type 1
2024/03/05 04:38:47 start 17 map
2024/03/05 04:38:47 Worker finish order 17, order type 1
2024/03/05 04:38:48 32 :  call for  11  times
2024/03/05 04:38:48 CallOrder: worker get response &{4 [] 0 0}
2024/03/05 04:38:48 worker  32 get order:  &{4 [] 0 0}  order Type 4
2024/03/05 04:38:49 32  killed
