2024/03/05 08:24:25 25 :  call for  1  times
2024/03/05 08:24:25 CallOrder: worker get response &{0 [../pg-sherlock_holmes.txt] 6 10}
2024/03/05 08:24:25 worker  25 get order:  &{0 [../pg-sherlock_holmes.txt] 6 10}  order Type 0
2024/03/05 08:24:25 start 6 map
2024/03/05 08:24:25 Worker finish order 6, order type 0
2024/03/05 08:24:26 25 :  call for  2  times
2024/03/05 08:24:26 CallOrder: worker get response &{2 [] 0 0}
2024/03/05 08:24:26 worker  25 get order:  &{2 [] 0 0}  order Type 2
2024/03/05 08:24:26 25  waiting for order
2024/03/05 08:24:28 25 :  call for  3  times
2024/03/05 08:24:28 CallOrder: worker get response &{2 [] 0 0}
2024/03/05 08:24:28 worker  25 get order:  &{2 [] 0 0}  order Type 2
2024/03/05 08:24:28 25  waiting for order
2024/03/05 08:24:30 25 :  call for  4  times
2024/03/05 08:24:30 CallOrder: worker get response &{2 [] 0 0}
2024/03/05 08:24:30 worker  25 get order:  &{2 [] 0 0}  order Type 2
2024/03/05 08:24:30 25  waiting for order
2024/03/05 08:24:32 25 :  call for  5  times
2024/03/05 08:24:32 CallOrder: worker get response &{2 [] 0 0}
2024/03/05 08:24:32 worker  25 get order:  &{2 [] 0 0}  order Type 2
2024/03/05 08:24:32 25  waiting for order
2024/03/05 08:24:34 25 :  call for  6  times
2024/03/05 08:24:34 CallOrder: worker get response &{2 [] 0 0}
2024/03/05 08:24:34 worker  25 get order:  &{2 [] 0 0}  order Type 2
2024/03/05 08:24:34 25  waiting for order
2024/03/05 08:24:36 25 :  call for  7  times
2024/03/05 08:24:36 CallOrder: worker get response &{0 [../pg-grimm.txt] 3 10}
2024/03/05 08:24:36 worker  25 get order:  &{0 [../pg-grimm.txt] 3 10}  order Type 0
