2024/03/05 12:56:14 14 :  call for  1  times
2024/03/05 12:56:14 CallOrder: worker get response &{0 [../pg-dorian_gray.txt] 1 10}
2024/03/05 12:56:14 worker  14 get order:  &{0 [../pg-dorian_gray.txt] 1 10}  order Type 0
2024/03/05 12:56:14 start 1 map
2024/03/05 12:56:14 Worker finish order 1, order type 0
2024/03/05 12:56:15 14 :  call for  2  times
2024/03/05 12:56:15 CallOrder: worker get response &{0 [../pg-grimm.txt] 3 10}
2024/03/05 12:56:15 worker  14 get order:  &{0 [../pg-grimm.txt] 3 10}  order Type 0
2024/03/05 12:56:15 start 3 map
2024/03/05 12:56:15 Worker finish order 3, order type 0
2024/03/05 12:56:16 14 :  call for  3  times
2024/03/05 12:56:16 CallOrder: worker get response &{0 [../pg-metamorphosis.txt] 5 10}
2024/03/05 12:56:16 worker  14 get order:  &{0 [../pg-metamorphosis.txt] 5 10}  order Type 0
2024/03/05 12:56:16 start 5 map
2024/03/05 12:56:16 Worker finish order 5, order type 0
2024/03/05 12:56:17 14 :  call for  4  times
2024/03/05 12:56:17 CallOrder: worker get response &{0 [../pg-sherlock_holmes.txt] 6 10}
2024/03/05 12:56:17 worker  14 get order:  &{0 [../pg-sherlock_holmes.txt] 6 10}  order Type 0
2024/03/05 12:56:17 start 6 map
2024/03/05 12:56:17 Worker finish order 6, order type 0
2024/03/05 12:56:18 14 :  call for  5  times
2024/03/05 12:56:19 CallOrder: worker get response &{2 [] 0 0}
2024/03/05 12:56:19 worker  14 get order:  &{2 [] 0 0}  order Type 2
2024/03/05 12:56:19 14  waiting for order
2024/03/05 12:56:21 14 :  call for  6  times
2024/03/05 12:56:21 CallOrder: worker get response &{1 [mr-tmp-0-1 mr-tmp-1-1 mr-tmp-2-1 mr-tmp-3-1 mr-tmp-4-1 mr-tmp-5-1 mr-tmp-6-1 mr-tmp-7-1] 9 0}
2024/03/05 12:56:21 worker  14 get order:  &{1 [mr-tmp-0-1 mr-tmp-1-1 mr-tmp-2-1 mr-tmp-3-1 mr-tmp-4-1 mr-tmp-5-1 mr-tmp-6-1 mr-tmp-7-1] 9 0}  order Type 1
2024/03/05 12:56:22 start 9 map
2024/03/05 12:56:22 Worker finish order 9, order type 1
2024/03/05 12:56:23 14 :  call for  7  times
2024/03/05 12:56:23 CallOrder: worker get response &{1 [mr-tmp-0-3 mr-tmp-1-3 mr-tmp-2-3 mr-tmp-3-3 mr-tmp-4-3 mr-tmp-5-3 mr-tmp-6-3 mr-tmp-7-3] 11 0}
2024/03/05 12:56:23 worker  14 get order:  &{1 [mr-tmp-0-3 mr-tmp-1-3 mr-tmp-2-3 mr-tmp-3-3 mr-tmp-4-3 mr-tmp-5-3 mr-tmp-6-3 mr-tmp-7-3] 11 0}  order Type 1
2024/03/05 12:56:25 start 11 map
2024/03/05 12:56:25 Worker finish order 11, order type 1
2024/03/05 12:56:26 14 :  call for  8  times
2024/03/05 12:56:26 CallOrder: worker get response &{1 [mr-tmp-0-5 mr-tmp-1-5 mr-tmp-2-5 mr-tmp-3-5 mr-tmp-4-5 mr-tmp-5-5 mr-tmp-6-5 mr-tmp-7-5] 13 0}
2024/03/05 12:56:26 worker  14 get order:  &{1 [mr-tmp-0-5 mr-tmp-1-5 mr-tmp-2-5 mr-tmp-3-5 mr-tmp-4-5 mr-tmp-5-5 mr-tmp-6-5 mr-tmp-7-5] 13 0}  order Type 1
2024/03/05 12:56:27 start 13 map
2024/03/05 12:56:27 Worker finish order 13, order type 1
2024/03/05 12:56:28 14 :  call for  9  times
2024/03/05 12:56:28 CallOrder: worker get response &{1 [mr-tmp-0-7 mr-tmp-1-7 mr-tmp-2-7 mr-tmp-3-7 mr-tmp-4-7 mr-tmp-5-7 mr-tmp-6-7 mr-tmp-7-7] 15 0}
2024/03/05 12:56:28 worker  14 get order:  &{1 [mr-tmp-0-7 mr-tmp-1-7 mr-tmp-2-7 mr-tmp-3-7 mr-tmp-4-7 mr-tmp-5-7 mr-tmp-6-7 mr-tmp-7-7] 15 0}  order Type 1
2024/03/05 12:56:28 start 15 map
2024/03/05 12:56:28 Worker finish order 15, order type 1
2024/03/05 12:56:29 14 :  call for  10  times
2024/03/05 12:56:29 CallOrder: worker get response &{1 [mr-tmp-0-9 mr-tmp-1-9 mr-tmp-2-9 mr-tmp-3-9 mr-tmp-4-9 mr-tmp-5-9 mr-tmp-6-9 mr-tmp-7-9] 17 0}
2024/03/05 12:56:29 worker  14 get order:  &{1 [mr-tmp-0-9 mr-tmp-1-9 mr-tmp-2-9 mr-tmp-3-9 mr-tmp-4-9 mr-tmp-5-9 mr-tmp-6-9 mr-tmp-7-9] 17 0}  order Type 1
2024/03/05 12:56:30 start 17 map
2024/03/05 12:56:30 Worker finish order 17, order type 1
2024/03/05 12:56:31 14 :  call for  11  times
2024/03/05 12:56:31 CallOrder: worker get response &{3 [] 0 0}
2024/03/05 12:56:31 worker  14 get order:  &{3 [] 0 0}  order Type 3
2024/03/05 12:56:31 14  waiting for order
2024/03/05 12:56:33 14 :  call for  12  times
2024/03/05 12:56:33 dialing:dial unix /var/tmp/824-mr-0: connect: connection refused
