2024/03/05 08:59:07 7 :  call for  1  times
2024/03/05 08:59:07 CallOrder: worker get response &{1 [mr-tmp-0-8 mr-tmp-1-8 mr-tmp-2-8 mr-tmp-3-8 mr-tmp-4-8 mr-tmp-5-8 mr-tmp-6-8 mr-tmp-7-8] 16 0}
2024/03/05 08:59:07 worker  7 get order:  &{1 [mr-tmp-0-8 mr-tmp-1-8 mr-tmp-2-8 mr-tmp-3-8 mr-tmp-4-8 mr-tmp-5-8 mr-tmp-6-8 mr-tmp-7-8] 16 0}  order Type 1
2024/03/05 08:59:07 start 16 map
2024/03/05 08:59:07 Worker finish order 16, order type 1
2024/03/05 08:59:08 7 :  call for  2  times
2024/03/05 08:59:08 CallOrder: worker get response &{3 [] 0 0}
2024/03/05 08:59:08 worker  7 get order:  &{3 [] 0 0}  order Type 3
2024/03/05 08:59:08 7  waiting for order
2024/03/05 08:59:10 7 :  call for  3  times
2024/03/05 08:59:10 CallOrder: worker get response &{3 [] 0 0}
2024/03/05 08:59:10 worker  7 get order:  &{3 [] 0 0}  order Type 3
2024/03/05 08:59:10 7  waiting for order
2024/03/05 08:59:12 7 :  call for  4  times
2024/03/05 08:59:12 CallOrder: worker get response &{3 [] 0 0}
2024/03/05 08:59:12 worker  7 get order:  &{3 [] 0 0}  order Type 3
2024/03/05 08:59:12 7  waiting for order
2024/03/05 08:59:14 7 :  call for  5  times
2024/03/05 08:59:14 CallOrder: worker get response &{3 [] 0 0}
2024/03/05 08:59:14 worker  7 get order:  &{3 [] 0 0}  order Type 3
2024/03/05 08:59:14 7  waiting for order
2024/03/05 08:59:16 7 :  call for  6  times
2024/03/05 08:59:16 CallOrder: worker get response &{1 [mr-tmp-0-2 mr-tmp-1-2 mr-tmp-2-2 mr-tmp-3-2 mr-tmp-4-2 mr-tmp-5-2 mr-tmp-6-2 mr-tmp-7-2] 10 0}
2024/03/05 08:59:16 worker  7 get order:  &{1 [mr-tmp-0-2 mr-tmp-1-2 mr-tmp-2-2 mr-tmp-3-2 mr-tmp-4-2 mr-tmp-5-2 mr-tmp-6-2 mr-tmp-7-2] 10 0}  order Type 1
2024/03/05 08:59:18 start 10 map
2024/03/05 08:59:18 Worker finish order 10, order type 1
2024/03/05 08:59:19 7 :  call for  7  times
2024/03/05 08:59:19 CallOrder: worker get response &{3 [] 0 0}
2024/03/05 08:59:19 worker  7 get order:  &{3 [] 0 0}  order Type 3
2024/03/05 08:59:19 7  waiting for order
2024/03/05 08:59:21 7 :  call for  8  times
2024/03/05 08:59:21 CallOrder: worker get response &{3 [] 0 0}
2024/03/05 08:59:21 worker  7 get order:  &{3 [] 0 0}  order Type 3
2024/03/05 08:59:21 7  waiting for order
2024/03/05 08:59:23 7 :  call for  9  times
2024/03/05 08:59:23 CallOrder: worker get response &{3 [] 0 0}
2024/03/05 08:59:23 worker  7 get order:  &{3 [] 0 0}  order Type 3
2024/03/05 08:59:23 7  waiting for order
2024/03/05 08:59:25 7 :  call for  10  times
2024/03/05 08:59:25 CallOrder: worker get response &{3 [] 0 0}
2024/03/05 08:59:25 worker  7 get order:  &{3 [] 0 0}  order Type 3
2024/03/05 08:59:25 7  waiting for order
2024/03/05 08:59:27 7 :  call for  11  times
2024/03/05 08:59:27 CallOrder: worker get response &{3 [] 0 0}
2024/03/05 08:59:27 worker  7 get order:  &{3 [] 0 0}  order Type 3
2024/03/05 08:59:27 7  waiting for order
2024/03/05 08:59:29 7 :  call for  12  times
2024/03/05 08:59:29 CallOrder: worker get response &{3 [] 0 0}
2024/03/05 08:59:29 worker  7 get order:  &{3 [] 0 0}  order Type 3
2024/03/05 08:59:29 7  waiting for order
2024/03/05 08:59:31 7 :  call for  13  times
2024/03/05 08:59:31 CallOrder: worker get response &{3 [] 0 0}
2024/03/05 08:59:31 worker  7 get order:  &{3 [] 0 0}  order Type 3
2024/03/05 08:59:31 7  waiting for order
2024/03/05 08:59:33 7 :  call for  14  times
2024/03/05 08:59:33 CallOrder: worker get response &{3 [] 0 0}
2024/03/05 08:59:33 worker  7 get order:  &{3 [] 0 0}  order Type 3
2024/03/05 08:59:33 7  waiting for order
2024/03/05 08:59:35 7 :  call for  15  times
2024/03/05 08:59:35 CallOrder: worker get response &{4 [] 0 0}
2024/03/05 08:59:35 worker  7 get order:  &{4 [] 0 0}  order Type 4
2024/03/05 08:59:36 7  killed
