2024/03/05 01:27:35 35 :  call for  1  times
2024/03/05 01:27:35 CallOrder: worker get response &{0 [../pg-grimm.txt] 3 10}
2024/03/05 01:27:35 worker  35 get order:  &{0 [../pg-grimm.txt] 3 10}  order Type 0
2024/03/05 01:27:35 start 3 map
2024/03/05 01:27:35 Worker finish order 3, order type 0
2024/03/05 01:27:36 35 :  call for  2  times
2024/03/05 01:27:36 CallOrder: worker get response &{0 [../pg-metamorphosis.txt] 5 10}
2024/03/05 01:27:36 worker  35 get order:  &{0 [../pg-metamorphosis.txt] 5 10}  order Type 0
2024/03/05 01:27:36 start 5 map
2024/03/05 01:27:36 Worker finish order 5, order type 0
2024/03/05 01:27:37 35 :  call for  3  times
2024/03/05 01:27:37 CallOrder: worker get response &{2 [] 0 0}
2024/03/05 01:27:37 worker  35 get order:  &{2 [] 0 0}  order Type 2
2024/03/05 01:27:37 35  waiting for order
2024/03/05 01:27:39 35 :  call for  4  times
2024/03/05 01:27:39 CallOrder: worker get response &{2 [] 0 0}
2024/03/05 01:27:39 worker  35 get order:  &{2 [] 0 0}  order Type 2
2024/03/05 01:27:39 35  waiting for order
2024/03/05 01:27:41 35 :  call for  5  times
2024/03/05 01:27:41 CallOrder: worker get response &{2 [] 0 0}
2024/03/05 01:27:41 worker  35 get order:  &{2 [] 0 0}  order Type 2
2024/03/05 01:27:41 35  waiting for order
2024/03/05 01:27:43 35 :  call for  6  times
2024/03/05 01:27:43 CallOrder: worker get response &{2 [] 0 0}
2024/03/05 01:27:43 worker  35 get order:  &{2 [] 0 0}  order Type 2
2024/03/05 01:27:43 35  waiting for order
2024/03/05 01:27:45 35 :  call for  7  times
2024/03/05 01:27:45 CallOrder: worker get response &{2 [] 0 0}
2024/03/05 01:27:45 worker  35 get order:  &{2 [] 0 0}  order Type 2
2024/03/05 01:27:45 35  waiting for order
2024/03/05 01:27:47 35 :  call for  8  times
2024/03/05 01:27:47 CallOrder: worker get response &{0 [../pg-dorian_gray.txt] 1 10}
2024/03/05 01:27:47 worker  35 get order:  &{0 [../pg-dorian_gray.txt] 1 10}  order Type 0
2024/03/05 01:27:49 start 1 map
2024/03/05 01:27:49 Worker finish order 1, order type 0
2024/03/05 01:27:50 35 :  call for  9  times
2024/03/05 01:27:50 CallOrder: worker get response &{2 [] 0 0}
2024/03/05 01:27:50 worker  35 get order:  &{2 [] 0 0}  order Type 2
2024/03/05 01:27:50 35  waiting for order
2024/03/05 01:27:52 35 :  call for  10  times
2024/03/05 01:27:52 CallOrder: worker get response &{2 [] 0 0}
2024/03/05 01:27:52 worker  35 get order:  &{2 [] 0 0}  order Type 2
2024/03/05 01:27:52 35  waiting for order
2024/03/05 01:27:54 35 :  call for  11  times
2024/03/05 01:27:54 CallOrder: worker get response &{2 [] 0 0}
2024/03/05 01:27:54 worker  35 get order:  &{2 [] 0 0}  order Type 2
2024/03/05 01:27:54 35  waiting for order
2024/03/05 01:27:56 35 :  call for  12  times
2024/03/05 01:27:56 CallOrder: worker get response &{2 [] 0 0}
2024/03/05 01:27:56 worker  35 get order:  &{2 [] 0 0}  order Type 2
2024/03/05 01:27:56 35  waiting for order
2024/03/05 01:27:58 35 :  call for  13  times
2024/03/05 01:27:58 CallOrder: worker get response &{1 [mr-tmp-0-2 mr-tmp-1-2 mr-tmp-2-2 mr-tmp-3-2 mr-tmp-4-2 mr-tmp-5-2 mr-tmp-6-2 mr-tmp-7-2] 10 0}
2024/03/05 01:27:58 worker  35 get order:  &{1 [mr-tmp-0-2 mr-tmp-1-2 mr-tmp-2-2 mr-tmp-3-2 mr-tmp-4-2 mr-tmp-5-2 mr-tmp-6-2 mr-tmp-7-2] 10 0}  order Type 1
2024/03/05 01:27:58 start 10 map
2024/03/05 01:27:58 Worker finish order 10, order type 1
2024/03/05 01:27:59 35 :  call for  14  times
2024/03/05 01:27:59 CallOrder: worker get response &{1 [mr-tmp-0-5 mr-tmp-1-5 mr-tmp-2-5 mr-tmp-3-5 mr-tmp-4-5 mr-tmp-5-5 mr-tmp-6-5 mr-tmp-7-5] 13 0}
2024/03/05 01:27:59 worker  35 get order:  &{1 [mr-tmp-0-5 mr-tmp-1-5 mr-tmp-2-5 mr-tmp-3-5 mr-tmp-4-5 mr-tmp-5-5 mr-tmp-6-5 mr-tmp-7-5] 13 0}  order Type 1
2024/03/05 01:28:00 start 13 map
2024/03/05 01:28:00 Worker finish order 13, order type 1
2024/03/05 01:28:01 35 :  call for  15  times
2024/03/05 01:28:01 CallOrder: worker get response &{3 [] 0 0}
2024/03/05 01:28:01 worker  35 get order:  &{3 [] 0 0}  order Type 3
2024/03/05 01:28:01 35  waiting for order
2024/03/05 01:28:03 35 :  call for  16  times
2024/03/05 01:28:03 CallOrder: worker get response &{3 [] 0 0}
2024/03/05 01:28:03 worker  35 get order:  &{3 [] 0 0}  order Type 3
2024/03/05 01:28:03 35  waiting for order
2024/03/05 01:28:05 35 :  call for  17  times
2024/03/05 01:28:05 CallOrder: worker get response &{3 [] 0 0}
2024/03/05 01:28:05 worker  35 get order:  &{3 [] 0 0}  order Type 3
2024/03/05 01:28:05 35  waiting for order
2024/03/05 01:28:07 35 :  call for  18  times
2024/03/05 01:28:07 CallOrder: worker get response &{3 [] 0 0}
2024/03/05 01:28:07 worker  35 get order:  &{3 [] 0 0}  order Type 3
2024/03/05 01:28:07 35  waiting for order
2024/03/05 01:28:09 35 :  call for  19  times
2024/03/05 01:28:09 CallOrder: worker get response &{3 [] 0 0}
2024/03/05 01:28:09 worker  35 get order:  &{3 [] 0 0}  order Type 3
2024/03/05 01:28:09 35  waiting for order
2024/03/05 01:28:11 35 :  call for  20  times
2024/03/05 01:28:11 CallOrder: worker get response &{3 [] 0 0}
2024/03/05 01:28:11 worker  35 get order:  &{3 [] 0 0}  order Type 3
2024/03/05 01:28:11 35  waiting for order
2024/03/05 01:28:13 35 :  call for  21  times
2024/03/05 01:28:13 CallOrder: worker get response &{3 [] 0 0}
2024/03/05 01:28:13 worker  35 get order:  &{3 [] 0 0}  order Type 3
2024/03/05 01:28:13 35  waiting for order
2024/03/05 01:28:15 35 :  call for  22  times
2024/03/05 01:28:15 CallOrder: worker get response &{3 [] 0 0}
2024/03/05 01:28:15 worker  35 get order:  &{3 [] 0 0}  order Type 3
2024/03/05 01:28:15 35  waiting for order
2024/03/05 01:28:17 35 :  call for  23  times
2024/03/05 01:28:17 CallOrder: worker get response &{3 [] 0 0}
2024/03/05 01:28:17 worker  35 get order:  &{3 [] 0 0}  order Type 3
2024/03/05 01:28:17 35  waiting for order
2024/03/05 01:28:19 35 :  call for  24  times
2024/03/05 01:28:19 dialing:dial unix /var/tmp/824-mr-0: connect: connection refused
