2024/03/05 12:00:46 46 :  call for  1  times
2024/03/05 12:00:46 CallOrder: worker get response &{2 [] 0 0}
2024/03/05 12:00:46 worker  46 get order:  &{2 [] 0 0}  order Type 2
2024/03/05 12:00:46 46  waiting for order
2024/03/05 12:00:48 46 :  call for  2  times
2024/03/05 12:00:48 CallOrder: worker get response &{2 [] 0 0}
2024/03/05 12:00:48 worker  46 get order:  &{2 [] 0 0}  order Type 2
2024/03/05 12:00:48 46  waiting for order
2024/03/05 12:00:50 46 :  call for  3  times
2024/03/05 12:00:50 CallOrder: worker get response &{2 [] 0 0}
2024/03/05 12:00:50 worker  46 get order:  &{2 [] 0 0}  order Type 2
2024/03/05 12:00:50 46  waiting for order
2024/03/05 12:00:52 46 :  call for  4  times
2024/03/05 12:00:52 CallOrder: worker get response &{2 [] 0 0}
2024/03/05 12:00:52 worker  46 get order:  &{2 [] 0 0}  order Type 2
2024/03/05 12:00:52 46  waiting for order
2024/03/05 12:00:54 46 :  call for  5  times
2024/03/05 12:00:54 CallOrder: worker get response &{0 [../pg-being_ernest.txt] 0 10}
2024/03/05 12:00:54 worker  46 get order:  &{0 [../pg-being_ernest.txt] 0 10}  order Type 0
2024/03/05 12:00:59 start 0 map
2024/03/05 12:00:59 Worker finish order 0, order type 0
2024/03/05 12:01:00 46 :  call for  6  times
2024/03/05 12:01:00 CallOrder: worker get response &{1 [mr-tmp-0-0 mr-tmp-1-0 mr-tmp-2-0 mr-tmp-3-0 mr-tmp-4-0 mr-tmp-5-0 mr-tmp-6-0 mr-tmp-7-0] 8 0}
2024/03/05 12:01:00 worker  46 get order:  &{1 [mr-tmp-0-0 mr-tmp-1-0 mr-tmp-2-0 mr-tmp-3-0 mr-tmp-4-0 mr-tmp-5-0 mr-tmp-6-0 mr-tmp-7-0] 8 0}  order Type 1
