2024/03/05 01:25:11 11 :  call for  1  times
2024/03/05 01:25:11 CallOrder: worker get response &{0 [../pg-tom_sawyer.txt] 7 10}
2024/03/05 01:25:11 worker  11 get order:  &{0 [../pg-tom_sawyer.txt] 7 10}  order Type 0
2024/03/05 01:25:11 start 7 map
2024/03/05 01:25:11 Worker finish order 7, order type 0
2024/03/05 01:25:12 11 :  call for  2  times
2024/03/05 01:25:12 CallOrder: worker get response &{2 [] 0 0}
2024/03/05 01:25:12 worker  11 get order:  &{2 [] 0 0}  order Type 2
2024/03/05 01:25:12 11  waiting for order
2024/03/05 01:25:14 11 :  call for  3  times
2024/03/05 01:25:14 CallOrder: worker get response &{2 [] 0 0}
2024/03/05 01:25:14 worker  11 get order:  &{2 [] 0 0}  order Type 2
2024/03/05 01:25:14 11  waiting for order
2024/03/05 01:25:16 11 :  call for  4  times
2024/03/05 01:25:16 CallOrder: worker get response &{2 [] 0 0}
2024/03/05 01:25:16 worker  11 get order:  &{2 [] 0 0}  order Type 2
2024/03/05 01:25:16 11  waiting for order
2024/03/05 01:25:18 11 :  call for  5  times
2024/03/05 01:25:18 CallOrder: worker get response &{2 [] 0 0}
2024/03/05 01:25:18 worker  11 get order:  &{2 [] 0 0}  order Type 2
2024/03/05 01:25:18 11  waiting for order
2024/03/05 01:25:20 11 :  call for  6  times
2024/03/05 01:25:20 CallOrder: worker get response &{2 [] 0 0}
2024/03/05 01:25:20 worker  11 get order:  &{2 [] 0 0}  order Type 2
2024/03/05 01:25:20 11  waiting for order
2024/03/05 01:25:22 11 :  call for  7  times
2024/03/05 01:25:22 CallOrder: worker get response &{1 [mr-tmp-0-1 mr-tmp-1-1 mr-tmp-2-1 mr-tmp-3-1 mr-tmp-4-1 mr-tmp-5-1 mr-tmp-6-1 mr-tmp-7-1] 9 0}
2024/03/05 01:25:22 worker  11 get order:  &{1 [mr-tmp-0-1 mr-tmp-1-1 mr-tmp-2-1 mr-tmp-3-1 mr-tmp-4-1 mr-tmp-5-1 mr-tmp-6-1 mr-tmp-7-1] 9 0}  order Type 1
2024/03/05 01:25:22 start 9 map
2024/03/05 01:25:22 Worker finish order 9, order type 1
2024/03/05 01:25:23 11 :  call for  8  times
2024/03/05 01:25:23 CallOrder: worker get response &{1 [mr-tmp-0-4 mr-tmp-1-4 mr-tmp-2-4 mr-tmp-3-4 mr-tmp-4-4 mr-tmp-5-4 mr-tmp-6-4 mr-tmp-7-4] 12 0}
2024/03/05 01:25:23 worker  11 get order:  &{1 [mr-tmp-0-4 mr-tmp-1-4 mr-tmp-2-4 mr-tmp-3-4 mr-tmp-4-4 mr-tmp-5-4 mr-tmp-6-4 mr-tmp-7-4] 12 0}  order Type 1
2024/03/05 01:25:23 start 12 map
2024/03/05 01:25:23 Worker finish order 12, order type 1
2024/03/05 01:25:24 11 :  call for  9  times
2024/03/05 01:25:24 CallOrder: worker get response &{1 [mr-tmp-0-7 mr-tmp-1-7 mr-tmp-2-7 mr-tmp-3-7 mr-tmp-4-7 mr-tmp-5-7 mr-tmp-6-7 mr-tmp-7-7] 15 0}
2024/03/05 01:25:24 worker  11 get order:  &{1 [mr-tmp-0-7 mr-tmp-1-7 mr-tmp-2-7 mr-tmp-3-7 mr-tmp-4-7 mr-tmp-5-7 mr-tmp-6-7 mr-tmp-7-7] 15 0}  order Type 1
2024/03/05 01:25:24 start 15 map
2024/03/05 01:25:24 Worker finish order 15, order type 1
2024/03/05 01:25:25 11 :  call for  10  times
2024/03/05 01:25:25 CallOrder: worker get response &{3 [] 0 0}
2024/03/05 01:25:25 worker  11 get order:  &{3 [] 0 0}  order Type 3
2024/03/05 01:25:25 11  waiting for order
2024/03/05 01:25:27 11 :  call for  11  times
2024/03/05 01:25:27 CallOrder: worker get response &{3 [] 0 0}
2024/03/05 01:25:27 worker  11 get order:  &{3 [] 0 0}  order Type 3
2024/03/05 01:25:27 11  waiting for order
2024/03/05 01:25:29 11 :  call for  12  times
2024/03/05 01:25:29 CallOrder: worker get response &{3 [] 0 0}
2024/03/05 01:25:29 worker  11 get order:  &{3 [] 0 0}  order Type 3
2024/03/05 01:25:29 11  waiting for order
2024/03/05 01:25:31 11 :  call for  13  times
2024/03/05 01:25:31 CallOrder: worker get response &{3 [] 0 0}
2024/03/05 01:25:31 worker  11 get order:  &{3 [] 0 0}  order Type 3
2024/03/05 01:25:31 11  waiting for order
2024/03/05 01:25:33 11 :  call for  14  times
2024/03/05 01:25:33 CallOrder: worker get response &{3 [] 0 0}
2024/03/05 01:25:33 worker  11 get order:  &{3 [] 0 0}  order Type 3
2024/03/05 01:25:33 11  waiting for order
2024/03/05 01:25:35 11 :  call for  15  times
2024/03/05 01:25:35 CallOrder: worker get response &{3 [] 0 0}
2024/03/05 01:25:35 worker  11 get order:  &{3 [] 0 0}  order Type 3
2024/03/05 01:25:35 11  waiting for order
2024/03/05 01:25:37 11 :  call for  16  times
2024/03/05 01:25:37 dialing:dial unix /var/tmp/824-mr-0: connect: connection refused
