2024/03/05 00:21:05 5 :  call for  1  times
2024/03/05 00:21:05 CallOrder: worker get response &{1 [mr-tmp-0-3 mr-tmp-1-3 mr-tmp-2-3 mr-tmp-3-3 mr-tmp-4-3 mr-tmp-5-3 mr-tmp-6-3 mr-tmp-7-3] 11 0}
2024/03/05 00:21:05 worker  5 get order:  &{1 [mr-tmp-0-3 mr-tmp-1-3 mr-tmp-2-3 mr-tmp-3-3 mr-tmp-4-3 mr-tmp-5-3 mr-tmp-6-3 mr-tmp-7-3] 11 0}  order Type 1
2024/03/05 00:21:05 start 11 map
2024/03/05 00:21:05 Worker finish order 11, order type 1
2024/03/05 00:21:06 5 :  call for  2  times
2024/03/05 00:21:06 CallOrder: worker get response &{1 [mr-tmp-0-7 mr-tmp-1-7 mr-tmp-2-7 mr-tmp-3-7 mr-tmp-4-7 mr-tmp-5-7 mr-tmp-6-7 mr-tmp-7-7] 15 0}
2024/03/05 00:21:06 worker  5 get order:  &{1 [mr-tmp-0-7 mr-tmp-1-7 mr-tmp-2-7 mr-tmp-3-7 mr-tmp-4-7 mr-tmp-5-7 mr-tmp-6-7 mr-tmp-7-7] 15 0}  order Type 1
2024/03/05 00:21:06 start 15 map
2024/03/05 00:21:06 Worker finish order 15, order type 1
2024/03/05 00:21:07 5 :  call for  3  times
2024/03/05 00:21:07 CallOrder: worker get response &{3 [] 0 0}
2024/03/05 00:21:07 worker  5 get order:  &{3 [] 0 0}  order Type 3
2024/03/05 00:21:07 5  waiting for order
2024/03/05 00:21:09 5 :  call for  4  times
2024/03/05 00:21:09 CallOrder: worker get response &{3 [] 0 0}
2024/03/05 00:21:09 worker  5 get order:  &{3 [] 0 0}  order Type 3
2024/03/05 00:21:09 5  waiting for order
2024/03/05 00:21:11 5 :  call for  5  times
2024/03/05 00:21:11 CallOrder: worker get response &{3 [] 0 0}
2024/03/05 00:21:11 worker  5 get order:  &{3 [] 0 0}  order Type 3
2024/03/05 00:21:11 5  waiting for order
2024/03/05 00:21:13 5 :  call for  6  times
2024/03/05 00:21:13 CallOrder: worker get response &{3 [] 0 0}
2024/03/05 00:21:13 worker  5 get order:  &{3 [] 0 0}  order Type 3
2024/03/05 00:21:13 5  waiting for order
2024/03/05 00:21:15 5 :  call for  7  times
2024/03/05 00:21:15 CallOrder: worker get response &{1 [mr-tmp-0-0 mr-tmp-1-0 mr-tmp-2-0 mr-tmp-3-0 mr-tmp-4-0 mr-tmp-5-0 mr-tmp-6-0 mr-tmp-7-0] 8 0}
2024/03/05 00:21:15 worker  5 get order:  &{1 [mr-tmp-0-0 mr-tmp-1-0 mr-tmp-2-0 mr-tmp-3-0 mr-tmp-4-0 mr-tmp-5-0 mr-tmp-6-0 mr-tmp-7-0] 8 0}  order Type 1
2024/03/05 00:21:15 start 8 map
2024/03/05 00:21:15 Worker finish order 8, order type 1
2024/03/05 00:21:16 5 :  call for  8  times
2024/03/05 00:21:16 CallOrder: worker get response &{1 [mr-tmp-0-5 mr-tmp-1-5 mr-tmp-2-5 mr-tmp-3-5 mr-tmp-4-5 mr-tmp-5-5 mr-tmp-6-5 mr-tmp-7-5] 13 0}
2024/03/05 00:21:16 worker  5 get order:  &{1 [mr-tmp-0-5 mr-tmp-1-5 mr-tmp-2-5 mr-tmp-3-5 mr-tmp-4-5 mr-tmp-5-5 mr-tmp-6-5 mr-tmp-7-5] 13 0}  order Type 1
2024/03/05 00:21:23 start 13 map
2024/03/05 00:21:23 Worker finish order 13, order type 1
2024/03/05 00:21:24 5 :  call for  9  times
2024/03/05 00:21:24 CallOrder: worker get response &{4 [] 0 0}
2024/03/05 00:21:24 worker  5 get order:  &{4 [] 0 0}  order Type 4
2024/03/05 00:21:25 5  killed
