2024/03/05 10:36:59 59 :  call for  1  times
2024/03/05 10:36:59 CallOrder: worker get response &{0 [../pg-being_ernest.txt] 0 10}
2024/03/05 10:36:59 worker  59 get order:  &{0 [../pg-being_ernest.txt] 0 10}  order Type 0
2024/03/05 10:37:00 start 0 map
2024/03/05 10:37:00 Worker finish order 0, order type 0
2024/03/05 10:37:01 59 :  call for  2  times
2024/03/05 10:37:01 CallOrder: worker get response &{0 [../pg-grimm.txt] 3 10}
2024/03/05 10:37:01 worker  59 get order:  &{0 [../pg-grimm.txt] 3 10}  order Type 0
2024/03/05 10:37:03 start 3 map
2024/03/05 10:37:03 Worker finish order 3, order type 0
2024/03/05 10:37:04 59 :  call for  3  times
2024/03/05 10:37:04 CallOrder: worker get response &{0 [../pg-sherlock_holmes.txt] 6 10}
2024/03/05 10:37:04 worker  59 get order:  &{0 [../pg-sherlock_holmes.txt] 6 10}  order Type 0
2024/03/05 10:37:07 start 6 map
2024/03/05 10:37:07 Worker finish order 6, order type 0
2024/03/05 10:37:08 59 :  call for  4  times
2024/03/05 10:37:08 CallOrder: worker get response &{1 [mr-tmp-0-0 mr-tmp-1-0 mr-tmp-2-0 mr-tmp-3-0 mr-tmp-4-0 mr-tmp-5-0 mr-tmp-6-0 mr-tmp-7-0] 8 0}
2024/03/05 10:37:08 worker  59 get order:  &{1 [mr-tmp-0-0 mr-tmp-1-0 mr-tmp-2-0 mr-tmp-3-0 mr-tmp-4-0 mr-tmp-5-0 mr-tmp-6-0 mr-tmp-7-0] 8 0}  order Type 1
2024/03/05 10:37:09 start 8 map
2024/03/05 10:37:09 Worker finish order 8, order type 1
2024/03/05 10:37:10 59 :  call for  5  times
2024/03/05 10:37:10 CallOrder: worker get response &{1 [mr-tmp-0-3 mr-tmp-1-3 mr-tmp-2-3 mr-tmp-3-3 mr-tmp-4-3 mr-tmp-5-3 mr-tmp-6-3 mr-tmp-7-3] 11 0}
2024/03/05 10:37:10 worker  59 get order:  &{1 [mr-tmp-0-3 mr-tmp-1-3 mr-tmp-2-3 mr-tmp-3-3 mr-tmp-4-3 mr-tmp-5-3 mr-tmp-6-3 mr-tmp-7-3] 11 0}  order Type 1
2024/03/05 10:37:10 start 11 map
2024/03/05 10:37:10 Worker finish order 11, order type 1
2024/03/05 10:37:11 59 :  call for  6  times
2024/03/05 10:37:11 CallOrder: worker get response &{1 [mr-tmp-0-5 mr-tmp-1-5 mr-tmp-2-5 mr-tmp-3-5 mr-tmp-4-5 mr-tmp-5-5 mr-tmp-6-5 mr-tmp-7-5] 13 0}
2024/03/05 10:37:11 worker  59 get order:  &{1 [mr-tmp-0-5 mr-tmp-1-5 mr-tmp-2-5 mr-tmp-3-5 mr-tmp-4-5 mr-tmp-5-5 mr-tmp-6-5 mr-tmp-7-5] 13 0}  order Type 1
2024/03/05 10:37:12 start 13 map
2024/03/05 10:37:12 Worker finish order 13, order type 1
2024/03/05 10:37:13 59 :  call for  7  times
2024/03/05 10:37:13 CallOrder: worker get response &{1 [mr-tmp-0-8 mr-tmp-1-8 mr-tmp-2-8 mr-tmp-3-8 mr-tmp-4-8 mr-tmp-5-8 mr-tmp-6-8 mr-tmp-7-8] 16 0}
2024/03/05 10:37:13 worker  59 get order:  &{1 [mr-tmp-0-8 mr-tmp-1-8 mr-tmp-2-8 mr-tmp-3-8 mr-tmp-4-8 mr-tmp-5-8 mr-tmp-6-8 mr-tmp-7-8] 16 0}  order Type 1
2024/03/05 10:37:14 start 16 map
2024/03/05 10:37:14 Worker finish order 16, order type 1
2024/03/05 10:37:15 59 :  call for  8  times
2024/03/05 10:37:15 CallOrder: worker get response &{3 [] 0 0}
2024/03/05 10:37:15 worker  59 get order:  &{3 [] 0 0}  order Type 3
2024/03/05 10:37:15 59  waiting for order
2024/03/05 10:37:17 59 :  call for  9  times
2024/03/05 10:37:17 dialing:dial unix /var/tmp/824-mr-0: connect: connection refused
