2024/03/05 06:49:57 57 :  call for  1  times
2024/03/05 06:49:57 CallOrder: worker get response &{2 [] 0 0}
2024/03/05 06:49:57 worker  57 get order:  &{2 [] 0 0}  order Type 2
2024/03/05 06:49:57 57  waiting for order
2024/03/05 06:49:59 57 :  call for  2  times
2024/03/05 06:49:59 CallOrder: worker get response &{2 [] 0 0}
2024/03/05 06:49:59 worker  57 get order:  &{2 [] 0 0}  order Type 2
2024/03/05 06:49:59 57  waiting for order
2024/03/05 06:50:01 57 :  call for  3  times
2024/03/05 06:50:01 CallOrder: worker get response &{2 [] 0 0}
2024/03/05 06:50:01 worker  57 get order:  &{2 [] 0 0}  order Type 2
2024/03/05 06:50:01 57  waiting for order
2024/03/05 06:50:03 57 :  call for  4  times
2024/03/05 06:50:03 CallOrder: worker get response &{2 [] 0 0}
2024/03/05 06:50:03 worker  57 get order:  &{2 [] 0 0}  order Type 2
2024/03/05 06:50:03 57  waiting for order
2024/03/05 06:50:05 57 :  call for  5  times
2024/03/05 06:50:05 CallOrder: worker get response &{2 [] 0 0}
2024/03/05 06:50:05 worker  57 get order:  &{2 [] 0 0}  order Type 2
2024/03/05 06:50:05 57  waiting for order
2024/03/05 06:50:07 57 :  call for  6  times
2024/03/05 06:50:07 CallOrder: worker get response &{2 [] 0 0}
2024/03/05 06:50:07 worker  57 get order:  &{2 [] 0 0}  order Type 2
2024/03/05 06:50:07 57  waiting for order
2024/03/05 06:50:09 57 :  call for  7  times
2024/03/05 06:50:09 CallOrder: worker get response &{2 [] 0 0}
2024/03/05 06:50:09 worker  57 get order:  &{2 [] 0 0}  order Type 2
2024/03/05 06:50:09 57  waiting for order
2024/03/05 06:50:11 57 :  call for  8  times
2024/03/05 06:50:11 CallOrder: worker get response &{2 [] 0 0}
2024/03/05 06:50:11 worker  57 get order:  &{2 [] 0 0}  order Type 2
2024/03/05 06:50:11 57  waiting for order
2024/03/05 06:50:13 57 :  call for  9  times
2024/03/05 06:50:13 CallOrder: worker get response &{2 [] 0 0}
2024/03/05 06:50:13 worker  57 get order:  &{2 [] 0 0}  order Type 2
2024/03/05 06:50:13 57  waiting for order
2024/03/05 06:50:15 57 :  call for  10  times
2024/03/05 06:50:15 CallOrder: worker get response &{2 [] 0 0}
2024/03/05 06:50:15 worker  57 get order:  &{2 [] 0 0}  order Type 2
2024/03/05 06:50:15 57  waiting for order
2024/03/05 06:50:17 57 :  call for  11  times
2024/03/05 06:50:17 CallOrder: worker get response &{2 [] 0 0}
2024/03/05 06:50:17 worker  57 get order:  &{2 [] 0 0}  order Type 2
2024/03/05 06:50:17 57  waiting for order
2024/03/05 06:50:19 57 :  call for  12  times
2024/03/05 06:50:19 CallOrder: worker get response &{1 [mr-tmp-0-0 mr-tmp-1-0 mr-tmp-2-0 mr-tmp-3-0 mr-tmp-4-0 mr-tmp-5-0 mr-tmp-6-0 mr-tmp-7-0] 8 0}
2024/03/05 06:50:19 worker  57 get order:  &{1 [mr-tmp-0-0 mr-tmp-1-0 mr-tmp-2-0 mr-tmp-3-0 mr-tmp-4-0 mr-tmp-5-0 mr-tmp-6-0 mr-tmp-7-0] 8 0}  order Type 1
2024/03/05 06:50:21 start 8 map
2024/03/05 06:50:21 Worker finish order 8, order type 1
2024/03/05 06:50:22 57 :  call for  13  times
2024/03/05 06:50:22 CallOrder: worker get response &{1 [mr-tmp-0-5 mr-tmp-1-5 mr-tmp-2-5 mr-tmp-3-5 mr-tmp-4-5 mr-tmp-5-5 mr-tmp-6-5 mr-tmp-7-5] 13 0}
2024/03/05 06:50:22 worker  57 get order:  &{1 [mr-tmp-0-5 mr-tmp-1-5 mr-tmp-2-5 mr-tmp-3-5 mr-tmp-4-5 mr-tmp-5-5 mr-tmp-6-5 mr-tmp-7-5] 13 0}  order Type 1
2024/03/05 06:50:22 start 13 map
2024/03/05 06:50:22 Worker finish order 13, order type 1
2024/03/05 06:50:23 57 :  call for  14  times
2024/03/05 06:50:23 CallOrder: worker get response &{1 [mr-tmp-0-8 mr-tmp-1-8 mr-tmp-2-8 mr-tmp-3-8 mr-tmp-4-8 mr-tmp-5-8 mr-tmp-6-8 mr-tmp-7-8] 16 0}
2024/03/05 06:50:23 worker  57 get order:  &{1 [mr-tmp-0-8 mr-tmp-1-8 mr-tmp-2-8 mr-tmp-3-8 mr-tmp-4-8 mr-tmp-5-8 mr-tmp-6-8 mr-tmp-7-8] 16 0}  order Type 1
2024/03/05 06:50:23 start 16 map
2024/03/05 06:50:23 Worker finish order 16, order type 1
2024/03/05 06:50:24 57 :  call for  15  times
2024/03/05 06:50:24 CallOrder: worker get response &{3 [] 0 0}
2024/03/05 06:50:24 worker  57 get order:  &{3 [] 0 0}  order Type 3
2024/03/05 06:50:24 57  waiting for order
2024/03/05 06:50:26 57 :  call for  16  times
2024/03/05 06:50:26 CallOrder: worker get response &{3 [] 0 0}
2024/03/05 06:50:26 worker  57 get order:  &{3 [] 0 0}  order Type 3
2024/03/05 06:50:26 57  waiting for order
2024/03/05 06:50:28 57 :  call for  17  times
2024/03/05 06:50:28 CallOrder: worker get response &{3 [] 0 0}
2024/03/05 06:50:28 worker  57 get order:  &{3 [] 0 0}  order Type 3
2024/03/05 06:50:28 57  waiting for order
2024/03/05 06:50:30 57 :  call for  18  times
2024/03/05 06:50:30 CallOrder: worker get response &{3 [] 0 0}
2024/03/05 06:50:30 worker  57 get order:  &{3 [] 0 0}  order Type 3
2024/03/05 06:50:30 57  waiting for order
2024/03/05 06:50:32 57 :  call for  19  times
2024/03/05 06:50:32 CallOrder: worker get response &{3 [] 0 0}
2024/03/05 06:50:32 worker  57 get order:  &{3 [] 0 0}  order Type 3
2024/03/05 06:50:32 57  waiting for order
2024/03/05 06:50:34 57 :  call for  20  times
2024/03/05 06:50:34 CallOrder: worker get response &{3 [] 0 0}
2024/03/05 06:50:34 worker  57 get order:  &{3 [] 0 0}  order Type 3
2024/03/05 06:50:34 57  waiting for order
2024/03/05 06:50:36 57 :  call for  21  times
2024/03/05 06:50:36 CallOrder: worker get response &{3 [] 0 0}
2024/03/05 06:50:36 worker  57 get order:  &{3 [] 0 0}  order Type 3
2024/03/05 06:50:36 57  waiting for order
2024/03/05 06:50:38 57 :  call for  22  times
2024/03/05 06:50:38 CallOrder: worker get response &{3 [] 0 0}
2024/03/05 06:50:38 worker  57 get order:  &{3 [] 0 0}  order Type 3
2024/03/05 06:50:38 57  waiting for order
2024/03/05 06:50:40 57 :  call for  23  times
2024/03/05 06:50:40 CallOrder: worker get response &{3 [] 0 0}
2024/03/05 06:50:40 worker  57 get order:  &{3 [] 0 0}  order Type 3
2024/03/05 06:50:40 57  waiting for order
2024/03/05 06:50:42 57 :  call for  24  times
2024/03/05 06:50:42 CallOrder: worker get response &{3 [] 0 0}
2024/03/05 06:50:42 worker  57 get order:  &{3 [] 0 0}  order Type 3
2024/03/05 06:50:42 57  waiting for order
2024/03/05 06:50:44 57 :  call for  25  times
2024/03/05 06:50:44 CallOrder: worker get response &{3 [] 0 0}
2024/03/05 06:50:44 worker  57 get order:  &{3 [] 0 0}  order Type 3
2024/03/05 06:50:44 57  waiting for order
2024/03/05 06:50:46 57 :  call for  26  times
2024/03/05 06:50:46 CallOrder: worker get response &{3 [] 0 0}
2024/03/05 06:50:46 worker  57 get order:  &{3 [] 0 0}  order Type 3
2024/03/05 06:50:46 57  waiting for order
2024/03/05 06:50:48 57 :  call for  27  times
2024/03/05 06:50:48 CallOrder: worker get response &{3 [] 0 0}
2024/03/05 06:50:48 worker  57 get order:  &{3 [] 0 0}  order Type 3
2024/03/05 06:50:48 57  waiting for order
2024/03/05 06:50:50 57 :  call for  28  times
2024/03/05 06:50:50 CallOrder: worker get response &{3 [] 0 0}
2024/03/05 06:50:50 worker  57 get order:  &{3 [] 0 0}  order Type 3
2024/03/05 06:50:50 57  waiting for order
2024/03/05 06:50:52 57 :  call for  29  times
2024/03/05 06:50:52 CallOrder: worker get response &{3 [] 0 0}
2024/03/05 06:50:52 worker  57 get order:  &{3 [] 0 0}  order Type 3
2024/03/05 06:50:52 57  waiting for order
2024/03/05 06:50:54 57 :  call for  30  times
2024/03/05 06:50:54 CallOrder: worker get response &{3 [] 0 0}
2024/03/05 06:50:54 worker  57 get order:  &{3 [] 0 0}  order Type 3
2024/03/05 06:50:54 57  waiting for order
2024/03/05 06:50:56 57 :  call for  31  times
2024/03/05 06:50:56 CallOrder: worker get response &{3 [] 0 0}
2024/03/05 06:50:56 worker  57 get order:  &{3 [] 0 0}  order Type 3
2024/03/05 06:50:56 57  waiting for order
2024/03/05 06:50:58 57 :  call for  32  times
2024/03/05 06:50:58 CallOrder: worker get response &{3 [] 0 0}
2024/03/05 06:50:58 worker  57 get order:  &{3 [] 0 0}  order Type 3
2024/03/05 06:50:58 57  waiting for order
2024/03/05 06:51:00 57 :  call for  33  times
2024/03/05 06:51:00 CallOrder: worker get response &{4 [] 0 0}
2024/03/05 06:51:00 worker  57 get order:  &{4 [] 0 0}  order Type 4
2024/03/05 06:51:01 57  killed
