2024/03/05 06:03:13 13 :  call for  1  times
2024/03/05 06:03:13 CallOrder: worker get response &{3 [] 0 0}
2024/03/05 06:03:13 worker  13 get order:  &{3 [] 0 0}  order Type 3
2024/03/05 06:03:13 13  waiting for order
2024/03/05 06:03:15 13 :  call for  2  times
2024/03/05 06:03:15 CallOrder: worker get response &{3 [] 0 0}
2024/03/05 06:03:15 worker  13 get order:  &{3 [] 0 0}  order Type 3
2024/03/05 06:03:15 13  waiting for order
2024/03/05 06:03:17 13 :  call for  3  times
2024/03/05 06:03:17 CallOrder: worker get response &{3 [] 0 0}
2024/03/05 06:03:17 worker  13 get order:  &{3 [] 0 0}  order Type 3
2024/03/05 06:03:17 13  waiting for order
2024/03/05 06:03:19 13 :  call for  4  times
2024/03/05 06:03:19 CallOrder: worker get response &{3 [] 0 0}
2024/03/05 06:03:19 worker  13 get order:  &{3 [] 0 0}  order Type 3
2024/03/05 06:03:19 13  waiting for order
2024/03/05 06:03:21 13 :  call for  5  times
2024/03/05 06:03:21 CallOrder: worker get response &{3 [] 0 0}
2024/03/05 06:03:21 worker  13 get order:  &{3 [] 0 0}  order Type 3
2024/03/05 06:03:21 13  waiting for order
2024/03/05 06:03:23 13 :  call for  6  times
2024/03/05 06:03:23 CallOrder: worker get response &{1 [mr-tmp-0-9 mr-tmp-1-9 mr-tmp-2-9 mr-tmp-3-9 mr-tmp-4-9 mr-tmp-5-9 mr-tmp-6-9 mr-tmp-7-9] 17 0}
2024/03/05 06:03:23 worker  13 get order:  &{1 [mr-tmp-0-9 mr-tmp-1-9 mr-tmp-2-9 mr-tmp-3-9 mr-tmp-4-9 mr-tmp-5-9 mr-tmp-6-9 mr-tmp-7-9] 17 0}  order Type 1
2024/03/05 06:03:32 start 17 map
2024/03/05 06:03:32 Worker finish order 17, order type 1
2024/03/05 06:03:33 13 :  call for  7  times
2024/03/05 06:03:33 CallOrder: worker get response &{4 [] 0 0}
2024/03/05 06:03:33 worker  13 get order:  &{4 [] 0 0}  order Type 4
2024/03/05 06:03:34 13  killed
