2024/03/05 09:31:15 15 :  call for  1  times
2024/03/05 09:31:15 CallOrder: worker get response &{3 [] 0 0}
2024/03/05 09:31:15 worker  15 get order:  &{3 [] 0 0}  order Type 3
2024/03/05 09:31:15 15  waiting for order
2024/03/05 09:31:17 15 :  call for  2  times
2024/03/05 09:31:17 CallOrder: worker get response &{3 [] 0 0}
2024/03/05 09:31:17 worker  15 get order:  &{3 [] 0 0}  order Type 3
2024/03/05 09:31:17 15  waiting for order
2024/03/05 09:31:19 15 :  call for  3  times
2024/03/05 09:31:19 CallOrder: worker get response &{3 [] 0 0}
2024/03/05 09:31:19 worker  15 get order:  &{3 [] 0 0}  order Type 3
2024/03/05 09:31:19 15  waiting for order
2024/03/05 09:31:21 15 :  call for  4  times
2024/03/05 09:31:21 CallOrder: worker get response &{3 [] 0 0}
2024/03/05 09:31:21 worker  15 get order:  &{3 [] 0 0}  order Type 3
2024/03/05 09:31:21 15  waiting for order
2024/03/05 09:31:23 15 :  call for  5  times
2024/03/05 09:31:23 CallOrder: worker get response &{3 [] 0 0}
2024/03/05 09:31:23 worker  15 get order:  &{3 [] 0 0}  order Type 3
2024/03/05 09:31:23 15  waiting for order
2024/03/05 09:31:25 15 :  call for  6  times
2024/03/05 09:31:25 CallOrder: worker get response &{3 [] 0 0}
2024/03/05 09:31:25 worker  15 get order:  &{3 [] 0 0}  order Type 3
2024/03/05 09:31:25 15  waiting for order
2024/03/05 09:31:27 15 :  call for  7  times
2024/03/05 09:31:27 CallOrder: worker get response &{3 [] 0 0}
2024/03/05 09:31:27 worker  15 get order:  &{3 [] 0 0}  order Type 3
2024/03/05 09:31:27 15  waiting for order
2024/03/05 09:31:29 15 :  call for  8  times
2024/03/05 09:31:29 CallOrder: worker get response &{3 [] 0 0}
2024/03/05 09:31:29 worker  15 get order:  &{3 [] 0 0}  order Type 3
2024/03/05 09:31:29 15  waiting for order
2024/03/05 09:31:31 15 :  call for  9  times
2024/03/05 09:31:31 CallOrder: worker get response &{4 [] 0 0}
2024/03/05 09:31:31 worker  15 get order:  &{4 [] 0 0}  order Type 4
2024/03/05 09:31:32 15  killed
