2024/03/05 04:03:48 48 :  call for  1  times
2024/03/05 04:03:48 CallOrder: worker get response &{0 [../pg-huckleberry_finn.txt] 4 10}
2024/03/05 04:03:48 worker  48 get order:  &{0 [../pg-huckleberry_finn.txt] 4 10}  order Type 0
2024/03/05 04:03:48 start 4 map
2024/03/05 04:03:48 Worker finish order 4, order type 0
2024/03/05 04:03:49 48 :  call for  2  times
2024/03/05 04:03:49 CallOrder: worker get response &{0 [../pg-metamorphosis.txt] 5 10}
2024/03/05 04:03:49 worker  48 get order:  &{0 [../pg-metamorphosis.txt] 5 10}  order Type 0
2024/03/05 04:03:49 start 5 map
2024/03/05 04:03:49 Worker finish order 5, order type 0
2024/03/05 04:03:50 48 :  call for  3  times
2024/03/05 04:03:50 CallOrder: worker get response &{0 [../pg-sherlock_holmes.txt] 6 10}
2024/03/05 04:03:50 worker  48 get order:  &{0 [../pg-sherlock_holmes.txt] 6 10}  order Type 0
2024/03/05 04:03:52 start 6 map
2024/03/05 04:03:52 Worker finish order 6, order type 0
2024/03/05 04:03:53 48 :  call for  4  times
2024/03/05 04:03:53 CallOrder: worker get response &{2 [] 0 0}
2024/03/05 04:03:53 worker  48 get order:  &{2 [] 0 0}  order Type 2
2024/03/05 04:03:53 48  waiting for order
2024/03/05 04:03:55 48 :  call for  5  times
2024/03/05 04:03:55 CallOrder: worker get response &{2 [] 0 0}
2024/03/05 04:03:55 worker  48 get order:  &{2 [] 0 0}  order Type 2
2024/03/05 04:03:55 48  waiting for order
2024/03/05 04:03:57 48 :  call for  6  times
2024/03/05 04:03:57 CallOrder: worker get response &{2 [] 0 0}
2024/03/05 04:03:57 worker  48 get order:  &{2 [] 0 0}  order Type 2
2024/03/05 04:03:57 48  waiting for order
2024/03/05 04:03:59 48 :  call for  7  times
2024/03/05 04:03:59 CallOrder: worker get response &{2 [] 0 0}
2024/03/05 04:03:59 worker  48 get order:  &{2 [] 0 0}  order Type 2
2024/03/05 04:03:59 48  waiting for order
2024/03/05 04:04:01 48 :  call for  8  times
2024/03/05 04:04:01 CallOrder: worker get response &{1 [mr-tmp-0-1 mr-tmp-1-1 mr-tmp-2-1 mr-tmp-3-1 mr-tmp-4-1 mr-tmp-5-1 mr-tmp-6-1 mr-tmp-7-1] 9 0}
2024/03/05 04:04:01 worker  48 get order:  &{1 [mr-tmp-0-1 mr-tmp-1-1 mr-tmp-2-1 mr-tmp-3-1 mr-tmp-4-1 mr-tmp-5-1 mr-tmp-6-1 mr-tmp-7-1] 9 0}  order Type 1
2024/03/05 04:04:01 start 9 map
2024/03/05 04:04:01 Worker finish order 9, order type 1
2024/03/05 04:04:02 48 :  call for  9  times
2024/03/05 04:04:02 CallOrder: worker get response &{1 [mr-tmp-0-4 mr-tmp-1-4 mr-tmp-2-4 mr-tmp-3-4 mr-tmp-4-4 mr-tmp-5-4 mr-tmp-6-4 mr-tmp-7-4] 12 0}
2024/03/05 04:04:02 worker  48 get order:  &{1 [mr-tmp-0-4 mr-tmp-1-4 mr-tmp-2-4 mr-tmp-3-4 mr-tmp-4-4 mr-tmp-5-4 mr-tmp-6-4 mr-tmp-7-4] 12 0}  order Type 1
2024/03/05 04:04:02 start 12 map
2024/03/05 04:04:02 Worker finish order 12, order type 1
2024/03/05 04:04:03 48 :  call for  10  times
2024/03/05 04:04:03 CallOrder: worker get response &{1 [mr-tmp-0-8 mr-tmp-1-8 mr-tmp-2-8 mr-tmp-3-8 mr-tmp-4-8 mr-tmp-5-8 mr-tmp-6-8 mr-tmp-7-8] 16 0}
2024/03/05 04:04:03 worker  48 get order:  &{1 [mr-tmp-0-8 mr-tmp-1-8 mr-tmp-2-8 mr-tmp-3-8 mr-tmp-4-8 mr-tmp-5-8 mr-tmp-6-8 mr-tmp-7-8] 16 0}  order Type 1
2024/03/05 04:04:03 start 16 map
2024/03/05 04:04:03 Worker finish order 16, order type 1
2024/03/05 04:04:04 48 :  call for  11  times
2024/03/05 04:04:04 CallOrder: worker get response &{3 [] 0 0}
2024/03/05 04:04:04 worker  48 get order:  &{3 [] 0 0}  order Type 3
2024/03/05 04:04:04 48  waiting for order
2024/03/05 04:04:06 48 :  call for  12  times
2024/03/05 04:04:06 CallOrder: worker get response &{3 [] 0 0}
2024/03/05 04:04:06 worker  48 get order:  &{3 [] 0 0}  order Type 3
2024/03/05 04:04:06 48  waiting for order
2024/03/05 04:04:08 48 :  call for  13  times
2024/03/05 04:04:08 CallOrder: worker get response &{3 [] 0 0}
2024/03/05 04:04:08 worker  48 get order:  &{3 [] 0 0}  order Type 3
2024/03/05 04:04:08 48  waiting for order
2024/03/05 04:04:10 48 :  call for  14  times
2024/03/05 04:04:10 CallOrder: worker get response &{3 [] 0 0}
2024/03/05 04:04:10 worker  48 get order:  &{3 [] 0 0}  order Type 3
2024/03/05 04:04:10 48  waiting for order
2024/03/05 04:04:12 48 :  call for  15  times
2024/03/05 04:04:12 CallOrder: worker get response &{3 [] 0 0}
2024/03/05 04:04:12 worker  48 get order:  &{3 [] 0 0}  order Type 3
2024/03/05 04:04:12 48  waiting for order
2024/03/05 04:04:14 48 :  call for  16  times
2024/03/05 04:04:14 CallOrder: worker get response &{3 [] 0 0}
2024/03/05 04:04:14 worker  48 get order:  &{3 [] 0 0}  order Type 3
2024/03/05 04:04:14 48  waiting for order
2024/03/05 04:04:16 48 :  call for  17  times
2024/03/05 04:04:16 CallOrder: worker get response &{3 [] 0 0}
2024/03/05 04:04:16 worker  48 get order:  &{3 [] 0 0}  order Type 3
2024/03/05 04:04:16 48  waiting for order
2024/03/05 04:04:18 48 :  call for  18  times
2024/03/05 04:04:18 CallOrder: worker get response &{3 [] 0 0}
2024/03/05 04:04:18 worker  48 get order:  &{3 [] 0 0}  order Type 3
2024/03/05 04:04:18 48  waiting for order
2024/03/05 04:04:20 48 :  call for  19  times
2024/03/05 04:04:20 CallOrder: worker get response &{3 [] 0 0}
2024/03/05 04:04:20 worker  48 get order:  &{3 [] 0 0}  order Type 3
2024/03/05 04:04:20 48  waiting for order
2024/03/05 04:04:22 48 :  call for  20  times
2024/03/05 04:04:22 CallOrder: worker get response &{3 [] 0 0}
2024/03/05 04:04:22 worker  48 get order:  &{3 [] 0 0}  order Type 3
2024/03/05 04:04:22 48  waiting for order
2024/03/05 04:04:24 48 :  call for  21  times
2024/03/05 04:04:24 CallOrder: worker get response &{3 [] 0 0}
2024/03/05 04:04:24 worker  48 get order:  &{3 [] 0 0}  order Type 3
2024/03/05 04:04:24 48  waiting for order
2024/03/05 04:04:26 48 :  call for  22  times
2024/03/05 04:04:26 CallOrder: worker get response &{3 [] 0 0}
2024/03/05 04:04:26 worker  48 get order:  &{3 [] 0 0}  order Type 3
2024/03/05 04:04:26 48  waiting for order
2024/03/05 04:04:28 48 :  call for  23  times
2024/03/05 04:04:28 CallOrder: worker get response &{3 [] 0 0}
2024/03/05 04:04:28 worker  48 get order:  &{3 [] 0 0}  order Type 3
2024/03/05 04:04:28 48  waiting for order
2024/03/05 04:04:30 48 :  call for  24  times
2024/03/05 04:04:30 CallOrder: worker get response &{3 [] 0 0}
2024/03/05 04:04:30 worker  48 get order:  &{3 [] 0 0}  order Type 3
2024/03/05 04:04:30 48  waiting for order
2024/03/05 04:04:32 48 :  call for  25  times
2024/03/05 04:04:32 CallOrder: worker get response &{4 [] 0 0}
2024/03/05 04:04:32 worker  48 get order:  &{4 [] 0 0}  order Type 4
2024/03/05 04:04:33 48  killed
