2024/03/04 21:04:26 26 :  call for  1  times
2024/03/04 21:04:26 CallOrder: worker get response &{0 [../pg-sherlock_holmes.txt] 6 10}
2024/03/04 21:04:26 worker  26 get order:  &{0 [../pg-sherlock_holmes.txt] 6 10}  order Type 0
2024/03/04 21:04:29 start 6 map
2024/03/04 21:04:29 Worker finish order 6, order type 0
2024/03/04 21:04:30 26 :  call for  2  times
2024/03/04 21:04:30 CallOrder: worker get response &{2 [] 0 0}
2024/03/04 21:04:30 worker  26 get order:  &{2 [] 0 0}  order Type 2
2024/03/04 21:04:30 26  waiting for order
2024/03/04 21:04:32 26 :  call for  3  times
2024/03/04 21:04:32 CallOrder: worker get response &{2 [] 0 0}
2024/03/04 21:04:32 worker  26 get order:  &{2 [] 0 0}  order Type 2
2024/03/04 21:04:32 26  waiting for order
2024/03/04 21:04:34 26 :  call for  4  times
2024/03/04 21:04:34 CallOrder: worker get response &{2 [] 0 0}
2024/03/04 21:04:34 worker  26 get order:  &{2 [] 0 0}  order Type 2
2024/03/04 21:04:34 26  waiting for order
2024/03/04 21:04:36 26 :  call for  5  times
2024/03/04 21:04:36 CallOrder: worker get response &{0 [../pg-dorian_gray.txt] 1 10}
2024/03/04 21:04:36 worker  26 get order:  &{0 [../pg-dorian_gray.txt] 1 10}  order Type 0
2024/03/04 21:04:37 start 1 map
2024/03/04 21:04:37 Worker finish order 1, order type 0
2024/03/04 21:04:38 26 :  call for  6  times
2024/03/04 21:04:38 CallOrder: worker get response &{2 [] 0 0}
2024/03/04 21:04:38 worker  26 get order:  &{2 [] 0 0}  order Type 2
2024/03/04 21:04:38 26  waiting for order
2024/03/04 21:04:40 26 :  call for  7  times
2024/03/04 21:04:40 CallOrder: worker get response &{2 [] 0 0}
2024/03/04 21:04:40 worker  26 get order:  &{2 [] 0 0}  order Type 2
2024/03/04 21:04:40 26  waiting for order
2024/03/04 21:04:42 26 :  call for  8  times
2024/03/04 21:04:42 CallOrder: worker get response &{2 [] 0 0}
2024/03/04 21:04:42 worker  26 get order:  &{2 [] 0 0}  order Type 2
2024/03/04 21:04:42 26  waiting for order
2024/03/04 21:04:44 26 :  call for  9  times
2024/03/04 21:04:44 CallOrder: worker get response &{2 [] 0 0}
2024/03/04 21:04:44 worker  26 get order:  &{2 [] 0 0}  order Type 2
2024/03/04 21:04:44 26  waiting for order
2024/03/04 21:04:46 26 :  call for  10  times
2024/03/04 21:04:46 CallOrder: worker get response &{2 [] 0 0}
2024/03/04 21:04:46 worker  26 get order:  &{2 [] 0 0}  order Type 2
2024/03/04 21:04:46 26  waiting for order
2024/03/04 21:04:48 26 :  call for  11  times
2024/03/04 21:04:48 CallOrder: worker get response &{2 [] 0 0}
2024/03/04 21:04:48 worker  26 get order:  &{2 [] 0 0}  order Type 2
2024/03/04 21:04:48 26  waiting for order
2024/03/04 21:04:50 26 :  call for  12  times
2024/03/04 21:04:50 CallOrder: worker get response &{2 [] 0 0}
2024/03/04 21:04:50 worker  26 get order:  &{2 [] 0 0}  order Type 2
2024/03/04 21:04:50 26  waiting for order
2024/03/04 21:04:52 26 :  call for  13  times
2024/03/04 21:04:52 CallOrder: worker get response &{2 [] 0 0}
2024/03/04 21:04:52 worker  26 get order:  &{2 [] 0 0}  order Type 2
2024/03/04 21:04:52 26  waiting for order
2024/03/04 21:04:54 26 :  call for  14  times
2024/03/04 21:04:54 CallOrder: worker get response &{2 [] 0 0}
2024/03/04 21:04:54 worker  26 get order:  &{2 [] 0 0}  order Type 2
2024/03/04 21:04:54 26  waiting for order
2024/03/04 21:04:56 26 :  call for  15  times
2024/03/04 21:04:56 CallOrder: worker get response &{2 [] 0 0}
2024/03/04 21:04:56 worker  26 get order:  &{2 [] 0 0}  order Type 2
2024/03/04 21:04:56 26  waiting for order
2024/03/04 21:04:58 26 :  call for  16  times
2024/03/04 21:04:58 CallOrder: worker get response &{1 [mr-tmp-0-6 mr-tmp-1-6 mr-tmp-2-6 mr-tmp-3-6 mr-tmp-4-6 mr-tmp-5-6 mr-tmp-6-6 mr-tmp-7-6] 14 0}
2024/03/04 21:04:58 worker  26 get order:  &{1 [mr-tmp-0-6 mr-tmp-1-6 mr-tmp-2-6 mr-tmp-3-6 mr-tmp-4-6 mr-tmp-5-6 mr-tmp-6-6 mr-tmp-7-6] 14 0}  order Type 1
2024/03/04 21:04:58 start 14 map
2024/03/04 21:04:58 Worker finish order 14, order type 1
2024/03/04 21:05:00 26 :  call for  17  times
2024/03/04 21:05:00 CallOrder: worker get response &{3 [] 0 0}
2024/03/04 21:05:00 worker  26 get order:  &{3 [] 0 0}  order Type 3
2024/03/04 21:05:00 26  waiting for order
2024/03/04 21:05:02 26 :  call for  18  times
2024/03/04 21:05:02 CallOrder: worker get response &{3 [] 0 0}
2024/03/04 21:05:02 worker  26 get order:  &{3 [] 0 0}  order Type 3
2024/03/04 21:05:02 26  waiting for order
2024/03/04 21:05:04 26 :  call for  19  times
2024/03/04 21:05:04 CallOrder: worker get response &{3 [] 0 0}
2024/03/04 21:05:04 worker  26 get order:  &{3 [] 0 0}  order Type 3
2024/03/04 21:05:04 26  waiting for order
2024/03/04 21:05:06 26 :  call for  20  times
2024/03/04 21:05:06 CallOrder: worker get response &{3 [] 0 0}
2024/03/04 21:05:06 worker  26 get order:  &{3 [] 0 0}  order Type 3
2024/03/04 21:05:06 26  waiting for order
2024/03/04 21:05:08 26 :  call for  21  times
2024/03/04 21:05:08 CallOrder: worker get response &{3 [] 0 0}
2024/03/04 21:05:08 worker  26 get order:  &{3 [] 0 0}  order Type 3
2024/03/04 21:05:08 26  waiting for order
2024/03/04 21:05:10 26 :  call for  22  times
2024/03/04 21:05:10 CallOrder: worker get response &{3 [] 0 0}
2024/03/04 21:05:10 worker  26 get order:  &{3 [] 0 0}  order Type 3
2024/03/04 21:05:10 26  waiting for order
2024/03/04 21:05:12 26 :  call for  23  times
2024/03/04 21:05:12 CallOrder: worker get response &{3 [] 0 0}
2024/03/04 21:05:12 worker  26 get order:  &{3 [] 0 0}  order Type 3
2024/03/04 21:05:12 26  waiting for order
2024/03/04 21:05:14 26 :  call for  24  times
2024/03/04 21:05:14 CallOrder: worker get response &{3 [] 0 0}
2024/03/04 21:05:14 worker  26 get order:  &{3 [] 0 0}  order Type 3
2024/03/04 21:05:14 26  waiting for order
2024/03/04 21:05:16 26 :  call for  25  times
2024/03/04 21:05:16 CallOrder: worker get response &{3 [] 0 0}
2024/03/04 21:05:16 worker  26 get order:  &{3 [] 0 0}  order Type 3
2024/03/04 21:05:16 26  waiting for order
2024/03/04 21:05:18 26 :  call for  26  times
2024/03/04 21:05:18 CallOrder: worker get response &{3 [] 0 0}
2024/03/04 21:05:18 worker  26 get order:  &{3 [] 0 0}  order Type 3
2024/03/04 21:05:18 26  waiting for order
2024/03/04 21:05:20 26 :  call for  27  times
2024/03/04 21:05:20 CallOrder: worker get response &{3 [] 0 0}
2024/03/04 21:05:20 worker  26 get order:  &{3 [] 0 0}  order Type 3
2024/03/04 21:05:20 26  waiting for order
2024/03/04 21:05:22 26 :  call for  28  times
2024/03/04 21:05:22 CallOrder: worker get response &{3 [] 0 0}
2024/03/04 21:05:22 worker  26 get order:  &{3 [] 0 0}  order Type 3
2024/03/04 21:05:22 26  waiting for order
2024/03/04 21:05:24 26 :  call for  29  times
2024/03/04 21:05:24 CallOrder: worker get response &{3 [] 0 0}
2024/03/04 21:05:24 worker  26 get order:  &{3 [] 0 0}  order Type 3
2024/03/04 21:05:24 26  waiting for order
2024/03/04 21:05:26 26 :  call for  30  times
2024/03/04 21:05:26 CallOrder: worker get response &{3 [] 0 0}
2024/03/04 21:05:26 worker  26 get order:  &{3 [] 0 0}  order Type 3
2024/03/04 21:05:26 26  waiting for order
2024/03/04 21:05:28 26 :  call for  31  times
2024/03/04 21:05:28 CallOrder: worker get response &{3 [] 0 0}
2024/03/04 21:05:28 worker  26 get order:  &{3 [] 0 0}  order Type 3
2024/03/04 21:05:28 26  waiting for order
2024/03/04 21:05:30 26 :  call for  32  times
2024/03/04 21:05:30 CallOrder: worker get response &{3 [] 0 0}
2024/03/04 21:05:30 worker  26 get order:  &{3 [] 0 0}  order Type 3
2024/03/04 21:05:30 26  waiting for order
2024/03/04 21:05:32 26 :  call for  33  times
2024/03/04 21:05:32 CallOrder: worker get response &{3 [] 0 0}
2024/03/04 21:05:32 worker  26 get order:  &{3 [] 0 0}  order Type 3
2024/03/04 21:05:32 26  waiting for order
2024/03/04 21:05:34 26 :  call for  34  times
2024/03/04 21:05:34 CallOrder: worker get response &{3 [] 0 0}
2024/03/04 21:05:34 worker  26 get order:  &{3 [] 0 0}  order Type 3
2024/03/04 21:05:34 26  waiting for order
2024/03/04 21:05:36 26 :  call for  35  times
2024/03/04 21:05:36 CallOrder: worker get response &{3 [] 0 0}
2024/03/04 21:05:36 worker  26 get order:  &{3 [] 0 0}  order Type 3
2024/03/04 21:05:36 26  waiting for order
2024/03/04 21:05:38 26 :  call for  36  times
2024/03/04 21:05:38 CallOrder: worker get response &{3 [] 0 0}
2024/03/04 21:05:38 worker  26 get order:  &{3 [] 0 0}  order Type 3
2024/03/04 21:05:38 26  waiting for order
2024/03/04 21:05:40 26 :  call for  37  times
2024/03/04 21:05:40 CallOrder: worker get response &{3 [] 0 0}
2024/03/04 21:05:40 worker  26 get order:  &{3 [] 0 0}  order Type 3
2024/03/04 21:05:40 26  waiting for order
2024/03/04 21:05:42 26 :  call for  38  times
2024/03/04 21:05:42 CallOrder: worker get response &{3 [] 0 0}
2024/03/04 21:05:42 worker  26 get order:  &{3 [] 0 0}  order Type 3
2024/03/04 21:05:42 26  waiting for order
2024/03/04 21:05:44 26 :  call for  39  times
2024/03/04 21:05:44 CallOrder: worker get response &{3 [] 0 0}
2024/03/04 21:05:44 worker  26 get order:  &{3 [] 0 0}  order Type 3
2024/03/04 21:05:44 26  waiting for order
2024/03/04 21:05:46 26 :  call for  40  times
2024/03/04 21:05:46 CallOrder: worker get response &{3 [] 0 0}
2024/03/04 21:05:46 worker  26 get order:  &{3 [] 0 0}  order Type 3
2024/03/04 21:05:46 26  waiting for order
2024/03/04 21:05:48 26 :  call for  41  times
2024/03/04 21:05:48 CallOrder: worker get response &{3 [] 0 0}
2024/03/04 21:05:48 worker  26 get order:  &{3 [] 0 0}  order Type 3
2024/03/04 21:05:48 26  waiting for order
2024/03/04 21:05:50 26 :  call for  42  times
2024/03/04 21:05:50 CallOrder: worker get response &{3 [] 0 0}
2024/03/04 21:05:50 worker  26 get order:  &{3 [] 0 0}  order Type 3
2024/03/04 21:05:50 26  waiting for order
2024/03/04 21:05:52 26 :  call for  43  times
2024/03/04 21:05:52 CallOrder: worker get response &{3 [] 0 0}
2024/03/04 21:05:52 worker  26 get order:  &{3 [] 0 0}  order Type 3
2024/03/04 21:05:52 26  waiting for order
2024/03/04 21:05:54 26 :  call for  44  times
2024/03/04 21:05:54 CallOrder: worker get response &{1 [mr-tmp-0-5 mr-tmp-1-5 mr-tmp-2-5 mr-tmp-3-5 mr-tmp-4-5 mr-tmp-5-5 mr-tmp-6-5 mr-tmp-7-5] 13 0}
2024/03/04 21:05:54 worker  26 get order:  &{1 [mr-tmp-0-5 mr-tmp-1-5 mr-tmp-2-5 mr-tmp-3-5 mr-tmp-4-5 mr-tmp-5-5 mr-tmp-6-5 mr-tmp-7-5] 13 0}  order Type 1
2024/03/04 21:05:54 start 13 map
2024/03/04 21:05:54 Worker finish order 13, order type 1
2024/03/04 21:05:55 26 :  call for  45  times
2024/03/04 21:05:55 CallOrder: worker get response &{4 [] 0 0}
2024/03/04 21:05:55 worker  26 get order:  &{4 [] 0 0}  order Type 4
2024/03/04 21:05:56 26  killed
