2024/03/05 10:27:12 12 :  call for  1  times
2024/03/05 10:27:12 CallOrder: worker get response &{1 [mr-tmp-0-5 mr-tmp-1-5 mr-tmp-2-5 mr-tmp-3-5 mr-tmp-4-5 mr-tmp-5-5 mr-tmp-6-5 mr-tmp-7-5] 13 0}
2024/03/05 10:27:12 worker  12 get order:  &{1 [mr-tmp-0-5 mr-tmp-1-5 mr-tmp-2-5 mr-tmp-3-5 mr-tmp-4-5 mr-tmp-5-5 mr-tmp-6-5 mr-tmp-7-5] 13 0}  order Type 1
2024/03/05 10:27:12 start 13 map
2024/03/05 10:27:12 Worker finish order 13, order type 1
2024/03/05 10:27:13 12 :  call for  2  times
2024/03/05 10:27:13 CallOrder: worker get response &{1 [mr-tmp-0-8 mr-tmp-1-8 mr-tmp-2-8 mr-tmp-3-8 mr-tmp-4-8 mr-tmp-5-8 mr-tmp-6-8 mr-tmp-7-8] 16 0}
2024/03/05 10:27:13 worker  12 get order:  &{1 [mr-tmp-0-8 mr-tmp-1-8 mr-tmp-2-8 mr-tmp-3-8 mr-tmp-4-8 mr-tmp-5-8 mr-tmp-6-8 mr-tmp-7-8] 16 0}  order Type 1
2024/03/05 10:27:13 start 16 map
2024/03/05 10:27:13 Worker finish order 16, order type 1
2024/03/05 10:27:14 12 :  call for  3  times
2024/03/05 10:27:14 CallOrder: worker get response &{3 [] 0 0}
2024/03/05 10:27:14 worker  12 get order:  &{3 [] 0 0}  order Type 3
2024/03/05 10:27:14 12  waiting for order
2024/03/05 10:27:16 12 :  call for  4  times
2024/03/05 10:27:16 CallOrder: worker get response &{3 [] 0 0}
2024/03/05 10:27:16 worker  12 get order:  &{3 [] 0 0}  order Type 3
2024/03/05 10:27:16 12  waiting for order
2024/03/05 10:27:18 12 :  call for  5  times
2024/03/05 10:27:18 CallOrder: worker get response &{3 [] 0 0}
2024/03/05 10:27:18 worker  12 get order:  &{3 [] 0 0}  order Type 3
2024/03/05 10:27:18 12  waiting for order
2024/03/05 10:27:20 12 :  call for  6  times
2024/03/05 10:27:20 CallOrder: worker get response &{3 [] 0 0}
2024/03/05 10:27:20 worker  12 get order:  &{3 [] 0 0}  order Type 3
2024/03/05 10:27:20 12  waiting for order
2024/03/05 10:27:22 12 :  call for  7  times
2024/03/05 10:27:22 CallOrder: worker get response &{3 [] 0 0}
2024/03/05 10:27:22 worker  12 get order:  &{3 [] 0 0}  order Type 3
2024/03/05 10:27:22 12  waiting for order
2024/03/05 10:27:24 12 :  call for  8  times
2024/03/05 10:27:24 CallOrder: worker get response &{3 [] 0 0}
2024/03/05 10:27:24 worker  12 get order:  &{3 [] 0 0}  order Type 3
2024/03/05 10:27:24 12  waiting for order
2024/03/05 10:27:26 12 :  call for  9  times
2024/03/05 10:27:26 CallOrder: worker get response &{3 [] 0 0}
2024/03/05 10:27:26 worker  12 get order:  &{3 [] 0 0}  order Type 3
2024/03/05 10:27:26 12  waiting for order
2024/03/05 10:27:28 12 :  call for  10  times
2024/03/05 10:27:28 CallOrder: worker get response &{3 [] 0 0}
2024/03/05 10:27:28 worker  12 get order:  &{3 [] 0 0}  order Type 3
2024/03/05 10:27:28 12  waiting for order
2024/03/05 10:27:30 12 :  call for  11  times
2024/03/05 10:27:30 CallOrder: worker get response &{3 [] 0 0}
2024/03/05 10:27:30 worker  12 get order:  &{3 [] 0 0}  order Type 3
2024/03/05 10:27:30 12  waiting for order
2024/03/05 10:27:32 12 :  call for  12  times
2024/03/05 10:27:32 CallOrder: worker get response &{3 [] 0 0}
2024/03/05 10:27:32 worker  12 get order:  &{3 [] 0 0}  order Type 3
2024/03/05 10:27:32 12  waiting for order
2024/03/05 10:27:34 12 :  call for  13  times
2024/03/05 10:27:34 CallOrder: worker get response &{3 [] 0 0}
2024/03/05 10:27:34 worker  12 get order:  &{3 [] 0 0}  order Type 3
2024/03/05 10:27:34 12  waiting for order
2024/03/05 10:27:36 12 :  call for  14  times
2024/03/05 10:27:36 CallOrder: worker get response &{3 [] 0 0}
2024/03/05 10:27:36 worker  12 get order:  &{3 [] 0 0}  order Type 3
2024/03/05 10:27:36 12  waiting for order
2024/03/05 10:27:38 12 :  call for  15  times
2024/03/05 10:27:38 CallOrder: worker get response &{3 [] 0 0}
2024/03/05 10:27:38 worker  12 get order:  &{3 [] 0 0}  order Type 3
2024/03/05 10:27:38 12  waiting for order
2024/03/05 10:27:40 12 :  call for  16  times
2024/03/05 10:27:40 CallOrder: worker get response &{3 [] 0 0}
2024/03/05 10:27:40 worker  12 get order:  &{3 [] 0 0}  order Type 3
2024/03/05 10:27:40 12  waiting for order
2024/03/05 10:27:42 12 :  call for  17  times
2024/03/05 10:27:42 CallOrder: worker get response &{3 [] 0 0}
2024/03/05 10:27:42 worker  12 get order:  &{3 [] 0 0}  order Type 3
2024/03/05 10:27:42 12  waiting for order
2024/03/05 10:27:44 12 :  call for  18  times
2024/03/05 10:27:44 CallOrder: worker get response &{3 [] 0 0}
2024/03/05 10:27:44 worker  12 get order:  &{3 [] 0 0}  order Type 3
2024/03/05 10:27:44 12  waiting for order
2024/03/05 10:27:46 12 :  call for  19  times
2024/03/05 10:27:46 CallOrder: worker get response &{3 [] 0 0}
2024/03/05 10:27:46 worker  12 get order:  &{3 [] 0 0}  order Type 3
2024/03/05 10:27:46 12  waiting for order
2024/03/05 10:27:48 12 :  call for  20  times
2024/03/05 10:27:48 CallOrder: worker get response &{4 [] 0 0}
2024/03/05 10:27:48 worker  12 get order:  &{4 [] 0 0}  order Type 4
2024/03/05 10:27:49 12  killed
