2024/03/05 08:54:36 36 :  call for  1  times
2024/03/05 08:54:36 CallOrder: worker get response &{0 [../pg-dorian_gray.txt] 1 10}
2024/03/05 08:54:36 worker  36 get order:  &{0 [../pg-dorian_gray.txt] 1 10}  order Type 0
2024/03/05 08:54:36 start 1 map
2024/03/05 08:54:36 Worker finish order 1, order type 0
2024/03/05 08:54:37 36 :  call for  2  times
2024/03/05 08:54:37 CallOrder: worker get response &{0 [../pg-grimm.txt] 3 10}
2024/03/05 08:54:37 worker  36 get order:  &{0 [../pg-grimm.txt] 3 10}  order Type 0
2024/03/05 08:54:37 start 3 map
2024/03/05 08:54:37 Worker finish order 3, order type 0
2024/03/05 08:54:38 36 :  call for  3  times
2024/03/05 08:54:38 CallOrder: worker get response &{0 [../pg-metamorphosis.txt] 5 10}
2024/03/05 08:54:38 worker  36 get order:  &{0 [../pg-metamorphosis.txt] 5 10}  order Type 0
2024/03/05 08:54:38 start 5 map
2024/03/05 08:54:38 Worker finish order 5, order type 0
2024/03/05 08:54:39 36 :  call for  4  times
2024/03/05 08:54:39 CallOrder: worker get response &{0 [../pg-tom_sawyer.txt] 7 10}
2024/03/05 08:54:39 worker  36 get order:  &{0 [../pg-tom_sawyer.txt] 7 10}  order Type 0
2024/03/05 08:54:39 start 7 map
2024/03/05 08:54:39 Worker finish order 7, order type 0
2024/03/05 08:54:40 36 :  call for  5  times
2024/03/05 08:54:40 CallOrder: worker get response &{1 [mr-tmp-0-0 mr-tmp-1-0 mr-tmp-2-0 mr-tmp-3-0 mr-tmp-4-0 mr-tmp-5-0 mr-tmp-6-0 mr-tmp-7-0] 8 0}
2024/03/05 08:54:40 worker  36 get order:  &{1 [mr-tmp-0-0 mr-tmp-1-0 mr-tmp-2-0 mr-tmp-3-0 mr-tmp-4-0 mr-tmp-5-0 mr-tmp-6-0 mr-tmp-7-0] 8 0}  order Type 1
2024/03/05 08:54:41 start 8 map
2024/03/05 08:54:41 Worker finish order 8, order type 1
2024/03/05 08:54:42 36 :  call for  6  times
2024/03/05 08:54:42 CallOrder: worker get response &{1 [mr-tmp-0-2 mr-tmp-1-2 mr-tmp-2-2 mr-tmp-3-2 mr-tmp-4-2 mr-tmp-5-2 mr-tmp-6-2 mr-tmp-7-2] 10 0}
2024/03/05 08:54:42 worker  36 get order:  &{1 [mr-tmp-0-2 mr-tmp-1-2 mr-tmp-2-2 mr-tmp-3-2 mr-tmp-4-2 mr-tmp-5-2 mr-tmp-6-2 mr-tmp-7-2] 10 0}  order Type 1
2024/03/05 08:54:43 start 10 map
2024/03/05 08:54:43 Worker finish order 10, order type 1
2024/03/05 08:54:44 36 :  call for  7  times
2024/03/05 08:54:44 CallOrder: worker get response &{1 [mr-tmp-0-4 mr-tmp-1-4 mr-tmp-2-4 mr-tmp-3-4 mr-tmp-4-4 mr-tmp-5-4 mr-tmp-6-4 mr-tmp-7-4] 12 0}
2024/03/05 08:54:44 worker  36 get order:  &{1 [mr-tmp-0-4 mr-tmp-1-4 mr-tmp-2-4 mr-tmp-3-4 mr-tmp-4-4 mr-tmp-5-4 mr-tmp-6-4 mr-tmp-7-4] 12 0}  order Type 1
2024/03/05 08:54:46 start 12 map
2024/03/05 08:54:46 Worker finish order 12, order type 1
2024/03/05 08:54:47 36 :  call for  8  times
2024/03/05 08:54:47 CallOrder: worker get response &{1 [mr-tmp-0-6 mr-tmp-1-6 mr-tmp-2-6 mr-tmp-3-6 mr-tmp-4-6 mr-tmp-5-6 mr-tmp-6-6 mr-tmp-7-6] 14 0}
2024/03/05 08:54:47 worker  36 get order:  &{1 [mr-tmp-0-6 mr-tmp-1-6 mr-tmp-2-6 mr-tmp-3-6 mr-tmp-4-6 mr-tmp-5-6 mr-tmp-6-6 mr-tmp-7-6] 14 0}  order Type 1
2024/03/05 08:54:48 start 14 map
2024/03/05 08:54:48 Worker finish order 14, order type 1
2024/03/05 08:54:49 36 :  call for  9  times
2024/03/05 08:54:49 CallOrder: worker get response &{1 [mr-tmp-0-8 mr-tmp-1-8 mr-tmp-2-8 mr-tmp-3-8 mr-tmp-4-8 mr-tmp-5-8 mr-tmp-6-8 mr-tmp-7-8] 16 0}
2024/03/05 08:54:49 worker  36 get order:  &{1 [mr-tmp-0-8 mr-tmp-1-8 mr-tmp-2-8 mr-tmp-3-8 mr-tmp-4-8 mr-tmp-5-8 mr-tmp-6-8 mr-tmp-7-8] 16 0}  order Type 1
2024/03/05 08:54:49 start 16 map
2024/03/05 08:54:49 Worker finish order 16, order type 1
2024/03/05 08:54:50 36 :  call for  10  times
2024/03/05 08:54:50 CallOrder: worker get response &{1 [mr-tmp-0-9 mr-tmp-1-9 mr-tmp-2-9 mr-tmp-3-9 mr-tmp-4-9 mr-tmp-5-9 mr-tmp-6-9 mr-tmp-7-9] 17 0}
2024/03/05 08:54:50 worker  36 get order:  &{1 [mr-tmp-0-9 mr-tmp-1-9 mr-tmp-2-9 mr-tmp-3-9 mr-tmp-4-9 mr-tmp-5-9 mr-tmp-6-9 mr-tmp-7-9] 17 0}  order Type 1
2024/03/05 08:54:51 start 17 map
2024/03/05 08:54:51 Worker finish order 17, order type 1
2024/03/05 08:54:52 36 :  call for  11  times
2024/03/05 08:54:52 CallOrder: worker get response &{4 [] 0 0}
2024/03/05 08:54:52 worker  36 get order:  &{4 [] 0 0}  order Type 4
2024/03/05 08:54:53 36  killed
