2024/03/05 13:52:28 28 :  call for  1  times
2024/03/05 13:52:28 CallOrder: worker get response &{0 [../pg-huckleberry_finn.txt] 4 10}
2024/03/05 13:52:28 worker  28 get order:  &{0 [../pg-huckleberry_finn.txt] 4 10}  order Type 0
2024/03/05 13:52:33 start 4 map
2024/03/05 13:52:33 Worker finish order 4, order type 0
2024/03/05 13:52:34 28 :  call for  2  times
2024/03/05 13:52:34 CallOrder: worker get response &{2 [] 0 0}
2024/03/05 13:52:34 worker  28 get order:  &{2 [] 0 0}  order Type 2
2024/03/05 13:52:34 28  waiting for order
2024/03/05 13:52:36 28 :  call for  3  times
2024/03/05 13:52:36 CallOrder: worker get response &{2 [] 0 0}
2024/03/05 13:52:36 worker  28 get order:  &{2 [] 0 0}  order Type 2
2024/03/05 13:52:36 28  waiting for order
2024/03/05 13:52:38 28 :  call for  4  times
2024/03/05 13:52:38 CallOrder: worker get response &{0 [../pg-dorian_gray.txt] 1 10}
2024/03/05 13:52:38 worker  28 get order:  &{0 [../pg-dorian_gray.txt] 1 10}  order Type 0
2024/03/05 13:52:38 start 1 map
2024/03/05 13:52:38 Worker finish order 1, order type 0
2024/03/05 13:52:39 28 :  call for  5  times
2024/03/05 13:52:39 CallOrder: worker get response &{2 [] 0 0}
2024/03/05 13:52:39 worker  28 get order:  &{2 [] 0 0}  order Type 2
2024/03/05 13:52:39 28  waiting for order
2024/03/05 13:52:41 28 :  call for  6  times
2024/03/05 13:52:41 CallOrder: worker get response &{2 [] 0 0}
2024/03/05 13:52:41 worker  28 get order:  &{2 [] 0 0}  order Type 2
2024/03/05 13:52:41 28  waiting for order
2024/03/05 13:52:43 28 :  call for  7  times
2024/03/05 13:52:43 CallOrder: worker get response &{1 [mr-tmp-0-4 mr-tmp-1-4 mr-tmp-2-4 mr-tmp-3-4 mr-tmp-4-4 mr-tmp-5-4 mr-tmp-6-4 mr-tmp-7-4] 12 0}
2024/03/05 13:52:43 worker  28 get order:  &{1 [mr-tmp-0-4 mr-tmp-1-4 mr-tmp-2-4 mr-tmp-3-4 mr-tmp-4-4 mr-tmp-5-4 mr-tmp-6-4 mr-tmp-7-4] 12 0}  order Type 1
2024/03/05 13:52:43 start 12 map
2024/03/05 13:52:43 Worker finish order 12, order type 1
2024/03/05 13:52:44 28 :  call for  8  times
2024/03/05 13:52:44 CallOrder: worker get response &{1 [mr-tmp-0-7 mr-tmp-1-7 mr-tmp-2-7 mr-tmp-3-7 mr-tmp-4-7 mr-tmp-5-7 mr-tmp-6-7 mr-tmp-7-7] 15 0}
2024/03/05 13:52:44 worker  28 get order:  &{1 [mr-tmp-0-7 mr-tmp-1-7 mr-tmp-2-7 mr-tmp-3-7 mr-tmp-4-7 mr-tmp-5-7 mr-tmp-6-7 mr-tmp-7-7] 15 0}  order Type 1
2024/03/05 13:52:44 start 15 map
2024/03/05 13:52:44 Worker finish order 15, order type 1
2024/03/05 13:52:45 28 :  call for  9  times
2024/03/05 13:52:45 CallOrder: worker get response &{1 [mr-tmp-0-9 mr-tmp-1-9 mr-tmp-2-9 mr-tmp-3-9 mr-tmp-4-9 mr-tmp-5-9 mr-tmp-6-9 mr-tmp-7-9] 17 0}
2024/03/05 13:52:45 worker  28 get order:  &{1 [mr-tmp-0-9 mr-tmp-1-9 mr-tmp-2-9 mr-tmp-3-9 mr-tmp-4-9 mr-tmp-5-9 mr-tmp-6-9 mr-tmp-7-9] 17 0}  order Type 1
2024/03/05 13:52:45 start 17 map
2024/03/05 13:52:45 Worker finish order 17, order type 1
2024/03/05 13:52:46 28 :  call for  10  times
2024/03/05 13:52:46 CallOrder: worker get response &{3 [] 0 0}
2024/03/05 13:52:46 worker  28 get order:  &{3 [] 0 0}  order Type 3
2024/03/05 13:52:46 28  waiting for order
2024/03/05 13:52:48 28 :  call for  11  times
2024/03/05 13:52:48 CallOrder: worker get response &{3 [] 0 0}
2024/03/05 13:52:48 worker  28 get order:  &{3 [] 0 0}  order Type 3
2024/03/05 13:52:48 28  waiting for order
2024/03/05 13:52:50 28 :  call for  12  times
2024/03/05 13:52:50 CallOrder: worker get response &{3 [] 0 0}
2024/03/05 13:52:50 worker  28 get order:  &{3 [] 0 0}  order Type 3
2024/03/05 13:52:50 28  waiting for order
2024/03/05 13:52:52 28 :  call for  13  times
2024/03/05 13:52:52 CallOrder: worker get response &{3 [] 0 0}
2024/03/05 13:52:52 worker  28 get order:  &{3 [] 0 0}  order Type 3
2024/03/05 13:52:52 28  waiting for order
2024/03/05 13:52:54 28 :  call for  14  times
2024/03/05 13:52:54 CallOrder: worker get response &{1 [mr-tmp-0-5 mr-tmp-1-5 mr-tmp-2-5 mr-tmp-3-5 mr-tmp-4-5 mr-tmp-5-5 mr-tmp-6-5 mr-tmp-7-5] 13 0}
2024/03/05 13:52:54 worker  28 get order:  &{1 [mr-tmp-0-5 mr-tmp-1-5 mr-tmp-2-5 mr-tmp-3-5 mr-tmp-4-5 mr-tmp-5-5 mr-tmp-6-5 mr-tmp-7-5] 13 0}  order Type 1
2024/03/05 13:52:54 start 13 map
2024/03/05 13:52:54 Worker finish order 13, order type 1
2024/03/05 13:52:55 28 :  call for  15  times
2024/03/05 13:52:55 CallOrder: worker get response &{3 [] 0 0}
2024/03/05 13:52:55 worker  28 get order:  &{3 [] 0 0}  order Type 3
2024/03/05 13:52:55 28  waiting for order
2024/03/05 13:52:57 28 :  call for  16  times
2024/03/05 13:52:57 dialing:dial unix /var/tmp/824-mr-0: connect: connection refused
