2024/03/05 07:59:49 49 :  call for  1  times
2024/03/05 07:59:49 CallOrder: worker get response &{0 [../pg-frankenstein.txt] 2 10}
2024/03/05 07:59:49 worker  49 get order:  &{0 [../pg-frankenstein.txt] 2 10}  order Type 0
2024/03/05 07:59:51 start 2 map
2024/03/05 07:59:51 Worker finish order 2, order type 0
2024/03/05 07:59:52 49 :  call for  2  times
2024/03/05 07:59:52 CallOrder: worker get response &{0 [../pg-huckleberry_finn.txt] 4 10}
2024/03/05 07:59:52 worker  49 get order:  &{0 [../pg-huckleberry_finn.txt] 4 10}  order Type 0
2024/03/05 07:59:54 start 4 map
2024/03/05 07:59:54 Worker finish order 4, order type 0
2024/03/05 07:59:55 49 :  call for  3  times
2024/03/05 07:59:55 CallOrder: worker get response &{2 [] 0 0}
2024/03/05 07:59:55 worker  49 get order:  &{2 [] 0 0}  order Type 2
2024/03/05 07:59:55 49  waiting for order
2024/03/05 07:59:57 49 :  call for  4  times
2024/03/05 07:59:57 CallOrder: worker get response &{1 [mr-tmp-0-1 mr-tmp-1-1 mr-tmp-2-1 mr-tmp-3-1 mr-tmp-4-1 mr-tmp-5-1 mr-tmp-6-1 mr-tmp-7-1] 9 0}
2024/03/05 07:59:57 worker  49 get order:  &{1 [mr-tmp-0-1 mr-tmp-1-1 mr-tmp-2-1 mr-tmp-3-1 mr-tmp-4-1 mr-tmp-5-1 mr-tmp-6-1 mr-tmp-7-1] 9 0}  order Type 1
2024/03/05 07:59:58 start 9 map
2024/03/05 07:59:58 Worker finish order 9, order type 1
2024/03/05 07:59:59 49 :  call for  5  times
2024/03/05 07:59:59 CallOrder: worker get response &{1 [mr-tmp-0-4 mr-tmp-1-4 mr-tmp-2-4 mr-tmp-3-4 mr-tmp-4-4 mr-tmp-5-4 mr-tmp-6-4 mr-tmp-7-4] 12 0}
2024/03/05 07:59:59 worker  49 get order:  &{1 [mr-tmp-0-4 mr-tmp-1-4 mr-tmp-2-4 mr-tmp-3-4 mr-tmp-4-4 mr-tmp-5-4 mr-tmp-6-4 mr-tmp-7-4] 12 0}  order Type 1
2024/03/05 08:00:00 start 12 map
2024/03/05 08:00:00 Worker finish order 12, order type 1
2024/03/05 08:00:01 49 :  call for  6  times
2024/03/05 08:00:01 CallOrder: worker get response &{1 [mr-tmp-0-6 mr-tmp-1-6 mr-tmp-2-6 mr-tmp-3-6 mr-tmp-4-6 mr-tmp-5-6 mr-tmp-6-6 mr-tmp-7-6] 14 0}
2024/03/05 08:00:01 worker  49 get order:  &{1 [mr-tmp-0-6 mr-tmp-1-6 mr-tmp-2-6 mr-tmp-3-6 mr-tmp-4-6 mr-tmp-5-6 mr-tmp-6-6 mr-tmp-7-6] 14 0}  order Type 1
2024/03/05 08:00:03 start 14 map
2024/03/05 08:00:03 Worker finish order 14, order type 1
2024/03/05 08:00:04 49 :  call for  7  times
2024/03/05 08:00:04 CallOrder: worker get response &{3 [] 0 0}
2024/03/05 08:00:04 worker  49 get order:  &{3 [] 0 0}  order Type 3
2024/03/05 08:00:04 49  waiting for order
2024/03/05 08:00:06 49 :  call for  8  times
2024/03/05 08:00:06 dialing:dial unix /var/tmp/824-mr-0: connect: connection refused
