2024/03/04 23:27:57 57 :  call for  1  times
2024/03/04 23:27:57 CallOrder: worker get response &{0 [../pg-dorian_gray.txt] 1 10}
2024/03/04 23:27:57 worker  57 get order:  &{0 [../pg-dorian_gray.txt] 1 10}  order Type 0
2024/03/04 23:28:01 start 1 map
2024/03/04 23:28:01 Worker finish order 1, order type 0
2024/03/04 23:28:02 57 :  call for  2  times
2024/03/04 23:28:02 CallOrder: worker get response &{2 [] 0 0}
2024/03/04 23:28:02 worker  57 get order:  &{2 [] 0 0}  order Type 2
2024/03/04 23:28:02 57  waiting for order
2024/03/04 23:28:04 57 :  call for  3  times
2024/03/04 23:28:04 CallOrder: worker get response &{2 [] 0 0}
2024/03/04 23:28:04 worker  57 get order:  &{2 [] 0 0}  order Type 2
2024/03/04 23:28:04 57  waiting for order
2024/03/04 23:28:06 57 :  call for  4  times
2024/03/04 23:28:06 CallOrder: worker get response &{2 [] 0 0}
2024/03/04 23:28:06 worker  57 get order:  &{2 [] 0 0}  order Type 2
2024/03/04 23:28:06 57  waiting for order
2024/03/04 23:28:08 57 :  call for  5  times
2024/03/04 23:28:08 CallOrder: worker get response &{2 [] 0 0}
2024/03/04 23:28:08 worker  57 get order:  &{2 [] 0 0}  order Type 2
2024/03/04 23:28:08 57  waiting for order
2024/03/04 23:28:10 57 :  call for  6  times
2024/03/04 23:28:10 CallOrder: worker get response &{1 [mr-tmp-0-2 mr-tmp-1-2 mr-tmp-2-2 mr-tmp-3-2 mr-tmp-4-2 mr-tmp-5-2 mr-tmp-6-2 mr-tmp-7-2] 10 0}
2024/03/04 23:28:10 worker  57 get order:  &{1 [mr-tmp-0-2 mr-tmp-1-2 mr-tmp-2-2 mr-tmp-3-2 mr-tmp-4-2 mr-tmp-5-2 mr-tmp-6-2 mr-tmp-7-2] 10 0}  order Type 1
