2024/03/04 23:22:33 33 :  call for  1  times
2024/03/04 23:22:33 CallOrder: worker get response &{1 [mr-tmp-0-3 mr-tmp-1-3 mr-tmp-2-3 mr-tmp-3-3 mr-tmp-4-3 mr-tmp-5-3 mr-tmp-6-3 mr-tmp-7-3] 11 0}
2024/03/04 23:22:33 worker  33 get order:  &{1 [mr-tmp-0-3 mr-tmp-1-3 mr-tmp-2-3 mr-tmp-3-3 mr-tmp-4-3 mr-tmp-5-3 mr-tmp-6-3 mr-tmp-7-3] 11 0}  order Type 1
2024/03/04 23:22:33 start 11 map
2024/03/04 23:22:33 Worker finish order 11, order type 1
2024/03/04 23:22:34 33 :  call for  2  times
2024/03/04 23:22:34 CallOrder: worker get response &{1 [mr-tmp-0-5 mr-tmp-1-5 mr-tmp-2-5 mr-tmp-3-5 mr-tmp-4-5 mr-tmp-5-5 mr-tmp-6-5 mr-tmp-7-5] 13 0}
2024/03/04 23:22:34 worker  33 get order:  &{1 [mr-tmp-0-5 mr-tmp-1-5 mr-tmp-2-5 mr-tmp-3-5 mr-tmp-4-5 mr-tmp-5-5 mr-tmp-6-5 mr-tmp-7-5] 13 0}  order Type 1
2024/03/04 23:22:34 start 13 map
2024/03/04 23:22:34 Worker finish order 13, order type 1
2024/03/04 23:22:35 33 :  call for  3  times
2024/03/04 23:22:35 CallOrder: worker get response &{1 [mr-tmp-0-7 mr-tmp-1-7 mr-tmp-2-7 mr-tmp-3-7 mr-tmp-4-7 mr-tmp-5-7 mr-tmp-6-7 mr-tmp-7-7] 15 0}
2024/03/04 23:22:35 worker  33 get order:  &{1 [mr-tmp-0-7 mr-tmp-1-7 mr-tmp-2-7 mr-tmp-3-7 mr-tmp-4-7 mr-tmp-5-7 mr-tmp-6-7 mr-tmp-7-7] 15 0}  order Type 1
2024/03/04 23:22:35 start 15 map
2024/03/04 23:22:35 Worker finish order 15, order type 1
2024/03/04 23:22:36 33 :  call for  4  times
2024/03/04 23:22:36 CallOrder: worker get response &{1 [mr-tmp-0-9 mr-tmp-1-9 mr-tmp-2-9 mr-tmp-3-9 mr-tmp-4-9 mr-tmp-5-9 mr-tmp-6-9 mr-tmp-7-9] 17 0}
2024/03/04 23:22:36 worker  33 get order:  &{1 [mr-tmp-0-9 mr-tmp-1-9 mr-tmp-2-9 mr-tmp-3-9 mr-tmp-4-9 mr-tmp-5-9 mr-tmp-6-9 mr-tmp-7-9] 17 0}  order Type 1
2024/03/04 23:22:36 start 17 map
2024/03/04 23:22:36 Worker finish order 17, order type 1
2024/03/04 23:22:37 33 :  call for  5  times
2024/03/04 23:22:37 CallOrder: worker get response &{3 [] 0 0}
2024/03/04 23:22:37 worker  33 get order:  &{3 [] 0 0}  order Type 3
2024/03/04 23:22:37 33  waiting for order
2024/03/04 23:22:39 33 :  call for  6  times
2024/03/04 23:22:39 CallOrder: worker get response &{3 [] 0 0}
2024/03/04 23:22:39 worker  33 get order:  &{3 [] 0 0}  order Type 3
2024/03/04 23:22:39 33  waiting for order
2024/03/04 23:22:41 33 :  call for  7  times
2024/03/04 23:22:41 CallOrder: worker get response &{3 [] 0 0}
2024/03/04 23:22:41 worker  33 get order:  &{3 [] 0 0}  order Type 3
2024/03/04 23:22:41 33  waiting for order
2024/03/04 23:22:43 33 :  call for  8  times
2024/03/04 23:22:43 CallOrder: worker get response &{3 [] 0 0}
2024/03/04 23:22:43 worker  33 get order:  &{3 [] 0 0}  order Type 3
2024/03/04 23:22:43 33  waiting for order
2024/03/04 23:22:45 33 :  call for  9  times
2024/03/04 23:22:45 CallOrder: worker get response &{3 [] 0 0}
2024/03/04 23:22:45 worker  33 get order:  &{3 [] 0 0}  order Type 3
2024/03/04 23:22:45 33  waiting for order
2024/03/04 23:22:47 33 :  call for  10  times
2024/03/04 23:22:47 CallOrder: worker get response &{3 [] 0 0}
2024/03/04 23:22:47 worker  33 get order:  &{3 [] 0 0}  order Type 3
2024/03/04 23:22:47 33  waiting for order
2024/03/04 23:22:49 33 :  call for  11  times
2024/03/04 23:22:49 CallOrder: worker get response &{3 [] 0 0}
2024/03/04 23:22:49 worker  33 get order:  &{3 [] 0 0}  order Type 3
2024/03/04 23:22:49 33  waiting for order
2024/03/04 23:22:51 33 :  call for  12  times
2024/03/04 23:22:51 CallOrder: worker get response &{3 [] 0 0}
2024/03/04 23:22:51 worker  33 get order:  &{3 [] 0 0}  order Type 3
2024/03/04 23:22:51 33  waiting for order
2024/03/04 23:22:53 33 :  call for  13  times
2024/03/04 23:22:53 dialing:dial unix /var/tmp/824-mr-0: connect: connection refused
