2024/03/05 04:59:59 59 :  call for  1  times
2024/03/05 04:59:59 CallOrder: worker get response &{0 [../pg-being_ernest.txt] 0 10}
2024/03/05 04:59:59 worker  59 get order:  &{0 [../pg-being_ernest.txt] 0 10}  order Type 0
2024/03/05 05:00:00 start 0 map
2024/03/05 05:00:00 Worker finish order 0, order type 0
2024/03/05 05:00:01 59 :  call for  2  times
2024/03/05 05:00:01 CallOrder: worker get response &{0 [../pg-grimm.txt] 3 10}
2024/03/05 05:00:01 worker  59 get order:  &{0 [../pg-grimm.txt] 3 10}  order Type 0
2024/03/05 05:00:03 start 3 map
2024/03/05 05:00:03 Worker finish order 3, order type 0
2024/03/05 05:00:04 59 :  call for  3  times
2024/03/05 05:00:04 CallOrder: worker get response &{0 [../pg-tom_sawyer.txt] 7 10}
2024/03/05 05:00:04 worker  59 get order:  &{0 [../pg-tom_sawyer.txt] 7 10}  order Type 0
2024/03/05 05:00:05 start 7 map
2024/03/05 05:00:05 Worker finish order 7, order type 0
2024/03/05 05:00:06 59 :  call for  4  times
2024/03/05 05:00:06 CallOrder: worker get response &{2 [] 0 0}
2024/03/05 05:00:06 worker  59 get order:  &{2 [] 0 0}  order Type 2
2024/03/05 05:00:06 59  waiting for order
2024/03/05 05:00:08 59 :  call for  5  times
2024/03/05 05:00:08 CallOrder: worker get response &{1 [mr-tmp-0-2 mr-tmp-1-2 mr-tmp-2-2 mr-tmp-3-2 mr-tmp-4-2 mr-tmp-5-2 mr-tmp-6-2 mr-tmp-7-2] 10 0}
2024/03/05 05:00:08 worker  59 get order:  &{1 [mr-tmp-0-2 mr-tmp-1-2 mr-tmp-2-2 mr-tmp-3-2 mr-tmp-4-2 mr-tmp-5-2 mr-tmp-6-2 mr-tmp-7-2] 10 0}  order Type 1
2024/03/05 05:00:10 start 10 map
2024/03/05 05:00:10 Worker finish order 10, order type 1
2024/03/05 05:00:11 59 :  call for  6  times
2024/03/05 05:00:11 CallOrder: worker get response &{1 [mr-tmp-0-6 mr-tmp-1-6 mr-tmp-2-6 mr-tmp-3-6 mr-tmp-4-6 mr-tmp-5-6 mr-tmp-6-6 mr-tmp-7-6] 14 0}
2024/03/05 05:00:11 worker  59 get order:  &{1 [mr-tmp-0-6 mr-tmp-1-6 mr-tmp-2-6 mr-tmp-3-6 mr-tmp-4-6 mr-tmp-5-6 mr-tmp-6-6 mr-tmp-7-6] 14 0}  order Type 1
2024/03/05 05:00:12 start 14 map
2024/03/05 05:00:12 Worker finish order 14, order type 1
2024/03/05 05:00:13 59 :  call for  7  times
2024/03/05 05:00:13 CallOrder: worker get response &{1 [mr-tmp-0-9 mr-tmp-1-9 mr-tmp-2-9 mr-tmp-3-9 mr-tmp-4-9 mr-tmp-5-9 mr-tmp-6-9 mr-tmp-7-9] 17 0}
2024/03/05 05:00:13 worker  59 get order:  &{1 [mr-tmp-0-9 mr-tmp-1-9 mr-tmp-2-9 mr-tmp-3-9 mr-tmp-4-9 mr-tmp-5-9 mr-tmp-6-9 mr-tmp-7-9] 17 0}  order Type 1
2024/03/05 05:00:14 start 17 map
2024/03/05 05:00:14 Worker finish order 17, order type 1
2024/03/05 05:00:15 59 :  call for  8  times
2024/03/05 05:00:15 CallOrder: worker get response &{4 [] 0 0}
2024/03/05 05:00:15 worker  59 get order:  &{4 [] 0 0}  order Type 4
2024/03/05 05:00:16 59  killed
