2024/03/04 23:43:50 50 :  call for  1  times
2024/03/04 23:43:50 CallOrder: worker get response &{0 [../pg-sherlock_holmes.txt] 6 10}
2024/03/04 23:43:50 worker  50 get order:  &{0 [../pg-sherlock_holmes.txt] 6 10}  order Type 0
2024/03/04 23:43:50 start 6 map
2024/03/04 23:43:50 Worker finish order 6, order type 0
2024/03/04 23:43:51 50 :  call for  2  times
2024/03/04 23:43:51 CallOrder: worker get response &{2 [] 0 0}
2024/03/04 23:43:51 worker  50 get order:  &{2 [] 0 0}  order Type 2
2024/03/04 23:43:51 50  waiting for order
2024/03/04 23:43:53 50 :  call for  3  times
2024/03/04 23:43:53 CallOrder: worker get response &{2 [] 0 0}
2024/03/04 23:43:53 worker  50 get order:  &{2 [] 0 0}  order Type 2
2024/03/04 23:43:53 50  waiting for order
2024/03/04 23:43:55 50 :  call for  4  times
2024/03/04 23:43:55 CallOrder: worker get response &{2 [] 0 0}
2024/03/04 23:43:55 worker  50 get order:  &{2 [] 0 0}  order Type 2
2024/03/04 23:43:55 50  waiting for order
2024/03/04 23:43:57 50 :  call for  5  times
2024/03/04 23:43:57 CallOrder: worker get response &{2 [] 0 0}
2024/03/04 23:43:57 worker  50 get order:  &{2 [] 0 0}  order Type 2
2024/03/04 23:43:57 50  waiting for order
2024/03/04 23:43:59 50 :  call for  6  times
2024/03/04 23:43:59 CallOrder: worker get response &{2 [] 0 0}
2024/03/04 23:43:59 worker  50 get order:  &{2 [] 0 0}  order Type 2
2024/03/04 23:43:59 50  waiting for order
2024/03/04 23:44:01 50 :  call for  7  times
2024/03/04 23:44:01 CallOrder: worker get response &{0 [../pg-huckleberry_finn.txt] 4 10}
2024/03/04 23:44:01 worker  50 get order:  &{0 [../pg-huckleberry_finn.txt] 4 10}  order Type 0
