2024/03/04 23:28:11 11 :  call for  1  times
2024/03/04 23:28:11 CallOrder: worker get response &{1 [mr-tmp-0-6 mr-tmp-1-6 mr-tmp-2-6 mr-tmp-3-6 mr-tmp-4-6 mr-tmp-5-6 mr-tmp-6-6 mr-tmp-7-6] 14 0}
2024/03/04 23:28:11 worker  11 get order:  &{1 [mr-tmp-0-6 mr-tmp-1-6 mr-tmp-2-6 mr-tmp-3-6 mr-tmp-4-6 mr-tmp-5-6 mr-tmp-6-6 mr-tmp-7-6] 14 0}  order Type 1
2024/03/04 23:28:11 start 14 map
2024/03/04 23:28:11 Worker finish order 14, order type 1
2024/03/04 23:28:12 11 :  call for  2  times
2024/03/04 23:28:12 CallOrder: worker get response &{3 [] 0 0}
2024/03/04 23:28:12 worker  11 get order:  &{3 [] 0 0}  order Type 3
2024/03/04 23:28:12 11  waiting for order
2024/03/04 23:28:14 11 :  call for  3  times
2024/03/04 23:28:14 CallOrder: worker get response &{3 [] 0 0}
2024/03/04 23:28:14 worker  11 get order:  &{3 [] 0 0}  order Type 3
2024/03/04 23:28:14 11  waiting for order
2024/03/04 23:28:16 11 :  call for  4  times
2024/03/04 23:28:16 CallOrder: worker get response &{3 [] 0 0}
2024/03/04 23:28:16 worker  11 get order:  &{3 [] 0 0}  order Type 3
2024/03/04 23:28:16 11  waiting for order
2024/03/04 23:28:18 11 :  call for  5  times
2024/03/04 23:28:18 CallOrder: worker get response &{3 [] 0 0}
2024/03/04 23:28:18 worker  11 get order:  &{3 [] 0 0}  order Type 3
2024/03/04 23:28:18 11  waiting for order
2024/03/04 23:28:20 11 :  call for  6  times
2024/03/04 23:28:20 CallOrder: worker get response &{1 [mr-tmp-0-2 mr-tmp-1-2 mr-tmp-2-2 mr-tmp-3-2 mr-tmp-4-2 mr-tmp-5-2 mr-tmp-6-2 mr-tmp-7-2] 10 0}
2024/03/04 23:28:20 worker  11 get order:  &{1 [mr-tmp-0-2 mr-tmp-1-2 mr-tmp-2-2 mr-tmp-3-2 mr-tmp-4-2 mr-tmp-5-2 mr-tmp-6-2 mr-tmp-7-2] 10 0}  order Type 1
2024/03/04 23:28:27 start 10 map
2024/03/04 23:28:27 Worker finish order 10, order type 1
2024/03/04 23:28:28 11 :  call for  7  times
2024/03/04 23:28:28 CallOrder: worker get response &{3 [] 0 0}
2024/03/04 23:28:28 worker  11 get order:  &{3 [] 0 0}  order Type 3
2024/03/04 23:28:28 11  waiting for order
2024/03/04 23:28:30 11 :  call for  8  times
2024/03/04 23:28:30 dialing:dial unix /var/tmp/824-mr-0: connect: connection refused
