2024/03/05 05:34:43 43 :  call for  1  times
2024/03/05 05:34:43 CallOrder: worker get response &{0 [../pg-frankenstein.txt] 2 10}
2024/03/05 05:34:43 worker  43 get order:  &{0 [../pg-frankenstein.txt] 2 10}  order Type 0
2024/03/05 05:34:43 start 2 map
2024/03/05 05:34:43 Worker finish order 2, order type 0
2024/03/05 05:34:44 43 :  call for  2  times
2024/03/05 05:34:44 CallOrder: worker get response &{0 [../pg-metamorphosis.txt] 5 10}
2024/03/05 05:34:44 worker  43 get order:  &{0 [../pg-metamorphosis.txt] 5 10}  order Type 0
2024/03/05 05:34:44 start 5 map
2024/03/05 05:34:44 Worker finish order 5, order type 0
2024/03/05 05:34:45 43 :  call for  3  times
2024/03/05 05:34:45 CallOrder: worker get response &{0 [../pg-tom_sawyer.txt] 7 10}
2024/03/05 05:34:45 worker  43 get order:  &{0 [../pg-tom_sawyer.txt] 7 10}  order Type 0
2024/03/05 05:34:50 start 7 map
2024/03/05 05:34:50 Worker finish order 7, order type 0
2024/03/05 05:34:51 43 :  call for  4  times
2024/03/05 05:34:51 CallOrder: worker get response &{2 [] 0 0}
2024/03/05 05:34:51 worker  43 get order:  &{2 [] 0 0}  order Type 2
2024/03/05 05:34:51 43  waiting for order
2024/03/05 05:34:53 43 :  call for  5  times
2024/03/05 05:34:53 CallOrder: worker get response &{2 [] 0 0}
2024/03/05 05:34:53 worker  43 get order:  &{2 [] 0 0}  order Type 2
2024/03/05 05:34:53 43  waiting for order
2024/03/05 05:34:55 43 :  call for  6  times
2024/03/05 05:34:55 CallOrder: worker get response &{0 [../pg-sherlock_holmes.txt] 6 10}
2024/03/05 05:34:55 worker  43 get order:  &{0 [../pg-sherlock_holmes.txt] 6 10}  order Type 0
2024/03/05 05:34:56 start 6 map
2024/03/05 05:34:56 Worker finish order 6, order type 0
2024/03/05 05:34:57 43 :  call for  7  times
2024/03/05 05:34:57 CallOrder: worker get response &{2 [] 0 0}
2024/03/05 05:34:57 worker  43 get order:  &{2 [] 0 0}  order Type 2
2024/03/05 05:34:57 43  waiting for order
2024/03/05 05:34:59 43 :  call for  8  times
2024/03/05 05:34:59 CallOrder: worker get response &{1 [mr-tmp-0-4 mr-tmp-1-4 mr-tmp-2-4 mr-tmp-3-4 mr-tmp-4-4 mr-tmp-5-4 mr-tmp-6-4 mr-tmp-7-4] 12 0}
2024/03/05 05:34:59 worker  43 get order:  &{1 [mr-tmp-0-4 mr-tmp-1-4 mr-tmp-2-4 mr-tmp-3-4 mr-tmp-4-4 mr-tmp-5-4 mr-tmp-6-4 mr-tmp-7-4] 12 0}  order Type 1
2024/03/05 05:34:59 start 12 map
2024/03/05 05:34:59 Worker finish order 12, order type 1
2024/03/05 05:35:00 43 :  call for  9  times
2024/03/05 05:35:00 CallOrder: worker get response &{1 [mr-tmp-0-7 mr-tmp-1-7 mr-tmp-2-7 mr-tmp-3-7 mr-tmp-4-7 mr-tmp-5-7 mr-tmp-6-7 mr-tmp-7-7] 15 0}
2024/03/05 05:35:00 worker  43 get order:  &{1 [mr-tmp-0-7 mr-tmp-1-7 mr-tmp-2-7 mr-tmp-3-7 mr-tmp-4-7 mr-tmp-5-7 mr-tmp-6-7 mr-tmp-7-7] 15 0}  order Type 1
2024/03/05 05:35:00 start 15 map
2024/03/05 05:35:00 Worker finish order 15, order type 1
2024/03/05 05:35:01 43 :  call for  10  times
2024/03/05 05:35:01 CallOrder: worker get response &{3 [] 0 0}
2024/03/05 05:35:01 worker  43 get order:  &{3 [] 0 0}  order Type 3
2024/03/05 05:35:01 43  waiting for order
2024/03/05 05:35:03 43 :  call for  11  times
2024/03/05 05:35:03 CallOrder: worker get response &{3 [] 0 0}
2024/03/05 05:35:03 worker  43 get order:  &{3 [] 0 0}  order Type 3
2024/03/05 05:35:03 43  waiting for order
2024/03/05 05:35:05 43 :  call for  12  times
2024/03/05 05:35:05 CallOrder: worker get response &{3 [] 0 0}
2024/03/05 05:35:05 worker  43 get order:  &{3 [] 0 0}  order Type 3
2024/03/05 05:35:05 43  waiting for order
2024/03/05 05:35:07 43 :  call for  13  times
2024/03/05 05:35:07 CallOrder: worker get response &{3 [] 0 0}
2024/03/05 05:35:07 worker  43 get order:  &{3 [] 0 0}  order Type 3
2024/03/05 05:35:07 43  waiting for order
2024/03/05 05:35:09 43 :  call for  14  times
2024/03/05 05:35:09 CallOrder: worker get response &{1 [mr-tmp-0-0 mr-tmp-1-0 mr-tmp-2-0 mr-tmp-3-0 mr-tmp-4-0 mr-tmp-5-0 mr-tmp-6-0 mr-tmp-7-0] 8 0}
2024/03/05 05:35:09 worker  43 get order:  &{1 [mr-tmp-0-0 mr-tmp-1-0 mr-tmp-2-0 mr-tmp-3-0 mr-tmp-4-0 mr-tmp-5-0 mr-tmp-6-0 mr-tmp-7-0] 8 0}  order Type 1
2024/03/05 05:35:18 start 8 map
2024/03/05 05:35:18 Worker finish order 8, order type 1
2024/03/05 05:35:19 43 :  call for  15  times
2024/03/05 05:35:19 CallOrder: worker get response &{3 [] 0 0}
2024/03/05 05:35:19 worker  43 get order:  &{3 [] 0 0}  order Type 3
2024/03/05 05:35:19 43  waiting for order
2024/03/05 05:35:21 43 :  call for  16  times
2024/03/05 05:35:21 CallOrder: worker get response &{1 [mr-tmp-0-2 mr-tmp-1-2 mr-tmp-2-2 mr-tmp-3-2 mr-tmp-4-2 mr-tmp-5-2 mr-tmp-6-2 mr-tmp-7-2] 10 0}
2024/03/05 05:35:21 worker  43 get order:  &{1 [mr-tmp-0-2 mr-tmp-1-2 mr-tmp-2-2 mr-tmp-3-2 mr-tmp-4-2 mr-tmp-5-2 mr-tmp-6-2 mr-tmp-7-2] 10 0}  order Type 1
2024/03/05 05:35:21 start 10 map
2024/03/05 05:35:21 Worker finish order 10, order type 1
2024/03/05 05:35:22 43 :  call for  17  times
2024/03/05 05:35:22 CallOrder: worker get response &{3 [] 0 0}
2024/03/05 05:35:22 worker  43 get order:  &{3 [] 0 0}  order Type 3
2024/03/05 05:35:22 43  waiting for order
2024/03/05 05:35:24 43 :  call for  18  times
2024/03/05 05:35:24 CallOrder: worker get response &{3 [] 0 0}
2024/03/05 05:35:24 worker  43 get order:  &{3 [] 0 0}  order Type 3
2024/03/05 05:35:24 43  waiting for order
2024/03/05 05:35:26 43 :  call for  19  times
2024/03/05 05:35:26 CallOrder: worker get response &{3 [] 0 0}
2024/03/05 05:35:26 worker  43 get order:  &{3 [] 0 0}  order Type 3
2024/03/05 05:35:26 43  waiting for order
2024/03/05 05:35:28 43 :  call for  20  times
2024/03/05 05:35:28 CallOrder: worker get response &{3 [] 0 0}
2024/03/05 05:35:28 worker  43 get order:  &{3 [] 0 0}  order Type 3
2024/03/05 05:35:28 43  waiting for order
2024/03/05 05:35:30 43 :  call for  21  times
2024/03/05 05:35:30 dialing:dial unix /var/tmp/824-mr-0: connect: connection refused
