2024/03/04 23:53:06 6 :  call for  1  times
2024/03/04 23:53:06 CallOrder: worker get response &{3 [] 0 0}
2024/03/04 23:53:06 worker  6 get order:  &{3 [] 0 0}  order Type 3
2024/03/04 23:53:06 6  waiting for order
2024/03/04 23:53:08 6 :  call for  2  times
2024/03/04 23:53:08 CallOrder: worker get response &{3 [] 0 0}
2024/03/04 23:53:08 worker  6 get order:  &{3 [] 0 0}  order Type 3
2024/03/04 23:53:08 6  waiting for order
2024/03/04 23:53:10 6 :  call for  3  times
2024/03/04 23:53:10 CallOrder: worker get response &{3 [] 0 0}
2024/03/04 23:53:10 worker  6 get order:  &{3 [] 0 0}  order Type 3
2024/03/04 23:53:10 6  waiting for order
2024/03/04 23:53:12 6 :  call for  4  times
2024/03/04 23:53:12 CallOrder: worker get response &{3 [] 0 0}
2024/03/04 23:53:12 worker  6 get order:  &{3 [] 0 0}  order Type 3
2024/03/04 23:53:12 6  waiting for order
2024/03/04 23:53:14 6 :  call for  5  times
2024/03/04 23:53:14 CallOrder: worker get response &{3 [] 0 0}
2024/03/04 23:53:14 worker  6 get order:  &{3 [] 0 0}  order Type 3
2024/03/04 23:53:14 6  waiting for order
2024/03/04 23:53:16 6 :  call for  6  times
2024/03/04 23:53:16 CallOrder: worker get response &{3 [] 0 0}
2024/03/04 23:53:16 worker  6 get order:  &{3 [] 0 0}  order Type 3
2024/03/04 23:53:16 6  waiting for order
2024/03/04 23:53:18 6 :  call for  7  times
2024/03/04 23:53:18 CallOrder: worker get response &{3 [] 0 0}
2024/03/04 23:53:18 worker  6 get order:  &{3 [] 0 0}  order Type 3
2024/03/04 23:53:18 6  waiting for order
2024/03/04 23:53:20 6 :  call for  8  times
2024/03/04 23:53:20 CallOrder: worker get response &{3 [] 0 0}
2024/03/04 23:53:20 worker  6 get order:  &{3 [] 0 0}  order Type 3
2024/03/04 23:53:20 6  waiting for order
2024/03/04 23:53:22 6 :  call for  9  times
2024/03/04 23:53:22 CallOrder: worker get response &{3 [] 0 0}
2024/03/04 23:53:22 worker  6 get order:  &{3 [] 0 0}  order Type 3
2024/03/04 23:53:22 6  waiting for order
2024/03/04 23:53:24 6 :  call for  10  times
2024/03/04 23:53:24 CallOrder: worker get response &{3 [] 0 0}
2024/03/04 23:53:24 worker  6 get order:  &{3 [] 0 0}  order Type 3
2024/03/04 23:53:24 6  waiting for order
2024/03/04 23:53:26 6 :  call for  11  times
2024/03/04 23:53:26 CallOrder: worker get response &{3 [] 0 0}
2024/03/04 23:53:26 worker  6 get order:  &{3 [] 0 0}  order Type 3
2024/03/04 23:53:26 6  waiting for order
2024/03/04 23:53:28 6 :  call for  12  times
2024/03/04 23:53:28 CallOrder: worker get response &{3 [] 0 0}
2024/03/04 23:53:28 worker  6 get order:  &{3 [] 0 0}  order Type 3
2024/03/04 23:53:28 6  waiting for order
2024/03/04 23:53:30 6 :  call for  13  times
2024/03/04 23:53:30 CallOrder: worker get response &{3 [] 0 0}
2024/03/04 23:53:30 worker  6 get order:  &{3 [] 0 0}  order Type 3
2024/03/04 23:53:30 6  waiting for order
2024/03/04 23:53:32 6 :  call for  14  times
2024/03/04 23:53:32 CallOrder: worker get response &{3 [] 0 0}
2024/03/04 23:53:32 worker  6 get order:  &{3 [] 0 0}  order Type 3
2024/03/04 23:53:32 6  waiting for order
2024/03/04 23:53:34 6 :  call for  15  times
2024/03/04 23:53:34 CallOrder: worker get response &{3 [] 0 0}
2024/03/04 23:53:34 worker  6 get order:  &{3 [] 0 0}  order Type 3
2024/03/04 23:53:34 6  waiting for order
2024/03/04 23:53:36 6 :  call for  16  times
2024/03/04 23:53:36 CallOrder: worker get response &{4 [] 0 0}
2024/03/04 23:53:36 worker  6 get order:  &{4 [] 0 0}  order Type 4
2024/03/04 23:53:37 6  killed
