2024/03/05 10:24:38 38 :  call for  1  times
2024/03/05 10:24:38 CallOrder: worker get response &{0 [../pg-dorian_gray.txt] 1 10}
2024/03/05 10:24:38 worker  38 get order:  &{0 [../pg-dorian_gray.txt] 1 10}  order Type 0
2024/03/05 10:24:41 start 1 map
2024/03/05 10:24:41 Worker finish order 1, order type 0
2024/03/05 10:24:42 38 :  call for  2  times
2024/03/05 10:24:42 CallOrder: worker get response &{0 [../pg-metamorphosis.txt] 5 10}
2024/03/05 10:24:42 worker  38 get order:  &{0 [../pg-metamorphosis.txt] 5 10}  order Type 0
2024/03/05 10:24:43 start 5 map
2024/03/05 10:24:43 Worker finish order 5, order type 0
2024/03/05 10:24:44 38 :  call for  3  times
2024/03/05 10:24:44 CallOrder: worker get response &{0 [../pg-tom_sawyer.txt] 7 10}
2024/03/05 10:24:44 worker  38 get order:  &{0 [../pg-tom_sawyer.txt] 7 10}  order Type 0
2024/03/05 10:24:47 start 7 map
2024/03/05 10:24:47 Worker finish order 7, order type 0
2024/03/05 10:24:48 38 :  call for  4  times
2024/03/05 10:24:48 CallOrder: worker get response &{2 [] 0 0}
2024/03/05 10:24:48 worker  38 get order:  &{2 [] 0 0}  order Type 2
2024/03/05 10:24:48 38  waiting for order
2024/03/05 10:24:50 38 :  call for  5  times
2024/03/05 10:24:50 CallOrder: worker get response &{1 [mr-tmp-0-2 mr-tmp-1-2 mr-tmp-2-2 mr-tmp-3-2 mr-tmp-4-2 mr-tmp-5-2 mr-tmp-6-2 mr-tmp-7-2] 10 0}
2024/03/05 10:24:50 worker  38 get order:  &{1 [mr-tmp-0-2 mr-tmp-1-2 mr-tmp-2-2 mr-tmp-3-2 mr-tmp-4-2 mr-tmp-5-2 mr-tmp-6-2 mr-tmp-7-2] 10 0}  order Type 1
2024/03/05 10:24:51 start 10 map
2024/03/05 10:24:51 Worker finish order 10, order type 1
2024/03/05 10:24:52 38 :  call for  6  times
2024/03/05 10:24:52 CallOrder: worker get response &{1 [mr-tmp-0-6 mr-tmp-1-6 mr-tmp-2-6 mr-tmp-3-6 mr-tmp-4-6 mr-tmp-5-6 mr-tmp-6-6 mr-tmp-7-6] 14 0}
2024/03/05 10:24:52 worker  38 get order:  &{1 [mr-tmp-0-6 mr-tmp-1-6 mr-tmp-2-6 mr-tmp-3-6 mr-tmp-4-6 mr-tmp-5-6 mr-tmp-6-6 mr-tmp-7-6] 14 0}  order Type 1
2024/03/05 10:24:54 start 14 map
2024/03/05 10:24:54 Worker finish order 14, order type 1
2024/03/05 10:24:55 38 :  call for  7  times
2024/03/05 10:24:55 CallOrder: worker get response &{3 [] 0 0}
2024/03/05 10:24:55 worker  38 get order:  &{3 [] 0 0}  order Type 3
2024/03/05 10:24:55 38  waiting for order
2024/03/05 10:24:57 38 :  call for  8  times
2024/03/05 10:24:57 dialing:dial unix /var/tmp/824-mr-0: connect: connection refused
