2024/03/05 03:27:00 0 :  call for  1  times
2024/03/05 03:27:00 CallOrder: worker get response &{0 [../pg-frankenstein.txt] 2 10}
2024/03/05 03:27:00 worker  0 get order:  &{0 [../pg-frankenstein.txt] 2 10}  order Type 0
2024/03/05 03:27:01 start 2 map
2024/03/05 03:27:01 Worker finish order 2, order type 0
2024/03/05 03:27:02 0 :  call for  2  times
2024/03/05 03:27:02 CallOrder: worker get response &{0 [../pg-metamorphosis.txt] 5 10}
2024/03/05 03:27:02 worker  0 get order:  &{0 [../pg-metamorphosis.txt] 5 10}  order Type 0
2024/03/05 03:27:03 start 5 map
2024/03/05 03:27:03 Worker finish order 5, order type 0
2024/03/05 03:27:04 0 :  call for  3  times
2024/03/05 03:27:04 CallOrder: worker get response &{0 [../pg-sherlock_holmes.txt] 6 10}
2024/03/05 03:27:04 worker  0 get order:  &{0 [../pg-sherlock_holmes.txt] 6 10}  order Type 0
2024/03/05 03:27:06 start 6 map
2024/03/05 03:27:06 Worker finish order 6, order type 0
2024/03/05 03:27:07 0 :  call for  4  times
2024/03/05 03:27:07 CallOrder: worker get response &{1 [mr-tmp-0-0 mr-tmp-1-0 mr-tmp-2-0 mr-tmp-3-0 mr-tmp-4-0 mr-tmp-5-0 mr-tmp-6-0 mr-tmp-7-0] 8 0}
2024/03/05 03:27:07 worker  0 get order:  &{1 [mr-tmp-0-0 mr-tmp-1-0 mr-tmp-2-0 mr-tmp-3-0 mr-tmp-4-0 mr-tmp-5-0 mr-tmp-6-0 mr-tmp-7-0] 8 0}  order Type 1
2024/03/05 03:27:07 start 8 map
2024/03/05 03:27:07 Worker finish order 8, order type 1
2024/03/05 03:27:08 0 :  call for  5  times
2024/03/05 03:27:08 CallOrder: worker get response &{1 [mr-tmp-0-2 mr-tmp-1-2 mr-tmp-2-2 mr-tmp-3-2 mr-tmp-4-2 mr-tmp-5-2 mr-tmp-6-2 mr-tmp-7-2] 10 0}
2024/03/05 03:27:08 worker  0 get order:  &{1 [mr-tmp-0-2 mr-tmp-1-2 mr-tmp-2-2 mr-tmp-3-2 mr-tmp-4-2 mr-tmp-5-2 mr-tmp-6-2 mr-tmp-7-2] 10 0}  order Type 1
2024/03/05 03:27:10 start 10 map
2024/03/05 03:27:10 Worker finish order 10, order type 1
2024/03/05 03:27:11 0 :  call for  6  times
2024/03/05 03:27:11 CallOrder: worker get response &{1 [mr-tmp-0-6 mr-tmp-1-6 mr-tmp-2-6 mr-tmp-3-6 mr-tmp-4-6 mr-tmp-5-6 mr-tmp-6-6 mr-tmp-7-6] 14 0}
2024/03/05 03:27:11 worker  0 get order:  &{1 [mr-tmp-0-6 mr-tmp-1-6 mr-tmp-2-6 mr-tmp-3-6 mr-tmp-4-6 mr-tmp-5-6 mr-tmp-6-6 mr-tmp-7-6] 14 0}  order Type 1
2024/03/05 03:27:12 start 14 map
2024/03/05 03:27:12 Worker finish order 14, order type 1
2024/03/05 03:27:13 0 :  call for  7  times
2024/03/05 03:27:13 CallOrder: worker get response &{3 [] 0 0}
2024/03/05 03:27:13 worker  0 get order:  &{3 [] 0 0}  order Type 3
2024/03/05 03:27:13 0  waiting for order
2024/03/05 03:27:15 0 :  call for  8  times
2024/03/05 03:27:15 CallOrder: worker get response &{4 [] 0 0}
2024/03/05 03:27:15 worker  0 get order:  &{4 [] 0 0}  order Type 4
2024/03/05 03:27:16 0  killed
