2024/03/05 01:03:53 53 :  call for  1  times
2024/03/05 01:03:53 CallOrder: worker get response &{0 [../pg-dorian_gray.txt] 1 10}
2024/03/05 01:03:53 worker  53 get order:  &{0 [../pg-dorian_gray.txt] 1 10}  order Type 0
2024/03/05 01:03:54 start 1 map
2024/03/05 01:03:54 Worker finish order 1, order type 0
2024/03/05 01:03:55 53 :  call for  2  times
2024/03/05 01:03:55 CallOrder: worker get response &{0 [../pg-metamorphosis.txt] 5 10}
2024/03/05 01:03:55 worker  53 get order:  &{0 [../pg-metamorphosis.txt] 5 10}  order Type 0
2024/03/05 01:03:56 start 5 map
2024/03/05 01:03:56 Worker finish order 5, order type 0
2024/03/05 01:03:57 53 :  call for  3  times
2024/03/05 01:03:57 CallOrder: worker get response &{0 [../pg-sherlock_holmes.txt] 6 10}
2024/03/05 01:03:57 worker  53 get order:  &{0 [../pg-sherlock_holmes.txt] 6 10}  order Type 0
2024/03/05 01:03:59 start 6 map
2024/03/05 01:03:59 Worker finish order 6, order type 0
2024/03/05 01:04:00 53 :  call for  4  times
2024/03/05 01:04:00 CallOrder: worker get response &{1 [mr-tmp-0-0 mr-tmp-1-0 mr-tmp-2-0 mr-tmp-3-0 mr-tmp-4-0 mr-tmp-5-0 mr-tmp-6-0 mr-tmp-7-0] 8 0}
2024/03/05 01:04:00 worker  53 get order:  &{1 [mr-tmp-0-0 mr-tmp-1-0 mr-tmp-2-0 mr-tmp-3-0 mr-tmp-4-0 mr-tmp-5-0 mr-tmp-6-0 mr-tmp-7-0] 8 0}  order Type 1
2024/03/05 01:04:01 start 8 map
2024/03/05 01:04:01 Worker finish order 8, order type 1
2024/03/05 01:04:02 53 :  call for  5  times
2024/03/05 01:04:02 CallOrder: worker get response &{1 [mr-tmp-0-3 mr-tmp-1-3 mr-tmp-2-3 mr-tmp-3-3 mr-tmp-4-3 mr-tmp-5-3 mr-tmp-6-3 mr-tmp-7-3] 11 0}
2024/03/05 01:04:02 worker  53 get order:  &{1 [mr-tmp-0-3 mr-tmp-1-3 mr-tmp-2-3 mr-tmp-3-3 mr-tmp-4-3 mr-tmp-5-3 mr-tmp-6-3 mr-tmp-7-3] 11 0}  order Type 1
2024/03/05 01:04:03 start 11 map
2024/03/05 01:04:03 Worker finish order 11, order type 1
2024/03/05 01:04:04 53 :  call for  6  times
2024/03/05 01:04:04 CallOrder: worker get response &{1 [mr-tmp-0-5 mr-tmp-1-5 mr-tmp-2-5 mr-tmp-3-5 mr-tmp-4-5 mr-tmp-5-5 mr-tmp-6-5 mr-tmp-7-5] 13 0}
2024/03/05 01:04:04 worker  53 get order:  &{1 [mr-tmp-0-5 mr-tmp-1-5 mr-tmp-2-5 mr-tmp-3-5 mr-tmp-4-5 mr-tmp-5-5 mr-tmp-6-5 mr-tmp-7-5] 13 0}  order Type 1
2024/03/05 01:04:04 start 13 map
2024/03/05 01:04:04 Worker finish order 13, order type 1
2024/03/05 01:04:05 53 :  call for  7  times
2024/03/05 01:04:05 CallOrder: worker get response &{1 [mr-tmp-0-8 mr-tmp-1-8 mr-tmp-2-8 mr-tmp-3-8 mr-tmp-4-8 mr-tmp-5-8 mr-tmp-6-8 mr-tmp-7-8] 16 0}
2024/03/05 01:04:05 worker  53 get order:  &{1 [mr-tmp-0-8 mr-tmp-1-8 mr-tmp-2-8 mr-tmp-3-8 mr-tmp-4-8 mr-tmp-5-8 mr-tmp-6-8 mr-tmp-7-8] 16 0}  order Type 1
2024/03/05 01:04:06 start 16 map
2024/03/05 01:04:06 Worker finish order 16, order type 1
2024/03/05 01:04:07 53 :  call for  8  times
2024/03/05 01:04:07 CallOrder: worker get response &{3 [] 0 0}
2024/03/05 01:04:07 worker  53 get order:  &{3 [] 0 0}  order Type 3
2024/03/05 01:04:07 53  waiting for order
2024/03/05 01:04:09 53 :  call for  9  times
2024/03/05 01:04:09 dialing:dial unix /var/tmp/824-mr-0: connect: connection refused
