2024/03/05 13:18:40 40 :  call for  1  times
2024/03/05 13:18:40 CallOrder: worker get response &{2 [] 0 0}
2024/03/05 13:18:40 worker  40 get order:  &{2 [] 0 0}  order Type 2
2024/03/05 13:18:40 40  waiting for order
2024/03/05 13:18:42 40 :  call for  2  times
2024/03/05 13:18:42 CallOrder: worker get response &{2 [] 0 0}
2024/03/05 13:18:42 worker  40 get order:  &{2 [] 0 0}  order Type 2
2024/03/05 13:18:42 40  waiting for order
2024/03/05 13:18:44 40 :  call for  3  times
2024/03/05 13:18:44 CallOrder: worker get response &{2 [] 0 0}
2024/03/05 13:18:44 worker  40 get order:  &{2 [] 0 0}  order Type 2
2024/03/05 13:18:44 40  waiting for order
2024/03/05 13:18:46 40 :  call for  4  times
2024/03/05 13:18:46 CallOrder: worker get response &{2 [] 0 0}
2024/03/05 13:18:46 worker  40 get order:  &{2 [] 0 0}  order Type 2
2024/03/05 13:18:46 40  waiting for order
2024/03/05 13:18:48 40 :  call for  5  times
2024/03/05 13:18:48 CallOrder: worker get response &{2 [] 0 0}
2024/03/05 13:18:48 worker  40 get order:  &{2 [] 0 0}  order Type 2
2024/03/05 13:18:48 40  waiting for order
2024/03/05 13:18:50 40 :  call for  6  times
2024/03/05 13:18:50 CallOrder: worker get response &{2 [] 0 0}
2024/03/05 13:18:50 worker  40 get order:  &{2 [] 0 0}  order Type 2
2024/03/05 13:18:50 40  waiting for order
2024/03/05 13:18:52 40 :  call for  7  times
2024/03/05 13:18:52 CallOrder: worker get response &{2 [] 0 0}
2024/03/05 13:18:52 worker  40 get order:  &{2 [] 0 0}  order Type 2
2024/03/05 13:18:52 40  waiting for order
2024/03/05 13:18:54 40 :  call for  8  times
2024/03/05 13:18:54 CallOrder: worker get response &{2 [] 0 0}
2024/03/05 13:18:54 worker  40 get order:  &{2 [] 0 0}  order Type 2
2024/03/05 13:18:54 40  waiting for order
2024/03/05 13:18:56 40 :  call for  9  times
2024/03/05 13:18:56 CallOrder: worker get response &{2 [] 0 0}
2024/03/05 13:18:56 worker  40 get order:  &{2 [] 0 0}  order Type 2
2024/03/05 13:18:56 40  waiting for order
2024/03/05 13:18:58 40 :  call for  10  times
2024/03/05 13:18:58 CallOrder: worker get response &{2 [] 0 0}
2024/03/05 13:18:58 worker  40 get order:  &{2 [] 0 0}  order Type 2
2024/03/05 13:18:58 40  waiting for order
2024/03/05 13:19:00 40 :  call for  11  times
2024/03/05 13:19:00 CallOrder: worker get response &{1 [mr-tmp-0-2 mr-tmp-1-2 mr-tmp-2-2 mr-tmp-3-2 mr-tmp-4-2 mr-tmp-5-2 mr-tmp-6-2 mr-tmp-7-2] 10 0}
2024/03/05 13:19:00 worker  40 get order:  &{1 [mr-tmp-0-2 mr-tmp-1-2 mr-tmp-2-2 mr-tmp-3-2 mr-tmp-4-2 mr-tmp-5-2 mr-tmp-6-2 mr-tmp-7-2] 10 0}  order Type 1
2024/03/05 13:19:03 start 10 map
2024/03/05 13:19:03 Worker finish order 10, order type 1
2024/03/05 13:19:04 40 :  call for  12  times
2024/03/05 13:19:04 CallOrder: worker get response &{3 [] 0 0}
2024/03/05 13:19:04 worker  40 get order:  &{3 [] 0 0}  order Type 3
2024/03/05 13:19:04 40  waiting for order
2024/03/05 13:19:06 40 :  call for  13  times
2024/03/05 13:19:06 CallOrder: worker get response &{3 [] 0 0}
2024/03/05 13:19:06 worker  40 get order:  &{3 [] 0 0}  order Type 3
2024/03/05 13:19:06 40  waiting for order
2024/03/05 13:19:08 40 :  call for  14  times
2024/03/05 13:19:08 CallOrder: worker get response &{3 [] 0 0}
2024/03/05 13:19:08 worker  40 get order:  &{3 [] 0 0}  order Type 3
2024/03/05 13:19:08 40  waiting for order
2024/03/05 13:19:10 40 :  call for  15  times
2024/03/05 13:19:10 CallOrder: worker get response &{3 [] 0 0}
2024/03/05 13:19:10 worker  40 get order:  &{3 [] 0 0}  order Type 3
2024/03/05 13:19:10 40  waiting for order
2024/03/05 13:19:12 40 :  call for  16  times
2024/03/05 13:19:12 CallOrder: worker get response &{1 [mr-tmp-0-5 mr-tmp-1-5 mr-tmp-2-5 mr-tmp-3-5 mr-tmp-4-5 mr-tmp-5-5 mr-tmp-6-5 mr-tmp-7-5] 13 0}
2024/03/05 13:19:12 worker  40 get order:  &{1 [mr-tmp-0-5 mr-tmp-1-5 mr-tmp-2-5 mr-tmp-3-5 mr-tmp-4-5 mr-tmp-5-5 mr-tmp-6-5 mr-tmp-7-5] 13 0}  order Type 1
2024/03/05 13:19:12 start 13 map
2024/03/05 13:19:12 Worker finish order 13, order type 1
2024/03/05 13:19:13 40 :  call for  17  times
2024/03/05 13:19:13 CallOrder: worker get response &{1 [mr-tmp-0-9 mr-tmp-1-9 mr-tmp-2-9 mr-tmp-3-9 mr-tmp-4-9 mr-tmp-5-9 mr-tmp-6-9 mr-tmp-7-9] 17 0}
2024/03/05 13:19:13 worker  40 get order:  &{1 [mr-tmp-0-9 mr-tmp-1-9 mr-tmp-2-9 mr-tmp-3-9 mr-tmp-4-9 mr-tmp-5-9 mr-tmp-6-9 mr-tmp-7-9] 17 0}  order Type 1
