2024/03/05 04:12:41 41 :  call for  1  times
2024/03/05 04:12:41 CallOrder: worker get response &{0 [../pg-dorian_gray.txt] 1 10}
2024/03/05 04:12:41 worker  41 get order:  &{0 [../pg-dorian_gray.txt] 1 10}  order Type 0
2024/03/05 04:12:41 start 1 map
2024/03/05 04:12:41 Worker finish order 1, order type 0
2024/03/05 04:12:42 41 :  call for  2  times
2024/03/05 04:12:42 CallOrder: worker get response &{0 [../pg-huckleberry_finn.txt] 4 10}
2024/03/05 04:12:42 worker  41 get order:  &{0 [../pg-huckleberry_finn.txt] 4 10}  order Type 0
2024/03/05 04:12:42 start 4 map
2024/03/05 04:12:42 Worker finish order 4, order type 0
2024/03/05 04:12:43 41 :  call for  3  times
2024/03/05 04:12:43 CallOrder: worker get response &{2 [] 0 0}
2024/03/05 04:12:43 worker  41 get order:  &{2 [] 0 0}  order Type 2
2024/03/05 04:12:43 41  waiting for order
2024/03/05 04:12:45 41 :  call for  4  times
2024/03/05 04:12:45 CallOrder: worker get response &{1 [mr-tmp-0-1 mr-tmp-1-1 mr-tmp-2-1 mr-tmp-3-1 mr-tmp-4-1 mr-tmp-5-1 mr-tmp-6-1 mr-tmp-7-1] 9 0}
2024/03/05 04:12:45 worker  41 get order:  &{1 [mr-tmp-0-1 mr-tmp-1-1 mr-tmp-2-1 mr-tmp-3-1 mr-tmp-4-1 mr-tmp-5-1 mr-tmp-6-1 mr-tmp-7-1] 9 0}  order Type 1
2024/03/05 04:12:45 start 9 map
2024/03/05 04:12:45 Worker finish order 9, order type 1
2024/03/05 04:12:46 41 :  call for  5  times
2024/03/05 04:12:46 CallOrder: worker get response &{1 [mr-tmp-0-3 mr-tmp-1-3 mr-tmp-2-3 mr-tmp-3-3 mr-tmp-4-3 mr-tmp-5-3 mr-tmp-6-3 mr-tmp-7-3] 11 0}
2024/03/05 04:12:46 worker  41 get order:  &{1 [mr-tmp-0-3 mr-tmp-1-3 mr-tmp-2-3 mr-tmp-3-3 mr-tmp-4-3 mr-tmp-5-3 mr-tmp-6-3 mr-tmp-7-3] 11 0}  order Type 1
2024/03/05 04:12:46 start 11 map
2024/03/05 04:12:46 Worker finish order 11, order type 1
2024/03/05 04:12:47 41 :  call for  6  times
2024/03/05 04:12:47 CallOrder: worker get response &{1 [mr-tmp-0-5 mr-tmp-1-5 mr-tmp-2-5 mr-tmp-3-5 mr-tmp-4-5 mr-tmp-5-5 mr-tmp-6-5 mr-tmp-7-5] 13 0}
2024/03/05 04:12:47 worker  41 get order:  &{1 [mr-tmp-0-5 mr-tmp-1-5 mr-tmp-2-5 mr-tmp-3-5 mr-tmp-4-5 mr-tmp-5-5 mr-tmp-6-5 mr-tmp-7-5] 13 0}  order Type 1
2024/03/05 04:12:47 start 13 map
2024/03/05 04:12:47 Worker finish order 13, order type 1
2024/03/05 04:12:48 41 :  call for  7  times
2024/03/05 04:12:48 CallOrder: worker get response &{1 [mr-tmp-0-7 mr-tmp-1-7 mr-tmp-2-7 mr-tmp-3-7 mr-tmp-4-7 mr-tmp-5-7 mr-tmp-6-7 mr-tmp-7-7] 15 0}
2024/03/05 04:12:48 worker  41 get order:  &{1 [mr-tmp-0-7 mr-tmp-1-7 mr-tmp-2-7 mr-tmp-3-7 mr-tmp-4-7 mr-tmp-5-7 mr-tmp-6-7 mr-tmp-7-7] 15 0}  order Type 1
2024/03/05 04:12:48 start 15 map
2024/03/05 04:12:48 Worker finish order 15, order type 1
2024/03/05 04:12:49 41 :  call for  8  times
2024/03/05 04:12:49 CallOrder: worker get response &{1 [mr-tmp-0-8 mr-tmp-1-8 mr-tmp-2-8 mr-tmp-3-8 mr-tmp-4-8 mr-tmp-5-8 mr-tmp-6-8 mr-tmp-7-8] 16 0}
2024/03/05 04:12:49 worker  41 get order:  &{1 [mr-tmp-0-8 mr-tmp-1-8 mr-tmp-2-8 mr-tmp-3-8 mr-tmp-4-8 mr-tmp-5-8 mr-tmp-6-8 mr-tmp-7-8] 16 0}  order Type 1
2024/03/05 04:12:49 start 16 map
2024/03/05 04:12:49 Worker finish order 16, order type 1
2024/03/05 04:12:50 41 :  call for  9  times
2024/03/05 04:12:50 CallOrder: worker get response &{3 [] 0 0}
2024/03/05 04:12:50 worker  41 get order:  &{3 [] 0 0}  order Type 3
2024/03/05 04:12:50 41  waiting for order
2024/03/05 04:12:52 41 :  call for  10  times
2024/03/05 04:12:52 dialing:dial unix /var/tmp/824-mr-0: connect: connection refused
