2024/03/04 20:36:40 40 :  call for  1  times
2024/03/04 20:36:40 CallOrder: worker get response &{0 [../pg-being_ernest.txt] 0 10}
2024/03/04 20:36:40 worker  40 get order:  &{0 [../pg-being_ernest.txt] 0 10}  order Type 0
2024/03/04 20:36:40 start 0 map
2024/03/04 20:36:40 Worker finish order 0, order type 0
2024/03/04 20:36:41 40 :  call for  2  times
2024/03/04 20:36:41 CallOrder: worker get response &{0 [../pg-huckleberry_finn.txt] 4 10}
2024/03/04 20:36:41 worker  40 get order:  &{0 [../pg-huckleberry_finn.txt] 4 10}  order Type 0
2024/03/04 20:36:50 start 4 map
2024/03/04 20:36:50 Worker finish order 4, order type 0
2024/03/04 20:36:51 40 :  call for  3  times
2024/03/04 20:36:51 CallOrder: worker get response &{1 [mr-tmp-0-0 mr-tmp-1-0 mr-tmp-2-0 mr-tmp-3-0 mr-tmp-4-0 mr-tmp-5-0 mr-tmp-6-0 mr-tmp-7-0] 8 0}
2024/03/04 20:36:51 worker  40 get order:  &{1 [mr-tmp-0-0 mr-tmp-1-0 mr-tmp-2-0 mr-tmp-3-0 mr-tmp-4-0 mr-tmp-5-0 mr-tmp-6-0 mr-tmp-7-0] 8 0}  order Type 1
2024/03/04 20:36:52 start 8 map
2024/03/04 20:36:52 Worker finish order 8, order type 1
2024/03/04 20:36:53 40 :  call for  4  times
2024/03/04 20:36:53 CallOrder: worker get response &{1 [mr-tmp-0-4 mr-tmp-1-4 mr-tmp-2-4 mr-tmp-3-4 mr-tmp-4-4 mr-tmp-5-4 mr-tmp-6-4 mr-tmp-7-4] 12 0}
2024/03/04 20:36:53 worker  40 get order:  &{1 [mr-tmp-0-4 mr-tmp-1-4 mr-tmp-2-4 mr-tmp-3-4 mr-tmp-4-4 mr-tmp-5-4 mr-tmp-6-4 mr-tmp-7-4] 12 0}  order Type 1
2024/03/04 20:36:53 start 12 map
2024/03/04 20:36:53 Worker finish order 12, order type 1
2024/03/04 20:36:54 40 :  call for  5  times
2024/03/04 20:36:54 CallOrder: worker get response &{1 [mr-tmp-0-8 mr-tmp-1-8 mr-tmp-2-8 mr-tmp-3-8 mr-tmp-4-8 mr-tmp-5-8 mr-tmp-6-8 mr-tmp-7-8] 16 0}
2024/03/04 20:36:54 worker  40 get order:  &{1 [mr-tmp-0-8 mr-tmp-1-8 mr-tmp-2-8 mr-tmp-3-8 mr-tmp-4-8 mr-tmp-5-8 mr-tmp-6-8 mr-tmp-7-8] 16 0}  order Type 1
2024/03/04 20:36:54 start 16 map
2024/03/04 20:36:54 Worker finish order 16, order type 1
2024/03/04 20:36:55 40 :  call for  6  times
2024/03/04 20:36:55 CallOrder: worker get response &{3 [] 0 0}
2024/03/04 20:36:55 worker  40 get order:  &{3 [] 0 0}  order Type 3
2024/03/04 20:36:55 40  waiting for order
2024/03/04 20:36:57 40 :  call for  7  times
2024/03/04 20:36:57 CallOrder: worker get response &{3 [] 0 0}
2024/03/04 20:36:57 worker  40 get order:  &{3 [] 0 0}  order Type 3
2024/03/04 20:36:57 40  waiting for order
2024/03/04 20:36:59 40 :  call for  8  times
2024/03/04 20:36:59 CallOrder: worker get response &{3 [] 0 0}
2024/03/04 20:36:59 worker  40 get order:  &{3 [] 0 0}  order Type 3
2024/03/04 20:36:59 40  waiting for order
2024/03/04 20:37:01 40 :  call for  9  times
2024/03/04 20:37:01 CallOrder: worker get response &{3 [] 0 0}
2024/03/04 20:37:01 worker  40 get order:  &{3 [] 0 0}  order Type 3
2024/03/04 20:37:01 40  waiting for order
2024/03/04 20:37:03 40 :  call for  10  times
2024/03/04 20:37:03 CallOrder: worker get response &{3 [] 0 0}
2024/03/04 20:37:03 worker  40 get order:  &{3 [] 0 0}  order Type 3
2024/03/04 20:37:03 40  waiting for order
2024/03/04 20:37:05 40 :  call for  11  times
2024/03/04 20:37:05 CallOrder: worker get response &{4 [] 0 0}
2024/03/04 20:37:05 worker  40 get order:  &{4 [] 0 0}  order Type 4
2024/03/04 20:37:06 40  killed
