2024/03/05 03:16:46 46 :  call for  1  times
2024/03/05 03:16:46 CallOrder: worker get response &{1 [mr-tmp-0-5 mr-tmp-1-5 mr-tmp-2-5 mr-tmp-3-5 mr-tmp-4-5 mr-tmp-5-5 mr-tmp-6-5 mr-tmp-7-5] 13 0}
2024/03/05 03:16:46 worker  46 get order:  &{1 [mr-tmp-0-5 mr-tmp-1-5 mr-tmp-2-5 mr-tmp-3-5 mr-tmp-4-5 mr-tmp-5-5 mr-tmp-6-5 mr-tmp-7-5] 13 0}  order Type 1
2024/03/05 03:16:49 start 13 map
2024/03/05 03:16:49 Worker finish order 13, order type 1
2024/03/05 03:16:50 46 :  call for  2  times
2024/03/05 03:16:50 CallOrder: worker get response &{3 [] 0 0}
2024/03/05 03:16:50 worker  46 get order:  &{3 [] 0 0}  order Type 3
2024/03/05 03:16:50 46  waiting for order
2024/03/05 03:16:52 46 :  call for  3  times
2024/03/05 03:16:52 CallOrder: worker get response &{3 [] 0 0}
2024/03/05 03:16:52 worker  46 get order:  &{3 [] 0 0}  order Type 3
2024/03/05 03:16:52 46  waiting for order
2024/03/05 03:16:54 46 :  call for  4  times
2024/03/05 03:16:54 CallOrder: worker get response &{3 [] 0 0}
2024/03/05 03:16:54 worker  46 get order:  &{3 [] 0 0}  order Type 3
2024/03/05 03:16:54 46  waiting for order
2024/03/05 03:16:56 46 :  call for  5  times
2024/03/05 03:16:56 CallOrder: worker get response &{1 [mr-tmp-0-0 mr-tmp-1-0 mr-tmp-2-0 mr-tmp-3-0 mr-tmp-4-0 mr-tmp-5-0 mr-tmp-6-0 mr-tmp-7-0] 8 0}
2024/03/05 03:16:56 worker  46 get order:  &{1 [mr-tmp-0-0 mr-tmp-1-0 mr-tmp-2-0 mr-tmp-3-0 mr-tmp-4-0 mr-tmp-5-0 mr-tmp-6-0 mr-tmp-7-0] 8 0}  order Type 1
