2024/03/05 13:25:57 57 :  call for  1  times
2024/03/05 13:25:57 CallOrder: worker get response &{0 [../pg-dorian_gray.txt] 1 10}
2024/03/05 13:25:57 worker  57 get order:  &{0 [../pg-dorian_gray.txt] 1 10}  order Type 0
2024/03/05 13:25:59 start 1 map
2024/03/05 13:25:59 Worker finish order 1, order type 0
2024/03/05 13:26:00 57 :  call for  2  times
2024/03/05 13:26:00 CallOrder: worker get response &{0 [../pg-huckleberry_finn.txt] 4 10}
2024/03/05 13:26:00 worker  57 get order:  &{0 [../pg-huckleberry_finn.txt] 4 10}  order Type 0
2024/03/05 13:26:04 start 4 map
2024/03/05 13:26:04 Worker finish order 4, order type 0
2024/03/05 13:26:05 57 :  call for  3  times
2024/03/05 13:26:05 CallOrder: worker get response &{2 [] 0 0}
2024/03/05 13:26:05 worker  57 get order:  &{2 [] 0 0}  order Type 2
2024/03/05 13:26:05 57  waiting for order
2024/03/05 13:26:07 57 :  call for  4  times
2024/03/05 13:26:07 CallOrder: worker get response &{1 [mr-tmp-0-0 mr-tmp-1-0 mr-tmp-2-0 mr-tmp-3-0 mr-tmp-4-0 mr-tmp-5-0 mr-tmp-6-0 mr-tmp-7-0] 8 0}
2024/03/05 13:26:07 worker  57 get order:  &{1 [mr-tmp-0-0 mr-tmp-1-0 mr-tmp-2-0 mr-tmp-3-0 mr-tmp-4-0 mr-tmp-5-0 mr-tmp-6-0 mr-tmp-7-0] 8 0}  order Type 1
2024/03/05 13:26:08 start 8 map
2024/03/05 13:26:08 Worker finish order 8, order type 1
2024/03/05 13:26:09 57 :  call for  5  times
2024/03/05 13:26:09 CallOrder: worker get response &{1 [mr-tmp-0-2 mr-tmp-1-2 mr-tmp-2-2 mr-tmp-3-2 mr-tmp-4-2 mr-tmp-5-2 mr-tmp-6-2 mr-tmp-7-2] 10 0}
2024/03/05 13:26:09 worker  57 get order:  &{1 [mr-tmp-0-2 mr-tmp-1-2 mr-tmp-2-2 mr-tmp-3-2 mr-tmp-4-2 mr-tmp-5-2 mr-tmp-6-2 mr-tmp-7-2] 10 0}  order Type 1
2024/03/05 13:26:10 start 10 map
2024/03/05 13:26:10 Worker finish order 10, order type 1
2024/03/05 13:26:11 57 :  call for  6  times
2024/03/05 13:26:11 CallOrder: worker get response &{1 [mr-tmp-0-7 mr-tmp-1-7 mr-tmp-2-7 mr-tmp-3-7 mr-tmp-4-7 mr-tmp-5-7 mr-tmp-6-7 mr-tmp-7-7] 15 0}
2024/03/05 13:26:11 worker  57 get order:  &{1 [mr-tmp-0-7 mr-tmp-1-7 mr-tmp-2-7 mr-tmp-3-7 mr-tmp-4-7 mr-tmp-5-7 mr-tmp-6-7 mr-tmp-7-7] 15 0}  order Type 1
2024/03/05 13:26:12 start 15 map
2024/03/05 13:26:12 Worker finish order 15, order type 1
2024/03/05 13:26:13 57 :  call for  7  times
2024/03/05 13:26:13 CallOrder: worker get response &{1 [mr-tmp-0-9 mr-tmp-1-9 mr-tmp-2-9 mr-tmp-3-9 mr-tmp-4-9 mr-tmp-5-9 mr-tmp-6-9 mr-tmp-7-9] 17 0}
2024/03/05 13:26:13 worker  57 get order:  &{1 [mr-tmp-0-9 mr-tmp-1-9 mr-tmp-2-9 mr-tmp-3-9 mr-tmp-4-9 mr-tmp-5-9 mr-tmp-6-9 mr-tmp-7-9] 17 0}  order Type 1
2024/03/05 13:26:14 start 17 map
2024/03/05 13:26:14 Worker finish order 17, order type 1
2024/03/05 13:26:15 57 :  call for  8  times
2024/03/05 13:26:15 CallOrder: worker get response &{4 [] 0 0}
2024/03/05 13:26:15 worker  57 get order:  &{4 [] 0 0}  order Type 4
2024/03/05 13:26:16 57  killed
