2024/03/05 00:20:32 32 :  call for  1  times
2024/03/05 00:20:32 CallOrder: worker get response &{2 [] 0 0}
2024/03/05 00:20:32 worker  32 get order:  &{2 [] 0 0}  order Type 2
2024/03/05 00:20:32 32  waiting for order
2024/03/05 00:20:34 32 :  call for  2  times
2024/03/05 00:20:34 CallOrder: worker get response &{2 [] 0 0}
2024/03/05 00:20:34 worker  32 get order:  &{2 [] 0 0}  order Type 2
2024/03/05 00:20:34 32  waiting for order
2024/03/05 00:20:36 32 :  call for  3  times
2024/03/05 00:20:36 CallOrder: worker get response &{2 [] 0 0}
2024/03/05 00:20:36 worker  32 get order:  &{2 [] 0 0}  order Type 2
2024/03/05 00:20:36 32  waiting for order
2024/03/05 00:20:38 32 :  call for  4  times
2024/03/05 00:20:38 CallOrder: worker get response &{2 [] 0 0}
2024/03/05 00:20:38 worker  32 get order:  &{2 [] 0 0}  order Type 2
2024/03/05 00:20:38 32  waiting for order
2024/03/05 00:20:40 32 :  call for  5  times
2024/03/05 00:20:40 CallOrder: worker get response &{2 [] 0 0}
2024/03/05 00:20:40 worker  32 get order:  &{2 [] 0 0}  order Type 2
2024/03/05 00:20:40 32  waiting for order
2024/03/05 00:20:42 32 :  call for  6  times
2024/03/05 00:20:42 CallOrder: worker get response &{2 [] 0 0}
2024/03/05 00:20:42 worker  32 get order:  &{2 [] 0 0}  order Type 2
2024/03/05 00:20:42 32  waiting for order
2024/03/05 00:20:44 32 :  call for  7  times
2024/03/05 00:20:44 CallOrder: worker get response &{2 [] 0 0}
2024/03/05 00:20:44 worker  32 get order:  &{2 [] 0 0}  order Type 2
2024/03/05 00:20:44 32  waiting for order
2024/03/05 00:20:46 32 :  call for  8  times
2024/03/05 00:20:46 CallOrder: worker get response &{2 [] 0 0}
2024/03/05 00:20:46 worker  32 get order:  &{2 [] 0 0}  order Type 2
2024/03/05 00:20:46 32  waiting for order
2024/03/05 00:20:48 32 :  call for  9  times
2024/03/05 00:20:48 CallOrder: worker get response &{2 [] 0 0}
2024/03/05 00:20:48 worker  32 get order:  &{2 [] 0 0}  order Type 2
2024/03/05 00:20:48 32  waiting for order
2024/03/05 00:20:50 32 :  call for  10  times
2024/03/05 00:20:50 CallOrder: worker get response &{2 [] 0 0}
2024/03/05 00:20:50 worker  32 get order:  &{2 [] 0 0}  order Type 2
2024/03/05 00:20:50 32  waiting for order
2024/03/05 00:20:52 32 :  call for  11  times
2024/03/05 00:20:52 CallOrder: worker get response &{2 [] 0 0}
2024/03/05 00:20:52 worker  32 get order:  &{2 [] 0 0}  order Type 2
2024/03/05 00:20:52 32  waiting for order
2024/03/05 00:20:54 32 :  call for  12  times
2024/03/05 00:20:54 CallOrder: worker get response &{2 [] 0 0}
2024/03/05 00:20:54 worker  32 get order:  &{2 [] 0 0}  order Type 2
2024/03/05 00:20:54 32  waiting for order
2024/03/05 00:20:56 32 :  call for  13  times
2024/03/05 00:20:56 CallOrder: worker get response &{2 [] 0 0}
2024/03/05 00:20:56 worker  32 get order:  &{2 [] 0 0}  order Type 2
2024/03/05 00:20:56 32  waiting for order
2024/03/05 00:20:58 32 :  call for  14  times
2024/03/05 00:20:58 CallOrder: worker get response &{2 [] 0 0}
2024/03/05 00:20:58 worker  32 get order:  &{2 [] 0 0}  order Type 2
2024/03/05 00:20:58 32  waiting for order
2024/03/05 00:21:00 32 :  call for  15  times
2024/03/05 00:21:00 CallOrder: worker get response &{2 [] 0 0}
2024/03/05 00:21:00 worker  32 get order:  &{2 [] 0 0}  order Type 2
2024/03/05 00:21:00 32  waiting for order
2024/03/05 00:21:02 32 :  call for  16  times
2024/03/05 00:21:02 CallOrder: worker get response &{2 [] 0 0}
2024/03/05 00:21:02 worker  32 get order:  &{2 [] 0 0}  order Type 2
2024/03/05 00:21:02 32  waiting for order
2024/03/05 00:21:04 32 :  call for  17  times
2024/03/05 00:21:04 CallOrder: worker get response &{2 [] 0 0}
2024/03/05 00:21:04 worker  32 get order:  &{2 [] 0 0}  order Type 2
2024/03/05 00:21:04 32  waiting for order
2024/03/05 00:21:06 32 :  call for  18  times
2024/03/05 00:21:06 CallOrder: worker get response &{1 [mr-tmp-0-5 mr-tmp-1-5 mr-tmp-2-5 mr-tmp-3-5 mr-tmp-4-5 mr-tmp-5-5 mr-tmp-6-5 mr-tmp-7-5] 13 0}
2024/03/05 00:21:06 worker  32 get order:  &{1 [mr-tmp-0-5 mr-tmp-1-5 mr-tmp-2-5 mr-tmp-3-5 mr-tmp-4-5 mr-tmp-5-5 mr-tmp-6-5 mr-tmp-7-5] 13 0}  order Type 1
