2024/03/05 11:00:30 30 :  call for  1  times
2024/03/05 11:00:30 CallOrder: worker get response &{0 [../pg-frankenstein.txt] 2 10}
2024/03/05 11:00:30 worker  30 get order:  &{0 [../pg-frankenstein.txt] 2 10}  order Type 0
2024/03/05 11:00:30 start 2 map
2024/03/05 11:00:30 Worker finish order 2, order type 0
2024/03/05 11:00:31 30 :  call for  2  times
2024/03/05 11:00:31 CallOrder: worker get response &{0 [../pg-metamorphosis.txt] 5 10}
2024/03/05 11:00:31 worker  30 get order:  &{0 [../pg-metamorphosis.txt] 5 10}  order Type 0
2024/03/05 11:00:31 start 5 map
2024/03/05 11:00:31 Worker finish order 5, order type 0
2024/03/05 11:00:32 30 :  call for  3  times
2024/03/05 11:00:32 CallOrder: worker get response &{0 [../pg-tom_sawyer.txt] 7 10}
2024/03/05 11:00:32 worker  30 get order:  &{0 [../pg-tom_sawyer.txt] 7 10}  order Type 0
2024/03/05 11:00:32 start 7 map
2024/03/05 11:00:32 Worker finish order 7, order type 0
2024/03/05 11:00:33 30 :  call for  4  times
2024/03/05 11:00:33 CallOrder: worker get response &{2 [] 0 0}
2024/03/05 11:00:33 worker  30 get order:  &{2 [] 0 0}  order Type 2
2024/03/05 11:00:33 30  waiting for order
2024/03/05 11:00:35 30 :  call for  5  times
2024/03/05 11:00:35 CallOrder: worker get response &{1 [mr-tmp-0-4 mr-tmp-1-4 mr-tmp-2-4 mr-tmp-3-4 mr-tmp-4-4 mr-tmp-5-4 mr-tmp-6-4 mr-tmp-7-4] 12 0}
2024/03/05 11:00:35 worker  30 get order:  &{1 [mr-tmp-0-4 mr-tmp-1-4 mr-tmp-2-4 mr-tmp-3-4 mr-tmp-4-4 mr-tmp-5-4 mr-tmp-6-4 mr-tmp-7-4] 12 0}  order Type 1
2024/03/05 11:00:35 start 12 map
2024/03/05 11:00:35 Worker finish order 12, order type 1
2024/03/05 11:00:36 30 :  call for  6  times
2024/03/05 11:00:36 CallOrder: worker get response &{1 [mr-tmp-0-6 mr-tmp-1-6 mr-tmp-2-6 mr-tmp-3-6 mr-tmp-4-6 mr-tmp-5-6 mr-tmp-6-6 mr-tmp-7-6] 14 0}
2024/03/05 11:00:36 worker  30 get order:  &{1 [mr-tmp-0-6 mr-tmp-1-6 mr-tmp-2-6 mr-tmp-3-6 mr-tmp-4-6 mr-tmp-5-6 mr-tmp-6-6 mr-tmp-7-6] 14 0}  order Type 1
2024/03/05 11:00:39 start 14 map
2024/03/05 11:00:39 Worker finish order 14, order type 1
2024/03/05 11:00:40 30 :  call for  7  times
2024/03/05 11:00:40 CallOrder: worker get response &{4 [] 0 0}
2024/03/05 11:00:40 worker  30 get order:  &{4 [] 0 0}  order Type 4
2024/03/05 11:00:41 30  killed
