2024/03/05 00:49:01 1 :  call for  1  times
2024/03/05 00:49:01 CallOrder: worker get response &{2 [] 0 0}
2024/03/05 00:49:01 worker  1 get order:  &{2 [] 0 0}  order Type 2
2024/03/05 00:49:01 1  waiting for order
2024/03/05 00:49:03 1 :  call for  2  times
2024/03/05 00:49:03 CallOrder: worker get response &{2 [] 0 0}
2024/03/05 00:49:03 worker  1 get order:  &{2 [] 0 0}  order Type 2
2024/03/05 00:49:03 1  waiting for order
2024/03/05 00:49:05 1 :  call for  3  times
2024/03/05 00:49:05 CallOrder: worker get response &{2 [] 0 0}
2024/03/05 00:49:05 worker  1 get order:  &{2 [] 0 0}  order Type 2
2024/03/05 00:49:05 1  waiting for order
2024/03/05 00:49:07 1 :  call for  4  times
2024/03/05 00:49:07 CallOrder: worker get response &{2 [] 0 0}
2024/03/05 00:49:07 worker  1 get order:  &{2 [] 0 0}  order Type 2
2024/03/05 00:49:07 1  waiting for order
2024/03/05 00:49:09 1 :  call for  5  times
2024/03/05 00:49:09 CallOrder: worker get response &{0 [../pg-frankenstein.txt] 2 10}
2024/03/05 00:49:09 worker  1 get order:  &{0 [../pg-frankenstein.txt] 2 10}  order Type 0
2024/03/05 00:49:09 start 2 map
2024/03/05 00:49:09 Worker finish order 2, order type 0
2024/03/05 00:49:10 1 :  call for  6  times
2024/03/05 00:49:10 CallOrder: worker get response &{0 [../pg-metamorphosis.txt] 5 10}
2024/03/05 00:49:10 worker  1 get order:  &{0 [../pg-metamorphosis.txt] 5 10}  order Type 0
2024/03/05 00:49:19 start 5 map
2024/03/05 00:49:19 Worker finish order 5, order type 0
2024/03/05 00:49:20 1 :  call for  7  times
2024/03/05 00:49:20 CallOrder: worker get response &{1 [mr-tmp-0-0 mr-tmp-1-0 mr-tmp-2-0 mr-tmp-3-0 mr-tmp-4-0 mr-tmp-5-0 mr-tmp-6-0 mr-tmp-7-0] 8 0}
2024/03/05 00:49:20 worker  1 get order:  &{1 [mr-tmp-0-0 mr-tmp-1-0 mr-tmp-2-0 mr-tmp-3-0 mr-tmp-4-0 mr-tmp-5-0 mr-tmp-6-0 mr-tmp-7-0] 8 0}  order Type 1
2024/03/05 00:49:20 start 8 map
2024/03/05 00:49:20 Worker finish order 8, order type 1
2024/03/05 00:49:21 1 :  call for  8  times
2024/03/05 00:49:21 CallOrder: worker get response &{1 [mr-tmp-0-2 mr-tmp-1-2 mr-tmp-2-2 mr-tmp-3-2 mr-tmp-4-2 mr-tmp-5-2 mr-tmp-6-2 mr-tmp-7-2] 10 0}
2024/03/05 00:49:21 worker  1 get order:  &{1 [mr-tmp-0-2 mr-tmp-1-2 mr-tmp-2-2 mr-tmp-3-2 mr-tmp-4-2 mr-tmp-5-2 mr-tmp-6-2 mr-tmp-7-2] 10 0}  order Type 1
