2024/03/04 20:25:32 32 :  call for  1  times
2024/03/04 20:25:32 CallOrder: worker get response &{0 [../pg-being_ernest.txt] 0 10}
2024/03/04 20:25:32 worker  32 get order:  &{0 [../pg-being_ernest.txt] 0 10}  order Type 0
2024/03/04 20:25:32 start 0 map
2024/03/04 20:25:32 Worker finish order 0, order type 0
2024/03/04 20:25:33 32 :  call for  2  times
2024/03/04 20:25:33 CallOrder: worker get response &{0 [../pg-grimm.txt] 3 10}
2024/03/04 20:25:33 worker  32 get order:  &{0 [../pg-grimm.txt] 3 10}  order Type 0
2024/03/04 20:25:33 start 3 map
2024/03/04 20:25:33 Worker finish order 3, order type 0
2024/03/04 20:25:34 32 :  call for  3  times
2024/03/04 20:25:34 CallOrder: worker get response &{0 [../pg-sherlock_holmes.txt] 6 10}
2024/03/04 20:25:34 worker  32 get order:  &{0 [../pg-sherlock_holmes.txt] 6 10}  order Type 0
2024/03/04 20:25:34 start 6 map
2024/03/04 20:25:34 Worker finish order 6, order type 0
2024/03/04 20:25:35 32 :  call for  4  times
2024/03/04 20:25:35 CallOrder: worker get response &{2 [] 0 0}
2024/03/04 20:25:35 worker  32 get order:  &{2 [] 0 0}  order Type 2
2024/03/04 20:25:35 32  waiting for order
2024/03/04 20:25:37 32 :  call for  5  times
2024/03/04 20:25:37 CallOrder: worker get response &{1 [mr-tmp-0-4 mr-tmp-1-4 mr-tmp-2-4 mr-tmp-3-4 mr-tmp-4-4 mr-tmp-5-4 mr-tmp-6-4 mr-tmp-7-4] 12 0}
2024/03/04 20:25:37 worker  32 get order:  &{1 [mr-tmp-0-4 mr-tmp-1-4 mr-tmp-2-4 mr-tmp-3-4 mr-tmp-4-4 mr-tmp-5-4 mr-tmp-6-4 mr-tmp-7-4] 12 0}  order Type 1
2024/03/04 20:25:37 start 12 map
2024/03/04 20:25:37 Worker finish order 12, order type 1
2024/03/04 20:25:38 32 :  call for  6  times
2024/03/04 20:25:38 CallOrder: worker get response &{1 [mr-tmp-0-6 mr-tmp-1-6 mr-tmp-2-6 mr-tmp-3-6 mr-tmp-4-6 mr-tmp-5-6 mr-tmp-6-6 mr-tmp-7-6] 14 0}
2024/03/04 20:25:38 worker  32 get order:  &{1 [mr-tmp-0-6 mr-tmp-1-6 mr-tmp-2-6 mr-tmp-3-6 mr-tmp-4-6 mr-tmp-5-6 mr-tmp-6-6 mr-tmp-7-6] 14 0}  order Type 1
2024/03/04 20:25:41 start 14 map
2024/03/04 20:25:41 Worker finish order 14, order type 1
2024/03/04 20:25:42 32 :  call for  7  times
2024/03/04 20:25:42 CallOrder: worker get response &{4 [] 0 0}
2024/03/04 20:25:42 worker  32 get order:  &{4 [] 0 0}  order Type 4
2024/03/04 20:25:43 32  killed
