2024/03/05 06:24:52 52 :  call for  1  times
2024/03/05 06:24:52 CallOrder: worker get response &{2 [] 0 0}
2024/03/05 06:24:52 worker  52 get order:  &{2 [] 0 0}  order Type 2
2024/03/05 06:24:52 52  waiting for order
2024/03/05 06:24:54 52 :  call for  2  times
2024/03/05 06:24:54 CallOrder: worker get response &{2 [] 0 0}
2024/03/05 06:24:54 worker  52 get order:  &{2 [] 0 0}  order Type 2
2024/03/05 06:24:54 52  waiting for order
2024/03/05 06:24:56 52 :  call for  3  times
2024/03/05 06:24:56 CallOrder: worker get response &{2 [] 0 0}
2024/03/05 06:24:56 worker  52 get order:  &{2 [] 0 0}  order Type 2
2024/03/05 06:24:56 52  waiting for order
2024/03/05 06:24:58 52 :  call for  4  times
2024/03/05 06:24:58 CallOrder: worker get response &{2 [] 0 0}
2024/03/05 06:24:58 worker  52 get order:  &{2 [] 0 0}  order Type 2
2024/03/05 06:24:58 52  waiting for order
2024/03/05 06:25:00 52 :  call for  5  times
2024/03/05 06:25:00 CallOrder: worker get response &{2 [] 0 0}
2024/03/05 06:25:00 worker  52 get order:  &{2 [] 0 0}  order Type 2
2024/03/05 06:25:00 52  waiting for order
2024/03/05 06:25:02 52 :  call for  6  times
2024/03/05 06:25:02 CallOrder: worker get response &{0 [../pg-being_ernest.txt] 0 10}
2024/03/05 06:25:02 worker  52 get order:  &{0 [../pg-being_ernest.txt] 0 10}  order Type 0
