2024/03/05 04:17:57 57 :  call for  1  times
2024/03/05 04:17:57 CallOrder: worker get response &{0 [../pg-dorian_gray.txt] 1 10}
2024/03/05 04:17:57 worker  57 get order:  &{0 [../pg-dorian_gray.txt] 1 10}  order Type 0
2024/03/05 04:17:57 start 1 map
2024/03/05 04:17:57 Worker finish order 1, order type 0
2024/03/05 04:17:58 57 :  call for  2  times
2024/03/05 04:17:58 CallOrder: worker get response &{0 [../pg-metamorphosis.txt] 5 10}
2024/03/05 04:17:58 worker  57 get order:  &{0 [../pg-metamorphosis.txt] 5 10}  order Type 0
2024/03/05 04:17:58 start 5 map
2024/03/05 04:17:58 Worker finish order 5, order type 0
2024/03/05 04:17:59 57 :  call for  3  times
2024/03/05 04:17:59 CallOrder: worker get response &{0 [../pg-sherlock_holmes.txt] 6 10}
2024/03/05 04:17:59 worker  57 get order:  &{0 [../pg-sherlock_holmes.txt] 6 10}  order Type 0
2024/03/05 04:17:59 start 6 map
2024/03/05 04:17:59 Worker finish order 6, order type 0
2024/03/05 04:18:00 57 :  call for  4  times
2024/03/05 04:18:00 CallOrder: worker get response &{1 [mr-tmp-0-0 mr-tmp-1-0 mr-tmp-2-0 mr-tmp-3-0 mr-tmp-4-0 mr-tmp-5-0 mr-tmp-6-0 mr-tmp-7-0] 8 0}
2024/03/05 04:18:00 worker  57 get order:  &{1 [mr-tmp-0-0 mr-tmp-1-0 mr-tmp-2-0 mr-tmp-3-0 mr-tmp-4-0 mr-tmp-5-0 mr-tmp-6-0 mr-tmp-7-0] 8 0}  order Type 1
2024/03/05 04:18:00 start 8 map
2024/03/05 04:18:00 Worker finish order 8, order type 1
2024/03/05 04:18:01 57 :  call for  5  times
2024/03/05 04:18:01 CallOrder: worker get response &{1 [mr-tmp-0-2 mr-tmp-1-2 mr-tmp-2-2 mr-tmp-3-2 mr-tmp-4-2 mr-tmp-5-2 mr-tmp-6-2 mr-tmp-7-2] 10 0}
2024/03/05 04:18:01 worker  57 get order:  &{1 [mr-tmp-0-2 mr-tmp-1-2 mr-tmp-2-2 mr-tmp-3-2 mr-tmp-4-2 mr-tmp-5-2 mr-tmp-6-2 mr-tmp-7-2] 10 0}  order Type 1
2024/03/05 04:18:04 start 10 map
2024/03/05 04:18:04 Worker finish order 10, order type 1
2024/03/05 04:18:05 57 :  call for  6  times
2024/03/05 04:18:05 CallOrder: worker get response &{1 [mr-tmp-0-8 mr-tmp-1-8 mr-tmp-2-8 mr-tmp-3-8 mr-tmp-4-8 mr-tmp-5-8 mr-tmp-6-8 mr-tmp-7-8] 16 0}
2024/03/05 04:18:05 worker  57 get order:  &{1 [mr-tmp-0-8 mr-tmp-1-8 mr-tmp-2-8 mr-tmp-3-8 mr-tmp-4-8 mr-tmp-5-8 mr-tmp-6-8 mr-tmp-7-8] 16 0}  order Type 1
2024/03/05 04:18:05 start 16 map
2024/03/05 04:18:05 Worker finish order 16, order type 1
2024/03/05 04:18:06 57 :  call for  7  times
2024/03/05 04:18:06 CallOrder: worker get response &{3 [] 0 0}
2024/03/05 04:18:06 worker  57 get order:  &{3 [] 0 0}  order Type 3
2024/03/05 04:18:06 57  waiting for order
2024/03/05 04:18:08 57 :  call for  8  times
2024/03/05 04:18:08 dialing:dial unix /var/tmp/824-mr-0: connect: connection refused
