2024/03/05 00:44:27 27 :  call for  1  times
2024/03/05 00:44:27 CallOrder: worker get response &{0 [../pg-frankenstein.txt] 2 10}
2024/03/05 00:44:27 worker  27 get order:  &{0 [../pg-frankenstein.txt] 2 10}  order Type 0
2024/03/05 00:44:29 start 2 map
2024/03/05 00:44:29 Worker finish order 2, order type 0
2024/03/05 00:44:30 27 :  call for  2  times
2024/03/05 00:44:30 CallOrder: worker get response &{0 [../pg-metamorphosis.txt] 5 10}
2024/03/05 00:44:30 worker  27 get order:  &{0 [../pg-metamorphosis.txt] 5 10}  order Type 0
2024/03/05 00:44:30 start 5 map
2024/03/05 00:44:30 Worker finish order 5, order type 0
2024/03/05 00:44:31 27 :  call for  3  times
2024/03/05 00:44:31 CallOrder: worker get response &{0 [../pg-sherlock_holmes.txt] 6 10}
2024/03/05 00:44:31 worker  27 get order:  &{0 [../pg-sherlock_holmes.txt] 6 10}  order Type 0
2024/03/05 00:44:33 start 6 map
2024/03/05 00:44:33 Worker finish order 6, order type 0
2024/03/05 00:44:34 27 :  call for  4  times
2024/03/05 00:44:34 CallOrder: worker get response &{1 [mr-tmp-0-0 mr-tmp-1-0 mr-tmp-2-0 mr-tmp-3-0 mr-tmp-4-0 mr-tmp-5-0 mr-tmp-6-0 mr-tmp-7-0] 8 0}
2024/03/05 00:44:34 worker  27 get order:  &{1 [mr-tmp-0-0 mr-tmp-1-0 mr-tmp-2-0 mr-tmp-3-0 mr-tmp-4-0 mr-tmp-5-0 mr-tmp-6-0 mr-tmp-7-0] 8 0}  order Type 1
2024/03/05 00:44:35 start 8 map
2024/03/05 00:44:35 Worker finish order 8, order type 1
2024/03/05 00:44:36 27 :  call for  5  times
2024/03/05 00:44:36 CallOrder: worker get response &{1 [mr-tmp-0-3 mr-tmp-1-3 mr-tmp-2-3 mr-tmp-3-3 mr-tmp-4-3 mr-tmp-5-3 mr-tmp-6-3 mr-tmp-7-3] 11 0}
2024/03/05 00:44:36 worker  27 get order:  &{1 [mr-tmp-0-3 mr-tmp-1-3 mr-tmp-2-3 mr-tmp-3-3 mr-tmp-4-3 mr-tmp-5-3 mr-tmp-6-3 mr-tmp-7-3] 11 0}  order Type 1
2024/03/05 00:44:37 start 11 map
2024/03/05 00:44:37 Worker finish order 11, order type 1
2024/03/05 00:44:38 27 :  call for  6  times
2024/03/05 00:44:38 CallOrder: worker get response &{1 [mr-tmp-0-5 mr-tmp-1-5 mr-tmp-2-5 mr-tmp-3-5 mr-tmp-4-5 mr-tmp-5-5 mr-tmp-6-5 mr-tmp-7-5] 13 0}
2024/03/05 00:44:38 worker  27 get order:  &{1 [mr-tmp-0-5 mr-tmp-1-5 mr-tmp-2-5 mr-tmp-3-5 mr-tmp-4-5 mr-tmp-5-5 mr-tmp-6-5 mr-tmp-7-5] 13 0}  order Type 1
2024/03/05 00:44:38 start 13 map
2024/03/05 00:44:38 Worker finish order 13, order type 1
2024/03/05 00:44:39 27 :  call for  7  times
2024/03/05 00:44:39 CallOrder: worker get response &{1 [mr-tmp-0-8 mr-tmp-1-8 mr-tmp-2-8 mr-tmp-3-8 mr-tmp-4-8 mr-tmp-5-8 mr-tmp-6-8 mr-tmp-7-8] 16 0}
2024/03/05 00:44:39 worker  27 get order:  &{1 [mr-tmp-0-8 mr-tmp-1-8 mr-tmp-2-8 mr-tmp-3-8 mr-tmp-4-8 mr-tmp-5-8 mr-tmp-6-8 mr-tmp-7-8] 16 0}  order Type 1
2024/03/05 00:44:40 start 16 map
2024/03/05 00:44:40 Worker finish order 16, order type 1
2024/03/05 00:44:41 27 :  call for  8  times
2024/03/05 00:44:41 CallOrder: worker get response &{3 [] 0 0}
2024/03/05 00:44:41 worker  27 get order:  &{3 [] 0 0}  order Type 3
2024/03/05 00:44:41 27  waiting for order
2024/03/05 00:44:43 27 :  call for  9  times
2024/03/05 00:44:43 dialing:dial unix /var/tmp/824-mr-0: connect: connection refused
