2024/03/05 08:16:18 18 :  call for  1  times
2024/03/05 08:16:18 CallOrder: worker get response &{3 [] 0 0}
2024/03/05 08:16:18 worker  18 get order:  &{3 [] 0 0}  order Type 3
2024/03/05 08:16:18 18  waiting for order
2024/03/05 08:16:20 18 :  call for  2  times
2024/03/05 08:16:20 CallOrder: worker get response &{3 [] 0 0}
2024/03/05 08:16:20 worker  18 get order:  &{3 [] 0 0}  order Type 3
2024/03/05 08:16:20 18  waiting for order
2024/03/05 08:16:22 18 :  call for  3  times
2024/03/05 08:16:22 CallOrder: worker get response &{3 [] 0 0}
2024/03/05 08:16:22 worker  18 get order:  &{3 [] 0 0}  order Type 3
2024/03/05 08:16:22 18  waiting for order
2024/03/05 08:16:24 18 :  call for  4  times
2024/03/05 08:16:24 CallOrder: worker get response &{3 [] 0 0}
2024/03/05 08:16:24 worker  18 get order:  &{3 [] 0 0}  order Type 3
2024/03/05 08:16:24 18  waiting for order
2024/03/05 08:16:26 18 :  call for  5  times
2024/03/05 08:16:26 CallOrder: worker get response &{3 [] 0 0}
2024/03/05 08:16:26 worker  18 get order:  &{3 [] 0 0}  order Type 3
2024/03/05 08:16:26 18  waiting for order
2024/03/05 08:16:28 18 :  call for  6  times
2024/03/05 08:16:28 CallOrder: worker get response &{1 [mr-tmp-0-9 mr-tmp-1-9 mr-tmp-2-9 mr-tmp-3-9 mr-tmp-4-9 mr-tmp-5-9 mr-tmp-6-9 mr-tmp-7-9] 17 0}
2024/03/05 08:16:28 worker  18 get order:  &{1 [mr-tmp-0-9 mr-tmp-1-9 mr-tmp-2-9 mr-tmp-3-9 mr-tmp-4-9 mr-tmp-5-9 mr-tmp-6-9 mr-tmp-7-9] 17 0}  order Type 1
2024/03/05 08:16:28 start 17 map
2024/03/05 08:16:28 Worker finish order 17, order type 1
2024/03/05 08:16:29 18 :  call for  7  times
2024/03/05 08:16:29 CallOrder: worker get response &{4 [] 0 0}
2024/03/05 08:16:29 worker  18 get order:  &{4 [] 0 0}  order Type 4
2024/03/05 08:16:30 18  killed
