2024/03/04 22:47:38 38 :  call for  1  times
2024/03/04 22:47:38 CallOrder: worker get response &{0 [../pg-tom_sawyer.txt] 7 10}
2024/03/04 22:47:38 worker  38 get order:  &{0 [../pg-tom_sawyer.txt] 7 10}  order Type 0
2024/03/04 22:47:38 start 7 map
2024/03/04 22:47:38 Worker finish order 7, order type 0
2024/03/04 22:47:39 38 :  call for  2  times
2024/03/04 22:47:39 CallOrder: worker get response &{2 [] 0 0}
2024/03/04 22:47:39 worker  38 get order:  &{2 [] 0 0}  order Type 2
2024/03/04 22:47:39 38  waiting for order
2024/03/04 22:47:41 38 :  call for  3  times
2024/03/04 22:47:41 CallOrder: worker get response &{2 [] 0 0}
2024/03/04 22:47:41 worker  38 get order:  &{2 [] 0 0}  order Type 2
2024/03/04 22:47:41 38  waiting for order
2024/03/04 22:47:43 38 :  call for  4  times
2024/03/04 22:47:43 CallOrder: worker get response &{2 [] 0 0}
2024/03/04 22:47:43 worker  38 get order:  &{2 [] 0 0}  order Type 2
2024/03/04 22:47:43 38  waiting for order
2024/03/04 22:47:45 38 :  call for  5  times
2024/03/04 22:47:45 CallOrder: worker get response &{2 [] 0 0}
2024/03/04 22:47:45 worker  38 get order:  &{2 [] 0 0}  order Type 2
2024/03/04 22:47:45 38  waiting for order
2024/03/04 22:47:47 38 :  call for  6  times
2024/03/04 22:47:47 CallOrder: worker get response &{2 [] 0 0}
2024/03/04 22:47:47 worker  38 get order:  &{2 [] 0 0}  order Type 2
2024/03/04 22:47:47 38  waiting for order
2024/03/04 22:47:49 38 :  call for  7  times
2024/03/04 22:47:49 CallOrder: worker get response &{0 [../pg-frankenstein.txt] 2 10}
2024/03/04 22:47:49 worker  38 get order:  &{0 [../pg-frankenstein.txt] 2 10}  order Type 0
