2024/03/05 06:53:25 25 :  call for  1  times
2024/03/05 06:53:25 CallOrder: worker get response &{1 [mr-tmp-0-2 mr-tmp-1-2 mr-tmp-2-2 mr-tmp-3-2 mr-tmp-4-2 mr-tmp-5-2 mr-tmp-6-2 mr-tmp-7-2] 10 0}
2024/03/05 06:53:25 worker  25 get order:  &{1 [mr-tmp-0-2 mr-tmp-1-2 mr-tmp-2-2 mr-tmp-3-2 mr-tmp-4-2 mr-tmp-5-2 mr-tmp-6-2 mr-tmp-7-2] 10 0}  order Type 1
2024/03/05 06:53:25 start 10 map
2024/03/05 06:53:25 Worker finish order 10, order type 1
2024/03/05 06:53:26 25 :  call for  2  times
2024/03/05 06:53:26 CallOrder: worker get response &{1 [mr-tmp-0-5 mr-tmp-1-5 mr-tmp-2-5 mr-tmp-3-5 mr-tmp-4-5 mr-tmp-5-5 mr-tmp-6-5 mr-tmp-7-5] 13 0}
2024/03/05 06:53:26 worker  25 get order:  &{1 [mr-tmp-0-5 mr-tmp-1-5 mr-tmp-2-5 mr-tmp-3-5 mr-tmp-4-5 mr-tmp-5-5 mr-tmp-6-5 mr-tmp-7-5] 13 0}  order Type 1
2024/03/05 06:53:26 start 13 map
2024/03/05 06:53:26 Worker finish order 13, order type 1
2024/03/05 06:53:27 25 :  call for  3  times
2024/03/05 06:53:27 CallOrder: worker get response &{1 [mr-tmp-0-8 mr-tmp-1-8 mr-tmp-2-8 mr-tmp-3-8 mr-tmp-4-8 mr-tmp-5-8 mr-tmp-6-8 mr-tmp-7-8] 16 0}
2024/03/05 06:53:27 worker  25 get order:  &{1 [mr-tmp-0-8 mr-tmp-1-8 mr-tmp-2-8 mr-tmp-3-8 mr-tmp-4-8 mr-tmp-5-8 mr-tmp-6-8 mr-tmp-7-8] 16 0}  order Type 1
2024/03/05 06:53:27 start 16 map
2024/03/05 06:53:27 Worker finish order 16, order type 1
2024/03/05 06:53:28 25 :  call for  4  times
2024/03/05 06:53:28 CallOrder: worker get response &{3 [] 0 0}
2024/03/05 06:53:28 worker  25 get order:  &{3 [] 0 0}  order Type 3
2024/03/05 06:53:28 25  waiting for order
2024/03/05 06:53:30 25 :  call for  5  times
2024/03/05 06:53:30 CallOrder: worker get response &{3 [] 0 0}
2024/03/05 06:53:30 worker  25 get order:  &{3 [] 0 0}  order Type 3
2024/03/05 06:53:30 25  waiting for order
2024/03/05 06:53:32 25 :  call for  6  times
2024/03/05 06:53:32 CallOrder: worker get response &{3 [] 0 0}
2024/03/05 06:53:32 worker  25 get order:  &{3 [] 0 0}  order Type 3
2024/03/05 06:53:32 25  waiting for order
2024/03/05 06:53:34 25 :  call for  7  times
2024/03/05 06:53:34 CallOrder: worker get response &{3 [] 0 0}
2024/03/05 06:53:34 worker  25 get order:  &{3 [] 0 0}  order Type 3
2024/03/05 06:53:34 25  waiting for order
2024/03/05 06:53:36 25 :  call for  8  times
2024/03/05 06:53:36 CallOrder: worker get response &{3 [] 0 0}
2024/03/05 06:53:36 worker  25 get order:  &{3 [] 0 0}  order Type 3
2024/03/05 06:53:36 25  waiting for order
2024/03/05 06:53:38 25 :  call for  9  times
2024/03/05 06:53:38 CallOrder: worker get response &{3 [] 0 0}
2024/03/05 06:53:38 worker  25 get order:  &{3 [] 0 0}  order Type 3
2024/03/05 06:53:38 25  waiting for order
2024/03/05 06:53:40 25 :  call for  10  times
2024/03/05 06:53:40 dialing:dial unix /var/tmp/824-mr-0: connect: connection refused
