2024/03/05 04:26:51 51 :  call for  1  times
2024/03/05 04:26:51 CallOrder: worker get response &{0 [../pg-being_ernest.txt] 0 10}
2024/03/05 04:26:51 worker  51 get order:  &{0 [../pg-being_ernest.txt] 0 10}  order Type 0
2024/03/05 04:26:52 start 0 map
2024/03/05 04:26:52 Worker finish order 0, order type 0
2024/03/05 04:26:53 51 :  call for  2  times
2024/03/05 04:26:53 CallOrder: worker get response &{0 [../pg-grimm.txt] 3 10}
2024/03/05 04:26:53 worker  51 get order:  &{0 [../pg-grimm.txt] 3 10}  order Type 0
2024/03/05 04:26:56 start 3 map
2024/03/05 04:26:56 Worker finish order 3, order type 0
2024/03/05 04:26:57 51 :  call for  3  times
2024/03/05 04:26:57 CallOrder: worker get response &{0 [../pg-tom_sawyer.txt] 7 10}
2024/03/05 04:26:57 worker  51 get order:  &{0 [../pg-tom_sawyer.txt] 7 10}  order Type 0
2024/03/05 04:26:58 start 7 map
2024/03/05 04:26:58 Worker finish order 7, order type 0
2024/03/05 04:26:59 51 :  call for  4  times
2024/03/05 04:26:59 CallOrder: worker get response &{2 [] 0 0}
2024/03/05 04:26:59 worker  51 get order:  &{2 [] 0 0}  order Type 2
2024/03/05 04:26:59 51  waiting for order
2024/03/05 04:27:01 51 :  call for  5  times
2024/03/05 04:27:01 CallOrder: worker get response &{1 [mr-tmp-0-4 mr-tmp-1-4 mr-tmp-2-4 mr-tmp-3-4 mr-tmp-4-4 mr-tmp-5-4 mr-tmp-6-4 mr-tmp-7-4] 12 0}
2024/03/05 04:27:01 worker  51 get order:  &{1 [mr-tmp-0-4 mr-tmp-1-4 mr-tmp-2-4 mr-tmp-3-4 mr-tmp-4-4 mr-tmp-5-4 mr-tmp-6-4 mr-tmp-7-4] 12 0}  order Type 1
2024/03/05 04:27:02 start 12 map
2024/03/05 04:27:02 Worker finish order 12, order type 1
2024/03/05 04:27:03 51 :  call for  6  times
2024/03/05 04:27:03 CallOrder: worker get response &{1 [mr-tmp-0-6 mr-tmp-1-6 mr-tmp-2-6 mr-tmp-3-6 mr-tmp-4-6 mr-tmp-5-6 mr-tmp-6-6 mr-tmp-7-6] 14 0}
2024/03/05 04:27:03 worker  51 get order:  &{1 [mr-tmp-0-6 mr-tmp-1-6 mr-tmp-2-6 mr-tmp-3-6 mr-tmp-4-6 mr-tmp-5-6 mr-tmp-6-6 mr-tmp-7-6] 14 0}  order Type 1
2024/03/05 04:27:05 start 14 map
2024/03/05 04:27:05 Worker finish order 14, order type 1
2024/03/05 04:27:06 51 :  call for  7  times
2024/03/05 04:27:06 CallOrder: worker get response &{3 [] 0 0}
2024/03/05 04:27:06 worker  51 get order:  &{3 [] 0 0}  order Type 3
2024/03/05 04:27:06 51  waiting for order
2024/03/05 04:27:08 51 :  call for  8  times
2024/03/05 04:27:08 CallOrder: worker get response &{4 [] 0 0}
2024/03/05 04:27:08 worker  51 get order:  &{4 [] 0 0}  order Type 4
2024/03/05 04:27:09 51  killed
