2024/03/04 22:08:01 1 :  call for  1  times
2024/03/04 22:08:01 CallOrder: worker get response &{0 [../pg-grimm.txt] 3 10}
2024/03/04 22:08:01 worker  1 get order:  &{0 [../pg-grimm.txt] 3 10}  order Type 0
2024/03/04 22:08:01 start 3 map
2024/03/04 22:08:01 Worker finish order 3, order type 0
2024/03/04 22:08:02 1 :  call for  2  times
2024/03/04 22:08:02 CallOrder: worker get response &{0 [../pg-metamorphosis.txt] 5 10}
2024/03/04 22:08:02 worker  1 get order:  &{0 [../pg-metamorphosis.txt] 5 10}  order Type 0
2024/03/04 22:08:10 start 5 map
2024/03/04 22:08:10 Worker finish order 5, order type 0
2024/03/04 22:08:11 1 :  call for  3  times
2024/03/04 22:08:11 CallOrder: worker get response &{2 [] 0 0}
2024/03/04 22:08:11 worker  1 get order:  &{2 [] 0 0}  order Type 2
2024/03/04 22:08:11 1  waiting for order
2024/03/04 22:08:13 1 :  call for  4  times
2024/03/04 22:08:13 CallOrder: worker get response &{2 [] 0 0}
2024/03/04 22:08:13 worker  1 get order:  &{2 [] 0 0}  order Type 2
2024/03/04 22:08:13 1  waiting for order
2024/03/04 22:08:15 1 :  call for  5  times
2024/03/04 22:08:15 CallOrder: worker get response &{2 [] 0 0}
2024/03/04 22:08:15 worker  1 get order:  &{2 [] 0 0}  order Type 2
2024/03/04 22:08:15 1  waiting for order
2024/03/04 22:08:17 1 :  call for  6  times
2024/03/04 22:08:17 CallOrder: worker get response &{2 [] 0 0}
2024/03/04 22:08:17 worker  1 get order:  &{2 [] 0 0}  order Type 2
2024/03/04 22:08:17 1  waiting for order
2024/03/04 22:08:19 1 :  call for  7  times
2024/03/04 22:08:19 CallOrder: worker get response &{1 [mr-tmp-0-0 mr-tmp-1-0 mr-tmp-2-0 mr-tmp-3-0 mr-tmp-4-0 mr-tmp-5-0 mr-tmp-6-0 mr-tmp-7-0] 8 0}
2024/03/04 22:08:19 worker  1 get order:  &{1 [mr-tmp-0-0 mr-tmp-1-0 mr-tmp-2-0 mr-tmp-3-0 mr-tmp-4-0 mr-tmp-5-0 mr-tmp-6-0 mr-tmp-7-0] 8 0}  order Type 1
2024/03/04 22:08:28 start 8 map
2024/03/04 22:08:28 Worker finish order 8, order type 1
2024/03/04 22:08:29 1 :  call for  8  times
2024/03/04 22:08:29 CallOrder: worker get response &{3 [] 0 0}
2024/03/04 22:08:29 worker  1 get order:  &{3 [] 0 0}  order Type 3
2024/03/04 22:08:29 1  waiting for order
2024/03/04 22:08:31 1 :  call for  9  times
2024/03/04 22:08:31 CallOrder: worker get response &{3 [] 0 0}
2024/03/04 22:08:31 worker  1 get order:  &{3 [] 0 0}  order Type 3
2024/03/04 22:08:31 1  waiting for order
2024/03/04 22:08:33 1 :  call for  10  times
2024/03/04 22:08:33 CallOrder: worker get response &{3 [] 0 0}
2024/03/04 22:08:33 worker  1 get order:  &{3 [] 0 0}  order Type 3
2024/03/04 22:08:33 1  waiting for order
2024/03/04 22:08:35 1 :  call for  11  times
2024/03/04 22:08:35 CallOrder: worker get response &{1 [mr-tmp-0-9 mr-tmp-1-9 mr-tmp-2-9 mr-tmp-3-9 mr-tmp-4-9 mr-tmp-5-9 mr-tmp-6-9 mr-tmp-7-9] 17 0}
2024/03/04 22:08:35 worker  1 get order:  &{1 [mr-tmp-0-9 mr-tmp-1-9 mr-tmp-2-9 mr-tmp-3-9 mr-tmp-4-9 mr-tmp-5-9 mr-tmp-6-9 mr-tmp-7-9] 17 0}  order Type 1
