2024/03/05 10:56:29 29 :  call for  1  times
2024/03/05 10:56:29 CallOrder: worker get response &{2 [] 0 0}
2024/03/05 10:56:29 worker  29 get order:  &{2 [] 0 0}  order Type 2
2024/03/05 10:56:29 29  waiting for order
2024/03/05 10:56:31 29 :  call for  2  times
2024/03/05 10:56:31 CallOrder: worker get response &{2 [] 0 0}
2024/03/05 10:56:31 worker  29 get order:  &{2 [] 0 0}  order Type 2
2024/03/05 10:56:31 29  waiting for order
2024/03/05 10:56:33 29 :  call for  3  times
2024/03/05 10:56:33 CallOrder: worker get response &{2 [] 0 0}
2024/03/05 10:56:33 worker  29 get order:  &{2 [] 0 0}  order Type 2
2024/03/05 10:56:33 29  waiting for order
2024/03/05 10:56:35 29 :  call for  4  times
2024/03/05 10:56:35 CallOrder: worker get response &{2 [] 0 0}
2024/03/05 10:56:35 worker  29 get order:  &{2 [] 0 0}  order Type 2
2024/03/05 10:56:35 29  waiting for order
2024/03/05 10:56:37 29 :  call for  5  times
2024/03/05 10:56:37 CallOrder: worker get response &{2 [] 0 0}
2024/03/05 10:56:37 worker  29 get order:  &{2 [] 0 0}  order Type 2
2024/03/05 10:56:37 29  waiting for order
2024/03/05 10:56:39 29 :  call for  6  times
2024/03/05 10:56:39 CallOrder: worker get response &{0 [../pg-sherlock_holmes.txt] 6 10}
2024/03/05 10:56:39 worker  29 get order:  &{0 [../pg-sherlock_holmes.txt] 6 10}  order Type 0
2024/03/05 10:56:46 start 6 map
2024/03/05 10:56:46 Worker finish order 6, order type 0
2024/03/05 10:56:47 29 :  call for  7  times
2024/03/05 10:56:47 CallOrder: worker get response &{1 [mr-tmp-0-0 mr-tmp-1-0 mr-tmp-2-0 mr-tmp-3-0 mr-tmp-4-0 mr-tmp-5-0 mr-tmp-6-0 mr-tmp-7-0] 8 0}
2024/03/05 10:56:47 worker  29 get order:  &{1 [mr-tmp-0-0 mr-tmp-1-0 mr-tmp-2-0 mr-tmp-3-0 mr-tmp-4-0 mr-tmp-5-0 mr-tmp-6-0 mr-tmp-7-0] 8 0}  order Type 1
2024/03/05 10:56:47 start 8 map
2024/03/05 10:56:47 Worker finish order 8, order type 1
2024/03/05 10:56:48 29 :  call for  8  times
2024/03/05 10:56:48 CallOrder: worker get response &{1 [mr-tmp-0-3 mr-tmp-1-3 mr-tmp-2-3 mr-tmp-3-3 mr-tmp-4-3 mr-tmp-5-3 mr-tmp-6-3 mr-tmp-7-3] 11 0}
2024/03/05 10:56:48 worker  29 get order:  &{1 [mr-tmp-0-3 mr-tmp-1-3 mr-tmp-2-3 mr-tmp-3-3 mr-tmp-4-3 mr-tmp-5-3 mr-tmp-6-3 mr-tmp-7-3] 11 0}  order Type 1
2024/03/05 10:56:48 start 11 map
2024/03/05 10:56:48 Worker finish order 11, order type 1
2024/03/05 10:56:49 29 :  call for  9  times
2024/03/05 10:56:49 CallOrder: worker get response &{1 [mr-tmp-0-7 mr-tmp-1-7 mr-tmp-2-7 mr-tmp-3-7 mr-tmp-4-7 mr-tmp-5-7 mr-tmp-6-7 mr-tmp-7-7] 15 0}
2024/03/05 10:56:49 worker  29 get order:  &{1 [mr-tmp-0-7 mr-tmp-1-7 mr-tmp-2-7 mr-tmp-3-7 mr-tmp-4-7 mr-tmp-5-7 mr-tmp-6-7 mr-tmp-7-7] 15 0}  order Type 1
2024/03/05 10:56:49 start 15 map
2024/03/05 10:56:49 Worker finish order 15, order type 1
2024/03/05 10:56:50 29 :  call for  10  times
2024/03/05 10:56:50 CallOrder: worker get response &{3 [] 0 0}
2024/03/05 10:56:50 worker  29 get order:  &{3 [] 0 0}  order Type 3
2024/03/05 10:56:50 29  waiting for order
2024/03/05 10:56:52 29 :  call for  11  times
2024/03/05 10:56:52 CallOrder: worker get response &{3 [] 0 0}
2024/03/05 10:56:52 worker  29 get order:  &{3 [] 0 0}  order Type 3
2024/03/05 10:56:52 29  waiting for order
2024/03/05 10:56:54 29 :  call for  12  times
2024/03/05 10:56:54 CallOrder: worker get response &{3 [] 0 0}
2024/03/05 10:56:54 worker  29 get order:  &{3 [] 0 0}  order Type 3
2024/03/05 10:56:54 29  waiting for order
2024/03/05 10:56:56 29 :  call for  13  times
2024/03/05 10:56:56 CallOrder: worker get response &{3 [] 0 0}
2024/03/05 10:56:56 worker  29 get order:  &{3 [] 0 0}  order Type 3
2024/03/05 10:56:56 29  waiting for order
2024/03/05 10:56:58 29 :  call for  14  times
2024/03/05 10:56:58 CallOrder: worker get response &{3 [] 0 0}
2024/03/05 10:56:58 worker  29 get order:  &{3 [] 0 0}  order Type 3
2024/03/05 10:56:58 29  waiting for order
2024/03/05 10:57:00 29 :  call for  15  times
2024/03/05 10:57:00 CallOrder: worker get response &{3 [] 0 0}
2024/03/05 10:57:00 worker  29 get order:  &{3 [] 0 0}  order Type 3
2024/03/05 10:57:00 29  waiting for order
2024/03/05 10:57:02 29 :  call for  16  times
2024/03/05 10:57:02 CallOrder: worker get response &{3 [] 0 0}
2024/03/05 10:57:02 worker  29 get order:  &{3 [] 0 0}  order Type 3
2024/03/05 10:57:02 29  waiting for order
2024/03/05 10:57:04 29 :  call for  17  times
2024/03/05 10:57:04 CallOrder: worker get response &{3 [] 0 0}
2024/03/05 10:57:04 worker  29 get order:  &{3 [] 0 0}  order Type 3
2024/03/05 10:57:04 29  waiting for order
2024/03/05 10:57:06 29 :  call for  18  times
2024/03/05 10:57:06 CallOrder: worker get response &{3 [] 0 0}
2024/03/05 10:57:06 worker  29 get order:  &{3 [] 0 0}  order Type 3
2024/03/05 10:57:06 29  waiting for order
2024/03/05 10:57:08 29 :  call for  19  times
2024/03/05 10:57:08 CallOrder: worker get response &{3 [] 0 0}
2024/03/05 10:57:08 worker  29 get order:  &{3 [] 0 0}  order Type 3
2024/03/05 10:57:08 29  waiting for order
2024/03/05 10:57:10 29 :  call for  20  times
2024/03/05 10:57:10 CallOrder: worker get response &{1 [mr-tmp-0-2 mr-tmp-1-2 mr-tmp-2-2 mr-tmp-3-2 mr-tmp-4-2 mr-tmp-5-2 mr-tmp-6-2 mr-tmp-7-2] 10 0}
2024/03/05 10:57:10 worker  29 get order:  &{1 [mr-tmp-0-2 mr-tmp-1-2 mr-tmp-2-2 mr-tmp-3-2 mr-tmp-4-2 mr-tmp-5-2 mr-tmp-6-2 mr-tmp-7-2] 10 0}  order Type 1
2024/03/05 10:57:16 start 10 map
2024/03/05 10:57:16 Worker finish order 10, order type 1
2024/03/05 10:57:17 29 :  call for  21  times
2024/03/05 10:57:17 CallOrder: worker get response &{4 [] 0 0}
2024/03/05 10:57:17 worker  29 get order:  &{4 [] 0 0}  order Type 4
2024/03/05 10:57:18 29  killed
