2024/03/05 05:57:58 58 :  call for  1  times
2024/03/05 05:57:58 CallOrder: worker get response &{0 [../pg-being_ernest.txt] 0 10}
2024/03/05 05:57:58 worker  58 get order:  &{0 [../pg-being_ernest.txt] 0 10}  order Type 0
2024/03/05 05:57:59 start 0 map
2024/03/05 05:57:59 Worker finish order 0, order type 0
2024/03/05 05:58:00 58 :  call for  2  times
2024/03/05 05:58:00 CallOrder: worker get response &{0 [../pg-grimm.txt] 3 10}
2024/03/05 05:58:00 worker  58 get order:  &{0 [../pg-grimm.txt] 3 10}  order Type 0
2024/03/05 05:58:02 start 3 map
2024/03/05 05:58:02 Worker finish order 3, order type 0
2024/03/05 05:58:03 58 :  call for  3  times
2024/03/05 05:58:03 CallOrder: worker get response &{0 [../pg-sherlock_holmes.txt] 6 10}
2024/03/05 05:58:03 worker  58 get order:  &{0 [../pg-sherlock_holmes.txt] 6 10}  order Type 0
2024/03/05 05:58:04 start 6 map
2024/03/05 05:58:04 Worker finish order 6, order type 0
2024/03/05 05:58:05 58 :  call for  4  times
2024/03/05 05:58:05 CallOrder: worker get response &{1 [mr-tmp-0-0 mr-tmp-1-0 mr-tmp-2-0 mr-tmp-3-0 mr-tmp-4-0 mr-tmp-5-0 mr-tmp-6-0 mr-tmp-7-0] 8 0}
2024/03/05 05:58:05 worker  58 get order:  &{1 [mr-tmp-0-0 mr-tmp-1-0 mr-tmp-2-0 mr-tmp-3-0 mr-tmp-4-0 mr-tmp-5-0 mr-tmp-6-0 mr-tmp-7-0] 8 0}  order Type 1
2024/03/05 05:58:06 start 8 map
2024/03/05 05:58:06 Worker finish order 8, order type 1
2024/03/05 05:58:07 58 :  call for  5  times
2024/03/05 05:58:07 CallOrder: worker get response &{1 [mr-tmp-0-3 mr-tmp-1-3 mr-tmp-2-3 mr-tmp-3-3 mr-tmp-4-3 mr-tmp-5-3 mr-tmp-6-3 mr-tmp-7-3] 11 0}
2024/03/05 05:58:07 worker  58 get order:  &{1 [mr-tmp-0-3 mr-tmp-1-3 mr-tmp-2-3 mr-tmp-3-3 mr-tmp-4-3 mr-tmp-5-3 mr-tmp-6-3 mr-tmp-7-3] 11 0}  order Type 1
2024/03/05 05:58:08 start 11 map
2024/03/05 05:58:08 Worker finish order 11, order type 1
2024/03/05 05:58:09 58 :  call for  6  times
2024/03/05 05:58:09 CallOrder: worker get response &{1 [mr-tmp-0-5 mr-tmp-1-5 mr-tmp-2-5 mr-tmp-3-5 mr-tmp-4-5 mr-tmp-5-5 mr-tmp-6-5 mr-tmp-7-5] 13 0}
2024/03/05 05:58:09 worker  58 get order:  &{1 [mr-tmp-0-5 mr-tmp-1-5 mr-tmp-2-5 mr-tmp-3-5 mr-tmp-4-5 mr-tmp-5-5 mr-tmp-6-5 mr-tmp-7-5] 13 0}  order Type 1
2024/03/05 05:58:09 start 13 map
2024/03/05 05:58:09 Worker finish order 13, order type 1
2024/03/05 05:58:10 58 :  call for  7  times
2024/03/05 05:58:10 CallOrder: worker get response &{1 [mr-tmp-0-8 mr-tmp-1-8 mr-tmp-2-8 mr-tmp-3-8 mr-tmp-4-8 mr-tmp-5-8 mr-tmp-6-8 mr-tmp-7-8] 16 0}
2024/03/05 05:58:10 worker  58 get order:  &{1 [mr-tmp-0-8 mr-tmp-1-8 mr-tmp-2-8 mr-tmp-3-8 mr-tmp-4-8 mr-tmp-5-8 mr-tmp-6-8 mr-tmp-7-8] 16 0}  order Type 1
2024/03/05 05:58:11 start 16 map
2024/03/05 05:58:11 Worker finish order 16, order type 1
2024/03/05 05:58:12 58 :  call for  8  times
2024/03/05 05:58:12 CallOrder: worker get response &{3 [] 0 0}
2024/03/05 05:58:12 worker  58 get order:  &{3 [] 0 0}  order Type 3
2024/03/05 05:58:12 58  waiting for order
2024/03/05 05:58:14 58 :  call for  9  times
2024/03/05 05:58:14 dialing:dial unix /var/tmp/824-mr-0: connect: connection refused
