2024/03/05 06:30:53 53 :  call for  1  times
2024/03/05 06:30:53 CallOrder: worker get response &{0 [../pg-frankenstein.txt] 2 10}
2024/03/05 06:30:53 worker  53 get order:  &{0 [../pg-frankenstein.txt] 2 10}  order Type 0
2024/03/05 06:31:02 start 2 map
2024/03/05 06:31:02 Worker finish order 2, order type 0
2024/03/05 06:31:03 53 :  call for  2  times
2024/03/05 06:31:03 CallOrder: worker get response &{2 [] 0 0}
2024/03/05 06:31:03 worker  53 get order:  &{2 [] 0 0}  order Type 2
2024/03/05 06:31:03 53  waiting for order
2024/03/05 06:31:05 53 :  call for  3  times
2024/03/05 06:31:05 CallOrder: worker get response &{2 [] 0 0}
2024/03/05 06:31:05 worker  53 get order:  &{2 [] 0 0}  order Type 2
2024/03/05 06:31:05 53  waiting for order
2024/03/05 06:31:07 53 :  call for  4  times
2024/03/05 06:31:07 CallOrder: worker get response &{2 [] 0 0}
2024/03/05 06:31:07 worker  53 get order:  &{2 [] 0 0}  order Type 2
2024/03/05 06:31:07 53  waiting for order
2024/03/05 06:31:09 53 :  call for  5  times
2024/03/05 06:31:09 CallOrder: worker get response &{0 [../pg-sherlock_holmes.txt] 6 10}
2024/03/05 06:31:09 worker  53 get order:  &{0 [../pg-sherlock_holmes.txt] 6 10}  order Type 0
2024/03/05 06:31:09 start 6 map
2024/03/05 06:31:09 Worker finish order 6, order type 0
2024/03/05 06:31:10 53 :  call for  6  times
2024/03/05 06:31:10 CallOrder: worker get response &{1 [mr-tmp-0-0 mr-tmp-1-0 mr-tmp-2-0 mr-tmp-3-0 mr-tmp-4-0 mr-tmp-5-0 mr-tmp-6-0 mr-tmp-7-0] 8 0}
2024/03/05 06:31:10 worker  53 get order:  &{1 [mr-tmp-0-0 mr-tmp-1-0 mr-tmp-2-0 mr-tmp-3-0 mr-tmp-4-0 mr-tmp-5-0 mr-tmp-6-0 mr-tmp-7-0] 8 0}  order Type 1
