2024/03/04 23:52:17 17 :  call for  1  times
2024/03/04 23:52:17 CallOrder: worker get response &{0 [../pg-frankenstein.txt] 2 10}
2024/03/04 23:52:17 worker  17 get order:  &{0 [../pg-frankenstein.txt] 2 10}  order Type 0
2024/03/04 23:52:17 start 2 map
2024/03/04 23:52:17 Worker finish order 2, order type 0
2024/03/04 23:52:18 17 :  call for  2  times
2024/03/04 23:52:18 CallOrder: worker get response &{0 [../pg-huckleberry_finn.txt] 4 10}
2024/03/04 23:52:18 worker  17 get order:  &{0 [../pg-huckleberry_finn.txt] 4 10}  order Type 0
2024/03/04 23:52:18 start 4 map
2024/03/04 23:52:18 Worker finish order 4, order type 0
2024/03/04 23:52:19 17 :  call for  3  times
2024/03/04 23:52:19 CallOrder: worker get response &{2 [] 0 0}
2024/03/04 23:52:19 worker  17 get order:  &{2 [] 0 0}  order Type 2
2024/03/04 23:52:19 17  waiting for order
2024/03/04 23:52:21 17 :  call for  4  times
2024/03/04 23:52:21 CallOrder: worker get response &{1 [mr-tmp-0-1 mr-tmp-1-1 mr-tmp-2-1 mr-tmp-3-1 mr-tmp-4-1 mr-tmp-5-1 mr-tmp-6-1 mr-tmp-7-1] 9 0}
2024/03/04 23:52:21 worker  17 get order:  &{1 [mr-tmp-0-1 mr-tmp-1-1 mr-tmp-2-1 mr-tmp-3-1 mr-tmp-4-1 mr-tmp-5-1 mr-tmp-6-1 mr-tmp-7-1] 9 0}  order Type 1
2024/03/04 23:52:21 start 9 map
2024/03/04 23:52:21 Worker finish order 9, order type 1
2024/03/04 23:52:22 17 :  call for  5  times
2024/03/04 23:52:22 CallOrder: worker get response &{1 [mr-tmp-0-3 mr-tmp-1-3 mr-tmp-2-3 mr-tmp-3-3 mr-tmp-4-3 mr-tmp-5-3 mr-tmp-6-3 mr-tmp-7-3] 11 0}
2024/03/04 23:52:22 worker  17 get order:  &{1 [mr-tmp-0-3 mr-tmp-1-3 mr-tmp-2-3 mr-tmp-3-3 mr-tmp-4-3 mr-tmp-5-3 mr-tmp-6-3 mr-tmp-7-3] 11 0}  order Type 1
2024/03/04 23:52:22 start 11 map
2024/03/04 23:52:22 Worker finish order 11, order type 1
2024/03/04 23:52:23 17 :  call for  6  times
2024/03/04 23:52:23 CallOrder: worker get response &{1 [mr-tmp-0-5 mr-tmp-1-5 mr-tmp-2-5 mr-tmp-3-5 mr-tmp-4-5 mr-tmp-5-5 mr-tmp-6-5 mr-tmp-7-5] 13 0}
2024/03/04 23:52:23 worker  17 get order:  &{1 [mr-tmp-0-5 mr-tmp-1-5 mr-tmp-2-5 mr-tmp-3-5 mr-tmp-4-5 mr-tmp-5-5 mr-tmp-6-5 mr-tmp-7-5] 13 0}  order Type 1
2024/03/04 23:52:23 start 13 map
2024/03/04 23:52:23 Worker finish order 13, order type 1
2024/03/04 23:52:24 17 :  call for  7  times
2024/03/04 23:52:24 CallOrder: worker get response &{1 [mr-tmp-0-7 mr-tmp-1-7 mr-tmp-2-7 mr-tmp-3-7 mr-tmp-4-7 mr-tmp-5-7 mr-tmp-6-7 mr-tmp-7-7] 15 0}
2024/03/04 23:52:24 worker  17 get order:  &{1 [mr-tmp-0-7 mr-tmp-1-7 mr-tmp-2-7 mr-tmp-3-7 mr-tmp-4-7 mr-tmp-5-7 mr-tmp-6-7 mr-tmp-7-7] 15 0}  order Type 1
2024/03/04 23:52:24 start 15 map
2024/03/04 23:52:24 Worker finish order 15, order type 1
2024/03/04 23:52:25 17 :  call for  8  times
2024/03/04 23:52:25 CallOrder: worker get response &{1 [mr-tmp-0-9 mr-tmp-1-9 mr-tmp-2-9 mr-tmp-3-9 mr-tmp-4-9 mr-tmp-5-9 mr-tmp-6-9 mr-tmp-7-9] 17 0}
2024/03/04 23:52:25 worker  17 get order:  &{1 [mr-tmp-0-9 mr-tmp-1-9 mr-tmp-2-9 mr-tmp-3-9 mr-tmp-4-9 mr-tmp-5-9 mr-tmp-6-9 mr-tmp-7-9] 17 0}  order Type 1
2024/03/04 23:52:25 start 17 map
2024/03/04 23:52:25 Worker finish order 17, order type 1
2024/03/04 23:52:26 17 :  call for  9  times
2024/03/04 23:52:26 CallOrder: worker get response &{4 [] 0 0}
2024/03/04 23:52:26 worker  17 get order:  &{4 [] 0 0}  order Type 4
2024/03/04 23:52:27 17  killed
