2024/03/04 21:28:14 14 :  call for  1  times
2024/03/04 21:28:14 CallOrder: worker get response &{0 [../pg-being_ernest.txt] 0 10}
2024/03/04 21:28:14 worker  14 get order:  &{0 [../pg-being_ernest.txt] 0 10}  order Type 0
2024/03/04 21:28:16 start 0 map
2024/03/04 21:28:16 Worker finish order 0, order type 0
2024/03/04 21:28:17 14 :  call for  2  times
2024/03/04 21:28:17 CallOrder: worker get response &{0 [../pg-tom_sawyer.txt] 7 10}
2024/03/04 21:28:17 worker  14 get order:  &{0 [../pg-tom_sawyer.txt] 7 10}  order Type 0
2024/03/04 21:28:17 start 7 map
2024/03/04 21:28:17 Worker finish order 7, order type 0
2024/03/04 21:28:18 14 :  call for  3  times
2024/03/04 21:28:18 CallOrder: worker get response &{2 [] 0 0}
2024/03/04 21:28:18 worker  14 get order:  &{2 [] 0 0}  order Type 2
2024/03/04 21:28:18 14  waiting for order
2024/03/04 21:28:20 14 :  call for  4  times
2024/03/04 21:28:20 CallOrder: worker get response &{2 [] 0 0}
2024/03/04 21:28:20 worker  14 get order:  &{2 [] 0 0}  order Type 2
2024/03/04 21:28:20 14  waiting for order
2024/03/04 21:28:22 14 :  call for  5  times
2024/03/04 21:28:22 CallOrder: worker get response &{2 [] 0 0}
2024/03/04 21:28:22 worker  14 get order:  &{2 [] 0 0}  order Type 2
2024/03/04 21:28:22 14  waiting for order
2024/03/04 21:28:24 14 :  call for  6  times
2024/03/04 21:28:24 CallOrder: worker get response &{2 [] 0 0}
2024/03/04 21:28:24 worker  14 get order:  &{2 [] 0 0}  order Type 2
2024/03/04 21:28:24 14  waiting for order
2024/03/04 21:28:26 14 :  call for  7  times
2024/03/04 21:28:26 CallOrder: worker get response &{0 [../pg-dorian_gray.txt] 1 10}
2024/03/04 21:28:26 worker  14 get order:  &{0 [../pg-dorian_gray.txt] 1 10}  order Type 0
2024/03/04 21:28:26 start 1 map
2024/03/04 21:28:26 Worker finish order 1, order type 0
2024/03/04 21:28:27 14 :  call for  8  times
2024/03/04 21:28:27 CallOrder: worker get response &{0 [../pg-huckleberry_finn.txt] 4 10}
2024/03/04 21:28:27 worker  14 get order:  &{0 [../pg-huckleberry_finn.txt] 4 10}  order Type 0
