2024/03/05 10:12:39 39 :  call for  1  times
2024/03/05 10:12:39 CallOrder: worker get response &{2 [] 0 0}
2024/03/05 10:12:39 worker  39 get order:  &{2 [] 0 0}  order Type 2
2024/03/05 10:12:39 39  waiting for order
2024/03/05 10:12:41 39 :  call for  2  times
2024/03/05 10:12:41 CallOrder: worker get response &{2 [] 0 0}
2024/03/05 10:12:41 worker  39 get order:  &{2 [] 0 0}  order Type 2
2024/03/05 10:12:41 39  waiting for order
2024/03/05 10:12:43 39 :  call for  3  times
2024/03/05 10:12:43 CallOrder: worker get response &{2 [] 0 0}
2024/03/05 10:12:43 worker  39 get order:  &{2 [] 0 0}  order Type 2
2024/03/05 10:12:43 39  waiting for order
2024/03/05 10:12:45 39 :  call for  4  times
2024/03/05 10:12:45 CallOrder: worker get response &{2 [] 0 0}
2024/03/05 10:12:45 worker  39 get order:  &{2 [] 0 0}  order Type 2
2024/03/05 10:12:45 39  waiting for order
2024/03/05 10:12:47 39 :  call for  5  times
2024/03/05 10:12:47 CallOrder: worker get response &{2 [] 0 0}
2024/03/05 10:12:47 worker  39 get order:  &{2 [] 0 0}  order Type 2
2024/03/05 10:12:47 39  waiting for order
2024/03/05 10:12:49 39 :  call for  6  times
2024/03/05 10:12:49 CallOrder: worker get response &{0 [../pg-tom_sawyer.txt] 7 10}
2024/03/05 10:12:49 worker  39 get order:  &{0 [../pg-tom_sawyer.txt] 7 10}  order Type 0
2024/03/05 10:12:58 start 7 map
2024/03/05 10:12:58 Worker finish order 7, order type 0
2024/03/05 10:12:59 39 :  call for  7  times
2024/03/05 10:12:59 CallOrder: worker get response &{1 [mr-tmp-0-0 mr-tmp-1-0 mr-tmp-2-0 mr-tmp-3-0 mr-tmp-4-0 mr-tmp-5-0 mr-tmp-6-0 mr-tmp-7-0] 8 0}
2024/03/05 10:12:59 worker  39 get order:  &{1 [mr-tmp-0-0 mr-tmp-1-0 mr-tmp-2-0 mr-tmp-3-0 mr-tmp-4-0 mr-tmp-5-0 mr-tmp-6-0 mr-tmp-7-0] 8 0}  order Type 1
2024/03/05 10:12:59 start 8 map
2024/03/05 10:12:59 Worker finish order 8, order type 1
2024/03/05 10:13:00 39 :  call for  8  times
2024/03/05 10:13:00 CallOrder: worker get response &{1 [mr-tmp-0-2 mr-tmp-1-2 mr-tmp-2-2 mr-tmp-3-2 mr-tmp-4-2 mr-tmp-5-2 mr-tmp-6-2 mr-tmp-7-2] 10 0}
2024/03/05 10:13:00 worker  39 get order:  &{1 [mr-tmp-0-2 mr-tmp-1-2 mr-tmp-2-2 mr-tmp-3-2 mr-tmp-4-2 mr-tmp-5-2 mr-tmp-6-2 mr-tmp-7-2] 10 0}  order Type 1
