2024/03/05 12:06:31 31 :  call for  1  times
2024/03/05 12:06:31 CallOrder: worker get response &{0 [../pg-tom_sawyer.txt] 7 10}
2024/03/05 12:06:31 worker  31 get order:  &{0 [../pg-tom_sawyer.txt] 7 10}  order Type 0
2024/03/05 12:06:31 start 7 map
2024/03/05 12:06:31 Worker finish order 7, order type 0
2024/03/05 12:06:32 31 :  call for  2  times
2024/03/05 12:06:32 CallOrder: worker get response &{2 [] 0 0}
2024/03/05 12:06:32 worker  31 get order:  &{2 [] 0 0}  order Type 2
2024/03/05 12:06:32 31  waiting for order
2024/03/05 12:06:34 31 :  call for  3  times
2024/03/05 12:06:34 CallOrder: worker get response &{2 [] 0 0}
2024/03/05 12:06:34 worker  31 get order:  &{2 [] 0 0}  order Type 2
2024/03/05 12:06:34 31  waiting for order
2024/03/05 12:06:36 31 :  call for  4  times
2024/03/05 12:06:36 CallOrder: worker get response &{2 [] 0 0}
2024/03/05 12:06:36 worker  31 get order:  &{2 [] 0 0}  order Type 2
2024/03/05 12:06:36 31  waiting for order
2024/03/05 12:06:38 31 :  call for  5  times
2024/03/05 12:06:38 CallOrder: worker get response &{2 [] 0 0}
2024/03/05 12:06:38 worker  31 get order:  &{2 [] 0 0}  order Type 2
2024/03/05 12:06:38 31  waiting for order
2024/03/05 12:06:40 31 :  call for  6  times
2024/03/05 12:06:40 CallOrder: worker get response &{2 [] 0 0}
2024/03/05 12:06:40 worker  31 get order:  &{2 [] 0 0}  order Type 2
2024/03/05 12:06:40 31  waiting for order
2024/03/05 12:06:42 31 :  call for  7  times
2024/03/05 12:06:42 CallOrder: worker get response &{2 [] 0 0}
2024/03/05 12:06:42 worker  31 get order:  &{2 [] 0 0}  order Type 2
2024/03/05 12:06:42 31  waiting for order
2024/03/05 12:06:44 31 :  call for  8  times
2024/03/05 12:06:44 CallOrder: worker get response &{1 [mr-tmp-0-1 mr-tmp-1-1 mr-tmp-2-1 mr-tmp-3-1 mr-tmp-4-1 mr-tmp-5-1 mr-tmp-6-1 mr-tmp-7-1] 9 0}
2024/03/05 12:06:44 worker  31 get order:  &{1 [mr-tmp-0-1 mr-tmp-1-1 mr-tmp-2-1 mr-tmp-3-1 mr-tmp-4-1 mr-tmp-5-1 mr-tmp-6-1 mr-tmp-7-1] 9 0}  order Type 1
2024/03/05 12:06:44 start 9 map
2024/03/05 12:06:44 Worker finish order 9, order type 1
2024/03/05 12:06:45 31 :  call for  9  times
2024/03/05 12:06:45 CallOrder: worker get response &{1 [mr-tmp-0-3 mr-tmp-1-3 mr-tmp-2-3 mr-tmp-3-3 mr-tmp-4-3 mr-tmp-5-3 mr-tmp-6-3 mr-tmp-7-3] 11 0}
2024/03/05 12:06:45 worker  31 get order:  &{1 [mr-tmp-0-3 mr-tmp-1-3 mr-tmp-2-3 mr-tmp-3-3 mr-tmp-4-3 mr-tmp-5-3 mr-tmp-6-3 mr-tmp-7-3] 11 0}  order Type 1
2024/03/05 12:06:45 start 11 map
2024/03/05 12:06:45 Worker finish order 11, order type 1
2024/03/05 12:06:46 31 :  call for  10  times
2024/03/05 12:06:46 CallOrder: worker get response &{1 [mr-tmp-0-6 mr-tmp-1-6 mr-tmp-2-6 mr-tmp-3-6 mr-tmp-4-6 mr-tmp-5-6 mr-tmp-6-6 mr-tmp-7-6] 14 0}
2024/03/05 12:06:46 worker  31 get order:  &{1 [mr-tmp-0-6 mr-tmp-1-6 mr-tmp-2-6 mr-tmp-3-6 mr-tmp-4-6 mr-tmp-5-6 mr-tmp-6-6 mr-tmp-7-6] 14 0}  order Type 1
2024/03/05 12:06:46 start 14 map
2024/03/05 12:06:46 Worker finish order 14, order type 1
2024/03/05 12:06:47 31 :  call for  11  times
2024/03/05 12:06:47 CallOrder: worker get response &{1 [mr-tmp-0-9 mr-tmp-1-9 mr-tmp-2-9 mr-tmp-3-9 mr-tmp-4-9 mr-tmp-5-9 mr-tmp-6-9 mr-tmp-7-9] 17 0}
2024/03/05 12:06:47 worker  31 get order:  &{1 [mr-tmp-0-9 mr-tmp-1-9 mr-tmp-2-9 mr-tmp-3-9 mr-tmp-4-9 mr-tmp-5-9 mr-tmp-6-9 mr-tmp-7-9] 17 0}  order Type 1
2024/03/05 12:06:47 start 17 map
2024/03/05 12:06:47 Worker finish order 17, order type 1
2024/03/05 12:06:48 31 :  call for  12  times
2024/03/05 12:06:48 CallOrder: worker get response &{3 [] 0 0}
2024/03/05 12:06:48 worker  31 get order:  &{3 [] 0 0}  order Type 3
2024/03/05 12:06:48 31  waiting for order
2024/03/05 12:06:50 31 :  call for  13  times
2024/03/05 12:06:50 CallOrder: worker get response &{3 [] 0 0}
2024/03/05 12:06:50 worker  31 get order:  &{3 [] 0 0}  order Type 3
2024/03/05 12:06:50 31  waiting for order
2024/03/05 12:06:52 31 :  call for  14  times
2024/03/05 12:06:52 CallOrder: worker get response &{3 [] 0 0}
2024/03/05 12:06:52 worker  31 get order:  &{3 [] 0 0}  order Type 3
2024/03/05 12:06:52 31  waiting for order
2024/03/05 12:06:54 31 :  call for  15  times
2024/03/05 12:06:54 CallOrder: worker get response &{3 [] 0 0}
2024/03/05 12:06:54 worker  31 get order:  &{3 [] 0 0}  order Type 3
2024/03/05 12:06:54 31  waiting for order
2024/03/05 12:06:56 31 :  call for  16  times
2024/03/05 12:06:56 CallOrder: worker get response &{3 [] 0 0}
2024/03/05 12:06:56 worker  31 get order:  &{3 [] 0 0}  order Type 3
2024/03/05 12:06:56 31  waiting for order
2024/03/05 12:06:58 31 :  call for  17  times
2024/03/05 12:06:58 CallOrder: worker get response &{3 [] 0 0}
2024/03/05 12:06:58 worker  31 get order:  &{3 [] 0 0}  order Type 3
2024/03/05 12:06:58 31  waiting for order
2024/03/05 12:07:00 31 :  call for  18  times
2024/03/05 12:07:00 CallOrder: worker get response &{3 [] 0 0}
2024/03/05 12:07:00 worker  31 get order:  &{3 [] 0 0}  order Type 3
2024/03/05 12:07:00 31  waiting for order
2024/03/05 12:07:02 31 :  call for  19  times
2024/03/05 12:07:02 CallOrder: worker get response &{3 [] 0 0}
2024/03/05 12:07:02 worker  31 get order:  &{3 [] 0 0}  order Type 3
2024/03/05 12:07:02 31  waiting for order
2024/03/05 12:07:04 31 :  call for  20  times
2024/03/05 12:07:04 CallOrder: worker get response &{3 [] 0 0}
2024/03/05 12:07:04 worker  31 get order:  &{3 [] 0 0}  order Type 3
2024/03/05 12:07:04 31  waiting for order
2024/03/05 12:07:06 31 :  call for  21  times
2024/03/05 12:07:06 CallOrder: worker get response &{3 [] 0 0}
2024/03/05 12:07:06 worker  31 get order:  &{3 [] 0 0}  order Type 3
2024/03/05 12:07:06 31  waiting for order
2024/03/05 12:07:08 31 :  call for  22  times
2024/03/05 12:07:08 CallOrder: worker get response &{3 [] 0 0}
2024/03/05 12:07:08 worker  31 get order:  &{3 [] 0 0}  order Type 3
2024/03/05 12:07:08 31  waiting for order
2024/03/05 12:07:10 31 :  call for  23  times
2024/03/05 12:07:10 CallOrder: worker get response &{3 [] 0 0}
2024/03/05 12:07:10 worker  31 get order:  &{3 [] 0 0}  order Type 3
2024/03/05 12:07:10 31  waiting for order
2024/03/05 12:07:12 31 :  call for  24  times
2024/03/05 12:07:12 CallOrder: worker get response &{3 [] 0 0}
2024/03/05 12:07:12 worker  31 get order:  &{3 [] 0 0}  order Type 3
2024/03/05 12:07:12 31  waiting for order
2024/03/05 12:07:14 31 :  call for  25  times
2024/03/05 12:07:14 CallOrder: worker get response &{3 [] 0 0}
2024/03/05 12:07:14 worker  31 get order:  &{3 [] 0 0}  order Type 3
2024/03/05 12:07:14 31  waiting for order
2024/03/05 12:07:16 31 :  call for  26  times
2024/03/05 12:07:16 CallOrder: worker get response &{3 [] 0 0}
2024/03/05 12:07:16 worker  31 get order:  &{3 [] 0 0}  order Type 3
2024/03/05 12:07:16 31  waiting for order
2024/03/05 12:07:18 31 :  call for  27  times
2024/03/05 12:07:18 CallOrder: worker get response &{3 [] 0 0}
2024/03/05 12:07:18 worker  31 get order:  &{3 [] 0 0}  order Type 3
2024/03/05 12:07:18 31  waiting for order
2024/03/05 12:07:20 31 :  call for  28  times
2024/03/05 12:07:20 dialing:dial unix /var/tmp/824-mr-0: connect: connection refused
