2024/03/05 01:53:06 6 :  call for  1  times
2024/03/05 01:53:06 CallOrder: worker get response &{2 [] 0 0}
2024/03/05 01:53:06 worker  6 get order:  &{2 [] 0 0}  order Type 2
2024/03/05 01:53:06 6  waiting for order
2024/03/05 01:53:08 6 :  call for  2  times
2024/03/05 01:53:08 CallOrder: worker get response &{2 [] 0 0}
2024/03/05 01:53:08 worker  6 get order:  &{2 [] 0 0}  order Type 2
2024/03/05 01:53:08 6  waiting for order
2024/03/05 01:53:10 6 :  call for  3  times
2024/03/05 01:53:10 CallOrder: worker get response &{2 [] 0 0}
2024/03/05 01:53:10 worker  6 get order:  &{2 [] 0 0}  order Type 2
2024/03/05 01:53:10 6  waiting for order
2024/03/05 01:53:12 6 :  call for  4  times
2024/03/05 01:53:12 CallOrder: worker get response &{2 [] 0 0}
2024/03/05 01:53:12 worker  6 get order:  &{2 [] 0 0}  order Type 2
2024/03/05 01:53:12 6  waiting for order
2024/03/05 01:53:14 6 :  call for  5  times
2024/03/05 01:53:14 CallOrder: worker get response &{2 [] 0 0}
2024/03/05 01:53:14 worker  6 get order:  &{2 [] 0 0}  order Type 2
2024/03/05 01:53:14 6  waiting for order
2024/03/05 01:53:16 6 :  call for  6  times
2024/03/05 01:53:16 CallOrder: worker get response &{2 [] 0 0}
2024/03/05 01:53:16 worker  6 get order:  &{2 [] 0 0}  order Type 2
2024/03/05 01:53:16 6  waiting for order
2024/03/05 01:53:18 6 :  call for  7  times
2024/03/05 01:53:18 CallOrder: worker get response &{2 [] 0 0}
2024/03/05 01:53:18 worker  6 get order:  &{2 [] 0 0}  order Type 2
2024/03/05 01:53:18 6  waiting for order
2024/03/05 01:53:20 6 :  call for  8  times
2024/03/05 01:53:20 CallOrder: worker get response &{2 [] 0 0}
2024/03/05 01:53:20 worker  6 get order:  &{2 [] 0 0}  order Type 2
2024/03/05 01:53:20 6  waiting for order
2024/03/05 01:53:22 6 :  call for  9  times
2024/03/05 01:53:22 CallOrder: worker get response &{2 [] 0 0}
2024/03/05 01:53:22 worker  6 get order:  &{2 [] 0 0}  order Type 2
2024/03/05 01:53:22 6  waiting for order
2024/03/05 01:53:24 6 :  call for  10  times
2024/03/05 01:53:24 CallOrder: worker get response &{1 [mr-tmp-0-1 mr-tmp-1-1 mr-tmp-2-1 mr-tmp-3-1 mr-tmp-4-1 mr-tmp-5-1 mr-tmp-6-1 mr-tmp-7-1] 9 0}
2024/03/05 01:53:24 worker  6 get order:  &{1 [mr-tmp-0-1 mr-tmp-1-1 mr-tmp-2-1 mr-tmp-3-1 mr-tmp-4-1 mr-tmp-5-1 mr-tmp-6-1 mr-tmp-7-1] 9 0}  order Type 1
2024/03/05 01:53:24 start 9 map
2024/03/05 01:53:24 Worker finish order 9, order type 1
2024/03/05 01:53:25 6 :  call for  11  times
2024/03/05 01:53:25 CallOrder: worker get response &{1 [mr-tmp-0-3 mr-tmp-1-3 mr-tmp-2-3 mr-tmp-3-3 mr-tmp-4-3 mr-tmp-5-3 mr-tmp-6-3 mr-tmp-7-3] 11 0}
2024/03/05 01:53:25 worker  6 get order:  &{1 [mr-tmp-0-3 mr-tmp-1-3 mr-tmp-2-3 mr-tmp-3-3 mr-tmp-4-3 mr-tmp-5-3 mr-tmp-6-3 mr-tmp-7-3] 11 0}  order Type 1
2024/03/05 01:53:25 start 11 map
2024/03/05 01:53:25 Worker finish order 11, order type 1
2024/03/05 01:53:26 6 :  call for  12  times
2024/03/05 01:53:26 CallOrder: worker get response &{1 [mr-tmp-0-5 mr-tmp-1-5 mr-tmp-2-5 mr-tmp-3-5 mr-tmp-4-5 mr-tmp-5-5 mr-tmp-6-5 mr-tmp-7-5] 13 0}
2024/03/05 01:53:26 worker  6 get order:  &{1 [mr-tmp-0-5 mr-tmp-1-5 mr-tmp-2-5 mr-tmp-3-5 mr-tmp-4-5 mr-tmp-5-5 mr-tmp-6-5 mr-tmp-7-5] 13 0}  order Type 1
2024/03/05 01:53:26 start 13 map
2024/03/05 01:53:26 Worker finish order 13, order type 1
2024/03/05 01:53:27 6 :  call for  13  times
2024/03/05 01:53:27 CallOrder: worker get response &{1 [mr-tmp-0-7 mr-tmp-1-7 mr-tmp-2-7 mr-tmp-3-7 mr-tmp-4-7 mr-tmp-5-7 mr-tmp-6-7 mr-tmp-7-7] 15 0}
2024/03/05 01:53:27 worker  6 get order:  &{1 [mr-tmp-0-7 mr-tmp-1-7 mr-tmp-2-7 mr-tmp-3-7 mr-tmp-4-7 mr-tmp-5-7 mr-tmp-6-7 mr-tmp-7-7] 15 0}  order Type 1
2024/03/05 01:53:27 start 15 map
2024/03/05 01:53:27 Worker finish order 15, order type 1
2024/03/05 01:53:28 6 :  call for  14  times
2024/03/05 01:53:28 CallOrder: worker get response &{1 [mr-tmp-0-9 mr-tmp-1-9 mr-tmp-2-9 mr-tmp-3-9 mr-tmp-4-9 mr-tmp-5-9 mr-tmp-6-9 mr-tmp-7-9] 17 0}
2024/03/05 01:53:28 worker  6 get order:  &{1 [mr-tmp-0-9 mr-tmp-1-9 mr-tmp-2-9 mr-tmp-3-9 mr-tmp-4-9 mr-tmp-5-9 mr-tmp-6-9 mr-tmp-7-9] 17 0}  order Type 1
