2024/03/05 02:19:55 55 :  call for  1  times
2024/03/05 02:19:55 CallOrder: worker get response &{0 [../pg-dorian_gray.txt] 1 10}
2024/03/05 02:19:55 worker  55 get order:  &{0 [../pg-dorian_gray.txt] 1 10}  order Type 0
2024/03/05 02:20:00 start 1 map
2024/03/05 02:20:00 Worker finish order 1, order type 0
2024/03/05 02:20:01 55 :  call for  2  times
2024/03/05 02:20:01 CallOrder: worker get response &{2 [] 0 0}
2024/03/05 02:20:01 worker  55 get order:  &{2 [] 0 0}  order Type 2
2024/03/05 02:20:01 55  waiting for order
2024/03/05 02:20:03 55 :  call for  3  times
2024/03/05 02:20:03 CallOrder: worker get response &{2 [] 0 0}
2024/03/05 02:20:03 worker  55 get order:  &{2 [] 0 0}  order Type 2
2024/03/05 02:20:03 55  waiting for order
2024/03/05 02:20:05 55 :  call for  4  times
2024/03/05 02:20:05 CallOrder: worker get response &{2 [] 0 0}
2024/03/05 02:20:05 worker  55 get order:  &{2 [] 0 0}  order Type 2
2024/03/05 02:20:05 55  waiting for order
2024/03/05 02:20:07 55 :  call for  5  times
2024/03/05 02:20:07 CallOrder: worker get response &{0 [../pg-being_ernest.txt] 0 10}
2024/03/05 02:20:07 worker  55 get order:  &{0 [../pg-being_ernest.txt] 0 10}  order Type 0
2024/03/05 02:20:10 start 0 map
2024/03/05 02:20:10 Worker finish order 0, order type 0
2024/03/05 02:20:11 55 :  call for  6  times
2024/03/05 02:20:11 CallOrder: worker get response &{2 [] 0 0}
2024/03/05 02:20:11 worker  55 get order:  &{2 [] 0 0}  order Type 2
2024/03/05 02:20:11 55  waiting for order
2024/03/05 02:20:13 55 :  call for  7  times
2024/03/05 02:20:13 CallOrder: worker get response &{2 [] 0 0}
2024/03/05 02:20:13 worker  55 get order:  &{2 [] 0 0}  order Type 2
2024/03/05 02:20:13 55  waiting for order
2024/03/05 02:20:15 55 :  call for  8  times
2024/03/05 02:20:15 CallOrder: worker get response &{2 [] 0 0}
2024/03/05 02:20:15 worker  55 get order:  &{2 [] 0 0}  order Type 2
2024/03/05 02:20:15 55  waiting for order
2024/03/05 02:20:17 55 :  call for  9  times
2024/03/05 02:20:17 CallOrder: worker get response &{0 [../pg-frankenstein.txt] 2 10}
2024/03/05 02:20:17 worker  55 get order:  &{0 [../pg-frankenstein.txt] 2 10}  order Type 0
2024/03/05 02:20:17 start 2 map
2024/03/05 02:20:17 Worker finish order 2, order type 0
2024/03/05 02:20:18 55 :  call for  10  times
2024/03/05 02:20:18 CallOrder: worker get response &{1 [mr-tmp-0-2 mr-tmp-1-2 mr-tmp-2-2 mr-tmp-3-2 mr-tmp-4-2 mr-tmp-5-2 mr-tmp-6-2 mr-tmp-7-2] 10 0}
2024/03/05 02:20:18 worker  55 get order:  &{1 [mr-tmp-0-2 mr-tmp-1-2 mr-tmp-2-2 mr-tmp-3-2 mr-tmp-4-2 mr-tmp-5-2 mr-tmp-6-2 mr-tmp-7-2] 10 0}  order Type 1
