2024/03/05 07:39:23 23 :  call for  1  times
2024/03/05 07:39:23 CallOrder: worker get response &{0 [../pg-frankenstein.txt] 2 10}
2024/03/05 07:39:23 worker  23 get order:  &{0 [../pg-frankenstein.txt] 2 10}  order Type 0
2024/03/05 07:39:23 start 2 map
2024/03/05 07:39:23 Worker finish order 2, order type 0
2024/03/05 07:39:24 23 :  call for  2  times
2024/03/05 07:39:24 CallOrder: worker get response &{0 [../pg-huckleberry_finn.txt] 4 10}
2024/03/05 07:39:24 worker  23 get order:  &{0 [../pg-huckleberry_finn.txt] 4 10}  order Type 0
2024/03/05 07:39:24 start 4 map
2024/03/05 07:39:24 Worker finish order 4, order type 0
2024/03/05 07:39:25 23 :  call for  3  times
2024/03/05 07:39:25 CallOrder: worker get response &{2 [] 0 0}
2024/03/05 07:39:25 worker  23 get order:  &{2 [] 0 0}  order Type 2
2024/03/05 07:39:25 23  waiting for order
2024/03/05 07:39:27 23 :  call for  4  times
2024/03/05 07:39:27 CallOrder: worker get response &{1 [mr-tmp-0-2 mr-tmp-1-2 mr-tmp-2-2 mr-tmp-3-2 mr-tmp-4-2 mr-tmp-5-2 mr-tmp-6-2 mr-tmp-7-2] 10 0}
2024/03/05 07:39:27 worker  23 get order:  &{1 [mr-tmp-0-2 mr-tmp-1-2 mr-tmp-2-2 mr-tmp-3-2 mr-tmp-4-2 mr-tmp-5-2 mr-tmp-6-2 mr-tmp-7-2] 10 0}  order Type 1
2024/03/05 07:39:30 start 10 map
2024/03/05 07:39:30 Worker finish order 10, order type 1
2024/03/05 07:39:31 23 :  call for  5  times
2024/03/05 07:39:31 CallOrder: worker get response &{1 [mr-tmp-0-9 mr-tmp-1-9 mr-tmp-2-9 mr-tmp-3-9 mr-tmp-4-9 mr-tmp-5-9 mr-tmp-6-9 mr-tmp-7-9] 17 0}
2024/03/05 07:39:31 worker  23 get order:  &{1 [mr-tmp-0-9 mr-tmp-1-9 mr-tmp-2-9 mr-tmp-3-9 mr-tmp-4-9 mr-tmp-5-9 mr-tmp-6-9 mr-tmp-7-9] 17 0}  order Type 1
2024/03/05 07:39:31 start 17 map
2024/03/05 07:39:31 Worker finish order 17, order type 1
2024/03/05 07:39:32 23 :  call for  6  times
2024/03/05 07:39:32 CallOrder: worker get response &{4 [] 0 0}
2024/03/05 07:39:32 worker  23 get order:  &{4 [] 0 0}  order Type 4
2024/03/05 07:39:33 23  killed
