2024/03/04 22:10:48 48 :  call for  1  times
2024/03/04 22:10:48 CallOrder: worker get response &{0 [../pg-dorian_gray.txt] 1 10}
2024/03/04 22:10:48 worker  48 get order:  &{0 [../pg-dorian_gray.txt] 1 10}  order Type 0
2024/03/04 22:10:53 start 1 map
2024/03/04 22:10:53 Worker finish order 1, order type 0
2024/03/04 22:10:54 48 :  call for  2  times
2024/03/04 22:10:54 CallOrder: worker get response &{2 [] 0 0}
2024/03/04 22:10:54 worker  48 get order:  &{2 [] 0 0}  order Type 2
2024/03/04 22:10:54 48  waiting for order
2024/03/04 22:10:56 48 :  call for  3  times
2024/03/04 22:10:56 CallOrder: worker get response &{2 [] 0 0}
2024/03/04 22:10:56 worker  48 get order:  &{2 [] 0 0}  order Type 2
2024/03/04 22:10:56 48  waiting for order
2024/03/04 22:10:58 48 :  call for  4  times
2024/03/04 22:10:58 CallOrder: worker get response &{2 [] 0 0}
2024/03/04 22:10:58 worker  48 get order:  &{2 [] 0 0}  order Type 2
2024/03/04 22:10:58 48  waiting for order
2024/03/04 22:11:00 48 :  call for  5  times
2024/03/04 22:11:00 CallOrder: worker get response &{2 [] 0 0}
2024/03/04 22:11:00 worker  48 get order:  &{2 [] 0 0}  order Type 2
2024/03/04 22:11:00 48  waiting for order
2024/03/04 22:11:02 48 :  call for  6  times
2024/03/04 22:11:02 CallOrder: worker get response &{2 [] 0 0}
2024/03/04 22:11:02 worker  48 get order:  &{2 [] 0 0}  order Type 2
2024/03/04 22:11:02 48  waiting for order
2024/03/04 22:11:04 48 :  call for  7  times
2024/03/04 22:11:04 CallOrder: worker get response &{2 [] 0 0}
2024/03/04 22:11:04 worker  48 get order:  &{2 [] 0 0}  order Type 2
2024/03/04 22:11:04 48  waiting for order
2024/03/04 22:11:06 48 :  call for  8  times
2024/03/04 22:11:06 CallOrder: worker get response &{2 [] 0 0}
2024/03/04 22:11:06 worker  48 get order:  &{2 [] 0 0}  order Type 2
2024/03/04 22:11:06 48  waiting for order
2024/03/04 22:11:08 48 :  call for  9  times
2024/03/04 22:11:08 CallOrder: worker get response &{2 [] 0 0}
2024/03/04 22:11:08 worker  48 get order:  &{2 [] 0 0}  order Type 2
2024/03/04 22:11:08 48  waiting for order
2024/03/04 22:11:10 48 :  call for  10  times
2024/03/04 22:11:10 CallOrder: worker get response &{2 [] 0 0}
2024/03/04 22:11:10 worker  48 get order:  &{2 [] 0 0}  order Type 2
2024/03/04 22:11:10 48  waiting for order
2024/03/04 22:11:12 48 :  call for  11  times
2024/03/04 22:11:12 CallOrder: worker get response &{2 [] 0 0}
2024/03/04 22:11:12 worker  48 get order:  &{2 [] 0 0}  order Type 2
2024/03/04 22:11:12 48  waiting for order
2024/03/04 22:11:14 48 :  call for  12  times
2024/03/04 22:11:14 CallOrder: worker get response &{2 [] 0 0}
2024/03/04 22:11:14 worker  48 get order:  &{2 [] 0 0}  order Type 2
2024/03/04 22:11:14 48  waiting for order
2024/03/04 22:11:16 48 :  call for  13  times
2024/03/04 22:11:16 CallOrder: worker get response &{2 [] 0 0}
2024/03/04 22:11:16 worker  48 get order:  &{2 [] 0 0}  order Type 2
2024/03/04 22:11:16 48  waiting for order
2024/03/04 22:11:18 48 :  call for  14  times
2024/03/04 22:11:18 CallOrder: worker get response &{2 [] 0 0}
2024/03/04 22:11:18 worker  48 get order:  &{2 [] 0 0}  order Type 2
2024/03/04 22:11:18 48  waiting for order
2024/03/04 22:11:20 48 :  call for  15  times
2024/03/04 22:11:20 CallOrder: worker get response &{2 [] 0 0}
2024/03/04 22:11:20 worker  48 get order:  &{2 [] 0 0}  order Type 2
2024/03/04 22:11:20 48  waiting for order
2024/03/04 22:11:22 48 :  call for  16  times
2024/03/04 22:11:22 CallOrder: worker get response &{2 [] 0 0}
2024/03/04 22:11:22 worker  48 get order:  &{2 [] 0 0}  order Type 2
2024/03/04 22:11:22 48  waiting for order
2024/03/04 22:11:24 48 :  call for  17  times
2024/03/04 22:11:24 CallOrder: worker get response &{2 [] 0 0}
2024/03/04 22:11:24 worker  48 get order:  &{2 [] 0 0}  order Type 2
2024/03/04 22:11:24 48  waiting for order
2024/03/04 22:11:26 48 :  call for  18  times
2024/03/04 22:11:26 CallOrder: worker get response &{2 [] 0 0}
2024/03/04 22:11:26 worker  48 get order:  &{2 [] 0 0}  order Type 2
2024/03/04 22:11:26 48  waiting for order
2024/03/04 22:11:28 48 :  call for  19  times
2024/03/04 22:11:28 CallOrder: worker get response &{2 [] 0 0}
2024/03/04 22:11:28 worker  48 get order:  &{2 [] 0 0}  order Type 2
2024/03/04 22:11:28 48  waiting for order
2024/03/04 22:11:30 48 :  call for  20  times
2024/03/04 22:11:30 CallOrder: worker get response &{2 [] 0 0}
2024/03/04 22:11:30 worker  48 get order:  &{2 [] 0 0}  order Type 2
2024/03/04 22:11:30 48  waiting for order
2024/03/04 22:11:32 48 :  call for  21  times
2024/03/04 22:11:32 CallOrder: worker get response &{2 [] 0 0}
2024/03/04 22:11:32 worker  48 get order:  &{2 [] 0 0}  order Type 2
2024/03/04 22:11:32 48  waiting for order
2024/03/04 22:11:34 48 :  call for  22  times
2024/03/04 22:11:34 CallOrder: worker get response &{2 [] 0 0}
2024/03/04 22:11:34 worker  48 get order:  &{2 [] 0 0}  order Type 2
2024/03/04 22:11:34 48  waiting for order
2024/03/04 22:11:36 48 :  call for  23  times
2024/03/04 22:11:36 CallOrder: worker get response &{2 [] 0 0}
2024/03/04 22:11:36 worker  48 get order:  &{2 [] 0 0}  order Type 2
2024/03/04 22:11:36 48  waiting for order
2024/03/04 22:11:38 48 :  call for  24  times
2024/03/04 22:11:38 CallOrder: worker get response &{2 [] 0 0}
2024/03/04 22:11:38 worker  48 get order:  &{2 [] 0 0}  order Type 2
2024/03/04 22:11:38 48  waiting for order
2024/03/04 22:11:40 48 :  call for  25  times
2024/03/04 22:11:40 CallOrder: worker get response &{2 [] 0 0}
2024/03/04 22:11:40 worker  48 get order:  &{2 [] 0 0}  order Type 2
2024/03/04 22:11:40 48  waiting for order
2024/03/04 22:11:42 48 :  call for  26  times
2024/03/04 22:11:42 CallOrder: worker get response &{2 [] 0 0}
2024/03/04 22:11:42 worker  48 get order:  &{2 [] 0 0}  order Type 2
2024/03/04 22:11:42 48  waiting for order
2024/03/04 22:11:44 48 :  call for  27  times
2024/03/04 22:11:44 CallOrder: worker get response &{2 [] 0 0}
2024/03/04 22:11:44 worker  48 get order:  &{2 [] 0 0}  order Type 2
2024/03/04 22:11:44 48  waiting for order
2024/03/04 22:11:46 48 :  call for  28  times
2024/03/04 22:11:46 CallOrder: worker get response &{2 [] 0 0}
2024/03/04 22:11:46 worker  48 get order:  &{2 [] 0 0}  order Type 2
2024/03/04 22:11:46 48  waiting for order
2024/03/04 22:11:48 48 :  call for  29  times
2024/03/04 22:11:48 CallOrder: worker get response &{2 [] 0 0}
2024/03/04 22:11:48 worker  48 get order:  &{2 [] 0 0}  order Type 2
2024/03/04 22:11:48 48  waiting for order
2024/03/04 22:11:50 48 :  call for  30  times
2024/03/04 22:11:50 CallOrder: worker get response &{1 [mr-tmp-0-6 mr-tmp-1-6 mr-tmp-2-6 mr-tmp-3-6 mr-tmp-4-6 mr-tmp-5-6 mr-tmp-6-6 mr-tmp-7-6] 14 0}
2024/03/04 22:11:50 worker  48 get order:  &{1 [mr-tmp-0-6 mr-tmp-1-6 mr-tmp-2-6 mr-tmp-3-6 mr-tmp-4-6 mr-tmp-5-6 mr-tmp-6-6 mr-tmp-7-6] 14 0}  order Type 1
2024/03/04 22:11:50 start 14 map
2024/03/04 22:11:50 Worker finish order 14, order type 1
2024/03/04 22:11:51 48 :  call for  31  times
2024/03/04 22:11:51 CallOrder: worker get response &{3 [] 0 0}
2024/03/04 22:11:51 worker  48 get order:  &{3 [] 0 0}  order Type 3
2024/03/04 22:11:51 48  waiting for order
2024/03/04 22:11:53 48 :  call for  32  times
2024/03/04 22:11:53 CallOrder: worker get response &{3 [] 0 0}
2024/03/04 22:11:53 worker  48 get order:  &{3 [] 0 0}  order Type 3
2024/03/04 22:11:53 48  waiting for order
2024/03/04 22:11:55 48 :  call for  33  times
2024/03/04 22:11:55 CallOrder: worker get response &{3 [] 0 0}
2024/03/04 22:11:55 worker  48 get order:  &{3 [] 0 0}  order Type 3
2024/03/04 22:11:55 48  waiting for order
2024/03/04 22:11:57 48 :  call for  34  times
2024/03/04 22:11:57 CallOrder: worker get response &{3 [] 0 0}
2024/03/04 22:11:57 worker  48 get order:  &{3 [] 0 0}  order Type 3
2024/03/04 22:11:57 48  waiting for order
2024/03/04 22:11:59 48 :  call for  35  times
2024/03/04 22:11:59 CallOrder: worker get response &{3 [] 0 0}
2024/03/04 22:11:59 worker  48 get order:  &{3 [] 0 0}  order Type 3
2024/03/04 22:11:59 48  waiting for order
2024/03/04 22:12:01 48 :  call for  36  times
2024/03/04 22:12:01 CallOrder: worker get response &{3 [] 0 0}
2024/03/04 22:12:01 worker  48 get order:  &{3 [] 0 0}  order Type 3
2024/03/04 22:12:01 48  waiting for order
2024/03/04 22:12:03 48 :  call for  37  times
2024/03/04 22:12:03 CallOrder: worker get response &{3 [] 0 0}
2024/03/04 22:12:03 worker  48 get order:  &{3 [] 0 0}  order Type 3
2024/03/04 22:12:03 48  waiting for order
2024/03/04 22:12:05 48 :  call for  38  times
2024/03/04 22:12:05 CallOrder: worker get response &{3 [] 0 0}
2024/03/04 22:12:05 worker  48 get order:  &{3 [] 0 0}  order Type 3
2024/03/04 22:12:05 48  waiting for order
2024/03/04 22:12:07 48 :  call for  39  times
2024/03/04 22:12:07 CallOrder: worker get response &{3 [] 0 0}
2024/03/04 22:12:07 worker  48 get order:  &{3 [] 0 0}  order Type 3
2024/03/04 22:12:07 48  waiting for order
2024/03/04 22:12:09 48 :  call for  40  times
2024/03/04 22:12:09 CallOrder: worker get response &{3 [] 0 0}
2024/03/04 22:12:09 worker  48 get order:  &{3 [] 0 0}  order Type 3
2024/03/04 22:12:09 48  waiting for order
2024/03/04 22:12:11 48 :  call for  41  times
2024/03/04 22:12:11 CallOrder: worker get response &{3 [] 0 0}
2024/03/04 22:12:11 worker  48 get order:  &{3 [] 0 0}  order Type 3
2024/03/04 22:12:11 48  waiting for order
2024/03/04 22:12:13 48 :  call for  42  times
2024/03/04 22:12:13 CallOrder: worker get response &{3 [] 0 0}
2024/03/04 22:12:13 worker  48 get order:  &{3 [] 0 0}  order Type 3
2024/03/04 22:12:13 48  waiting for order
2024/03/04 22:12:15 48 :  call for  43  times
2024/03/04 22:12:15 CallOrder: worker get response &{3 [] 0 0}
2024/03/04 22:12:15 worker  48 get order:  &{3 [] 0 0}  order Type 3
2024/03/04 22:12:15 48  waiting for order
2024/03/04 22:12:17 48 :  call for  44  times
2024/03/04 22:12:17 CallOrder: worker get response &{4 [] 0 0}
2024/03/04 22:12:17 worker  48 get order:  &{4 [] 0 0}  order Type 4
2024/03/04 22:12:18 48  killed
