2024/03/04 21:55:46 46 :  call for  1  times
2024/03/04 21:55:46 CallOrder: worker get response &{0 [../pg-being_ernest.txt] 0 10}
2024/03/04 21:55:46 worker  46 get order:  &{0 [../pg-being_ernest.txt] 0 10}  order Type 0
2024/03/04 21:55:46 start 0 map
2024/03/04 21:55:46 Worker finish order 0, order type 0
2024/03/04 21:55:47 46 :  call for  2  times
2024/03/04 21:55:47 CallOrder: worker get response &{0 [../pg-frankenstein.txt] 2 10}
2024/03/04 21:55:47 worker  46 get order:  &{0 [../pg-frankenstein.txt] 2 10}  order Type 0
2024/03/04 21:55:47 start 2 map
2024/03/04 21:55:47 Worker finish order 2, order type 0
2024/03/04 21:55:48 46 :  call for  3  times
2024/03/04 21:55:48 CallOrder: worker get response &{0 [../pg-huckleberry_finn.txt] 4 10}
2024/03/04 21:55:48 worker  46 get order:  &{0 [../pg-huckleberry_finn.txt] 4 10}  order Type 0
2024/03/04 21:55:48 start 4 map
2024/03/04 21:55:48 Worker finish order 4, order type 0
2024/03/04 21:55:49 46 :  call for  4  times
2024/03/04 21:55:49 CallOrder: worker get response &{0 [../pg-tom_sawyer.txt] 7 10}
2024/03/04 21:55:49 worker  46 get order:  &{0 [../pg-tom_sawyer.txt] 7 10}  order Type 0
2024/03/04 21:55:49 start 7 map
2024/03/04 21:55:49 Worker finish order 7, order type 0
2024/03/04 21:55:50 46 :  call for  5  times
2024/03/04 21:55:50 CallOrder: worker get response &{1 [mr-tmp-0-0 mr-tmp-1-0 mr-tmp-2-0 mr-tmp-3-0 mr-tmp-4-0 mr-tmp-5-0 mr-tmp-6-0 mr-tmp-7-0] 8 0}
2024/03/04 21:55:50 worker  46 get order:  &{1 [mr-tmp-0-0 mr-tmp-1-0 mr-tmp-2-0 mr-tmp-3-0 mr-tmp-4-0 mr-tmp-5-0 mr-tmp-6-0 mr-tmp-7-0] 8 0}  order Type 1
2024/03/04 21:55:51 start 8 map
2024/03/04 21:55:51 Worker finish order 8, order type 1
2024/03/04 21:55:52 46 :  call for  6  times
2024/03/04 21:55:52 CallOrder: worker get response &{1 [mr-tmp-0-2 mr-tmp-1-2 mr-tmp-2-2 mr-tmp-3-2 mr-tmp-4-2 mr-tmp-5-2 mr-tmp-6-2 mr-tmp-7-2] 10 0}
2024/03/04 21:55:52 worker  46 get order:  &{1 [mr-tmp-0-2 mr-tmp-1-2 mr-tmp-2-2 mr-tmp-3-2 mr-tmp-4-2 mr-tmp-5-2 mr-tmp-6-2 mr-tmp-7-2] 10 0}  order Type 1
2024/03/04 21:55:53 start 10 map
2024/03/04 21:55:53 Worker finish order 10, order type 1
2024/03/04 21:55:54 46 :  call for  7  times
2024/03/04 21:55:54 CallOrder: worker get response &{1 [mr-tmp-0-4 mr-tmp-1-4 mr-tmp-2-4 mr-tmp-3-4 mr-tmp-4-4 mr-tmp-5-4 mr-tmp-6-4 mr-tmp-7-4] 12 0}
2024/03/04 21:55:54 worker  46 get order:  &{1 [mr-tmp-0-4 mr-tmp-1-4 mr-tmp-2-4 mr-tmp-3-4 mr-tmp-4-4 mr-tmp-5-4 mr-tmp-6-4 mr-tmp-7-4] 12 0}  order Type 1
2024/03/04 21:55:56 start 12 map
2024/03/04 21:55:56 Worker finish order 12, order type 1
2024/03/04 21:55:57 46 :  call for  8  times
2024/03/04 21:55:57 CallOrder: worker get response &{1 [mr-tmp-0-6 mr-tmp-1-6 mr-tmp-2-6 mr-tmp-3-6 mr-tmp-4-6 mr-tmp-5-6 mr-tmp-6-6 mr-tmp-7-6] 14 0}
2024/03/04 21:55:57 worker  46 get order:  &{1 [mr-tmp-0-6 mr-tmp-1-6 mr-tmp-2-6 mr-tmp-3-6 mr-tmp-4-6 mr-tmp-5-6 mr-tmp-6-6 mr-tmp-7-6] 14 0}  order Type 1
2024/03/04 21:55:58 start 14 map
2024/03/04 21:55:58 Worker finish order 14, order type 1
2024/03/04 21:55:59 46 :  call for  9  times
2024/03/04 21:55:59 CallOrder: worker get response &{1 [mr-tmp-0-8 mr-tmp-1-8 mr-tmp-2-8 mr-tmp-3-8 mr-tmp-4-8 mr-tmp-5-8 mr-tmp-6-8 mr-tmp-7-8] 16 0}
2024/03/04 21:55:59 worker  46 get order:  &{1 [mr-tmp-0-8 mr-tmp-1-8 mr-tmp-2-8 mr-tmp-3-8 mr-tmp-4-8 mr-tmp-5-8 mr-tmp-6-8 mr-tmp-7-8] 16 0}  order Type 1
2024/03/04 21:55:59 start 16 map
2024/03/04 21:55:59 Worker finish order 16, order type 1
2024/03/04 21:56:00 46 :  call for  10  times
2024/03/04 21:56:00 CallOrder: worker get response &{3 [] 0 0}
2024/03/04 21:56:00 worker  46 get order:  &{3 [] 0 0}  order Type 3
2024/03/04 21:56:00 46  waiting for order
2024/03/04 21:56:02 46 :  call for  11  times
2024/03/04 21:56:02 CallOrder: worker get response &{4 [] 0 0}
2024/03/04 21:56:02 worker  46 get order:  &{4 [] 0 0}  order Type 4
2024/03/04 21:56:03 46  killed
