2024/03/05 05:10:12 12 :  call for  1  times
2024/03/05 05:10:12 CallOrder: worker get response &{0 [../pg-frankenstein.txt] 2 10}
2024/03/05 05:10:12 worker  12 get order:  &{0 [../pg-frankenstein.txt] 2 10}  order Type 0
2024/03/05 05:10:13 start 2 map
2024/03/05 05:10:13 Worker finish order 2, order type 0
2024/03/05 05:10:14 12 :  call for  2  times
2024/03/05 05:10:14 CallOrder: worker get response &{0 [../pg-metamorphosis.txt] 5 10}
2024/03/05 05:10:14 worker  12 get order:  &{0 [../pg-metamorphosis.txt] 5 10}  order Type 0
2024/03/05 05:10:14 start 5 map
2024/03/05 05:10:14 Worker finish order 5, order type 0
2024/03/05 05:10:15 12 :  call for  3  times
2024/03/05 05:10:15 CallOrder: worker get response &{0 [../pg-tom_sawyer.txt] 7 10}
2024/03/05 05:10:15 worker  12 get order:  &{0 [../pg-tom_sawyer.txt] 7 10}  order Type 0
2024/03/05 05:10:15 start 7 map
2024/03/05 05:10:15 Worker finish order 7, order type 0
2024/03/05 05:10:16 12 :  call for  4  times
2024/03/05 05:10:16 CallOrder: worker get response &{1 [mr-tmp-0-0 mr-tmp-1-0 mr-tmp-2-0 mr-tmp-3-0 mr-tmp-4-0 mr-tmp-5-0 mr-tmp-6-0 mr-tmp-7-0] 8 0}
2024/03/05 05:10:16 worker  12 get order:  &{1 [mr-tmp-0-0 mr-tmp-1-0 mr-tmp-2-0 mr-tmp-3-0 mr-tmp-4-0 mr-tmp-5-0 mr-tmp-6-0 mr-tmp-7-0] 8 0}  order Type 1
2024/03/05 05:10:16 start 8 map
2024/03/05 05:10:16 Worker finish order 8, order type 1
2024/03/05 05:10:17 12 :  call for  5  times
2024/03/05 05:10:17 CallOrder: worker get response &{1 [mr-tmp-0-2 mr-tmp-1-2 mr-tmp-2-2 mr-tmp-3-2 mr-tmp-4-2 mr-tmp-5-2 mr-tmp-6-2 mr-tmp-7-2] 10 0}
2024/03/05 05:10:17 worker  12 get order:  &{1 [mr-tmp-0-2 mr-tmp-1-2 mr-tmp-2-2 mr-tmp-3-2 mr-tmp-4-2 mr-tmp-5-2 mr-tmp-6-2 mr-tmp-7-2] 10 0}  order Type 1
2024/03/05 05:10:20 start 10 map
2024/03/05 05:10:20 Worker finish order 10, order type 1
2024/03/05 05:10:21 12 :  call for  6  times
2024/03/05 05:10:21 CallOrder: worker get response &{1 [mr-tmp-0-8 mr-tmp-1-8 mr-tmp-2-8 mr-tmp-3-8 mr-tmp-4-8 mr-tmp-5-8 mr-tmp-6-8 mr-tmp-7-8] 16 0}
2024/03/05 05:10:21 worker  12 get order:  &{1 [mr-tmp-0-8 mr-tmp-1-8 mr-tmp-2-8 mr-tmp-3-8 mr-tmp-4-8 mr-tmp-5-8 mr-tmp-6-8 mr-tmp-7-8] 16 0}  order Type 1
2024/03/05 05:10:21 start 16 map
2024/03/05 05:10:21 Worker finish order 16, order type 1
2024/03/05 05:10:22 12 :  call for  7  times
2024/03/05 05:10:22 CallOrder: worker get response &{3 [] 0 0}
2024/03/05 05:10:22 worker  12 get order:  &{3 [] 0 0}  order Type 3
2024/03/05 05:10:22 12  waiting for order
2024/03/05 05:10:24 12 :  call for  8  times
2024/03/05 05:10:24 dialing:dial unix /var/tmp/824-mr-0: connect: connection refused
