2024/03/05 11:27:04 4 :  call for  1  times
2024/03/05 11:27:04 CallOrder: worker get response &{1 [mr-tmp-0-4 mr-tmp-1-4 mr-tmp-2-4 mr-tmp-3-4 mr-tmp-4-4 mr-tmp-5-4 mr-tmp-6-4 mr-tmp-7-4] 12 0}
2024/03/05 11:27:04 worker  4 get order:  &{1 [mr-tmp-0-4 mr-tmp-1-4 mr-tmp-2-4 mr-tmp-3-4 mr-tmp-4-4 mr-tmp-5-4 mr-tmp-6-4 mr-tmp-7-4] 12 0}  order Type 1
2024/03/05 11:27:04 start 12 map
2024/03/05 11:27:04 Worker finish order 12, order type 1
2024/03/05 11:27:05 4 :  call for  2  times
2024/03/05 11:27:05 CallOrder: worker get response &{1 [mr-tmp-0-6 mr-tmp-1-6 mr-tmp-2-6 mr-tmp-3-6 mr-tmp-4-6 mr-tmp-5-6 mr-tmp-6-6 mr-tmp-7-6] 14 0}
2024/03/05 11:27:05 worker  4 get order:  &{1 [mr-tmp-0-6 mr-tmp-1-6 mr-tmp-2-6 mr-tmp-3-6 mr-tmp-4-6 mr-tmp-5-6 mr-tmp-6-6 mr-tmp-7-6] 14 0}  order Type 1
2024/03/05 11:27:05 start 14 map
2024/03/05 11:27:05 Worker finish order 14, order type 1
2024/03/05 11:27:06 4 :  call for  3  times
2024/03/05 11:27:06 CallOrder: worker get response &{1 [mr-tmp-0-7 mr-tmp-1-7 mr-tmp-2-7 mr-tmp-3-7 mr-tmp-4-7 mr-tmp-5-7 mr-tmp-6-7 mr-tmp-7-7] 15 0}
2024/03/05 11:27:06 worker  4 get order:  &{1 [mr-tmp-0-7 mr-tmp-1-7 mr-tmp-2-7 mr-tmp-3-7 mr-tmp-4-7 mr-tmp-5-7 mr-tmp-6-7 mr-tmp-7-7] 15 0}  order Type 1
2024/03/05 11:27:06 start 15 map
2024/03/05 11:27:06 Worker finish order 15, order type 1
2024/03/05 11:27:07 4 :  call for  4  times
2024/03/05 11:27:07 CallOrder: worker get response &{1 [mr-tmp-0-8 mr-tmp-1-8 mr-tmp-2-8 mr-tmp-3-8 mr-tmp-4-8 mr-tmp-5-8 mr-tmp-6-8 mr-tmp-7-8] 16 0}
2024/03/05 11:27:07 worker  4 get order:  &{1 [mr-tmp-0-8 mr-tmp-1-8 mr-tmp-2-8 mr-tmp-3-8 mr-tmp-4-8 mr-tmp-5-8 mr-tmp-6-8 mr-tmp-7-8] 16 0}  order Type 1
2024/03/05 11:27:07 start 16 map
2024/03/05 11:27:07 Worker finish order 16, order type 1
2024/03/05 11:27:08 4 :  call for  5  times
2024/03/05 11:27:08 CallOrder: worker get response &{3 [] 0 0}
2024/03/05 11:27:08 worker  4 get order:  &{3 [] 0 0}  order Type 3
2024/03/05 11:27:08 4  waiting for order
2024/03/05 11:27:10 4 :  call for  6  times
2024/03/05 11:27:10 CallOrder: worker get response &{3 [] 0 0}
2024/03/05 11:27:10 worker  4 get order:  &{3 [] 0 0}  order Type 3
2024/03/05 11:27:10 4  waiting for order
2024/03/05 11:27:12 4 :  call for  7  times
2024/03/05 11:27:12 CallOrder: worker get response &{3 [] 0 0}
2024/03/05 11:27:12 worker  4 get order:  &{3 [] 0 0}  order Type 3
2024/03/05 11:27:12 4  waiting for order
2024/03/05 11:27:14 4 :  call for  8  times
2024/03/05 11:27:14 CallOrder: worker get response &{1 [mr-tmp-0-2 mr-tmp-1-2 mr-tmp-2-2 mr-tmp-3-2 mr-tmp-4-2 mr-tmp-5-2 mr-tmp-6-2 mr-tmp-7-2] 10 0}
2024/03/05 11:27:14 worker  4 get order:  &{1 [mr-tmp-0-2 mr-tmp-1-2 mr-tmp-2-2 mr-tmp-3-2 mr-tmp-4-2 mr-tmp-5-2 mr-tmp-6-2 mr-tmp-7-2] 10 0}  order Type 1
2024/03/05 11:27:15 start 10 map
2024/03/05 11:27:15 Worker finish order 10, order type 1
2024/03/05 11:27:16 4 :  call for  9  times
2024/03/05 11:27:16 CallOrder: worker get response &{4 [] 0 0}
2024/03/05 11:27:16 worker  4 get order:  &{4 [] 0 0}  order Type 4
2024/03/05 11:27:17 4  killed
