2024/03/05 12:57:17 17 :  call for  1  times
2024/03/05 12:57:17 CallOrder: worker get response &{2 [] 0 0}
2024/03/05 12:57:17 worker  17 get order:  &{2 [] 0 0}  order Type 2
2024/03/05 12:57:17 17  waiting for order
2024/03/05 12:57:19 17 :  call for  2  times
2024/03/05 12:57:19 CallOrder: worker get response &{2 [] 0 0}
2024/03/05 12:57:19 worker  17 get order:  &{2 [] 0 0}  order Type 2
2024/03/05 12:57:19 17  waiting for order
2024/03/05 12:57:21 17 :  call for  3  times
2024/03/05 12:57:21 CallOrder: worker get response &{2 [] 0 0}
2024/03/05 12:57:21 worker  17 get order:  &{2 [] 0 0}  order Type 2
2024/03/05 12:57:21 17  waiting for order
2024/03/05 12:57:23 17 :  call for  4  times
2024/03/05 12:57:23 CallOrder: worker get response &{2 [] 0 0}
2024/03/05 12:57:23 worker  17 get order:  &{2 [] 0 0}  order Type 2
2024/03/05 12:57:23 17  waiting for order
2024/03/05 12:57:25 17 :  call for  5  times
2024/03/05 12:57:25 CallOrder: worker get response &{2 [] 0 0}
2024/03/05 12:57:25 worker  17 get order:  &{2 [] 0 0}  order Type 2
2024/03/05 12:57:25 17  waiting for order
2024/03/05 12:57:27 17 :  call for  6  times
2024/03/05 12:57:27 CallOrder: worker get response &{0 [../pg-sherlock_holmes.txt] 6 10}
2024/03/05 12:57:27 worker  17 get order:  &{0 [../pg-sherlock_holmes.txt] 6 10}  order Type 0
