2024/03/04 21:25:52 52 :  call for  1  times
2024/03/04 21:25:52 CallOrder: worker get response &{1 [mr-tmp-0-5 mr-tmp-1-5 mr-tmp-2-5 mr-tmp-3-5 mr-tmp-4-5 mr-tmp-5-5 mr-tmp-6-5 mr-tmp-7-5] 13 0}
2024/03/04 21:25:52 worker  52 get order:  &{1 [mr-tmp-0-5 mr-tmp-1-5 mr-tmp-2-5 mr-tmp-3-5 mr-tmp-4-5 mr-tmp-5-5 mr-tmp-6-5 mr-tmp-7-5] 13 0}  order Type 1
2024/03/04 21:26:01 start 13 map
2024/03/04 21:26:01 Worker finish order 13, order type 1
2024/03/04 21:26:02 52 :  call for  2  times
2024/03/04 21:26:02 CallOrder: worker get response &{3 [] 0 0}
2024/03/04 21:26:02 worker  52 get order:  &{3 [] 0 0}  order Type 3
2024/03/04 21:26:02 52  waiting for order
2024/03/04 21:26:04 52 :  call for  3  times
2024/03/04 21:26:04 CallOrder: worker get response &{3 [] 0 0}
2024/03/04 21:26:04 worker  52 get order:  &{3 [] 0 0}  order Type 3
2024/03/04 21:26:04 52  waiting for order
2024/03/04 21:26:06 52 :  call for  4  times
2024/03/04 21:26:06 CallOrder: worker get response &{3 [] 0 0}
2024/03/04 21:26:06 worker  52 get order:  &{3 [] 0 0}  order Type 3
2024/03/04 21:26:06 52  waiting for order
2024/03/04 21:26:08 52 :  call for  5  times
2024/03/04 21:26:08 CallOrder: worker get response &{3 [] 0 0}
2024/03/04 21:26:08 worker  52 get order:  &{3 [] 0 0}  order Type 3
2024/03/04 21:26:08 52  waiting for order
2024/03/04 21:26:10 52 :  call for  6  times
2024/03/04 21:26:10 CallOrder: worker get response &{3 [] 0 0}
2024/03/04 21:26:10 worker  52 get order:  &{3 [] 0 0}  order Type 3
2024/03/04 21:26:10 52  waiting for order
2024/03/04 21:26:12 52 :  call for  7  times
2024/03/04 21:26:12 CallOrder: worker get response &{1 [mr-tmp-0-0 mr-tmp-1-0 mr-tmp-2-0 mr-tmp-3-0 mr-tmp-4-0 mr-tmp-5-0 mr-tmp-6-0 mr-tmp-7-0] 8 0}
2024/03/04 21:26:12 worker  52 get order:  &{1 [mr-tmp-0-0 mr-tmp-1-0 mr-tmp-2-0 mr-tmp-3-0 mr-tmp-4-0 mr-tmp-5-0 mr-tmp-6-0 mr-tmp-7-0] 8 0}  order Type 1
2024/03/04 21:26:14 start 8 map
2024/03/04 21:26:14 Worker finish order 8, order type 1
2024/03/04 21:26:15 52 :  call for  8  times
2024/03/04 21:26:15 CallOrder: worker get response &{4 [] 0 0}
2024/03/04 21:26:15 worker  52 get order:  &{4 [] 0 0}  order Type 4
2024/03/04 21:26:16 52  killed
