2024/03/04 22:00:15 15 :  call for  1  times
2024/03/04 22:00:15 CallOrder: worker get response &{1 [mr-tmp-0-2 mr-tmp-1-2 mr-tmp-2-2 mr-tmp-3-2 mr-tmp-4-2 mr-tmp-5-2 mr-tmp-6-2 mr-tmp-7-2] 10 0}
2024/03/04 22:00:15 worker  15 get order:  &{1 [mr-tmp-0-2 mr-tmp-1-2 mr-tmp-2-2 mr-tmp-3-2 mr-tmp-4-2 mr-tmp-5-2 mr-tmp-6-2 mr-tmp-7-2] 10 0}  order Type 1
2024/03/04 22:00:24 start 10 map
2024/03/04 22:00:24 Worker finish order 10, order type 1
2024/03/04 22:00:25 15 :  call for  2  times
2024/03/04 22:00:25 CallOrder: worker get response &{3 [] 0 0}
2024/03/04 22:00:25 worker  15 get order:  &{3 [] 0 0}  order Type 3
2024/03/04 22:00:25 15  waiting for order
2024/03/04 22:00:27 15 :  call for  3  times
2024/03/04 22:00:27 CallOrder: worker get response &{3 [] 0 0}
2024/03/04 22:00:27 worker  15 get order:  &{3 [] 0 0}  order Type 3
2024/03/04 22:00:27 15  waiting for order
2024/03/04 22:00:29 15 :  call for  4  times
2024/03/04 22:00:29 CallOrder: worker get response &{3 [] 0 0}
2024/03/04 22:00:29 worker  15 get order:  &{3 [] 0 0}  order Type 3
2024/03/04 22:00:29 15  waiting for order
2024/03/04 22:00:31 15 :  call for  5  times
2024/03/04 22:00:31 CallOrder: worker get response &{3 [] 0 0}
2024/03/04 22:00:31 worker  15 get order:  &{3 [] 0 0}  order Type 3
2024/03/04 22:00:31 15  waiting for order
2024/03/04 22:00:33 15 :  call for  6  times
2024/03/04 22:00:33 CallOrder: worker get response &{3 [] 0 0}
2024/03/04 22:00:33 worker  15 get order:  &{3 [] 0 0}  order Type 3
2024/03/04 22:00:33 15  waiting for order
2024/03/04 22:00:35 15 :  call for  7  times
2024/03/04 22:00:35 CallOrder: worker get response &{3 [] 0 0}
2024/03/04 22:00:35 worker  15 get order:  &{3 [] 0 0}  order Type 3
2024/03/04 22:00:35 15  waiting for order
2024/03/04 22:00:37 15 :  call for  8  times
2024/03/04 22:00:37 CallOrder: worker get response &{4 [] 0 0}
2024/03/04 22:00:37 worker  15 get order:  &{4 [] 0 0}  order Type 4
2024/03/04 22:00:38 15  killed
