2024/03/05 02:34:08 8 :  call for  1  times
2024/03/05 02:34:08 CallOrder: worker get response &{0 [../pg-being_ernest.txt] 0 10}
2024/03/05 02:34:08 worker  8 get order:  &{0 [../pg-being_ernest.txt] 0 10}  order Type 0
2024/03/05 02:34:08 start 0 map
2024/03/05 02:34:08 Worker finish order 0, order type 0
2024/03/05 02:34:09 8 :  call for  2  times
2024/03/05 02:34:09 CallOrder: worker get response &{0 [../pg-frankenstein.txt] 2 10}
2024/03/05 02:34:09 worker  8 get order:  &{0 [../pg-frankenstein.txt] 2 10}  order Type 0
2024/03/05 02:34:09 start 2 map
2024/03/05 02:34:09 Worker finish order 2, order type 0
2024/03/05 02:34:10 8 :  call for  3  times
2024/03/05 02:34:10 CallOrder: worker get response &{0 [../pg-huckleberry_finn.txt] 4 10}
2024/03/05 02:34:10 worker  8 get order:  &{0 [../pg-huckleberry_finn.txt] 4 10}  order Type 0
2024/03/05 02:34:10 start 4 map
2024/03/05 02:34:10 Worker finish order 4, order type 0
2024/03/05 02:34:11 8 :  call for  4  times
2024/03/05 02:34:11 CallOrder: worker get response &{0 [../pg-sherlock_holmes.txt] 6 10}
2024/03/05 02:34:11 worker  8 get order:  &{0 [../pg-sherlock_holmes.txt] 6 10}  order Type 0
2024/03/05 02:34:11 start 6 map
2024/03/05 02:34:11 Worker finish order 6, order type 0
2024/03/05 02:34:12 8 :  call for  5  times
2024/03/05 02:34:12 CallOrder: worker get response &{2 [] 0 0}
2024/03/05 02:34:12 worker  8 get order:  &{2 [] 0 0}  order Type 2
2024/03/05 02:34:12 8  waiting for order
2024/03/05 02:34:14 8 :  call for  6  times
2024/03/05 02:34:14 CallOrder: worker get response &{1 [mr-tmp-0-1 mr-tmp-1-1 mr-tmp-2-1 mr-tmp-3-1 mr-tmp-4-1 mr-tmp-5-1 mr-tmp-6-1 mr-tmp-7-1] 9 0}
2024/03/05 02:34:14 worker  8 get order:  &{1 [mr-tmp-0-1 mr-tmp-1-1 mr-tmp-2-1 mr-tmp-3-1 mr-tmp-4-1 mr-tmp-5-1 mr-tmp-6-1 mr-tmp-7-1] 9 0}  order Type 1
2024/03/05 02:34:15 start 9 map
2024/03/05 02:34:15 Worker finish order 9, order type 1
2024/03/05 02:34:16 8 :  call for  7  times
2024/03/05 02:34:16 CallOrder: worker get response &{1 [mr-tmp-0-3 mr-tmp-1-3 mr-tmp-2-3 mr-tmp-3-3 mr-tmp-4-3 mr-tmp-5-3 mr-tmp-6-3 mr-tmp-7-3] 11 0}
2024/03/05 02:34:16 worker  8 get order:  &{1 [mr-tmp-0-3 mr-tmp-1-3 mr-tmp-2-3 mr-tmp-3-3 mr-tmp-4-3 mr-tmp-5-3 mr-tmp-6-3 mr-tmp-7-3] 11 0}  order Type 1
2024/03/05 02:34:18 start 11 map
2024/03/05 02:34:18 Worker finish order 11, order type 1
2024/03/05 02:34:19 8 :  call for  8  times
2024/03/05 02:34:19 CallOrder: worker get response &{1 [mr-tmp-0-5 mr-tmp-1-5 mr-tmp-2-5 mr-tmp-3-5 mr-tmp-4-5 mr-tmp-5-5 mr-tmp-6-5 mr-tmp-7-5] 13 0}
2024/03/05 02:34:19 worker  8 get order:  &{1 [mr-tmp-0-5 mr-tmp-1-5 mr-tmp-2-5 mr-tmp-3-5 mr-tmp-4-5 mr-tmp-5-5 mr-tmp-6-5 mr-tmp-7-5] 13 0}  order Type 1
2024/03/05 02:34:20 start 13 map
2024/03/05 02:34:20 Worker finish order 13, order type 1
2024/03/05 02:34:21 8 :  call for  9  times
2024/03/05 02:34:21 CallOrder: worker get response &{1 [mr-tmp-0-8 mr-tmp-1-8 mr-tmp-2-8 mr-tmp-3-8 mr-tmp-4-8 mr-tmp-5-8 mr-tmp-6-8 mr-tmp-7-8] 16 0}
2024/03/05 02:34:21 worker  8 get order:  &{1 [mr-tmp-0-8 mr-tmp-1-8 mr-tmp-2-8 mr-tmp-3-8 mr-tmp-4-8 mr-tmp-5-8 mr-tmp-6-8 mr-tmp-7-8] 16 0}  order Type 1
2024/03/05 02:34:21 start 16 map
2024/03/05 02:34:21 Worker finish order 16, order type 1
2024/03/05 02:34:22 8 :  call for  10  times
2024/03/05 02:34:22 CallOrder: worker get response &{1 [mr-tmp-0-9 mr-tmp-1-9 mr-tmp-2-9 mr-tmp-3-9 mr-tmp-4-9 mr-tmp-5-9 mr-tmp-6-9 mr-tmp-7-9] 17 0}
2024/03/05 02:34:22 worker  8 get order:  &{1 [mr-tmp-0-9 mr-tmp-1-9 mr-tmp-2-9 mr-tmp-3-9 mr-tmp-4-9 mr-tmp-5-9 mr-tmp-6-9 mr-tmp-7-9] 17 0}  order Type 1
2024/03/05 02:34:23 start 17 map
2024/03/05 02:34:23 Worker finish order 17, order type 1
2024/03/05 02:34:24 8 :  call for  11  times
2024/03/05 02:34:24 CallOrder: worker get response &{4 [] 0 0}
2024/03/05 02:34:24 worker  8 get order:  &{4 [] 0 0}  order Type 4
2024/03/05 02:34:25 8  killed
