2024/03/04 22:03:31 31 :  call for  1  times
2024/03/04 22:03:31 CallOrder: worker get response &{0 [../pg-frankenstein.txt] 2 10}
2024/03/04 22:03:31 worker  31 get order:  &{0 [../pg-frankenstein.txt] 2 10}  order Type 0
2024/03/04 22:03:32 start 2 map
2024/03/04 22:03:32 Worker finish order 2, order type 0
2024/03/04 22:03:33 31 :  call for  2  times
2024/03/04 22:03:33 CallOrder: worker get response &{0 [../pg-metamorphosis.txt] 5 10}
2024/03/04 22:03:33 worker  31 get order:  &{0 [../pg-metamorphosis.txt] 5 10}  order Type 0
2024/03/04 22:03:34 start 5 map
2024/03/04 22:03:34 Worker finish order 5, order type 0
2024/03/04 22:03:35 31 :  call for  3  times
2024/03/04 22:03:35 CallOrder: worker get response &{0 [../pg-tom_sawyer.txt] 7 10}
2024/03/04 22:03:35 worker  31 get order:  &{0 [../pg-tom_sawyer.txt] 7 10}  order Type 0
2024/03/04 22:03:37 start 7 map
2024/03/04 22:03:37 Worker finish order 7, order type 0
2024/03/04 22:03:38 31 :  call for  4  times
2024/03/04 22:03:38 CallOrder: worker get response &{2 [] 0 0}
2024/03/04 22:03:38 worker  31 get order:  &{2 [] 0 0}  order Type 2
2024/03/04 22:03:38 31  waiting for order
2024/03/04 22:03:40 31 :  call for  5  times
2024/03/04 22:03:40 CallOrder: worker get response &{1 [mr-tmp-0-2 mr-tmp-1-2 mr-tmp-2-2 mr-tmp-3-2 mr-tmp-4-2 mr-tmp-5-2 mr-tmp-6-2 mr-tmp-7-2] 10 0}
2024/03/04 22:03:40 worker  31 get order:  &{1 [mr-tmp-0-2 mr-tmp-1-2 mr-tmp-2-2 mr-tmp-3-2 mr-tmp-4-2 mr-tmp-5-2 mr-tmp-6-2 mr-tmp-7-2] 10 0}  order Type 1
2024/03/04 22:03:41 start 10 map
2024/03/04 22:03:41 Worker finish order 10, order type 1
2024/03/04 22:03:42 31 :  call for  6  times
2024/03/04 22:03:42 CallOrder: worker get response &{1 [mr-tmp-0-7 mr-tmp-1-7 mr-tmp-2-7 mr-tmp-3-7 mr-tmp-4-7 mr-tmp-5-7 mr-tmp-6-7 mr-tmp-7-7] 15 0}
2024/03/04 22:03:42 worker  31 get order:  &{1 [mr-tmp-0-7 mr-tmp-1-7 mr-tmp-2-7 mr-tmp-3-7 mr-tmp-4-7 mr-tmp-5-7 mr-tmp-6-7 mr-tmp-7-7] 15 0}  order Type 1
2024/03/04 22:03:43 start 15 map
2024/03/04 22:03:43 Worker finish order 15, order type 1
2024/03/04 22:03:44 31 :  call for  7  times
2024/03/04 22:03:44 CallOrder: worker get response &{1 [mr-tmp-0-9 mr-tmp-1-9 mr-tmp-2-9 mr-tmp-3-9 mr-tmp-4-9 mr-tmp-5-9 mr-tmp-6-9 mr-tmp-7-9] 17 0}
2024/03/04 22:03:44 worker  31 get order:  &{1 [mr-tmp-0-9 mr-tmp-1-9 mr-tmp-2-9 mr-tmp-3-9 mr-tmp-4-9 mr-tmp-5-9 mr-tmp-6-9 mr-tmp-7-9] 17 0}  order Type 1
2024/03/04 22:03:45 start 17 map
2024/03/04 22:03:45 Worker finish order 17, order type 1
2024/03/04 22:03:46 31 :  call for  8  times
2024/03/04 22:03:46 CallOrder: worker get response &{4 [] 0 0}
2024/03/04 22:03:46 worker  31 get order:  &{4 [] 0 0}  order Type 4
2024/03/04 22:03:47 31  killed
