2024/03/05 00:26:59 59 :  call for  1  times
2024/03/05 00:26:59 CallOrder: worker get response &{0 [../pg-frankenstein.txt] 2 10}
2024/03/05 00:26:59 worker  59 get order:  &{0 [../pg-frankenstein.txt] 2 10}  order Type 0
2024/03/05 00:27:08 start 2 map
2024/03/05 00:27:08 Worker finish order 2, order type 0
2024/03/05 00:27:09 59 :  call for  2  times
2024/03/05 00:27:09 CallOrder: worker get response &{2 [] 0 0}
2024/03/05 00:27:09 worker  59 get order:  &{2 [] 0 0}  order Type 2
2024/03/05 00:27:09 59  waiting for order
2024/03/05 00:27:11 59 :  call for  3  times
2024/03/05 00:27:11 CallOrder: worker get response &{2 [] 0 0}
2024/03/05 00:27:11 worker  59 get order:  &{2 [] 0 0}  order Type 2
2024/03/05 00:27:11 59  waiting for order
2024/03/05 00:27:13 59 :  call for  4  times
2024/03/05 00:27:13 CallOrder: worker get response &{1 [mr-tmp-0-1 mr-tmp-1-1 mr-tmp-2-1 mr-tmp-3-1 mr-tmp-4-1 mr-tmp-5-1 mr-tmp-6-1 mr-tmp-7-1] 9 0}
2024/03/05 00:27:13 worker  59 get order:  &{1 [mr-tmp-0-1 mr-tmp-1-1 mr-tmp-2-1 mr-tmp-3-1 mr-tmp-4-1 mr-tmp-5-1 mr-tmp-6-1 mr-tmp-7-1] 9 0}  order Type 1
2024/03/05 00:27:13 start 9 map
2024/03/05 00:27:13 Worker finish order 9, order type 1
2024/03/05 00:27:14 59 :  call for  5  times
2024/03/05 00:27:14 CallOrder: worker get response &{1 [mr-tmp-0-4 mr-tmp-1-4 mr-tmp-2-4 mr-tmp-3-4 mr-tmp-4-4 mr-tmp-5-4 mr-tmp-6-4 mr-tmp-7-4] 12 0}
2024/03/05 00:27:14 worker  59 get order:  &{1 [mr-tmp-0-4 mr-tmp-1-4 mr-tmp-2-4 mr-tmp-3-4 mr-tmp-4-4 mr-tmp-5-4 mr-tmp-6-4 mr-tmp-7-4] 12 0}  order Type 1
2024/03/05 00:27:14 start 12 map
2024/03/05 00:27:14 Worker finish order 12, order type 1
2024/03/05 00:27:15 59 :  call for  6  times
2024/03/05 00:27:15 CallOrder: worker get response &{1 [mr-tmp-0-7 mr-tmp-1-7 mr-tmp-2-7 mr-tmp-3-7 mr-tmp-4-7 mr-tmp-5-7 mr-tmp-6-7 mr-tmp-7-7] 15 0}
2024/03/05 00:27:15 worker  59 get order:  &{1 [mr-tmp-0-7 mr-tmp-1-7 mr-tmp-2-7 mr-tmp-3-7 mr-tmp-4-7 mr-tmp-5-7 mr-tmp-6-7 mr-tmp-7-7] 15 0}  order Type 1
2024/03/05 00:27:15 start 15 map
2024/03/05 00:27:15 Worker finish order 15, order type 1
2024/03/05 00:27:16 59 :  call for  7  times
2024/03/05 00:27:16 CallOrder: worker get response &{3 [] 0 0}
2024/03/05 00:27:16 worker  59 get order:  &{3 [] 0 0}  order Type 3
2024/03/05 00:27:16 59  waiting for order
2024/03/05 00:27:18 59 :  call for  8  times
2024/03/05 00:27:18 CallOrder: worker get response &{3 [] 0 0}
2024/03/05 00:27:18 worker  59 get order:  &{3 [] 0 0}  order Type 3
2024/03/05 00:27:18 59  waiting for order
2024/03/05 00:27:20 59 :  call for  9  times
2024/03/05 00:27:20 CallOrder: worker get response &{3 [] 0 0}
2024/03/05 00:27:20 worker  59 get order:  &{3 [] 0 0}  order Type 3
2024/03/05 00:27:20 59  waiting for order
2024/03/05 00:27:22 59 :  call for  10  times
2024/03/05 00:27:22 CallOrder: worker get response &{3 [] 0 0}
2024/03/05 00:27:22 worker  59 get order:  &{3 [] 0 0}  order Type 3
2024/03/05 00:27:22 59  waiting for order
2024/03/05 00:27:24 59 :  call for  11  times
2024/03/05 00:27:24 CallOrder: worker get response &{1 [mr-tmp-0-0 mr-tmp-1-0 mr-tmp-2-0 mr-tmp-3-0 mr-tmp-4-0 mr-tmp-5-0 mr-tmp-6-0 mr-tmp-7-0] 8 0}
2024/03/05 00:27:24 worker  59 get order:  &{1 [mr-tmp-0-0 mr-tmp-1-0 mr-tmp-2-0 mr-tmp-3-0 mr-tmp-4-0 mr-tmp-5-0 mr-tmp-6-0 mr-tmp-7-0] 8 0}  order Type 1
2024/03/05 00:27:24 start 8 map
2024/03/05 00:27:24 Worker finish order 8, order type 1
2024/03/05 00:27:25 59 :  call for  12  times
2024/03/05 00:27:25 CallOrder: worker get response &{4 [] 0 0}
2024/03/05 00:27:25 worker  59 get order:  &{4 [] 0 0}  order Type 4
2024/03/05 00:27:26 59  killed
