2024/03/05 06:40:03 3 :  call for  1  times
2024/03/05 06:40:03 CallOrder: worker get response &{0 [../pg-being_ernest.txt] 0 10}
2024/03/05 06:40:03 worker  3 get order:  &{0 [../pg-being_ernest.txt] 0 10}  order Type 0
2024/03/05 06:40:03 start 0 map
2024/03/05 06:40:03 Worker finish order 0, order type 0
2024/03/05 06:40:04 3 :  call for  2  times
2024/03/05 06:40:04 CallOrder: worker get response &{0 [../pg-frankenstein.txt] 2 10}
2024/03/05 06:40:04 worker  3 get order:  &{0 [../pg-frankenstein.txt] 2 10}  order Type 0
2024/03/05 06:40:04 start 2 map
2024/03/05 06:40:04 Worker finish order 2, order type 0
2024/03/05 06:40:05 3 :  call for  3  times
2024/03/05 06:40:05 CallOrder: worker get response &{0 [../pg-huckleberry_finn.txt] 4 10}
2024/03/05 06:40:05 worker  3 get order:  &{0 [../pg-huckleberry_finn.txt] 4 10}  order Type 0
2024/03/05 06:40:05 start 4 map
2024/03/05 06:40:05 Worker finish order 4, order type 0
2024/03/05 06:40:06 3 :  call for  4  times
2024/03/05 06:40:06 CallOrder: worker get response &{0 [../pg-tom_sawyer.txt] 7 10}
2024/03/05 06:40:06 worker  3 get order:  &{0 [../pg-tom_sawyer.txt] 7 10}  order Type 0
2024/03/05 06:40:07 start 7 map
2024/03/05 06:40:07 Worker finish order 7, order type 0
2024/03/05 06:40:08 3 :  call for  5  times
2024/03/05 06:40:08 CallOrder: worker get response &{1 [mr-tmp-0-0 mr-tmp-1-0 mr-tmp-2-0 mr-tmp-3-0 mr-tmp-4-0 mr-tmp-5-0 mr-tmp-6-0 mr-tmp-7-0] 8 0}
2024/03/05 06:40:08 worker  3 get order:  &{1 [mr-tmp-0-0 mr-tmp-1-0 mr-tmp-2-0 mr-tmp-3-0 mr-tmp-4-0 mr-tmp-5-0 mr-tmp-6-0 mr-tmp-7-0] 8 0}  order Type 1
2024/03/05 06:40:08 start 8 map
2024/03/05 06:40:08 Worker finish order 8, order type 1
2024/03/05 06:40:09 3 :  call for  6  times
2024/03/05 06:40:09 CallOrder: worker get response &{1 [mr-tmp-0-1 mr-tmp-1-1 mr-tmp-2-1 mr-tmp-3-1 mr-tmp-4-1 mr-tmp-5-1 mr-tmp-6-1 mr-tmp-7-1] 9 0}
2024/03/05 06:40:09 worker  3 get order:  &{1 [mr-tmp-0-1 mr-tmp-1-1 mr-tmp-2-1 mr-tmp-3-1 mr-tmp-4-1 mr-tmp-5-1 mr-tmp-6-1 mr-tmp-7-1] 9 0}  order Type 1
2024/03/05 06:40:09 start 9 map
2024/03/05 06:40:09 Worker finish order 9, order type 1
2024/03/05 06:40:10 3 :  call for  7  times
2024/03/05 06:40:10 CallOrder: worker get response &{1 [mr-tmp-0-3 mr-tmp-1-3 mr-tmp-2-3 mr-tmp-3-3 mr-tmp-4-3 mr-tmp-5-3 mr-tmp-6-3 mr-tmp-7-3] 11 0}
2024/03/05 06:40:10 worker  3 get order:  &{1 [mr-tmp-0-3 mr-tmp-1-3 mr-tmp-2-3 mr-tmp-3-3 mr-tmp-4-3 mr-tmp-5-3 mr-tmp-6-3 mr-tmp-7-3] 11 0}  order Type 1
2024/03/05 06:40:10 start 11 map
2024/03/05 06:40:10 Worker finish order 11, order type 1
2024/03/05 06:40:11 3 :  call for  8  times
2024/03/05 06:40:11 CallOrder: worker get response &{1 [mr-tmp-0-5 mr-tmp-1-5 mr-tmp-2-5 mr-tmp-3-5 mr-tmp-4-5 mr-tmp-5-5 mr-tmp-6-5 mr-tmp-7-5] 13 0}
2024/03/05 06:40:11 worker  3 get order:  &{1 [mr-tmp-0-5 mr-tmp-1-5 mr-tmp-2-5 mr-tmp-3-5 mr-tmp-4-5 mr-tmp-5-5 mr-tmp-6-5 mr-tmp-7-5] 13 0}  order Type 1
2024/03/05 06:40:11 start 13 map
2024/03/05 06:40:11 Worker finish order 13, order type 1
2024/03/05 06:40:12 3 :  call for  9  times
2024/03/05 06:40:12 CallOrder: worker get response &{1 [mr-tmp-0-7 mr-tmp-1-7 mr-tmp-2-7 mr-tmp-3-7 mr-tmp-4-7 mr-tmp-5-7 mr-tmp-6-7 mr-tmp-7-7] 15 0}
2024/03/05 06:40:12 worker  3 get order:  &{1 [mr-tmp-0-7 mr-tmp-1-7 mr-tmp-2-7 mr-tmp-3-7 mr-tmp-4-7 mr-tmp-5-7 mr-tmp-6-7 mr-tmp-7-7] 15 0}  order Type 1
2024/03/05 06:40:12 start 15 map
2024/03/05 06:40:12 Worker finish order 15, order type 1
2024/03/05 06:40:13 3 :  call for  10  times
2024/03/05 06:40:13 CallOrder: worker get response &{1 [mr-tmp-0-9 mr-tmp-1-9 mr-tmp-2-9 mr-tmp-3-9 mr-tmp-4-9 mr-tmp-5-9 mr-tmp-6-9 mr-tmp-7-9] 17 0}
2024/03/05 06:40:13 worker  3 get order:  &{1 [mr-tmp-0-9 mr-tmp-1-9 mr-tmp-2-9 mr-tmp-3-9 mr-tmp-4-9 mr-tmp-5-9 mr-tmp-6-9 mr-tmp-7-9] 17 0}  order Type 1
2024/03/05 06:40:13 start 17 map
2024/03/05 06:40:13 Worker finish order 17, order type 1
2024/03/05 06:40:14 3 :  call for  11  times
2024/03/05 06:40:14 CallOrder: worker get response &{4 [] 0 0}
2024/03/05 06:40:14 worker  3 get order:  &{4 [] 0 0}  order Type 4
2024/03/05 06:40:15 3  killed
