2024/03/05 05:10:27 27 :  call for  1  times
2024/03/05 05:10:27 CallOrder: worker get response &{0 [../pg-metamorphosis.txt] 5 10}
2024/03/05 05:10:27 worker  27 get order:  &{0 [../pg-metamorphosis.txt] 5 10}  order Type 0
2024/03/05 05:10:36 start 5 map
2024/03/05 05:10:36 Worker finish order 5, order type 0
2024/03/05 05:10:37 27 :  call for  2  times
2024/03/05 05:10:37 CallOrder: worker get response &{0 [../pg-frankenstein.txt] 2 10}
2024/03/05 05:10:37 worker  27 get order:  &{0 [../pg-frankenstein.txt] 2 10}  order Type 0
2024/03/05 05:10:40 start 2 map
2024/03/05 05:10:40 Worker finish order 2, order type 0
2024/03/05 05:10:41 27 :  call for  3  times
2024/03/05 05:10:41 CallOrder: worker get response &{1 [mr-tmp-0-2 mr-tmp-1-2 mr-tmp-2-2 mr-tmp-3-2 mr-tmp-4-2 mr-tmp-5-2 mr-tmp-6-2 mr-tmp-7-2] 10 0}
2024/03/05 05:10:41 worker  27 get order:  &{1 [mr-tmp-0-2 mr-tmp-1-2 mr-tmp-2-2 mr-tmp-3-2 mr-tmp-4-2 mr-tmp-5-2 mr-tmp-6-2 mr-tmp-7-2] 10 0}  order Type 1
2024/03/05 05:10:42 start 10 map
2024/03/05 05:10:42 Worker finish order 10, order type 1
2024/03/05 05:10:43 27 :  call for  4  times
2024/03/05 05:10:43 CallOrder: worker get response &{1 [mr-tmp-0-9 mr-tmp-1-9 mr-tmp-2-9 mr-tmp-3-9 mr-tmp-4-9 mr-tmp-5-9 mr-tmp-6-9 mr-tmp-7-9] 17 0}
2024/03/05 05:10:43 worker  27 get order:  &{1 [mr-tmp-0-9 mr-tmp-1-9 mr-tmp-2-9 mr-tmp-3-9 mr-tmp-4-9 mr-tmp-5-9 mr-tmp-6-9 mr-tmp-7-9] 17 0}  order Type 1
2024/03/05 05:10:48 start 17 map
2024/03/05 05:10:48 Worker finish order 17, order type 1
2024/03/05 05:10:49 27 :  call for  5  times
2024/03/05 05:10:49 CallOrder: worker get response &{3 [] 0 0}
2024/03/05 05:10:49 worker  27 get order:  &{3 [] 0 0}  order Type 3
2024/03/05 05:10:49 27  waiting for order
2024/03/05 05:10:51 27 :  call for  6  times
2024/03/05 05:10:51 CallOrder: worker get response &{3 [] 0 0}
2024/03/05 05:10:51 worker  27 get order:  &{3 [] 0 0}  order Type 3
2024/03/05 05:10:51 27  waiting for order
2024/03/05 05:10:53 27 :  call for  7  times
2024/03/05 05:10:53 CallOrder: worker get response &{3 [] 0 0}
2024/03/05 05:10:53 worker  27 get order:  &{3 [] 0 0}  order Type 3
2024/03/05 05:10:53 27  waiting for order
2024/03/05 05:10:55 27 :  call for  8  times
2024/03/05 05:10:55 CallOrder: worker get response &{3 [] 0 0}
2024/03/05 05:10:55 worker  27 get order:  &{3 [] 0 0}  order Type 3
2024/03/05 05:10:55 27  waiting for order
2024/03/05 05:10:57 27 :  call for  9  times
2024/03/05 05:10:57 CallOrder: worker get response &{3 [] 0 0}
2024/03/05 05:10:57 worker  27 get order:  &{3 [] 0 0}  order Type 3
2024/03/05 05:10:57 27  waiting for order
2024/03/05 05:10:59 27 :  call for  10  times
2024/03/05 05:10:59 CallOrder: worker get response &{4 [] 0 0}
2024/03/05 05:10:59 worker  27 get order:  &{4 [] 0 0}  order Type 4
2024/03/05 05:11:00 27  killed
