2024/03/05 03:22:36 36 :  call for  1  times
2024/03/05 03:22:36 CallOrder: worker get response &{0 [../pg-frankenstein.txt] 2 10}
2024/03/05 03:22:36 worker  36 get order:  &{0 [../pg-frankenstein.txt] 2 10}  order Type 0
2024/03/05 03:22:36 start 2 map
2024/03/05 03:22:36 Worker finish order 2, order type 0
2024/03/05 03:22:37 36 :  call for  2  times
2024/03/05 03:22:37 CallOrder: worker get response &{0 [../pg-metamorphosis.txt] 5 10}
2024/03/05 03:22:37 worker  36 get order:  &{0 [../pg-metamorphosis.txt] 5 10}  order Type 0
2024/03/05 03:22:37 start 5 map
2024/03/05 03:22:37 Worker finish order 5, order type 0
2024/03/05 03:22:38 36 :  call for  3  times
2024/03/05 03:22:38 CallOrder: worker get response &{0 [../pg-tom_sawyer.txt] 7 10}
2024/03/05 03:22:38 worker  36 get order:  &{0 [../pg-tom_sawyer.txt] 7 10}  order Type 0
2024/03/05 03:22:38 start 7 map
2024/03/05 03:22:38 Worker finish order 7, order type 0
2024/03/05 03:22:39 36 :  call for  4  times
2024/03/05 03:22:39 CallOrder: worker get response &{1 [mr-tmp-0-0 mr-tmp-1-0 mr-tmp-2-0 mr-tmp-3-0 mr-tmp-4-0 mr-tmp-5-0 mr-tmp-6-0 mr-tmp-7-0] 8 0}
2024/03/05 03:22:39 worker  36 get order:  &{1 [mr-tmp-0-0 mr-tmp-1-0 mr-tmp-2-0 mr-tmp-3-0 mr-tmp-4-0 mr-tmp-5-0 mr-tmp-6-0 mr-tmp-7-0] 8 0}  order Type 1
2024/03/05 03:22:39 start 8 map
2024/03/05 03:22:39 Worker finish order 8, order type 1
2024/03/05 03:22:40 36 :  call for  5  times
2024/03/05 03:22:40 CallOrder: worker get response &{1 [mr-tmp-0-2 mr-tmp-1-2 mr-tmp-2-2 mr-tmp-3-2 mr-tmp-4-2 mr-tmp-5-2 mr-tmp-6-2 mr-tmp-7-2] 10 0}
2024/03/05 03:22:40 worker  36 get order:  &{1 [mr-tmp-0-2 mr-tmp-1-2 mr-tmp-2-2 mr-tmp-3-2 mr-tmp-4-2 mr-tmp-5-2 mr-tmp-6-2 mr-tmp-7-2] 10 0}  order Type 1
2024/03/05 03:22:43 start 10 map
2024/03/05 03:22:43 Worker finish order 10, order type 1
2024/03/05 03:22:44 36 :  call for  6  times
2024/03/05 03:22:44 CallOrder: worker get response &{1 [mr-tmp-0-9 mr-tmp-1-9 mr-tmp-2-9 mr-tmp-3-9 mr-tmp-4-9 mr-tmp-5-9 mr-tmp-6-9 mr-tmp-7-9] 17 0}
2024/03/05 03:22:44 worker  36 get order:  &{1 [mr-tmp-0-9 mr-tmp-1-9 mr-tmp-2-9 mr-tmp-3-9 mr-tmp-4-9 mr-tmp-5-9 mr-tmp-6-9 mr-tmp-7-9] 17 0}  order Type 1
2024/03/05 03:22:44 start 17 map
2024/03/05 03:22:44 Worker finish order 17, order type 1
2024/03/05 03:22:45 36 :  call for  7  times
2024/03/05 03:22:45 CallOrder: worker get response &{4 [] 0 0}
2024/03/05 03:22:45 worker  36 get order:  &{4 [] 0 0}  order Type 4
2024/03/05 03:22:46 36  killed
