2024/03/05 03:16:57 57 :  call for  1  times
2024/03/05 03:16:57 CallOrder: worker get response &{3 [] 0 0}
2024/03/05 03:16:57 worker  57 get order:  &{3 [] 0 0}  order Type 3
2024/03/05 03:16:57 57  waiting for order
2024/03/05 03:16:59 57 :  call for  2  times
2024/03/05 03:16:59 CallOrder: worker get response &{3 [] 0 0}
2024/03/05 03:16:59 worker  57 get order:  &{3 [] 0 0}  order Type 3
2024/03/05 03:16:59 57  waiting for order
2024/03/05 03:17:01 57 :  call for  3  times
2024/03/05 03:17:01 CallOrder: worker get response &{3 [] 0 0}
2024/03/05 03:17:01 worker  57 get order:  &{3 [] 0 0}  order Type 3
2024/03/05 03:17:01 57  waiting for order
2024/03/05 03:17:03 57 :  call for  4  times
2024/03/05 03:17:03 CallOrder: worker get response &{3 [] 0 0}
2024/03/05 03:17:03 worker  57 get order:  &{3 [] 0 0}  order Type 3
2024/03/05 03:17:03 57  waiting for order
2024/03/05 03:17:05 57 :  call for  5  times
2024/03/05 03:17:05 CallOrder: worker get response &{3 [] 0 0}
2024/03/05 03:17:05 worker  57 get order:  &{3 [] 0 0}  order Type 3
2024/03/05 03:17:05 57  waiting for order
2024/03/05 03:17:07 57 :  call for  6  times
2024/03/05 03:17:07 CallOrder: worker get response &{3 [] 0 0}
2024/03/05 03:17:07 worker  57 get order:  &{3 [] 0 0}  order Type 3
2024/03/05 03:17:07 57  waiting for order
2024/03/05 03:17:09 57 :  call for  7  times
2024/03/05 03:17:09 CallOrder: worker get response &{3 [] 0 0}
2024/03/05 03:17:09 worker  57 get order:  &{3 [] 0 0}  order Type 3
2024/03/05 03:17:09 57  waiting for order
2024/03/05 03:17:11 57 :  call for  8  times
2024/03/05 03:17:11 CallOrder: worker get response &{3 [] 0 0}
2024/03/05 03:17:11 worker  57 get order:  &{3 [] 0 0}  order Type 3
2024/03/05 03:17:11 57  waiting for order
2024/03/05 03:17:13 57 :  call for  9  times
2024/03/05 03:17:13 CallOrder: worker get response &{3 [] 0 0}
2024/03/05 03:17:13 worker  57 get order:  &{3 [] 0 0}  order Type 3
2024/03/05 03:17:13 57  waiting for order
2024/03/05 03:17:15 57 :  call for  10  times
2024/03/05 03:17:15 CallOrder: worker get response &{3 [] 0 0}
2024/03/05 03:17:15 worker  57 get order:  &{3 [] 0 0}  order Type 3
2024/03/05 03:17:15 57  waiting for order
2024/03/05 03:17:17 57 :  call for  11  times
2024/03/05 03:17:17 CallOrder: worker get response &{3 [] 0 0}
2024/03/05 03:17:17 worker  57 get order:  &{3 [] 0 0}  order Type 3
2024/03/05 03:17:17 57  waiting for order
2024/03/05 03:17:19 57 :  call for  12  times
2024/03/05 03:17:19 CallOrder: worker get response &{3 [] 0 0}
2024/03/05 03:17:19 worker  57 get order:  &{3 [] 0 0}  order Type 3
2024/03/05 03:17:19 57  waiting for order
2024/03/05 03:17:21 57 :  call for  13  times
2024/03/05 03:17:21 CallOrder: worker get response &{3 [] 0 0}
2024/03/05 03:17:21 worker  57 get order:  &{3 [] 0 0}  order Type 3
2024/03/05 03:17:21 57  waiting for order
2024/03/05 03:17:23 57 :  call for  14  times
2024/03/05 03:17:23 CallOrder: worker get response &{3 [] 0 0}
2024/03/05 03:17:23 worker  57 get order:  &{3 [] 0 0}  order Type 3
2024/03/05 03:17:23 57  waiting for order
2024/03/05 03:17:25 57 :  call for  15  times
2024/03/05 03:17:25 CallOrder: worker get response &{3 [] 0 0}
2024/03/05 03:17:25 worker  57 get order:  &{3 [] 0 0}  order Type 3
2024/03/05 03:17:25 57  waiting for order
2024/03/05 03:17:27 57 :  call for  16  times
2024/03/05 03:17:27 CallOrder: worker get response &{3 [] 0 0}
2024/03/05 03:17:27 worker  57 get order:  &{3 [] 0 0}  order Type 3
2024/03/05 03:17:27 57  waiting for order
2024/03/05 03:17:29 57 :  call for  17  times
2024/03/05 03:17:29 CallOrder: worker get response &{3 [] 0 0}
2024/03/05 03:17:29 worker  57 get order:  &{3 [] 0 0}  order Type 3
2024/03/05 03:17:29 57  waiting for order
2024/03/05 03:17:31 57 :  call for  18  times
2024/03/05 03:17:31 dialing:dial unix /var/tmp/824-mr-0: connect: connection refused
