2024/03/05 02:47:09 9 :  call for  1  times
2024/03/05 02:47:09 CallOrder: worker get response &{0 [../pg-dorian_gray.txt] 1 10}
2024/03/05 02:47:09 worker  9 get order:  &{0 [../pg-dorian_gray.txt] 1 10}  order Type 0
2024/03/05 02:47:09 start 1 map
2024/03/05 02:47:09 Worker finish order 1, order type 0
2024/03/05 02:47:10 9 :  call for  2  times
2024/03/05 02:47:10 CallOrder: worker get response &{0 [../pg-grimm.txt] 3 10}
2024/03/05 02:47:10 worker  9 get order:  &{0 [../pg-grimm.txt] 3 10}  order Type 0
2024/03/05 02:47:10 start 3 map
2024/03/05 02:47:10 Worker finish order 3, order type 0
2024/03/05 02:47:11 9 :  call for  3  times
2024/03/05 02:47:11 CallOrder: worker get response &{0 [../pg-metamorphosis.txt] 5 10}
2024/03/05 02:47:11 worker  9 get order:  &{0 [../pg-metamorphosis.txt] 5 10}  order Type 0
2024/03/05 02:47:11 start 5 map
2024/03/05 02:47:11 Worker finish order 5, order type 0
2024/03/05 02:47:12 9 :  call for  4  times
2024/03/05 02:47:12 CallOrder: worker get response &{0 [../pg-sherlock_holmes.txt] 6 10}
2024/03/05 02:47:12 worker  9 get order:  &{0 [../pg-sherlock_holmes.txt] 6 10}  order Type 0
2024/03/05 02:47:12 start 6 map
2024/03/05 02:47:12 Worker finish order 6, order type 0
2024/03/05 02:47:13 9 :  call for  5  times
2024/03/05 02:47:13 CallOrder: worker get response &{2 [] 0 0}
2024/03/05 02:47:13 worker  9 get order:  &{2 [] 0 0}  order Type 2
2024/03/05 02:47:13 9  waiting for order
2024/03/05 02:47:15 9 :  call for  6  times
2024/03/05 02:47:15 CallOrder: worker get response &{1 [mr-tmp-0-1 mr-tmp-1-1 mr-tmp-2-1 mr-tmp-3-1 mr-tmp-4-1 mr-tmp-5-1 mr-tmp-6-1 mr-tmp-7-1] 9 0}
2024/03/05 02:47:15 worker  9 get order:  &{1 [mr-tmp-0-1 mr-tmp-1-1 mr-tmp-2-1 mr-tmp-3-1 mr-tmp-4-1 mr-tmp-5-1 mr-tmp-6-1 mr-tmp-7-1] 9 0}  order Type 1
2024/03/05 02:47:16 start 9 map
2024/03/05 02:47:16 Worker finish order 9, order type 1
2024/03/05 02:47:17 9 :  call for  7  times
2024/03/05 02:47:17 CallOrder: worker get response &{1 [mr-tmp-0-3 mr-tmp-1-3 mr-tmp-2-3 mr-tmp-3-3 mr-tmp-4-3 mr-tmp-5-3 mr-tmp-6-3 mr-tmp-7-3] 11 0}
2024/03/05 02:47:17 worker  9 get order:  &{1 [mr-tmp-0-3 mr-tmp-1-3 mr-tmp-2-3 mr-tmp-3-3 mr-tmp-4-3 mr-tmp-5-3 mr-tmp-6-3 mr-tmp-7-3] 11 0}  order Type 1
2024/03/05 02:47:19 start 11 map
2024/03/05 02:47:19 Worker finish order 11, order type 1
2024/03/05 02:47:20 9 :  call for  8  times
2024/03/05 02:47:20 CallOrder: worker get response &{1 [mr-tmp-0-6 mr-tmp-1-6 mr-tmp-2-6 mr-tmp-3-6 mr-tmp-4-6 mr-tmp-5-6 mr-tmp-6-6 mr-tmp-7-6] 14 0}
2024/03/05 02:47:20 worker  9 get order:  &{1 [mr-tmp-0-6 mr-tmp-1-6 mr-tmp-2-6 mr-tmp-3-6 mr-tmp-4-6 mr-tmp-5-6 mr-tmp-6-6 mr-tmp-7-6] 14 0}  order Type 1
2024/03/05 02:47:21 start 14 map
2024/03/05 02:47:21 Worker finish order 14, order type 1
2024/03/05 02:47:22 9 :  call for  9  times
2024/03/05 02:47:22 CallOrder: worker get response &{1 [mr-tmp-0-7 mr-tmp-1-7 mr-tmp-2-7 mr-tmp-3-7 mr-tmp-4-7 mr-tmp-5-7 mr-tmp-6-7 mr-tmp-7-7] 15 0}
2024/03/05 02:47:22 worker  9 get order:  &{1 [mr-tmp-0-7 mr-tmp-1-7 mr-tmp-2-7 mr-tmp-3-7 mr-tmp-4-7 mr-tmp-5-7 mr-tmp-6-7 mr-tmp-7-7] 15 0}  order Type 1
2024/03/05 02:47:22 start 15 map
2024/03/05 02:47:22 Worker finish order 15, order type 1
2024/03/05 02:47:23 9 :  call for  10  times
2024/03/05 02:47:23 CallOrder: worker get response &{3 [] 0 0}
2024/03/05 02:47:23 worker  9 get order:  &{3 [] 0 0}  order Type 3
2024/03/05 02:47:23 9  waiting for order
2024/03/05 02:47:25 9 :  call for  11  times
2024/03/05 02:47:25 CallOrder: worker get response &{3 [] 0 0}
2024/03/05 02:47:25 worker  9 get order:  &{3 [] 0 0}  order Type 3
2024/03/05 02:47:25 9  waiting for order
2024/03/05 02:47:27 9 :  call for  12  times
2024/03/05 02:47:27 dialing:dial unix /var/tmp/824-mr-0: connect: connection refused
