2024/03/05 12:37:06 6 :  call for  1  times
2024/03/05 12:37:06 CallOrder: worker get response &{1 [mr-tmp-0-8 mr-tmp-1-8 mr-tmp-2-8 mr-tmp-3-8 mr-tmp-4-8 mr-tmp-5-8 mr-tmp-6-8 mr-tmp-7-8] 16 0}
2024/03/05 12:37:06 worker  6 get order:  &{1 [mr-tmp-0-8 mr-tmp-1-8 mr-tmp-2-8 mr-tmp-3-8 mr-tmp-4-8 mr-tmp-5-8 mr-tmp-6-8 mr-tmp-7-8] 16 0}  order Type 1
2024/03/05 12:37:06 start 16 map
2024/03/05 12:37:06 Worker finish order 16, order type 1
2024/03/05 12:37:07 6 :  call for  2  times
2024/03/05 12:37:07 CallOrder: worker get response &{3 [] 0 0}
2024/03/05 12:37:07 worker  6 get order:  &{3 [] 0 0}  order Type 3
2024/03/05 12:37:07 6  waiting for order
2024/03/05 12:37:09 6 :  call for  3  times
2024/03/05 12:37:09 CallOrder: worker get response &{3 [] 0 0}
2024/03/05 12:37:09 worker  6 get order:  &{3 [] 0 0}  order Type 3
2024/03/05 12:37:09 6  waiting for order
2024/03/05 12:37:11 6 :  call for  4  times
2024/03/05 12:37:11 CallOrder: worker get response &{3 [] 0 0}
2024/03/05 12:37:11 worker  6 get order:  &{3 [] 0 0}  order Type 3
2024/03/05 12:37:11 6  waiting for order
2024/03/05 12:37:13 6 :  call for  5  times
2024/03/05 12:37:13 CallOrder: worker get response &{3 [] 0 0}
2024/03/05 12:37:13 worker  6 get order:  &{3 [] 0 0}  order Type 3
2024/03/05 12:37:13 6  waiting for order
2024/03/05 12:37:15 6 :  call for  6  times
2024/03/05 12:37:15 CallOrder: worker get response &{3 [] 0 0}
2024/03/05 12:37:15 worker  6 get order:  &{3 [] 0 0}  order Type 3
2024/03/05 12:37:15 6  waiting for order
2024/03/05 12:37:17 6 :  call for  7  times
2024/03/05 12:37:17 CallOrder: worker get response &{4 [] 0 0}
2024/03/05 12:37:17 worker  6 get order:  &{4 [] 0 0}  order Type 4
2024/03/05 12:37:18 6  killed
