2024/03/05 07:42:25 25 :  call for  1  times
2024/03/05 07:42:25 CallOrder: worker get response &{2 [] 0 0}
2024/03/05 07:42:25 worker  25 get order:  &{2 [] 0 0}  order Type 2
2024/03/05 07:42:25 25  waiting for order
2024/03/05 07:42:27 25 :  call for  2  times
2024/03/05 07:42:27 CallOrder: worker get response &{2 [] 0 0}
2024/03/05 07:42:27 worker  25 get order:  &{2 [] 0 0}  order Type 2
2024/03/05 07:42:27 25  waiting for order
2024/03/05 07:42:29 25 :  call for  3  times
2024/03/05 07:42:29 CallOrder: worker get response &{2 [] 0 0}
2024/03/05 07:42:29 worker  25 get order:  &{2 [] 0 0}  order Type 2
2024/03/05 07:42:29 25  waiting for order
2024/03/05 07:42:31 25 :  call for  4  times
2024/03/05 07:42:31 CallOrder: worker get response &{2 [] 0 0}
2024/03/05 07:42:31 worker  25 get order:  &{2 [] 0 0}  order Type 2
2024/03/05 07:42:31 25  waiting for order
2024/03/05 07:42:33 25 :  call for  5  times
2024/03/05 07:42:33 CallOrder: worker get response &{0 [../pg-frankenstein.txt] 2 10}
2024/03/05 07:42:33 worker  25 get order:  &{0 [../pg-frankenstein.txt] 2 10}  order Type 0
2024/03/05 07:42:39 start 2 map
2024/03/05 07:42:39 Worker finish order 2, order type 0
2024/03/05 07:42:40 25 :  call for  6  times
2024/03/05 07:42:40 CallOrder: worker get response &{2 [] 0 0}
2024/03/05 07:42:40 worker  25 get order:  &{2 [] 0 0}  order Type 2
2024/03/05 07:42:40 25  waiting for order
2024/03/05 07:42:42 25 :  call for  7  times
2024/03/05 07:42:42 CallOrder: worker get response &{1 [mr-tmp-0-0 mr-tmp-1-0 mr-tmp-2-0 mr-tmp-3-0 mr-tmp-4-0 mr-tmp-5-0 mr-tmp-6-0 mr-tmp-7-0] 8 0}
2024/03/05 07:42:42 worker  25 get order:  &{1 [mr-tmp-0-0 mr-tmp-1-0 mr-tmp-2-0 mr-tmp-3-0 mr-tmp-4-0 mr-tmp-5-0 mr-tmp-6-0 mr-tmp-7-0] 8 0}  order Type 1
2024/03/05 07:42:42 start 8 map
2024/03/05 07:42:42 Worker finish order 8, order type 1
2024/03/05 07:42:43 25 :  call for  8  times
2024/03/05 07:42:43 CallOrder: worker get response &{1 [mr-tmp-0-3 mr-tmp-1-3 mr-tmp-2-3 mr-tmp-3-3 mr-tmp-4-3 mr-tmp-5-3 mr-tmp-6-3 mr-tmp-7-3] 11 0}
2024/03/05 07:42:43 worker  25 get order:  &{1 [mr-tmp-0-3 mr-tmp-1-3 mr-tmp-2-3 mr-tmp-3-3 mr-tmp-4-3 mr-tmp-5-3 mr-tmp-6-3 mr-tmp-7-3] 11 0}  order Type 1
2024/03/05 07:42:43 start 11 map
2024/03/05 07:42:43 Worker finish order 11, order type 1
2024/03/05 07:42:44 25 :  call for  9  times
2024/03/05 07:42:44 CallOrder: worker get response &{1 [mr-tmp-0-6 mr-tmp-1-6 mr-tmp-2-6 mr-tmp-3-6 mr-tmp-4-6 mr-tmp-5-6 mr-tmp-6-6 mr-tmp-7-6] 14 0}
2024/03/05 07:42:44 worker  25 get order:  &{1 [mr-tmp-0-6 mr-tmp-1-6 mr-tmp-2-6 mr-tmp-3-6 mr-tmp-4-6 mr-tmp-5-6 mr-tmp-6-6 mr-tmp-7-6] 14 0}  order Type 1
2024/03/05 07:42:44 start 14 map
2024/03/05 07:42:44 Worker finish order 14, order type 1
2024/03/05 07:42:45 25 :  call for  10  times
2024/03/05 07:42:45 CallOrder: worker get response &{1 [mr-tmp-0-8 mr-tmp-1-8 mr-tmp-2-8 mr-tmp-3-8 mr-tmp-4-8 mr-tmp-5-8 mr-tmp-6-8 mr-tmp-7-8] 16 0}
2024/03/05 07:42:45 worker  25 get order:  &{1 [mr-tmp-0-8 mr-tmp-1-8 mr-tmp-2-8 mr-tmp-3-8 mr-tmp-4-8 mr-tmp-5-8 mr-tmp-6-8 mr-tmp-7-8] 16 0}  order Type 1
2024/03/05 07:42:45 start 16 map
2024/03/05 07:42:45 Worker finish order 16, order type 1
2024/03/05 07:42:46 25 :  call for  11  times
2024/03/05 07:42:46 CallOrder: worker get response &{3 [] 0 0}
2024/03/05 07:42:46 worker  25 get order:  &{3 [] 0 0}  order Type 3
2024/03/05 07:42:46 25  waiting for order
2024/03/05 07:42:48 25 :  call for  12  times
2024/03/05 07:42:48 CallOrder: worker get response &{3 [] 0 0}
2024/03/05 07:42:48 worker  25 get order:  &{3 [] 0 0}  order Type 3
2024/03/05 07:42:48 25  waiting for order
2024/03/05 07:42:50 25 :  call for  13  times
2024/03/05 07:42:50 CallOrder: worker get response &{3 [] 0 0}
2024/03/05 07:42:50 worker  25 get order:  &{3 [] 0 0}  order Type 3
2024/03/05 07:42:50 25  waiting for order
2024/03/05 07:42:52 25 :  call for  14  times
2024/03/05 07:42:52 CallOrder: worker get response &{3 [] 0 0}
2024/03/05 07:42:52 worker  25 get order:  &{3 [] 0 0}  order Type 3
2024/03/05 07:42:52 25  waiting for order
2024/03/05 07:42:54 25 :  call for  15  times
2024/03/05 07:42:54 dialing:dial unix /var/tmp/824-mr-0: connect: connection refused
