2024/03/04 22:21:07 7 :  call for  1  times
2024/03/04 22:21:07 CallOrder: worker get response &{0 [../pg-dorian_gray.txt] 1 10}
2024/03/04 22:21:07 worker  7 get order:  &{0 [../pg-dorian_gray.txt] 1 10}  order Type 0
2024/03/04 22:21:09 start 1 map
2024/03/04 22:21:09 Worker finish order 1, order type 0
2024/03/04 22:21:10 7 :  call for  2  times
2024/03/04 22:21:10 CallOrder: worker get response &{0 [../pg-metamorphosis.txt] 5 10}
2024/03/04 22:21:10 worker  7 get order:  &{0 [../pg-metamorphosis.txt] 5 10}  order Type 0
2024/03/04 22:21:10 start 5 map
2024/03/04 22:21:10 Worker finish order 5, order type 0
2024/03/04 22:21:11 7 :  call for  3  times
2024/03/04 22:21:11 CallOrder: worker get response &{0 [../pg-tom_sawyer.txt] 7 10}
2024/03/04 22:21:11 worker  7 get order:  &{0 [../pg-tom_sawyer.txt] 7 10}  order Type 0
2024/03/04 22:21:13 start 7 map
2024/03/04 22:21:13 Worker finish order 7, order type 0
2024/03/04 22:21:14 7 :  call for  4  times
2024/03/04 22:21:14 CallOrder: worker get response &{2 [] 0 0}
2024/03/04 22:21:14 worker  7 get order:  &{2 [] 0 0}  order Type 2
2024/03/04 22:21:14 7  waiting for order
2024/03/04 22:21:16 7 :  call for  5  times
2024/03/04 22:21:16 CallOrder: worker get response &{1 [mr-tmp-0-3 mr-tmp-1-3 mr-tmp-2-3 mr-tmp-3-3 mr-tmp-4-3 mr-tmp-5-3 mr-tmp-6-3 mr-tmp-7-3] 11 0}
2024/03/04 22:21:16 worker  7 get order:  &{1 [mr-tmp-0-3 mr-tmp-1-3 mr-tmp-2-3 mr-tmp-3-3 mr-tmp-4-3 mr-tmp-5-3 mr-tmp-6-3 mr-tmp-7-3] 11 0}  order Type 1
2024/03/04 22:21:17 start 11 map
2024/03/04 22:21:17 Worker finish order 11, order type 1
2024/03/04 22:21:18 7 :  call for  6  times
2024/03/04 22:21:18 CallOrder: worker get response &{1 [mr-tmp-0-5 mr-tmp-1-5 mr-tmp-2-5 mr-tmp-3-5 mr-tmp-4-5 mr-tmp-5-5 mr-tmp-6-5 mr-tmp-7-5] 13 0}
2024/03/04 22:21:18 worker  7 get order:  &{1 [mr-tmp-0-5 mr-tmp-1-5 mr-tmp-2-5 mr-tmp-3-5 mr-tmp-4-5 mr-tmp-5-5 mr-tmp-6-5 mr-tmp-7-5] 13 0}  order Type 1
2024/03/04 22:21:19 start 13 map
2024/03/04 22:21:19 Worker finish order 13, order type 1
2024/03/04 22:21:20 7 :  call for  7  times
2024/03/04 22:21:20 CallOrder: worker get response &{1 [mr-tmp-0-8 mr-tmp-1-8 mr-tmp-2-8 mr-tmp-3-8 mr-tmp-4-8 mr-tmp-5-8 mr-tmp-6-8 mr-tmp-7-8] 16 0}
2024/03/04 22:21:20 worker  7 get order:  &{1 [mr-tmp-0-8 mr-tmp-1-8 mr-tmp-2-8 mr-tmp-3-8 mr-tmp-4-8 mr-tmp-5-8 mr-tmp-6-8 mr-tmp-7-8] 16 0}  order Type 1
2024/03/04 22:21:21 start 16 map
2024/03/04 22:21:21 Worker finish order 16, order type 1
2024/03/04 22:21:22 7 :  call for  8  times
2024/03/04 22:21:22 CallOrder: worker get response &{3 [] 0 0}
2024/03/04 22:21:22 worker  7 get order:  &{3 [] 0 0}  order Type 3
2024/03/04 22:21:22 7  waiting for order
2024/03/04 22:21:24 7 :  call for  9  times
2024/03/04 22:21:24 dialing:dial unix /var/tmp/824-mr-0: connect: connection refused
