2024/03/05 03:16:03 3 :  call for  1  times
2024/03/05 03:16:03 CallOrder: worker get response &{0 [../pg-dorian_gray.txt] 1 10}
2024/03/05 03:16:03 worker  3 get order:  &{0 [../pg-dorian_gray.txt] 1 10}  order Type 0
2024/03/05 03:16:03 start 1 map
2024/03/05 03:16:03 Worker finish order 1, order type 0
2024/03/05 03:16:04 3 :  call for  2  times
2024/03/05 03:16:04 CallOrder: worker get response &{0 [../pg-metamorphosis.txt] 5 10}
2024/03/05 03:16:04 worker  3 get order:  &{0 [../pg-metamorphosis.txt] 5 10}  order Type 0
2024/03/05 03:16:04 start 5 map
2024/03/05 03:16:04 Worker finish order 5, order type 0
2024/03/05 03:16:05 3 :  call for  3  times
2024/03/05 03:16:05 CallOrder: worker get response &{0 [../pg-tom_sawyer.txt] 7 10}
2024/03/05 03:16:05 worker  3 get order:  &{0 [../pg-tom_sawyer.txt] 7 10}  order Type 0
2024/03/05 03:16:05 start 7 map
2024/03/05 03:16:05 Worker finish order 7, order type 0
2024/03/05 03:16:06 3 :  call for  4  times
2024/03/05 03:16:06 CallOrder: worker get response &{1 [mr-tmp-0-0 mr-tmp-1-0 mr-tmp-2-0 mr-tmp-3-0 mr-tmp-4-0 mr-tmp-5-0 mr-tmp-6-0 mr-tmp-7-0] 8 0}
2024/03/05 03:16:06 worker  3 get order:  &{1 [mr-tmp-0-0 mr-tmp-1-0 mr-tmp-2-0 mr-tmp-3-0 mr-tmp-4-0 mr-tmp-5-0 mr-tmp-6-0 mr-tmp-7-0] 8 0}  order Type 1
2024/03/05 03:16:06 start 8 map
2024/03/05 03:16:06 Worker finish order 8, order type 1
2024/03/05 03:16:07 3 :  call for  5  times
2024/03/05 03:16:07 CallOrder: worker get response &{1 [mr-tmp-0-2 mr-tmp-1-2 mr-tmp-2-2 mr-tmp-3-2 mr-tmp-4-2 mr-tmp-5-2 mr-tmp-6-2 mr-tmp-7-2] 10 0}
2024/03/05 03:16:07 worker  3 get order:  &{1 [mr-tmp-0-2 mr-tmp-1-2 mr-tmp-2-2 mr-tmp-3-2 mr-tmp-4-2 mr-tmp-5-2 mr-tmp-6-2 mr-tmp-7-2] 10 0}  order Type 1
2024/03/05 03:16:10 start 10 map
2024/03/05 03:16:10 Worker finish order 10, order type 1
2024/03/05 03:16:11 3 :  call for  6  times
2024/03/05 03:16:11 CallOrder: worker get response &{1 [mr-tmp-0-8 mr-tmp-1-8 mr-tmp-2-8 mr-tmp-3-8 mr-tmp-4-8 mr-tmp-5-8 mr-tmp-6-8 mr-tmp-7-8] 16 0}
2024/03/05 03:16:11 worker  3 get order:  &{1 [mr-tmp-0-8 mr-tmp-1-8 mr-tmp-2-8 mr-tmp-3-8 mr-tmp-4-8 mr-tmp-5-8 mr-tmp-6-8 mr-tmp-7-8] 16 0}  order Type 1
2024/03/05 03:16:11 start 16 map
2024/03/05 03:16:11 Worker finish order 16, order type 1
2024/03/05 03:16:12 3 :  call for  7  times
2024/03/05 03:16:12 CallOrder: worker get response &{3 [] 0 0}
2024/03/05 03:16:12 worker  3 get order:  &{3 [] 0 0}  order Type 3
2024/03/05 03:16:12 3  waiting for order
2024/03/05 03:16:14 3 :  call for  8  times
2024/03/05 03:16:14 dialing:dial unix /var/tmp/824-mr-0: connect: connection refused
