2024/03/05 10:29:39 39 :  call for  1  times
2024/03/05 10:29:39 CallOrder: worker get response &{0 [../pg-dorian_gray.txt] 1 10}
2024/03/05 10:29:39 worker  39 get order:  &{0 [../pg-dorian_gray.txt] 1 10}  order Type 0
2024/03/05 10:29:39 start 1 map
2024/03/05 10:29:39 Worker finish order 1, order type 0
2024/03/05 10:29:40 39 :  call for  2  times
2024/03/05 10:29:40 CallOrder: worker get response &{0 [../pg-huckleberry_finn.txt] 4 10}
2024/03/05 10:29:40 worker  39 get order:  &{0 [../pg-huckleberry_finn.txt] 4 10}  order Type 0
2024/03/05 10:29:40 start 4 map
2024/03/05 10:29:40 Worker finish order 4, order type 0
2024/03/05 10:29:41 39 :  call for  3  times
2024/03/05 10:29:41 CallOrder: worker get response &{2 [] 0 0}
2024/03/05 10:29:41 worker  39 get order:  &{2 [] 0 0}  order Type 2
2024/03/05 10:29:41 39  waiting for order
2024/03/05 10:29:43 39 :  call for  4  times
2024/03/05 10:29:43 CallOrder: worker get response &{1 [mr-tmp-0-4 mr-tmp-1-4 mr-tmp-2-4 mr-tmp-3-4 mr-tmp-4-4 mr-tmp-5-4 mr-tmp-6-4 mr-tmp-7-4] 12 0}
2024/03/05 10:29:43 worker  39 get order:  &{1 [mr-tmp-0-4 mr-tmp-1-4 mr-tmp-2-4 mr-tmp-3-4 mr-tmp-4-4 mr-tmp-5-4 mr-tmp-6-4 mr-tmp-7-4] 12 0}  order Type 1
2024/03/05 10:29:43 start 12 map
2024/03/05 10:29:43 Worker finish order 12, order type 1
2024/03/05 10:29:44 39 :  call for  5  times
2024/03/05 10:29:44 CallOrder: worker get response &{1 [mr-tmp-0-6 mr-tmp-1-6 mr-tmp-2-6 mr-tmp-3-6 mr-tmp-4-6 mr-tmp-5-6 mr-tmp-6-6 mr-tmp-7-6] 14 0}
2024/03/05 10:29:44 worker  39 get order:  &{1 [mr-tmp-0-6 mr-tmp-1-6 mr-tmp-2-6 mr-tmp-3-6 mr-tmp-4-6 mr-tmp-5-6 mr-tmp-6-6 mr-tmp-7-6] 14 0}  order Type 1
2024/03/05 10:29:47 start 14 map
2024/03/05 10:29:47 Worker finish order 14, order type 1
2024/03/05 10:29:48 39 :  call for  6  times
2024/03/05 10:29:48 CallOrder: worker get response &{4 [] 0 0}
2024/03/05 10:29:48 worker  39 get order:  &{4 [] 0 0}  order Type 4
2024/03/05 10:29:49 39  killed
