2024/03/05 02:54:11 11 :  call for  1  times
2024/03/05 02:54:11 CallOrder: worker get response &{0 [../pg-dorian_gray.txt] 1 10}
2024/03/05 02:54:11 worker  11 get order:  &{0 [../pg-dorian_gray.txt] 1 10}  order Type 0
2024/03/05 02:54:13 start 1 map
2024/03/05 02:54:13 Worker finish order 1, order type 0
2024/03/05 02:54:14 11 :  call for  2  times
2024/03/05 02:54:14 CallOrder: worker get response &{0 [../pg-metamorphosis.txt] 5 10}
2024/03/05 02:54:14 worker  11 get order:  &{0 [../pg-metamorphosis.txt] 5 10}  order Type 0
2024/03/05 02:54:14 start 5 map
2024/03/05 02:54:14 Worker finish order 5, order type 0
2024/03/05 02:54:15 11 :  call for  3  times
2024/03/05 02:54:15 CallOrder: worker get response &{0 [../pg-sherlock_holmes.txt] 6 10}
2024/03/05 02:54:15 worker  11 get order:  &{0 [../pg-sherlock_holmes.txt] 6 10}  order Type 0
2024/03/05 02:54:17 start 6 map
2024/03/05 02:54:17 Worker finish order 6, order type 0
2024/03/05 02:54:18 11 :  call for  4  times
2024/03/05 02:54:18 CallOrder: worker get response &{1 [mr-tmp-0-1 mr-tmp-1-1 mr-tmp-2-1 mr-tmp-3-1 mr-tmp-4-1 mr-tmp-5-1 mr-tmp-6-1 mr-tmp-7-1] 9 0}
2024/03/05 02:54:18 worker  11 get order:  &{1 [mr-tmp-0-1 mr-tmp-1-1 mr-tmp-2-1 mr-tmp-3-1 mr-tmp-4-1 mr-tmp-5-1 mr-tmp-6-1 mr-tmp-7-1] 9 0}  order Type 1
2024/03/05 02:54:19 start 9 map
2024/03/05 02:54:19 Worker finish order 9, order type 1
2024/03/05 02:54:20 11 :  call for  5  times
2024/03/05 02:54:20 CallOrder: worker get response &{1 [mr-tmp-0-3 mr-tmp-1-3 mr-tmp-2-3 mr-tmp-3-3 mr-tmp-4-3 mr-tmp-5-3 mr-tmp-6-3 mr-tmp-7-3] 11 0}
2024/03/05 02:54:20 worker  11 get order:  &{1 [mr-tmp-0-3 mr-tmp-1-3 mr-tmp-2-3 mr-tmp-3-3 mr-tmp-4-3 mr-tmp-5-3 mr-tmp-6-3 mr-tmp-7-3] 11 0}  order Type 1
2024/03/05 02:54:20 start 11 map
2024/03/05 02:54:20 Worker finish order 11, order type 1
2024/03/05 02:54:21 11 :  call for  6  times
2024/03/05 02:54:21 CallOrder: worker get response &{1 [mr-tmp-0-5 mr-tmp-1-5 mr-tmp-2-5 mr-tmp-3-5 mr-tmp-4-5 mr-tmp-5-5 mr-tmp-6-5 mr-tmp-7-5] 13 0}
2024/03/05 02:54:21 worker  11 get order:  &{1 [mr-tmp-0-5 mr-tmp-1-5 mr-tmp-2-5 mr-tmp-3-5 mr-tmp-4-5 mr-tmp-5-5 mr-tmp-6-5 mr-tmp-7-5] 13 0}  order Type 1
2024/03/05 02:54:22 start 13 map
2024/03/05 02:54:22 Worker finish order 13, order type 1
2024/03/05 02:54:23 11 :  call for  7  times
2024/03/05 02:54:23 CallOrder: worker get response &{1 [mr-tmp-0-8 mr-tmp-1-8 mr-tmp-2-8 mr-tmp-3-8 mr-tmp-4-8 mr-tmp-5-8 mr-tmp-6-8 mr-tmp-7-8] 16 0}
2024/03/05 02:54:23 worker  11 get order:  &{1 [mr-tmp-0-8 mr-tmp-1-8 mr-tmp-2-8 mr-tmp-3-8 mr-tmp-4-8 mr-tmp-5-8 mr-tmp-6-8 mr-tmp-7-8] 16 0}  order Type 1
2024/03/05 02:54:24 start 16 map
2024/03/05 02:54:24 Worker finish order 16, order type 1
2024/03/05 02:54:25 11 :  call for  8  times
2024/03/05 02:54:25 CallOrder: worker get response &{3 [] 0 0}
2024/03/05 02:54:25 worker  11 get order:  &{3 [] 0 0}  order Type 3
2024/03/05 02:54:25 11  waiting for order
2024/03/05 02:54:27 11 :  call for  9  times
2024/03/05 02:54:27 dialing:dial unix /var/tmp/824-mr-0: connect: connection refused
