2024/03/05 10:04:43 43 :  call for  1  times
2024/03/05 10:04:43 CallOrder: worker get response &{3 [] 0 0}
2024/03/05 10:04:43 worker  43 get order:  &{3 [] 0 0}  order Type 3
2024/03/05 10:04:43 43  waiting for order
2024/03/05 10:04:45 43 :  call for  2  times
2024/03/05 10:04:45 CallOrder: worker get response &{3 [] 0 0}
2024/03/05 10:04:45 worker  43 get order:  &{3 [] 0 0}  order Type 3
2024/03/05 10:04:45 43  waiting for order
2024/03/05 10:04:47 43 :  call for  3  times
2024/03/05 10:04:47 CallOrder: worker get response &{1 [mr-tmp-0-0 mr-tmp-1-0 mr-tmp-2-0 mr-tmp-3-0 mr-tmp-4-0 mr-tmp-5-0 mr-tmp-6-0 mr-tmp-7-0] 8 0}
2024/03/05 10:04:47 worker  43 get order:  &{1 [mr-tmp-0-0 mr-tmp-1-0 mr-tmp-2-0 mr-tmp-3-0 mr-tmp-4-0 mr-tmp-5-0 mr-tmp-6-0 mr-tmp-7-0] 8 0}  order Type 1
2024/03/05 10:04:48 start 8 map
2024/03/05 10:04:48 Worker finish order 8, order type 1
2024/03/05 10:04:49 43 :  call for  4  times
2024/03/05 10:04:49 CallOrder: worker get response &{3 [] 0 0}
2024/03/05 10:04:49 worker  43 get order:  &{3 [] 0 0}  order Type 3
2024/03/05 10:04:49 43  waiting for order
2024/03/05 10:04:51 43 :  call for  5  times
2024/03/05 10:04:51 CallOrder: worker get response &{3 [] 0 0}
2024/03/05 10:04:51 worker  43 get order:  &{3 [] 0 0}  order Type 3
2024/03/05 10:04:51 43  waiting for order
2024/03/05 10:04:53 43 :  call for  6  times
2024/03/05 10:04:53 CallOrder: worker get response &{1 [mr-tmp-0-9 mr-tmp-1-9 mr-tmp-2-9 mr-tmp-3-9 mr-tmp-4-9 mr-tmp-5-9 mr-tmp-6-9 mr-tmp-7-9] 17 0}
2024/03/05 10:04:53 worker  43 get order:  &{1 [mr-tmp-0-9 mr-tmp-1-9 mr-tmp-2-9 mr-tmp-3-9 mr-tmp-4-9 mr-tmp-5-9 mr-tmp-6-9 mr-tmp-7-9] 17 0}  order Type 1
2024/03/05 10:05:02 start 17 map
2024/03/05 10:05:02 Worker finish order 17, order type 1
2024/03/05 10:05:03 43 :  call for  7  times
2024/03/05 10:05:03 CallOrder: worker get response &{3 [] 0 0}
2024/03/05 10:05:03 worker  43 get order:  &{3 [] 0 0}  order Type 3
2024/03/05 10:05:03 43  waiting for order
2024/03/05 10:05:05 43 :  call for  8  times
2024/03/05 10:05:05 dialing:dial unix /var/tmp/824-mr-0: connect: connection refused
