2024/03/05 05:11:07 7 :  call for  1  times
2024/03/05 05:11:07 CallOrder: worker get response &{0 [../pg-frankenstein.txt] 2 10}
2024/03/05 05:11:07 worker  7 get order:  &{0 [../pg-frankenstein.txt] 2 10}  order Type 0
2024/03/05 05:11:09 start 2 map
2024/03/05 05:11:09 Worker finish order 2, order type 0
2024/03/05 05:11:10 7 :  call for  2  times
2024/03/05 05:11:10 CallOrder: worker get response &{0 [../pg-huckleberry_finn.txt] 4 10}
2024/03/05 05:11:10 worker  7 get order:  &{0 [../pg-huckleberry_finn.txt] 4 10}  order Type 0
2024/03/05 05:11:14 start 4 map
2024/03/05 05:11:14 Worker finish order 4, order type 0
2024/03/05 05:11:15 7 :  call for  3  times
2024/03/05 05:11:15 CallOrder: worker get response &{2 [] 0 0}
2024/03/05 05:11:15 worker  7 get order:  &{2 [] 0 0}  order Type 2
2024/03/05 05:11:15 7  waiting for order
2024/03/05 05:11:17 7 :  call for  4  times
2024/03/05 05:11:17 CallOrder: worker get response &{1 [mr-tmp-0-1 mr-tmp-1-1 mr-tmp-2-1 mr-tmp-3-1 mr-tmp-4-1 mr-tmp-5-1 mr-tmp-6-1 mr-tmp-7-1] 9 0}
2024/03/05 05:11:17 worker  7 get order:  &{1 [mr-tmp-0-1 mr-tmp-1-1 mr-tmp-2-1 mr-tmp-3-1 mr-tmp-4-1 mr-tmp-5-1 mr-tmp-6-1 mr-tmp-7-1] 9 0}  order Type 1
2024/03/05 05:11:17 start 9 map
2024/03/05 05:11:17 Worker finish order 9, order type 1
2024/03/05 05:11:18 7 :  call for  5  times
2024/03/05 05:11:18 CallOrder: worker get response &{1 [mr-tmp-0-2 mr-tmp-1-2 mr-tmp-2-2 mr-tmp-3-2 mr-tmp-4-2 mr-tmp-5-2 mr-tmp-6-2 mr-tmp-7-2] 10 0}
2024/03/05 05:11:18 worker  7 get order:  &{1 [mr-tmp-0-2 mr-tmp-1-2 mr-tmp-2-2 mr-tmp-3-2 mr-tmp-4-2 mr-tmp-5-2 mr-tmp-6-2 mr-tmp-7-2] 10 0}  order Type 1
2024/03/05 05:11:20 start 10 map
2024/03/05 05:11:20 Worker finish order 10, order type 1
2024/03/05 05:11:21 7 :  call for  6  times
2024/03/05 05:11:21 CallOrder: worker get response &{1 [mr-tmp-0-7 mr-tmp-1-7 mr-tmp-2-7 mr-tmp-3-7 mr-tmp-4-7 mr-tmp-5-7 mr-tmp-6-7 mr-tmp-7-7] 15 0}
2024/03/05 05:11:21 worker  7 get order:  &{1 [mr-tmp-0-7 mr-tmp-1-7 mr-tmp-2-7 mr-tmp-3-7 mr-tmp-4-7 mr-tmp-5-7 mr-tmp-6-7 mr-tmp-7-7] 15 0}  order Type 1
2024/03/05 05:11:22 start 15 map
2024/03/05 05:11:22 Worker finish order 15, order type 1
2024/03/05 05:11:23 7 :  call for  7  times
2024/03/05 05:11:23 CallOrder: worker get response &{1 [mr-tmp-0-9 mr-tmp-1-9 mr-tmp-2-9 mr-tmp-3-9 mr-tmp-4-9 mr-tmp-5-9 mr-tmp-6-9 mr-tmp-7-9] 17 0}
2024/03/05 05:11:23 worker  7 get order:  &{1 [mr-tmp-0-9 mr-tmp-1-9 mr-tmp-2-9 mr-tmp-3-9 mr-tmp-4-9 mr-tmp-5-9 mr-tmp-6-9 mr-tmp-7-9] 17 0}  order Type 1
2024/03/05 05:11:24 start 17 map
2024/03/05 05:11:24 Worker finish order 17, order type 1
2024/03/05 05:11:25 7 :  call for  8  times
2024/03/05 05:11:25 CallOrder: worker get response &{4 [] 0 0}
2024/03/05 05:11:25 worker  7 get order:  &{4 [] 0 0}  order Type 4
2024/03/05 05:11:26 7  killed
