2024/03/04 23:45:30 30 :  call for  1  times
2024/03/04 23:45:30 CallOrder: worker get response &{0 [../pg-being_ernest.txt] 0 10}
2024/03/04 23:45:30 worker  30 get order:  &{0 [../pg-being_ernest.txt] 0 10}  order Type 0
2024/03/04 23:45:31 start 0 map
2024/03/04 23:45:31 Worker finish order 0, order type 0
2024/03/04 23:45:32 30 :  call for  2  times
2024/03/04 23:45:32 CallOrder: worker get response &{0 [../pg-frankenstein.txt] 2 10}
2024/03/04 23:45:32 worker  30 get order:  &{0 [../pg-frankenstein.txt] 2 10}  order Type 0
2024/03/04 23:45:33 start 2 map
2024/03/04 23:45:33 Worker finish order 2, order type 0
2024/03/04 23:45:34 30 :  call for  3  times
2024/03/04 23:45:34 CallOrder: worker get response &{0 [../pg-huckleberry_finn.txt] 4 10}
2024/03/04 23:45:34 worker  30 get order:  &{0 [../pg-huckleberry_finn.txt] 4 10}  order Type 0
2024/03/04 23:45:35 start 4 map
2024/03/04 23:45:35 Worker finish order 4, order type 0
2024/03/04 23:45:36 30 :  call for  4  times
2024/03/04 23:45:36 CallOrder: worker get response &{0 [../pg-sherlock_holmes.txt] 6 10}
2024/03/04 23:45:36 worker  30 get order:  &{0 [../pg-sherlock_holmes.txt] 6 10}  order Type 0
2024/03/04 23:45:37 start 6 map
2024/03/04 23:45:37 Worker finish order 6, order type 0
2024/03/04 23:45:38 30 :  call for  5  times
2024/03/04 23:45:38 CallOrder: worker get response &{1 [mr-tmp-0-0 mr-tmp-1-0 mr-tmp-2-0 mr-tmp-3-0 mr-tmp-4-0 mr-tmp-5-0 mr-tmp-6-0 mr-tmp-7-0] 8 0}
2024/03/04 23:45:38 worker  30 get order:  &{1 [mr-tmp-0-0 mr-tmp-1-0 mr-tmp-2-0 mr-tmp-3-0 mr-tmp-4-0 mr-tmp-5-0 mr-tmp-6-0 mr-tmp-7-0] 8 0}  order Type 1
2024/03/04 23:45:38 start 8 map
2024/03/04 23:45:38 Worker finish order 8, order type 1
2024/03/04 23:45:39 30 :  call for  6  times
2024/03/04 23:45:39 CallOrder: worker get response &{1 [mr-tmp-0-1 mr-tmp-1-1 mr-tmp-2-1 mr-tmp-3-1 mr-tmp-4-1 mr-tmp-5-1 mr-tmp-6-1 mr-tmp-7-1] 9 0}
2024/03/04 23:45:39 worker  30 get order:  &{1 [mr-tmp-0-1 mr-tmp-1-1 mr-tmp-2-1 mr-tmp-3-1 mr-tmp-4-1 mr-tmp-5-1 mr-tmp-6-1 mr-tmp-7-1] 9 0}  order Type 1
2024/03/04 23:45:39 start 9 map
2024/03/04 23:45:39 Worker finish order 9, order type 1
2024/03/04 23:45:40 30 :  call for  7  times
2024/03/04 23:45:40 CallOrder: worker get response &{1 [mr-tmp-0-3 mr-tmp-1-3 mr-tmp-2-3 mr-tmp-3-3 mr-tmp-4-3 mr-tmp-5-3 mr-tmp-6-3 mr-tmp-7-3] 11 0}
2024/03/04 23:45:40 worker  30 get order:  &{1 [mr-tmp-0-3 mr-tmp-1-3 mr-tmp-2-3 mr-tmp-3-3 mr-tmp-4-3 mr-tmp-5-3 mr-tmp-6-3 mr-tmp-7-3] 11 0}  order Type 1
2024/03/04 23:45:40 start 11 map
2024/03/04 23:45:40 Worker finish order 11, order type 1
2024/03/04 23:45:41 30 :  call for  8  times
2024/03/04 23:45:41 CallOrder: worker get response &{1 [mr-tmp-0-5 mr-tmp-1-5 mr-tmp-2-5 mr-tmp-3-5 mr-tmp-4-5 mr-tmp-5-5 mr-tmp-6-5 mr-tmp-7-5] 13 0}
2024/03/04 23:45:41 worker  30 get order:  &{1 [mr-tmp-0-5 mr-tmp-1-5 mr-tmp-2-5 mr-tmp-3-5 mr-tmp-4-5 mr-tmp-5-5 mr-tmp-6-5 mr-tmp-7-5] 13 0}  order Type 1
2024/03/04 23:45:41 start 13 map
2024/03/04 23:45:41 Worker finish order 13, order type 1
2024/03/04 23:45:42 30 :  call for  9  times
2024/03/04 23:45:42 CallOrder: worker get response &{1 [mr-tmp-0-7 mr-tmp-1-7 mr-tmp-2-7 mr-tmp-3-7 mr-tmp-4-7 mr-tmp-5-7 mr-tmp-6-7 mr-tmp-7-7] 15 0}
2024/03/04 23:45:42 worker  30 get order:  &{1 [mr-tmp-0-7 mr-tmp-1-7 mr-tmp-2-7 mr-tmp-3-7 mr-tmp-4-7 mr-tmp-5-7 mr-tmp-6-7 mr-tmp-7-7] 15 0}  order Type 1
2024/03/04 23:45:42 start 15 map
2024/03/04 23:45:42 Worker finish order 15, order type 1
2024/03/04 23:45:43 30 :  call for  10  times
2024/03/04 23:45:43 CallOrder: worker get response &{1 [mr-tmp-0-9 mr-tmp-1-9 mr-tmp-2-9 mr-tmp-3-9 mr-tmp-4-9 mr-tmp-5-9 mr-tmp-6-9 mr-tmp-7-9] 17 0}
2024/03/04 23:45:43 worker  30 get order:  &{1 [mr-tmp-0-9 mr-tmp-1-9 mr-tmp-2-9 mr-tmp-3-9 mr-tmp-4-9 mr-tmp-5-9 mr-tmp-6-9 mr-tmp-7-9] 17 0}  order Type 1
2024/03/04 23:45:43 start 17 map
2024/03/04 23:45:43 Worker finish order 17, order type 1
2024/03/04 23:45:44 30 :  call for  11  times
2024/03/04 23:45:44 CallOrder: worker get response &{4 [] 0 0}
2024/03/04 23:45:44 worker  30 get order:  &{4 [] 0 0}  order Type 4
2024/03/04 23:45:45 30  killed
