2024/03/05 11:55:23 23 :  call for  1  times
2024/03/05 11:55:23 CallOrder: worker get response &{0 [../pg-dorian_gray.txt] 1 10}
2024/03/05 11:55:23 worker  23 get order:  &{0 [../pg-dorian_gray.txt] 1 10}  order Type 0
2024/03/05 11:55:23 start 1 map
2024/03/05 11:55:23 Worker finish order 1, order type 0
2024/03/05 11:55:24 23 :  call for  2  times
2024/03/05 11:55:24 CallOrder: worker get response &{0 [../pg-metamorphosis.txt] 5 10}
2024/03/05 11:55:24 worker  23 get order:  &{0 [../pg-metamorphosis.txt] 5 10}  order Type 0
2024/03/05 11:55:25 start 5 map
2024/03/05 11:55:25 Worker finish order 5, order type 0
2024/03/05 11:55:26 23 :  call for  3  times
2024/03/05 11:55:26 CallOrder: worker get response &{2 [] 0 0}
2024/03/05 11:55:26 worker  23 get order:  &{2 [] 0 0}  order Type 2
2024/03/05 11:55:26 23  waiting for order
2024/03/05 11:55:28 23 :  call for  4  times
2024/03/05 11:55:28 CallOrder: worker get response &{2 [] 0 0}
2024/03/05 11:55:28 worker  23 get order:  &{2 [] 0 0}  order Type 2
2024/03/05 11:55:28 23  waiting for order
2024/03/05 11:55:30 23 :  call for  5  times
2024/03/05 11:55:30 CallOrder: worker get response &{2 [] 0 0}
2024/03/05 11:55:30 worker  23 get order:  &{2 [] 0 0}  order Type 2
2024/03/05 11:55:30 23  waiting for order
2024/03/05 11:55:32 23 :  call for  6  times
2024/03/05 11:55:32 CallOrder: worker get response &{2 [] 0 0}
2024/03/05 11:55:32 worker  23 get order:  &{2 [] 0 0}  order Type 2
2024/03/05 11:55:32 23  waiting for order
2024/03/05 11:55:34 23 :  call for  7  times
2024/03/05 11:55:34 CallOrder: worker get response &{2 [] 0 0}
2024/03/05 11:55:34 worker  23 get order:  &{2 [] 0 0}  order Type 2
2024/03/05 11:55:34 23  waiting for order
2024/03/05 11:55:36 23 :  call for  8  times
2024/03/05 11:55:36 CallOrder: worker get response &{1 [mr-tmp-0-2 mr-tmp-1-2 mr-tmp-2-2 mr-tmp-3-2 mr-tmp-4-2 mr-tmp-5-2 mr-tmp-6-2 mr-tmp-7-2] 10 0}
2024/03/05 11:55:36 worker  23 get order:  &{1 [mr-tmp-0-2 mr-tmp-1-2 mr-tmp-2-2 mr-tmp-3-2 mr-tmp-4-2 mr-tmp-5-2 mr-tmp-6-2 mr-tmp-7-2] 10 0}  order Type 1
2024/03/05 11:55:36 start 10 map
2024/03/05 11:55:36 Worker finish order 10, order type 1
2024/03/05 11:55:37 23 :  call for  9  times
2024/03/05 11:55:37 CallOrder: worker get response &{1 [mr-tmp-0-5 mr-tmp-1-5 mr-tmp-2-5 mr-tmp-3-5 mr-tmp-4-5 mr-tmp-5-5 mr-tmp-6-5 mr-tmp-7-5] 13 0}
2024/03/05 11:55:37 worker  23 get order:  &{1 [mr-tmp-0-5 mr-tmp-1-5 mr-tmp-2-5 mr-tmp-3-5 mr-tmp-4-5 mr-tmp-5-5 mr-tmp-6-5 mr-tmp-7-5] 13 0}  order Type 1
2024/03/05 11:55:41 start 13 map
2024/03/05 11:55:41 Worker finish order 13, order type 1
2024/03/05 11:55:42 23 :  call for  10  times
2024/03/05 11:55:42 CallOrder: worker get response &{3 [] 0 0}
2024/03/05 11:55:42 worker  23 get order:  &{3 [] 0 0}  order Type 3
2024/03/05 11:55:42 23  waiting for order
2024/03/05 11:55:44 23 :  call for  11  times
2024/03/05 11:55:44 CallOrder: worker get response &{3 [] 0 0}
2024/03/05 11:55:44 worker  23 get order:  &{3 [] 0 0}  order Type 3
2024/03/05 11:55:44 23  waiting for order
2024/03/05 11:55:46 23 :  call for  12  times
2024/03/05 11:55:46 CallOrder: worker get response &{3 [] 0 0}
2024/03/05 11:55:46 worker  23 get order:  &{3 [] 0 0}  order Type 3
2024/03/05 11:55:46 23  waiting for order
2024/03/05 11:55:48 23 :  call for  13  times
2024/03/05 11:55:48 CallOrder: worker get response &{3 [] 0 0}
2024/03/05 11:55:48 worker  23 get order:  &{3 [] 0 0}  order Type 3
2024/03/05 11:55:48 23  waiting for order
2024/03/05 11:55:50 23 :  call for  14  times
2024/03/05 11:55:50 CallOrder: worker get response &{4 [] 0 0}
2024/03/05 11:55:50 worker  23 get order:  &{4 [] 0 0}  order Type 4
2024/03/05 11:55:51 23  killed
