2024/03/05 02:14:05 5 :  call for  1  times
2024/03/05 02:14:05 CallOrder: worker get response &{1 [mr-tmp-0-8 mr-tmp-1-8 mr-tmp-2-8 mr-tmp-3-8 mr-tmp-4-8 mr-tmp-5-8 mr-tmp-6-8 mr-tmp-7-8] 16 0}
2024/03/05 02:14:05 worker  5 get order:  &{1 [mr-tmp-0-8 mr-tmp-1-8 mr-tmp-2-8 mr-tmp-3-8 mr-tmp-4-8 mr-tmp-5-8 mr-tmp-6-8 mr-tmp-7-8] 16 0}  order Type 1
2024/03/05 02:14:05 start 16 map
2024/03/05 02:14:05 Worker finish order 16, order type 1
2024/03/05 02:14:06 5 :  call for  2  times
2024/03/05 02:14:06 CallOrder: worker get response &{3 [] 0 0}
2024/03/05 02:14:06 worker  5 get order:  &{3 [] 0 0}  order Type 3
2024/03/05 02:14:06 5  waiting for order
2024/03/05 02:14:08 5 :  call for  3  times
2024/03/05 02:14:08 CallOrder: worker get response &{3 [] 0 0}
2024/03/05 02:14:08 worker  5 get order:  &{3 [] 0 0}  order Type 3
2024/03/05 02:14:08 5  waiting for order
2024/03/05 02:14:10 5 :  call for  4  times
2024/03/05 02:14:10 CallOrder: worker get response &{3 [] 0 0}
2024/03/05 02:14:10 worker  5 get order:  &{3 [] 0 0}  order Type 3
2024/03/05 02:14:10 5  waiting for order
2024/03/05 02:14:12 5 :  call for  5  times
2024/03/05 02:14:12 CallOrder: worker get response &{3 [] 0 0}
2024/03/05 02:14:12 worker  5 get order:  &{3 [] 0 0}  order Type 3
2024/03/05 02:14:12 5  waiting for order
2024/03/05 02:14:14 5 :  call for  6  times
2024/03/05 02:14:14 CallOrder: worker get response &{1 [mr-tmp-0-2 mr-tmp-1-2 mr-tmp-2-2 mr-tmp-3-2 mr-tmp-4-2 mr-tmp-5-2 mr-tmp-6-2 mr-tmp-7-2] 10 0}
2024/03/05 02:14:14 worker  5 get order:  &{1 [mr-tmp-0-2 mr-tmp-1-2 mr-tmp-2-2 mr-tmp-3-2 mr-tmp-4-2 mr-tmp-5-2 mr-tmp-6-2 mr-tmp-7-2] 10 0}  order Type 1
2024/03/05 02:14:21 start 10 map
2024/03/05 02:14:21 Worker finish order 10, order type 1
2024/03/05 02:14:22 5 :  call for  7  times
2024/03/05 02:14:22 CallOrder: worker get response &{3 [] 0 0}
2024/03/05 02:14:22 worker  5 get order:  &{3 [] 0 0}  order Type 3
2024/03/05 02:14:22 5  waiting for order
2024/03/05 02:14:24 5 :  call for  8  times
2024/03/05 02:14:24 CallOrder: worker get response &{3 [] 0 0}
2024/03/05 02:14:24 worker  5 get order:  &{3 [] 0 0}  order Type 3
2024/03/05 02:14:24 5  waiting for order
2024/03/05 02:14:26 5 :  call for  9  times
2024/03/05 02:14:26 CallOrder: worker get response &{3 [] 0 0}
2024/03/05 02:14:26 worker  5 get order:  &{3 [] 0 0}  order Type 3
2024/03/05 02:14:26 5  waiting for order
2024/03/05 02:14:28 5 :  call for  10  times
2024/03/05 02:14:28 CallOrder: worker get response &{3 [] 0 0}
2024/03/05 02:14:28 worker  5 get order:  &{3 [] 0 0}  order Type 3
2024/03/05 02:14:28 5  waiting for order
2024/03/05 02:14:30 5 :  call for  11  times
2024/03/05 02:14:30 CallOrder: worker get response &{3 [] 0 0}
2024/03/05 02:14:30 worker  5 get order:  &{3 [] 0 0}  order Type 3
2024/03/05 02:14:30 5  waiting for order
2024/03/05 02:14:32 5 :  call for  12  times
2024/03/05 02:14:32 CallOrder: worker get response &{3 [] 0 0}
2024/03/05 02:14:32 worker  5 get order:  &{3 [] 0 0}  order Type 3
2024/03/05 02:14:32 5  waiting for order
2024/03/05 02:14:34 5 :  call for  13  times
2024/03/05 02:14:34 CallOrder: worker get response &{3 [] 0 0}
2024/03/05 02:14:34 worker  5 get order:  &{3 [] 0 0}  order Type 3
2024/03/05 02:14:34 5  waiting for order
2024/03/05 02:14:36 5 :  call for  14  times
2024/03/05 02:14:36 CallOrder: worker get response &{3 [] 0 0}
2024/03/05 02:14:36 worker  5 get order:  &{3 [] 0 0}  order Type 3
2024/03/05 02:14:36 5  waiting for order
2024/03/05 02:14:38 5 :  call for  15  times
2024/03/05 02:14:38 CallOrder: worker get response &{3 [] 0 0}
2024/03/05 02:14:38 worker  5 get order:  &{3 [] 0 0}  order Type 3
2024/03/05 02:14:38 5  waiting for order
2024/03/05 02:14:40 5 :  call for  16  times
2024/03/05 02:14:40 CallOrder: worker get response &{3 [] 0 0}
2024/03/05 02:14:40 worker  5 get order:  &{3 [] 0 0}  order Type 3
2024/03/05 02:14:40 5  waiting for order
2024/03/05 02:14:42 5 :  call for  17  times
2024/03/05 02:14:42 CallOrder: worker get response &{3 [] 0 0}
2024/03/05 02:14:42 worker  5 get order:  &{3 [] 0 0}  order Type 3
2024/03/05 02:14:42 5  waiting for order
2024/03/05 02:14:44 5 :  call for  18  times
2024/03/05 02:14:44 CallOrder: worker get response &{3 [] 0 0}
2024/03/05 02:14:44 worker  5 get order:  &{3 [] 0 0}  order Type 3
2024/03/05 02:14:44 5  waiting for order
2024/03/05 02:14:46 5 :  call for  19  times
2024/03/05 02:14:46 CallOrder: worker get response &{3 [] 0 0}
2024/03/05 02:14:46 worker  5 get order:  &{3 [] 0 0}  order Type 3
2024/03/05 02:14:46 5  waiting for order
2024/03/05 02:14:48 5 :  call for  20  times
2024/03/05 02:14:48 CallOrder: worker get response &{3 [] 0 0}
2024/03/05 02:14:48 worker  5 get order:  &{3 [] 0 0}  order Type 3
2024/03/05 02:14:48 5  waiting for order
2024/03/05 02:14:50 5 :  call for  21  times
2024/03/05 02:14:50 CallOrder: worker get response &{3 [] 0 0}
2024/03/05 02:14:50 worker  5 get order:  &{3 [] 0 0}  order Type 3
2024/03/05 02:14:50 5  waiting for order
2024/03/05 02:14:52 5 :  call for  22  times
2024/03/05 02:14:52 CallOrder: worker get response &{3 [] 0 0}
2024/03/05 02:14:52 worker  5 get order:  &{3 [] 0 0}  order Type 3
2024/03/05 02:14:52 5  waiting for order
2024/03/05 02:14:54 5 :  call for  23  times
2024/03/05 02:14:54 CallOrder: worker get response &{3 [] 0 0}
2024/03/05 02:14:54 worker  5 get order:  &{3 [] 0 0}  order Type 3
2024/03/05 02:14:54 5  waiting for order
2024/03/05 02:14:56 5 :  call for  24  times
2024/03/05 02:14:56 CallOrder: worker get response &{3 [] 0 0}
2024/03/05 02:14:56 worker  5 get order:  &{3 [] 0 0}  order Type 3
2024/03/05 02:14:56 5  waiting for order
2024/03/05 02:14:58 5 :  call for  25  times
2024/03/05 02:14:58 CallOrder: worker get response &{3 [] 0 0}
2024/03/05 02:14:58 worker  5 get order:  &{3 [] 0 0}  order Type 3
2024/03/05 02:14:58 5  waiting for order
2024/03/05 02:15:00 5 :  call for  26  times
2024/03/05 02:15:00 CallOrder: worker get response &{3 [] 0 0}
2024/03/05 02:15:00 worker  5 get order:  &{3 [] 0 0}  order Type 3
2024/03/05 02:15:00 5  waiting for order
2024/03/05 02:15:02 5 :  call for  27  times
2024/03/05 02:15:02 CallOrder: worker get response &{3 [] 0 0}
2024/03/05 02:15:02 worker  5 get order:  &{3 [] 0 0}  order Type 3
2024/03/05 02:15:02 5  waiting for order
2024/03/05 02:15:04 5 :  call for  28  times
2024/03/05 02:15:04 CallOrder: worker get response &{3 [] 0 0}
2024/03/05 02:15:04 worker  5 get order:  &{3 [] 0 0}  order Type 3
2024/03/05 02:15:04 5  waiting for order
2024/03/05 02:15:06 5 :  call for  29  times
2024/03/05 02:15:06 CallOrder: worker get response &{3 [] 0 0}
2024/03/05 02:15:06 worker  5 get order:  &{3 [] 0 0}  order Type 3
2024/03/05 02:15:06 5  waiting for order
2024/03/05 02:15:08 5 :  call for  30  times
2024/03/05 02:15:08 dialing:dial unix /var/tmp/824-mr-0: connect: connection refused
