2024/03/05 09:36:27 27 :  call for  1  times
2024/03/05 09:36:27 CallOrder: worker get response &{2 [] 0 0}
2024/03/05 09:36:27 worker  27 get order:  &{2 [] 0 0}  order Type 2
2024/03/05 09:36:27 27  waiting for order
2024/03/05 09:36:29 27 :  call for  2  times
2024/03/05 09:36:29 CallOrder: worker get response &{2 [] 0 0}
2024/03/05 09:36:29 worker  27 get order:  &{2 [] 0 0}  order Type 2
2024/03/05 09:36:29 27  waiting for order
2024/03/05 09:36:31 27 :  call for  3  times
2024/03/05 09:36:31 CallOrder: worker get response &{2 [] 0 0}
2024/03/05 09:36:31 worker  27 get order:  &{2 [] 0 0}  order Type 2
2024/03/05 09:36:31 27  waiting for order
2024/03/05 09:36:33 27 :  call for  4  times
2024/03/05 09:36:33 CallOrder: worker get response &{2 [] 0 0}
2024/03/05 09:36:33 worker  27 get order:  &{2 [] 0 0}  order Type 2
2024/03/05 09:36:33 27  waiting for order
2024/03/05 09:36:35 27 :  call for  5  times
2024/03/05 09:36:35 CallOrder: worker get response &{2 [] 0 0}
2024/03/05 09:36:35 worker  27 get order:  &{2 [] 0 0}  order Type 2
2024/03/05 09:36:35 27  waiting for order
2024/03/05 09:36:37 27 :  call for  6  times
2024/03/05 09:36:37 CallOrder: worker get response &{2 [] 0 0}
2024/03/05 09:36:37 worker  27 get order:  &{2 [] 0 0}  order Type 2
2024/03/05 09:36:37 27  waiting for order
2024/03/05 09:36:39 27 :  call for  7  times
2024/03/05 09:36:39 CallOrder: worker get response &{2 [] 0 0}
2024/03/05 09:36:39 worker  27 get order:  &{2 [] 0 0}  order Type 2
2024/03/05 09:36:39 27  waiting for order
2024/03/05 09:36:41 27 :  call for  8  times
2024/03/05 09:36:41 CallOrder: worker get response &{2 [] 0 0}
2024/03/05 09:36:41 worker  27 get order:  &{2 [] 0 0}  order Type 2
2024/03/05 09:36:41 27  waiting for order
2024/03/05 09:36:43 27 :  call for  9  times
2024/03/05 09:36:43 CallOrder: worker get response &{2 [] 0 0}
2024/03/05 09:36:43 worker  27 get order:  &{2 [] 0 0}  order Type 2
2024/03/05 09:36:43 27  waiting for order
2024/03/05 09:36:45 27 :  call for  10  times
2024/03/05 09:36:45 CallOrder: worker get response &{2 [] 0 0}
2024/03/05 09:36:45 worker  27 get order:  &{2 [] 0 0}  order Type 2
2024/03/05 09:36:45 27  waiting for order
2024/03/05 09:36:47 27 :  call for  11  times
2024/03/05 09:36:47 CallOrder: worker get response &{1 [mr-tmp-0-3 mr-tmp-1-3 mr-tmp-2-3 mr-tmp-3-3 mr-tmp-4-3 mr-tmp-5-3 mr-tmp-6-3 mr-tmp-7-3] 11 0}
2024/03/05 09:36:47 worker  27 get order:  &{1 [mr-tmp-0-3 mr-tmp-1-3 mr-tmp-2-3 mr-tmp-3-3 mr-tmp-4-3 mr-tmp-5-3 mr-tmp-6-3 mr-tmp-7-3] 11 0}  order Type 1
2024/03/05 09:36:47 start 11 map
2024/03/05 09:36:47 Worker finish order 11, order type 1
2024/03/05 09:36:48 27 :  call for  12  times
2024/03/05 09:36:48 CallOrder: worker get response &{1 [mr-tmp-0-5 mr-tmp-1-5 mr-tmp-2-5 mr-tmp-3-5 mr-tmp-4-5 mr-tmp-5-5 mr-tmp-6-5 mr-tmp-7-5] 13 0}
2024/03/05 09:36:48 worker  27 get order:  &{1 [mr-tmp-0-5 mr-tmp-1-5 mr-tmp-2-5 mr-tmp-3-5 mr-tmp-4-5 mr-tmp-5-5 mr-tmp-6-5 mr-tmp-7-5] 13 0}  order Type 1
2024/03/05 09:36:48 start 13 map
2024/03/05 09:36:48 Worker finish order 13, order type 1
2024/03/05 09:36:49 27 :  call for  13  times
2024/03/05 09:36:49 CallOrder: worker get response &{1 [mr-tmp-0-7 mr-tmp-1-7 mr-tmp-2-7 mr-tmp-3-7 mr-tmp-4-7 mr-tmp-5-7 mr-tmp-6-7 mr-tmp-7-7] 15 0}
2024/03/05 09:36:49 worker  27 get order:  &{1 [mr-tmp-0-7 mr-tmp-1-7 mr-tmp-2-7 mr-tmp-3-7 mr-tmp-4-7 mr-tmp-5-7 mr-tmp-6-7 mr-tmp-7-7] 15 0}  order Type 1
2024/03/05 09:36:49 start 15 map
2024/03/05 09:36:49 Worker finish order 15, order type 1
2024/03/05 09:36:50 27 :  call for  14  times
2024/03/05 09:36:50 CallOrder: worker get response &{1 [mr-tmp-0-9 mr-tmp-1-9 mr-tmp-2-9 mr-tmp-3-9 mr-tmp-4-9 mr-tmp-5-9 mr-tmp-6-9 mr-tmp-7-9] 17 0}
2024/03/05 09:36:50 worker  27 get order:  &{1 [mr-tmp-0-9 mr-tmp-1-9 mr-tmp-2-9 mr-tmp-3-9 mr-tmp-4-9 mr-tmp-5-9 mr-tmp-6-9 mr-tmp-7-9] 17 0}  order Type 1
2024/03/05 09:36:50 start 17 map
2024/03/05 09:36:50 Worker finish order 17, order type 1
2024/03/05 09:36:51 27 :  call for  15  times
2024/03/05 09:36:51 CallOrder: worker get response &{3 [] 0 0}
2024/03/05 09:36:51 worker  27 get order:  &{3 [] 0 0}  order Type 3
2024/03/05 09:36:51 27  waiting for order
2024/03/05 09:36:53 27 :  call for  16  times
2024/03/05 09:36:53 CallOrder: worker get response &{3 [] 0 0}
2024/03/05 09:36:53 worker  27 get order:  &{3 [] 0 0}  order Type 3
2024/03/05 09:36:53 27  waiting for order
2024/03/05 09:36:55 27 :  call for  17  times
2024/03/05 09:36:55 CallOrder: worker get response &{3 [] 0 0}
2024/03/05 09:36:55 worker  27 get order:  &{3 [] 0 0}  order Type 3
2024/03/05 09:36:55 27  waiting for order
2024/03/05 09:36:57 27 :  call for  18  times
2024/03/05 09:36:57 CallOrder: worker get response &{3 [] 0 0}
2024/03/05 09:36:57 worker  27 get order:  &{3 [] 0 0}  order Type 3
2024/03/05 09:36:57 27  waiting for order
2024/03/05 09:36:59 27 :  call for  19  times
2024/03/05 09:36:59 CallOrder: worker get response &{3 [] 0 0}
2024/03/05 09:36:59 worker  27 get order:  &{3 [] 0 0}  order Type 3
2024/03/05 09:36:59 27  waiting for order
2024/03/05 09:37:01 27 :  call for  20  times
2024/03/05 09:37:01 CallOrder: worker get response &{3 [] 0 0}
2024/03/05 09:37:01 worker  27 get order:  &{3 [] 0 0}  order Type 3
2024/03/05 09:37:01 27  waiting for order
2024/03/05 09:37:03 27 :  call for  21  times
2024/03/05 09:37:03 dialing:dial unix /var/tmp/824-mr-0: connect: connection refused
