2024/03/04 23:21:05 5 :  call for  1  times
2024/03/04 23:21:05 CallOrder: worker get response &{0 [../pg-dorian_gray.txt] 1 10}
2024/03/04 23:21:05 worker  5 get order:  &{0 [../pg-dorian_gray.txt] 1 10}  order Type 0
2024/03/04 23:21:06 start 1 map
2024/03/04 23:21:06 Worker finish order 1, order type 0
2024/03/04 23:21:07 5 :  call for  2  times
2024/03/04 23:21:07 CallOrder: worker get response &{0 [../pg-grimm.txt] 3 10}
2024/03/04 23:21:07 worker  5 get order:  &{0 [../pg-grimm.txt] 3 10}  order Type 0
2024/03/04 23:21:07 start 3 map
2024/03/04 23:21:07 Worker finish order 3, order type 0
2024/03/04 23:21:08 5 :  call for  3  times
2024/03/04 23:21:08 CallOrder: worker get response &{0 [../pg-huckleberry_finn.txt] 4 10}
2024/03/04 23:21:08 worker  5 get order:  &{0 [../pg-huckleberry_finn.txt] 4 10}  order Type 0
2024/03/04 23:21:08 start 4 map
2024/03/04 23:21:08 Worker finish order 4, order type 0
2024/03/04 23:21:09 5 :  call for  4  times
2024/03/04 23:21:09 CallOrder: worker get response &{0 [../pg-tom_sawyer.txt] 7 10}
2024/03/04 23:21:09 worker  5 get order:  &{0 [../pg-tom_sawyer.txt] 7 10}  order Type 0
2024/03/04 23:21:09 start 7 map
2024/03/04 23:21:09 Worker finish order 7, order type 0
2024/03/04 23:21:10 5 :  call for  5  times
2024/03/04 23:21:10 CallOrder: worker get response &{2 [] 0 0}
2024/03/04 23:21:10 worker  5 get order:  &{2 [] 0 0}  order Type 2
2024/03/04 23:21:10 5  waiting for order
2024/03/04 23:21:12 5 :  call for  6  times
2024/03/04 23:21:12 CallOrder: worker get response &{1 [mr-tmp-0-1 mr-tmp-1-1 mr-tmp-2-1 mr-tmp-3-1 mr-tmp-4-1 mr-tmp-5-1 mr-tmp-6-1 mr-tmp-7-1] 9 0}
2024/03/04 23:21:12 worker  5 get order:  &{1 [mr-tmp-0-1 mr-tmp-1-1 mr-tmp-2-1 mr-tmp-3-1 mr-tmp-4-1 mr-tmp-5-1 mr-tmp-6-1 mr-tmp-7-1] 9 0}  order Type 1
2024/03/04 23:21:13 start 9 map
2024/03/04 23:21:13 Worker finish order 9, order type 1
2024/03/04 23:21:14 5 :  call for  7  times
2024/03/04 23:21:14 CallOrder: worker get response &{1 [mr-tmp-0-3 mr-tmp-1-3 mr-tmp-2-3 mr-tmp-3-3 mr-tmp-4-3 mr-tmp-5-3 mr-tmp-6-3 mr-tmp-7-3] 11 0}
2024/03/04 23:21:14 worker  5 get order:  &{1 [mr-tmp-0-3 mr-tmp-1-3 mr-tmp-2-3 mr-tmp-3-3 mr-tmp-4-3 mr-tmp-5-3 mr-tmp-6-3 mr-tmp-7-3] 11 0}  order Type 1
2024/03/04 23:21:16 start 11 map
2024/03/04 23:21:16 Worker finish order 11, order type 1
2024/03/04 23:21:17 5 :  call for  8  times
2024/03/04 23:21:17 CallOrder: worker get response &{1 [mr-tmp-0-5 mr-tmp-1-5 mr-tmp-2-5 mr-tmp-3-5 mr-tmp-4-5 mr-tmp-5-5 mr-tmp-6-5 mr-tmp-7-5] 13 0}
2024/03/04 23:21:17 worker  5 get order:  &{1 [mr-tmp-0-5 mr-tmp-1-5 mr-tmp-2-5 mr-tmp-3-5 mr-tmp-4-5 mr-tmp-5-5 mr-tmp-6-5 mr-tmp-7-5] 13 0}  order Type 1
2024/03/04 23:21:18 start 13 map
2024/03/04 23:21:18 Worker finish order 13, order type 1
2024/03/04 23:21:19 5 :  call for  9  times
2024/03/04 23:21:19 CallOrder: worker get response &{1 [mr-tmp-0-7 mr-tmp-1-7 mr-tmp-2-7 mr-tmp-3-7 mr-tmp-4-7 mr-tmp-5-7 mr-tmp-6-7 mr-tmp-7-7] 15 0}
2024/03/04 23:21:19 worker  5 get order:  &{1 [mr-tmp-0-7 mr-tmp-1-7 mr-tmp-2-7 mr-tmp-3-7 mr-tmp-4-7 mr-tmp-5-7 mr-tmp-6-7 mr-tmp-7-7] 15 0}  order Type 1
2024/03/04 23:21:19 start 15 map
2024/03/04 23:21:19 Worker finish order 15, order type 1
2024/03/04 23:21:20 5 :  call for  10  times
2024/03/04 23:21:20 CallOrder: worker get response &{1 [mr-tmp-0-9 mr-tmp-1-9 mr-tmp-2-9 mr-tmp-3-9 mr-tmp-4-9 mr-tmp-5-9 mr-tmp-6-9 mr-tmp-7-9] 17 0}
2024/03/04 23:21:20 worker  5 get order:  &{1 [mr-tmp-0-9 mr-tmp-1-9 mr-tmp-2-9 mr-tmp-3-9 mr-tmp-4-9 mr-tmp-5-9 mr-tmp-6-9 mr-tmp-7-9] 17 0}  order Type 1
2024/03/04 23:21:21 start 17 map
2024/03/04 23:21:21 Worker finish order 17, order type 1
2024/03/04 23:21:22 5 :  call for  11  times
2024/03/04 23:21:22 CallOrder: worker get response &{3 [] 0 0}
2024/03/04 23:21:22 worker  5 get order:  &{3 [] 0 0}  order Type 3
2024/03/04 23:21:22 5  waiting for order
2024/03/04 23:21:24 5 :  call for  12  times
2024/03/04 23:21:24 dialing:dial unix /var/tmp/824-mr-0: connect: connection refused
