2024/03/04 23:47:11 11 :  call for  1  times
2024/03/04 23:47:11 CallOrder: worker get response &{2 [] 0 0}
2024/03/04 23:47:11 worker  11 get order:  &{2 [] 0 0}  order Type 2
2024/03/04 23:47:11 11  waiting for order
2024/03/04 23:47:13 11 :  call for  2  times
2024/03/04 23:47:13 CallOrder: worker get response &{2 [] 0 0}
2024/03/04 23:47:13 worker  11 get order:  &{2 [] 0 0}  order Type 2
2024/03/04 23:47:13 11  waiting for order
2024/03/04 23:47:15 11 :  call for  3  times
2024/03/04 23:47:15 CallOrder: worker get response &{2 [] 0 0}
2024/03/04 23:47:15 worker  11 get order:  &{2 [] 0 0}  order Type 2
2024/03/04 23:47:15 11  waiting for order
2024/03/04 23:47:17 11 :  call for  4  times
2024/03/04 23:47:17 CallOrder: worker get response &{2 [] 0 0}
2024/03/04 23:47:17 worker  11 get order:  &{2 [] 0 0}  order Type 2
2024/03/04 23:47:17 11  waiting for order
2024/03/04 23:47:19 11 :  call for  5  times
2024/03/04 23:47:19 CallOrder: worker get response &{2 [] 0 0}
2024/03/04 23:47:19 worker  11 get order:  &{2 [] 0 0}  order Type 2
2024/03/04 23:47:19 11  waiting for order
2024/03/04 23:47:21 11 :  call for  6  times
2024/03/04 23:47:21 CallOrder: worker get response &{0 [../pg-huckleberry_finn.txt] 4 10}
2024/03/04 23:47:21 worker  11 get order:  &{0 [../pg-huckleberry_finn.txt] 4 10}  order Type 0
