2024/03/05 08:52:44 44 :  call for  1  times
2024/03/05 08:52:44 CallOrder: worker get response &{0 [../pg-being_ernest.txt] 0 10}
2024/03/05 08:52:44 worker  44 get order:  &{0 [../pg-being_ernest.txt] 0 10}  order Type 0
2024/03/05 08:52:48 start 0 map
2024/03/05 08:52:48 Worker finish order 0, order type 0
2024/03/05 08:52:49 44 :  call for  2  times
2024/03/05 08:52:49 CallOrder: worker get response &{2 [] 0 0}
2024/03/05 08:52:49 worker  44 get order:  &{2 [] 0 0}  order Type 2
2024/03/05 08:52:49 44  waiting for order
2024/03/05 08:52:51 44 :  call for  3  times
2024/03/05 08:52:51 CallOrder: worker get response &{2 [] 0 0}
2024/03/05 08:52:51 worker  44 get order:  &{2 [] 0 0}  order Type 2
2024/03/05 08:52:51 44  waiting for order
2024/03/05 08:52:53 44 :  call for  4  times
2024/03/05 08:52:53 CallOrder: worker get response &{2 [] 0 0}
2024/03/05 08:52:53 worker  44 get order:  &{2 [] 0 0}  order Type 2
2024/03/05 08:52:53 44  waiting for order
2024/03/05 08:52:55 44 :  call for  5  times
2024/03/05 08:52:55 CallOrder: worker get response &{0 [../pg-grimm.txt] 3 10}
2024/03/05 08:52:55 worker  44 get order:  &{0 [../pg-grimm.txt] 3 10}  order Type 0
2024/03/05 08:52:57 start 3 map
2024/03/05 08:52:57 Worker finish order 3, order type 0
2024/03/05 08:52:58 44 :  call for  6  times
2024/03/05 08:52:58 CallOrder: worker get response &{2 [] 0 0}
2024/03/05 08:52:58 worker  44 get order:  &{2 [] 0 0}  order Type 2
2024/03/05 08:52:58 44  waiting for order
2024/03/05 08:53:00 44 :  call for  7  times
2024/03/05 08:53:00 CallOrder: worker get response &{2 [] 0 0}
2024/03/05 08:53:00 worker  44 get order:  &{2 [] 0 0}  order Type 2
2024/03/05 08:53:00 44  waiting for order
2024/03/05 08:53:02 44 :  call for  8  times
2024/03/05 08:53:02 CallOrder: worker get response &{2 [] 0 0}
2024/03/05 08:53:02 worker  44 get order:  &{2 [] 0 0}  order Type 2
2024/03/05 08:53:02 44  waiting for order
2024/03/05 08:53:04 44 :  call for  9  times
2024/03/05 08:53:04 CallOrder: worker get response &{2 [] 0 0}
2024/03/05 08:53:04 worker  44 get order:  &{2 [] 0 0}  order Type 2
2024/03/05 08:53:04 44  waiting for order
2024/03/05 08:53:06 44 :  call for  10  times
2024/03/05 08:53:06 CallOrder: worker get response &{2 [] 0 0}
2024/03/05 08:53:06 worker  44 get order:  &{2 [] 0 0}  order Type 2
2024/03/05 08:53:06 44  waiting for order
2024/03/05 08:53:08 44 :  call for  11  times
2024/03/05 08:53:08 CallOrder: worker get response &{2 [] 0 0}
2024/03/05 08:53:08 worker  44 get order:  &{2 [] 0 0}  order Type 2
2024/03/05 08:53:08 44  waiting for order
2024/03/05 08:53:10 44 :  call for  12  times
2024/03/05 08:53:10 CallOrder: worker get response &{2 [] 0 0}
2024/03/05 08:53:10 worker  44 get order:  &{2 [] 0 0}  order Type 2
2024/03/05 08:53:10 44  waiting for order
2024/03/05 08:53:12 44 :  call for  13  times
2024/03/05 08:53:12 CallOrder: worker get response &{1 [mr-tmp-0-1 mr-tmp-1-1 mr-tmp-2-1 mr-tmp-3-1 mr-tmp-4-1 mr-tmp-5-1 mr-tmp-6-1 mr-tmp-7-1] 9 0}
2024/03/05 08:53:12 worker  44 get order:  &{1 [mr-tmp-0-1 mr-tmp-1-1 mr-tmp-2-1 mr-tmp-3-1 mr-tmp-4-1 mr-tmp-5-1 mr-tmp-6-1 mr-tmp-7-1] 9 0}  order Type 1
2024/03/05 08:53:12 start 9 map
2024/03/05 08:53:12 Worker finish order 9, order type 1
2024/03/05 08:53:13 44 :  call for  14  times
2024/03/05 08:53:13 CallOrder: worker get response &{1 [mr-tmp-0-3 mr-tmp-1-3 mr-tmp-2-3 mr-tmp-3-3 mr-tmp-4-3 mr-tmp-5-3 mr-tmp-6-3 mr-tmp-7-3] 11 0}
2024/03/05 08:53:13 worker  44 get order:  &{1 [mr-tmp-0-3 mr-tmp-1-3 mr-tmp-2-3 mr-tmp-3-3 mr-tmp-4-3 mr-tmp-5-3 mr-tmp-6-3 mr-tmp-7-3] 11 0}  order Type 1
2024/03/05 08:53:13 start 11 map
2024/03/05 08:53:13 Worker finish order 11, order type 1
2024/03/05 08:53:14 44 :  call for  15  times
2024/03/05 08:53:14 CallOrder: worker get response &{1 [mr-tmp-0-6 mr-tmp-1-6 mr-tmp-2-6 mr-tmp-3-6 mr-tmp-4-6 mr-tmp-5-6 mr-tmp-6-6 mr-tmp-7-6] 14 0}
2024/03/05 08:53:14 worker  44 get order:  &{1 [mr-tmp-0-6 mr-tmp-1-6 mr-tmp-2-6 mr-tmp-3-6 mr-tmp-4-6 mr-tmp-5-6 mr-tmp-6-6 mr-tmp-7-6] 14 0}  order Type 1
2024/03/05 08:53:14 start 14 map
2024/03/05 08:53:14 Worker finish order 14, order type 1
2024/03/05 08:53:15 44 :  call for  16  times
2024/03/05 08:53:15 CallOrder: worker get response &{1 [mr-tmp-0-9 mr-tmp-1-9 mr-tmp-2-9 mr-tmp-3-9 mr-tmp-4-9 mr-tmp-5-9 mr-tmp-6-9 mr-tmp-7-9] 17 0}
2024/03/05 08:53:15 worker  44 get order:  &{1 [mr-tmp-0-9 mr-tmp-1-9 mr-tmp-2-9 mr-tmp-3-9 mr-tmp-4-9 mr-tmp-5-9 mr-tmp-6-9 mr-tmp-7-9] 17 0}  order Type 1
