2024/03/05 06:55:25 25 :  call for  1  times
2024/03/05 06:55:25 CallOrder: worker get response &{0 [../pg-frankenstein.txt] 2 10}
2024/03/05 06:55:25 worker  25 get order:  &{0 [../pg-frankenstein.txt] 2 10}  order Type 0
2024/03/05 06:55:25 start 2 map
2024/03/05 06:55:25 Worker finish order 2, order type 0
2024/03/05 06:55:26 25 :  call for  2  times
2024/03/05 06:55:26 CallOrder: worker get response &{0 [../pg-metamorphosis.txt] 5 10}
2024/03/05 06:55:26 worker  25 get order:  &{0 [../pg-metamorphosis.txt] 5 10}  order Type 0
2024/03/05 06:55:26 start 5 map
2024/03/05 06:55:26 Worker finish order 5, order type 0
2024/03/05 06:55:27 25 :  call for  3  times
2024/03/05 06:55:27 CallOrder: worker get response &{2 [] 0 0}
2024/03/05 06:55:27 worker  25 get order:  &{2 [] 0 0}  order Type 2
2024/03/05 06:55:27 25  waiting for order
2024/03/05 06:55:29 25 :  call for  4  times
2024/03/05 06:55:29 CallOrder: worker get response &{1 [mr-tmp-0-1 mr-tmp-1-1 mr-tmp-2-1 mr-tmp-3-1 mr-tmp-4-1 mr-tmp-5-1 mr-tmp-6-1 mr-tmp-7-1] 9 0}
2024/03/05 06:55:29 worker  25 get order:  &{1 [mr-tmp-0-1 mr-tmp-1-1 mr-tmp-2-1 mr-tmp-3-1 mr-tmp-4-1 mr-tmp-5-1 mr-tmp-6-1 mr-tmp-7-1] 9 0}  order Type 1
2024/03/05 06:55:29 start 9 map
2024/03/05 06:55:29 Worker finish order 9, order type 1
2024/03/05 06:55:30 25 :  call for  5  times
2024/03/05 06:55:30 CallOrder: worker get response &{1 [mr-tmp-0-4 mr-tmp-1-4 mr-tmp-2-4 mr-tmp-3-4 mr-tmp-4-4 mr-tmp-5-4 mr-tmp-6-4 mr-tmp-7-4] 12 0}
2024/03/05 06:55:30 worker  25 get order:  &{1 [mr-tmp-0-4 mr-tmp-1-4 mr-tmp-2-4 mr-tmp-3-4 mr-tmp-4-4 mr-tmp-5-4 mr-tmp-6-4 mr-tmp-7-4] 12 0}  order Type 1
2024/03/05 06:55:30 start 12 map
2024/03/05 06:55:30 Worker finish order 12, order type 1
2024/03/05 06:55:31 25 :  call for  6  times
2024/03/05 06:55:31 CallOrder: worker get response &{1 [mr-tmp-0-6 mr-tmp-1-6 mr-tmp-2-6 mr-tmp-3-6 mr-tmp-4-6 mr-tmp-5-6 mr-tmp-6-6 mr-tmp-7-6] 14 0}
2024/03/05 06:55:31 worker  25 get order:  &{1 [mr-tmp-0-6 mr-tmp-1-6 mr-tmp-2-6 mr-tmp-3-6 mr-tmp-4-6 mr-tmp-5-6 mr-tmp-6-6 mr-tmp-7-6] 14 0}  order Type 1
2024/03/05 06:55:34 start 14 map
2024/03/05 06:55:34 Worker finish order 14, order type 1
2024/03/05 06:55:35 25 :  call for  7  times
2024/03/05 06:55:35 CallOrder: worker get response &{4 [] 0 0}
2024/03/05 06:55:35 worker  25 get order:  &{4 [] 0 0}  order Type 4
2024/03/05 06:55:36 25  killed
