2024/03/05 00:29:36 36 :  call for  1  times
2024/03/05 00:29:36 CallOrder: worker get response &{2 [] 0 0}
2024/03/05 00:29:36 worker  36 get order:  &{2 [] 0 0}  order Type 2
2024/03/05 00:29:36 36  waiting for order
2024/03/05 00:29:38 36 :  call for  2  times
2024/03/05 00:29:38 CallOrder: worker get response &{2 [] 0 0}
2024/03/05 00:29:38 worker  36 get order:  &{2 [] 0 0}  order Type 2
2024/03/05 00:29:38 36  waiting for order
2024/03/05 00:29:40 36 :  call for  3  times
2024/03/05 00:29:40 CallOrder: worker get response &{2 [] 0 0}
2024/03/05 00:29:40 worker  36 get order:  &{2 [] 0 0}  order Type 2
2024/03/05 00:29:40 36  waiting for order
2024/03/05 00:29:42 36 :  call for  4  times
2024/03/05 00:29:42 CallOrder: worker get response &{2 [] 0 0}
2024/03/05 00:29:42 worker  36 get order:  &{2 [] 0 0}  order Type 2
2024/03/05 00:29:42 36  waiting for order
2024/03/05 00:29:44 36 :  call for  5  times
2024/03/05 00:29:44 CallOrder: worker get response &{2 [] 0 0}
2024/03/05 00:29:44 worker  36 get order:  &{2 [] 0 0}  order Type 2
2024/03/05 00:29:44 36  waiting for order
2024/03/05 00:29:46 36 :  call for  6  times
2024/03/05 00:29:46 CallOrder: worker get response &{0 [../pg-being_ernest.txt] 0 10}
2024/03/05 00:29:46 worker  36 get order:  &{0 [../pg-being_ernest.txt] 0 10}  order Type 0
