2024/03/04 21:04:38 38 :  call for  1  times
2024/03/04 21:04:38 CallOrder: worker get response &{2 [] 0 0}
2024/03/04 21:04:38 worker  38 get order:  &{2 [] 0 0}  order Type 2
2024/03/04 21:04:38 38  waiting for order
2024/03/04 21:04:40 38 :  call for  2  times
2024/03/04 21:04:40 CallOrder: worker get response &{2 [] 0 0}
2024/03/04 21:04:40 worker  38 get order:  &{2 [] 0 0}  order Type 2
2024/03/04 21:04:40 38  waiting for order
2024/03/04 21:04:42 38 :  call for  3  times
2024/03/04 21:04:42 CallOrder: worker get response &{2 [] 0 0}
2024/03/04 21:04:42 worker  38 get order:  &{2 [] 0 0}  order Type 2
2024/03/04 21:04:42 38  waiting for order
2024/03/04 21:04:44 38 :  call for  4  times
2024/03/04 21:04:44 CallOrder: worker get response &{2 [] 0 0}
2024/03/04 21:04:44 worker  38 get order:  &{2 [] 0 0}  order Type 2
2024/03/04 21:04:44 38  waiting for order
2024/03/04 21:04:46 38 :  call for  5  times
2024/03/04 21:04:46 CallOrder: worker get response &{2 [] 0 0}
2024/03/04 21:04:46 worker  38 get order:  &{2 [] 0 0}  order Type 2
2024/03/04 21:04:46 38  waiting for order
2024/03/04 21:04:48 38 :  call for  6  times
2024/03/04 21:04:48 CallOrder: worker get response &{0 [../pg-metamorphosis.txt] 5 10}
2024/03/04 21:04:48 worker  38 get order:  &{0 [../pg-metamorphosis.txt] 5 10}  order Type 0
2024/03/04 21:04:56 start 5 map
2024/03/04 21:04:56 Worker finish order 5, order type 0
2024/03/04 21:04:57 38 :  call for  7  times
2024/03/04 21:04:57 CallOrder: worker get response &{1 [mr-tmp-0-2 mr-tmp-1-2 mr-tmp-2-2 mr-tmp-3-2 mr-tmp-4-2 mr-tmp-5-2 mr-tmp-6-2 mr-tmp-7-2] 10 0}
2024/03/04 21:04:57 worker  38 get order:  &{1 [mr-tmp-0-2 mr-tmp-1-2 mr-tmp-2-2 mr-tmp-3-2 mr-tmp-4-2 mr-tmp-5-2 mr-tmp-6-2 mr-tmp-7-2] 10 0}  order Type 1
2024/03/04 21:04:57 start 10 map
2024/03/04 21:04:57 Worker finish order 10, order type 1
2024/03/04 21:04:58 38 :  call for  8  times
2024/03/04 21:04:58 CallOrder: worker get response &{1 [mr-tmp-0-5 mr-tmp-1-5 mr-tmp-2-5 mr-tmp-3-5 mr-tmp-4-5 mr-tmp-5-5 mr-tmp-6-5 mr-tmp-7-5] 13 0}
2024/03/04 21:04:58 worker  38 get order:  &{1 [mr-tmp-0-5 mr-tmp-1-5 mr-tmp-2-5 mr-tmp-3-5 mr-tmp-4-5 mr-tmp-5-5 mr-tmp-6-5 mr-tmp-7-5] 13 0}  order Type 1
