2024/03/05 00:08:57 57 :  call for  1  times
2024/03/05 00:08:57 CallOrder: worker get response &{0 [../pg-dorian_gray.txt] 1 10}
2024/03/05 00:08:57 worker  57 get order:  &{0 [../pg-dorian_gray.txt] 1 10}  order Type 0
2024/03/05 00:08:57 start 1 map
2024/03/05 00:08:57 Worker finish order 1, order type 0
2024/03/05 00:08:58 57 :  call for  2  times
2024/03/05 00:08:58 CallOrder: worker get response &{0 [../pg-metamorphosis.txt] 5 10}
2024/03/05 00:08:58 worker  57 get order:  &{0 [../pg-metamorphosis.txt] 5 10}  order Type 0
2024/03/05 00:08:58 start 5 map
2024/03/05 00:08:58 Worker finish order 5, order type 0
2024/03/05 00:08:59 57 :  call for  3  times
2024/03/05 00:08:59 CallOrder: worker get response &{0 [../pg-tom_sawyer.txt] 7 10}
2024/03/05 00:08:59 worker  57 get order:  &{0 [../pg-tom_sawyer.txt] 7 10}  order Type 0
2024/03/05 00:08:59 start 7 map
2024/03/05 00:08:59 Worker finish order 7, order type 0
2024/03/05 00:09:00 57 :  call for  4  times
2024/03/05 00:09:00 CallOrder: worker get response &{1 [mr-tmp-0-1 mr-tmp-1-1 mr-tmp-2-1 mr-tmp-3-1 mr-tmp-4-1 mr-tmp-5-1 mr-tmp-6-1 mr-tmp-7-1] 9 0}
2024/03/05 00:09:00 worker  57 get order:  &{1 [mr-tmp-0-1 mr-tmp-1-1 mr-tmp-2-1 mr-tmp-3-1 mr-tmp-4-1 mr-tmp-5-1 mr-tmp-6-1 mr-tmp-7-1] 9 0}  order Type 1
2024/03/05 00:09:00 start 9 map
2024/03/05 00:09:00 Worker finish order 9, order type 1
2024/03/05 00:09:01 57 :  call for  5  times
2024/03/05 00:09:01 CallOrder: worker get response &{1 [mr-tmp-0-4 mr-tmp-1-4 mr-tmp-2-4 mr-tmp-3-4 mr-tmp-4-4 mr-tmp-5-4 mr-tmp-6-4 mr-tmp-7-4] 12 0}
2024/03/05 00:09:01 worker  57 get order:  &{1 [mr-tmp-0-4 mr-tmp-1-4 mr-tmp-2-4 mr-tmp-3-4 mr-tmp-4-4 mr-tmp-5-4 mr-tmp-6-4 mr-tmp-7-4] 12 0}  order Type 1
2024/03/05 00:09:01 start 12 map
2024/03/05 00:09:01 Worker finish order 12, order type 1
2024/03/05 00:09:02 57 :  call for  6  times
2024/03/05 00:09:02 CallOrder: worker get response &{1 [mr-tmp-0-6 mr-tmp-1-6 mr-tmp-2-6 mr-tmp-3-6 mr-tmp-4-6 mr-tmp-5-6 mr-tmp-6-6 mr-tmp-7-6] 14 0}
2024/03/05 00:09:02 worker  57 get order:  &{1 [mr-tmp-0-6 mr-tmp-1-6 mr-tmp-2-6 mr-tmp-3-6 mr-tmp-4-6 mr-tmp-5-6 mr-tmp-6-6 mr-tmp-7-6] 14 0}  order Type 1
2024/03/05 00:09:05 start 14 map
2024/03/05 00:09:05 Worker finish order 14, order type 1
2024/03/05 00:09:06 57 :  call for  7  times
2024/03/05 00:09:06 CallOrder: worker get response &{4 [] 0 0}
2024/03/05 00:09:06 worker  57 get order:  &{4 [] 0 0}  order Type 4
2024/03/05 00:09:07 57  killed
