2024/03/05 09:09:23 23 :  call for  1  times
2024/03/05 09:09:23 CallOrder: worker get response &{0 [../pg-being_ernest.txt] 0 10}
2024/03/05 09:09:23 worker  23 get order:  &{0 [../pg-being_ernest.txt] 0 10}  order Type 0
2024/03/05 09:09:23 start 0 map
2024/03/05 09:09:23 Worker finish order 0, order type 0
2024/03/05 09:09:24 23 :  call for  2  times
2024/03/05 09:09:24 CallOrder: worker get response &{0 [../pg-frankenstein.txt] 2 10}
2024/03/05 09:09:24 worker  23 get order:  &{0 [../pg-frankenstein.txt] 2 10}  order Type 0
2024/03/05 09:09:24 start 2 map
2024/03/05 09:09:24 Worker finish order 2, order type 0
2024/03/05 09:09:25 23 :  call for  3  times
2024/03/05 09:09:25 CallOrder: worker get response &{0 [../pg-huckleberry_finn.txt] 4 10}
2024/03/05 09:09:25 worker  23 get order:  &{0 [../pg-huckleberry_finn.txt] 4 10}  order Type 0
2024/03/05 09:09:25 start 4 map
2024/03/05 09:09:25 Worker finish order 4, order type 0
2024/03/05 09:09:26 23 :  call for  4  times
2024/03/05 09:09:26 CallOrder: worker get response &{0 [../pg-tom_sawyer.txt] 7 10}
2024/03/05 09:09:26 worker  23 get order:  &{0 [../pg-tom_sawyer.txt] 7 10}  order Type 0
2024/03/05 09:09:26 start 7 map
2024/03/05 09:09:26 Worker finish order 7, order type 0
2024/03/05 09:09:27 23 :  call for  5  times
2024/03/05 09:09:27 CallOrder: worker get response &{1 [mr-tmp-0-0 mr-tmp-1-0 mr-tmp-2-0 mr-tmp-3-0 mr-tmp-4-0 mr-tmp-5-0 mr-tmp-6-0 mr-tmp-7-0] 8 0}
2024/03/05 09:09:27 worker  23 get order:  &{1 [mr-tmp-0-0 mr-tmp-1-0 mr-tmp-2-0 mr-tmp-3-0 mr-tmp-4-0 mr-tmp-5-0 mr-tmp-6-0 mr-tmp-7-0] 8 0}  order Type 1
2024/03/05 09:09:28 start 8 map
2024/03/05 09:09:28 Worker finish order 8, order type 1
2024/03/05 09:09:29 23 :  call for  6  times
2024/03/05 09:09:29 CallOrder: worker get response &{1 [mr-tmp-0-2 mr-tmp-1-2 mr-tmp-2-2 mr-tmp-3-2 mr-tmp-4-2 mr-tmp-5-2 mr-tmp-6-2 mr-tmp-7-2] 10 0}
2024/03/05 09:09:29 worker  23 get order:  &{1 [mr-tmp-0-2 mr-tmp-1-2 mr-tmp-2-2 mr-tmp-3-2 mr-tmp-4-2 mr-tmp-5-2 mr-tmp-6-2 mr-tmp-7-2] 10 0}  order Type 1
2024/03/05 09:09:30 start 10 map
2024/03/05 09:09:30 Worker finish order 10, order type 1
2024/03/05 09:09:31 23 :  call for  7  times
2024/03/05 09:09:31 CallOrder: worker get response &{1 [mr-tmp-0-4 mr-tmp-1-4 mr-tmp-2-4 mr-tmp-3-4 mr-tmp-4-4 mr-tmp-5-4 mr-tmp-6-4 mr-tmp-7-4] 12 0}
2024/03/05 09:09:31 worker  23 get order:  &{1 [mr-tmp-0-4 mr-tmp-1-4 mr-tmp-2-4 mr-tmp-3-4 mr-tmp-4-4 mr-tmp-5-4 mr-tmp-6-4 mr-tmp-7-4] 12 0}  order Type 1
2024/03/05 09:09:33 start 12 map
2024/03/05 09:09:33 Worker finish order 12, order type 1
2024/03/05 09:09:34 23 :  call for  8  times
2024/03/05 09:09:34 CallOrder: worker get response &{1 [mr-tmp-0-6 mr-tmp-1-6 mr-tmp-2-6 mr-tmp-3-6 mr-tmp-4-6 mr-tmp-5-6 mr-tmp-6-6 mr-tmp-7-6] 14 0}
2024/03/05 09:09:34 worker  23 get order:  &{1 [mr-tmp-0-6 mr-tmp-1-6 mr-tmp-2-6 mr-tmp-3-6 mr-tmp-4-6 mr-tmp-5-6 mr-tmp-6-6 mr-tmp-7-6] 14 0}  order Type 1
2024/03/05 09:09:35 start 14 map
2024/03/05 09:09:35 Worker finish order 14, order type 1
2024/03/05 09:09:36 23 :  call for  9  times
2024/03/05 09:09:36 CallOrder: worker get response &{1 [mr-tmp-0-8 mr-tmp-1-8 mr-tmp-2-8 mr-tmp-3-8 mr-tmp-4-8 mr-tmp-5-8 mr-tmp-6-8 mr-tmp-7-8] 16 0}
2024/03/05 09:09:36 worker  23 get order:  &{1 [mr-tmp-0-8 mr-tmp-1-8 mr-tmp-2-8 mr-tmp-3-8 mr-tmp-4-8 mr-tmp-5-8 mr-tmp-6-8 mr-tmp-7-8] 16 0}  order Type 1
2024/03/05 09:09:36 start 16 map
2024/03/05 09:09:36 Worker finish order 16, order type 1
2024/03/05 09:09:37 23 :  call for  10  times
2024/03/05 09:09:37 CallOrder: worker get response &{3 [] 0 0}
2024/03/05 09:09:37 worker  23 get order:  &{3 [] 0 0}  order Type 3
2024/03/05 09:09:37 23  waiting for order
2024/03/05 09:09:39 23 :  call for  11  times
2024/03/05 09:09:39 CallOrder: worker get response &{4 [] 0 0}
2024/03/05 09:09:39 worker  23 get order:  &{4 [] 0 0}  order Type 4
2024/03/05 09:09:40 23  killed
