2024/03/05 07:39:23 23 :  call for  1  times
2024/03/05 07:39:23 CallOrder: worker get response &{0 [../pg-dorian_gray.txt] 1 10}
2024/03/05 07:39:23 worker  23 get order:  &{0 [../pg-dorian_gray.txt] 1 10}  order Type 0
2024/03/05 07:39:23 start 1 map
2024/03/05 07:39:23 Worker finish order 1, order type 0
2024/03/05 07:39:24 23 :  call for  2  times
2024/03/05 07:39:24 CallOrder: worker get response &{0 [../pg-metamorphosis.txt] 5 10}
2024/03/05 07:39:24 worker  23 get order:  &{0 [../pg-metamorphosis.txt] 5 10}  order Type 0
2024/03/05 07:39:24 start 5 map
2024/03/05 07:39:24 Worker finish order 5, order type 0
2024/03/05 07:39:25 23 :  call for  3  times
2024/03/05 07:39:25 CallOrder: worker get response &{0 [../pg-tom_sawyer.txt] 7 10}
2024/03/05 07:39:25 worker  23 get order:  &{0 [../pg-tom_sawyer.txt] 7 10}  order Type 0
2024/03/05 07:39:25 start 7 map
2024/03/05 07:39:25 Worker finish order 7, order type 0
2024/03/05 07:39:26 23 :  call for  4  times
2024/03/05 07:39:26 CallOrder: worker get response &{1 [mr-tmp-0-1 mr-tmp-1-1 mr-tmp-2-1 mr-tmp-3-1 mr-tmp-4-1 mr-tmp-5-1 mr-tmp-6-1 mr-tmp-7-1] 9 0}
2024/03/05 07:39:26 worker  23 get order:  &{1 [mr-tmp-0-1 mr-tmp-1-1 mr-tmp-2-1 mr-tmp-3-1 mr-tmp-4-1 mr-tmp-5-1 mr-tmp-6-1 mr-tmp-7-1] 9 0}  order Type 1
2024/03/05 07:39:26 start 9 map
2024/03/05 07:39:26 Worker finish order 9, order type 1
2024/03/05 07:39:27 23 :  call for  5  times
2024/03/05 07:39:27 CallOrder: worker get response &{1 [mr-tmp-0-4 mr-tmp-1-4 mr-tmp-2-4 mr-tmp-3-4 mr-tmp-4-4 mr-tmp-5-4 mr-tmp-6-4 mr-tmp-7-4] 12 0}
2024/03/05 07:39:27 worker  23 get order:  &{1 [mr-tmp-0-4 mr-tmp-1-4 mr-tmp-2-4 mr-tmp-3-4 mr-tmp-4-4 mr-tmp-5-4 mr-tmp-6-4 mr-tmp-7-4] 12 0}  order Type 1
2024/03/05 07:39:27 start 12 map
2024/03/05 07:39:27 Worker finish order 12, order type 1
2024/03/05 07:39:28 23 :  call for  6  times
2024/03/05 07:39:28 CallOrder: worker get response &{1 [mr-tmp-0-6 mr-tmp-1-6 mr-tmp-2-6 mr-tmp-3-6 mr-tmp-4-6 mr-tmp-5-6 mr-tmp-6-6 mr-tmp-7-6] 14 0}
2024/03/05 07:39:28 worker  23 get order:  &{1 [mr-tmp-0-6 mr-tmp-1-6 mr-tmp-2-6 mr-tmp-3-6 mr-tmp-4-6 mr-tmp-5-6 mr-tmp-6-6 mr-tmp-7-6] 14 0}  order Type 1
2024/03/05 07:39:31 start 14 map
2024/03/05 07:39:31 Worker finish order 14, order type 1
2024/03/05 07:39:32 23 :  call for  7  times
2024/03/05 07:39:32 CallOrder: worker get response &{4 [] 0 0}
2024/03/05 07:39:32 worker  23 get order:  &{4 [] 0 0}  order Type 4
2024/03/05 07:39:33 23  killed
