2024/03/05 09:56:06 6 :  call for  1  times
2024/03/05 09:56:06 CallOrder: worker get response &{0 [../pg-tom_sawyer.txt] 7 10}
2024/03/05 09:56:06 worker  6 get order:  &{0 [../pg-tom_sawyer.txt] 7 10}  order Type 0
2024/03/05 09:56:06 start 7 map
2024/03/05 09:56:06 Worker finish order 7, order type 0
2024/03/05 09:56:07 6 :  call for  2  times
2024/03/05 09:56:07 CallOrder: worker get response &{2 [] 0 0}
2024/03/05 09:56:07 worker  6 get order:  &{2 [] 0 0}  order Type 2
2024/03/05 09:56:07 6  waiting for order
2024/03/05 09:56:09 6 :  call for  3  times
2024/03/05 09:56:09 CallOrder: worker get response &{2 [] 0 0}
2024/03/05 09:56:09 worker  6 get order:  &{2 [] 0 0}  order Type 2
2024/03/05 09:56:09 6  waiting for order
2024/03/05 09:56:11 6 :  call for  4  times
2024/03/05 09:56:11 CallOrder: worker get response &{2 [] 0 0}
2024/03/05 09:56:11 worker  6 get order:  &{2 [] 0 0}  order Type 2
2024/03/05 09:56:11 6  waiting for order
2024/03/05 09:56:13 6 :  call for  5  times
2024/03/05 09:56:13 CallOrder: worker get response &{2 [] 0 0}
2024/03/05 09:56:13 worker  6 get order:  &{2 [] 0 0}  order Type 2
2024/03/05 09:56:13 6  waiting for order
2024/03/05 09:56:15 6 :  call for  6  times
2024/03/05 09:56:15 CallOrder: worker get response &{2 [] 0 0}
2024/03/05 09:56:15 worker  6 get order:  &{2 [] 0 0}  order Type 2
2024/03/05 09:56:15 6  waiting for order
2024/03/05 09:56:17 6 :  call for  7  times
2024/03/05 09:56:17 CallOrder: worker get response &{2 [] 0 0}
2024/03/05 09:56:17 worker  6 get order:  &{2 [] 0 0}  order Type 2
2024/03/05 09:56:17 6  waiting for order
2024/03/05 09:56:19 6 :  call for  8  times
2024/03/05 09:56:19 CallOrder: worker get response &{2 [] 0 0}
2024/03/05 09:56:19 worker  6 get order:  &{2 [] 0 0}  order Type 2
2024/03/05 09:56:19 6  waiting for order
2024/03/05 09:56:21 6 :  call for  9  times
2024/03/05 09:56:21 CallOrder: worker get response &{2 [] 0 0}
2024/03/05 09:56:21 worker  6 get order:  &{2 [] 0 0}  order Type 2
2024/03/05 09:56:21 6  waiting for order
2024/03/05 09:56:23 6 :  call for  10  times
2024/03/05 09:56:23 CallOrder: worker get response &{2 [] 0 0}
2024/03/05 09:56:23 worker  6 get order:  &{2 [] 0 0}  order Type 2
2024/03/05 09:56:23 6  waiting for order
2024/03/05 09:56:25 6 :  call for  11  times
2024/03/05 09:56:25 CallOrder: worker get response &{2 [] 0 0}
2024/03/05 09:56:25 worker  6 get order:  &{2 [] 0 0}  order Type 2
2024/03/05 09:56:25 6  waiting for order
2024/03/05 09:56:27 6 :  call for  12  times
2024/03/05 09:56:27 CallOrder: worker get response &{1 [mr-tmp-0-0 mr-tmp-1-0 mr-tmp-2-0 mr-tmp-3-0 mr-tmp-4-0 mr-tmp-5-0 mr-tmp-6-0 mr-tmp-7-0] 8 0}
2024/03/05 09:56:27 worker  6 get order:  &{1 [mr-tmp-0-0 mr-tmp-1-0 mr-tmp-2-0 mr-tmp-3-0 mr-tmp-4-0 mr-tmp-5-0 mr-tmp-6-0 mr-tmp-7-0] 8 0}  order Type 1
2024/03/05 09:56:27 start 8 map
2024/03/05 09:56:27 Worker finish order 8, order type 1
2024/03/05 09:56:28 6 :  call for  13  times
2024/03/05 09:56:28 CallOrder: worker get response &{1 [mr-tmp-0-3 mr-tmp-1-3 mr-tmp-2-3 mr-tmp-3-3 mr-tmp-4-3 mr-tmp-5-3 mr-tmp-6-3 mr-tmp-7-3] 11 0}
2024/03/05 09:56:28 worker  6 get order:  &{1 [mr-tmp-0-3 mr-tmp-1-3 mr-tmp-2-3 mr-tmp-3-3 mr-tmp-4-3 mr-tmp-5-3 mr-tmp-6-3 mr-tmp-7-3] 11 0}  order Type 1
2024/03/05 09:56:28 start 11 map
2024/03/05 09:56:28 Worker finish order 11, order type 1
2024/03/05 09:56:29 6 :  call for  14  times
2024/03/05 09:56:29 CallOrder: worker get response &{1 [mr-tmp-0-7 mr-tmp-1-7 mr-tmp-2-7 mr-tmp-3-7 mr-tmp-4-7 mr-tmp-5-7 mr-tmp-6-7 mr-tmp-7-7] 15 0}
2024/03/05 09:56:29 worker  6 get order:  &{1 [mr-tmp-0-7 mr-tmp-1-7 mr-tmp-2-7 mr-tmp-3-7 mr-tmp-4-7 mr-tmp-5-7 mr-tmp-6-7 mr-tmp-7-7] 15 0}  order Type 1
2024/03/05 09:56:29 start 15 map
2024/03/05 09:56:29 Worker finish order 15, order type 1
2024/03/05 09:56:30 6 :  call for  15  times
2024/03/05 09:56:30 CallOrder: worker get response &{3 [] 0 0}
2024/03/05 09:56:30 worker  6 get order:  &{3 [] 0 0}  order Type 3
2024/03/05 09:56:30 6  waiting for order
2024/03/05 09:56:32 6 :  call for  16  times
2024/03/05 09:56:32 CallOrder: worker get response &{3 [] 0 0}
2024/03/05 09:56:32 worker  6 get order:  &{3 [] 0 0}  order Type 3
2024/03/05 09:56:32 6  waiting for order
2024/03/05 09:56:34 6 :  call for  17  times
2024/03/05 09:56:34 CallOrder: worker get response &{3 [] 0 0}
2024/03/05 09:56:34 worker  6 get order:  &{3 [] 0 0}  order Type 3
2024/03/05 09:56:34 6  waiting for order
2024/03/05 09:56:36 6 :  call for  18  times
2024/03/05 09:56:36 CallOrder: worker get response &{3 [] 0 0}
2024/03/05 09:56:36 worker  6 get order:  &{3 [] 0 0}  order Type 3
2024/03/05 09:56:36 6  waiting for order
2024/03/05 09:56:38 6 :  call for  19  times
2024/03/05 09:56:38 CallOrder: worker get response &{1 [mr-tmp-0-2 mr-tmp-1-2 mr-tmp-2-2 mr-tmp-3-2 mr-tmp-4-2 mr-tmp-5-2 mr-tmp-6-2 mr-tmp-7-2] 10 0}
2024/03/05 09:56:38 worker  6 get order:  &{1 [mr-tmp-0-2 mr-tmp-1-2 mr-tmp-2-2 mr-tmp-3-2 mr-tmp-4-2 mr-tmp-5-2 mr-tmp-6-2 mr-tmp-7-2] 10 0}  order Type 1
2024/03/05 09:56:45 start 10 map
2024/03/05 09:56:45 Worker finish order 10, order type 1
2024/03/05 09:56:46 6 :  call for  20  times
2024/03/05 09:56:46 CallOrder: worker get response &{4 [] 0 0}
2024/03/05 09:56:46 worker  6 get order:  &{4 [] 0 0}  order Type 4
2024/03/05 09:56:47 6  killed
