2024/03/05 13:00:21 21 :  call for  1  times
2024/03/05 13:00:21 CallOrder: worker get response &{2 [] 0 0}
2024/03/05 13:00:21 worker  21 get order:  &{2 [] 0 0}  order Type 2
2024/03/05 13:00:21 21  waiting for order
2024/03/05 13:00:23 21 :  call for  2  times
2024/03/05 13:00:23 CallOrder: worker get response &{2 [] 0 0}
2024/03/05 13:00:23 worker  21 get order:  &{2 [] 0 0}  order Type 2
2024/03/05 13:00:23 21  waiting for order
2024/03/05 13:00:25 21 :  call for  3  times
2024/03/05 13:00:25 CallOrder: worker get response &{2 [] 0 0}
2024/03/05 13:00:25 worker  21 get order:  &{2 [] 0 0}  order Type 2
2024/03/05 13:00:25 21  waiting for order
2024/03/05 13:00:27 21 :  call for  4  times
2024/03/05 13:00:27 CallOrder: worker get response &{2 [] 0 0}
2024/03/05 13:00:27 worker  21 get order:  &{2 [] 0 0}  order Type 2
2024/03/05 13:00:27 21  waiting for order
2024/03/05 13:00:29 21 :  call for  5  times
2024/03/05 13:00:30 CallOrder: worker get response &{2 [] 0 0}
2024/03/05 13:00:30 worker  21 get order:  &{2 [] 0 0}  order Type 2
2024/03/05 13:00:30 21  waiting for order
2024/03/05 13:00:32 21 :  call for  6  times
2024/03/05 13:00:32 CallOrder: worker get response &{0 [../pg-dorian_gray.txt] 1 10}
2024/03/05 13:00:32 worker  21 get order:  &{0 [../pg-dorian_gray.txt] 1 10}  order Type 0
