2024/03/05 12:40:31 31 :  call for  1  times
2024/03/05 12:40:31 CallOrder: worker get response &{1 [mr-tmp-0-5 mr-tmp-1-5 mr-tmp-2-5 mr-tmp-3-5 mr-tmp-4-5 mr-tmp-5-5 mr-tmp-6-5 mr-tmp-7-5] 13 0}
2024/03/05 12:40:31 worker  31 get order:  &{1 [mr-tmp-0-5 mr-tmp-1-5 mr-tmp-2-5 mr-tmp-3-5 mr-tmp-4-5 mr-tmp-5-5 mr-tmp-6-5 mr-tmp-7-5] 13 0}  order Type 1
2024/03/05 12:40:31 start 13 map
2024/03/05 12:40:31 Worker finish order 13, order type 1
2024/03/05 12:40:32 31 :  call for  2  times
2024/03/05 12:40:32 CallOrder: worker get response &{3 [] 0 0}
2024/03/05 12:40:32 worker  31 get order:  &{3 [] 0 0}  order Type 3
2024/03/05 12:40:32 31  waiting for order
2024/03/05 12:40:34 31 :  call for  3  times
2024/03/05 12:40:34 CallOrder: worker get response &{3 [] 0 0}
2024/03/05 12:40:34 worker  31 get order:  &{3 [] 0 0}  order Type 3
2024/03/05 12:40:34 31  waiting for order
2024/03/05 12:40:36 31 :  call for  4  times
2024/03/05 12:40:36 CallOrder: worker get response &{3 [] 0 0}
2024/03/05 12:40:36 worker  31 get order:  &{3 [] 0 0}  order Type 3
2024/03/05 12:40:36 31  waiting for order
2024/03/05 12:40:38 31 :  call for  5  times
2024/03/05 12:40:38 CallOrder: worker get response &{3 [] 0 0}
2024/03/05 12:40:38 worker  31 get order:  &{3 [] 0 0}  order Type 3
2024/03/05 12:40:38 31  waiting for order
2024/03/05 12:40:40 31 :  call for  6  times
2024/03/05 12:40:40 CallOrder: worker get response &{3 [] 0 0}
2024/03/05 12:40:40 worker  31 get order:  &{3 [] 0 0}  order Type 3
2024/03/05 12:40:40 31  waiting for order
2024/03/05 12:40:42 31 :  call for  7  times
2024/03/05 12:40:42 CallOrder: worker get response &{3 [] 0 0}
2024/03/05 12:40:42 worker  31 get order:  &{3 [] 0 0}  order Type 3
2024/03/05 12:40:42 31  waiting for order
2024/03/05 12:40:44 31 :  call for  8  times
2024/03/05 12:40:44 CallOrder: worker get response &{3 [] 0 0}
2024/03/05 12:40:44 worker  31 get order:  &{3 [] 0 0}  order Type 3
2024/03/05 12:40:44 31  waiting for order
2024/03/05 12:40:46 31 :  call for  9  times
2024/03/05 12:40:46 CallOrder: worker get response &{3 [] 0 0}
2024/03/05 12:40:46 worker  31 get order:  &{3 [] 0 0}  order Type 3
2024/03/05 12:40:46 31  waiting for order
2024/03/05 12:40:48 31 :  call for  10  times
2024/03/05 12:40:48 CallOrder: worker get response &{3 [] 0 0}
2024/03/05 12:40:48 worker  31 get order:  &{3 [] 0 0}  order Type 3
2024/03/05 12:40:48 31  waiting for order
2024/03/05 12:40:50 31 :  call for  11  times
2024/03/05 12:40:50 CallOrder: worker get response &{3 [] 0 0}
2024/03/05 12:40:50 worker  31 get order:  &{3 [] 0 0}  order Type 3
2024/03/05 12:40:50 31  waiting for order
2024/03/05 12:40:52 31 :  call for  12  times
2024/03/05 12:40:52 CallOrder: worker get response &{4 [] 0 0}
2024/03/05 12:40:52 worker  31 get order:  &{4 [] 0 0}  order Type 4
2024/03/05 12:40:53 31  killed
