2024/03/05 06:58:21 21 :  call for  1  times
2024/03/05 06:58:21 CallOrder: worker get response &{2 [] 0 0}
2024/03/05 06:58:21 worker  21 get order:  &{2 [] 0 0}  order Type 2
2024/03/05 06:58:21 21  waiting for order
2024/03/05 06:58:23 21 :  call for  2  times
2024/03/05 06:58:23 CallOrder: worker get response &{2 [] 0 0}
2024/03/05 06:58:23 worker  21 get order:  &{2 [] 0 0}  order Type 2
2024/03/05 06:58:23 21  waiting for order
2024/03/05 06:58:25 21 :  call for  3  times
2024/03/05 06:58:25 CallOrder: worker get response &{2 [] 0 0}
2024/03/05 06:58:25 worker  21 get order:  &{2 [] 0 0}  order Type 2
2024/03/05 06:58:25 21  waiting for order
2024/03/05 06:58:27 21 :  call for  4  times
2024/03/05 06:58:27 CallOrder: worker get response &{2 [] 0 0}
2024/03/05 06:58:27 worker  21 get order:  &{2 [] 0 0}  order Type 2
2024/03/05 06:58:27 21  waiting for order
2024/03/05 06:58:29 21 :  call for  5  times
2024/03/05 06:58:29 CallOrder: worker get response &{2 [] 0 0}
2024/03/05 06:58:29 worker  21 get order:  &{2 [] 0 0}  order Type 2
2024/03/05 06:58:29 21  waiting for order
2024/03/05 06:58:31 21 :  call for  6  times
2024/03/05 06:58:31 CallOrder: worker get response &{0 [../pg-tom_sawyer.txt] 7 10}
2024/03/05 06:58:31 worker  21 get order:  &{0 [../pg-tom_sawyer.txt] 7 10}  order Type 0
