2024/03/05 00:08:30 30 :  call for  1  times
2024/03/05 00:08:30 CallOrder: worker get response &{0 [../pg-being_ernest.txt] 0 10}
2024/03/05 00:08:30 worker  30 get order:  &{0 [../pg-being_ernest.txt] 0 10}  order Type 0
2024/03/05 00:08:34 start 0 map
2024/03/05 00:08:34 Worker finish order 0, order type 0
2024/03/05 00:08:35 30 :  call for  2  times
2024/03/05 00:08:35 CallOrder: worker get response &{0 [../pg-frankenstein.txt] 2 10}
2024/03/05 00:08:35 worker  30 get order:  &{0 [../pg-frankenstein.txt] 2 10}  order Type 0
2024/03/05 00:08:39 start 2 map
2024/03/05 00:08:39 Worker finish order 2, order type 0
2024/03/05 00:08:40 30 :  call for  3  times
2024/03/05 00:08:40 CallOrder: worker get response &{0 [../pg-huckleberry_finn.txt] 4 10}
2024/03/05 00:08:40 worker  30 get order:  &{0 [../pg-huckleberry_finn.txt] 4 10}  order Type 0
2024/03/05 00:08:44 start 4 map
2024/03/05 00:08:44 Worker finish order 4, order type 0
2024/03/05 00:08:45 30 :  call for  4  times
2024/03/05 00:08:45 CallOrder: worker get response &{0 [../pg-tom_sawyer.txt] 7 10}
2024/03/05 00:08:45 worker  30 get order:  &{0 [../pg-tom_sawyer.txt] 7 10}  order Type 0
2024/03/05 00:08:47 start 7 map
2024/03/05 00:08:47 Worker finish order 7, order type 0
2024/03/05 00:08:48 30 :  call for  5  times
2024/03/05 00:08:48 CallOrder: worker get response &{2 [] 0 0}
2024/03/05 00:08:48 worker  30 get order:  &{2 [] 0 0}  order Type 2
2024/03/05 00:08:48 30  waiting for order
2024/03/05 00:08:50 30 :  call for  6  times
2024/03/05 00:08:50 CallOrder: worker get response &{1 [mr-tmp-0-2 mr-tmp-1-2 mr-tmp-2-2 mr-tmp-3-2 mr-tmp-4-2 mr-tmp-5-2 mr-tmp-6-2 mr-tmp-7-2] 10 0}
2024/03/05 00:08:50 worker  30 get order:  &{1 [mr-tmp-0-2 mr-tmp-1-2 mr-tmp-2-2 mr-tmp-3-2 mr-tmp-4-2 mr-tmp-5-2 mr-tmp-6-2 mr-tmp-7-2] 10 0}  order Type 1
2024/03/05 00:08:50 start 10 map
2024/03/05 00:08:50 Worker finish order 10, order type 1
2024/03/05 00:08:51 30 :  call for  7  times
2024/03/05 00:08:51 CallOrder: worker get response &{1 [mr-tmp-0-4 mr-tmp-1-4 mr-tmp-2-4 mr-tmp-3-4 mr-tmp-4-4 mr-tmp-5-4 mr-tmp-6-4 mr-tmp-7-4] 12 0}
2024/03/05 00:08:51 worker  30 get order:  &{1 [mr-tmp-0-4 mr-tmp-1-4 mr-tmp-2-4 mr-tmp-3-4 mr-tmp-4-4 mr-tmp-5-4 mr-tmp-6-4 mr-tmp-7-4] 12 0}  order Type 1
2024/03/05 00:08:51 start 12 map
2024/03/05 00:08:51 Worker finish order 12, order type 1
2024/03/05 00:08:52 30 :  call for  8  times
2024/03/05 00:08:52 CallOrder: worker get response &{1 [mr-tmp-0-6 mr-tmp-1-6 mr-tmp-2-6 mr-tmp-3-6 mr-tmp-4-6 mr-tmp-5-6 mr-tmp-6-6 mr-tmp-7-6] 14 0}
2024/03/05 00:08:52 worker  30 get order:  &{1 [mr-tmp-0-6 mr-tmp-1-6 mr-tmp-2-6 mr-tmp-3-6 mr-tmp-4-6 mr-tmp-5-6 mr-tmp-6-6 mr-tmp-7-6] 14 0}  order Type 1
2024/03/05 00:08:52 start 14 map
2024/03/05 00:08:52 Worker finish order 14, order type 1
2024/03/05 00:08:53 30 :  call for  9  times
2024/03/05 00:08:53 CallOrder: worker get response &{1 [mr-tmp-0-8 mr-tmp-1-8 mr-tmp-2-8 mr-tmp-3-8 mr-tmp-4-8 mr-tmp-5-8 mr-tmp-6-8 mr-tmp-7-8] 16 0}
2024/03/05 00:08:53 worker  30 get order:  &{1 [mr-tmp-0-8 mr-tmp-1-8 mr-tmp-2-8 mr-tmp-3-8 mr-tmp-4-8 mr-tmp-5-8 mr-tmp-6-8 mr-tmp-7-8] 16 0}  order Type 1
2024/03/05 00:08:53 start 16 map
2024/03/05 00:08:53 Worker finish order 16, order type 1
2024/03/05 00:08:54 30 :  call for  10  times
2024/03/05 00:08:54 CallOrder: worker get response &{3 [] 0 0}
2024/03/05 00:08:54 worker  30 get order:  &{3 [] 0 0}  order Type 3
2024/03/05 00:08:54 30  waiting for order
2024/03/05 00:08:56 30 :  call for  11  times
2024/03/05 00:08:56 dialing:dial unix /var/tmp/824-mr-0: connect: connection refused
