2024/03/05 09:44:31 31 :  call for  1  times
2024/03/05 09:44:31 CallOrder: worker get response &{2 [] 0 0}
2024/03/05 09:44:31 worker  31 get order:  &{2 [] 0 0}  order Type 2
2024/03/05 09:44:31 31  waiting for order
2024/03/05 09:44:33 31 :  call for  2  times
2024/03/05 09:44:33 CallOrder: worker get response &{2 [] 0 0}
2024/03/05 09:44:33 worker  31 get order:  &{2 [] 0 0}  order Type 2
2024/03/05 09:44:33 31  waiting for order
2024/03/05 09:44:35 31 :  call for  3  times
2024/03/05 09:44:35 CallOrder: worker get response &{2 [] 0 0}
2024/03/05 09:44:35 worker  31 get order:  &{2 [] 0 0}  order Type 2
2024/03/05 09:44:35 31  waiting for order
2024/03/05 09:44:37 31 :  call for  4  times
2024/03/05 09:44:37 CallOrder: worker get response &{2 [] 0 0}
2024/03/05 09:44:37 worker  31 get order:  &{2 [] 0 0}  order Type 2
2024/03/05 09:44:37 31  waiting for order
2024/03/05 09:44:39 31 :  call for  5  times
2024/03/05 09:44:39 CallOrder: worker get response &{2 [] 0 0}
2024/03/05 09:44:39 worker  31 get order:  &{2 [] 0 0}  order Type 2
2024/03/05 09:44:39 31  waiting for order
2024/03/05 09:44:41 31 :  call for  6  times
2024/03/05 09:44:41 CallOrder: worker get response &{2 [] 0 0}
2024/03/05 09:44:41 worker  31 get order:  &{2 [] 0 0}  order Type 2
2024/03/05 09:44:41 31  waiting for order
2024/03/05 09:44:43 31 :  call for  7  times
2024/03/05 09:44:43 CallOrder: worker get response &{1 [mr-tmp-0-4 mr-tmp-1-4 mr-tmp-2-4 mr-tmp-3-4 mr-tmp-4-4 mr-tmp-5-4 mr-tmp-6-4 mr-tmp-7-4] 12 0}
2024/03/05 09:44:43 worker  31 get order:  &{1 [mr-tmp-0-4 mr-tmp-1-4 mr-tmp-2-4 mr-tmp-3-4 mr-tmp-4-4 mr-tmp-5-4 mr-tmp-6-4 mr-tmp-7-4] 12 0}  order Type 1
2024/03/05 09:44:43 start 12 map
2024/03/05 09:44:43 Worker finish order 12, order type 1
2024/03/05 09:44:44 31 :  call for  8  times
2024/03/05 09:44:44 CallOrder: worker get response &{1 [mr-tmp-0-6 mr-tmp-1-6 mr-tmp-2-6 mr-tmp-3-6 mr-tmp-4-6 mr-tmp-5-6 mr-tmp-6-6 mr-tmp-7-6] 14 0}
2024/03/05 09:44:44 worker  31 get order:  &{1 [mr-tmp-0-6 mr-tmp-1-6 mr-tmp-2-6 mr-tmp-3-6 mr-tmp-4-6 mr-tmp-5-6 mr-tmp-6-6 mr-tmp-7-6] 14 0}  order Type 1
2024/03/05 09:44:44 start 14 map
2024/03/05 09:44:44 Worker finish order 14, order type 1
2024/03/05 09:44:45 31 :  call for  9  times
2024/03/05 09:44:45 CallOrder: worker get response &{1 [mr-tmp-0-8 mr-tmp-1-8 mr-tmp-2-8 mr-tmp-3-8 mr-tmp-4-8 mr-tmp-5-8 mr-tmp-6-8 mr-tmp-7-8] 16 0}
2024/03/05 09:44:45 worker  31 get order:  &{1 [mr-tmp-0-8 mr-tmp-1-8 mr-tmp-2-8 mr-tmp-3-8 mr-tmp-4-8 mr-tmp-5-8 mr-tmp-6-8 mr-tmp-7-8] 16 0}  order Type 1
2024/03/05 09:44:45 start 16 map
2024/03/05 09:44:45 Worker finish order 16, order type 1
2024/03/05 09:44:46 31 :  call for  10  times
2024/03/05 09:44:46 CallOrder: worker get response &{3 [] 0 0}
2024/03/05 09:44:46 worker  31 get order:  &{3 [] 0 0}  order Type 3
2024/03/05 09:44:46 31  waiting for order
2024/03/05 09:44:48 31 :  call for  11  times
2024/03/05 09:44:48 CallOrder: worker get response &{3 [] 0 0}
2024/03/05 09:44:48 worker  31 get order:  &{3 [] 0 0}  order Type 3
2024/03/05 09:44:48 31  waiting for order
2024/03/05 09:44:50 31 :  call for  12  times
2024/03/05 09:44:50 CallOrder: worker get response &{3 [] 0 0}
2024/03/05 09:44:50 worker  31 get order:  &{3 [] 0 0}  order Type 3
2024/03/05 09:44:50 31  waiting for order
2024/03/05 09:44:52 31 :  call for  13  times
2024/03/05 09:44:52 CallOrder: worker get response &{3 [] 0 0}
2024/03/05 09:44:52 worker  31 get order:  &{3 [] 0 0}  order Type 3
2024/03/05 09:44:52 31  waiting for order
2024/03/05 09:44:54 31 :  call for  14  times
2024/03/05 09:44:54 CallOrder: worker get response &{4 [] 0 0}
2024/03/05 09:44:54 worker  31 get order:  &{4 [] 0 0}  order Type 4
2024/03/05 09:44:55 31  killed
