2024/03/04 21:25:28 28 :  call for  1  times
2024/03/04 21:25:28 CallOrder: worker get response &{2 [] 0 0}
2024/03/04 21:25:28 worker  28 get order:  &{2 [] 0 0}  order Type 2
2024/03/04 21:25:28 28  waiting for order
2024/03/04 21:25:30 28 :  call for  2  times
2024/03/04 21:25:30 CallOrder: worker get response &{2 [] 0 0}
2024/03/04 21:25:30 worker  28 get order:  &{2 [] 0 0}  order Type 2
2024/03/04 21:25:30 28  waiting for order
2024/03/04 21:25:32 28 :  call for  3  times
2024/03/04 21:25:32 CallOrder: worker get response &{2 [] 0 0}
2024/03/04 21:25:32 worker  28 get order:  &{2 [] 0 0}  order Type 2
2024/03/04 21:25:32 28  waiting for order
2024/03/04 21:25:34 28 :  call for  4  times
2024/03/04 21:25:34 CallOrder: worker get response &{2 [] 0 0}
2024/03/04 21:25:34 worker  28 get order:  &{2 [] 0 0}  order Type 2
2024/03/04 21:25:34 28  waiting for order
2024/03/04 21:25:36 28 :  call for  5  times
2024/03/04 21:25:36 CallOrder: worker get response &{2 [] 0 0}
2024/03/04 21:25:36 worker  28 get order:  &{2 [] 0 0}  order Type 2
2024/03/04 21:25:36 28  waiting for order
2024/03/04 21:25:38 28 :  call for  6  times
2024/03/04 21:25:38 CallOrder: worker get response &{0 [../pg-dorian_gray.txt] 1 10}
2024/03/04 21:25:38 worker  28 get order:  &{0 [../pg-dorian_gray.txt] 1 10}  order Type 0
