2024/03/05 11:49:17 17 :  call for  1  times
2024/03/05 11:49:17 CallOrder: worker get response &{0 [../pg-dorian_gray.txt] 1 10}
2024/03/05 11:49:17 worker  17 get order:  &{0 [../pg-dorian_gray.txt] 1 10}  order Type 0
2024/03/05 11:49:17 start 1 map
2024/03/05 11:49:17 Worker finish order 1, order type 0
2024/03/05 11:49:18 17 :  call for  2  times
2024/03/05 11:49:18 CallOrder: worker get response &{0 [../pg-grimm.txt] 3 10}
2024/03/05 11:49:18 worker  17 get order:  &{0 [../pg-grimm.txt] 3 10}  order Type 0
2024/03/05 11:49:18 start 3 map
2024/03/05 11:49:18 Worker finish order 3, order type 0
2024/03/05 11:49:19 17 :  call for  3  times
2024/03/05 11:49:19 CallOrder: worker get response &{0 [../pg-metamorphosis.txt] 5 10}
2024/03/05 11:49:19 worker  17 get order:  &{0 [../pg-metamorphosis.txt] 5 10}  order Type 0
2024/03/05 11:49:19 start 5 map
2024/03/05 11:49:19 Worker finish order 5, order type 0
2024/03/05 11:49:20 17 :  call for  4  times
2024/03/05 11:49:20 CallOrder: worker get response &{0 [../pg-sherlock_holmes.txt] 6 10}
2024/03/05 11:49:20 worker  17 get order:  &{0 [../pg-sherlock_holmes.txt] 6 10}  order Type 0
2024/03/05 11:49:20 start 6 map
2024/03/05 11:49:20 Worker finish order 6, order type 0
2024/03/05 11:49:21 17 :  call for  5  times
2024/03/05 11:49:21 CallOrder: worker get response &{2 [] 0 0}
2024/03/05 11:49:21 worker  17 get order:  &{2 [] 0 0}  order Type 2
2024/03/05 11:49:21 17  waiting for order
2024/03/05 11:49:23 17 :  call for  6  times
2024/03/05 11:49:23 CallOrder: worker get response &{1 [mr-tmp-0-1 mr-tmp-1-1 mr-tmp-2-1 mr-tmp-3-1 mr-tmp-4-1 mr-tmp-5-1 mr-tmp-6-1 mr-tmp-7-1] 9 0}
2024/03/05 11:49:23 worker  17 get order:  &{1 [mr-tmp-0-1 mr-tmp-1-1 mr-tmp-2-1 mr-tmp-3-1 mr-tmp-4-1 mr-tmp-5-1 mr-tmp-6-1 mr-tmp-7-1] 9 0}  order Type 1
2024/03/05 11:49:24 start 9 map
2024/03/05 11:49:24 Worker finish order 9, order type 1
2024/03/05 11:49:25 17 :  call for  7  times
2024/03/05 11:49:25 CallOrder: worker get response &{1 [mr-tmp-0-3 mr-tmp-1-3 mr-tmp-2-3 mr-tmp-3-3 mr-tmp-4-3 mr-tmp-5-3 mr-tmp-6-3 mr-tmp-7-3] 11 0}
2024/03/05 11:49:25 worker  17 get order:  &{1 [mr-tmp-0-3 mr-tmp-1-3 mr-tmp-2-3 mr-tmp-3-3 mr-tmp-4-3 mr-tmp-5-3 mr-tmp-6-3 mr-tmp-7-3] 11 0}  order Type 1
2024/03/05 11:49:27 start 11 map
2024/03/05 11:49:27 Worker finish order 11, order type 1
2024/03/05 11:49:28 17 :  call for  8  times
2024/03/05 11:49:28 CallOrder: worker get response &{1 [mr-tmp-0-5 mr-tmp-1-5 mr-tmp-2-5 mr-tmp-3-5 mr-tmp-4-5 mr-tmp-5-5 mr-tmp-6-5 mr-tmp-7-5] 13 0}
2024/03/05 11:49:28 worker  17 get order:  &{1 [mr-tmp-0-5 mr-tmp-1-5 mr-tmp-2-5 mr-tmp-3-5 mr-tmp-4-5 mr-tmp-5-5 mr-tmp-6-5 mr-tmp-7-5] 13 0}  order Type 1
2024/03/05 11:49:29 start 13 map
2024/03/05 11:49:29 Worker finish order 13, order type 1
2024/03/05 11:49:30 17 :  call for  9  times
2024/03/05 11:49:30 CallOrder: worker get response &{1 [mr-tmp-0-8 mr-tmp-1-8 mr-tmp-2-8 mr-tmp-3-8 mr-tmp-4-8 mr-tmp-5-8 mr-tmp-6-8 mr-tmp-7-8] 16 0}
2024/03/05 11:49:30 worker  17 get order:  &{1 [mr-tmp-0-8 mr-tmp-1-8 mr-tmp-2-8 mr-tmp-3-8 mr-tmp-4-8 mr-tmp-5-8 mr-tmp-6-8 mr-tmp-7-8] 16 0}  order Type 1
2024/03/05 11:49:30 start 16 map
2024/03/05 11:49:30 Worker finish order 16, order type 1
2024/03/05 11:49:31 17 :  call for  10  times
2024/03/05 11:49:31 CallOrder: worker get response &{3 [] 0 0}
2024/03/05 11:49:31 worker  17 get order:  &{3 [] 0 0}  order Type 3
2024/03/05 11:49:31 17  waiting for order
2024/03/05 11:49:33 17 :  call for  11  times
2024/03/05 11:49:33 CallOrder: worker get response &{3 [] 0 0}
2024/03/05 11:49:33 worker  17 get order:  &{3 [] 0 0}  order Type 3
2024/03/05 11:49:33 17  waiting for order
2024/03/05 11:49:35 17 :  call for  12  times
2024/03/05 11:49:35 dialing:dial unix /var/tmp/824-mr-0: connect: connection refused
