2024/03/05 04:28:03 3 :  call for  1  times
2024/03/05 04:28:03 CallOrder: worker get response &{0 [../pg-dorian_gray.txt] 1 10}
2024/03/05 04:28:03 worker  3 get order:  &{0 [../pg-dorian_gray.txt] 1 10}  order Type 0
2024/03/05 04:28:07 start 1 map
2024/03/05 04:28:07 Worker finish order 1, order type 0
2024/03/05 04:28:08 3 :  call for  2  times
2024/03/05 04:28:08 CallOrder: worker get response &{0 [../pg-grimm.txt] 3 10}
2024/03/05 04:28:08 worker  3 get order:  &{0 [../pg-grimm.txt] 3 10}  order Type 0
2024/03/05 04:28:12 start 3 map
2024/03/05 04:28:12 Worker finish order 3, order type 0
2024/03/05 04:28:13 3 :  call for  3  times
2024/03/05 04:28:13 CallOrder: worker get response &{0 [../pg-metamorphosis.txt] 5 10}
2024/03/05 04:28:13 worker  3 get order:  &{0 [../pg-metamorphosis.txt] 5 10}  order Type 0
2024/03/05 04:28:17 start 5 map
2024/03/05 04:28:17 Worker finish order 5, order type 0
2024/03/05 04:28:18 3 :  call for  4  times
2024/03/05 04:28:18 CallOrder: worker get response &{0 [../pg-sherlock_holmes.txt] 6 10}
2024/03/05 04:28:18 worker  3 get order:  &{0 [../pg-sherlock_holmes.txt] 6 10}  order Type 0
2024/03/05 04:28:20 start 6 map
2024/03/05 04:28:20 Worker finish order 6, order type 0
2024/03/05 04:28:21 3 :  call for  5  times
2024/03/05 04:28:21 CallOrder: worker get response &{2 [] 0 0}
2024/03/05 04:28:21 worker  3 get order:  &{2 [] 0 0}  order Type 2
2024/03/05 04:28:21 3  waiting for order
2024/03/05 04:28:23 3 :  call for  6  times
2024/03/05 04:28:23 CallOrder: worker get response &{1 [mr-tmp-0-2 mr-tmp-1-2 mr-tmp-2-2 mr-tmp-3-2 mr-tmp-4-2 mr-tmp-5-2 mr-tmp-6-2 mr-tmp-7-2] 10 0}
2024/03/05 04:28:23 worker  3 get order:  &{1 [mr-tmp-0-2 mr-tmp-1-2 mr-tmp-2-2 mr-tmp-3-2 mr-tmp-4-2 mr-tmp-5-2 mr-tmp-6-2 mr-tmp-7-2] 10 0}  order Type 1
2024/03/05 04:28:23 start 10 map
2024/03/05 04:28:23 Worker finish order 10, order type 1
2024/03/05 04:28:24 3 :  call for  7  times
2024/03/05 04:28:24 CallOrder: worker get response &{1 [mr-tmp-0-4 mr-tmp-1-4 mr-tmp-2-4 mr-tmp-3-4 mr-tmp-4-4 mr-tmp-5-4 mr-tmp-6-4 mr-tmp-7-4] 12 0}
2024/03/05 04:28:24 worker  3 get order:  &{1 [mr-tmp-0-4 mr-tmp-1-4 mr-tmp-2-4 mr-tmp-3-4 mr-tmp-4-4 mr-tmp-5-4 mr-tmp-6-4 mr-tmp-7-4] 12 0}  order Type 1
2024/03/05 04:28:24 start 12 map
2024/03/05 04:28:24 Worker finish order 12, order type 1
2024/03/05 04:28:25 3 :  call for  8  times
2024/03/05 04:28:25 CallOrder: worker get response &{1 [mr-tmp-0-6 mr-tmp-1-6 mr-tmp-2-6 mr-tmp-3-6 mr-tmp-4-6 mr-tmp-5-6 mr-tmp-6-6 mr-tmp-7-6] 14 0}
2024/03/05 04:28:25 worker  3 get order:  &{1 [mr-tmp-0-6 mr-tmp-1-6 mr-tmp-2-6 mr-tmp-3-6 mr-tmp-4-6 mr-tmp-5-6 mr-tmp-6-6 mr-tmp-7-6] 14 0}  order Type 1
2024/03/05 04:28:25 start 14 map
2024/03/05 04:28:25 Worker finish order 14, order type 1
2024/03/05 04:28:26 3 :  call for  9  times
2024/03/05 04:28:26 CallOrder: worker get response &{1 [mr-tmp-0-8 mr-tmp-1-8 mr-tmp-2-8 mr-tmp-3-8 mr-tmp-4-8 mr-tmp-5-8 mr-tmp-6-8 mr-tmp-7-8] 16 0}
2024/03/05 04:28:26 worker  3 get order:  &{1 [mr-tmp-0-8 mr-tmp-1-8 mr-tmp-2-8 mr-tmp-3-8 mr-tmp-4-8 mr-tmp-5-8 mr-tmp-6-8 mr-tmp-7-8] 16 0}  order Type 1
2024/03/05 04:28:26 start 16 map
2024/03/05 04:28:26 Worker finish order 16, order type 1
2024/03/05 04:28:27 3 :  call for  10  times
2024/03/05 04:28:27 CallOrder: worker get response &{3 [] 0 0}
2024/03/05 04:28:27 worker  3 get order:  &{3 [] 0 0}  order Type 3
2024/03/05 04:28:27 3  waiting for order
2024/03/05 04:28:29 3 :  call for  11  times
2024/03/05 04:28:29 dialing:dial unix /var/tmp/824-mr-0: connect: connection refused
