2024/03/05 13:23:16 16 :  call for  1  times
2024/03/05 13:23:16 CallOrder: worker get response &{0 [../pg-dorian_gray.txt] 1 10}
2024/03/05 13:23:16 worker  16 get order:  &{0 [../pg-dorian_gray.txt] 1 10}  order Type 0
2024/03/05 13:23:16 start 1 map
2024/03/05 13:23:16 Worker finish order 1, order type 0
2024/03/05 13:23:17 16 :  call for  2  times
2024/03/05 13:23:17 CallOrder: worker get response &{0 [../pg-grimm.txt] 3 10}
2024/03/05 13:23:17 worker  16 get order:  &{0 [../pg-grimm.txt] 3 10}  order Type 0
2024/03/05 13:23:17 start 3 map
2024/03/05 13:23:17 Worker finish order 3, order type 0
2024/03/05 13:23:18 16 :  call for  3  times
2024/03/05 13:23:18 CallOrder: worker get response &{0 [../pg-metamorphosis.txt] 5 10}
2024/03/05 13:23:18 worker  16 get order:  &{0 [../pg-metamorphosis.txt] 5 10}  order Type 0
2024/03/05 13:23:18 start 5 map
2024/03/05 13:23:18 Worker finish order 5, order type 0
2024/03/05 13:23:19 16 :  call for  4  times
2024/03/05 13:23:19 CallOrder: worker get response &{0 [../pg-sherlock_holmes.txt] 6 10}
2024/03/05 13:23:19 worker  16 get order:  &{0 [../pg-sherlock_holmes.txt] 6 10}  order Type 0
2024/03/05 13:23:19 start 6 map
2024/03/05 13:23:19 Worker finish order 6, order type 0
2024/03/05 13:23:20 16 :  call for  5  times
2024/03/05 13:23:20 CallOrder: worker get response &{2 [] 0 0}
2024/03/05 13:23:20 worker  16 get order:  &{2 [] 0 0}  order Type 2
2024/03/05 13:23:20 16  waiting for order
2024/03/05 13:23:22 16 :  call for  6  times
2024/03/05 13:23:22 CallOrder: worker get response &{1 [mr-tmp-0-1 mr-tmp-1-1 mr-tmp-2-1 mr-tmp-3-1 mr-tmp-4-1 mr-tmp-5-1 mr-tmp-6-1 mr-tmp-7-1] 9 0}
2024/03/05 13:23:22 worker  16 get order:  &{1 [mr-tmp-0-1 mr-tmp-1-1 mr-tmp-2-1 mr-tmp-3-1 mr-tmp-4-1 mr-tmp-5-1 mr-tmp-6-1 mr-tmp-7-1] 9 0}  order Type 1
2024/03/05 13:23:23 start 9 map
2024/03/05 13:23:23 Worker finish order 9, order type 1
2024/03/05 13:23:24 16 :  call for  7  times
2024/03/05 13:23:24 CallOrder: worker get response &{1 [mr-tmp-0-3 mr-tmp-1-3 mr-tmp-2-3 mr-tmp-3-3 mr-tmp-4-3 mr-tmp-5-3 mr-tmp-6-3 mr-tmp-7-3] 11 0}
2024/03/05 13:23:24 worker  16 get order:  &{1 [mr-tmp-0-3 mr-tmp-1-3 mr-tmp-2-3 mr-tmp-3-3 mr-tmp-4-3 mr-tmp-5-3 mr-tmp-6-3 mr-tmp-7-3] 11 0}  order Type 1
2024/03/05 13:23:26 start 11 map
2024/03/05 13:23:26 Worker finish order 11, order type 1
2024/03/05 13:23:27 16 :  call for  8  times
2024/03/05 13:23:27 CallOrder: worker get response &{1 [mr-tmp-0-5 mr-tmp-1-5 mr-tmp-2-5 mr-tmp-3-5 mr-tmp-4-5 mr-tmp-5-5 mr-tmp-6-5 mr-tmp-7-5] 13 0}
2024/03/05 13:23:27 worker  16 get order:  &{1 [mr-tmp-0-5 mr-tmp-1-5 mr-tmp-2-5 mr-tmp-3-5 mr-tmp-4-5 mr-tmp-5-5 mr-tmp-6-5 mr-tmp-7-5] 13 0}  order Type 1
2024/03/05 13:23:28 start 13 map
2024/03/05 13:23:28 Worker finish order 13, order type 1
2024/03/05 13:23:29 16 :  call for  9  times
2024/03/05 13:23:29 CallOrder: worker get response &{1 [mr-tmp-0-7 mr-tmp-1-7 mr-tmp-2-7 mr-tmp-3-7 mr-tmp-4-7 mr-tmp-5-7 mr-tmp-6-7 mr-tmp-7-7] 15 0}
2024/03/05 13:23:29 worker  16 get order:  &{1 [mr-tmp-0-7 mr-tmp-1-7 mr-tmp-2-7 mr-tmp-3-7 mr-tmp-4-7 mr-tmp-5-7 mr-tmp-6-7 mr-tmp-7-7] 15 0}  order Type 1
2024/03/05 13:23:29 start 15 map
2024/03/05 13:23:29 Worker finish order 15, order type 1
2024/03/05 13:23:30 16 :  call for  10  times
2024/03/05 13:23:30 CallOrder: worker get response &{1 [mr-tmp-0-9 mr-tmp-1-9 mr-tmp-2-9 mr-tmp-3-9 mr-tmp-4-9 mr-tmp-5-9 mr-tmp-6-9 mr-tmp-7-9] 17 0}
2024/03/05 13:23:30 worker  16 get order:  &{1 [mr-tmp-0-9 mr-tmp-1-9 mr-tmp-2-9 mr-tmp-3-9 mr-tmp-4-9 mr-tmp-5-9 mr-tmp-6-9 mr-tmp-7-9] 17 0}  order Type 1
2024/03/05 13:23:31 start 17 map
2024/03/05 13:23:31 Worker finish order 17, order type 1
2024/03/05 13:23:32 16 :  call for  11  times
2024/03/05 13:23:32 CallOrder: worker get response &{3 [] 0 0}
2024/03/05 13:23:32 worker  16 get order:  &{3 [] 0 0}  order Type 3
2024/03/05 13:23:32 16  waiting for order
2024/03/05 13:23:34 16 :  call for  12  times
2024/03/05 13:23:34 dialing:dial unix /var/tmp/824-mr-0: connect: connection refused
