2024/03/05 00:10:49 49 :  call for  1  times
2024/03/05 00:10:49 CallOrder: worker get response &{0 [../pg-being_ernest.txt] 0 10}
2024/03/05 00:10:49 worker  49 get order:  &{0 [../pg-being_ernest.txt] 0 10}  order Type 0
2024/03/05 00:10:49 start 0 map
2024/03/05 00:10:49 Worker finish order 0, order type 0
2024/03/05 00:10:50 49 :  call for  2  times
2024/03/05 00:10:50 CallOrder: worker get response &{0 [../pg-frankenstein.txt] 2 10}
2024/03/05 00:10:50 worker  49 get order:  &{0 [../pg-frankenstein.txt] 2 10}  order Type 0
2024/03/05 00:10:50 start 2 map
2024/03/05 00:10:50 Worker finish order 2, order type 0
2024/03/05 00:10:51 49 :  call for  3  times
2024/03/05 00:10:51 CallOrder: worker get response &{0 [../pg-huckleberry_finn.txt] 4 10}
2024/03/05 00:10:51 worker  49 get order:  &{0 [../pg-huckleberry_finn.txt] 4 10}  order Type 0
2024/03/05 00:10:51 start 4 map
2024/03/05 00:10:51 Worker finish order 4, order type 0
2024/03/05 00:10:52 49 :  call for  4  times
2024/03/05 00:10:52 CallOrder: worker get response &{0 [../pg-sherlock_holmes.txt] 6 10}
2024/03/05 00:10:52 worker  49 get order:  &{0 [../pg-sherlock_holmes.txt] 6 10}  order Type 0
2024/03/05 00:10:52 start 6 map
2024/03/05 00:10:52 Worker finish order 6, order type 0
2024/03/05 00:10:53 49 :  call for  5  times
2024/03/05 00:10:53 CallOrder: worker get response &{2 [] 0 0}
2024/03/05 00:10:53 worker  49 get order:  &{2 [] 0 0}  order Type 2
2024/03/05 00:10:53 49  waiting for order
2024/03/05 00:10:55 49 :  call for  6  times
2024/03/05 00:10:55 CallOrder: worker get response &{1 [mr-tmp-0-1 mr-tmp-1-1 mr-tmp-2-1 mr-tmp-3-1 mr-tmp-4-1 mr-tmp-5-1 mr-tmp-6-1 mr-tmp-7-1] 9 0}
2024/03/05 00:10:55 worker  49 get order:  &{1 [mr-tmp-0-1 mr-tmp-1-1 mr-tmp-2-1 mr-tmp-3-1 mr-tmp-4-1 mr-tmp-5-1 mr-tmp-6-1 mr-tmp-7-1] 9 0}  order Type 1
2024/03/05 00:10:56 start 9 map
2024/03/05 00:10:56 Worker finish order 9, order type 1
2024/03/05 00:10:57 49 :  call for  7  times
2024/03/05 00:10:57 CallOrder: worker get response &{1 [mr-tmp-0-3 mr-tmp-1-3 mr-tmp-2-3 mr-tmp-3-3 mr-tmp-4-3 mr-tmp-5-3 mr-tmp-6-3 mr-tmp-7-3] 11 0}
2024/03/05 00:10:57 worker  49 get order:  &{1 [mr-tmp-0-3 mr-tmp-1-3 mr-tmp-2-3 mr-tmp-3-3 mr-tmp-4-3 mr-tmp-5-3 mr-tmp-6-3 mr-tmp-7-3] 11 0}  order Type 1
2024/03/05 00:10:59 start 11 map
2024/03/05 00:10:59 Worker finish order 11, order type 1
2024/03/05 00:11:00 49 :  call for  8  times
2024/03/05 00:11:00 CallOrder: worker get response &{1 [mr-tmp-0-5 mr-tmp-1-5 mr-tmp-2-5 mr-tmp-3-5 mr-tmp-4-5 mr-tmp-5-5 mr-tmp-6-5 mr-tmp-7-5] 13 0}
2024/03/05 00:11:00 worker  49 get order:  &{1 [mr-tmp-0-5 mr-tmp-1-5 mr-tmp-2-5 mr-tmp-3-5 mr-tmp-4-5 mr-tmp-5-5 mr-tmp-6-5 mr-tmp-7-5] 13 0}  order Type 1
2024/03/05 00:11:01 start 13 map
2024/03/05 00:11:01 Worker finish order 13, order type 1
2024/03/05 00:11:02 49 :  call for  9  times
2024/03/05 00:11:02 CallOrder: worker get response &{1 [mr-tmp-0-7 mr-tmp-1-7 mr-tmp-2-7 mr-tmp-3-7 mr-tmp-4-7 mr-tmp-5-7 mr-tmp-6-7 mr-tmp-7-7] 15 0}
2024/03/05 00:11:02 worker  49 get order:  &{1 [mr-tmp-0-7 mr-tmp-1-7 mr-tmp-2-7 mr-tmp-3-7 mr-tmp-4-7 mr-tmp-5-7 mr-tmp-6-7 mr-tmp-7-7] 15 0}  order Type 1
2024/03/05 00:11:02 start 15 map
2024/03/05 00:11:02 Worker finish order 15, order type 1
2024/03/05 00:11:03 49 :  call for  10  times
2024/03/05 00:11:03 CallOrder: worker get response &{1 [mr-tmp-0-9 mr-tmp-1-9 mr-tmp-2-9 mr-tmp-3-9 mr-tmp-4-9 mr-tmp-5-9 mr-tmp-6-9 mr-tmp-7-9] 17 0}
2024/03/05 00:11:03 worker  49 get order:  &{1 [mr-tmp-0-9 mr-tmp-1-9 mr-tmp-2-9 mr-tmp-3-9 mr-tmp-4-9 mr-tmp-5-9 mr-tmp-6-9 mr-tmp-7-9] 17 0}  order Type 1
2024/03/05 00:11:04 start 17 map
2024/03/05 00:11:04 Worker finish order 17, order type 1
2024/03/05 00:11:05 49 :  call for  11  times
2024/03/05 00:11:05 CallOrder: worker get response &{3 [] 0 0}
2024/03/05 00:11:05 worker  49 get order:  &{3 [] 0 0}  order Type 3
2024/03/05 00:11:05 49  waiting for order
2024/03/05 00:11:07 49 :  call for  12  times
2024/03/05 00:11:07 dialing:dial unix /var/tmp/824-mr-0: connect: connection refused
