2024/03/04 21:04:11 11 :  call for  1  times
2024/03/04 21:04:11 CallOrder: worker get response &{0 [../pg-dorian_gray.txt] 1 10}
2024/03/04 21:04:11 worker  11 get order:  &{0 [../pg-dorian_gray.txt] 1 10}  order Type 0
2024/03/04 21:04:11 start 1 map
2024/03/04 21:04:11 Worker finish order 1, order type 0
2024/03/04 21:04:12 11 :  call for  2  times
2024/03/04 21:04:12 CallOrder: worker get response &{0 [../pg-metamorphosis.txt] 5 10}
2024/03/04 21:04:12 worker  11 get order:  &{0 [../pg-metamorphosis.txt] 5 10}  order Type 0
2024/03/04 21:04:12 start 5 map
2024/03/04 21:04:12 Worker finish order 5, order type 0
2024/03/04 21:04:13 11 :  call for  3  times
2024/03/04 21:04:13 CallOrder: worker get response &{0 [../pg-tom_sawyer.txt] 7 10}
2024/03/04 21:04:13 worker  11 get order:  &{0 [../pg-tom_sawyer.txt] 7 10}  order Type 0
2024/03/04 21:04:13 start 7 map
2024/03/04 21:04:13 Worker finish order 7, order type 0
2024/03/04 21:04:14 11 :  call for  4  times
2024/03/04 21:04:14 CallOrder: worker get response &{1 [mr-tmp-0-0 mr-tmp-1-0 mr-tmp-2-0 mr-tmp-3-0 mr-tmp-4-0 mr-tmp-5-0 mr-tmp-6-0 mr-tmp-7-0] 8 0}
2024/03/04 21:04:14 worker  11 get order:  &{1 [mr-tmp-0-0 mr-tmp-1-0 mr-tmp-2-0 mr-tmp-3-0 mr-tmp-4-0 mr-tmp-5-0 mr-tmp-6-0 mr-tmp-7-0] 8 0}  order Type 1
2024/03/04 21:04:14 start 8 map
2024/03/04 21:04:14 Worker finish order 8, order type 1
2024/03/04 21:04:15 11 :  call for  5  times
2024/03/04 21:04:15 CallOrder: worker get response &{1 [mr-tmp-0-2 mr-tmp-1-2 mr-tmp-2-2 mr-tmp-3-2 mr-tmp-4-2 mr-tmp-5-2 mr-tmp-6-2 mr-tmp-7-2] 10 0}
2024/03/04 21:04:15 worker  11 get order:  &{1 [mr-tmp-0-2 mr-tmp-1-2 mr-tmp-2-2 mr-tmp-3-2 mr-tmp-4-2 mr-tmp-5-2 mr-tmp-6-2 mr-tmp-7-2] 10 0}  order Type 1
2024/03/04 21:04:18 start 10 map
2024/03/04 21:04:18 Worker finish order 10, order type 1
2024/03/04 21:04:19 11 :  call for  6  times
2024/03/04 21:04:19 CallOrder: worker get response &{1 [mr-tmp-0-9 mr-tmp-1-9 mr-tmp-2-9 mr-tmp-3-9 mr-tmp-4-9 mr-tmp-5-9 mr-tmp-6-9 mr-tmp-7-9] 17 0}
2024/03/04 21:04:19 worker  11 get order:  &{1 [mr-tmp-0-9 mr-tmp-1-9 mr-tmp-2-9 mr-tmp-3-9 mr-tmp-4-9 mr-tmp-5-9 mr-tmp-6-9 mr-tmp-7-9] 17 0}  order Type 1
2024/03/04 21:04:19 start 17 map
2024/03/04 21:04:19 Worker finish order 17, order type 1
2024/03/04 21:04:20 11 :  call for  7  times
2024/03/04 21:04:20 CallOrder: worker get response &{4 [] 0 0}
2024/03/04 21:04:20 worker  11 get order:  &{4 [] 0 0}  order Type 4
2024/03/04 21:04:21 11  killed
