2024/03/05 06:15:47 47 :  call for  1  times
2024/03/05 06:15:47 CallOrder: worker get response &{0 [../pg-being_ernest.txt] 0 10}
2024/03/05 06:15:47 worker  47 get order:  &{0 [../pg-being_ernest.txt] 0 10}  order Type 0
2024/03/05 06:15:47 start 0 map
2024/03/05 06:15:47 Worker finish order 0, order type 0
2024/03/05 06:15:48 47 :  call for  2  times
2024/03/05 06:15:48 CallOrder: worker get response &{0 [../pg-grimm.txt] 3 10}
2024/03/05 06:15:48 worker  47 get order:  &{0 [../pg-grimm.txt] 3 10}  order Type 0
2024/03/05 06:15:48 start 3 map
2024/03/05 06:15:48 Worker finish order 3, order type 0
2024/03/05 06:15:49 47 :  call for  3  times
2024/03/05 06:15:49 CallOrder: worker get response &{0 [../pg-sherlock_holmes.txt] 6 10}
2024/03/05 06:15:49 worker  47 get order:  &{0 [../pg-sherlock_holmes.txt] 6 10}  order Type 0
2024/03/05 06:15:49 start 6 map
2024/03/05 06:15:49 Worker finish order 6, order type 0
2024/03/05 06:15:50 47 :  call for  4  times
2024/03/05 06:15:50 CallOrder: worker get response &{1 [mr-tmp-0-0 mr-tmp-1-0 mr-tmp-2-0 mr-tmp-3-0 mr-tmp-4-0 mr-tmp-5-0 mr-tmp-6-0 mr-tmp-7-0] 8 0}
2024/03/05 06:15:50 worker  47 get order:  &{1 [mr-tmp-0-0 mr-tmp-1-0 mr-tmp-2-0 mr-tmp-3-0 mr-tmp-4-0 mr-tmp-5-0 mr-tmp-6-0 mr-tmp-7-0] 8 0}  order Type 1
2024/03/05 06:15:50 start 8 map
2024/03/05 06:15:50 Worker finish order 8, order type 1
2024/03/05 06:15:51 47 :  call for  5  times
2024/03/05 06:15:51 CallOrder: worker get response &{1 [mr-tmp-0-2 mr-tmp-1-2 mr-tmp-2-2 mr-tmp-3-2 mr-tmp-4-2 mr-tmp-5-2 mr-tmp-6-2 mr-tmp-7-2] 10 0}
2024/03/05 06:15:51 worker  47 get order:  &{1 [mr-tmp-0-2 mr-tmp-1-2 mr-tmp-2-2 mr-tmp-3-2 mr-tmp-4-2 mr-tmp-5-2 mr-tmp-6-2 mr-tmp-7-2] 10 0}  order Type 1
2024/03/05 06:15:54 start 10 map
2024/03/05 06:15:54 Worker finish order 10, order type 1
2024/03/05 06:15:55 47 :  call for  6  times
2024/03/05 06:15:55 CallOrder: worker get response &{1 [mr-tmp-0-9 mr-tmp-1-9 mr-tmp-2-9 mr-tmp-3-9 mr-tmp-4-9 mr-tmp-5-9 mr-tmp-6-9 mr-tmp-7-9] 17 0}
2024/03/05 06:15:55 worker  47 get order:  &{1 [mr-tmp-0-9 mr-tmp-1-9 mr-tmp-2-9 mr-tmp-3-9 mr-tmp-4-9 mr-tmp-5-9 mr-tmp-6-9 mr-tmp-7-9] 17 0}  order Type 1
2024/03/05 06:15:55 start 17 map
2024/03/05 06:15:55 Worker finish order 17, order type 1
2024/03/05 06:15:56 47 :  call for  7  times
2024/03/05 06:15:56 CallOrder: worker get response &{4 [] 0 0}
2024/03/05 06:15:56 worker  47 get order:  &{4 [] 0 0}  order Type 4
2024/03/05 06:15:57 47  killed
