2024/03/05 07:08:50 50 :  call for  1  times
2024/03/05 07:08:50 CallOrder: worker get response &{0 [../pg-dorian_gray.txt] 1 10}
2024/03/05 07:08:50 worker  50 get order:  &{0 [../pg-dorian_gray.txt] 1 10}  order Type 0
2024/03/05 07:08:54 start 1 map
2024/03/05 07:08:54 Worker finish order 1, order type 0
2024/03/05 07:08:55 50 :  call for  2  times
2024/03/05 07:08:55 CallOrder: worker get response &{0 [../pg-grimm.txt] 3 10}
2024/03/05 07:08:55 worker  50 get order:  &{0 [../pg-grimm.txt] 3 10}  order Type 0
2024/03/05 07:08:59 start 3 map
2024/03/05 07:08:59 Worker finish order 3, order type 0
2024/03/05 07:09:00 50 :  call for  3  times
2024/03/05 07:09:00 CallOrder: worker get response &{0 [../pg-metamorphosis.txt] 5 10}
2024/03/05 07:09:00 worker  50 get order:  &{0 [../pg-metamorphosis.txt] 5 10}  order Type 0
2024/03/05 07:09:04 start 5 map
2024/03/05 07:09:04 Worker finish order 5, order type 0
2024/03/05 07:09:05 50 :  call for  4  times
2024/03/05 07:09:05 CallOrder: worker get response &{0 [../pg-sherlock_holmes.txt] 6 10}
2024/03/05 07:09:05 worker  50 get order:  &{0 [../pg-sherlock_holmes.txt] 6 10}  order Type 0
2024/03/05 07:09:07 start 6 map
2024/03/05 07:09:07 Worker finish order 6, order type 0
2024/03/05 07:09:08 50 :  call for  5  times
2024/03/05 07:09:08 CallOrder: worker get response &{2 [] 0 0}
2024/03/05 07:09:08 worker  50 get order:  &{2 [] 0 0}  order Type 2
2024/03/05 07:09:08 50  waiting for order
2024/03/05 07:09:10 50 :  call for  6  times
2024/03/05 07:09:10 CallOrder: worker get response &{1 [mr-tmp-0-2 mr-tmp-1-2 mr-tmp-2-2 mr-tmp-3-2 mr-tmp-4-2 mr-tmp-5-2 mr-tmp-6-2 mr-tmp-7-2] 10 0}
2024/03/05 07:09:10 worker  50 get order:  &{1 [mr-tmp-0-2 mr-tmp-1-2 mr-tmp-2-2 mr-tmp-3-2 mr-tmp-4-2 mr-tmp-5-2 mr-tmp-6-2 mr-tmp-7-2] 10 0}  order Type 1
2024/03/05 07:09:10 start 10 map
2024/03/05 07:09:10 Worker finish order 10, order type 1
2024/03/05 07:09:11 50 :  call for  7  times
2024/03/05 07:09:11 CallOrder: worker get response &{1 [mr-tmp-0-4 mr-tmp-1-4 mr-tmp-2-4 mr-tmp-3-4 mr-tmp-4-4 mr-tmp-5-4 mr-tmp-6-4 mr-tmp-7-4] 12 0}
2024/03/05 07:09:11 worker  50 get order:  &{1 [mr-tmp-0-4 mr-tmp-1-4 mr-tmp-2-4 mr-tmp-3-4 mr-tmp-4-4 mr-tmp-5-4 mr-tmp-6-4 mr-tmp-7-4] 12 0}  order Type 1
2024/03/05 07:09:11 start 12 map
2024/03/05 07:09:11 Worker finish order 12, order type 1
2024/03/05 07:09:12 50 :  call for  8  times
2024/03/05 07:09:12 CallOrder: worker get response &{1 [mr-tmp-0-6 mr-tmp-1-6 mr-tmp-2-6 mr-tmp-3-6 mr-tmp-4-6 mr-tmp-5-6 mr-tmp-6-6 mr-tmp-7-6] 14 0}
2024/03/05 07:09:12 worker  50 get order:  &{1 [mr-tmp-0-6 mr-tmp-1-6 mr-tmp-2-6 mr-tmp-3-6 mr-tmp-4-6 mr-tmp-5-6 mr-tmp-6-6 mr-tmp-7-6] 14 0}  order Type 1
2024/03/05 07:09:12 start 14 map
2024/03/05 07:09:12 Worker finish order 14, order type 1
2024/03/05 07:09:13 50 :  call for  9  times
2024/03/05 07:09:13 CallOrder: worker get response &{1 [mr-tmp-0-8 mr-tmp-1-8 mr-tmp-2-8 mr-tmp-3-8 mr-tmp-4-8 mr-tmp-5-8 mr-tmp-6-8 mr-tmp-7-8] 16 0}
2024/03/05 07:09:13 worker  50 get order:  &{1 [mr-tmp-0-8 mr-tmp-1-8 mr-tmp-2-8 mr-tmp-3-8 mr-tmp-4-8 mr-tmp-5-8 mr-tmp-6-8 mr-tmp-7-8] 16 0}  order Type 1
2024/03/05 07:09:13 start 16 map
2024/03/05 07:09:13 Worker finish order 16, order type 1
2024/03/05 07:09:14 50 :  call for  10  times
2024/03/05 07:09:14 CallOrder: worker get response &{4 [] 0 0}
2024/03/05 07:09:14 worker  50 get order:  &{4 [] 0 0}  order Type 4
2024/03/05 07:09:15 50  killed
