2024/03/05 05:41:28 28 :  call for  1  times
2024/03/05 05:41:28 CallOrder: worker get response &{0 [../pg-being_ernest.txt] 0 10}
2024/03/05 05:41:28 worker  28 get order:  &{0 [../pg-being_ernest.txt] 0 10}  order Type 0
2024/03/05 05:41:29 start 0 map
2024/03/05 05:41:29 Worker finish order 0, order type 0
2024/03/05 05:41:30 28 :  call for  2  times
2024/03/05 05:41:30 CallOrder: worker get response &{0 [../pg-grimm.txt] 3 10}
2024/03/05 05:41:30 worker  28 get order:  &{0 [../pg-grimm.txt] 3 10}  order Type 0
2024/03/05 05:41:32 start 3 map
2024/03/05 05:41:32 Worker finish order 3, order type 0
2024/03/05 05:41:33 28 :  call for  3  times
2024/03/05 05:41:33 CallOrder: worker get response &{0 [../pg-sherlock_holmes.txt] 6 10}
2024/03/05 05:41:33 worker  28 get order:  &{0 [../pg-sherlock_holmes.txt] 6 10}  order Type 0
2024/03/05 05:41:35 start 6 map
2024/03/05 05:41:35 Worker finish order 6, order type 0
2024/03/05 05:41:36 28 :  call for  4  times
2024/03/05 05:41:36 CallOrder: worker get response &{1 [mr-tmp-0-0 mr-tmp-1-0 mr-tmp-2-0 mr-tmp-3-0 mr-tmp-4-0 mr-tmp-5-0 mr-tmp-6-0 mr-tmp-7-0] 8 0}
2024/03/05 05:41:36 worker  28 get order:  &{1 [mr-tmp-0-0 mr-tmp-1-0 mr-tmp-2-0 mr-tmp-3-0 mr-tmp-4-0 mr-tmp-5-0 mr-tmp-6-0 mr-tmp-7-0] 8 0}  order Type 1
2024/03/05 05:41:36 start 8 map
2024/03/05 05:41:36 Worker finish order 8, order type 1
2024/03/05 05:41:37 28 :  call for  5  times
2024/03/05 05:41:37 CallOrder: worker get response &{1 [mr-tmp-0-2 mr-tmp-1-2 mr-tmp-2-2 mr-tmp-3-2 mr-tmp-4-2 mr-tmp-5-2 mr-tmp-6-2 mr-tmp-7-2] 10 0}
2024/03/05 05:41:37 worker  28 get order:  &{1 [mr-tmp-0-2 mr-tmp-1-2 mr-tmp-2-2 mr-tmp-3-2 mr-tmp-4-2 mr-tmp-5-2 mr-tmp-6-2 mr-tmp-7-2] 10 0}  order Type 1
2024/03/05 05:41:39 start 10 map
2024/03/05 05:41:39 Worker finish order 10, order type 1
2024/03/05 05:41:40 28 :  call for  6  times
2024/03/05 05:41:40 CallOrder: worker get response &{1 [mr-tmp-0-6 mr-tmp-1-6 mr-tmp-2-6 mr-tmp-3-6 mr-tmp-4-6 mr-tmp-5-6 mr-tmp-6-6 mr-tmp-7-6] 14 0}
2024/03/05 05:41:40 worker  28 get order:  &{1 [mr-tmp-0-6 mr-tmp-1-6 mr-tmp-2-6 mr-tmp-3-6 mr-tmp-4-6 mr-tmp-5-6 mr-tmp-6-6 mr-tmp-7-6] 14 0}  order Type 1
2024/03/05 05:41:41 start 14 map
2024/03/05 05:41:41 Worker finish order 14, order type 1
2024/03/05 05:41:42 28 :  call for  7  times
2024/03/05 05:41:42 CallOrder: worker get response &{3 [] 0 0}
2024/03/05 05:41:42 worker  28 get order:  &{3 [] 0 0}  order Type 3
2024/03/05 05:41:42 28  waiting for order
2024/03/05 05:41:44 28 :  call for  8  times
2024/03/05 05:41:44 CallOrder: worker get response &{4 [] 0 0}
2024/03/05 05:41:44 worker  28 get order:  &{4 [] 0 0}  order Type 4
2024/03/05 05:41:45 28  killed
