2024/03/05 03:43:08 8 :  call for  1  times
2024/03/05 03:43:08 CallOrder: worker get response &{0 [../pg-dorian_gray.txt] 1 10}
2024/03/05 03:43:08 worker  8 get order:  &{0 [../pg-dorian_gray.txt] 1 10}  order Type 0
2024/03/05 03:43:16 start 1 map
2024/03/05 03:43:16 Worker finish order 1, order type 0
2024/03/05 03:43:17 8 :  call for  2  times
2024/03/05 03:43:17 CallOrder: worker get response &{2 [] 0 0}
2024/03/05 03:43:17 worker  8 get order:  &{2 [] 0 0}  order Type 2
2024/03/05 03:43:17 8  waiting for order
2024/03/05 03:43:19 8 :  call for  3  times
2024/03/05 03:43:19 CallOrder: worker get response &{0 [../pg-being_ernest.txt] 0 10}
2024/03/05 03:43:19 worker  8 get order:  &{0 [../pg-being_ernest.txt] 0 10}  order Type 0
2024/03/05 03:43:24 start 0 map
2024/03/05 03:43:24 Worker finish order 0, order type 0
2024/03/05 03:43:25 8 :  call for  4  times
2024/03/05 03:43:25 CallOrder: worker get response &{2 [] 0 0}
2024/03/05 03:43:25 worker  8 get order:  &{2 [] 0 0}  order Type 2
2024/03/05 03:43:25 8  waiting for order
2024/03/05 03:43:27 8 :  call for  5  times
2024/03/05 03:43:27 CallOrder: worker get response &{2 [] 0 0}
2024/03/05 03:43:27 worker  8 get order:  &{2 [] 0 0}  order Type 2
2024/03/05 03:43:27 8  waiting for order
2024/03/05 03:43:29 8 :  call for  6  times
2024/03/05 03:43:29 CallOrder: worker get response &{2 [] 0 0}
2024/03/05 03:43:29 worker  8 get order:  &{2 [] 0 0}  order Type 2
2024/03/05 03:43:29 8  waiting for order
2024/03/05 03:43:31 8 :  call for  7  times
2024/03/05 03:43:31 CallOrder: worker get response &{2 [] 0 0}
2024/03/05 03:43:31 worker  8 get order:  &{2 [] 0 0}  order Type 2
2024/03/05 03:43:31 8  waiting for order
2024/03/05 03:43:33 8 :  call for  8  times
2024/03/05 03:43:33 CallOrder: worker get response &{1 [mr-tmp-0-1 mr-tmp-1-1 mr-tmp-2-1 mr-tmp-3-1 mr-tmp-4-1 mr-tmp-5-1 mr-tmp-6-1 mr-tmp-7-1] 9 0}
2024/03/05 03:43:33 worker  8 get order:  &{1 [mr-tmp-0-1 mr-tmp-1-1 mr-tmp-2-1 mr-tmp-3-1 mr-tmp-4-1 mr-tmp-5-1 mr-tmp-6-1 mr-tmp-7-1] 9 0}  order Type 1
2024/03/05 03:43:33 start 9 map
2024/03/05 03:43:33 Worker finish order 9, order type 1
2024/03/05 03:43:34 8 :  call for  9  times
2024/03/05 03:43:34 CallOrder: worker get response &{1 [mr-tmp-0-2 mr-tmp-1-2 mr-tmp-2-2 mr-tmp-3-2 mr-tmp-4-2 mr-tmp-5-2 mr-tmp-6-2 mr-tmp-7-2] 10 0}
2024/03/05 03:43:34 worker  8 get order:  &{1 [mr-tmp-0-2 mr-tmp-1-2 mr-tmp-2-2 mr-tmp-3-2 mr-tmp-4-2 mr-tmp-5-2 mr-tmp-6-2 mr-tmp-7-2] 10 0}  order Type 1
2024/03/05 03:43:36 start 10 map
2024/03/05 03:43:36 Worker finish order 10, order type 1
2024/03/05 03:43:37 8 :  call for  10  times
2024/03/05 03:43:37 CallOrder: worker get response &{1 [mr-tmp-0-6 mr-tmp-1-6 mr-tmp-2-6 mr-tmp-3-6 mr-tmp-4-6 mr-tmp-5-6 mr-tmp-6-6 mr-tmp-7-6] 14 0}
2024/03/05 03:43:37 worker  8 get order:  &{1 [mr-tmp-0-6 mr-tmp-1-6 mr-tmp-2-6 mr-tmp-3-6 mr-tmp-4-6 mr-tmp-5-6 mr-tmp-6-6 mr-tmp-7-6] 14 0}  order Type 1
2024/03/05 03:43:37 start 14 map
2024/03/05 03:43:37 Worker finish order 14, order type 1
2024/03/05 03:43:38 8 :  call for  11  times
2024/03/05 03:43:38 CallOrder: worker get response &{1 [mr-tmp-0-8 mr-tmp-1-8 mr-tmp-2-8 mr-tmp-3-8 mr-tmp-4-8 mr-tmp-5-8 mr-tmp-6-8 mr-tmp-7-8] 16 0}
2024/03/05 03:43:38 worker  8 get order:  &{1 [mr-tmp-0-8 mr-tmp-1-8 mr-tmp-2-8 mr-tmp-3-8 mr-tmp-4-8 mr-tmp-5-8 mr-tmp-6-8 mr-tmp-7-8] 16 0}  order Type 1
2024/03/05 03:43:38 start 16 map
2024/03/05 03:43:38 Worker finish order 16, order type 1
2024/03/05 03:43:39 8 :  call for  12  times
2024/03/05 03:43:39 CallOrder: worker get response &{3 [] 0 0}
2024/03/05 03:43:39 worker  8 get order:  &{3 [] 0 0}  order Type 3
2024/03/05 03:43:39 8  waiting for order
2024/03/05 03:43:41 8 :  call for  13  times
2024/03/05 03:43:41 CallOrder: worker get response &{3 [] 0 0}
2024/03/05 03:43:41 worker  8 get order:  &{3 [] 0 0}  order Type 3
2024/03/05 03:43:41 8  waiting for order
2024/03/05 03:43:43 8 :  call for  14  times
2024/03/05 03:43:43 CallOrder: worker get response &{3 [] 0 0}
2024/03/05 03:43:43 worker  8 get order:  &{3 [] 0 0}  order Type 3
2024/03/05 03:43:43 8  waiting for order
2024/03/05 03:43:45 8 :  call for  15  times
2024/03/05 03:43:45 CallOrder: worker get response &{3 [] 0 0}
2024/03/05 03:43:45 worker  8 get order:  &{3 [] 0 0}  order Type 3
2024/03/05 03:43:45 8  waiting for order
2024/03/05 03:43:47 8 :  call for  16  times
2024/03/05 03:43:47 CallOrder: worker get response &{3 [] 0 0}
2024/03/05 03:43:47 worker  8 get order:  &{3 [] 0 0}  order Type 3
2024/03/05 03:43:47 8  waiting for order
2024/03/05 03:43:49 8 :  call for  17  times
2024/03/05 03:43:49 CallOrder: worker get response &{3 [] 0 0}
2024/03/05 03:43:49 worker  8 get order:  &{3 [] 0 0}  order Type 3
2024/03/05 03:43:49 8  waiting for order
2024/03/05 03:43:51 8 :  call for  18  times
2024/03/05 03:43:51 CallOrder: worker get response &{3 [] 0 0}
2024/03/05 03:43:51 worker  8 get order:  &{3 [] 0 0}  order Type 3
2024/03/05 03:43:51 8  waiting for order
2024/03/05 03:43:53 8 :  call for  19  times
2024/03/05 03:43:53 CallOrder: worker get response &{3 [] 0 0}
2024/03/05 03:43:53 worker  8 get order:  &{3 [] 0 0}  order Type 3
2024/03/05 03:43:53 8  waiting for order
2024/03/05 03:43:55 8 :  call for  20  times
2024/03/05 03:43:55 CallOrder: worker get response &{3 [] 0 0}
2024/03/05 03:43:55 worker  8 get order:  &{3 [] 0 0}  order Type 3
2024/03/05 03:43:55 8  waiting for order
2024/03/05 03:43:57 8 :  call for  21  times
2024/03/05 03:43:57 CallOrder: worker get response &{3 [] 0 0}
2024/03/05 03:43:57 worker  8 get order:  &{3 [] 0 0}  order Type 3
2024/03/05 03:43:57 8  waiting for order
2024/03/05 03:43:59 8 :  call for  22  times
2024/03/05 03:43:59 CallOrder: worker get response &{4 [] 0 0}
2024/03/05 03:43:59 worker  8 get order:  &{4 [] 0 0}  order Type 4
2024/03/05 03:44:00 8  killed
