2024/03/05 04:36:59 59 :  call for  1  times
2024/03/05 04:36:59 CallOrder: worker get response &{0 [../pg-metamorphosis.txt] 5 10}
2024/03/05 04:36:59 worker  59 get order:  &{0 [../pg-metamorphosis.txt] 5 10}  order Type 0
2024/03/05 04:36:59 start 5 map
2024/03/05 04:36:59 Worker finish order 5, order type 0
2024/03/05 04:37:00 59 :  call for  2  times
2024/03/05 04:37:00 CallOrder: worker get response &{2 [] 0 0}
2024/03/05 04:37:00 worker  59 get order:  &{2 [] 0 0}  order Type 2
2024/03/05 04:37:00 59  waiting for order
2024/03/05 04:37:02 59 :  call for  3  times
2024/03/05 04:37:02 CallOrder: worker get response &{2 [] 0 0}
2024/03/05 04:37:02 worker  59 get order:  &{2 [] 0 0}  order Type 2
2024/03/05 04:37:02 59  waiting for order
2024/03/05 04:37:04 59 :  call for  4  times
2024/03/05 04:37:04 CallOrder: worker get response &{2 [] 0 0}
2024/03/05 04:37:04 worker  59 get order:  &{2 [] 0 0}  order Type 2
2024/03/05 04:37:04 59  waiting for order
2024/03/05 04:37:06 59 :  call for  5  times
2024/03/05 04:37:06 CallOrder: worker get response &{2 [] 0 0}
2024/03/05 04:37:06 worker  59 get order:  &{2 [] 0 0}  order Type 2
2024/03/05 04:37:06 59  waiting for order
2024/03/05 04:37:08 59 :  call for  6  times
2024/03/05 04:37:08 CallOrder: worker get response &{2 [] 0 0}
2024/03/05 04:37:08 worker  59 get order:  &{2 [] 0 0}  order Type 2
2024/03/05 04:37:08 59  waiting for order
2024/03/05 04:37:10 59 :  call for  7  times
2024/03/05 04:37:10 CallOrder: worker get response &{0 [../pg-grimm.txt] 3 10}
2024/03/05 04:37:10 worker  59 get order:  &{0 [../pg-grimm.txt] 3 10}  order Type 0
2024/03/05 04:37:10 start 3 map
2024/03/05 04:37:10 Worker finish order 3, order type 0
2024/03/05 04:37:11 59 :  call for  8  times
2024/03/05 04:37:11 CallOrder: worker get response &{1 [mr-tmp-0-1 mr-tmp-1-1 mr-tmp-2-1 mr-tmp-3-1 mr-tmp-4-1 mr-tmp-5-1 mr-tmp-6-1 mr-tmp-7-1] 9 0}
2024/03/05 04:37:11 worker  59 get order:  &{1 [mr-tmp-0-1 mr-tmp-1-1 mr-tmp-2-1 mr-tmp-3-1 mr-tmp-4-1 mr-tmp-5-1 mr-tmp-6-1 mr-tmp-7-1] 9 0}  order Type 1
2024/03/05 04:37:11 start 9 map
2024/03/05 04:37:11 Worker finish order 9, order type 1
2024/03/05 04:37:12 59 :  call for  9  times
2024/03/05 04:37:12 CallOrder: worker get response &{1 [mr-tmp-0-4 mr-tmp-1-4 mr-tmp-2-4 mr-tmp-3-4 mr-tmp-4-4 mr-tmp-5-4 mr-tmp-6-4 mr-tmp-7-4] 12 0}
2024/03/05 04:37:12 worker  59 get order:  &{1 [mr-tmp-0-4 mr-tmp-1-4 mr-tmp-2-4 mr-tmp-3-4 mr-tmp-4-4 mr-tmp-5-4 mr-tmp-6-4 mr-tmp-7-4] 12 0}  order Type 1
2024/03/05 04:37:12 start 12 map
2024/03/05 04:37:12 Worker finish order 12, order type 1
2024/03/05 04:37:13 59 :  call for  10  times
2024/03/05 04:37:13 CallOrder: worker get response &{1 [mr-tmp-0-8 mr-tmp-1-8 mr-tmp-2-8 mr-tmp-3-8 mr-tmp-4-8 mr-tmp-5-8 mr-tmp-6-8 mr-tmp-7-8] 16 0}
2024/03/05 04:37:13 worker  59 get order:  &{1 [mr-tmp-0-8 mr-tmp-1-8 mr-tmp-2-8 mr-tmp-3-8 mr-tmp-4-8 mr-tmp-5-8 mr-tmp-6-8 mr-tmp-7-8] 16 0}  order Type 1
2024/03/05 04:37:13 start 16 map
2024/03/05 04:37:13 Worker finish order 16, order type 1
2024/03/05 04:37:14 59 :  call for  11  times
2024/03/05 04:37:14 CallOrder: worker get response &{3 [] 0 0}
2024/03/05 04:37:14 worker  59 get order:  &{3 [] 0 0}  order Type 3
2024/03/05 04:37:14 59  waiting for order
2024/03/05 04:37:16 59 :  call for  12  times
2024/03/05 04:37:16 CallOrder: worker get response &{3 [] 0 0}
2024/03/05 04:37:16 worker  59 get order:  &{3 [] 0 0}  order Type 3
2024/03/05 04:37:16 59  waiting for order
2024/03/05 04:37:18 59 :  call for  13  times
2024/03/05 04:37:18 CallOrder: worker get response &{3 [] 0 0}
2024/03/05 04:37:18 worker  59 get order:  &{3 [] 0 0}  order Type 3
2024/03/05 04:37:18 59  waiting for order
2024/03/05 04:37:20 59 :  call for  14  times
2024/03/05 04:37:20 CallOrder: worker get response &{3 [] 0 0}
2024/03/05 04:37:20 worker  59 get order:  &{3 [] 0 0}  order Type 3
2024/03/05 04:37:20 59  waiting for order
2024/03/05 04:37:22 59 :  call for  15  times
2024/03/05 04:37:22 CallOrder: worker get response &{3 [] 0 0}
2024/03/05 04:37:22 worker  59 get order:  &{3 [] 0 0}  order Type 3
2024/03/05 04:37:22 59  waiting for order
2024/03/05 04:37:24 59 :  call for  16  times
2024/03/05 04:37:24 CallOrder: worker get response &{3 [] 0 0}
2024/03/05 04:37:24 worker  59 get order:  &{3 [] 0 0}  order Type 3
2024/03/05 04:37:24 59  waiting for order
2024/03/05 04:37:26 59 :  call for  17  times
2024/03/05 04:37:26 CallOrder: worker get response &{3 [] 0 0}
2024/03/05 04:37:26 worker  59 get order:  &{3 [] 0 0}  order Type 3
2024/03/05 04:37:26 59  waiting for order
2024/03/05 04:37:28 59 :  call for  18  times
2024/03/05 04:37:28 CallOrder: worker get response &{3 [] 0 0}
2024/03/05 04:37:28 worker  59 get order:  &{3 [] 0 0}  order Type 3
2024/03/05 04:37:28 59  waiting for order
2024/03/05 04:37:30 59 :  call for  19  times
2024/03/05 04:37:30 CallOrder: worker get response &{3 [] 0 0}
2024/03/05 04:37:30 worker  59 get order:  &{3 [] 0 0}  order Type 3
2024/03/05 04:37:30 59  waiting for order
2024/03/05 04:37:32 59 :  call for  20  times
2024/03/05 04:37:32 dialing:dial unix /var/tmp/824-mr-0: connect: connection refused
