2024/03/05 03:10:56 56 :  call for  1  times
2024/03/05 03:10:56 CallOrder: worker get response &{0 [../pg-metamorphosis.txt] 5 10}
2024/03/05 03:10:56 worker  56 get order:  &{0 [../pg-metamorphosis.txt] 5 10}  order Type 0
2024/03/05 03:10:56 start 5 map
2024/03/05 03:10:56 Worker finish order 5, order type 0
2024/03/05 03:10:57 56 :  call for  2  times
2024/03/05 03:10:57 CallOrder: worker get response &{2 [] 0 0}
2024/03/05 03:10:57 worker  56 get order:  &{2 [] 0 0}  order Type 2
2024/03/05 03:10:57 56  waiting for order
2024/03/05 03:10:59 56 :  call for  3  times
2024/03/05 03:10:59 CallOrder: worker get response &{2 [] 0 0}
2024/03/05 03:10:59 worker  56 get order:  &{2 [] 0 0}  order Type 2
2024/03/05 03:10:59 56  waiting for order
2024/03/05 03:11:01 56 :  call for  4  times
2024/03/05 03:11:01 CallOrder: worker get response &{2 [] 0 0}
2024/03/05 03:11:01 worker  56 get order:  &{2 [] 0 0}  order Type 2
2024/03/05 03:11:01 56  waiting for order
2024/03/05 03:11:03 56 :  call for  5  times
2024/03/05 03:11:03 CallOrder: worker get response &{2 [] 0 0}
2024/03/05 03:11:03 worker  56 get order:  &{2 [] 0 0}  order Type 2
2024/03/05 03:11:03 56  waiting for order
2024/03/05 03:11:05 56 :  call for  6  times
2024/03/05 03:11:05 CallOrder: worker get response &{2 [] 0 0}
2024/03/05 03:11:05 worker  56 get order:  &{2 [] 0 0}  order Type 2
2024/03/05 03:11:05 56  waiting for order
2024/03/05 03:11:07 56 :  call for  7  times
2024/03/05 03:11:07 CallOrder: worker get response &{2 [] 0 0}
2024/03/05 03:11:07 worker  56 get order:  &{2 [] 0 0}  order Type 2
2024/03/05 03:11:07 56  waiting for order
2024/03/05 03:11:09 56 :  call for  8  times
2024/03/05 03:11:09 CallOrder: worker get response &{2 [] 0 0}
2024/03/05 03:11:09 worker  56 get order:  &{2 [] 0 0}  order Type 2
2024/03/05 03:11:09 56  waiting for order
2024/03/05 03:11:11 56 :  call for  9  times
2024/03/05 03:11:11 CallOrder: worker get response &{2 [] 0 0}
2024/03/05 03:11:11 worker  56 get order:  &{2 [] 0 0}  order Type 2
2024/03/05 03:11:11 56  waiting for order
2024/03/05 03:11:13 56 :  call for  10  times
2024/03/05 03:11:13 CallOrder: worker get response &{2 [] 0 0}
2024/03/05 03:11:13 worker  56 get order:  &{2 [] 0 0}  order Type 2
2024/03/05 03:11:13 56  waiting for order
2024/03/05 03:11:15 56 :  call for  11  times
2024/03/05 03:11:15 CallOrder: worker get response &{2 [] 0 0}
2024/03/05 03:11:15 worker  56 get order:  &{2 [] 0 0}  order Type 2
2024/03/05 03:11:15 56  waiting for order
2024/03/05 03:11:17 56 :  call for  12  times
2024/03/05 03:11:17 CallOrder: worker get response &{2 [] 0 0}
2024/03/05 03:11:17 worker  56 get order:  &{2 [] 0 0}  order Type 2
2024/03/05 03:11:17 56  waiting for order
2024/03/05 03:11:19 56 :  call for  13  times
2024/03/05 03:11:19 CallOrder: worker get response &{2 [] 0 0}
2024/03/05 03:11:19 worker  56 get order:  &{2 [] 0 0}  order Type 2
2024/03/05 03:11:19 56  waiting for order
2024/03/05 03:11:21 56 :  call for  14  times
2024/03/05 03:11:21 CallOrder: worker get response &{2 [] 0 0}
2024/03/05 03:11:21 worker  56 get order:  &{2 [] 0 0}  order Type 2
2024/03/05 03:11:21 56  waiting for order
2024/03/05 03:11:23 56 :  call for  15  times
2024/03/05 03:11:23 CallOrder: worker get response &{2 [] 0 0}
2024/03/05 03:11:23 worker  56 get order:  &{2 [] 0 0}  order Type 2
2024/03/05 03:11:23 56  waiting for order
2024/03/05 03:11:25 56 :  call for  16  times
2024/03/05 03:11:25 CallOrder: worker get response &{2 [] 0 0}
2024/03/05 03:11:25 worker  56 get order:  &{2 [] 0 0}  order Type 2
2024/03/05 03:11:25 56  waiting for order
2024/03/05 03:11:27 56 :  call for  17  times
2024/03/05 03:11:27 CallOrder: worker get response &{2 [] 0 0}
2024/03/05 03:11:27 worker  56 get order:  &{2 [] 0 0}  order Type 2
2024/03/05 03:11:27 56  waiting for order
2024/03/05 03:11:29 56 :  call for  18  times
2024/03/05 03:11:29 CallOrder: worker get response &{2 [] 0 0}
2024/03/05 03:11:29 worker  56 get order:  &{2 [] 0 0}  order Type 2
2024/03/05 03:11:29 56  waiting for order
2024/03/05 03:11:31 56 :  call for  19  times
2024/03/05 03:11:31 CallOrder: worker get response &{2 [] 0 0}
2024/03/05 03:11:31 worker  56 get order:  &{2 [] 0 0}  order Type 2
2024/03/05 03:11:31 56  waiting for order
2024/03/05 03:11:33 56 :  call for  20  times
2024/03/05 03:11:33 CallOrder: worker get response &{2 [] 0 0}
2024/03/05 03:11:33 worker  56 get order:  &{2 [] 0 0}  order Type 2
2024/03/05 03:11:33 56  waiting for order
2024/03/05 03:11:35 56 :  call for  21  times
2024/03/05 03:11:35 CallOrder: worker get response &{2 [] 0 0}
2024/03/05 03:11:35 worker  56 get order:  &{2 [] 0 0}  order Type 2
2024/03/05 03:11:35 56  waiting for order
2024/03/05 03:11:37 56 :  call for  22  times
2024/03/05 03:11:37 CallOrder: worker get response &{1 [mr-tmp-0-4 mr-tmp-1-4 mr-tmp-2-4 mr-tmp-3-4 mr-tmp-4-4 mr-tmp-5-4 mr-tmp-6-4 mr-tmp-7-4] 12 0}
2024/03/05 03:11:37 worker  56 get order:  &{1 [mr-tmp-0-4 mr-tmp-1-4 mr-tmp-2-4 mr-tmp-3-4 mr-tmp-4-4 mr-tmp-5-4 mr-tmp-6-4 mr-tmp-7-4] 12 0}  order Type 1
2024/03/05 03:11:37 start 12 map
2024/03/05 03:11:37 Worker finish order 12, order type 1
2024/03/05 03:11:38 56 :  call for  23  times
2024/03/05 03:11:38 CallOrder: worker get response &{1 [mr-tmp-0-6 mr-tmp-1-6 mr-tmp-2-6 mr-tmp-3-6 mr-tmp-4-6 mr-tmp-5-6 mr-tmp-6-6 mr-tmp-7-6] 14 0}
2024/03/05 03:11:38 worker  56 get order:  &{1 [mr-tmp-0-6 mr-tmp-1-6 mr-tmp-2-6 mr-tmp-3-6 mr-tmp-4-6 mr-tmp-5-6 mr-tmp-6-6 mr-tmp-7-6] 14 0}  order Type 1
2024/03/05 03:11:38 start 14 map
2024/03/05 03:11:38 Worker finish order 14, order type 1
2024/03/05 03:11:39 56 :  call for  24  times
2024/03/05 03:11:39 CallOrder: worker get response &{1 [mr-tmp-0-9 mr-tmp-1-9 mr-tmp-2-9 mr-tmp-3-9 mr-tmp-4-9 mr-tmp-5-9 mr-tmp-6-9 mr-tmp-7-9] 17 0}
2024/03/05 03:11:39 worker  56 get order:  &{1 [mr-tmp-0-9 mr-tmp-1-9 mr-tmp-2-9 mr-tmp-3-9 mr-tmp-4-9 mr-tmp-5-9 mr-tmp-6-9 mr-tmp-7-9] 17 0}  order Type 1
