2024/03/05 03:32:37 37 :  call for  1  times
2024/03/05 03:32:37 CallOrder: worker get response &{0 [../pg-dorian_gray.txt] 1 10}
2024/03/05 03:32:37 worker  37 get order:  &{0 [../pg-dorian_gray.txt] 1 10}  order Type 0
2024/03/05 03:32:39 start 1 map
2024/03/05 03:32:39 Worker finish order 1, order type 0
2024/03/05 03:32:40 37 :  call for  2  times
2024/03/05 03:32:40 CallOrder: worker get response &{0 [../pg-metamorphosis.txt] 5 10}
2024/03/05 03:32:40 worker  37 get order:  &{0 [../pg-metamorphosis.txt] 5 10}  order Type 0
2024/03/05 03:32:40 start 5 map
2024/03/05 03:32:40 Worker finish order 5, order type 0
2024/03/05 03:32:41 37 :  call for  3  times
2024/03/05 03:32:41 CallOrder: worker get response &{0 [../pg-sherlock_holmes.txt] 6 10}
2024/03/05 03:32:41 worker  37 get order:  &{0 [../pg-sherlock_holmes.txt] 6 10}  order Type 0
2024/03/05 03:32:44 start 6 map
2024/03/05 03:32:44 Worker finish order 6, order type 0
2024/03/05 03:32:45 37 :  call for  4  times
2024/03/05 03:32:45 CallOrder: worker get response &{2 [] 0 0}
2024/03/05 03:32:45 worker  37 get order:  &{2 [] 0 0}  order Type 2
2024/03/05 03:32:45 37  waiting for order
2024/03/05 03:32:47 37 :  call for  5  times
2024/03/05 03:32:47 CallOrder: worker get response &{1 [mr-tmp-0-3 mr-tmp-1-3 mr-tmp-2-3 mr-tmp-3-3 mr-tmp-4-3 mr-tmp-5-3 mr-tmp-6-3 mr-tmp-7-3] 11 0}
2024/03/05 03:32:47 worker  37 get order:  &{1 [mr-tmp-0-3 mr-tmp-1-3 mr-tmp-2-3 mr-tmp-3-3 mr-tmp-4-3 mr-tmp-5-3 mr-tmp-6-3 mr-tmp-7-3] 11 0}  order Type 1
2024/03/05 03:32:47 start 11 map
2024/03/05 03:32:47 Worker finish order 11, order type 1
2024/03/05 03:32:48 37 :  call for  6  times
2024/03/05 03:32:48 CallOrder: worker get response &{1 [mr-tmp-0-5 mr-tmp-1-5 mr-tmp-2-5 mr-tmp-3-5 mr-tmp-4-5 mr-tmp-5-5 mr-tmp-6-5 mr-tmp-7-5] 13 0}
2024/03/05 03:32:48 worker  37 get order:  &{1 [mr-tmp-0-5 mr-tmp-1-5 mr-tmp-2-5 mr-tmp-3-5 mr-tmp-4-5 mr-tmp-5-5 mr-tmp-6-5 mr-tmp-7-5] 13 0}  order Type 1
2024/03/05 03:32:49 start 13 map
2024/03/05 03:32:49 Worker finish order 13, order type 1
2024/03/05 03:32:50 37 :  call for  7  times
2024/03/05 03:32:50 CallOrder: worker get response &{1 [mr-tmp-0-8 mr-tmp-1-8 mr-tmp-2-8 mr-tmp-3-8 mr-tmp-4-8 mr-tmp-5-8 mr-tmp-6-8 mr-tmp-7-8] 16 0}
2024/03/05 03:32:50 worker  37 get order:  &{1 [mr-tmp-0-8 mr-tmp-1-8 mr-tmp-2-8 mr-tmp-3-8 mr-tmp-4-8 mr-tmp-5-8 mr-tmp-6-8 mr-tmp-7-8] 16 0}  order Type 1
2024/03/05 03:32:51 start 16 map
2024/03/05 03:32:51 Worker finish order 16, order type 1
2024/03/05 03:32:52 37 :  call for  8  times
2024/03/05 03:32:52 CallOrder: worker get response &{3 [] 0 0}
2024/03/05 03:32:52 worker  37 get order:  &{3 [] 0 0}  order Type 3
2024/03/05 03:32:52 37  waiting for order
2024/03/05 03:32:54 37 :  call for  9  times
2024/03/05 03:32:54 dialing:dial unix /var/tmp/824-mr-0: connect: connection refused
