2024/03/05 13:27:52 52 :  call for  1  times
2024/03/05 13:27:52 CallOrder: worker get response &{0 [../pg-being_ernest.txt] 0 10}
2024/03/05 13:27:52 worker  52 get order:  &{0 [../pg-being_ernest.txt] 0 10}  order Type 0
2024/03/05 13:27:52 start 0 map
2024/03/05 13:27:52 Worker finish order 0, order type 0
2024/03/05 13:27:53 52 :  call for  2  times
2024/03/05 13:27:53 CallOrder: worker get response &{0 [../pg-sherlock_holmes.txt] 6 10}
2024/03/05 13:27:53 worker  52 get order:  &{0 [../pg-sherlock_holmes.txt] 6 10}  order Type 0
2024/03/05 13:27:53 start 6 map
2024/03/05 13:27:53 Worker finish order 6, order type 0
2024/03/05 13:27:54 52 :  call for  3  times
2024/03/05 13:27:54 CallOrder: worker get response &{2 [] 0 0}
2024/03/05 13:27:54 worker  52 get order:  &{2 [] 0 0}  order Type 2
2024/03/05 13:27:54 52  waiting for order
2024/03/05 13:27:56 52 :  call for  4  times
2024/03/05 13:27:56 CallOrder: worker get response &{2 [] 0 0}
2024/03/05 13:27:56 worker  52 get order:  &{2 [] 0 0}  order Type 2
2024/03/05 13:27:56 52  waiting for order
2024/03/05 13:27:58 52 :  call for  5  times
2024/03/05 13:27:58 CallOrder: worker get response &{2 [] 0 0}
2024/03/05 13:27:58 worker  52 get order:  &{2 [] 0 0}  order Type 2
2024/03/05 13:27:58 52  waiting for order
2024/03/05 13:28:00 52 :  call for  6  times
2024/03/05 13:28:00 CallOrder: worker get response &{2 [] 0 0}
2024/03/05 13:28:00 worker  52 get order:  &{2 [] 0 0}  order Type 2
2024/03/05 13:28:00 52  waiting for order
2024/03/05 13:28:02 52 :  call for  7  times
2024/03/05 13:28:02 CallOrder: worker get response &{2 [] 0 0}
2024/03/05 13:28:02 worker  52 get order:  &{2 [] 0 0}  order Type 2
2024/03/05 13:28:02 52  waiting for order
2024/03/05 13:28:04 52 :  call for  8  times
2024/03/05 13:28:04 CallOrder: worker get response &{2 [] 0 0}
2024/03/05 13:28:04 worker  52 get order:  &{2 [] 0 0}  order Type 2
2024/03/05 13:28:04 52  waiting for order
2024/03/05 13:28:06 52 :  call for  9  times
2024/03/05 13:28:06 CallOrder: worker get response &{2 [] 0 0}
2024/03/05 13:28:06 worker  52 get order:  &{2 [] 0 0}  order Type 2
2024/03/05 13:28:06 52  waiting for order
2024/03/05 13:28:08 52 :  call for  10  times
2024/03/05 13:28:08 CallOrder: worker get response &{2 [] 0 0}
2024/03/05 13:28:08 worker  52 get order:  &{2 [] 0 0}  order Type 2
2024/03/05 13:28:08 52  waiting for order
2024/03/05 13:28:10 52 :  call for  11  times
2024/03/05 13:28:10 CallOrder: worker get response &{2 [] 0 0}
2024/03/05 13:28:10 worker  52 get order:  &{2 [] 0 0}  order Type 2
2024/03/05 13:28:10 52  waiting for order
2024/03/05 13:28:12 52 :  call for  12  times
2024/03/05 13:28:12 CallOrder: worker get response &{2 [] 0 0}
2024/03/05 13:28:12 worker  52 get order:  &{2 [] 0 0}  order Type 2
2024/03/05 13:28:12 52  waiting for order
2024/03/05 13:28:14 52 :  call for  13  times
2024/03/05 13:28:14 CallOrder: worker get response &{0 [../pg-dorian_gray.txt] 1 10}
2024/03/05 13:28:14 worker  52 get order:  &{0 [../pg-dorian_gray.txt] 1 10}  order Type 0
2024/03/05 13:28:19 start 1 map
2024/03/05 13:28:19 Worker finish order 1, order type 0
2024/03/05 13:28:20 52 :  call for  14  times
2024/03/05 13:28:20 CallOrder: worker get response &{1 [mr-tmp-0-0 mr-tmp-1-0 mr-tmp-2-0 mr-tmp-3-0 mr-tmp-4-0 mr-tmp-5-0 mr-tmp-6-0 mr-tmp-7-0] 8 0}
2024/03/05 13:28:20 worker  52 get order:  &{1 [mr-tmp-0-0 mr-tmp-1-0 mr-tmp-2-0 mr-tmp-3-0 mr-tmp-4-0 mr-tmp-5-0 mr-tmp-6-0 mr-tmp-7-0] 8 0}  order Type 1
