2024/03/05 09:11:44 44 :  call for  1  times
2024/03/05 09:11:44 CallOrder: worker get response &{0 [../pg-dorian_gray.txt] 1 10}
2024/03/05 09:11:44 worker  44 get order:  &{0 [../pg-dorian_gray.txt] 1 10}  order Type 0
2024/03/05 09:11:45 start 1 map
2024/03/05 09:11:45 Worker finish order 1, order type 0
2024/03/05 09:11:46 44 :  call for  2  times
2024/03/05 09:11:46 CallOrder: worker get response &{0 [../pg-metamorphosis.txt] 5 10}
2024/03/05 09:11:46 worker  44 get order:  &{0 [../pg-metamorphosis.txt] 5 10}  order Type 0
2024/03/05 09:11:47 start 5 map
2024/03/05 09:11:47 Worker finish order 5, order type 0
2024/03/05 09:11:48 44 :  call for  3  times
2024/03/05 09:11:48 CallOrder: worker get response &{0 [../pg-tom_sawyer.txt] 7 10}
2024/03/05 09:11:48 worker  44 get order:  &{0 [../pg-tom_sawyer.txt] 7 10}  order Type 0
2024/03/05 09:11:50 start 7 map
2024/03/05 09:11:50 Worker finish order 7, order type 0
2024/03/05 09:11:51 44 :  call for  4  times
2024/03/05 09:11:51 CallOrder: worker get response &{2 [] 0 0}
2024/03/05 09:11:51 worker  44 get order:  &{2 [] 0 0}  order Type 2
2024/03/05 09:11:51 44  waiting for order
2024/03/05 09:11:53 44 :  call for  5  times
2024/03/05 09:11:53 CallOrder: worker get response &{1 [mr-tmp-0-4 mr-tmp-1-4 mr-tmp-2-4 mr-tmp-3-4 mr-tmp-4-4 mr-tmp-5-4 mr-tmp-6-4 mr-tmp-7-4] 12 0}
2024/03/05 09:11:53 worker  44 get order:  &{1 [mr-tmp-0-4 mr-tmp-1-4 mr-tmp-2-4 mr-tmp-3-4 mr-tmp-4-4 mr-tmp-5-4 mr-tmp-6-4 mr-tmp-7-4] 12 0}  order Type 1
2024/03/05 09:11:54 start 12 map
2024/03/05 09:11:54 Worker finish order 12, order type 1
2024/03/05 09:11:55 44 :  call for  6  times
2024/03/05 09:11:55 CallOrder: worker get response &{1 [mr-tmp-0-6 mr-tmp-1-6 mr-tmp-2-6 mr-tmp-3-6 mr-tmp-4-6 mr-tmp-5-6 mr-tmp-6-6 mr-tmp-7-6] 14 0}
2024/03/05 09:11:55 worker  44 get order:  &{1 [mr-tmp-0-6 mr-tmp-1-6 mr-tmp-2-6 mr-tmp-3-6 mr-tmp-4-6 mr-tmp-5-6 mr-tmp-6-6 mr-tmp-7-6] 14 0}  order Type 1
2024/03/05 09:11:56 start 14 map
2024/03/05 09:11:56 Worker finish order 14, order type 1
2024/03/05 09:11:57 44 :  call for  7  times
2024/03/05 09:11:57 CallOrder: worker get response &{3 [] 0 0}
2024/03/05 09:11:57 worker  44 get order:  &{3 [] 0 0}  order Type 3
2024/03/05 09:11:57 44  waiting for order
2024/03/05 09:11:59 44 :  call for  8  times
2024/03/05 09:11:59 CallOrder: worker get response &{4 [] 0 0}
2024/03/05 09:11:59 worker  44 get order:  &{4 [] 0 0}  order Type 4
2024/03/05 09:12:00 44  killed
