2024/03/05 01:20:25 25 :  call for  1  times
2024/03/05 01:20:25 CallOrder: worker get response &{3 [] 0 0}
2024/03/05 01:20:25 worker  25 get order:  &{3 [] 0 0}  order Type 3
2024/03/05 01:20:25 25  waiting for order
2024/03/05 01:20:27 25 :  call for  2  times
2024/03/05 01:20:27 CallOrder: worker get response &{3 [] 0 0}
2024/03/05 01:20:27 worker  25 get order:  &{3 [] 0 0}  order Type 3
2024/03/05 01:20:27 25  waiting for order
2024/03/05 01:20:29 25 :  call for  3  times
2024/03/05 01:20:29 CallOrder: worker get response &{3 [] 0 0}
2024/03/05 01:20:29 worker  25 get order:  &{3 [] 0 0}  order Type 3
2024/03/05 01:20:29 25  waiting for order
2024/03/05 01:20:31 25 :  call for  4  times
2024/03/05 01:20:31 CallOrder: worker get response &{3 [] 0 0}
2024/03/05 01:20:31 worker  25 get order:  &{3 [] 0 0}  order Type 3
2024/03/05 01:20:31 25  waiting for order
2024/03/05 01:20:33 25 :  call for  5  times
2024/03/05 01:20:33 CallOrder: worker get response &{3 [] 0 0}
2024/03/05 01:20:33 worker  25 get order:  &{3 [] 0 0}  order Type 3
2024/03/05 01:20:33 25  waiting for order
2024/03/05 01:20:35 25 :  call for  6  times
2024/03/05 01:20:35 CallOrder: worker get response &{1 [mr-tmp-0-5 mr-tmp-1-5 mr-tmp-2-5 mr-tmp-3-5 mr-tmp-4-5 mr-tmp-5-5 mr-tmp-6-5 mr-tmp-7-5] 13 0}
2024/03/05 01:20:35 worker  25 get order:  &{1 [mr-tmp-0-5 mr-tmp-1-5 mr-tmp-2-5 mr-tmp-3-5 mr-tmp-4-5 mr-tmp-5-5 mr-tmp-6-5 mr-tmp-7-5] 13 0}  order Type 1
2024/03/05 01:20:41 start 13 map
2024/03/05 01:20:41 Worker finish order 13, order type 1
2024/03/05 01:20:42 25 :  call for  7  times
2024/03/05 01:20:42 CallOrder: worker get response &{3 [] 0 0}
2024/03/05 01:20:42 worker  25 get order:  &{3 [] 0 0}  order Type 3
2024/03/05 01:20:42 25  waiting for order
2024/03/05 01:20:44 25 :  call for  8  times
2024/03/05 01:20:44 CallOrder: worker get response &{3 [] 0 0}
2024/03/05 01:20:44 worker  25 get order:  &{3 [] 0 0}  order Type 3
2024/03/05 01:20:44 25  waiting for order
2024/03/05 01:20:46 25 :  call for  9  times
2024/03/05 01:20:46 CallOrder: worker get response &{3 [] 0 0}
2024/03/05 01:20:46 worker  25 get order:  &{3 [] 0 0}  order Type 3
2024/03/05 01:20:46 25  waiting for order
2024/03/05 01:20:48 25 :  call for  10  times
2024/03/05 01:20:48 dialing:dial unix /var/tmp/824-mr-0: connect: connection refused
