2024/03/05 03:08:28 28 :  call for  1  times
2024/03/05 03:08:28 CallOrder: worker get response &{3 [] 0 0}
2024/03/05 03:08:28 worker  28 get order:  &{3 [] 0 0}  order Type 3
2024/03/05 03:08:28 28  waiting for order
2024/03/05 03:08:30 28 :  call for  2  times
2024/03/05 03:08:30 CallOrder: worker get response &{3 [] 0 0}
2024/03/05 03:08:30 worker  28 get order:  &{3 [] 0 0}  order Type 3
2024/03/05 03:08:30 28  waiting for order
2024/03/05 03:08:32 28 :  call for  3  times
2024/03/05 03:08:32 CallOrder: worker get response &{3 [] 0 0}
2024/03/05 03:08:32 worker  28 get order:  &{3 [] 0 0}  order Type 3
2024/03/05 03:08:32 28  waiting for order
2024/03/05 03:08:34 28 :  call for  4  times
2024/03/05 03:08:34 CallOrder: worker get response &{3 [] 0 0}
2024/03/05 03:08:34 worker  28 get order:  &{3 [] 0 0}  order Type 3
2024/03/05 03:08:34 28  waiting for order
2024/03/05 03:08:36 28 :  call for  5  times
2024/03/05 03:08:36 CallOrder: worker get response &{3 [] 0 0}
2024/03/05 03:08:36 worker  28 get order:  &{3 [] 0 0}  order Type 3
2024/03/05 03:08:36 28  waiting for order
2024/03/05 03:08:38 28 :  call for  6  times
2024/03/05 03:08:38 CallOrder: worker get response &{3 [] 0 0}
2024/03/05 03:08:38 worker  28 get order:  &{3 [] 0 0}  order Type 3
2024/03/05 03:08:38 28  waiting for order
2024/03/05 03:08:40 28 :  call for  7  times
2024/03/05 03:08:40 CallOrder: worker get response &{3 [] 0 0}
2024/03/05 03:08:40 worker  28 get order:  &{3 [] 0 0}  order Type 3
2024/03/05 03:08:40 28  waiting for order
2024/03/05 03:08:42 28 :  call for  8  times
2024/03/05 03:08:42 CallOrder: worker get response &{4 [] 0 0}
2024/03/05 03:08:42 worker  28 get order:  &{4 [] 0 0}  order Type 4
2024/03/05 03:08:43 28  killed
