2024/03/05 04:43:09 9 :  call for  1  times
2024/03/05 04:43:09 CallOrder: worker get response &{1 [mr-tmp-0-7 mr-tmp-1-7 mr-tmp-2-7 mr-tmp-3-7 mr-tmp-4-7 mr-tmp-5-7 mr-tmp-6-7 mr-tmp-7-7] 15 0}
2024/03/05 04:43:09 worker  9 get order:  &{1 [mr-tmp-0-7 mr-tmp-1-7 mr-tmp-2-7 mr-tmp-3-7 mr-tmp-4-7 mr-tmp-5-7 mr-tmp-6-7 mr-tmp-7-7] 15 0}  order Type 1
2024/03/05 04:43:09 start 15 map
2024/03/05 04:43:09 Worker finish order 15, order type 1
2024/03/05 04:43:10 9 :  call for  2  times
2024/03/05 04:43:10 CallOrder: worker get response &{1 [mr-tmp-0-9 mr-tmp-1-9 mr-tmp-2-9 mr-tmp-3-9 mr-tmp-4-9 mr-tmp-5-9 mr-tmp-6-9 mr-tmp-7-9] 17 0}
2024/03/05 04:43:10 worker  9 get order:  &{1 [mr-tmp-0-9 mr-tmp-1-9 mr-tmp-2-9 mr-tmp-3-9 mr-tmp-4-9 mr-tmp-5-9 mr-tmp-6-9 mr-tmp-7-9] 17 0}  order Type 1
2024/03/05 04:43:10 start 17 map
2024/03/05 04:43:10 Worker finish order 17, order type 1
2024/03/05 04:43:11 9 :  call for  3  times
2024/03/05 04:43:11 CallOrder: worker get response &{3 [] 0 0}
2024/03/05 04:43:11 worker  9 get order:  &{3 [] 0 0}  order Type 3
2024/03/05 04:43:11 9  waiting for order
2024/03/05 04:43:13 9 :  call for  4  times
2024/03/05 04:43:13 CallOrder: worker get response &{3 [] 0 0}
2024/03/05 04:43:13 worker  9 get order:  &{3 [] 0 0}  order Type 3
2024/03/05 04:43:13 9  waiting for order
2024/03/05 04:43:15 9 :  call for  5  times
2024/03/05 04:43:15 CallOrder: worker get response &{3 [] 0 0}
2024/03/05 04:43:15 worker  9 get order:  &{3 [] 0 0}  order Type 3
2024/03/05 04:43:15 9  waiting for order
2024/03/05 04:43:17 9 :  call for  6  times
2024/03/05 04:43:17 CallOrder: worker get response &{1 [mr-tmp-0-2 mr-tmp-1-2 mr-tmp-2-2 mr-tmp-3-2 mr-tmp-4-2 mr-tmp-5-2 mr-tmp-6-2 mr-tmp-7-2] 10 0}
2024/03/05 04:43:17 worker  9 get order:  &{1 [mr-tmp-0-2 mr-tmp-1-2 mr-tmp-2-2 mr-tmp-3-2 mr-tmp-4-2 mr-tmp-5-2 mr-tmp-6-2 mr-tmp-7-2] 10 0}  order Type 1
2024/03/05 04:43:24 start 10 map
2024/03/05 04:43:24 Worker finish order 10, order type 1
2024/03/05 04:43:25 9 :  call for  7  times
2024/03/05 04:43:25 CallOrder: worker get response &{3 [] 0 0}
2024/03/05 04:43:25 worker  9 get order:  &{3 [] 0 0}  order Type 3
2024/03/05 04:43:25 9  waiting for order
2024/03/05 04:43:27 9 :  call for  8  times
2024/03/05 04:43:27 CallOrder: worker get response &{3 [] 0 0}
2024/03/05 04:43:27 worker  9 get order:  &{3 [] 0 0}  order Type 3
2024/03/05 04:43:27 9  waiting for order
2024/03/05 04:43:29 9 :  call for  9  times
2024/03/05 04:43:29 CallOrder: worker get response &{4 [] 0 0}
2024/03/05 04:43:29 worker  9 get order:  &{4 [] 0 0}  order Type 4
2024/03/05 04:43:30 9  killed
