2024/03/05 04:43:38 38 :  call for  1  times
2024/03/05 04:43:38 CallOrder: worker get response &{0 [../pg-frankenstein.txt] 2 10}
2024/03/05 04:43:38 worker  38 get order:  &{0 [../pg-frankenstein.txt] 2 10}  order Type 0
2024/03/05 04:43:40 start 2 map
2024/03/05 04:43:40 Worker finish order 2, order type 0
2024/03/05 04:43:41 38 :  call for  2  times
2024/03/05 04:43:41 CallOrder: worker get response &{0 [../pg-huckleberry_finn.txt] 4 10}
2024/03/05 04:43:41 worker  38 get order:  &{0 [../pg-huckleberry_finn.txt] 4 10}  order Type 0
2024/03/05 04:43:43 start 4 map
2024/03/05 04:43:43 Worker finish order 4, order type 0
2024/03/05 04:43:44 38 :  call for  3  times
2024/03/05 04:43:44 CallOrder: worker get response &{2 [] 0 0}
2024/03/05 04:43:44 worker  38 get order:  &{2 [] 0 0}  order Type 2
2024/03/05 04:43:44 38  waiting for order
2024/03/05 04:43:46 38 :  call for  4  times
2024/03/05 04:43:46 CallOrder: worker get response &{1 [mr-tmp-0-1 mr-tmp-1-1 mr-tmp-2-1 mr-tmp-3-1 mr-tmp-4-1 mr-tmp-5-1 mr-tmp-6-1 mr-tmp-7-1] 9 0}
2024/03/05 04:43:46 worker  38 get order:  &{1 [mr-tmp-0-1 mr-tmp-1-1 mr-tmp-2-1 mr-tmp-3-1 mr-tmp-4-1 mr-tmp-5-1 mr-tmp-6-1 mr-tmp-7-1] 9 0}  order Type 1
2024/03/05 04:43:47 start 9 map
2024/03/05 04:43:47 Worker finish order 9, order type 1
2024/03/05 04:43:48 38 :  call for  5  times
2024/03/05 04:43:48 CallOrder: worker get response &{1 [mr-tmp-0-4 mr-tmp-1-4 mr-tmp-2-4 mr-tmp-3-4 mr-tmp-4-4 mr-tmp-5-4 mr-tmp-6-4 mr-tmp-7-4] 12 0}
2024/03/05 04:43:48 worker  38 get order:  &{1 [mr-tmp-0-4 mr-tmp-1-4 mr-tmp-2-4 mr-tmp-3-4 mr-tmp-4-4 mr-tmp-5-4 mr-tmp-6-4 mr-tmp-7-4] 12 0}  order Type 1
2024/03/05 04:43:49 start 12 map
2024/03/05 04:43:49 Worker finish order 12, order type 1
2024/03/05 04:43:50 38 :  call for  6  times
2024/03/05 04:43:50 CallOrder: worker get response &{1 [mr-tmp-0-6 mr-tmp-1-6 mr-tmp-2-6 mr-tmp-3-6 mr-tmp-4-6 mr-tmp-5-6 mr-tmp-6-6 mr-tmp-7-6] 14 0}
2024/03/05 04:43:50 worker  38 get order:  &{1 [mr-tmp-0-6 mr-tmp-1-6 mr-tmp-2-6 mr-tmp-3-6 mr-tmp-4-6 mr-tmp-5-6 mr-tmp-6-6 mr-tmp-7-6] 14 0}  order Type 1
2024/03/05 04:43:51 start 14 map
2024/03/05 04:43:51 Worker finish order 14, order type 1
2024/03/05 04:43:52 38 :  call for  7  times
2024/03/05 04:43:52 CallOrder: worker get response &{3 [] 0 0}
2024/03/05 04:43:52 worker  38 get order:  &{3 [] 0 0}  order Type 3
2024/03/05 04:43:52 38  waiting for order
2024/03/05 04:43:54 38 :  call for  8  times
2024/03/05 04:43:54 CallOrder: worker get response &{4 [] 0 0}
2024/03/05 04:43:54 worker  38 get order:  &{4 [] 0 0}  order Type 4
2024/03/05 04:43:55 38  killed
