2024/03/05 03:25:42 42 :  call for  1  times
2024/03/05 03:25:42 CallOrder: worker get response &{0 [../pg-being_ernest.txt] 0 10}
2024/03/05 03:25:42 worker  42 get order:  &{0 [../pg-being_ernest.txt] 0 10}  order Type 0
2024/03/05 03:25:50 start 0 map
2024/03/05 03:25:50 Worker finish order 0, order type 0
2024/03/05 03:25:51 42 :  call for  2  times
2024/03/05 03:25:51 CallOrder: worker get response &{2 [] 0 0}
2024/03/05 03:25:51 worker  42 get order:  &{2 [] 0 0}  order Type 2
2024/03/05 03:25:51 42  waiting for order
2024/03/05 03:25:53 42 :  call for  3  times
2024/03/05 03:25:53 CallOrder: worker get response &{2 [] 0 0}
2024/03/05 03:25:53 worker  42 get order:  &{2 [] 0 0}  order Type 2
2024/03/05 03:25:53 42  waiting for order
2024/03/05 03:25:55 42 :  call for  4  times
2024/03/05 03:25:55 CallOrder: worker get response &{2 [] 0 0}
2024/03/05 03:25:55 worker  42 get order:  &{2 [] 0 0}  order Type 2
2024/03/05 03:25:55 42  waiting for order
2024/03/05 03:25:57 42 :  call for  5  times
2024/03/05 03:25:57 CallOrder: worker get response &{2 [] 0 0}
2024/03/05 03:25:57 worker  42 get order:  &{2 [] 0 0}  order Type 2
2024/03/05 03:25:57 42  waiting for order
2024/03/05 03:25:59 42 :  call for  6  times
2024/03/05 03:25:59 CallOrder: worker get response &{2 [] 0 0}
2024/03/05 03:25:59 worker  42 get order:  &{2 [] 0 0}  order Type 2
2024/03/05 03:25:59 42  waiting for order
2024/03/05 03:26:01 42 :  call for  7  times
2024/03/05 03:26:01 CallOrder: worker get response &{2 [] 0 0}
2024/03/05 03:26:01 worker  42 get order:  &{2 [] 0 0}  order Type 2
2024/03/05 03:26:01 42  waiting for order
2024/03/05 03:26:03 42 :  call for  8  times
2024/03/05 03:26:03 CallOrder: worker get response &{2 [] 0 0}
2024/03/05 03:26:03 worker  42 get order:  &{2 [] 0 0}  order Type 2
2024/03/05 03:26:03 42  waiting for order
2024/03/05 03:26:05 42 :  call for  9  times
2024/03/05 03:26:05 CallOrder: worker get response &{1 [mr-tmp-0-2 mr-tmp-1-2 mr-tmp-2-2 mr-tmp-3-2 mr-tmp-4-2 mr-tmp-5-2 mr-tmp-6-2 mr-tmp-7-2] 10 0}
2024/03/05 03:26:05 worker  42 get order:  &{1 [mr-tmp-0-2 mr-tmp-1-2 mr-tmp-2-2 mr-tmp-3-2 mr-tmp-4-2 mr-tmp-5-2 mr-tmp-6-2 mr-tmp-7-2] 10 0}  order Type 1
