2024/03/04 21:59:38 38 :  call for  1  times
2024/03/04 21:59:38 CallOrder: worker get response &{0 [../pg-grimm.txt] 3 10}
2024/03/04 21:59:38 worker  38 get order:  &{0 [../pg-grimm.txt] 3 10}  order Type 0
2024/03/04 21:59:40 start 3 map
2024/03/04 21:59:40 Worker finish order 3, order type 0
2024/03/04 21:59:41 38 :  call for  2  times
2024/03/04 21:59:41 CallOrder: worker get response &{2 [] 0 0}
2024/03/04 21:59:41 worker  38 get order:  &{2 [] 0 0}  order Type 2
2024/03/04 21:59:41 38  waiting for order
2024/03/04 21:59:43 38 :  call for  3  times
2024/03/04 21:59:43 CallOrder: worker get response &{2 [] 0 0}
2024/03/04 21:59:43 worker  38 get order:  &{2 [] 0 0}  order Type 2
2024/03/04 21:59:43 38  waiting for order
2024/03/04 21:59:45 38 :  call for  4  times
2024/03/04 21:59:45 CallOrder: worker get response &{2 [] 0 0}
2024/03/04 21:59:45 worker  38 get order:  &{2 [] 0 0}  order Type 2
2024/03/04 21:59:45 38  waiting for order
2024/03/04 21:59:47 38 :  call for  5  times
2024/03/04 21:59:47 CallOrder: worker get response &{2 [] 0 0}
2024/03/04 21:59:47 worker  38 get order:  &{2 [] 0 0}  order Type 2
2024/03/04 21:59:47 38  waiting for order
2024/03/04 21:59:49 38 :  call for  6  times
2024/03/04 21:59:49 CallOrder: worker get response &{2 [] 0 0}
2024/03/04 21:59:49 worker  38 get order:  &{2 [] 0 0}  order Type 2
2024/03/04 21:59:49 38  waiting for order
2024/03/04 21:59:51 38 :  call for  7  times
2024/03/04 21:59:51 CallOrder: worker get response &{0 [../pg-sherlock_holmes.txt] 6 10}
2024/03/04 21:59:51 worker  38 get order:  &{0 [../pg-sherlock_holmes.txt] 6 10}  order Type 0
