2024/03/05 03:41:17 17 :  call for  1  times
2024/03/05 03:41:17 CallOrder: worker get response &{0 [../pg-frankenstein.txt] 2 10}
2024/03/05 03:41:17 worker  17 get order:  &{0 [../pg-frankenstein.txt] 2 10}  order Type 0
2024/03/05 03:41:19 start 2 map
2024/03/05 03:41:19 Worker finish order 2, order type 0
2024/03/05 03:41:20 17 :  call for  2  times
2024/03/05 03:41:20 CallOrder: worker get response &{0 [../pg-metamorphosis.txt] 5 10}
2024/03/05 03:41:20 worker  17 get order:  &{0 [../pg-metamorphosis.txt] 5 10}  order Type 0
2024/03/05 03:41:20 start 5 map
2024/03/05 03:41:20 Worker finish order 5, order type 0
2024/03/05 03:41:21 17 :  call for  3  times
2024/03/05 03:41:21 CallOrder: worker get response &{0 [../pg-sherlock_holmes.txt] 6 10}
2024/03/05 03:41:21 worker  17 get order:  &{0 [../pg-sherlock_holmes.txt] 6 10}  order Type 0
2024/03/05 03:41:23 start 6 map
2024/03/05 03:41:23 Worker finish order 6, order type 0
2024/03/05 03:41:24 17 :  call for  4  times
2024/03/05 03:41:24 CallOrder: worker get response &{1 [mr-tmp-0-0 mr-tmp-1-0 mr-tmp-2-0 mr-tmp-3-0 mr-tmp-4-0 mr-tmp-5-0 mr-tmp-6-0 mr-tmp-7-0] 8 0}
2024/03/05 03:41:24 worker  17 get order:  &{1 [mr-tmp-0-0 mr-tmp-1-0 mr-tmp-2-0 mr-tmp-3-0 mr-tmp-4-0 mr-tmp-5-0 mr-tmp-6-0 mr-tmp-7-0] 8 0}  order Type 1
2024/03/05 03:41:25 start 8 map
2024/03/05 03:41:25 Worker finish order 8, order type 1
2024/03/05 03:41:26 17 :  call for  5  times
2024/03/05 03:41:26 CallOrder: worker get response &{1 [mr-tmp-0-3 mr-tmp-1-3 mr-tmp-2-3 mr-tmp-3-3 mr-tmp-4-3 mr-tmp-5-3 mr-tmp-6-3 mr-tmp-7-3] 11 0}
2024/03/05 03:41:26 worker  17 get order:  &{1 [mr-tmp-0-3 mr-tmp-1-3 mr-tmp-2-3 mr-tmp-3-3 mr-tmp-4-3 mr-tmp-5-3 mr-tmp-6-3 mr-tmp-7-3] 11 0}  order Type 1
2024/03/05 03:41:27 start 11 map
2024/03/05 03:41:27 Worker finish order 11, order type 1
2024/03/05 03:41:28 17 :  call for  6  times
2024/03/05 03:41:28 CallOrder: worker get response &{1 [mr-tmp-0-5 mr-tmp-1-5 mr-tmp-2-5 mr-tmp-3-5 mr-tmp-4-5 mr-tmp-5-5 mr-tmp-6-5 mr-tmp-7-5] 13 0}
2024/03/05 03:41:28 worker  17 get order:  &{1 [mr-tmp-0-5 mr-tmp-1-5 mr-tmp-2-5 mr-tmp-3-5 mr-tmp-4-5 mr-tmp-5-5 mr-tmp-6-5 mr-tmp-7-5] 13 0}  order Type 1
2024/03/05 03:41:28 start 13 map
2024/03/05 03:41:28 Worker finish order 13, order type 1
2024/03/05 03:41:29 17 :  call for  7  times
2024/03/05 03:41:29 CallOrder: worker get response &{1 [mr-tmp-0-8 mr-tmp-1-8 mr-tmp-2-8 mr-tmp-3-8 mr-tmp-4-8 mr-tmp-5-8 mr-tmp-6-8 mr-tmp-7-8] 16 0}
2024/03/05 03:41:29 worker  17 get order:  &{1 [mr-tmp-0-8 mr-tmp-1-8 mr-tmp-2-8 mr-tmp-3-8 mr-tmp-4-8 mr-tmp-5-8 mr-tmp-6-8 mr-tmp-7-8] 16 0}  order Type 1
2024/03/05 03:41:30 start 16 map
2024/03/05 03:41:30 Worker finish order 16, order type 1
2024/03/05 03:41:31 17 :  call for  8  times
2024/03/05 03:41:31 CallOrder: worker get response &{3 [] 0 0}
2024/03/05 03:41:31 worker  17 get order:  &{3 [] 0 0}  order Type 3
2024/03/05 03:41:31 17  waiting for order
2024/03/05 03:41:33 17 :  call for  9  times
2024/03/05 03:41:33 dialing:dial unix /var/tmp/824-mr-0: connect: connection refused
