2024/03/05 04:15:40 40 :  call for  1  times
2024/03/05 04:15:40 CallOrder: worker get response &{2 [] 0 0}
2024/03/05 04:15:40 worker  40 get order:  &{2 [] 0 0}  order Type 2
2024/03/05 04:15:40 40  waiting for order
2024/03/05 04:15:42 40 :  call for  2  times
2024/03/05 04:15:42 CallOrder: worker get response &{2 [] 0 0}
2024/03/05 04:15:42 worker  40 get order:  &{2 [] 0 0}  order Type 2
2024/03/05 04:15:42 40  waiting for order
2024/03/05 04:15:44 40 :  call for  3  times
2024/03/05 04:15:44 CallOrder: worker get response &{2 [] 0 0}
2024/03/05 04:15:44 worker  40 get order:  &{2 [] 0 0}  order Type 2
2024/03/05 04:15:44 40  waiting for order
2024/03/05 04:15:46 40 :  call for  4  times
2024/03/05 04:15:46 CallOrder: worker get response &{2 [] 0 0}
2024/03/05 04:15:46 worker  40 get order:  &{2 [] 0 0}  order Type 2
2024/03/05 04:15:46 40  waiting for order
2024/03/05 04:15:48 40 :  call for  5  times
2024/03/05 04:15:48 CallOrder: worker get response &{2 [] 0 0}
2024/03/05 04:15:48 worker  40 get order:  &{2 [] 0 0}  order Type 2
2024/03/05 04:15:48 40  waiting for order
2024/03/05 04:15:50 40 :  call for  6  times
2024/03/05 04:15:50 CallOrder: worker get response &{2 [] 0 0}
2024/03/05 04:15:50 worker  40 get order:  &{2 [] 0 0}  order Type 2
2024/03/05 04:15:50 40  waiting for order
2024/03/05 04:15:52 40 :  call for  7  times
2024/03/05 04:15:52 CallOrder: worker get response &{1 [mr-tmp-0-4 mr-tmp-1-4 mr-tmp-2-4 mr-tmp-3-4 mr-tmp-4-4 mr-tmp-5-4 mr-tmp-6-4 mr-tmp-7-4] 12 0}
2024/03/05 04:15:52 worker  40 get order:  &{1 [mr-tmp-0-4 mr-tmp-1-4 mr-tmp-2-4 mr-tmp-3-4 mr-tmp-4-4 mr-tmp-5-4 mr-tmp-6-4 mr-tmp-7-4] 12 0}  order Type 1
2024/03/05 04:15:52 start 12 map
2024/03/05 04:15:52 Worker finish order 12, order type 1
2024/03/05 04:15:53 40 :  call for  8  times
2024/03/05 04:15:53 CallOrder: worker get response &{1 [mr-tmp-0-7 mr-tmp-1-7 mr-tmp-2-7 mr-tmp-3-7 mr-tmp-4-7 mr-tmp-5-7 mr-tmp-6-7 mr-tmp-7-7] 15 0}
2024/03/05 04:15:53 worker  40 get order:  &{1 [mr-tmp-0-7 mr-tmp-1-7 mr-tmp-2-7 mr-tmp-3-7 mr-tmp-4-7 mr-tmp-5-7 mr-tmp-6-7 mr-tmp-7-7] 15 0}  order Type 1
2024/03/05 04:15:53 start 15 map
2024/03/05 04:15:53 Worker finish order 15, order type 1
2024/03/05 04:15:54 40 :  call for  9  times
2024/03/05 04:15:54 CallOrder: worker get response &{3 [] 0 0}
2024/03/05 04:15:54 worker  40 get order:  &{3 [] 0 0}  order Type 3
2024/03/05 04:15:54 40  waiting for order
2024/03/05 04:15:56 40 :  call for  10  times
2024/03/05 04:15:56 CallOrder: worker get response &{3 [] 0 0}
2024/03/05 04:15:56 worker  40 get order:  &{3 [] 0 0}  order Type 3
2024/03/05 04:15:56 40  waiting for order
2024/03/05 04:15:58 40 :  call for  11  times
2024/03/05 04:15:58 CallOrder: worker get response &{3 [] 0 0}
2024/03/05 04:15:58 worker  40 get order:  &{3 [] 0 0}  order Type 3
2024/03/05 04:15:58 40  waiting for order
2024/03/05 04:16:00 40 :  call for  12  times
2024/03/05 04:16:00 CallOrder: worker get response &{3 [] 0 0}
2024/03/05 04:16:00 worker  40 get order:  &{3 [] 0 0}  order Type 3
2024/03/05 04:16:00 40  waiting for order
2024/03/05 04:16:02 40 :  call for  13  times
2024/03/05 04:16:02 CallOrder: worker get response &{3 [] 0 0}
2024/03/05 04:16:02 worker  40 get order:  &{3 [] 0 0}  order Type 3
2024/03/05 04:16:02 40  waiting for order
2024/03/05 04:16:04 40 :  call for  14  times
2024/03/05 04:16:04 CallOrder: worker get response &{3 [] 0 0}
2024/03/05 04:16:04 worker  40 get order:  &{3 [] 0 0}  order Type 3
2024/03/05 04:16:04 40  waiting for order
2024/03/05 04:16:06 40 :  call for  15  times
2024/03/05 04:16:06 CallOrder: worker get response &{3 [] 0 0}
2024/03/05 04:16:06 worker  40 get order:  &{3 [] 0 0}  order Type 3
2024/03/05 04:16:06 40  waiting for order
2024/03/05 04:16:08 40 :  call for  16  times
2024/03/05 04:16:08 CallOrder: worker get response &{3 [] 0 0}
2024/03/05 04:16:08 worker  40 get order:  &{3 [] 0 0}  order Type 3
2024/03/05 04:16:08 40  waiting for order
2024/03/05 04:16:10 40 :  call for  17  times
2024/03/05 04:16:10 CallOrder: worker get response &{4 [] 0 0}
2024/03/05 04:16:10 worker  40 get order:  &{4 [] 0 0}  order Type 4
2024/03/05 04:16:11 40  killed
