2024/03/05 03:33:29 29 :  call for  1  times
2024/03/05 03:33:29 CallOrder: worker get response &{0 [../pg-being_ernest.txt] 0 10}
2024/03/05 03:33:29 worker  29 get order:  &{0 [../pg-being_ernest.txt] 0 10}  order Type 0
2024/03/05 03:33:29 start 0 map
2024/03/05 03:33:29 Worker finish order 0, order type 0
2024/03/05 03:33:30 29 :  call for  2  times
2024/03/05 03:33:30 CallOrder: worker get response &{0 [../pg-frankenstein.txt] 2 10}
2024/03/05 03:33:30 worker  29 get order:  &{0 [../pg-frankenstein.txt] 2 10}  order Type 0
2024/03/05 03:33:30 start 2 map
2024/03/05 03:33:30 Worker finish order 2, order type 0
2024/03/05 03:33:31 29 :  call for  3  times
2024/03/05 03:33:31 CallOrder: worker get response &{0 [../pg-huckleberry_finn.txt] 4 10}
2024/03/05 03:33:31 worker  29 get order:  &{0 [../pg-huckleberry_finn.txt] 4 10}  order Type 0
2024/03/05 03:33:31 start 4 map
2024/03/05 03:33:31 Worker finish order 4, order type 0
2024/03/05 03:33:32 29 :  call for  4  times
2024/03/05 03:33:32 CallOrder: worker get response &{0 [../pg-tom_sawyer.txt] 7 10}
2024/03/05 03:33:32 worker  29 get order:  &{0 [../pg-tom_sawyer.txt] 7 10}  order Type 0
2024/03/05 03:33:32 start 7 map
2024/03/05 03:33:32 Worker finish order 7, order type 0
2024/03/05 03:33:33 29 :  call for  5  times
2024/03/05 03:33:33 CallOrder: worker get response &{1 [mr-tmp-0-0 mr-tmp-1-0 mr-tmp-2-0 mr-tmp-3-0 mr-tmp-4-0 mr-tmp-5-0 mr-tmp-6-0 mr-tmp-7-0] 8 0}
2024/03/05 03:33:33 worker  29 get order:  &{1 [mr-tmp-0-0 mr-tmp-1-0 mr-tmp-2-0 mr-tmp-3-0 mr-tmp-4-0 mr-tmp-5-0 mr-tmp-6-0 mr-tmp-7-0] 8 0}  order Type 1
2024/03/05 03:33:34 start 8 map
2024/03/05 03:33:34 Worker finish order 8, order type 1
2024/03/05 03:33:35 29 :  call for  6  times
2024/03/05 03:33:35 CallOrder: worker get response &{1 [mr-tmp-0-2 mr-tmp-1-2 mr-tmp-2-2 mr-tmp-3-2 mr-tmp-4-2 mr-tmp-5-2 mr-tmp-6-2 mr-tmp-7-2] 10 0}
2024/03/05 03:33:35 worker  29 get order:  &{1 [mr-tmp-0-2 mr-tmp-1-2 mr-tmp-2-2 mr-tmp-3-2 mr-tmp-4-2 mr-tmp-5-2 mr-tmp-6-2 mr-tmp-7-2] 10 0}  order Type 1
2024/03/05 03:33:36 start 10 map
2024/03/05 03:33:36 Worker finish order 10, order type 1
2024/03/05 03:33:37 29 :  call for  7  times
2024/03/05 03:33:37 CallOrder: worker get response &{1 [mr-tmp-0-4 mr-tmp-1-4 mr-tmp-2-4 mr-tmp-3-4 mr-tmp-4-4 mr-tmp-5-4 mr-tmp-6-4 mr-tmp-7-4] 12 0}
2024/03/05 03:33:37 worker  29 get order:  &{1 [mr-tmp-0-4 mr-tmp-1-4 mr-tmp-2-4 mr-tmp-3-4 mr-tmp-4-4 mr-tmp-5-4 mr-tmp-6-4 mr-tmp-7-4] 12 0}  order Type 1
2024/03/05 03:33:39 start 12 map
2024/03/05 03:33:39 Worker finish order 12, order type 1
2024/03/05 03:33:40 29 :  call for  8  times
2024/03/05 03:33:40 CallOrder: worker get response &{1 [mr-tmp-0-6 mr-tmp-1-6 mr-tmp-2-6 mr-tmp-3-6 mr-tmp-4-6 mr-tmp-5-6 mr-tmp-6-6 mr-tmp-7-6] 14 0}
2024/03/05 03:33:40 worker  29 get order:  &{1 [mr-tmp-0-6 mr-tmp-1-6 mr-tmp-2-6 mr-tmp-3-6 mr-tmp-4-6 mr-tmp-5-6 mr-tmp-6-6 mr-tmp-7-6] 14 0}  order Type 1
2024/03/05 03:33:41 start 14 map
2024/03/05 03:33:41 Worker finish order 14, order type 1
2024/03/05 03:33:42 29 :  call for  9  times
2024/03/05 03:33:42 CallOrder: worker get response &{1 [mr-tmp-0-7 mr-tmp-1-7 mr-tmp-2-7 mr-tmp-3-7 mr-tmp-4-7 mr-tmp-5-7 mr-tmp-6-7 mr-tmp-7-7] 15 0}
2024/03/05 03:33:42 worker  29 get order:  &{1 [mr-tmp-0-7 mr-tmp-1-7 mr-tmp-2-7 mr-tmp-3-7 mr-tmp-4-7 mr-tmp-5-7 mr-tmp-6-7 mr-tmp-7-7] 15 0}  order Type 1
2024/03/05 03:33:42 start 15 map
2024/03/05 03:33:42 Worker finish order 15, order type 1
2024/03/05 03:33:43 29 :  call for  10  times
2024/03/05 03:33:43 CallOrder: worker get response &{1 [mr-tmp-0-9 mr-tmp-1-9 mr-tmp-2-9 mr-tmp-3-9 mr-tmp-4-9 mr-tmp-5-9 mr-tmp-6-9 mr-tmp-7-9] 17 0}
2024/03/05 03:33:43 worker  29 get order:  &{1 [mr-tmp-0-9 mr-tmp-1-9 mr-tmp-2-9 mr-tmp-3-9 mr-tmp-4-9 mr-tmp-5-9 mr-tmp-6-9 mr-tmp-7-9] 17 0}  order Type 1
2024/03/05 03:33:44 start 17 map
2024/03/05 03:33:44 Worker finish order 17, order type 1
2024/03/05 03:33:45 29 :  call for  11  times
2024/03/05 03:33:45 CallOrder: worker get response &{4 [] 0 0}
2024/03/05 03:33:45 worker  29 get order:  &{4 [] 0 0}  order Type 4
2024/03/05 03:33:46 29  killed
