2024/03/04 23:45:47 47 :  call for  1  times
2024/03/04 23:45:47 CallOrder: worker get response &{0 [../pg-dorian_gray.txt] 1 10}
2024/03/04 23:45:47 worker  47 get order:  &{0 [../pg-dorian_gray.txt] 1 10}  order Type 0
2024/03/04 23:45:47 start 1 map
2024/03/04 23:45:47 Worker finish order 1, order type 0
2024/03/04 23:45:48 47 :  call for  2  times
2024/03/04 23:45:48 CallOrder: worker get response &{0 [../pg-grimm.txt] 3 10}
2024/03/04 23:45:48 worker  47 get order:  &{0 [../pg-grimm.txt] 3 10}  order Type 0
2024/03/04 23:45:48 start 3 map
2024/03/04 23:45:48 Worker finish order 3, order type 0
2024/03/04 23:45:49 47 :  call for  3  times
2024/03/04 23:45:49 CallOrder: worker get response &{0 [../pg-metamorphosis.txt] 5 10}
2024/03/04 23:45:49 worker  47 get order:  &{0 [../pg-metamorphosis.txt] 5 10}  order Type 0
2024/03/04 23:45:49 start 5 map
2024/03/04 23:45:49 Worker finish order 5, order type 0
2024/03/04 23:45:50 47 :  call for  4  times
2024/03/04 23:45:50 CallOrder: worker get response &{0 [../pg-tom_sawyer.txt] 7 10}
2024/03/04 23:45:50 worker  47 get order:  &{0 [../pg-tom_sawyer.txt] 7 10}  order Type 0
2024/03/04 23:45:50 start 7 map
2024/03/04 23:45:50 Worker finish order 7, order type 0
2024/03/04 23:45:51 47 :  call for  5  times
2024/03/04 23:45:51 CallOrder: worker get response &{2 [] 0 0}
2024/03/04 23:45:51 worker  47 get order:  &{2 [] 0 0}  order Type 2
2024/03/04 23:45:51 47  waiting for order
2024/03/04 23:45:53 47 :  call for  6  times
2024/03/04 23:45:53 CallOrder: worker get response &{1 [mr-tmp-0-1 mr-tmp-1-1 mr-tmp-2-1 mr-tmp-3-1 mr-tmp-4-1 mr-tmp-5-1 mr-tmp-6-1 mr-tmp-7-1] 9 0}
2024/03/04 23:45:53 worker  47 get order:  &{1 [mr-tmp-0-1 mr-tmp-1-1 mr-tmp-2-1 mr-tmp-3-1 mr-tmp-4-1 mr-tmp-5-1 mr-tmp-6-1 mr-tmp-7-1] 9 0}  order Type 1
2024/03/04 23:45:54 start 9 map
2024/03/04 23:45:54 Worker finish order 9, order type 1
2024/03/04 23:45:55 47 :  call for  7  times
2024/03/04 23:45:55 CallOrder: worker get response &{1 [mr-tmp-0-3 mr-tmp-1-3 mr-tmp-2-3 mr-tmp-3-3 mr-tmp-4-3 mr-tmp-5-3 mr-tmp-6-3 mr-tmp-7-3] 11 0}
2024/03/04 23:45:55 worker  47 get order:  &{1 [mr-tmp-0-3 mr-tmp-1-3 mr-tmp-2-3 mr-tmp-3-3 mr-tmp-4-3 mr-tmp-5-3 mr-tmp-6-3 mr-tmp-7-3] 11 0}  order Type 1
2024/03/04 23:45:57 start 11 map
2024/03/04 23:45:57 Worker finish order 11, order type 1
2024/03/04 23:45:58 47 :  call for  8  times
2024/03/04 23:45:58 CallOrder: worker get response &{1 [mr-tmp-0-5 mr-tmp-1-5 mr-tmp-2-5 mr-tmp-3-5 mr-tmp-4-5 mr-tmp-5-5 mr-tmp-6-5 mr-tmp-7-5] 13 0}
2024/03/04 23:45:58 worker  47 get order:  &{1 [mr-tmp-0-5 mr-tmp-1-5 mr-tmp-2-5 mr-tmp-3-5 mr-tmp-4-5 mr-tmp-5-5 mr-tmp-6-5 mr-tmp-7-5] 13 0}  order Type 1
2024/03/04 23:45:59 start 13 map
2024/03/04 23:45:59 Worker finish order 13, order type 1
2024/03/04 23:46:00 47 :  call for  9  times
2024/03/04 23:46:00 CallOrder: worker get response &{1 [mr-tmp-0-8 mr-tmp-1-8 mr-tmp-2-8 mr-tmp-3-8 mr-tmp-4-8 mr-tmp-5-8 mr-tmp-6-8 mr-tmp-7-8] 16 0}
2024/03/04 23:46:00 worker  47 get order:  &{1 [mr-tmp-0-8 mr-tmp-1-8 mr-tmp-2-8 mr-tmp-3-8 mr-tmp-4-8 mr-tmp-5-8 mr-tmp-6-8 mr-tmp-7-8] 16 0}  order Type 1
2024/03/04 23:46:00 start 16 map
2024/03/04 23:46:00 Worker finish order 16, order type 1
2024/03/04 23:46:01 47 :  call for  10  times
2024/03/04 23:46:01 CallOrder: worker get response &{3 [] 0 0}
2024/03/04 23:46:01 worker  47 get order:  &{3 [] 0 0}  order Type 3
2024/03/04 23:46:01 47  waiting for order
2024/03/04 23:46:03 47 :  call for  11  times
2024/03/04 23:46:03 CallOrder: worker get response &{3 [] 0 0}
2024/03/04 23:46:03 worker  47 get order:  &{3 [] 0 0}  order Type 3
2024/03/04 23:46:03 47  waiting for order
2024/03/04 23:46:05 47 :  call for  12  times
2024/03/04 23:46:05 dialing:dial unix /var/tmp/824-mr-0: connect: connection refused
