2024/03/05 05:15:44 44 :  call for  1  times
2024/03/05 05:15:44 CallOrder: worker get response &{0 [../pg-sherlock_holmes.txt] 6 10}
2024/03/05 05:15:44 worker  44 get order:  &{0 [../pg-sherlock_holmes.txt] 6 10}  order Type 0
2024/03/05 05:15:45 start 6 map
2024/03/05 05:15:45 Worker finish order 6, order type 0
2024/03/05 05:15:46 44 :  call for  2  times
2024/03/05 05:15:46 CallOrder: worker get response &{2 [] 0 0}
2024/03/05 05:15:46 worker  44 get order:  &{2 [] 0 0}  order Type 2
2024/03/05 05:15:46 44  waiting for order
2024/03/05 05:15:48 44 :  call for  3  times
2024/03/05 05:15:48 CallOrder: worker get response &{2 [] 0 0}
2024/03/05 05:15:48 worker  44 get order:  &{2 [] 0 0}  order Type 2
2024/03/05 05:15:48 44  waiting for order
2024/03/05 05:15:50 44 :  call for  4  times
2024/03/05 05:15:50 CallOrder: worker get response &{2 [] 0 0}
2024/03/05 05:15:50 worker  44 get order:  &{2 [] 0 0}  order Type 2
2024/03/05 05:15:50 44  waiting for order
2024/03/05 05:15:52 44 :  call for  5  times
2024/03/05 05:15:52 CallOrder: worker get response &{2 [] 0 0}
2024/03/05 05:15:52 worker  44 get order:  &{2 [] 0 0}  order Type 2
2024/03/05 05:15:52 44  waiting for order
2024/03/05 05:15:54 44 :  call for  6  times
2024/03/05 05:15:54 CallOrder: worker get response &{2 [] 0 0}
2024/03/05 05:15:54 worker  44 get order:  &{2 [] 0 0}  order Type 2
2024/03/05 05:15:54 44  waiting for order
2024/03/05 05:15:56 44 :  call for  7  times
2024/03/05 05:15:56 CallOrder: worker get response &{2 [] 0 0}
2024/03/05 05:15:56 worker  44 get order:  &{2 [] 0 0}  order Type 2
2024/03/05 05:15:56 44  waiting for order
2024/03/05 05:15:58 44 :  call for  8  times
2024/03/05 05:15:58 CallOrder: worker get response &{2 [] 0 0}
2024/03/05 05:15:58 worker  44 get order:  &{2 [] 0 0}  order Type 2
2024/03/05 05:15:58 44  waiting for order
2024/03/05 05:16:00 44 :  call for  9  times
2024/03/05 05:16:00 CallOrder: worker get response &{2 [] 0 0}
2024/03/05 05:16:00 worker  44 get order:  &{2 [] 0 0}  order Type 2
2024/03/05 05:16:00 44  waiting for order
2024/03/05 05:16:02 44 :  call for  10  times
2024/03/05 05:16:02 CallOrder: worker get response &{2 [] 0 0}
2024/03/05 05:16:02 worker  44 get order:  &{2 [] 0 0}  order Type 2
2024/03/05 05:16:02 44  waiting for order
2024/03/05 05:16:04 44 :  call for  11  times
2024/03/05 05:16:04 CallOrder: worker get response &{2 [] 0 0}
2024/03/05 05:16:04 worker  44 get order:  &{2 [] 0 0}  order Type 2
2024/03/05 05:16:04 44  waiting for order
2024/03/05 05:16:06 44 :  call for  12  times
2024/03/05 05:16:06 CallOrder: worker get response &{2 [] 0 0}
2024/03/05 05:16:06 worker  44 get order:  &{2 [] 0 0}  order Type 2
2024/03/05 05:16:06 44  waiting for order
2024/03/05 05:16:08 44 :  call for  13  times
2024/03/05 05:16:08 CallOrder: worker get response &{2 [] 0 0}
2024/03/05 05:16:08 worker  44 get order:  &{2 [] 0 0}  order Type 2
2024/03/05 05:16:08 44  waiting for order
2024/03/05 05:16:10 44 :  call for  14  times
2024/03/05 05:16:10 CallOrder: worker get response &{2 [] 0 0}
2024/03/05 05:16:10 worker  44 get order:  &{2 [] 0 0}  order Type 2
2024/03/05 05:16:10 44  waiting for order
2024/03/05 05:16:12 44 :  call for  15  times
2024/03/05 05:16:12 CallOrder: worker get response &{2 [] 0 0}
2024/03/05 05:16:12 worker  44 get order:  &{2 [] 0 0}  order Type 2
2024/03/05 05:16:12 44  waiting for order
2024/03/05 05:16:14 44 :  call for  16  times
2024/03/05 05:16:14 CallOrder: worker get response &{2 [] 0 0}
2024/03/05 05:16:14 worker  44 get order:  &{2 [] 0 0}  order Type 2
2024/03/05 05:16:14 44  waiting for order
2024/03/05 05:16:16 44 :  call for  17  times
2024/03/05 05:16:16 CallOrder: worker get response &{1 [mr-tmp-0-6 mr-tmp-1-6 mr-tmp-2-6 mr-tmp-3-6 mr-tmp-4-6 mr-tmp-5-6 mr-tmp-6-6 mr-tmp-7-6] 14 0}
2024/03/05 05:16:16 worker  44 get order:  &{1 [mr-tmp-0-6 mr-tmp-1-6 mr-tmp-2-6 mr-tmp-3-6 mr-tmp-4-6 mr-tmp-5-6 mr-tmp-6-6 mr-tmp-7-6] 14 0}  order Type 1
2024/03/05 05:16:16 start 14 map
2024/03/05 05:16:16 Worker finish order 14, order type 1
2024/03/05 05:16:17 44 :  call for  18  times
2024/03/05 05:16:17 CallOrder: worker get response &{3 [] 0 0}
2024/03/05 05:16:17 worker  44 get order:  &{3 [] 0 0}  order Type 3
2024/03/05 05:16:17 44  waiting for order
2024/03/05 05:16:19 44 :  call for  19  times
2024/03/05 05:16:19 CallOrder: worker get response &{3 [] 0 0}
2024/03/05 05:16:19 worker  44 get order:  &{3 [] 0 0}  order Type 3
2024/03/05 05:16:19 44  waiting for order
2024/03/05 05:16:21 44 :  call for  20  times
2024/03/05 05:16:21 CallOrder: worker get response &{3 [] 0 0}
2024/03/05 05:16:21 worker  44 get order:  &{3 [] 0 0}  order Type 3
2024/03/05 05:16:21 44  waiting for order
2024/03/05 05:16:23 44 :  call for  21  times
2024/03/05 05:16:23 CallOrder: worker get response &{3 [] 0 0}
2024/03/05 05:16:23 worker  44 get order:  &{3 [] 0 0}  order Type 3
2024/03/05 05:16:23 44  waiting for order
2024/03/05 05:16:25 44 :  call for  22  times
2024/03/05 05:16:25 CallOrder: worker get response &{3 [] 0 0}
2024/03/05 05:16:25 worker  44 get order:  &{3 [] 0 0}  order Type 3
2024/03/05 05:16:25 44  waiting for order
2024/03/05 05:16:27 44 :  call for  23  times
2024/03/05 05:16:27 CallOrder: worker get response &{1 [mr-tmp-0-5 mr-tmp-1-5 mr-tmp-2-5 mr-tmp-3-5 mr-tmp-4-5 mr-tmp-5-5 mr-tmp-6-5 mr-tmp-7-5] 13 0}
2024/03/05 05:16:27 worker  44 get order:  &{1 [mr-tmp-0-5 mr-tmp-1-5 mr-tmp-2-5 mr-tmp-3-5 mr-tmp-4-5 mr-tmp-5-5 mr-tmp-6-5 mr-tmp-7-5] 13 0}  order Type 1
2024/03/05 05:16:30 start 13 map
2024/03/05 05:16:30 Worker finish order 13, order type 1
2024/03/05 05:16:31 44 :  call for  24  times
2024/03/05 05:16:31 CallOrder: worker get response &{3 [] 0 0}
2024/03/05 05:16:31 worker  44 get order:  &{3 [] 0 0}  order Type 3
2024/03/05 05:16:31 44  waiting for order
2024/03/05 05:16:33 44 :  call for  25  times
2024/03/05 05:16:33 dialing:dial unix /var/tmp/824-mr-0: connect: connection refused
