2024/03/05 09:12:35 35 :  call for  1  times
2024/03/05 09:12:35 CallOrder: worker get response &{0 [../pg-being_ernest.txt] 0 10}
2024/03/05 09:12:35 worker  35 get order:  &{0 [../pg-being_ernest.txt] 0 10}  order Type 0
2024/03/05 09:12:35 start 0 map
2024/03/05 09:12:35 Worker finish order 0, order type 0
2024/03/05 09:12:36 35 :  call for  2  times
2024/03/05 09:12:36 CallOrder: worker get response &{0 [../pg-frankenstein.txt] 2 10}
2024/03/05 09:12:36 worker  35 get order:  &{0 [../pg-frankenstein.txt] 2 10}  order Type 0
2024/03/05 09:12:36 start 2 map
2024/03/05 09:12:36 Worker finish order 2, order type 0
2024/03/05 09:12:37 35 :  call for  3  times
2024/03/05 09:12:37 CallOrder: worker get response &{0 [../pg-huckleberry_finn.txt] 4 10}
2024/03/05 09:12:37 worker  35 get order:  &{0 [../pg-huckleberry_finn.txt] 4 10}  order Type 0
2024/03/05 09:12:37 start 4 map
2024/03/05 09:12:37 Worker finish order 4, order type 0
2024/03/05 09:12:38 35 :  call for  4  times
2024/03/05 09:12:38 CallOrder: worker get response &{0 [../pg-sherlock_holmes.txt] 6 10}
2024/03/05 09:12:38 worker  35 get order:  &{0 [../pg-sherlock_holmes.txt] 6 10}  order Type 0
2024/03/05 09:12:38 start 6 map
2024/03/05 09:12:38 Worker finish order 6, order type 0
2024/03/05 09:12:39 35 :  call for  5  times
2024/03/05 09:12:39 CallOrder: worker get response &{1 [mr-tmp-0-0 mr-tmp-1-0 mr-tmp-2-0 mr-tmp-3-0 mr-tmp-4-0 mr-tmp-5-0 mr-tmp-6-0 mr-tmp-7-0] 8 0}
2024/03/05 09:12:39 worker  35 get order:  &{1 [mr-tmp-0-0 mr-tmp-1-0 mr-tmp-2-0 mr-tmp-3-0 mr-tmp-4-0 mr-tmp-5-0 mr-tmp-6-0 mr-tmp-7-0] 8 0}  order Type 1
2024/03/05 09:12:40 start 8 map
2024/03/05 09:12:40 Worker finish order 8, order type 1
2024/03/05 09:12:41 35 :  call for  6  times
2024/03/05 09:12:41 CallOrder: worker get response &{1 [mr-tmp-0-2 mr-tmp-1-2 mr-tmp-2-2 mr-tmp-3-2 mr-tmp-4-2 mr-tmp-5-2 mr-tmp-6-2 mr-tmp-7-2] 10 0}
2024/03/05 09:12:41 worker  35 get order:  &{1 [mr-tmp-0-2 mr-tmp-1-2 mr-tmp-2-2 mr-tmp-3-2 mr-tmp-4-2 mr-tmp-5-2 mr-tmp-6-2 mr-tmp-7-2] 10 0}  order Type 1
2024/03/05 09:12:42 start 10 map
2024/03/05 09:12:42 Worker finish order 10, order type 1
2024/03/05 09:12:43 35 :  call for  7  times
2024/03/05 09:12:43 CallOrder: worker get response &{1 [mr-tmp-0-4 mr-tmp-1-4 mr-tmp-2-4 mr-tmp-3-4 mr-tmp-4-4 mr-tmp-5-4 mr-tmp-6-4 mr-tmp-7-4] 12 0}
2024/03/05 09:12:43 worker  35 get order:  &{1 [mr-tmp-0-4 mr-tmp-1-4 mr-tmp-2-4 mr-tmp-3-4 mr-tmp-4-4 mr-tmp-5-4 mr-tmp-6-4 mr-tmp-7-4] 12 0}  order Type 1
2024/03/05 09:12:45 start 12 map
2024/03/05 09:12:45 Worker finish order 12, order type 1
2024/03/05 09:12:46 35 :  call for  8  times
2024/03/05 09:12:46 CallOrder: worker get response &{1 [mr-tmp-0-6 mr-tmp-1-6 mr-tmp-2-6 mr-tmp-3-6 mr-tmp-4-6 mr-tmp-5-6 mr-tmp-6-6 mr-tmp-7-6] 14 0}
2024/03/05 09:12:46 worker  35 get order:  &{1 [mr-tmp-0-6 mr-tmp-1-6 mr-tmp-2-6 mr-tmp-3-6 mr-tmp-4-6 mr-tmp-5-6 mr-tmp-6-6 mr-tmp-7-6] 14 0}  order Type 1
2024/03/05 09:12:47 start 14 map
2024/03/05 09:12:47 Worker finish order 14, order type 1
2024/03/05 09:12:48 35 :  call for  9  times
2024/03/05 09:12:48 CallOrder: worker get response &{1 [mr-tmp-0-8 mr-tmp-1-8 mr-tmp-2-8 mr-tmp-3-8 mr-tmp-4-8 mr-tmp-5-8 mr-tmp-6-8 mr-tmp-7-8] 16 0}
2024/03/05 09:12:48 worker  35 get order:  &{1 [mr-tmp-0-8 mr-tmp-1-8 mr-tmp-2-8 mr-tmp-3-8 mr-tmp-4-8 mr-tmp-5-8 mr-tmp-6-8 mr-tmp-7-8] 16 0}  order Type 1
2024/03/05 09:12:48 start 16 map
2024/03/05 09:12:48 Worker finish order 16, order type 1
2024/03/05 09:12:49 35 :  call for  10  times
2024/03/05 09:12:49 CallOrder: worker get response &{3 [] 0 0}
2024/03/05 09:12:49 worker  35 get order:  &{3 [] 0 0}  order Type 3
2024/03/05 09:12:49 35  waiting for order
2024/03/05 09:12:51 35 :  call for  11  times
2024/03/05 09:12:51 CallOrder: worker get response &{3 [] 0 0}
2024/03/05 09:12:51 worker  35 get order:  &{3 [] 0 0}  order Type 3
2024/03/05 09:12:51 35  waiting for order
2024/03/05 09:12:53 35 :  call for  12  times
2024/03/05 09:12:53 dialing:dial unix /var/tmp/824-mr-0: connect: connection refused
