2024/03/05 02:26:37 37 :  call for  1  times
2024/03/05 02:26:37 CallOrder: worker get response &{0 [../pg-being_ernest.txt] 0 10}
2024/03/05 02:26:37 worker  37 get order:  &{0 [../pg-being_ernest.txt] 0 10}  order Type 0
2024/03/05 02:26:37 start 0 map
2024/03/05 02:26:37 Worker finish order 0, order type 0
2024/03/05 02:26:38 37 :  call for  2  times
2024/03/05 02:26:38 CallOrder: worker get response &{0 [../pg-grimm.txt] 3 10}
2024/03/05 02:26:38 worker  37 get order:  &{0 [../pg-grimm.txt] 3 10}  order Type 0
2024/03/05 02:26:40 start 3 map
2024/03/05 02:26:40 Worker finish order 3, order type 0
2024/03/05 02:26:41 37 :  call for  3  times
2024/03/05 02:26:41 CallOrder: worker get response &{0 [../pg-sherlock_holmes.txt] 6 10}
2024/03/05 02:26:41 worker  37 get order:  &{0 [../pg-sherlock_holmes.txt] 6 10}  order Type 0
2024/03/05 02:26:43 start 6 map
2024/03/05 02:26:43 Worker finish order 6, order type 0
2024/03/05 02:26:44 37 :  call for  4  times
2024/03/05 02:26:44 CallOrder: worker get response &{2 [] 0 0}
2024/03/05 02:26:44 worker  37 get order:  &{2 [] 0 0}  order Type 2
2024/03/05 02:26:44 37  waiting for order
2024/03/05 02:26:46 37 :  call for  5  times
2024/03/05 02:26:46 CallOrder: worker get response &{1 [mr-tmp-0-3 mr-tmp-1-3 mr-tmp-2-3 mr-tmp-3-3 mr-tmp-4-3 mr-tmp-5-3 mr-tmp-6-3 mr-tmp-7-3] 11 0}
2024/03/05 02:26:46 worker  37 get order:  &{1 [mr-tmp-0-3 mr-tmp-1-3 mr-tmp-2-3 mr-tmp-3-3 mr-tmp-4-3 mr-tmp-5-3 mr-tmp-6-3 mr-tmp-7-3] 11 0}  order Type 1
2024/03/05 02:26:46 start 11 map
2024/03/05 02:26:46 Worker finish order 11, order type 1
2024/03/05 02:26:47 37 :  call for  6  times
2024/03/05 02:26:47 CallOrder: worker get response &{1 [mr-tmp-0-5 mr-tmp-1-5 mr-tmp-2-5 mr-tmp-3-5 mr-tmp-4-5 mr-tmp-5-5 mr-tmp-6-5 mr-tmp-7-5] 13 0}
2024/03/05 02:26:47 worker  37 get order:  &{1 [mr-tmp-0-5 mr-tmp-1-5 mr-tmp-2-5 mr-tmp-3-5 mr-tmp-4-5 mr-tmp-5-5 mr-tmp-6-5 mr-tmp-7-5] 13 0}  order Type 1
2024/03/05 02:26:48 start 13 map
2024/03/05 02:26:48 Worker finish order 13, order type 1
2024/03/05 02:26:49 37 :  call for  7  times
2024/03/05 02:26:49 CallOrder: worker get response &{1 [mr-tmp-0-8 mr-tmp-1-8 mr-tmp-2-8 mr-tmp-3-8 mr-tmp-4-8 mr-tmp-5-8 mr-tmp-6-8 mr-tmp-7-8] 16 0}
2024/03/05 02:26:49 worker  37 get order:  &{1 [mr-tmp-0-8 mr-tmp-1-8 mr-tmp-2-8 mr-tmp-3-8 mr-tmp-4-8 mr-tmp-5-8 mr-tmp-6-8 mr-tmp-7-8] 16 0}  order Type 1
2024/03/05 02:26:50 start 16 map
2024/03/05 02:26:50 Worker finish order 16, order type 1
2024/03/05 02:26:51 37 :  call for  8  times
2024/03/05 02:26:51 CallOrder: worker get response &{3 [] 0 0}
2024/03/05 02:26:51 worker  37 get order:  &{3 [] 0 0}  order Type 3
2024/03/05 02:26:51 37  waiting for order
2024/03/05 02:26:53 37 :  call for  9  times
2024/03/05 02:26:53 dialing:dial unix /var/tmp/824-mr-0: connect: connection refused
