2024/03/05 04:09:46 46 :  call for  1  times
2024/03/05 04:09:46 CallOrder: worker get response &{2 [] 0 0}
2024/03/05 04:09:46 worker  46 get order:  &{2 [] 0 0}  order Type 2
2024/03/05 04:09:46 46  waiting for order
2024/03/05 04:09:48 46 :  call for  2  times
2024/03/05 04:09:48 CallOrder: worker get response &{2 [] 0 0}
2024/03/05 04:09:48 worker  46 get order:  &{2 [] 0 0}  order Type 2
2024/03/05 04:09:48 46  waiting for order
2024/03/05 04:09:50 46 :  call for  3  times
2024/03/05 04:09:50 CallOrder: worker get response &{2 [] 0 0}
2024/03/05 04:09:50 worker  46 get order:  &{2 [] 0 0}  order Type 2
2024/03/05 04:09:50 46  waiting for order
2024/03/05 04:09:52 46 :  call for  4  times
2024/03/05 04:09:52 CallOrder: worker get response &{2 [] 0 0}
2024/03/05 04:09:52 worker  46 get order:  &{2 [] 0 0}  order Type 2
2024/03/05 04:09:52 46  waiting for order
2024/03/05 04:09:54 46 :  call for  5  times
2024/03/05 04:09:54 CallOrder: worker get response &{2 [] 0 0}
2024/03/05 04:09:54 worker  46 get order:  &{2 [] 0 0}  order Type 2
2024/03/05 04:09:54 46  waiting for order
2024/03/05 04:09:56 46 :  call for  6  times
2024/03/05 04:09:56 CallOrder: worker get response &{2 [] 0 0}
2024/03/05 04:09:56 worker  46 get order:  &{2 [] 0 0}  order Type 2
2024/03/05 04:09:56 46  waiting for order
2024/03/05 04:09:58 46 :  call for  7  times
2024/03/05 04:09:58 CallOrder: worker get response &{2 [] 0 0}
2024/03/05 04:09:58 worker  46 get order:  &{2 [] 0 0}  order Type 2
2024/03/05 04:09:58 46  waiting for order
2024/03/05 04:10:00 46 :  call for  8  times
2024/03/05 04:10:00 CallOrder: worker get response &{2 [] 0 0}
2024/03/05 04:10:00 worker  46 get order:  &{2 [] 0 0}  order Type 2
2024/03/05 04:10:00 46  waiting for order
2024/03/05 04:10:02 46 :  call for  9  times
2024/03/05 04:10:02 CallOrder: worker get response &{2 [] 0 0}
2024/03/05 04:10:02 worker  46 get order:  &{2 [] 0 0}  order Type 2
2024/03/05 04:10:02 46  waiting for order
2024/03/05 04:10:04 46 :  call for  10  times
2024/03/05 04:10:04 CallOrder: worker get response &{2 [] 0 0}
2024/03/05 04:10:04 worker  46 get order:  &{2 [] 0 0}  order Type 2
2024/03/05 04:10:04 46  waiting for order
2024/03/05 04:10:06 46 :  call for  11  times
2024/03/05 04:10:06 CallOrder: worker get response &{0 [../pg-huckleberry_finn.txt] 4 10}
2024/03/05 04:10:06 worker  46 get order:  &{0 [../pg-huckleberry_finn.txt] 4 10}  order Type 0
