2024/03/05 06:42:21 21 :  call for  1  times
2024/03/05 06:42:21 CallOrder: worker get response &{0 [../pg-dorian_gray.txt] 1 10}
2024/03/05 06:42:21 worker  21 get order:  &{0 [../pg-dorian_gray.txt] 1 10}  order Type 0
2024/03/05 06:42:23 start 1 map
2024/03/05 06:42:23 Worker finish order 1, order type 0
2024/03/05 06:42:24 21 :  call for  2  times
2024/03/05 06:42:24 CallOrder: worker get response &{0 [../pg-metamorphosis.txt] 5 10}
2024/03/05 06:42:24 worker  21 get order:  &{0 [../pg-metamorphosis.txt] 5 10}  order Type 0
2024/03/05 06:42:25 start 5 map
2024/03/05 06:42:25 Worker finish order 5, order type 0
2024/03/05 06:42:26 21 :  call for  3  times
2024/03/05 06:42:26 CallOrder: worker get response &{0 [../pg-tom_sawyer.txt] 7 10}
2024/03/05 06:42:26 worker  21 get order:  &{0 [../pg-tom_sawyer.txt] 7 10}  order Type 0
2024/03/05 06:42:29 start 7 map
2024/03/05 06:42:29 Worker finish order 7, order type 0
2024/03/05 06:42:30 21 :  call for  4  times
2024/03/05 06:42:30 CallOrder: worker get response &{2 [] 0 0}
2024/03/05 06:42:30 worker  21 get order:  &{2 [] 0 0}  order Type 2
2024/03/05 06:42:30 21  waiting for order
2024/03/05 06:42:32 21 :  call for  5  times
2024/03/05 06:42:32 CallOrder: worker get response &{1 [mr-tmp-0-2 mr-tmp-1-2 mr-tmp-2-2 mr-tmp-3-2 mr-tmp-4-2 mr-tmp-5-2 mr-tmp-6-2 mr-tmp-7-2] 10 0}
2024/03/05 06:42:32 worker  21 get order:  &{1 [mr-tmp-0-2 mr-tmp-1-2 mr-tmp-2-2 mr-tmp-3-2 mr-tmp-4-2 mr-tmp-5-2 mr-tmp-6-2 mr-tmp-7-2] 10 0}  order Type 1
2024/03/05 06:42:33 start 10 map
2024/03/05 06:42:33 Worker finish order 10, order type 1
2024/03/05 06:42:34 21 :  call for  6  times
2024/03/05 06:42:34 CallOrder: worker get response &{1 [mr-tmp-0-6 mr-tmp-1-6 mr-tmp-2-6 mr-tmp-3-6 mr-tmp-4-6 mr-tmp-5-6 mr-tmp-6-6 mr-tmp-7-6] 14 0}
2024/03/05 06:42:34 worker  21 get order:  &{1 [mr-tmp-0-6 mr-tmp-1-6 mr-tmp-2-6 mr-tmp-3-6 mr-tmp-4-6 mr-tmp-5-6 mr-tmp-6-6 mr-tmp-7-6] 14 0}  order Type 1
2024/03/05 06:42:36 start 14 map
2024/03/05 06:42:36 Worker finish order 14, order type 1
2024/03/05 06:42:37 21 :  call for  7  times
2024/03/05 06:42:37 CallOrder: worker get response &{3 [] 0 0}
2024/03/05 06:42:37 worker  21 get order:  &{3 [] 0 0}  order Type 3
2024/03/05 06:42:37 21  waiting for order
2024/03/05 06:42:39 21 :  call for  8  times
2024/03/05 06:42:39 CallOrder: worker get response &{4 [] 0 0}
2024/03/05 06:42:39 worker  21 get order:  &{4 [] 0 0}  order Type 4
2024/03/05 06:42:40 21  killed
