2024/03/05 12:35:48 48 :  call for  1  times
2024/03/05 12:35:48 CallOrder: worker get response &{0 [../pg-dorian_gray.txt] 1 10}
2024/03/05 12:35:48 worker  48 get order:  &{0 [../pg-dorian_gray.txt] 1 10}  order Type 0
2024/03/05 12:35:52 start 1 map
2024/03/05 12:35:52 Worker finish order 1, order type 0
2024/03/05 12:35:53 48 :  call for  2  times
2024/03/05 12:35:53 CallOrder: worker get response &{0 [../pg-grimm.txt] 3 10}
2024/03/05 12:35:53 worker  48 get order:  &{0 [../pg-grimm.txt] 3 10}  order Type 0
2024/03/05 12:35:57 start 3 map
2024/03/05 12:35:57 Worker finish order 3, order type 0
2024/03/05 12:35:58 48 :  call for  3  times
2024/03/05 12:35:58 CallOrder: worker get response &{0 [../pg-metamorphosis.txt] 5 10}
2024/03/05 12:35:58 worker  48 get order:  &{0 [../pg-metamorphosis.txt] 5 10}  order Type 0
2024/03/05 12:36:02 start 5 map
2024/03/05 12:36:02 Worker finish order 5, order type 0
2024/03/05 12:36:03 48 :  call for  4  times
2024/03/05 12:36:03 CallOrder: worker get response &{0 [../pg-tom_sawyer.txt] 7 10}
2024/03/05 12:36:03 worker  48 get order:  &{0 [../pg-tom_sawyer.txt] 7 10}  order Type 0
2024/03/05 12:36:05 start 7 map
2024/03/05 12:36:05 Worker finish order 7, order type 0
2024/03/05 12:36:06 48 :  call for  5  times
2024/03/05 12:36:06 CallOrder: worker get response &{2 [] 0 0}
2024/03/05 12:36:06 worker  48 get order:  &{2 [] 0 0}  order Type 2
2024/03/05 12:36:06 48  waiting for order
2024/03/05 12:36:08 48 :  call for  6  times
2024/03/05 12:36:08 CallOrder: worker get response &{1 [mr-tmp-0-2 mr-tmp-1-2 mr-tmp-2-2 mr-tmp-3-2 mr-tmp-4-2 mr-tmp-5-2 mr-tmp-6-2 mr-tmp-7-2] 10 0}
2024/03/05 12:36:08 worker  48 get order:  &{1 [mr-tmp-0-2 mr-tmp-1-2 mr-tmp-2-2 mr-tmp-3-2 mr-tmp-4-2 mr-tmp-5-2 mr-tmp-6-2 mr-tmp-7-2] 10 0}  order Type 1
2024/03/05 12:36:08 start 10 map
2024/03/05 12:36:08 Worker finish order 10, order type 1
2024/03/05 12:36:09 48 :  call for  7  times
2024/03/05 12:36:09 CallOrder: worker get response &{1 [mr-tmp-0-4 mr-tmp-1-4 mr-tmp-2-4 mr-tmp-3-4 mr-tmp-4-4 mr-tmp-5-4 mr-tmp-6-4 mr-tmp-7-4] 12 0}
2024/03/05 12:36:09 worker  48 get order:  &{1 [mr-tmp-0-4 mr-tmp-1-4 mr-tmp-2-4 mr-tmp-3-4 mr-tmp-4-4 mr-tmp-5-4 mr-tmp-6-4 mr-tmp-7-4] 12 0}  order Type 1
2024/03/05 12:36:09 start 12 map
2024/03/05 12:36:09 Worker finish order 12, order type 1
2024/03/05 12:36:10 48 :  call for  8  times
2024/03/05 12:36:10 CallOrder: worker get response &{1 [mr-tmp-0-6 mr-tmp-1-6 mr-tmp-2-6 mr-tmp-3-6 mr-tmp-4-6 mr-tmp-5-6 mr-tmp-6-6 mr-tmp-7-6] 14 0}
2024/03/05 12:36:10 worker  48 get order:  &{1 [mr-tmp-0-6 mr-tmp-1-6 mr-tmp-2-6 mr-tmp-3-6 mr-tmp-4-6 mr-tmp-5-6 mr-tmp-6-6 mr-tmp-7-6] 14 0}  order Type 1
2024/03/05 12:36:10 start 14 map
2024/03/05 12:36:10 Worker finish order 14, order type 1
2024/03/05 12:36:11 48 :  call for  9  times
2024/03/05 12:36:11 CallOrder: worker get response &{1 [mr-tmp-0-8 mr-tmp-1-8 mr-tmp-2-8 mr-tmp-3-8 mr-tmp-4-8 mr-tmp-5-8 mr-tmp-6-8 mr-tmp-7-8] 16 0}
2024/03/05 12:36:11 worker  48 get order:  &{1 [mr-tmp-0-8 mr-tmp-1-8 mr-tmp-2-8 mr-tmp-3-8 mr-tmp-4-8 mr-tmp-5-8 mr-tmp-6-8 mr-tmp-7-8] 16 0}  order Type 1
2024/03/05 12:36:11 start 16 map
2024/03/05 12:36:11 Worker finish order 16, order type 1
2024/03/05 12:36:12 48 :  call for  10  times
2024/03/05 12:36:12 CallOrder: worker get response &{3 [] 0 0}
2024/03/05 12:36:12 worker  48 get order:  &{3 [] 0 0}  order Type 3
2024/03/05 12:36:12 48  waiting for order
2024/03/05 12:36:14 48 :  call for  11  times
2024/03/05 12:36:14 dialing:dial unix /var/tmp/824-mr-0: connect: connection refused
