2024/03/05 11:17:09 9 :  call for  1  times
2024/03/05 11:17:09 CallOrder: worker get response &{0 [../pg-being_ernest.txt] 0 10}
2024/03/05 11:17:09 worker  9 get order:  &{0 [../pg-being_ernest.txt] 0 10}  order Type 0
2024/03/05 11:17:09 start 0 map
2024/03/05 11:17:09 Worker finish order 0, order type 0
2024/03/05 11:17:10 9 :  call for  2  times
2024/03/05 11:17:10 CallOrder: worker get response &{0 [../pg-frankenstein.txt] 2 10}
2024/03/05 11:17:10 worker  9 get order:  &{0 [../pg-frankenstein.txt] 2 10}  order Type 0
2024/03/05 11:17:10 start 2 map
2024/03/05 11:17:10 Worker finish order 2, order type 0
2024/03/05 11:17:11 9 :  call for  3  times
2024/03/05 11:17:11 CallOrder: worker get response &{0 [../pg-metamorphosis.txt] 5 10}
2024/03/05 11:17:11 worker  9 get order:  &{0 [../pg-metamorphosis.txt] 5 10}  order Type 0
2024/03/05 11:17:11 start 5 map
2024/03/05 11:17:11 Worker finish order 5, order type 0
2024/03/05 11:17:12 9 :  call for  4  times
2024/03/05 11:17:12 CallOrder: worker get response &{0 [../pg-sherlock_holmes.txt] 6 10}
2024/03/05 11:17:12 worker  9 get order:  &{0 [../pg-sherlock_holmes.txt] 6 10}  order Type 0
2024/03/05 11:17:12 start 6 map
2024/03/05 11:17:12 Worker finish order 6, order type 0
2024/03/05 11:17:13 9 :  call for  5  times
2024/03/05 11:17:13 CallOrder: worker get response &{1 [mr-tmp-0-0 mr-tmp-1-0 mr-tmp-2-0 mr-tmp-3-0 mr-tmp-4-0 mr-tmp-5-0 mr-tmp-6-0 mr-tmp-7-0] 8 0}
2024/03/05 11:17:13 worker  9 get order:  &{1 [mr-tmp-0-0 mr-tmp-1-0 mr-tmp-2-0 mr-tmp-3-0 mr-tmp-4-0 mr-tmp-5-0 mr-tmp-6-0 mr-tmp-7-0] 8 0}  order Type 1
2024/03/05 11:17:14 start 8 map
2024/03/05 11:17:14 Worker finish order 8, order type 1
2024/03/05 11:17:15 9 :  call for  6  times
2024/03/05 11:17:15 CallOrder: worker get response &{1 [mr-tmp-0-2 mr-tmp-1-2 mr-tmp-2-2 mr-tmp-3-2 mr-tmp-4-2 mr-tmp-5-2 mr-tmp-6-2 mr-tmp-7-2] 10 0}
2024/03/05 11:17:15 worker  9 get order:  &{1 [mr-tmp-0-2 mr-tmp-1-2 mr-tmp-2-2 mr-tmp-3-2 mr-tmp-4-2 mr-tmp-5-2 mr-tmp-6-2 mr-tmp-7-2] 10 0}  order Type 1
2024/03/05 11:17:16 start 10 map
2024/03/05 11:17:16 Worker finish order 10, order type 1
2024/03/05 11:17:17 9 :  call for  7  times
2024/03/05 11:17:17 CallOrder: worker get response &{1 [mr-tmp-0-4 mr-tmp-1-4 mr-tmp-2-4 mr-tmp-3-4 mr-tmp-4-4 mr-tmp-5-4 mr-tmp-6-4 mr-tmp-7-4] 12 0}
2024/03/05 11:17:17 worker  9 get order:  &{1 [mr-tmp-0-4 mr-tmp-1-4 mr-tmp-2-4 mr-tmp-3-4 mr-tmp-4-4 mr-tmp-5-4 mr-tmp-6-4 mr-tmp-7-4] 12 0}  order Type 1
2024/03/05 11:17:19 start 12 map
2024/03/05 11:17:19 Worker finish order 12, order type 1
2024/03/05 11:17:20 9 :  call for  8  times
2024/03/05 11:17:20 CallOrder: worker get response &{1 [mr-tmp-0-6 mr-tmp-1-6 mr-tmp-2-6 mr-tmp-3-6 mr-tmp-4-6 mr-tmp-5-6 mr-tmp-6-6 mr-tmp-7-6] 14 0}
2024/03/05 11:17:20 worker  9 get order:  &{1 [mr-tmp-0-6 mr-tmp-1-6 mr-tmp-2-6 mr-tmp-3-6 mr-tmp-4-6 mr-tmp-5-6 mr-tmp-6-6 mr-tmp-7-6] 14 0}  order Type 1
2024/03/05 11:17:21 start 14 map
2024/03/05 11:17:21 Worker finish order 14, order type 1
2024/03/05 11:17:22 9 :  call for  9  times
2024/03/05 11:17:22 CallOrder: worker get response &{1 [mr-tmp-0-8 mr-tmp-1-8 mr-tmp-2-8 mr-tmp-3-8 mr-tmp-4-8 mr-tmp-5-8 mr-tmp-6-8 mr-tmp-7-8] 16 0}
2024/03/05 11:17:22 worker  9 get order:  &{1 [mr-tmp-0-8 mr-tmp-1-8 mr-tmp-2-8 mr-tmp-3-8 mr-tmp-4-8 mr-tmp-5-8 mr-tmp-6-8 mr-tmp-7-8] 16 0}  order Type 1
2024/03/05 11:17:22 start 16 map
2024/03/05 11:17:22 Worker finish order 16, order type 1
2024/03/05 11:17:23 9 :  call for  10  times
2024/03/05 11:17:23 CallOrder: worker get response &{3 [] 0 0}
2024/03/05 11:17:23 worker  9 get order:  &{3 [] 0 0}  order Type 3
2024/03/05 11:17:23 9  waiting for order
2024/03/05 11:17:25 9 :  call for  11  times
2024/03/05 11:17:25 CallOrder: worker get response &{4 [] 0 0}
2024/03/05 11:17:25 worker  9 get order:  &{4 [] 0 0}  order Type 4
2024/03/05 11:17:26 9  killed
