2024/03/05 00:28:24 24 :  call for  1  times
2024/03/05 00:28:24 CallOrder: worker get response &{0 [../pg-being_ernest.txt] 0 10}
2024/03/05 00:28:24 worker  24 get order:  &{0 [../pg-being_ernest.txt] 0 10}  order Type 0
2024/03/05 00:28:24 start 0 map
2024/03/05 00:28:24 Worker finish order 0, order type 0
2024/03/05 00:28:25 24 :  call for  2  times
2024/03/05 00:28:25 CallOrder: worker get response &{0 [../pg-frankenstein.txt] 2 10}
2024/03/05 00:28:25 worker  24 get order:  &{0 [../pg-frankenstein.txt] 2 10}  order Type 0
2024/03/05 00:28:25 start 2 map
2024/03/05 00:28:25 Worker finish order 2, order type 0
2024/03/05 00:28:26 24 :  call for  3  times
2024/03/05 00:28:26 CallOrder: worker get response &{0 [../pg-metamorphosis.txt] 5 10}
2024/03/05 00:28:26 worker  24 get order:  &{0 [../pg-metamorphosis.txt] 5 10}  order Type 0
2024/03/05 00:28:26 start 5 map
2024/03/05 00:28:26 Worker finish order 5, order type 0
2024/03/05 00:28:27 24 :  call for  4  times
2024/03/05 00:28:27 CallOrder: worker get response &{0 [../pg-sherlock_holmes.txt] 6 10}
2024/03/05 00:28:27 worker  24 get order:  &{0 [../pg-sherlock_holmes.txt] 6 10}  order Type 0
2024/03/05 00:28:27 start 6 map
2024/03/05 00:28:27 Worker finish order 6, order type 0
2024/03/05 00:28:28 24 :  call for  5  times
2024/03/05 00:28:28 CallOrder: worker get response &{1 [mr-tmp-0-0 mr-tmp-1-0 mr-tmp-2-0 mr-tmp-3-0 mr-tmp-4-0 mr-tmp-5-0 mr-tmp-6-0 mr-tmp-7-0] 8 0}
2024/03/05 00:28:28 worker  24 get order:  &{1 [mr-tmp-0-0 mr-tmp-1-0 mr-tmp-2-0 mr-tmp-3-0 mr-tmp-4-0 mr-tmp-5-0 mr-tmp-6-0 mr-tmp-7-0] 8 0}  order Type 1
2024/03/05 00:28:29 start 8 map
2024/03/05 00:28:29 Worker finish order 8, order type 1
2024/03/05 00:28:30 24 :  call for  6  times
2024/03/05 00:28:30 CallOrder: worker get response &{1 [mr-tmp-0-2 mr-tmp-1-2 mr-tmp-2-2 mr-tmp-3-2 mr-tmp-4-2 mr-tmp-5-2 mr-tmp-6-2 mr-tmp-7-2] 10 0}
2024/03/05 00:28:30 worker  24 get order:  &{1 [mr-tmp-0-2 mr-tmp-1-2 mr-tmp-2-2 mr-tmp-3-2 mr-tmp-4-2 mr-tmp-5-2 mr-tmp-6-2 mr-tmp-7-2] 10 0}  order Type 1
2024/03/05 00:28:31 start 10 map
2024/03/05 00:28:31 Worker finish order 10, order type 1
2024/03/05 00:28:32 24 :  call for  7  times
2024/03/05 00:28:32 CallOrder: worker get response &{1 [mr-tmp-0-4 mr-tmp-1-4 mr-tmp-2-4 mr-tmp-3-4 mr-tmp-4-4 mr-tmp-5-4 mr-tmp-6-4 mr-tmp-7-4] 12 0}
2024/03/05 00:28:32 worker  24 get order:  &{1 [mr-tmp-0-4 mr-tmp-1-4 mr-tmp-2-4 mr-tmp-3-4 mr-tmp-4-4 mr-tmp-5-4 mr-tmp-6-4 mr-tmp-7-4] 12 0}  order Type 1
2024/03/05 00:28:34 start 12 map
2024/03/05 00:28:34 Worker finish order 12, order type 1
2024/03/05 00:28:35 24 :  call for  8  times
2024/03/05 00:28:35 CallOrder: worker get response &{1 [mr-tmp-0-6 mr-tmp-1-6 mr-tmp-2-6 mr-tmp-3-6 mr-tmp-4-6 mr-tmp-5-6 mr-tmp-6-6 mr-tmp-7-6] 14 0}
2024/03/05 00:28:35 worker  24 get order:  &{1 [mr-tmp-0-6 mr-tmp-1-6 mr-tmp-2-6 mr-tmp-3-6 mr-tmp-4-6 mr-tmp-5-6 mr-tmp-6-6 mr-tmp-7-6] 14 0}  order Type 1
2024/03/05 00:28:36 start 14 map
2024/03/05 00:28:36 Worker finish order 14, order type 1
2024/03/05 00:28:37 24 :  call for  9  times
2024/03/05 00:28:37 CallOrder: worker get response &{1 [mr-tmp-0-8 mr-tmp-1-8 mr-tmp-2-8 mr-tmp-3-8 mr-tmp-4-8 mr-tmp-5-8 mr-tmp-6-8 mr-tmp-7-8] 16 0}
2024/03/05 00:28:37 worker  24 get order:  &{1 [mr-tmp-0-8 mr-tmp-1-8 mr-tmp-2-8 mr-tmp-3-8 mr-tmp-4-8 mr-tmp-5-8 mr-tmp-6-8 mr-tmp-7-8] 16 0}  order Type 1
2024/03/05 00:28:37 start 16 map
2024/03/05 00:28:37 Worker finish order 16, order type 1
2024/03/05 00:28:38 24 :  call for  10  times
2024/03/05 00:28:38 CallOrder: worker get response &{3 [] 0 0}
2024/03/05 00:28:38 worker  24 get order:  &{3 [] 0 0}  order Type 3
2024/03/05 00:28:38 24  waiting for order
2024/03/05 00:28:40 24 :  call for  11  times
2024/03/05 00:28:40 CallOrder: worker get response &{4 [] 0 0}
2024/03/05 00:28:40 worker  24 get order:  &{4 [] 0 0}  order Type 4
2024/03/05 00:28:41 24  killed
