2024/03/05 03:34:27 27 :  call for  1  times
2024/03/05 03:34:27 CallOrder: worker get response &{0 [../pg-dorian_gray.txt] 1 10}
2024/03/05 03:34:27 worker  27 get order:  &{0 [../pg-dorian_gray.txt] 1 10}  order Type 0
2024/03/05 03:34:35 start 1 map
2024/03/05 03:34:35 Worker finish order 1, order type 0
2024/03/05 03:34:36 27 :  call for  2  times
2024/03/05 03:34:36 CallOrder: worker get response &{2 [] 0 0}
2024/03/05 03:34:36 worker  27 get order:  &{2 [] 0 0}  order Type 2
2024/03/05 03:34:36 27  waiting for order
2024/03/05 03:34:38 27 :  call for  3  times
2024/03/05 03:34:38 CallOrder: worker get response &{2 [] 0 0}
2024/03/05 03:34:38 worker  27 get order:  &{2 [] 0 0}  order Type 2
2024/03/05 03:34:38 27  waiting for order
2024/03/05 03:34:40 27 :  call for  4  times
2024/03/05 03:34:40 CallOrder: worker get response &{2 [] 0 0}
2024/03/05 03:34:40 worker  27 get order:  &{2 [] 0 0}  order Type 2
2024/03/05 03:34:40 27  waiting for order
2024/03/05 03:34:42 27 :  call for  5  times
2024/03/05 03:34:42 CallOrder: worker get response &{0 [../pg-tom_sawyer.txt] 7 10}
2024/03/05 03:34:42 worker  27 get order:  &{0 [../pg-tom_sawyer.txt] 7 10}  order Type 0
