2024/03/05 09:03:30 30 :  call for  1  times
2024/03/05 09:03:30 CallOrder: worker get response &{0 [../pg-being_ernest.txt] 0 10}
2024/03/05 09:03:30 worker  30 get order:  &{0 [../pg-being_ernest.txt] 0 10}  order Type 0
2024/03/05 09:03:30 start 0 map
2024/03/05 09:03:30 Worker finish order 0, order type 0
2024/03/05 09:03:31 30 :  call for  2  times
2024/03/05 09:03:31 CallOrder: worker get response &{0 [../pg-frankenstein.txt] 2 10}
2024/03/05 09:03:31 worker  30 get order:  &{0 [../pg-frankenstein.txt] 2 10}  order Type 0
2024/03/05 09:03:31 start 2 map
2024/03/05 09:03:31 Worker finish order 2, order type 0
2024/03/05 09:03:32 30 :  call for  3  times
2024/03/05 09:03:32 CallOrder: worker get response &{0 [../pg-huckleberry_finn.txt] 4 10}
2024/03/05 09:03:32 worker  30 get order:  &{0 [../pg-huckleberry_finn.txt] 4 10}  order Type 0
2024/03/05 09:03:32 start 4 map
2024/03/05 09:03:32 Worker finish order 4, order type 0
2024/03/05 09:03:33 30 :  call for  4  times
2024/03/05 09:03:33 CallOrder: worker get response &{0 [../pg-sherlock_holmes.txt] 6 10}
2024/03/05 09:03:33 worker  30 get order:  &{0 [../pg-sherlock_holmes.txt] 6 10}  order Type 0
2024/03/05 09:03:33 start 6 map
2024/03/05 09:03:33 Worker finish order 6, order type 0
2024/03/05 09:03:34 30 :  call for  5  times
2024/03/05 09:03:34 CallOrder: worker get response &{1 [mr-tmp-0-0 mr-tmp-1-0 mr-tmp-2-0 mr-tmp-3-0 mr-tmp-4-0 mr-tmp-5-0 mr-tmp-6-0 mr-tmp-7-0] 8 0}
2024/03/05 09:03:34 worker  30 get order:  &{1 [mr-tmp-0-0 mr-tmp-1-0 mr-tmp-2-0 mr-tmp-3-0 mr-tmp-4-0 mr-tmp-5-0 mr-tmp-6-0 mr-tmp-7-0] 8 0}  order Type 1
2024/03/05 09:03:35 start 8 map
2024/03/05 09:03:35 Worker finish order 8, order type 1
2024/03/05 09:03:36 30 :  call for  6  times
2024/03/05 09:03:36 CallOrder: worker get response &{1 [mr-tmp-0-2 mr-tmp-1-2 mr-tmp-2-2 mr-tmp-3-2 mr-tmp-4-2 mr-tmp-5-2 mr-tmp-6-2 mr-tmp-7-2] 10 0}
2024/03/05 09:03:36 worker  30 get order:  &{1 [mr-tmp-0-2 mr-tmp-1-2 mr-tmp-2-2 mr-tmp-3-2 mr-tmp-4-2 mr-tmp-5-2 mr-tmp-6-2 mr-tmp-7-2] 10 0}  order Type 1
2024/03/05 09:03:37 start 10 map
2024/03/05 09:03:37 Worker finish order 10, order type 1
2024/03/05 09:03:38 30 :  call for  7  times
2024/03/05 09:03:38 CallOrder: worker get response &{1 [mr-tmp-0-4 mr-tmp-1-4 mr-tmp-2-4 mr-tmp-3-4 mr-tmp-4-4 mr-tmp-5-4 mr-tmp-6-4 mr-tmp-7-4] 12 0}
2024/03/05 09:03:38 worker  30 get order:  &{1 [mr-tmp-0-4 mr-tmp-1-4 mr-tmp-2-4 mr-tmp-3-4 mr-tmp-4-4 mr-tmp-5-4 mr-tmp-6-4 mr-tmp-7-4] 12 0}  order Type 1
2024/03/05 09:03:40 start 12 map
2024/03/05 09:03:40 Worker finish order 12, order type 1
2024/03/05 09:03:41 30 :  call for  8  times
2024/03/05 09:03:41 CallOrder: worker get response &{1 [mr-tmp-0-6 mr-tmp-1-6 mr-tmp-2-6 mr-tmp-3-6 mr-tmp-4-6 mr-tmp-5-6 mr-tmp-6-6 mr-tmp-7-6] 14 0}
2024/03/05 09:03:41 worker  30 get order:  &{1 [mr-tmp-0-6 mr-tmp-1-6 mr-tmp-2-6 mr-tmp-3-6 mr-tmp-4-6 mr-tmp-5-6 mr-tmp-6-6 mr-tmp-7-6] 14 0}  order Type 1
2024/03/05 09:03:42 start 14 map
2024/03/05 09:03:42 Worker finish order 14, order type 1
2024/03/05 09:03:44 30 :  call for  9  times
2024/03/05 09:03:44 CallOrder: worker get response &{1 [mr-tmp-0-8 mr-tmp-1-8 mr-tmp-2-8 mr-tmp-3-8 mr-tmp-4-8 mr-tmp-5-8 mr-tmp-6-8 mr-tmp-7-8] 16 0}
2024/03/05 09:03:44 worker  30 get order:  &{1 [mr-tmp-0-8 mr-tmp-1-8 mr-tmp-2-8 mr-tmp-3-8 mr-tmp-4-8 mr-tmp-5-8 mr-tmp-6-8 mr-tmp-7-8] 16 0}  order Type 1
2024/03/05 09:03:44 start 16 map
2024/03/05 09:03:44 Worker finish order 16, order type 1
2024/03/05 09:03:45 30 :  call for  10  times
2024/03/05 09:03:45 CallOrder: worker get response &{3 [] 0 0}
2024/03/05 09:03:45 worker  30 get order:  &{3 [] 0 0}  order Type 3
2024/03/05 09:03:45 30  waiting for order
2024/03/05 09:03:47 30 :  call for  11  times
2024/03/05 09:03:47 CallOrder: worker get response &{4 [] 0 0}
2024/03/05 09:03:47 worker  30 get order:  &{4 [] 0 0}  order Type 4
2024/03/05 09:03:48 30  killed
