2024/03/05 10:51:02 2 :  call for  1  times
2024/03/05 10:51:02 CallOrder: worker get response &{3 [] 0 0}
2024/03/05 10:51:02 worker  2 get order:  &{3 [] 0 0}  order Type 3
2024/03/05 10:51:02 2  waiting for order
2024/03/05 10:51:04 2 :  call for  2  times
2024/03/05 10:51:04 CallOrder: worker get response &{3 [] 0 0}
2024/03/05 10:51:04 worker  2 get order:  &{3 [] 0 0}  order Type 3
2024/03/05 10:51:04 2  waiting for order
2024/03/05 10:51:06 2 :  call for  3  times
2024/03/05 10:51:06 CallOrder: worker get response &{3 [] 0 0}
2024/03/05 10:51:06 worker  2 get order:  &{3 [] 0 0}  order Type 3
2024/03/05 10:51:06 2  waiting for order
2024/03/05 10:51:08 2 :  call for  4  times
2024/03/05 10:51:08 CallOrder: worker get response &{3 [] 0 0}
2024/03/05 10:51:08 worker  2 get order:  &{3 [] 0 0}  order Type 3
2024/03/05 10:51:08 2  waiting for order
2024/03/05 10:51:10 2 :  call for  5  times
2024/03/05 10:51:10 CallOrder: worker get response &{3 [] 0 0}
2024/03/05 10:51:10 worker  2 get order:  &{3 [] 0 0}  order Type 3
2024/03/05 10:51:10 2  waiting for order
2024/03/05 10:51:12 2 :  call for  6  times
2024/03/05 10:51:12 CallOrder: worker get response &{3 [] 0 0}
2024/03/05 10:51:12 worker  2 get order:  &{3 [] 0 0}  order Type 3
2024/03/05 10:51:12 2  waiting for order
2024/03/05 10:51:14 2 :  call for  7  times
2024/03/05 10:51:14 CallOrder: worker get response &{3 [] 0 0}
2024/03/05 10:51:14 worker  2 get order:  &{3 [] 0 0}  order Type 3
2024/03/05 10:51:14 2  waiting for order
2024/03/05 10:51:16 2 :  call for  8  times
2024/03/05 10:51:16 CallOrder: worker get response &{3 [] 0 0}
2024/03/05 10:51:16 worker  2 get order:  &{3 [] 0 0}  order Type 3
2024/03/05 10:51:16 2  waiting for order
2024/03/05 10:51:18 2 :  call for  9  times
2024/03/05 10:51:18 CallOrder: worker get response &{3 [] 0 0}
2024/03/05 10:51:18 worker  2 get order:  &{3 [] 0 0}  order Type 3
2024/03/05 10:51:18 2  waiting for order
2024/03/05 10:51:20 2 :  call for  10  times
2024/03/05 10:51:20 dialing:dial unix /var/tmp/824-mr-0: connect: connection refused
