2024/03/05 05:19:09 9 :  call for  1  times
2024/03/05 05:19:09 CallOrder: worker get response &{3 [] 0 0}
2024/03/05 05:19:09 worker  9 get order:  &{3 [] 0 0}  order Type 3
2024/03/05 05:19:09 9  waiting for order
2024/03/05 05:19:11 9 :  call for  2  times
2024/03/05 05:19:11 CallOrder: worker get response &{3 [] 0 0}
2024/03/05 05:19:11 worker  9 get order:  &{3 [] 0 0}  order Type 3
2024/03/05 05:19:11 9  waiting for order
2024/03/05 05:19:13 9 :  call for  3  times
2024/03/05 05:19:13 CallOrder: worker get response &{3 [] 0 0}
2024/03/05 05:19:13 worker  9 get order:  &{3 [] 0 0}  order Type 3
2024/03/05 05:19:13 9  waiting for order
2024/03/05 05:19:15 9 :  call for  4  times
2024/03/05 05:19:15 CallOrder: worker get response &{3 [] 0 0}
2024/03/05 05:19:15 worker  9 get order:  &{3 [] 0 0}  order Type 3
2024/03/05 05:19:15 9  waiting for order
2024/03/05 05:19:17 9 :  call for  5  times
2024/03/05 05:19:17 CallOrder: worker get response &{3 [] 0 0}
2024/03/05 05:19:17 worker  9 get order:  &{3 [] 0 0}  order Type 3
2024/03/05 05:19:17 9  waiting for order
2024/03/05 05:19:19 9 :  call for  6  times
2024/03/05 05:19:19 CallOrder: worker get response &{1 [mr-tmp-0-5 mr-tmp-1-5 mr-tmp-2-5 mr-tmp-3-5 mr-tmp-4-5 mr-tmp-5-5 mr-tmp-6-5 mr-tmp-7-5] 13 0}
2024/03/05 05:19:19 worker  9 get order:  &{1 [mr-tmp-0-5 mr-tmp-1-5 mr-tmp-2-5 mr-tmp-3-5 mr-tmp-4-5 mr-tmp-5-5 mr-tmp-6-5 mr-tmp-7-5] 13 0}  order Type 1
2024/03/05 05:19:24 start 13 map
2024/03/05 05:19:24 Worker finish order 13, order type 1
2024/03/05 05:19:25 9 :  call for  7  times
2024/03/05 05:19:25 CallOrder: worker get response &{4 [] 0 0}
2024/03/05 05:19:25 worker  9 get order:  &{4 [] 0 0}  order Type 4
2024/03/05 05:19:26 9  killed
