2024/03/05 00:37:16 16 :  call for  1  times
2024/03/05 00:37:16 CallOrder: worker get response &{0 [../pg-frankenstein.txt] 2 10}
2024/03/05 00:37:16 worker  16 get order:  &{0 [../pg-frankenstein.txt] 2 10}  order Type 0
2024/03/05 00:37:23 start 2 map
2024/03/05 00:37:23 Worker finish order 2, order type 0
2024/03/05 00:37:24 16 :  call for  2  times
2024/03/05 00:37:24 CallOrder: worker get response &{2 [] 0 0}
2024/03/05 00:37:24 worker  16 get order:  &{2 [] 0 0}  order Type 2
2024/03/05 00:37:24 16  waiting for order
2024/03/05 00:37:26 16 :  call for  3  times
2024/03/05 00:37:26 CallOrder: worker get response &{2 [] 0 0}
2024/03/05 00:37:26 worker  16 get order:  &{2 [] 0 0}  order Type 2
2024/03/05 00:37:26 16  waiting for order
2024/03/05 00:37:28 16 :  call for  4  times
2024/03/05 00:37:28 CallOrder: worker get response &{2 [] 0 0}
2024/03/05 00:37:28 worker  16 get order:  &{2 [] 0 0}  order Type 2
2024/03/05 00:37:28 16  waiting for order
2024/03/05 00:37:30 16 :  call for  5  times
2024/03/05 00:37:30 CallOrder: worker get response &{2 [] 0 0}
2024/03/05 00:37:30 worker  16 get order:  &{2 [] 0 0}  order Type 2
2024/03/05 00:37:30 16  waiting for order
2024/03/05 00:37:32 16 :  call for  6  times
2024/03/05 00:37:32 CallOrder: worker get response &{2 [] 0 0}
2024/03/05 00:37:32 worker  16 get order:  &{2 [] 0 0}  order Type 2
2024/03/05 00:37:32 16  waiting for order
2024/03/05 00:37:34 16 :  call for  7  times
2024/03/05 00:37:34 CallOrder: worker get response &{2 [] 0 0}
2024/03/05 00:37:34 worker  16 get order:  &{2 [] 0 0}  order Type 2
2024/03/05 00:37:34 16  waiting for order
2024/03/05 00:37:36 16 :  call for  8  times
2024/03/05 00:37:36 CallOrder: worker get response &{1 [mr-tmp-0-4 mr-tmp-1-4 mr-tmp-2-4 mr-tmp-3-4 mr-tmp-4-4 mr-tmp-5-4 mr-tmp-6-4 mr-tmp-7-4] 12 0}
2024/03/05 00:37:36 worker  16 get order:  &{1 [mr-tmp-0-4 mr-tmp-1-4 mr-tmp-2-4 mr-tmp-3-4 mr-tmp-4-4 mr-tmp-5-4 mr-tmp-6-4 mr-tmp-7-4] 12 0}  order Type 1
2024/03/05 00:37:36 start 12 map
2024/03/05 00:37:36 Worker finish order 12, order type 1
2024/03/05 00:37:37 16 :  call for  9  times
2024/03/05 00:37:37 CallOrder: worker get response &{1 [mr-tmp-0-6 mr-tmp-1-6 mr-tmp-2-6 mr-tmp-3-6 mr-tmp-4-6 mr-tmp-5-6 mr-tmp-6-6 mr-tmp-7-6] 14 0}
2024/03/05 00:37:37 worker  16 get order:  &{1 [mr-tmp-0-6 mr-tmp-1-6 mr-tmp-2-6 mr-tmp-3-6 mr-tmp-4-6 mr-tmp-5-6 mr-tmp-6-6 mr-tmp-7-6] 14 0}  order Type 1
2024/03/05 00:37:37 start 14 map
2024/03/05 00:37:37 Worker finish order 14, order type 1
2024/03/05 00:37:38 16 :  call for  10  times
2024/03/05 00:37:38 CallOrder: worker get response &{1 [mr-tmp-0-8 mr-tmp-1-8 mr-tmp-2-8 mr-tmp-3-8 mr-tmp-4-8 mr-tmp-5-8 mr-tmp-6-8 mr-tmp-7-8] 16 0}
2024/03/05 00:37:38 worker  16 get order:  &{1 [mr-tmp-0-8 mr-tmp-1-8 mr-tmp-2-8 mr-tmp-3-8 mr-tmp-4-8 mr-tmp-5-8 mr-tmp-6-8 mr-tmp-7-8] 16 0}  order Type 1
2024/03/05 00:37:38 start 16 map
2024/03/05 00:37:38 Worker finish order 16, order type 1
2024/03/05 00:37:39 16 :  call for  11  times
2024/03/05 00:37:39 CallOrder: worker get response &{3 [] 0 0}
2024/03/05 00:37:39 worker  16 get order:  &{3 [] 0 0}  order Type 3
2024/03/05 00:37:39 16  waiting for order
2024/03/05 00:37:41 16 :  call for  12  times
2024/03/05 00:37:41 CallOrder: worker get response &{3 [] 0 0}
2024/03/05 00:37:41 worker  16 get order:  &{3 [] 0 0}  order Type 3
2024/03/05 00:37:41 16  waiting for order
2024/03/05 00:37:43 16 :  call for  13  times
2024/03/05 00:37:43 CallOrder: worker get response &{3 [] 0 0}
2024/03/05 00:37:43 worker  16 get order:  &{3 [] 0 0}  order Type 3
2024/03/05 00:37:43 16  waiting for order
2024/03/05 00:37:45 16 :  call for  14  times
2024/03/05 00:37:45 CallOrder: worker get response &{3 [] 0 0}
2024/03/05 00:37:45 worker  16 get order:  &{3 [] 0 0}  order Type 3
2024/03/05 00:37:45 16  waiting for order
2024/03/05 00:37:47 16 :  call for  15  times
2024/03/05 00:37:47 CallOrder: worker get response &{3 [] 0 0}
2024/03/05 00:37:47 worker  16 get order:  &{3 [] 0 0}  order Type 3
2024/03/05 00:37:47 16  waiting for order
2024/03/05 00:37:49 16 :  call for  16  times
2024/03/05 00:37:49 CallOrder: worker get response &{3 [] 0 0}
2024/03/05 00:37:49 worker  16 get order:  &{3 [] 0 0}  order Type 3
2024/03/05 00:37:49 16  waiting for order
2024/03/05 00:37:51 16 :  call for  17  times
2024/03/05 00:37:51 CallOrder: worker get response &{3 [] 0 0}
2024/03/05 00:37:51 worker  16 get order:  &{3 [] 0 0}  order Type 3
2024/03/05 00:37:51 16  waiting for order
2024/03/05 00:37:53 16 :  call for  18  times
2024/03/05 00:37:53 CallOrder: worker get response &{3 [] 0 0}
2024/03/05 00:37:53 worker  16 get order:  &{3 [] 0 0}  order Type 3
2024/03/05 00:37:53 16  waiting for order
2024/03/05 00:37:55 16 :  call for  19  times
2024/03/05 00:37:55 CallOrder: worker get response &{3 [] 0 0}
2024/03/05 00:37:55 worker  16 get order:  &{3 [] 0 0}  order Type 3
2024/03/05 00:37:55 16  waiting for order
2024/03/05 00:37:57 16 :  call for  20  times
2024/03/05 00:37:57 CallOrder: worker get response &{3 [] 0 0}
2024/03/05 00:37:57 worker  16 get order:  &{3 [] 0 0}  order Type 3
2024/03/05 00:37:57 16  waiting for order
2024/03/05 00:37:59 16 :  call for  21  times
2024/03/05 00:37:59 CallOrder: worker get response &{3 [] 0 0}
2024/03/05 00:37:59 worker  16 get order:  &{3 [] 0 0}  order Type 3
2024/03/05 00:37:59 16  waiting for order
2024/03/05 00:38:01 16 :  call for  22  times
2024/03/05 00:38:01 CallOrder: worker get response &{3 [] 0 0}
2024/03/05 00:38:01 worker  16 get order:  &{3 [] 0 0}  order Type 3
2024/03/05 00:38:01 16  waiting for order
2024/03/05 00:38:03 16 :  call for  23  times
2024/03/05 00:38:03 CallOrder: worker get response &{3 [] 0 0}
2024/03/05 00:38:03 worker  16 get order:  &{3 [] 0 0}  order Type 3
2024/03/05 00:38:03 16  waiting for order
2024/03/05 00:38:05 16 :  call for  24  times
2024/03/05 00:38:05 CallOrder: worker get response &{3 [] 0 0}
2024/03/05 00:38:05 worker  16 get order:  &{3 [] 0 0}  order Type 3
2024/03/05 00:38:05 16  waiting for order
2024/03/05 00:38:07 16 :  call for  25  times
2024/03/05 00:38:07 CallOrder: worker get response &{3 [] 0 0}
2024/03/05 00:38:07 worker  16 get order:  &{3 [] 0 0}  order Type 3
2024/03/05 00:38:07 16  waiting for order
2024/03/05 00:38:09 16 :  call for  26  times
2024/03/05 00:38:09 CallOrder: worker get response &{3 [] 0 0}
2024/03/05 00:38:09 worker  16 get order:  &{3 [] 0 0}  order Type 3
2024/03/05 00:38:09 16  waiting for order
2024/03/05 00:38:11 16 :  call for  27  times
2024/03/05 00:38:11 CallOrder: worker get response &{3 [] 0 0}
2024/03/05 00:38:11 worker  16 get order:  &{3 [] 0 0}  order Type 3
2024/03/05 00:38:11 16  waiting for order
2024/03/05 00:38:13 16 :  call for  28  times
2024/03/05 00:38:13 CallOrder: worker get response &{3 [] 0 0}
2024/03/05 00:38:13 worker  16 get order:  &{3 [] 0 0}  order Type 3
2024/03/05 00:38:13 16  waiting for order
2024/03/05 00:38:15 16 :  call for  29  times
2024/03/05 00:38:15 CallOrder: worker get response &{3 [] 0 0}
2024/03/05 00:38:15 worker  16 get order:  &{3 [] 0 0}  order Type 3
2024/03/05 00:38:15 16  waiting for order
2024/03/05 00:38:17 16 :  call for  30  times
2024/03/05 00:38:17 CallOrder: worker get response &{3 [] 0 0}
2024/03/05 00:38:17 worker  16 get order:  &{3 [] 0 0}  order Type 3
2024/03/05 00:38:17 16  waiting for order
2024/03/05 00:38:19 16 :  call for  31  times
2024/03/05 00:38:19 CallOrder: worker get response &{4 [] 0 0}
2024/03/05 00:38:19 worker  16 get order:  &{4 [] 0 0}  order Type 4
2024/03/05 00:38:20 16  killed
