2024/03/04 23:38:28 28 :  call for  1  times
2024/03/04 23:38:28 CallOrder: worker get response &{0 [../pg-sherlock_holmes.txt] 6 10}
2024/03/04 23:38:28 worker  28 get order:  &{0 [../pg-sherlock_holmes.txt] 6 10}  order Type 0
2024/03/04 23:38:29 start 6 map
2024/03/04 23:38:29 Worker finish order 6, order type 0
2024/03/04 23:38:30 28 :  call for  2  times
2024/03/04 23:38:30 CallOrder: worker get response &{2 [] 0 0}
2024/03/04 23:38:30 worker  28 get order:  &{2 [] 0 0}  order Type 2
2024/03/04 23:38:30 28  waiting for order
2024/03/04 23:38:32 28 :  call for  3  times
2024/03/04 23:38:32 CallOrder: worker get response &{2 [] 0 0}
2024/03/04 23:38:32 worker  28 get order:  &{2 [] 0 0}  order Type 2
2024/03/04 23:38:32 28  waiting for order
2024/03/04 23:38:34 28 :  call for  4  times
2024/03/04 23:38:34 CallOrder: worker get response &{2 [] 0 0}
2024/03/04 23:38:34 worker  28 get order:  &{2 [] 0 0}  order Type 2
2024/03/04 23:38:34 28  waiting for order
2024/03/04 23:38:36 28 :  call for  5  times
2024/03/04 23:38:36 CallOrder: worker get response &{2 [] 0 0}
2024/03/04 23:38:36 worker  28 get order:  &{2 [] 0 0}  order Type 2
2024/03/04 23:38:36 28  waiting for order
2024/03/04 23:38:38 28 :  call for  6  times
2024/03/04 23:38:38 CallOrder: worker get response &{2 [] 0 0}
2024/03/04 23:38:38 worker  28 get order:  &{2 [] 0 0}  order Type 2
2024/03/04 23:38:38 28  waiting for order
2024/03/04 23:38:40 28 :  call for  7  times
2024/03/04 23:38:40 CallOrder: worker get response &{1 [mr-tmp-0-2 mr-tmp-1-2 mr-tmp-2-2 mr-tmp-3-2 mr-tmp-4-2 mr-tmp-5-2 mr-tmp-6-2 mr-tmp-7-2] 10 0}
2024/03/04 23:38:40 worker  28 get order:  &{1 [mr-tmp-0-2 mr-tmp-1-2 mr-tmp-2-2 mr-tmp-3-2 mr-tmp-4-2 mr-tmp-5-2 mr-tmp-6-2 mr-tmp-7-2] 10 0}  order Type 1
2024/03/04 23:38:48 start 10 map
2024/03/04 23:38:48 Worker finish order 10, order type 1
2024/03/04 23:38:49 28 :  call for  8  times
2024/03/04 23:38:49 CallOrder: worker get response &{3 [] 0 0}
2024/03/04 23:38:49 worker  28 get order:  &{3 [] 0 0}  order Type 3
2024/03/04 23:38:49 28  waiting for order
2024/03/04 23:38:51 28 :  call for  9  times
2024/03/04 23:38:51 CallOrder: worker get response &{3 [] 0 0}
2024/03/04 23:38:51 worker  28 get order:  &{3 [] 0 0}  order Type 3
2024/03/04 23:38:51 28  waiting for order
2024/03/04 23:38:53 28 :  call for  10  times
2024/03/04 23:38:53 CallOrder: worker get response &{3 [] 0 0}
2024/03/04 23:38:53 worker  28 get order:  &{3 [] 0 0}  order Type 3
2024/03/04 23:38:53 28  waiting for order
2024/03/04 23:38:55 28 :  call for  11  times
2024/03/04 23:38:55 CallOrder: worker get response &{4 [] 0 0}
2024/03/04 23:38:55 worker  28 get order:  &{4 [] 0 0}  order Type 4
2024/03/04 23:38:56 28  killed
