2024/03/05 01:52:32 32 :  call for  1  times
2024/03/05 01:52:32 CallOrder: worker get response &{0 [../pg-sherlock_holmes.txt] 6 10}
2024/03/05 01:52:32 worker  32 get order:  &{0 [../pg-sherlock_holmes.txt] 6 10}  order Type 0
2024/03/05 01:52:32 start 6 map
2024/03/05 01:52:32 Worker finish order 6, order type 0
2024/03/05 01:52:33 32 :  call for  2  times
2024/03/05 01:52:33 CallOrder: worker get response &{2 [] 0 0}
2024/03/05 01:52:33 worker  32 get order:  &{2 [] 0 0}  order Type 2
2024/03/05 01:52:33 32  waiting for order
2024/03/05 01:52:35 32 :  call for  3  times
2024/03/05 01:52:35 CallOrder: worker get response &{2 [] 0 0}
2024/03/05 01:52:35 worker  32 get order:  &{2 [] 0 0}  order Type 2
2024/03/05 01:52:35 32  waiting for order
2024/03/05 01:52:37 32 :  call for  4  times
2024/03/05 01:52:37 CallOrder: worker get response &{2 [] 0 0}
2024/03/05 01:52:37 worker  32 get order:  &{2 [] 0 0}  order Type 2
2024/03/05 01:52:37 32  waiting for order
2024/03/05 01:52:39 32 :  call for  5  times
2024/03/05 01:52:39 CallOrder: worker get response &{2 [] 0 0}
2024/03/05 01:52:39 worker  32 get order:  &{2 [] 0 0}  order Type 2
2024/03/05 01:52:39 32  waiting for order
2024/03/05 01:52:41 32 :  call for  6  times
2024/03/05 01:52:41 CallOrder: worker get response &{2 [] 0 0}
2024/03/05 01:52:41 worker  32 get order:  &{2 [] 0 0}  order Type 2
2024/03/05 01:52:41 32  waiting for order
2024/03/05 01:52:43 32 :  call for  7  times
2024/03/05 01:52:43 CallOrder: worker get response &{2 [] 0 0}
2024/03/05 01:52:43 worker  32 get order:  &{2 [] 0 0}  order Type 2
2024/03/05 01:52:43 32  waiting for order
2024/03/05 01:52:45 32 :  call for  8  times
2024/03/05 01:52:45 CallOrder: worker get response &{2 [] 0 0}
2024/03/05 01:52:45 worker  32 get order:  &{2 [] 0 0}  order Type 2
2024/03/05 01:52:45 32  waiting for order
2024/03/05 01:52:47 32 :  call for  9  times
2024/03/05 01:52:47 CallOrder: worker get response &{2 [] 0 0}
2024/03/05 01:52:47 worker  32 get order:  &{2 [] 0 0}  order Type 2
2024/03/05 01:52:47 32  waiting for order
2024/03/05 01:52:49 32 :  call for  10  times
2024/03/05 01:52:49 CallOrder: worker get response &{2 [] 0 0}
2024/03/05 01:52:49 worker  32 get order:  &{2 [] 0 0}  order Type 2
2024/03/05 01:52:49 32  waiting for order
2024/03/05 01:52:51 32 :  call for  11  times
2024/03/05 01:52:51 CallOrder: worker get response &{2 [] 0 0}
2024/03/05 01:52:51 worker  32 get order:  &{2 [] 0 0}  order Type 2
2024/03/05 01:52:51 32  waiting for order
2024/03/05 01:52:53 32 :  call for  12  times
2024/03/05 01:52:53 CallOrder: worker get response &{0 [../pg-huckleberry_finn.txt] 4 10}
2024/03/05 01:52:53 worker  32 get order:  &{0 [../pg-huckleberry_finn.txt] 4 10}  order Type 0
