2024/03/04 22:02:24 24 :  call for  1  times
2024/03/04 22:02:24 CallOrder: worker get response &{0 [../pg-being_ernest.txt] 0 10}
2024/03/04 22:02:24 worker  24 get order:  &{0 [../pg-being_ernest.txt] 0 10}  order Type 0
2024/03/04 22:02:24 start 0 map
2024/03/04 22:02:24 Worker finish order 0, order type 0
2024/03/04 22:02:25 24 :  call for  2  times
2024/03/04 22:02:25 CallOrder: worker get response &{0 [../pg-grimm.txt] 3 10}
2024/03/04 22:02:25 worker  24 get order:  &{0 [../pg-grimm.txt] 3 10}  order Type 0
2024/03/04 22:02:25 start 3 map
2024/03/04 22:02:25 Worker finish order 3, order type 0
2024/03/04 22:02:26 24 :  call for  3  times
2024/03/04 22:02:26 CallOrder: worker get response &{0 [../pg-tom_sawyer.txt] 7 10}
2024/03/04 22:02:26 worker  24 get order:  &{0 [../pg-tom_sawyer.txt] 7 10}  order Type 0
2024/03/04 22:02:26 start 7 map
2024/03/04 22:02:26 Worker finish order 7, order type 0
2024/03/04 22:02:27 24 :  call for  4  times
2024/03/04 22:02:27 CallOrder: worker get response &{1 [mr-tmp-0-0 mr-tmp-1-0 mr-tmp-2-0 mr-tmp-3-0 mr-tmp-4-0 mr-tmp-5-0 mr-tmp-6-0 mr-tmp-7-0] 8 0}
2024/03/04 22:02:27 worker  24 get order:  &{1 [mr-tmp-0-0 mr-tmp-1-0 mr-tmp-2-0 mr-tmp-3-0 mr-tmp-4-0 mr-tmp-5-0 mr-tmp-6-0 mr-tmp-7-0] 8 0}  order Type 1
2024/03/04 22:02:27 start 8 map
2024/03/04 22:02:27 Worker finish order 8, order type 1
2024/03/04 22:02:28 24 :  call for  5  times
2024/03/04 22:02:28 CallOrder: worker get response &{1 [mr-tmp-0-2 mr-tmp-1-2 mr-tmp-2-2 mr-tmp-3-2 mr-tmp-4-2 mr-tmp-5-2 mr-tmp-6-2 mr-tmp-7-2] 10 0}
2024/03/04 22:02:28 worker  24 get order:  &{1 [mr-tmp-0-2 mr-tmp-1-2 mr-tmp-2-2 mr-tmp-3-2 mr-tmp-4-2 mr-tmp-5-2 mr-tmp-6-2 mr-tmp-7-2] 10 0}  order Type 1
2024/03/04 22:02:31 start 10 map
2024/03/04 22:02:31 Worker finish order 10, order type 1
2024/03/04 22:02:32 24 :  call for  6  times
2024/03/04 22:02:32 CallOrder: worker get response &{1 [mr-tmp-0-9 mr-tmp-1-9 mr-tmp-2-9 mr-tmp-3-9 mr-tmp-4-9 mr-tmp-5-9 mr-tmp-6-9 mr-tmp-7-9] 17 0}
2024/03/04 22:02:32 worker  24 get order:  &{1 [mr-tmp-0-9 mr-tmp-1-9 mr-tmp-2-9 mr-tmp-3-9 mr-tmp-4-9 mr-tmp-5-9 mr-tmp-6-9 mr-tmp-7-9] 17 0}  order Type 1
2024/03/04 22:02:32 start 17 map
2024/03/04 22:02:32 Worker finish order 17, order type 1
2024/03/04 22:02:33 24 :  call for  7  times
2024/03/04 22:02:33 CallOrder: worker get response &{4 [] 0 0}
2024/03/04 22:02:33 worker  24 get order:  &{4 [] 0 0}  order Type 4
2024/03/04 22:02:34 24  killed
