2024/03/04 23:23:01 1 :  call for  1  times
2024/03/04 23:23:01 CallOrder: worker get response &{0 [../pg-frankenstein.txt] 2 10}
2024/03/04 23:23:01 worker  1 get order:  &{0 [../pg-frankenstein.txt] 2 10}  order Type 0
2024/03/04 23:23:03 start 2 map
2024/03/04 23:23:03 Worker finish order 2, order type 0
2024/03/04 23:23:04 1 :  call for  2  times
2024/03/04 23:23:04 CallOrder: worker get response &{0 [../pg-metamorphosis.txt] 5 10}
2024/03/04 23:23:04 worker  1 get order:  &{0 [../pg-metamorphosis.txt] 5 10}  order Type 0
2024/03/04 23:23:04 start 5 map
2024/03/04 23:23:04 Worker finish order 5, order type 0
2024/03/04 23:23:05 1 :  call for  3  times
2024/03/04 23:23:05 CallOrder: worker get response &{0 [../pg-sherlock_holmes.txt] 6 10}
2024/03/04 23:23:05 worker  1 get order:  &{0 [../pg-sherlock_holmes.txt] 6 10}  order Type 0
2024/03/04 23:23:07 start 6 map
2024/03/04 23:23:07 Worker finish order 6, order type 0
2024/03/04 23:23:08 1 :  call for  4  times
2024/03/04 23:23:08 CallOrder: worker get response &{1 [mr-tmp-0-0 mr-tmp-1-0 mr-tmp-2-0 mr-tmp-3-0 mr-tmp-4-0 mr-tmp-5-0 mr-tmp-6-0 mr-tmp-7-0] 8 0}
2024/03/04 23:23:08 worker  1 get order:  &{1 [mr-tmp-0-0 mr-tmp-1-0 mr-tmp-2-0 mr-tmp-3-0 mr-tmp-4-0 mr-tmp-5-0 mr-tmp-6-0 mr-tmp-7-0] 8 0}  order Type 1
2024/03/04 23:23:09 start 8 map
2024/03/04 23:23:09 Worker finish order 8, order type 1
2024/03/04 23:23:10 1 :  call for  5  times
2024/03/04 23:23:10 CallOrder: worker get response &{1 [mr-tmp-0-2 mr-tmp-1-2 mr-tmp-2-2 mr-tmp-3-2 mr-tmp-4-2 mr-tmp-5-2 mr-tmp-6-2 mr-tmp-7-2] 10 0}
2024/03/04 23:23:10 worker  1 get order:  &{1 [mr-tmp-0-2 mr-tmp-1-2 mr-tmp-2-2 mr-tmp-3-2 mr-tmp-4-2 mr-tmp-5-2 mr-tmp-6-2 mr-tmp-7-2] 10 0}  order Type 1
2024/03/04 23:23:12 start 10 map
2024/03/04 23:23:12 Worker finish order 10, order type 1
2024/03/04 23:23:13 1 :  call for  6  times
2024/03/04 23:23:13 CallOrder: worker get response &{1 [mr-tmp-0-6 mr-tmp-1-6 mr-tmp-2-6 mr-tmp-3-6 mr-tmp-4-6 mr-tmp-5-6 mr-tmp-6-6 mr-tmp-7-6] 14 0}
2024/03/04 23:23:13 worker  1 get order:  &{1 [mr-tmp-0-6 mr-tmp-1-6 mr-tmp-2-6 mr-tmp-3-6 mr-tmp-4-6 mr-tmp-5-6 mr-tmp-6-6 mr-tmp-7-6] 14 0}  order Type 1
2024/03/04 23:23:14 start 14 map
2024/03/04 23:23:14 Worker finish order 14, order type 1
2024/03/04 23:23:15 1 :  call for  7  times
2024/03/04 23:23:15 CallOrder: worker get response &{3 [] 0 0}
2024/03/04 23:23:15 worker  1 get order:  &{3 [] 0 0}  order Type 3
2024/03/04 23:23:15 1  waiting for order
2024/03/04 23:23:17 1 :  call for  8  times
2024/03/04 23:23:17 CallOrder: worker get response &{4 [] 0 0}
2024/03/04 23:23:17 worker  1 get order:  &{4 [] 0 0}  order Type 4
2024/03/04 23:23:18 1  killed
