2024/03/04 23:13:50 50 :  call for  1  times
2024/03/04 23:13:50 CallOrder: worker get response &{3 [] 0 0}
2024/03/04 23:13:50 worker  50 get order:  &{3 [] 0 0}  order Type 3
2024/03/04 23:13:50 50  waiting for order
2024/03/04 23:13:52 50 :  call for  2  times
2024/03/04 23:13:52 CallOrder: worker get response &{3 [] 0 0}
2024/03/04 23:13:52 worker  50 get order:  &{3 [] 0 0}  order Type 3
2024/03/04 23:13:52 50  waiting for order
2024/03/04 23:13:54 50 :  call for  3  times
2024/03/04 23:13:54 CallOrder: worker get response &{3 [] 0 0}
2024/03/04 23:13:54 worker  50 get order:  &{3 [] 0 0}  order Type 3
2024/03/04 23:13:54 50  waiting for order
2024/03/04 23:13:56 50 :  call for  4  times
2024/03/04 23:13:56 CallOrder: worker get response &{3 [] 0 0}
2024/03/04 23:13:56 worker  50 get order:  &{3 [] 0 0}  order Type 3
2024/03/04 23:13:56 50  waiting for order
2024/03/04 23:13:58 50 :  call for  5  times
2024/03/04 23:13:58 CallOrder: worker get response &{3 [] 0 0}
2024/03/04 23:13:58 worker  50 get order:  &{3 [] 0 0}  order Type 3
2024/03/04 23:13:58 50  waiting for order
2024/03/04 23:14:00 50 :  call for  6  times
2024/03/04 23:14:00 CallOrder: worker get response &{3 [] 0 0}
2024/03/04 23:14:00 worker  50 get order:  &{3 [] 0 0}  order Type 3
2024/03/04 23:14:00 50  waiting for order
2024/03/04 23:14:02 50 :  call for  7  times
2024/03/04 23:14:02 CallOrder: worker get response &{3 [] 0 0}
2024/03/04 23:14:02 worker  50 get order:  &{3 [] 0 0}  order Type 3
2024/03/04 23:14:02 50  waiting for order
2024/03/04 23:14:04 50 :  call for  8  times
2024/03/04 23:14:04 CallOrder: worker get response &{3 [] 0 0}
2024/03/04 23:14:04 worker  50 get order:  &{3 [] 0 0}  order Type 3
2024/03/04 23:14:04 50  waiting for order
2024/03/04 23:14:06 50 :  call for  9  times
2024/03/04 23:14:06 CallOrder: worker get response &{3 [] 0 0}
2024/03/04 23:14:06 worker  50 get order:  &{3 [] 0 0}  order Type 3
2024/03/04 23:14:06 50  waiting for order
2024/03/04 23:14:08 50 :  call for  10  times
2024/03/04 23:14:08 CallOrder: worker get response &{3 [] 0 0}
2024/03/04 23:14:08 worker  50 get order:  &{3 [] 0 0}  order Type 3
2024/03/04 23:14:08 50  waiting for order
2024/03/04 23:14:10 50 :  call for  11  times
2024/03/04 23:14:10 CallOrder: worker get response &{3 [] 0 0}
2024/03/04 23:14:10 worker  50 get order:  &{3 [] 0 0}  order Type 3
2024/03/04 23:14:10 50  waiting for order
2024/03/04 23:14:12 50 :  call for  12  times
2024/03/04 23:14:12 CallOrder: worker get response &{3 [] 0 0}
2024/03/04 23:14:12 worker  50 get order:  &{3 [] 0 0}  order Type 3
2024/03/04 23:14:12 50  waiting for order
2024/03/04 23:14:14 50 :  call for  13  times
2024/03/04 23:14:14 CallOrder: worker get response &{3 [] 0 0}
2024/03/04 23:14:14 worker  50 get order:  &{3 [] 0 0}  order Type 3
2024/03/04 23:14:14 50  waiting for order
2024/03/04 23:14:16 50 :  call for  14  times
2024/03/04 23:14:16 CallOrder: worker get response &{3 [] 0 0}
2024/03/04 23:14:16 worker  50 get order:  &{3 [] 0 0}  order Type 3
2024/03/04 23:14:16 50  waiting for order
2024/03/04 23:14:18 50 :  call for  15  times
2024/03/04 23:14:18 CallOrder: worker get response &{3 [] 0 0}
2024/03/04 23:14:18 worker  50 get order:  &{3 [] 0 0}  order Type 3
2024/03/04 23:14:18 50  waiting for order
2024/03/04 23:14:20 50 :  call for  16  times
2024/03/04 23:14:20 CallOrder: worker get response &{3 [] 0 0}
2024/03/04 23:14:20 worker  50 get order:  &{3 [] 0 0}  order Type 3
2024/03/04 23:14:20 50  waiting for order
2024/03/04 23:14:22 50 :  call for  17  times
2024/03/04 23:14:22 CallOrder: worker get response &{3 [] 0 0}
2024/03/04 23:14:22 worker  50 get order:  &{3 [] 0 0}  order Type 3
2024/03/04 23:14:22 50  waiting for order
2024/03/04 23:14:24 50 :  call for  18  times
2024/03/04 23:14:24 dialing:dial unix /var/tmp/824-mr-0: connect: connection refused
