2024/03/05 05:24:28 28 :  call for  1  times
2024/03/05 05:24:28 CallOrder: worker get response &{2 [] 0 0}
2024/03/05 05:24:28 worker  28 get order:  &{2 [] 0 0}  order Type 2
2024/03/05 05:24:28 28  waiting for order
2024/03/05 05:24:30 28 :  call for  2  times
2024/03/05 05:24:30 CallOrder: worker get response &{2 [] 0 0}
2024/03/05 05:24:30 worker  28 get order:  &{2 [] 0 0}  order Type 2
2024/03/05 05:24:30 28  waiting for order
2024/03/05 05:24:32 28 :  call for  3  times
2024/03/05 05:24:32 CallOrder: worker get response &{2 [] 0 0}
2024/03/05 05:24:32 worker  28 get order:  &{2 [] 0 0}  order Type 2
2024/03/05 05:24:32 28  waiting for order
2024/03/05 05:24:34 28 :  call for  4  times
2024/03/05 05:24:34 CallOrder: worker get response &{2 [] 0 0}
2024/03/05 05:24:34 worker  28 get order:  &{2 [] 0 0}  order Type 2
2024/03/05 05:24:34 28  waiting for order
2024/03/05 05:24:36 28 :  call for  5  times
2024/03/05 05:24:36 CallOrder: worker get response &{2 [] 0 0}
2024/03/05 05:24:36 worker  28 get order:  &{2 [] 0 0}  order Type 2
2024/03/05 05:24:36 28  waiting for order
2024/03/05 05:24:38 28 :  call for  6  times
2024/03/05 05:24:38 CallOrder: worker get response &{1 [mr-tmp-0-0 mr-tmp-1-0 mr-tmp-2-0 mr-tmp-3-0 mr-tmp-4-0 mr-tmp-5-0 mr-tmp-6-0 mr-tmp-7-0] 8 0}
2024/03/05 05:24:38 worker  28 get order:  &{1 [mr-tmp-0-0 mr-tmp-1-0 mr-tmp-2-0 mr-tmp-3-0 mr-tmp-4-0 mr-tmp-5-0 mr-tmp-6-0 mr-tmp-7-0] 8 0}  order Type 1
2024/03/05 05:24:38 start 8 map
2024/03/05 05:24:38 Worker finish order 8, order type 1
2024/03/05 05:24:39 28 :  call for  7  times
2024/03/05 05:24:39 CallOrder: worker get response &{1 [mr-tmp-0-2 mr-tmp-1-2 mr-tmp-2-2 mr-tmp-3-2 mr-tmp-4-2 mr-tmp-5-2 mr-tmp-6-2 mr-tmp-7-2] 10 0}
2024/03/05 05:24:39 worker  28 get order:  &{1 [mr-tmp-0-2 mr-tmp-1-2 mr-tmp-2-2 mr-tmp-3-2 mr-tmp-4-2 mr-tmp-5-2 mr-tmp-6-2 mr-tmp-7-2] 10 0}  order Type 1
2024/03/05 05:24:39 start 10 map
2024/03/05 05:24:39 Worker finish order 10, order type 1
2024/03/05 05:24:40 28 :  call for  8  times
2024/03/05 05:24:40 CallOrder: worker get response &{1 [mr-tmp-0-5 mr-tmp-1-5 mr-tmp-2-5 mr-tmp-3-5 mr-tmp-4-5 mr-tmp-5-5 mr-tmp-6-5 mr-tmp-7-5] 13 0}
2024/03/05 05:24:40 worker  28 get order:  &{1 [mr-tmp-0-5 mr-tmp-1-5 mr-tmp-2-5 mr-tmp-3-5 mr-tmp-4-5 mr-tmp-5-5 mr-tmp-6-5 mr-tmp-7-5] 13 0}  order Type 1
2024/03/05 05:24:40 start 13 map
2024/03/05 05:24:40 Worker finish order 13, order type 1
2024/03/05 05:24:41 28 :  call for  9  times
2024/03/05 05:24:41 CallOrder: worker get response &{1 [mr-tmp-0-8 mr-tmp-1-8 mr-tmp-2-8 mr-tmp-3-8 mr-tmp-4-8 mr-tmp-5-8 mr-tmp-6-8 mr-tmp-7-8] 16 0}
2024/03/05 05:24:41 worker  28 get order:  &{1 [mr-tmp-0-8 mr-tmp-1-8 mr-tmp-2-8 mr-tmp-3-8 mr-tmp-4-8 mr-tmp-5-8 mr-tmp-6-8 mr-tmp-7-8] 16 0}  order Type 1
2024/03/05 05:24:41 start 16 map
2024/03/05 05:24:41 Worker finish order 16, order type 1
2024/03/05 05:24:42 28 :  call for  10  times
2024/03/05 05:24:42 CallOrder: worker get response &{3 [] 0 0}
2024/03/05 05:24:42 worker  28 get order:  &{3 [] 0 0}  order Type 3
2024/03/05 05:24:42 28  waiting for order
2024/03/05 05:24:44 28 :  call for  11  times
2024/03/05 05:24:44 CallOrder: worker get response &{3 [] 0 0}
2024/03/05 05:24:44 worker  28 get order:  &{3 [] 0 0}  order Type 3
2024/03/05 05:24:44 28  waiting for order
2024/03/05 05:24:46 28 :  call for  12  times
2024/03/05 05:24:46 CallOrder: worker get response &{3 [] 0 0}
2024/03/05 05:24:46 worker  28 get order:  &{3 [] 0 0}  order Type 3
2024/03/05 05:24:46 28  waiting for order
2024/03/05 05:24:48 28 :  call for  13  times
2024/03/05 05:24:48 CallOrder: worker get response &{4 [] 0 0}
2024/03/05 05:24:48 worker  28 get order:  &{4 [] 0 0}  order Type 4
2024/03/05 05:24:49 28  killed
