2024/03/05 07:40:31 31 :  call for  1  times
2024/03/05 07:40:31 CallOrder: worker get response &{0 [../pg-being_ernest.txt] 0 10}
2024/03/05 07:40:31 worker  31 get order:  &{0 [../pg-being_ernest.txt] 0 10}  order Type 0
2024/03/05 07:40:32 start 0 map
2024/03/05 07:40:32 Worker finish order 0, order type 0
2024/03/05 07:40:33 31 :  call for  2  times
2024/03/05 07:40:33 CallOrder: worker get response &{0 [../pg-grimm.txt] 3 10}
2024/03/05 07:40:33 worker  31 get order:  &{0 [../pg-grimm.txt] 3 10}  order Type 0
2024/03/05 07:40:35 start 3 map
2024/03/05 07:40:35 Worker finish order 3, order type 0
2024/03/05 07:40:36 31 :  call for  3  times
2024/03/05 07:40:36 CallOrder: worker get response &{0 [../pg-sherlock_holmes.txt] 6 10}
2024/03/05 07:40:36 worker  31 get order:  &{0 [../pg-sherlock_holmes.txt] 6 10}  order Type 0
2024/03/05 07:40:38 start 6 map
2024/03/05 07:40:38 Worker finish order 6, order type 0
2024/03/05 07:40:39 31 :  call for  4  times
2024/03/05 07:40:39 CallOrder: worker get response &{1 [mr-tmp-0-0 mr-tmp-1-0 mr-tmp-2-0 mr-tmp-3-0 mr-tmp-4-0 mr-tmp-5-0 mr-tmp-6-0 mr-tmp-7-0] 8 0}
2024/03/05 07:40:39 worker  31 get order:  &{1 [mr-tmp-0-0 mr-tmp-1-0 mr-tmp-2-0 mr-tmp-3-0 mr-tmp-4-0 mr-tmp-5-0 mr-tmp-6-0 mr-tmp-7-0] 8 0}  order Type 1
2024/03/05 07:40:39 start 8 map
2024/03/05 07:40:39 Worker finish order 8, order type 1
2024/03/05 07:40:40 31 :  call for  5  times
2024/03/05 07:40:40 CallOrder: worker get response &{1 [mr-tmp-0-2 mr-tmp-1-2 mr-tmp-2-2 mr-tmp-3-2 mr-tmp-4-2 mr-tmp-5-2 mr-tmp-6-2 mr-tmp-7-2] 10 0}
2024/03/05 07:40:40 worker  31 get order:  &{1 [mr-tmp-0-2 mr-tmp-1-2 mr-tmp-2-2 mr-tmp-3-2 mr-tmp-4-2 mr-tmp-5-2 mr-tmp-6-2 mr-tmp-7-2] 10 0}  order Type 1
2024/03/05 07:40:42 start 10 map
2024/03/05 07:40:42 Worker finish order 10, order type 1
2024/03/05 07:40:43 31 :  call for  6  times
2024/03/05 07:40:43 CallOrder: worker get response &{1 [mr-tmp-0-7 mr-tmp-1-7 mr-tmp-2-7 mr-tmp-3-7 mr-tmp-4-7 mr-tmp-5-7 mr-tmp-6-7 mr-tmp-7-7] 15 0}
2024/03/05 07:40:43 worker  31 get order:  &{1 [mr-tmp-0-7 mr-tmp-1-7 mr-tmp-2-7 mr-tmp-3-7 mr-tmp-4-7 mr-tmp-5-7 mr-tmp-6-7 mr-tmp-7-7] 15 0}  order Type 1
2024/03/05 07:40:44 start 15 map
2024/03/05 07:40:44 Worker finish order 15, order type 1
2024/03/05 07:40:45 31 :  call for  7  times
2024/03/05 07:40:45 CallOrder: worker get response &{1 [mr-tmp-0-9 mr-tmp-1-9 mr-tmp-2-9 mr-tmp-3-9 mr-tmp-4-9 mr-tmp-5-9 mr-tmp-6-9 mr-tmp-7-9] 17 0}
2024/03/05 07:40:45 worker  31 get order:  &{1 [mr-tmp-0-9 mr-tmp-1-9 mr-tmp-2-9 mr-tmp-3-9 mr-tmp-4-9 mr-tmp-5-9 mr-tmp-6-9 mr-tmp-7-9] 17 0}  order Type 1
2024/03/05 07:40:45 start 17 map
2024/03/05 07:40:45 Worker finish order 17, order type 1
2024/03/05 07:40:46 31 :  call for  8  times
2024/03/05 07:40:46 CallOrder: worker get response &{4 [] 0 0}
2024/03/05 07:40:46 worker  31 get order:  &{4 [] 0 0}  order Type 4
2024/03/05 07:40:47 31  killed
