2024/03/05 07:30:12 12 :  call for  1  times
2024/03/05 07:30:12 CallOrder: worker get response &{0 [../pg-being_ernest.txt] 0 10}
2024/03/05 07:30:12 worker  12 get order:  &{0 [../pg-being_ernest.txt] 0 10}  order Type 0
2024/03/05 07:30:12 start 0 map
2024/03/05 07:30:12 Worker finish order 0, order type 0
2024/03/05 07:30:13 12 :  call for  2  times
2024/03/05 07:30:13 CallOrder: worker get response &{0 [../pg-grimm.txt] 3 10}
2024/03/05 07:30:13 worker  12 get order:  &{0 [../pg-grimm.txt] 3 10}  order Type 0
2024/03/05 07:30:13 start 3 map
2024/03/05 07:30:13 Worker finish order 3, order type 0
2024/03/05 07:30:14 12 :  call for  3  times
2024/03/05 07:30:14 CallOrder: worker get response &{0 [../pg-tom_sawyer.txt] 7 10}
2024/03/05 07:30:14 worker  12 get order:  &{0 [../pg-tom_sawyer.txt] 7 10}  order Type 0
2024/03/05 07:30:14 start 7 map
2024/03/05 07:30:14 Worker finish order 7, order type 0
2024/03/05 07:30:15 12 :  call for  4  times
2024/03/05 07:30:15 CallOrder: worker get response &{1 [mr-tmp-0-0 mr-tmp-1-0 mr-tmp-2-0 mr-tmp-3-0 mr-tmp-4-0 mr-tmp-5-0 mr-tmp-6-0 mr-tmp-7-0] 8 0}
2024/03/05 07:30:15 worker  12 get order:  &{1 [mr-tmp-0-0 mr-tmp-1-0 mr-tmp-2-0 mr-tmp-3-0 mr-tmp-4-0 mr-tmp-5-0 mr-tmp-6-0 mr-tmp-7-0] 8 0}  order Type 1
2024/03/05 07:30:15 start 8 map
2024/03/05 07:30:15 Worker finish order 8, order type 1
2024/03/05 07:30:16 12 :  call for  5  times
2024/03/05 07:30:16 CallOrder: worker get response &{1 [mr-tmp-0-2 mr-tmp-1-2 mr-tmp-2-2 mr-tmp-3-2 mr-tmp-4-2 mr-tmp-5-2 mr-tmp-6-2 mr-tmp-7-2] 10 0}
2024/03/05 07:30:16 worker  12 get order:  &{1 [mr-tmp-0-2 mr-tmp-1-2 mr-tmp-2-2 mr-tmp-3-2 mr-tmp-4-2 mr-tmp-5-2 mr-tmp-6-2 mr-tmp-7-2] 10 0}  order Type 1
2024/03/05 07:30:19 start 10 map
2024/03/05 07:30:19 Worker finish order 10, order type 1
2024/03/05 07:30:20 12 :  call for  6  times
2024/03/05 07:30:20 CallOrder: worker get response &{1 [mr-tmp-0-8 mr-tmp-1-8 mr-tmp-2-8 mr-tmp-3-8 mr-tmp-4-8 mr-tmp-5-8 mr-tmp-6-8 mr-tmp-7-8] 16 0}
2024/03/05 07:30:20 worker  12 get order:  &{1 [mr-tmp-0-8 mr-tmp-1-8 mr-tmp-2-8 mr-tmp-3-8 mr-tmp-4-8 mr-tmp-5-8 mr-tmp-6-8 mr-tmp-7-8] 16 0}  order Type 1
2024/03/05 07:30:20 start 16 map
2024/03/05 07:30:20 Worker finish order 16, order type 1
2024/03/05 07:30:21 12 :  call for  7  times
2024/03/05 07:30:21 CallOrder: worker get response &{4 [] 0 0}
2024/03/05 07:30:21 worker  12 get order:  &{4 [] 0 0}  order Type 4
2024/03/05 07:30:22 12  killed
