2024/03/05 10:18:06 6 :  call for  1  times
2024/03/05 10:18:06 CallOrder: worker get response &{0 [../pg-sherlock_holmes.txt] 6 10}
2024/03/05 10:18:06 worker  6 get order:  &{0 [../pg-sherlock_holmes.txt] 6 10}  order Type 0
2024/03/05 10:18:09 start 6 map
2024/03/05 10:18:09 Worker finish order 6, order type 0
2024/03/05 10:18:10 6 :  call for  2  times
2024/03/05 10:18:10 CallOrder: worker get response &{2 [] 0 0}
2024/03/05 10:18:10 worker  6 get order:  &{2 [] 0 0}  order Type 2
2024/03/05 10:18:10 6  waiting for order
2024/03/05 10:18:12 6 :  call for  3  times
2024/03/05 10:18:12 CallOrder: worker get response &{2 [] 0 0}
2024/03/05 10:18:12 worker  6 get order:  &{2 [] 0 0}  order Type 2
2024/03/05 10:18:12 6  waiting for order
2024/03/05 10:18:14 6 :  call for  4  times
2024/03/05 10:18:14 CallOrder: worker get response &{2 [] 0 0}
2024/03/05 10:18:14 worker  6 get order:  &{2 [] 0 0}  order Type 2
2024/03/05 10:18:14 6  waiting for order
2024/03/05 10:18:16 6 :  call for  5  times
2024/03/05 10:18:16 CallOrder: worker get response &{2 [] 0 0}
2024/03/05 10:18:16 worker  6 get order:  &{2 [] 0 0}  order Type 2
2024/03/05 10:18:16 6  waiting for order
2024/03/05 10:18:18 6 :  call for  6  times
2024/03/05 10:18:18 CallOrder: worker get response &{0 [../pg-metamorphosis.txt] 5 10}
2024/03/05 10:18:18 worker  6 get order:  &{0 [../pg-metamorphosis.txt] 5 10}  order Type 0
2024/03/05 10:18:18 start 5 map
2024/03/05 10:18:18 Worker finish order 5, order type 0
2024/03/05 10:18:19 6 :  call for  7  times
2024/03/05 10:18:19 CallOrder: worker get response &{2 [] 0 0}
2024/03/05 10:18:19 worker  6 get order:  &{2 [] 0 0}  order Type 2
2024/03/05 10:18:19 6  waiting for order
2024/03/05 10:18:21 6 :  call for  8  times
2024/03/05 10:18:21 CallOrder: worker get response &{1 [mr-tmp-0-1 mr-tmp-1-1 mr-tmp-2-1 mr-tmp-3-1 mr-tmp-4-1 mr-tmp-5-1 mr-tmp-6-1 mr-tmp-7-1] 9 0}
2024/03/05 10:18:21 worker  6 get order:  &{1 [mr-tmp-0-1 mr-tmp-1-1 mr-tmp-2-1 mr-tmp-3-1 mr-tmp-4-1 mr-tmp-5-1 mr-tmp-6-1 mr-tmp-7-1] 9 0}  order Type 1
2024/03/05 10:18:21 start 9 map
2024/03/05 10:18:21 Worker finish order 9, order type 1
2024/03/05 10:18:22 6 :  call for  9  times
2024/03/05 10:18:22 CallOrder: worker get response &{1 [mr-tmp-0-2 mr-tmp-1-2 mr-tmp-2-2 mr-tmp-3-2 mr-tmp-4-2 mr-tmp-5-2 mr-tmp-6-2 mr-tmp-7-2] 10 0}
2024/03/05 10:18:22 worker  6 get order:  &{1 [mr-tmp-0-2 mr-tmp-1-2 mr-tmp-2-2 mr-tmp-3-2 mr-tmp-4-2 mr-tmp-5-2 mr-tmp-6-2 mr-tmp-7-2] 10 0}  order Type 1
