2024/03/04 22:57:46 46 :  call for  1  times
2024/03/04 22:57:46 CallOrder: worker get response &{2 [] 0 0}
2024/03/04 22:57:46 worker  46 get order:  &{2 [] 0 0}  order Type 2
2024/03/04 22:57:46 46  waiting for order
2024/03/04 22:57:48 46 :  call for  2  times
2024/03/04 22:57:48 CallOrder: worker get response &{2 [] 0 0}
2024/03/04 22:57:48 worker  46 get order:  &{2 [] 0 0}  order Type 2
2024/03/04 22:57:48 46  waiting for order
2024/03/04 22:57:50 46 :  call for  3  times
2024/03/04 22:57:50 CallOrder: worker get response &{2 [] 0 0}
2024/03/04 22:57:50 worker  46 get order:  &{2 [] 0 0}  order Type 2
2024/03/04 22:57:50 46  waiting for order
2024/03/04 22:57:52 46 :  call for  4  times
2024/03/04 22:57:52 CallOrder: worker get response &{2 [] 0 0}
2024/03/04 22:57:52 worker  46 get order:  &{2 [] 0 0}  order Type 2
2024/03/04 22:57:52 46  waiting for order
2024/03/04 22:57:54 46 :  call for  5  times
2024/03/04 22:57:54 CallOrder: worker get response &{2 [] 0 0}
2024/03/04 22:57:54 worker  46 get order:  &{2 [] 0 0}  order Type 2
2024/03/04 22:57:54 46  waiting for order
2024/03/04 22:57:56 46 :  call for  6  times
2024/03/04 22:57:56 CallOrder: worker get response &{2 [] 0 0}
2024/03/04 22:57:56 worker  46 get order:  &{2 [] 0 0}  order Type 2
2024/03/04 22:57:56 46  waiting for order
2024/03/04 22:57:58 46 :  call for  7  times
2024/03/04 22:57:58 CallOrder: worker get response &{1 [mr-tmp-0-4 mr-tmp-1-4 mr-tmp-2-4 mr-tmp-3-4 mr-tmp-4-4 mr-tmp-5-4 mr-tmp-6-4 mr-tmp-7-4] 12 0}
2024/03/04 22:57:58 worker  46 get order:  &{1 [mr-tmp-0-4 mr-tmp-1-4 mr-tmp-2-4 mr-tmp-3-4 mr-tmp-4-4 mr-tmp-5-4 mr-tmp-6-4 mr-tmp-7-4] 12 0}  order Type 1
2024/03/04 22:57:58 start 12 map
2024/03/04 22:57:58 Worker finish order 12, order type 1
2024/03/04 22:57:59 46 :  call for  8  times
2024/03/04 22:57:59 CallOrder: worker get response &{1 [mr-tmp-0-7 mr-tmp-1-7 mr-tmp-2-7 mr-tmp-3-7 mr-tmp-4-7 mr-tmp-5-7 mr-tmp-6-7 mr-tmp-7-7] 15 0}
2024/03/04 22:57:59 worker  46 get order:  &{1 [mr-tmp-0-7 mr-tmp-1-7 mr-tmp-2-7 mr-tmp-3-7 mr-tmp-4-7 mr-tmp-5-7 mr-tmp-6-7 mr-tmp-7-7] 15 0}  order Type 1
2024/03/04 22:57:59 start 15 map
2024/03/04 22:57:59 Worker finish order 15, order type 1
2024/03/04 22:58:00 46 :  call for  9  times
2024/03/04 22:58:00 CallOrder: worker get response &{3 [] 0 0}
2024/03/04 22:58:00 worker  46 get order:  &{3 [] 0 0}  order Type 3
2024/03/04 22:58:00 46  waiting for order
2024/03/04 22:58:02 46 :  call for  10  times
2024/03/04 22:58:02 CallOrder: worker get response &{3 [] 0 0}
2024/03/04 22:58:02 worker  46 get order:  &{3 [] 0 0}  order Type 3
2024/03/04 22:58:02 46  waiting for order
2024/03/04 22:58:04 46 :  call for  11  times
2024/03/04 22:58:04 CallOrder: worker get response &{3 [] 0 0}
2024/03/04 22:58:04 worker  46 get order:  &{3 [] 0 0}  order Type 3
2024/03/04 22:58:04 46  waiting for order
2024/03/04 22:58:06 46 :  call for  12  times
2024/03/04 22:58:06 CallOrder: worker get response &{3 [] 0 0}
2024/03/04 22:58:06 worker  46 get order:  &{3 [] 0 0}  order Type 3
2024/03/04 22:58:06 46  waiting for order
2024/03/04 22:58:08 46 :  call for  13  times
2024/03/04 22:58:08 CallOrder: worker get response &{3 [] 0 0}
2024/03/04 22:58:08 worker  46 get order:  &{3 [] 0 0}  order Type 3
2024/03/04 22:58:08 46  waiting for order
2024/03/04 22:58:10 46 :  call for  14  times
2024/03/04 22:58:10 CallOrder: worker get response &{1 [mr-tmp-0-5 mr-tmp-1-5 mr-tmp-2-5 mr-tmp-3-5 mr-tmp-4-5 mr-tmp-5-5 mr-tmp-6-5 mr-tmp-7-5] 13 0}
2024/03/04 22:58:10 worker  46 get order:  &{1 [mr-tmp-0-5 mr-tmp-1-5 mr-tmp-2-5 mr-tmp-3-5 mr-tmp-4-5 mr-tmp-5-5 mr-tmp-6-5 mr-tmp-7-5] 13 0}  order Type 1
