2024/03/04 21:48:37 37 :  call for  1  times
2024/03/04 21:48:37 CallOrder: worker get response &{0 [../pg-frankenstein.txt] 2 10}
2024/03/04 21:48:37 worker  37 get order:  &{0 [../pg-frankenstein.txt] 2 10}  order Type 0
2024/03/04 21:48:38 start 2 map
2024/03/04 21:48:38 Worker finish order 2, order type 0
2024/03/04 21:48:39 37 :  call for  2  times
2024/03/04 21:48:39 CallOrder: worker get response &{0 [../pg-metamorphosis.txt] 5 10}
2024/03/04 21:48:39 worker  37 get order:  &{0 [../pg-metamorphosis.txt] 5 10}  order Type 0
2024/03/04 21:48:40 start 5 map
2024/03/04 21:48:40 Worker finish order 5, order type 0
2024/03/04 21:48:41 37 :  call for  3  times
2024/03/04 21:48:41 CallOrder: worker get response &{0 [../pg-sherlock_holmes.txt] 6 10}
2024/03/04 21:48:41 worker  37 get order:  &{0 [../pg-sherlock_holmes.txt] 6 10}  order Type 0
2024/03/04 21:48:43 start 6 map
2024/03/04 21:48:43 Worker finish order 6, order type 0
2024/03/04 21:48:44 37 :  call for  4  times
2024/03/04 21:48:44 CallOrder: worker get response &{1 [mr-tmp-0-0 mr-tmp-1-0 mr-tmp-2-0 mr-tmp-3-0 mr-tmp-4-0 mr-tmp-5-0 mr-tmp-6-0 mr-tmp-7-0] 8 0}
2024/03/04 21:48:44 worker  37 get order:  &{1 [mr-tmp-0-0 mr-tmp-1-0 mr-tmp-2-0 mr-tmp-3-0 mr-tmp-4-0 mr-tmp-5-0 mr-tmp-6-0 mr-tmp-7-0] 8 0}  order Type 1
2024/03/04 21:48:44 start 8 map
2024/03/04 21:48:44 Worker finish order 8, order type 1
2024/03/04 21:48:45 37 :  call for  5  times
2024/03/04 21:48:45 CallOrder: worker get response &{1 [mr-tmp-0-2 mr-tmp-1-2 mr-tmp-2-2 mr-tmp-3-2 mr-tmp-4-2 mr-tmp-5-2 mr-tmp-6-2 mr-tmp-7-2] 10 0}
2024/03/04 21:48:45 worker  37 get order:  &{1 [mr-tmp-0-2 mr-tmp-1-2 mr-tmp-2-2 mr-tmp-3-2 mr-tmp-4-2 mr-tmp-5-2 mr-tmp-6-2 mr-tmp-7-2] 10 0}  order Type 1
2024/03/04 21:48:47 start 10 map
2024/03/04 21:48:47 Worker finish order 10, order type 1
2024/03/04 21:48:48 37 :  call for  6  times
2024/03/04 21:48:48 CallOrder: worker get response &{1 [mr-tmp-0-6 mr-tmp-1-6 mr-tmp-2-6 mr-tmp-3-6 mr-tmp-4-6 mr-tmp-5-6 mr-tmp-6-6 mr-tmp-7-6] 14 0}
2024/03/04 21:48:48 worker  37 get order:  &{1 [mr-tmp-0-6 mr-tmp-1-6 mr-tmp-2-6 mr-tmp-3-6 mr-tmp-4-6 mr-tmp-5-6 mr-tmp-6-6 mr-tmp-7-6] 14 0}  order Type 1
2024/03/04 21:48:49 start 14 map
2024/03/04 21:48:49 Worker finish order 14, order type 1
2024/03/04 21:48:50 37 :  call for  7  times
2024/03/04 21:48:50 CallOrder: worker get response &{3 [] 0 0}
2024/03/04 21:48:50 worker  37 get order:  &{3 [] 0 0}  order Type 3
2024/03/04 21:48:50 37  waiting for order
2024/03/04 21:48:52 37 :  call for  8  times
2024/03/04 21:48:52 CallOrder: worker get response &{4 [] 0 0}
2024/03/04 21:48:52 worker  37 get order:  &{4 [] 0 0}  order Type 4
2024/03/04 21:48:53 37  killed
