2024/03/05 04:59:14 14 :  call for  1  times
2024/03/05 04:59:14 CallOrder: worker get response &{2 [] 0 0}
2024/03/05 04:59:14 worker  14 get order:  &{2 [] 0 0}  order Type 2
2024/03/05 04:59:14 14  waiting for order
2024/03/05 04:59:16 14 :  call for  2  times
2024/03/05 04:59:16 CallOrder: worker get response &{2 [] 0 0}
2024/03/05 04:59:16 worker  14 get order:  &{2 [] 0 0}  order Type 2
2024/03/05 04:59:16 14  waiting for order
2024/03/05 04:59:18 14 :  call for  3  times
2024/03/05 04:59:18 CallOrder: worker get response &{2 [] 0 0}
2024/03/05 04:59:18 worker  14 get order:  &{2 [] 0 0}  order Type 2
2024/03/05 04:59:18 14  waiting for order
2024/03/05 04:59:20 14 :  call for  4  times
2024/03/05 04:59:20 CallOrder: worker get response &{2 [] 0 0}
2024/03/05 04:59:20 worker  14 get order:  &{2 [] 0 0}  order Type 2
2024/03/05 04:59:20 14  waiting for order
2024/03/05 04:59:22 14 :  call for  5  times
2024/03/05 04:59:22 CallOrder: worker get response &{2 [] 0 0}
2024/03/05 04:59:22 worker  14 get order:  &{2 [] 0 0}  order Type 2
2024/03/05 04:59:22 14  waiting for order
2024/03/05 04:59:24 14 :  call for  6  times
2024/03/05 04:59:24 CallOrder: worker get response &{0 [../pg-tom_sawyer.txt] 7 10}
2024/03/05 04:59:24 worker  14 get order:  &{0 [../pg-tom_sawyer.txt] 7 10}  order Type 0
2024/03/05 04:59:34 start 7 map
2024/03/05 04:59:34 Worker finish order 7, order type 0
2024/03/05 04:59:35 14 :  call for  7  times
2024/03/05 04:59:35 CallOrder: worker get response &{1 [mr-tmp-0-1 mr-tmp-1-1 mr-tmp-2-1 mr-tmp-3-1 mr-tmp-4-1 mr-tmp-5-1 mr-tmp-6-1 mr-tmp-7-1] 9 0}
2024/03/05 04:59:35 worker  14 get order:  &{1 [mr-tmp-0-1 mr-tmp-1-1 mr-tmp-2-1 mr-tmp-3-1 mr-tmp-4-1 mr-tmp-5-1 mr-tmp-6-1 mr-tmp-7-1] 9 0}  order Type 1
2024/03/05 04:59:35 start 9 map
2024/03/05 04:59:35 Worker finish order 9, order type 1
2024/03/05 04:59:36 14 :  call for  8  times
2024/03/05 04:59:36 CallOrder: worker get response &{1 [mr-tmp-0-3 mr-tmp-1-3 mr-tmp-2-3 mr-tmp-3-3 mr-tmp-4-3 mr-tmp-5-3 mr-tmp-6-3 mr-tmp-7-3] 11 0}
2024/03/05 04:59:36 worker  14 get order:  &{1 [mr-tmp-0-3 mr-tmp-1-3 mr-tmp-2-3 mr-tmp-3-3 mr-tmp-4-3 mr-tmp-5-3 mr-tmp-6-3 mr-tmp-7-3] 11 0}  order Type 1
2024/03/05 04:59:36 start 11 map
2024/03/05 04:59:36 Worker finish order 11, order type 1
2024/03/05 04:59:37 14 :  call for  9  times
2024/03/05 04:59:37 CallOrder: worker get response &{1 [mr-tmp-0-5 mr-tmp-1-5 mr-tmp-2-5 mr-tmp-3-5 mr-tmp-4-5 mr-tmp-5-5 mr-tmp-6-5 mr-tmp-7-5] 13 0}
2024/03/05 04:59:37 worker  14 get order:  &{1 [mr-tmp-0-5 mr-tmp-1-5 mr-tmp-2-5 mr-tmp-3-5 mr-tmp-4-5 mr-tmp-5-5 mr-tmp-6-5 mr-tmp-7-5] 13 0}  order Type 1
