2024/03/05 06:05:32 32 :  call for  1  times
2024/03/05 06:05:32 CallOrder: worker get response &{0 [../pg-dorian_gray.txt] 1 10}
2024/03/05 06:05:32 worker  32 get order:  &{0 [../pg-dorian_gray.txt] 1 10}  order Type 0
2024/03/05 06:05:34 start 1 map
2024/03/05 06:05:34 Worker finish order 1, order type 0
2024/03/05 06:05:35 32 :  call for  2  times
2024/03/05 06:05:35 CallOrder: worker get response &{2 [] 0 0}
2024/03/05 06:05:35 worker  32 get order:  &{2 [] 0 0}  order Type 2
2024/03/05 06:05:35 32  waiting for order
2024/03/05 06:05:37 32 :  call for  3  times
2024/03/05 06:05:37 CallOrder: worker get response &{2 [] 0 0}
2024/03/05 06:05:37 worker  32 get order:  &{2 [] 0 0}  order Type 2
2024/03/05 06:05:37 32  waiting for order
2024/03/05 06:05:39 32 :  call for  4  times
2024/03/05 06:05:39 CallOrder: worker get response &{2 [] 0 0}
2024/03/05 06:05:39 worker  32 get order:  &{2 [] 0 0}  order Type 2
2024/03/05 06:05:39 32  waiting for order
2024/03/05 06:05:41 32 :  call for  5  times
2024/03/05 06:05:41 CallOrder: worker get response &{2 [] 0 0}
2024/03/05 06:05:41 worker  32 get order:  &{2 [] 0 0}  order Type 2
2024/03/05 06:05:41 32  waiting for order
2024/03/05 06:05:43 32 :  call for  6  times
2024/03/05 06:05:43 CallOrder: worker get response &{0 [../pg-frankenstein.txt] 2 10}
2024/03/05 06:05:43 worker  32 get order:  &{0 [../pg-frankenstein.txt] 2 10}  order Type 0
