2024/03/04 22:31:41 41 :  call for  1  times
2024/03/04 22:31:41 CallOrder: worker get response &{0 [../pg-frankenstein.txt] 2 10}
2024/03/04 22:31:41 worker  41 get order:  &{0 [../pg-frankenstein.txt] 2 10}  order Type 0
2024/03/04 22:31:41 start 2 map
2024/03/04 22:31:41 Worker finish order 2, order type 0
2024/03/04 22:31:42 41 :  call for  2  times
2024/03/04 22:31:42 CallOrder: worker get response &{0 [../pg-huckleberry_finn.txt] 4 10}
2024/03/04 22:31:42 worker  41 get order:  &{0 [../pg-huckleberry_finn.txt] 4 10}  order Type 0
2024/03/04 22:31:42 start 4 map
2024/03/04 22:31:42 Worker finish order 4, order type 0
2024/03/04 22:31:43 41 :  call for  3  times
2024/03/04 22:31:43 CallOrder: worker get response &{0 [../pg-tom_sawyer.txt] 7 10}
2024/03/04 22:31:43 worker  41 get order:  &{0 [../pg-tom_sawyer.txt] 7 10}  order Type 0
2024/03/04 22:31:45 start 7 map
2024/03/04 22:31:45 Worker finish order 7, order type 0
2024/03/04 22:31:46 41 :  call for  4  times
2024/03/04 22:31:46 CallOrder: worker get response &{2 [] 0 0}
2024/03/04 22:31:46 worker  41 get order:  &{2 [] 0 0}  order Type 2
2024/03/04 22:31:46 41  waiting for order
2024/03/04 22:31:48 41 :  call for  5  times
2024/03/04 22:31:48 CallOrder: worker get response &{2 [] 0 0}
2024/03/04 22:31:48 worker  41 get order:  &{2 [] 0 0}  order Type 2
2024/03/04 22:31:48 41  waiting for order
2024/03/04 22:31:50 41 :  call for  6  times
2024/03/04 22:31:50 CallOrder: worker get response &{2 [] 0 0}
2024/03/04 22:31:50 worker  41 get order:  &{2 [] 0 0}  order Type 2
2024/03/04 22:31:50 41  waiting for order
2024/03/04 22:31:52 41 :  call for  7  times
2024/03/04 22:31:52 CallOrder: worker get response &{2 [] 0 0}
2024/03/04 22:31:52 worker  41 get order:  &{2 [] 0 0}  order Type 2
2024/03/04 22:31:52 41  waiting for order
2024/03/04 22:31:54 41 :  call for  8  times
2024/03/04 22:31:54 CallOrder: worker get response &{0 [../pg-grimm.txt] 3 10}
2024/03/04 22:31:54 worker  41 get order:  &{0 [../pg-grimm.txt] 3 10}  order Type 0
2024/03/04 22:31:59 start 3 map
2024/03/04 22:31:59 Worker finish order 3, order type 0
2024/03/04 22:32:00 41 :  call for  9  times
2024/03/04 22:32:00 CallOrder: worker get response &{2 [] 0 0}
2024/03/04 22:32:00 worker  41 get order:  &{2 [] 0 0}  order Type 2
2024/03/04 22:32:00 41  waiting for order
2024/03/04 22:32:02 41 :  call for  10  times
2024/03/04 22:32:02 CallOrder: worker get response &{2 [] 0 0}
2024/03/04 22:32:02 worker  41 get order:  &{2 [] 0 0}  order Type 2
2024/03/04 22:32:02 41  waiting for order
2024/03/04 22:32:04 41 :  call for  11  times
2024/03/04 22:32:04 CallOrder: worker get response &{2 [] 0 0}
2024/03/04 22:32:04 worker  41 get order:  &{2 [] 0 0}  order Type 2
2024/03/04 22:32:04 41  waiting for order
2024/03/04 22:32:06 41 :  call for  12  times
2024/03/04 22:32:06 CallOrder: worker get response &{1 [mr-tmp-0-3 mr-tmp-1-3 mr-tmp-2-3 mr-tmp-3-3 mr-tmp-4-3 mr-tmp-5-3 mr-tmp-6-3 mr-tmp-7-3] 11 0}
2024/03/04 22:32:06 worker  41 get order:  &{1 [mr-tmp-0-3 mr-tmp-1-3 mr-tmp-2-3 mr-tmp-3-3 mr-tmp-4-3 mr-tmp-5-3 mr-tmp-6-3 mr-tmp-7-3] 11 0}  order Type 1
2024/03/04 22:32:06 start 11 map
2024/03/04 22:32:06 Worker finish order 11, order type 1
2024/03/04 22:32:07 41 :  call for  13  times
2024/03/04 22:32:07 CallOrder: worker get response &{1 [mr-tmp-0-5 mr-tmp-1-5 mr-tmp-2-5 mr-tmp-3-5 mr-tmp-4-5 mr-tmp-5-5 mr-tmp-6-5 mr-tmp-7-5] 13 0}
2024/03/04 22:32:07 worker  41 get order:  &{1 [mr-tmp-0-5 mr-tmp-1-5 mr-tmp-2-5 mr-tmp-3-5 mr-tmp-4-5 mr-tmp-5-5 mr-tmp-6-5 mr-tmp-7-5] 13 0}  order Type 1
2024/03/04 22:32:07 start 13 map
2024/03/04 22:32:07 Worker finish order 13, order type 1
2024/03/04 22:32:08 41 :  call for  14  times
2024/03/04 22:32:08 CallOrder: worker get response &{1 [mr-tmp-0-7 mr-tmp-1-7 mr-tmp-2-7 mr-tmp-3-7 mr-tmp-4-7 mr-tmp-5-7 mr-tmp-6-7 mr-tmp-7-7] 15 0}
2024/03/04 22:32:08 worker  41 get order:  &{1 [mr-tmp-0-7 mr-tmp-1-7 mr-tmp-2-7 mr-tmp-3-7 mr-tmp-4-7 mr-tmp-5-7 mr-tmp-6-7 mr-tmp-7-7] 15 0}  order Type 1
2024/03/04 22:32:08 start 15 map
2024/03/04 22:32:08 Worker finish order 15, order type 1
2024/03/04 22:32:09 41 :  call for  15  times
2024/03/04 22:32:09 CallOrder: worker get response &{1 [mr-tmp-0-9 mr-tmp-1-9 mr-tmp-2-9 mr-tmp-3-9 mr-tmp-4-9 mr-tmp-5-9 mr-tmp-6-9 mr-tmp-7-9] 17 0}
2024/03/04 22:32:09 worker  41 get order:  &{1 [mr-tmp-0-9 mr-tmp-1-9 mr-tmp-2-9 mr-tmp-3-9 mr-tmp-4-9 mr-tmp-5-9 mr-tmp-6-9 mr-tmp-7-9] 17 0}  order Type 1
2024/03/04 22:32:09 start 17 map
2024/03/04 22:32:09 Worker finish order 17, order type 1
2024/03/04 22:32:10 41 :  call for  16  times
2024/03/04 22:32:10 CallOrder: worker get response &{4 [] 0 0}
2024/03/04 22:32:10 worker  41 get order:  &{4 [] 0 0}  order Type 4
2024/03/04 22:32:11 41  killed
