2024/03/05 05:49:16 16 :  call for  1  times
2024/03/05 05:49:16 CallOrder: worker get response &{0 [../pg-metamorphosis.txt] 5 10}
2024/03/05 05:49:16 worker  16 get order:  &{0 [../pg-metamorphosis.txt] 5 10}  order Type 0
2024/03/05 05:49:16 start 5 map
2024/03/05 05:49:16 Worker finish order 5, order type 0
2024/03/05 05:49:17 16 :  call for  2  times
2024/03/05 05:49:17 CallOrder: worker get response &{0 [../pg-tom_sawyer.txt] 7 10}
2024/03/05 05:49:17 worker  16 get order:  &{0 [../pg-tom_sawyer.txt] 7 10}  order Type 0
2024/03/05 05:49:17 start 7 map
2024/03/05 05:49:17 Worker finish order 7, order type 0
2024/03/05 05:49:18 16 :  call for  3  times
2024/03/05 05:49:18 CallOrder: worker get response &{2 [] 0 0}
2024/03/05 05:49:18 worker  16 get order:  &{2 [] 0 0}  order Type 2
2024/03/05 05:49:18 16  waiting for order
2024/03/05 05:49:20 16 :  call for  4  times
2024/03/05 05:49:20 CallOrder: worker get response &{2 [] 0 0}
2024/03/05 05:49:20 worker  16 get order:  &{2 [] 0 0}  order Type 2
2024/03/05 05:49:20 16  waiting for order
2024/03/05 05:49:22 16 :  call for  5  times
2024/03/05 05:49:22 CallOrder: worker get response &{2 [] 0 0}
2024/03/05 05:49:22 worker  16 get order:  &{2 [] 0 0}  order Type 2
2024/03/05 05:49:22 16  waiting for order
2024/03/05 05:49:24 16 :  call for  6  times
2024/03/05 05:49:24 CallOrder: worker get response &{2 [] 0 0}
2024/03/05 05:49:24 worker  16 get order:  &{2 [] 0 0}  order Type 2
2024/03/05 05:49:24 16  waiting for order
2024/03/05 05:49:26 16 :  call for  7  times
2024/03/05 05:49:26 CallOrder: worker get response &{0 [../pg-frankenstein.txt] 2 10}
2024/03/05 05:49:26 worker  16 get order:  &{0 [../pg-frankenstein.txt] 2 10}  order Type 0
