2024/03/05 09:27:31 31 :  call for  1  times
2024/03/05 09:27:31 CallOrder: worker get response &{0 [../pg-dorian_gray.txt] 1 10}
2024/03/05 09:27:31 worker  31 get order:  &{0 [../pg-dorian_gray.txt] 1 10}  order Type 0
2024/03/05 09:27:31 start 1 map
2024/03/05 09:27:31 Worker finish order 1, order type 0
2024/03/05 09:27:32 31 :  call for  2  times
2024/03/05 09:27:32 CallOrder: worker get response &{0 [../pg-metamorphosis.txt] 5 10}
2024/03/05 09:27:32 worker  31 get order:  &{0 [../pg-metamorphosis.txt] 5 10}  order Type 0
2024/03/05 09:27:32 start 5 map
2024/03/05 09:27:32 Worker finish order 5, order type 0
2024/03/05 09:27:33 31 :  call for  3  times
2024/03/05 09:27:33 CallOrder: worker get response &{0 [../pg-tom_sawyer.txt] 7 10}
2024/03/05 09:27:33 worker  31 get order:  &{0 [../pg-tom_sawyer.txt] 7 10}  order Type 0
2024/03/05 09:27:43 start 7 map
2024/03/05 09:27:43 Worker finish order 7, order type 0
2024/03/05 09:27:44 31 :  call for  4  times
2024/03/05 09:27:44 CallOrder: worker get response &{2 [] 0 0}
2024/03/05 09:27:44 worker  31 get order:  &{2 [] 0 0}  order Type 2
2024/03/05 09:27:44 31  waiting for order
2024/03/05 09:27:46 31 :  call for  5  times
2024/03/05 09:27:46 CallOrder: worker get response &{2 [] 0 0}
2024/03/05 09:27:46 worker  31 get order:  &{2 [] 0 0}  order Type 2
2024/03/05 09:27:46 31  waiting for order
2024/03/05 09:27:48 31 :  call for  6  times
2024/03/05 09:27:48 CallOrder: worker get response &{2 [] 0 0}
2024/03/05 09:27:48 worker  31 get order:  &{2 [] 0 0}  order Type 2
2024/03/05 09:27:48 31  waiting for order
2024/03/05 09:27:50 31 :  call for  7  times
2024/03/05 09:27:50 CallOrder: worker get response &{2 [] 0 0}
2024/03/05 09:27:50 worker  31 get order:  &{2 [] 0 0}  order Type 2
2024/03/05 09:27:50 31  waiting for order
2024/03/05 09:27:52 31 :  call for  8  times
2024/03/05 09:27:52 CallOrder: worker get response &{2 [] 0 0}
2024/03/05 09:27:52 worker  31 get order:  &{2 [] 0 0}  order Type 2
2024/03/05 09:27:52 31  waiting for order
2024/03/05 09:27:54 31 :  call for  9  times
2024/03/05 09:27:54 CallOrder: worker get response &{2 [] 0 0}
2024/03/05 09:27:54 worker  31 get order:  &{2 [] 0 0}  order Type 2
2024/03/05 09:27:54 31  waiting for order
2024/03/05 09:27:56 31 :  call for  10  times
2024/03/05 09:27:56 CallOrder: worker get response &{2 [] 0 0}
2024/03/05 09:27:56 worker  31 get order:  &{2 [] 0 0}  order Type 2
2024/03/05 09:27:56 31  waiting for order
2024/03/05 09:27:58 31 :  call for  11  times
2024/03/05 09:27:58 CallOrder: worker get response &{1 [mr-tmp-0-2 mr-tmp-1-2 mr-tmp-2-2 mr-tmp-3-2 mr-tmp-4-2 mr-tmp-5-2 mr-tmp-6-2 mr-tmp-7-2] 10 0}
2024/03/05 09:27:58 worker  31 get order:  &{1 [mr-tmp-0-2 mr-tmp-1-2 mr-tmp-2-2 mr-tmp-3-2 mr-tmp-4-2 mr-tmp-5-2 mr-tmp-6-2 mr-tmp-7-2] 10 0}  order Type 1
2024/03/05 09:27:58 start 10 map
2024/03/05 09:27:58 Worker finish order 10, order type 1
2024/03/05 09:27:59 31 :  call for  12  times
2024/03/05 09:27:59 CallOrder: worker get response &{1 [mr-tmp-0-6 mr-tmp-1-6 mr-tmp-2-6 mr-tmp-3-6 mr-tmp-4-6 mr-tmp-5-6 mr-tmp-6-6 mr-tmp-7-6] 14 0}
2024/03/05 09:27:59 worker  31 get order:  &{1 [mr-tmp-0-6 mr-tmp-1-6 mr-tmp-2-6 mr-tmp-3-6 mr-tmp-4-6 mr-tmp-5-6 mr-tmp-6-6 mr-tmp-7-6] 14 0}  order Type 1
2024/03/05 09:27:59 start 14 map
2024/03/05 09:27:59 Worker finish order 14, order type 1
2024/03/05 09:28:00 31 :  call for  13  times
2024/03/05 09:28:00 CallOrder: worker get response &{3 [] 0 0}
2024/03/05 09:28:00 worker  31 get order:  &{3 [] 0 0}  order Type 3
2024/03/05 09:28:00 31  waiting for order
2024/03/05 09:28:02 31 :  call for  14  times
2024/03/05 09:28:02 CallOrder: worker get response &{3 [] 0 0}
2024/03/05 09:28:02 worker  31 get order:  &{3 [] 0 0}  order Type 3
2024/03/05 09:28:02 31  waiting for order
2024/03/05 09:28:04 31 :  call for  15  times
2024/03/05 09:28:04 CallOrder: worker get response &{3 [] 0 0}
2024/03/05 09:28:04 worker  31 get order:  &{3 [] 0 0}  order Type 3
2024/03/05 09:28:04 31  waiting for order
2024/03/05 09:28:06 31 :  call for  16  times
2024/03/05 09:28:06 CallOrder: worker get response &{3 [] 0 0}
2024/03/05 09:28:06 worker  31 get order:  &{3 [] 0 0}  order Type 3
2024/03/05 09:28:06 31  waiting for order
2024/03/05 09:28:08 31 :  call for  17  times
2024/03/05 09:28:08 CallOrder: worker get response &{3 [] 0 0}
2024/03/05 09:28:08 worker  31 get order:  &{3 [] 0 0}  order Type 3
2024/03/05 09:28:08 31  waiting for order
2024/03/05 09:28:10 31 :  call for  18  times
2024/03/05 09:28:10 CallOrder: worker get response &{3 [] 0 0}
2024/03/05 09:28:10 worker  31 get order:  &{3 [] 0 0}  order Type 3
2024/03/05 09:28:10 31  waiting for order
2024/03/05 09:28:12 31 :  call for  19  times
2024/03/05 09:28:12 CallOrder: worker get response &{3 [] 0 0}
2024/03/05 09:28:12 worker  31 get order:  &{3 [] 0 0}  order Type 3
2024/03/05 09:28:12 31  waiting for order
2024/03/05 09:28:14 31 :  call for  20  times
2024/03/05 09:28:14 CallOrder: worker get response &{3 [] 0 0}
2024/03/05 09:28:14 worker  31 get order:  &{3 [] 0 0}  order Type 3
2024/03/05 09:28:14 31  waiting for order
2024/03/05 09:28:16 31 :  call for  21  times
2024/03/05 09:28:16 CallOrder: worker get response &{3 [] 0 0}
2024/03/05 09:28:16 worker  31 get order:  &{3 [] 0 0}  order Type 3
2024/03/05 09:28:16 31  waiting for order
2024/03/05 09:28:18 31 :  call for  22  times
2024/03/05 09:28:18 CallOrder: worker get response &{3 [] 0 0}
2024/03/05 09:28:18 worker  31 get order:  &{3 [] 0 0}  order Type 3
2024/03/05 09:28:18 31  waiting for order
2024/03/05 09:28:20 31 :  call for  23  times
2024/03/05 09:28:20 CallOrder: worker get response &{3 [] 0 0}
2024/03/05 09:28:20 worker  31 get order:  &{3 [] 0 0}  order Type 3
2024/03/05 09:28:20 31  waiting for order
2024/03/05 09:28:22 31 :  call for  24  times
2024/03/05 09:28:22 CallOrder: worker get response &{3 [] 0 0}
2024/03/05 09:28:22 worker  31 get order:  &{3 [] 0 0}  order Type 3
2024/03/05 09:28:22 31  waiting for order
2024/03/05 09:28:24 31 :  call for  25  times
2024/03/05 09:28:24 CallOrder: worker get response &{3 [] 0 0}
2024/03/05 09:28:24 worker  31 get order:  &{3 [] 0 0}  order Type 3
2024/03/05 09:28:24 31  waiting for order
2024/03/05 09:28:26 31 :  call for  26  times
2024/03/05 09:28:26 CallOrder: worker get response &{3 [] 0 0}
2024/03/05 09:28:26 worker  31 get order:  &{3 [] 0 0}  order Type 3
2024/03/05 09:28:26 31  waiting for order
2024/03/05 09:28:28 31 :  call for  27  times
2024/03/05 09:28:28 CallOrder: worker get response &{3 [] 0 0}
2024/03/05 09:28:28 worker  31 get order:  &{3 [] 0 0}  order Type 3
2024/03/05 09:28:28 31  waiting for order
2024/03/05 09:28:30 31 :  call for  28  times
2024/03/05 09:28:30 CallOrder: worker get response &{3 [] 0 0}
2024/03/05 09:28:30 worker  31 get order:  &{3 [] 0 0}  order Type 3
2024/03/05 09:28:30 31  waiting for order
2024/03/05 09:28:32 31 :  call for  29  times
2024/03/05 09:28:32 CallOrder: worker get response &{3 [] 0 0}
2024/03/05 09:28:32 worker  31 get order:  &{3 [] 0 0}  order Type 3
2024/03/05 09:28:32 31  waiting for order
2024/03/05 09:28:34 31 :  call for  30  times
2024/03/05 09:28:34 CallOrder: worker get response &{3 [] 0 0}
2024/03/05 09:28:34 worker  31 get order:  &{3 [] 0 0}  order Type 3
2024/03/05 09:28:34 31  waiting for order
2024/03/05 09:28:36 31 :  call for  31  times
2024/03/05 09:28:36 CallOrder: worker get response &{3 [] 0 0}
2024/03/05 09:28:36 worker  31 get order:  &{3 [] 0 0}  order Type 3
2024/03/05 09:28:36 31  waiting for order
2024/03/05 09:28:38 31 :  call for  32  times
2024/03/05 09:28:38 CallOrder: worker get response &{4 [] 0 0}
2024/03/05 09:28:38 worker  31 get order:  &{4 [] 0 0}  order Type 4
2024/03/05 09:28:39 31  killed
