2024/03/05 03:20:16 16 :  call for  1  times
2024/03/05 03:20:16 CallOrder: worker get response &{2 [] 0 0}
2024/03/05 03:20:16 worker  16 get order:  &{2 [] 0 0}  order Type 2
2024/03/05 03:20:16 16  waiting for order
2024/03/05 03:20:18 16 :  call for  2  times
2024/03/05 03:20:18 CallOrder: worker get response &{2 [] 0 0}
2024/03/05 03:20:18 worker  16 get order:  &{2 [] 0 0}  order Type 2
2024/03/05 03:20:18 16  waiting for order
2024/03/05 03:20:20 16 :  call for  3  times
2024/03/05 03:20:20 CallOrder: worker get response &{2 [] 0 0}
2024/03/05 03:20:20 worker  16 get order:  &{2 [] 0 0}  order Type 2
2024/03/05 03:20:20 16  waiting for order
2024/03/05 03:20:22 16 :  call for  4  times
2024/03/05 03:20:22 CallOrder: worker get response &{2 [] 0 0}
2024/03/05 03:20:22 worker  16 get order:  &{2 [] 0 0}  order Type 2
2024/03/05 03:20:22 16  waiting for order
2024/03/05 03:20:24 16 :  call for  5  times
2024/03/05 03:20:24 CallOrder: worker get response &{2 [] 0 0}
2024/03/05 03:20:24 worker  16 get order:  &{2 [] 0 0}  order Type 2
2024/03/05 03:20:24 16  waiting for order
2024/03/05 03:20:26 16 :  call for  6  times
2024/03/05 03:20:26 CallOrder: worker get response &{0 [../pg-frankenstein.txt] 2 10}
2024/03/05 03:20:26 worker  16 get order:  &{0 [../pg-frankenstein.txt] 2 10}  order Type 0
2024/03/05 03:20:34 start 2 map
2024/03/05 03:20:34 Worker finish order 2, order type 0
2024/03/05 03:20:35 16 :  call for  7  times
2024/03/05 03:20:35 CallOrder: worker get response &{1 [mr-tmp-0-1 mr-tmp-1-1 mr-tmp-2-1 mr-tmp-3-1 mr-tmp-4-1 mr-tmp-5-1 mr-tmp-6-1 mr-tmp-7-1] 9 0}
2024/03/05 03:20:35 worker  16 get order:  &{1 [mr-tmp-0-1 mr-tmp-1-1 mr-tmp-2-1 mr-tmp-3-1 mr-tmp-4-1 mr-tmp-5-1 mr-tmp-6-1 mr-tmp-7-1] 9 0}  order Type 1
2024/03/05 03:20:35 start 9 map
2024/03/05 03:20:35 Worker finish order 9, order type 1
2024/03/05 03:20:36 16 :  call for  8  times
2024/03/05 03:20:36 CallOrder: worker get response &{1 [mr-tmp-0-4 mr-tmp-1-4 mr-tmp-2-4 mr-tmp-3-4 mr-tmp-4-4 mr-tmp-5-4 mr-tmp-6-4 mr-tmp-7-4] 12 0}
2024/03/05 03:20:36 worker  16 get order:  &{1 [mr-tmp-0-4 mr-tmp-1-4 mr-tmp-2-4 mr-tmp-3-4 mr-tmp-4-4 mr-tmp-5-4 mr-tmp-6-4 mr-tmp-7-4] 12 0}  order Type 1
2024/03/05 03:20:36 start 12 map
2024/03/05 03:20:36 Worker finish order 12, order type 1
2024/03/05 03:20:37 16 :  call for  9  times
2024/03/05 03:20:37 CallOrder: worker get response &{1 [mr-tmp-0-7 mr-tmp-1-7 mr-tmp-2-7 mr-tmp-3-7 mr-tmp-4-7 mr-tmp-5-7 mr-tmp-6-7 mr-tmp-7-7] 15 0}
2024/03/05 03:20:37 worker  16 get order:  &{1 [mr-tmp-0-7 mr-tmp-1-7 mr-tmp-2-7 mr-tmp-3-7 mr-tmp-4-7 mr-tmp-5-7 mr-tmp-6-7 mr-tmp-7-7] 15 0}  order Type 1
2024/03/05 03:20:37 start 15 map
2024/03/05 03:20:37 Worker finish order 15, order type 1
2024/03/05 03:20:38 16 :  call for  10  times
2024/03/05 03:20:38 CallOrder: worker get response &{3 [] 0 0}
2024/03/05 03:20:38 worker  16 get order:  &{3 [] 0 0}  order Type 3
2024/03/05 03:20:38 16  waiting for order
2024/03/05 03:20:40 16 :  call for  11  times
2024/03/05 03:20:40 CallOrder: worker get response &{3 [] 0 0}
2024/03/05 03:20:40 worker  16 get order:  &{3 [] 0 0}  order Type 3
2024/03/05 03:20:40 16  waiting for order
2024/03/05 03:20:42 16 :  call for  12  times
2024/03/05 03:20:42 CallOrder: worker get response &{3 [] 0 0}
2024/03/05 03:20:42 worker  16 get order:  &{3 [] 0 0}  order Type 3
2024/03/05 03:20:42 16  waiting for order
2024/03/05 03:20:44 16 :  call for  13  times
2024/03/05 03:20:44 CallOrder: worker get response &{3 [] 0 0}
2024/03/05 03:20:44 worker  16 get order:  &{3 [] 0 0}  order Type 3
2024/03/05 03:20:44 16  waiting for order
2024/03/05 03:20:46 16 :  call for  14  times
2024/03/05 03:20:46 CallOrder: worker get response &{3 [] 0 0}
2024/03/05 03:20:46 worker  16 get order:  &{3 [] 0 0}  order Type 3
2024/03/05 03:20:46 16  waiting for order
2024/03/05 03:20:48 16 :  call for  15  times
2024/03/05 03:20:48 CallOrder: worker get response &{3 [] 0 0}
2024/03/05 03:20:48 worker  16 get order:  &{3 [] 0 0}  order Type 3
2024/03/05 03:20:48 16  waiting for order
2024/03/05 03:20:50 16 :  call for  16  times
2024/03/05 03:20:50 dialing:dial unix /var/tmp/824-mr-0: connect: connection refused
