2024/03/05 05:16:40 40 :  call for  1  times
2024/03/05 05:16:40 CallOrder: worker get response &{0 [../pg-dorian_gray.txt] 1 10}
2024/03/05 05:16:40 worker  40 get order:  &{0 [../pg-dorian_gray.txt] 1 10}  order Type 0
2024/03/05 05:16:42 start 1 map
2024/03/05 05:16:42 Worker finish order 1, order type 0
2024/03/05 05:16:43 40 :  call for  2  times
2024/03/05 05:16:43 CallOrder: worker get response &{0 [../pg-metamorphosis.txt] 5 10}
2024/03/05 05:16:43 worker  40 get order:  &{0 [../pg-metamorphosis.txt] 5 10}  order Type 0
2024/03/05 05:16:44 start 5 map
2024/03/05 05:16:44 Worker finish order 5, order type 0
2024/03/05 05:16:45 40 :  call for  3  times
2024/03/05 05:16:45 CallOrder: worker get response &{0 [../pg-tom_sawyer.txt] 7 10}
2024/03/05 05:16:45 worker  40 get order:  &{0 [../pg-tom_sawyer.txt] 7 10}  order Type 0
2024/03/05 05:16:46 start 7 map
2024/03/05 05:16:46 Worker finish order 7, order type 0
2024/03/05 05:16:47 40 :  call for  4  times
2024/03/05 05:16:47 CallOrder: worker get response &{2 [] 0 0}
2024/03/05 05:16:47 worker  40 get order:  &{2 [] 0 0}  order Type 2
2024/03/05 05:16:47 40  waiting for order
2024/03/05 05:16:49 40 :  call for  5  times
2024/03/05 05:16:49 CallOrder: worker get response &{1 [mr-tmp-0-3 mr-tmp-1-3 mr-tmp-2-3 mr-tmp-3-3 mr-tmp-4-3 mr-tmp-5-3 mr-tmp-6-3 mr-tmp-7-3] 11 0}
2024/03/05 05:16:49 worker  40 get order:  &{1 [mr-tmp-0-3 mr-tmp-1-3 mr-tmp-2-3 mr-tmp-3-3 mr-tmp-4-3 mr-tmp-5-3 mr-tmp-6-3 mr-tmp-7-3] 11 0}  order Type 1
2024/03/05 05:16:50 start 11 map
2024/03/05 05:16:50 Worker finish order 11, order type 1
2024/03/05 05:16:51 40 :  call for  6  times
2024/03/05 05:16:51 CallOrder: worker get response &{1 [mr-tmp-0-5 mr-tmp-1-5 mr-tmp-2-5 mr-tmp-3-5 mr-tmp-4-5 mr-tmp-5-5 mr-tmp-6-5 mr-tmp-7-5] 13 0}
2024/03/05 05:16:51 worker  40 get order:  &{1 [mr-tmp-0-5 mr-tmp-1-5 mr-tmp-2-5 mr-tmp-3-5 mr-tmp-4-5 mr-tmp-5-5 mr-tmp-6-5 mr-tmp-7-5] 13 0}  order Type 1
2024/03/05 05:16:51 start 13 map
2024/03/05 05:16:51 Worker finish order 13, order type 1
2024/03/05 05:16:52 40 :  call for  7  times
2024/03/05 05:16:52 CallOrder: worker get response &{1 [mr-tmp-0-8 mr-tmp-1-8 mr-tmp-2-8 mr-tmp-3-8 mr-tmp-4-8 mr-tmp-5-8 mr-tmp-6-8 mr-tmp-7-8] 16 0}
2024/03/05 05:16:52 worker  40 get order:  &{1 [mr-tmp-0-8 mr-tmp-1-8 mr-tmp-2-8 mr-tmp-3-8 mr-tmp-4-8 mr-tmp-5-8 mr-tmp-6-8 mr-tmp-7-8] 16 0}  order Type 1
2024/03/05 05:16:53 start 16 map
2024/03/05 05:16:53 Worker finish order 16, order type 1
2024/03/05 05:16:54 40 :  call for  8  times
2024/03/05 05:16:54 CallOrder: worker get response &{3 [] 0 0}
2024/03/05 05:16:54 worker  40 get order:  &{3 [] 0 0}  order Type 3
2024/03/05 05:16:54 40  waiting for order
2024/03/05 05:16:56 40 :  call for  9  times
2024/03/05 05:16:56 dialing:dial unix /var/tmp/824-mr-0: connect: connection refused
