2024/03/05 02:13:29 29 :  call for  1  times
2024/03/05 02:13:29 CallOrder: worker get response &{2 [] 0 0}
2024/03/05 02:13:29 worker  29 get order:  &{2 [] 0 0}  order Type 2
2024/03/05 02:13:29 29  waiting for order
2024/03/05 02:13:31 29 :  call for  2  times
2024/03/05 02:13:31 CallOrder: worker get response &{2 [] 0 0}
2024/03/05 02:13:31 worker  29 get order:  &{2 [] 0 0}  order Type 2
2024/03/05 02:13:31 29  waiting for order
2024/03/05 02:13:33 29 :  call for  3  times
2024/03/05 02:13:33 CallOrder: worker get response &{2 [] 0 0}
2024/03/05 02:13:33 worker  29 get order:  &{2 [] 0 0}  order Type 2
2024/03/05 02:13:33 29  waiting for order
2024/03/05 02:13:35 29 :  call for  4  times
2024/03/05 02:13:35 CallOrder: worker get response &{2 [] 0 0}
2024/03/05 02:13:35 worker  29 get order:  &{2 [] 0 0}  order Type 2
2024/03/05 02:13:35 29  waiting for order
2024/03/05 02:13:37 29 :  call for  5  times
2024/03/05 02:13:37 CallOrder: worker get response &{0 [../pg-frankenstein.txt] 2 10}
2024/03/05 02:13:37 worker  29 get order:  &{0 [../pg-frankenstein.txt] 2 10}  order Type 0
2024/03/05 02:13:43 start 2 map
2024/03/05 02:13:43 Worker finish order 2, order type 0
2024/03/05 02:13:44 29 :  call for  6  times
2024/03/05 02:13:44 CallOrder: worker get response &{2 [] 0 0}
2024/03/05 02:13:44 worker  29 get order:  &{2 [] 0 0}  order Type 2
2024/03/05 02:13:44 29  waiting for order
2024/03/05 02:13:46 29 :  call for  7  times
2024/03/05 02:13:46 CallOrder: worker get response &{2 [] 0 0}
2024/03/05 02:13:46 worker  29 get order:  &{2 [] 0 0}  order Type 2
2024/03/05 02:13:46 29  waiting for order
2024/03/05 02:13:48 29 :  call for  8  times
2024/03/05 02:13:48 CallOrder: worker get response &{2 [] 0 0}
2024/03/05 02:13:48 worker  29 get order:  &{2 [] 0 0}  order Type 2
2024/03/05 02:13:48 29  waiting for order
2024/03/05 02:13:50 29 :  call for  9  times
2024/03/05 02:13:50 CallOrder: worker get response &{0 [../pg-being_ernest.txt] 0 10}
2024/03/05 02:13:50 worker  29 get order:  &{0 [../pg-being_ernest.txt] 0 10}  order Type 0
