2024/03/05 09:19:04 4 :  call for  1  times
2024/03/05 09:19:04 CallOrder: worker get response &{0 [../pg-sherlock_holmes.txt] 6 10}
2024/03/05 09:19:04 worker  4 get order:  &{0 [../pg-sherlock_holmes.txt] 6 10}  order Type 0
2024/03/05 09:19:08 start 6 map
2024/03/05 09:19:08 Worker finish order 6, order type 0
2024/03/05 09:19:09 4 :  call for  2  times
2024/03/05 09:19:09 CallOrder: worker get response &{2 [] 0 0}
2024/03/05 09:19:09 worker  4 get order:  &{2 [] 0 0}  order Type 2
2024/03/05 09:19:09 4  waiting for order
2024/03/05 09:19:11 4 :  call for  3  times
2024/03/05 09:19:11 CallOrder: worker get response &{2 [] 0 0}
2024/03/05 09:19:11 worker  4 get order:  &{2 [] 0 0}  order Type 2
2024/03/05 09:19:11 4  waiting for order
2024/03/05 09:19:13 4 :  call for  4  times
2024/03/05 09:19:13 CallOrder: worker get response &{2 [] 0 0}
2024/03/05 09:19:13 worker  4 get order:  &{2 [] 0 0}  order Type 2
2024/03/05 09:19:13 4  waiting for order
2024/03/05 09:19:15 4 :  call for  5  times
2024/03/05 09:19:15 CallOrder: worker get response &{0 [../pg-metamorphosis.txt] 5 10}
2024/03/05 09:19:15 worker  4 get order:  &{0 [../pg-metamorphosis.txt] 5 10}  order Type 0
2024/03/05 09:19:15 start 5 map
2024/03/05 09:19:15 Worker finish order 5, order type 0
2024/03/05 09:19:16 4 :  call for  6  times
2024/03/05 09:19:16 CallOrder: worker get response &{0 [../pg-tom_sawyer.txt] 7 10}
2024/03/05 09:19:16 worker  4 get order:  &{0 [../pg-tom_sawyer.txt] 7 10}  order Type 0
