2024/03/05 04:57:55 55 :  call for  1  times
2024/03/05 04:57:55 CallOrder: worker get response &{0 [../pg-being_ernest.txt] 0 10}
2024/03/05 04:57:55 worker  55 get order:  &{0 [../pg-being_ernest.txt] 0 10}  order Type 0
2024/03/05 04:57:56 start 0 map
2024/03/05 04:57:56 Worker finish order 0, order type 0
2024/03/05 04:57:57 55 :  call for  2  times
2024/03/05 04:57:57 CallOrder: worker get response &{0 [../pg-frankenstein.txt] 2 10}
2024/03/05 04:57:57 worker  55 get order:  &{0 [../pg-frankenstein.txt] 2 10}  order Type 0
2024/03/05 04:57:58 start 2 map
2024/03/05 04:57:58 Worker finish order 2, order type 0
2024/03/05 04:57:59 55 :  call for  3  times
2024/03/05 04:57:59 CallOrder: worker get response &{0 [../pg-huckleberry_finn.txt] 4 10}
2024/03/05 04:57:59 worker  55 get order:  &{0 [../pg-huckleberry_finn.txt] 4 10}  order Type 0
2024/03/05 04:58:00 start 4 map
2024/03/05 04:58:00 Worker finish order 4, order type 0
2024/03/05 04:58:01 55 :  call for  4  times
2024/03/05 04:58:01 CallOrder: worker get response &{0 [../pg-sherlock_holmes.txt] 6 10}
2024/03/05 04:58:01 worker  55 get order:  &{0 [../pg-sherlock_holmes.txt] 6 10}  order Type 0
2024/03/05 04:58:02 start 6 map
2024/03/05 04:58:02 Worker finish order 6, order type 0
2024/03/05 04:58:03 55 :  call for  5  times
2024/03/05 04:58:03 CallOrder: worker get response &{1 [mr-tmp-0-0 mr-tmp-1-0 mr-tmp-2-0 mr-tmp-3-0 mr-tmp-4-0 mr-tmp-5-0 mr-tmp-6-0 mr-tmp-7-0] 8 0}
2024/03/05 04:58:03 worker  55 get order:  &{1 [mr-tmp-0-0 mr-tmp-1-0 mr-tmp-2-0 mr-tmp-3-0 mr-tmp-4-0 mr-tmp-5-0 mr-tmp-6-0 mr-tmp-7-0] 8 0}  order Type 1
2024/03/05 04:58:03 start 8 map
2024/03/05 04:58:03 Worker finish order 8, order type 1
2024/03/05 04:58:04 55 :  call for  6  times
2024/03/05 04:58:04 CallOrder: worker get response &{1 [mr-tmp-0-1 mr-tmp-1-1 mr-tmp-2-1 mr-tmp-3-1 mr-tmp-4-1 mr-tmp-5-1 mr-tmp-6-1 mr-tmp-7-1] 9 0}
2024/03/05 04:58:04 worker  55 get order:  &{1 [mr-tmp-0-1 mr-tmp-1-1 mr-tmp-2-1 mr-tmp-3-1 mr-tmp-4-1 mr-tmp-5-1 mr-tmp-6-1 mr-tmp-7-1] 9 0}  order Type 1
2024/03/05 04:58:04 start 9 map
2024/03/05 04:58:04 Worker finish order 9, order type 1
2024/03/05 04:58:05 55 :  call for  7  times
2024/03/05 04:58:05 CallOrder: worker get response &{1 [mr-tmp-0-3 mr-tmp-1-3 mr-tmp-2-3 mr-tmp-3-3 mr-tmp-4-3 mr-tmp-5-3 mr-tmp-6-3 mr-tmp-7-3] 11 0}
2024/03/05 04:58:05 worker  55 get order:  &{1 [mr-tmp-0-3 mr-tmp-1-3 mr-tmp-2-3 mr-tmp-3-3 mr-tmp-4-3 mr-tmp-5-3 mr-tmp-6-3 mr-tmp-7-3] 11 0}  order Type 1
2024/03/05 04:58:05 start 11 map
2024/03/05 04:58:05 Worker finish order 11, order type 1
2024/03/05 04:58:06 55 :  call for  8  times
2024/03/05 04:58:06 CallOrder: worker get response &{1 [mr-tmp-0-5 mr-tmp-1-5 mr-tmp-2-5 mr-tmp-3-5 mr-tmp-4-5 mr-tmp-5-5 mr-tmp-6-5 mr-tmp-7-5] 13 0}
2024/03/05 04:58:06 worker  55 get order:  &{1 [mr-tmp-0-5 mr-tmp-1-5 mr-tmp-2-5 mr-tmp-3-5 mr-tmp-4-5 mr-tmp-5-5 mr-tmp-6-5 mr-tmp-7-5] 13 0}  order Type 1
2024/03/05 04:58:06 start 13 map
2024/03/05 04:58:06 Worker finish order 13, order type 1
2024/03/05 04:58:07 55 :  call for  9  times
2024/03/05 04:58:07 CallOrder: worker get response &{1 [mr-tmp-0-7 mr-tmp-1-7 mr-tmp-2-7 mr-tmp-3-7 mr-tmp-4-7 mr-tmp-5-7 mr-tmp-6-7 mr-tmp-7-7] 15 0}
2024/03/05 04:58:07 worker  55 get order:  &{1 [mr-tmp-0-7 mr-tmp-1-7 mr-tmp-2-7 mr-tmp-3-7 mr-tmp-4-7 mr-tmp-5-7 mr-tmp-6-7 mr-tmp-7-7] 15 0}  order Type 1
2024/03/05 04:58:07 start 15 map
2024/03/05 04:58:07 Worker finish order 15, order type 1
2024/03/05 04:58:08 55 :  call for  10  times
2024/03/05 04:58:08 CallOrder: worker get response &{1 [mr-tmp-0-9 mr-tmp-1-9 mr-tmp-2-9 mr-tmp-3-9 mr-tmp-4-9 mr-tmp-5-9 mr-tmp-6-9 mr-tmp-7-9] 17 0}
2024/03/05 04:58:08 worker  55 get order:  &{1 [mr-tmp-0-9 mr-tmp-1-9 mr-tmp-2-9 mr-tmp-3-9 mr-tmp-4-9 mr-tmp-5-9 mr-tmp-6-9 mr-tmp-7-9] 17 0}  order Type 1
2024/03/05 04:58:08 start 17 map
2024/03/05 04:58:08 Worker finish order 17, order type 1
2024/03/05 04:58:09 55 :  call for  11  times
2024/03/05 04:58:09 CallOrder: worker get response &{4 [] 0 0}
2024/03/05 04:58:09 worker  55 get order:  &{4 [] 0 0}  order Type 4
2024/03/05 04:58:10 55  killed
