2024/03/04 21:14:43 43 :  call for  1  times
2024/03/04 21:14:43 CallOrder: worker get response &{0 [../pg-frankenstein.txt] 2 10}
2024/03/04 21:14:43 worker  43 get order:  &{0 [../pg-frankenstein.txt] 2 10}  order Type 0
2024/03/04 21:14:45 start 2 map
2024/03/04 21:14:45 Worker finish order 2, order type 0
2024/03/04 21:14:46 43 :  call for  2  times
2024/03/04 21:14:46 CallOrder: worker get response &{0 [../pg-metamorphosis.txt] 5 10}
2024/03/04 21:14:46 worker  43 get order:  &{0 [../pg-metamorphosis.txt] 5 10}  order Type 0
2024/03/04 21:14:46 start 5 map
2024/03/04 21:14:46 Worker finish order 5, order type 0
2024/03/04 21:14:47 43 :  call for  3  times
2024/03/04 21:14:47 CallOrder: worker get response &{0 [../pg-tom_sawyer.txt] 7 10}
2024/03/04 21:14:47 worker  43 get order:  &{0 [../pg-tom_sawyer.txt] 7 10}  order Type 0
2024/03/04 21:14:49 start 7 map
2024/03/04 21:14:49 Worker finish order 7, order type 0
2024/03/04 21:14:50 43 :  call for  4  times
2024/03/04 21:14:50 CallOrder: worker get response &{2 [] 0 0}
2024/03/04 21:14:50 worker  43 get order:  &{2 [] 0 0}  order Type 2
2024/03/04 21:14:50 43  waiting for order
2024/03/04 21:14:52 43 :  call for  5  times
2024/03/04 21:14:52 CallOrder: worker get response &{1 [mr-tmp-0-3 mr-tmp-1-3 mr-tmp-2-3 mr-tmp-3-3 mr-tmp-4-3 mr-tmp-5-3 mr-tmp-6-3 mr-tmp-7-3] 11 0}
2024/03/04 21:14:52 worker  43 get order:  &{1 [mr-tmp-0-3 mr-tmp-1-3 mr-tmp-2-3 mr-tmp-3-3 mr-tmp-4-3 mr-tmp-5-3 mr-tmp-6-3 mr-tmp-7-3] 11 0}  order Type 1
2024/03/04 21:14:53 start 11 map
2024/03/04 21:14:53 Worker finish order 11, order type 1
2024/03/04 21:14:54 43 :  call for  6  times
2024/03/04 21:14:54 CallOrder: worker get response &{1 [mr-tmp-0-5 mr-tmp-1-5 mr-tmp-2-5 mr-tmp-3-5 mr-tmp-4-5 mr-tmp-5-5 mr-tmp-6-5 mr-tmp-7-5] 13 0}
2024/03/04 21:14:54 worker  43 get order:  &{1 [mr-tmp-0-5 mr-tmp-1-5 mr-tmp-2-5 mr-tmp-3-5 mr-tmp-4-5 mr-tmp-5-5 mr-tmp-6-5 mr-tmp-7-5] 13 0}  order Type 1
2024/03/04 21:14:54 start 13 map
2024/03/04 21:14:54 Worker finish order 13, order type 1
2024/03/04 21:14:55 43 :  call for  7  times
2024/03/04 21:14:55 CallOrder: worker get response &{1 [mr-tmp-0-8 mr-tmp-1-8 mr-tmp-2-8 mr-tmp-3-8 mr-tmp-4-8 mr-tmp-5-8 mr-tmp-6-8 mr-tmp-7-8] 16 0}
2024/03/04 21:14:55 worker  43 get order:  &{1 [mr-tmp-0-8 mr-tmp-1-8 mr-tmp-2-8 mr-tmp-3-8 mr-tmp-4-8 mr-tmp-5-8 mr-tmp-6-8 mr-tmp-7-8] 16 0}  order Type 1
2024/03/04 21:14:56 start 16 map
2024/03/04 21:14:56 Worker finish order 16, order type 1
2024/03/04 21:14:57 43 :  call for  8  times
2024/03/04 21:14:57 CallOrder: worker get response &{3 [] 0 0}
2024/03/04 21:14:57 worker  43 get order:  &{3 [] 0 0}  order Type 3
2024/03/04 21:14:57 43  waiting for order
2024/03/04 21:14:59 43 :  call for  9  times
2024/03/04 21:14:59 CallOrder: worker get response &{0 [] 0 0}
2024/03/04 21:14:59 worker  43 get order:  &{0 [] 0 0}  order Type 0
