2024/03/05 09:55:52 52 :  call for  1  times
2024/03/05 09:55:52 CallOrder: worker get response &{0 [../pg-grimm.txt] 3 10}
2024/03/05 09:55:52 worker  52 get order:  &{0 [../pg-grimm.txt] 3 10}  order Type 0
2024/03/05 09:55:52 start 3 map
2024/03/05 09:55:52 Worker finish order 3, order type 0
2024/03/05 09:55:53 52 :  call for  2  times
2024/03/05 09:55:53 CallOrder: worker get response &{0 [../pg-huckleberry_finn.txt] 4 10}
2024/03/05 09:55:53 worker  52 get order:  &{0 [../pg-huckleberry_finn.txt] 4 10}  order Type 0
2024/03/05 09:55:56 start 4 map
2024/03/05 09:55:56 Worker finish order 4, order type 0
2024/03/05 09:55:57 52 :  call for  3  times
2024/03/05 09:55:57 CallOrder: worker get response &{2 [] 0 0}
2024/03/05 09:55:57 worker  52 get order:  &{2 [] 0 0}  order Type 2
2024/03/05 09:55:57 52  waiting for order
2024/03/05 09:55:59 52 :  call for  4  times
2024/03/05 09:55:59 CallOrder: worker get response &{2 [] 0 0}
2024/03/05 09:55:59 worker  52 get order:  &{2 [] 0 0}  order Type 2
2024/03/05 09:55:59 52  waiting for order
2024/03/05 09:56:01 52 :  call for  5  times
2024/03/05 09:56:01 CallOrder: worker get response &{2 [] 0 0}
2024/03/05 09:56:01 worker  52 get order:  &{2 [] 0 0}  order Type 2
2024/03/05 09:56:01 52  waiting for order
2024/03/05 09:56:03 52 :  call for  6  times
2024/03/05 09:56:03 CallOrder: worker get response &{2 [] 0 0}
2024/03/05 09:56:03 worker  52 get order:  &{2 [] 0 0}  order Type 2
2024/03/05 09:56:03 52  waiting for order
2024/03/05 09:56:05 52 :  call for  7  times
2024/03/05 09:56:05 CallOrder: worker get response &{2 [] 0 0}
2024/03/05 09:56:05 worker  52 get order:  &{2 [] 0 0}  order Type 2
2024/03/05 09:56:05 52  waiting for order
2024/03/05 09:56:07 52 :  call for  8  times
2024/03/05 09:56:07 CallOrder: worker get response &{2 [] 0 0}
2024/03/05 09:56:07 worker  52 get order:  &{2 [] 0 0}  order Type 2
2024/03/05 09:56:07 52  waiting for order
2024/03/05 09:56:09 52 :  call for  9  times
2024/03/05 09:56:09 CallOrder: worker get response &{2 [] 0 0}
2024/03/05 09:56:09 worker  52 get order:  &{2 [] 0 0}  order Type 2
2024/03/05 09:56:09 52  waiting for order
2024/03/05 09:56:11 52 :  call for  10  times
2024/03/05 09:56:11 CallOrder: worker get response &{2 [] 0 0}
2024/03/05 09:56:11 worker  52 get order:  &{2 [] 0 0}  order Type 2
2024/03/05 09:56:11 52  waiting for order
2024/03/05 09:56:13 52 :  call for  11  times
2024/03/05 09:56:13 CallOrder: worker get response &{2 [] 0 0}
2024/03/05 09:56:13 worker  52 get order:  &{2 [] 0 0}  order Type 2
2024/03/05 09:56:13 52  waiting for order
2024/03/05 09:56:15 52 :  call for  12  times
2024/03/05 09:56:15 CallOrder: worker get response &{2 [] 0 0}
2024/03/05 09:56:15 worker  52 get order:  &{2 [] 0 0}  order Type 2
2024/03/05 09:56:15 52  waiting for order
2024/03/05 09:56:17 52 :  call for  13  times
2024/03/05 09:56:17 CallOrder: worker get response &{2 [] 0 0}
2024/03/05 09:56:17 worker  52 get order:  &{2 [] 0 0}  order Type 2
2024/03/05 09:56:17 52  waiting for order
2024/03/05 09:56:19 52 :  call for  14  times
2024/03/05 09:56:19 CallOrder: worker get response &{2 [] 0 0}
2024/03/05 09:56:19 worker  52 get order:  &{2 [] 0 0}  order Type 2
2024/03/05 09:56:19 52  waiting for order
2024/03/05 09:56:21 52 :  call for  15  times
2024/03/05 09:56:21 CallOrder: worker get response &{2 [] 0 0}
2024/03/05 09:56:21 worker  52 get order:  &{2 [] 0 0}  order Type 2
2024/03/05 09:56:21 52  waiting for order
2024/03/05 09:56:23 52 :  call for  16  times
2024/03/05 09:56:23 CallOrder: worker get response &{2 [] 0 0}
2024/03/05 09:56:23 worker  52 get order:  &{2 [] 0 0}  order Type 2
2024/03/05 09:56:23 52  waiting for order
2024/03/05 09:56:25 52 :  call for  17  times
2024/03/05 09:56:25 CallOrder: worker get response &{2 [] 0 0}
2024/03/05 09:56:25 worker  52 get order:  &{2 [] 0 0}  order Type 2
2024/03/05 09:56:25 52  waiting for order
2024/03/05 09:56:27 52 :  call for  18  times
2024/03/05 09:56:28 CallOrder: worker get response &{1 [mr-tmp-0-2 mr-tmp-1-2 mr-tmp-2-2 mr-tmp-3-2 mr-tmp-4-2 mr-tmp-5-2 mr-tmp-6-2 mr-tmp-7-2] 10 0}
2024/03/05 09:56:28 worker  52 get order:  &{1 [mr-tmp-0-2 mr-tmp-1-2 mr-tmp-2-2 mr-tmp-3-2 mr-tmp-4-2 mr-tmp-5-2 mr-tmp-6-2 mr-tmp-7-2] 10 0}  order Type 1
