2024/03/05 08:13:09 9 :  call for  1  times
2024/03/05 08:13:09 CallOrder: worker get response &{0 [../pg-metamorphosis.txt] 5 10}
2024/03/05 08:13:09 worker  9 get order:  &{0 [../pg-metamorphosis.txt] 5 10}  order Type 0
2024/03/05 08:13:09 start 5 map
2024/03/05 08:13:09 Worker finish order 5, order type 0
2024/03/05 08:13:10 9 :  call for  2  times
2024/03/05 08:13:10 CallOrder: worker get response &{0 [../pg-sherlock_holmes.txt] 6 10}
2024/03/05 08:13:10 worker  9 get order:  &{0 [../pg-sherlock_holmes.txt] 6 10}  order Type 0
2024/03/05 08:13:10 start 6 map
2024/03/05 08:13:10 Worker finish order 6, order type 0
2024/03/05 08:13:11 9 :  call for  3  times
2024/03/05 08:13:11 CallOrder: worker get response &{0 [../pg-tom_sawyer.txt] 7 10}
2024/03/05 08:13:11 worker  9 get order:  &{0 [../pg-tom_sawyer.txt] 7 10}  order Type 0
2024/03/05 08:13:20 start 7 map
2024/03/05 08:13:20 Worker finish order 7, order type 0
2024/03/05 08:13:21 9 :  call for  4  times
2024/03/05 08:13:21 CallOrder: worker get response &{1 [mr-tmp-0-1 mr-tmp-1-1 mr-tmp-2-1 mr-tmp-3-1 mr-tmp-4-1 mr-tmp-5-1 mr-tmp-6-1 mr-tmp-7-1] 9 0}
2024/03/05 08:13:21 worker  9 get order:  &{1 [mr-tmp-0-1 mr-tmp-1-1 mr-tmp-2-1 mr-tmp-3-1 mr-tmp-4-1 mr-tmp-5-1 mr-tmp-6-1 mr-tmp-7-1] 9 0}  order Type 1
2024/03/05 08:13:21 start 9 map
2024/03/05 08:13:21 Worker finish order 9, order type 1
2024/03/05 08:13:22 9 :  call for  5  times
2024/03/05 08:13:22 CallOrder: worker get response &{1 [mr-tmp-0-4 mr-tmp-1-4 mr-tmp-2-4 mr-tmp-3-4 mr-tmp-4-4 mr-tmp-5-4 mr-tmp-6-4 mr-tmp-7-4] 12 0}
2024/03/05 08:13:22 worker  9 get order:  &{1 [mr-tmp-0-4 mr-tmp-1-4 mr-tmp-2-4 mr-tmp-3-4 mr-tmp-4-4 mr-tmp-5-4 mr-tmp-6-4 mr-tmp-7-4] 12 0}  order Type 1
2024/03/05 08:13:22 start 12 map
2024/03/05 08:13:22 Worker finish order 12, order type 1
2024/03/05 08:13:23 9 :  call for  6  times
2024/03/05 08:13:23 CallOrder: worker get response &{1 [mr-tmp-0-8 mr-tmp-1-8 mr-tmp-2-8 mr-tmp-3-8 mr-tmp-4-8 mr-tmp-5-8 mr-tmp-6-8 mr-tmp-7-8] 16 0}
2024/03/05 08:13:23 worker  9 get order:  &{1 [mr-tmp-0-8 mr-tmp-1-8 mr-tmp-2-8 mr-tmp-3-8 mr-tmp-4-8 mr-tmp-5-8 mr-tmp-6-8 mr-tmp-7-8] 16 0}  order Type 1
2024/03/05 08:13:23 start 16 map
2024/03/05 08:13:23 Worker finish order 16, order type 1
2024/03/05 08:13:24 9 :  call for  7  times
2024/03/05 08:13:24 CallOrder: worker get response &{3 [] 0 0}
2024/03/05 08:13:24 worker  9 get order:  &{3 [] 0 0}  order Type 3
2024/03/05 08:13:24 9  waiting for order
2024/03/05 08:13:26 9 :  call for  8  times
2024/03/05 08:13:26 CallOrder: worker get response &{3 [] 0 0}
2024/03/05 08:13:26 worker  9 get order:  &{3 [] 0 0}  order Type 3
2024/03/05 08:13:26 9  waiting for order
2024/03/05 08:13:28 9 :  call for  9  times
2024/03/05 08:13:28 CallOrder: worker get response &{4 [] 0 0}
2024/03/05 08:13:28 worker  9 get order:  &{4 [] 0 0}  order Type 4
2024/03/05 08:13:29 9  killed
