2024/03/05 04:45:32 32 :  call for  1  times
2024/03/05 04:45:32 CallOrder: worker get response &{2 [] 0 0}
2024/03/05 04:45:32 worker  32 get order:  &{2 [] 0 0}  order Type 2
2024/03/05 04:45:32 32  waiting for order
2024/03/05 04:45:34 32 :  call for  2  times
2024/03/05 04:45:34 CallOrder: worker get response &{2 [] 0 0}
2024/03/05 04:45:34 worker  32 get order:  &{2 [] 0 0}  order Type 2
2024/03/05 04:45:34 32  waiting for order
2024/03/05 04:45:36 32 :  call for  3  times
2024/03/05 04:45:36 CallOrder: worker get response &{2 [] 0 0}
2024/03/05 04:45:36 worker  32 get order:  &{2 [] 0 0}  order Type 2
2024/03/05 04:45:36 32  waiting for order
2024/03/05 04:45:38 32 :  call for  4  times
2024/03/05 04:45:38 CallOrder: worker get response &{2 [] 0 0}
2024/03/05 04:45:38 worker  32 get order:  &{2 [] 0 0}  order Type 2
2024/03/05 04:45:38 32  waiting for order
2024/03/05 04:45:40 32 :  call for  5  times
2024/03/05 04:45:40 CallOrder: worker get response &{2 [] 0 0}
2024/03/05 04:45:40 worker  32 get order:  &{2 [] 0 0}  order Type 2
2024/03/05 04:45:40 32  waiting for order
2024/03/05 04:45:42 32 :  call for  6  times
2024/03/05 04:45:42 CallOrder: worker get response &{2 [] 0 0}
2024/03/05 04:45:42 worker  32 get order:  &{2 [] 0 0}  order Type 2
2024/03/05 04:45:42 32  waiting for order
2024/03/05 04:45:44 32 :  call for  7  times
2024/03/05 04:45:44 CallOrder: worker get response &{2 [] 0 0}
2024/03/05 04:45:44 worker  32 get order:  &{2 [] 0 0}  order Type 2
2024/03/05 04:45:44 32  waiting for order
2024/03/05 04:45:46 32 :  call for  8  times
2024/03/05 04:45:46 CallOrder: worker get response &{2 [] 0 0}
2024/03/05 04:45:46 worker  32 get order:  &{2 [] 0 0}  order Type 2
2024/03/05 04:45:46 32  waiting for order
2024/03/05 04:45:48 32 :  call for  9  times
2024/03/05 04:45:48 CallOrder: worker get response &{2 [] 0 0}
2024/03/05 04:45:48 worker  32 get order:  &{2 [] 0 0}  order Type 2
2024/03/05 04:45:48 32  waiting for order
2024/03/05 04:45:50 32 :  call for  10  times
2024/03/05 04:45:50 CallOrder: worker get response &{2 [] 0 0}
2024/03/05 04:45:50 worker  32 get order:  &{2 [] 0 0}  order Type 2
2024/03/05 04:45:50 32  waiting for order
2024/03/05 04:45:52 32 :  call for  11  times
2024/03/05 04:45:52 CallOrder: worker get response &{2 [] 0 0}
2024/03/05 04:45:52 worker  32 get order:  &{2 [] 0 0}  order Type 2
2024/03/05 04:45:52 32  waiting for order
2024/03/05 04:45:54 32 :  call for  12  times
2024/03/05 04:45:54 CallOrder: worker get response &{2 [] 0 0}
2024/03/05 04:45:54 worker  32 get order:  &{2 [] 0 0}  order Type 2
2024/03/05 04:45:54 32  waiting for order
2024/03/05 04:45:56 32 :  call for  13  times
2024/03/05 04:45:56 CallOrder: worker get response &{2 [] 0 0}
2024/03/05 04:45:56 worker  32 get order:  &{2 [] 0 0}  order Type 2
2024/03/05 04:45:56 32  waiting for order
2024/03/05 04:45:58 32 :  call for  14  times
2024/03/05 04:45:58 CallOrder: worker get response &{1 [mr-tmp-0-4 mr-tmp-1-4 mr-tmp-2-4 mr-tmp-3-4 mr-tmp-4-4 mr-tmp-5-4 mr-tmp-6-4 mr-tmp-7-4] 12 0}
2024/03/05 04:45:58 worker  32 get order:  &{1 [mr-tmp-0-4 mr-tmp-1-4 mr-tmp-2-4 mr-tmp-3-4 mr-tmp-4-4 mr-tmp-5-4 mr-tmp-6-4 mr-tmp-7-4] 12 0}  order Type 1
2024/03/05 04:45:58 start 12 map
2024/03/05 04:45:58 Worker finish order 12, order type 1
2024/03/05 04:45:59 32 :  call for  15  times
2024/03/05 04:45:59 CallOrder: worker get response &{1 [mr-tmp-0-6 mr-tmp-1-6 mr-tmp-2-6 mr-tmp-3-6 mr-tmp-4-6 mr-tmp-5-6 mr-tmp-6-6 mr-tmp-7-6] 14 0}
2024/03/05 04:45:59 worker  32 get order:  &{1 [mr-tmp-0-6 mr-tmp-1-6 mr-tmp-2-6 mr-tmp-3-6 mr-tmp-4-6 mr-tmp-5-6 mr-tmp-6-6 mr-tmp-7-6] 14 0}  order Type 1
2024/03/05 04:45:59 start 14 map
2024/03/05 04:45:59 Worker finish order 14, order type 1
2024/03/05 04:46:00 32 :  call for  16  times
2024/03/05 04:46:00 CallOrder: worker get response &{1 [mr-tmp-0-9 mr-tmp-1-9 mr-tmp-2-9 mr-tmp-3-9 mr-tmp-4-9 mr-tmp-5-9 mr-tmp-6-9 mr-tmp-7-9] 17 0}
2024/03/05 04:46:00 worker  32 get order:  &{1 [mr-tmp-0-9 mr-tmp-1-9 mr-tmp-2-9 mr-tmp-3-9 mr-tmp-4-9 mr-tmp-5-9 mr-tmp-6-9 mr-tmp-7-9] 17 0}  order Type 1
2024/03/05 04:46:06 start 17 map
2024/03/05 04:46:06 Worker finish order 17, order type 1
2024/03/05 04:46:07 32 :  call for  17  times
2024/03/05 04:46:07 CallOrder: worker get response &{4 [] 0 0}
2024/03/05 04:46:07 worker  32 get order:  &{4 [] 0 0}  order Type 4
2024/03/05 04:46:08 32  killed
