2024/03/05 05:31:41 41 :  call for  1  times
2024/03/05 05:31:41 CallOrder: worker get response &{0 [../pg-frankenstein.txt] 2 10}
2024/03/05 05:31:41 worker  41 get order:  &{0 [../pg-frankenstein.txt] 2 10}  order Type 0
2024/03/05 05:31:41 start 2 map
2024/03/05 05:31:41 Worker finish order 2, order type 0
2024/03/05 05:31:42 41 :  call for  2  times
2024/03/05 05:31:42 CallOrder: worker get response &{0 [../pg-metamorphosis.txt] 5 10}
2024/03/05 05:31:42 worker  41 get order:  &{0 [../pg-metamorphosis.txt] 5 10}  order Type 0
2024/03/05 05:31:42 start 5 map
2024/03/05 05:31:42 Worker finish order 5, order type 0
2024/03/05 05:31:43 41 :  call for  3  times
2024/03/05 05:31:43 CallOrder: worker get response &{0 [../pg-sherlock_holmes.txt] 6 10}
2024/03/05 05:31:43 worker  41 get order:  &{0 [../pg-sherlock_holmes.txt] 6 10}  order Type 0
2024/03/05 05:31:43 start 6 map
2024/03/05 05:31:43 Worker finish order 6, order type 0
2024/03/05 05:31:44 41 :  call for  4  times
2024/03/05 05:31:44 CallOrder: worker get response &{2 [] 0 0}
2024/03/05 05:31:44 worker  41 get order:  &{2 [] 0 0}  order Type 2
2024/03/05 05:31:44 41  waiting for order
2024/03/05 05:31:46 41 :  call for  5  times
2024/03/05 05:31:46 CallOrder: worker get response &{1 [mr-tmp-0-4 mr-tmp-1-4 mr-tmp-2-4 mr-tmp-3-4 mr-tmp-4-4 mr-tmp-5-4 mr-tmp-6-4 mr-tmp-7-4] 12 0}
2024/03/05 05:31:46 worker  41 get order:  &{1 [mr-tmp-0-4 mr-tmp-1-4 mr-tmp-2-4 mr-tmp-3-4 mr-tmp-4-4 mr-tmp-5-4 mr-tmp-6-4 mr-tmp-7-4] 12 0}  order Type 1
2024/03/05 05:31:46 start 12 map
2024/03/05 05:31:46 Worker finish order 12, order type 1
2024/03/05 05:31:47 41 :  call for  6  times
2024/03/05 05:31:47 CallOrder: worker get response &{1 [mr-tmp-0-6 mr-tmp-1-6 mr-tmp-2-6 mr-tmp-3-6 mr-tmp-4-6 mr-tmp-5-6 mr-tmp-6-6 mr-tmp-7-6] 14 0}
2024/03/05 05:31:47 worker  41 get order:  &{1 [mr-tmp-0-6 mr-tmp-1-6 mr-tmp-2-6 mr-tmp-3-6 mr-tmp-4-6 mr-tmp-5-6 mr-tmp-6-6 mr-tmp-7-6] 14 0}  order Type 1
2024/03/05 05:31:50 start 14 map
2024/03/05 05:31:50 Worker finish order 14, order type 1
2024/03/05 05:31:51 41 :  call for  7  times
2024/03/05 05:31:51 CallOrder: worker get response &{4 [] 0 0}
2024/03/05 05:31:51 worker  41 get order:  &{4 [] 0 0}  order Type 4
2024/03/05 05:31:52 41  killed
