2024/03/05 12:41:04 4 :  call for  1  times
2024/03/05 12:41:04 CallOrder: worker get response &{0 [../pg-dorian_gray.txt] 1 10}
2024/03/05 12:41:04 worker  4 get order:  &{0 [../pg-dorian_gray.txt] 1 10}  order Type 0
2024/03/05 12:41:06 start 1 map
2024/03/05 12:41:06 Worker finish order 1, order type 0
2024/03/05 12:41:07 4 :  call for  2  times
2024/03/05 12:41:07 CallOrder: worker get response &{0 [../pg-metamorphosis.txt] 5 10}
2024/03/05 12:41:07 worker  4 get order:  &{0 [../pg-metamorphosis.txt] 5 10}  order Type 0
2024/03/05 12:41:08 start 5 map
2024/03/05 12:41:08 Worker finish order 5, order type 0
2024/03/05 12:41:09 4 :  call for  3  times
2024/03/05 12:41:09 CallOrder: worker get response &{0 [../pg-sherlock_holmes.txt] 6 10}
2024/03/05 12:41:09 worker  4 get order:  &{0 [../pg-sherlock_holmes.txt] 6 10}  order Type 0
2024/03/05 12:41:12 start 6 map
2024/03/05 12:41:12 Worker finish order 6, order type 0
2024/03/05 12:41:13 4 :  call for  4  times
2024/03/05 12:41:13 CallOrder: worker get response &{1 [mr-tmp-0-0 mr-tmp-1-0 mr-tmp-2-0 mr-tmp-3-0 mr-tmp-4-0 mr-tmp-5-0 mr-tmp-6-0 mr-tmp-7-0] 8 0}
2024/03/05 12:41:13 worker  4 get order:  &{1 [mr-tmp-0-0 mr-tmp-1-0 mr-tmp-2-0 mr-tmp-3-0 mr-tmp-4-0 mr-tmp-5-0 mr-tmp-6-0 mr-tmp-7-0] 8 0}  order Type 1
2024/03/05 12:41:14 start 8 map
2024/03/05 12:41:14 Worker finish order 8, order type 1
2024/03/05 12:41:15 4 :  call for  5  times
2024/03/05 12:41:15 CallOrder: worker get response &{1 [mr-tmp-0-2 mr-tmp-1-2 mr-tmp-2-2 mr-tmp-3-2 mr-tmp-4-2 mr-tmp-5-2 mr-tmp-6-2 mr-tmp-7-2] 10 0}
2024/03/05 12:41:15 worker  4 get order:  &{1 [mr-tmp-0-2 mr-tmp-1-2 mr-tmp-2-2 mr-tmp-3-2 mr-tmp-4-2 mr-tmp-5-2 mr-tmp-6-2 mr-tmp-7-2] 10 0}  order Type 1
2024/03/05 12:41:16 start 10 map
2024/03/05 12:41:16 Worker finish order 10, order type 1
2024/03/05 12:41:17 4 :  call for  6  times
2024/03/05 12:41:17 CallOrder: worker get response &{1 [mr-tmp-0-6 mr-tmp-1-6 mr-tmp-2-6 mr-tmp-3-6 mr-tmp-4-6 mr-tmp-5-6 mr-tmp-6-6 mr-tmp-7-6] 14 0}
2024/03/05 12:41:17 worker  4 get order:  &{1 [mr-tmp-0-6 mr-tmp-1-6 mr-tmp-2-6 mr-tmp-3-6 mr-tmp-4-6 mr-tmp-5-6 mr-tmp-6-6 mr-tmp-7-6] 14 0}  order Type 1
2024/03/05 12:41:19 start 14 map
2024/03/05 12:41:19 Worker finish order 14, order type 1
2024/03/05 12:41:20 4 :  call for  7  times
2024/03/05 12:41:20 CallOrder: worker get response &{3 [] 0 0}
2024/03/05 12:41:20 worker  4 get order:  &{3 [] 0 0}  order Type 3
2024/03/05 12:41:20 4  waiting for order
2024/03/05 12:41:22 4 :  call for  8  times
2024/03/05 12:41:22 CallOrder: worker get response &{4 [] 0 0}
2024/03/05 12:41:22 worker  4 get order:  &{4 [] 0 0}  order Type 4
2024/03/05 12:41:23 4  killed
