2024/03/04 22:42:06 6 :  call for  1  times
2024/03/04 22:42:06 CallOrder: worker get response &{2 [] 0 0}
2024/03/04 22:42:06 worker  6 get order:  &{2 [] 0 0}  order Type 2
2024/03/04 22:42:06 6  waiting for order
2024/03/04 22:42:08 6 :  call for  2  times
2024/03/04 22:42:08 CallOrder: worker get response &{2 [] 0 0}
2024/03/04 22:42:08 worker  6 get order:  &{2 [] 0 0}  order Type 2
2024/03/04 22:42:08 6  waiting for order
2024/03/04 22:42:10 6 :  call for  3  times
2024/03/04 22:42:10 CallOrder: worker get response &{2 [] 0 0}
2024/03/04 22:42:10 worker  6 get order:  &{2 [] 0 0}  order Type 2
2024/03/04 22:42:10 6  waiting for order
2024/03/04 22:42:12 6 :  call for  4  times
2024/03/04 22:42:12 CallOrder: worker get response &{2 [] 0 0}
2024/03/04 22:42:12 worker  6 get order:  &{2 [] 0 0}  order Type 2
2024/03/04 22:42:12 6  waiting for order
2024/03/04 22:42:14 6 :  call for  5  times
2024/03/04 22:42:14 CallOrder: worker get response &{2 [] 0 0}
2024/03/04 22:42:14 worker  6 get order:  &{2 [] 0 0}  order Type 2
2024/03/04 22:42:14 6  waiting for order
2024/03/04 22:42:16 6 :  call for  6  times
2024/03/04 22:42:16 CallOrder: worker get response &{0 [../pg-metamorphosis.txt] 5 10}
2024/03/04 22:42:16 worker  6 get order:  &{0 [../pg-metamorphosis.txt] 5 10}  order Type 0
2024/03/04 22:42:16 start 5 map
2024/03/04 22:42:16 Worker finish order 5, order type 0
2024/03/04 22:42:17 6 :  call for  7  times
2024/03/04 22:42:17 CallOrder: worker get response &{0 [../pg-tom_sawyer.txt] 7 10}
2024/03/04 22:42:17 worker  6 get order:  &{0 [../pg-tom_sawyer.txt] 7 10}  order Type 0
2024/03/04 22:42:18 start 7 map
2024/03/04 22:42:18 Worker finish order 7, order type 0
2024/03/04 22:42:19 6 :  call for  8  times
2024/03/04 22:42:19 CallOrder: worker get response &{2 [] 0 0}
2024/03/04 22:42:19 worker  6 get order:  &{2 [] 0 0}  order Type 2
2024/03/04 22:42:19 6  waiting for order
2024/03/04 22:42:21 6 :  call for  9  times
2024/03/04 22:42:21 CallOrder: worker get response &{2 [] 0 0}
2024/03/04 22:42:21 worker  6 get order:  &{2 [] 0 0}  order Type 2
2024/03/04 22:42:21 6  waiting for order
2024/03/04 22:42:23 6 :  call for  10  times
2024/03/04 22:42:23 CallOrder: worker get response &{2 [] 0 0}
2024/03/04 22:42:23 worker  6 get order:  &{2 [] 0 0}  order Type 2
2024/03/04 22:42:23 6  waiting for order
2024/03/04 22:42:25 6 :  call for  11  times
2024/03/04 22:42:25 CallOrder: worker get response &{2 [] 0 0}
2024/03/04 22:42:25 worker  6 get order:  &{2 [] 0 0}  order Type 2
2024/03/04 22:42:25 6  waiting for order
2024/03/04 22:42:27 6 :  call for  12  times
2024/03/04 22:42:27 CallOrder: worker get response &{0 [../pg-sherlock_holmes.txt] 6 10}
2024/03/04 22:42:27 worker  6 get order:  &{0 [../pg-sherlock_holmes.txt] 6 10}  order Type 0
