2024/03/05 12:19:08 8 :  call for  1  times
2024/03/05 12:19:08 CallOrder: worker get response &{0 [../pg-frankenstein.txt] 2 10}
2024/03/05 12:19:08 worker  8 get order:  &{0 [../pg-frankenstein.txt] 2 10}  order Type 0
2024/03/05 12:19:08 start 2 map
2024/03/05 12:19:08 Worker finish order 2, order type 0
2024/03/05 12:19:09 8 :  call for  2  times
2024/03/05 12:19:09 CallOrder: worker get response &{0 [../pg-metamorphosis.txt] 5 10}
2024/03/05 12:19:09 worker  8 get order:  &{0 [../pg-metamorphosis.txt] 5 10}  order Type 0
2024/03/05 12:19:09 start 5 map
2024/03/05 12:19:09 Worker finish order 5, order type 0
2024/03/05 12:19:10 8 :  call for  3  times
2024/03/05 12:19:10 CallOrder: worker get response &{0 [../pg-tom_sawyer.txt] 7 10}
2024/03/05 12:19:10 worker  8 get order:  &{0 [../pg-tom_sawyer.txt] 7 10}  order Type 0
2024/03/05 12:19:10 start 7 map
2024/03/05 12:19:10 Worker finish order 7, order type 0
2024/03/05 12:19:11 8 :  call for  4  times
2024/03/05 12:19:11 CallOrder: worker get response &{2 [] 0 0}
2024/03/05 12:19:11 worker  8 get order:  &{2 [] 0 0}  order Type 2
2024/03/05 12:19:11 8  waiting for order
2024/03/05 12:19:13 8 :  call for  5  times
2024/03/05 12:19:13 CallOrder: worker get response &{1 [mr-tmp-0-4 mr-tmp-1-4 mr-tmp-2-4 mr-tmp-3-4 mr-tmp-4-4 mr-tmp-5-4 mr-tmp-6-4 mr-tmp-7-4] 12 0}
2024/03/05 12:19:13 worker  8 get order:  &{1 [mr-tmp-0-4 mr-tmp-1-4 mr-tmp-2-4 mr-tmp-3-4 mr-tmp-4-4 mr-tmp-5-4 mr-tmp-6-4 mr-tmp-7-4] 12 0}  order Type 1
2024/03/05 12:19:13 start 12 map
2024/03/05 12:19:13 Worker finish order 12, order type 1
2024/03/05 12:19:14 8 :  call for  6  times
2024/03/05 12:19:14 CallOrder: worker get response &{1 [mr-tmp-0-6 mr-tmp-1-6 mr-tmp-2-6 mr-tmp-3-6 mr-tmp-4-6 mr-tmp-5-6 mr-tmp-6-6 mr-tmp-7-6] 14 0}
2024/03/05 12:19:14 worker  8 get order:  &{1 [mr-tmp-0-6 mr-tmp-1-6 mr-tmp-2-6 mr-tmp-3-6 mr-tmp-4-6 mr-tmp-5-6 mr-tmp-6-6 mr-tmp-7-6] 14 0}  order Type 1
2024/03/05 12:19:17 start 14 map
2024/03/05 12:19:17 Worker finish order 14, order type 1
2024/03/05 12:19:18 8 :  call for  7  times
2024/03/05 12:19:18 CallOrder: worker get response &{4 [] 0 0}
2024/03/05 12:19:18 worker  8 get order:  &{4 [] 0 0}  order Type 4
2024/03/05 12:19:19 8  killed
