2024/03/05 02:17:44 44 :  call for  1  times
2024/03/05 02:17:44 CallOrder: worker get response &{1 [mr-tmp-0-7 mr-tmp-1-7 mr-tmp-2-7 mr-tmp-3-7 mr-tmp-4-7 mr-tmp-5-7 mr-tmp-6-7 mr-tmp-7-7] 15 0}
2024/03/05 02:17:44 worker  44 get order:  &{1 [mr-tmp-0-7 mr-tmp-1-7 mr-tmp-2-7 mr-tmp-3-7 mr-tmp-4-7 mr-tmp-5-7 mr-tmp-6-7 mr-tmp-7-7] 15 0}  order Type 1
2024/03/05 02:17:44 start 15 map
2024/03/05 02:17:44 Worker finish order 15, order type 1
2024/03/05 02:17:45 44 :  call for  2  times
2024/03/05 02:17:45 CallOrder: worker get response &{1 [mr-tmp-0-9 mr-tmp-1-9 mr-tmp-2-9 mr-tmp-3-9 mr-tmp-4-9 mr-tmp-5-9 mr-tmp-6-9 mr-tmp-7-9] 17 0}
2024/03/05 02:17:45 worker  44 get order:  &{1 [mr-tmp-0-9 mr-tmp-1-9 mr-tmp-2-9 mr-tmp-3-9 mr-tmp-4-9 mr-tmp-5-9 mr-tmp-6-9 mr-tmp-7-9] 17 0}  order Type 1
2024/03/05 02:17:45 start 17 map
2024/03/05 02:17:45 Worker finish order 17, order type 1
2024/03/05 02:17:46 44 :  call for  3  times
2024/03/05 02:17:46 CallOrder: worker get response &{3 [] 0 0}
2024/03/05 02:17:46 worker  44 get order:  &{3 [] 0 0}  order Type 3
2024/03/05 02:17:46 44  waiting for order
2024/03/05 02:17:48 44 :  call for  4  times
2024/03/05 02:17:48 CallOrder: worker get response &{3 [] 0 0}
2024/03/05 02:17:48 worker  44 get order:  &{3 [] 0 0}  order Type 3
2024/03/05 02:17:48 44  waiting for order
2024/03/05 02:17:50 44 :  call for  5  times
2024/03/05 02:17:50 CallOrder: worker get response &{3 [] 0 0}
2024/03/05 02:17:50 worker  44 get order:  &{3 [] 0 0}  order Type 3
2024/03/05 02:17:50 44  waiting for order
2024/03/05 02:17:52 44 :  call for  6  times
2024/03/05 02:17:52 CallOrder: worker get response &{3 [] 0 0}
2024/03/05 02:17:52 worker  44 get order:  &{3 [] 0 0}  order Type 3
2024/03/05 02:17:52 44  waiting for order
2024/03/05 02:17:54 44 :  call for  7  times
2024/03/05 02:17:54 CallOrder: worker get response &{3 [] 0 0}
2024/03/05 02:17:54 worker  44 get order:  &{3 [] 0 0}  order Type 3
2024/03/05 02:17:54 44  waiting for order
2024/03/05 02:17:56 44 :  call for  8  times
2024/03/05 02:17:56 dialing:dial unix /var/tmp/824-mr-0: connect: connection refused
