2024/03/05 10:47:12 12 :  call for  1  times
2024/03/05 10:47:12 CallOrder: worker get response &{0 [../pg-being_ernest.txt] 0 10}
2024/03/05 10:47:12 worker  12 get order:  &{0 [../pg-being_ernest.txt] 0 10}  order Type 0
2024/03/05 10:47:12 start 0 map
2024/03/05 10:47:12 Worker finish order 0, order type 0
2024/03/05 10:47:13 12 :  call for  2  times
2024/03/05 10:47:13 CallOrder: worker get response &{0 [../pg-grimm.txt] 3 10}
2024/03/05 10:47:13 worker  12 get order:  &{0 [../pg-grimm.txt] 3 10}  order Type 0
2024/03/05 10:47:13 start 3 map
2024/03/05 10:47:13 Worker finish order 3, order type 0
2024/03/05 10:47:14 12 :  call for  3  times
2024/03/05 10:47:14 CallOrder: worker get response &{0 [../pg-sherlock_holmes.txt] 6 10}
2024/03/05 10:47:14 worker  12 get order:  &{0 [../pg-sherlock_holmes.txt] 6 10}  order Type 0
2024/03/05 10:47:14 start 6 map
2024/03/05 10:47:14 Worker finish order 6, order type 0
2024/03/05 10:47:15 12 :  call for  4  times
2024/03/05 10:47:15 CallOrder: worker get response &{2 [] 0 0}
2024/03/05 10:47:15 worker  12 get order:  &{2 [] 0 0}  order Type 2
2024/03/05 10:47:15 12  waiting for order
2024/03/05 10:47:17 12 :  call for  5  times
2024/03/05 10:47:17 CallOrder: worker get response &{1 [mr-tmp-0-4 mr-tmp-1-4 mr-tmp-2-4 mr-tmp-3-4 mr-tmp-4-4 mr-tmp-5-4 mr-tmp-6-4 mr-tmp-7-4] 12 0}
2024/03/05 10:47:17 worker  12 get order:  &{1 [mr-tmp-0-4 mr-tmp-1-4 mr-tmp-2-4 mr-tmp-3-4 mr-tmp-4-4 mr-tmp-5-4 mr-tmp-6-4 mr-tmp-7-4] 12 0}  order Type 1
2024/03/05 10:47:17 start 12 map
2024/03/05 10:47:17 Worker finish order 12, order type 1
2024/03/05 10:47:18 12 :  call for  6  times
2024/03/05 10:47:18 CallOrder: worker get response &{1 [mr-tmp-0-6 mr-tmp-1-6 mr-tmp-2-6 mr-tmp-3-6 mr-tmp-4-6 mr-tmp-5-6 mr-tmp-6-6 mr-tmp-7-6] 14 0}
2024/03/05 10:47:18 worker  12 get order:  &{1 [mr-tmp-0-6 mr-tmp-1-6 mr-tmp-2-6 mr-tmp-3-6 mr-tmp-4-6 mr-tmp-5-6 mr-tmp-6-6 mr-tmp-7-6] 14 0}  order Type 1
2024/03/05 10:47:21 start 14 map
2024/03/05 10:47:21 Worker finish order 14, order type 1
2024/03/05 10:47:22 12 :  call for  7  times
2024/03/05 10:47:22 CallOrder: worker get response &{4 [] 0 0}
2024/03/05 10:47:22 worker  12 get order:  &{4 [] 0 0}  order Type 4
2024/03/05 10:47:23 12  killed
