2024/03/05 10:18:06 6 :  call for  1  times
2024/03/05 10:18:06 CallOrder: worker get response &{0 [../pg-huckleberry_finn.txt] 4 10}
2024/03/05 10:18:06 worker  6 get order:  &{0 [../pg-huckleberry_finn.txt] 4 10}  order Type 0
2024/03/05 10:18:06 start 4 map
2024/03/05 10:18:06 Worker finish order 4, order type 0
2024/03/05 10:18:07 6 :  call for  2  times
2024/03/05 10:18:07 CallOrder: worker get response &{2 [] 0 0}
2024/03/05 10:18:07 worker  6 get order:  &{2 [] 0 0}  order Type 2
2024/03/05 10:18:07 6  waiting for order
2024/03/05 10:18:09 6 :  call for  3  times
2024/03/05 10:18:09 CallOrder: worker get response &{2 [] 0 0}
2024/03/05 10:18:09 worker  6 get order:  &{2 [] 0 0}  order Type 2
2024/03/05 10:18:09 6  waiting for order
2024/03/05 10:18:11 6 :  call for  4  times
2024/03/05 10:18:11 CallOrder: worker get response &{2 [] 0 0}
2024/03/05 10:18:11 worker  6 get order:  &{2 [] 0 0}  order Type 2
2024/03/05 10:18:11 6  waiting for order
2024/03/05 10:18:13 6 :  call for  5  times
2024/03/05 10:18:13 CallOrder: worker get response &{2 [] 0 0}
2024/03/05 10:18:13 worker  6 get order:  &{2 [] 0 0}  order Type 2
2024/03/05 10:18:13 6  waiting for order
2024/03/05 10:18:15 6 :  call for  6  times
2024/03/05 10:18:15 CallOrder: worker get response &{2 [] 0 0}
2024/03/05 10:18:15 worker  6 get order:  &{2 [] 0 0}  order Type 2
2024/03/05 10:18:15 6  waiting for order
2024/03/05 10:18:17 6 :  call for  7  times
2024/03/05 10:18:17 CallOrder: worker get response &{0 [../pg-grimm.txt] 3 10}
2024/03/05 10:18:17 worker  6 get order:  &{0 [../pg-grimm.txt] 3 10}  order Type 0
2024/03/05 10:18:17 start 3 map
2024/03/05 10:18:17 Worker finish order 3, order type 0
2024/03/05 10:18:18 6 :  call for  8  times
2024/03/05 10:18:18 CallOrder: worker get response &{2 [] 0 0}
2024/03/05 10:18:18 worker  6 get order:  &{2 [] 0 0}  order Type 2
2024/03/05 10:18:18 6  waiting for order
2024/03/05 10:18:20 6 :  call for  9  times
2024/03/05 10:18:20 CallOrder: worker get response &{2 [] 0 0}
2024/03/05 10:18:20 worker  6 get order:  &{2 [] 0 0}  order Type 2
2024/03/05 10:18:20 6  waiting for order
2024/03/05 10:18:22 6 :  call for  10  times
2024/03/05 10:18:22 CallOrder: worker get response &{1 [mr-tmp-0-3 mr-tmp-1-3 mr-tmp-2-3 mr-tmp-3-3 mr-tmp-4-3 mr-tmp-5-3 mr-tmp-6-3 mr-tmp-7-3] 11 0}
2024/03/05 10:18:22 worker  6 get order:  &{1 [mr-tmp-0-3 mr-tmp-1-3 mr-tmp-2-3 mr-tmp-3-3 mr-tmp-4-3 mr-tmp-5-3 mr-tmp-6-3 mr-tmp-7-3] 11 0}  order Type 1
2024/03/05 10:18:22 start 11 map
2024/03/05 10:18:22 Worker finish order 11, order type 1
2024/03/05 10:18:23 6 :  call for  11  times
2024/03/05 10:18:23 CallOrder: worker get response &{1 [mr-tmp-0-5 mr-tmp-1-5 mr-tmp-2-5 mr-tmp-3-5 mr-tmp-4-5 mr-tmp-5-5 mr-tmp-6-5 mr-tmp-7-5] 13 0}
2024/03/05 10:18:23 worker  6 get order:  &{1 [mr-tmp-0-5 mr-tmp-1-5 mr-tmp-2-5 mr-tmp-3-5 mr-tmp-4-5 mr-tmp-5-5 mr-tmp-6-5 mr-tmp-7-5] 13 0}  order Type 1
