2024/03/04 22:42:42 42 :  call for  1  times
2024/03/04 22:42:42 CallOrder: worker get response &{1 [mr-tmp-0-8 mr-tmp-1-8 mr-tmp-2-8 mr-tmp-3-8 mr-tmp-4-8 mr-tmp-5-8 mr-tmp-6-8 mr-tmp-7-8] 16 0}
2024/03/04 22:42:42 worker  42 get order:  &{1 [mr-tmp-0-8 mr-tmp-1-8 mr-tmp-2-8 mr-tmp-3-8 mr-tmp-4-8 mr-tmp-5-8 mr-tmp-6-8 mr-tmp-7-8] 16 0}  order Type 1
2024/03/04 22:42:42 start 16 map
2024/03/04 22:42:42 Worker finish order 16, order type 1
2024/03/04 22:42:43 42 :  call for  2  times
2024/03/04 22:42:43 CallOrder: worker get response &{3 [] 0 0}
2024/03/04 22:42:43 worker  42 get order:  &{3 [] 0 0}  order Type 3
2024/03/04 22:42:43 42  waiting for order
2024/03/04 22:42:45 42 :  call for  3  times
2024/03/04 22:42:45 CallOrder: worker get response &{3 [] 0 0}
2024/03/04 22:42:45 worker  42 get order:  &{3 [] 0 0}  order Type 3
2024/03/04 22:42:45 42  waiting for order
2024/03/04 22:42:47 42 :  call for  4  times
2024/03/04 22:42:47 CallOrder: worker get response &{3 [] 0 0}
2024/03/04 22:42:47 worker  42 get order:  &{3 [] 0 0}  order Type 3
2024/03/04 22:42:47 42  waiting for order
2024/03/04 22:42:49 42 :  call for  5  times
2024/03/04 22:42:49 CallOrder: worker get response &{3 [] 0 0}
2024/03/04 22:42:49 worker  42 get order:  &{3 [] 0 0}  order Type 3
2024/03/04 22:42:49 42  waiting for order
2024/03/04 22:42:51 42 :  call for  6  times
2024/03/04 22:42:51 CallOrder: worker get response &{1 [mr-tmp-0-2 mr-tmp-1-2 mr-tmp-2-2 mr-tmp-3-2 mr-tmp-4-2 mr-tmp-5-2 mr-tmp-6-2 mr-tmp-7-2] 10 0}
2024/03/04 22:42:51 worker  42 get order:  &{1 [mr-tmp-0-2 mr-tmp-1-2 mr-tmp-2-2 mr-tmp-3-2 mr-tmp-4-2 mr-tmp-5-2 mr-tmp-6-2 mr-tmp-7-2] 10 0}  order Type 1
2024/03/04 22:42:53 start 10 map
2024/03/04 22:42:53 Worker finish order 10, order type 1
2024/03/04 22:42:54 42 :  call for  7  times
2024/03/04 22:42:54 CallOrder: worker get response &{3 [] 0 0}
2024/03/04 22:42:54 worker  42 get order:  &{3 [] 0 0}  order Type 3
2024/03/04 22:42:54 42  waiting for order
2024/03/04 22:42:56 42 :  call for  8  times
2024/03/04 22:42:56 CallOrder: worker get response &{3 [] 0 0}
2024/03/04 22:42:56 worker  42 get order:  &{3 [] 0 0}  order Type 3
2024/03/04 22:42:56 42  waiting for order
2024/03/04 22:42:58 42 :  call for  9  times
2024/03/04 22:42:58 CallOrder: worker get response &{3 [] 0 0}
2024/03/04 22:42:58 worker  42 get order:  &{3 [] 0 0}  order Type 3
2024/03/04 22:42:58 42  waiting for order
2024/03/04 22:43:00 42 :  call for  10  times
2024/03/04 22:43:00 dialing:dial unix /var/tmp/824-mr-0: connect: connection refused
