2024/03/04 21:50:54 54 :  call for  1  times
2024/03/04 21:50:54 CallOrder: worker get response &{2 [] 0 0}
2024/03/04 21:50:54 worker  54 get order:  &{2 [] 0 0}  order Type 2
2024/03/04 21:50:54 54  waiting for order
2024/03/04 21:50:56 54 :  call for  2  times
2024/03/04 21:50:56 CallOrder: worker get response &{2 [] 0 0}
2024/03/04 21:50:56 worker  54 get order:  &{2 [] 0 0}  order Type 2
2024/03/04 21:50:56 54  waiting for order
2024/03/04 21:50:58 54 :  call for  3  times
2024/03/04 21:50:58 CallOrder: worker get response &{2 [] 0 0}
2024/03/04 21:50:58 worker  54 get order:  &{2 [] 0 0}  order Type 2
2024/03/04 21:50:58 54  waiting for order
2024/03/04 21:51:00 54 :  call for  4  times
2024/03/04 21:51:00 CallOrder: worker get response &{2 [] 0 0}
2024/03/04 21:51:00 worker  54 get order:  &{2 [] 0 0}  order Type 2
2024/03/04 21:51:00 54  waiting for order
2024/03/04 21:51:02 54 :  call for  5  times
2024/03/04 21:51:02 CallOrder: worker get response &{2 [] 0 0}
2024/03/04 21:51:02 worker  54 get order:  &{2 [] 0 0}  order Type 2
2024/03/04 21:51:02 54  waiting for order
2024/03/04 21:51:04 54 :  call for  6  times
2024/03/04 21:51:04 CallOrder: worker get response &{0 [../pg-frankenstein.txt] 2 10}
2024/03/04 21:51:04 worker  54 get order:  &{0 [../pg-frankenstein.txt] 2 10}  order Type 0
2024/03/04 21:51:11 start 2 map
2024/03/04 21:51:11 Worker finish order 2, order type 0
2024/03/04 21:51:12 54 :  call for  7  times
2024/03/04 21:51:12 CallOrder: worker get response &{1 [mr-tmp-0-0 mr-tmp-1-0 mr-tmp-2-0 mr-tmp-3-0 mr-tmp-4-0 mr-tmp-5-0 mr-tmp-6-0 mr-tmp-7-0] 8 0}
2024/03/04 21:51:12 worker  54 get order:  &{1 [mr-tmp-0-0 mr-tmp-1-0 mr-tmp-2-0 mr-tmp-3-0 mr-tmp-4-0 mr-tmp-5-0 mr-tmp-6-0 mr-tmp-7-0] 8 0}  order Type 1
2024/03/04 21:51:19 start 8 map
2024/03/04 21:51:19 Worker finish order 8, order type 1
2024/03/04 21:51:20 54 :  call for  8  times
2024/03/04 21:51:20 CallOrder: worker get response &{3 [] 0 0}
2024/03/04 21:51:20 worker  54 get order:  &{3 [] 0 0}  order Type 3
2024/03/04 21:51:20 54  waiting for order
2024/03/04 21:51:22 54 :  call for  9  times
2024/03/04 21:51:22 CallOrder: worker get response &{3 [] 0 0}
2024/03/04 21:51:22 worker  54 get order:  &{3 [] 0 0}  order Type 3
2024/03/04 21:51:22 54  waiting for order
2024/03/04 21:51:24 54 :  call for  10  times
2024/03/04 21:51:24 CallOrder: worker get response &{3 [] 0 0}
2024/03/04 21:51:24 worker  54 get order:  &{3 [] 0 0}  order Type 3
2024/03/04 21:51:24 54  waiting for order
2024/03/04 21:51:26 54 :  call for  11  times
2024/03/04 21:51:26 CallOrder: worker get response &{3 [] 0 0}
2024/03/04 21:51:26 worker  54 get order:  &{3 [] 0 0}  order Type 3
2024/03/04 21:51:26 54  waiting for order
2024/03/04 21:51:28 54 :  call for  12  times
2024/03/04 21:51:28 CallOrder: worker get response &{3 [] 0 0}
2024/03/04 21:51:28 worker  54 get order:  &{3 [] 0 0}  order Type 3
2024/03/04 21:51:28 54  waiting for order
2024/03/04 21:51:30 54 :  call for  13  times
2024/03/04 21:51:30 CallOrder: worker get response &{3 [] 0 0}
2024/03/04 21:51:30 worker  54 get order:  &{3 [] 0 0}  order Type 3
2024/03/04 21:51:30 54  waiting for order
2024/03/04 21:51:32 54 :  call for  14  times
2024/03/04 21:51:32 CallOrder: worker get response &{3 [] 0 0}
2024/03/04 21:51:32 worker  54 get order:  &{3 [] 0 0}  order Type 3
2024/03/04 21:51:32 54  waiting for order
2024/03/04 21:51:34 54 :  call for  15  times
2024/03/04 21:51:34 CallOrder: worker get response &{3 [] 0 0}
2024/03/04 21:51:34 worker  54 get order:  &{3 [] 0 0}  order Type 3
2024/03/04 21:51:34 54  waiting for order
2024/03/04 21:51:36 54 :  call for  16  times
2024/03/04 21:51:36 dialing:dial unix /var/tmp/824-mr-0: connect: connection refused
