2024/03/05 09:46:54 54 :  call for  1  times
2024/03/05 09:46:54 CallOrder: worker get response &{0 [../pg-grimm.txt] 3 10}
2024/03/05 09:46:54 worker  54 get order:  &{0 [../pg-grimm.txt] 3 10}  order Type 0
2024/03/05 09:46:56 start 3 map
2024/03/05 09:46:56 Worker finish order 3, order type 0
2024/03/05 09:46:57 54 :  call for  2  times
2024/03/05 09:46:57 CallOrder: worker get response &{0 [../pg-tom_sawyer.txt] 7 10}
2024/03/05 09:46:57 worker  54 get order:  &{0 [../pg-tom_sawyer.txt] 7 10}  order Type 0
2024/03/05 09:46:57 start 7 map
2024/03/05 09:46:57 Worker finish order 7, order type 0
2024/03/05 09:46:58 54 :  call for  3  times
2024/03/05 09:46:58 CallOrder: worker get response &{2 [] 0 0}
2024/03/05 09:46:58 worker  54 get order:  &{2 [] 0 0}  order Type 2
2024/03/05 09:46:58 54  waiting for order
2024/03/05 09:47:00 54 :  call for  4  times
2024/03/05 09:47:00 CallOrder: worker get response &{2 [] 0 0}
2024/03/05 09:47:00 worker  54 get order:  &{2 [] 0 0}  order Type 2
2024/03/05 09:47:00 54  waiting for order
2024/03/05 09:47:02 54 :  call for  5  times
2024/03/05 09:47:02 CallOrder: worker get response &{2 [] 0 0}
2024/03/05 09:47:02 worker  54 get order:  &{2 [] 0 0}  order Type 2
2024/03/05 09:47:02 54  waiting for order
2024/03/05 09:47:04 54 :  call for  6  times
2024/03/05 09:47:04 CallOrder: worker get response &{2 [] 0 0}
2024/03/05 09:47:04 worker  54 get order:  &{2 [] 0 0}  order Type 2
2024/03/05 09:47:04 54  waiting for order
2024/03/05 09:47:06 54 :  call for  7  times
2024/03/05 09:47:06 CallOrder: worker get response &{0 [../pg-being_ernest.txt] 0 10}
2024/03/05 09:47:06 worker  54 get order:  &{0 [../pg-being_ernest.txt] 0 10}  order Type 0
2024/03/05 09:47:06 start 0 map
2024/03/05 09:47:06 Worker finish order 0, order type 0
2024/03/05 09:47:07 54 :  call for  8  times
2024/03/05 09:47:07 CallOrder: worker get response &{2 [] 0 0}
2024/03/05 09:47:07 worker  54 get order:  &{2 [] 0 0}  order Type 2
2024/03/05 09:47:07 54  waiting for order
2024/03/05 09:47:09 54 :  call for  9  times
2024/03/05 09:47:09 CallOrder: worker get response &{2 [] 0 0}
2024/03/05 09:47:09 worker  54 get order:  &{2 [] 0 0}  order Type 2
2024/03/05 09:47:09 54  waiting for order
2024/03/05 09:47:11 54 :  call for  10  times
2024/03/05 09:47:11 CallOrder: worker get response &{2 [] 0 0}
2024/03/05 09:47:11 worker  54 get order:  &{2 [] 0 0}  order Type 2
2024/03/05 09:47:11 54  waiting for order
2024/03/05 09:47:13 54 :  call for  11  times
2024/03/05 09:47:13 CallOrder: worker get response &{2 [] 0 0}
2024/03/05 09:47:13 worker  54 get order:  &{2 [] 0 0}  order Type 2
2024/03/05 09:47:13 54  waiting for order
2024/03/05 09:47:15 54 :  call for  12  times
2024/03/05 09:47:15 CallOrder: worker get response &{2 [] 0 0}
2024/03/05 09:47:15 worker  54 get order:  &{2 [] 0 0}  order Type 2
2024/03/05 09:47:15 54  waiting for order
2024/03/05 09:47:17 54 :  call for  13  times
2024/03/05 09:47:17 CallOrder: worker get response &{1 [mr-tmp-0-3 mr-tmp-1-3 mr-tmp-2-3 mr-tmp-3-3 mr-tmp-4-3 mr-tmp-5-3 mr-tmp-6-3 mr-tmp-7-3] 11 0}
2024/03/05 09:47:17 worker  54 get order:  &{1 [mr-tmp-0-3 mr-tmp-1-3 mr-tmp-2-3 mr-tmp-3-3 mr-tmp-4-3 mr-tmp-5-3 mr-tmp-6-3 mr-tmp-7-3] 11 0}  order Type 1
2024/03/05 09:47:17 start 11 map
2024/03/05 09:47:17 Worker finish order 11, order type 1
2024/03/05 09:47:18 54 :  call for  14  times
2024/03/05 09:47:18 CallOrder: worker get response &{1 [mr-tmp-0-6 mr-tmp-1-6 mr-tmp-2-6 mr-tmp-3-6 mr-tmp-4-6 mr-tmp-5-6 mr-tmp-6-6 mr-tmp-7-6] 14 0}
2024/03/05 09:47:18 worker  54 get order:  &{1 [mr-tmp-0-6 mr-tmp-1-6 mr-tmp-2-6 mr-tmp-3-6 mr-tmp-4-6 mr-tmp-5-6 mr-tmp-6-6 mr-tmp-7-6] 14 0}  order Type 1
2024/03/05 09:47:18 start 14 map
2024/03/05 09:47:18 Worker finish order 14, order type 1
2024/03/05 09:47:19 54 :  call for  15  times
2024/03/05 09:47:19 CallOrder: worker get response &{1 [mr-tmp-0-8 mr-tmp-1-8 mr-tmp-2-8 mr-tmp-3-8 mr-tmp-4-8 mr-tmp-5-8 mr-tmp-6-8 mr-tmp-7-8] 16 0}
2024/03/05 09:47:19 worker  54 get order:  &{1 [mr-tmp-0-8 mr-tmp-1-8 mr-tmp-2-8 mr-tmp-3-8 mr-tmp-4-8 mr-tmp-5-8 mr-tmp-6-8 mr-tmp-7-8] 16 0}  order Type 1
2024/03/05 09:47:19 start 16 map
2024/03/05 09:47:19 Worker finish order 16, order type 1
2024/03/05 09:47:20 54 :  call for  16  times
2024/03/05 09:47:20 CallOrder: worker get response &{3 [] 0 0}
2024/03/05 09:47:20 worker  54 get order:  &{3 [] 0 0}  order Type 3
2024/03/05 09:47:20 54  waiting for order
2024/03/05 09:47:22 54 :  call for  17  times
2024/03/05 09:47:22 CallOrder: worker get response &{3 [] 0 0}
2024/03/05 09:47:22 worker  54 get order:  &{3 [] 0 0}  order Type 3
2024/03/05 09:47:22 54  waiting for order
2024/03/05 09:47:24 54 :  call for  18  times
2024/03/05 09:47:24 CallOrder: worker get response &{3 [] 0 0}
2024/03/05 09:47:24 worker  54 get order:  &{3 [] 0 0}  order Type 3
2024/03/05 09:47:24 54  waiting for order
2024/03/05 09:47:26 54 :  call for  19  times
2024/03/05 09:47:26 CallOrder: worker get response &{3 [] 0 0}
2024/03/05 09:47:26 worker  54 get order:  &{3 [] 0 0}  order Type 3
2024/03/05 09:47:26 54  waiting for order
2024/03/05 09:47:28 54 :  call for  20  times
2024/03/05 09:47:28 CallOrder: worker get response &{1 [mr-tmp-0-2 mr-tmp-1-2 mr-tmp-2-2 mr-tmp-3-2 mr-tmp-4-2 mr-tmp-5-2 mr-tmp-6-2 mr-tmp-7-2] 10 0}
2024/03/05 09:47:28 worker  54 get order:  &{1 [mr-tmp-0-2 mr-tmp-1-2 mr-tmp-2-2 mr-tmp-3-2 mr-tmp-4-2 mr-tmp-5-2 mr-tmp-6-2 mr-tmp-7-2] 10 0}  order Type 1
