2024/03/05 10:13:01 1 :  call for  1  times
2024/03/05 10:13:01 CallOrder: worker get response &{1 [mr-tmp-0-5 mr-tmp-1-5 mr-tmp-2-5 mr-tmp-3-5 mr-tmp-4-5 mr-tmp-5-5 mr-tmp-6-5 mr-tmp-7-5] 13 0}
2024/03/05 10:13:01 worker  1 get order:  &{1 [mr-tmp-0-5 mr-tmp-1-5 mr-tmp-2-5 mr-tmp-3-5 mr-tmp-4-5 mr-tmp-5-5 mr-tmp-6-5 mr-tmp-7-5] 13 0}  order Type 1
2024/03/05 10:13:01 start 13 map
2024/03/05 10:13:01 Worker finish order 13, order type 1
2024/03/05 10:13:02 1 :  call for  2  times
2024/03/05 10:13:02 CallOrder: worker get response &{1 [mr-tmp-0-8 mr-tmp-1-8 mr-tmp-2-8 mr-tmp-3-8 mr-tmp-4-8 mr-tmp-5-8 mr-tmp-6-8 mr-tmp-7-8] 16 0}
2024/03/05 10:13:02 worker  1 get order:  &{1 [mr-tmp-0-8 mr-tmp-1-8 mr-tmp-2-8 mr-tmp-3-8 mr-tmp-4-8 mr-tmp-5-8 mr-tmp-6-8 mr-tmp-7-8] 16 0}  order Type 1
2024/03/05 10:13:02 start 16 map
2024/03/05 10:13:02 Worker finish order 16, order type 1
2024/03/05 10:13:03 1 :  call for  3  times
2024/03/05 10:13:03 CallOrder: worker get response &{3 [] 0 0}
2024/03/05 10:13:03 worker  1 get order:  &{3 [] 0 0}  order Type 3
2024/03/05 10:13:03 1  waiting for order
2024/03/05 10:13:05 1 :  call for  4  times
2024/03/05 10:13:05 CallOrder: worker get response &{3 [] 0 0}
2024/03/05 10:13:05 worker  1 get order:  &{3 [] 0 0}  order Type 3
2024/03/05 10:13:05 1  waiting for order
2024/03/05 10:13:07 1 :  call for  5  times
2024/03/05 10:13:07 CallOrder: worker get response &{3 [] 0 0}
2024/03/05 10:13:07 worker  1 get order:  &{3 [] 0 0}  order Type 3
2024/03/05 10:13:07 1  waiting for order
2024/03/05 10:13:09 1 :  call for  6  times
2024/03/05 10:13:09 CallOrder: worker get response &{3 [] 0 0}
2024/03/05 10:13:09 worker  1 get order:  &{3 [] 0 0}  order Type 3
2024/03/05 10:13:09 1  waiting for order
2024/03/05 10:13:11 1 :  call for  7  times
2024/03/05 10:13:11 CallOrder: worker get response &{3 [] 0 0}
2024/03/05 10:13:11 worker  1 get order:  &{3 [] 0 0}  order Type 3
2024/03/05 10:13:11 1  waiting for order
2024/03/05 10:13:13 1 :  call for  8  times
2024/03/05 10:13:13 CallOrder: worker get response &{3 [] 0 0}
2024/03/05 10:13:13 worker  1 get order:  &{3 [] 0 0}  order Type 3
2024/03/05 10:13:13 1  waiting for order
2024/03/05 10:13:15 1 :  call for  9  times
2024/03/05 10:13:15 dialing:dial unix /var/tmp/824-mr-0: connect: connection refused
