2024/03/05 06:26:47 47 :  call for  1  times
2024/03/05 06:26:47 CallOrder: worker get response &{0 [../pg-dorian_gray.txt] 1 10}
2024/03/05 06:26:47 worker  47 get order:  &{0 [../pg-dorian_gray.txt] 1 10}  order Type 0
2024/03/05 06:26:48 start 1 map
2024/03/05 06:26:48 Worker finish order 1, order type 0
2024/03/05 06:26:49 47 :  call for  2  times
2024/03/05 06:26:49 CallOrder: worker get response &{0 [../pg-grimm.txt] 3 10}
2024/03/05 06:26:49 worker  47 get order:  &{0 [../pg-grimm.txt] 3 10}  order Type 0
2024/03/05 06:26:50 start 3 map
2024/03/05 06:26:50 Worker finish order 3, order type 0
2024/03/05 06:26:51 47 :  call for  3  times
2024/03/05 06:26:51 CallOrder: worker get response &{0 [../pg-huckleberry_finn.txt] 4 10}
2024/03/05 06:26:51 worker  47 get order:  &{0 [../pg-huckleberry_finn.txt] 4 10}  order Type 0
2024/03/05 06:26:52 start 4 map
2024/03/05 06:26:52 Worker finish order 4, order type 0
2024/03/05 06:26:53 47 :  call for  4  times
2024/03/05 06:26:53 CallOrder: worker get response &{0 [../pg-tom_sawyer.txt] 7 10}
2024/03/05 06:26:53 worker  47 get order:  &{0 [../pg-tom_sawyer.txt] 7 10}  order Type 0
2024/03/05 06:26:54 start 7 map
2024/03/05 06:26:54 Worker finish order 7, order type 0
2024/03/05 06:26:55 47 :  call for  5  times
2024/03/05 06:26:55 CallOrder: worker get response &{1 [mr-tmp-0-0 mr-tmp-1-0 mr-tmp-2-0 mr-tmp-3-0 mr-tmp-4-0 mr-tmp-5-0 mr-tmp-6-0 mr-tmp-7-0] 8 0}
2024/03/05 06:26:55 worker  47 get order:  &{1 [mr-tmp-0-0 mr-tmp-1-0 mr-tmp-2-0 mr-tmp-3-0 mr-tmp-4-0 mr-tmp-5-0 mr-tmp-6-0 mr-tmp-7-0] 8 0}  order Type 1
2024/03/05 06:26:55 start 8 map
2024/03/05 06:26:55 Worker finish order 8, order type 1
2024/03/05 06:26:56 47 :  call for  6  times
2024/03/05 06:26:56 CallOrder: worker get response &{1 [mr-tmp-0-1 mr-tmp-1-1 mr-tmp-2-1 mr-tmp-3-1 mr-tmp-4-1 mr-tmp-5-1 mr-tmp-6-1 mr-tmp-7-1] 9 0}
2024/03/05 06:26:56 worker  47 get order:  &{1 [mr-tmp-0-1 mr-tmp-1-1 mr-tmp-2-1 mr-tmp-3-1 mr-tmp-4-1 mr-tmp-5-1 mr-tmp-6-1 mr-tmp-7-1] 9 0}  order Type 1
2024/03/05 06:26:56 start 9 map
2024/03/05 06:26:56 Worker finish order 9, order type 1
2024/03/05 06:26:57 47 :  call for  7  times
2024/03/05 06:26:57 CallOrder: worker get response &{1 [mr-tmp-0-3 mr-tmp-1-3 mr-tmp-2-3 mr-tmp-3-3 mr-tmp-4-3 mr-tmp-5-3 mr-tmp-6-3 mr-tmp-7-3] 11 0}
2024/03/05 06:26:57 worker  47 get order:  &{1 [mr-tmp-0-3 mr-tmp-1-3 mr-tmp-2-3 mr-tmp-3-3 mr-tmp-4-3 mr-tmp-5-3 mr-tmp-6-3 mr-tmp-7-3] 11 0}  order Type 1
2024/03/05 06:26:57 start 11 map
2024/03/05 06:26:57 Worker finish order 11, order type 1
2024/03/05 06:26:58 47 :  call for  8  times
2024/03/05 06:26:58 CallOrder: worker get response &{1 [mr-tmp-0-5 mr-tmp-1-5 mr-tmp-2-5 mr-tmp-3-5 mr-tmp-4-5 mr-tmp-5-5 mr-tmp-6-5 mr-tmp-7-5] 13 0}
2024/03/05 06:26:59 worker  47 get order:  &{1 [mr-tmp-0-5 mr-tmp-1-5 mr-tmp-2-5 mr-tmp-3-5 mr-tmp-4-5 mr-tmp-5-5 mr-tmp-6-5 mr-tmp-7-5] 13 0}  order Type 1
2024/03/05 06:26:59 start 13 map
2024/03/05 06:26:59 Worker finish order 13, order type 1
2024/03/05 06:27:00 47 :  call for  9  times
2024/03/05 06:27:00 CallOrder: worker get response &{1 [mr-tmp-0-7 mr-tmp-1-7 mr-tmp-2-7 mr-tmp-3-7 mr-tmp-4-7 mr-tmp-5-7 mr-tmp-6-7 mr-tmp-7-7] 15 0}
2024/03/05 06:27:00 worker  47 get order:  &{1 [mr-tmp-0-7 mr-tmp-1-7 mr-tmp-2-7 mr-tmp-3-7 mr-tmp-4-7 mr-tmp-5-7 mr-tmp-6-7 mr-tmp-7-7] 15 0}  order Type 1
2024/03/05 06:27:00 start 15 map
2024/03/05 06:27:00 Worker finish order 15, order type 1
2024/03/05 06:27:01 47 :  call for  10  times
2024/03/05 06:27:01 CallOrder: worker get response &{1 [mr-tmp-0-9 mr-tmp-1-9 mr-tmp-2-9 mr-tmp-3-9 mr-tmp-4-9 mr-tmp-5-9 mr-tmp-6-9 mr-tmp-7-9] 17 0}
2024/03/05 06:27:01 worker  47 get order:  &{1 [mr-tmp-0-9 mr-tmp-1-9 mr-tmp-2-9 mr-tmp-3-9 mr-tmp-4-9 mr-tmp-5-9 mr-tmp-6-9 mr-tmp-7-9] 17 0}  order Type 1
2024/03/05 06:27:01 start 17 map
2024/03/05 06:27:01 Worker finish order 17, order type 1
2024/03/05 06:27:02 47 :  call for  11  times
2024/03/05 06:27:02 CallOrder: worker get response &{3 [] 0 0}
2024/03/05 06:27:02 worker  47 get order:  &{3 [] 0 0}  order Type 3
2024/03/05 06:27:02 47  waiting for order
2024/03/05 06:27:04 47 :  call for  12  times
2024/03/05 06:27:04 dialing:dial unix /var/tmp/824-mr-0: connect: connection refused
