2024/03/04 22:20:47 47 :  call for  1  times
2024/03/04 22:20:47 CallOrder: worker get response &{3 [] 0 0}
2024/03/04 22:20:47 worker  47 get order:  &{3 [] 0 0}  order Type 3
2024/03/04 22:20:47 47  waiting for order
2024/03/04 22:20:49 47 :  call for  2  times
2024/03/04 22:20:49 CallOrder: worker get response &{3 [] 0 0}
2024/03/04 22:20:49 worker  47 get order:  &{3 [] 0 0}  order Type 3
2024/03/04 22:20:49 47  waiting for order
2024/03/04 22:20:51 47 :  call for  3  times
2024/03/04 22:20:51 CallOrder: worker get response &{3 [] 0 0}
2024/03/04 22:20:51 worker  47 get order:  &{3 [] 0 0}  order Type 3
2024/03/04 22:20:51 47  waiting for order
2024/03/04 22:20:53 47 :  call for  4  times
2024/03/04 22:20:53 CallOrder: worker get response &{3 [] 0 0}
2024/03/04 22:20:53 worker  47 get order:  &{3 [] 0 0}  order Type 3
2024/03/04 22:20:53 47  waiting for order
2024/03/04 22:20:55 47 :  call for  5  times
2024/03/04 22:20:55 CallOrder: worker get response &{3 [] 0 0}
2024/03/04 22:20:55 worker  47 get order:  &{3 [] 0 0}  order Type 3
2024/03/04 22:20:55 47  waiting for order
2024/03/04 22:20:57 47 :  call for  6  times
2024/03/04 22:20:57 CallOrder: worker get response &{3 [] 0 0}
2024/03/04 22:20:57 worker  47 get order:  &{3 [] 0 0}  order Type 3
2024/03/04 22:20:57 47  waiting for order
2024/03/04 22:20:59 47 :  call for  7  times
2024/03/04 22:20:59 dialing:dial unix /var/tmp/824-mr-0: connect: connection refused
