2024/03/05 03:19:42 42 :  call for  1  times
2024/03/05 03:19:42 CallOrder: worker get response &{2 [] 0 0}
2024/03/05 03:19:42 worker  42 get order:  &{2 [] 0 0}  order Type 2
2024/03/05 03:19:42 42  waiting for order
2024/03/05 03:19:44 42 :  call for  2  times
2024/03/05 03:19:44 CallOrder: worker get response &{2 [] 0 0}
2024/03/05 03:19:44 worker  42 get order:  &{2 [] 0 0}  order Type 2
2024/03/05 03:19:44 42  waiting for order
2024/03/05 03:19:46 42 :  call for  3  times
2024/03/05 03:19:46 CallOrder: worker get response &{2 [] 0 0}
2024/03/05 03:19:46 worker  42 get order:  &{2 [] 0 0}  order Type 2
2024/03/05 03:19:46 42  waiting for order
2024/03/05 03:19:48 42 :  call for  4  times
2024/03/05 03:19:48 CallOrder: worker get response &{2 [] 0 0}
2024/03/05 03:19:48 worker  42 get order:  &{2 [] 0 0}  order Type 2
2024/03/05 03:19:48 42  waiting for order
2024/03/05 03:19:50 42 :  call for  5  times
2024/03/05 03:19:50 CallOrder: worker get response &{2 [] 0 0}
2024/03/05 03:19:50 worker  42 get order:  &{2 [] 0 0}  order Type 2
2024/03/05 03:19:50 42  waiting for order
2024/03/05 03:19:52 42 :  call for  6  times
2024/03/05 03:19:52 CallOrder: worker get response &{2 [] 0 0}
2024/03/05 03:19:52 worker  42 get order:  &{2 [] 0 0}  order Type 2
2024/03/05 03:19:52 42  waiting for order
2024/03/05 03:19:54 42 :  call for  7  times
2024/03/05 03:19:54 CallOrder: worker get response &{2 [] 0 0}
2024/03/05 03:19:54 worker  42 get order:  &{2 [] 0 0}  order Type 2
2024/03/05 03:19:54 42  waiting for order
2024/03/05 03:19:56 42 :  call for  8  times
2024/03/05 03:19:56 CallOrder: worker get response &{2 [] 0 0}
2024/03/05 03:19:56 worker  42 get order:  &{2 [] 0 0}  order Type 2
2024/03/05 03:19:56 42  waiting for order
2024/03/05 03:19:58 42 :  call for  9  times
2024/03/05 03:19:58 CallOrder: worker get response &{2 [] 0 0}
2024/03/05 03:19:58 worker  42 get order:  &{2 [] 0 0}  order Type 2
2024/03/05 03:19:58 42  waiting for order
2024/03/05 03:20:00 42 :  call for  10  times
2024/03/05 03:20:00 CallOrder: worker get response &{2 [] 0 0}
2024/03/05 03:20:00 worker  42 get order:  &{2 [] 0 0}  order Type 2
2024/03/05 03:20:00 42  waiting for order
2024/03/05 03:20:02 42 :  call for  11  times
2024/03/05 03:20:02 CallOrder: worker get response &{2 [] 0 0}
2024/03/05 03:20:02 worker  42 get order:  &{2 [] 0 0}  order Type 2
2024/03/05 03:20:02 42  waiting for order
2024/03/05 03:20:04 42 :  call for  12  times
2024/03/05 03:20:04 CallOrder: worker get response &{2 [] 0 0}
2024/03/05 03:20:04 worker  42 get order:  &{2 [] 0 0}  order Type 2
2024/03/05 03:20:04 42  waiting for order
2024/03/05 03:20:06 42 :  call for  13  times
2024/03/05 03:20:06 CallOrder: worker get response &{2 [] 0 0}
2024/03/05 03:20:06 worker  42 get order:  &{2 [] 0 0}  order Type 2
2024/03/05 03:20:06 42  waiting for order
2024/03/05 03:20:08 42 :  call for  14  times
2024/03/05 03:20:08 CallOrder: worker get response &{2 [] 0 0}
2024/03/05 03:20:08 worker  42 get order:  &{2 [] 0 0}  order Type 2
2024/03/05 03:20:08 42  waiting for order
2024/03/05 03:20:10 42 :  call for  15  times
2024/03/05 03:20:10 CallOrder: worker get response &{2 [] 0 0}
2024/03/05 03:20:10 worker  42 get order:  &{2 [] 0 0}  order Type 2
2024/03/05 03:20:10 42  waiting for order
2024/03/05 03:20:12 42 :  call for  16  times
2024/03/05 03:20:12 CallOrder: worker get response &{2 [] 0 0}
2024/03/05 03:20:12 worker  42 get order:  &{2 [] 0 0}  order Type 2
2024/03/05 03:20:12 42  waiting for order
2024/03/05 03:20:14 42 :  call for  17  times
2024/03/05 03:20:14 CallOrder: worker get response &{0 [../pg-frankenstein.txt] 2 10}
2024/03/05 03:20:14 worker  42 get order:  &{0 [../pg-frankenstein.txt] 2 10}  order Type 0
