2024/03/05 02:25:22 22 :  call for  1  times
2024/03/05 02:25:22 CallOrder: worker get response &{0 [../pg-sherlock_holmes.txt] 6 10}
2024/03/05 02:25:22 worker  22 get order:  &{0 [../pg-sherlock_holmes.txt] 6 10}  order Type 0
2024/03/05 02:25:22 start 6 map
2024/03/05 02:25:22 Worker finish order 6, order type 0
2024/03/05 02:25:23 22 :  call for  2  times
2024/03/05 02:25:23 CallOrder: worker get response &{2 [] 0 0}
2024/03/05 02:25:23 worker  22 get order:  &{2 [] 0 0}  order Type 2
2024/03/05 02:25:23 22  waiting for order
2024/03/05 02:25:25 22 :  call for  3  times
2024/03/05 02:25:25 CallOrder: worker get response &{2 [] 0 0}
2024/03/05 02:25:25 worker  22 get order:  &{2 [] 0 0}  order Type 2
2024/03/05 02:25:25 22  waiting for order
2024/03/05 02:25:27 22 :  call for  4  times
2024/03/05 02:25:27 CallOrder: worker get response &{2 [] 0 0}
2024/03/05 02:25:27 worker  22 get order:  &{2 [] 0 0}  order Type 2
2024/03/05 02:25:27 22  waiting for order
2024/03/05 02:25:29 22 :  call for  5  times
2024/03/05 02:25:29 CallOrder: worker get response &{2 [] 0 0}
2024/03/05 02:25:29 worker  22 get order:  &{2 [] 0 0}  order Type 2
2024/03/05 02:25:29 22  waiting for order
2024/03/05 02:25:31 22 :  call for  6  times
2024/03/05 02:25:31 CallOrder: worker get response &{2 [] 0 0}
2024/03/05 02:25:31 worker  22 get order:  &{2 [] 0 0}  order Type 2
2024/03/05 02:25:31 22  waiting for order
2024/03/05 02:25:33 22 :  call for  7  times
2024/03/05 02:25:33 CallOrder: worker get response &{0 [../pg-frankenstein.txt] 2 10}
2024/03/05 02:25:33 worker  22 get order:  &{0 [../pg-frankenstein.txt] 2 10}  order Type 0
2024/03/05 02:25:33 start 2 map
2024/03/05 02:25:33 Worker finish order 2, order type 0
2024/03/05 02:25:34 22 :  call for  8  times
2024/03/05 02:25:34 CallOrder: worker get response &{0 [../pg-tom_sawyer.txt] 7 10}
2024/03/05 02:25:34 worker  22 get order:  &{0 [../pg-tom_sawyer.txt] 7 10}  order Type 0
2024/03/05 02:25:34 start 7 map
2024/03/05 02:25:34 Worker finish order 7, order type 0
2024/03/05 02:25:35 22 :  call for  9  times
2024/03/05 02:25:35 CallOrder: worker get response &{2 [] 0 0}
2024/03/05 02:25:35 worker  22 get order:  &{2 [] 0 0}  order Type 2
2024/03/05 02:25:35 22  waiting for order
2024/03/05 02:25:37 22 :  call for  10  times
2024/03/05 02:25:37 CallOrder: worker get response &{2 [] 0 0}
2024/03/05 02:25:37 worker  22 get order:  &{2 [] 0 0}  order Type 2
2024/03/05 02:25:37 22  waiting for order
2024/03/05 02:25:39 22 :  call for  11  times
2024/03/05 02:25:39 CallOrder: worker get response &{2 [] 0 0}
2024/03/05 02:25:39 worker  22 get order:  &{2 [] 0 0}  order Type 2
2024/03/05 02:25:39 22  waiting for order
2024/03/05 02:25:41 22 :  call for  12  times
2024/03/05 02:25:41 CallOrder: worker get response &{2 [] 0 0}
2024/03/05 02:25:41 worker  22 get order:  &{2 [] 0 0}  order Type 2
2024/03/05 02:25:41 22  waiting for order
2024/03/05 02:25:43 22 :  call for  13  times
2024/03/05 02:25:43 CallOrder: worker get response &{2 [] 0 0}
2024/03/05 02:25:43 worker  22 get order:  &{2 [] 0 0}  order Type 2
2024/03/05 02:25:43 22  waiting for order
2024/03/05 02:25:45 22 :  call for  14  times
2024/03/05 02:25:45 CallOrder: worker get response &{0 [../pg-grimm.txt] 3 10}
2024/03/05 02:25:45 worker  22 get order:  &{0 [../pg-grimm.txt] 3 10}  order Type 0
2024/03/05 02:25:53 start 3 map
2024/03/05 02:25:53 Worker finish order 3, order type 0
2024/03/05 02:25:54 22 :  call for  15  times
2024/03/05 02:25:54 CallOrder: worker get response &{1 [mr-tmp-0-1 mr-tmp-1-1 mr-tmp-2-1 mr-tmp-3-1 mr-tmp-4-1 mr-tmp-5-1 mr-tmp-6-1 mr-tmp-7-1] 9 0}
2024/03/05 02:25:54 worker  22 get order:  &{1 [mr-tmp-0-1 mr-tmp-1-1 mr-tmp-2-1 mr-tmp-3-1 mr-tmp-4-1 mr-tmp-5-1 mr-tmp-6-1 mr-tmp-7-1] 9 0}  order Type 1
2024/03/05 02:25:54 start 9 map
2024/03/05 02:25:54 Worker finish order 9, order type 1
2024/03/05 02:25:55 22 :  call for  16  times
2024/03/05 02:25:55 CallOrder: worker get response &{1 [mr-tmp-0-3 mr-tmp-1-3 mr-tmp-2-3 mr-tmp-3-3 mr-tmp-4-3 mr-tmp-5-3 mr-tmp-6-3 mr-tmp-7-3] 11 0}
2024/03/05 02:25:55 worker  22 get order:  &{1 [mr-tmp-0-3 mr-tmp-1-3 mr-tmp-2-3 mr-tmp-3-3 mr-tmp-4-3 mr-tmp-5-3 mr-tmp-6-3 mr-tmp-7-3] 11 0}  order Type 1
2024/03/05 02:25:55 start 11 map
2024/03/05 02:25:55 Worker finish order 11, order type 1
2024/03/05 02:25:56 22 :  call for  17  times
2024/03/05 02:25:56 CallOrder: worker get response &{1 [mr-tmp-0-6 mr-tmp-1-6 mr-tmp-2-6 mr-tmp-3-6 mr-tmp-4-6 mr-tmp-5-6 mr-tmp-6-6 mr-tmp-7-6] 14 0}
2024/03/05 02:25:56 worker  22 get order:  &{1 [mr-tmp-0-6 mr-tmp-1-6 mr-tmp-2-6 mr-tmp-3-6 mr-tmp-4-6 mr-tmp-5-6 mr-tmp-6-6 mr-tmp-7-6] 14 0}  order Type 1
2024/03/05 02:25:56 start 14 map
2024/03/05 02:25:56 Worker finish order 14, order type 1
2024/03/05 02:25:57 22 :  call for  18  times
2024/03/05 02:25:57 CallOrder: worker get response &{1 [mr-tmp-0-9 mr-tmp-1-9 mr-tmp-2-9 mr-tmp-3-9 mr-tmp-4-9 mr-tmp-5-9 mr-tmp-6-9 mr-tmp-7-9] 17 0}
2024/03/05 02:25:57 worker  22 get order:  &{1 [mr-tmp-0-9 mr-tmp-1-9 mr-tmp-2-9 mr-tmp-3-9 mr-tmp-4-9 mr-tmp-5-9 mr-tmp-6-9 mr-tmp-7-9] 17 0}  order Type 1
