2024/03/04 21:33:50 50 :  call for  1  times
2024/03/04 21:33:50 CallOrder: worker get response &{0 [../pg-grimm.txt] 3 10}
2024/03/04 21:33:50 worker  50 get order:  &{0 [../pg-grimm.txt] 3 10}  order Type 0
2024/03/04 21:33:55 start 3 map
2024/03/04 21:33:55 Worker finish order 3, order type 0
2024/03/04 21:33:56 50 :  call for  2  times
2024/03/04 21:33:56 CallOrder: worker get response &{2 [] 0 0}
2024/03/04 21:33:56 worker  50 get order:  &{2 [] 0 0}  order Type 2
2024/03/04 21:33:56 50  waiting for order
2024/03/04 21:33:58 50 :  call for  3  times
2024/03/04 21:33:58 CallOrder: worker get response &{2 [] 0 0}
2024/03/04 21:33:58 worker  50 get order:  &{2 [] 0 0}  order Type 2
2024/03/04 21:33:58 50  waiting for order
2024/03/04 21:34:00 50 :  call for  4  times
2024/03/04 21:34:00 CallOrder: worker get response &{2 [] 0 0}
2024/03/04 21:34:00 worker  50 get order:  &{2 [] 0 0}  order Type 2
2024/03/04 21:34:00 50  waiting for order
2024/03/04 21:34:02 50 :  call for  5  times
2024/03/04 21:34:02 CallOrder: worker get response &{2 [] 0 0}
2024/03/04 21:34:02 worker  50 get order:  &{2 [] 0 0}  order Type 2
2024/03/04 21:34:02 50  waiting for order
2024/03/04 21:34:04 50 :  call for  6  times
2024/03/04 21:34:04 CallOrder: worker get response &{2 [] 0 0}
2024/03/04 21:34:04 worker  50 get order:  &{2 [] 0 0}  order Type 2
2024/03/04 21:34:04 50  waiting for order
2024/03/04 21:34:06 50 :  call for  7  times
2024/03/04 21:34:06 CallOrder: worker get response &{2 [] 0 0}
2024/03/04 21:34:06 worker  50 get order:  &{2 [] 0 0}  order Type 2
2024/03/04 21:34:06 50  waiting for order
2024/03/04 21:34:08 50 :  call for  8  times
2024/03/04 21:34:08 CallOrder: worker get response &{2 [] 0 0}
2024/03/04 21:34:08 worker  50 get order:  &{2 [] 0 0}  order Type 2
2024/03/04 21:34:08 50  waiting for order
2024/03/04 21:34:10 50 :  call for  9  times
2024/03/04 21:34:10 CallOrder: worker get response &{2 [] 0 0}
2024/03/04 21:34:10 worker  50 get order:  &{2 [] 0 0}  order Type 2
2024/03/04 21:34:10 50  waiting for order
2024/03/04 21:34:12 50 :  call for  10  times
2024/03/04 21:34:12 CallOrder: worker get response &{2 [] 0 0}
2024/03/04 21:34:12 worker  50 get order:  &{2 [] 0 0}  order Type 2
2024/03/04 21:34:12 50  waiting for order
2024/03/04 21:34:14 50 :  call for  11  times
2024/03/04 21:34:14 CallOrder: worker get response &{1 [mr-tmp-0-6 mr-tmp-1-6 mr-tmp-2-6 mr-tmp-3-6 mr-tmp-4-6 mr-tmp-5-6 mr-tmp-6-6 mr-tmp-7-6] 14 0}
2024/03/04 21:34:14 worker  50 get order:  &{1 [mr-tmp-0-6 mr-tmp-1-6 mr-tmp-2-6 mr-tmp-3-6 mr-tmp-4-6 mr-tmp-5-6 mr-tmp-6-6 mr-tmp-7-6] 14 0}  order Type 1
2024/03/04 21:34:14 start 14 map
2024/03/04 21:34:14 Worker finish order 14, order type 1
2024/03/04 21:34:15 50 :  call for  12  times
2024/03/04 21:34:15 CallOrder: worker get response &{3 [] 0 0}
2024/03/04 21:34:15 worker  50 get order:  &{3 [] 0 0}  order Type 3
2024/03/04 21:34:15 50  waiting for order
2024/03/04 21:34:17 50 :  call for  13  times
2024/03/04 21:34:17 dialing:dial unix /var/tmp/824-mr-0: connect: connection refused
