2024/03/05 06:38:03 3 :  call for  1  times
2024/03/05 06:38:03 CallOrder: worker get response &{0 [../pg-dorian_gray.txt] 1 10}
2024/03/05 06:38:03 worker  3 get order:  &{0 [../pg-dorian_gray.txt] 1 10}  order Type 0
2024/03/05 06:38:03 start 1 map
2024/03/05 06:38:03 Worker finish order 1, order type 0
2024/03/05 06:38:04 3 :  call for  2  times
2024/03/05 06:38:04 CallOrder: worker get response &{0 [../pg-grimm.txt] 3 10}
2024/03/05 06:38:04 worker  3 get order:  &{0 [../pg-grimm.txt] 3 10}  order Type 0
2024/03/05 06:38:04 start 3 map
2024/03/05 06:38:04 Worker finish order 3, order type 0
2024/03/05 06:38:05 3 :  call for  3  times
2024/03/05 06:38:05 CallOrder: worker get response &{0 [../pg-metamorphosis.txt] 5 10}
2024/03/05 06:38:05 worker  3 get order:  &{0 [../pg-metamorphosis.txt] 5 10}  order Type 0
2024/03/05 06:38:05 start 5 map
2024/03/05 06:38:05 Worker finish order 5, order type 0
2024/03/05 06:38:06 3 :  call for  4  times
2024/03/05 06:38:06 CallOrder: worker get response &{0 [../pg-sherlock_holmes.txt] 6 10}
2024/03/05 06:38:06 worker  3 get order:  &{0 [../pg-sherlock_holmes.txt] 6 10}  order Type 0
2024/03/05 06:38:06 start 6 map
2024/03/05 06:38:06 Worker finish order 6, order type 0
2024/03/05 06:38:07 3 :  call for  5  times
2024/03/05 06:38:07 CallOrder: worker get response &{2 [] 0 0}
2024/03/05 06:38:07 worker  3 get order:  &{2 [] 0 0}  order Type 2
2024/03/05 06:38:07 3  waiting for order
2024/03/05 06:38:09 3 :  call for  6  times
2024/03/05 06:38:09 CallOrder: worker get response &{1 [mr-tmp-0-1 mr-tmp-1-1 mr-tmp-2-1 mr-tmp-3-1 mr-tmp-4-1 mr-tmp-5-1 mr-tmp-6-1 mr-tmp-7-1] 9 0}
2024/03/05 06:38:09 worker  3 get order:  &{1 [mr-tmp-0-1 mr-tmp-1-1 mr-tmp-2-1 mr-tmp-3-1 mr-tmp-4-1 mr-tmp-5-1 mr-tmp-6-1 mr-tmp-7-1] 9 0}  order Type 1
2024/03/05 06:38:10 start 9 map
2024/03/05 06:38:10 Worker finish order 9, order type 1
2024/03/05 06:38:11 3 :  call for  7  times
2024/03/05 06:38:11 CallOrder: worker get response &{1 [mr-tmp-0-3 mr-tmp-1-3 mr-tmp-2-3 mr-tmp-3-3 mr-tmp-4-3 mr-tmp-5-3 mr-tmp-6-3 mr-tmp-7-3] 11 0}
2024/03/05 06:38:11 worker  3 get order:  &{1 [mr-tmp-0-3 mr-tmp-1-3 mr-tmp-2-3 mr-tmp-3-3 mr-tmp-4-3 mr-tmp-5-3 mr-tmp-6-3 mr-tmp-7-3] 11 0}  order Type 1
2024/03/05 06:38:13 start 11 map
2024/03/05 06:38:13 Worker finish order 11, order type 1
2024/03/05 06:38:14 3 :  call for  8  times
2024/03/05 06:38:14 CallOrder: worker get response &{1 [mr-tmp-0-5 mr-tmp-1-5 mr-tmp-2-5 mr-tmp-3-5 mr-tmp-4-5 mr-tmp-5-5 mr-tmp-6-5 mr-tmp-7-5] 13 0}
2024/03/05 06:38:14 worker  3 get order:  &{1 [mr-tmp-0-5 mr-tmp-1-5 mr-tmp-2-5 mr-tmp-3-5 mr-tmp-4-5 mr-tmp-5-5 mr-tmp-6-5 mr-tmp-7-5] 13 0}  order Type 1
2024/03/05 06:38:15 start 13 map
2024/03/05 06:38:15 Worker finish order 13, order type 1
2024/03/05 06:38:16 3 :  call for  9  times
2024/03/05 06:38:16 CallOrder: worker get response &{1 [mr-tmp-0-7 mr-tmp-1-7 mr-tmp-2-7 mr-tmp-3-7 mr-tmp-4-7 mr-tmp-5-7 mr-tmp-6-7 mr-tmp-7-7] 15 0}
2024/03/05 06:38:16 worker  3 get order:  &{1 [mr-tmp-0-7 mr-tmp-1-7 mr-tmp-2-7 mr-tmp-3-7 mr-tmp-4-7 mr-tmp-5-7 mr-tmp-6-7 mr-tmp-7-7] 15 0}  order Type 1
2024/03/05 06:38:16 start 15 map
2024/03/05 06:38:16 Worker finish order 15, order type 1
2024/03/05 06:38:17 3 :  call for  10  times
2024/03/05 06:38:17 CallOrder: worker get response &{1 [mr-tmp-0-9 mr-tmp-1-9 mr-tmp-2-9 mr-tmp-3-9 mr-tmp-4-9 mr-tmp-5-9 mr-tmp-6-9 mr-tmp-7-9] 17 0}
2024/03/05 06:38:17 worker  3 get order:  &{1 [mr-tmp-0-9 mr-tmp-1-9 mr-tmp-2-9 mr-tmp-3-9 mr-tmp-4-9 mr-tmp-5-9 mr-tmp-6-9 mr-tmp-7-9] 17 0}  order Type 1
2024/03/05 06:38:18 start 17 map
2024/03/05 06:38:18 Worker finish order 17, order type 1
2024/03/05 06:38:19 3 :  call for  11  times
2024/03/05 06:38:19 CallOrder: worker get response &{4 [] 0 0}
2024/03/05 06:38:19 worker  3 get order:  &{4 [] 0 0}  order Type 4
2024/03/05 06:38:20 3  killed
