2024/03/05 03:43:08 8 :  call for  1  times
2024/03/05 03:43:08 CallOrder: worker get response &{0 [../pg-frankenstein.txt] 2 10}
2024/03/05 03:43:08 worker  8 get order:  &{0 [../pg-frankenstein.txt] 2 10}  order Type 0
2024/03/05 03:43:09 start 2 map
2024/03/05 03:43:09 Worker finish order 2, order type 0
2024/03/05 03:43:10 8 :  call for  2  times
2024/03/05 03:43:10 CallOrder: worker get response &{0 [../pg-sherlock_holmes.txt] 6 10}
2024/03/05 03:43:10 worker  8 get order:  &{0 [../pg-sherlock_holmes.txt] 6 10}  order Type 0
2024/03/05 03:43:10 start 6 map
2024/03/05 03:43:10 Worker finish order 6, order type 0
2024/03/05 03:43:11 8 :  call for  3  times
2024/03/05 03:43:11 CallOrder: worker get response &{2 [] 0 0}
2024/03/05 03:43:11 worker  8 get order:  &{2 [] 0 0}  order Type 2
2024/03/05 03:43:11 8  waiting for order
2024/03/05 03:43:13 8 :  call for  4  times
2024/03/05 03:43:13 CallOrder: worker get response &{2 [] 0 0}
2024/03/05 03:43:13 worker  8 get order:  &{2 [] 0 0}  order Type 2
2024/03/05 03:43:13 8  waiting for order
2024/03/05 03:43:15 8 :  call for  5  times
2024/03/05 03:43:15 CallOrder: worker get response &{2 [] 0 0}
2024/03/05 03:43:15 worker  8 get order:  &{2 [] 0 0}  order Type 2
2024/03/05 03:43:15 8  waiting for order
2024/03/05 03:43:17 8 :  call for  6  times
2024/03/05 03:43:17 CallOrder: worker get response &{2 [] 0 0}
2024/03/05 03:43:17 worker  8 get order:  &{2 [] 0 0}  order Type 2
2024/03/05 03:43:17 8  waiting for order
2024/03/05 03:43:19 8 :  call for  7  times
2024/03/05 03:43:19 CallOrder: worker get response &{0 [../pg-grimm.txt] 3 10}
2024/03/05 03:43:19 worker  8 get order:  &{0 [../pg-grimm.txt] 3 10}  order Type 0
2024/03/05 03:43:24 start 3 map
2024/03/05 03:43:24 Worker finish order 3, order type 0
2024/03/05 03:43:25 8 :  call for  8  times
2024/03/05 03:43:25 CallOrder: worker get response &{2 [] 0 0}
2024/03/05 03:43:25 worker  8 get order:  &{2 [] 0 0}  order Type 2
2024/03/05 03:43:25 8  waiting for order
2024/03/05 03:43:27 8 :  call for  9  times
2024/03/05 03:43:27 CallOrder: worker get response &{2 [] 0 0}
2024/03/05 03:43:27 worker  8 get order:  &{2 [] 0 0}  order Type 2
2024/03/05 03:43:27 8  waiting for order
2024/03/05 03:43:29 8 :  call for  10  times
2024/03/05 03:43:29 CallOrder: worker get response &{2 [] 0 0}
2024/03/05 03:43:29 worker  8 get order:  &{2 [] 0 0}  order Type 2
2024/03/05 03:43:29 8  waiting for order
2024/03/05 03:43:31 8 :  call for  11  times
2024/03/05 03:43:31 CallOrder: worker get response &{0 [../pg-huckleberry_finn.txt] 4 10}
2024/03/05 03:43:31 worker  8 get order:  &{0 [../pg-huckleberry_finn.txt] 4 10}  order Type 0
2024/03/05 03:43:31 start 4 map
2024/03/05 03:43:31 Worker finish order 4, order type 0
2024/03/05 03:43:32 8 :  call for  12  times
2024/03/05 03:43:32 CallOrder: worker get response &{2 [] 0 0}
2024/03/05 03:43:32 worker  8 get order:  &{2 [] 0 0}  order Type 2
2024/03/05 03:43:32 8  waiting for order
2024/03/05 03:43:34 8 :  call for  13  times
2024/03/05 03:43:34 CallOrder: worker get response &{1 [mr-tmp-0-3 mr-tmp-1-3 mr-tmp-2-3 mr-tmp-3-3 mr-tmp-4-3 mr-tmp-5-3 mr-tmp-6-3 mr-tmp-7-3] 11 0}
2024/03/05 03:43:34 worker  8 get order:  &{1 [mr-tmp-0-3 mr-tmp-1-3 mr-tmp-2-3 mr-tmp-3-3 mr-tmp-4-3 mr-tmp-5-3 mr-tmp-6-3 mr-tmp-7-3] 11 0}  order Type 1
2024/03/05 03:43:34 start 11 map
2024/03/05 03:43:34 Worker finish order 11, order type 1
2024/03/05 03:43:35 8 :  call for  14  times
2024/03/05 03:43:35 CallOrder: worker get response &{1 [mr-tmp-0-4 mr-tmp-1-4 mr-tmp-2-4 mr-tmp-3-4 mr-tmp-4-4 mr-tmp-5-4 mr-tmp-6-4 mr-tmp-7-4] 12 0}
2024/03/05 03:43:35 worker  8 get order:  &{1 [mr-tmp-0-4 mr-tmp-1-4 mr-tmp-2-4 mr-tmp-3-4 mr-tmp-4-4 mr-tmp-5-4 mr-tmp-6-4 mr-tmp-7-4] 12 0}  order Type 1
2024/03/05 03:43:35 start 12 map
2024/03/05 03:43:35 Worker finish order 12, order type 1
2024/03/05 03:43:36 8 :  call for  15  times
2024/03/05 03:43:36 CallOrder: worker get response &{1 [mr-tmp-0-5 mr-tmp-1-5 mr-tmp-2-5 mr-tmp-3-5 mr-tmp-4-5 mr-tmp-5-5 mr-tmp-6-5 mr-tmp-7-5] 13 0}
2024/03/05 03:43:36 worker  8 get order:  &{1 [mr-tmp-0-5 mr-tmp-1-5 mr-tmp-2-5 mr-tmp-3-5 mr-tmp-4-5 mr-tmp-5-5 mr-tmp-6-5 mr-tmp-7-5] 13 0}  order Type 1
