2024/03/05 00:52:49 49 :  call for  1  times
2024/03/05 00:52:49 CallOrder: worker get response &{0 [../pg-dorian_gray.txt] 1 10}
2024/03/05 00:52:49 worker  49 get order:  &{0 [../pg-dorian_gray.txt] 1 10}  order Type 0
2024/03/05 00:52:50 start 1 map
2024/03/05 00:52:50 Worker finish order 1, order type 0
2024/03/05 00:52:51 49 :  call for  2  times
2024/03/05 00:52:51 CallOrder: worker get response &{0 [../pg-grimm.txt] 3 10}
2024/03/05 00:52:51 worker  49 get order:  &{0 [../pg-grimm.txt] 3 10}  order Type 0
2024/03/05 00:52:51 start 3 map
2024/03/05 00:52:51 Worker finish order 3, order type 0
2024/03/05 00:52:52 49 :  call for  3  times
2024/03/05 00:52:52 CallOrder: worker get response &{0 [../pg-metamorphosis.txt] 5 10}
2024/03/05 00:52:52 worker  49 get order:  &{0 [../pg-metamorphosis.txt] 5 10}  order Type 0
2024/03/05 00:52:52 start 5 map
2024/03/05 00:52:52 Worker finish order 5, order type 0
2024/03/05 00:52:53 49 :  call for  4  times
2024/03/05 00:52:53 CallOrder: worker get response &{0 [../pg-sherlock_holmes.txt] 6 10}
2024/03/05 00:52:53 worker  49 get order:  &{0 [../pg-sherlock_holmes.txt] 6 10}  order Type 0
2024/03/05 00:52:53 start 6 map
2024/03/05 00:52:53 Worker finish order 6, order type 0
2024/03/05 00:52:54 49 :  call for  5  times
2024/03/05 00:52:54 CallOrder: worker get response &{1 [mr-tmp-0-0 mr-tmp-1-0 mr-tmp-2-0 mr-tmp-3-0 mr-tmp-4-0 mr-tmp-5-0 mr-tmp-6-0 mr-tmp-7-0] 8 0}
2024/03/05 00:52:54 worker  49 get order:  &{1 [mr-tmp-0-0 mr-tmp-1-0 mr-tmp-2-0 mr-tmp-3-0 mr-tmp-4-0 mr-tmp-5-0 mr-tmp-6-0 mr-tmp-7-0] 8 0}  order Type 1
2024/03/05 00:52:54 start 8 map
2024/03/05 00:52:54 Worker finish order 8, order type 1
2024/03/05 00:52:55 49 :  call for  6  times
2024/03/05 00:52:55 CallOrder: worker get response &{1 [mr-tmp-0-1 mr-tmp-1-1 mr-tmp-2-1 mr-tmp-3-1 mr-tmp-4-1 mr-tmp-5-1 mr-tmp-6-1 mr-tmp-7-1] 9 0}
2024/03/05 00:52:55 worker  49 get order:  &{1 [mr-tmp-0-1 mr-tmp-1-1 mr-tmp-2-1 mr-tmp-3-1 mr-tmp-4-1 mr-tmp-5-1 mr-tmp-6-1 mr-tmp-7-1] 9 0}  order Type 1
2024/03/05 00:52:56 start 9 map
2024/03/05 00:52:56 Worker finish order 9, order type 1
2024/03/05 00:52:57 49 :  call for  7  times
2024/03/05 00:52:57 CallOrder: worker get response &{1 [mr-tmp-0-3 mr-tmp-1-3 mr-tmp-2-3 mr-tmp-3-3 mr-tmp-4-3 mr-tmp-5-3 mr-tmp-6-3 mr-tmp-7-3] 11 0}
2024/03/05 00:52:57 worker  49 get order:  &{1 [mr-tmp-0-3 mr-tmp-1-3 mr-tmp-2-3 mr-tmp-3-3 mr-tmp-4-3 mr-tmp-5-3 mr-tmp-6-3 mr-tmp-7-3] 11 0}  order Type 1
2024/03/05 00:52:57 start 11 map
2024/03/05 00:52:57 Worker finish order 11, order type 1
2024/03/05 00:52:58 49 :  call for  8  times
2024/03/05 00:52:58 CallOrder: worker get response &{1 [mr-tmp-0-5 mr-tmp-1-5 mr-tmp-2-5 mr-tmp-3-5 mr-tmp-4-5 mr-tmp-5-5 mr-tmp-6-5 mr-tmp-7-5] 13 0}
2024/03/05 00:52:58 worker  49 get order:  &{1 [mr-tmp-0-5 mr-tmp-1-5 mr-tmp-2-5 mr-tmp-3-5 mr-tmp-4-5 mr-tmp-5-5 mr-tmp-6-5 mr-tmp-7-5] 13 0}  order Type 1
2024/03/05 00:52:58 start 13 map
2024/03/05 00:52:58 Worker finish order 13, order type 1
2024/03/05 00:52:59 49 :  call for  9  times
2024/03/05 00:52:59 CallOrder: worker get response &{1 [mr-tmp-0-7 mr-tmp-1-7 mr-tmp-2-7 mr-tmp-3-7 mr-tmp-4-7 mr-tmp-5-7 mr-tmp-6-7 mr-tmp-7-7] 15 0}
2024/03/05 00:52:59 worker  49 get order:  &{1 [mr-tmp-0-7 mr-tmp-1-7 mr-tmp-2-7 mr-tmp-3-7 mr-tmp-4-7 mr-tmp-5-7 mr-tmp-6-7 mr-tmp-7-7] 15 0}  order Type 1
2024/03/05 00:52:59 start 15 map
2024/03/05 00:52:59 Worker finish order 15, order type 1
2024/03/05 00:53:00 49 :  call for  10  times
2024/03/05 00:53:00 CallOrder: worker get response &{1 [mr-tmp-0-9 mr-tmp-1-9 mr-tmp-2-9 mr-tmp-3-9 mr-tmp-4-9 mr-tmp-5-9 mr-tmp-6-9 mr-tmp-7-9] 17 0}
2024/03/05 00:53:00 worker  49 get order:  &{1 [mr-tmp-0-9 mr-tmp-1-9 mr-tmp-2-9 mr-tmp-3-9 mr-tmp-4-9 mr-tmp-5-9 mr-tmp-6-9 mr-tmp-7-9] 17 0}  order Type 1
2024/03/05 00:53:00 start 17 map
2024/03/05 00:53:00 Worker finish order 17, order type 1
2024/03/05 00:53:01 49 :  call for  11  times
2024/03/05 00:53:01 CallOrder: worker get response &{4 [] 0 0}
2024/03/05 00:53:01 worker  49 get order:  &{4 [] 0 0}  order Type 4
2024/03/05 00:53:02 49  killed
