2024/03/05 03:20:38 38 :  call for  1  times
2024/03/05 03:20:38 CallOrder: worker get response &{1 [mr-tmp-0-8 mr-tmp-1-8 mr-tmp-2-8 mr-tmp-3-8 mr-tmp-4-8 mr-tmp-5-8 mr-tmp-6-8 mr-tmp-7-8] 16 0}
2024/03/05 03:20:38 worker  38 get order:  &{1 [mr-tmp-0-8 mr-tmp-1-8 mr-tmp-2-8 mr-tmp-3-8 mr-tmp-4-8 mr-tmp-5-8 mr-tmp-6-8 mr-tmp-7-8] 16 0}  order Type 1
2024/03/05 03:20:38 start 16 map
2024/03/05 03:20:38 Worker finish order 16, order type 1
2024/03/05 03:20:39 38 :  call for  2  times
2024/03/05 03:20:39 CallOrder: worker get response &{3 [] 0 0}
2024/03/05 03:20:39 worker  38 get order:  &{3 [] 0 0}  order Type 3
2024/03/05 03:20:39 38  waiting for order
2024/03/05 03:20:41 38 :  call for  3  times
2024/03/05 03:20:41 CallOrder: worker get response &{3 [] 0 0}
2024/03/05 03:20:41 worker  38 get order:  &{3 [] 0 0}  order Type 3
2024/03/05 03:20:41 38  waiting for order
2024/03/05 03:20:43 38 :  call for  4  times
2024/03/05 03:20:43 CallOrder: worker get response &{3 [] 0 0}
2024/03/05 03:20:43 worker  38 get order:  &{3 [] 0 0}  order Type 3
2024/03/05 03:20:43 38  waiting for order
2024/03/05 03:20:45 38 :  call for  5  times
2024/03/05 03:20:45 CallOrder: worker get response &{3 [] 0 0}
2024/03/05 03:20:45 worker  38 get order:  &{3 [] 0 0}  order Type 3
2024/03/05 03:20:45 38  waiting for order
2024/03/05 03:20:47 38 :  call for  6  times
2024/03/05 03:20:47 CallOrder: worker get response &{3 [] 0 0}
2024/03/05 03:20:47 worker  38 get order:  &{3 [] 0 0}  order Type 3
2024/03/05 03:20:47 38  waiting for order
2024/03/05 03:20:49 38 :  call for  7  times
2024/03/05 03:20:49 CallOrder: worker get response &{4 [] 0 0}
2024/03/05 03:20:49 worker  38 get order:  &{4 [] 0 0}  order Type 4
2024/03/05 03:20:50 38  killed
