2024/03/05 00:40:05 5 :  call for  1  times
2024/03/05 00:40:05 CallOrder: worker get response &{0 [../pg-being_ernest.txt] 0 10}
2024/03/05 00:40:05 worker  5 get order:  &{0 [../pg-being_ernest.txt] 0 10}  order Type 0
2024/03/05 00:40:05 start 0 map
2024/03/05 00:40:05 Worker finish order 0, order type 0
2024/03/05 00:40:06 5 :  call for  2  times
2024/03/05 00:40:06 CallOrder: worker get response &{0 [../pg-grimm.txt] 3 10}
2024/03/05 00:40:06 worker  5 get order:  &{0 [../pg-grimm.txt] 3 10}  order Type 0
2024/03/05 00:40:06 start 3 map
2024/03/05 00:40:06 Worker finish order 3, order type 0
2024/03/05 00:40:07 5 :  call for  3  times
2024/03/05 00:40:07 CallOrder: worker get response &{0 [../pg-sherlock_holmes.txt] 6 10}
2024/03/05 00:40:07 worker  5 get order:  &{0 [../pg-sherlock_holmes.txt] 6 10}  order Type 0
2024/03/05 00:40:07 start 6 map
2024/03/05 00:40:07 Worker finish order 6, order type 0
2024/03/05 00:40:08 5 :  call for  4  times
2024/03/05 00:40:08 CallOrder: worker get response &{1 [mr-tmp-0-0 mr-tmp-1-0 mr-tmp-2-0 mr-tmp-3-0 mr-tmp-4-0 mr-tmp-5-0 mr-tmp-6-0 mr-tmp-7-0] 8 0}
2024/03/05 00:40:08 worker  5 get order:  &{1 [mr-tmp-0-0 mr-tmp-1-0 mr-tmp-2-0 mr-tmp-3-0 mr-tmp-4-0 mr-tmp-5-0 mr-tmp-6-0 mr-tmp-7-0] 8 0}  order Type 1
2024/03/05 00:40:08 start 8 map
2024/03/05 00:40:08 Worker finish order 8, order type 1
2024/03/05 00:40:09 5 :  call for  5  times
2024/03/05 00:40:09 CallOrder: worker get response &{1 [mr-tmp-0-2 mr-tmp-1-2 mr-tmp-2-2 mr-tmp-3-2 mr-tmp-4-2 mr-tmp-5-2 mr-tmp-6-2 mr-tmp-7-2] 10 0}
2024/03/05 00:40:09 worker  5 get order:  &{1 [mr-tmp-0-2 mr-tmp-1-2 mr-tmp-2-2 mr-tmp-3-2 mr-tmp-4-2 mr-tmp-5-2 mr-tmp-6-2 mr-tmp-7-2] 10 0}  order Type 1
2024/03/05 00:40:12 start 10 map
2024/03/05 00:40:12 Worker finish order 10, order type 1
2024/03/05 00:40:13 5 :  call for  6  times
2024/03/05 00:40:13 CallOrder: worker get response &{1 [mr-tmp-0-9 mr-tmp-1-9 mr-tmp-2-9 mr-tmp-3-9 mr-tmp-4-9 mr-tmp-5-9 mr-tmp-6-9 mr-tmp-7-9] 17 0}
2024/03/05 00:40:13 worker  5 get order:  &{1 [mr-tmp-0-9 mr-tmp-1-9 mr-tmp-2-9 mr-tmp-3-9 mr-tmp-4-9 mr-tmp-5-9 mr-tmp-6-9 mr-tmp-7-9] 17 0}  order Type 1
2024/03/05 00:40:13 start 17 map
2024/03/05 00:40:13 Worker finish order 17, order type 1
2024/03/05 00:40:14 5 :  call for  7  times
2024/03/05 00:40:14 CallOrder: worker get response &{4 [] 0 0}
2024/03/05 00:40:14 worker  5 get order:  &{4 [] 0 0}  order Type 4
2024/03/05 00:40:15 5  killed
