2024/03/05 00:04:24 24 :  call for  1  times
2024/03/05 00:04:24 CallOrder: worker get response &{0 [../pg-dorian_gray.txt] 1 10}
2024/03/05 00:04:24 worker  24 get order:  &{0 [../pg-dorian_gray.txt] 1 10}  order Type 0
2024/03/05 00:04:26 start 1 map
2024/03/05 00:04:26 Worker finish order 1, order type 0
2024/03/05 00:04:27 24 :  call for  2  times
2024/03/05 00:04:27 CallOrder: worker get response &{0 [../pg-metamorphosis.txt] 5 10}
2024/03/05 00:04:27 worker  24 get order:  &{0 [../pg-metamorphosis.txt] 5 10}  order Type 0
2024/03/05 00:04:28 start 5 map
2024/03/05 00:04:28 Worker finish order 5, order type 0
2024/03/05 00:04:29 24 :  call for  3  times
2024/03/05 00:04:29 CallOrder: worker get response &{0 [../pg-tom_sawyer.txt] 7 10}
2024/03/05 00:04:29 worker  24 get order:  &{0 [../pg-tom_sawyer.txt] 7 10}  order Type 0
2024/03/05 00:04:30 start 7 map
2024/03/05 00:04:30 Worker finish order 7, order type 0
2024/03/05 00:04:31 24 :  call for  4  times
2024/03/05 00:04:31 CallOrder: worker get response &{1 [mr-tmp-0-0 mr-tmp-1-0 mr-tmp-2-0 mr-tmp-3-0 mr-tmp-4-0 mr-tmp-5-0 mr-tmp-6-0 mr-tmp-7-0] 8 0}
2024/03/05 00:04:31 worker  24 get order:  &{1 [mr-tmp-0-0 mr-tmp-1-0 mr-tmp-2-0 mr-tmp-3-0 mr-tmp-4-0 mr-tmp-5-0 mr-tmp-6-0 mr-tmp-7-0] 8 0}  order Type 1
2024/03/05 00:04:32 start 8 map
2024/03/05 00:04:32 Worker finish order 8, order type 1
2024/03/05 00:04:33 24 :  call for  5  times
2024/03/05 00:04:33 CallOrder: worker get response &{1 [mr-tmp-0-2 mr-tmp-1-2 mr-tmp-2-2 mr-tmp-3-2 mr-tmp-4-2 mr-tmp-5-2 mr-tmp-6-2 mr-tmp-7-2] 10 0}
2024/03/05 00:04:33 worker  24 get order:  &{1 [mr-tmp-0-2 mr-tmp-1-2 mr-tmp-2-2 mr-tmp-3-2 mr-tmp-4-2 mr-tmp-5-2 mr-tmp-6-2 mr-tmp-7-2] 10 0}  order Type 1
2024/03/05 00:04:34 start 10 map
2024/03/05 00:04:34 Worker finish order 10, order type 1
2024/03/05 00:04:35 24 :  call for  6  times
2024/03/05 00:04:36 CallOrder: worker get response &{1 [mr-tmp-0-6 mr-tmp-1-6 mr-tmp-2-6 mr-tmp-3-6 mr-tmp-4-6 mr-tmp-5-6 mr-tmp-6-6 mr-tmp-7-6] 14 0}
2024/03/05 00:04:36 worker  24 get order:  &{1 [mr-tmp-0-6 mr-tmp-1-6 mr-tmp-2-6 mr-tmp-3-6 mr-tmp-4-6 mr-tmp-5-6 mr-tmp-6-6 mr-tmp-7-6] 14 0}  order Type 1
2024/03/05 00:04:38 start 14 map
2024/03/05 00:04:38 Worker finish order 14, order type 1
2024/03/05 00:04:39 24 :  call for  7  times
2024/03/05 00:04:39 CallOrder: worker get response &{3 [] 0 0}
2024/03/05 00:04:39 worker  24 get order:  &{3 [] 0 0}  order Type 3
2024/03/05 00:04:39 24  waiting for order
2024/03/05 00:04:41 24 :  call for  8  times
2024/03/05 00:04:41 dialing:dial unix /var/tmp/824-mr-0: connect: connection refused
