2024/03/05 09:57:31 31 :  call for  1  times
2024/03/05 09:57:31 CallOrder: worker get response &{0 [../pg-dorian_gray.txt] 1 10}
2024/03/05 09:57:31 worker  31 get order:  &{0 [../pg-dorian_gray.txt] 1 10}  order Type 0
2024/03/05 09:57:32 start 1 map
2024/03/05 09:57:32 Worker finish order 1, order type 0
2024/03/05 09:57:33 31 :  call for  2  times
2024/03/05 09:57:33 CallOrder: worker get response &{0 [../pg-grimm.txt] 3 10}
2024/03/05 09:57:33 worker  31 get order:  &{0 [../pg-grimm.txt] 3 10}  order Type 0
2024/03/05 09:57:34 start 3 map
2024/03/05 09:57:34 Worker finish order 3, order type 0
2024/03/05 09:57:35 31 :  call for  3  times
2024/03/05 09:57:35 CallOrder: worker get response &{0 [../pg-metamorphosis.txt] 5 10}
2024/03/05 09:57:35 worker  31 get order:  &{0 [../pg-metamorphosis.txt] 5 10}  order Type 0
2024/03/05 09:57:36 start 5 map
2024/03/05 09:57:36 Worker finish order 5, order type 0
2024/03/05 09:57:37 31 :  call for  4  times
2024/03/05 09:57:37 CallOrder: worker get response &{0 [../pg-tom_sawyer.txt] 7 10}
2024/03/05 09:57:37 worker  31 get order:  &{0 [../pg-tom_sawyer.txt] 7 10}  order Type 0
2024/03/05 09:57:38 start 7 map
2024/03/05 09:57:38 Worker finish order 7, order type 0
2024/03/05 09:57:39 31 :  call for  5  times
2024/03/05 09:57:39 CallOrder: worker get response &{2 [] 0 0}
2024/03/05 09:57:39 worker  31 get order:  &{2 [] 0 0}  order Type 2
2024/03/05 09:57:39 31  waiting for order
2024/03/05 09:57:41 31 :  call for  6  times
2024/03/05 09:57:41 CallOrder: worker get response &{1 [mr-tmp-0-2 mr-tmp-1-2 mr-tmp-2-2 mr-tmp-3-2 mr-tmp-4-2 mr-tmp-5-2 mr-tmp-6-2 mr-tmp-7-2] 10 0}
2024/03/05 09:57:41 worker  31 get order:  &{1 [mr-tmp-0-2 mr-tmp-1-2 mr-tmp-2-2 mr-tmp-3-2 mr-tmp-4-2 mr-tmp-5-2 mr-tmp-6-2 mr-tmp-7-2] 10 0}  order Type 1
2024/03/05 09:57:41 start 10 map
2024/03/05 09:57:41 Worker finish order 10, order type 1
2024/03/05 09:57:42 31 :  call for  7  times
2024/03/05 09:57:42 CallOrder: worker get response &{1 [mr-tmp-0-4 mr-tmp-1-4 mr-tmp-2-4 mr-tmp-3-4 mr-tmp-4-4 mr-tmp-5-4 mr-tmp-6-4 mr-tmp-7-4] 12 0}
2024/03/05 09:57:42 worker  31 get order:  &{1 [mr-tmp-0-4 mr-tmp-1-4 mr-tmp-2-4 mr-tmp-3-4 mr-tmp-4-4 mr-tmp-5-4 mr-tmp-6-4 mr-tmp-7-4] 12 0}  order Type 1
2024/03/05 09:57:42 start 12 map
2024/03/05 09:57:42 Worker finish order 12, order type 1
2024/03/05 09:57:43 31 :  call for  8  times
2024/03/05 09:57:43 CallOrder: worker get response &{1 [mr-tmp-0-6 mr-tmp-1-6 mr-tmp-2-6 mr-tmp-3-6 mr-tmp-4-6 mr-tmp-5-6 mr-tmp-6-6 mr-tmp-7-6] 14 0}
2024/03/05 09:57:43 worker  31 get order:  &{1 [mr-tmp-0-6 mr-tmp-1-6 mr-tmp-2-6 mr-tmp-3-6 mr-tmp-4-6 mr-tmp-5-6 mr-tmp-6-6 mr-tmp-7-6] 14 0}  order Type 1
2024/03/05 09:57:43 start 14 map
2024/03/05 09:57:43 Worker finish order 14, order type 1
2024/03/05 09:57:44 31 :  call for  9  times
2024/03/05 09:57:44 CallOrder: worker get response &{1 [mr-tmp-0-8 mr-tmp-1-8 mr-tmp-2-8 mr-tmp-3-8 mr-tmp-4-8 mr-tmp-5-8 mr-tmp-6-8 mr-tmp-7-8] 16 0}
2024/03/05 09:57:44 worker  31 get order:  &{1 [mr-tmp-0-8 mr-tmp-1-8 mr-tmp-2-8 mr-tmp-3-8 mr-tmp-4-8 mr-tmp-5-8 mr-tmp-6-8 mr-tmp-7-8] 16 0}  order Type 1
2024/03/05 09:57:44 start 16 map
2024/03/05 09:57:44 Worker finish order 16, order type 1
2024/03/05 09:57:45 31 :  call for  10  times
2024/03/05 09:57:45 CallOrder: worker get response &{3 [] 0 0}
2024/03/05 09:57:45 worker  31 get order:  &{3 [] 0 0}  order Type 3
2024/03/05 09:57:45 31  waiting for order
2024/03/05 09:57:47 31 :  call for  11  times
2024/03/05 09:57:47 dialing:dial unix /var/tmp/824-mr-0: connect: connection refused
