2024/03/04 22:56:09 9 :  call for  1  times
2024/03/04 22:56:09 CallOrder: worker get response &{0 [../pg-dorian_gray.txt] 1 10}
2024/03/04 22:56:09 worker  9 get order:  &{0 [../pg-dorian_gray.txt] 1 10}  order Type 0
2024/03/04 22:56:13 start 1 map
2024/03/04 22:56:13 Worker finish order 1, order type 0
2024/03/04 22:56:14 9 :  call for  2  times
2024/03/04 22:56:14 CallOrder: worker get response &{0 [../pg-grimm.txt] 3 10}
2024/03/04 22:56:14 worker  9 get order:  &{0 [../pg-grimm.txt] 3 10}  order Type 0
2024/03/04 22:56:18 start 3 map
2024/03/04 22:56:18 Worker finish order 3, order type 0
2024/03/04 22:56:19 9 :  call for  3  times
2024/03/04 22:56:19 CallOrder: worker get response &{0 [../pg-metamorphosis.txt] 5 10}
2024/03/04 22:56:19 worker  9 get order:  &{0 [../pg-metamorphosis.txt] 5 10}  order Type 0
2024/03/04 22:56:23 start 5 map
2024/03/04 22:56:23 Worker finish order 5, order type 0
2024/03/04 22:56:24 9 :  call for  4  times
2024/03/04 22:56:24 CallOrder: worker get response &{0 [../pg-tom_sawyer.txt] 7 10}
2024/03/04 22:56:24 worker  9 get order:  &{0 [../pg-tom_sawyer.txt] 7 10}  order Type 0
2024/03/04 22:56:26 start 7 map
2024/03/04 22:56:26 Worker finish order 7, order type 0
2024/03/04 22:56:27 9 :  call for  5  times
2024/03/04 22:56:27 CallOrder: worker get response &{1 [mr-tmp-0-0 mr-tmp-1-0 mr-tmp-2-0 mr-tmp-3-0 mr-tmp-4-0 mr-tmp-5-0 mr-tmp-6-0 mr-tmp-7-0] 8 0}
2024/03/04 22:56:27 worker  9 get order:  &{1 [mr-tmp-0-0 mr-tmp-1-0 mr-tmp-2-0 mr-tmp-3-0 mr-tmp-4-0 mr-tmp-5-0 mr-tmp-6-0 mr-tmp-7-0] 8 0}  order Type 1
2024/03/04 22:56:27 start 8 map
2024/03/04 22:56:27 Worker finish order 8, order type 1
2024/03/04 22:56:28 9 :  call for  6  times
2024/03/04 22:56:28 CallOrder: worker get response &{1 [mr-tmp-0-1 mr-tmp-1-1 mr-tmp-2-1 mr-tmp-3-1 mr-tmp-4-1 mr-tmp-5-1 mr-tmp-6-1 mr-tmp-7-1] 9 0}
2024/03/04 22:56:28 worker  9 get order:  &{1 [mr-tmp-0-1 mr-tmp-1-1 mr-tmp-2-1 mr-tmp-3-1 mr-tmp-4-1 mr-tmp-5-1 mr-tmp-6-1 mr-tmp-7-1] 9 0}  order Type 1
2024/03/04 22:56:28 start 9 map
2024/03/04 22:56:28 Worker finish order 9, order type 1
2024/03/04 22:56:29 9 :  call for  7  times
2024/03/04 22:56:29 CallOrder: worker get response &{1 [mr-tmp-0-3 mr-tmp-1-3 mr-tmp-2-3 mr-tmp-3-3 mr-tmp-4-3 mr-tmp-5-3 mr-tmp-6-3 mr-tmp-7-3] 11 0}
2024/03/04 22:56:29 worker  9 get order:  &{1 [mr-tmp-0-3 mr-tmp-1-3 mr-tmp-2-3 mr-tmp-3-3 mr-tmp-4-3 mr-tmp-5-3 mr-tmp-6-3 mr-tmp-7-3] 11 0}  order Type 1
2024/03/04 22:56:29 start 11 map
2024/03/04 22:56:29 Worker finish order 11, order type 1
2024/03/04 22:56:30 9 :  call for  8  times
2024/03/04 22:56:30 CallOrder: worker get response &{1 [mr-tmp-0-5 mr-tmp-1-5 mr-tmp-2-5 mr-tmp-3-5 mr-tmp-4-5 mr-tmp-5-5 mr-tmp-6-5 mr-tmp-7-5] 13 0}
2024/03/04 22:56:30 worker  9 get order:  &{1 [mr-tmp-0-5 mr-tmp-1-5 mr-tmp-2-5 mr-tmp-3-5 mr-tmp-4-5 mr-tmp-5-5 mr-tmp-6-5 mr-tmp-7-5] 13 0}  order Type 1
2024/03/04 22:56:30 start 13 map
2024/03/04 22:56:30 Worker finish order 13, order type 1
2024/03/04 22:56:31 9 :  call for  9  times
2024/03/04 22:56:31 CallOrder: worker get response &{1 [mr-tmp-0-6 mr-tmp-1-6 mr-tmp-2-6 mr-tmp-3-6 mr-tmp-4-6 mr-tmp-5-6 mr-tmp-6-6 mr-tmp-7-6] 14 0}
2024/03/04 22:56:31 worker  9 get order:  &{1 [mr-tmp-0-6 mr-tmp-1-6 mr-tmp-2-6 mr-tmp-3-6 mr-tmp-4-6 mr-tmp-5-6 mr-tmp-6-6 mr-tmp-7-6] 14 0}  order Type 1
2024/03/04 22:56:31 start 14 map
2024/03/04 22:56:31 Worker finish order 14, order type 1
2024/03/04 22:56:32 9 :  call for  10  times
2024/03/04 22:56:32 CallOrder: worker get response &{1 [mr-tmp-0-9 mr-tmp-1-9 mr-tmp-2-9 mr-tmp-3-9 mr-tmp-4-9 mr-tmp-5-9 mr-tmp-6-9 mr-tmp-7-9] 17 0}
2024/03/04 22:56:32 worker  9 get order:  &{1 [mr-tmp-0-9 mr-tmp-1-9 mr-tmp-2-9 mr-tmp-3-9 mr-tmp-4-9 mr-tmp-5-9 mr-tmp-6-9 mr-tmp-7-9] 17 0}  order Type 1
2024/03/04 22:56:32 start 17 map
2024/03/04 22:56:32 Worker finish order 17, order type 1
2024/03/04 22:56:33 9 :  call for  11  times
2024/03/04 22:56:33 CallOrder: worker get response &{3 [] 0 0}
2024/03/04 22:56:33 worker  9 get order:  &{3 [] 0 0}  order Type 3
2024/03/04 22:56:33 9  waiting for order
2024/03/04 22:56:35 9 :  call for  12  times
2024/03/04 22:56:35 dialing:dial unix /var/tmp/824-mr-0: connect: connection refused
