2024/03/05 12:59:10 10 :  call for  1  times
2024/03/05 12:59:10 CallOrder: worker get response &{0 [../pg-dorian_gray.txt] 1 10}
2024/03/05 12:59:10 worker  10 get order:  &{0 [../pg-dorian_gray.txt] 1 10}  order Type 0
2024/03/05 12:59:10 start 1 map
2024/03/05 12:59:10 Worker finish order 1, order type 0
2024/03/05 12:59:11 10 :  call for  2  times
2024/03/05 12:59:11 CallOrder: worker get response &{0 [../pg-grimm.txt] 3 10}
2024/03/05 12:59:11 worker  10 get order:  &{0 [../pg-grimm.txt] 3 10}  order Type 0
2024/03/05 12:59:11 start 3 map
2024/03/05 12:59:11 Worker finish order 3, order type 0
2024/03/05 12:59:12 10 :  call for  3  times
2024/03/05 12:59:12 CallOrder: worker get response &{0 [../pg-metamorphosis.txt] 5 10}
2024/03/05 12:59:12 worker  10 get order:  &{0 [../pg-metamorphosis.txt] 5 10}  order Type 0
2024/03/05 12:59:12 start 5 map
2024/03/05 12:59:12 Worker finish order 5, order type 0
2024/03/05 12:59:13 10 :  call for  4  times
2024/03/05 12:59:13 CallOrder: worker get response &{0 [../pg-sherlock_holmes.txt] 6 10}
2024/03/05 12:59:13 worker  10 get order:  &{0 [../pg-sherlock_holmes.txt] 6 10}  order Type 0
2024/03/05 12:59:13 start 6 map
2024/03/05 12:59:13 Worker finish order 6, order type 0
2024/03/05 12:59:14 10 :  call for  5  times
2024/03/05 12:59:14 CallOrder: worker get response &{1 [mr-tmp-0-0 mr-tmp-1-0 mr-tmp-2-0 mr-tmp-3-0 mr-tmp-4-0 mr-tmp-5-0 mr-tmp-6-0 mr-tmp-7-0] 8 0}
2024/03/05 12:59:14 worker  10 get order:  &{1 [mr-tmp-0-0 mr-tmp-1-0 mr-tmp-2-0 mr-tmp-3-0 mr-tmp-4-0 mr-tmp-5-0 mr-tmp-6-0 mr-tmp-7-0] 8 0}  order Type 1
2024/03/05 12:59:15 start 8 map
2024/03/05 12:59:15 Worker finish order 8, order type 1
2024/03/05 12:59:16 10 :  call for  6  times
2024/03/05 12:59:16 CallOrder: worker get response &{1 [mr-tmp-0-2 mr-tmp-1-2 mr-tmp-2-2 mr-tmp-3-2 mr-tmp-4-2 mr-tmp-5-2 mr-tmp-6-2 mr-tmp-7-2] 10 0}
2024/03/05 12:59:16 worker  10 get order:  &{1 [mr-tmp-0-2 mr-tmp-1-2 mr-tmp-2-2 mr-tmp-3-2 mr-tmp-4-2 mr-tmp-5-2 mr-tmp-6-2 mr-tmp-7-2] 10 0}  order Type 1
2024/03/05 12:59:17 start 10 map
2024/03/05 12:59:17 Worker finish order 10, order type 1
2024/03/05 12:59:18 10 :  call for  7  times
2024/03/05 12:59:18 CallOrder: worker get response &{1 [mr-tmp-0-4 mr-tmp-1-4 mr-tmp-2-4 mr-tmp-3-4 mr-tmp-4-4 mr-tmp-5-4 mr-tmp-6-4 mr-tmp-7-4] 12 0}
2024/03/05 12:59:18 worker  10 get order:  &{1 [mr-tmp-0-4 mr-tmp-1-4 mr-tmp-2-4 mr-tmp-3-4 mr-tmp-4-4 mr-tmp-5-4 mr-tmp-6-4 mr-tmp-7-4] 12 0}  order Type 1
2024/03/05 12:59:20 start 12 map
2024/03/05 12:59:20 Worker finish order 12, order type 1
2024/03/05 12:59:21 10 :  call for  8  times
2024/03/05 12:59:21 CallOrder: worker get response &{1 [mr-tmp-0-6 mr-tmp-1-6 mr-tmp-2-6 mr-tmp-3-6 mr-tmp-4-6 mr-tmp-5-6 mr-tmp-6-6 mr-tmp-7-6] 14 0}
2024/03/05 12:59:21 worker  10 get order:  &{1 [mr-tmp-0-6 mr-tmp-1-6 mr-tmp-2-6 mr-tmp-3-6 mr-tmp-4-6 mr-tmp-5-6 mr-tmp-6-6 mr-tmp-7-6] 14 0}  order Type 1
2024/03/05 12:59:22 start 14 map
2024/03/05 12:59:22 Worker finish order 14, order type 1
2024/03/05 12:59:23 10 :  call for  9  times
2024/03/05 12:59:23 CallOrder: worker get response &{1 [mr-tmp-0-8 mr-tmp-1-8 mr-tmp-2-8 mr-tmp-3-8 mr-tmp-4-8 mr-tmp-5-8 mr-tmp-6-8 mr-tmp-7-8] 16 0}
2024/03/05 12:59:23 worker  10 get order:  &{1 [mr-tmp-0-8 mr-tmp-1-8 mr-tmp-2-8 mr-tmp-3-8 mr-tmp-4-8 mr-tmp-5-8 mr-tmp-6-8 mr-tmp-7-8] 16 0}  order Type 1
2024/03/05 12:59:23 start 16 map
2024/03/05 12:59:23 Worker finish order 16, order type 1
2024/03/05 12:59:24 10 :  call for  10  times
2024/03/05 12:59:24 CallOrder: worker get response &{3 [] 0 0}
2024/03/05 12:59:24 worker  10 get order:  &{3 [] 0 0}  order Type 3
2024/03/05 12:59:24 10  waiting for order
2024/03/05 12:59:26 10 :  call for  11  times
2024/03/05 12:59:26 CallOrder: worker get response &{4 [] 0 0}
2024/03/05 12:59:26 worker  10 get order:  &{4 [] 0 0}  order Type 4
2024/03/05 12:59:27 10  killed
