2024/03/05 12:33:40 40 :  call for  1  times
2024/03/05 12:33:40 CallOrder: worker get response &{2 [] 0 0}
2024/03/05 12:33:40 worker  40 get order:  &{2 [] 0 0}  order Type 2
2024/03/05 12:33:40 40  waiting for order
2024/03/05 12:33:42 40 :  call for  2  times
2024/03/05 12:33:42 CallOrder: worker get response &{2 [] 0 0}
2024/03/05 12:33:42 worker  40 get order:  &{2 [] 0 0}  order Type 2
2024/03/05 12:33:42 40  waiting for order
2024/03/05 12:33:44 40 :  call for  3  times
2024/03/05 12:33:44 CallOrder: worker get response &{2 [] 0 0}
2024/03/05 12:33:44 worker  40 get order:  &{2 [] 0 0}  order Type 2
2024/03/05 12:33:44 40  waiting for order
2024/03/05 12:33:46 40 :  call for  4  times
2024/03/05 12:33:46 CallOrder: worker get response &{2 [] 0 0}
2024/03/05 12:33:46 worker  40 get order:  &{2 [] 0 0}  order Type 2
2024/03/05 12:33:46 40  waiting for order
2024/03/05 12:33:48 40 :  call for  5  times
2024/03/05 12:33:48 CallOrder: worker get response &{2 [] 0 0}
2024/03/05 12:33:48 worker  40 get order:  &{2 [] 0 0}  order Type 2
2024/03/05 12:33:48 40  waiting for order
2024/03/05 12:33:50 40 :  call for  6  times
2024/03/05 12:33:50 CallOrder: worker get response &{0 [../pg-tom_sawyer.txt] 7 10}
2024/03/05 12:33:50 worker  40 get order:  &{0 [../pg-tom_sawyer.txt] 7 10}  order Type 0
