2024/03/04 22:50:28 28 :  call for  1  times
2024/03/04 22:50:28 CallOrder: worker get response &{0 [../pg-sherlock_holmes.txt] 6 10}
2024/03/04 22:50:28 worker  28 get order:  &{0 [../pg-sherlock_holmes.txt] 6 10}  order Type 0
2024/03/04 22:50:33 start 6 map
2024/03/04 22:50:33 Worker finish order 6, order type 0
2024/03/04 22:50:34 28 :  call for  2  times
2024/03/04 22:50:34 CallOrder: worker get response &{2 [] 0 0}
2024/03/04 22:50:34 worker  28 get order:  &{2 [] 0 0}  order Type 2
2024/03/04 22:50:34 28  waiting for order
2024/03/04 22:50:36 28 :  call for  3  times
2024/03/04 22:50:36 CallOrder: worker get response &{2 [] 0 0}
2024/03/04 22:50:36 worker  28 get order:  &{2 [] 0 0}  order Type 2
2024/03/04 22:50:36 28  waiting for order
2024/03/04 22:50:38 28 :  call for  4  times
2024/03/04 22:50:38 CallOrder: worker get response &{2 [] 0 0}
2024/03/04 22:50:38 worker  28 get order:  &{2 [] 0 0}  order Type 2
2024/03/04 22:50:38 28  waiting for order
2024/03/04 22:50:40 28 :  call for  5  times
2024/03/04 22:50:40 CallOrder: worker get response &{2 [] 0 0}
2024/03/04 22:50:40 worker  28 get order:  &{2 [] 0 0}  order Type 2
2024/03/04 22:50:40 28  waiting for order
2024/03/04 22:50:42 28 :  call for  6  times
2024/03/04 22:50:42 CallOrder: worker get response &{2 [] 0 0}
2024/03/04 22:50:42 worker  28 get order:  &{2 [] 0 0}  order Type 2
2024/03/04 22:50:42 28  waiting for order
2024/03/04 22:50:44 28 :  call for  7  times
2024/03/04 22:50:44 CallOrder: worker get response &{2 [] 0 0}
2024/03/04 22:50:44 worker  28 get order:  &{2 [] 0 0}  order Type 2
2024/03/04 22:50:44 28  waiting for order
2024/03/04 22:50:46 28 :  call for  8  times
2024/03/04 22:50:46 CallOrder: worker get response &{2 [] 0 0}
2024/03/04 22:50:46 worker  28 get order:  &{2 [] 0 0}  order Type 2
2024/03/04 22:50:46 28  waiting for order
2024/03/04 22:50:48 28 :  call for  9  times
2024/03/04 22:50:48 CallOrder: worker get response &{2 [] 0 0}
2024/03/04 22:50:48 worker  28 get order:  &{2 [] 0 0}  order Type 2
2024/03/04 22:50:48 28  waiting for order
2024/03/04 22:50:50 28 :  call for  10  times
2024/03/04 22:50:50 CallOrder: worker get response &{2 [] 0 0}
2024/03/04 22:50:50 worker  28 get order:  &{2 [] 0 0}  order Type 2
2024/03/04 22:50:50 28  waiting for order
2024/03/04 22:50:52 28 :  call for  11  times
2024/03/04 22:50:52 CallOrder: worker get response &{2 [] 0 0}
2024/03/04 22:50:52 worker  28 get order:  &{2 [] 0 0}  order Type 2
2024/03/04 22:50:52 28  waiting for order
2024/03/04 22:50:54 28 :  call for  12  times
2024/03/04 22:50:54 CallOrder: worker get response &{2 [] 0 0}
2024/03/04 22:50:54 worker  28 get order:  &{2 [] 0 0}  order Type 2
2024/03/04 22:50:54 28  waiting for order
2024/03/04 22:50:56 28 :  call for  13  times
2024/03/04 22:50:56 CallOrder: worker get response &{2 [] 0 0}
2024/03/04 22:50:56 worker  28 get order:  &{2 [] 0 0}  order Type 2
2024/03/04 22:50:56 28  waiting for order
2024/03/04 22:50:58 28 :  call for  14  times
2024/03/04 22:50:58 CallOrder: worker get response &{2 [] 0 0}
2024/03/04 22:50:58 worker  28 get order:  &{2 [] 0 0}  order Type 2
2024/03/04 22:50:58 28  waiting for order
2024/03/04 22:51:00 28 :  call for  15  times
2024/03/04 22:51:00 CallOrder: worker get response &{2 [] 0 0}
2024/03/04 22:51:00 worker  28 get order:  &{2 [] 0 0}  order Type 2
2024/03/04 22:51:00 28  waiting for order
2024/03/04 22:51:02 28 :  call for  16  times
2024/03/04 22:51:02 CallOrder: worker get response &{2 [] 0 0}
2024/03/04 22:51:02 worker  28 get order:  &{2 [] 0 0}  order Type 2
2024/03/04 22:51:02 28  waiting for order
2024/03/04 22:51:04 28 :  call for  17  times
2024/03/04 22:51:04 CallOrder: worker get response &{2 [] 0 0}
2024/03/04 22:51:04 worker  28 get order:  &{2 [] 0 0}  order Type 2
2024/03/04 22:51:04 28  waiting for order
2024/03/04 22:51:06 28 :  call for  18  times
2024/03/04 22:51:06 CallOrder: worker get response &{2 [] 0 0}
2024/03/04 22:51:06 worker  28 get order:  &{2 [] 0 0}  order Type 2
2024/03/04 22:51:06 28  waiting for order
2024/03/04 22:51:08 28 :  call for  19  times
2024/03/04 22:51:08 CallOrder: worker get response &{2 [] 0 0}
2024/03/04 22:51:08 worker  28 get order:  &{2 [] 0 0}  order Type 2
2024/03/04 22:51:08 28  waiting for order
2024/03/04 22:51:10 28 :  call for  20  times
2024/03/04 22:51:10 CallOrder: worker get response &{1 [mr-tmp-0-1 mr-tmp-1-1 mr-tmp-2-1 mr-tmp-3-1 mr-tmp-4-1 mr-tmp-5-1 mr-tmp-6-1 mr-tmp-7-1] 9 0}
2024/03/04 22:51:10 worker  28 get order:  &{1 [mr-tmp-0-1 mr-tmp-1-1 mr-tmp-2-1 mr-tmp-3-1 mr-tmp-4-1 mr-tmp-5-1 mr-tmp-6-1 mr-tmp-7-1] 9 0}  order Type 1
2024/03/04 22:51:10 start 9 map
2024/03/04 22:51:10 Worker finish order 9, order type 1
2024/03/04 22:51:11 28 :  call for  21  times
2024/03/04 22:51:11 CallOrder: worker get response &{1 [mr-tmp-0-2 mr-tmp-1-2 mr-tmp-2-2 mr-tmp-3-2 mr-tmp-4-2 mr-tmp-5-2 mr-tmp-6-2 mr-tmp-7-2] 10 0}
2024/03/04 22:51:11 worker  28 get order:  &{1 [mr-tmp-0-2 mr-tmp-1-2 mr-tmp-2-2 mr-tmp-3-2 mr-tmp-4-2 mr-tmp-5-2 mr-tmp-6-2 mr-tmp-7-2] 10 0}  order Type 1
2024/03/04 22:51:16 start 10 map
2024/03/04 22:51:16 Worker finish order 10, order type 1
2024/03/04 22:51:17 28 :  call for  22  times
2024/03/04 22:51:17 CallOrder: worker get response &{1 [mr-tmp-0-9 mr-tmp-1-9 mr-tmp-2-9 mr-tmp-3-9 mr-tmp-4-9 mr-tmp-5-9 mr-tmp-6-9 mr-tmp-7-9] 17 0}
2024/03/04 22:51:17 worker  28 get order:  &{1 [mr-tmp-0-9 mr-tmp-1-9 mr-tmp-2-9 mr-tmp-3-9 mr-tmp-4-9 mr-tmp-5-9 mr-tmp-6-9 mr-tmp-7-9] 17 0}  order Type 1
