2024/03/04 21:29:51 51 :  call for  1  times
2024/03/04 21:29:51 CallOrder: worker get response &{0 [../pg-dorian_gray.txt] 1 10}
2024/03/04 21:29:51 worker  51 get order:  &{0 [../pg-dorian_gray.txt] 1 10}  order Type 0
2024/03/04 21:29:51 start 1 map
2024/03/04 21:29:51 Worker finish order 1, order type 0
2024/03/04 21:29:52 51 :  call for  2  times
2024/03/04 21:29:52 CallOrder: worker get response &{0 [../pg-grimm.txt] 3 10}
2024/03/04 21:29:52 worker  51 get order:  &{0 [../pg-grimm.txt] 3 10}  order Type 0
2024/03/04 21:29:52 start 3 map
2024/03/04 21:29:52 Worker finish order 3, order type 0
2024/03/04 21:29:53 51 :  call for  3  times
2024/03/04 21:29:53 CallOrder: worker get response &{0 [../pg-metamorphosis.txt] 5 10}
2024/03/04 21:29:53 worker  51 get order:  &{0 [../pg-metamorphosis.txt] 5 10}  order Type 0
2024/03/04 21:29:53 start 5 map
2024/03/04 21:29:53 Worker finish order 5, order type 0
2024/03/04 21:29:54 51 :  call for  4  times
2024/03/04 21:29:54 CallOrder: worker get response &{0 [../pg-tom_sawyer.txt] 7 10}
2024/03/04 21:29:54 worker  51 get order:  &{0 [../pg-tom_sawyer.txt] 7 10}  order Type 0
2024/03/04 21:29:54 start 7 map
2024/03/04 21:29:54 Worker finish order 7, order type 0
2024/03/04 21:29:55 51 :  call for  5  times
2024/03/04 21:29:55 CallOrder: worker get response &{1 [mr-tmp-0-0 mr-tmp-1-0 mr-tmp-2-0 mr-tmp-3-0 mr-tmp-4-0 mr-tmp-5-0 mr-tmp-6-0 mr-tmp-7-0] 8 0}
2024/03/04 21:29:55 worker  51 get order:  &{1 [mr-tmp-0-0 mr-tmp-1-0 mr-tmp-2-0 mr-tmp-3-0 mr-tmp-4-0 mr-tmp-5-0 mr-tmp-6-0 mr-tmp-7-0] 8 0}  order Type 1
2024/03/04 21:29:56 start 8 map
2024/03/04 21:29:56 Worker finish order 8, order type 1
2024/03/04 21:29:57 51 :  call for  6  times
2024/03/04 21:29:57 CallOrder: worker get response &{1 [mr-tmp-0-2 mr-tmp-1-2 mr-tmp-2-2 mr-tmp-3-2 mr-tmp-4-2 mr-tmp-5-2 mr-tmp-6-2 mr-tmp-7-2] 10 0}
2024/03/04 21:29:57 worker  51 get order:  &{1 [mr-tmp-0-2 mr-tmp-1-2 mr-tmp-2-2 mr-tmp-3-2 mr-tmp-4-2 mr-tmp-5-2 mr-tmp-6-2 mr-tmp-7-2] 10 0}  order Type 1
2024/03/04 21:29:58 start 10 map
2024/03/04 21:29:58 Worker finish order 10, order type 1
2024/03/04 21:29:59 51 :  call for  7  times
2024/03/04 21:29:59 CallOrder: worker get response &{1 [mr-tmp-0-4 mr-tmp-1-4 mr-tmp-2-4 mr-tmp-3-4 mr-tmp-4-4 mr-tmp-5-4 mr-tmp-6-4 mr-tmp-7-4] 12 0}
2024/03/04 21:29:59 worker  51 get order:  &{1 [mr-tmp-0-4 mr-tmp-1-4 mr-tmp-2-4 mr-tmp-3-4 mr-tmp-4-4 mr-tmp-5-4 mr-tmp-6-4 mr-tmp-7-4] 12 0}  order Type 1
2024/03/04 21:30:01 start 12 map
2024/03/04 21:30:01 Worker finish order 12, order type 1
2024/03/04 21:30:02 51 :  call for  8  times
2024/03/04 21:30:02 CallOrder: worker get response &{1 [mr-tmp-0-6 mr-tmp-1-6 mr-tmp-2-6 mr-tmp-3-6 mr-tmp-4-6 mr-tmp-5-6 mr-tmp-6-6 mr-tmp-7-6] 14 0}
2024/03/04 21:30:02 worker  51 get order:  &{1 [mr-tmp-0-6 mr-tmp-1-6 mr-tmp-2-6 mr-tmp-3-6 mr-tmp-4-6 mr-tmp-5-6 mr-tmp-6-6 mr-tmp-7-6] 14 0}  order Type 1
2024/03/04 21:30:03 start 14 map
2024/03/04 21:30:03 Worker finish order 14, order type 1
2024/03/04 21:30:04 51 :  call for  9  times
2024/03/04 21:30:04 CallOrder: worker get response &{1 [mr-tmp-0-8 mr-tmp-1-8 mr-tmp-2-8 mr-tmp-3-8 mr-tmp-4-8 mr-tmp-5-8 mr-tmp-6-8 mr-tmp-7-8] 16 0}
2024/03/04 21:30:04 worker  51 get order:  &{1 [mr-tmp-0-8 mr-tmp-1-8 mr-tmp-2-8 mr-tmp-3-8 mr-tmp-4-8 mr-tmp-5-8 mr-tmp-6-8 mr-tmp-7-8] 16 0}  order Type 1
2024/03/04 21:30:04 start 16 map
2024/03/04 21:30:04 Worker finish order 16, order type 1
2024/03/04 21:30:05 51 :  call for  10  times
2024/03/04 21:30:05 CallOrder: worker get response &{3 [] 0 0}
2024/03/04 21:30:05 worker  51 get order:  &{3 [] 0 0}  order Type 3
2024/03/04 21:30:05 51  waiting for order
2024/03/04 21:30:07 51 :  call for  11  times
2024/03/04 21:30:07 CallOrder: worker get response &{4 [] 0 0}
2024/03/04 21:30:07 worker  51 get order:  &{4 [] 0 0}  order Type 4
2024/03/04 21:30:08 51  killed
