2024/03/05 08:40:28 28 :  call for  1  times
2024/03/05 08:40:28 CallOrder: worker get response &{0 [../pg-being_ernest.txt] 0 10}
2024/03/05 08:40:28 worker  28 get order:  &{0 [../pg-being_ernest.txt] 0 10}  order Type 0
2024/03/05 08:40:28 start 0 map
2024/03/05 08:40:28 Worker finish order 0, order type 0
2024/03/05 08:40:29 28 :  call for  2  times
2024/03/05 08:40:29 CallOrder: worker get response &{0 [../pg-grimm.txt] 3 10}
2024/03/05 08:40:29 worker  28 get order:  &{0 [../pg-grimm.txt] 3 10}  order Type 0
2024/03/05 08:40:29 start 3 map
2024/03/05 08:40:29 Worker finish order 3, order type 0
2024/03/05 08:40:30 28 :  call for  3  times
2024/03/05 08:40:30 CallOrder: worker get response &{0 [../pg-sherlock_holmes.txt] 6 10}
2024/03/05 08:40:30 worker  28 get order:  &{0 [../pg-sherlock_holmes.txt] 6 10}  order Type 0
2024/03/05 08:40:30 start 6 map
2024/03/05 08:40:30 Worker finish order 6, order type 0
2024/03/05 08:40:31 28 :  call for  4  times
2024/03/05 08:40:31 CallOrder: worker get response &{1 [mr-tmp-0-0 mr-tmp-1-0 mr-tmp-2-0 mr-tmp-3-0 mr-tmp-4-0 mr-tmp-5-0 mr-tmp-6-0 mr-tmp-7-0] 8 0}
2024/03/05 08:40:31 worker  28 get order:  &{1 [mr-tmp-0-0 mr-tmp-1-0 mr-tmp-2-0 mr-tmp-3-0 mr-tmp-4-0 mr-tmp-5-0 mr-tmp-6-0 mr-tmp-7-0] 8 0}  order Type 1
2024/03/05 08:40:31 start 8 map
2024/03/05 08:40:31 Worker finish order 8, order type 1
2024/03/05 08:40:32 28 :  call for  5  times
2024/03/05 08:40:32 CallOrder: worker get response &{1 [mr-tmp-0-2 mr-tmp-1-2 mr-tmp-2-2 mr-tmp-3-2 mr-tmp-4-2 mr-tmp-5-2 mr-tmp-6-2 mr-tmp-7-2] 10 0}
2024/03/05 08:40:32 worker  28 get order:  &{1 [mr-tmp-0-2 mr-tmp-1-2 mr-tmp-2-2 mr-tmp-3-2 mr-tmp-4-2 mr-tmp-5-2 mr-tmp-6-2 mr-tmp-7-2] 10 0}  order Type 1
2024/03/05 08:40:35 start 10 map
2024/03/05 08:40:35 Worker finish order 10, order type 1
2024/03/05 08:40:36 28 :  call for  6  times
2024/03/05 08:40:36 CallOrder: worker get response &{1 [mr-tmp-0-9 mr-tmp-1-9 mr-tmp-2-9 mr-tmp-3-9 mr-tmp-4-9 mr-tmp-5-9 mr-tmp-6-9 mr-tmp-7-9] 17 0}
2024/03/05 08:40:36 worker  28 get order:  &{1 [mr-tmp-0-9 mr-tmp-1-9 mr-tmp-2-9 mr-tmp-3-9 mr-tmp-4-9 mr-tmp-5-9 mr-tmp-6-9 mr-tmp-7-9] 17 0}  order Type 1
2024/03/05 08:40:36 start 17 map
2024/03/05 08:40:36 Worker finish order 17, order type 1
2024/03/05 08:40:37 28 :  call for  7  times
2024/03/05 08:40:37 CallOrder: worker get response &{4 [] 0 0}
2024/03/05 08:40:37 worker  28 get order:  &{4 [] 0 0}  order Type 4
2024/03/05 08:40:38 28  killed
