2024/03/05 09:17:12 12 :  call for  1  times
2024/03/05 09:17:12 CallOrder: worker get response &{0 [../pg-dorian_gray.txt] 1 10}
2024/03/05 09:17:12 worker  12 get order:  &{0 [../pg-dorian_gray.txt] 1 10}  order Type 0
2024/03/05 09:17:14 start 1 map
2024/03/05 09:17:14 Worker finish order 1, order type 0
2024/03/05 09:17:15 12 :  call for  2  times
2024/03/05 09:17:15 CallOrder: worker get response &{0 [../pg-metamorphosis.txt] 5 10}
2024/03/05 09:17:15 worker  12 get order:  &{0 [../pg-metamorphosis.txt] 5 10}  order Type 0
2024/03/05 09:17:15 start 5 map
2024/03/05 09:17:15 Worker finish order 5, order type 0
2024/03/05 09:17:16 12 :  call for  3  times
2024/03/05 09:17:16 CallOrder: worker get response &{0 [../pg-tom_sawyer.txt] 7 10}
2024/03/05 09:17:16 worker  12 get order:  &{0 [../pg-tom_sawyer.txt] 7 10}  order Type 0
2024/03/05 09:17:18 start 7 map
2024/03/05 09:17:18 Worker finish order 7, order type 0
2024/03/05 09:17:19 12 :  call for  4  times
2024/03/05 09:17:19 CallOrder: worker get response &{2 [] 0 0}
2024/03/05 09:17:19 worker  12 get order:  &{2 [] 0 0}  order Type 2
2024/03/05 09:17:19 12  waiting for order
2024/03/05 09:17:21 12 :  call for  5  times
2024/03/05 09:17:21 CallOrder: worker get response &{1 [mr-tmp-0-2 mr-tmp-1-2 mr-tmp-2-2 mr-tmp-3-2 mr-tmp-4-2 mr-tmp-5-2 mr-tmp-6-2 mr-tmp-7-2] 10 0}
2024/03/05 09:17:21 worker  12 get order:  &{1 [mr-tmp-0-2 mr-tmp-1-2 mr-tmp-2-2 mr-tmp-3-2 mr-tmp-4-2 mr-tmp-5-2 mr-tmp-6-2 mr-tmp-7-2] 10 0}  order Type 1
2024/03/05 09:17:22 start 10 map
2024/03/05 09:17:22 Worker finish order 10, order type 1
2024/03/05 09:17:23 12 :  call for  6  times
2024/03/05 09:17:23 CallOrder: worker get response &{1 [mr-tmp-0-6 mr-tmp-1-6 mr-tmp-2-6 mr-tmp-3-6 mr-tmp-4-6 mr-tmp-5-6 mr-tmp-6-6 mr-tmp-7-6] 14 0}
2024/03/05 09:17:23 worker  12 get order:  &{1 [mr-tmp-0-6 mr-tmp-1-6 mr-tmp-2-6 mr-tmp-3-6 mr-tmp-4-6 mr-tmp-5-6 mr-tmp-6-6 mr-tmp-7-6] 14 0}  order Type 1
2024/03/05 09:17:24 start 14 map
2024/03/05 09:17:24 Worker finish order 14, order type 1
2024/03/05 09:17:26 12 :  call for  7  times
2024/03/05 09:17:26 CallOrder: worker get response &{3 [] 0 0}
2024/03/05 09:17:26 worker  12 get order:  &{3 [] 0 0}  order Type 3
2024/03/05 09:17:26 12  waiting for order
2024/03/05 09:17:28 12 :  call for  8  times
2024/03/05 09:17:28 CallOrder: worker get response &{4 [] 0 0}
2024/03/05 09:17:28 worker  12 get order:  &{4 [] 0 0}  order Type 4
2024/03/05 09:17:29 12  killed
