2024/03/05 06:55:38 38 :  call for  1  times
2024/03/05 06:55:38 CallOrder: worker get response &{0 [../pg-grimm.txt] 3 10}
2024/03/05 06:55:38 worker  38 get order:  &{0 [../pg-grimm.txt] 3 10}  order Type 0
2024/03/05 06:55:43 start 3 map
2024/03/05 06:55:43 Worker finish order 3, order type 0
2024/03/05 06:55:44 38 :  call for  2  times
2024/03/05 06:55:44 CallOrder: worker get response &{2 [] 0 0}
2024/03/05 06:55:44 worker  38 get order:  &{2 [] 0 0}  order Type 2
2024/03/05 06:55:44 38  waiting for order
2024/03/05 06:55:46 38 :  call for  3  times
2024/03/05 06:55:46 CallOrder: worker get response &{2 [] 0 0}
2024/03/05 06:55:46 worker  38 get order:  &{2 [] 0 0}  order Type 2
2024/03/05 06:55:46 38  waiting for order
2024/03/05 06:55:48 38 :  call for  4  times
2024/03/05 06:55:48 CallOrder: worker get response &{2 [] 0 0}
2024/03/05 06:55:48 worker  38 get order:  &{2 [] 0 0}  order Type 2
2024/03/05 06:55:48 38  waiting for order
2024/03/05 06:55:50 38 :  call for  5  times
2024/03/05 06:55:50 CallOrder: worker get response &{0 [../pg-dorian_gray.txt] 1 10}
2024/03/05 06:55:50 worker  38 get order:  &{0 [../pg-dorian_gray.txt] 1 10}  order Type 0
2024/03/05 06:55:50 start 1 map
2024/03/05 06:55:50 Worker finish order 1, order type 0
2024/03/05 06:55:51 38 :  call for  6  times
2024/03/05 06:55:51 CallOrder: worker get response &{1 [mr-tmp-0-2 mr-tmp-1-2 mr-tmp-2-2 mr-tmp-3-2 mr-tmp-4-2 mr-tmp-5-2 mr-tmp-6-2 mr-tmp-7-2] 10 0}
2024/03/05 06:55:51 worker  38 get order:  &{1 [mr-tmp-0-2 mr-tmp-1-2 mr-tmp-2-2 mr-tmp-3-2 mr-tmp-4-2 mr-tmp-5-2 mr-tmp-6-2 mr-tmp-7-2] 10 0}  order Type 1
2024/03/05 06:55:59 start 10 map
2024/03/05 06:55:59 Worker finish order 10, order type 1
2024/03/05 06:56:00 38 :  call for  7  times
2024/03/05 06:56:00 CallOrder: worker get response &{3 [] 0 0}
2024/03/05 06:56:00 worker  38 get order:  &{3 [] 0 0}  order Type 3
2024/03/05 06:56:00 38  waiting for order
2024/03/05 06:56:02 38 :  call for  8  times
2024/03/05 06:56:02 CallOrder: worker get response &{4 [] 0 0}
2024/03/05 06:56:02 worker  38 get order:  &{4 [] 0 0}  order Type 4
2024/03/05 06:56:03 38  killed
