2024/03/05 04:14:58 58 :  call for  1  times
2024/03/05 04:14:58 CallOrder: worker get response &{0 [../pg-dorian_gray.txt] 1 10}
2024/03/05 04:14:58 worker  58 get order:  &{0 [../pg-dorian_gray.txt] 1 10}  order Type 0
2024/03/05 04:15:03 start 1 map
2024/03/05 04:15:03 Worker finish order 1, order type 0
2024/03/05 04:15:04 58 :  call for  2  times
2024/03/05 04:15:04 CallOrder: worker get response &{0 [../pg-grimm.txt] 3 10}
2024/03/05 04:15:04 worker  58 get order:  &{0 [../pg-grimm.txt] 3 10}  order Type 0
2024/03/05 04:15:07 start 3 map
2024/03/05 04:15:07 Worker finish order 3, order type 0
2024/03/05 04:15:08 58 :  call for  3  times
2024/03/05 04:15:08 CallOrder: worker get response &{0 [../pg-metamorphosis.txt] 5 10}
2024/03/05 04:15:08 worker  58 get order:  &{0 [../pg-metamorphosis.txt] 5 10}  order Type 0
2024/03/05 04:15:12 start 5 map
2024/03/05 04:15:12 Worker finish order 5, order type 0
2024/03/05 04:15:13 58 :  call for  4  times
2024/03/05 04:15:13 CallOrder: worker get response &{0 [../pg-tom_sawyer.txt] 7 10}
2024/03/05 04:15:13 worker  58 get order:  &{0 [../pg-tom_sawyer.txt] 7 10}  order Type 0
2024/03/05 04:15:15 start 7 map
2024/03/05 04:15:15 Worker finish order 7, order type 0
2024/03/05 04:15:16 58 :  call for  5  times
2024/03/05 04:15:16 CallOrder: worker get response &{1 [mr-tmp-0-0 mr-tmp-1-0 mr-tmp-2-0 mr-tmp-3-0 mr-tmp-4-0 mr-tmp-5-0 mr-tmp-6-0 mr-tmp-7-0] 8 0}
2024/03/05 04:15:16 worker  58 get order:  &{1 [mr-tmp-0-0 mr-tmp-1-0 mr-tmp-2-0 mr-tmp-3-0 mr-tmp-4-0 mr-tmp-5-0 mr-tmp-6-0 mr-tmp-7-0] 8 0}  order Type 1
2024/03/05 04:15:16 start 8 map
2024/03/05 04:15:16 Worker finish order 8, order type 1
2024/03/05 04:15:17 58 :  call for  6  times
2024/03/05 04:15:17 CallOrder: worker get response &{1 [mr-tmp-0-1 mr-tmp-1-1 mr-tmp-2-1 mr-tmp-3-1 mr-tmp-4-1 mr-tmp-5-1 mr-tmp-6-1 mr-tmp-7-1] 9 0}
2024/03/05 04:15:17 worker  58 get order:  &{1 [mr-tmp-0-1 mr-tmp-1-1 mr-tmp-2-1 mr-tmp-3-1 mr-tmp-4-1 mr-tmp-5-1 mr-tmp-6-1 mr-tmp-7-1] 9 0}  order Type 1
2024/03/05 04:15:17 start 9 map
2024/03/05 04:15:17 Worker finish order 9, order type 1
2024/03/05 04:15:18 58 :  call for  7  times
2024/03/05 04:15:18 CallOrder: worker get response &{1 [mr-tmp-0-3 mr-tmp-1-3 mr-tmp-2-3 mr-tmp-3-3 mr-tmp-4-3 mr-tmp-5-3 mr-tmp-6-3 mr-tmp-7-3] 11 0}
2024/03/05 04:15:18 worker  58 get order:  &{1 [mr-tmp-0-3 mr-tmp-1-3 mr-tmp-2-3 mr-tmp-3-3 mr-tmp-4-3 mr-tmp-5-3 mr-tmp-6-3 mr-tmp-7-3] 11 0}  order Type 1
2024/03/05 04:15:18 start 11 map
2024/03/05 04:15:18 Worker finish order 11, order type 1
2024/03/05 04:15:19 58 :  call for  8  times
2024/03/05 04:15:19 CallOrder: worker get response &{1 [mr-tmp-0-5 mr-tmp-1-5 mr-tmp-2-5 mr-tmp-3-5 mr-tmp-4-5 mr-tmp-5-5 mr-tmp-6-5 mr-tmp-7-5] 13 0}
2024/03/05 04:15:19 worker  58 get order:  &{1 [mr-tmp-0-5 mr-tmp-1-5 mr-tmp-2-5 mr-tmp-3-5 mr-tmp-4-5 mr-tmp-5-5 mr-tmp-6-5 mr-tmp-7-5] 13 0}  order Type 1
2024/03/05 04:15:19 start 13 map
2024/03/05 04:15:19 Worker finish order 13, order type 1
2024/03/05 04:15:20 58 :  call for  9  times
2024/03/05 04:15:20 CallOrder: worker get response &{1 [mr-tmp-0-7 mr-tmp-1-7 mr-tmp-2-7 mr-tmp-3-7 mr-tmp-4-7 mr-tmp-5-7 mr-tmp-6-7 mr-tmp-7-7] 15 0}
2024/03/05 04:15:20 worker  58 get order:  &{1 [mr-tmp-0-7 mr-tmp-1-7 mr-tmp-2-7 mr-tmp-3-7 mr-tmp-4-7 mr-tmp-5-7 mr-tmp-6-7 mr-tmp-7-7] 15 0}  order Type 1
2024/03/05 04:15:20 start 15 map
2024/03/05 04:15:20 Worker finish order 15, order type 1
2024/03/05 04:15:21 58 :  call for  10  times
2024/03/05 04:15:21 CallOrder: worker get response &{1 [mr-tmp-0-9 mr-tmp-1-9 mr-tmp-2-9 mr-tmp-3-9 mr-tmp-4-9 mr-tmp-5-9 mr-tmp-6-9 mr-tmp-7-9] 17 0}
2024/03/05 04:15:21 worker  58 get order:  &{1 [mr-tmp-0-9 mr-tmp-1-9 mr-tmp-2-9 mr-tmp-3-9 mr-tmp-4-9 mr-tmp-5-9 mr-tmp-6-9 mr-tmp-7-9] 17 0}  order Type 1
2024/03/05 04:15:21 start 17 map
2024/03/05 04:15:21 Worker finish order 17, order type 1
2024/03/05 04:15:22 58 :  call for  11  times
2024/03/05 04:15:22 CallOrder: worker get response &{4 [] 0 0}
2024/03/05 04:15:22 worker  58 get order:  &{4 [] 0 0}  order Type 4
2024/03/05 04:15:23 58  killed
