2024/03/05 01:55:42 42 :  call for  1  times
2024/03/05 01:55:42 CallOrder: worker get response &{0 [../pg-being_ernest.txt] 0 10}
2024/03/05 01:55:42 worker  42 get order:  &{0 [../pg-being_ernest.txt] 0 10}  order Type 0
2024/03/05 01:55:42 start 0 map
2024/03/05 01:55:42 Worker finish order 0, order type 0
2024/03/05 01:55:43 42 :  call for  2  times
2024/03/05 01:55:43 CallOrder: worker get response &{0 [../pg-grimm.txt] 3 10}
2024/03/05 01:55:43 worker  42 get order:  &{0 [../pg-grimm.txt] 3 10}  order Type 0
2024/03/05 01:55:43 start 3 map
2024/03/05 01:55:43 Worker finish order 3, order type 0
2024/03/05 01:55:44 42 :  call for  3  times
2024/03/05 01:55:44 CallOrder: worker get response &{0 [../pg-sherlock_holmes.txt] 6 10}
2024/03/05 01:55:44 worker  42 get order:  &{0 [../pg-sherlock_holmes.txt] 6 10}  order Type 0
2024/03/05 01:55:44 start 6 map
2024/03/05 01:55:44 Worker finish order 6, order type 0
2024/03/05 01:55:45 42 :  call for  4  times
2024/03/05 01:55:45 CallOrder: worker get response &{2 [] 0 0}
2024/03/05 01:55:45 worker  42 get order:  &{2 [] 0 0}  order Type 2
2024/03/05 01:55:45 42  waiting for order
2024/03/05 01:55:47 42 :  call for  5  times
2024/03/05 01:55:47 CallOrder: worker get response &{1 [mr-tmp-0-4 mr-tmp-1-4 mr-tmp-2-4 mr-tmp-3-4 mr-tmp-4-4 mr-tmp-5-4 mr-tmp-6-4 mr-tmp-7-4] 12 0}
2024/03/05 01:55:47 worker  42 get order:  &{1 [mr-tmp-0-4 mr-tmp-1-4 mr-tmp-2-4 mr-tmp-3-4 mr-tmp-4-4 mr-tmp-5-4 mr-tmp-6-4 mr-tmp-7-4] 12 0}  order Type 1
2024/03/05 01:55:47 start 12 map
2024/03/05 01:55:47 Worker finish order 12, order type 1
2024/03/05 01:55:48 42 :  call for  6  times
2024/03/05 01:55:48 CallOrder: worker get response &{1 [mr-tmp-0-6 mr-tmp-1-6 mr-tmp-2-6 mr-tmp-3-6 mr-tmp-4-6 mr-tmp-5-6 mr-tmp-6-6 mr-tmp-7-6] 14 0}
2024/03/05 01:55:48 worker  42 get order:  &{1 [mr-tmp-0-6 mr-tmp-1-6 mr-tmp-2-6 mr-tmp-3-6 mr-tmp-4-6 mr-tmp-5-6 mr-tmp-6-6 mr-tmp-7-6] 14 0}  order Type 1
2024/03/05 01:55:51 start 14 map
2024/03/05 01:55:51 Worker finish order 14, order type 1
2024/03/05 01:55:52 42 :  call for  7  times
2024/03/05 01:55:52 CallOrder: worker get response &{4 [] 0 0}
2024/03/05 01:55:52 worker  42 get order:  &{4 [] 0 0}  order Type 4
2024/03/05 01:55:53 42  killed
