2024/03/05 01:24:55 55 :  call for  1  times
2024/03/05 01:24:55 CallOrder: worker get response &{0 [../pg-dorian_gray.txt] 1 10}
2024/03/05 01:24:55 worker  55 get order:  &{0 [../pg-dorian_gray.txt] 1 10}  order Type 0
2024/03/05 01:24:55 start 1 map
2024/03/05 01:24:55 Worker finish order 1, order type 0
2024/03/05 01:24:56 55 :  call for  2  times
2024/03/05 01:24:56 CallOrder: worker get response &{0 [../pg-metamorphosis.txt] 5 10}
2024/03/05 01:24:56 worker  55 get order:  &{0 [../pg-metamorphosis.txt] 5 10}  order Type 0
2024/03/05 01:24:57 start 5 map
2024/03/05 01:24:57 Worker finish order 5, order type 0
2024/03/05 01:24:58 55 :  call for  3  times
2024/03/05 01:24:58 CallOrder: worker get response &{0 [../pg-tom_sawyer.txt] 7 10}
2024/03/05 01:24:58 worker  55 get order:  &{0 [../pg-tom_sawyer.txt] 7 10}  order Type 0
2024/03/05 01:24:58 start 7 map
2024/03/05 01:24:58 Worker finish order 7, order type 0
2024/03/05 01:24:59 55 :  call for  4  times
2024/03/05 01:24:59 CallOrder: worker get response &{2 [] 0 0}
2024/03/05 01:24:59 worker  55 get order:  &{2 [] 0 0}  order Type 2
2024/03/05 01:24:59 55  waiting for order
2024/03/05 01:25:01 55 :  call for  5  times
2024/03/05 01:25:01 CallOrder: worker get response &{1 [mr-tmp-0-4 mr-tmp-1-4 mr-tmp-2-4 mr-tmp-3-4 mr-tmp-4-4 mr-tmp-5-4 mr-tmp-6-4 mr-tmp-7-4] 12 0}
2024/03/05 01:25:01 worker  55 get order:  &{1 [mr-tmp-0-4 mr-tmp-1-4 mr-tmp-2-4 mr-tmp-3-4 mr-tmp-4-4 mr-tmp-5-4 mr-tmp-6-4 mr-tmp-7-4] 12 0}  order Type 1
2024/03/05 01:25:01 start 12 map
2024/03/05 01:25:01 Worker finish order 12, order type 1
2024/03/05 01:25:02 55 :  call for  6  times
2024/03/05 01:25:02 CallOrder: worker get response &{1 [mr-tmp-0-6 mr-tmp-1-6 mr-tmp-2-6 mr-tmp-3-6 mr-tmp-4-6 mr-tmp-5-6 mr-tmp-6-6 mr-tmp-7-6] 14 0}
2024/03/05 01:25:02 worker  55 get order:  &{1 [mr-tmp-0-6 mr-tmp-1-6 mr-tmp-2-6 mr-tmp-3-6 mr-tmp-4-6 mr-tmp-5-6 mr-tmp-6-6 mr-tmp-7-6] 14 0}  order Type 1
2024/03/05 01:25:05 start 14 map
2024/03/05 01:25:05 Worker finish order 14, order type 1
2024/03/05 01:25:06 55 :  call for  7  times
2024/03/05 01:25:06 CallOrder: worker get response &{4 [] 0 0}
2024/03/05 01:25:06 worker  55 get order:  &{4 [] 0 0}  order Type 4
2024/03/05 01:25:07 55  killed
