2024/03/04 22:31:42 42 :  call for  1  times
2024/03/04 22:31:42 CallOrder: worker get response &{0 [../pg-metamorphosis.txt] 5 10}
2024/03/04 22:31:42 worker  42 get order:  &{0 [../pg-metamorphosis.txt] 5 10}  order Type 0
2024/03/04 22:31:44 start 5 map
2024/03/04 22:31:44 Worker finish order 5, order type 0
2024/03/04 22:31:45 42 :  call for  2  times
2024/03/04 22:31:45 CallOrder: worker get response &{2 [] 0 0}
2024/03/04 22:31:45 worker  42 get order:  &{2 [] 0 0}  order Type 2
2024/03/04 22:31:45 42  waiting for order
2024/03/04 22:31:47 42 :  call for  3  times
2024/03/04 22:31:47 CallOrder: worker get response &{2 [] 0 0}
2024/03/04 22:31:47 worker  42 get order:  &{2 [] 0 0}  order Type 2
2024/03/04 22:31:47 42  waiting for order
2024/03/04 22:31:49 42 :  call for  4  times
2024/03/04 22:31:49 CallOrder: worker get response &{2 [] 0 0}
2024/03/04 22:31:49 worker  42 get order:  &{2 [] 0 0}  order Type 2
2024/03/04 22:31:49 42  waiting for order
2024/03/04 22:31:51 42 :  call for  5  times
2024/03/04 22:31:51 CallOrder: worker get response &{2 [] 0 0}
2024/03/04 22:31:51 worker  42 get order:  &{2 [] 0 0}  order Type 2
2024/03/04 22:31:51 42  waiting for order
2024/03/04 22:31:53 42 :  call for  6  times
2024/03/04 22:31:53 CallOrder: worker get response &{0 [../pg-dorian_gray.txt] 1 10}
2024/03/04 22:31:53 worker  42 get order:  &{0 [../pg-dorian_gray.txt] 1 10}  order Type 0
2024/03/04 22:31:53 start 1 map
2024/03/04 22:31:53 Worker finish order 1, order type 0
2024/03/04 22:31:54 42 :  call for  7  times
2024/03/04 22:31:54 CallOrder: worker get response &{2 [] 0 0}
2024/03/04 22:31:54 worker  42 get order:  &{2 [] 0 0}  order Type 2
2024/03/04 22:31:54 42  waiting for order
2024/03/04 22:31:56 42 :  call for  8  times
2024/03/04 22:31:56 CallOrder: worker get response &{2 [] 0 0}
2024/03/04 22:31:56 worker  42 get order:  &{2 [] 0 0}  order Type 2
2024/03/04 22:31:56 42  waiting for order
2024/03/04 22:31:58 42 :  call for  9  times
2024/03/04 22:31:58 CallOrder: worker get response &{2 [] 0 0}
2024/03/04 22:31:58 worker  42 get order:  &{2 [] 0 0}  order Type 2
2024/03/04 22:31:58 42  waiting for order
2024/03/04 22:32:00 42 :  call for  10  times
2024/03/04 22:32:00 CallOrder: worker get response &{2 [] 0 0}
2024/03/04 22:32:00 worker  42 get order:  &{2 [] 0 0}  order Type 2
2024/03/04 22:32:00 42  waiting for order
2024/03/04 22:32:02 42 :  call for  11  times
2024/03/04 22:32:02 CallOrder: worker get response &{2 [] 0 0}
2024/03/04 22:32:02 worker  42 get order:  &{2 [] 0 0}  order Type 2
2024/03/04 22:32:02 42  waiting for order
2024/03/04 22:32:04 42 :  call for  12  times
2024/03/04 22:32:04 CallOrder: worker get response &{0 [../pg-being_ernest.txt] 0 10}
2024/03/04 22:32:04 worker  42 get order:  &{0 [../pg-being_ernest.txt] 0 10}  order Type 0
2024/03/04 22:32:04 start 0 map
2024/03/04 22:32:04 Worker finish order 0, order type 0
2024/03/04 22:32:05 42 :  call for  13  times
2024/03/04 22:32:05 CallOrder: worker get response &{1 [mr-tmp-0-1 mr-tmp-1-1 mr-tmp-2-1 mr-tmp-3-1 mr-tmp-4-1 mr-tmp-5-1 mr-tmp-6-1 mr-tmp-7-1] 9 0}
2024/03/04 22:32:05 worker  42 get order:  &{1 [mr-tmp-0-1 mr-tmp-1-1 mr-tmp-2-1 mr-tmp-3-1 mr-tmp-4-1 mr-tmp-5-1 mr-tmp-6-1 mr-tmp-7-1] 9 0}  order Type 1
2024/03/04 22:32:05 start 9 map
2024/03/04 22:32:05 Worker finish order 9, order type 1
2024/03/04 22:32:06 42 :  call for  14  times
2024/03/04 22:32:06 CallOrder: worker get response &{1 [mr-tmp-0-2 mr-tmp-1-2 mr-tmp-2-2 mr-tmp-3-2 mr-tmp-4-2 mr-tmp-5-2 mr-tmp-6-2 mr-tmp-7-2] 10 0}
2024/03/04 22:32:06 worker  42 get order:  &{1 [mr-tmp-0-2 mr-tmp-1-2 mr-tmp-2-2 mr-tmp-3-2 mr-tmp-4-2 mr-tmp-5-2 mr-tmp-6-2 mr-tmp-7-2] 10 0}  order Type 1
2024/03/04 22:32:06 start 10 map
2024/03/04 22:32:06 Worker finish order 10, order type 1
2024/03/04 22:32:07 42 :  call for  15  times
2024/03/04 22:32:07 CallOrder: worker get response &{1 [mr-tmp-0-4 mr-tmp-1-4 mr-tmp-2-4 mr-tmp-3-4 mr-tmp-4-4 mr-tmp-5-4 mr-tmp-6-4 mr-tmp-7-4] 12 0}
2024/03/04 22:32:07 worker  42 get order:  &{1 [mr-tmp-0-4 mr-tmp-1-4 mr-tmp-2-4 mr-tmp-3-4 mr-tmp-4-4 mr-tmp-5-4 mr-tmp-6-4 mr-tmp-7-4] 12 0}  order Type 1
2024/03/04 22:32:07 start 12 map
2024/03/04 22:32:07 Worker finish order 12, order type 1
2024/03/04 22:32:08 42 :  call for  16  times
2024/03/04 22:32:08 CallOrder: worker get response &{1 [mr-tmp-0-6 mr-tmp-1-6 mr-tmp-2-6 mr-tmp-3-6 mr-tmp-4-6 mr-tmp-5-6 mr-tmp-6-6 mr-tmp-7-6] 14 0}
2024/03/04 22:32:08 worker  42 get order:  &{1 [mr-tmp-0-6 mr-tmp-1-6 mr-tmp-2-6 mr-tmp-3-6 mr-tmp-4-6 mr-tmp-5-6 mr-tmp-6-6 mr-tmp-7-6] 14 0}  order Type 1
2024/03/04 22:32:08 start 14 map
2024/03/04 22:32:08 Worker finish order 14, order type 1
2024/03/04 22:32:09 42 :  call for  17  times
2024/03/04 22:32:09 CallOrder: worker get response &{1 [mr-tmp-0-8 mr-tmp-1-8 mr-tmp-2-8 mr-tmp-3-8 mr-tmp-4-8 mr-tmp-5-8 mr-tmp-6-8 mr-tmp-7-8] 16 0}
2024/03/04 22:32:09 worker  42 get order:  &{1 [mr-tmp-0-8 mr-tmp-1-8 mr-tmp-2-8 mr-tmp-3-8 mr-tmp-4-8 mr-tmp-5-8 mr-tmp-6-8 mr-tmp-7-8] 16 0}  order Type 1
2024/03/04 22:32:09 start 16 map
2024/03/04 22:32:09 Worker finish order 16, order type 1
2024/03/04 22:32:10 42 :  call for  18  times
2024/03/04 22:32:10 CallOrder: worker get response &{3 [] 0 0}
2024/03/04 22:32:10 worker  42 get order:  &{3 [] 0 0}  order Type 3
2024/03/04 22:32:10 42  waiting for order
2024/03/04 22:32:12 42 :  call for  19  times
2024/03/04 22:32:12 dialing:dial unix /var/tmp/824-mr-0: connect: connection refused
