2024/03/05 11:31:49 49 :  call for  1  times
2024/03/05 11:31:49 CallOrder: worker get response &{0 [../pg-metamorphosis.txt] 5 10}
2024/03/05 11:31:49 worker  49 get order:  &{0 [../pg-metamorphosis.txt] 5 10}  order Type 0
2024/03/05 11:31:51 start 5 map
2024/03/05 11:31:51 Worker finish order 5, order type 0
2024/03/05 11:31:52 49 :  call for  2  times
2024/03/05 11:31:52 CallOrder: worker get response &{2 [] 0 0}
2024/03/05 11:31:52 worker  49 get order:  &{2 [] 0 0}  order Type 2
2024/03/05 11:31:52 49  waiting for order
2024/03/05 11:31:54 49 :  call for  3  times
2024/03/05 11:31:54 CallOrder: worker get response &{2 [] 0 0}
2024/03/05 11:31:54 worker  49 get order:  &{2 [] 0 0}  order Type 2
2024/03/05 11:31:54 49  waiting for order
2024/03/05 11:31:56 49 :  call for  4  times
2024/03/05 11:31:56 CallOrder: worker get response &{2 [] 0 0}
2024/03/05 11:31:56 worker  49 get order:  &{2 [] 0 0}  order Type 2
2024/03/05 11:31:56 49  waiting for order
2024/03/05 11:31:58 49 :  call for  5  times
2024/03/05 11:31:58 CallOrder: worker get response &{2 [] 0 0}
2024/03/05 11:31:58 worker  49 get order:  &{2 [] 0 0}  order Type 2
2024/03/05 11:31:58 49  waiting for order
2024/03/05 11:32:00 49 :  call for  6  times
2024/03/05 11:32:00 CallOrder: worker get response &{2 [] 0 0}
2024/03/05 11:32:00 worker  49 get order:  &{2 [] 0 0}  order Type 2
2024/03/05 11:32:00 49  waiting for order
2024/03/05 11:32:02 49 :  call for  7  times
2024/03/05 11:32:02 CallOrder: worker get response &{2 [] 0 0}
2024/03/05 11:32:02 worker  49 get order:  &{2 [] 0 0}  order Type 2
2024/03/05 11:32:02 49  waiting for order
2024/03/05 11:32:04 49 :  call for  8  times
2024/03/05 11:32:04 CallOrder: worker get response &{2 [] 0 0}
2024/03/05 11:32:04 worker  49 get order:  &{2 [] 0 0}  order Type 2
2024/03/05 11:32:04 49  waiting for order
2024/03/05 11:32:06 49 :  call for  9  times
2024/03/05 11:32:06 CallOrder: worker get response &{2 [] 0 0}
2024/03/05 11:32:06 worker  49 get order:  &{2 [] 0 0}  order Type 2
2024/03/05 11:32:06 49  waiting for order
2024/03/05 11:32:08 49 :  call for  10  times
2024/03/05 11:32:08 CallOrder: worker get response &{2 [] 0 0}
2024/03/05 11:32:08 worker  49 get order:  &{2 [] 0 0}  order Type 2
2024/03/05 11:32:08 49  waiting for order
2024/03/05 11:32:10 49 :  call for  11  times
2024/03/05 11:32:10 CallOrder: worker get response &{2 [] 0 0}
2024/03/05 11:32:10 worker  49 get order:  &{2 [] 0 0}  order Type 2
2024/03/05 11:32:10 49  waiting for order
2024/03/05 11:32:12 49 :  call for  12  times
2024/03/05 11:32:12 CallOrder: worker get response &{2 [] 0 0}
2024/03/05 11:32:12 worker  49 get order:  &{2 [] 0 0}  order Type 2
2024/03/05 11:32:12 49  waiting for order
2024/03/05 11:32:14 49 :  call for  13  times
2024/03/05 11:32:14 CallOrder: worker get response &{2 [] 0 0}
2024/03/05 11:32:14 worker  49 get order:  &{2 [] 0 0}  order Type 2
2024/03/05 11:32:14 49  waiting for order
2024/03/05 11:32:16 49 :  call for  14  times
2024/03/05 11:32:16 CallOrder: worker get response &{2 [] 0 0}
2024/03/05 11:32:16 worker  49 get order:  &{2 [] 0 0}  order Type 2
2024/03/05 11:32:16 49  waiting for order
2024/03/05 11:32:18 49 :  call for  15  times
2024/03/05 11:32:18 CallOrder: worker get response &{2 [] 0 0}
2024/03/05 11:32:18 worker  49 get order:  &{2 [] 0 0}  order Type 2
2024/03/05 11:32:18 49  waiting for order
2024/03/05 11:32:20 49 :  call for  16  times
2024/03/05 11:32:20 CallOrder: worker get response &{2 [] 0 0}
2024/03/05 11:32:20 worker  49 get order:  &{2 [] 0 0}  order Type 2
2024/03/05 11:32:20 49  waiting for order
2024/03/05 11:32:22 49 :  call for  17  times
2024/03/05 11:32:22 CallOrder: worker get response &{1 [mr-tmp-0-0 mr-tmp-1-0 mr-tmp-2-0 mr-tmp-3-0 mr-tmp-4-0 mr-tmp-5-0 mr-tmp-6-0 mr-tmp-7-0] 8 0}
2024/03/05 11:32:22 worker  49 get order:  &{1 [mr-tmp-0-0 mr-tmp-1-0 mr-tmp-2-0 mr-tmp-3-0 mr-tmp-4-0 mr-tmp-5-0 mr-tmp-6-0 mr-tmp-7-0] 8 0}  order Type 1
2024/03/05 11:32:22 start 8 map
2024/03/05 11:32:22 Worker finish order 8, order type 1
2024/03/05 11:32:23 49 :  call for  18  times
2024/03/05 11:32:23 CallOrder: worker get response &{1 [mr-tmp-0-2 mr-tmp-1-2 mr-tmp-2-2 mr-tmp-3-2 mr-tmp-4-2 mr-tmp-5-2 mr-tmp-6-2 mr-tmp-7-2] 10 0}
2024/03/05 11:32:23 worker  49 get order:  &{1 [mr-tmp-0-2 mr-tmp-1-2 mr-tmp-2-2 mr-tmp-3-2 mr-tmp-4-2 mr-tmp-5-2 mr-tmp-6-2 mr-tmp-7-2] 10 0}  order Type 1
2024/03/05 11:32:23 start 10 map
2024/03/05 11:32:23 Worker finish order 10, order type 1
2024/03/05 11:32:24 49 :  call for  19  times
2024/03/05 11:32:24 CallOrder: worker get response &{1 [mr-tmp-0-5 mr-tmp-1-5 mr-tmp-2-5 mr-tmp-3-5 mr-tmp-4-5 mr-tmp-5-5 mr-tmp-6-5 mr-tmp-7-5] 13 0}
2024/03/05 11:32:24 worker  49 get order:  &{1 [mr-tmp-0-5 mr-tmp-1-5 mr-tmp-2-5 mr-tmp-3-5 mr-tmp-4-5 mr-tmp-5-5 mr-tmp-6-5 mr-tmp-7-5] 13 0}  order Type 1
2024/03/05 11:32:24 start 13 map
2024/03/05 11:32:24 Worker finish order 13, order type 1
2024/03/05 11:32:25 49 :  call for  20  times
2024/03/05 11:32:25 CallOrder: worker get response &{1 [mr-tmp-0-8 mr-tmp-1-8 mr-tmp-2-8 mr-tmp-3-8 mr-tmp-4-8 mr-tmp-5-8 mr-tmp-6-8 mr-tmp-7-8] 16 0}
2024/03/05 11:32:25 worker  49 get order:  &{1 [mr-tmp-0-8 mr-tmp-1-8 mr-tmp-2-8 mr-tmp-3-8 mr-tmp-4-8 mr-tmp-5-8 mr-tmp-6-8 mr-tmp-7-8] 16 0}  order Type 1
2024/03/05 11:32:25 start 16 map
2024/03/05 11:32:25 Worker finish order 16, order type 1
2024/03/05 11:32:26 49 :  call for  21  times
2024/03/05 11:32:26 CallOrder: worker get response &{4 [] 0 0}
2024/03/05 11:32:26 worker  49 get order:  &{4 [] 0 0}  order Type 4
2024/03/05 11:32:27 49  killed
