2024/03/05 02:48:09 9 :  call for  1  times
2024/03/05 02:48:09 CallOrder: worker get response &{0 [../pg-sherlock_holmes.txt] 6 10}
2024/03/05 02:48:09 worker  9 get order:  &{0 [../pg-sherlock_holmes.txt] 6 10}  order Type 0
2024/03/05 02:48:18 start 6 map
2024/03/05 02:48:18 Worker finish order 6, order type 0
2024/03/05 02:48:19 9 :  call for  2  times
2024/03/05 02:48:19 CallOrder: worker get response &{2 [] 0 0}
2024/03/05 02:48:19 worker  9 get order:  &{2 [] 0 0}  order Type 2
2024/03/05 02:48:19 9  waiting for order
2024/03/05 02:48:21 9 :  call for  3  times
2024/03/05 02:48:21 CallOrder: worker get response &{2 [] 0 0}
2024/03/05 02:48:21 worker  9 get order:  &{2 [] 0 0}  order Type 2
2024/03/05 02:48:21 9  waiting for order
2024/03/05 02:48:23 9 :  call for  4  times
2024/03/05 02:48:23 CallOrder: worker get response &{2 [] 0 0}
2024/03/05 02:48:23 worker  9 get order:  &{2 [] 0 0}  order Type 2
2024/03/05 02:48:23 9  waiting for order
2024/03/05 02:48:25 9 :  call for  5  times
2024/03/05 02:48:25 CallOrder: worker get response &{2 [] 0 0}
2024/03/05 02:48:25 worker  9 get order:  &{2 [] 0 0}  order Type 2
2024/03/05 02:48:25 9  waiting for order
2024/03/05 02:48:27 9 :  call for  6  times
2024/03/05 02:48:27 CallOrder: worker get response &{2 [] 0 0}
2024/03/05 02:48:27 worker  9 get order:  &{2 [] 0 0}  order Type 2
2024/03/05 02:48:27 9  waiting for order
2024/03/05 02:48:29 9 :  call for  7  times
2024/03/05 02:48:29 CallOrder: worker get response &{2 [] 0 0}
2024/03/05 02:48:29 worker  9 get order:  &{2 [] 0 0}  order Type 2
2024/03/05 02:48:29 9  waiting for order
2024/03/05 02:48:31 9 :  call for  8  times
2024/03/05 02:48:31 CallOrder: worker get response &{2 [] 0 0}
2024/03/05 02:48:31 worker  9 get order:  &{2 [] 0 0}  order Type 2
2024/03/05 02:48:31 9  waiting for order
2024/03/05 02:48:33 9 :  call for  9  times
2024/03/05 02:48:33 CallOrder: worker get response &{2 [] 0 0}
2024/03/05 02:48:33 worker  9 get order:  &{2 [] 0 0}  order Type 2
2024/03/05 02:48:33 9  waiting for order
2024/03/05 02:48:35 9 :  call for  10  times
2024/03/05 02:48:35 CallOrder: worker get response &{2 [] 0 0}
2024/03/05 02:48:35 worker  9 get order:  &{2 [] 0 0}  order Type 2
2024/03/05 02:48:35 9  waiting for order
2024/03/05 02:48:37 9 :  call for  11  times
2024/03/05 02:48:37 CallOrder: worker get response &{2 [] 0 0}
2024/03/05 02:48:37 worker  9 get order:  &{2 [] 0 0}  order Type 2
2024/03/05 02:48:37 9  waiting for order
2024/03/05 02:48:39 9 :  call for  12  times
2024/03/05 02:48:39 CallOrder: worker get response &{2 [] 0 0}
2024/03/05 02:48:39 worker  9 get order:  &{2 [] 0 0}  order Type 2
2024/03/05 02:48:39 9  waiting for order
2024/03/05 02:48:41 9 :  call for  13  times
2024/03/05 02:48:41 CallOrder: worker get response &{1 [mr-tmp-0-1 mr-tmp-1-1 mr-tmp-2-1 mr-tmp-3-1 mr-tmp-4-1 mr-tmp-5-1 mr-tmp-6-1 mr-tmp-7-1] 9 0}
2024/03/05 02:48:41 worker  9 get order:  &{1 [mr-tmp-0-1 mr-tmp-1-1 mr-tmp-2-1 mr-tmp-3-1 mr-tmp-4-1 mr-tmp-5-1 mr-tmp-6-1 mr-tmp-7-1] 9 0}  order Type 1
2024/03/05 02:48:41 start 9 map
2024/03/05 02:48:41 Worker finish order 9, order type 1
2024/03/05 02:48:42 9 :  call for  14  times
2024/03/05 02:48:42 CallOrder: worker get response &{1 [mr-tmp-0-4 mr-tmp-1-4 mr-tmp-2-4 mr-tmp-3-4 mr-tmp-4-4 mr-tmp-5-4 mr-tmp-6-4 mr-tmp-7-4] 12 0}
2024/03/05 02:48:42 worker  9 get order:  &{1 [mr-tmp-0-4 mr-tmp-1-4 mr-tmp-2-4 mr-tmp-3-4 mr-tmp-4-4 mr-tmp-5-4 mr-tmp-6-4 mr-tmp-7-4] 12 0}  order Type 1
2024/03/05 02:48:42 start 12 map
2024/03/05 02:48:42 Worker finish order 12, order type 1
2024/03/05 02:48:43 9 :  call for  15  times
2024/03/05 02:48:43 CallOrder: worker get response &{1 [mr-tmp-0-8 mr-tmp-1-8 mr-tmp-2-8 mr-tmp-3-8 mr-tmp-4-8 mr-tmp-5-8 mr-tmp-6-8 mr-tmp-7-8] 16 0}
2024/03/05 02:48:43 worker  9 get order:  &{1 [mr-tmp-0-8 mr-tmp-1-8 mr-tmp-2-8 mr-tmp-3-8 mr-tmp-4-8 mr-tmp-5-8 mr-tmp-6-8 mr-tmp-7-8] 16 0}  order Type 1
2024/03/05 02:48:43 start 16 map
2024/03/05 02:48:43 Worker finish order 16, order type 1
2024/03/05 02:48:44 9 :  call for  16  times
2024/03/05 02:48:44 CallOrder: worker get response &{3 [] 0 0}
2024/03/05 02:48:44 worker  9 get order:  &{3 [] 0 0}  order Type 3
2024/03/05 02:48:44 9  waiting for order
2024/03/05 02:48:46 9 :  call for  17  times
2024/03/05 02:48:46 CallOrder: worker get response &{3 [] 0 0}
2024/03/05 02:48:46 worker  9 get order:  &{3 [] 0 0}  order Type 3
2024/03/05 02:48:46 9  waiting for order
2024/03/05 02:48:48 9 :  call for  18  times
2024/03/05 02:48:48 CallOrder: worker get response &{3 [] 0 0}
2024/03/05 02:48:48 worker  9 get order:  &{3 [] 0 0}  order Type 3
2024/03/05 02:48:48 9  waiting for order
2024/03/05 02:48:50 9 :  call for  19  times
2024/03/05 02:48:50 CallOrder: worker get response &{3 [] 0 0}
2024/03/05 02:48:50 worker  9 get order:  &{3 [] 0 0}  order Type 3
2024/03/05 02:48:50 9  waiting for order
2024/03/05 02:48:52 9 :  call for  20  times
2024/03/05 02:48:52 CallOrder: worker get response &{3 [] 0 0}
2024/03/05 02:48:52 worker  9 get order:  &{3 [] 0 0}  order Type 3
2024/03/05 02:48:52 9  waiting for order
2024/03/05 02:48:54 9 :  call for  21  times
2024/03/05 02:48:54 CallOrder: worker get response &{3 [] 0 0}
2024/03/05 02:48:54 worker  9 get order:  &{3 [] 0 0}  order Type 3
2024/03/05 02:48:54 9  waiting for order
2024/03/05 02:48:56 9 :  call for  22  times
2024/03/05 02:48:56 CallOrder: worker get response &{4 [] 0 0}
2024/03/05 02:48:56 worker  9 get order:  &{4 [] 0 0}  order Type 4
2024/03/05 02:48:57 9  killed
