2024/03/05 00:09:09 9 :  call for  1  times
2024/03/05 00:09:09 CallOrder: worker get response &{0 [../pg-frankenstein.txt] 2 10}
2024/03/05 00:09:09 worker  9 get order:  &{0 [../pg-frankenstein.txt] 2 10}  order Type 0
2024/03/05 00:09:09 start 2 map
2024/03/05 00:09:09 Worker finish order 2, order type 0
2024/03/05 00:09:10 9 :  call for  2  times
2024/03/05 00:09:10 CallOrder: worker get response &{0 [../pg-huckleberry_finn.txt] 4 10}
2024/03/05 00:09:10 worker  9 get order:  &{0 [../pg-huckleberry_finn.txt] 4 10}  order Type 0
2024/03/05 00:09:10 start 4 map
2024/03/05 00:09:10 Worker finish order 4, order type 0
2024/03/05 00:09:11 9 :  call for  3  times
2024/03/05 00:09:11 CallOrder: worker get response &{0 [../pg-sherlock_holmes.txt] 6 10}
2024/03/05 00:09:11 worker  9 get order:  &{0 [../pg-sherlock_holmes.txt] 6 10}  order Type 0
2024/03/05 00:09:11 start 6 map
2024/03/05 00:09:11 Worker finish order 6, order type 0
2024/03/05 00:09:12 9 :  call for  4  times
2024/03/05 00:09:12 CallOrder: worker get response &{2 [] 0 0}
2024/03/05 00:09:12 worker  9 get order:  &{2 [] 0 0}  order Type 2
2024/03/05 00:09:12 9  waiting for order
2024/03/05 00:09:14 9 :  call for  5  times
2024/03/05 00:09:14 CallOrder: worker get response &{2 [] 0 0}
2024/03/05 00:09:14 worker  9 get order:  &{2 [] 0 0}  order Type 2
2024/03/05 00:09:14 9  waiting for order
2024/03/05 00:09:16 9 :  call for  6  times
2024/03/05 00:09:17 CallOrder: worker get response &{2 [] 0 0}
2024/03/05 00:09:17 worker  9 get order:  &{2 [] 0 0}  order Type 2
2024/03/05 00:09:17 9  waiting for order
2024/03/05 00:09:19 9 :  call for  7  times
2024/03/05 00:09:19 CallOrder: worker get response &{2 [] 0 0}
2024/03/05 00:09:19 worker  9 get order:  &{2 [] 0 0}  order Type 2
2024/03/05 00:09:19 9  waiting for order
2024/03/05 00:09:21 9 :  call for  8  times
2024/03/05 00:09:21 CallOrder: worker get response &{1 [mr-tmp-0-3 mr-tmp-1-3 mr-tmp-2-3 mr-tmp-3-3 mr-tmp-4-3 mr-tmp-5-3 mr-tmp-6-3 mr-tmp-7-3] 11 0}
2024/03/05 00:09:21 worker  9 get order:  &{1 [mr-tmp-0-3 mr-tmp-1-3 mr-tmp-2-3 mr-tmp-3-3 mr-tmp-4-3 mr-tmp-5-3 mr-tmp-6-3 mr-tmp-7-3] 11 0}  order Type 1
2024/03/05 00:09:21 start 11 map
2024/03/05 00:09:21 Worker finish order 11, order type 1
2024/03/05 00:09:22 9 :  call for  9  times
2024/03/05 00:09:22 CallOrder: worker get response &{1 [mr-tmp-0-6 mr-tmp-1-6 mr-tmp-2-6 mr-tmp-3-6 mr-tmp-4-6 mr-tmp-5-6 mr-tmp-6-6 mr-tmp-7-6] 14 0}
2024/03/05 00:09:22 worker  9 get order:  &{1 [mr-tmp-0-6 mr-tmp-1-6 mr-tmp-2-6 mr-tmp-3-6 mr-tmp-4-6 mr-tmp-5-6 mr-tmp-6-6 mr-tmp-7-6] 14 0}  order Type 1
2024/03/05 00:09:22 start 14 map
2024/03/05 00:09:22 Worker finish order 14, order type 1
2024/03/05 00:09:23 9 :  call for  10  times
2024/03/05 00:09:23 CallOrder: worker get response &{1 [mr-tmp-0-9 mr-tmp-1-9 mr-tmp-2-9 mr-tmp-3-9 mr-tmp-4-9 mr-tmp-5-9 mr-tmp-6-9 mr-tmp-7-9] 17 0}
2024/03/05 00:09:23 worker  9 get order:  &{1 [mr-tmp-0-9 mr-tmp-1-9 mr-tmp-2-9 mr-tmp-3-9 mr-tmp-4-9 mr-tmp-5-9 mr-tmp-6-9 mr-tmp-7-9] 17 0}  order Type 1
2024/03/05 00:09:25 start 17 map
2024/03/05 00:09:25 Worker finish order 17, order type 1
2024/03/05 00:09:26 9 :  call for  11  times
2024/03/05 00:09:26 CallOrder: worker get response &{3 [] 0 0}
2024/03/05 00:09:26 worker  9 get order:  &{3 [] 0 0}  order Type 3
2024/03/05 00:09:26 9  waiting for order
2024/03/05 00:09:28 9 :  call for  12  times
2024/03/05 00:09:28 CallOrder: worker get response &{3 [] 0 0}
2024/03/05 00:09:28 worker  9 get order:  &{3 [] 0 0}  order Type 3
2024/03/05 00:09:28 9  waiting for order
2024/03/05 00:09:30 9 :  call for  13  times
2024/03/05 00:09:30 CallOrder: worker get response &{3 [] 0 0}
2024/03/05 00:09:30 worker  9 get order:  &{3 [] 0 0}  order Type 3
2024/03/05 00:09:30 9  waiting for order
2024/03/05 00:09:32 9 :  call for  14  times
2024/03/05 00:09:32 CallOrder: worker get response &{3 [] 0 0}
2024/03/05 00:09:32 worker  9 get order:  &{3 [] 0 0}  order Type 3
2024/03/05 00:09:32 9  waiting for order
2024/03/05 00:09:34 9 :  call for  15  times
2024/03/05 00:09:34 CallOrder: worker get response &{3 [] 0 0}
2024/03/05 00:09:34 worker  9 get order:  &{3 [] 0 0}  order Type 3
2024/03/05 00:09:34 9  waiting for order
2024/03/05 00:09:36 9 :  call for  16  times
2024/03/05 00:09:36 CallOrder: worker get response &{3 [] 0 0}
2024/03/05 00:09:36 worker  9 get order:  &{3 [] 0 0}  order Type 3
2024/03/05 00:09:36 9  waiting for order
2024/03/05 00:09:38 9 :  call for  17  times
2024/03/05 00:09:38 CallOrder: worker get response &{3 [] 0 0}
2024/03/05 00:09:38 worker  9 get order:  &{3 [] 0 0}  order Type 3
2024/03/05 00:09:38 9  waiting for order
2024/03/05 00:09:40 9 :  call for  18  times
2024/03/05 00:09:40 CallOrder: worker get response &{3 [] 0 0}
2024/03/05 00:09:40 worker  9 get order:  &{3 [] 0 0}  order Type 3
2024/03/05 00:09:40 9  waiting for order
2024/03/05 00:09:42 9 :  call for  19  times
2024/03/05 00:09:42 CallOrder: worker get response &{3 [] 0 0}
2024/03/05 00:09:42 worker  9 get order:  &{3 [] 0 0}  order Type 3
2024/03/05 00:09:42 9  waiting for order
2024/03/05 00:09:44 9 :  call for  20  times
2024/03/05 00:09:44 CallOrder: worker get response &{3 [] 0 0}
2024/03/05 00:09:44 worker  9 get order:  &{3 [] 0 0}  order Type 3
2024/03/05 00:09:44 9  waiting for order
2024/03/05 00:09:46 9 :  call for  21  times
2024/03/05 00:09:46 CallOrder: worker get response &{3 [] 0 0}
2024/03/05 00:09:46 worker  9 get order:  &{3 [] 0 0}  order Type 3
2024/03/05 00:09:46 9  waiting for order
2024/03/05 00:09:48 9 :  call for  22  times
2024/03/05 00:09:48 CallOrder: worker get response &{4 [] 0 0}
2024/03/05 00:09:48 worker  9 get order:  &{4 [] 0 0}  order Type 4
2024/03/05 00:09:49 9  killed
