2024/03/05 00:18:08 8 :  call for  1  times
2024/03/05 00:18:08 CallOrder: worker get response &{3 [] 0 0}
2024/03/05 00:18:08 worker  8 get order:  &{3 [] 0 0}  order Type 3
2024/03/05 00:18:08 8  waiting for order
2024/03/05 00:18:10 8 :  call for  2  times
2024/03/05 00:18:10 CallOrder: worker get response &{3 [] 0 0}
2024/03/05 00:18:10 worker  8 get order:  &{3 [] 0 0}  order Type 3
2024/03/05 00:18:10 8  waiting for order
2024/03/05 00:18:12 8 :  call for  3  times
2024/03/05 00:18:12 CallOrder: worker get response &{3 [] 0 0}
2024/03/05 00:18:12 worker  8 get order:  &{3 [] 0 0}  order Type 3
2024/03/05 00:18:12 8  waiting for order
2024/03/05 00:18:14 8 :  call for  4  times
2024/03/05 00:18:14 CallOrder: worker get response &{3 [] 0 0}
2024/03/05 00:18:14 worker  8 get order:  &{3 [] 0 0}  order Type 3
2024/03/05 00:18:14 8  waiting for order
2024/03/05 00:18:16 8 :  call for  5  times
2024/03/05 00:18:16 CallOrder: worker get response &{3 [] 0 0}
2024/03/05 00:18:16 worker  8 get order:  &{3 [] 0 0}  order Type 3
2024/03/05 00:18:16 8  waiting for order
2024/03/05 00:18:18 8 :  call for  6  times
2024/03/05 00:18:18 CallOrder: worker get response &{3 [] 0 0}
2024/03/05 00:18:18 worker  8 get order:  &{3 [] 0 0}  order Type 3
2024/03/05 00:18:18 8  waiting for order
2024/03/05 00:18:20 8 :  call for  7  times
2024/03/05 00:18:20 dialing:dial unix /var/tmp/824-mr-0: connect: connection refused
