2024/03/05 13:06:24 24 :  call for  1  times
2024/03/05 13:06:24 CallOrder: worker get response &{0 [../pg-tom_sawyer.txt] 7 10}
2024/03/05 13:06:24 worker  24 get order:  &{0 [../pg-tom_sawyer.txt] 7 10}  order Type 0
2024/03/05 13:06:24 start 7 map
2024/03/05 13:06:24 Worker finish order 7, order type 0
2024/03/05 13:06:25 24 :  call for  2  times
2024/03/05 13:06:25 CallOrder: worker get response &{2 [] 0 0}
2024/03/05 13:06:25 worker  24 get order:  &{2 [] 0 0}  order Type 2
2024/03/05 13:06:25 24  waiting for order
2024/03/05 13:06:27 24 :  call for  3  times
2024/03/05 13:06:27 CallOrder: worker get response &{2 [] 0 0}
2024/03/05 13:06:27 worker  24 get order:  &{2 [] 0 0}  order Type 2
2024/03/05 13:06:27 24  waiting for order
2024/03/05 13:06:29 24 :  call for  4  times
2024/03/05 13:06:29 CallOrder: worker get response &{2 [] 0 0}
2024/03/05 13:06:29 worker  24 get order:  &{2 [] 0 0}  order Type 2
2024/03/05 13:06:29 24  waiting for order
2024/03/05 13:06:31 24 :  call for  5  times
2024/03/05 13:06:31 CallOrder: worker get response &{2 [] 0 0}
2024/03/05 13:06:31 worker  24 get order:  &{2 [] 0 0}  order Type 2
2024/03/05 13:06:31 24  waiting for order
2024/03/05 13:06:33 24 :  call for  6  times
2024/03/05 13:06:33 CallOrder: worker get response &{2 [] 0 0}
2024/03/05 13:06:33 worker  24 get order:  &{2 [] 0 0}  order Type 2
2024/03/05 13:06:33 24  waiting for order
2024/03/05 13:06:35 24 :  call for  7  times
2024/03/05 13:06:35 CallOrder: worker get response &{0 [../pg-huckleberry_finn.txt] 4 10}
2024/03/05 13:06:35 worker  24 get order:  &{0 [../pg-huckleberry_finn.txt] 4 10}  order Type 0
2024/03/05 13:06:35 start 4 map
2024/03/05 13:06:35 Worker finish order 4, order type 0
2024/03/05 13:06:36 24 :  call for  8  times
2024/03/05 13:06:36 CallOrder: worker get response &{2 [] 0 0}
2024/03/05 13:06:36 worker  24 get order:  &{2 [] 0 0}  order Type 2
2024/03/05 13:06:36 24  waiting for order
2024/03/05 13:06:38 24 :  call for  9  times
2024/03/05 13:06:38 CallOrder: worker get response &{2 [] 0 0}
2024/03/05 13:06:38 worker  24 get order:  &{2 [] 0 0}  order Type 2
2024/03/05 13:06:38 24  waiting for order
2024/03/05 13:06:40 24 :  call for  10  times
2024/03/05 13:06:40 CallOrder: worker get response &{2 [] 0 0}
2024/03/05 13:06:40 worker  24 get order:  &{2 [] 0 0}  order Type 2
2024/03/05 13:06:40 24  waiting for order
2024/03/05 13:06:42 24 :  call for  11  times
2024/03/05 13:06:42 CallOrder: worker get response &{2 [] 0 0}
2024/03/05 13:06:42 worker  24 get order:  &{2 [] 0 0}  order Type 2
2024/03/05 13:06:42 24  waiting for order
2024/03/05 13:06:44 24 :  call for  12  times
2024/03/05 13:06:44 CallOrder: worker get response &{2 [] 0 0}
2024/03/05 13:06:44 worker  24 get order:  &{2 [] 0 0}  order Type 2
2024/03/05 13:06:44 24  waiting for order
2024/03/05 13:06:46 24 :  call for  13  times
2024/03/05 13:06:46 CallOrder: worker get response &{2 [] 0 0}
2024/03/05 13:06:46 worker  24 get order:  &{2 [] 0 0}  order Type 2
2024/03/05 13:06:46 24  waiting for order
2024/03/05 13:06:48 24 :  call for  14  times
2024/03/05 13:06:48 CallOrder: worker get response &{2 [] 0 0}
2024/03/05 13:06:48 worker  24 get order:  &{2 [] 0 0}  order Type 2
2024/03/05 13:06:48 24  waiting for order
2024/03/05 13:06:50 24 :  call for  15  times
2024/03/05 13:06:50 CallOrder: worker get response &{2 [] 0 0}
2024/03/05 13:06:50 worker  24 get order:  &{2 [] 0 0}  order Type 2
2024/03/05 13:06:50 24  waiting for order
2024/03/05 13:06:52 24 :  call for  16  times
2024/03/05 13:06:52 CallOrder: worker get response &{2 [] 0 0}
2024/03/05 13:06:52 worker  24 get order:  &{2 [] 0 0}  order Type 2
2024/03/05 13:06:52 24  waiting for order
2024/03/05 13:06:54 24 :  call for  17  times
2024/03/05 13:06:54 CallOrder: worker get response &{2 [] 0 0}
2024/03/05 13:06:54 worker  24 get order:  &{2 [] 0 0}  order Type 2
2024/03/05 13:06:54 24  waiting for order
2024/03/05 13:06:56 24 :  call for  18  times
2024/03/05 13:06:56 CallOrder: worker get response &{2 [] 0 0}
2024/03/05 13:06:56 worker  24 get order:  &{2 [] 0 0}  order Type 2
2024/03/05 13:06:56 24  waiting for order
2024/03/05 13:06:58 24 :  call for  19  times
2024/03/05 13:06:58 CallOrder: worker get response &{2 [] 0 0}
2024/03/05 13:06:58 worker  24 get order:  &{2 [] 0 0}  order Type 2
2024/03/05 13:06:58 24  waiting for order
2024/03/05 13:07:00 24 :  call for  20  times
2024/03/05 13:07:00 CallOrder: worker get response &{1 [mr-tmp-0-1 mr-tmp-1-1 mr-tmp-2-1 mr-tmp-3-1 mr-tmp-4-1 mr-tmp-5-1 mr-tmp-6-1 mr-tmp-7-1] 9 0}
2024/03/05 13:07:00 worker  24 get order:  &{1 [mr-tmp-0-1 mr-tmp-1-1 mr-tmp-2-1 mr-tmp-3-1 mr-tmp-4-1 mr-tmp-5-1 mr-tmp-6-1 mr-tmp-7-1] 9 0}  order Type 1
2024/03/05 13:07:00 start 9 map
2024/03/05 13:07:00 Worker finish order 9, order type 1
2024/03/05 13:07:01 24 :  call for  21  times
2024/03/05 13:07:01 CallOrder: worker get response &{1 [mr-tmp-0-4 mr-tmp-1-4 mr-tmp-2-4 mr-tmp-3-4 mr-tmp-4-4 mr-tmp-5-4 mr-tmp-6-4 mr-tmp-7-4] 12 0}
2024/03/05 13:07:01 worker  24 get order:  &{1 [mr-tmp-0-4 mr-tmp-1-4 mr-tmp-2-4 mr-tmp-3-4 mr-tmp-4-4 mr-tmp-5-4 mr-tmp-6-4 mr-tmp-7-4] 12 0}  order Type 1
2024/03/05 13:07:01 start 12 map
2024/03/05 13:07:01 Worker finish order 12, order type 1
2024/03/05 13:07:02 24 :  call for  22  times
2024/03/05 13:07:02 CallOrder: worker get response &{1 [mr-tmp-0-7 mr-tmp-1-7 mr-tmp-2-7 mr-tmp-3-7 mr-tmp-4-7 mr-tmp-5-7 mr-tmp-6-7 mr-tmp-7-7] 15 0}
2024/03/05 13:07:02 worker  24 get order:  &{1 [mr-tmp-0-7 mr-tmp-1-7 mr-tmp-2-7 mr-tmp-3-7 mr-tmp-4-7 mr-tmp-5-7 mr-tmp-6-7 mr-tmp-7-7] 15 0}  order Type 1
2024/03/05 13:07:02 start 15 map
2024/03/05 13:07:02 Worker finish order 15, order type 1
2024/03/05 13:07:03 24 :  call for  23  times
2024/03/05 13:07:03 CallOrder: worker get response &{1 [mr-tmp-0-9 mr-tmp-1-9 mr-tmp-2-9 mr-tmp-3-9 mr-tmp-4-9 mr-tmp-5-9 mr-tmp-6-9 mr-tmp-7-9] 17 0}
2024/03/05 13:07:03 worker  24 get order:  &{1 [mr-tmp-0-9 mr-tmp-1-9 mr-tmp-2-9 mr-tmp-3-9 mr-tmp-4-9 mr-tmp-5-9 mr-tmp-6-9 mr-tmp-7-9] 17 0}  order Type 1
