2024/03/04 23:13:18 18 :  call for  1  times
2024/03/04 23:13:18 CallOrder: worker get response &{0 [../pg-dorian_gray.txt] 1 10}
2024/03/04 23:13:18 worker  18 get order:  &{0 [../pg-dorian_gray.txt] 1 10}  order Type 0
2024/03/04 23:13:20 start 1 map
2024/03/04 23:13:20 Worker finish order 1, order type 0
2024/03/04 23:13:21 18 :  call for  2  times
2024/03/04 23:13:21 CallOrder: worker get response &{2 [] 0 0}
2024/03/04 23:13:21 worker  18 get order:  &{2 [] 0 0}  order Type 2
2024/03/04 23:13:21 18  waiting for order
2024/03/04 23:13:23 18 :  call for  3  times
2024/03/04 23:13:23 CallOrder: worker get response &{2 [] 0 0}
2024/03/04 23:13:23 worker  18 get order:  &{2 [] 0 0}  order Type 2
2024/03/04 23:13:23 18  waiting for order
2024/03/04 23:13:25 18 :  call for  4  times
2024/03/04 23:13:25 CallOrder: worker get response &{2 [] 0 0}
2024/03/04 23:13:25 worker  18 get order:  &{2 [] 0 0}  order Type 2
2024/03/04 23:13:25 18  waiting for order
2024/03/04 23:13:27 18 :  call for  5  times
2024/03/04 23:13:27 CallOrder: worker get response &{2 [] 0 0}
2024/03/04 23:13:27 worker  18 get order:  &{2 [] 0 0}  order Type 2
2024/03/04 23:13:27 18  waiting for order
2024/03/04 23:13:29 18 :  call for  6  times
2024/03/04 23:13:29 CallOrder: worker get response &{2 [] 0 0}
2024/03/04 23:13:29 worker  18 get order:  &{2 [] 0 0}  order Type 2
2024/03/04 23:13:29 18  waiting for order
2024/03/04 23:13:31 18 :  call for  7  times
2024/03/04 23:13:31 CallOrder: worker get response &{2 [] 0 0}
2024/03/04 23:13:31 worker  18 get order:  &{2 [] 0 0}  order Type 2
2024/03/04 23:13:31 18  waiting for order
2024/03/04 23:13:33 18 :  call for  8  times
2024/03/04 23:13:33 CallOrder: worker get response &{2 [] 0 0}
2024/03/04 23:13:33 worker  18 get order:  &{2 [] 0 0}  order Type 2
2024/03/04 23:13:33 18  waiting for order
2024/03/04 23:13:35 18 :  call for  9  times
2024/03/04 23:13:35 CallOrder: worker get response &{2 [] 0 0}
2024/03/04 23:13:35 worker  18 get order:  &{2 [] 0 0}  order Type 2
2024/03/04 23:13:35 18  waiting for order
2024/03/04 23:13:37 18 :  call for  10  times
2024/03/04 23:13:37 CallOrder: worker get response &{1 [mr-tmp-0-6 mr-tmp-1-6 mr-tmp-2-6 mr-tmp-3-6 mr-tmp-4-6 mr-tmp-5-6 mr-tmp-6-6 mr-tmp-7-6] 14 0}
2024/03/04 23:13:37 worker  18 get order:  &{1 [mr-tmp-0-6 mr-tmp-1-6 mr-tmp-2-6 mr-tmp-3-6 mr-tmp-4-6 mr-tmp-5-6 mr-tmp-6-6 mr-tmp-7-6] 14 0}  order Type 1
2024/03/04 23:13:37 start 14 map
2024/03/04 23:13:37 Worker finish order 14, order type 1
2024/03/04 23:13:38 18 :  call for  11  times
2024/03/04 23:13:38 CallOrder: worker get response &{3 [] 0 0}
2024/03/04 23:13:38 worker  18 get order:  &{3 [] 0 0}  order Type 3
2024/03/04 23:13:38 18  waiting for order
2024/03/04 23:13:40 18 :  call for  12  times
2024/03/04 23:13:40 CallOrder: worker get response &{3 [] 0 0}
2024/03/04 23:13:40 worker  18 get order:  &{3 [] 0 0}  order Type 3
2024/03/04 23:13:40 18  waiting for order
2024/03/04 23:13:42 18 :  call for  13  times
2024/03/04 23:13:42 CallOrder: worker get response &{3 [] 0 0}
2024/03/04 23:13:42 worker  18 get order:  &{3 [] 0 0}  order Type 3
2024/03/04 23:13:42 18  waiting for order
2024/03/04 23:13:44 18 :  call for  14  times
2024/03/04 23:13:44 CallOrder: worker get response &{3 [] 0 0}
2024/03/04 23:13:44 worker  18 get order:  &{3 [] 0 0}  order Type 3
2024/03/04 23:13:44 18  waiting for order
2024/03/04 23:13:46 18 :  call for  15  times
2024/03/04 23:13:46 CallOrder: worker get response &{1 [mr-tmp-0-0 mr-tmp-1-0 mr-tmp-2-0 mr-tmp-3-0 mr-tmp-4-0 mr-tmp-5-0 mr-tmp-6-0 mr-tmp-7-0] 8 0}
2024/03/04 23:13:46 worker  18 get order:  &{1 [mr-tmp-0-0 mr-tmp-1-0 mr-tmp-2-0 mr-tmp-3-0 mr-tmp-4-0 mr-tmp-5-0 mr-tmp-6-0 mr-tmp-7-0] 8 0}  order Type 1
2024/03/04 23:13:46 start 8 map
2024/03/04 23:13:46 Worker finish order 8, order type 1
2024/03/04 23:13:47 18 :  call for  16  times
2024/03/04 23:13:47 CallOrder: worker get response &{3 [] 0 0}
2024/03/04 23:13:47 worker  18 get order:  &{3 [] 0 0}  order Type 3
2024/03/04 23:13:47 18  waiting for order
2024/03/04 23:13:49 18 :  call for  17  times
2024/03/04 23:13:49 CallOrder: worker get response &{3 [] 0 0}
2024/03/04 23:13:49 worker  18 get order:  &{3 [] 0 0}  order Type 3
2024/03/04 23:13:49 18  waiting for order
2024/03/04 23:13:51 18 :  call for  18  times
2024/03/04 23:13:51 CallOrder: worker get response &{3 [] 0 0}
2024/03/04 23:13:51 worker  18 get order:  &{3 [] 0 0}  order Type 3
2024/03/04 23:13:51 18  waiting for order
2024/03/04 23:13:53 18 :  call for  19  times
2024/03/04 23:13:53 CallOrder: worker get response &{3 [] 0 0}
2024/03/04 23:13:53 worker  18 get order:  &{3 [] 0 0}  order Type 3
2024/03/04 23:13:53 18  waiting for order
2024/03/04 23:13:55 18 :  call for  20  times
2024/03/04 23:13:55 CallOrder: worker get response &{3 [] 0 0}
2024/03/04 23:13:55 worker  18 get order:  &{3 [] 0 0}  order Type 3
2024/03/04 23:13:55 18  waiting for order
2024/03/04 23:13:57 18 :  call for  21  times
2024/03/04 23:13:57 CallOrder: worker get response &{3 [] 0 0}
2024/03/04 23:13:57 worker  18 get order:  &{3 [] 0 0}  order Type 3
2024/03/04 23:13:57 18  waiting for order
2024/03/04 23:13:59 18 :  call for  22  times
2024/03/04 23:13:59 CallOrder: worker get response &{1 [mr-tmp-0-5 mr-tmp-1-5 mr-tmp-2-5 mr-tmp-3-5 mr-tmp-4-5 mr-tmp-5-5 mr-tmp-6-5 mr-tmp-7-5] 13 0}
2024/03/04 23:13:59 worker  18 get order:  &{1 [mr-tmp-0-5 mr-tmp-1-5 mr-tmp-2-5 mr-tmp-3-5 mr-tmp-4-5 mr-tmp-5-5 mr-tmp-6-5 mr-tmp-7-5] 13 0}  order Type 1
