2024/03/05 11:29:08 8 :  call for  1  times
2024/03/05 11:29:08 CallOrder: worker get response &{0 [../pg-frankenstein.txt] 2 10}
2024/03/05 11:29:08 worker  8 get order:  &{0 [../pg-frankenstein.txt] 2 10}  order Type 0
2024/03/05 11:29:08 start 2 map
2024/03/05 11:29:08 Worker finish order 2, order type 0
2024/03/05 11:29:09 8 :  call for  2  times
2024/03/05 11:29:09 CallOrder: worker get response &{0 [../pg-metamorphosis.txt] 5 10}
2024/03/05 11:29:09 worker  8 get order:  &{0 [../pg-metamorphosis.txt] 5 10}  order Type 0
2024/03/05 11:29:09 start 5 map
2024/03/05 11:29:09 Worker finish order 5, order type 0
2024/03/05 11:29:10 8 :  call for  3  times
2024/03/05 11:29:10 CallOrder: worker get response &{0 [../pg-tom_sawyer.txt] 7 10}
2024/03/05 11:29:10 worker  8 get order:  &{0 [../pg-tom_sawyer.txt] 7 10}  order Type 0
2024/03/05 11:29:10 start 7 map
2024/03/05 11:29:10 Worker finish order 7, order type 0
2024/03/05 11:29:11 8 :  call for  4  times
2024/03/05 11:29:11 CallOrder: worker get response &{1 [mr-tmp-0-1 mr-tmp-1-1 mr-tmp-2-1 mr-tmp-3-1 mr-tmp-4-1 mr-tmp-5-1 mr-tmp-6-1 mr-tmp-7-1] 9 0}
2024/03/05 11:29:11 worker  8 get order:  &{1 [mr-tmp-0-1 mr-tmp-1-1 mr-tmp-2-1 mr-tmp-3-1 mr-tmp-4-1 mr-tmp-5-1 mr-tmp-6-1 mr-tmp-7-1] 9 0}  order Type 1
2024/03/05 11:29:11 start 9 map
2024/03/05 11:29:11 Worker finish order 9, order type 1
2024/03/05 11:29:12 8 :  call for  5  times
2024/03/05 11:29:12 CallOrder: worker get response &{1 [mr-tmp-0-3 mr-tmp-1-3 mr-tmp-2-3 mr-tmp-3-3 mr-tmp-4-3 mr-tmp-5-3 mr-tmp-6-3 mr-tmp-7-3] 11 0}
2024/03/05 11:29:12 worker  8 get order:  &{1 [mr-tmp-0-3 mr-tmp-1-3 mr-tmp-2-3 mr-tmp-3-3 mr-tmp-4-3 mr-tmp-5-3 mr-tmp-6-3 mr-tmp-7-3] 11 0}  order Type 1
2024/03/05 11:29:12 start 11 map
2024/03/05 11:29:12 Worker finish order 11, order type 1
2024/03/05 11:29:13 8 :  call for  6  times
2024/03/05 11:29:13 CallOrder: worker get response &{1 [mr-tmp-0-5 mr-tmp-1-5 mr-tmp-2-5 mr-tmp-3-5 mr-tmp-4-5 mr-tmp-5-5 mr-tmp-6-5 mr-tmp-7-5] 13 0}
2024/03/05 11:29:13 worker  8 get order:  &{1 [mr-tmp-0-5 mr-tmp-1-5 mr-tmp-2-5 mr-tmp-3-5 mr-tmp-4-5 mr-tmp-5-5 mr-tmp-6-5 mr-tmp-7-5] 13 0}  order Type 1
2024/03/05 11:29:13 start 13 map
2024/03/05 11:29:13 Worker finish order 13, order type 1
2024/03/05 11:29:14 8 :  call for  7  times
2024/03/05 11:29:14 CallOrder: worker get response &{1 [mr-tmp-0-7 mr-tmp-1-7 mr-tmp-2-7 mr-tmp-3-7 mr-tmp-4-7 mr-tmp-5-7 mr-tmp-6-7 mr-tmp-7-7] 15 0}
2024/03/05 11:29:14 worker  8 get order:  &{1 [mr-tmp-0-7 mr-tmp-1-7 mr-tmp-2-7 mr-tmp-3-7 mr-tmp-4-7 mr-tmp-5-7 mr-tmp-6-7 mr-tmp-7-7] 15 0}  order Type 1
2024/03/05 11:29:14 start 15 map
2024/03/05 11:29:14 Worker finish order 15, order type 1
2024/03/05 11:29:15 8 :  call for  8  times
2024/03/05 11:29:15 CallOrder: worker get response &{1 [mr-tmp-0-8 mr-tmp-1-8 mr-tmp-2-8 mr-tmp-3-8 mr-tmp-4-8 mr-tmp-5-8 mr-tmp-6-8 mr-tmp-7-8] 16 0}
2024/03/05 11:29:15 worker  8 get order:  &{1 [mr-tmp-0-8 mr-tmp-1-8 mr-tmp-2-8 mr-tmp-3-8 mr-tmp-4-8 mr-tmp-5-8 mr-tmp-6-8 mr-tmp-7-8] 16 0}  order Type 1
2024/03/05 11:29:15 start 16 map
2024/03/05 11:29:15 Worker finish order 16, order type 1
2024/03/05 11:29:16 8 :  call for  9  times
2024/03/05 11:29:16 CallOrder: worker get response &{3 [] 0 0}
2024/03/05 11:29:16 worker  8 get order:  &{3 [] 0 0}  order Type 3
2024/03/05 11:29:16 8  waiting for order
2024/03/05 11:29:18 8 :  call for  10  times
2024/03/05 11:29:18 dialing:dial unix /var/tmp/824-mr-0: connect: connection refused
