2024/03/05 07:06:37 37 :  call for  1  times
2024/03/05 07:06:37 CallOrder: worker get response &{2 [] 0 0}
2024/03/05 07:06:37 worker  37 get order:  &{2 [] 0 0}  order Type 2
2024/03/05 07:06:37 37  waiting for order
2024/03/05 07:06:39 37 :  call for  2  times
2024/03/05 07:06:39 CallOrder: worker get response &{2 [] 0 0}
2024/03/05 07:06:39 worker  37 get order:  &{2 [] 0 0}  order Type 2
2024/03/05 07:06:39 37  waiting for order
2024/03/05 07:06:41 37 :  call for  3  times
2024/03/05 07:06:41 CallOrder: worker get response &{2 [] 0 0}
2024/03/05 07:06:41 worker  37 get order:  &{2 [] 0 0}  order Type 2
2024/03/05 07:06:41 37  waiting for order
2024/03/05 07:06:43 37 :  call for  4  times
2024/03/05 07:06:43 CallOrder: worker get response &{2 [] 0 0}
2024/03/05 07:06:43 worker  37 get order:  &{2 [] 0 0}  order Type 2
2024/03/05 07:06:43 37  waiting for order
2024/03/05 07:06:45 37 :  call for  5  times
2024/03/05 07:06:45 CallOrder: worker get response &{0 [../pg-frankenstein.txt] 2 10}
2024/03/05 07:06:45 worker  37 get order:  &{0 [../pg-frankenstein.txt] 2 10}  order Type 0
2024/03/05 07:06:48 start 2 map
2024/03/05 07:06:48 Worker finish order 2, order type 0
2024/03/05 07:06:49 37 :  call for  6  times
2024/03/05 07:06:49 CallOrder: worker get response &{2 [] 0 0}
2024/03/05 07:06:49 worker  37 get order:  &{2 [] 0 0}  order Type 2
2024/03/05 07:06:49 37  waiting for order
2024/03/05 07:06:51 37 :  call for  7  times
2024/03/05 07:06:51 CallOrder: worker get response &{2 [] 0 0}
2024/03/05 07:06:51 worker  37 get order:  &{2 [] 0 0}  order Type 2
2024/03/05 07:06:51 37  waiting for order
2024/03/05 07:06:53 37 :  call for  8  times
2024/03/05 07:06:53 CallOrder: worker get response &{2 [] 0 0}
2024/03/05 07:06:53 worker  37 get order:  &{2 [] 0 0}  order Type 2
2024/03/05 07:06:53 37  waiting for order
2024/03/05 07:06:55 37 :  call for  9  times
2024/03/05 07:06:55 CallOrder: worker get response &{1 [mr-tmp-0-1 mr-tmp-1-1 mr-tmp-2-1 mr-tmp-3-1 mr-tmp-4-1 mr-tmp-5-1 mr-tmp-6-1 mr-tmp-7-1] 9 0}
2024/03/05 07:06:55 worker  37 get order:  &{1 [mr-tmp-0-1 mr-tmp-1-1 mr-tmp-2-1 mr-tmp-3-1 mr-tmp-4-1 mr-tmp-5-1 mr-tmp-6-1 mr-tmp-7-1] 9 0}  order Type 1
2024/03/05 07:06:55 start 9 map
2024/03/05 07:06:55 Worker finish order 9, order type 1
2024/03/05 07:06:56 37 :  call for  10  times
2024/03/05 07:06:56 CallOrder: worker get response &{1 [mr-tmp-0-4 mr-tmp-1-4 mr-tmp-2-4 mr-tmp-3-4 mr-tmp-4-4 mr-tmp-5-4 mr-tmp-6-4 mr-tmp-7-4] 12 0}
2024/03/05 07:06:56 worker  37 get order:  &{1 [mr-tmp-0-4 mr-tmp-1-4 mr-tmp-2-4 mr-tmp-3-4 mr-tmp-4-4 mr-tmp-5-4 mr-tmp-6-4 mr-tmp-7-4] 12 0}  order Type 1
2024/03/05 07:06:56 start 12 map
2024/03/05 07:06:56 Worker finish order 12, order type 1
2024/03/05 07:06:57 37 :  call for  11  times
2024/03/05 07:06:57 CallOrder: worker get response &{1 [mr-tmp-0-7 mr-tmp-1-7 mr-tmp-2-7 mr-tmp-3-7 mr-tmp-4-7 mr-tmp-5-7 mr-tmp-6-7 mr-tmp-7-7] 15 0}
2024/03/05 07:06:57 worker  37 get order:  &{1 [mr-tmp-0-7 mr-tmp-1-7 mr-tmp-2-7 mr-tmp-3-7 mr-tmp-4-7 mr-tmp-5-7 mr-tmp-6-7 mr-tmp-7-7] 15 0}  order Type 1
2024/03/05 07:06:57 start 15 map
2024/03/05 07:06:57 Worker finish order 15, order type 1
2024/03/05 07:06:58 37 :  call for  12  times
2024/03/05 07:06:58 CallOrder: worker get response &{3 [] 0 0}
2024/03/05 07:06:58 worker  37 get order:  &{3 [] 0 0}  order Type 3
2024/03/05 07:06:58 37  waiting for order
2024/03/05 07:07:00 37 :  call for  13  times
2024/03/05 07:07:00 CallOrder: worker get response &{3 [] 0 0}
2024/03/05 07:07:00 worker  37 get order:  &{3 [] 0 0}  order Type 3
2024/03/05 07:07:00 37  waiting for order
2024/03/05 07:07:02 37 :  call for  14  times
2024/03/05 07:07:02 CallOrder: worker get response &{3 [] 0 0}
2024/03/05 07:07:02 worker  37 get order:  &{3 [] 0 0}  order Type 3
2024/03/05 07:07:02 37  waiting for order
2024/03/05 07:07:04 37 :  call for  15  times
2024/03/05 07:07:04 CallOrder: worker get response &{3 [] 0 0}
2024/03/05 07:07:04 worker  37 get order:  &{3 [] 0 0}  order Type 3
2024/03/05 07:07:04 37  waiting for order
2024/03/05 07:07:06 37 :  call for  16  times
2024/03/05 07:07:06 CallOrder: worker get response &{3 [] 0 0}
2024/03/05 07:07:06 worker  37 get order:  &{3 [] 0 0}  order Type 3
2024/03/05 07:07:06 37  waiting for order
2024/03/05 07:07:08 37 :  call for  17  times
2024/03/05 07:07:08 CallOrder: worker get response &{1 [mr-tmp-0-5 mr-tmp-1-5 mr-tmp-2-5 mr-tmp-3-5 mr-tmp-4-5 mr-tmp-5-5 mr-tmp-6-5 mr-tmp-7-5] 13 0}
2024/03/05 07:07:08 worker  37 get order:  &{1 [mr-tmp-0-5 mr-tmp-1-5 mr-tmp-2-5 mr-tmp-3-5 mr-tmp-4-5 mr-tmp-5-5 mr-tmp-6-5 mr-tmp-7-5] 13 0}  order Type 1
