2024/03/05 01:06:30 30 :  call for  1  times
2024/03/05 01:06:30 CallOrder: worker get response &{0 [../pg-dorian_gray.txt] 1 10}
2024/03/05 01:06:30 worker  30 get order:  &{0 [../pg-dorian_gray.txt] 1 10}  order Type 0
2024/03/05 01:06:31 start 1 map
2024/03/05 01:06:31 Worker finish order 1, order type 0
2024/03/05 01:06:32 30 :  call for  2  times
2024/03/05 01:06:32 CallOrder: worker get response &{0 [../pg-metamorphosis.txt] 5 10}
2024/03/05 01:06:32 worker  30 get order:  &{0 [../pg-metamorphosis.txt] 5 10}  order Type 0
2024/03/05 01:06:33 start 5 map
2024/03/05 01:06:33 Worker finish order 5, order type 0
2024/03/05 01:06:34 30 :  call for  3  times
2024/03/05 01:06:34 CallOrder: worker get response &{0 [../pg-sherlock_holmes.txt] 6 10}
2024/03/05 01:06:34 worker  30 get order:  &{0 [../pg-sherlock_holmes.txt] 6 10}  order Type 0
2024/03/05 01:06:36 start 6 map
2024/03/05 01:06:36 Worker finish order 6, order type 0
2024/03/05 01:06:37 30 :  call for  4  times
2024/03/05 01:06:37 CallOrder: worker get response &{1 [mr-tmp-0-1 mr-tmp-1-1 mr-tmp-2-1 mr-tmp-3-1 mr-tmp-4-1 mr-tmp-5-1 mr-tmp-6-1 mr-tmp-7-1] 9 0}
2024/03/05 01:06:37 worker  30 get order:  &{1 [mr-tmp-0-1 mr-tmp-1-1 mr-tmp-2-1 mr-tmp-3-1 mr-tmp-4-1 mr-tmp-5-1 mr-tmp-6-1 mr-tmp-7-1] 9 0}  order Type 1
2024/03/05 01:06:38 start 9 map
2024/03/05 01:06:38 Worker finish order 9, order type 1
2024/03/05 01:06:39 30 :  call for  5  times
2024/03/05 01:06:39 CallOrder: worker get response &{1 [mr-tmp-0-3 mr-tmp-1-3 mr-tmp-2-3 mr-tmp-3-3 mr-tmp-4-3 mr-tmp-5-3 mr-tmp-6-3 mr-tmp-7-3] 11 0}
2024/03/05 01:06:39 worker  30 get order:  &{1 [mr-tmp-0-3 mr-tmp-1-3 mr-tmp-2-3 mr-tmp-3-3 mr-tmp-4-3 mr-tmp-5-3 mr-tmp-6-3 mr-tmp-7-3] 11 0}  order Type 1
2024/03/05 01:06:40 start 11 map
2024/03/05 01:06:40 Worker finish order 11, order type 1
2024/03/05 01:06:41 30 :  call for  6  times
2024/03/05 01:06:41 CallOrder: worker get response &{1 [mr-tmp-0-5 mr-tmp-1-5 mr-tmp-2-5 mr-tmp-3-5 mr-tmp-4-5 mr-tmp-5-5 mr-tmp-6-5 mr-tmp-7-5] 13 0}
2024/03/05 01:06:41 worker  30 get order:  &{1 [mr-tmp-0-5 mr-tmp-1-5 mr-tmp-2-5 mr-tmp-3-5 mr-tmp-4-5 mr-tmp-5-5 mr-tmp-6-5 mr-tmp-7-5] 13 0}  order Type 1
2024/03/05 01:06:41 start 13 map
2024/03/05 01:06:41 Worker finish order 13, order type 1
2024/03/05 01:06:42 30 :  call for  7  times
2024/03/05 01:06:42 CallOrder: worker get response &{1 [mr-tmp-0-8 mr-tmp-1-8 mr-tmp-2-8 mr-tmp-3-8 mr-tmp-4-8 mr-tmp-5-8 mr-tmp-6-8 mr-tmp-7-8] 16 0}
2024/03/05 01:06:42 worker  30 get order:  &{1 [mr-tmp-0-8 mr-tmp-1-8 mr-tmp-2-8 mr-tmp-3-8 mr-tmp-4-8 mr-tmp-5-8 mr-tmp-6-8 mr-tmp-7-8] 16 0}  order Type 1
2024/03/05 01:06:43 start 16 map
2024/03/05 01:06:43 Worker finish order 16, order type 1
2024/03/05 01:06:44 30 :  call for  8  times
2024/03/05 01:06:44 CallOrder: worker get response &{3 [] 0 0}
2024/03/05 01:06:44 worker  30 get order:  &{3 [] 0 0}  order Type 3
2024/03/05 01:06:44 30  waiting for order
2024/03/05 01:06:46 30 :  call for  9  times
2024/03/05 01:06:46 dialing:dial unix /var/tmp/824-mr-0: connect: connection refused
