2024/03/05 00:17:18 18 :  call for  1  times
2024/03/05 00:17:18 CallOrder: worker get response &{0 [../pg-grimm.txt] 3 10}
2024/03/05 00:17:18 worker  18 get order:  &{0 [../pg-grimm.txt] 3 10}  order Type 0
2024/03/05 00:17:28 start 3 map
2024/03/05 00:17:28 Worker finish order 3, order type 0
2024/03/05 00:17:29 18 :  call for  2  times
2024/03/05 00:17:29 CallOrder: worker get response &{2 [] 0 0}
2024/03/05 00:17:29 worker  18 get order:  &{2 [] 0 0}  order Type 2
2024/03/05 00:17:29 18  waiting for order
2024/03/05 00:17:31 18 :  call for  3  times
2024/03/05 00:17:31 CallOrder: worker get response &{0 [../pg-metamorphosis.txt] 5 10}
2024/03/05 00:17:31 worker  18 get order:  &{0 [../pg-metamorphosis.txt] 5 10}  order Type 0
2024/03/05 00:17:31 start 5 map
2024/03/05 00:17:31 Worker finish order 5, order type 0
2024/03/05 00:17:32 18 :  call for  4  times
2024/03/05 00:17:32 CallOrder: worker get response &{0 [../pg-tom_sawyer.txt] 7 10}
2024/03/05 00:17:32 worker  18 get order:  &{0 [../pg-tom_sawyer.txt] 7 10}  order Type 0
2024/03/05 00:17:34 start 7 map
2024/03/05 00:17:34 Worker finish order 7, order type 0
2024/03/05 00:17:35 18 :  call for  5  times
2024/03/05 00:17:35 CallOrder: worker get response &{2 [] 0 0}
2024/03/05 00:17:35 worker  18 get order:  &{2 [] 0 0}  order Type 2
2024/03/05 00:17:35 18  waiting for order
2024/03/05 00:17:37 18 :  call for  6  times
2024/03/05 00:17:37 CallOrder: worker get response &{2 [] 0 0}
2024/03/05 00:17:37 worker  18 get order:  &{2 [] 0 0}  order Type 2
2024/03/05 00:17:37 18  waiting for order
2024/03/05 00:17:39 18 :  call for  7  times
2024/03/05 00:17:39 CallOrder: worker get response &{2 [] 0 0}
2024/03/05 00:17:39 worker  18 get order:  &{2 [] 0 0}  order Type 2
2024/03/05 00:17:39 18  waiting for order
2024/03/05 00:17:41 18 :  call for  8  times
2024/03/05 00:17:41 CallOrder: worker get response &{2 [] 0 0}
2024/03/05 00:17:41 worker  18 get order:  &{2 [] 0 0}  order Type 2
2024/03/05 00:17:41 18  waiting for order
2024/03/05 00:17:43 18 :  call for  9  times
2024/03/05 00:17:43 CallOrder: worker get response &{2 [] 0 0}
2024/03/05 00:17:43 worker  18 get order:  &{2 [] 0 0}  order Type 2
2024/03/05 00:17:43 18  waiting for order
2024/03/05 00:17:45 18 :  call for  10  times
2024/03/05 00:17:45 CallOrder: worker get response &{2 [] 0 0}
2024/03/05 00:17:45 worker  18 get order:  &{2 [] 0 0}  order Type 2
2024/03/05 00:17:45 18  waiting for order
2024/03/05 00:17:47 18 :  call for  11  times
2024/03/05 00:17:47 CallOrder: worker get response &{2 [] 0 0}
2024/03/05 00:17:47 worker  18 get order:  &{2 [] 0 0}  order Type 2
2024/03/05 00:17:47 18  waiting for order
2024/03/05 00:17:49 18 :  call for  12  times
2024/03/05 00:17:49 CallOrder: worker get response &{2 [] 0 0}
2024/03/05 00:17:49 worker  18 get order:  &{2 [] 0 0}  order Type 2
2024/03/05 00:17:49 18  waiting for order
2024/03/05 00:17:51 18 :  call for  13  times
2024/03/05 00:17:51 CallOrder: worker get response &{2 [] 0 0}
2024/03/05 00:17:51 worker  18 get order:  &{2 [] 0 0}  order Type 2
2024/03/05 00:17:51 18  waiting for order
2024/03/05 00:17:53 18 :  call for  14  times
2024/03/05 00:17:53 CallOrder: worker get response &{1 [mr-tmp-0-1 mr-tmp-1-1 mr-tmp-2-1 mr-tmp-3-1 mr-tmp-4-1 mr-tmp-5-1 mr-tmp-6-1 mr-tmp-7-1] 9 0}
2024/03/05 00:17:53 worker  18 get order:  &{1 [mr-tmp-0-1 mr-tmp-1-1 mr-tmp-2-1 mr-tmp-3-1 mr-tmp-4-1 mr-tmp-5-1 mr-tmp-6-1 mr-tmp-7-1] 9 0}  order Type 1
2024/03/05 00:17:53 start 9 map
2024/03/05 00:17:53 Worker finish order 9, order type 1
2024/03/05 00:17:54 18 :  call for  15  times
2024/03/05 00:17:54 CallOrder: worker get response &{1 [mr-tmp-0-2 mr-tmp-1-2 mr-tmp-2-2 mr-tmp-3-2 mr-tmp-4-2 mr-tmp-5-2 mr-tmp-6-2 mr-tmp-7-2] 10 0}
2024/03/05 00:17:54 worker  18 get order:  &{1 [mr-tmp-0-2 mr-tmp-1-2 mr-tmp-2-2 mr-tmp-3-2 mr-tmp-4-2 mr-tmp-5-2 mr-tmp-6-2 mr-tmp-7-2] 10 0}  order Type 1
2024/03/05 00:17:54 start 10 map
2024/03/05 00:17:54 Worker finish order 10, order type 1
2024/03/05 00:17:55 18 :  call for  16  times
2024/03/05 00:17:55 CallOrder: worker get response &{1 [mr-tmp-0-4 mr-tmp-1-4 mr-tmp-2-4 mr-tmp-3-4 mr-tmp-4-4 mr-tmp-5-4 mr-tmp-6-4 mr-tmp-7-4] 12 0}
2024/03/05 00:17:55 worker  18 get order:  &{1 [mr-tmp-0-4 mr-tmp-1-4 mr-tmp-2-4 mr-tmp-3-4 mr-tmp-4-4 mr-tmp-5-4 mr-tmp-6-4 mr-tmp-7-4] 12 0}  order Type 1
2024/03/05 00:17:55 start 12 map
2024/03/05 00:17:55 Worker finish order 12, order type 1
2024/03/05 00:17:56 18 :  call for  17  times
2024/03/05 00:17:56 CallOrder: worker get response &{1 [mr-tmp-0-7 mr-tmp-1-7 mr-tmp-2-7 mr-tmp-3-7 mr-tmp-4-7 mr-tmp-5-7 mr-tmp-6-7 mr-tmp-7-7] 15 0}
2024/03/05 00:17:56 worker  18 get order:  &{1 [mr-tmp-0-7 mr-tmp-1-7 mr-tmp-2-7 mr-tmp-3-7 mr-tmp-4-7 mr-tmp-5-7 mr-tmp-6-7 mr-tmp-7-7] 15 0}  order Type 1
2024/03/05 00:17:56 start 15 map
2024/03/05 00:17:56 Worker finish order 15, order type 1
2024/03/05 00:17:57 18 :  call for  18  times
2024/03/05 00:17:57 CallOrder: worker get response &{3 [] 0 0}
2024/03/05 00:17:57 worker  18 get order:  &{3 [] 0 0}  order Type 3
2024/03/05 00:17:57 18  waiting for order
2024/03/05 00:17:59 18 :  call for  19  times
2024/03/05 00:17:59 CallOrder: worker get response &{3 [] 0 0}
2024/03/05 00:17:59 worker  18 get order:  &{3 [] 0 0}  order Type 3
2024/03/05 00:17:59 18  waiting for order
2024/03/05 00:18:01 18 :  call for  20  times
2024/03/05 00:18:01 CallOrder: worker get response &{3 [] 0 0}
2024/03/05 00:18:01 worker  18 get order:  &{3 [] 0 0}  order Type 3
2024/03/05 00:18:01 18  waiting for order
2024/03/05 00:18:03 18 :  call for  21  times
2024/03/05 00:18:03 CallOrder: worker get response &{3 [] 0 0}
2024/03/05 00:18:03 worker  18 get order:  &{3 [] 0 0}  order Type 3
2024/03/05 00:18:03 18  waiting for order
2024/03/05 00:18:05 18 :  call for  22  times
2024/03/05 00:18:05 CallOrder: worker get response &{3 [] 0 0}
2024/03/05 00:18:05 worker  18 get order:  &{3 [] 0 0}  order Type 3
2024/03/05 00:18:05 18  waiting for order
2024/03/05 00:18:07 18 :  call for  23  times
2024/03/05 00:18:07 CallOrder: worker get response &{3 [] 0 0}
2024/03/05 00:18:07 worker  18 get order:  &{3 [] 0 0}  order Type 3
2024/03/05 00:18:07 18  waiting for order
2024/03/05 00:18:09 18 :  call for  24  times
2024/03/05 00:18:09 CallOrder: worker get response &{3 [] 0 0}
2024/03/05 00:18:09 worker  18 get order:  &{3 [] 0 0}  order Type 3
2024/03/05 00:18:09 18  waiting for order
2024/03/05 00:18:11 18 :  call for  25  times
2024/03/05 00:18:11 CallOrder: worker get response &{3 [] 0 0}
2024/03/05 00:18:11 worker  18 get order:  &{3 [] 0 0}  order Type 3
2024/03/05 00:18:11 18  waiting for order
2024/03/05 00:18:13 18 :  call for  26  times
2024/03/05 00:18:13 CallOrder: worker get response &{3 [] 0 0}
2024/03/05 00:18:13 worker  18 get order:  &{3 [] 0 0}  order Type 3
2024/03/05 00:18:13 18  waiting for order
2024/03/05 00:18:15 18 :  call for  27  times
2024/03/05 00:18:15 CallOrder: worker get response &{3 [] 0 0}
2024/03/05 00:18:15 worker  18 get order:  &{3 [] 0 0}  order Type 3
2024/03/05 00:18:15 18  waiting for order
2024/03/05 00:18:17 18 :  call for  28  times
2024/03/05 00:18:17 CallOrder: worker get response &{3 [] 0 0}
2024/03/05 00:18:17 worker  18 get order:  &{3 [] 0 0}  order Type 3
2024/03/05 00:18:17 18  waiting for order
2024/03/05 00:18:19 18 :  call for  29  times
2024/03/05 00:18:19 CallOrder: worker get response &{4 [] 0 0}
2024/03/05 00:18:19 worker  18 get order:  &{4 [] 0 0}  order Type 4
2024/03/05 00:18:20 18  killed
