2024/03/05 02:44:22 22 :  call for  1  times
2024/03/05 02:44:22 CallOrder: worker get response &{0 [../pg-being_ernest.txt] 0 10}
2024/03/05 02:44:22 worker  22 get order:  &{0 [../pg-being_ernest.txt] 0 10}  order Type 0
2024/03/05 02:44:23 start 0 map
2024/03/05 02:44:23 Worker finish order 0, order type 0
2024/03/05 02:44:24 22 :  call for  2  times
2024/03/05 02:44:24 CallOrder: worker get response &{0 [../pg-frankenstein.txt] 2 10}
2024/03/05 02:44:24 worker  22 get order:  &{0 [../pg-frankenstein.txt] 2 10}  order Type 0
2024/03/05 02:44:25 start 2 map
2024/03/05 02:44:25 Worker finish order 2, order type 0
2024/03/05 02:44:26 22 :  call for  3  times
2024/03/05 02:44:26 CallOrder: worker get response &{0 [../pg-huckleberry_finn.txt] 4 10}
2024/03/05 02:44:26 worker  22 get order:  &{0 [../pg-huckleberry_finn.txt] 4 10}  order Type 0
2024/03/05 02:44:27 start 4 map
2024/03/05 02:44:27 Worker finish order 4, order type 0
2024/03/05 02:44:28 22 :  call for  4  times
2024/03/05 02:44:28 CallOrder: worker get response &{0 [../pg-sherlock_holmes.txt] 6 10}
2024/03/05 02:44:28 worker  22 get order:  &{0 [../pg-sherlock_holmes.txt] 6 10}  order Type 0
2024/03/05 02:44:29 start 6 map
2024/03/05 02:44:29 Worker finish order 6, order type 0
2024/03/05 02:44:30 22 :  call for  5  times
2024/03/05 02:44:30 CallOrder: worker get response &{2 [] 0 0}
2024/03/05 02:44:30 worker  22 get order:  &{2 [] 0 0}  order Type 2
2024/03/05 02:44:30 22  waiting for order
2024/03/05 02:44:32 22 :  call for  6  times
2024/03/05 02:44:32 CallOrder: worker get response &{1 [mr-tmp-0-2 mr-tmp-1-2 mr-tmp-2-2 mr-tmp-3-2 mr-tmp-4-2 mr-tmp-5-2 mr-tmp-6-2 mr-tmp-7-2] 10 0}
2024/03/05 02:44:32 worker  22 get order:  &{1 [mr-tmp-0-2 mr-tmp-1-2 mr-tmp-2-2 mr-tmp-3-2 mr-tmp-4-2 mr-tmp-5-2 mr-tmp-6-2 mr-tmp-7-2] 10 0}  order Type 1
2024/03/05 02:44:32 start 10 map
2024/03/05 02:44:32 Worker finish order 10, order type 1
2024/03/05 02:44:33 22 :  call for  7  times
2024/03/05 02:44:33 CallOrder: worker get response &{1 [mr-tmp-0-4 mr-tmp-1-4 mr-tmp-2-4 mr-tmp-3-4 mr-tmp-4-4 mr-tmp-5-4 mr-tmp-6-4 mr-tmp-7-4] 12 0}
2024/03/05 02:44:33 worker  22 get order:  &{1 [mr-tmp-0-4 mr-tmp-1-4 mr-tmp-2-4 mr-tmp-3-4 mr-tmp-4-4 mr-tmp-5-4 mr-tmp-6-4 mr-tmp-7-4] 12 0}  order Type 1
2024/03/05 02:44:33 start 12 map
2024/03/05 02:44:33 Worker finish order 12, order type 1
2024/03/05 02:44:34 22 :  call for  8  times
2024/03/05 02:44:34 CallOrder: worker get response &{1 [mr-tmp-0-6 mr-tmp-1-6 mr-tmp-2-6 mr-tmp-3-6 mr-tmp-4-6 mr-tmp-5-6 mr-tmp-6-6 mr-tmp-7-6] 14 0}
2024/03/05 02:44:34 worker  22 get order:  &{1 [mr-tmp-0-6 mr-tmp-1-6 mr-tmp-2-6 mr-tmp-3-6 mr-tmp-4-6 mr-tmp-5-6 mr-tmp-6-6 mr-tmp-7-6] 14 0}  order Type 1
2024/03/05 02:44:34 start 14 map
2024/03/05 02:44:34 Worker finish order 14, order type 1
2024/03/05 02:44:35 22 :  call for  9  times
2024/03/05 02:44:35 CallOrder: worker get response &{1 [mr-tmp-0-8 mr-tmp-1-8 mr-tmp-2-8 mr-tmp-3-8 mr-tmp-4-8 mr-tmp-5-8 mr-tmp-6-8 mr-tmp-7-8] 16 0}
2024/03/05 02:44:35 worker  22 get order:  &{1 [mr-tmp-0-8 mr-tmp-1-8 mr-tmp-2-8 mr-tmp-3-8 mr-tmp-4-8 mr-tmp-5-8 mr-tmp-6-8 mr-tmp-7-8] 16 0}  order Type 1
2024/03/05 02:44:35 start 16 map
2024/03/05 02:44:35 Worker finish order 16, order type 1
2024/03/05 02:44:36 22 :  call for  10  times
2024/03/05 02:44:36 CallOrder: worker get response &{3 [] 0 0}
2024/03/05 02:44:36 worker  22 get order:  &{3 [] 0 0}  order Type 3
2024/03/05 02:44:36 22  waiting for order
2024/03/05 02:44:38 22 :  call for  11  times
2024/03/05 02:44:38 dialing:dial unix /var/tmp/824-mr-0: connect: connection refused
