2024/03/05 11:50:17 17 :  call for  1  times
2024/03/05 11:50:17 CallOrder: worker get response &{0 [../pg-frankenstein.txt] 2 10}
2024/03/05 11:50:17 worker  17 get order:  &{0 [../pg-frankenstein.txt] 2 10}  order Type 0
2024/03/05 11:50:17 start 2 map
2024/03/05 11:50:17 Worker finish order 2, order type 0
2024/03/05 11:50:18 17 :  call for  2  times
2024/03/05 11:50:18 CallOrder: worker get response &{0 [../pg-huckleberry_finn.txt] 4 10}
2024/03/05 11:50:18 worker  17 get order:  &{0 [../pg-huckleberry_finn.txt] 4 10}  order Type 0
2024/03/05 11:50:22 start 4 map
2024/03/05 11:50:22 Worker finish order 4, order type 0
2024/03/05 11:50:23 17 :  call for  3  times
2024/03/05 11:50:23 CallOrder: worker get response &{2 [] 0 0}
2024/03/05 11:50:23 worker  17 get order:  &{2 [] 0 0}  order Type 2
2024/03/05 11:50:23 17  waiting for order
2024/03/05 11:50:25 17 :  call for  4  times
2024/03/05 11:50:25 CallOrder: worker get response &{2 [] 0 0}
2024/03/05 11:50:25 worker  17 get order:  &{2 [] 0 0}  order Type 2
2024/03/05 11:50:25 17  waiting for order
2024/03/05 11:50:27 17 :  call for  5  times
2024/03/05 11:50:27 CallOrder: worker get response &{2 [] 0 0}
2024/03/05 11:50:27 worker  17 get order:  &{2 [] 0 0}  order Type 2
2024/03/05 11:50:27 17  waiting for order
2024/03/05 11:50:29 17 :  call for  6  times
2024/03/05 11:50:29 CallOrder: worker get response &{0 [../pg-metamorphosis.txt] 5 10}
2024/03/05 11:50:29 worker  17 get order:  &{0 [../pg-metamorphosis.txt] 5 10}  order Type 0
2024/03/05 11:50:33 start 5 map
2024/03/05 11:50:33 Worker finish order 5, order type 0
2024/03/05 11:50:34 17 :  call for  7  times
2024/03/05 11:50:34 CallOrder: worker get response &{1 [mr-tmp-0-1 mr-tmp-1-1 mr-tmp-2-1 mr-tmp-3-1 mr-tmp-4-1 mr-tmp-5-1 mr-tmp-6-1 mr-tmp-7-1] 9 0}
2024/03/05 11:50:34 worker  17 get order:  &{1 [mr-tmp-0-1 mr-tmp-1-1 mr-tmp-2-1 mr-tmp-3-1 mr-tmp-4-1 mr-tmp-5-1 mr-tmp-6-1 mr-tmp-7-1] 9 0}  order Type 1
2024/03/05 11:50:34 start 9 map
2024/03/05 11:50:34 Worker finish order 9, order type 1
2024/03/05 11:50:35 17 :  call for  8  times
2024/03/05 11:50:35 CallOrder: worker get response &{1 [mr-tmp-0-3 mr-tmp-1-3 mr-tmp-2-3 mr-tmp-3-3 mr-tmp-4-3 mr-tmp-5-3 mr-tmp-6-3 mr-tmp-7-3] 11 0}
2024/03/05 11:50:35 worker  17 get order:  &{1 [mr-tmp-0-3 mr-tmp-1-3 mr-tmp-2-3 mr-tmp-3-3 mr-tmp-4-3 mr-tmp-5-3 mr-tmp-6-3 mr-tmp-7-3] 11 0}  order Type 1
2024/03/05 11:50:35 start 11 map
2024/03/05 11:50:35 Worker finish order 11, order type 1
2024/03/05 11:50:36 17 :  call for  9  times
2024/03/05 11:50:36 CallOrder: worker get response &{1 [mr-tmp-0-6 mr-tmp-1-6 mr-tmp-2-6 mr-tmp-3-6 mr-tmp-4-6 mr-tmp-5-6 mr-tmp-6-6 mr-tmp-7-6] 14 0}
2024/03/05 11:50:36 worker  17 get order:  &{1 [mr-tmp-0-6 mr-tmp-1-6 mr-tmp-2-6 mr-tmp-3-6 mr-tmp-4-6 mr-tmp-5-6 mr-tmp-6-6 mr-tmp-7-6] 14 0}  order Type 1
2024/03/05 11:50:36 start 14 map
2024/03/05 11:50:36 Worker finish order 14, order type 1
2024/03/05 11:50:37 17 :  call for  10  times
2024/03/05 11:50:37 CallOrder: worker get response &{1 [mr-tmp-0-9 mr-tmp-1-9 mr-tmp-2-9 mr-tmp-3-9 mr-tmp-4-9 mr-tmp-5-9 mr-tmp-6-9 mr-tmp-7-9] 17 0}
2024/03/05 11:50:37 worker  17 get order:  &{1 [mr-tmp-0-9 mr-tmp-1-9 mr-tmp-2-9 mr-tmp-3-9 mr-tmp-4-9 mr-tmp-5-9 mr-tmp-6-9 mr-tmp-7-9] 17 0}  order Type 1
2024/03/05 11:50:42 start 17 map
2024/03/05 11:50:42 Worker finish order 17, order type 1
2024/03/05 11:50:43 17 :  call for  11  times
2024/03/05 11:50:43 CallOrder: worker get response &{3 [] 0 0}
2024/03/05 11:50:43 worker  17 get order:  &{3 [] 0 0}  order Type 3
2024/03/05 11:50:43 17  waiting for order
2024/03/05 11:50:45 17 :  call for  12  times
2024/03/05 11:50:45 CallOrder: worker get response &{1 [mr-tmp-0-0 mr-tmp-1-0 mr-tmp-2-0 mr-tmp-3-0 mr-tmp-4-0 mr-tmp-5-0 mr-tmp-6-0 mr-tmp-7-0] 8 0}
2024/03/05 11:50:45 worker  17 get order:  &{1 [mr-tmp-0-0 mr-tmp-1-0 mr-tmp-2-0 mr-tmp-3-0 mr-tmp-4-0 mr-tmp-5-0 mr-tmp-6-0 mr-tmp-7-0] 8 0}  order Type 1
2024/03/05 11:50:45 start 8 map
2024/03/05 11:50:45 Worker finish order 8, order type 1
2024/03/05 11:50:46 17 :  call for  13  times
2024/03/05 11:50:46 CallOrder: worker get response &{3 [] 0 0}
2024/03/05 11:50:46 worker  17 get order:  &{3 [] 0 0}  order Type 3
2024/03/05 11:50:46 17  waiting for order
2024/03/05 11:50:48 17 :  call for  14  times
2024/03/05 11:50:48 CallOrder: worker get response &{3 [] 0 0}
2024/03/05 11:50:48 worker  17 get order:  &{3 [] 0 0}  order Type 3
2024/03/05 11:50:48 17  waiting for order
2024/03/05 11:50:50 17 :  call for  15  times
2024/03/05 11:50:50 CallOrder: worker get response &{3 [] 0 0}
2024/03/05 11:50:50 worker  17 get order:  &{3 [] 0 0}  order Type 3
2024/03/05 11:50:50 17  waiting for order
2024/03/05 11:50:52 17 :  call for  16  times
2024/03/05 11:50:52 CallOrder: worker get response &{3 [] 0 0}
2024/03/05 11:50:52 worker  17 get order:  &{3 [] 0 0}  order Type 3
2024/03/05 11:50:52 17  waiting for order
2024/03/05 11:50:54 17 :  call for  17  times
2024/03/05 11:50:54 dialing:dial unix /var/tmp/824-mr-0: connect: connection refused
