2024/03/05 09:52:44 44 :  call for  1  times
2024/03/05 09:52:44 CallOrder: worker get response &{0 [../pg-grimm.txt] 3 10}
2024/03/05 09:52:44 worker  44 get order:  &{0 [../pg-grimm.txt] 3 10}  order Type 0
2024/03/05 09:52:51 start 3 map
2024/03/05 09:52:51 Worker finish order 3, order type 0
2024/03/05 09:52:52 44 :  call for  2  times
2024/03/05 09:52:52 CallOrder: worker get response &{2 [] 0 0}
2024/03/05 09:52:52 worker  44 get order:  &{2 [] 0 0}  order Type 2
2024/03/05 09:52:52 44  waiting for order
2024/03/05 09:52:54 44 :  call for  3  times
2024/03/05 09:52:54 CallOrder: worker get response &{2 [] 0 0}
2024/03/05 09:52:54 worker  44 get order:  &{2 [] 0 0}  order Type 2
2024/03/05 09:52:54 44  waiting for order
2024/03/05 09:52:56 44 :  call for  4  times
2024/03/05 09:52:56 CallOrder: worker get response &{2 [] 0 0}
2024/03/05 09:52:56 worker  44 get order:  &{2 [] 0 0}  order Type 2
2024/03/05 09:52:56 44  waiting for order
2024/03/05 09:52:58 44 :  call for  5  times
2024/03/05 09:52:58 CallOrder: worker get response &{2 [] 0 0}
2024/03/05 09:52:58 worker  44 get order:  &{2 [] 0 0}  order Type 2
2024/03/05 09:52:58 44  waiting for order
2024/03/05 09:53:00 44 :  call for  6  times
2024/03/05 09:53:00 CallOrder: worker get response &{2 [] 0 0}
2024/03/05 09:53:00 worker  44 get order:  &{2 [] 0 0}  order Type 2
2024/03/05 09:53:00 44  waiting for order
2024/03/05 09:53:02 44 :  call for  7  times
2024/03/05 09:53:02 CallOrder: worker get response &{2 [] 0 0}
2024/03/05 09:53:02 worker  44 get order:  &{2 [] 0 0}  order Type 2
2024/03/05 09:53:02 44  waiting for order
2024/03/05 09:53:04 44 :  call for  8  times
2024/03/05 09:53:04 CallOrder: worker get response &{2 [] 0 0}
2024/03/05 09:53:04 worker  44 get order:  &{2 [] 0 0}  order Type 2
2024/03/05 09:53:04 44  waiting for order
2024/03/05 09:53:06 44 :  call for  9  times
2024/03/05 09:53:06 CallOrder: worker get response &{2 [] 0 0}
2024/03/05 09:53:06 worker  44 get order:  &{2 [] 0 0}  order Type 2
2024/03/05 09:53:06 44  waiting for order
2024/03/05 09:53:08 44 :  call for  10  times
2024/03/05 09:53:08 CallOrder: worker get response &{0 [../pg-sherlock_holmes.txt] 6 10}
2024/03/05 09:53:08 worker  44 get order:  &{0 [../pg-sherlock_holmes.txt] 6 10}  order Type 0
