2024/03/05 01:57:15 15 :  call for  1  times
2024/03/05 01:57:15 CallOrder: worker get response &{0 [../pg-frankenstein.txt] 2 10}
2024/03/05 01:57:15 worker  15 get order:  &{0 [../pg-frankenstein.txt] 2 10}  order Type 0
2024/03/05 01:57:16 start 2 map
2024/03/05 01:57:16 Worker finish order 2, order type 0
2024/03/05 01:57:17 15 :  call for  2  times
2024/03/05 01:57:17 CallOrder: worker get response &{0 [../pg-metamorphosis.txt] 5 10}
2024/03/05 01:57:17 worker  15 get order:  &{0 [../pg-metamorphosis.txt] 5 10}  order Type 0
2024/03/05 01:57:18 start 5 map
2024/03/05 01:57:18 Worker finish order 5, order type 0
2024/03/05 01:57:19 15 :  call for  3  times
2024/03/05 01:57:19 CallOrder: worker get response &{0 [../pg-sherlock_holmes.txt] 6 10}
2024/03/05 01:57:19 worker  15 get order:  &{0 [../pg-sherlock_holmes.txt] 6 10}  order Type 0
2024/03/05 01:57:21 start 6 map
2024/03/05 01:57:21 Worker finish order 6, order type 0
2024/03/05 01:57:22 15 :  call for  4  times
2024/03/05 01:57:22 CallOrder: worker get response &{2 [] 0 0}
2024/03/05 01:57:22 worker  15 get order:  &{2 [] 0 0}  order Type 2
2024/03/05 01:57:22 15  waiting for order
2024/03/05 01:57:24 15 :  call for  5  times
2024/03/05 01:57:24 CallOrder: worker get response &{1 [mr-tmp-0-3 mr-tmp-1-3 mr-tmp-2-3 mr-tmp-3-3 mr-tmp-4-3 mr-tmp-5-3 mr-tmp-6-3 mr-tmp-7-3] 11 0}
2024/03/05 01:57:24 worker  15 get order:  &{1 [mr-tmp-0-3 mr-tmp-1-3 mr-tmp-2-3 mr-tmp-3-3 mr-tmp-4-3 mr-tmp-5-3 mr-tmp-6-3 mr-tmp-7-3] 11 0}  order Type 1
2024/03/05 01:57:24 start 11 map
2024/03/05 01:57:24 Worker finish order 11, order type 1
2024/03/05 01:57:25 15 :  call for  6  times
2024/03/05 01:57:25 CallOrder: worker get response &{1 [mr-tmp-0-5 mr-tmp-1-5 mr-tmp-2-5 mr-tmp-3-5 mr-tmp-4-5 mr-tmp-5-5 mr-tmp-6-5 mr-tmp-7-5] 13 0}
2024/03/05 01:57:25 worker  15 get order:  &{1 [mr-tmp-0-5 mr-tmp-1-5 mr-tmp-2-5 mr-tmp-3-5 mr-tmp-4-5 mr-tmp-5-5 mr-tmp-6-5 mr-tmp-7-5] 13 0}  order Type 1
2024/03/05 01:57:26 start 13 map
2024/03/05 01:57:26 Worker finish order 13, order type 1
2024/03/05 01:57:27 15 :  call for  7  times
2024/03/05 01:57:27 CallOrder: worker get response &{1 [mr-tmp-0-8 mr-tmp-1-8 mr-tmp-2-8 mr-tmp-3-8 mr-tmp-4-8 mr-tmp-5-8 mr-tmp-6-8 mr-tmp-7-8] 16 0}
2024/03/05 01:57:27 worker  15 get order:  &{1 [mr-tmp-0-8 mr-tmp-1-8 mr-tmp-2-8 mr-tmp-3-8 mr-tmp-4-8 mr-tmp-5-8 mr-tmp-6-8 mr-tmp-7-8] 16 0}  order Type 1
2024/03/05 01:57:28 start 16 map
2024/03/05 01:57:28 Worker finish order 16, order type 1
2024/03/05 01:57:29 15 :  call for  8  times
2024/03/05 01:57:29 CallOrder: worker get response &{3 [] 0 0}
2024/03/05 01:57:29 worker  15 get order:  &{3 [] 0 0}  order Type 3
2024/03/05 01:57:29 15  waiting for order
2024/03/05 01:57:31 15 :  call for  9  times
2024/03/05 01:57:31 dialing:dial unix /var/tmp/824-mr-0: connect: connection refused
