2024/03/05 01:25:45 45 :  call for  1  times
2024/03/05 01:25:45 CallOrder: worker get response &{0 [../pg-frankenstein.txt] 2 10}
2024/03/05 01:25:45 worker  45 get order:  &{0 [../pg-frankenstein.txt] 2 10}  order Type 0
2024/03/05 01:25:46 start 2 map
2024/03/05 01:25:46 Worker finish order 2, order type 0
2024/03/05 01:25:47 45 :  call for  2  times
2024/03/05 01:25:47 CallOrder: worker get response &{0 [../pg-huckleberry_finn.txt] 4 10}
2024/03/05 01:25:47 worker  45 get order:  &{0 [../pg-huckleberry_finn.txt] 4 10}  order Type 0
2024/03/05 01:25:49 start 4 map
2024/03/05 01:25:49 Worker finish order 4, order type 0
2024/03/05 01:25:50 45 :  call for  3  times
2024/03/05 01:25:50 CallOrder: worker get response &{2 [] 0 0}
2024/03/05 01:25:50 worker  45 get order:  &{2 [] 0 0}  order Type 2
2024/03/05 01:25:50 45  waiting for order
2024/03/05 01:25:52 45 :  call for  4  times
2024/03/05 01:25:52 CallOrder: worker get response &{1 [mr-tmp-0-1 mr-tmp-1-1 mr-tmp-2-1 mr-tmp-3-1 mr-tmp-4-1 mr-tmp-5-1 mr-tmp-6-1 mr-tmp-7-1] 9 0}
2024/03/05 01:25:52 worker  45 get order:  &{1 [mr-tmp-0-1 mr-tmp-1-1 mr-tmp-2-1 mr-tmp-3-1 mr-tmp-4-1 mr-tmp-5-1 mr-tmp-6-1 mr-tmp-7-1] 9 0}  order Type 1
2024/03/05 01:25:53 start 9 map
2024/03/05 01:25:53 Worker finish order 9, order type 1
2024/03/05 01:25:54 45 :  call for  5  times
2024/03/05 01:25:54 CallOrder: worker get response &{1 [mr-tmp-0-4 mr-tmp-1-4 mr-tmp-2-4 mr-tmp-3-4 mr-tmp-4-4 mr-tmp-5-4 mr-tmp-6-4 mr-tmp-7-4] 12 0}
2024/03/05 01:25:54 worker  45 get order:  &{1 [mr-tmp-0-4 mr-tmp-1-4 mr-tmp-2-4 mr-tmp-3-4 mr-tmp-4-4 mr-tmp-5-4 mr-tmp-6-4 mr-tmp-7-4] 12 0}  order Type 1
2024/03/05 01:25:55 start 12 map
2024/03/05 01:25:55 Worker finish order 12, order type 1
2024/03/05 01:25:56 45 :  call for  6  times
2024/03/05 01:25:56 CallOrder: worker get response &{1 [mr-tmp-0-6 mr-tmp-1-6 mr-tmp-2-6 mr-tmp-3-6 mr-tmp-4-6 mr-tmp-5-6 mr-tmp-6-6 mr-tmp-7-6] 14 0}
2024/03/05 01:25:56 worker  45 get order:  &{1 [mr-tmp-0-6 mr-tmp-1-6 mr-tmp-2-6 mr-tmp-3-6 mr-tmp-4-6 mr-tmp-5-6 mr-tmp-6-6 mr-tmp-7-6] 14 0}  order Type 1
2024/03/05 01:25:57 start 14 map
2024/03/05 01:25:57 Worker finish order 14, order type 1
2024/03/05 01:25:58 45 :  call for  7  times
2024/03/05 01:25:58 CallOrder: worker get response &{3 [] 0 0}
2024/03/05 01:25:58 worker  45 get order:  &{3 [] 0 0}  order Type 3
2024/03/05 01:25:58 45  waiting for order
2024/03/05 01:26:00 45 :  call for  8  times
2024/03/05 01:26:00 CallOrder: worker get response &{4 [] 0 0}
2024/03/05 01:26:00 worker  45 get order:  &{4 [] 0 0}  order Type 4
2024/03/05 01:26:01 45  killed
