2024/03/05 06:29:37 37 :  call for  1  times
2024/03/05 06:29:37 CallOrder: worker get response &{0 [../pg-being_ernest.txt] 0 10}
2024/03/05 06:29:37 worker  37 get order:  &{0 [../pg-being_ernest.txt] 0 10}  order Type 0
2024/03/05 06:29:38 start 0 map
2024/03/05 06:29:38 Worker finish order 0, order type 0
2024/03/05 06:29:39 37 :  call for  2  times
2024/03/05 06:29:39 CallOrder: worker get response &{0 [../pg-frankenstein.txt] 2 10}
2024/03/05 06:29:39 worker  37 get order:  &{0 [../pg-frankenstein.txt] 2 10}  order Type 0
2024/03/05 06:29:40 start 2 map
2024/03/05 06:29:40 Worker finish order 2, order type 0
2024/03/05 06:29:41 37 :  call for  3  times
2024/03/05 06:29:41 CallOrder: worker get response &{0 [../pg-metamorphosis.txt] 5 10}
2024/03/05 06:29:41 worker  37 get order:  &{0 [../pg-metamorphosis.txt] 5 10}  order Type 0
2024/03/05 06:29:42 start 5 map
2024/03/05 06:29:42 Worker finish order 5, order type 0
2024/03/05 06:29:43 37 :  call for  4  times
2024/03/05 06:29:43 CallOrder: worker get response &{0 [../pg-sherlock_holmes.txt] 6 10}
2024/03/05 06:29:43 worker  37 get order:  &{0 [../pg-sherlock_holmes.txt] 6 10}  order Type 0
2024/03/05 06:29:44 start 6 map
2024/03/05 06:29:44 Worker finish order 6, order type 0
2024/03/05 06:29:45 37 :  call for  5  times
2024/03/05 06:29:45 CallOrder: worker get response &{1 [mr-tmp-0-0 mr-tmp-1-0 mr-tmp-2-0 mr-tmp-3-0 mr-tmp-4-0 mr-tmp-5-0 mr-tmp-6-0 mr-tmp-7-0] 8 0}
2024/03/05 06:29:45 worker  37 get order:  &{1 [mr-tmp-0-0 mr-tmp-1-0 mr-tmp-2-0 mr-tmp-3-0 mr-tmp-4-0 mr-tmp-5-0 mr-tmp-6-0 mr-tmp-7-0] 8 0}  order Type 1
2024/03/05 06:29:45 start 8 map
2024/03/05 06:29:45 Worker finish order 8, order type 1
2024/03/05 06:29:46 37 :  call for  6  times
2024/03/05 06:29:46 CallOrder: worker get response &{1 [mr-tmp-0-1 mr-tmp-1-1 mr-tmp-2-1 mr-tmp-3-1 mr-tmp-4-1 mr-tmp-5-1 mr-tmp-6-1 mr-tmp-7-1] 9 0}
2024/03/05 06:29:46 worker  37 get order:  &{1 [mr-tmp-0-1 mr-tmp-1-1 mr-tmp-2-1 mr-tmp-3-1 mr-tmp-4-1 mr-tmp-5-1 mr-tmp-6-1 mr-tmp-7-1] 9 0}  order Type 1
2024/03/05 06:29:46 start 9 map
2024/03/05 06:29:46 Worker finish order 9, order type 1
2024/03/05 06:29:47 37 :  call for  7  times
2024/03/05 06:29:47 CallOrder: worker get response &{1 [mr-tmp-0-3 mr-tmp-1-3 mr-tmp-2-3 mr-tmp-3-3 mr-tmp-4-3 mr-tmp-5-3 mr-tmp-6-3 mr-tmp-7-3] 11 0}
2024/03/05 06:29:47 worker  37 get order:  &{1 [mr-tmp-0-3 mr-tmp-1-3 mr-tmp-2-3 mr-tmp-3-3 mr-tmp-4-3 mr-tmp-5-3 mr-tmp-6-3 mr-tmp-7-3] 11 0}  order Type 1
2024/03/05 06:29:47 start 11 map
2024/03/05 06:29:47 Worker finish order 11, order type 1
2024/03/05 06:29:48 37 :  call for  8  times
2024/03/05 06:29:48 CallOrder: worker get response &{1 [mr-tmp-0-5 mr-tmp-1-5 mr-tmp-2-5 mr-tmp-3-5 mr-tmp-4-5 mr-tmp-5-5 mr-tmp-6-5 mr-tmp-7-5] 13 0}
2024/03/05 06:29:48 worker  37 get order:  &{1 [mr-tmp-0-5 mr-tmp-1-5 mr-tmp-2-5 mr-tmp-3-5 mr-tmp-4-5 mr-tmp-5-5 mr-tmp-6-5 mr-tmp-7-5] 13 0}  order Type 1
2024/03/05 06:29:48 start 13 map
2024/03/05 06:29:48 Worker finish order 13, order type 1
2024/03/05 06:29:49 37 :  call for  9  times
2024/03/05 06:29:49 CallOrder: worker get response &{1 [mr-tmp-0-7 mr-tmp-1-7 mr-tmp-2-7 mr-tmp-3-7 mr-tmp-4-7 mr-tmp-5-7 mr-tmp-6-7 mr-tmp-7-7] 15 0}
2024/03/05 06:29:49 worker  37 get order:  &{1 [mr-tmp-0-7 mr-tmp-1-7 mr-tmp-2-7 mr-tmp-3-7 mr-tmp-4-7 mr-tmp-5-7 mr-tmp-6-7 mr-tmp-7-7] 15 0}  order Type 1
2024/03/05 06:29:49 start 15 map
2024/03/05 06:29:49 Worker finish order 15, order type 1
2024/03/05 06:29:50 37 :  call for  10  times
2024/03/05 06:29:50 CallOrder: worker get response &{1 [mr-tmp-0-9 mr-tmp-1-9 mr-tmp-2-9 mr-tmp-3-9 mr-tmp-4-9 mr-tmp-5-9 mr-tmp-6-9 mr-tmp-7-9] 17 0}
2024/03/05 06:29:50 worker  37 get order:  &{1 [mr-tmp-0-9 mr-tmp-1-9 mr-tmp-2-9 mr-tmp-3-9 mr-tmp-4-9 mr-tmp-5-9 mr-tmp-6-9 mr-tmp-7-9] 17 0}  order Type 1
2024/03/05 06:29:50 start 17 map
2024/03/05 06:29:50 Worker finish order 17, order type 1
2024/03/05 06:29:51 37 :  call for  11  times
2024/03/05 06:29:51 CallOrder: worker get response &{4 [] 0 0}
2024/03/05 06:29:51 worker  37 get order:  &{4 [] 0 0}  order Type 4
2024/03/05 06:29:52 37  killed
