2024/03/05 07:20:55 55 :  call for  1  times
2024/03/05 07:20:55 CallOrder: worker get response &{0 [../pg-dorian_gray.txt] 1 10}
2024/03/05 07:20:55 worker  55 get order:  &{0 [../pg-dorian_gray.txt] 1 10}  order Type 0
2024/03/05 07:20:55 start 1 map
2024/03/05 07:20:55 Worker finish order 1, order type 0
2024/03/05 07:20:56 55 :  call for  2  times
2024/03/05 07:20:56 CallOrder: worker get response &{0 [../pg-metamorphosis.txt] 5 10}
2024/03/05 07:20:56 worker  55 get order:  &{0 [../pg-metamorphosis.txt] 5 10}  order Type 0
2024/03/05 07:20:56 start 5 map
2024/03/05 07:20:56 Worker finish order 5, order type 0
2024/03/05 07:20:57 55 :  call for  3  times
2024/03/05 07:20:57 CallOrder: worker get response &{0 [../pg-tom_sawyer.txt] 7 10}
2024/03/05 07:20:57 worker  55 get order:  &{0 [../pg-tom_sawyer.txt] 7 10}  order Type 0
2024/03/05 07:20:57 start 7 map
2024/03/05 07:20:57 Worker finish order 7, order type 0
2024/03/05 07:20:58 55 :  call for  4  times
2024/03/05 07:20:58 CallOrder: worker get response &{1 [mr-tmp-0-0 mr-tmp-1-0 mr-tmp-2-0 mr-tmp-3-0 mr-tmp-4-0 mr-tmp-5-0 mr-tmp-6-0 mr-tmp-7-0] 8 0}
2024/03/05 07:20:58 worker  55 get order:  &{1 [mr-tmp-0-0 mr-tmp-1-0 mr-tmp-2-0 mr-tmp-3-0 mr-tmp-4-0 mr-tmp-5-0 mr-tmp-6-0 mr-tmp-7-0] 8 0}  order Type 1
2024/03/05 07:20:58 start 8 map
2024/03/05 07:20:58 Worker finish order 8, order type 1
2024/03/05 07:20:59 55 :  call for  5  times
2024/03/05 07:20:59 CallOrder: worker get response &{1 [mr-tmp-0-2 mr-tmp-1-2 mr-tmp-2-2 mr-tmp-3-2 mr-tmp-4-2 mr-tmp-5-2 mr-tmp-6-2 mr-tmp-7-2] 10 0}
2024/03/05 07:20:59 worker  55 get order:  &{1 [mr-tmp-0-2 mr-tmp-1-2 mr-tmp-2-2 mr-tmp-3-2 mr-tmp-4-2 mr-tmp-5-2 mr-tmp-6-2 mr-tmp-7-2] 10 0}  order Type 1
2024/03/05 07:21:02 start 10 map
2024/03/05 07:21:02 Worker finish order 10, order type 1
2024/03/05 07:21:03 55 :  call for  6  times
2024/03/05 07:21:03 CallOrder: worker get response &{1 [mr-tmp-0-8 mr-tmp-1-8 mr-tmp-2-8 mr-tmp-3-8 mr-tmp-4-8 mr-tmp-5-8 mr-tmp-6-8 mr-tmp-7-8] 16 0}
2024/03/05 07:21:03 worker  55 get order:  &{1 [mr-tmp-0-8 mr-tmp-1-8 mr-tmp-2-8 mr-tmp-3-8 mr-tmp-4-8 mr-tmp-5-8 mr-tmp-6-8 mr-tmp-7-8] 16 0}  order Type 1
2024/03/05 07:21:03 start 16 map
2024/03/05 07:21:03 Worker finish order 16, order type 1
2024/03/05 07:21:04 55 :  call for  7  times
2024/03/05 07:21:04 CallOrder: worker get response &{4 [] 0 0}
2024/03/05 07:21:04 worker  55 get order:  &{4 [] 0 0}  order Type 4
2024/03/05 07:21:05 55  killed
