2024/03/05 08:59:05 5 :  call for  1  times
2024/03/05 08:59:05 CallOrder: worker get response &{1 [mr-tmp-0-3 mr-tmp-1-3 mr-tmp-2-3 mr-tmp-3-3 mr-tmp-4-3 mr-tmp-5-3 mr-tmp-6-3 mr-tmp-7-3] 11 0}
2024/03/05 08:59:05 worker  5 get order:  &{1 [mr-tmp-0-3 mr-tmp-1-3 mr-tmp-2-3 mr-tmp-3-3 mr-tmp-4-3 mr-tmp-5-3 mr-tmp-6-3 mr-tmp-7-3] 11 0}  order Type 1
2024/03/05 08:59:05 start 11 map
2024/03/05 08:59:05 Worker finish order 11, order type 1
2024/03/05 08:59:06 5 :  call for  2  times
2024/03/05 08:59:06 CallOrder: worker get response &{1 [mr-tmp-0-6 mr-tmp-1-6 mr-tmp-2-6 mr-tmp-3-6 mr-tmp-4-6 mr-tmp-5-6 mr-tmp-6-6 mr-tmp-7-6] 14 0}
2024/03/05 08:59:06 worker  5 get order:  &{1 [mr-tmp-0-6 mr-tmp-1-6 mr-tmp-2-6 mr-tmp-3-6 mr-tmp-4-6 mr-tmp-5-6 mr-tmp-6-6 mr-tmp-7-6] 14 0}  order Type 1
2024/03/05 08:59:06 start 14 map
2024/03/05 08:59:06 Worker finish order 14, order type 1
2024/03/05 08:59:07 5 :  call for  3  times
2024/03/05 08:59:07 CallOrder: worker get response &{1 [mr-tmp-0-9 mr-tmp-1-9 mr-tmp-2-9 mr-tmp-3-9 mr-tmp-4-9 mr-tmp-5-9 mr-tmp-6-9 mr-tmp-7-9] 17 0}
2024/03/05 08:59:07 worker  5 get order:  &{1 [mr-tmp-0-9 mr-tmp-1-9 mr-tmp-2-9 mr-tmp-3-9 mr-tmp-4-9 mr-tmp-5-9 mr-tmp-6-9 mr-tmp-7-9] 17 0}  order Type 1
2024/03/05 08:59:07 start 17 map
2024/03/05 08:59:07 Worker finish order 17, order type 1
2024/03/05 08:59:08 5 :  call for  4  times
2024/03/05 08:59:08 CallOrder: worker get response &{3 [] 0 0}
2024/03/05 08:59:08 worker  5 get order:  &{3 [] 0 0}  order Type 3
2024/03/05 08:59:08 5  waiting for order
2024/03/05 08:59:10 5 :  call for  5  times
2024/03/05 08:59:10 CallOrder: worker get response &{3 [] 0 0}
2024/03/05 08:59:10 worker  5 get order:  &{3 [] 0 0}  order Type 3
2024/03/05 08:59:10 5  waiting for order
2024/03/05 08:59:12 5 :  call for  6  times
2024/03/05 08:59:12 CallOrder: worker get response &{3 [] 0 0}
2024/03/05 08:59:12 worker  5 get order:  &{3 [] 0 0}  order Type 3
2024/03/05 08:59:12 5  waiting for order
2024/03/05 08:59:14 5 :  call for  7  times
2024/03/05 08:59:14 CallOrder: worker get response &{3 [] 0 0}
2024/03/05 08:59:14 worker  5 get order:  &{3 [] 0 0}  order Type 3
2024/03/05 08:59:14 5  waiting for order
2024/03/05 08:59:16 5 :  call for  8  times
2024/03/05 08:59:16 CallOrder: worker get response &{3 [] 0 0}
2024/03/05 08:59:16 worker  5 get order:  &{3 [] 0 0}  order Type 3
2024/03/05 08:59:16 5  waiting for order
2024/03/05 08:59:18 5 :  call for  9  times
2024/03/05 08:59:18 CallOrder: worker get response &{3 [] 0 0}
2024/03/05 08:59:18 worker  5 get order:  &{3 [] 0 0}  order Type 3
2024/03/05 08:59:18 5  waiting for order
2024/03/05 08:59:20 5 :  call for  10  times
2024/03/05 08:59:20 CallOrder: worker get response &{3 [] 0 0}
2024/03/05 08:59:20 worker  5 get order:  &{3 [] 0 0}  order Type 3
2024/03/05 08:59:20 5  waiting for order
2024/03/05 08:59:22 5 :  call for  11  times
2024/03/05 08:59:22 CallOrder: worker get response &{3 [] 0 0}
2024/03/05 08:59:22 worker  5 get order:  &{3 [] 0 0}  order Type 3
2024/03/05 08:59:22 5  waiting for order
2024/03/05 08:59:24 5 :  call for  12  times
2024/03/05 08:59:24 CallOrder: worker get response &{3 [] 0 0}
2024/03/05 08:59:24 worker  5 get order:  &{3 [] 0 0}  order Type 3
2024/03/05 08:59:24 5  waiting for order
2024/03/05 08:59:26 5 :  call for  13  times
2024/03/05 08:59:26 CallOrder: worker get response &{3 [] 0 0}
2024/03/05 08:59:26 worker  5 get order:  &{3 [] 0 0}  order Type 3
2024/03/05 08:59:26 5  waiting for order
2024/03/05 08:59:28 5 :  call for  14  times
2024/03/05 08:59:28 CallOrder: worker get response &{3 [] 0 0}
2024/03/05 08:59:28 worker  5 get order:  &{3 [] 0 0}  order Type 3
2024/03/05 08:59:28 5  waiting for order
2024/03/05 08:59:30 5 :  call for  15  times
2024/03/05 08:59:30 CallOrder: worker get response &{3 [] 0 0}
2024/03/05 08:59:30 worker  5 get order:  &{3 [] 0 0}  order Type 3
2024/03/05 08:59:30 5  waiting for order
2024/03/05 08:59:32 5 :  call for  16  times
2024/03/05 08:59:32 CallOrder: worker get response &{3 [] 0 0}
2024/03/05 08:59:32 worker  5 get order:  &{3 [] 0 0}  order Type 3
2024/03/05 08:59:32 5  waiting for order
2024/03/05 08:59:34 5 :  call for  17  times
2024/03/05 08:59:34 CallOrder: worker get response &{3 [] 0 0}
2024/03/05 08:59:34 worker  5 get order:  &{3 [] 0 0}  order Type 3
2024/03/05 08:59:34 5  waiting for order
2024/03/05 08:59:36 5 :  call for  18  times
2024/03/05 08:59:36 dialing:dial unix /var/tmp/824-mr-0: connect: connection refused
