2024/03/05 05:46:31 31 :  call for  1  times
2024/03/05 05:46:31 CallOrder: worker get response &{0 [../pg-metamorphosis.txt] 5 10}
2024/03/05 05:46:31 worker  31 get order:  &{0 [../pg-metamorphosis.txt] 5 10}  order Type 0
2024/03/05 05:46:31 start 5 map
2024/03/05 05:46:31 Worker finish order 5, order type 0
2024/03/05 05:46:32 31 :  call for  2  times
2024/03/05 05:46:32 CallOrder: worker get response &{2 [] 0 0}
2024/03/05 05:46:32 worker  31 get order:  &{2 [] 0 0}  order Type 2
2024/03/05 05:46:32 31  waiting for order
2024/03/05 05:46:34 31 :  call for  3  times
2024/03/05 05:46:34 CallOrder: worker get response &{2 [] 0 0}
2024/03/05 05:46:34 worker  31 get order:  &{2 [] 0 0}  order Type 2
2024/03/05 05:46:34 31  waiting for order
2024/03/05 05:46:36 31 :  call for  4  times
2024/03/05 05:46:36 CallOrder: worker get response &{2 [] 0 0}
2024/03/05 05:46:36 worker  31 get order:  &{2 [] 0 0}  order Type 2
2024/03/05 05:46:36 31  waiting for order
2024/03/05 05:46:38 31 :  call for  5  times
2024/03/05 05:46:38 CallOrder: worker get response &{2 [] 0 0}
2024/03/05 05:46:38 worker  31 get order:  &{2 [] 0 0}  order Type 2
2024/03/05 05:46:38 31  waiting for order
2024/03/05 05:46:40 31 :  call for  6  times
2024/03/05 05:46:40 CallOrder: worker get response &{2 [] 0 0}
2024/03/05 05:46:40 worker  31 get order:  &{2 [] 0 0}  order Type 2
2024/03/05 05:46:40 31  waiting for order
2024/03/05 05:46:42 31 :  call for  7  times
2024/03/05 05:46:42 CallOrder: worker get response &{0 [../pg-being_ernest.txt] 0 10}
2024/03/05 05:46:42 worker  31 get order:  &{0 [../pg-being_ernest.txt] 0 10}  order Type 0
2024/03/05 05:46:50 start 0 map
2024/03/05 05:46:50 Worker finish order 0, order type 0
2024/03/05 05:46:51 31 :  call for  8  times
2024/03/05 05:46:51 CallOrder: worker get response &{2 [] 0 0}
2024/03/05 05:46:51 worker  31 get order:  &{2 [] 0 0}  order Type 2
2024/03/05 05:46:51 31  waiting for order
2024/03/05 05:46:53 31 :  call for  9  times
2024/03/05 05:46:53 CallOrder: worker get response &{2 [] 0 0}
2024/03/05 05:46:53 worker  31 get order:  &{2 [] 0 0}  order Type 2
2024/03/05 05:46:53 31  waiting for order
2024/03/05 05:46:55 31 :  call for  10  times
2024/03/05 05:46:55 CallOrder: worker get response &{2 [] 0 0}
2024/03/05 05:46:55 worker  31 get order:  &{2 [] 0 0}  order Type 2
2024/03/05 05:46:55 31  waiting for order
2024/03/05 05:46:57 31 :  call for  11  times
2024/03/05 05:46:57 CallOrder: worker get response &{2 [] 0 0}
2024/03/05 05:46:57 worker  31 get order:  &{2 [] 0 0}  order Type 2
2024/03/05 05:46:57 31  waiting for order
2024/03/05 05:46:59 31 :  call for  12  times
2024/03/05 05:46:59 CallOrder: worker get response &{2 [] 0 0}
2024/03/05 05:46:59 worker  31 get order:  &{2 [] 0 0}  order Type 2
2024/03/05 05:46:59 31  waiting for order
2024/03/05 05:47:01 31 :  call for  13  times
2024/03/05 05:47:01 CallOrder: worker get response &{2 [] 0 0}
2024/03/05 05:47:01 worker  31 get order:  &{2 [] 0 0}  order Type 2
2024/03/05 05:47:01 31  waiting for order
2024/03/05 05:47:03 31 :  call for  14  times
2024/03/05 05:47:03 CallOrder: worker get response &{2 [] 0 0}
2024/03/05 05:47:03 worker  31 get order:  &{2 [] 0 0}  order Type 2
2024/03/05 05:47:03 31  waiting for order
2024/03/05 05:47:05 31 :  call for  15  times
2024/03/05 05:47:05 CallOrder: worker get response &{2 [] 0 0}
2024/03/05 05:47:05 worker  31 get order:  &{2 [] 0 0}  order Type 2
2024/03/05 05:47:05 31  waiting for order
2024/03/05 05:47:07 31 :  call for  16  times
2024/03/05 05:47:07 CallOrder: worker get response &{2 [] 0 0}
2024/03/05 05:47:07 worker  31 get order:  &{2 [] 0 0}  order Type 2
2024/03/05 05:47:07 31  waiting for order
2024/03/05 05:47:09 31 :  call for  17  times
2024/03/05 05:47:09 CallOrder: worker get response &{2 [] 0 0}
2024/03/05 05:47:09 worker  31 get order:  &{2 [] 0 0}  order Type 2
2024/03/05 05:47:09 31  waiting for order
2024/03/05 05:47:11 31 :  call for  18  times
2024/03/05 05:47:11 CallOrder: worker get response &{2 [] 0 0}
2024/03/05 05:47:11 worker  31 get order:  &{2 [] 0 0}  order Type 2
2024/03/05 05:47:11 31  waiting for order
2024/03/05 05:47:13 31 :  call for  19  times
2024/03/05 05:47:13 CallOrder: worker get response &{1 [mr-tmp-0-3 mr-tmp-1-3 mr-tmp-2-3 mr-tmp-3-3 mr-tmp-4-3 mr-tmp-5-3 mr-tmp-6-3 mr-tmp-7-3] 11 0}
2024/03/05 05:47:13 worker  31 get order:  &{1 [mr-tmp-0-3 mr-tmp-1-3 mr-tmp-2-3 mr-tmp-3-3 mr-tmp-4-3 mr-tmp-5-3 mr-tmp-6-3 mr-tmp-7-3] 11 0}  order Type 1
2024/03/05 05:47:13 start 11 map
2024/03/05 05:47:13 Worker finish order 11, order type 1
2024/03/05 05:47:14 31 :  call for  20  times
2024/03/05 05:47:14 CallOrder: worker get response &{1 [mr-tmp-0-6 mr-tmp-1-6 mr-tmp-2-6 mr-tmp-3-6 mr-tmp-4-6 mr-tmp-5-6 mr-tmp-6-6 mr-tmp-7-6] 14 0}
2024/03/05 05:47:14 worker  31 get order:  &{1 [mr-tmp-0-6 mr-tmp-1-6 mr-tmp-2-6 mr-tmp-3-6 mr-tmp-4-6 mr-tmp-5-6 mr-tmp-6-6 mr-tmp-7-6] 14 0}  order Type 1
2024/03/05 05:47:14 start 14 map
2024/03/05 05:47:14 Worker finish order 14, order type 1
2024/03/05 05:47:15 31 :  call for  21  times
2024/03/05 05:47:15 CallOrder: worker get response &{1 [mr-tmp-0-9 mr-tmp-1-9 mr-tmp-2-9 mr-tmp-3-9 mr-tmp-4-9 mr-tmp-5-9 mr-tmp-6-9 mr-tmp-7-9] 17 0}
2024/03/05 05:47:15 worker  31 get order:  &{1 [mr-tmp-0-9 mr-tmp-1-9 mr-tmp-2-9 mr-tmp-3-9 mr-tmp-4-9 mr-tmp-5-9 mr-tmp-6-9 mr-tmp-7-9] 17 0}  order Type 1
2024/03/05 05:47:15 start 17 map
2024/03/05 05:47:15 Worker finish order 17, order type 1
2024/03/05 05:47:16 31 :  call for  22  times
2024/03/05 05:47:16 CallOrder: worker get response &{4 [] 0 0}
2024/03/05 05:47:16 worker  31 get order:  &{4 [] 0 0}  order Type 4
2024/03/05 05:47:17 31  killed
