2024/03/05 00:43:05 5 :  call for  1  times
2024/03/05 00:43:05 CallOrder: worker get response &{0 [../pg-frankenstein.txt] 2 10}
2024/03/05 00:43:05 worker  5 get order:  &{0 [../pg-frankenstein.txt] 2 10}  order Type 0
2024/03/05 00:43:05 start 2 map
2024/03/05 00:43:05 Worker finish order 2, order type 0
2024/03/05 00:43:06 5 :  call for  2  times
2024/03/05 00:43:06 CallOrder: worker get response &{0 [../pg-metamorphosis.txt] 5 10}
2024/03/05 00:43:06 worker  5 get order:  &{0 [../pg-metamorphosis.txt] 5 10}  order Type 0
2024/03/05 00:43:13 start 5 map
2024/03/05 00:43:13 Worker finish order 5, order type 0
2024/03/05 00:43:14 5 :  call for  3  times
2024/03/05 00:43:14 CallOrder: worker get response &{2 [] 0 0}
2024/03/05 00:43:14 worker  5 get order:  &{2 [] 0 0}  order Type 2
2024/03/05 00:43:14 5  waiting for order
2024/03/05 00:43:16 5 :  call for  4  times
2024/03/05 00:43:16 CallOrder: worker get response &{2 [] 0 0}
2024/03/05 00:43:16 worker  5 get order:  &{2 [] 0 0}  order Type 2
2024/03/05 00:43:16 5  waiting for order
2024/03/05 00:43:18 5 :  call for  5  times
2024/03/05 00:43:18 CallOrder: worker get response &{2 [] 0 0}
2024/03/05 00:43:18 worker  5 get order:  &{2 [] 0 0}  order Type 2
2024/03/05 00:43:18 5  waiting for order
2024/03/05 00:43:20 5 :  call for  6  times
2024/03/05 00:43:20 CallOrder: worker get response &{2 [] 0 0}
2024/03/05 00:43:20 worker  5 get order:  &{2 [] 0 0}  order Type 2
2024/03/05 00:43:20 5  waiting for order
2024/03/05 00:43:22 5 :  call for  7  times
2024/03/05 00:43:22 CallOrder: worker get response &{2 [] 0 0}
2024/03/05 00:43:22 worker  5 get order:  &{2 [] 0 0}  order Type 2
2024/03/05 00:43:22 5  waiting for order
2024/03/05 00:43:24 5 :  call for  8  times
2024/03/05 00:43:24 CallOrder: worker get response &{2 [] 0 0}
2024/03/05 00:43:24 worker  5 get order:  &{2 [] 0 0}  order Type 2
2024/03/05 00:43:24 5  waiting for order
2024/03/05 00:43:26 5 :  call for  9  times
2024/03/05 00:43:26 CallOrder: worker get response &{2 [] 0 0}
2024/03/05 00:43:26 worker  5 get order:  &{2 [] 0 0}  order Type 2
2024/03/05 00:43:26 5  waiting for order
2024/03/05 00:43:28 5 :  call for  10  times
2024/03/05 00:43:28 CallOrder: worker get response &{2 [] 0 0}
2024/03/05 00:43:28 worker  5 get order:  &{2 [] 0 0}  order Type 2
2024/03/05 00:43:28 5  waiting for order
2024/03/05 00:43:30 5 :  call for  11  times
2024/03/05 00:43:30 CallOrder: worker get response &{2 [] 0 0}
2024/03/05 00:43:30 worker  5 get order:  &{2 [] 0 0}  order Type 2
2024/03/05 00:43:30 5  waiting for order
2024/03/05 00:43:32 5 :  call for  12  times
2024/03/05 00:43:32 CallOrder: worker get response &{2 [] 0 0}
2024/03/05 00:43:32 worker  5 get order:  &{2 [] 0 0}  order Type 2
2024/03/05 00:43:32 5  waiting for order
2024/03/05 00:43:34 5 :  call for  13  times
2024/03/05 00:43:34 CallOrder: worker get response &{2 [] 0 0}
2024/03/05 00:43:34 worker  5 get order:  &{2 [] 0 0}  order Type 2
2024/03/05 00:43:34 5  waiting for order
2024/03/05 00:43:36 5 :  call for  14  times
2024/03/05 00:43:36 CallOrder: worker get response &{2 [] 0 0}
2024/03/05 00:43:36 worker  5 get order:  &{2 [] 0 0}  order Type 2
2024/03/05 00:43:36 5  waiting for order
2024/03/05 00:43:38 5 :  call for  15  times
2024/03/05 00:43:38 CallOrder: worker get response &{2 [] 0 0}
2024/03/05 00:43:38 worker  5 get order:  &{2 [] 0 0}  order Type 2
2024/03/05 00:43:38 5  waiting for order
2024/03/05 00:43:40 5 :  call for  16  times
2024/03/05 00:43:40 CallOrder: worker get response &{2 [] 0 0}
2024/03/05 00:43:40 worker  5 get order:  &{2 [] 0 0}  order Type 2
2024/03/05 00:43:40 5  waiting for order
2024/03/05 00:43:42 5 :  call for  17  times
2024/03/05 00:43:42 CallOrder: worker get response &{2 [] 0 0}
2024/03/05 00:43:42 worker  5 get order:  &{2 [] 0 0}  order Type 2
2024/03/05 00:43:42 5  waiting for order
2024/03/05 00:43:44 5 :  call for  18  times
2024/03/05 00:43:44 CallOrder: worker get response &{1 [mr-tmp-0-2 mr-tmp-1-2 mr-tmp-2-2 mr-tmp-3-2 mr-tmp-4-2 mr-tmp-5-2 mr-tmp-6-2 mr-tmp-7-2] 10 0}
2024/03/05 00:43:44 worker  5 get order:  &{1 [mr-tmp-0-2 mr-tmp-1-2 mr-tmp-2-2 mr-tmp-3-2 mr-tmp-4-2 mr-tmp-5-2 mr-tmp-6-2 mr-tmp-7-2] 10 0}  order Type 1
