2024/03/05 09:47:18 18 :  call for  1  times
2024/03/05 09:47:18 CallOrder: worker get response &{1 [mr-tmp-0-5 mr-tmp-1-5 mr-tmp-2-5 mr-tmp-3-5 mr-tmp-4-5 mr-tmp-5-5 mr-tmp-6-5 mr-tmp-7-5] 13 0}
2024/03/05 09:47:18 worker  18 get order:  &{1 [mr-tmp-0-5 mr-tmp-1-5 mr-tmp-2-5 mr-tmp-3-5 mr-tmp-4-5 mr-tmp-5-5 mr-tmp-6-5 mr-tmp-7-5] 13 0}  order Type 1
2024/03/05 09:47:26 start 13 map
2024/03/05 09:47:26 Worker finish order 13, order type 1
2024/03/05 09:47:27 18 :  call for  2  times
2024/03/05 09:47:27 CallOrder: worker get response &{3 [] 0 0}
2024/03/05 09:47:27 worker  18 get order:  &{3 [] 0 0}  order Type 3
2024/03/05 09:47:27 18  waiting for order
2024/03/05 09:47:29 18 :  call for  3  times
2024/03/05 09:47:29 CallOrder: worker get response &{3 [] 0 0}
2024/03/05 09:47:29 worker  18 get order:  &{3 [] 0 0}  order Type 3
2024/03/05 09:47:29 18  waiting for order
2024/03/05 09:47:31 18 :  call for  4  times
2024/03/05 09:47:31 CallOrder: worker get response &{3 [] 0 0}
2024/03/05 09:47:31 worker  18 get order:  &{3 [] 0 0}  order Type 3
2024/03/05 09:47:31 18  waiting for order
2024/03/05 09:47:33 18 :  call for  5  times
2024/03/05 09:47:33 CallOrder: worker get response &{3 [] 0 0}
2024/03/05 09:47:33 worker  18 get order:  &{3 [] 0 0}  order Type 3
2024/03/05 09:47:33 18  waiting for order
2024/03/05 09:47:35 18 :  call for  6  times
2024/03/05 09:47:35 CallOrder: worker get response &{3 [] 0 0}
2024/03/05 09:47:35 worker  18 get order:  &{3 [] 0 0}  order Type 3
2024/03/05 09:47:35 18  waiting for order
2024/03/05 09:47:37 18 :  call for  7  times
2024/03/05 09:47:37 CallOrder: worker get response &{3 [] 0 0}
2024/03/05 09:47:37 worker  18 get order:  &{3 [] 0 0}  order Type 3
2024/03/05 09:47:37 18  waiting for order
2024/03/05 09:47:39 18 :  call for  8  times
2024/03/05 09:47:39 CallOrder: worker get response &{4 [] 0 0}
2024/03/05 09:47:39 worker  18 get order:  &{4 [] 0 0}  order Type 4
2024/03/05 09:47:40 18  killed
