2024/03/05 09:59:30 30 :  call for  1  times
2024/03/05 09:59:30 CallOrder: worker get response &{1 [mr-tmp-0-8 mr-tmp-1-8 mr-tmp-2-8 mr-tmp-3-8 mr-tmp-4-8 mr-tmp-5-8 mr-tmp-6-8 mr-tmp-7-8] 16 0}
2024/03/05 09:59:30 worker  30 get order:  &{1 [mr-tmp-0-8 mr-tmp-1-8 mr-tmp-2-8 mr-tmp-3-8 mr-tmp-4-8 mr-tmp-5-8 mr-tmp-6-8 mr-tmp-7-8] 16 0}  order Type 1
2024/03/05 09:59:30 start 16 map
2024/03/05 09:59:30 Worker finish order 16, order type 1
2024/03/05 09:59:31 30 :  call for  2  times
2024/03/05 09:59:31 CallOrder: worker get response &{3 [] 0 0}
2024/03/05 09:59:31 worker  30 get order:  &{3 [] 0 0}  order Type 3
2024/03/05 09:59:31 30  waiting for order
2024/03/05 09:59:33 30 :  call for  3  times
2024/03/05 09:59:33 CallOrder: worker get response &{3 [] 0 0}
2024/03/05 09:59:33 worker  30 get order:  &{3 [] 0 0}  order Type 3
2024/03/05 09:59:33 30  waiting for order
2024/03/05 09:59:35 30 :  call for  4  times
2024/03/05 09:59:35 CallOrder: worker get response &{3 [] 0 0}
2024/03/05 09:59:35 worker  30 get order:  &{3 [] 0 0}  order Type 3
2024/03/05 09:59:35 30  waiting for order
2024/03/05 09:59:37 30 :  call for  5  times
2024/03/05 09:59:37 CallOrder: worker get response &{3 [] 0 0}
2024/03/05 09:59:37 worker  30 get order:  &{3 [] 0 0}  order Type 3
2024/03/05 09:59:37 30  waiting for order
2024/03/05 09:59:39 30 :  call for  6  times
2024/03/05 09:59:39 CallOrder: worker get response &{3 [] 0 0}
2024/03/05 09:59:39 worker  30 get order:  &{3 [] 0 0}  order Type 3
2024/03/05 09:59:39 30  waiting for order
2024/03/05 09:59:41 30 :  call for  7  times
2024/03/05 09:59:41 CallOrder: worker get response &{3 [] 0 0}
2024/03/05 09:59:41 worker  30 get order:  &{3 [] 0 0}  order Type 3
2024/03/05 09:59:41 30  waiting for order
2024/03/05 09:59:43 30 :  call for  8  times
2024/03/05 09:59:43 CallOrder: worker get response &{4 [] 0 0}
2024/03/05 09:59:43 worker  30 get order:  &{4 [] 0 0}  order Type 4
2024/03/05 09:59:44 30  killed
