2024/03/05 08:58:34 34 :  call for  1  times
2024/03/05 08:58:34 CallOrder: worker get response &{2 [] 0 0}
2024/03/05 08:58:34 worker  34 get order:  &{2 [] 0 0}  order Type 2
2024/03/05 08:58:34 34  waiting for order
2024/03/05 08:58:36 34 :  call for  2  times
2024/03/05 08:58:36 CallOrder: worker get response &{2 [] 0 0}
2024/03/05 08:58:36 worker  34 get order:  &{2 [] 0 0}  order Type 2
2024/03/05 08:58:36 34  waiting for order
2024/03/05 08:58:38 34 :  call for  3  times
2024/03/05 08:58:38 CallOrder: worker get response &{2 [] 0 0}
2024/03/05 08:58:38 worker  34 get order:  &{2 [] 0 0}  order Type 2
2024/03/05 08:58:38 34  waiting for order
2024/03/05 08:58:40 34 :  call for  4  times
2024/03/05 08:58:40 CallOrder: worker get response &{2 [] 0 0}
2024/03/05 08:58:40 worker  34 get order:  &{2 [] 0 0}  order Type 2
2024/03/05 08:58:40 34  waiting for order
2024/03/05 08:58:42 34 :  call for  5  times
2024/03/05 08:58:42 CallOrder: worker get response &{0 [../pg-frankenstein.txt] 2 10}
2024/03/05 08:58:42 worker  34 get order:  &{0 [../pg-frankenstein.txt] 2 10}  order Type 0
2024/03/05 08:58:42 start 2 map
2024/03/05 08:58:42 Worker finish order 2, order type 0
2024/03/05 08:58:43 34 :  call for  6  times
2024/03/05 08:58:43 CallOrder: worker get response &{2 [] 0 0}
2024/03/05 08:58:43 worker  34 get order:  &{2 [] 0 0}  order Type 2
2024/03/05 08:58:43 34  waiting for order
2024/03/05 08:58:45 34 :  call for  7  times
2024/03/05 08:58:45 CallOrder: worker get response &{0 [../pg-sherlock_holmes.txt] 6 10}
2024/03/05 08:58:45 worker  34 get order:  &{0 [../pg-sherlock_holmes.txt] 6 10}  order Type 0
2024/03/05 08:58:51 start 6 map
2024/03/05 08:58:51 Worker finish order 6, order type 0
2024/03/05 08:58:52 34 :  call for  8  times
2024/03/05 08:58:52 CallOrder: worker get response &{2 [] 0 0}
2024/03/05 08:58:52 worker  34 get order:  &{2 [] 0 0}  order Type 2
2024/03/05 08:58:52 34  waiting for order
2024/03/05 08:58:54 34 :  call for  9  times
2024/03/05 08:58:54 CallOrder: worker get response &{2 [] 0 0}
2024/03/05 08:58:54 worker  34 get order:  &{2 [] 0 0}  order Type 2
2024/03/05 08:58:54 34  waiting for order
2024/03/05 08:58:56 34 :  call for  10  times
2024/03/05 08:58:56 CallOrder: worker get response &{2 [] 0 0}
2024/03/05 08:58:56 worker  34 get order:  &{2 [] 0 0}  order Type 2
2024/03/05 08:58:56 34  waiting for order
2024/03/05 08:58:58 34 :  call for  11  times
2024/03/05 08:58:58 CallOrder: worker get response &{2 [] 0 0}
2024/03/05 08:58:58 worker  34 get order:  &{2 [] 0 0}  order Type 2
2024/03/05 08:58:58 34  waiting for order
2024/03/05 08:59:00 34 :  call for  12  times
2024/03/05 08:59:00 CallOrder: worker get response &{2 [] 0 0}
2024/03/05 08:59:00 worker  34 get order:  &{2 [] 0 0}  order Type 2
2024/03/05 08:59:00 34  waiting for order
2024/03/05 08:59:02 34 :  call for  13  times
2024/03/05 08:59:02 CallOrder: worker get response &{2 [] 0 0}
2024/03/05 08:59:02 worker  34 get order:  &{2 [] 0 0}  order Type 2
2024/03/05 08:59:02 34  waiting for order
2024/03/05 08:59:04 34 :  call for  14  times
2024/03/05 08:59:04 CallOrder: worker get response &{1 [mr-tmp-0-0 mr-tmp-1-0 mr-tmp-2-0 mr-tmp-3-0 mr-tmp-4-0 mr-tmp-5-0 mr-tmp-6-0 mr-tmp-7-0] 8 0}
2024/03/05 08:59:04 worker  34 get order:  &{1 [mr-tmp-0-0 mr-tmp-1-0 mr-tmp-2-0 mr-tmp-3-0 mr-tmp-4-0 mr-tmp-5-0 mr-tmp-6-0 mr-tmp-7-0] 8 0}  order Type 1
