2024/03/05 08:01:42 42 :  call for  1  times
2024/03/05 08:01:42 CallOrder: worker get response &{0 [../pg-tom_sawyer.txt] 7 10}
2024/03/05 08:01:42 worker  42 get order:  &{0 [../pg-tom_sawyer.txt] 7 10}  order Type 0
2024/03/05 08:01:43 start 7 map
2024/03/05 08:01:43 Worker finish order 7, order type 0
2024/03/05 08:01:44 42 :  call for  2  times
2024/03/05 08:01:44 CallOrder: worker get response &{2 [] 0 0}
2024/03/05 08:01:44 worker  42 get order:  &{2 [] 0 0}  order Type 2
2024/03/05 08:01:44 42  waiting for order
2024/03/05 08:01:46 42 :  call for  3  times
2024/03/05 08:01:46 CallOrder: worker get response &{2 [] 0 0}
2024/03/05 08:01:46 worker  42 get order:  &{2 [] 0 0}  order Type 2
2024/03/05 08:01:46 42  waiting for order
2024/03/05 08:01:48 42 :  call for  4  times
2024/03/05 08:01:48 CallOrder: worker get response &{2 [] 0 0}
2024/03/05 08:01:48 worker  42 get order:  &{2 [] 0 0}  order Type 2
2024/03/05 08:01:48 42  waiting for order
2024/03/05 08:01:50 42 :  call for  5  times
2024/03/05 08:01:50 CallOrder: worker get response &{2 [] 0 0}
2024/03/05 08:01:50 worker  42 get order:  &{2 [] 0 0}  order Type 2
2024/03/05 08:01:50 42  waiting for order
2024/03/05 08:01:52 42 :  call for  6  times
2024/03/05 08:01:52 CallOrder: worker get response &{2 [] 0 0}
2024/03/05 08:01:52 worker  42 get order:  &{2 [] 0 0}  order Type 2
2024/03/05 08:01:52 42  waiting for order
2024/03/05 08:01:54 42 :  call for  7  times
2024/03/05 08:01:54 CallOrder: worker get response &{2 [] 0 0}
2024/03/05 08:01:54 worker  42 get order:  &{2 [] 0 0}  order Type 2
2024/03/05 08:01:54 42  waiting for order
2024/03/05 08:01:56 42 :  call for  8  times
2024/03/05 08:01:56 CallOrder: worker get response &{2 [] 0 0}
2024/03/05 08:01:56 worker  42 get order:  &{2 [] 0 0}  order Type 2
2024/03/05 08:01:56 42  waiting for order
2024/03/05 08:01:58 42 :  call for  9  times
2024/03/05 08:01:58 CallOrder: worker get response &{2 [] 0 0}
2024/03/05 08:01:58 worker  42 get order:  &{2 [] 0 0}  order Type 2
2024/03/05 08:01:58 42  waiting for order
2024/03/05 08:02:00 42 :  call for  10  times
2024/03/05 08:02:00 CallOrder: worker get response &{1 [mr-tmp-0-5 mr-tmp-1-5 mr-tmp-2-5 mr-tmp-3-5 mr-tmp-4-5 mr-tmp-5-5 mr-tmp-6-5 mr-tmp-7-5] 13 0}
2024/03/05 08:02:00 worker  42 get order:  &{1 [mr-tmp-0-5 mr-tmp-1-5 mr-tmp-2-5 mr-tmp-3-5 mr-tmp-4-5 mr-tmp-5-5 mr-tmp-6-5 mr-tmp-7-5] 13 0}  order Type 1
