2024/03/05 10:15:26 26 :  call for  1  times
2024/03/05 10:15:26 CallOrder: worker get response &{0 [../pg-sherlock_holmes.txt] 6 10}
2024/03/05 10:15:26 worker  26 get order:  &{0 [../pg-sherlock_holmes.txt] 6 10}  order Type 0
2024/03/05 10:15:30 start 6 map
2024/03/05 10:15:30 Worker finish order 6, order type 0
2024/03/05 10:15:31 26 :  call for  2  times
2024/03/05 10:15:31 CallOrder: worker get response &{2 [] 0 0}
2024/03/05 10:15:31 worker  26 get order:  &{2 [] 0 0}  order Type 2
2024/03/05 10:15:31 26  waiting for order
2024/03/05 10:15:33 26 :  call for  3  times
2024/03/05 10:15:33 CallOrder: worker get response &{2 [] 0 0}
2024/03/05 10:15:33 worker  26 get order:  &{2 [] 0 0}  order Type 2
2024/03/05 10:15:33 26  waiting for order
2024/03/05 10:15:35 26 :  call for  4  times
2024/03/05 10:15:35 CallOrder: worker get response &{2 [] 0 0}
2024/03/05 10:15:35 worker  26 get order:  &{2 [] 0 0}  order Type 2
2024/03/05 10:15:35 26  waiting for order
2024/03/05 10:15:37 26 :  call for  5  times
2024/03/05 10:15:37 CallOrder: worker get response &{2 [] 0 0}
2024/03/05 10:15:37 worker  26 get order:  &{2 [] 0 0}  order Type 2
2024/03/05 10:15:37 26  waiting for order
2024/03/05 10:15:39 26 :  call for  6  times
2024/03/05 10:15:39 CallOrder: worker get response &{2 [] 0 0}
2024/03/05 10:15:39 worker  26 get order:  &{2 [] 0 0}  order Type 2
2024/03/05 10:15:39 26  waiting for order
2024/03/05 10:15:41 26 :  call for  7  times
2024/03/05 10:15:41 CallOrder: worker get response &{2 [] 0 0}
2024/03/05 10:15:41 worker  26 get order:  &{2 [] 0 0}  order Type 2
2024/03/05 10:15:41 26  waiting for order
2024/03/05 10:15:43 26 :  call for  8  times
2024/03/05 10:15:43 CallOrder: worker get response &{2 [] 0 0}
2024/03/05 10:15:43 worker  26 get order:  &{2 [] 0 0}  order Type 2
2024/03/05 10:15:43 26  waiting for order
2024/03/05 10:15:45 26 :  call for  9  times
2024/03/05 10:15:45 CallOrder: worker get response &{1 [mr-tmp-0-2 mr-tmp-1-2 mr-tmp-2-2 mr-tmp-3-2 mr-tmp-4-2 mr-tmp-5-2 mr-tmp-6-2 mr-tmp-7-2] 10 0}
2024/03/05 10:15:45 worker  26 get order:  &{1 [mr-tmp-0-2 mr-tmp-1-2 mr-tmp-2-2 mr-tmp-3-2 mr-tmp-4-2 mr-tmp-5-2 mr-tmp-6-2 mr-tmp-7-2] 10 0}  order Type 1
