2024/03/05 09:24:56 56 :  call for  1  times
2024/03/05 09:24:56 CallOrder: worker get response &{0 [../pg-being_ernest.txt] 0 10}
2024/03/05 09:24:56 worker  56 get order:  &{0 [../pg-being_ernest.txt] 0 10}  order Type 0
2024/03/05 09:25:02 start 0 map
2024/03/05 09:25:02 Worker finish order 0, order type 0
2024/03/05 09:25:03 56 :  call for  2  times
2024/03/05 09:25:03 CallOrder: worker get response &{2 [] 0 0}
2024/03/05 09:25:03 worker  56 get order:  &{2 [] 0 0}  order Type 2
2024/03/05 09:25:03 56  waiting for order
2024/03/05 09:25:05 56 :  call for  3  times
2024/03/05 09:25:05 CallOrder: worker get response &{2 [] 0 0}
2024/03/05 09:25:05 worker  56 get order:  &{2 [] 0 0}  order Type 2
2024/03/05 09:25:05 56  waiting for order
2024/03/05 09:25:07 56 :  call for  4  times
2024/03/05 09:25:07 CallOrder: worker get response &{2 [] 0 0}
2024/03/05 09:25:07 worker  56 get order:  &{2 [] 0 0}  order Type 2
2024/03/05 09:25:07 56  waiting for order
2024/03/05 09:25:09 56 :  call for  5  times
2024/03/05 09:25:09 CallOrder: worker get response &{2 [] 0 0}
2024/03/05 09:25:09 worker  56 get order:  &{2 [] 0 0}  order Type 2
2024/03/05 09:25:09 56  waiting for order
2024/03/05 09:25:11 56 :  call for  6  times
2024/03/05 09:25:11 CallOrder: worker get response &{2 [] 0 0}
2024/03/05 09:25:11 worker  56 get order:  &{2 [] 0 0}  order Type 2
2024/03/05 09:25:11 56  waiting for order
2024/03/05 09:25:13 56 :  call for  7  times
2024/03/05 09:25:13 CallOrder: worker get response &{2 [] 0 0}
2024/03/05 09:25:13 worker  56 get order:  &{2 [] 0 0}  order Type 2
2024/03/05 09:25:13 56  waiting for order
2024/03/05 09:25:15 56 :  call for  8  times
2024/03/05 09:25:15 CallOrder: worker get response &{2 [] 0 0}
2024/03/05 09:25:15 worker  56 get order:  &{2 [] 0 0}  order Type 2
2024/03/05 09:25:15 56  waiting for order
2024/03/05 09:25:17 56 :  call for  9  times
2024/03/05 09:25:17 CallOrder: worker get response &{2 [] 0 0}
2024/03/05 09:25:17 worker  56 get order:  &{2 [] 0 0}  order Type 2
2024/03/05 09:25:17 56  waiting for order
2024/03/05 09:25:19 56 :  call for  10  times
2024/03/05 09:25:19 CallOrder: worker get response &{2 [] 0 0}
2024/03/05 09:25:19 worker  56 get order:  &{2 [] 0 0}  order Type 2
2024/03/05 09:25:19 56  waiting for order
2024/03/05 09:25:21 56 :  call for  11  times
2024/03/05 09:25:21 CallOrder: worker get response &{1 [mr-tmp-0-5 mr-tmp-1-5 mr-tmp-2-5 mr-tmp-3-5 mr-tmp-4-5 mr-tmp-5-5 mr-tmp-6-5 mr-tmp-7-5] 13 0}
2024/03/05 09:25:21 worker  56 get order:  &{1 [mr-tmp-0-5 mr-tmp-1-5 mr-tmp-2-5 mr-tmp-3-5 mr-tmp-4-5 mr-tmp-5-5 mr-tmp-6-5 mr-tmp-7-5] 13 0}  order Type 1
2024/03/05 09:25:21 start 13 map
2024/03/05 09:25:21 Worker finish order 13, order type 1
2024/03/05 09:25:22 56 :  call for  12  times
2024/03/05 09:25:22 CallOrder: worker get response &{1 [mr-tmp-0-9 mr-tmp-1-9 mr-tmp-2-9 mr-tmp-3-9 mr-tmp-4-9 mr-tmp-5-9 mr-tmp-6-9 mr-tmp-7-9] 17 0}
2024/03/05 09:25:22 worker  56 get order:  &{1 [mr-tmp-0-9 mr-tmp-1-9 mr-tmp-2-9 mr-tmp-3-9 mr-tmp-4-9 mr-tmp-5-9 mr-tmp-6-9 mr-tmp-7-9] 17 0}  order Type 1
2024/03/05 09:25:22 start 17 map
2024/03/05 09:25:22 Worker finish order 17, order type 1
2024/03/05 09:25:23 56 :  call for  13  times
2024/03/05 09:25:23 CallOrder: worker get response &{3 [] 0 0}
2024/03/05 09:25:23 worker  56 get order:  &{3 [] 0 0}  order Type 3
2024/03/05 09:25:23 56  waiting for order
2024/03/05 09:25:25 56 :  call for  14  times
2024/03/05 09:25:25 CallOrder: worker get response &{3 [] 0 0}
2024/03/05 09:25:25 worker  56 get order:  &{3 [] 0 0}  order Type 3
2024/03/05 09:25:25 56  waiting for order
2024/03/05 09:25:27 56 :  call for  15  times
2024/03/05 09:25:27 CallOrder: worker get response &{3 [] 0 0}
2024/03/05 09:25:27 worker  56 get order:  &{3 [] 0 0}  order Type 3
2024/03/05 09:25:27 56  waiting for order
2024/03/05 09:25:29 56 :  call for  16  times
2024/03/05 09:25:29 CallOrder: worker get response &{3 [] 0 0}
2024/03/05 09:25:29 worker  56 get order:  &{3 [] 0 0}  order Type 3
2024/03/05 09:25:29 56  waiting for order
2024/03/05 09:25:31 56 :  call for  17  times
2024/03/05 09:25:31 CallOrder: worker get response &{4 [] 0 0}
2024/03/05 09:25:31 worker  56 get order:  &{4 [] 0 0}  order Type 4
2024/03/05 09:25:32 56  killed
