2024/03/04 23:00:09 9 :  call for  1  times
2024/03/04 23:00:09 CallOrder: worker get response &{0 [../pg-frankenstein.txt] 2 10}
2024/03/04 23:00:09 worker  9 get order:  &{0 [../pg-frankenstein.txt] 2 10}  order Type 0
2024/03/04 23:00:09 start 2 map
2024/03/04 23:00:09 Worker finish order 2, order type 0
2024/03/04 23:00:10 9 :  call for  2  times
2024/03/04 23:00:10 CallOrder: worker get response &{0 [../pg-metamorphosis.txt] 5 10}
2024/03/04 23:00:10 worker  9 get order:  &{0 [../pg-metamorphosis.txt] 5 10}  order Type 0
2024/03/04 23:00:10 start 5 map
2024/03/04 23:00:10 Worker finish order 5, order type 0
2024/03/04 23:00:11 9 :  call for  3  times
2024/03/04 23:00:11 CallOrder: worker get response &{0 [../pg-sherlock_holmes.txt] 6 10}
2024/03/04 23:00:11 worker  9 get order:  &{0 [../pg-sherlock_holmes.txt] 6 10}  order Type 0
2024/03/04 23:00:11 start 6 map
2024/03/04 23:00:11 Worker finish order 6, order type 0
2024/03/04 23:00:12 9 :  call for  4  times
2024/03/04 23:00:12 CallOrder: worker get response &{2 [] 0 0}
2024/03/04 23:00:12 worker  9 get order:  &{2 [] 0 0}  order Type 2
2024/03/04 23:00:12 9  waiting for order
2024/03/04 23:00:14 9 :  call for  5  times
2024/03/04 23:00:14 CallOrder: worker get response &{1 [mr-tmp-0-4 mr-tmp-1-4 mr-tmp-2-4 mr-tmp-3-4 mr-tmp-4-4 mr-tmp-5-4 mr-tmp-6-4 mr-tmp-7-4] 12 0}
2024/03/04 23:00:14 worker  9 get order:  &{1 [mr-tmp-0-4 mr-tmp-1-4 mr-tmp-2-4 mr-tmp-3-4 mr-tmp-4-4 mr-tmp-5-4 mr-tmp-6-4 mr-tmp-7-4] 12 0}  order Type 1
2024/03/04 23:00:14 start 12 map
2024/03/04 23:00:14 Worker finish order 12, order type 1
2024/03/04 23:00:15 9 :  call for  6  times
2024/03/04 23:00:15 CallOrder: worker get response &{1 [mr-tmp-0-6 mr-tmp-1-6 mr-tmp-2-6 mr-tmp-3-6 mr-tmp-4-6 mr-tmp-5-6 mr-tmp-6-6 mr-tmp-7-6] 14 0}
2024/03/04 23:00:15 worker  9 get order:  &{1 [mr-tmp-0-6 mr-tmp-1-6 mr-tmp-2-6 mr-tmp-3-6 mr-tmp-4-6 mr-tmp-5-6 mr-tmp-6-6 mr-tmp-7-6] 14 0}  order Type 1
2024/03/04 23:00:18 start 14 map
2024/03/04 23:00:18 Worker finish order 14, order type 1
2024/03/04 23:00:19 9 :  call for  7  times
2024/03/04 23:00:19 CallOrder: worker get response &{4 [] 0 0}
2024/03/04 23:00:19 worker  9 get order:  &{4 [] 0 0}  order Type 4
2024/03/04 23:00:20 9  killed
