2024/03/05 07:01:45 45 :  call for  1  times
2024/03/05 07:01:45 CallOrder: worker get response &{1 [mr-tmp-0-3 mr-tmp-1-3 mr-tmp-2-3 mr-tmp-3-3 mr-tmp-4-3 mr-tmp-5-3 mr-tmp-6-3 mr-tmp-7-3] 11 0}
2024/03/05 07:01:45 worker  45 get order:  &{1 [mr-tmp-0-3 mr-tmp-1-3 mr-tmp-2-3 mr-tmp-3-3 mr-tmp-4-3 mr-tmp-5-3 mr-tmp-6-3 mr-tmp-7-3] 11 0}  order Type 1
2024/03/05 07:01:45 start 11 map
2024/03/05 07:01:45 Worker finish order 11, order type 1
2024/03/05 07:01:46 45 :  call for  2  times
2024/03/05 07:01:46 CallOrder: worker get response &{1 [mr-tmp-0-7 mr-tmp-1-7 mr-tmp-2-7 mr-tmp-3-7 mr-tmp-4-7 mr-tmp-5-7 mr-tmp-6-7 mr-tmp-7-7] 15 0}
2024/03/05 07:01:46 worker  45 get order:  &{1 [mr-tmp-0-7 mr-tmp-1-7 mr-tmp-2-7 mr-tmp-3-7 mr-tmp-4-7 mr-tmp-5-7 mr-tmp-6-7 mr-tmp-7-7] 15 0}  order Type 1
2024/03/05 07:01:46 start 15 map
2024/03/05 07:01:46 Worker finish order 15, order type 1
2024/03/05 07:01:47 45 :  call for  3  times
2024/03/05 07:01:47 CallOrder: worker get response &{3 [] 0 0}
2024/03/05 07:01:47 worker  45 get order:  &{3 [] 0 0}  order Type 3
2024/03/05 07:01:47 45  waiting for order
2024/03/05 07:01:49 45 :  call for  4  times
2024/03/05 07:01:49 CallOrder: worker get response &{3 [] 0 0}
2024/03/05 07:01:49 worker  45 get order:  &{3 [] 0 0}  order Type 3
2024/03/05 07:01:49 45  waiting for order
2024/03/05 07:01:51 45 :  call for  5  times
2024/03/05 07:01:51 CallOrder: worker get response &{3 [] 0 0}
2024/03/05 07:01:51 worker  45 get order:  &{3 [] 0 0}  order Type 3
2024/03/05 07:01:51 45  waiting for order
2024/03/05 07:01:53 45 :  call for  6  times
2024/03/05 07:01:53 CallOrder: worker get response &{3 [] 0 0}
2024/03/05 07:01:53 worker  45 get order:  &{3 [] 0 0}  order Type 3
2024/03/05 07:01:53 45  waiting for order
2024/03/05 07:01:55 45 :  call for  7  times
2024/03/05 07:01:55 CallOrder: worker get response &{3 [] 0 0}
2024/03/05 07:01:55 worker  45 get order:  &{3 [] 0 0}  order Type 3
2024/03/05 07:01:55 45  waiting for order
2024/03/05 07:01:57 45 :  call for  8  times
2024/03/05 07:01:57 CallOrder: worker get response &{3 [] 0 0}
2024/03/05 07:01:57 worker  45 get order:  &{3 [] 0 0}  order Type 3
2024/03/05 07:01:57 45  waiting for order
2024/03/05 07:01:59 45 :  call for  9  times
2024/03/05 07:01:59 CallOrder: worker get response &{3 [] 0 0}
2024/03/05 07:01:59 worker  45 get order:  &{3 [] 0 0}  order Type 3
2024/03/05 07:01:59 45  waiting for order
2024/03/05 07:02:01 45 :  call for  10  times
2024/03/05 07:02:01 CallOrder: worker get response &{3 [] 0 0}
2024/03/05 07:02:01 worker  45 get order:  &{3 [] 0 0}  order Type 3
2024/03/05 07:02:01 45  waiting for order
2024/03/05 07:02:03 45 :  call for  11  times
2024/03/05 07:02:03 CallOrder: worker get response &{3 [] 0 0}
2024/03/05 07:02:03 worker  45 get order:  &{3 [] 0 0}  order Type 3
2024/03/05 07:02:03 45  waiting for order
2024/03/05 07:02:05 45 :  call for  12  times
2024/03/05 07:02:05 CallOrder: worker get response &{3 [] 0 0}
2024/03/05 07:02:05 worker  45 get order:  &{3 [] 0 0}  order Type 3
2024/03/05 07:02:05 45  waiting for order
2024/03/05 07:02:07 45 :  call for  13  times
2024/03/05 07:02:07 CallOrder: worker get response &{3 [] 0 0}
2024/03/05 07:02:07 worker  45 get order:  &{3 [] 0 0}  order Type 3
2024/03/05 07:02:07 45  waiting for order
2024/03/05 07:02:09 45 :  call for  14  times
2024/03/05 07:02:09 CallOrder: worker get response &{3 [] 0 0}
2024/03/05 07:02:09 worker  45 get order:  &{3 [] 0 0}  order Type 3
2024/03/05 07:02:09 45  waiting for order
2024/03/05 07:02:11 45 :  call for  15  times
2024/03/05 07:02:11 dialing:dial unix /var/tmp/824-mr-0: connect: connection refused
