2024/03/04 21:11:51 51 :  call for  1  times
2024/03/04 21:11:51 CallOrder: worker get response &{0 [../pg-being_ernest.txt] 0 10}
2024/03/04 21:11:51 worker  51 get order:  &{0 [../pg-being_ernest.txt] 0 10}  order Type 0
2024/03/04 21:11:52 start 0 map
2024/03/04 21:11:52 Worker finish order 0, order type 0
2024/03/04 21:11:53 51 :  call for  2  times
2024/03/04 21:11:53 CallOrder: worker get response &{0 [../pg-grimm.txt] 3 10}
2024/03/04 21:11:53 worker  51 get order:  &{0 [../pg-grimm.txt] 3 10}  order Type 0
2024/03/04 21:11:55 start 3 map
2024/03/04 21:11:55 Worker finish order 3, order type 0
2024/03/04 21:11:56 51 :  call for  3  times
2024/03/04 21:11:56 CallOrder: worker get response &{0 [../pg-tom_sawyer.txt] 7 10}
2024/03/04 21:11:56 worker  51 get order:  &{0 [../pg-tom_sawyer.txt] 7 10}  order Type 0
2024/03/04 21:11:57 start 7 map
2024/03/04 21:11:57 Worker finish order 7, order type 0
2024/03/04 21:11:58 51 :  call for  4  times
2024/03/04 21:11:58 CallOrder: worker get response &{2 [] 0 0}
2024/03/04 21:11:58 worker  51 get order:  &{2 [] 0 0}  order Type 2
2024/03/04 21:11:58 51  waiting for order
2024/03/04 21:12:00 51 :  call for  5  times
2024/03/04 21:12:00 CallOrder: worker get response &{1 [mr-tmp-0-3 mr-tmp-1-3 mr-tmp-2-3 mr-tmp-3-3 mr-tmp-4-3 mr-tmp-5-3 mr-tmp-6-3 mr-tmp-7-3] 11 0}
2024/03/04 21:12:00 worker  51 get order:  &{1 [mr-tmp-0-3 mr-tmp-1-3 mr-tmp-2-3 mr-tmp-3-3 mr-tmp-4-3 mr-tmp-5-3 mr-tmp-6-3 mr-tmp-7-3] 11 0}  order Type 1
2024/03/04 21:12:01 start 11 map
2024/03/04 21:12:01 Worker finish order 11, order type 1
2024/03/04 21:12:02 51 :  call for  6  times
2024/03/04 21:12:02 CallOrder: worker get response &{1 [mr-tmp-0-5 mr-tmp-1-5 mr-tmp-2-5 mr-tmp-3-5 mr-tmp-4-5 mr-tmp-5-5 mr-tmp-6-5 mr-tmp-7-5] 13 0}
2024/03/04 21:12:02 worker  51 get order:  &{1 [mr-tmp-0-5 mr-tmp-1-5 mr-tmp-2-5 mr-tmp-3-5 mr-tmp-4-5 mr-tmp-5-5 mr-tmp-6-5 mr-tmp-7-5] 13 0}  order Type 1
2024/03/04 21:12:02 start 13 map
2024/03/04 21:12:02 Worker finish order 13, order type 1
2024/03/04 21:12:03 51 :  call for  7  times
2024/03/04 21:12:03 CallOrder: worker get response &{1 [mr-tmp-0-8 mr-tmp-1-8 mr-tmp-2-8 mr-tmp-3-8 mr-tmp-4-8 mr-tmp-5-8 mr-tmp-6-8 mr-tmp-7-8] 16 0}
2024/03/04 21:12:03 worker  51 get order:  &{1 [mr-tmp-0-8 mr-tmp-1-8 mr-tmp-2-8 mr-tmp-3-8 mr-tmp-4-8 mr-tmp-5-8 mr-tmp-6-8 mr-tmp-7-8] 16 0}  order Type 1
2024/03/04 21:12:04 start 16 map
2024/03/04 21:12:04 Worker finish order 16, order type 1
2024/03/04 21:12:05 51 :  call for  8  times
2024/03/04 21:12:05 CallOrder: worker get response &{3 [] 0 0}
2024/03/04 21:12:05 worker  51 get order:  &{3 [] 0 0}  order Type 3
2024/03/04 21:12:05 51  waiting for order
2024/03/04 21:12:07 51 :  call for  9  times
2024/03/04 21:12:07 dialing:dial unix /var/tmp/824-mr-0: connect: connection refused
