2024/03/04 20:30:44 44 :  call for  1  times
2024/03/04 20:30:44 CallOrder: worker get response &{3 [] 0 0}
2024/03/04 20:30:44 worker  44 get order:  &{3 [] 0 0}  order Type 3
2024/03/04 20:30:44 44  waiting for order
2024/03/04 20:30:46 44 :  call for  2  times
2024/03/04 20:30:46 CallOrder: worker get response &{3 [] 0 0}
2024/03/04 20:30:46 worker  44 get order:  &{3 [] 0 0}  order Type 3
2024/03/04 20:30:46 44  waiting for order
2024/03/04 20:30:48 44 :  call for  3  times
2024/03/04 20:30:48 CallOrder: worker get response &{3 [] 0 0}
2024/03/04 20:30:48 worker  44 get order:  &{3 [] 0 0}  order Type 3
2024/03/04 20:30:48 44  waiting for order
2024/03/04 20:30:50 44 :  call for  4  times
2024/03/04 20:30:50 CallOrder: worker get response &{3 [] 0 0}
2024/03/04 20:30:50 worker  44 get order:  &{3 [] 0 0}  order Type 3
2024/03/04 20:30:50 44  waiting for order
2024/03/04 20:30:52 44 :  call for  5  times
2024/03/04 20:30:52 CallOrder: worker get response &{3 [] 0 0}
2024/03/04 20:30:52 worker  44 get order:  &{3 [] 0 0}  order Type 3
2024/03/04 20:30:52 44  waiting for order
2024/03/04 20:30:54 44 :  call for  6  times
2024/03/04 20:30:54 CallOrder: worker get response &{3 [] 0 0}
2024/03/04 20:30:54 worker  44 get order:  &{3 [] 0 0}  order Type 3
2024/03/04 20:30:54 44  waiting for order
2024/03/04 20:30:56 44 :  call for  7  times
2024/03/04 20:30:56 CallOrder: worker get response &{3 [] 0 0}
2024/03/04 20:30:56 worker  44 get order:  &{3 [] 0 0}  order Type 3
2024/03/04 20:30:56 44  waiting for order
2024/03/04 20:30:58 44 :  call for  8  times
2024/03/04 20:30:58 CallOrder: worker get response &{3 [] 0 0}
2024/03/04 20:30:58 worker  44 get order:  &{3 [] 0 0}  order Type 3
2024/03/04 20:30:58 44  waiting for order
2024/03/04 20:31:00 44 :  call for  9  times
2024/03/04 20:31:00 CallOrder: worker get response &{3 [] 0 0}
2024/03/04 20:31:00 worker  44 get order:  &{3 [] 0 0}  order Type 3
2024/03/04 20:31:00 44  waiting for order
2024/03/04 20:31:02 44 :  call for  10  times
2024/03/04 20:31:02 CallOrder: worker get response &{3 [] 0 0}
2024/03/04 20:31:02 worker  44 get order:  &{3 [] 0 0}  order Type 3
2024/03/04 20:31:02 44  waiting for order
2024/03/04 20:31:04 44 :  call for  11  times
2024/03/04 20:31:04 CallOrder: worker get response &{3 [] 0 0}
2024/03/04 20:31:04 worker  44 get order:  &{3 [] 0 0}  order Type 3
2024/03/04 20:31:04 44  waiting for order
2024/03/04 20:31:06 44 :  call for  12  times
2024/03/04 20:31:06 CallOrder: worker get response &{3 [] 0 0}
2024/03/04 20:31:06 worker  44 get order:  &{3 [] 0 0}  order Type 3
2024/03/04 20:31:06 44  waiting for order
2024/03/04 20:31:08 44 :  call for  13  times
2024/03/04 20:31:08 CallOrder: worker get response &{3 [] 0 0}
2024/03/04 20:31:08 worker  44 get order:  &{3 [] 0 0}  order Type 3
2024/03/04 20:31:08 44  waiting for order
2024/03/04 20:31:10 44 :  call for  14  times
2024/03/04 20:31:10 CallOrder: worker get response &{3 [] 0 0}
2024/03/04 20:31:10 worker  44 get order:  &{3 [] 0 0}  order Type 3
2024/03/04 20:31:10 44  waiting for order
2024/03/04 20:31:12 44 :  call for  15  times
2024/03/04 20:31:12 CallOrder: worker get response &{3 [] 0 0}
2024/03/04 20:31:12 worker  44 get order:  &{3 [] 0 0}  order Type 3
2024/03/04 20:31:12 44  waiting for order
2024/03/04 20:31:14 44 :  call for  16  times
2024/03/04 20:31:14 CallOrder: worker get response &{3 [] 0 0}
2024/03/04 20:31:14 worker  44 get order:  &{3 [] 0 0}  order Type 3
2024/03/04 20:31:14 44  waiting for order
2024/03/04 20:31:16 44 :  call for  17  times
2024/03/04 20:31:16 dialing:dial unix /var/tmp/824-mr-0: connect: connection refused
