2024/03/05 03:38:28 28 :  call for  1  times
2024/03/05 03:38:28 CallOrder: worker get response &{0 [../pg-being_ernest.txt] 0 10}
2024/03/05 03:38:28 worker  28 get order:  &{0 [../pg-being_ernest.txt] 0 10}  order Type 0
2024/03/05 03:38:29 start 0 map
2024/03/05 03:38:29 Worker finish order 0, order type 0
2024/03/05 03:38:30 28 :  call for  2  times
2024/03/05 03:38:30 CallOrder: worker get response &{0 [../pg-grimm.txt] 3 10}
2024/03/05 03:38:30 worker  28 get order:  &{0 [../pg-grimm.txt] 3 10}  order Type 0
2024/03/05 03:38:32 start 3 map
2024/03/05 03:38:32 Worker finish order 3, order type 0
2024/03/05 03:38:33 28 :  call for  3  times
2024/03/05 03:38:33 CallOrder: worker get response &{0 [../pg-tom_sawyer.txt] 7 10}
2024/03/05 03:38:33 worker  28 get order:  &{0 [../pg-tom_sawyer.txt] 7 10}  order Type 0
2024/03/05 03:38:34 start 7 map
2024/03/05 03:38:34 Worker finish order 7, order type 0
2024/03/05 03:38:35 28 :  call for  4  times
2024/03/05 03:38:35 CallOrder: worker get response &{2 [] 0 0}
2024/03/05 03:38:35 worker  28 get order:  &{2 [] 0 0}  order Type 2
2024/03/05 03:38:35 28  waiting for order
2024/03/05 03:38:37 28 :  call for  5  times
2024/03/05 03:38:37 CallOrder: worker get response &{1 [mr-tmp-0-4 mr-tmp-1-4 mr-tmp-2-4 mr-tmp-3-4 mr-tmp-4-4 mr-tmp-5-4 mr-tmp-6-4 mr-tmp-7-4] 12 0}
2024/03/05 03:38:37 worker  28 get order:  &{1 [mr-tmp-0-4 mr-tmp-1-4 mr-tmp-2-4 mr-tmp-3-4 mr-tmp-4-4 mr-tmp-5-4 mr-tmp-6-4 mr-tmp-7-4] 12 0}  order Type 1
2024/03/05 03:38:38 start 12 map
2024/03/05 03:38:38 Worker finish order 12, order type 1
2024/03/05 03:38:39 28 :  call for  6  times
2024/03/05 03:38:39 CallOrder: worker get response &{1 [mr-tmp-0-6 mr-tmp-1-6 mr-tmp-2-6 mr-tmp-3-6 mr-tmp-4-6 mr-tmp-5-6 mr-tmp-6-6 mr-tmp-7-6] 14 0}
2024/03/05 03:38:39 worker  28 get order:  &{1 [mr-tmp-0-6 mr-tmp-1-6 mr-tmp-2-6 mr-tmp-3-6 mr-tmp-4-6 mr-tmp-5-6 mr-tmp-6-6 mr-tmp-7-6] 14 0}  order Type 1
2024/03/05 03:38:40 start 14 map
2024/03/05 03:38:40 Worker finish order 14, order type 1
2024/03/05 03:38:41 28 :  call for  7  times
2024/03/05 03:38:41 CallOrder: worker get response &{3 [] 0 0}
2024/03/05 03:38:41 worker  28 get order:  &{3 [] 0 0}  order Type 3
2024/03/05 03:38:41 28  waiting for order
2024/03/05 03:38:43 28 :  call for  8  times
2024/03/05 03:38:43 CallOrder: worker get response &{4 [] 0 0}
2024/03/05 03:38:43 worker  28 get order:  &{4 [] 0 0}  order Type 4
2024/03/05 03:38:44 28  killed
