2024/03/05 07:55:58 58 :  call for  1  times
2024/03/05 07:55:58 CallOrder: worker get response &{0 [../pg-grimm.txt] 3 10}
2024/03/05 07:55:58 worker  58 get order:  &{0 [../pg-grimm.txt] 3 10}  order Type 0
2024/03/05 07:56:07 start 3 map
2024/03/05 07:56:07 Worker finish order 3, order type 0
2024/03/05 07:56:08 58 :  call for  2  times
2024/03/05 07:56:08 CallOrder: worker get response &{2 [] 0 0}
2024/03/05 07:56:08 worker  58 get order:  &{2 [] 0 0}  order Type 2
2024/03/05 07:56:08 58  waiting for order
2024/03/05 07:56:10 58 :  call for  3  times
2024/03/05 07:56:10 CallOrder: worker get response &{2 [] 0 0}
2024/03/05 07:56:10 worker  58 get order:  &{2 [] 0 0}  order Type 2
2024/03/05 07:56:10 58  waiting for order
2024/03/05 07:56:12 58 :  call for  4  times
2024/03/05 07:56:12 CallOrder: worker get response &{2 [] 0 0}
2024/03/05 07:56:12 worker  58 get order:  &{2 [] 0 0}  order Type 2
2024/03/05 07:56:12 58  waiting for order
2024/03/05 07:56:14 58 :  call for  5  times
2024/03/05 07:56:14 CallOrder: worker get response &{2 [] 0 0}
2024/03/05 07:56:14 worker  58 get order:  &{2 [] 0 0}  order Type 2
2024/03/05 07:56:14 58  waiting for order
2024/03/05 07:56:16 58 :  call for  6  times
2024/03/05 07:56:16 CallOrder: worker get response &{2 [] 0 0}
2024/03/05 07:56:16 worker  58 get order:  &{2 [] 0 0}  order Type 2
2024/03/05 07:56:16 58  waiting for order
2024/03/05 07:56:18 58 :  call for  7  times
2024/03/05 07:56:18 CallOrder: worker get response &{2 [] 0 0}
2024/03/05 07:56:18 worker  58 get order:  &{2 [] 0 0}  order Type 2
2024/03/05 07:56:18 58  waiting for order
2024/03/05 07:56:20 58 :  call for  8  times
2024/03/05 07:56:20 CallOrder: worker get response &{1 [mr-tmp-0-1 mr-tmp-1-1 mr-tmp-2-1 mr-tmp-3-1 mr-tmp-4-1 mr-tmp-5-1 mr-tmp-6-1 mr-tmp-7-1] 9 0}
2024/03/05 07:56:20 worker  58 get order:  &{1 [mr-tmp-0-1 mr-tmp-1-1 mr-tmp-2-1 mr-tmp-3-1 mr-tmp-4-1 mr-tmp-5-1 mr-tmp-6-1 mr-tmp-7-1] 9 0}  order Type 1
2024/03/05 07:56:20 start 9 map
2024/03/05 07:56:20 Worker finish order 9, order type 1
2024/03/05 07:56:21 58 :  call for  9  times
2024/03/05 07:56:21 CallOrder: worker get response &{1 [mr-tmp-0-3 mr-tmp-1-3 mr-tmp-2-3 mr-tmp-3-3 mr-tmp-4-3 mr-tmp-5-3 mr-tmp-6-3 mr-tmp-7-3] 11 0}
2024/03/05 07:56:21 worker  58 get order:  &{1 [mr-tmp-0-3 mr-tmp-1-3 mr-tmp-2-3 mr-tmp-3-3 mr-tmp-4-3 mr-tmp-5-3 mr-tmp-6-3 mr-tmp-7-3] 11 0}  order Type 1
2024/03/05 07:56:21 start 11 map
2024/03/05 07:56:21 Worker finish order 11, order type 1
2024/03/05 07:56:22 58 :  call for  10  times
2024/03/05 07:56:22 CallOrder: worker get response &{1 [mr-tmp-0-6 mr-tmp-1-6 mr-tmp-2-6 mr-tmp-3-6 mr-tmp-4-6 mr-tmp-5-6 mr-tmp-6-6 mr-tmp-7-6] 14 0}
2024/03/05 07:56:22 worker  58 get order:  &{1 [mr-tmp-0-6 mr-tmp-1-6 mr-tmp-2-6 mr-tmp-3-6 mr-tmp-4-6 mr-tmp-5-6 mr-tmp-6-6 mr-tmp-7-6] 14 0}  order Type 1
2024/03/05 07:56:22 start 14 map
2024/03/05 07:56:22 Worker finish order 14, order type 1
2024/03/05 07:56:23 58 :  call for  11  times
2024/03/05 07:56:23 CallOrder: worker get response &{1 [mr-tmp-0-9 mr-tmp-1-9 mr-tmp-2-9 mr-tmp-3-9 mr-tmp-4-9 mr-tmp-5-9 mr-tmp-6-9 mr-tmp-7-9] 17 0}
2024/03/05 07:56:23 worker  58 get order:  &{1 [mr-tmp-0-9 mr-tmp-1-9 mr-tmp-2-9 mr-tmp-3-9 mr-tmp-4-9 mr-tmp-5-9 mr-tmp-6-9 mr-tmp-7-9] 17 0}  order Type 1
2024/03/05 07:56:24 start 17 map
2024/03/05 07:56:24 Worker finish order 17, order type 1
2024/03/05 07:56:25 58 :  call for  12  times
2024/03/05 07:56:25 CallOrder: worker get response &{3 [] 0 0}
2024/03/05 07:56:25 worker  58 get order:  &{3 [] 0 0}  order Type 3
2024/03/05 07:56:25 58  waiting for order
2024/03/05 07:56:27 58 :  call for  13  times
2024/03/05 07:56:27 CallOrder: worker get response &{3 [] 0 0}
2024/03/05 07:56:27 worker  58 get order:  &{3 [] 0 0}  order Type 3
2024/03/05 07:56:27 58  waiting for order
2024/03/05 07:56:29 58 :  call for  14  times
2024/03/05 07:56:29 CallOrder: worker get response &{3 [] 0 0}
2024/03/05 07:56:29 worker  58 get order:  &{3 [] 0 0}  order Type 3
2024/03/05 07:56:29 58  waiting for order
2024/03/05 07:56:31 58 :  call for  15  times
2024/03/05 07:56:31 CallOrder: worker get response &{1 [mr-tmp-0-2 mr-tmp-1-2 mr-tmp-2-2 mr-tmp-3-2 mr-tmp-4-2 mr-tmp-5-2 mr-tmp-6-2 mr-tmp-7-2] 10 0}
2024/03/05 07:56:31 worker  58 get order:  &{1 [mr-tmp-0-2 mr-tmp-1-2 mr-tmp-2-2 mr-tmp-3-2 mr-tmp-4-2 mr-tmp-5-2 mr-tmp-6-2 mr-tmp-7-2] 10 0}  order Type 1
2024/03/05 07:56:31 start 10 map
2024/03/05 07:56:31 Worker finish order 10, order type 1
2024/03/05 07:56:32 58 :  call for  16  times
2024/03/05 07:56:32 CallOrder: worker get response &{3 [] 0 0}
2024/03/05 07:56:32 worker  58 get order:  &{3 [] 0 0}  order Type 3
2024/03/05 07:56:32 58  waiting for order
2024/03/05 07:56:34 58 :  call for  17  times
2024/03/05 07:56:34 dialing:dial unix /var/tmp/824-mr-0: connect: connection refused
