2024/03/05 12:24:59 59 :  call for  1  times
2024/03/05 12:24:59 CallOrder: worker get response &{0 [../pg-frankenstein.txt] 2 10}
2024/03/05 12:24:59 worker  59 get order:  &{0 [../pg-frankenstein.txt] 2 10}  order Type 0
2024/03/05 12:24:59 start 2 map
2024/03/05 12:24:59 Worker finish order 2, order type 0
2024/03/05 12:25:00 59 :  call for  2  times
2024/03/05 12:25:00 CallOrder: worker get response &{0 [../pg-metamorphosis.txt] 5 10}
2024/03/05 12:25:00 worker  59 get order:  &{0 [../pg-metamorphosis.txt] 5 10}  order Type 0
2024/03/05 12:25:00 start 5 map
2024/03/05 12:25:00 Worker finish order 5, order type 0
2024/03/05 12:25:01 59 :  call for  3  times
2024/03/05 12:25:01 CallOrder: worker get response &{0 [../pg-sherlock_holmes.txt] 6 10}
2024/03/05 12:25:01 worker  59 get order:  &{0 [../pg-sherlock_holmes.txt] 6 10}  order Type 0
2024/03/05 12:25:01 start 6 map
2024/03/05 12:25:01 Worker finish order 6, order type 0
2024/03/05 12:25:02 59 :  call for  4  times
2024/03/05 12:25:02 CallOrder: worker get response &{2 [] 0 0}
2024/03/05 12:25:02 worker  59 get order:  &{2 [] 0 0}  order Type 2
2024/03/05 12:25:02 59  waiting for order
2024/03/05 12:25:04 59 :  call for  5  times
2024/03/05 12:25:04 CallOrder: worker get response &{1 [mr-tmp-0-4 mr-tmp-1-4 mr-tmp-2-4 mr-tmp-3-4 mr-tmp-4-4 mr-tmp-5-4 mr-tmp-6-4 mr-tmp-7-4] 12 0}
2024/03/05 12:25:04 worker  59 get order:  &{1 [mr-tmp-0-4 mr-tmp-1-4 mr-tmp-2-4 mr-tmp-3-4 mr-tmp-4-4 mr-tmp-5-4 mr-tmp-6-4 mr-tmp-7-4] 12 0}  order Type 1
2024/03/05 12:25:04 start 12 map
2024/03/05 12:25:04 Worker finish order 12, order type 1
2024/03/05 12:25:05 59 :  call for  6  times
2024/03/05 12:25:05 CallOrder: worker get response &{1 [mr-tmp-0-6 mr-tmp-1-6 mr-tmp-2-6 mr-tmp-3-6 mr-tmp-4-6 mr-tmp-5-6 mr-tmp-6-6 mr-tmp-7-6] 14 0}
2024/03/05 12:25:05 worker  59 get order:  &{1 [mr-tmp-0-6 mr-tmp-1-6 mr-tmp-2-6 mr-tmp-3-6 mr-tmp-4-6 mr-tmp-5-6 mr-tmp-6-6 mr-tmp-7-6] 14 0}  order Type 1
2024/03/05 12:25:08 start 14 map
2024/03/05 12:25:08 Worker finish order 14, order type 1
2024/03/05 12:25:09 59 :  call for  7  times
2024/03/05 12:25:09 CallOrder: worker get response &{4 [] 0 0}
2024/03/05 12:25:09 worker  59 get order:  &{4 [] 0 0}  order Type 4
2024/03/05 12:25:10 59  killed
