2024/03/05 05:38:44 44 :  call for  1  times
2024/03/05 05:38:44 CallOrder: worker get response &{0 [../pg-dorian_gray.txt] 1 10}
2024/03/05 05:38:44 worker  44 get order:  &{0 [../pg-dorian_gray.txt] 1 10}  order Type 0
2024/03/05 05:38:46 start 1 map
2024/03/05 05:38:46 Worker finish order 1, order type 0
2024/03/05 05:38:47 44 :  call for  2  times
2024/03/05 05:38:47 CallOrder: worker get response &{0 [../pg-metamorphosis.txt] 5 10}
2024/03/05 05:38:47 worker  44 get order:  &{0 [../pg-metamorphosis.txt] 5 10}  order Type 0
2024/03/05 05:38:47 start 5 map
2024/03/05 05:38:47 Worker finish order 5, order type 0
2024/03/05 05:38:48 44 :  call for  3  times
2024/03/05 05:38:48 CallOrder: worker get response &{0 [../pg-tom_sawyer.txt] 7 10}
2024/03/05 05:38:48 worker  44 get order:  &{0 [../pg-tom_sawyer.txt] 7 10}  order Type 0
2024/03/05 05:38:50 start 7 map
2024/03/05 05:38:50 Worker finish order 7, order type 0
2024/03/05 05:38:51 44 :  call for  4  times
2024/03/05 05:38:51 CallOrder: worker get response &{2 [] 0 0}
2024/03/05 05:38:51 worker  44 get order:  &{2 [] 0 0}  order Type 2
2024/03/05 05:38:51 44  waiting for order
2024/03/05 05:38:53 44 :  call for  5  times
2024/03/05 05:38:53 CallOrder: worker get response &{1 [mr-tmp-0-3 mr-tmp-1-3 mr-tmp-2-3 mr-tmp-3-3 mr-tmp-4-3 mr-tmp-5-3 mr-tmp-6-3 mr-tmp-7-3] 11 0}
2024/03/05 05:38:53 worker  44 get order:  &{1 [mr-tmp-0-3 mr-tmp-1-3 mr-tmp-2-3 mr-tmp-3-3 mr-tmp-4-3 mr-tmp-5-3 mr-tmp-6-3 mr-tmp-7-3] 11 0}  order Type 1
2024/03/05 05:38:54 start 11 map
2024/03/05 05:38:54 Worker finish order 11, order type 1
2024/03/05 05:38:55 44 :  call for  6  times
2024/03/05 05:38:55 CallOrder: worker get response &{1 [mr-tmp-0-6 mr-tmp-1-6 mr-tmp-2-6 mr-tmp-3-6 mr-tmp-4-6 mr-tmp-5-6 mr-tmp-6-6 mr-tmp-7-6] 14 0}
2024/03/05 05:38:55 worker  44 get order:  &{1 [mr-tmp-0-6 mr-tmp-1-6 mr-tmp-2-6 mr-tmp-3-6 mr-tmp-4-6 mr-tmp-5-6 mr-tmp-6-6 mr-tmp-7-6] 14 0}  order Type 1
2024/03/05 05:38:57 start 14 map
2024/03/05 05:38:57 Worker finish order 14, order type 1
2024/03/05 05:38:58 44 :  call for  7  times
2024/03/05 05:38:58 CallOrder: worker get response &{3 [] 0 0}
2024/03/05 05:38:58 worker  44 get order:  &{3 [] 0 0}  order Type 3
2024/03/05 05:38:58 44  waiting for order
2024/03/05 05:39:00 44 :  call for  8  times
2024/03/05 05:39:00 CallOrder: worker get response &{4 [] 0 0}
2024/03/05 05:39:00 worker  44 get order:  &{4 [] 0 0}  order Type 4
2024/03/05 05:39:01 44  killed
