2024/03/05 09:58:49 49 :  call for  1  times
2024/03/05 09:58:49 CallOrder: worker get response &{0 [../pg-tom_sawyer.txt] 7 10}
2024/03/05 09:58:49 worker  49 get order:  &{0 [../pg-tom_sawyer.txt] 7 10}  order Type 0
2024/03/05 09:58:52 start 7 map
2024/03/05 09:58:52 Worker finish order 7, order type 0
2024/03/05 09:58:53 49 :  call for  2  times
2024/03/05 09:58:53 CallOrder: worker get response &{2 [] 0 0}
2024/03/05 09:58:53 worker  49 get order:  &{2 [] 0 0}  order Type 2
2024/03/05 09:58:53 49  waiting for order
2024/03/05 09:58:55 49 :  call for  3  times
2024/03/05 09:58:55 CallOrder: worker get response &{2 [] 0 0}
2024/03/05 09:58:55 worker  49 get order:  &{2 [] 0 0}  order Type 2
2024/03/05 09:58:55 49  waiting for order
2024/03/05 09:58:57 49 :  call for  4  times
2024/03/05 09:58:57 CallOrder: worker get response &{2 [] 0 0}
2024/03/05 09:58:57 worker  49 get order:  &{2 [] 0 0}  order Type 2
2024/03/05 09:58:57 49  waiting for order
2024/03/05 09:58:59 49 :  call for  5  times
2024/03/05 09:58:59 CallOrder: worker get response &{0 [../pg-grimm.txt] 3 10}
2024/03/05 09:58:59 worker  49 get order:  &{0 [../pg-grimm.txt] 3 10}  order Type 0
