2024/03/05 10:32:12 12 :  call for  1  times
2024/03/05 10:32:12 CallOrder: worker get response &{0 [../pg-being_ernest.txt] 0 10}
2024/03/05 10:32:12 worker  12 get order:  &{0 [../pg-being_ernest.txt] 0 10}  order Type 0
2024/03/05 10:32:12 start 0 map
2024/03/05 10:32:12 Worker finish order 0, order type 0
2024/03/05 10:32:13 12 :  call for  2  times
2024/03/05 10:32:13 CallOrder: worker get response &{0 [../pg-frankenstein.txt] 2 10}
2024/03/05 10:32:13 worker  12 get order:  &{0 [../pg-frankenstein.txt] 2 10}  order Type 0
2024/03/05 10:32:13 start 2 map
2024/03/05 10:32:13 Worker finish order 2, order type 0
2024/03/05 10:32:14 12 :  call for  3  times
2024/03/05 10:32:14 CallOrder: worker get response &{0 [../pg-huckleberry_finn.txt] 4 10}
2024/03/05 10:32:14 worker  12 get order:  &{0 [../pg-huckleberry_finn.txt] 4 10}  order Type 0
2024/03/05 10:32:14 start 4 map
2024/03/05 10:32:14 Worker finish order 4, order type 0
2024/03/05 10:32:15 12 :  call for  4  times
2024/03/05 10:32:15 CallOrder: worker get response &{0 [../pg-sherlock_holmes.txt] 6 10}
2024/03/05 10:32:15 worker  12 get order:  &{0 [../pg-sherlock_holmes.txt] 6 10}  order Type 0
2024/03/05 10:32:16 start 6 map
2024/03/05 10:32:16 Worker finish order 6, order type 0
2024/03/05 10:32:17 12 :  call for  5  times
2024/03/05 10:32:17 CallOrder: worker get response &{1 [mr-tmp-0-0 mr-tmp-1-0 mr-tmp-2-0 mr-tmp-3-0 mr-tmp-4-0 mr-tmp-5-0 mr-tmp-6-0 mr-tmp-7-0] 8 0}
2024/03/05 10:32:17 worker  12 get order:  &{1 [mr-tmp-0-0 mr-tmp-1-0 mr-tmp-2-0 mr-tmp-3-0 mr-tmp-4-0 mr-tmp-5-0 mr-tmp-6-0 mr-tmp-7-0] 8 0}  order Type 1
2024/03/05 10:32:18 start 8 map
2024/03/05 10:32:18 Worker finish order 8, order type 1
2024/03/05 10:32:19 12 :  call for  6  times
2024/03/05 10:32:19 CallOrder: worker get response &{1 [mr-tmp-0-2 mr-tmp-1-2 mr-tmp-2-2 mr-tmp-3-2 mr-tmp-4-2 mr-tmp-5-2 mr-tmp-6-2 mr-tmp-7-2] 10 0}
2024/03/05 10:32:19 worker  12 get order:  &{1 [mr-tmp-0-2 mr-tmp-1-2 mr-tmp-2-2 mr-tmp-3-2 mr-tmp-4-2 mr-tmp-5-2 mr-tmp-6-2 mr-tmp-7-2] 10 0}  order Type 1
2024/03/05 10:32:20 start 10 map
2024/03/05 10:32:20 Worker finish order 10, order type 1
2024/03/05 10:32:21 12 :  call for  7  times
2024/03/05 10:32:21 CallOrder: worker get response &{1 [mr-tmp-0-4 mr-tmp-1-4 mr-tmp-2-4 mr-tmp-3-4 mr-tmp-4-4 mr-tmp-5-4 mr-tmp-6-4 mr-tmp-7-4] 12 0}
2024/03/05 10:32:21 worker  12 get order:  &{1 [mr-tmp-0-4 mr-tmp-1-4 mr-tmp-2-4 mr-tmp-3-4 mr-tmp-4-4 mr-tmp-5-4 mr-tmp-6-4 mr-tmp-7-4] 12 0}  order Type 1
2024/03/05 10:32:23 start 12 map
2024/03/05 10:32:23 Worker finish order 12, order type 1
2024/03/05 10:32:24 12 :  call for  8  times
2024/03/05 10:32:24 CallOrder: worker get response &{1 [mr-tmp-0-6 mr-tmp-1-6 mr-tmp-2-6 mr-tmp-3-6 mr-tmp-4-6 mr-tmp-5-6 mr-tmp-6-6 mr-tmp-7-6] 14 0}
2024/03/05 10:32:24 worker  12 get order:  &{1 [mr-tmp-0-6 mr-tmp-1-6 mr-tmp-2-6 mr-tmp-3-6 mr-tmp-4-6 mr-tmp-5-6 mr-tmp-6-6 mr-tmp-7-6] 14 0}  order Type 1
2024/03/05 10:32:25 start 14 map
2024/03/05 10:32:25 Worker finish order 14, order type 1
2024/03/05 10:32:26 12 :  call for  9  times
2024/03/05 10:32:26 CallOrder: worker get response &{1 [mr-tmp-0-8 mr-tmp-1-8 mr-tmp-2-8 mr-tmp-3-8 mr-tmp-4-8 mr-tmp-5-8 mr-tmp-6-8 mr-tmp-7-8] 16 0}
2024/03/05 10:32:26 worker  12 get order:  &{1 [mr-tmp-0-8 mr-tmp-1-8 mr-tmp-2-8 mr-tmp-3-8 mr-tmp-4-8 mr-tmp-5-8 mr-tmp-6-8 mr-tmp-7-8] 16 0}  order Type 1
2024/03/05 10:32:26 start 16 map
2024/03/05 10:32:26 Worker finish order 16, order type 1
2024/03/05 10:32:27 12 :  call for  10  times
2024/03/05 10:32:27 CallOrder: worker get response &{3 [] 0 0}
2024/03/05 10:32:27 worker  12 get order:  &{3 [] 0 0}  order Type 3
2024/03/05 10:32:27 12  waiting for order
2024/03/05 10:32:29 12 :  call for  11  times
2024/03/05 10:32:29 CallOrder: worker get response &{4 [] 0 0}
2024/03/05 10:32:29 worker  12 get order:  &{4 [] 0 0}  order Type 4
2024/03/05 10:32:30 12  killed
