2024/03/05 13:06:47 47 :  call for  1  times
2024/03/05 13:06:47 CallOrder: worker get response &{2 [] 0 0}
2024/03/05 13:06:47 worker  47 get order:  &{2 [] 0 0}  order Type 2
2024/03/05 13:06:47 47  waiting for order
2024/03/05 13:06:49 47 :  call for  2  times
2024/03/05 13:06:49 CallOrder: worker get response &{2 [] 0 0}
2024/03/05 13:06:49 worker  47 get order:  &{2 [] 0 0}  order Type 2
2024/03/05 13:06:49 47  waiting for order
2024/03/05 13:06:51 47 :  call for  3  times
2024/03/05 13:06:51 CallOrder: worker get response &{2 [] 0 0}
2024/03/05 13:06:51 worker  47 get order:  &{2 [] 0 0}  order Type 2
2024/03/05 13:06:51 47  waiting for order
2024/03/05 13:06:53 47 :  call for  4  times
2024/03/05 13:06:53 CallOrder: worker get response &{2 [] 0 0}
2024/03/05 13:06:53 worker  47 get order:  &{2 [] 0 0}  order Type 2
2024/03/05 13:06:53 47  waiting for order
2024/03/05 13:06:55 47 :  call for  5  times
2024/03/05 13:06:55 CallOrder: worker get response &{2 [] 0 0}
2024/03/05 13:06:55 worker  47 get order:  &{2 [] 0 0}  order Type 2
2024/03/05 13:06:55 47  waiting for order
2024/03/05 13:06:57 47 :  call for  6  times
2024/03/05 13:06:57 CallOrder: worker get response &{2 [] 0 0}
2024/03/05 13:06:57 worker  47 get order:  &{2 [] 0 0}  order Type 2
2024/03/05 13:06:57 47  waiting for order
2024/03/05 13:06:59 47 :  call for  7  times
2024/03/05 13:06:59 CallOrder: worker get response &{2 [] 0 0}
2024/03/05 13:06:59 worker  47 get order:  &{2 [] 0 0}  order Type 2
2024/03/05 13:06:59 47  waiting for order
2024/03/05 13:07:01 47 :  call for  8  times
2024/03/05 13:07:01 CallOrder: worker get response &{1 [mr-tmp-0-3 mr-tmp-1-3 mr-tmp-2-3 mr-tmp-3-3 mr-tmp-4-3 mr-tmp-5-3 mr-tmp-6-3 mr-tmp-7-3] 11 0}
2024/03/05 13:07:01 worker  47 get order:  &{1 [mr-tmp-0-3 mr-tmp-1-3 mr-tmp-2-3 mr-tmp-3-3 mr-tmp-4-3 mr-tmp-5-3 mr-tmp-6-3 mr-tmp-7-3] 11 0}  order Type 1
2024/03/05 13:07:01 start 11 map
2024/03/05 13:07:01 Worker finish order 11, order type 1
2024/03/05 13:07:02 47 :  call for  9  times
2024/03/05 13:07:02 CallOrder: worker get response &{1 [mr-tmp-0-6 mr-tmp-1-6 mr-tmp-2-6 mr-tmp-3-6 mr-tmp-4-6 mr-tmp-5-6 mr-tmp-6-6 mr-tmp-7-6] 14 0}
2024/03/05 13:07:02 worker  47 get order:  &{1 [mr-tmp-0-6 mr-tmp-1-6 mr-tmp-2-6 mr-tmp-3-6 mr-tmp-4-6 mr-tmp-5-6 mr-tmp-6-6 mr-tmp-7-6] 14 0}  order Type 1
2024/03/05 13:07:02 start 14 map
2024/03/05 13:07:02 Worker finish order 14, order type 1
2024/03/05 13:07:03 47 :  call for  10  times
2024/03/05 13:07:03 CallOrder: worker get response &{1 [mr-tmp-0-8 mr-tmp-1-8 mr-tmp-2-8 mr-tmp-3-8 mr-tmp-4-8 mr-tmp-5-8 mr-tmp-6-8 mr-tmp-7-8] 16 0}
2024/03/05 13:07:03 worker  47 get order:  &{1 [mr-tmp-0-8 mr-tmp-1-8 mr-tmp-2-8 mr-tmp-3-8 mr-tmp-4-8 mr-tmp-5-8 mr-tmp-6-8 mr-tmp-7-8] 16 0}  order Type 1
2024/03/05 13:07:03 start 16 map
2024/03/05 13:07:03 Worker finish order 16, order type 1
2024/03/05 13:07:04 47 :  call for  11  times
2024/03/05 13:07:04 CallOrder: worker get response &{3 [] 0 0}
2024/03/05 13:07:04 worker  47 get order:  &{3 [] 0 0}  order Type 3
2024/03/05 13:07:04 47  waiting for order
2024/03/05 13:07:06 47 :  call for  12  times
2024/03/05 13:07:06 CallOrder: worker get response &{3 [] 0 0}
2024/03/05 13:07:06 worker  47 get order:  &{3 [] 0 0}  order Type 3
2024/03/05 13:07:06 47  waiting for order
2024/03/05 13:07:08 47 :  call for  13  times
2024/03/05 13:07:08 CallOrder: worker get response &{3 [] 0 0}
2024/03/05 13:07:08 worker  47 get order:  &{3 [] 0 0}  order Type 3
2024/03/05 13:07:08 47  waiting for order
2024/03/05 13:07:10 47 :  call for  14  times
2024/03/05 13:07:10 CallOrder: worker get response &{3 [] 0 0}
2024/03/05 13:07:10 worker  47 get order:  &{3 [] 0 0}  order Type 3
2024/03/05 13:07:10 47  waiting for order
2024/03/05 13:07:12 47 :  call for  15  times
2024/03/05 13:07:12 CallOrder: worker get response &{3 [] 0 0}
2024/03/05 13:07:12 worker  47 get order:  &{3 [] 0 0}  order Type 3
2024/03/05 13:07:12 47  waiting for order
2024/03/05 13:07:14 47 :  call for  16  times
2024/03/05 13:07:14 CallOrder: worker get response &{3 [] 0 0}
2024/03/05 13:07:14 worker  47 get order:  &{3 [] 0 0}  order Type 3
2024/03/05 13:07:14 47  waiting for order
2024/03/05 13:07:16 47 :  call for  17  times
2024/03/05 13:07:16 CallOrder: worker get response &{3 [] 0 0}
2024/03/05 13:07:16 worker  47 get order:  &{3 [] 0 0}  order Type 3
2024/03/05 13:07:16 47  waiting for order
2024/03/05 13:07:18 47 :  call for  18  times
2024/03/05 13:07:18 CallOrder: worker get response &{4 [] 0 0}
2024/03/05 13:07:18 worker  47 get order:  &{4 [] 0 0}  order Type 4
2024/03/05 13:07:19 47  killed
