2024/03/04 21:28:28 28 :  call for  1  times
2024/03/04 21:28:28 CallOrder: worker get response &{0 [../pg-sherlock_holmes.txt] 6 10}
2024/03/04 21:28:28 worker  28 get order:  &{0 [../pg-sherlock_holmes.txt] 6 10}  order Type 0
2024/03/04 21:28:36 start 6 map
2024/03/04 21:28:36 Worker finish order 6, order type 0
2024/03/04 21:28:37 28 :  call for  2  times
2024/03/04 21:28:37 CallOrder: worker get response &{2 [] 0 0}
2024/03/04 21:28:37 worker  28 get order:  &{2 [] 0 0}  order Type 2
2024/03/04 21:28:37 28  waiting for order
2024/03/04 21:28:39 28 :  call for  3  times
2024/03/04 21:28:39 CallOrder: worker get response &{2 [] 0 0}
2024/03/04 21:28:39 worker  28 get order:  &{2 [] 0 0}  order Type 2
2024/03/04 21:28:39 28  waiting for order
2024/03/04 21:28:41 28 :  call for  4  times
2024/03/04 21:28:41 CallOrder: worker get response &{1 [mr-tmp-0-3 mr-tmp-1-3 mr-tmp-2-3 mr-tmp-3-3 mr-tmp-4-3 mr-tmp-5-3 mr-tmp-6-3 mr-tmp-7-3] 11 0}
2024/03/04 21:28:41 worker  28 get order:  &{1 [mr-tmp-0-3 mr-tmp-1-3 mr-tmp-2-3 mr-tmp-3-3 mr-tmp-4-3 mr-tmp-5-3 mr-tmp-6-3 mr-tmp-7-3] 11 0}  order Type 1
2024/03/04 21:28:41 start 11 map
2024/03/04 21:28:41 Worker finish order 11, order type 1
2024/03/04 21:28:42 28 :  call for  5  times
2024/03/04 21:28:42 CallOrder: worker get response &{1 [mr-tmp-0-4 mr-tmp-1-4 mr-tmp-2-4 mr-tmp-3-4 mr-tmp-4-4 mr-tmp-5-4 mr-tmp-6-4 mr-tmp-7-4] 12 0}
2024/03/04 21:28:42 worker  28 get order:  &{1 [mr-tmp-0-4 mr-tmp-1-4 mr-tmp-2-4 mr-tmp-3-4 mr-tmp-4-4 mr-tmp-5-4 mr-tmp-6-4 mr-tmp-7-4] 12 0}  order Type 1
2024/03/04 21:28:42 start 12 map
2024/03/04 21:28:42 Worker finish order 12, order type 1
2024/03/04 21:28:43 28 :  call for  6  times
2024/03/04 21:28:43 CallOrder: worker get response &{1 [mr-tmp-0-5 mr-tmp-1-5 mr-tmp-2-5 mr-tmp-3-5 mr-tmp-4-5 mr-tmp-5-5 mr-tmp-6-5 mr-tmp-7-5] 13 0}
2024/03/04 21:28:43 worker  28 get order:  &{1 [mr-tmp-0-5 mr-tmp-1-5 mr-tmp-2-5 mr-tmp-3-5 mr-tmp-4-5 mr-tmp-5-5 mr-tmp-6-5 mr-tmp-7-5] 13 0}  order Type 1
2024/03/04 21:28:43 start 13 map
2024/03/04 21:28:43 Worker finish order 13, order type 1
2024/03/04 21:28:44 28 :  call for  7  times
2024/03/04 21:28:44 CallOrder: worker get response &{1 [mr-tmp-0-6 mr-tmp-1-6 mr-tmp-2-6 mr-tmp-3-6 mr-tmp-4-6 mr-tmp-5-6 mr-tmp-6-6 mr-tmp-7-6] 14 0}
2024/03/04 21:28:44 worker  28 get order:  &{1 [mr-tmp-0-6 mr-tmp-1-6 mr-tmp-2-6 mr-tmp-3-6 mr-tmp-4-6 mr-tmp-5-6 mr-tmp-6-6 mr-tmp-7-6] 14 0}  order Type 1
2024/03/04 21:28:44 start 14 map
2024/03/04 21:28:44 Worker finish order 14, order type 1
2024/03/04 21:28:45 28 :  call for  8  times
2024/03/04 21:28:45 CallOrder: worker get response &{1 [mr-tmp-0-7 mr-tmp-1-7 mr-tmp-2-7 mr-tmp-3-7 mr-tmp-4-7 mr-tmp-5-7 mr-tmp-6-7 mr-tmp-7-7] 15 0}
2024/03/04 21:28:45 worker  28 get order:  &{1 [mr-tmp-0-7 mr-tmp-1-7 mr-tmp-2-7 mr-tmp-3-7 mr-tmp-4-7 mr-tmp-5-7 mr-tmp-6-7 mr-tmp-7-7] 15 0}  order Type 1
2024/03/04 21:28:45 start 15 map
2024/03/04 21:28:45 Worker finish order 15, order type 1
2024/03/04 21:28:46 28 :  call for  9  times
2024/03/04 21:28:46 CallOrder: worker get response &{1 [mr-tmp-0-8 mr-tmp-1-8 mr-tmp-2-8 mr-tmp-3-8 mr-tmp-4-8 mr-tmp-5-8 mr-tmp-6-8 mr-tmp-7-8] 16 0}
2024/03/04 21:28:46 worker  28 get order:  &{1 [mr-tmp-0-8 mr-tmp-1-8 mr-tmp-2-8 mr-tmp-3-8 mr-tmp-4-8 mr-tmp-5-8 mr-tmp-6-8 mr-tmp-7-8] 16 0}  order Type 1
2024/03/04 21:28:46 start 16 map
2024/03/04 21:28:46 Worker finish order 16, order type 1
2024/03/04 21:28:47 28 :  call for  10  times
2024/03/04 21:28:47 CallOrder: worker get response &{1 [mr-tmp-0-9 mr-tmp-1-9 mr-tmp-2-9 mr-tmp-3-9 mr-tmp-4-9 mr-tmp-5-9 mr-tmp-6-9 mr-tmp-7-9] 17 0}
2024/03/04 21:28:47 worker  28 get order:  &{1 [mr-tmp-0-9 mr-tmp-1-9 mr-tmp-2-9 mr-tmp-3-9 mr-tmp-4-9 mr-tmp-5-9 mr-tmp-6-9 mr-tmp-7-9] 17 0}  order Type 1
2024/03/04 21:28:49 start 17 map
2024/03/04 21:28:49 Worker finish order 17, order type 1
2024/03/04 21:28:50 28 :  call for  11  times
2024/03/04 21:28:50 CallOrder: worker get response &{3 [] 0 0}
2024/03/04 21:28:50 worker  28 get order:  &{3 [] 0 0}  order Type 3
2024/03/04 21:28:50 28  waiting for order
2024/03/04 21:28:52 28 :  call for  12  times
2024/03/04 21:28:52 dialing:dial unix /var/tmp/824-mr-0: connect: connection refused
