2024/03/05 08:54:36 36 :  call for  1  times
2024/03/05 08:54:36 CallOrder: worker get response &{0 [../pg-being_ernest.txt] 0 10}
2024/03/05 08:54:36 worker  36 get order:  &{0 [../pg-being_ernest.txt] 0 10}  order Type 0
2024/03/05 08:54:36 start 0 map
2024/03/05 08:54:36 Worker finish order 0, order type 0
2024/03/05 08:54:37 36 :  call for  2  times
2024/03/05 08:54:37 CallOrder: worker get response &{0 [../pg-frankenstein.txt] 2 10}
2024/03/05 08:54:37 worker  36 get order:  &{0 [../pg-frankenstein.txt] 2 10}  order Type 0
2024/03/05 08:54:37 start 2 map
2024/03/05 08:54:37 Worker finish order 2, order type 0
2024/03/05 08:54:38 36 :  call for  3  times
2024/03/05 08:54:38 CallOrder: worker get response &{0 [../pg-huckleberry_finn.txt] 4 10}
2024/03/05 08:54:38 worker  36 get order:  &{0 [../pg-huckleberry_finn.txt] 4 10}  order Type 0
2024/03/05 08:54:38 start 4 map
2024/03/05 08:54:38 Worker finish order 4, order type 0
2024/03/05 08:54:39 36 :  call for  4  times
2024/03/05 08:54:39 CallOrder: worker get response &{0 [../pg-sherlock_holmes.txt] 6 10}
2024/03/05 08:54:39 worker  36 get order:  &{0 [../pg-sherlock_holmes.txt] 6 10}  order Type 0
2024/03/05 08:54:39 start 6 map
2024/03/05 08:54:39 Worker finish order 6, order type 0
2024/03/05 08:54:40 36 :  call for  5  times
2024/03/05 08:54:40 CallOrder: worker get response &{2 [] 0 0}
2024/03/05 08:54:40 worker  36 get order:  &{2 [] 0 0}  order Type 2
2024/03/05 08:54:40 36  waiting for order
2024/03/05 08:54:42 36 :  call for  6  times
2024/03/05 08:54:42 CallOrder: worker get response &{1 [mr-tmp-0-1 mr-tmp-1-1 mr-tmp-2-1 mr-tmp-3-1 mr-tmp-4-1 mr-tmp-5-1 mr-tmp-6-1 mr-tmp-7-1] 9 0}
2024/03/05 08:54:42 worker  36 get order:  &{1 [mr-tmp-0-1 mr-tmp-1-1 mr-tmp-2-1 mr-tmp-3-1 mr-tmp-4-1 mr-tmp-5-1 mr-tmp-6-1 mr-tmp-7-1] 9 0}  order Type 1
2024/03/05 08:54:43 start 9 map
2024/03/05 08:54:43 Worker finish order 9, order type 1
2024/03/05 08:54:44 36 :  call for  7  times
2024/03/05 08:54:44 CallOrder: worker get response &{1 [mr-tmp-0-3 mr-tmp-1-3 mr-tmp-2-3 mr-tmp-3-3 mr-tmp-4-3 mr-tmp-5-3 mr-tmp-6-3 mr-tmp-7-3] 11 0}
2024/03/05 08:54:44 worker  36 get order:  &{1 [mr-tmp-0-3 mr-tmp-1-3 mr-tmp-2-3 mr-tmp-3-3 mr-tmp-4-3 mr-tmp-5-3 mr-tmp-6-3 mr-tmp-7-3] 11 0}  order Type 1
2024/03/05 08:54:46 start 11 map
2024/03/05 08:54:46 Worker finish order 11, order type 1
2024/03/05 08:54:47 36 :  call for  8  times
2024/03/05 08:54:47 CallOrder: worker get response &{1 [mr-tmp-0-5 mr-tmp-1-5 mr-tmp-2-5 mr-tmp-3-5 mr-tmp-4-5 mr-tmp-5-5 mr-tmp-6-5 mr-tmp-7-5] 13 0}
2024/03/05 08:54:47 worker  36 get order:  &{1 [mr-tmp-0-5 mr-tmp-1-5 mr-tmp-2-5 mr-tmp-3-5 mr-tmp-4-5 mr-tmp-5-5 mr-tmp-6-5 mr-tmp-7-5] 13 0}  order Type 1
2024/03/05 08:54:48 start 13 map
2024/03/05 08:54:48 Worker finish order 13, order type 1
2024/03/05 08:54:49 36 :  call for  9  times
2024/03/05 08:54:49 CallOrder: worker get response &{1 [mr-tmp-0-7 mr-tmp-1-7 mr-tmp-2-7 mr-tmp-3-7 mr-tmp-4-7 mr-tmp-5-7 mr-tmp-6-7 mr-tmp-7-7] 15 0}
2024/03/05 08:54:49 worker  36 get order:  &{1 [mr-tmp-0-7 mr-tmp-1-7 mr-tmp-2-7 mr-tmp-3-7 mr-tmp-4-7 mr-tmp-5-7 mr-tmp-6-7 mr-tmp-7-7] 15 0}  order Type 1
2024/03/05 08:54:49 start 15 map
2024/03/05 08:54:49 Worker finish order 15, order type 1
2024/03/05 08:54:50 36 :  call for  10  times
2024/03/05 08:54:50 CallOrder: worker get response &{3 [] 0 0}
2024/03/05 08:54:50 worker  36 get order:  &{3 [] 0 0}  order Type 3
2024/03/05 08:54:50 36  waiting for order
2024/03/05 08:54:52 36 :  call for  11  times
2024/03/05 08:54:52 CallOrder: worker get response &{3 [] 0 0}
2024/03/05 08:54:52 worker  36 get order:  &{3 [] 0 0}  order Type 3
2024/03/05 08:54:52 36  waiting for order
2024/03/05 08:54:54 36 :  call for  12  times
2024/03/05 08:54:54 dialing:dial unix /var/tmp/824-mr-0: connect: connection refused
