2024/03/05 09:22:44 44 :  call for  1  times
2024/03/05 09:22:44 CallOrder: worker get response &{1 [mr-tmp-0-6 mr-tmp-1-6 mr-tmp-2-6 mr-tmp-3-6 mr-tmp-4-6 mr-tmp-5-6 mr-tmp-6-6 mr-tmp-7-6] 14 0}
2024/03/05 09:22:44 worker  44 get order:  &{1 [mr-tmp-0-6 mr-tmp-1-6 mr-tmp-2-6 mr-tmp-3-6 mr-tmp-4-6 mr-tmp-5-6 mr-tmp-6-6 mr-tmp-7-6] 14 0}  order Type 1
2024/03/05 09:22:44 start 14 map
2024/03/05 09:22:44 Worker finish order 14, order type 1
2024/03/05 09:22:45 44 :  call for  2  times
2024/03/05 09:22:45 CallOrder: worker get response &{1 [mr-tmp-0-9 mr-tmp-1-9 mr-tmp-2-9 mr-tmp-3-9 mr-tmp-4-9 mr-tmp-5-9 mr-tmp-6-9 mr-tmp-7-9] 17 0}
2024/03/05 09:22:45 worker  44 get order:  &{1 [mr-tmp-0-9 mr-tmp-1-9 mr-tmp-2-9 mr-tmp-3-9 mr-tmp-4-9 mr-tmp-5-9 mr-tmp-6-9 mr-tmp-7-9] 17 0}  order Type 1
2024/03/05 09:22:45 start 17 map
2024/03/05 09:22:45 Worker finish order 17, order type 1
2024/03/05 09:22:46 44 :  call for  3  times
2024/03/05 09:22:46 CallOrder: worker get response &{3 [] 0 0}
2024/03/05 09:22:46 worker  44 get order:  &{3 [] 0 0}  order Type 3
2024/03/05 09:22:46 44  waiting for order
2024/03/05 09:22:48 44 :  call for  4  times
2024/03/05 09:22:48 CallOrder: worker get response &{3 [] 0 0}
2024/03/05 09:22:48 worker  44 get order:  &{3 [] 0 0}  order Type 3
2024/03/05 09:22:48 44  waiting for order
2024/03/05 09:22:50 44 :  call for  5  times
2024/03/05 09:22:50 CallOrder: worker get response &{3 [] 0 0}
2024/03/05 09:22:50 worker  44 get order:  &{3 [] 0 0}  order Type 3
2024/03/05 09:22:50 44  waiting for order
2024/03/05 09:22:52 44 :  call for  6  times
2024/03/05 09:22:52 CallOrder: worker get response &{3 [] 0 0}
2024/03/05 09:22:52 worker  44 get order:  &{3 [] 0 0}  order Type 3
2024/03/05 09:22:52 44  waiting for order
2024/03/05 09:22:54 44 :  call for  7  times
2024/03/05 09:22:54 CallOrder: worker get response &{3 [] 0 0}
2024/03/05 09:22:54 worker  44 get order:  &{3 [] 0 0}  order Type 3
2024/03/05 09:22:54 44  waiting for order
2024/03/05 09:22:56 44 :  call for  8  times
2024/03/05 09:22:56 CallOrder: worker get response &{4 [] 0 0}
2024/03/05 09:22:56 worker  44 get order:  &{4 [] 0 0}  order Type 4
2024/03/05 09:22:57 44  killed
