2024/03/05 06:39:42 42 :  call for  1  times
2024/03/05 06:39:42 CallOrder: worker get response &{0 [../pg-frankenstein.txt] 2 10}
2024/03/05 06:39:42 worker  42 get order:  &{0 [../pg-frankenstein.txt] 2 10}  order Type 0
2024/03/05 06:39:44 start 2 map
2024/03/05 06:39:44 Worker finish order 2, order type 0
2024/03/05 06:39:45 42 :  call for  2  times
2024/03/05 06:39:45 CallOrder: worker get response &{0 [../pg-huckleberry_finn.txt] 4 10}
2024/03/05 06:39:45 worker  42 get order:  &{0 [../pg-huckleberry_finn.txt] 4 10}  order Type 0
2024/03/05 06:39:47 start 4 map
2024/03/05 06:39:47 Worker finish order 4, order type 0
2024/03/05 06:39:48 42 :  call for  3  times
2024/03/05 06:39:48 CallOrder: worker get response &{2 [] 0 0}
2024/03/05 06:39:48 worker  42 get order:  &{2 [] 0 0}  order Type 2
2024/03/05 06:39:48 42  waiting for order
2024/03/05 06:39:50 42 :  call for  4  times
2024/03/05 06:39:50 CallOrder: worker get response &{1 [mr-tmp-0-1 mr-tmp-1-1 mr-tmp-2-1 mr-tmp-3-1 mr-tmp-4-1 mr-tmp-5-1 mr-tmp-6-1 mr-tmp-7-1] 9 0}
2024/03/05 06:39:50 worker  42 get order:  &{1 [mr-tmp-0-1 mr-tmp-1-1 mr-tmp-2-1 mr-tmp-3-1 mr-tmp-4-1 mr-tmp-5-1 mr-tmp-6-1 mr-tmp-7-1] 9 0}  order Type 1
2024/03/05 06:39:51 start 9 map
2024/03/05 06:39:51 Worker finish order 9, order type 1
2024/03/05 06:39:52 42 :  call for  5  times
2024/03/05 06:39:52 CallOrder: worker get response &{1 [mr-tmp-0-4 mr-tmp-1-4 mr-tmp-2-4 mr-tmp-3-4 mr-tmp-4-4 mr-tmp-5-4 mr-tmp-6-4 mr-tmp-7-4] 12 0}
2024/03/05 06:39:52 worker  42 get order:  &{1 [mr-tmp-0-4 mr-tmp-1-4 mr-tmp-2-4 mr-tmp-3-4 mr-tmp-4-4 mr-tmp-5-4 mr-tmp-6-4 mr-tmp-7-4] 12 0}  order Type 1
2024/03/05 06:39:53 start 12 map
2024/03/05 06:39:53 Worker finish order 12, order type 1
2024/03/05 06:39:54 42 :  call for  6  times
2024/03/05 06:39:54 CallOrder: worker get response &{1 [mr-tmp-0-6 mr-tmp-1-6 mr-tmp-2-6 mr-tmp-3-6 mr-tmp-4-6 mr-tmp-5-6 mr-tmp-6-6 mr-tmp-7-6] 14 0}
2024/03/05 06:39:54 worker  42 get order:  &{1 [mr-tmp-0-6 mr-tmp-1-6 mr-tmp-2-6 mr-tmp-3-6 mr-tmp-4-6 mr-tmp-5-6 mr-tmp-6-6 mr-tmp-7-6] 14 0}  order Type 1
2024/03/05 06:39:56 start 14 map
2024/03/05 06:39:56 Worker finish order 14, order type 1
2024/03/05 06:39:57 42 :  call for  7  times
2024/03/05 06:39:57 CallOrder: worker get response &{3 [] 0 0}
2024/03/05 06:39:57 worker  42 get order:  &{3 [] 0 0}  order Type 3
2024/03/05 06:39:57 42  waiting for order
2024/03/05 06:39:59 42 :  call for  8  times
2024/03/05 06:39:59 CallOrder: worker get response &{4 [] 0 0}
2024/03/05 06:39:59 worker  42 get order:  &{4 [] 0 0}  order Type 4
2024/03/05 06:40:00 42  killed
