2024/03/05 00:07:20 20 :  call for  1  times
2024/03/05 00:07:20 CallOrder: worker get response &{0 [../pg-frankenstein.txt] 2 10}
2024/03/05 00:07:20 worker  20 get order:  &{0 [../pg-frankenstein.txt] 2 10}  order Type 0
2024/03/05 00:07:21 start 2 map
2024/03/05 00:07:21 Worker finish order 2, order type 0
2024/03/05 00:07:22 20 :  call for  2  times
2024/03/05 00:07:22 CallOrder: worker get response &{0 [../pg-metamorphosis.txt] 5 10}
2024/03/05 00:07:22 worker  20 get order:  &{0 [../pg-metamorphosis.txt] 5 10}  order Type 0
2024/03/05 00:07:23 start 5 map
2024/03/05 00:07:23 Worker finish order 5, order type 0
2024/03/05 00:07:24 20 :  call for  3  times
2024/03/05 00:07:24 CallOrder: worker get response &{0 [../pg-tom_sawyer.txt] 7 10}
2024/03/05 00:07:24 worker  20 get order:  &{0 [../pg-tom_sawyer.txt] 7 10}  order Type 0
2024/03/05 00:07:26 start 7 map
2024/03/05 00:07:26 Worker finish order 7, order type 0
2024/03/05 00:07:27 20 :  call for  4  times
2024/03/05 00:07:27 CallOrder: worker get response &{2 [] 0 0}
2024/03/05 00:07:27 worker  20 get order:  &{2 [] 0 0}  order Type 2
2024/03/05 00:07:27 20  waiting for order
2024/03/05 00:07:29 20 :  call for  5  times
2024/03/05 00:07:29 CallOrder: worker get response &{1 [mr-tmp-0-4 mr-tmp-1-4 mr-tmp-2-4 mr-tmp-3-4 mr-tmp-4-4 mr-tmp-5-4 mr-tmp-6-4 mr-tmp-7-4] 12 0}
2024/03/05 00:07:29 worker  20 get order:  &{1 [mr-tmp-0-4 mr-tmp-1-4 mr-tmp-2-4 mr-tmp-3-4 mr-tmp-4-4 mr-tmp-5-4 mr-tmp-6-4 mr-tmp-7-4] 12 0}  order Type 1
2024/03/05 00:07:30 start 12 map
2024/03/05 00:07:30 Worker finish order 12, order type 1
2024/03/05 00:07:31 20 :  call for  6  times
2024/03/05 00:07:31 CallOrder: worker get response &{1 [mr-tmp-0-6 mr-tmp-1-6 mr-tmp-2-6 mr-tmp-3-6 mr-tmp-4-6 mr-tmp-5-6 mr-tmp-6-6 mr-tmp-7-6] 14 0}
2024/03/05 00:07:31 worker  20 get order:  &{1 [mr-tmp-0-6 mr-tmp-1-6 mr-tmp-2-6 mr-tmp-3-6 mr-tmp-4-6 mr-tmp-5-6 mr-tmp-6-6 mr-tmp-7-6] 14 0}  order Type 1
2024/03/05 00:07:32 start 14 map
2024/03/05 00:07:32 Worker finish order 14, order type 1
2024/03/05 00:07:33 20 :  call for  7  times
2024/03/05 00:07:33 CallOrder: worker get response &{3 [] 0 0}
2024/03/05 00:07:33 worker  20 get order:  &{3 [] 0 0}  order Type 3
2024/03/05 00:07:33 20  waiting for order
2024/03/05 00:07:35 20 :  call for  8  times
2024/03/05 00:07:35 CallOrder: worker get response &{4 [] 0 0}
2024/03/05 00:07:35 worker  20 get order:  &{4 [] 0 0}  order Type 4
2024/03/05 00:07:36 20  killed
