2024/03/05 09:25:40 40 :  call for  1  times
2024/03/05 09:25:40 CallOrder: worker get response &{0 [../pg-being_ernest.txt] 0 10}
2024/03/05 09:25:40 worker  40 get order:  &{0 [../pg-being_ernest.txt] 0 10}  order Type 0
2024/03/05 09:25:40 start 0 map
2024/03/05 09:25:40 Worker finish order 0, order type 0
2024/03/05 09:25:41 40 :  call for  2  times
2024/03/05 09:25:41 CallOrder: worker get response &{0 [../pg-grimm.txt] 3 10}
2024/03/05 09:25:41 worker  40 get order:  &{0 [../pg-grimm.txt] 3 10}  order Type 0
2024/03/05 09:25:43 start 3 map
2024/03/05 09:25:43 Worker finish order 3, order type 0
2024/03/05 09:25:44 40 :  call for  3  times
2024/03/05 09:25:44 CallOrder: worker get response &{0 [../pg-sherlock_holmes.txt] 6 10}
2024/03/05 09:25:44 worker  40 get order:  &{0 [../pg-sherlock_holmes.txt] 6 10}  order Type 0
2024/03/05 09:25:46 start 6 map
2024/03/05 09:25:46 Worker finish order 6, order type 0
2024/03/05 09:25:47 40 :  call for  4  times
2024/03/05 09:25:47 CallOrder: worker get response &{1 [mr-tmp-0-0 mr-tmp-1-0 mr-tmp-2-0 mr-tmp-3-0 mr-tmp-4-0 mr-tmp-5-0 mr-tmp-6-0 mr-tmp-7-0] 8 0}
2024/03/05 09:25:47 worker  40 get order:  &{1 [mr-tmp-0-0 mr-tmp-1-0 mr-tmp-2-0 mr-tmp-3-0 mr-tmp-4-0 mr-tmp-5-0 mr-tmp-6-0 mr-tmp-7-0] 8 0}  order Type 1
2024/03/05 09:25:47 start 8 map
2024/03/05 09:25:47 Worker finish order 8, order type 1
2024/03/05 09:25:48 40 :  call for  5  times
2024/03/05 09:25:48 CallOrder: worker get response &{1 [mr-tmp-0-2 mr-tmp-1-2 mr-tmp-2-2 mr-tmp-3-2 mr-tmp-4-2 mr-tmp-5-2 mr-tmp-6-2 mr-tmp-7-2] 10 0}
2024/03/05 09:25:48 worker  40 get order:  &{1 [mr-tmp-0-2 mr-tmp-1-2 mr-tmp-2-2 mr-tmp-3-2 mr-tmp-4-2 mr-tmp-5-2 mr-tmp-6-2 mr-tmp-7-2] 10 0}  order Type 1
2024/03/05 09:25:50 start 10 map
2024/03/05 09:25:50 Worker finish order 10, order type 1
2024/03/05 09:25:51 40 :  call for  6  times
2024/03/05 09:25:51 CallOrder: worker get response &{1 [mr-tmp-0-6 mr-tmp-1-6 mr-tmp-2-6 mr-tmp-3-6 mr-tmp-4-6 mr-tmp-5-6 mr-tmp-6-6 mr-tmp-7-6] 14 0}
2024/03/05 09:25:51 worker  40 get order:  &{1 [mr-tmp-0-6 mr-tmp-1-6 mr-tmp-2-6 mr-tmp-3-6 mr-tmp-4-6 mr-tmp-5-6 mr-tmp-6-6 mr-tmp-7-6] 14 0}  order Type 1
2024/03/05 09:25:52 start 14 map
2024/03/05 09:25:52 Worker finish order 14, order type 1
2024/03/05 09:25:53 40 :  call for  7  times
2024/03/05 09:25:53 CallOrder: worker get response &{3 [] 0 0}
2024/03/05 09:25:53 worker  40 get order:  &{3 [] 0 0}  order Type 3
2024/03/05 09:25:53 40  waiting for order
2024/03/05 09:25:55 40 :  call for  8  times
2024/03/05 09:25:55 CallOrder: worker get response &{4 [] 0 0}
2024/03/05 09:25:55 worker  40 get order:  &{4 [] 0 0}  order Type 4
2024/03/05 09:25:56 40  killed
