2024/03/05 10:44:24 24 :  call for  1  times
2024/03/05 10:44:24 CallOrder: worker get response &{0 [../pg-huckleberry_finn.txt] 4 10}
2024/03/05 10:44:24 worker  24 get order:  &{0 [../pg-huckleberry_finn.txt] 4 10}  order Type 0
2024/03/05 10:44:32 start 4 map
2024/03/05 10:44:32 Worker finish order 4, order type 0
2024/03/05 10:44:33 24 :  call for  2  times
2024/03/05 10:44:33 CallOrder: worker get response &{2 [] 0 0}
2024/03/05 10:44:33 worker  24 get order:  &{2 [] 0 0}  order Type 2
2024/03/05 10:44:33 24  waiting for order
2024/03/05 10:44:35 24 :  call for  3  times
2024/03/05 10:44:35 CallOrder: worker get response &{0 [../pg-frankenstein.txt] 2 10}
2024/03/05 10:44:35 worker  24 get order:  &{0 [../pg-frankenstein.txt] 2 10}  order Type 0
2024/03/05 10:44:39 start 2 map
2024/03/05 10:44:39 Worker finish order 2, order type 0
2024/03/05 10:44:40 24 :  call for  4  times
2024/03/05 10:44:40 CallOrder: worker get response &{2 [] 0 0}
2024/03/05 10:44:40 worker  24 get order:  &{2 [] 0 0}  order Type 2
2024/03/05 10:44:40 24  waiting for order
2024/03/05 10:44:42 24 :  call for  5  times
2024/03/05 10:44:42 CallOrder: worker get response &{2 [] 0 0}
2024/03/05 10:44:42 worker  24 get order:  &{2 [] 0 0}  order Type 2
2024/03/05 10:44:42 24  waiting for order
2024/03/05 10:44:44 24 :  call for  6  times
2024/03/05 10:44:44 CallOrder: worker get response &{2 [] 0 0}
2024/03/05 10:44:44 worker  24 get order:  &{2 [] 0 0}  order Type 2
2024/03/05 10:44:44 24  waiting for order
2024/03/05 10:44:46 24 :  call for  7  times
2024/03/05 10:44:46 CallOrder: worker get response &{2 [] 0 0}
2024/03/05 10:44:46 worker  24 get order:  &{2 [] 0 0}  order Type 2
2024/03/05 10:44:46 24  waiting for order
2024/03/05 10:44:48 24 :  call for  8  times
2024/03/05 10:44:48 CallOrder: worker get response &{2 [] 0 0}
2024/03/05 10:44:48 worker  24 get order:  &{2 [] 0 0}  order Type 2
2024/03/05 10:44:48 24  waiting for order
2024/03/05 10:44:50 24 :  call for  9  times
2024/03/05 10:44:50 CallOrder: worker get response &{2 [] 0 0}
2024/03/05 10:44:50 worker  24 get order:  &{2 [] 0 0}  order Type 2
2024/03/05 10:44:50 24  waiting for order
2024/03/05 10:44:52 24 :  call for  10  times
2024/03/05 10:44:52 CallOrder: worker get response &{2 [] 0 0}
2024/03/05 10:44:52 worker  24 get order:  &{2 [] 0 0}  order Type 2
2024/03/05 10:44:52 24  waiting for order
2024/03/05 10:44:54 24 :  call for  11  times
2024/03/05 10:44:54 CallOrder: worker get response &{2 [] 0 0}
2024/03/05 10:44:54 worker  24 get order:  &{2 [] 0 0}  order Type 2
2024/03/05 10:44:54 24  waiting for order
2024/03/05 10:44:56 24 :  call for  12  times
2024/03/05 10:44:56 CallOrder: worker get response &{2 [] 0 0}
2024/03/05 10:44:56 worker  24 get order:  &{2 [] 0 0}  order Type 2
2024/03/05 10:44:56 24  waiting for order
2024/03/05 10:44:58 24 :  call for  13  times
2024/03/05 10:44:58 CallOrder: worker get response &{2 [] 0 0}
2024/03/05 10:44:58 worker  24 get order:  &{2 [] 0 0}  order Type 2
2024/03/05 10:44:58 24  waiting for order
2024/03/05 10:45:00 24 :  call for  14  times
2024/03/05 10:45:00 CallOrder: worker get response &{2 [] 0 0}
2024/03/05 10:45:00 worker  24 get order:  &{2 [] 0 0}  order Type 2
2024/03/05 10:45:00 24  waiting for order
2024/03/05 10:45:02 24 :  call for  15  times
2024/03/05 10:45:02 CallOrder: worker get response &{2 [] 0 0}
2024/03/05 10:45:02 worker  24 get order:  &{2 [] 0 0}  order Type 2
2024/03/05 10:45:02 24  waiting for order
2024/03/05 10:45:04 24 :  call for  16  times
2024/03/05 10:45:04 CallOrder: worker get response &{2 [] 0 0}
2024/03/05 10:45:04 worker  24 get order:  &{2 [] 0 0}  order Type 2
2024/03/05 10:45:04 24  waiting for order
2024/03/05 10:45:06 24 :  call for  17  times
2024/03/05 10:45:06 CallOrder: worker get response &{2 [] 0 0}
2024/03/05 10:45:06 worker  24 get order:  &{2 [] 0 0}  order Type 2
2024/03/05 10:45:06 24  waiting for order
2024/03/05 10:45:08 24 :  call for  18  times
2024/03/05 10:45:08 CallOrder: worker get response &{2 [] 0 0}
2024/03/05 10:45:08 worker  24 get order:  &{2 [] 0 0}  order Type 2
2024/03/05 10:45:08 24  waiting for order
2024/03/05 10:45:10 24 :  call for  19  times
2024/03/05 10:45:10 CallOrder: worker get response &{1 [mr-tmp-0-0 mr-tmp-1-0 mr-tmp-2-0 mr-tmp-3-0 mr-tmp-4-0 mr-tmp-5-0 mr-tmp-6-0 mr-tmp-7-0] 8 0}
2024/03/05 10:45:10 worker  24 get order:  &{1 [mr-tmp-0-0 mr-tmp-1-0 mr-tmp-2-0 mr-tmp-3-0 mr-tmp-4-0 mr-tmp-5-0 mr-tmp-6-0 mr-tmp-7-0] 8 0}  order Type 1
2024/03/05 10:45:19 start 8 map
2024/03/05 10:45:19 Worker finish order 8, order type 1
2024/03/05 10:45:20 24 :  call for  20  times
2024/03/05 10:45:20 CallOrder: worker get response &{3 [] 0 0}
2024/03/05 10:45:20 worker  24 get order:  &{3 [] 0 0}  order Type 3
2024/03/05 10:45:20 24  waiting for order
2024/03/05 10:45:22 24 :  call for  21  times
2024/03/05 10:45:22 CallOrder: worker get response &{3 [] 0 0}
2024/03/05 10:45:22 worker  24 get order:  &{3 [] 0 0}  order Type 3
2024/03/05 10:45:22 24  waiting for order
2024/03/05 10:45:24 24 :  call for  22  times
2024/03/05 10:45:24 dialing:dial unix /var/tmp/824-mr-0: connect: connection refused
