2024/03/05 03:58:06 6 :  call for  1  times
2024/03/05 03:58:06 CallOrder: worker get response &{0 [../pg-frankenstein.txt] 2 10}
2024/03/05 03:58:06 worker  6 get order:  &{0 [../pg-frankenstein.txt] 2 10}  order Type 0
2024/03/05 03:58:06 start 2 map
2024/03/05 03:58:06 Worker finish order 2, order type 0
2024/03/05 03:58:07 6 :  call for  2  times
2024/03/05 03:58:07 CallOrder: worker get response &{0 [../pg-huckleberry_finn.txt] 4 10}
2024/03/05 03:58:07 worker  6 get order:  &{0 [../pg-huckleberry_finn.txt] 4 10}  order Type 0
2024/03/05 03:58:07 start 4 map
2024/03/05 03:58:07 Worker finish order 4, order type 0
2024/03/05 03:58:08 6 :  call for  3  times
2024/03/05 03:58:08 CallOrder: worker get response &{2 [] 0 0}
2024/03/05 03:58:08 worker  6 get order:  &{2 [] 0 0}  order Type 2
2024/03/05 03:58:08 6  waiting for order
2024/03/05 03:58:10 6 :  call for  4  times
2024/03/05 03:58:10 CallOrder: worker get response &{1 [mr-tmp-0-4 mr-tmp-1-4 mr-tmp-2-4 mr-tmp-3-4 mr-tmp-4-4 mr-tmp-5-4 mr-tmp-6-4 mr-tmp-7-4] 12 0}
2024/03/05 03:58:10 worker  6 get order:  &{1 [mr-tmp-0-4 mr-tmp-1-4 mr-tmp-2-4 mr-tmp-3-4 mr-tmp-4-4 mr-tmp-5-4 mr-tmp-6-4 mr-tmp-7-4] 12 0}  order Type 1
2024/03/05 03:58:10 start 12 map
2024/03/05 03:58:10 Worker finish order 12, order type 1
2024/03/05 03:58:11 6 :  call for  5  times
2024/03/05 03:58:11 CallOrder: worker get response &{1 [mr-tmp-0-6 mr-tmp-1-6 mr-tmp-2-6 mr-tmp-3-6 mr-tmp-4-6 mr-tmp-5-6 mr-tmp-6-6 mr-tmp-7-6] 14 0}
2024/03/05 03:58:11 worker  6 get order:  &{1 [mr-tmp-0-6 mr-tmp-1-6 mr-tmp-2-6 mr-tmp-3-6 mr-tmp-4-6 mr-tmp-5-6 mr-tmp-6-6 mr-tmp-7-6] 14 0}  order Type 1
2024/03/05 03:58:14 start 14 map
2024/03/05 03:58:14 Worker finish order 14, order type 1
2024/03/05 03:58:15 6 :  call for  6  times
2024/03/05 03:58:15 CallOrder: worker get response &{4 [] 0 0}
2024/03/05 03:58:15 worker  6 get order:  &{4 [] 0 0}  order Type 4
2024/03/05 03:58:16 6  killed
