2024/03/05 07:07:10 10 :  call for  1  times
2024/03/05 07:07:10 CallOrder: worker get response &{3 [] 0 0}
2024/03/05 07:07:10 worker  10 get order:  &{3 [] 0 0}  order Type 3
2024/03/05 07:07:10 10  waiting for order
2024/03/05 07:07:12 10 :  call for  2  times
2024/03/05 07:07:12 CallOrder: worker get response &{3 [] 0 0}
2024/03/05 07:07:12 worker  10 get order:  &{3 [] 0 0}  order Type 3
2024/03/05 07:07:12 10  waiting for order
2024/03/05 07:07:14 10 :  call for  3  times
2024/03/05 07:07:14 CallOrder: worker get response &{3 [] 0 0}
2024/03/05 07:07:14 worker  10 get order:  &{3 [] 0 0}  order Type 3
2024/03/05 07:07:14 10  waiting for order
2024/03/05 07:07:16 10 :  call for  4  times
2024/03/05 07:07:16 CallOrder: worker get response &{3 [] 0 0}
2024/03/05 07:07:16 worker  10 get order:  &{3 [] 0 0}  order Type 3
2024/03/05 07:07:16 10  waiting for order
2024/03/05 07:07:18 10 :  call for  5  times
2024/03/05 07:07:18 CallOrder: worker get response &{3 [] 0 0}
2024/03/05 07:07:18 worker  10 get order:  &{3 [] 0 0}  order Type 3
2024/03/05 07:07:18 10  waiting for order
2024/03/05 07:07:20 10 :  call for  6  times
2024/03/05 07:07:20 CallOrder: worker get response &{1 [mr-tmp-0-9 mr-tmp-1-9 mr-tmp-2-9 mr-tmp-3-9 mr-tmp-4-9 mr-tmp-5-9 mr-tmp-6-9 mr-tmp-7-9] 17 0}
2024/03/05 07:07:20 worker  10 get order:  &{1 [mr-tmp-0-9 mr-tmp-1-9 mr-tmp-2-9 mr-tmp-3-9 mr-tmp-4-9 mr-tmp-5-9 mr-tmp-6-9 mr-tmp-7-9] 17 0}  order Type 1
2024/03/05 07:07:22 start 17 map
2024/03/05 07:07:22 Worker finish order 17, order type 1
2024/03/05 07:07:23 10 :  call for  7  times
2024/03/05 07:07:23 CallOrder: worker get response &{3 [] 0 0}
2024/03/05 07:07:23 worker  10 get order:  &{3 [] 0 0}  order Type 3
2024/03/05 07:07:23 10  waiting for order
2024/03/05 07:07:25 10 :  call for  8  times
2024/03/05 07:07:25 CallOrder: worker get response &{3 [] 0 0}
2024/03/05 07:07:25 worker  10 get order:  &{3 [] 0 0}  order Type 3
2024/03/05 07:07:25 10  waiting for order
2024/03/05 07:07:27 10 :  call for  9  times
2024/03/05 07:07:27 CallOrder: worker get response &{3 [] 0 0}
2024/03/05 07:07:27 worker  10 get order:  &{3 [] 0 0}  order Type 3
2024/03/05 07:07:27 10  waiting for order
2024/03/05 07:07:29 10 :  call for  10  times
2024/03/05 07:07:29 CallOrder: worker get response &{3 [] 0 0}
2024/03/05 07:07:29 worker  10 get order:  &{3 [] 0 0}  order Type 3
2024/03/05 07:07:29 10  waiting for order
2024/03/05 07:07:31 10 :  call for  11  times
2024/03/05 07:07:31 CallOrder: worker get response &{3 [] 0 0}
2024/03/05 07:07:31 worker  10 get order:  &{3 [] 0 0}  order Type 3
2024/03/05 07:07:31 10  waiting for order
2024/03/05 07:07:33 10 :  call for  12  times
2024/03/05 07:07:33 dialing:dial unix /var/tmp/824-mr-0: connect: connection refused
