2024/03/04 23:30:29 29 :  call for  1  times
2024/03/04 23:30:29 CallOrder: worker get response &{0 [../pg-being_ernest.txt] 0 10}
2024/03/04 23:30:29 worker  29 get order:  &{0 [../pg-being_ernest.txt] 0 10}  order Type 0
2024/03/04 23:30:29 start 0 map
2024/03/04 23:30:29 Worker finish order 0, order type 0
2024/03/04 23:30:30 29 :  call for  2  times
2024/03/04 23:30:30 CallOrder: worker get response &{0 [../pg-tom_sawyer.txt] 7 10}
2024/03/04 23:30:30 worker  29 get order:  &{0 [../pg-tom_sawyer.txt] 7 10}  order Type 0
2024/03/04 23:30:30 start 7 map
2024/03/04 23:30:30 Worker finish order 7, order type 0
2024/03/04 23:30:31 29 :  call for  3  times
2024/03/04 23:30:31 CallOrder: worker get response &{2 [] 0 0}
2024/03/04 23:30:31 worker  29 get order:  &{2 [] 0 0}  order Type 2
2024/03/04 23:30:31 29  waiting for order
2024/03/04 23:30:33 29 :  call for  4  times
2024/03/04 23:30:33 CallOrder: worker get response &{2 [] 0 0}
2024/03/04 23:30:33 worker  29 get order:  &{2 [] 0 0}  order Type 2
2024/03/04 23:30:33 29  waiting for order
2024/03/04 23:30:35 29 :  call for  5  times
2024/03/04 23:30:35 CallOrder: worker get response &{2 [] 0 0}
2024/03/04 23:30:35 worker  29 get order:  &{2 [] 0 0}  order Type 2
2024/03/04 23:30:35 29  waiting for order
2024/03/04 23:30:37 29 :  call for  6  times
2024/03/04 23:30:37 CallOrder: worker get response &{2 [] 0 0}
2024/03/04 23:30:37 worker  29 get order:  &{2 [] 0 0}  order Type 2
2024/03/04 23:30:37 29  waiting for order
2024/03/04 23:30:39 29 :  call for  7  times
2024/03/04 23:30:39 CallOrder: worker get response &{2 [] 0 0}
2024/03/04 23:30:39 worker  29 get order:  &{2 [] 0 0}  order Type 2
2024/03/04 23:30:39 29  waiting for order
2024/03/04 23:30:41 29 :  call for  8  times
2024/03/04 23:30:41 CallOrder: worker get response &{0 [../pg-huckleberry_finn.txt] 4 10}
2024/03/04 23:30:41 worker  29 get order:  &{0 [../pg-huckleberry_finn.txt] 4 10}  order Type 0
2024/03/04 23:30:41 start 4 map
2024/03/04 23:30:41 Worker finish order 4, order type 0
2024/03/04 23:30:42 29 :  call for  9  times
2024/03/04 23:30:42 CallOrder: worker get response &{2 [] 0 0}
2024/03/04 23:30:42 worker  29 get order:  &{2 [] 0 0}  order Type 2
2024/03/04 23:30:42 29  waiting for order
2024/03/04 23:30:44 29 :  call for  10  times
2024/03/04 23:30:44 CallOrder: worker get response &{2 [] 0 0}
2024/03/04 23:30:44 worker  29 get order:  &{2 [] 0 0}  order Type 2
2024/03/04 23:30:44 29  waiting for order
2024/03/04 23:30:46 29 :  call for  11  times
2024/03/04 23:30:46 CallOrder: worker get response &{2 [] 0 0}
2024/03/04 23:30:46 worker  29 get order:  &{2 [] 0 0}  order Type 2
2024/03/04 23:30:46 29  waiting for order
2024/03/04 23:30:48 29 :  call for  12  times
2024/03/04 23:30:48 CallOrder: worker get response &{1 [mr-tmp-0-1 mr-tmp-1-1 mr-tmp-2-1 mr-tmp-3-1 mr-tmp-4-1 mr-tmp-5-1 mr-tmp-6-1 mr-tmp-7-1] 9 0}
2024/03/04 23:30:48 worker  29 get order:  &{1 [mr-tmp-0-1 mr-tmp-1-1 mr-tmp-2-1 mr-tmp-3-1 mr-tmp-4-1 mr-tmp-5-1 mr-tmp-6-1 mr-tmp-7-1] 9 0}  order Type 1
2024/03/04 23:30:48 start 9 map
2024/03/04 23:30:48 Worker finish order 9, order type 1
2024/03/04 23:30:49 29 :  call for  13  times
2024/03/04 23:30:49 CallOrder: worker get response &{1 [mr-tmp-0-3 mr-tmp-1-3 mr-tmp-2-3 mr-tmp-3-3 mr-tmp-4-3 mr-tmp-5-3 mr-tmp-6-3 mr-tmp-7-3] 11 0}
2024/03/04 23:30:49 worker  29 get order:  &{1 [mr-tmp-0-3 mr-tmp-1-3 mr-tmp-2-3 mr-tmp-3-3 mr-tmp-4-3 mr-tmp-5-3 mr-tmp-6-3 mr-tmp-7-3] 11 0}  order Type 1
2024/03/04 23:30:49 start 11 map
2024/03/04 23:30:49 Worker finish order 11, order type 1
2024/03/04 23:30:50 29 :  call for  14  times
2024/03/04 23:30:50 CallOrder: worker get response &{1 [mr-tmp-0-6 mr-tmp-1-6 mr-tmp-2-6 mr-tmp-3-6 mr-tmp-4-6 mr-tmp-5-6 mr-tmp-6-6 mr-tmp-7-6] 14 0}
2024/03/04 23:30:50 worker  29 get order:  &{1 [mr-tmp-0-6 mr-tmp-1-6 mr-tmp-2-6 mr-tmp-3-6 mr-tmp-4-6 mr-tmp-5-6 mr-tmp-6-6 mr-tmp-7-6] 14 0}  order Type 1
2024/03/04 23:30:50 start 14 map
2024/03/04 23:30:50 Worker finish order 14, order type 1
2024/03/04 23:30:51 29 :  call for  15  times
2024/03/04 23:30:51 CallOrder: worker get response &{1 [mr-tmp-0-8 mr-tmp-1-8 mr-tmp-2-8 mr-tmp-3-8 mr-tmp-4-8 mr-tmp-5-8 mr-tmp-6-8 mr-tmp-7-8] 16 0}
2024/03/04 23:30:51 worker  29 get order:  &{1 [mr-tmp-0-8 mr-tmp-1-8 mr-tmp-2-8 mr-tmp-3-8 mr-tmp-4-8 mr-tmp-5-8 mr-tmp-6-8 mr-tmp-7-8] 16 0}  order Type 1
2024/03/04 23:30:51 start 16 map
2024/03/04 23:30:51 Worker finish order 16, order type 1
2024/03/04 23:30:52 29 :  call for  16  times
2024/03/04 23:30:52 CallOrder: worker get response &{3 [] 0 0}
2024/03/04 23:30:52 worker  29 get order:  &{3 [] 0 0}  order Type 3
2024/03/04 23:30:52 29  waiting for order
2024/03/04 23:30:54 29 :  call for  17  times
2024/03/04 23:30:54 CallOrder: worker get response &{3 [] 0 0}
2024/03/04 23:30:54 worker  29 get order:  &{3 [] 0 0}  order Type 3
2024/03/04 23:30:54 29  waiting for order
2024/03/04 23:30:56 29 :  call for  18  times
2024/03/04 23:30:56 CallOrder: worker get response &{3 [] 0 0}
2024/03/04 23:30:56 worker  29 get order:  &{3 [] 0 0}  order Type 3
2024/03/04 23:30:56 29  waiting for order
2024/03/04 23:30:58 29 :  call for  19  times
2024/03/04 23:30:58 CallOrder: worker get response &{3 [] 0 0}
2024/03/04 23:30:58 worker  29 get order:  &{3 [] 0 0}  order Type 3
2024/03/04 23:30:58 29  waiting for order
2024/03/04 23:31:00 29 :  call for  20  times
2024/03/04 23:31:00 CallOrder: worker get response &{3 [] 0 0}
2024/03/04 23:31:00 worker  29 get order:  &{3 [] 0 0}  order Type 3
2024/03/04 23:31:00 29  waiting for order
2024/03/04 23:31:02 29 :  call for  21  times
2024/03/04 23:31:02 CallOrder: worker get response &{3 [] 0 0}
2024/03/04 23:31:02 worker  29 get order:  &{3 [] 0 0}  order Type 3
2024/03/04 23:31:02 29  waiting for order
2024/03/04 23:31:04 29 :  call for  22  times
2024/03/04 23:31:04 CallOrder: worker get response &{3 [] 0 0}
2024/03/04 23:31:04 worker  29 get order:  &{3 [] 0 0}  order Type 3
2024/03/04 23:31:04 29  waiting for order
2024/03/04 23:31:06 29 :  call for  23  times
2024/03/04 23:31:06 CallOrder: worker get response &{3 [] 0 0}
2024/03/04 23:31:06 worker  29 get order:  &{3 [] 0 0}  order Type 3
2024/03/04 23:31:06 29  waiting for order
2024/03/04 23:31:08 29 :  call for  24  times
2024/03/04 23:31:08 dialing:dial unix /var/tmp/824-mr-0: connect: connection refused
