2024/03/05 04:13:48 48 :  call for  1  times
2024/03/05 04:13:48 CallOrder: worker get response &{0 [../pg-frankenstein.txt] 2 10}
2024/03/05 04:13:48 worker  48 get order:  &{0 [../pg-frankenstein.txt] 2 10}  order Type 0
2024/03/05 04:13:50 start 2 map
2024/03/05 04:13:50 Worker finish order 2, order type 0
2024/03/05 04:13:51 48 :  call for  2  times
2024/03/05 04:13:51 CallOrder: worker get response &{0 [../pg-metamorphosis.txt] 5 10}
2024/03/05 04:13:51 worker  48 get order:  &{0 [../pg-metamorphosis.txt] 5 10}  order Type 0
2024/03/05 04:13:51 start 5 map
2024/03/05 04:13:51 Worker finish order 5, order type 0
2024/03/05 04:13:52 48 :  call for  3  times
2024/03/05 04:13:52 CallOrder: worker get response &{0 [../pg-tom_sawyer.txt] 7 10}
2024/03/05 04:13:52 worker  48 get order:  &{0 [../pg-tom_sawyer.txt] 7 10}  order Type 0
2024/03/05 04:13:54 start 7 map
2024/03/05 04:13:54 Worker finish order 7, order type 0
2024/03/05 04:13:55 48 :  call for  4  times
2024/03/05 04:13:55 CallOrder: worker get response &{2 [] 0 0}
2024/03/05 04:13:55 worker  48 get order:  &{2 [] 0 0}  order Type 2
2024/03/05 04:13:55 48  waiting for order
2024/03/05 04:13:57 48 :  call for  5  times
2024/03/05 04:13:57 CallOrder: worker get response &{1 [mr-tmp-0-3 mr-tmp-1-3 mr-tmp-2-3 mr-tmp-3-3 mr-tmp-4-3 mr-tmp-5-3 mr-tmp-6-3 mr-tmp-7-3] 11 0}
2024/03/05 04:13:57 worker  48 get order:  &{1 [mr-tmp-0-3 mr-tmp-1-3 mr-tmp-2-3 mr-tmp-3-3 mr-tmp-4-3 mr-tmp-5-3 mr-tmp-6-3 mr-tmp-7-3] 11 0}  order Type 1
2024/03/05 04:13:58 start 11 map
2024/03/05 04:13:58 Worker finish order 11, order type 1
2024/03/05 04:13:59 48 :  call for  6  times
2024/03/05 04:13:59 CallOrder: worker get response &{1 [mr-tmp-0-5 mr-tmp-1-5 mr-tmp-2-5 mr-tmp-3-5 mr-tmp-4-5 mr-tmp-5-5 mr-tmp-6-5 mr-tmp-7-5] 13 0}
2024/03/05 04:13:59 worker  48 get order:  &{1 [mr-tmp-0-5 mr-tmp-1-5 mr-tmp-2-5 mr-tmp-3-5 mr-tmp-4-5 mr-tmp-5-5 mr-tmp-6-5 mr-tmp-7-5] 13 0}  order Type 1
2024/03/05 04:13:59 start 13 map
2024/03/05 04:13:59 Worker finish order 13, order type 1
2024/03/05 04:14:00 48 :  call for  7  times
2024/03/05 04:14:00 CallOrder: worker get response &{1 [mr-tmp-0-8 mr-tmp-1-8 mr-tmp-2-8 mr-tmp-3-8 mr-tmp-4-8 mr-tmp-5-8 mr-tmp-6-8 mr-tmp-7-8] 16 0}
2024/03/05 04:14:00 worker  48 get order:  &{1 [mr-tmp-0-8 mr-tmp-1-8 mr-tmp-2-8 mr-tmp-3-8 mr-tmp-4-8 mr-tmp-5-8 mr-tmp-6-8 mr-tmp-7-8] 16 0}  order Type 1
2024/03/05 04:14:01 start 16 map
2024/03/05 04:14:01 Worker finish order 16, order type 1
2024/03/05 04:14:02 48 :  call for  8  times
2024/03/05 04:14:02 CallOrder: worker get response &{3 [] 0 0}
2024/03/05 04:14:02 worker  48 get order:  &{3 [] 0 0}  order Type 3
2024/03/05 04:14:02 48  waiting for order
2024/03/05 04:14:04 48 :  call for  9  times
2024/03/05 04:14:04 dialing:dial unix /var/tmp/824-mr-0: connect: connection refused
