2024/03/05 08:15:29 29 :  call for  1  times
2024/03/05 08:15:29 CallOrder: worker get response &{0 [../pg-frankenstein.txt] 2 10}
2024/03/05 08:15:29 worker  29 get order:  &{0 [../pg-frankenstein.txt] 2 10}  order Type 0
2024/03/05 08:15:29 start 2 map
2024/03/05 08:15:29 Worker finish order 2, order type 0
2024/03/05 08:15:30 29 :  call for  2  times
2024/03/05 08:15:30 CallOrder: worker get response &{0 [../pg-metamorphosis.txt] 5 10}
2024/03/05 08:15:30 worker  29 get order:  &{0 [../pg-metamorphosis.txt] 5 10}  order Type 0
2024/03/05 08:15:30 start 5 map
2024/03/05 08:15:30 Worker finish order 5, order type 0
2024/03/05 08:15:31 29 :  call for  3  times
2024/03/05 08:15:31 CallOrder: worker get response &{0 [../pg-tom_sawyer.txt] 7 10}
2024/03/05 08:15:31 worker  29 get order:  &{0 [../pg-tom_sawyer.txt] 7 10}  order Type 0
2024/03/05 08:15:31 start 7 map
2024/03/05 08:15:31 Worker finish order 7, order type 0
2024/03/05 08:15:32 29 :  call for  4  times
2024/03/05 08:15:32 CallOrder: worker get response &{2 [] 0 0}
2024/03/05 08:15:32 worker  29 get order:  &{2 [] 0 0}  order Type 2
2024/03/05 08:15:32 29  waiting for order
2024/03/05 08:15:34 29 :  call for  5  times
2024/03/05 08:15:34 CallOrder: worker get response &{2 [] 0 0}
2024/03/05 08:15:34 worker  29 get order:  &{2 [] 0 0}  order Type 2
2024/03/05 08:15:34 29  waiting for order
2024/03/05 08:15:36 29 :  call for  6  times
2024/03/05 08:15:36 CallOrder: worker get response &{2 [] 0 0}
2024/03/05 08:15:36 worker  29 get order:  &{2 [] 0 0}  order Type 2
2024/03/05 08:15:36 29  waiting for order
2024/03/05 08:15:38 29 :  call for  7  times
2024/03/05 08:15:38 CallOrder: worker get response &{2 [] 0 0}
2024/03/05 08:15:38 worker  29 get order:  &{2 [] 0 0}  order Type 2
2024/03/05 08:15:38 29  waiting for order
2024/03/05 08:15:40 29 :  call for  8  times
2024/03/05 08:15:40 CallOrder: worker get response &{0 [../pg-being_ernest.txt] 0 10}
2024/03/05 08:15:40 worker  29 get order:  &{0 [../pg-being_ernest.txt] 0 10}  order Type 0
2024/03/05 08:15:40 start 0 map
2024/03/05 08:15:40 Worker finish order 0, order type 0
2024/03/05 08:15:41 29 :  call for  9  times
2024/03/05 08:15:41 CallOrder: worker get response &{1 [mr-tmp-0-0 mr-tmp-1-0 mr-tmp-2-0 mr-tmp-3-0 mr-tmp-4-0 mr-tmp-5-0 mr-tmp-6-0 mr-tmp-7-0] 8 0}
2024/03/05 08:15:41 worker  29 get order:  &{1 [mr-tmp-0-0 mr-tmp-1-0 mr-tmp-2-0 mr-tmp-3-0 mr-tmp-4-0 mr-tmp-5-0 mr-tmp-6-0 mr-tmp-7-0] 8 0}  order Type 1
2024/03/05 08:15:49 start 8 map
2024/03/05 08:15:49 Worker finish order 8, order type 1
2024/03/05 08:15:50 29 :  call for  10  times
2024/03/05 08:15:50 CallOrder: worker get response &{3 [] 0 0}
2024/03/05 08:15:50 worker  29 get order:  &{3 [] 0 0}  order Type 3
2024/03/05 08:15:50 29  waiting for order
2024/03/05 08:15:52 29 :  call for  11  times
2024/03/05 08:15:52 CallOrder: worker get response &{3 [] 0 0}
2024/03/05 08:15:52 worker  29 get order:  &{3 [] 0 0}  order Type 3
2024/03/05 08:15:52 29  waiting for order
2024/03/05 08:15:54 29 :  call for  12  times
2024/03/05 08:15:54 CallOrder: worker get response &{3 [] 0 0}
2024/03/05 08:15:54 worker  29 get order:  &{3 [] 0 0}  order Type 3
2024/03/05 08:15:54 29  waiting for order
2024/03/05 08:15:56 29 :  call for  13  times
2024/03/05 08:15:56 CallOrder: worker get response &{3 [] 0 0}
2024/03/05 08:15:56 worker  29 get order:  &{3 [] 0 0}  order Type 3
2024/03/05 08:15:56 29  waiting for order
2024/03/05 08:15:58 29 :  call for  14  times
2024/03/05 08:15:58 CallOrder: worker get response &{3 [] 0 0}
2024/03/05 08:15:58 worker  29 get order:  &{3 [] 0 0}  order Type 3
2024/03/05 08:15:58 29  waiting for order
2024/03/05 08:16:00 29 :  call for  15  times
2024/03/05 08:16:00 CallOrder: worker get response &{3 [] 0 0}
2024/03/05 08:16:00 worker  29 get order:  &{3 [] 0 0}  order Type 3
2024/03/05 08:16:00 29  waiting for order
2024/03/05 08:16:02 29 :  call for  16  times
2024/03/05 08:16:02 CallOrder: worker get response &{3 [] 0 0}
2024/03/05 08:16:02 worker  29 get order:  &{3 [] 0 0}  order Type 3
2024/03/05 08:16:02 29  waiting for order
2024/03/05 08:16:04 29 :  call for  17  times
2024/03/05 08:16:04 CallOrder: worker get response &{3 [] 0 0}
2024/03/05 08:16:04 worker  29 get order:  &{3 [] 0 0}  order Type 3
2024/03/05 08:16:04 29  waiting for order
2024/03/05 08:16:06 29 :  call for  18  times
2024/03/05 08:16:06 CallOrder: worker get response &{3 [] 0 0}
2024/03/05 08:16:06 worker  29 get order:  &{3 [] 0 0}  order Type 3
2024/03/05 08:16:06 29  waiting for order
2024/03/05 08:16:08 29 :  call for  19  times
2024/03/05 08:16:08 CallOrder: worker get response &{3 [] 0 0}
2024/03/05 08:16:08 worker  29 get order:  &{3 [] 0 0}  order Type 3
2024/03/05 08:16:08 29  waiting for order
2024/03/05 08:16:10 29 :  call for  20  times
2024/03/05 08:16:10 CallOrder: worker get response &{3 [] 0 0}
2024/03/05 08:16:10 worker  29 get order:  &{3 [] 0 0}  order Type 3
2024/03/05 08:16:10 29  waiting for order
2024/03/05 08:16:12 29 :  call for  21  times
2024/03/05 08:16:12 CallOrder: worker get response &{3 [] 0 0}
2024/03/05 08:16:12 worker  29 get order:  &{3 [] 0 0}  order Type 3
2024/03/05 08:16:12 29  waiting for order
2024/03/05 08:16:14 29 :  call for  22  times
2024/03/05 08:16:14 CallOrder: worker get response &{3 [] 0 0}
2024/03/05 08:16:14 worker  29 get order:  &{3 [] 0 0}  order Type 3
2024/03/05 08:16:14 29  waiting for order
2024/03/05 08:16:16 29 :  call for  23  times
2024/03/05 08:16:16 CallOrder: worker get response &{3 [] 0 0}
2024/03/05 08:16:16 worker  29 get order:  &{3 [] 0 0}  order Type 3
2024/03/05 08:16:16 29  waiting for order
2024/03/05 08:16:18 29 :  call for  24  times
2024/03/05 08:16:18 CallOrder: worker get response &{3 [] 0 0}
2024/03/05 08:16:18 worker  29 get order:  &{3 [] 0 0}  order Type 3
2024/03/05 08:16:18 29  waiting for order
2024/03/05 08:16:20 29 :  call for  25  times
2024/03/05 08:16:20 CallOrder: worker get response &{3 [] 0 0}
2024/03/05 08:16:20 worker  29 get order:  &{3 [] 0 0}  order Type 3
2024/03/05 08:16:20 29  waiting for order
2024/03/05 08:16:22 29 :  call for  26  times
2024/03/05 08:16:22 CallOrder: worker get response &{3 [] 0 0}
2024/03/05 08:16:22 worker  29 get order:  &{3 [] 0 0}  order Type 3
2024/03/05 08:16:22 29  waiting for order
2024/03/05 08:16:24 29 :  call for  27  times
2024/03/05 08:16:24 CallOrder: worker get response &{3 [] 0 0}
2024/03/05 08:16:24 worker  29 get order:  &{3 [] 0 0}  order Type 3
2024/03/05 08:16:24 29  waiting for order
2024/03/05 08:16:26 29 :  call for  28  times
2024/03/05 08:16:26 CallOrder: worker get response &{3 [] 0 0}
2024/03/05 08:16:26 worker  29 get order:  &{3 [] 0 0}  order Type 3
2024/03/05 08:16:26 29  waiting for order
2024/03/05 08:16:28 29 :  call for  29  times
2024/03/05 08:16:28 CallOrder: worker get response &{3 [] 0 0}
2024/03/05 08:16:28 worker  29 get order:  &{3 [] 0 0}  order Type 3
2024/03/05 08:16:28 29  waiting for order
2024/03/05 08:16:30 29 :  call for  30  times
2024/03/05 08:16:30 dialing:dial unix /var/tmp/824-mr-0: connect: connection refused
