2024/03/05 10:07:03 3 :  call for  1  times
2024/03/05 10:07:03 CallOrder: worker get response &{0 [../pg-being_ernest.txt] 0 10}
2024/03/05 10:07:03 worker  3 get order:  &{0 [../pg-being_ernest.txt] 0 10}  order Type 0
2024/03/05 10:07:06 start 0 map
2024/03/05 10:07:06 Worker finish order 0, order type 0
2024/03/05 10:07:07 3 :  call for  2  times
2024/03/05 10:07:07 CallOrder: worker get response &{2 [] 0 0}
2024/03/05 10:07:07 worker  3 get order:  &{2 [] 0 0}  order Type 2
2024/03/05 10:07:07 3  waiting for order
2024/03/05 10:07:09 3 :  call for  3  times
2024/03/05 10:07:09 CallOrder: worker get response &{2 [] 0 0}
2024/03/05 10:07:09 worker  3 get order:  &{2 [] 0 0}  order Type 2
2024/03/05 10:07:09 3  waiting for order
2024/03/05 10:07:11 3 :  call for  4  times
2024/03/05 10:07:11 CallOrder: worker get response &{2 [] 0 0}
2024/03/05 10:07:11 worker  3 get order:  &{2 [] 0 0}  order Type 2
2024/03/05 10:07:11 3  waiting for order
2024/03/05 10:07:13 3 :  call for  5  times
2024/03/05 10:07:13 CallOrder: worker get response &{2 [] 0 0}
2024/03/05 10:07:13 worker  3 get order:  &{2 [] 0 0}  order Type 2
2024/03/05 10:07:13 3  waiting for order
2024/03/05 10:07:15 3 :  call for  6  times
2024/03/05 10:07:15 CallOrder: worker get response &{1 [mr-tmp-0-0 mr-tmp-1-0 mr-tmp-2-0 mr-tmp-3-0 mr-tmp-4-0 mr-tmp-5-0 mr-tmp-6-0 mr-tmp-7-0] 8 0}
2024/03/05 10:07:15 worker  3 get order:  &{1 [mr-tmp-0-0 mr-tmp-1-0 mr-tmp-2-0 mr-tmp-3-0 mr-tmp-4-0 mr-tmp-5-0 mr-tmp-6-0 mr-tmp-7-0] 8 0}  order Type 1
2024/03/05 10:07:15 start 8 map
2024/03/05 10:07:15 Worker finish order 8, order type 1
2024/03/05 10:07:16 3 :  call for  7  times
2024/03/05 10:07:16 CallOrder: worker get response &{1 [mr-tmp-0-3 mr-tmp-1-3 mr-tmp-2-3 mr-tmp-3-3 mr-tmp-4-3 mr-tmp-5-3 mr-tmp-6-3 mr-tmp-7-3] 11 0}
2024/03/05 10:07:16 worker  3 get order:  &{1 [mr-tmp-0-3 mr-tmp-1-3 mr-tmp-2-3 mr-tmp-3-3 mr-tmp-4-3 mr-tmp-5-3 mr-tmp-6-3 mr-tmp-7-3] 11 0}  order Type 1
2024/03/05 10:07:16 start 11 map
2024/03/05 10:07:16 Worker finish order 11, order type 1
2024/03/05 10:07:17 3 :  call for  8  times
2024/03/05 10:07:17 CallOrder: worker get response &{1 [mr-tmp-0-7 mr-tmp-1-7 mr-tmp-2-7 mr-tmp-3-7 mr-tmp-4-7 mr-tmp-5-7 mr-tmp-6-7 mr-tmp-7-7] 15 0}
2024/03/05 10:07:17 worker  3 get order:  &{1 [mr-tmp-0-7 mr-tmp-1-7 mr-tmp-2-7 mr-tmp-3-7 mr-tmp-4-7 mr-tmp-5-7 mr-tmp-6-7 mr-tmp-7-7] 15 0}  order Type 1
2024/03/05 10:07:17 start 15 map
2024/03/05 10:07:17 Worker finish order 15, order type 1
2024/03/05 10:07:18 3 :  call for  9  times
2024/03/05 10:07:18 CallOrder: worker get response &{3 [] 0 0}
2024/03/05 10:07:18 worker  3 get order:  &{3 [] 0 0}  order Type 3
2024/03/05 10:07:18 3  waiting for order
2024/03/05 10:07:20 3 :  call for  10  times
2024/03/05 10:07:20 CallOrder: worker get response &{3 [] 0 0}
2024/03/05 10:07:20 worker  3 get order:  &{3 [] 0 0}  order Type 3
2024/03/05 10:07:20 3  waiting for order
2024/03/05 10:07:22 3 :  call for  11  times
2024/03/05 10:07:22 CallOrder: worker get response &{3 [] 0 0}
2024/03/05 10:07:22 worker  3 get order:  &{3 [] 0 0}  order Type 3
2024/03/05 10:07:22 3  waiting for order
2024/03/05 10:07:24 3 :  call for  12  times
2024/03/05 10:07:24 CallOrder: worker get response &{3 [] 0 0}
2024/03/05 10:07:24 worker  3 get order:  &{3 [] 0 0}  order Type 3
2024/03/05 10:07:24 3  waiting for order
2024/03/05 10:07:26 3 :  call for  13  times
2024/03/05 10:07:26 CallOrder: worker get response &{3 [] 0 0}
2024/03/05 10:07:26 worker  3 get order:  &{3 [] 0 0}  order Type 3
2024/03/05 10:07:26 3  waiting for order
2024/03/05 10:07:28 3 :  call for  14  times
2024/03/05 10:07:28 CallOrder: worker get response &{4 [] 0 0}
2024/03/05 10:07:28 worker  3 get order:  &{4 [] 0 0}  order Type 4
2024/03/05 10:07:29 3  killed
