2024/03/05 09:19:03 3 :  call for  1  times
2024/03/05 09:19:03 CallOrder: worker get response &{0 [../pg-frankenstein.txt] 2 10}
2024/03/05 09:19:03 worker  3 get order:  &{0 [../pg-frankenstein.txt] 2 10}  order Type 0
2024/03/05 09:19:07 start 2 map
2024/03/05 09:19:07 Worker finish order 2, order type 0
2024/03/05 09:19:08 3 :  call for  2  times
2024/03/05 09:19:08 CallOrder: worker get response &{2 [] 0 0}
2024/03/05 09:19:08 worker  3 get order:  &{2 [] 0 0}  order Type 2
2024/03/05 09:19:08 3  waiting for order
2024/03/05 09:19:10 3 :  call for  3  times
2024/03/05 09:19:10 CallOrder: worker get response &{2 [] 0 0}
2024/03/05 09:19:10 worker  3 get order:  &{2 [] 0 0}  order Type 2
2024/03/05 09:19:10 3  waiting for order
2024/03/05 09:19:12 3 :  call for  4  times
2024/03/05 09:19:12 CallOrder: worker get response &{2 [] 0 0}
2024/03/05 09:19:12 worker  3 get order:  &{2 [] 0 0}  order Type 2
2024/03/05 09:19:12 3  waiting for order
2024/03/05 09:19:14 3 :  call for  5  times
2024/03/05 09:19:14 CallOrder: worker get response &{2 [] 0 0}
2024/03/05 09:19:14 worker  3 get order:  &{2 [] 0 0}  order Type 2
2024/03/05 09:19:14 3  waiting for order
2024/03/05 09:19:16 3 :  call for  6  times
2024/03/05 09:19:16 CallOrder: worker get response &{2 [] 0 0}
2024/03/05 09:19:16 worker  3 get order:  &{2 [] 0 0}  order Type 2
2024/03/05 09:19:16 3  waiting for order
2024/03/05 09:19:18 3 :  call for  7  times
2024/03/05 09:19:18 CallOrder: worker get response &{2 [] 0 0}
2024/03/05 09:19:18 worker  3 get order:  &{2 [] 0 0}  order Type 2
2024/03/05 09:19:18 3  waiting for order
2024/03/05 09:19:20 3 :  call for  8  times
2024/03/05 09:19:20 CallOrder: worker get response &{2 [] 0 0}
2024/03/05 09:19:20 worker  3 get order:  &{2 [] 0 0}  order Type 2
2024/03/05 09:19:20 3  waiting for order
2024/03/05 09:19:22 3 :  call for  9  times
2024/03/05 09:19:22 CallOrder: worker get response &{2 [] 0 0}
2024/03/05 09:19:22 worker  3 get order:  &{2 [] 0 0}  order Type 2
2024/03/05 09:19:22 3  waiting for order
2024/03/05 09:19:24 3 :  call for  10  times
2024/03/05 09:19:24 CallOrder: worker get response &{2 [] 0 0}
2024/03/05 09:19:24 worker  3 get order:  &{2 [] 0 0}  order Type 2
2024/03/05 09:19:24 3  waiting for order
2024/03/05 09:19:26 3 :  call for  11  times
2024/03/05 09:19:26 CallOrder: worker get response &{2 [] 0 0}
2024/03/05 09:19:26 worker  3 get order:  &{2 [] 0 0}  order Type 2
2024/03/05 09:19:26 3  waiting for order
2024/03/05 09:19:28 3 :  call for  12  times
2024/03/05 09:19:28 CallOrder: worker get response &{2 [] 0 0}
2024/03/05 09:19:28 worker  3 get order:  &{2 [] 0 0}  order Type 2
2024/03/05 09:19:28 3  waiting for order
2024/03/05 09:19:30 3 :  call for  13  times
2024/03/05 09:19:30 CallOrder: worker get response &{2 [] 0 0}
2024/03/05 09:19:30 worker  3 get order:  &{2 [] 0 0}  order Type 2
2024/03/05 09:19:30 3  waiting for order
2024/03/05 09:19:32 3 :  call for  14  times
2024/03/05 09:19:32 CallOrder: worker get response &{2 [] 0 0}
2024/03/05 09:19:32 worker  3 get order:  &{2 [] 0 0}  order Type 2
2024/03/05 09:19:32 3  waiting for order
2024/03/05 09:19:34 3 :  call for  15  times
2024/03/05 09:19:34 CallOrder: worker get response &{2 [] 0 0}
2024/03/05 09:19:34 worker  3 get order:  &{2 [] 0 0}  order Type 2
2024/03/05 09:19:34 3  waiting for order
2024/03/05 09:19:36 3 :  call for  16  times
2024/03/05 09:19:36 CallOrder: worker get response &{2 [] 0 0}
2024/03/05 09:19:36 worker  3 get order:  &{2 [] 0 0}  order Type 2
2024/03/05 09:19:36 3  waiting for order
2024/03/05 09:19:38 3 :  call for  17  times
2024/03/05 09:19:38 CallOrder: worker get response &{2 [] 0 0}
2024/03/05 09:19:38 worker  3 get order:  &{2 [] 0 0}  order Type 2
2024/03/05 09:19:38 3  waiting for order
2024/03/05 09:19:40 3 :  call for  18  times
2024/03/05 09:19:40 CallOrder: worker get response &{2 [] 0 0}
2024/03/05 09:19:40 worker  3 get order:  &{2 [] 0 0}  order Type 2
2024/03/05 09:19:40 3  waiting for order
2024/03/05 09:19:42 3 :  call for  19  times
2024/03/05 09:19:42 CallOrder: worker get response &{2 [] 0 0}
2024/03/05 09:19:42 worker  3 get order:  &{2 [] 0 0}  order Type 2
2024/03/05 09:19:42 3  waiting for order
2024/03/05 09:19:44 3 :  call for  20  times
2024/03/05 09:19:44 CallOrder: worker get response &{2 [] 0 0}
2024/03/05 09:19:44 worker  3 get order:  &{2 [] 0 0}  order Type 2
2024/03/05 09:19:44 3  waiting for order
2024/03/05 09:19:46 3 :  call for  21  times
2024/03/05 09:19:46 CallOrder: worker get response &{2 [] 0 0}
2024/03/05 09:19:46 worker  3 get order:  &{2 [] 0 0}  order Type 2
2024/03/05 09:19:46 3  waiting for order
2024/03/05 09:19:48 3 :  call for  22  times
2024/03/05 09:19:48 CallOrder: worker get response &{2 [] 0 0}
2024/03/05 09:19:48 worker  3 get order:  &{2 [] 0 0}  order Type 2
2024/03/05 09:19:48 3  waiting for order
2024/03/05 09:19:50 3 :  call for  23  times
2024/03/05 09:19:50 CallOrder: worker get response &{1 [mr-tmp-0-3 mr-tmp-1-3 mr-tmp-2-3 mr-tmp-3-3 mr-tmp-4-3 mr-tmp-5-3 mr-tmp-6-3 mr-tmp-7-3] 11 0}
2024/03/05 09:19:50 worker  3 get order:  &{1 [mr-tmp-0-3 mr-tmp-1-3 mr-tmp-2-3 mr-tmp-3-3 mr-tmp-4-3 mr-tmp-5-3 mr-tmp-6-3 mr-tmp-7-3] 11 0}  order Type 1
2024/03/05 09:19:50 start 11 map
2024/03/05 09:19:50 Worker finish order 11, order type 1
2024/03/05 09:19:51 3 :  call for  24  times
2024/03/05 09:19:51 CallOrder: worker get response &{1 [mr-tmp-0-4 mr-tmp-1-4 mr-tmp-2-4 mr-tmp-3-4 mr-tmp-4-4 mr-tmp-5-4 mr-tmp-6-4 mr-tmp-7-4] 12 0}
2024/03/05 09:19:51 worker  3 get order:  &{1 [mr-tmp-0-4 mr-tmp-1-4 mr-tmp-2-4 mr-tmp-3-4 mr-tmp-4-4 mr-tmp-5-4 mr-tmp-6-4 mr-tmp-7-4] 12 0}  order Type 1
2024/03/05 09:19:51 start 12 map
2024/03/05 09:19:51 Worker finish order 12, order type 1
2024/03/05 09:19:52 3 :  call for  25  times
2024/03/05 09:19:52 CallOrder: worker get response &{1 [mr-tmp-0-6 mr-tmp-1-6 mr-tmp-2-6 mr-tmp-3-6 mr-tmp-4-6 mr-tmp-5-6 mr-tmp-6-6 mr-tmp-7-6] 14 0}
2024/03/05 09:19:52 worker  3 get order:  &{1 [mr-tmp-0-6 mr-tmp-1-6 mr-tmp-2-6 mr-tmp-3-6 mr-tmp-4-6 mr-tmp-5-6 mr-tmp-6-6 mr-tmp-7-6] 14 0}  order Type 1
2024/03/05 09:19:52 start 14 map
2024/03/05 09:19:52 Worker finish order 14, order type 1
2024/03/05 09:19:53 3 :  call for  26  times
2024/03/05 09:19:53 CallOrder: worker get response &{1 [mr-tmp-0-8 mr-tmp-1-8 mr-tmp-2-8 mr-tmp-3-8 mr-tmp-4-8 mr-tmp-5-8 mr-tmp-6-8 mr-tmp-7-8] 16 0}
2024/03/05 09:19:53 worker  3 get order:  &{1 [mr-tmp-0-8 mr-tmp-1-8 mr-tmp-2-8 mr-tmp-3-8 mr-tmp-4-8 mr-tmp-5-8 mr-tmp-6-8 mr-tmp-7-8] 16 0}  order Type 1
2024/03/05 09:19:53 start 16 map
2024/03/05 09:19:53 Worker finish order 16, order type 1
2024/03/05 09:19:54 3 :  call for  27  times
2024/03/05 09:19:54 CallOrder: worker get response &{3 [] 0 0}
2024/03/05 09:19:54 worker  3 get order:  &{3 [] 0 0}  order Type 3
2024/03/05 09:19:54 3  waiting for order
2024/03/05 09:19:56 3 :  call for  28  times
2024/03/05 09:19:56 CallOrder: worker get response &{3 [] 0 0}
2024/03/05 09:19:56 worker  3 get order:  &{3 [] 0 0}  order Type 3
2024/03/05 09:19:56 3  waiting for order
2024/03/05 09:19:58 3 :  call for  29  times
2024/03/05 09:19:58 CallOrder: worker get response &{3 [] 0 0}
2024/03/05 09:19:58 worker  3 get order:  &{3 [] 0 0}  order Type 3
2024/03/05 09:19:58 3  waiting for order
2024/03/05 09:20:00 3 :  call for  30  times
2024/03/05 09:20:00 CallOrder: worker get response &{3 [] 0 0}
2024/03/05 09:20:00 worker  3 get order:  &{3 [] 0 0}  order Type 3
2024/03/05 09:20:00 3  waiting for order
2024/03/05 09:20:02 3 :  call for  31  times
2024/03/05 09:20:02 CallOrder: worker get response &{1 [mr-tmp-0-5 mr-tmp-1-5 mr-tmp-2-5 mr-tmp-3-5 mr-tmp-4-5 mr-tmp-5-5 mr-tmp-6-5 mr-tmp-7-5] 13 0}
2024/03/05 09:20:02 worker  3 get order:  &{1 [mr-tmp-0-5 mr-tmp-1-5 mr-tmp-2-5 mr-tmp-3-5 mr-tmp-4-5 mr-tmp-5-5 mr-tmp-6-5 mr-tmp-7-5] 13 0}  order Type 1
