2024/03/05 00:04:24 24 :  call for  1  times
2024/03/05 00:04:24 CallOrder: worker get response &{0 [../pg-frankenstein.txt] 2 10}
2024/03/05 00:04:24 worker  24 get order:  &{0 [../pg-frankenstein.txt] 2 10}  order Type 0
2024/03/05 00:04:26 start 2 map
2024/03/05 00:04:26 Worker finish order 2, order type 0
2024/03/05 00:04:27 24 :  call for  2  times
2024/03/05 00:04:27 CallOrder: worker get response &{0 [../pg-huckleberry_finn.txt] 4 10}
2024/03/05 00:04:27 worker  24 get order:  &{0 [../pg-huckleberry_finn.txt] 4 10}  order Type 0
2024/03/05 00:04:29 start 4 map
2024/03/05 00:04:29 Worker finish order 4, order type 0
2024/03/05 00:04:30 24 :  call for  3  times
2024/03/05 00:04:30 CallOrder: worker get response &{2 [] 0 0}
2024/03/05 00:04:30 worker  24 get order:  &{2 [] 0 0}  order Type 2
2024/03/05 00:04:30 24  waiting for order
2024/03/05 00:04:32 24 :  call for  4  times
2024/03/05 00:04:32 CallOrder: worker get response &{1 [mr-tmp-0-1 mr-tmp-1-1 mr-tmp-2-1 mr-tmp-3-1 mr-tmp-4-1 mr-tmp-5-1 mr-tmp-6-1 mr-tmp-7-1] 9 0}
2024/03/05 00:04:32 worker  24 get order:  &{1 [mr-tmp-0-1 mr-tmp-1-1 mr-tmp-2-1 mr-tmp-3-1 mr-tmp-4-1 mr-tmp-5-1 mr-tmp-6-1 mr-tmp-7-1] 9 0}  order Type 1
2024/03/05 00:04:32 start 9 map
2024/03/05 00:04:32 Worker finish order 9, order type 1
2024/03/05 00:04:33 24 :  call for  5  times
2024/03/05 00:04:33 CallOrder: worker get response &{1 [mr-tmp-0-3 mr-tmp-1-3 mr-tmp-2-3 mr-tmp-3-3 mr-tmp-4-3 mr-tmp-5-3 mr-tmp-6-3 mr-tmp-7-3] 11 0}
2024/03/05 00:04:33 worker  24 get order:  &{1 [mr-tmp-0-3 mr-tmp-1-3 mr-tmp-2-3 mr-tmp-3-3 mr-tmp-4-3 mr-tmp-5-3 mr-tmp-6-3 mr-tmp-7-3] 11 0}  order Type 1
2024/03/05 00:04:34 start 11 map
2024/03/05 00:04:34 Worker finish order 11, order type 1
2024/03/05 00:04:35 24 :  call for  6  times
2024/03/05 00:04:35 CallOrder: worker get response &{1 [mr-tmp-0-5 mr-tmp-1-5 mr-tmp-2-5 mr-tmp-3-5 mr-tmp-4-5 mr-tmp-5-5 mr-tmp-6-5 mr-tmp-7-5] 13 0}
2024/03/05 00:04:35 worker  24 get order:  &{1 [mr-tmp-0-5 mr-tmp-1-5 mr-tmp-2-5 mr-tmp-3-5 mr-tmp-4-5 mr-tmp-5-5 mr-tmp-6-5 mr-tmp-7-5] 13 0}  order Type 1
2024/03/05 00:04:36 start 13 map
2024/03/05 00:04:36 Worker finish order 13, order type 1
2024/03/05 00:04:37 24 :  call for  7  times
2024/03/05 00:04:37 CallOrder: worker get response &{1 [mr-tmp-0-8 mr-tmp-1-8 mr-tmp-2-8 mr-tmp-3-8 mr-tmp-4-8 mr-tmp-5-8 mr-tmp-6-8 mr-tmp-7-8] 16 0}
2024/03/05 00:04:37 worker  24 get order:  &{1 [mr-tmp-0-8 mr-tmp-1-8 mr-tmp-2-8 mr-tmp-3-8 mr-tmp-4-8 mr-tmp-5-8 mr-tmp-6-8 mr-tmp-7-8] 16 0}  order Type 1
2024/03/05 00:04:38 start 16 map
2024/03/05 00:04:38 Worker finish order 16, order type 1
2024/03/05 00:04:39 24 :  call for  8  times
2024/03/05 00:04:39 CallOrder: worker get response &{4 [] 0 0}
2024/03/05 00:04:39 worker  24 get order:  &{4 [] 0 0}  order Type 4
2024/03/05 00:04:40 24  killed
