2024/03/04 21:46:22 22 :  call for  1  times
2024/03/04 21:46:22 CallOrder: worker get response &{0 [../pg-being_ernest.txt] 0 10}
2024/03/04 21:46:22 worker  22 get order:  &{0 [../pg-being_ernest.txt] 0 10}  order Type 0
2024/03/04 21:46:23 start 0 map
2024/03/04 21:46:23 Worker finish order 0, order type 0
2024/03/04 21:46:24 22 :  call for  2  times
2024/03/04 21:46:24 CallOrder: worker get response &{0 [../pg-frankenstein.txt] 2 10}
2024/03/04 21:46:24 worker  22 get order:  &{0 [../pg-frankenstein.txt] 2 10}  order Type 0
2024/03/04 21:46:25 start 2 map
2024/03/04 21:46:25 Worker finish order 2, order type 0
2024/03/04 21:46:26 22 :  call for  3  times
2024/03/04 21:46:26 CallOrder: worker get response &{0 [../pg-huckleberry_finn.txt] 4 10}
2024/03/04 21:46:26 worker  22 get order:  &{0 [../pg-huckleberry_finn.txt] 4 10}  order Type 0
2024/03/04 21:46:27 start 4 map
2024/03/04 21:46:27 Worker finish order 4, order type 0
2024/03/04 21:46:28 22 :  call for  4  times
2024/03/04 21:46:28 CallOrder: worker get response &{0 [../pg-sherlock_holmes.txt] 6 10}
2024/03/04 21:46:28 worker  22 get order:  &{0 [../pg-sherlock_holmes.txt] 6 10}  order Type 0
2024/03/04 21:46:29 start 6 map
2024/03/04 21:46:29 Worker finish order 6, order type 0
2024/03/04 21:46:30 22 :  call for  5  times
2024/03/04 21:46:30 CallOrder: worker get response &{1 [mr-tmp-0-0 mr-tmp-1-0 mr-tmp-2-0 mr-tmp-3-0 mr-tmp-4-0 mr-tmp-5-0 mr-tmp-6-0 mr-tmp-7-0] 8 0}
2024/03/04 21:46:30 worker  22 get order:  &{1 [mr-tmp-0-0 mr-tmp-1-0 mr-tmp-2-0 mr-tmp-3-0 mr-tmp-4-0 mr-tmp-5-0 mr-tmp-6-0 mr-tmp-7-0] 8 0}  order Type 1
2024/03/04 21:46:30 start 8 map
2024/03/04 21:46:30 Worker finish order 8, order type 1
2024/03/04 21:46:31 22 :  call for  6  times
2024/03/04 21:46:31 CallOrder: worker get response &{1 [mr-tmp-0-1 mr-tmp-1-1 mr-tmp-2-1 mr-tmp-3-1 mr-tmp-4-1 mr-tmp-5-1 mr-tmp-6-1 mr-tmp-7-1] 9 0}
2024/03/04 21:46:31 worker  22 get order:  &{1 [mr-tmp-0-1 mr-tmp-1-1 mr-tmp-2-1 mr-tmp-3-1 mr-tmp-4-1 mr-tmp-5-1 mr-tmp-6-1 mr-tmp-7-1] 9 0}  order Type 1
2024/03/04 21:46:31 start 9 map
2024/03/04 21:46:31 Worker finish order 9, order type 1
2024/03/04 21:46:32 22 :  call for  7  times
2024/03/04 21:46:32 CallOrder: worker get response &{1 [mr-tmp-0-3 mr-tmp-1-3 mr-tmp-2-3 mr-tmp-3-3 mr-tmp-4-3 mr-tmp-5-3 mr-tmp-6-3 mr-tmp-7-3] 11 0}
2024/03/04 21:46:32 worker  22 get order:  &{1 [mr-tmp-0-3 mr-tmp-1-3 mr-tmp-2-3 mr-tmp-3-3 mr-tmp-4-3 mr-tmp-5-3 mr-tmp-6-3 mr-tmp-7-3] 11 0}  order Type 1
2024/03/04 21:46:32 start 11 map
2024/03/04 21:46:32 Worker finish order 11, order type 1
2024/03/04 21:46:33 22 :  call for  8  times
2024/03/04 21:46:33 CallOrder: worker get response &{1 [mr-tmp-0-5 mr-tmp-1-5 mr-tmp-2-5 mr-tmp-3-5 mr-tmp-4-5 mr-tmp-5-5 mr-tmp-6-5 mr-tmp-7-5] 13 0}
2024/03/04 21:46:33 worker  22 get order:  &{1 [mr-tmp-0-5 mr-tmp-1-5 mr-tmp-2-5 mr-tmp-3-5 mr-tmp-4-5 mr-tmp-5-5 mr-tmp-6-5 mr-tmp-7-5] 13 0}  order Type 1
2024/03/04 21:46:33 start 13 map
2024/03/04 21:46:33 Worker finish order 13, order type 1
2024/03/04 21:46:34 22 :  call for  9  times
2024/03/04 21:46:34 CallOrder: worker get response &{1 [mr-tmp-0-7 mr-tmp-1-7 mr-tmp-2-7 mr-tmp-3-7 mr-tmp-4-7 mr-tmp-5-7 mr-tmp-6-7 mr-tmp-7-7] 15 0}
2024/03/04 21:46:34 worker  22 get order:  &{1 [mr-tmp-0-7 mr-tmp-1-7 mr-tmp-2-7 mr-tmp-3-7 mr-tmp-4-7 mr-tmp-5-7 mr-tmp-6-7 mr-tmp-7-7] 15 0}  order Type 1
2024/03/04 21:46:34 start 15 map
2024/03/04 21:46:34 Worker finish order 15, order type 1
2024/03/04 21:46:35 22 :  call for  10  times
2024/03/04 21:46:35 CallOrder: worker get response &{1 [mr-tmp-0-9 mr-tmp-1-9 mr-tmp-2-9 mr-tmp-3-9 mr-tmp-4-9 mr-tmp-5-9 mr-tmp-6-9 mr-tmp-7-9] 17 0}
2024/03/04 21:46:35 worker  22 get order:  &{1 [mr-tmp-0-9 mr-tmp-1-9 mr-tmp-2-9 mr-tmp-3-9 mr-tmp-4-9 mr-tmp-5-9 mr-tmp-6-9 mr-tmp-7-9] 17 0}  order Type 1
2024/03/04 21:46:35 start 17 map
2024/03/04 21:46:35 Worker finish order 17, order type 1
2024/03/04 21:46:36 22 :  call for  11  times
2024/03/04 21:46:36 CallOrder: worker get response &{4 [] 0 0}
2024/03/04 21:46:36 worker  22 get order:  &{4 [] 0 0}  order Type 4
2024/03/04 21:46:37 22  killed
