2024/03/05 11:24:52 52 :  call for  1  times
2024/03/05 11:24:52 CallOrder: worker get response &{0 [../pg-dorian_gray.txt] 1 10}
2024/03/05 11:24:52 worker  52 get order:  &{0 [../pg-dorian_gray.txt] 1 10}  order Type 0
2024/03/05 11:24:54 start 1 map
2024/03/05 11:24:54 Worker finish order 1, order type 0
2024/03/05 11:24:55 52 :  call for  2  times
2024/03/05 11:24:55 CallOrder: worker get response &{0 [../pg-metamorphosis.txt] 5 10}
2024/03/05 11:24:55 worker  52 get order:  &{0 [../pg-metamorphosis.txt] 5 10}  order Type 0
2024/03/05 11:24:56 start 5 map
2024/03/05 11:24:56 Worker finish order 5, order type 0
2024/03/05 11:24:57 52 :  call for  3  times
2024/03/05 11:24:57 CallOrder: worker get response &{0 [../pg-sherlock_holmes.txt] 6 10}
2024/03/05 11:24:57 worker  52 get order:  &{0 [../pg-sherlock_holmes.txt] 6 10}  order Type 0
2024/03/05 11:25:00 start 6 map
2024/03/05 11:25:00 Worker finish order 6, order type 0
2024/03/05 11:25:01 52 :  call for  4  times
2024/03/05 11:25:01 CallOrder: worker get response &{1 [mr-tmp-0-0 mr-tmp-1-0 mr-tmp-2-0 mr-tmp-3-0 mr-tmp-4-0 mr-tmp-5-0 mr-tmp-6-0 mr-tmp-7-0] 8 0}
2024/03/05 11:25:01 worker  52 get order:  &{1 [mr-tmp-0-0 mr-tmp-1-0 mr-tmp-2-0 mr-tmp-3-0 mr-tmp-4-0 mr-tmp-5-0 mr-tmp-6-0 mr-tmp-7-0] 8 0}  order Type 1
2024/03/05 11:25:02 start 8 map
2024/03/05 11:25:02 Worker finish order 8, order type 1
2024/03/05 11:25:03 52 :  call for  5  times
2024/03/05 11:25:03 CallOrder: worker get response &{1 [mr-tmp-0-3 mr-tmp-1-3 mr-tmp-2-3 mr-tmp-3-3 mr-tmp-4-3 mr-tmp-5-3 mr-tmp-6-3 mr-tmp-7-3] 11 0}
2024/03/05 11:25:03 worker  52 get order:  &{1 [mr-tmp-0-3 mr-tmp-1-3 mr-tmp-2-3 mr-tmp-3-3 mr-tmp-4-3 mr-tmp-5-3 mr-tmp-6-3 mr-tmp-7-3] 11 0}  order Type 1
2024/03/05 11:25:04 start 11 map
2024/03/05 11:25:04 Worker finish order 11, order type 1
2024/03/05 11:25:05 52 :  call for  6  times
2024/03/05 11:25:05 CallOrder: worker get response &{1 [mr-tmp-0-5 mr-tmp-1-5 mr-tmp-2-5 mr-tmp-3-5 mr-tmp-4-5 mr-tmp-5-5 mr-tmp-6-5 mr-tmp-7-5] 13 0}
2024/03/05 11:25:05 worker  52 get order:  &{1 [mr-tmp-0-5 mr-tmp-1-5 mr-tmp-2-5 mr-tmp-3-5 mr-tmp-4-5 mr-tmp-5-5 mr-tmp-6-5 mr-tmp-7-5] 13 0}  order Type 1
2024/03/05 11:25:05 start 13 map
2024/03/05 11:25:05 Worker finish order 13, order type 1
2024/03/05 11:25:06 52 :  call for  7  times
2024/03/05 11:25:06 CallOrder: worker get response &{1 [mr-tmp-0-8 mr-tmp-1-8 mr-tmp-2-8 mr-tmp-3-8 mr-tmp-4-8 mr-tmp-5-8 mr-tmp-6-8 mr-tmp-7-8] 16 0}
2024/03/05 11:25:06 worker  52 get order:  &{1 [mr-tmp-0-8 mr-tmp-1-8 mr-tmp-2-8 mr-tmp-3-8 mr-tmp-4-8 mr-tmp-5-8 mr-tmp-6-8 mr-tmp-7-8] 16 0}  order Type 1
2024/03/05 11:25:08 start 16 map
2024/03/05 11:25:08 Worker finish order 16, order type 1
2024/03/05 11:25:09 52 :  call for  8  times
2024/03/05 11:25:09 CallOrder: worker get response &{3 [] 0 0}
2024/03/05 11:25:09 worker  52 get order:  &{3 [] 0 0}  order Type 3
2024/03/05 11:25:09 52  waiting for order
2024/03/05 11:25:11 52 :  call for  9  times
2024/03/05 11:25:11 dialing:dial unix /var/tmp/824-mr-0: connect: connection refused
