2024/03/05 10:26:32 32 :  call for  1  times
2024/03/05 10:26:32 CallOrder: worker get response &{0 [../pg-grimm.txt] 3 10}
2024/03/05 10:26:32 worker  32 get order:  &{0 [../pg-grimm.txt] 3 10}  order Type 0
2024/03/05 10:26:41 start 3 map
2024/03/05 10:26:41 Worker finish order 3, order type 0
2024/03/05 10:26:42 32 :  call for  2  times
2024/03/05 10:26:42 CallOrder: worker get response &{2 [] 0 0}
2024/03/05 10:26:42 worker  32 get order:  &{2 [] 0 0}  order Type 2
2024/03/05 10:26:42 32  waiting for order
2024/03/05 10:26:44 32 :  call for  3  times
2024/03/05 10:26:44 CallOrder: worker get response &{2 [] 0 0}
2024/03/05 10:26:44 worker  32 get order:  &{2 [] 0 0}  order Type 2
2024/03/05 10:26:44 32  waiting for order
2024/03/05 10:26:46 32 :  call for  4  times
2024/03/05 10:26:46 CallOrder: worker get response &{2 [] 0 0}
2024/03/05 10:26:46 worker  32 get order:  &{2 [] 0 0}  order Type 2
2024/03/05 10:26:46 32  waiting for order
2024/03/05 10:26:48 32 :  call for  5  times
2024/03/05 10:26:48 CallOrder: worker get response &{0 [../pg-huckleberry_finn.txt] 4 10}
2024/03/05 10:26:48 worker  32 get order:  &{0 [../pg-huckleberry_finn.txt] 4 10}  order Type 0
