2024/03/05 00:47:26 26 :  call for  1  times
2024/03/05 00:47:26 CallOrder: worker get response &{0 [../pg-being_ernest.txt] 0 10}
2024/03/05 00:47:26 worker  26 get order:  &{0 [../pg-being_ernest.txt] 0 10}  order Type 0
2024/03/05 00:47:27 start 0 map
2024/03/05 00:47:27 Worker finish order 0, order type 0
2024/03/05 00:47:28 26 :  call for  2  times
2024/03/05 00:47:28 CallOrder: worker get response &{0 [../pg-frankenstein.txt] 2 10}
2024/03/05 00:47:28 worker  26 get order:  &{0 [../pg-frankenstein.txt] 2 10}  order Type 0
2024/03/05 00:47:28 start 2 map
2024/03/05 00:47:28 Worker finish order 2, order type 0
2024/03/05 00:47:29 26 :  call for  3  times
2024/03/05 00:47:29 CallOrder: worker get response &{0 [../pg-huckleberry_finn.txt] 4 10}
2024/03/05 00:47:29 worker  26 get order:  &{0 [../pg-huckleberry_finn.txt] 4 10}  order Type 0
2024/03/05 00:47:29 start 4 map
2024/03/05 00:47:29 Worker finish order 4, order type 0
2024/03/05 00:47:30 26 :  call for  4  times
2024/03/05 00:47:30 CallOrder: worker get response &{0 [../pg-sherlock_holmes.txt] 6 10}
2024/03/05 00:47:30 worker  26 get order:  &{0 [../pg-sherlock_holmes.txt] 6 10}  order Type 0
2024/03/05 00:47:30 start 6 map
2024/03/05 00:47:30 Worker finish order 6, order type 0
2024/03/05 00:47:31 26 :  call for  5  times
2024/03/05 00:47:31 CallOrder: worker get response &{2 [] 0 0}
2024/03/05 00:47:31 worker  26 get order:  &{2 [] 0 0}  order Type 2
2024/03/05 00:47:31 26  waiting for order
2024/03/05 00:47:33 26 :  call for  6  times
2024/03/05 00:47:33 CallOrder: worker get response &{1 [mr-tmp-0-2 mr-tmp-1-2 mr-tmp-2-2 mr-tmp-3-2 mr-tmp-4-2 mr-tmp-5-2 mr-tmp-6-2 mr-tmp-7-2] 10 0}
2024/03/05 00:47:33 worker  26 get order:  &{1 [mr-tmp-0-2 mr-tmp-1-2 mr-tmp-2-2 mr-tmp-3-2 mr-tmp-4-2 mr-tmp-5-2 mr-tmp-6-2 mr-tmp-7-2] 10 0}  order Type 1
2024/03/05 00:47:33 start 10 map
2024/03/05 00:47:33 Worker finish order 10, order type 1
2024/03/05 00:47:34 26 :  call for  7  times
2024/03/05 00:47:34 CallOrder: worker get response &{1 [mr-tmp-0-4 mr-tmp-1-4 mr-tmp-2-4 mr-tmp-3-4 mr-tmp-4-4 mr-tmp-5-4 mr-tmp-6-4 mr-tmp-7-4] 12 0}
2024/03/05 00:47:34 worker  26 get order:  &{1 [mr-tmp-0-4 mr-tmp-1-4 mr-tmp-2-4 mr-tmp-3-4 mr-tmp-4-4 mr-tmp-5-4 mr-tmp-6-4 mr-tmp-7-4] 12 0}  order Type 1
2024/03/05 00:47:35 start 12 map
2024/03/05 00:47:35 Worker finish order 12, order type 1
2024/03/05 00:47:36 26 :  call for  8  times
2024/03/05 00:47:36 CallOrder: worker get response &{1 [mr-tmp-0-6 mr-tmp-1-6 mr-tmp-2-6 mr-tmp-3-6 mr-tmp-4-6 mr-tmp-5-6 mr-tmp-6-6 mr-tmp-7-6] 14 0}
2024/03/05 00:47:36 worker  26 get order:  &{1 [mr-tmp-0-6 mr-tmp-1-6 mr-tmp-2-6 mr-tmp-3-6 mr-tmp-4-6 mr-tmp-5-6 mr-tmp-6-6 mr-tmp-7-6] 14 0}  order Type 1
2024/03/05 00:47:36 start 14 map
2024/03/05 00:47:36 Worker finish order 14, order type 1
2024/03/05 00:47:37 26 :  call for  9  times
2024/03/05 00:47:37 CallOrder: worker get response &{1 [mr-tmp-0-8 mr-tmp-1-8 mr-tmp-2-8 mr-tmp-3-8 mr-tmp-4-8 mr-tmp-5-8 mr-tmp-6-8 mr-tmp-7-8] 16 0}
2024/03/05 00:47:37 worker  26 get order:  &{1 [mr-tmp-0-8 mr-tmp-1-8 mr-tmp-2-8 mr-tmp-3-8 mr-tmp-4-8 mr-tmp-5-8 mr-tmp-6-8 mr-tmp-7-8] 16 0}  order Type 1
2024/03/05 00:47:37 start 16 map
2024/03/05 00:47:37 Worker finish order 16, order type 1
2024/03/05 00:47:38 26 :  call for  10  times
2024/03/05 00:47:38 CallOrder: worker get response &{3 [] 0 0}
2024/03/05 00:47:38 worker  26 get order:  &{3 [] 0 0}  order Type 3
2024/03/05 00:47:38 26  waiting for order
2024/03/05 00:47:40 26 :  call for  11  times
2024/03/05 00:47:40 dialing:dial unix /var/tmp/824-mr-0: connect: connection refused
