2024/03/05 07:53:36 36 :  call for  1  times
2024/03/05 07:53:36 CallOrder: worker get response &{1 [mr-tmp-0-5 mr-tmp-1-5 mr-tmp-2-5 mr-tmp-3-5 mr-tmp-4-5 mr-tmp-5-5 mr-tmp-6-5 mr-tmp-7-5] 13 0}
2024/03/05 07:53:36 worker  36 get order:  &{1 [mr-tmp-0-5 mr-tmp-1-5 mr-tmp-2-5 mr-tmp-3-5 mr-tmp-4-5 mr-tmp-5-5 mr-tmp-6-5 mr-tmp-7-5] 13 0}  order Type 1
2024/03/05 07:53:44 start 13 map
2024/03/05 07:53:44 Worker finish order 13, order type 1
2024/03/05 07:53:45 36 :  call for  2  times
2024/03/05 07:53:45 CallOrder: worker get response &{1 [mr-tmp-0-0 mr-tmp-1-0 mr-tmp-2-0 mr-tmp-3-0 mr-tmp-4-0 mr-tmp-5-0 mr-tmp-6-0 mr-tmp-7-0] 8 0}
2024/03/05 07:53:45 worker  36 get order:  &{1 [mr-tmp-0-0 mr-tmp-1-0 mr-tmp-2-0 mr-tmp-3-0 mr-tmp-4-0 mr-tmp-5-0 mr-tmp-6-0 mr-tmp-7-0] 8 0}  order Type 1
2024/03/05 07:53:49 start 8 map
2024/03/05 07:53:49 Worker finish order 8, order type 1
2024/03/05 07:53:50 36 :  call for  3  times
2024/03/05 07:53:50 CallOrder: worker get response &{3 [] 0 0}
2024/03/05 07:53:50 worker  36 get order:  &{3 [] 0 0}  order Type 3
2024/03/05 07:53:50 36  waiting for order
2024/03/05 07:53:52 36 :  call for  4  times
2024/03/05 07:53:52 CallOrder: worker get response &{3 [] 0 0}
2024/03/05 07:53:52 worker  36 get order:  &{3 [] 0 0}  order Type 3
2024/03/05 07:53:52 36  waiting for order
2024/03/05 07:53:54 36 :  call for  5  times
2024/03/05 07:53:54 CallOrder: worker get response &{3 [] 0 0}
2024/03/05 07:53:54 worker  36 get order:  &{3 [] 0 0}  order Type 3
2024/03/05 07:53:54 36  waiting for order
2024/03/05 07:53:56 36 :  call for  6  times
2024/03/05 07:53:56 CallOrder: worker get response &{3 [] 0 0}
2024/03/05 07:53:56 worker  36 get order:  &{3 [] 0 0}  order Type 3
2024/03/05 07:53:56 36  waiting for order
2024/03/05 07:53:58 36 :  call for  7  times
2024/03/05 07:53:58 CallOrder: worker get response &{3 [] 0 0}
2024/03/05 07:53:58 worker  36 get order:  &{3 [] 0 0}  order Type 3
2024/03/05 07:53:58 36  waiting for order
2024/03/05 07:54:00 36 :  call for  8  times
2024/03/05 07:54:00 dialing:dial unix /var/tmp/824-mr-0: connect: connection refused
