2024/03/05 09:16:50 50 :  call for  1  times
2024/03/05 09:16:50 CallOrder: worker get response &{1 [mr-tmp-0-5 mr-tmp-1-5 mr-tmp-2-5 mr-tmp-3-5 mr-tmp-4-5 mr-tmp-5-5 mr-tmp-6-5 mr-tmp-7-5] 13 0}
2024/03/05 09:16:50 worker  50 get order:  &{1 [mr-tmp-0-5 mr-tmp-1-5 mr-tmp-2-5 mr-tmp-3-5 mr-tmp-4-5 mr-tmp-5-5 mr-tmp-6-5 mr-tmp-7-5] 13 0}  order Type 1
2024/03/05 09:16:56 start 13 map
2024/03/05 09:16:56 Worker finish order 13, order type 1
2024/03/05 09:16:57 50 :  call for  2  times
2024/03/05 09:16:57 CallOrder: worker get response &{3 [] 0 0}
2024/03/05 09:16:57 worker  50 get order:  &{3 [] 0 0}  order Type 3
2024/03/05 09:16:57 50  waiting for order
2024/03/05 09:16:59 50 :  call for  3  times
2024/03/05 09:16:59 CallOrder: worker get response &{1 [mr-tmp-0-2 mr-tmp-1-2 mr-tmp-2-2 mr-tmp-3-2 mr-tmp-4-2 mr-tmp-5-2 mr-tmp-6-2 mr-tmp-7-2] 10 0}
2024/03/05 09:16:59 worker  50 get order:  &{1 [mr-tmp-0-2 mr-tmp-1-2 mr-tmp-2-2 mr-tmp-3-2 mr-tmp-4-2 mr-tmp-5-2 mr-tmp-6-2 mr-tmp-7-2] 10 0}  order Type 1
2024/03/05 09:16:59 start 10 map
2024/03/05 09:16:59 Worker finish order 10, order type 1
2024/03/05 09:17:00 50 :  call for  4  times
2024/03/05 09:17:00 CallOrder: worker get response &{3 [] 0 0}
2024/03/05 09:17:00 worker  50 get order:  &{3 [] 0 0}  order Type 3
2024/03/05 09:17:00 50  waiting for order
2024/03/05 09:17:02 50 :  call for  5  times
2024/03/05 09:17:02 CallOrder: worker get response &{3 [] 0 0}
2024/03/05 09:17:02 worker  50 get order:  &{3 [] 0 0}  order Type 3
2024/03/05 09:17:02 50  waiting for order
2024/03/05 09:17:04 50 :  call for  6  times
2024/03/05 09:17:04 dialing:dial unix /var/tmp/824-mr-0: connect: connection refused
