2024/03/05 11:42:44 44 :  call for  1  times
2024/03/05 11:42:44 CallOrder: worker get response &{2 [] 0 0}
2024/03/05 11:42:44 worker  44 get order:  &{2 [] 0 0}  order Type 2
2024/03/05 11:42:44 44  waiting for order
2024/03/05 11:42:46 44 :  call for  2  times
2024/03/05 11:42:46 CallOrder: worker get response &{0 [../pg-tom_sawyer.txt] 7 10}
2024/03/05 11:42:46 worker  44 get order:  &{0 [../pg-tom_sawyer.txt] 7 10}  order Type 0
2024/03/05 11:42:56 start 7 map
2024/03/05 11:42:56 Worker finish order 7, order type 0
2024/03/05 11:42:57 44 :  call for  3  times
2024/03/05 11:42:57 CallOrder: worker get response &{1 [mr-tmp-0-0 mr-tmp-1-0 mr-tmp-2-0 mr-tmp-3-0 mr-tmp-4-0 mr-tmp-5-0 mr-tmp-6-0 mr-tmp-7-0] 8 0}
2024/03/05 11:42:57 worker  44 get order:  &{1 [mr-tmp-0-0 mr-tmp-1-0 mr-tmp-2-0 mr-tmp-3-0 mr-tmp-4-0 mr-tmp-5-0 mr-tmp-6-0 mr-tmp-7-0] 8 0}  order Type 1
2024/03/05 11:42:57 start 8 map
2024/03/05 11:42:57 Worker finish order 8, order type 1
2024/03/05 11:42:58 44 :  call for  4  times
2024/03/05 11:42:58 CallOrder: worker get response &{1 [mr-tmp-0-2 mr-tmp-1-2 mr-tmp-2-2 mr-tmp-3-2 mr-tmp-4-2 mr-tmp-5-2 mr-tmp-6-2 mr-tmp-7-2] 10 0}
2024/03/05 11:42:58 worker  44 get order:  &{1 [mr-tmp-0-2 mr-tmp-1-2 mr-tmp-2-2 mr-tmp-3-2 mr-tmp-4-2 mr-tmp-5-2 mr-tmp-6-2 mr-tmp-7-2] 10 0}  order Type 1
2024/03/05 11:42:58 start 10 map
2024/03/05 11:42:58 Worker finish order 10, order type 1
2024/03/05 11:42:59 44 :  call for  5  times
2024/03/05 11:42:59 CallOrder: worker get response &{1 [mr-tmp-0-5 mr-tmp-1-5 mr-tmp-2-5 mr-tmp-3-5 mr-tmp-4-5 mr-tmp-5-5 mr-tmp-6-5 mr-tmp-7-5] 13 0}
2024/03/05 11:42:59 worker  44 get order:  &{1 [mr-tmp-0-5 mr-tmp-1-5 mr-tmp-2-5 mr-tmp-3-5 mr-tmp-4-5 mr-tmp-5-5 mr-tmp-6-5 mr-tmp-7-5] 13 0}  order Type 1
2024/03/05 11:43:03 start 13 map
2024/03/05 11:43:03 Worker finish order 13, order type 1
2024/03/05 11:43:04 44 :  call for  6  times
2024/03/05 11:43:04 CallOrder: worker get response &{4 [] 0 0}
2024/03/05 11:43:04 worker  44 get order:  &{4 [] 0 0}  order Type 4
2024/03/05 11:43:05 44  killed
