2024/03/05 03:34:15 15 :  call for  1  times
2024/03/05 03:34:15 CallOrder: worker get response &{0 [../pg-being_ernest.txt] 0 10}
2024/03/05 03:34:15 worker  15 get order:  &{0 [../pg-being_ernest.txt] 0 10}  order Type 0
2024/03/05 03:34:15 start 0 map
2024/03/05 03:34:15 Worker finish order 0, order type 0
2024/03/05 03:34:16 15 :  call for  2  times
2024/03/05 03:34:16 CallOrder: worker get response &{0 [../pg-grimm.txt] 3 10}
2024/03/05 03:34:16 worker  15 get order:  &{0 [../pg-grimm.txt] 3 10}  order Type 0
2024/03/05 03:34:16 start 3 map
2024/03/05 03:34:16 Worker finish order 3, order type 0
2024/03/05 03:34:17 15 :  call for  3  times
2024/03/05 03:34:17 CallOrder: worker get response &{0 [../pg-sherlock_holmes.txt] 6 10}
2024/03/05 03:34:17 worker  15 get order:  &{0 [../pg-sherlock_holmes.txt] 6 10}  order Type 0
2024/03/05 03:34:17 start 6 map
2024/03/05 03:34:17 Worker finish order 6, order type 0
2024/03/05 03:34:18 15 :  call for  4  times
2024/03/05 03:34:18 CallOrder: worker get response &{1 [mr-tmp-0-1 mr-tmp-1-1 mr-tmp-2-1 mr-tmp-3-1 mr-tmp-4-1 mr-tmp-5-1 mr-tmp-6-1 mr-tmp-7-1] 9 0}
2024/03/05 03:34:18 worker  15 get order:  &{1 [mr-tmp-0-1 mr-tmp-1-1 mr-tmp-2-1 mr-tmp-3-1 mr-tmp-4-1 mr-tmp-5-1 mr-tmp-6-1 mr-tmp-7-1] 9 0}  order Type 1
2024/03/05 03:34:18 start 9 map
2024/03/05 03:34:18 Worker finish order 9, order type 1
2024/03/05 03:34:19 15 :  call for  5  times
2024/03/05 03:34:19 CallOrder: worker get response &{1 [mr-tmp-0-3 mr-tmp-1-3 mr-tmp-2-3 mr-tmp-3-3 mr-tmp-4-3 mr-tmp-5-3 mr-tmp-6-3 mr-tmp-7-3] 11 0}
2024/03/05 03:34:19 worker  15 get order:  &{1 [mr-tmp-0-3 mr-tmp-1-3 mr-tmp-2-3 mr-tmp-3-3 mr-tmp-4-3 mr-tmp-5-3 mr-tmp-6-3 mr-tmp-7-3] 11 0}  order Type 1
2024/03/05 03:34:19 start 11 map
2024/03/05 03:34:19 Worker finish order 11, order type 1
2024/03/05 03:34:20 15 :  call for  6  times
2024/03/05 03:34:20 CallOrder: worker get response &{1 [mr-tmp-0-5 mr-tmp-1-5 mr-tmp-2-5 mr-tmp-3-5 mr-tmp-4-5 mr-tmp-5-5 mr-tmp-6-5 mr-tmp-7-5] 13 0}
2024/03/05 03:34:20 worker  15 get order:  &{1 [mr-tmp-0-5 mr-tmp-1-5 mr-tmp-2-5 mr-tmp-3-5 mr-tmp-4-5 mr-tmp-5-5 mr-tmp-6-5 mr-tmp-7-5] 13 0}  order Type 1
2024/03/05 03:34:20 start 13 map
2024/03/05 03:34:20 Worker finish order 13, order type 1
2024/03/05 03:34:21 15 :  call for  7  times
2024/03/05 03:34:21 CallOrder: worker get response &{1 [mr-tmp-0-7 mr-tmp-1-7 mr-tmp-2-7 mr-tmp-3-7 mr-tmp-4-7 mr-tmp-5-7 mr-tmp-6-7 mr-tmp-7-7] 15 0}
2024/03/05 03:34:21 worker  15 get order:  &{1 [mr-tmp-0-7 mr-tmp-1-7 mr-tmp-2-7 mr-tmp-3-7 mr-tmp-4-7 mr-tmp-5-7 mr-tmp-6-7 mr-tmp-7-7] 15 0}  order Type 1
2024/03/05 03:34:21 start 15 map
2024/03/05 03:34:21 Worker finish order 15, order type 1
2024/03/05 03:34:22 15 :  call for  8  times
2024/03/05 03:34:22 CallOrder: worker get response &{1 [mr-tmp-0-8 mr-tmp-1-8 mr-tmp-2-8 mr-tmp-3-8 mr-tmp-4-8 mr-tmp-5-8 mr-tmp-6-8 mr-tmp-7-8] 16 0}
2024/03/05 03:34:22 worker  15 get order:  &{1 [mr-tmp-0-8 mr-tmp-1-8 mr-tmp-2-8 mr-tmp-3-8 mr-tmp-4-8 mr-tmp-5-8 mr-tmp-6-8 mr-tmp-7-8] 16 0}  order Type 1
2024/03/05 03:34:22 start 16 map
2024/03/05 03:34:22 Worker finish order 16, order type 1
2024/03/05 03:34:23 15 :  call for  9  times
2024/03/05 03:34:23 CallOrder: worker get response &{3 [] 0 0}
2024/03/05 03:34:23 worker  15 get order:  &{3 [] 0 0}  order Type 3
2024/03/05 03:34:23 15  waiting for order
2024/03/05 03:34:25 15 :  call for  10  times
2024/03/05 03:34:25 dialing:dial unix /var/tmp/824-mr-0: connect: connection refused
