2024/03/05 08:18:54 54 :  call for  1  times
2024/03/05 08:18:54 CallOrder: worker get response &{2 [] 0 0}
2024/03/05 08:18:54 worker  54 get order:  &{2 [] 0 0}  order Type 2
2024/03/05 08:18:54 54  waiting for order
2024/03/05 08:18:56 54 :  call for  2  times
2024/03/05 08:18:56 CallOrder: worker get response &{2 [] 0 0}
2024/03/05 08:18:56 worker  54 get order:  &{2 [] 0 0}  order Type 2
2024/03/05 08:18:56 54  waiting for order
2024/03/05 08:18:58 54 :  call for  3  times
2024/03/05 08:18:58 CallOrder: worker get response &{2 [] 0 0}
2024/03/05 08:18:58 worker  54 get order:  &{2 [] 0 0}  order Type 2
2024/03/05 08:18:58 54  waiting for order
2024/03/05 08:19:00 54 :  call for  4  times
2024/03/05 08:19:00 CallOrder: worker get response &{2 [] 0 0}
2024/03/05 08:19:00 worker  54 get order:  &{2 [] 0 0}  order Type 2
2024/03/05 08:19:00 54  waiting for order
2024/03/05 08:19:02 54 :  call for  5  times
2024/03/05 08:19:02 CallOrder: worker get response &{2 [] 0 0}
2024/03/05 08:19:02 worker  54 get order:  &{2 [] 0 0}  order Type 2
2024/03/05 08:19:02 54  waiting for order
2024/03/05 08:19:04 54 :  call for  6  times
2024/03/05 08:19:04 CallOrder: worker get response &{2 [] 0 0}
2024/03/05 08:19:04 worker  54 get order:  &{2 [] 0 0}  order Type 2
2024/03/05 08:19:04 54  waiting for order
2024/03/05 08:19:06 54 :  call for  7  times
2024/03/05 08:19:06 CallOrder: worker get response &{1 [mr-tmp-0-3 mr-tmp-1-3 mr-tmp-2-3 mr-tmp-3-3 mr-tmp-4-3 mr-tmp-5-3 mr-tmp-6-3 mr-tmp-7-3] 11 0}
2024/03/05 08:19:06 worker  54 get order:  &{1 [mr-tmp-0-3 mr-tmp-1-3 mr-tmp-2-3 mr-tmp-3-3 mr-tmp-4-3 mr-tmp-5-3 mr-tmp-6-3 mr-tmp-7-3] 11 0}  order Type 1
2024/03/05 08:19:06 start 11 map
2024/03/05 08:19:06 Worker finish order 11, order type 1
2024/03/05 08:19:07 54 :  call for  8  times
2024/03/05 08:19:07 CallOrder: worker get response &{1 [mr-tmp-0-6 mr-tmp-1-6 mr-tmp-2-6 mr-tmp-3-6 mr-tmp-4-6 mr-tmp-5-6 mr-tmp-6-6 mr-tmp-7-6] 14 0}
2024/03/05 08:19:07 worker  54 get order:  &{1 [mr-tmp-0-6 mr-tmp-1-6 mr-tmp-2-6 mr-tmp-3-6 mr-tmp-4-6 mr-tmp-5-6 mr-tmp-6-6 mr-tmp-7-6] 14 0}  order Type 1
2024/03/05 08:19:07 start 14 map
2024/03/05 08:19:07 Worker finish order 14, order type 1
2024/03/05 08:19:08 54 :  call for  9  times
2024/03/05 08:19:08 CallOrder: worker get response &{1 [mr-tmp-0-8 mr-tmp-1-8 mr-tmp-2-8 mr-tmp-3-8 mr-tmp-4-8 mr-tmp-5-8 mr-tmp-6-8 mr-tmp-7-8] 16 0}
2024/03/05 08:19:08 worker  54 get order:  &{1 [mr-tmp-0-8 mr-tmp-1-8 mr-tmp-2-8 mr-tmp-3-8 mr-tmp-4-8 mr-tmp-5-8 mr-tmp-6-8 mr-tmp-7-8] 16 0}  order Type 1
2024/03/05 08:19:08 start 16 map
2024/03/05 08:19:08 Worker finish order 16, order type 1
2024/03/05 08:19:09 54 :  call for  10  times
2024/03/05 08:19:09 CallOrder: worker get response &{3 [] 0 0}
2024/03/05 08:19:09 worker  54 get order:  &{3 [] 0 0}  order Type 3
2024/03/05 08:19:09 54  waiting for order
2024/03/05 08:19:11 54 :  call for  11  times
2024/03/05 08:19:11 CallOrder: worker get response &{3 [] 0 0}
2024/03/05 08:19:11 worker  54 get order:  &{3 [] 0 0}  order Type 3
2024/03/05 08:19:11 54  waiting for order
2024/03/05 08:19:13 54 :  call for  12  times
2024/03/05 08:19:13 CallOrder: worker get response &{3 [] 0 0}
2024/03/05 08:19:13 worker  54 get order:  &{3 [] 0 0}  order Type 3
2024/03/05 08:19:13 54  waiting for order
2024/03/05 08:19:15 54 :  call for  13  times
2024/03/05 08:19:15 CallOrder: worker get response &{3 [] 0 0}
2024/03/05 08:19:15 worker  54 get order:  &{3 [] 0 0}  order Type 3
2024/03/05 08:19:15 54  waiting for order
2024/03/05 08:19:17 54 :  call for  14  times
2024/03/05 08:19:17 CallOrder: worker get response &{1 [mr-tmp-0-2 mr-tmp-1-2 mr-tmp-2-2 mr-tmp-3-2 mr-tmp-4-2 mr-tmp-5-2 mr-tmp-6-2 mr-tmp-7-2] 10 0}
2024/03/05 08:19:17 worker  54 get order:  &{1 [mr-tmp-0-2 mr-tmp-1-2 mr-tmp-2-2 mr-tmp-3-2 mr-tmp-4-2 mr-tmp-5-2 mr-tmp-6-2 mr-tmp-7-2] 10 0}  order Type 1
