2024/03/04 21:33:50 50 :  call for  1  times
2024/03/04 21:33:50 CallOrder: worker get response &{0 [../pg-frankenstein.txt] 2 10}
2024/03/04 21:33:50 worker  50 get order:  &{0 [../pg-frankenstein.txt] 2 10}  order Type 0
2024/03/04 21:33:57 start 2 map
2024/03/04 21:33:57 Worker finish order 2, order type 0
2024/03/04 21:33:58 50 :  call for  2  times
2024/03/04 21:33:58 CallOrder: worker get response &{2 [] 0 0}
2024/03/04 21:33:58 worker  50 get order:  &{2 [] 0 0}  order Type 2
2024/03/04 21:33:58 50  waiting for order
2024/03/04 21:34:00 50 :  call for  3  times
2024/03/04 21:34:00 CallOrder: worker get response &{2 [] 0 0}
2024/03/04 21:34:00 worker  50 get order:  &{2 [] 0 0}  order Type 2
2024/03/04 21:34:00 50  waiting for order
2024/03/04 21:34:02 50 :  call for  4  times
2024/03/04 21:34:02 CallOrder: worker get response &{2 [] 0 0}
2024/03/04 21:34:02 worker  50 get order:  &{2 [] 0 0}  order Type 2
2024/03/04 21:34:02 50  waiting for order
2024/03/04 21:34:04 50 :  call for  5  times
2024/03/04 21:34:04 CallOrder: worker get response &{2 [] 0 0}
2024/03/04 21:34:04 worker  50 get order:  &{2 [] 0 0}  order Type 2
2024/03/04 21:34:04 50  waiting for order
2024/03/04 21:34:06 50 :  call for  6  times
2024/03/04 21:34:06 CallOrder: worker get response &{2 [] 0 0}
2024/03/04 21:34:06 worker  50 get order:  &{2 [] 0 0}  order Type 2
2024/03/04 21:34:06 50  waiting for order
2024/03/04 21:34:08 50 :  call for  7  times
2024/03/04 21:34:08 CallOrder: worker get response &{2 [] 0 0}
2024/03/04 21:34:08 worker  50 get order:  &{2 [] 0 0}  order Type 2
2024/03/04 21:34:08 50  waiting for order
2024/03/04 21:34:10 50 :  call for  8  times
2024/03/04 21:34:10 CallOrder: worker get response &{2 [] 0 0}
2024/03/04 21:34:10 worker  50 get order:  &{2 [] 0 0}  order Type 2
2024/03/04 21:34:10 50  waiting for order
2024/03/04 21:34:12 50 :  call for  9  times
2024/03/04 21:34:12 CallOrder: worker get response &{1 [mr-tmp-0-0 mr-tmp-1-0 mr-tmp-2-0 mr-tmp-3-0 mr-tmp-4-0 mr-tmp-5-0 mr-tmp-6-0 mr-tmp-7-0] 8 0}
2024/03/04 21:34:12 worker  50 get order:  &{1 [mr-tmp-0-0 mr-tmp-1-0 mr-tmp-2-0 mr-tmp-3-0 mr-tmp-4-0 mr-tmp-5-0 mr-tmp-6-0 mr-tmp-7-0] 8 0}  order Type 1
2024/03/04 21:34:12 start 8 map
2024/03/04 21:34:12 Worker finish order 8, order type 1
2024/03/04 21:34:13 50 :  call for  10  times
2024/03/04 21:34:13 CallOrder: worker get response &{1 [mr-tmp-0-3 mr-tmp-1-3 mr-tmp-2-3 mr-tmp-3-3 mr-tmp-4-3 mr-tmp-5-3 mr-tmp-6-3 mr-tmp-7-3] 11 0}
2024/03/04 21:34:13 worker  50 get order:  &{1 [mr-tmp-0-3 mr-tmp-1-3 mr-tmp-2-3 mr-tmp-3-3 mr-tmp-4-3 mr-tmp-5-3 mr-tmp-6-3 mr-tmp-7-3] 11 0}  order Type 1
2024/03/04 21:34:13 start 11 map
2024/03/04 21:34:13 Worker finish order 11, order type 1
2024/03/04 21:34:14 50 :  call for  11  times
2024/03/04 21:34:14 CallOrder: worker get response &{1 [mr-tmp-0-7 mr-tmp-1-7 mr-tmp-2-7 mr-tmp-3-7 mr-tmp-4-7 mr-tmp-5-7 mr-tmp-6-7 mr-tmp-7-7] 15 0}
2024/03/04 21:34:14 worker  50 get order:  &{1 [mr-tmp-0-7 mr-tmp-1-7 mr-tmp-2-7 mr-tmp-3-7 mr-tmp-4-7 mr-tmp-5-7 mr-tmp-6-7 mr-tmp-7-7] 15 0}  order Type 1
2024/03/04 21:34:14 start 15 map
2024/03/04 21:34:14 Worker finish order 15, order type 1
2024/03/04 21:34:15 50 :  call for  12  times
2024/03/04 21:34:15 CallOrder: worker get response &{4 [] 0 0}
2024/03/04 21:34:15 worker  50 get order:  &{4 [] 0 0}  order Type 4
2024/03/04 21:34:16 50  killed
