2024/03/05 04:45:30 30 :  call for  1  times
2024/03/05 04:45:30 CallOrder: worker get response &{0 [../pg-being_ernest.txt] 0 10}
2024/03/05 04:45:30 worker  30 get order:  &{0 [../pg-being_ernest.txt] 0 10}  order Type 0
2024/03/05 04:45:30 start 0 map
2024/03/05 04:45:30 Worker finish order 0, order type 0
2024/03/05 04:45:31 30 :  call for  2  times
2024/03/05 04:45:31 CallOrder: worker get response &{0 [../pg-huckleberry_finn.txt] 4 10}
2024/03/05 04:45:31 worker  30 get order:  &{0 [../pg-huckleberry_finn.txt] 4 10}  order Type 0
2024/03/05 04:45:36 start 4 map
2024/03/05 04:45:36 Worker finish order 4, order type 0
2024/03/05 04:45:37 30 :  call for  3  times
2024/03/05 04:45:37 CallOrder: worker get response &{2 [] 0 0}
2024/03/05 04:45:37 worker  30 get order:  &{2 [] 0 0}  order Type 2
2024/03/05 04:45:37 30  waiting for order
2024/03/05 04:45:39 30 :  call for  4  times
2024/03/05 04:45:39 CallOrder: worker get response &{2 [] 0 0}
2024/03/05 04:45:39 worker  30 get order:  &{2 [] 0 0}  order Type 2
2024/03/05 04:45:39 30  waiting for order
2024/03/05 04:45:41 30 :  call for  5  times
2024/03/05 04:45:41 CallOrder: worker get response &{0 [../pg-dorian_gray.txt] 1 10}
2024/03/05 04:45:41 worker  30 get order:  &{0 [../pg-dorian_gray.txt] 1 10}  order Type 0
2024/03/05 04:45:41 start 1 map
2024/03/05 04:45:41 Worker finish order 1, order type 0
2024/03/05 04:45:42 30 :  call for  6  times
2024/03/05 04:45:42 CallOrder: worker get response &{2 [] 0 0}
2024/03/05 04:45:42 worker  30 get order:  &{2 [] 0 0}  order Type 2
2024/03/05 04:45:42 30  waiting for order
2024/03/05 04:45:44 30 :  call for  7  times
2024/03/05 04:45:44 CallOrder: worker get response &{2 [] 0 0}
2024/03/05 04:45:44 worker  30 get order:  &{2 [] 0 0}  order Type 2
2024/03/05 04:45:44 30  waiting for order
2024/03/05 04:45:46 30 :  call for  8  times
2024/03/05 04:45:46 CallOrder: worker get response &{2 [] 0 0}
2024/03/05 04:45:46 worker  30 get order:  &{2 [] 0 0}  order Type 2
2024/03/05 04:45:46 30  waiting for order
2024/03/05 04:45:48 30 :  call for  9  times
2024/03/05 04:45:48 CallOrder: worker get response &{2 [] 0 0}
2024/03/05 04:45:48 worker  30 get order:  &{2 [] 0 0}  order Type 2
2024/03/05 04:45:48 30  waiting for order
2024/03/05 04:45:50 30 :  call for  10  times
2024/03/05 04:45:50 CallOrder: worker get response &{2 [] 0 0}
2024/03/05 04:45:50 worker  30 get order:  &{2 [] 0 0}  order Type 2
2024/03/05 04:45:50 30  waiting for order
2024/03/05 04:45:52 30 :  call for  11  times
2024/03/05 04:45:52 CallOrder: worker get response &{2 [] 0 0}
2024/03/05 04:45:52 worker  30 get order:  &{2 [] 0 0}  order Type 2
2024/03/05 04:45:52 30  waiting for order
2024/03/05 04:45:54 30 :  call for  12  times
2024/03/05 04:45:54 CallOrder: worker get response &{2 [] 0 0}
2024/03/05 04:45:54 worker  30 get order:  &{2 [] 0 0}  order Type 2
2024/03/05 04:45:54 30  waiting for order
2024/03/05 04:45:56 30 :  call for  13  times
2024/03/05 04:45:56 CallOrder: worker get response &{1 [mr-tmp-0-0 mr-tmp-1-0 mr-tmp-2-0 mr-tmp-3-0 mr-tmp-4-0 mr-tmp-5-0 mr-tmp-6-0 mr-tmp-7-0] 8 0}
2024/03/05 04:45:56 worker  30 get order:  &{1 [mr-tmp-0-0 mr-tmp-1-0 mr-tmp-2-0 mr-tmp-3-0 mr-tmp-4-0 mr-tmp-5-0 mr-tmp-6-0 mr-tmp-7-0] 8 0}  order Type 1
2024/03/05 04:45:59 start 8 map
2024/03/05 04:45:59 Worker finish order 8, order type 1
2024/03/05 04:46:00 30 :  call for  14  times
2024/03/05 04:46:00 CallOrder: worker get response &{1 [mr-tmp-0-8 mr-tmp-1-8 mr-tmp-2-8 mr-tmp-3-8 mr-tmp-4-8 mr-tmp-5-8 mr-tmp-6-8 mr-tmp-7-8] 16 0}
2024/03/05 04:46:00 worker  30 get order:  &{1 [mr-tmp-0-8 mr-tmp-1-8 mr-tmp-2-8 mr-tmp-3-8 mr-tmp-4-8 mr-tmp-5-8 mr-tmp-6-8 mr-tmp-7-8] 16 0}  order Type 1
2024/03/05 04:46:00 start 16 map
2024/03/05 04:46:00 Worker finish order 16, order type 1
2024/03/05 04:46:01 30 :  call for  15  times
2024/03/05 04:46:01 CallOrder: worker get response &{3 [] 0 0}
2024/03/05 04:46:01 worker  30 get order:  &{3 [] 0 0}  order Type 3
2024/03/05 04:46:01 30  waiting for order
2024/03/05 04:46:03 30 :  call for  16  times
2024/03/05 04:46:03 CallOrder: worker get response &{3 [] 0 0}
2024/03/05 04:46:03 worker  30 get order:  &{3 [] 0 0}  order Type 3
2024/03/05 04:46:03 30  waiting for order
2024/03/05 04:46:05 30 :  call for  17  times
2024/03/05 04:46:05 CallOrder: worker get response &{3 [] 0 0}
2024/03/05 04:46:05 worker  30 get order:  &{3 [] 0 0}  order Type 3
2024/03/05 04:46:05 30  waiting for order
2024/03/05 04:46:07 30 :  call for  18  times
2024/03/05 04:46:07 CallOrder: worker get response &{4 [] 0 0}
2024/03/05 04:46:07 worker  30 get order:  &{4 [] 0 0}  order Type 4
2024/03/05 04:46:08 30  killed
