2024/03/05 10:41:35 35 :  call for  1  times
2024/03/05 10:41:35 CallOrder: worker get response &{0 [../pg-dorian_gray.txt] 1 10}
2024/03/05 10:41:35 worker  35 get order:  &{0 [../pg-dorian_gray.txt] 1 10}  order Type 0
2024/03/05 10:41:37 start 1 map
2024/03/05 10:41:37 Worker finish order 1, order type 0
2024/03/05 10:41:38 35 :  call for  2  times
2024/03/05 10:41:38 CallOrder: worker get response &{2 [] 0 0}
2024/03/05 10:41:38 worker  35 get order:  &{2 [] 0 0}  order Type 2
2024/03/05 10:41:38 35  waiting for order
2024/03/05 10:41:40 35 :  call for  3  times
2024/03/05 10:41:40 CallOrder: worker get response &{2 [] 0 0}
2024/03/05 10:41:40 worker  35 get order:  &{2 [] 0 0}  order Type 2
2024/03/05 10:41:40 35  waiting for order
2024/03/05 10:41:42 35 :  call for  4  times
2024/03/05 10:41:42 CallOrder: worker get response &{2 [] 0 0}
2024/03/05 10:41:42 worker  35 get order:  &{2 [] 0 0}  order Type 2
2024/03/05 10:41:42 35  waiting for order
2024/03/05 10:41:44 35 :  call for  5  times
2024/03/05 10:41:44 CallOrder: worker get response &{2 [] 0 0}
2024/03/05 10:41:44 worker  35 get order:  &{2 [] 0 0}  order Type 2
2024/03/05 10:41:44 35  waiting for order
2024/03/05 10:41:46 35 :  call for  6  times
2024/03/05 10:41:46 CallOrder: worker get response &{0 [../pg-grimm.txt] 3 10}
2024/03/05 10:41:46 worker  35 get order:  &{0 [../pg-grimm.txt] 3 10}  order Type 0
2024/03/05 10:41:53 start 3 map
2024/03/05 10:41:53 Worker finish order 3, order type 0
2024/03/05 10:41:54 35 :  call for  7  times
2024/03/05 10:41:54 CallOrder: worker get response &{2 [] 0 0}
2024/03/05 10:41:54 worker  35 get order:  &{2 [] 0 0}  order Type 2
2024/03/05 10:41:54 35  waiting for order
2024/03/05 10:41:56 35 :  call for  8  times
2024/03/05 10:41:56 CallOrder: worker get response &{1 [mr-tmp-0-4 mr-tmp-1-4 mr-tmp-2-4 mr-tmp-3-4 mr-tmp-4-4 mr-tmp-5-4 mr-tmp-6-4 mr-tmp-7-4] 12 0}
2024/03/05 10:41:56 worker  35 get order:  &{1 [mr-tmp-0-4 mr-tmp-1-4 mr-tmp-2-4 mr-tmp-3-4 mr-tmp-4-4 mr-tmp-5-4 mr-tmp-6-4 mr-tmp-7-4] 12 0}  order Type 1
2024/03/05 10:41:56 start 12 map
2024/03/05 10:41:56 Worker finish order 12, order type 1
2024/03/05 10:41:57 35 :  call for  9  times
2024/03/05 10:41:57 CallOrder: worker get response &{1 [mr-tmp-0-7 mr-tmp-1-7 mr-tmp-2-7 mr-tmp-3-7 mr-tmp-4-7 mr-tmp-5-7 mr-tmp-6-7 mr-tmp-7-7] 15 0}
2024/03/05 10:41:57 worker  35 get order:  &{1 [mr-tmp-0-7 mr-tmp-1-7 mr-tmp-2-7 mr-tmp-3-7 mr-tmp-4-7 mr-tmp-5-7 mr-tmp-6-7 mr-tmp-7-7] 15 0}  order Type 1
2024/03/05 10:41:57 start 15 map
2024/03/05 10:41:57 Worker finish order 15, order type 1
2024/03/05 10:41:58 35 :  call for  10  times
2024/03/05 10:41:58 CallOrder: worker get response &{3 [] 0 0}
2024/03/05 10:41:58 worker  35 get order:  &{3 [] 0 0}  order Type 3
2024/03/05 10:41:58 35  waiting for order
2024/03/05 10:42:00 35 :  call for  11  times
2024/03/05 10:42:00 CallOrder: worker get response &{3 [] 0 0}
2024/03/05 10:42:00 worker  35 get order:  &{3 [] 0 0}  order Type 3
2024/03/05 10:42:00 35  waiting for order
2024/03/05 10:42:02 35 :  call for  12  times
2024/03/05 10:42:02 CallOrder: worker get response &{3 [] 0 0}
2024/03/05 10:42:02 worker  35 get order:  &{3 [] 0 0}  order Type 3
2024/03/05 10:42:02 35  waiting for order
2024/03/05 10:42:04 35 :  call for  13  times
2024/03/05 10:42:04 CallOrder: worker get response &{3 [] 0 0}
2024/03/05 10:42:04 worker  35 get order:  &{3 [] 0 0}  order Type 3
2024/03/05 10:42:04 35  waiting for order
2024/03/05 10:42:06 35 :  call for  14  times
2024/03/05 10:42:06 CallOrder: worker get response &{1 [mr-tmp-0-0 mr-tmp-1-0 mr-tmp-2-0 mr-tmp-3-0 mr-tmp-4-0 mr-tmp-5-0 mr-tmp-6-0 mr-tmp-7-0] 8 0}
2024/03/05 10:42:06 worker  35 get order:  &{1 [mr-tmp-0-0 mr-tmp-1-0 mr-tmp-2-0 mr-tmp-3-0 mr-tmp-4-0 mr-tmp-5-0 mr-tmp-6-0 mr-tmp-7-0] 8 0}  order Type 1
