2024/03/05 13:31:15 15 :  call for  1  times
2024/03/05 13:31:15 CallOrder: worker get response &{0 [../pg-metamorphosis.txt] 5 10}
2024/03/05 13:31:15 worker  15 get order:  &{0 [../pg-metamorphosis.txt] 5 10}  order Type 0
2024/03/05 13:31:15 start 5 map
2024/03/05 13:31:15 Worker finish order 5, order type 0
2024/03/05 13:31:16 15 :  call for  2  times
2024/03/05 13:31:16 CallOrder: worker get response &{0 [../pg-sherlock_holmes.txt] 6 10}
2024/03/05 13:31:16 worker  15 get order:  &{0 [../pg-sherlock_holmes.txt] 6 10}  order Type 0
2024/03/05 13:31:16 start 6 map
2024/03/05 13:31:16 Worker finish order 6, order type 0
2024/03/05 13:31:17 15 :  call for  3  times
2024/03/05 13:31:17 CallOrder: worker get response &{2 [] 0 0}
2024/03/05 13:31:17 worker  15 get order:  &{2 [] 0 0}  order Type 2
2024/03/05 13:31:17 15  waiting for order
2024/03/05 13:31:19 15 :  call for  4  times
2024/03/05 13:31:19 CallOrder: worker get response &{2 [] 0 0}
2024/03/05 13:31:19 worker  15 get order:  &{2 [] 0 0}  order Type 2
2024/03/05 13:31:19 15  waiting for order
2024/03/05 13:31:21 15 :  call for  5  times
2024/03/05 13:31:21 CallOrder: worker get response &{2 [] 0 0}
2024/03/05 13:31:21 worker  15 get order:  &{2 [] 0 0}  order Type 2
2024/03/05 13:31:21 15  waiting for order
2024/03/05 13:31:23 15 :  call for  6  times
2024/03/05 13:31:23 CallOrder: worker get response &{2 [] 0 0}
2024/03/05 13:31:23 worker  15 get order:  &{2 [] 0 0}  order Type 2
2024/03/05 13:31:23 15  waiting for order
2024/03/05 13:31:25 15 :  call for  7  times
2024/03/05 13:31:25 CallOrder: worker get response &{0 [../pg-frankenstein.txt] 2 10}
2024/03/05 13:31:25 worker  15 get order:  &{0 [../pg-frankenstein.txt] 2 10}  order Type 0
2024/03/05 13:31:25 start 2 map
2024/03/05 13:31:25 Worker finish order 2, order type 0
2024/03/05 13:31:26 15 :  call for  8  times
2024/03/05 13:31:26 CallOrder: worker get response &{0 [../pg-huckleberry_finn.txt] 4 10}
2024/03/05 13:31:26 worker  15 get order:  &{0 [../pg-huckleberry_finn.txt] 4 10}  order Type 0
2024/03/05 13:31:26 start 4 map
2024/03/05 13:31:26 Worker finish order 4, order type 0
2024/03/05 13:31:27 15 :  call for  9  times
2024/03/05 13:31:27 CallOrder: worker get response &{2 [] 0 0}
2024/03/05 13:31:27 worker  15 get order:  &{2 [] 0 0}  order Type 2
2024/03/05 13:31:27 15  waiting for order
2024/03/05 13:31:29 15 :  call for  10  times
2024/03/05 13:31:29 CallOrder: worker get response &{1 [mr-tmp-0-2 mr-tmp-1-2 mr-tmp-2-2 mr-tmp-3-2 mr-tmp-4-2 mr-tmp-5-2 mr-tmp-6-2 mr-tmp-7-2] 10 0}
2024/03/05 13:31:29 worker  15 get order:  &{1 [mr-tmp-0-2 mr-tmp-1-2 mr-tmp-2-2 mr-tmp-3-2 mr-tmp-4-2 mr-tmp-5-2 mr-tmp-6-2 mr-tmp-7-2] 10 0}  order Type 1
