2024/03/04 21:26:23 23 :  call for  1  times
2024/03/04 21:26:23 CallOrder: worker get response &{0 [../pg-dorian_gray.txt] 1 10}
2024/03/04 21:26:23 worker  23 get order:  &{0 [../pg-dorian_gray.txt] 1 10}  order Type 0
2024/03/04 21:26:25 start 1 map
2024/03/04 21:26:25 Worker finish order 1, order type 0
2024/03/04 21:26:26 23 :  call for  2  times
2024/03/04 21:26:26 CallOrder: worker get response &{0 [../pg-huckleberry_finn.txt] 4 10}
2024/03/04 21:26:26 worker  23 get order:  &{0 [../pg-huckleberry_finn.txt] 4 10}  order Type 0
2024/03/04 21:26:28 start 4 map
2024/03/04 21:26:28 Worker finish order 4, order type 0
2024/03/04 21:26:29 23 :  call for  3  times
2024/03/04 21:26:29 CallOrder: worker get response &{2 [] 0 0}
2024/03/04 21:26:29 worker  23 get order:  &{2 [] 0 0}  order Type 2
2024/03/04 21:26:29 23  waiting for order
2024/03/04 21:26:31 23 :  call for  4  times
2024/03/04 21:26:31 CallOrder: worker get response &{1 [mr-tmp-0-1 mr-tmp-1-1 mr-tmp-2-1 mr-tmp-3-1 mr-tmp-4-1 mr-tmp-5-1 mr-tmp-6-1 mr-tmp-7-1] 9 0}
2024/03/04 21:26:31 worker  23 get order:  &{1 [mr-tmp-0-1 mr-tmp-1-1 mr-tmp-2-1 mr-tmp-3-1 mr-tmp-4-1 mr-tmp-5-1 mr-tmp-6-1 mr-tmp-7-1] 9 0}  order Type 1
2024/03/04 21:26:31 start 9 map
2024/03/04 21:26:31 Worker finish order 9, order type 1
2024/03/04 21:26:32 23 :  call for  5  times
2024/03/04 21:26:32 CallOrder: worker get response &{1 [mr-tmp-0-2 mr-tmp-1-2 mr-tmp-2-2 mr-tmp-3-2 mr-tmp-4-2 mr-tmp-5-2 mr-tmp-6-2 mr-tmp-7-2] 10 0}
2024/03/04 21:26:32 worker  23 get order:  &{1 [mr-tmp-0-2 mr-tmp-1-2 mr-tmp-2-2 mr-tmp-3-2 mr-tmp-4-2 mr-tmp-5-2 mr-tmp-6-2 mr-tmp-7-2] 10 0}  order Type 1
2024/03/04 21:26:34 start 10 map
2024/03/04 21:26:34 Worker finish order 10, order type 1
2024/03/04 21:26:35 23 :  call for  6  times
2024/03/04 21:26:35 CallOrder: worker get response &{1 [mr-tmp-0-7 mr-tmp-1-7 mr-tmp-2-7 mr-tmp-3-7 mr-tmp-4-7 mr-tmp-5-7 mr-tmp-6-7 mr-tmp-7-7] 15 0}
2024/03/04 21:26:35 worker  23 get order:  &{1 [mr-tmp-0-7 mr-tmp-1-7 mr-tmp-2-7 mr-tmp-3-7 mr-tmp-4-7 mr-tmp-5-7 mr-tmp-6-7 mr-tmp-7-7] 15 0}  order Type 1
2024/03/04 21:26:36 start 15 map
2024/03/04 21:26:36 Worker finish order 15, order type 1
2024/03/04 21:26:37 23 :  call for  7  times
2024/03/04 21:26:37 CallOrder: worker get response &{1 [mr-tmp-0-9 mr-tmp-1-9 mr-tmp-2-9 mr-tmp-3-9 mr-tmp-4-9 mr-tmp-5-9 mr-tmp-6-9 mr-tmp-7-9] 17 0}
2024/03/04 21:26:37 worker  23 get order:  &{1 [mr-tmp-0-9 mr-tmp-1-9 mr-tmp-2-9 mr-tmp-3-9 mr-tmp-4-9 mr-tmp-5-9 mr-tmp-6-9 mr-tmp-7-9] 17 0}  order Type 1
2024/03/04 21:26:37 start 17 map
2024/03/04 21:26:37 Worker finish order 17, order type 1
2024/03/04 21:26:38 23 :  call for  8  times
2024/03/04 21:26:38 CallOrder: worker get response &{4 [] 0 0}
2024/03/04 21:26:38 worker  23 get order:  &{4 [] 0 0}  order Type 4
2024/03/04 21:26:39 23  killed
