2024/03/05 08:35:14 14 :  call for  1  times
2024/03/05 08:35:14 CallOrder: worker get response &{0 [../pg-dorian_gray.txt] 1 10}
2024/03/05 08:35:14 worker  14 get order:  &{0 [../pg-dorian_gray.txt] 1 10}  order Type 0
2024/03/05 08:35:14 start 1 map
2024/03/05 08:35:14 Worker finish order 1, order type 0
2024/03/05 08:35:15 14 :  call for  2  times
2024/03/05 08:35:15 CallOrder: worker get response &{0 [../pg-huckleberry_finn.txt] 4 10}
2024/03/05 08:35:15 worker  14 get order:  &{0 [../pg-huckleberry_finn.txt] 4 10}  order Type 0
2024/03/05 08:35:15 start 4 map
2024/03/05 08:35:15 Worker finish order 4, order type 0
2024/03/05 08:35:16 14 :  call for  3  times
2024/03/05 08:35:16 CallOrder: worker get response &{0 [../pg-sherlock_holmes.txt] 6 10}
2024/03/05 08:35:16 worker  14 get order:  &{0 [../pg-sherlock_holmes.txt] 6 10}  order Type 0
2024/03/05 08:35:16 start 6 map
2024/03/05 08:35:16 Worker finish order 6, order type 0
2024/03/05 08:35:17 14 :  call for  4  times
2024/03/05 08:35:17 CallOrder: worker get response &{2 [] 0 0}
2024/03/05 08:35:17 worker  14 get order:  &{2 [] 0 0}  order Type 2
2024/03/05 08:35:17 14  waiting for order
2024/03/05 08:35:19 14 :  call for  5  times
2024/03/05 08:35:19 CallOrder: worker get response &{2 [] 0 0}
2024/03/05 08:35:19 worker  14 get order:  &{2 [] 0 0}  order Type 2
2024/03/05 08:35:19 14  waiting for order
2024/03/05 08:35:21 14 :  call for  6  times
2024/03/05 08:35:21 CallOrder: worker get response &{2 [] 0 0}
2024/03/05 08:35:21 worker  14 get order:  &{2 [] 0 0}  order Type 2
2024/03/05 08:35:21 14  waiting for order
2024/03/05 08:35:23 14 :  call for  7  times
2024/03/05 08:35:23 CallOrder: worker get response &{2 [] 0 0}
2024/03/05 08:35:23 worker  14 get order:  &{2 [] 0 0}  order Type 2
2024/03/05 08:35:23 14  waiting for order
2024/03/05 08:35:25 14 :  call for  8  times
2024/03/05 08:35:25 CallOrder: worker get response &{2 [] 0 0}
2024/03/05 08:35:25 worker  14 get order:  &{2 [] 0 0}  order Type 2
2024/03/05 08:35:25 14  waiting for order
2024/03/05 08:35:27 14 :  call for  9  times
2024/03/05 08:35:27 CallOrder: worker get response &{2 [] 0 0}
2024/03/05 08:35:27 worker  14 get order:  &{2 [] 0 0}  order Type 2
2024/03/05 08:35:27 14  waiting for order
2024/03/05 08:35:29 14 :  call for  10  times
2024/03/05 08:35:29 CallOrder: worker get response &{1 [mr-tmp-0-5 mr-tmp-1-5 mr-tmp-2-5 mr-tmp-3-5 mr-tmp-4-5 mr-tmp-5-5 mr-tmp-6-5 mr-tmp-7-5] 13 0}
2024/03/05 08:35:29 worker  14 get order:  &{1 [mr-tmp-0-5 mr-tmp-1-5 mr-tmp-2-5 mr-tmp-3-5 mr-tmp-4-5 mr-tmp-5-5 mr-tmp-6-5 mr-tmp-7-5] 13 0}  order Type 1
2024/03/05 08:35:29 start 13 map
2024/03/05 08:35:29 Worker finish order 13, order type 1
2024/03/05 08:35:30 14 :  call for  11  times
2024/03/05 08:35:30 CallOrder: worker get response &{1 [mr-tmp-0-8 mr-tmp-1-8 mr-tmp-2-8 mr-tmp-3-8 mr-tmp-4-8 mr-tmp-5-8 mr-tmp-6-8 mr-tmp-7-8] 16 0}
2024/03/05 08:35:30 worker  14 get order:  &{1 [mr-tmp-0-8 mr-tmp-1-8 mr-tmp-2-8 mr-tmp-3-8 mr-tmp-4-8 mr-tmp-5-8 mr-tmp-6-8 mr-tmp-7-8] 16 0}  order Type 1
2024/03/05 08:35:30 start 16 map
2024/03/05 08:35:30 Worker finish order 16, order type 1
2024/03/05 08:35:31 14 :  call for  12  times
2024/03/05 08:35:31 CallOrder: worker get response &{3 [] 0 0}
2024/03/05 08:35:31 worker  14 get order:  &{3 [] 0 0}  order Type 3
2024/03/05 08:35:31 14  waiting for order
2024/03/05 08:35:33 14 :  call for  13  times
2024/03/05 08:35:33 CallOrder: worker get response &{3 [] 0 0}
2024/03/05 08:35:33 worker  14 get order:  &{3 [] 0 0}  order Type 3
2024/03/05 08:35:33 14  waiting for order
2024/03/05 08:35:35 14 :  call for  14  times
2024/03/05 08:35:35 CallOrder: worker get response &{3 [] 0 0}
2024/03/05 08:35:35 worker  14 get order:  &{3 [] 0 0}  order Type 3
2024/03/05 08:35:35 14  waiting for order
2024/03/05 08:35:37 14 :  call for  15  times
2024/03/05 08:35:37 CallOrder: worker get response &{3 [] 0 0}
2024/03/05 08:35:37 worker  14 get order:  &{3 [] 0 0}  order Type 3
2024/03/05 08:35:37 14  waiting for order
2024/03/05 08:35:39 14 :  call for  16  times
2024/03/05 08:35:39 CallOrder: worker get response &{3 [] 0 0}
2024/03/05 08:35:39 worker  14 get order:  &{3 [] 0 0}  order Type 3
2024/03/05 08:35:39 14  waiting for order
2024/03/05 08:35:41 14 :  call for  17  times
2024/03/05 08:35:41 CallOrder: worker get response &{1 [mr-tmp-0-9 mr-tmp-1-9 mr-tmp-2-9 mr-tmp-3-9 mr-tmp-4-9 mr-tmp-5-9 mr-tmp-6-9 mr-tmp-7-9] 17 0}
2024/03/05 08:35:41 worker  14 get order:  &{1 [mr-tmp-0-9 mr-tmp-1-9 mr-tmp-2-9 mr-tmp-3-9 mr-tmp-4-9 mr-tmp-5-9 mr-tmp-6-9 mr-tmp-7-9] 17 0}  order Type 1
