2024/03/05 12:08:42 42 :  call for  1  times
2024/03/05 12:08:42 CallOrder: worker get response &{0 [../pg-being_ernest.txt] 0 10}
2024/03/05 12:08:42 worker  42 get order:  &{0 [../pg-being_ernest.txt] 0 10}  order Type 0
2024/03/05 12:08:46 start 0 map
2024/03/05 12:08:46 Worker finish order 0, order type 0
2024/03/05 12:08:47 42 :  call for  2  times
2024/03/05 12:08:47 CallOrder: worker get response &{0 [../pg-frankenstein.txt] 2 10}
2024/03/05 12:08:47 worker  42 get order:  &{0 [../pg-frankenstein.txt] 2 10}  order Type 0
2024/03/05 12:08:51 start 2 map
2024/03/05 12:08:51 Worker finish order 2, order type 0
2024/03/05 12:08:52 42 :  call for  3  times
2024/03/05 12:08:52 CallOrder: worker get response &{0 [../pg-metamorphosis.txt] 5 10}
2024/03/05 12:08:52 worker  42 get order:  &{0 [../pg-metamorphosis.txt] 5 10}  order Type 0
2024/03/05 12:08:56 start 5 map
2024/03/05 12:08:56 Worker finish order 5, order type 0
2024/03/05 12:08:57 42 :  call for  4  times
2024/03/05 12:08:57 CallOrder: worker get response &{0 [../pg-sherlock_holmes.txt] 6 10}
2024/03/05 12:08:57 worker  42 get order:  &{0 [../pg-sherlock_holmes.txt] 6 10}  order Type 0
2024/03/05 12:08:59 start 6 map
2024/03/05 12:08:59 Worker finish order 6, order type 0
2024/03/05 12:09:00 42 :  call for  5  times
2024/03/05 12:09:00 CallOrder: worker get response &{2 [] 0 0}
2024/03/05 12:09:00 worker  42 get order:  &{2 [] 0 0}  order Type 2
2024/03/05 12:09:00 42  waiting for order
2024/03/05 12:09:02 42 :  call for  6  times
2024/03/05 12:09:02 CallOrder: worker get response &{1 [mr-tmp-0-2 mr-tmp-1-2 mr-tmp-2-2 mr-tmp-3-2 mr-tmp-4-2 mr-tmp-5-2 mr-tmp-6-2 mr-tmp-7-2] 10 0}
2024/03/05 12:09:02 worker  42 get order:  &{1 [mr-tmp-0-2 mr-tmp-1-2 mr-tmp-2-2 mr-tmp-3-2 mr-tmp-4-2 mr-tmp-5-2 mr-tmp-6-2 mr-tmp-7-2] 10 0}  order Type 1
2024/03/05 12:09:02 start 10 map
2024/03/05 12:09:02 Worker finish order 10, order type 1
2024/03/05 12:09:03 42 :  call for  7  times
2024/03/05 12:09:03 CallOrder: worker get response &{1 [mr-tmp-0-4 mr-tmp-1-4 mr-tmp-2-4 mr-tmp-3-4 mr-tmp-4-4 mr-tmp-5-4 mr-tmp-6-4 mr-tmp-7-4] 12 0}
2024/03/05 12:09:03 worker  42 get order:  &{1 [mr-tmp-0-4 mr-tmp-1-4 mr-tmp-2-4 mr-tmp-3-4 mr-tmp-4-4 mr-tmp-5-4 mr-tmp-6-4 mr-tmp-7-4] 12 0}  order Type 1
2024/03/05 12:09:03 start 12 map
2024/03/05 12:09:03 Worker finish order 12, order type 1
2024/03/05 12:09:04 42 :  call for  8  times
2024/03/05 12:09:04 CallOrder: worker get response &{1 [mr-tmp-0-6 mr-tmp-1-6 mr-tmp-2-6 mr-tmp-3-6 mr-tmp-4-6 mr-tmp-5-6 mr-tmp-6-6 mr-tmp-7-6] 14 0}
2024/03/05 12:09:04 worker  42 get order:  &{1 [mr-tmp-0-6 mr-tmp-1-6 mr-tmp-2-6 mr-tmp-3-6 mr-tmp-4-6 mr-tmp-5-6 mr-tmp-6-6 mr-tmp-7-6] 14 0}  order Type 1
2024/03/05 12:09:04 start 14 map
2024/03/05 12:09:04 Worker finish order 14, order type 1
2024/03/05 12:09:05 42 :  call for  9  times
2024/03/05 12:09:05 CallOrder: worker get response &{1 [mr-tmp-0-8 mr-tmp-1-8 mr-tmp-2-8 mr-tmp-3-8 mr-tmp-4-8 mr-tmp-5-8 mr-tmp-6-8 mr-tmp-7-8] 16 0}
2024/03/05 12:09:05 worker  42 get order:  &{1 [mr-tmp-0-8 mr-tmp-1-8 mr-tmp-2-8 mr-tmp-3-8 mr-tmp-4-8 mr-tmp-5-8 mr-tmp-6-8 mr-tmp-7-8] 16 0}  order Type 1
2024/03/05 12:09:05 start 16 map
2024/03/05 12:09:05 Worker finish order 16, order type 1
2024/03/05 12:09:06 42 :  call for  10  times
2024/03/05 12:09:06 CallOrder: worker get response &{3 [] 0 0}
2024/03/05 12:09:06 worker  42 get order:  &{3 [] 0 0}  order Type 3
2024/03/05 12:09:06 42  waiting for order
2024/03/05 12:09:08 42 :  call for  11  times
2024/03/05 12:09:08 dialing:dial unix /var/tmp/824-mr-0: connect: connection refused
