2024/03/05 02:40:43 43 :  call for  1  times
2024/03/05 02:40:43 CallOrder: worker get response &{3 [] 0 0}
2024/03/05 02:40:43 worker  43 get order:  &{3 [] 0 0}  order Type 3
2024/03/05 02:40:43 43  waiting for order
2024/03/05 02:40:45 43 :  call for  2  times
2024/03/05 02:40:45 CallOrder: worker get response &{3 [] 0 0}
2024/03/05 02:40:45 worker  43 get order:  &{3 [] 0 0}  order Type 3
2024/03/05 02:40:45 43  waiting for order
2024/03/05 02:40:47 43 :  call for  3  times
2024/03/05 02:40:47 CallOrder: worker get response &{3 [] 0 0}
2024/03/05 02:40:47 worker  43 get order:  &{3 [] 0 0}  order Type 3
2024/03/05 02:40:47 43  waiting for order
2024/03/05 02:40:49 43 :  call for  4  times
2024/03/05 02:40:49 CallOrder: worker get response &{3 [] 0 0}
2024/03/05 02:40:49 worker  43 get order:  &{3 [] 0 0}  order Type 3
2024/03/05 02:40:49 43  waiting for order
2024/03/05 02:40:51 43 :  call for  5  times
2024/03/05 02:40:51 CallOrder: worker get response &{3 [] 0 0}
2024/03/05 02:40:51 worker  43 get order:  &{3 [] 0 0}  order Type 3
2024/03/05 02:40:51 43  waiting for order
2024/03/05 02:40:53 43 :  call for  6  times
2024/03/05 02:40:53 CallOrder: worker get response &{1 [mr-tmp-0-9 mr-tmp-1-9 mr-tmp-2-9 mr-tmp-3-9 mr-tmp-4-9 mr-tmp-5-9 mr-tmp-6-9 mr-tmp-7-9] 17 0}
2024/03/05 02:40:53 worker  43 get order:  &{1 [mr-tmp-0-9 mr-tmp-1-9 mr-tmp-2-9 mr-tmp-3-9 mr-tmp-4-9 mr-tmp-5-9 mr-tmp-6-9 mr-tmp-7-9] 17 0}  order Type 1
2024/03/05 02:40:53 start 17 map
2024/03/05 02:40:53 Worker finish order 17, order type 1
2024/03/05 02:40:54 43 :  call for  7  times
2024/03/05 02:40:54 CallOrder: worker get response &{4 [] 0 0}
2024/03/05 02:40:54 worker  43 get order:  &{4 [] 0 0}  order Type 4
2024/03/05 02:40:55 43  killed
