2024/03/05 02:38:05 5 :  call for  1  times
2024/03/05 02:38:05 CallOrder: worker get response &{3 [] 0 0}
2024/03/05 02:38:05 worker  5 get order:  &{3 [] 0 0}  order Type 3
2024/03/05 02:38:05 5  waiting for order
2024/03/05 02:38:07 5 :  call for  2  times
2024/03/05 02:38:07 CallOrder: worker get response &{3 [] 0 0}
2024/03/05 02:38:07 worker  5 get order:  &{3 [] 0 0}  order Type 3
2024/03/05 02:38:07 5  waiting for order
2024/03/05 02:38:09 5 :  call for  3  times
2024/03/05 02:38:09 CallOrder: worker get response &{3 [] 0 0}
2024/03/05 02:38:09 worker  5 get order:  &{3 [] 0 0}  order Type 3
2024/03/05 02:38:09 5  waiting for order
2024/03/05 02:38:11 5 :  call for  4  times
2024/03/05 02:38:11 CallOrder: worker get response &{3 [] 0 0}
2024/03/05 02:38:11 worker  5 get order:  &{3 [] 0 0}  order Type 3
2024/03/05 02:38:11 5  waiting for order
2024/03/05 02:38:13 5 :  call for  5  times
2024/03/05 02:38:13 CallOrder: worker get response &{3 [] 0 0}
2024/03/05 02:38:13 worker  5 get order:  &{3 [] 0 0}  order Type 3
2024/03/05 02:38:13 5  waiting for order
2024/03/05 02:38:15 5 :  call for  6  times
2024/03/05 02:38:15 CallOrder: worker get response &{1 [mr-tmp-0-9 mr-tmp-1-9 mr-tmp-2-9 mr-tmp-3-9 mr-tmp-4-9 mr-tmp-5-9 mr-tmp-6-9 mr-tmp-7-9] 17 0}
2024/03/05 02:38:15 worker  5 get order:  &{1 [mr-tmp-0-9 mr-tmp-1-9 mr-tmp-2-9 mr-tmp-3-9 mr-tmp-4-9 mr-tmp-5-9 mr-tmp-6-9 mr-tmp-7-9] 17 0}  order Type 1
