2024/03/05 05:43:55 55 :  call for  1  times
2024/03/05 05:43:55 CallOrder: worker get response &{2 [] 0 0}
2024/03/05 05:43:55 worker  55 get order:  &{2 [] 0 0}  order Type 2
2024/03/05 05:43:55 55  waiting for order
2024/03/05 05:43:57 55 :  call for  2  times
2024/03/05 05:43:57 CallOrder: worker get response &{2 [] 0 0}
2024/03/05 05:43:57 worker  55 get order:  &{2 [] 0 0}  order Type 2
2024/03/05 05:43:57 55  waiting for order
2024/03/05 05:43:59 55 :  call for  3  times
2024/03/05 05:43:59 CallOrder: worker get response &{2 [] 0 0}
2024/03/05 05:43:59 worker  55 get order:  &{2 [] 0 0}  order Type 2
2024/03/05 05:43:59 55  waiting for order
2024/03/05 05:44:01 55 :  call for  4  times
2024/03/05 05:44:01 CallOrder: worker get response &{2 [] 0 0}
2024/03/05 05:44:01 worker  55 get order:  &{2 [] 0 0}  order Type 2
2024/03/05 05:44:01 55  waiting for order
2024/03/05 05:44:03 55 :  call for  5  times
2024/03/05 05:44:03 CallOrder: worker get response &{2 [] 0 0}
2024/03/05 05:44:03 worker  55 get order:  &{2 [] 0 0}  order Type 2
2024/03/05 05:44:03 55  waiting for order
2024/03/05 05:44:05 55 :  call for  6  times
2024/03/05 05:44:05 CallOrder: worker get response &{0 [../pg-huckleberry_finn.txt] 4 10}
2024/03/05 05:44:05 worker  55 get order:  &{0 [../pg-huckleberry_finn.txt] 4 10}  order Type 0
2024/03/05 05:44:11 start 4 map
2024/03/05 05:44:11 Worker finish order 4, order type 0
2024/03/05 05:44:12 55 :  call for  7  times
2024/03/05 05:44:12 CallOrder: worker get response &{1 [mr-tmp-0-1 mr-tmp-1-1 mr-tmp-2-1 mr-tmp-3-1 mr-tmp-4-1 mr-tmp-5-1 mr-tmp-6-1 mr-tmp-7-1] 9 0}
2024/03/05 05:44:12 worker  55 get order:  &{1 [mr-tmp-0-1 mr-tmp-1-1 mr-tmp-2-1 mr-tmp-3-1 mr-tmp-4-1 mr-tmp-5-1 mr-tmp-6-1 mr-tmp-7-1] 9 0}  order Type 1
2024/03/05 05:44:12 start 9 map
2024/03/05 05:44:12 Worker finish order 9, order type 1
2024/03/05 05:44:13 55 :  call for  8  times
2024/03/05 05:44:13 CallOrder: worker get response &{1 [mr-tmp-0-3 mr-tmp-1-3 mr-tmp-2-3 mr-tmp-3-3 mr-tmp-4-3 mr-tmp-5-3 mr-tmp-6-3 mr-tmp-7-3] 11 0}
2024/03/05 05:44:13 worker  55 get order:  &{1 [mr-tmp-0-3 mr-tmp-1-3 mr-tmp-2-3 mr-tmp-3-3 mr-tmp-4-3 mr-tmp-5-3 mr-tmp-6-3 mr-tmp-7-3] 11 0}  order Type 1
2024/03/05 05:44:13 start 11 map
2024/03/05 05:44:13 Worker finish order 11, order type 1
2024/03/05 05:44:14 55 :  call for  9  times
2024/03/05 05:44:14 CallOrder: worker get response &{1 [mr-tmp-0-6 mr-tmp-1-6 mr-tmp-2-6 mr-tmp-3-6 mr-tmp-4-6 mr-tmp-5-6 mr-tmp-6-6 mr-tmp-7-6] 14 0}
2024/03/05 05:44:14 worker  55 get order:  &{1 [mr-tmp-0-6 mr-tmp-1-6 mr-tmp-2-6 mr-tmp-3-6 mr-tmp-4-6 mr-tmp-5-6 mr-tmp-6-6 mr-tmp-7-6] 14 0}  order Type 1
2024/03/05 05:44:14 start 14 map
2024/03/05 05:44:14 Worker finish order 14, order type 1
2024/03/05 05:44:15 55 :  call for  10  times
2024/03/05 05:44:15 CallOrder: worker get response &{1 [mr-tmp-0-8 mr-tmp-1-8 mr-tmp-2-8 mr-tmp-3-8 mr-tmp-4-8 mr-tmp-5-8 mr-tmp-6-8 mr-tmp-7-8] 16 0}
2024/03/05 05:44:15 worker  55 get order:  &{1 [mr-tmp-0-8 mr-tmp-1-8 mr-tmp-2-8 mr-tmp-3-8 mr-tmp-4-8 mr-tmp-5-8 mr-tmp-6-8 mr-tmp-7-8] 16 0}  order Type 1
2024/03/05 05:44:15 start 16 map
2024/03/05 05:44:15 Worker finish order 16, order type 1
2024/03/05 05:44:16 55 :  call for  11  times
2024/03/05 05:44:16 CallOrder: worker get response &{3 [] 0 0}
2024/03/05 05:44:16 worker  55 get order:  &{3 [] 0 0}  order Type 3
2024/03/05 05:44:16 55  waiting for order
2024/03/05 05:44:18 55 :  call for  12  times
2024/03/05 05:44:18 CallOrder: worker get response &{3 [] 0 0}
2024/03/05 05:44:18 worker  55 get order:  &{3 [] 0 0}  order Type 3
2024/03/05 05:44:18 55  waiting for order
2024/03/05 05:44:20 55 :  call for  13  times
2024/03/05 05:44:20 CallOrder: worker get response &{3 [] 0 0}
2024/03/05 05:44:20 worker  55 get order:  &{3 [] 0 0}  order Type 3
2024/03/05 05:44:20 55  waiting for order
2024/03/05 05:44:22 55 :  call for  14  times
2024/03/05 05:44:22 CallOrder: worker get response &{3 [] 0 0}
2024/03/05 05:44:22 worker  55 get order:  &{3 [] 0 0}  order Type 3
2024/03/05 05:44:22 55  waiting for order
2024/03/05 05:44:24 55 :  call for  15  times
2024/03/05 05:44:24 CallOrder: worker get response &{1 [mr-tmp-0-2 mr-tmp-1-2 mr-tmp-2-2 mr-tmp-3-2 mr-tmp-4-2 mr-tmp-5-2 mr-tmp-6-2 mr-tmp-7-2] 10 0}
2024/03/05 05:44:24 worker  55 get order:  &{1 [mr-tmp-0-2 mr-tmp-1-2 mr-tmp-2-2 mr-tmp-3-2 mr-tmp-4-2 mr-tmp-5-2 mr-tmp-6-2 mr-tmp-7-2] 10 0}  order Type 1
2024/03/05 05:44:26 start 10 map
2024/03/05 05:44:26 Worker finish order 10, order type 1
2024/03/05 05:44:27 55 :  call for  16  times
2024/03/05 05:44:27 CallOrder: worker get response &{3 [] 0 0}
2024/03/05 05:44:27 worker  55 get order:  &{3 [] 0 0}  order Type 3
2024/03/05 05:44:27 55  waiting for order
2024/03/05 05:44:29 55 :  call for  17  times
2024/03/05 05:44:29 CallOrder: worker get response &{3 [] 0 0}
2024/03/05 05:44:29 worker  55 get order:  &{3 [] 0 0}  order Type 3
2024/03/05 05:44:29 55  waiting for order
2024/03/05 05:44:31 55 :  call for  18  times
2024/03/05 05:44:31 dialing:dial unix /var/tmp/824-mr-0: connect: connection refused
