2024/03/05 08:08:35 35 :  call for  1  times
2024/03/05 08:08:35 CallOrder: worker get response &{0 [../pg-being_ernest.txt] 0 10}
2024/03/05 08:08:35 worker  35 get order:  &{0 [../pg-being_ernest.txt] 0 10}  order Type 0
2024/03/05 08:08:35 start 0 map
2024/03/05 08:08:35 Worker finish order 0, order type 0
2024/03/05 08:08:36 35 :  call for  2  times
2024/03/05 08:08:36 CallOrder: worker get response &{0 [../pg-grimm.txt] 3 10}
2024/03/05 08:08:36 worker  35 get order:  &{0 [../pg-grimm.txt] 3 10}  order Type 0
2024/03/05 08:08:39 start 3 map
2024/03/05 08:08:39 Worker finish order 3, order type 0
2024/03/05 08:08:40 35 :  call for  3  times
2024/03/05 08:08:40 CallOrder: worker get response &{0 [../pg-tom_sawyer.txt] 7 10}
2024/03/05 08:08:40 worker  35 get order:  &{0 [../pg-tom_sawyer.txt] 7 10}  order Type 0
2024/03/05 08:08:42 start 7 map
2024/03/05 08:08:42 Worker finish order 7, order type 0
2024/03/05 08:08:43 35 :  call for  4  times
2024/03/05 08:08:43 CallOrder: worker get response &{2 [] 0 0}
2024/03/05 08:08:43 worker  35 get order:  &{2 [] 0 0}  order Type 2
2024/03/05 08:08:43 35  waiting for order
2024/03/05 08:08:45 35 :  call for  5  times
2024/03/05 08:08:45 CallOrder: worker get response &{1 [mr-tmp-0-4 mr-tmp-1-4 mr-tmp-2-4 mr-tmp-3-4 mr-tmp-4-4 mr-tmp-5-4 mr-tmp-6-4 mr-tmp-7-4] 12 0}
2024/03/05 08:08:45 worker  35 get order:  &{1 [mr-tmp-0-4 mr-tmp-1-4 mr-tmp-2-4 mr-tmp-3-4 mr-tmp-4-4 mr-tmp-5-4 mr-tmp-6-4 mr-tmp-7-4] 12 0}  order Type 1
2024/03/05 08:08:46 start 12 map
2024/03/05 08:08:46 Worker finish order 12, order type 1
2024/03/05 08:08:47 35 :  call for  6  times
2024/03/05 08:08:47 CallOrder: worker get response &{1 [mr-tmp-0-6 mr-tmp-1-6 mr-tmp-2-6 mr-tmp-3-6 mr-tmp-4-6 mr-tmp-5-6 mr-tmp-6-6 mr-tmp-7-6] 14 0}
2024/03/05 08:08:47 worker  35 get order:  &{1 [mr-tmp-0-6 mr-tmp-1-6 mr-tmp-2-6 mr-tmp-3-6 mr-tmp-4-6 mr-tmp-5-6 mr-tmp-6-6 mr-tmp-7-6] 14 0}  order Type 1
2024/03/05 08:08:49 start 14 map
2024/03/05 08:08:49 Worker finish order 14, order type 1
2024/03/05 08:08:50 35 :  call for  7  times
2024/03/05 08:08:50 CallOrder: worker get response &{3 [] 0 0}
2024/03/05 08:08:50 worker  35 get order:  &{3 [] 0 0}  order Type 3
2024/03/05 08:08:50 35  waiting for order
2024/03/05 08:08:52 35 :  call for  8  times
2024/03/05 08:08:52 CallOrder: worker get response &{4 [] 0 0}
2024/03/05 08:08:52 worker  35 get order:  &{4 [] 0 0}  order Type 4
2024/03/05 08:08:53 35  killed
