2024/03/05 09:10:36 36 :  call for  1  times
2024/03/05 09:10:36 CallOrder: worker get response &{1 [mr-tmp-0-3 mr-tmp-1-3 mr-tmp-2-3 mr-tmp-3-3 mr-tmp-4-3 mr-tmp-5-3 mr-tmp-6-3 mr-tmp-7-3] 11 0}
2024/03/05 09:10:36 worker  36 get order:  &{1 [mr-tmp-0-3 mr-tmp-1-3 mr-tmp-2-3 mr-tmp-3-3 mr-tmp-4-3 mr-tmp-5-3 mr-tmp-6-3 mr-tmp-7-3] 11 0}  order Type 1
2024/03/05 09:10:36 start 11 map
2024/03/05 09:10:36 Worker finish order 11, order type 1
2024/03/05 09:10:37 36 :  call for  2  times
2024/03/05 09:10:37 CallOrder: worker get response &{1 [mr-tmp-0-7 mr-tmp-1-7 mr-tmp-2-7 mr-tmp-3-7 mr-tmp-4-7 mr-tmp-5-7 mr-tmp-6-7 mr-tmp-7-7] 15 0}
2024/03/05 09:10:37 worker  36 get order:  &{1 [mr-tmp-0-7 mr-tmp-1-7 mr-tmp-2-7 mr-tmp-3-7 mr-tmp-4-7 mr-tmp-5-7 mr-tmp-6-7 mr-tmp-7-7] 15 0}  order Type 1
2024/03/05 09:10:37 start 15 map
2024/03/05 09:10:37 Worker finish order 15, order type 1
2024/03/05 09:10:38 36 :  call for  3  times
2024/03/05 09:10:38 CallOrder: worker get response &{3 [] 0 0}
2024/03/05 09:10:38 worker  36 get order:  &{3 [] 0 0}  order Type 3
2024/03/05 09:10:38 36  waiting for order
2024/03/05 09:10:40 36 :  call for  4  times
2024/03/05 09:10:40 CallOrder: worker get response &{3 [] 0 0}
2024/03/05 09:10:40 worker  36 get order:  &{3 [] 0 0}  order Type 3
2024/03/05 09:10:40 36  waiting for order
2024/03/05 09:10:42 36 :  call for  5  times
2024/03/05 09:10:42 CallOrder: worker get response &{3 [] 0 0}
2024/03/05 09:10:42 worker  36 get order:  &{3 [] 0 0}  order Type 3
2024/03/05 09:10:42 36  waiting for order
2024/03/05 09:10:44 36 :  call for  6  times
2024/03/05 09:10:44 CallOrder: worker get response &{3 [] 0 0}
2024/03/05 09:10:44 worker  36 get order:  &{3 [] 0 0}  order Type 3
2024/03/05 09:10:44 36  waiting for order
2024/03/05 09:10:46 36 :  call for  7  times
2024/03/05 09:10:46 CallOrder: worker get response &{1 [mr-tmp-0-0 mr-tmp-1-0 mr-tmp-2-0 mr-tmp-3-0 mr-tmp-4-0 mr-tmp-5-0 mr-tmp-6-0 mr-tmp-7-0] 8 0}
2024/03/05 09:10:46 worker  36 get order:  &{1 [mr-tmp-0-0 mr-tmp-1-0 mr-tmp-2-0 mr-tmp-3-0 mr-tmp-4-0 mr-tmp-5-0 mr-tmp-6-0 mr-tmp-7-0] 8 0}  order Type 1
2024/03/05 09:10:52 start 8 map
2024/03/05 09:10:52 Worker finish order 8, order type 1
2024/03/05 09:10:53 36 :  call for  8  times
2024/03/05 09:10:53 CallOrder: worker get response &{3 [] 0 0}
2024/03/05 09:10:53 worker  36 get order:  &{3 [] 0 0}  order Type 3
2024/03/05 09:10:53 36  waiting for order
2024/03/05 09:10:55 36 :  call for  9  times
2024/03/05 09:10:55 CallOrder: worker get response &{3 [] 0 0}
2024/03/05 09:10:55 worker  36 get order:  &{3 [] 0 0}  order Type 3
2024/03/05 09:10:55 36  waiting for order
2024/03/05 09:10:57 36 :  call for  10  times
2024/03/05 09:10:57 CallOrder: worker get response &{3 [] 0 0}
2024/03/05 09:10:57 worker  36 get order:  &{3 [] 0 0}  order Type 3
2024/03/05 09:10:57 36  waiting for order
2024/03/05 09:10:59 36 :  call for  11  times
2024/03/05 09:10:59 CallOrder: worker get response &{3 [] 0 0}
2024/03/05 09:10:59 worker  36 get order:  &{3 [] 0 0}  order Type 3
2024/03/05 09:10:59 36  waiting for order
2024/03/05 09:11:01 36 :  call for  12  times
2024/03/05 09:11:01 CallOrder: worker get response &{3 [] 0 0}
2024/03/05 09:11:01 worker  36 get order:  &{3 [] 0 0}  order Type 3
2024/03/05 09:11:01 36  waiting for order
2024/03/05 09:11:03 36 :  call for  13  times
2024/03/05 09:11:03 CallOrder: worker get response &{3 [] 0 0}
2024/03/05 09:11:03 worker  36 get order:  &{3 [] 0 0}  order Type 3
2024/03/05 09:11:03 36  waiting for order
2024/03/05 09:11:05 36 :  call for  14  times
2024/03/05 09:11:05 CallOrder: worker get response &{3 [] 0 0}
2024/03/05 09:11:05 worker  36 get order:  &{3 [] 0 0}  order Type 3
2024/03/05 09:11:05 36  waiting for order
2024/03/05 09:11:07 36 :  call for  15  times
2024/03/05 09:11:07 CallOrder: worker get response &{3 [] 0 0}
2024/03/05 09:11:07 worker  36 get order:  &{3 [] 0 0}  order Type 3
2024/03/05 09:11:07 36  waiting for order
2024/03/05 09:11:09 36 :  call for  16  times
2024/03/05 09:11:09 CallOrder: worker get response &{3 [] 0 0}
2024/03/05 09:11:09 worker  36 get order:  &{3 [] 0 0}  order Type 3
2024/03/05 09:11:09 36  waiting for order
2024/03/05 09:11:11 36 :  call for  17  times
2024/03/05 09:11:11 CallOrder: worker get response &{3 [] 0 0}
2024/03/05 09:11:11 worker  36 get order:  &{3 [] 0 0}  order Type 3
2024/03/05 09:11:11 36  waiting for order
2024/03/05 09:11:13 36 :  call for  18  times
2024/03/05 09:11:13 CallOrder: worker get response &{3 [] 0 0}
2024/03/05 09:11:13 worker  36 get order:  &{3 [] 0 0}  order Type 3
2024/03/05 09:11:13 36  waiting for order
2024/03/05 09:11:15 36 :  call for  19  times
2024/03/05 09:11:15 CallOrder: worker get response &{3 [] 0 0}
2024/03/05 09:11:15 worker  36 get order:  &{3 [] 0 0}  order Type 3
2024/03/05 09:11:15 36  waiting for order
2024/03/05 09:11:17 36 :  call for  20  times
2024/03/05 09:11:17 CallOrder: worker get response &{3 [] 0 0}
2024/03/05 09:11:17 worker  36 get order:  &{3 [] 0 0}  order Type 3
2024/03/05 09:11:17 36  waiting for order
2024/03/05 09:11:19 36 :  call for  21  times
2024/03/05 09:11:19 CallOrder: worker get response &{3 [] 0 0}
2024/03/05 09:11:19 worker  36 get order:  &{3 [] 0 0}  order Type 3
2024/03/05 09:11:19 36  waiting for order
2024/03/05 09:11:21 36 :  call for  22  times
2024/03/05 09:11:21 CallOrder: worker get response &{3 [] 0 0}
2024/03/05 09:11:21 worker  36 get order:  &{3 [] 0 0}  order Type 3
2024/03/05 09:11:21 36  waiting for order
2024/03/05 09:11:23 36 :  call for  23  times
2024/03/05 09:11:23 CallOrder: worker get response &{3 [] 0 0}
2024/03/05 09:11:23 worker  36 get order:  &{3 [] 0 0}  order Type 3
2024/03/05 09:11:23 36  waiting for order
2024/03/05 09:11:25 36 :  call for  24  times
2024/03/05 09:11:25 CallOrder: worker get response &{3 [] 0 0}
2024/03/05 09:11:25 worker  36 get order:  &{3 [] 0 0}  order Type 3
2024/03/05 09:11:25 36  waiting for order
2024/03/05 09:11:27 36 :  call for  25  times
2024/03/05 09:11:27 CallOrder: worker get response &{3 [] 0 0}
2024/03/05 09:11:27 worker  36 get order:  &{3 [] 0 0}  order Type 3
2024/03/05 09:11:27 36  waiting for order
2024/03/05 09:11:29 36 :  call for  26  times
2024/03/05 09:11:29 CallOrder: worker get response &{3 [] 0 0}
2024/03/05 09:11:29 worker  36 get order:  &{3 [] 0 0}  order Type 3
2024/03/05 09:11:29 36  waiting for order
2024/03/05 09:11:31 36 :  call for  27  times
2024/03/05 09:11:31 CallOrder: worker get response &{3 [] 0 0}
2024/03/05 09:11:31 worker  36 get order:  &{3 [] 0 0}  order Type 3
2024/03/05 09:11:31 36  waiting for order
2024/03/05 09:11:33 36 :  call for  28  times
2024/03/05 09:11:33 CallOrder: worker get response &{3 [] 0 0}
2024/03/05 09:11:33 worker  36 get order:  &{3 [] 0 0}  order Type 3
2024/03/05 09:11:33 36  waiting for order
2024/03/05 09:11:35 36 :  call for  29  times
2024/03/05 09:11:35 CallOrder: worker get response &{4 [] 0 0}
2024/03/05 09:11:35 worker  36 get order:  &{4 [] 0 0}  order Type 4
2024/03/05 09:11:36 36  killed
