2024/03/04 20:59:42 42 :  call for  1  times
2024/03/04 20:59:42 CallOrder: worker get response &{0 [../pg-being_ernest.txt] 0 10}
2024/03/04 20:59:42 worker  42 get order:  &{0 [../pg-being_ernest.txt] 0 10}  order Type 0
2024/03/04 20:59:42 start 0 map
2024/03/04 20:59:42 Worker finish order 0, order type 0
2024/03/04 20:59:43 42 :  call for  2  times
2024/03/04 20:59:43 CallOrder: worker get response &{0 [../pg-grimm.txt] 3 10}
2024/03/04 20:59:43 worker  42 get order:  &{0 [../pg-grimm.txt] 3 10}  order Type 0
2024/03/04 20:59:45 start 3 map
2024/03/04 20:59:45 Worker finish order 3, order type 0
2024/03/04 20:59:46 42 :  call for  3  times
2024/03/04 20:59:46 CallOrder: worker get response &{0 [../pg-sherlock_holmes.txt] 6 10}
2024/03/04 20:59:46 worker  42 get order:  &{0 [../pg-sherlock_holmes.txt] 6 10}  order Type 0
2024/03/04 20:59:48 start 6 map
2024/03/04 20:59:48 Worker finish order 6, order type 0
2024/03/04 20:59:49 42 :  call for  4  times
2024/03/04 20:59:49 CallOrder: worker get response &{1 [mr-tmp-0-0 mr-tmp-1-0 mr-tmp-2-0 mr-tmp-3-0 mr-tmp-4-0 mr-tmp-5-0 mr-tmp-6-0 mr-tmp-7-0] 8 0}
2024/03/04 20:59:49 worker  42 get order:  &{1 [mr-tmp-0-0 mr-tmp-1-0 mr-tmp-2-0 mr-tmp-3-0 mr-tmp-4-0 mr-tmp-5-0 mr-tmp-6-0 mr-tmp-7-0] 8 0}  order Type 1
2024/03/04 20:59:50 start 8 map
2024/03/04 20:59:50 Worker finish order 8, order type 1
2024/03/04 20:59:51 42 :  call for  5  times
2024/03/04 20:59:51 CallOrder: worker get response &{1 [mr-tmp-0-2 mr-tmp-1-2 mr-tmp-2-2 mr-tmp-3-2 mr-tmp-4-2 mr-tmp-5-2 mr-tmp-6-2 mr-tmp-7-2] 10 0}
2024/03/04 20:59:51 worker  42 get order:  &{1 [mr-tmp-0-2 mr-tmp-1-2 mr-tmp-2-2 mr-tmp-3-2 mr-tmp-4-2 mr-tmp-5-2 mr-tmp-6-2 mr-tmp-7-2] 10 0}  order Type 1
2024/03/04 20:59:52 start 10 map
2024/03/04 20:59:52 Worker finish order 10, order type 1
2024/03/04 20:59:53 42 :  call for  6  times
2024/03/04 20:59:53 CallOrder: worker get response &{1 [mr-tmp-0-6 mr-tmp-1-6 mr-tmp-2-6 mr-tmp-3-6 mr-tmp-4-6 mr-tmp-5-6 mr-tmp-6-6 mr-tmp-7-6] 14 0}
2024/03/04 20:59:53 worker  42 get order:  &{1 [mr-tmp-0-6 mr-tmp-1-6 mr-tmp-2-6 mr-tmp-3-6 mr-tmp-4-6 mr-tmp-5-6 mr-tmp-6-6 mr-tmp-7-6] 14 0}  order Type 1
2024/03/04 20:59:55 start 14 map
2024/03/04 20:59:55 Worker finish order 14, order type 1
2024/03/04 20:59:56 42 :  call for  7  times
2024/03/04 20:59:56 CallOrder: worker get response &{3 [] 0 0}
2024/03/04 20:59:56 worker  42 get order:  &{3 [] 0 0}  order Type 3
2024/03/04 20:59:56 42  waiting for order
2024/03/04 20:59:58 42 :  call for  8  times
2024/03/04 20:59:58 dialing:dial unix /var/tmp/824-mr-0: connect: connection refused
