2024/03/04 21:33:54 54 :  call for  1  times
2024/03/04 21:33:54 CallOrder: worker get response &{0 [../pg-tom_sawyer.txt] 7 10}
2024/03/04 21:33:54 worker  54 get order:  &{0 [../pg-tom_sawyer.txt] 7 10}  order Type 0
2024/03/04 21:33:54 start 7 map
2024/03/04 21:33:54 Worker finish order 7, order type 0
2024/03/04 21:33:55 54 :  call for  2  times
2024/03/04 21:33:55 CallOrder: worker get response &{2 [] 0 0}
2024/03/04 21:33:55 worker  54 get order:  &{2 [] 0 0}  order Type 2
2024/03/04 21:33:55 54  waiting for order
2024/03/04 21:33:57 54 :  call for  3  times
2024/03/04 21:33:57 CallOrder: worker get response &{2 [] 0 0}
2024/03/04 21:33:57 worker  54 get order:  &{2 [] 0 0}  order Type 2
2024/03/04 21:33:57 54  waiting for order
2024/03/04 21:33:59 54 :  call for  4  times
2024/03/04 21:33:59 CallOrder: worker get response &{2 [] 0 0}
2024/03/04 21:33:59 worker  54 get order:  &{2 [] 0 0}  order Type 2
2024/03/04 21:33:59 54  waiting for order
2024/03/04 21:34:01 54 :  call for  5  times
2024/03/04 21:34:01 CallOrder: worker get response &{2 [] 0 0}
2024/03/04 21:34:01 worker  54 get order:  &{2 [] 0 0}  order Type 2
2024/03/04 21:34:01 54  waiting for order
2024/03/04 21:34:03 54 :  call for  6  times
2024/03/04 21:34:03 CallOrder: worker get response &{0 [../pg-metamorphosis.txt] 5 10}
2024/03/04 21:34:03 worker  54 get order:  &{0 [../pg-metamorphosis.txt] 5 10}  order Type 0
2024/03/04 21:34:03 start 5 map
2024/03/04 21:34:03 Worker finish order 5, order type 0
2024/03/04 21:34:04 54 :  call for  7  times
2024/03/04 21:34:04 CallOrder: worker get response &{0 [../pg-sherlock_holmes.txt] 6 10}
2024/03/04 21:34:04 worker  54 get order:  &{0 [../pg-sherlock_holmes.txt] 6 10}  order Type 0
2024/03/04 21:34:11 start 6 map
2024/03/04 21:34:11 Worker finish order 6, order type 0
2024/03/04 21:34:12 54 :  call for  8  times
2024/03/04 21:34:12 CallOrder: worker get response &{1 [mr-tmp-0-1 mr-tmp-1-1 mr-tmp-2-1 mr-tmp-3-1 mr-tmp-4-1 mr-tmp-5-1 mr-tmp-6-1 mr-tmp-7-1] 9 0}
2024/03/04 21:34:12 worker  54 get order:  &{1 [mr-tmp-0-1 mr-tmp-1-1 mr-tmp-2-1 mr-tmp-3-1 mr-tmp-4-1 mr-tmp-5-1 mr-tmp-6-1 mr-tmp-7-1] 9 0}  order Type 1
2024/03/04 21:34:12 start 9 map
2024/03/04 21:34:12 Worker finish order 9, order type 1
2024/03/04 21:34:13 54 :  call for  9  times
2024/03/04 21:34:13 CallOrder: worker get response &{1 [mr-tmp-0-4 mr-tmp-1-4 mr-tmp-2-4 mr-tmp-3-4 mr-tmp-4-4 mr-tmp-5-4 mr-tmp-6-4 mr-tmp-7-4] 12 0}
2024/03/04 21:34:13 worker  54 get order:  &{1 [mr-tmp-0-4 mr-tmp-1-4 mr-tmp-2-4 mr-tmp-3-4 mr-tmp-4-4 mr-tmp-5-4 mr-tmp-6-4 mr-tmp-7-4] 12 0}  order Type 1
2024/03/04 21:34:13 start 12 map
2024/03/04 21:34:13 Worker finish order 12, order type 1
2024/03/04 21:34:14 54 :  call for  10  times
2024/03/04 21:34:14 CallOrder: worker get response &{1 [mr-tmp-0-8 mr-tmp-1-8 mr-tmp-2-8 mr-tmp-3-8 mr-tmp-4-8 mr-tmp-5-8 mr-tmp-6-8 mr-tmp-7-8] 16 0}
2024/03/04 21:34:14 worker  54 get order:  &{1 [mr-tmp-0-8 mr-tmp-1-8 mr-tmp-2-8 mr-tmp-3-8 mr-tmp-4-8 mr-tmp-5-8 mr-tmp-6-8 mr-tmp-7-8] 16 0}  order Type 1
2024/03/04 21:34:14 start 16 map
2024/03/04 21:34:14 Worker finish order 16, order type 1
2024/03/04 21:34:15 54 :  call for  11  times
2024/03/04 21:34:15 CallOrder: worker get response &{4 [] 0 0}
2024/03/04 21:34:15 worker  54 get order:  &{4 [] 0 0}  order Type 4
2024/03/04 21:34:16 54  killed
