2024/03/05 03:52:29 29 :  call for  1  times
2024/03/05 03:52:29 CallOrder: worker get response &{0 [../pg-frankenstein.txt] 2 10}
2024/03/05 03:52:29 worker  29 get order:  &{0 [../pg-frankenstein.txt] 2 10}  order Type 0
2024/03/05 03:52:32 start 2 map
2024/03/05 03:52:32 Worker finish order 2, order type 0
2024/03/05 03:52:33 29 :  call for  2  times
2024/03/05 03:52:33 CallOrder: worker get response &{2 [] 0 0}
2024/03/05 03:52:33 worker  29 get order:  &{2 [] 0 0}  order Type 2
2024/03/05 03:52:33 29  waiting for order
2024/03/05 03:52:35 29 :  call for  3  times
2024/03/05 03:52:35 CallOrder: worker get response &{2 [] 0 0}
2024/03/05 03:52:35 worker  29 get order:  &{2 [] 0 0}  order Type 2
2024/03/05 03:52:35 29  waiting for order
2024/03/05 03:52:37 29 :  call for  4  times
2024/03/05 03:52:37 CallOrder: worker get response &{2 [] 0 0}
2024/03/05 03:52:37 worker  29 get order:  &{2 [] 0 0}  order Type 2
2024/03/05 03:52:37 29  waiting for order
2024/03/05 03:52:39 29 :  call for  5  times
2024/03/05 03:52:39 CallOrder: worker get response &{2 [] 0 0}
2024/03/05 03:52:39 worker  29 get order:  &{2 [] 0 0}  order Type 2
2024/03/05 03:52:39 29  waiting for order
2024/03/05 03:52:41 29 :  call for  6  times
2024/03/05 03:52:41 CallOrder: worker get response &{0 [../pg-being_ernest.txt] 0 10}
2024/03/05 03:52:41 worker  29 get order:  &{0 [../pg-being_ernest.txt] 0 10}  order Type 0
2024/03/05 03:52:44 start 0 map
2024/03/05 03:52:44 Worker finish order 0, order type 0
2024/03/05 03:52:45 29 :  call for  7  times
2024/03/05 03:52:45 CallOrder: worker get response &{1 [mr-tmp-0-0 mr-tmp-1-0 mr-tmp-2-0 mr-tmp-3-0 mr-tmp-4-0 mr-tmp-5-0 mr-tmp-6-0 mr-tmp-7-0] 8 0}
2024/03/05 03:52:45 worker  29 get order:  &{1 [mr-tmp-0-0 mr-tmp-1-0 mr-tmp-2-0 mr-tmp-3-0 mr-tmp-4-0 mr-tmp-5-0 mr-tmp-6-0 mr-tmp-7-0] 8 0}  order Type 1
2024/03/05 03:52:45 start 8 map
2024/03/05 03:52:45 Worker finish order 8, order type 1
2024/03/05 03:52:46 29 :  call for  8  times
2024/03/05 03:52:46 CallOrder: worker get response &{1 [mr-tmp-0-2 mr-tmp-1-2 mr-tmp-2-2 mr-tmp-3-2 mr-tmp-4-2 mr-tmp-5-2 mr-tmp-6-2 mr-tmp-7-2] 10 0}
2024/03/05 03:52:46 worker  29 get order:  &{1 [mr-tmp-0-2 mr-tmp-1-2 mr-tmp-2-2 mr-tmp-3-2 mr-tmp-4-2 mr-tmp-5-2 mr-tmp-6-2 mr-tmp-7-2] 10 0}  order Type 1
2024/03/05 03:52:46 start 10 map
2024/03/05 03:52:46 Worker finish order 10, order type 1
2024/03/05 03:52:47 29 :  call for  9  times
2024/03/05 03:52:47 CallOrder: worker get response &{1 [mr-tmp-0-5 mr-tmp-1-5 mr-tmp-2-5 mr-tmp-3-5 mr-tmp-4-5 mr-tmp-5-5 mr-tmp-6-5 mr-tmp-7-5] 13 0}
2024/03/05 03:52:47 worker  29 get order:  &{1 [mr-tmp-0-5 mr-tmp-1-5 mr-tmp-2-5 mr-tmp-3-5 mr-tmp-4-5 mr-tmp-5-5 mr-tmp-6-5 mr-tmp-7-5] 13 0}  order Type 1
