2024/03/05 10:56:00 0 :  call for  1  times
2024/03/05 10:56:00 CallOrder: worker get response &{0 [../pg-frankenstein.txt] 2 10}
2024/03/05 10:56:00 worker  0 get order:  &{0 [../pg-frankenstein.txt] 2 10}  order Type 0
2024/03/05 10:56:00 start 2 map
2024/03/05 10:56:00 Worker finish order 2, order type 0
2024/03/05 10:56:01 0 :  call for  2  times
2024/03/05 10:56:01 CallOrder: worker get response &{0 [../pg-huckleberry_finn.txt] 4 10}
2024/03/05 10:56:01 worker  0 get order:  &{0 [../pg-huckleberry_finn.txt] 4 10}  order Type 0
2024/03/05 10:56:01 start 4 map
2024/03/05 10:56:01 Worker finish order 4, order type 0
2024/03/05 10:56:02 0 :  call for  3  times
2024/03/05 10:56:02 CallOrder: worker get response &{0 [../pg-tom_sawyer.txt] 7 10}
2024/03/05 10:56:02 worker  0 get order:  &{0 [../pg-tom_sawyer.txt] 7 10}  order Type 0
2024/03/05 10:56:02 start 7 map
2024/03/05 10:56:02 Worker finish order 7, order type 0
2024/03/05 10:56:03 0 :  call for  4  times
2024/03/05 10:56:03 CallOrder: worker get response &{1 [mr-tmp-0-0 mr-tmp-1-0 mr-tmp-2-0 mr-tmp-3-0 mr-tmp-4-0 mr-tmp-5-0 mr-tmp-6-0 mr-tmp-7-0] 8 0}
2024/03/05 10:56:03 worker  0 get order:  &{1 [mr-tmp-0-0 mr-tmp-1-0 mr-tmp-2-0 mr-tmp-3-0 mr-tmp-4-0 mr-tmp-5-0 mr-tmp-6-0 mr-tmp-7-0] 8 0}  order Type 1
2024/03/05 10:56:03 start 8 map
2024/03/05 10:56:03 Worker finish order 8, order type 1
2024/03/05 10:56:04 0 :  call for  5  times
2024/03/05 10:56:04 CallOrder: worker get response &{1 [mr-tmp-0-2 mr-tmp-1-2 mr-tmp-2-2 mr-tmp-3-2 mr-tmp-4-2 mr-tmp-5-2 mr-tmp-6-2 mr-tmp-7-2] 10 0}
2024/03/05 10:56:04 worker  0 get order:  &{1 [mr-tmp-0-2 mr-tmp-1-2 mr-tmp-2-2 mr-tmp-3-2 mr-tmp-4-2 mr-tmp-5-2 mr-tmp-6-2 mr-tmp-7-2] 10 0}  order Type 1
2024/03/05 10:56:07 start 10 map
2024/03/05 10:56:07 Worker finish order 10, order type 1
2024/03/05 10:56:08 0 :  call for  6  times
2024/03/05 10:56:08 CallOrder: worker get response &{1 [mr-tmp-0-9 mr-tmp-1-9 mr-tmp-2-9 mr-tmp-3-9 mr-tmp-4-9 mr-tmp-5-9 mr-tmp-6-9 mr-tmp-7-9] 17 0}
2024/03/05 10:56:08 worker  0 get order:  &{1 [mr-tmp-0-9 mr-tmp-1-9 mr-tmp-2-9 mr-tmp-3-9 mr-tmp-4-9 mr-tmp-5-9 mr-tmp-6-9 mr-tmp-7-9] 17 0}  order Type 1
2024/03/05 10:56:08 start 17 map
2024/03/05 10:56:08 Worker finish order 17, order type 1
2024/03/05 10:56:09 0 :  call for  7  times
2024/03/05 10:56:09 CallOrder: worker get response &{4 [] 0 0}
2024/03/05 10:56:09 worker  0 get order:  &{4 [] 0 0}  order Type 4
2024/03/05 10:56:10 0  killed
