2024/03/05 01:09:13 13 :  call for  1  times
2024/03/05 01:09:13 CallOrder: worker get response &{0 [../pg-dorian_gray.txt] 1 10}
2024/03/05 01:09:13 worker  13 get order:  &{0 [../pg-dorian_gray.txt] 1 10}  order Type 0
2024/03/05 01:09:14 start 1 map
2024/03/05 01:09:14 Worker finish order 1, order type 0
2024/03/05 01:09:15 13 :  call for  2  times
2024/03/05 01:09:15 CallOrder: worker get response &{0 [../pg-huckleberry_finn.txt] 4 10}
2024/03/05 01:09:15 worker  13 get order:  &{0 [../pg-huckleberry_finn.txt] 4 10}  order Type 0
2024/03/05 01:09:19 start 4 map
2024/03/05 01:09:19 Worker finish order 4, order type 0
2024/03/05 01:09:20 13 :  call for  3  times
2024/03/05 01:09:20 CallOrder: worker get response &{2 [] 0 0}
2024/03/05 01:09:20 worker  13 get order:  &{2 [] 0 0}  order Type 2
2024/03/05 01:09:20 13  waiting for order
2024/03/05 01:09:22 13 :  call for  4  times
2024/03/05 01:09:22 CallOrder: worker get response &{1 [mr-tmp-0-2 mr-tmp-1-2 mr-tmp-2-2 mr-tmp-3-2 mr-tmp-4-2 mr-tmp-5-2 mr-tmp-6-2 mr-tmp-7-2] 10 0}
2024/03/05 01:09:22 worker  13 get order:  &{1 [mr-tmp-0-2 mr-tmp-1-2 mr-tmp-2-2 mr-tmp-3-2 mr-tmp-4-2 mr-tmp-5-2 mr-tmp-6-2 mr-tmp-7-2] 10 0}  order Type 1
2024/03/05 01:09:23 start 10 map
2024/03/05 01:09:23 Worker finish order 10, order type 1
2024/03/05 01:09:24 13 :  call for  5  times
2024/03/05 01:09:24 CallOrder: worker get response &{1 [mr-tmp-0-7 mr-tmp-1-7 mr-tmp-2-7 mr-tmp-3-7 mr-tmp-4-7 mr-tmp-5-7 mr-tmp-6-7 mr-tmp-7-7] 15 0}
2024/03/05 01:09:24 worker  13 get order:  &{1 [mr-tmp-0-7 mr-tmp-1-7 mr-tmp-2-7 mr-tmp-3-7 mr-tmp-4-7 mr-tmp-5-7 mr-tmp-6-7 mr-tmp-7-7] 15 0}  order Type 1
2024/03/05 01:09:25 start 15 map
2024/03/05 01:09:25 Worker finish order 15, order type 1
2024/03/05 01:09:26 13 :  call for  6  times
2024/03/05 01:09:26 CallOrder: worker get response &{1 [mr-tmp-0-9 mr-tmp-1-9 mr-tmp-2-9 mr-tmp-3-9 mr-tmp-4-9 mr-tmp-5-9 mr-tmp-6-9 mr-tmp-7-9] 17 0}
2024/03/05 01:09:26 worker  13 get order:  &{1 [mr-tmp-0-9 mr-tmp-1-9 mr-tmp-2-9 mr-tmp-3-9 mr-tmp-4-9 mr-tmp-5-9 mr-tmp-6-9 mr-tmp-7-9] 17 0}  order Type 1
2024/03/05 01:09:27 start 17 map
2024/03/05 01:09:27 Worker finish order 17, order type 1
2024/03/05 01:09:28 13 :  call for  7  times
2024/03/05 01:09:28 CallOrder: worker get response &{4 [] 0 0}
2024/03/05 01:09:28 worker  13 get order:  &{4 [] 0 0}  order Type 4
2024/03/05 01:09:29 13  killed
