2024/03/05 00:11:47 47 :  call for  1  times
2024/03/05 00:11:47 CallOrder: worker get response &{0 [../pg-frankenstein.txt] 2 10}
2024/03/05 00:11:47 worker  47 get order:  &{0 [../pg-frankenstein.txt] 2 10}  order Type 0
2024/03/05 00:11:50 start 2 map
2024/03/05 00:11:50 Worker finish order 2, order type 0
2024/03/05 00:11:51 47 :  call for  2  times
2024/03/05 00:11:51 CallOrder: worker get response &{0 [../pg-sherlock_holmes.txt] 6 10}
2024/03/05 00:11:51 worker  47 get order:  &{0 [../pg-sherlock_holmes.txt] 6 10}  order Type 0
2024/03/05 00:11:52 start 6 map
2024/03/05 00:11:52 Worker finish order 6, order type 0
2024/03/05 00:11:53 47 :  call for  3  times
2024/03/05 00:11:53 CallOrder: worker get response &{2 [] 0 0}
2024/03/05 00:11:53 worker  47 get order:  &{2 [] 0 0}  order Type 2
2024/03/05 00:11:53 47  waiting for order
2024/03/05 00:11:55 47 :  call for  4  times
2024/03/05 00:11:55 CallOrder: worker get response &{2 [] 0 0}
2024/03/05 00:11:55 worker  47 get order:  &{2 [] 0 0}  order Type 2
2024/03/05 00:11:55 47  waiting for order
2024/03/05 00:11:57 47 :  call for  5  times
2024/03/05 00:11:57 CallOrder: worker get response &{2 [] 0 0}
2024/03/05 00:11:57 worker  47 get order:  &{2 [] 0 0}  order Type 2
2024/03/05 00:11:57 47  waiting for order
2024/03/05 00:11:59 47 :  call for  6  times
2024/03/05 00:11:59 CallOrder: worker get response &{2 [] 0 0}
2024/03/05 00:11:59 worker  47 get order:  &{2 [] 0 0}  order Type 2
2024/03/05 00:11:59 47  waiting for order
2024/03/05 00:12:01 47 :  call for  7  times
2024/03/05 00:12:01 CallOrder: worker get response &{2 [] 0 0}
2024/03/05 00:12:01 worker  47 get order:  &{2 [] 0 0}  order Type 2
2024/03/05 00:12:01 47  waiting for order
2024/03/05 00:12:03 47 :  call for  8  times
2024/03/05 00:12:03 CallOrder: worker get response &{2 [] 0 0}
2024/03/05 00:12:03 worker  47 get order:  &{2 [] 0 0}  order Type 2
2024/03/05 00:12:03 47  waiting for order
2024/03/05 00:12:05 47 :  call for  9  times
2024/03/05 00:12:05 CallOrder: worker get response &{2 [] 0 0}
2024/03/05 00:12:05 worker  47 get order:  &{2 [] 0 0}  order Type 2
2024/03/05 00:12:05 47  waiting for order
2024/03/05 00:12:07 47 :  call for  10  times
2024/03/05 00:12:07 CallOrder: worker get response &{2 [] 0 0}
2024/03/05 00:12:07 worker  47 get order:  &{2 [] 0 0}  order Type 2
2024/03/05 00:12:07 47  waiting for order
2024/03/05 00:12:09 47 :  call for  11  times
2024/03/05 00:12:09 CallOrder: worker get response &{2 [] 0 0}
2024/03/05 00:12:09 worker  47 get order:  &{2 [] 0 0}  order Type 2
2024/03/05 00:12:09 47  waiting for order
2024/03/05 00:12:11 47 :  call for  12  times
2024/03/05 00:12:11 CallOrder: worker get response &{2 [] 0 0}
2024/03/05 00:12:11 worker  47 get order:  &{2 [] 0 0}  order Type 2
2024/03/05 00:12:11 47  waiting for order
2024/03/05 00:12:13 47 :  call for  13  times
2024/03/05 00:12:13 CallOrder: worker get response &{2 [] 0 0}
2024/03/05 00:12:13 worker  47 get order:  &{2 [] 0 0}  order Type 2
2024/03/05 00:12:13 47  waiting for order
2024/03/05 00:12:15 47 :  call for  14  times
2024/03/05 00:12:15 CallOrder: worker get response &{2 [] 0 0}
2024/03/05 00:12:15 worker  47 get order:  &{2 [] 0 0}  order Type 2
2024/03/05 00:12:15 47  waiting for order
2024/03/05 00:12:17 47 :  call for  15  times
2024/03/05 00:12:17 CallOrder: worker get response &{2 [] 0 0}
2024/03/05 00:12:17 worker  47 get order:  &{2 [] 0 0}  order Type 2
2024/03/05 00:12:17 47  waiting for order
2024/03/05 00:12:19 47 :  call for  16  times
2024/03/05 00:12:19 CallOrder: worker get response &{2 [] 0 0}
2024/03/05 00:12:19 worker  47 get order:  &{2 [] 0 0}  order Type 2
2024/03/05 00:12:19 47  waiting for order
2024/03/05 00:12:21 47 :  call for  17  times
2024/03/05 00:12:21 CallOrder: worker get response &{2 [] 0 0}
2024/03/05 00:12:21 worker  47 get order:  &{2 [] 0 0}  order Type 2
2024/03/05 00:12:21 47  waiting for order
2024/03/05 00:12:23 47 :  call for  18  times
2024/03/05 00:12:23 CallOrder: worker get response &{1 [mr-tmp-0-4 mr-tmp-1-4 mr-tmp-2-4 mr-tmp-3-4 mr-tmp-4-4 mr-tmp-5-4 mr-tmp-6-4 mr-tmp-7-4] 12 0}
2024/03/05 00:12:23 worker  47 get order:  &{1 [mr-tmp-0-4 mr-tmp-1-4 mr-tmp-2-4 mr-tmp-3-4 mr-tmp-4-4 mr-tmp-5-4 mr-tmp-6-4 mr-tmp-7-4] 12 0}  order Type 1
2024/03/05 00:12:23 start 12 map
2024/03/05 00:12:23 Worker finish order 12, order type 1
2024/03/05 00:12:24 47 :  call for  19  times
2024/03/05 00:12:24 CallOrder: worker get response &{1 [mr-tmp-0-6 mr-tmp-1-6 mr-tmp-2-6 mr-tmp-3-6 mr-tmp-4-6 mr-tmp-5-6 mr-tmp-6-6 mr-tmp-7-6] 14 0}
2024/03/05 00:12:24 worker  47 get order:  &{1 [mr-tmp-0-6 mr-tmp-1-6 mr-tmp-2-6 mr-tmp-3-6 mr-tmp-4-6 mr-tmp-5-6 mr-tmp-6-6 mr-tmp-7-6] 14 0}  order Type 1
2024/03/05 00:12:24 start 14 map
2024/03/05 00:12:24 Worker finish order 14, order type 1
2024/03/05 00:12:25 47 :  call for  20  times
2024/03/05 00:12:25 CallOrder: worker get response &{1 [mr-tmp-0-7 mr-tmp-1-7 mr-tmp-2-7 mr-tmp-3-7 mr-tmp-4-7 mr-tmp-5-7 mr-tmp-6-7 mr-tmp-7-7] 15 0}
2024/03/05 00:12:25 worker  47 get order:  &{1 [mr-tmp-0-7 mr-tmp-1-7 mr-tmp-2-7 mr-tmp-3-7 mr-tmp-4-7 mr-tmp-5-7 mr-tmp-6-7 mr-tmp-7-7] 15 0}  order Type 1
2024/03/05 00:12:25 start 15 map
2024/03/05 00:12:25 Worker finish order 15, order type 1
2024/03/05 00:12:26 47 :  call for  21  times
2024/03/05 00:12:26 CallOrder: worker get response &{1 [mr-tmp-0-8 mr-tmp-1-8 mr-tmp-2-8 mr-tmp-3-8 mr-tmp-4-8 mr-tmp-5-8 mr-tmp-6-8 mr-tmp-7-8] 16 0}
2024/03/05 00:12:26 worker  47 get order:  &{1 [mr-tmp-0-8 mr-tmp-1-8 mr-tmp-2-8 mr-tmp-3-8 mr-tmp-4-8 mr-tmp-5-8 mr-tmp-6-8 mr-tmp-7-8] 16 0}  order Type 1
2024/03/05 00:12:26 start 16 map
2024/03/05 00:12:26 Worker finish order 16, order type 1
2024/03/05 00:12:27 47 :  call for  22  times
2024/03/05 00:12:27 CallOrder: worker get response &{1 [mr-tmp-0-9 mr-tmp-1-9 mr-tmp-2-9 mr-tmp-3-9 mr-tmp-4-9 mr-tmp-5-9 mr-tmp-6-9 mr-tmp-7-9] 17 0}
2024/03/05 00:12:27 worker  47 get order:  &{1 [mr-tmp-0-9 mr-tmp-1-9 mr-tmp-2-9 mr-tmp-3-9 mr-tmp-4-9 mr-tmp-5-9 mr-tmp-6-9 mr-tmp-7-9] 17 0}  order Type 1
