2024/03/05 05:26:49 49 :  call for  1  times
2024/03/05 05:26:49 CallOrder: worker get response &{0 [../pg-metamorphosis.txt] 5 10}
2024/03/05 05:26:49 worker  49 get order:  &{0 [../pg-metamorphosis.txt] 5 10}  order Type 0
2024/03/05 05:26:49 start 5 map
2024/03/05 05:26:49 Worker finish order 5, order type 0
2024/03/05 05:26:50 49 :  call for  2  times
2024/03/05 05:26:50 CallOrder: worker get response &{0 [../pg-tom_sawyer.txt] 7 10}
2024/03/05 05:26:50 worker  49 get order:  &{0 [../pg-tom_sawyer.txt] 7 10}  order Type 0
2024/03/05 05:26:50 start 7 map
2024/03/05 05:26:50 Worker finish order 7, order type 0
2024/03/05 05:26:51 49 :  call for  3  times
2024/03/05 05:26:51 CallOrder: worker get response &{2 [] 0 0}
2024/03/05 05:26:51 worker  49 get order:  &{2 [] 0 0}  order Type 2
2024/03/05 05:26:51 49  waiting for order
2024/03/05 05:26:53 49 :  call for  4  times
2024/03/05 05:26:53 CallOrder: worker get response &{2 [] 0 0}
2024/03/05 05:26:53 worker  49 get order:  &{2 [] 0 0}  order Type 2
2024/03/05 05:26:53 49  waiting for order
2024/03/05 05:26:55 49 :  call for  5  times
2024/03/05 05:26:55 CallOrder: worker get response &{2 [] 0 0}
2024/03/05 05:26:55 worker  49 get order:  &{2 [] 0 0}  order Type 2
2024/03/05 05:26:55 49  waiting for order
2024/03/05 05:26:57 49 :  call for  6  times
2024/03/05 05:26:57 CallOrder: worker get response &{2 [] 0 0}
2024/03/05 05:26:57 worker  49 get order:  &{2 [] 0 0}  order Type 2
2024/03/05 05:26:57 49  waiting for order
2024/03/05 05:26:59 49 :  call for  7  times
2024/03/05 05:26:59 CallOrder: worker get response &{0 [../pg-being_ernest.txt] 0 10}
2024/03/05 05:26:59 worker  49 get order:  &{0 [../pg-being_ernest.txt] 0 10}  order Type 0
2024/03/05 05:27:03 start 0 map
2024/03/05 05:27:03 Worker finish order 0, order type 0
2024/03/05 05:27:04 49 :  call for  8  times
2024/03/05 05:27:04 CallOrder: worker get response &{2 [] 0 0}
2024/03/05 05:27:04 worker  49 get order:  &{2 [] 0 0}  order Type 2
2024/03/05 05:27:04 49  waiting for order
2024/03/05 05:27:06 49 :  call for  9  times
2024/03/05 05:27:06 CallOrder: worker get response &{2 [] 0 0}
2024/03/05 05:27:06 worker  49 get order:  &{2 [] 0 0}  order Type 2
2024/03/05 05:27:06 49  waiting for order
2024/03/05 05:27:08 49 :  call for  10  times
2024/03/05 05:27:08 CallOrder: worker get response &{2 [] 0 0}
2024/03/05 05:27:08 worker  49 get order:  &{2 [] 0 0}  order Type 2
2024/03/05 05:27:08 49  waiting for order
2024/03/05 05:27:10 49 :  call for  11  times
2024/03/05 05:27:10 CallOrder: worker get response &{0 [../pg-frankenstein.txt] 2 10}
2024/03/05 05:27:10 worker  49 get order:  &{0 [../pg-frankenstein.txt] 2 10}  order Type 0
2024/03/05 05:27:10 start 2 map
2024/03/05 05:27:10 Worker finish order 2, order type 0
2024/03/05 05:27:11 49 :  call for  12  times
2024/03/05 05:27:11 CallOrder: worker get response &{1 [mr-tmp-0-0 mr-tmp-1-0 mr-tmp-2-0 mr-tmp-3-0 mr-tmp-4-0 mr-tmp-5-0 mr-tmp-6-0 mr-tmp-7-0] 8 0}
2024/03/05 05:27:11 worker  49 get order:  &{1 [mr-tmp-0-0 mr-tmp-1-0 mr-tmp-2-0 mr-tmp-3-0 mr-tmp-4-0 mr-tmp-5-0 mr-tmp-6-0 mr-tmp-7-0] 8 0}  order Type 1
2024/03/05 05:27:11 start 8 map
2024/03/05 05:27:11 Worker finish order 8, order type 1
2024/03/05 05:27:12 49 :  call for  13  times
2024/03/05 05:27:12 CallOrder: worker get response &{1 [mr-tmp-0-2 mr-tmp-1-2 mr-tmp-2-2 mr-tmp-3-2 mr-tmp-4-2 mr-tmp-5-2 mr-tmp-6-2 mr-tmp-7-2] 10 0}
2024/03/05 05:27:12 worker  49 get order:  &{1 [mr-tmp-0-2 mr-tmp-1-2 mr-tmp-2-2 mr-tmp-3-2 mr-tmp-4-2 mr-tmp-5-2 mr-tmp-6-2 mr-tmp-7-2] 10 0}  order Type 1
2024/03/05 05:27:12 start 10 map
2024/03/05 05:27:12 Worker finish order 10, order type 1
2024/03/05 05:27:13 49 :  call for  14  times
2024/03/05 05:27:13 CallOrder: worker get response &{1 [mr-tmp-0-5 mr-tmp-1-5 mr-tmp-2-5 mr-tmp-3-5 mr-tmp-4-5 mr-tmp-5-5 mr-tmp-6-5 mr-tmp-7-5] 13 0}
2024/03/05 05:27:13 worker  49 get order:  &{1 [mr-tmp-0-5 mr-tmp-1-5 mr-tmp-2-5 mr-tmp-3-5 mr-tmp-4-5 mr-tmp-5-5 mr-tmp-6-5 mr-tmp-7-5] 13 0}  order Type 1
2024/03/05 05:27:18 start 13 map
2024/03/05 05:27:18 Worker finish order 13, order type 1
2024/03/05 05:27:19 49 :  call for  15  times
2024/03/05 05:27:19 CallOrder: worker get response &{4 [] 0 0}
2024/03/05 05:27:19 worker  49 get order:  &{4 [] 0 0}  order Type 4
2024/03/05 05:27:20 49  killed
