2024/03/05 05:44:39 39 :  call for  1  times
2024/03/05 05:44:39 CallOrder: worker get response &{0 [../pg-being_ernest.txt] 0 10}
2024/03/05 05:44:39 worker  39 get order:  &{0 [../pg-being_ernest.txt] 0 10}  order Type 0
2024/03/05 05:44:40 start 0 map
2024/03/05 05:44:40 Worker finish order 0, order type 0
2024/03/05 05:44:41 39 :  call for  2  times
2024/03/05 05:44:41 CallOrder: worker get response &{0 [../pg-grimm.txt] 3 10}
2024/03/05 05:44:41 worker  39 get order:  &{0 [../pg-grimm.txt] 3 10}  order Type 0
2024/03/05 05:44:43 start 3 map
2024/03/05 05:44:43 Worker finish order 3, order type 0
2024/03/05 05:44:44 39 :  call for  3  times
2024/03/05 05:44:44 CallOrder: worker get response &{0 [../pg-tom_sawyer.txt] 7 10}
2024/03/05 05:44:44 worker  39 get order:  &{0 [../pg-tom_sawyer.txt] 7 10}  order Type 0
2024/03/05 05:44:45 start 7 map
2024/03/05 05:44:45 Worker finish order 7, order type 0
2024/03/05 05:44:46 39 :  call for  4  times
2024/03/05 05:44:46 CallOrder: worker get response &{2 [] 0 0}
2024/03/05 05:44:46 worker  39 get order:  &{2 [] 0 0}  order Type 2
2024/03/05 05:44:46 39  waiting for order
2024/03/05 05:44:48 39 :  call for  5  times
2024/03/05 05:44:48 CallOrder: worker get response &{1 [mr-tmp-0-2 mr-tmp-1-2 mr-tmp-2-2 mr-tmp-3-2 mr-tmp-4-2 mr-tmp-5-2 mr-tmp-6-2 mr-tmp-7-2] 10 0}
2024/03/05 05:44:48 worker  39 get order:  &{1 [mr-tmp-0-2 mr-tmp-1-2 mr-tmp-2-2 mr-tmp-3-2 mr-tmp-4-2 mr-tmp-5-2 mr-tmp-6-2 mr-tmp-7-2] 10 0}  order Type 1
2024/03/05 05:44:49 start 10 map
2024/03/05 05:44:49 Worker finish order 10, order type 1
2024/03/05 05:44:50 39 :  call for  6  times
2024/03/05 05:44:50 CallOrder: worker get response &{1 [mr-tmp-0-7 mr-tmp-1-7 mr-tmp-2-7 mr-tmp-3-7 mr-tmp-4-7 mr-tmp-5-7 mr-tmp-6-7 mr-tmp-7-7] 15 0}
2024/03/05 05:44:50 worker  39 get order:  &{1 [mr-tmp-0-7 mr-tmp-1-7 mr-tmp-2-7 mr-tmp-3-7 mr-tmp-4-7 mr-tmp-5-7 mr-tmp-6-7 mr-tmp-7-7] 15 0}  order Type 1
2024/03/05 05:44:52 start 15 map
2024/03/05 05:44:52 Worker finish order 15, order type 1
2024/03/05 05:44:53 39 :  call for  7  times
2024/03/05 05:44:53 CallOrder: worker get response &{1 [mr-tmp-0-9 mr-tmp-1-9 mr-tmp-2-9 mr-tmp-3-9 mr-tmp-4-9 mr-tmp-5-9 mr-tmp-6-9 mr-tmp-7-9] 17 0}
2024/03/05 05:44:53 worker  39 get order:  &{1 [mr-tmp-0-9 mr-tmp-1-9 mr-tmp-2-9 mr-tmp-3-9 mr-tmp-4-9 mr-tmp-5-9 mr-tmp-6-9 mr-tmp-7-9] 17 0}  order Type 1
2024/03/05 05:44:53 start 17 map
2024/03/05 05:44:53 Worker finish order 17, order type 1
2024/03/05 05:44:54 39 :  call for  8  times
2024/03/05 05:44:54 CallOrder: worker get response &{4 [] 0 0}
2024/03/05 05:44:54 worker  39 get order:  &{4 [] 0 0}  order Type 4
2024/03/05 05:44:55 39  killed
