2024/03/05 02:32:08 8 :  call for  1  times
2024/03/05 02:32:08 CallOrder: worker get response &{0 [../pg-being_ernest.txt] 0 10}
2024/03/05 02:32:08 worker  8 get order:  &{0 [../pg-being_ernest.txt] 0 10}  order Type 0
2024/03/05 02:32:08 start 0 map
2024/03/05 02:32:08 Worker finish order 0, order type 0
2024/03/05 02:32:09 8 :  call for  2  times
2024/03/05 02:32:09 CallOrder: worker get response &{0 [../pg-huckleberry_finn.txt] 4 10}
2024/03/05 02:32:09 worker  8 get order:  &{0 [../pg-huckleberry_finn.txt] 4 10}  order Type 0
2024/03/05 02:32:19 start 4 map
2024/03/05 02:32:19 Worker finish order 4, order type 0
2024/03/05 02:32:20 8 :  call for  3  times
2024/03/05 02:32:20 CallOrder: worker get response &{0 [../pg-grimm.txt] 3 10}
2024/03/05 02:32:20 worker  8 get order:  &{0 [../pg-grimm.txt] 3 10}  order Type 0
2024/03/05 02:32:27 start 3 map
2024/03/05 02:32:27 Worker finish order 3, order type 0
2024/03/05 02:32:28 8 :  call for  4  times
2024/03/05 02:32:28 CallOrder: worker get response &{2 [] 0 0}
2024/03/05 02:32:28 worker  8 get order:  &{2 [] 0 0}  order Type 2
2024/03/05 02:32:28 8  waiting for order
2024/03/05 02:32:30 8 :  call for  5  times
2024/03/05 02:32:30 CallOrder: worker get response &{2 [] 0 0}
2024/03/05 02:32:30 worker  8 get order:  &{2 [] 0 0}  order Type 2
2024/03/05 02:32:30 8  waiting for order
2024/03/05 02:32:32 8 :  call for  6  times
2024/03/05 02:32:32 CallOrder: worker get response &{2 [] 0 0}
2024/03/05 02:32:32 worker  8 get order:  &{2 [] 0 0}  order Type 2
2024/03/05 02:32:32 8  waiting for order
2024/03/05 02:32:34 8 :  call for  7  times
2024/03/05 02:32:34 CallOrder: worker get response &{2 [] 0 0}
2024/03/05 02:32:34 worker  8 get order:  &{2 [] 0 0}  order Type 2
2024/03/05 02:32:34 8  waiting for order
2024/03/05 02:32:36 8 :  call for  8  times
2024/03/05 02:32:36 CallOrder: worker get response &{2 [] 0 0}
2024/03/05 02:32:36 worker  8 get order:  &{2 [] 0 0}  order Type 2
2024/03/05 02:32:36 8  waiting for order
2024/03/05 02:32:38 8 :  call for  9  times
2024/03/05 02:32:38 CallOrder: worker get response &{2 [] 0 0}
2024/03/05 02:32:38 worker  8 get order:  &{2 [] 0 0}  order Type 2
2024/03/05 02:32:38 8  waiting for order
2024/03/05 02:32:40 8 :  call for  10  times
2024/03/05 02:32:40 CallOrder: worker get response &{2 [] 0 0}
2024/03/05 02:32:40 worker  8 get order:  &{2 [] 0 0}  order Type 2
2024/03/05 02:32:40 8  waiting for order
2024/03/05 02:32:42 8 :  call for  11  times
2024/03/05 02:32:42 CallOrder: worker get response &{2 [] 0 0}
2024/03/05 02:32:42 worker  8 get order:  &{2 [] 0 0}  order Type 2
2024/03/05 02:32:42 8  waiting for order
2024/03/05 02:32:44 8 :  call for  12  times
2024/03/05 02:32:44 CallOrder: worker get response &{1 [mr-tmp-0-5 mr-tmp-1-5 mr-tmp-2-5 mr-tmp-3-5 mr-tmp-4-5 mr-tmp-5-5 mr-tmp-6-5 mr-tmp-7-5] 13 0}
2024/03/05 02:32:44 worker  8 get order:  &{1 [mr-tmp-0-5 mr-tmp-1-5 mr-tmp-2-5 mr-tmp-3-5 mr-tmp-4-5 mr-tmp-5-5 mr-tmp-6-5 mr-tmp-7-5] 13 0}  order Type 1
2024/03/05 02:32:49 start 13 map
2024/03/05 02:32:49 Worker finish order 13, order type 1
2024/03/05 02:32:50 8 :  call for  13  times
2024/03/05 02:32:50 CallOrder: worker get response &{3 [] 0 0}
2024/03/05 02:32:50 worker  8 get order:  &{3 [] 0 0}  order Type 3
2024/03/05 02:32:50 8  waiting for order
2024/03/05 02:32:52 8 :  call for  14  times
2024/03/05 02:32:52 CallOrder: worker get response &{3 [] 0 0}
2024/03/05 02:32:52 worker  8 get order:  &{3 [] 0 0}  order Type 3
2024/03/05 02:32:52 8  waiting for order
2024/03/05 02:32:54 8 :  call for  15  times
2024/03/05 02:32:54 CallOrder: worker get response &{3 [] 0 0}
2024/03/05 02:32:54 worker  8 get order:  &{3 [] 0 0}  order Type 3
2024/03/05 02:32:54 8  waiting for order
2024/03/05 02:32:56 8 :  call for  16  times
2024/03/05 02:32:56 CallOrder: worker get response &{3 [] 0 0}
2024/03/05 02:32:56 worker  8 get order:  &{3 [] 0 0}  order Type 3
2024/03/05 02:32:56 8  waiting for order
2024/03/05 02:32:58 8 :  call for  17  times
2024/03/05 02:32:58 CallOrder: worker get response &{3 [] 0 0}
2024/03/05 02:32:58 worker  8 get order:  &{3 [] 0 0}  order Type 3
2024/03/05 02:32:58 8  waiting for order
2024/03/05 02:33:00 8 :  call for  18  times
2024/03/05 02:33:00 CallOrder: worker get response &{3 [] 0 0}
2024/03/05 02:33:00 worker  8 get order:  &{3 [] 0 0}  order Type 3
2024/03/05 02:33:00 8  waiting for order
2024/03/05 02:33:02 8 :  call for  19  times
2024/03/05 02:33:02 CallOrder: worker get response &{3 [] 0 0}
2024/03/05 02:33:02 worker  8 get order:  &{3 [] 0 0}  order Type 3
2024/03/05 02:33:02 8  waiting for order
2024/03/05 02:33:04 8 :  call for  20  times
2024/03/05 02:33:04 CallOrder: worker get response &{3 [] 0 0}
2024/03/05 02:33:04 worker  8 get order:  &{3 [] 0 0}  order Type 3
2024/03/05 02:33:04 8  waiting for order
2024/03/05 02:33:06 8 :  call for  21  times
2024/03/05 02:33:06 CallOrder: worker get response &{3 [] 0 0}
2024/03/05 02:33:06 worker  8 get order:  &{3 [] 0 0}  order Type 3
2024/03/05 02:33:06 8  waiting for order
2024/03/05 02:33:08 8 :  call for  22  times
2024/03/05 02:33:08 CallOrder: worker get response &{4 [] 0 0}
2024/03/05 02:33:08 worker  8 get order:  &{4 [] 0 0}  order Type 4
2024/03/05 02:33:09 8  killed
