2024/03/05 09:01:36 36 :  call for  1  times
2024/03/05 09:01:36 CallOrder: worker get response &{0 [../pg-metamorphosis.txt] 5 10}
2024/03/05 09:01:36 worker  36 get order:  &{0 [../pg-metamorphosis.txt] 5 10}  order Type 0
2024/03/05 09:01:36 start 5 map
2024/03/05 09:01:36 Worker finish order 5, order type 0
2024/03/05 09:01:37 36 :  call for  2  times
2024/03/05 09:01:37 CallOrder: worker get response &{0 [../pg-sherlock_holmes.txt] 6 10}
2024/03/05 09:01:37 worker  36 get order:  &{0 [../pg-sherlock_holmes.txt] 6 10}  order Type 0
2024/03/05 09:01:44 start 6 map
2024/03/05 09:01:44 Worker finish order 6, order type 0
2024/03/05 09:01:45 36 :  call for  3  times
2024/03/05 09:01:45 CallOrder: worker get response &{2 [] 0 0}
2024/03/05 09:01:45 worker  36 get order:  &{2 [] 0 0}  order Type 2
2024/03/05 09:01:45 36  waiting for order
2024/03/05 09:01:47 36 :  call for  4  times
2024/03/05 09:01:47 CallOrder: worker get response &{0 [../pg-being_ernest.txt] 0 10}
2024/03/05 09:01:47 worker  36 get order:  &{0 [../pg-being_ernest.txt] 0 10}  order Type 0
2024/03/05 09:01:49 start 0 map
2024/03/05 09:01:49 Worker finish order 0, order type 0
2024/03/05 09:01:50 36 :  call for  5  times
2024/03/05 09:01:50 CallOrder: worker get response &{2 [] 0 0}
2024/03/05 09:01:50 worker  36 get order:  &{2 [] 0 0}  order Type 2
2024/03/05 09:01:50 36  waiting for order
2024/03/05 09:01:52 36 :  call for  6  times
2024/03/05 09:01:52 CallOrder: worker get response &{2 [] 0 0}
2024/03/05 09:01:52 worker  36 get order:  &{2 [] 0 0}  order Type 2
2024/03/05 09:01:52 36  waiting for order
2024/03/05 09:01:54 36 :  call for  7  times
2024/03/05 09:01:54 CallOrder: worker get response &{2 [] 0 0}
2024/03/05 09:01:54 worker  36 get order:  &{2 [] 0 0}  order Type 2
2024/03/05 09:01:54 36  waiting for order
2024/03/05 09:01:56 36 :  call for  8  times
2024/03/05 09:01:56 CallOrder: worker get response &{2 [] 0 0}
2024/03/05 09:01:56 worker  36 get order:  &{2 [] 0 0}  order Type 2
2024/03/05 09:01:56 36  waiting for order
2024/03/05 09:01:58 36 :  call for  9  times
2024/03/05 09:01:58 CallOrder: worker get response &{0 [../pg-dorian_gray.txt] 1 10}
2024/03/05 09:01:58 worker  36 get order:  &{0 [../pg-dorian_gray.txt] 1 10}  order Type 0
2024/03/05 09:02:04 start 1 map
2024/03/05 09:02:04 Worker finish order 1, order type 0
2024/03/05 09:02:05 36 :  call for  10  times
2024/03/05 09:02:05 CallOrder: worker get response &{1 [mr-tmp-0-0 mr-tmp-1-0 mr-tmp-2-0 mr-tmp-3-0 mr-tmp-4-0 mr-tmp-5-0 mr-tmp-6-0 mr-tmp-7-0] 8 0}
2024/03/05 09:02:05 worker  36 get order:  &{1 [mr-tmp-0-0 mr-tmp-1-0 mr-tmp-2-0 mr-tmp-3-0 mr-tmp-4-0 mr-tmp-5-0 mr-tmp-6-0 mr-tmp-7-0] 8 0}  order Type 1
2024/03/05 09:02:05 start 8 map
2024/03/05 09:02:05 Worker finish order 8, order type 1
2024/03/05 09:02:06 36 :  call for  11  times
2024/03/05 09:02:06 CallOrder: worker get response &{1 [mr-tmp-0-2 mr-tmp-1-2 mr-tmp-2-2 mr-tmp-3-2 mr-tmp-4-2 mr-tmp-5-2 mr-tmp-6-2 mr-tmp-7-2] 10 0}
2024/03/05 09:02:06 worker  36 get order:  &{1 [mr-tmp-0-2 mr-tmp-1-2 mr-tmp-2-2 mr-tmp-3-2 mr-tmp-4-2 mr-tmp-5-2 mr-tmp-6-2 mr-tmp-7-2] 10 0}  order Type 1
2024/03/05 09:02:10 start 10 map
2024/03/05 09:02:10 Worker finish order 10, order type 1
2024/03/05 09:02:11 36 :  call for  12  times
2024/03/05 09:02:11 CallOrder: worker get response &{3 [] 0 0}
2024/03/05 09:02:11 worker  36 get order:  &{3 [] 0 0}  order Type 3
2024/03/05 09:02:11 36  waiting for order
2024/03/05 09:02:13 36 :  call for  13  times
2024/03/05 09:02:13 CallOrder: worker get response &{3 [] 0 0}
2024/03/05 09:02:13 worker  36 get order:  &{3 [] 0 0}  order Type 3
2024/03/05 09:02:13 36  waiting for order
2024/03/05 09:02:15 36 :  call for  14  times
2024/03/05 09:02:15 CallOrder: worker get response &{3 [] 0 0}
2024/03/05 09:02:15 worker  36 get order:  &{3 [] 0 0}  order Type 3
2024/03/05 09:02:15 36  waiting for order
2024/03/05 09:02:17 36 :  call for  15  times
2024/03/05 09:02:17 CallOrder: worker get response &{3 [] 0 0}
2024/03/05 09:02:17 worker  36 get order:  &{3 [] 0 0}  order Type 3
2024/03/05 09:02:17 36  waiting for order
2024/03/05 09:02:19 36 :  call for  16  times
2024/03/05 09:02:19 CallOrder: worker get response &{1 [mr-tmp-0-9 mr-tmp-1-9 mr-tmp-2-9 mr-tmp-3-9 mr-tmp-4-9 mr-tmp-5-9 mr-tmp-6-9 mr-tmp-7-9] 17 0}
2024/03/05 09:02:19 worker  36 get order:  &{1 [mr-tmp-0-9 mr-tmp-1-9 mr-tmp-2-9 mr-tmp-3-9 mr-tmp-4-9 mr-tmp-5-9 mr-tmp-6-9 mr-tmp-7-9] 17 0}  order Type 1
2024/03/05 09:02:27 start 17 map
2024/03/05 09:02:27 Worker finish order 17, order type 1
2024/03/05 09:02:28 36 :  call for  17  times
2024/03/05 09:02:28 CallOrder: worker get response &{4 [] 0 0}
2024/03/05 09:02:28 worker  36 get order:  &{4 [] 0 0}  order Type 4
2024/03/05 09:02:29 36  killed
