2024/03/05 12:16:22 22 :  call for  1  times
2024/03/05 12:16:22 CallOrder: worker get response &{2 [] 0 0}
2024/03/05 12:16:22 worker  22 get order:  &{2 [] 0 0}  order Type 2
2024/03/05 12:16:22 22  waiting for order
2024/03/05 12:16:24 22 :  call for  2  times
2024/03/05 12:16:24 CallOrder: worker get response &{2 [] 0 0}
2024/03/05 12:16:24 worker  22 get order:  &{2 [] 0 0}  order Type 2
2024/03/05 12:16:24 22  waiting for order
2024/03/05 12:16:26 22 :  call for  3  times
2024/03/05 12:16:26 CallOrder: worker get response &{2 [] 0 0}
2024/03/05 12:16:26 worker  22 get order:  &{2 [] 0 0}  order Type 2
2024/03/05 12:16:26 22  waiting for order
2024/03/05 12:16:28 22 :  call for  4  times
2024/03/05 12:16:28 CallOrder: worker get response &{2 [] 0 0}
2024/03/05 12:16:28 worker  22 get order:  &{2 [] 0 0}  order Type 2
2024/03/05 12:16:28 22  waiting for order
2024/03/05 12:16:30 22 :  call for  5  times
2024/03/05 12:16:30 CallOrder: worker get response &{2 [] 0 0}
2024/03/05 12:16:30 worker  22 get order:  &{2 [] 0 0}  order Type 2
2024/03/05 12:16:30 22  waiting for order
2024/03/05 12:16:32 22 :  call for  6  times
2024/03/05 12:16:32 CallOrder: worker get response &{0 [../pg-tom_sawyer.txt] 7 10}
2024/03/05 12:16:32 worker  22 get order:  &{0 [../pg-tom_sawyer.txt] 7 10}  order Type 0
