2024/03/05 04:07:29 29 :  call for  1  times
2024/03/05 04:07:29 CallOrder: worker get response &{0 [../pg-being_ernest.txt] 0 10}
2024/03/05 04:07:29 worker  29 get order:  &{0 [../pg-being_ernest.txt] 0 10}  order Type 0
2024/03/05 04:07:30 start 0 map
2024/03/05 04:07:30 Worker finish order 0, order type 0
2024/03/05 04:07:31 29 :  call for  2  times
2024/03/05 04:07:31 CallOrder: worker get response &{0 [../pg-grimm.txt] 3 10}
2024/03/05 04:07:31 worker  29 get order:  &{0 [../pg-grimm.txt] 3 10}  order Type 0
2024/03/05 04:07:33 start 3 map
2024/03/05 04:07:33 Worker finish order 3, order type 0
2024/03/05 04:07:34 29 :  call for  3  times
2024/03/05 04:07:34 CallOrder: worker get response &{0 [../pg-sherlock_holmes.txt] 6 10}
2024/03/05 04:07:34 worker  29 get order:  &{0 [../pg-sherlock_holmes.txt] 6 10}  order Type 0
2024/03/05 04:07:36 start 6 map
2024/03/05 04:07:36 Worker finish order 6, order type 0
2024/03/05 04:07:37 29 :  call for  4  times
2024/03/05 04:07:37 CallOrder: worker get response &{1 [mr-tmp-0-0 mr-tmp-1-0 mr-tmp-2-0 mr-tmp-3-0 mr-tmp-4-0 mr-tmp-5-0 mr-tmp-6-0 mr-tmp-7-0] 8 0}
2024/03/05 04:07:37 worker  29 get order:  &{1 [mr-tmp-0-0 mr-tmp-1-0 mr-tmp-2-0 mr-tmp-3-0 mr-tmp-4-0 mr-tmp-5-0 mr-tmp-6-0 mr-tmp-7-0] 8 0}  order Type 1
2024/03/05 04:07:37 start 8 map
2024/03/05 04:07:37 Worker finish order 8, order type 1
2024/03/05 04:07:38 29 :  call for  5  times
2024/03/05 04:07:38 CallOrder: worker get response &{1 [mr-tmp-0-3 mr-tmp-1-3 mr-tmp-2-3 mr-tmp-3-3 mr-tmp-4-3 mr-tmp-5-3 mr-tmp-6-3 mr-tmp-7-3] 11 0}
2024/03/05 04:07:38 worker  29 get order:  &{1 [mr-tmp-0-3 mr-tmp-1-3 mr-tmp-2-3 mr-tmp-3-3 mr-tmp-4-3 mr-tmp-5-3 mr-tmp-6-3 mr-tmp-7-3] 11 0}  order Type 1
2024/03/05 04:07:39 start 11 map
2024/03/05 04:07:39 Worker finish order 11, order type 1
2024/03/05 04:07:40 29 :  call for  6  times
2024/03/05 04:07:40 CallOrder: worker get response &{1 [mr-tmp-0-5 mr-tmp-1-5 mr-tmp-2-5 mr-tmp-3-5 mr-tmp-4-5 mr-tmp-5-5 mr-tmp-6-5 mr-tmp-7-5] 13 0}
2024/03/05 04:07:40 worker  29 get order:  &{1 [mr-tmp-0-5 mr-tmp-1-5 mr-tmp-2-5 mr-tmp-3-5 mr-tmp-4-5 mr-tmp-5-5 mr-tmp-6-5 mr-tmp-7-5] 13 0}  order Type 1
2024/03/05 04:07:40 start 13 map
2024/03/05 04:07:40 Worker finish order 13, order type 1
2024/03/05 04:07:41 29 :  call for  7  times
2024/03/05 04:07:41 CallOrder: worker get response &{1 [mr-tmp-0-8 mr-tmp-1-8 mr-tmp-2-8 mr-tmp-3-8 mr-tmp-4-8 mr-tmp-5-8 mr-tmp-6-8 mr-tmp-7-8] 16 0}
2024/03/05 04:07:41 worker  29 get order:  &{1 [mr-tmp-0-8 mr-tmp-1-8 mr-tmp-2-8 mr-tmp-3-8 mr-tmp-4-8 mr-tmp-5-8 mr-tmp-6-8 mr-tmp-7-8] 16 0}  order Type 1
2024/03/05 04:07:43 start 16 map
2024/03/05 04:07:43 Worker finish order 16, order type 1
2024/03/05 04:07:44 29 :  call for  8  times
2024/03/05 04:07:44 CallOrder: worker get response &{3 [] 0 0}
2024/03/05 04:07:44 worker  29 get order:  &{3 [] 0 0}  order Type 3
2024/03/05 04:07:44 29  waiting for order
2024/03/05 04:07:46 29 :  call for  9  times
2024/03/05 04:07:46 CallOrder: worker get response &{4 [] 0 0}
2024/03/05 04:07:46 worker  29 get order:  &{4 [] 0 0}  order Type 4
2024/03/05 04:07:47 29  killed
