2024/03/04 21:57:47 47 :  call for  1  times
2024/03/04 21:57:47 CallOrder: worker get response &{0 [../pg-being_ernest.txt] 0 10}
2024/03/04 21:57:47 worker  47 get order:  &{0 [../pg-being_ernest.txt] 0 10}  order Type 0
2024/03/04 21:57:48 start 0 map
2024/03/04 21:57:48 Worker finish order 0, order type 0
2024/03/04 21:57:49 47 :  call for  2  times
2024/03/04 21:57:49 CallOrder: worker get response &{0 [../pg-grimm.txt] 3 10}
2024/03/04 21:57:49 worker  47 get order:  &{0 [../pg-grimm.txt] 3 10}  order Type 0
2024/03/04 21:57:51 start 3 map
2024/03/04 21:57:51 Worker finish order 3, order type 0
2024/03/04 21:57:52 47 :  call for  3  times
2024/03/04 21:57:52 CallOrder: worker get response &{0 [../pg-sherlock_holmes.txt] 6 10}
2024/03/04 21:57:52 worker  47 get order:  &{0 [../pg-sherlock_holmes.txt] 6 10}  order Type 0
2024/03/04 21:57:53 start 6 map
2024/03/04 21:57:53 Worker finish order 6, order type 0
2024/03/04 21:57:54 47 :  call for  4  times
2024/03/04 21:57:54 CallOrder: worker get response &{1 [mr-tmp-0-0 mr-tmp-1-0 mr-tmp-2-0 mr-tmp-3-0 mr-tmp-4-0 mr-tmp-5-0 mr-tmp-6-0 mr-tmp-7-0] 8 0}
2024/03/04 21:57:54 worker  47 get order:  &{1 [mr-tmp-0-0 mr-tmp-1-0 mr-tmp-2-0 mr-tmp-3-0 mr-tmp-4-0 mr-tmp-5-0 mr-tmp-6-0 mr-tmp-7-0] 8 0}  order Type 1
2024/03/04 21:57:55 start 8 map
2024/03/04 21:57:55 Worker finish order 8, order type 1
2024/03/04 21:57:56 47 :  call for  5  times
2024/03/04 21:57:56 CallOrder: worker get response &{1 [mr-tmp-0-2 mr-tmp-1-2 mr-tmp-2-2 mr-tmp-3-2 mr-tmp-4-2 mr-tmp-5-2 mr-tmp-6-2 mr-tmp-7-2] 10 0}
2024/03/04 21:57:56 worker  47 get order:  &{1 [mr-tmp-0-2 mr-tmp-1-2 mr-tmp-2-2 mr-tmp-3-2 mr-tmp-4-2 mr-tmp-5-2 mr-tmp-6-2 mr-tmp-7-2] 10 0}  order Type 1
2024/03/04 21:57:57 start 10 map
2024/03/04 21:57:57 Worker finish order 10, order type 1
2024/03/04 21:57:58 47 :  call for  6  times
2024/03/04 21:57:58 CallOrder: worker get response &{1 [mr-tmp-0-6 mr-tmp-1-6 mr-tmp-2-6 mr-tmp-3-6 mr-tmp-4-6 mr-tmp-5-6 mr-tmp-6-6 mr-tmp-7-6] 14 0}
2024/03/04 21:57:58 worker  47 get order:  &{1 [mr-tmp-0-6 mr-tmp-1-6 mr-tmp-2-6 mr-tmp-3-6 mr-tmp-4-6 mr-tmp-5-6 mr-tmp-6-6 mr-tmp-7-6] 14 0}  order Type 1
2024/03/04 21:58:00 start 14 map
2024/03/04 21:58:00 Worker finish order 14, order type 1
2024/03/04 21:58:01 47 :  call for  7  times
2024/03/04 21:58:01 CallOrder: worker get response &{3 [] 0 0}
2024/03/04 21:58:01 worker  47 get order:  &{3 [] 0 0}  order Type 3
2024/03/04 21:58:01 47  waiting for order
2024/03/04 21:58:03 47 :  call for  8  times
2024/03/04 21:58:03 CallOrder: worker get response &{4 [] 0 0}
2024/03/04 21:58:03 worker  47 get order:  &{4 [] 0 0}  order Type 4
2024/03/04 21:58:04 47  killed
