2024/03/05 09:11:01 1 :  call for  1  times
2024/03/05 09:11:01 CallOrder: worker get response &{3 [] 0 0}
2024/03/05 09:11:01 worker  1 get order:  &{3 [] 0 0}  order Type 3
2024/03/05 09:11:01 1  waiting for order
2024/03/05 09:11:03 1 :  call for  2  times
2024/03/05 09:11:03 CallOrder: worker get response &{3 [] 0 0}
2024/03/05 09:11:03 worker  1 get order:  &{3 [] 0 0}  order Type 3
2024/03/05 09:11:03 1  waiting for order
2024/03/05 09:11:05 1 :  call for  3  times
2024/03/05 09:11:05 CallOrder: worker get response &{3 [] 0 0}
2024/03/05 09:11:05 worker  1 get order:  &{3 [] 0 0}  order Type 3
2024/03/05 09:11:05 1  waiting for order
2024/03/05 09:11:07 1 :  call for  4  times
2024/03/05 09:11:07 CallOrder: worker get response &{3 [] 0 0}
2024/03/05 09:11:07 worker  1 get order:  &{3 [] 0 0}  order Type 3
2024/03/05 09:11:07 1  waiting for order
2024/03/05 09:11:09 1 :  call for  5  times
2024/03/05 09:11:09 CallOrder: worker get response &{3 [] 0 0}
2024/03/05 09:11:09 worker  1 get order:  &{3 [] 0 0}  order Type 3
2024/03/05 09:11:09 1  waiting for order
2024/03/05 09:11:11 1 :  call for  6  times
2024/03/05 09:11:11 CallOrder: worker get response &{1 [mr-tmp-0-5 mr-tmp-1-5 mr-tmp-2-5 mr-tmp-3-5 mr-tmp-4-5 mr-tmp-5-5 mr-tmp-6-5 mr-tmp-7-5] 13 0}
2024/03/05 09:11:11 worker  1 get order:  &{1 [mr-tmp-0-5 mr-tmp-1-5 mr-tmp-2-5 mr-tmp-3-5 mr-tmp-4-5 mr-tmp-5-5 mr-tmp-6-5 mr-tmp-7-5] 13 0}  order Type 1
