2024/03/05 12:18:04 4 :  call for  1  times
2024/03/05 12:18:04 CallOrder: worker get response &{0 [../pg-dorian_gray.txt] 1 10}
2024/03/05 12:18:04 worker  4 get order:  &{0 [../pg-dorian_gray.txt] 1 10}  order Type 0
2024/03/05 12:18:05 start 1 map
2024/03/05 12:18:05 Worker finish order 1, order type 0
2024/03/05 12:18:06 4 :  call for  2  times
2024/03/05 12:18:06 CallOrder: worker get response &{0 [../pg-grimm.txt] 3 10}
2024/03/05 12:18:06 worker  4 get order:  &{0 [../pg-grimm.txt] 3 10}  order Type 0
2024/03/05 12:18:07 start 3 map
2024/03/05 12:18:07 Worker finish order 3, order type 0
2024/03/05 12:18:08 4 :  call for  3  times
2024/03/05 12:18:08 CallOrder: worker get response &{0 [../pg-metamorphosis.txt] 5 10}
2024/03/05 12:18:08 worker  4 get order:  &{0 [../pg-metamorphosis.txt] 5 10}  order Type 0
2024/03/05 12:18:09 start 5 map
2024/03/05 12:18:10 Worker finish order 5, order type 0
2024/03/05 12:18:11 4 :  call for  4  times
2024/03/05 12:18:11 CallOrder: worker get response &{0 [../pg-sherlock_holmes.txt] 6 10}
2024/03/05 12:18:11 worker  4 get order:  &{0 [../pg-sherlock_holmes.txt] 6 10}  order Type 0
2024/03/05 12:18:12 start 6 map
2024/03/05 12:18:12 Worker finish order 6, order type 0
2024/03/05 12:18:13 4 :  call for  5  times
2024/03/05 12:18:13 CallOrder: worker get response &{2 [] 0 0}
2024/03/05 12:18:13 worker  4 get order:  &{2 [] 0 0}  order Type 2
2024/03/05 12:18:13 4  waiting for order
2024/03/05 12:18:15 4 :  call for  6  times
2024/03/05 12:18:15 CallOrder: worker get response &{1 [mr-tmp-0-2 mr-tmp-1-2 mr-tmp-2-2 mr-tmp-3-2 mr-tmp-4-2 mr-tmp-5-2 mr-tmp-6-2 mr-tmp-7-2] 10 0}
2024/03/05 12:18:15 worker  4 get order:  &{1 [mr-tmp-0-2 mr-tmp-1-2 mr-tmp-2-2 mr-tmp-3-2 mr-tmp-4-2 mr-tmp-5-2 mr-tmp-6-2 mr-tmp-7-2] 10 0}  order Type 1
2024/03/05 12:18:15 start 10 map
2024/03/05 12:18:15 Worker finish order 10, order type 1
2024/03/05 12:18:16 4 :  call for  7  times
2024/03/05 12:18:16 CallOrder: worker get response &{1 [mr-tmp-0-4 mr-tmp-1-4 mr-tmp-2-4 mr-tmp-3-4 mr-tmp-4-4 mr-tmp-5-4 mr-tmp-6-4 mr-tmp-7-4] 12 0}
2024/03/05 12:18:16 worker  4 get order:  &{1 [mr-tmp-0-4 mr-tmp-1-4 mr-tmp-2-4 mr-tmp-3-4 mr-tmp-4-4 mr-tmp-5-4 mr-tmp-6-4 mr-tmp-7-4] 12 0}  order Type 1
2024/03/05 12:18:16 start 12 map
2024/03/05 12:18:16 Worker finish order 12, order type 1
2024/03/05 12:18:17 4 :  call for  8  times
2024/03/05 12:18:17 CallOrder: worker get response &{1 [mr-tmp-0-6 mr-tmp-1-6 mr-tmp-2-6 mr-tmp-3-6 mr-tmp-4-6 mr-tmp-5-6 mr-tmp-6-6 mr-tmp-7-6] 14 0}
2024/03/05 12:18:17 worker  4 get order:  &{1 [mr-tmp-0-6 mr-tmp-1-6 mr-tmp-2-6 mr-tmp-3-6 mr-tmp-4-6 mr-tmp-5-6 mr-tmp-6-6 mr-tmp-7-6] 14 0}  order Type 1
2024/03/05 12:18:17 start 14 map
2024/03/05 12:18:17 Worker finish order 14, order type 1
2024/03/05 12:18:18 4 :  call for  9  times
2024/03/05 12:18:18 CallOrder: worker get response &{1 [mr-tmp-0-8 mr-tmp-1-8 mr-tmp-2-8 mr-tmp-3-8 mr-tmp-4-8 mr-tmp-5-8 mr-tmp-6-8 mr-tmp-7-8] 16 0}
2024/03/05 12:18:18 worker  4 get order:  &{1 [mr-tmp-0-8 mr-tmp-1-8 mr-tmp-2-8 mr-tmp-3-8 mr-tmp-4-8 mr-tmp-5-8 mr-tmp-6-8 mr-tmp-7-8] 16 0}  order Type 1
2024/03/05 12:18:18 start 16 map
2024/03/05 12:18:18 Worker finish order 16, order type 1
2024/03/05 12:18:19 4 :  call for  10  times
2024/03/05 12:18:19 CallOrder: worker get response &{3 [] 0 0}
2024/03/05 12:18:19 worker  4 get order:  &{3 [] 0 0}  order Type 3
2024/03/05 12:18:19 4  waiting for order
2024/03/05 12:18:21 4 :  call for  11  times
2024/03/05 12:18:21 dialing:dial unix /var/tmp/824-mr-0: connect: connection refused
