2024/03/05 02:35:26 26 :  call for  1  times
2024/03/05 02:35:26 CallOrder: worker get response &{3 [] 0 0}
2024/03/05 02:35:26 worker  26 get order:  &{3 [] 0 0}  order Type 3
2024/03/05 02:35:26 26  waiting for order
2024/03/05 02:35:28 26 :  call for  2  times
2024/03/05 02:35:28 CallOrder: worker get response &{3 [] 0 0}
2024/03/05 02:35:28 worker  26 get order:  &{3 [] 0 0}  order Type 3
2024/03/05 02:35:28 26  waiting for order
2024/03/05 02:35:30 26 :  call for  3  times
2024/03/05 02:35:30 CallOrder: worker get response &{3 [] 0 0}
2024/03/05 02:35:30 worker  26 get order:  &{3 [] 0 0}  order Type 3
2024/03/05 02:35:30 26  waiting for order
2024/03/05 02:35:32 26 :  call for  4  times
2024/03/05 02:35:32 CallOrder: worker get response &{3 [] 0 0}
2024/03/05 02:35:32 worker  26 get order:  &{3 [] 0 0}  order Type 3
2024/03/05 02:35:32 26  waiting for order
2024/03/05 02:35:34 26 :  call for  5  times
2024/03/05 02:35:34 CallOrder: worker get response &{3 [] 0 0}
2024/03/05 02:35:34 worker  26 get order:  &{3 [] 0 0}  order Type 3
2024/03/05 02:35:34 26  waiting for order
2024/03/05 02:35:36 26 :  call for  6  times
2024/03/05 02:35:36 CallOrder: worker get response &{4 [] 0 0}
2024/03/05 02:35:36 worker  26 get order:  &{4 [] 0 0}  order Type 4
2024/03/05 02:35:37 26  killed
