2024/03/05 07:54:07 7 :  call for  1  times
2024/03/05 07:54:07 CallOrder: worker get response &{0 [../pg-being_ernest.txt] 0 10}
2024/03/05 07:54:07 worker  7 get order:  &{0 [../pg-being_ernest.txt] 0 10}  order Type 0
2024/03/05 07:54:07 start 0 map
2024/03/05 07:54:07 Worker finish order 0, order type 0
2024/03/05 07:54:08 7 :  call for  2  times
2024/03/05 07:54:08 CallOrder: worker get response &{0 [../pg-grimm.txt] 3 10}
2024/03/05 07:54:08 worker  7 get order:  &{0 [../pg-grimm.txt] 3 10}  order Type 0
2024/03/05 07:54:10 start 3 map
2024/03/05 07:54:10 Worker finish order 3, order type 0
2024/03/05 07:54:11 7 :  call for  3  times
2024/03/05 07:54:11 CallOrder: worker get response &{0 [../pg-sherlock_holmes.txt] 6 10}
2024/03/05 07:54:11 worker  7 get order:  &{0 [../pg-sherlock_holmes.txt] 6 10}  order Type 0
2024/03/05 07:54:13 start 6 map
2024/03/05 07:54:13 Worker finish order 6, order type 0
2024/03/05 07:54:14 7 :  call for  4  times
2024/03/05 07:54:14 CallOrder: worker get response &{1 [mr-tmp-0-0 mr-tmp-1-0 mr-tmp-2-0 mr-tmp-3-0 mr-tmp-4-0 mr-tmp-5-0 mr-tmp-6-0 mr-tmp-7-0] 8 0}
2024/03/05 07:54:14 worker  7 get order:  &{1 [mr-tmp-0-0 mr-tmp-1-0 mr-tmp-2-0 mr-tmp-3-0 mr-tmp-4-0 mr-tmp-5-0 mr-tmp-6-0 mr-tmp-7-0] 8 0}  order Type 1
2024/03/05 07:54:15 start 8 map
2024/03/05 07:54:15 Worker finish order 8, order type 1
2024/03/05 07:54:16 7 :  call for  5  times
2024/03/05 07:54:16 CallOrder: worker get response &{1 [mr-tmp-0-2 mr-tmp-1-2 mr-tmp-2-2 mr-tmp-3-2 mr-tmp-4-2 mr-tmp-5-2 mr-tmp-6-2 mr-tmp-7-2] 10 0}
2024/03/05 07:54:16 worker  7 get order:  &{1 [mr-tmp-0-2 mr-tmp-1-2 mr-tmp-2-2 mr-tmp-3-2 mr-tmp-4-2 mr-tmp-5-2 mr-tmp-6-2 mr-tmp-7-2] 10 0}  order Type 1
2024/03/05 07:54:17 start 10 map
2024/03/05 07:54:17 Worker finish order 10, order type 1
2024/03/05 07:54:18 7 :  call for  6  times
2024/03/05 07:54:18 CallOrder: worker get response &{1 [mr-tmp-0-7 mr-tmp-1-7 mr-tmp-2-7 mr-tmp-3-7 mr-tmp-4-7 mr-tmp-5-7 mr-tmp-6-7 mr-tmp-7-7] 15 0}
2024/03/05 07:54:18 worker  7 get order:  &{1 [mr-tmp-0-7 mr-tmp-1-7 mr-tmp-2-7 mr-tmp-3-7 mr-tmp-4-7 mr-tmp-5-7 mr-tmp-6-7 mr-tmp-7-7] 15 0}  order Type 1
2024/03/05 07:54:19 start 15 map
2024/03/05 07:54:19 Worker finish order 15, order type 1
2024/03/05 07:54:20 7 :  call for  7  times
2024/03/05 07:54:20 CallOrder: worker get response &{1 [mr-tmp-0-9 mr-tmp-1-9 mr-tmp-2-9 mr-tmp-3-9 mr-tmp-4-9 mr-tmp-5-9 mr-tmp-6-9 mr-tmp-7-9] 17 0}
2024/03/05 07:54:20 worker  7 get order:  &{1 [mr-tmp-0-9 mr-tmp-1-9 mr-tmp-2-9 mr-tmp-3-9 mr-tmp-4-9 mr-tmp-5-9 mr-tmp-6-9 mr-tmp-7-9] 17 0}  order Type 1
2024/03/05 07:54:21 start 17 map
2024/03/05 07:54:21 Worker finish order 17, order type 1
2024/03/05 07:54:22 7 :  call for  8  times
2024/03/05 07:54:22 CallOrder: worker get response &{4 [] 0 0}
2024/03/05 07:54:22 worker  7 get order:  &{4 [] 0 0}  order Type 4
2024/03/05 07:54:23 7  killed
