2024/03/05 07:10:00 0 :  call for  1  times
2024/03/05 07:10:00 CallOrder: worker get response &{1 [mr-tmp-0-8 mr-tmp-1-8 mr-tmp-2-8 mr-tmp-3-8 mr-tmp-4-8 mr-tmp-5-8 mr-tmp-6-8 mr-tmp-7-8] 16 0}
2024/03/05 07:10:00 worker  0 get order:  &{1 [mr-tmp-0-8 mr-tmp-1-8 mr-tmp-2-8 mr-tmp-3-8 mr-tmp-4-8 mr-tmp-5-8 mr-tmp-6-8 mr-tmp-7-8] 16 0}  order Type 1
2024/03/05 07:10:00 start 16 map
2024/03/05 07:10:00 Worker finish order 16, order type 1
2024/03/05 07:10:01 0 :  call for  2  times
2024/03/05 07:10:01 CallOrder: worker get response &{3 [] 0 0}
2024/03/05 07:10:01 worker  0 get order:  &{3 [] 0 0}  order Type 3
2024/03/05 07:10:01 0  waiting for order
2024/03/05 07:10:03 0 :  call for  3  times
2024/03/05 07:10:03 CallOrder: worker get response &{3 [] 0 0}
2024/03/05 07:10:03 worker  0 get order:  &{3 [] 0 0}  order Type 3
2024/03/05 07:10:03 0  waiting for order
2024/03/05 07:10:05 0 :  call for  4  times
2024/03/05 07:10:05 CallOrder: worker get response &{3 [] 0 0}
2024/03/05 07:10:05 worker  0 get order:  &{3 [] 0 0}  order Type 3
2024/03/05 07:10:05 0  waiting for order
2024/03/05 07:10:07 0 :  call for  5  times
2024/03/05 07:10:07 CallOrder: worker get response &{3 [] 0 0}
2024/03/05 07:10:07 worker  0 get order:  &{3 [] 0 0}  order Type 3
2024/03/05 07:10:07 0  waiting for order
2024/03/05 07:10:09 0 :  call for  6  times
2024/03/05 07:10:09 CallOrder: worker get response &{3 [] 0 0}
2024/03/05 07:10:09 worker  0 get order:  &{3 [] 0 0}  order Type 3
2024/03/05 07:10:09 0  waiting for order
2024/03/05 07:10:11 0 :  call for  7  times
2024/03/05 07:10:11 CallOrder: worker get response &{1 [mr-tmp-0-5 mr-tmp-1-5 mr-tmp-2-5 mr-tmp-3-5 mr-tmp-4-5 mr-tmp-5-5 mr-tmp-6-5 mr-tmp-7-5] 13 0}
2024/03/05 07:10:11 worker  0 get order:  &{1 [mr-tmp-0-5 mr-tmp-1-5 mr-tmp-2-5 mr-tmp-3-5 mr-tmp-4-5 mr-tmp-5-5 mr-tmp-6-5 mr-tmp-7-5] 13 0}  order Type 1
2024/03/05 07:10:17 start 13 map
2024/03/05 07:10:17 Worker finish order 13, order type 1
2024/03/05 07:10:18 0 :  call for  8  times
2024/03/05 07:10:18 CallOrder: worker get response &{4 [] 0 0}
2024/03/05 07:10:18 worker  0 get order:  &{4 [] 0 0}  order Type 4
2024/03/05 07:10:19 0  killed
