2024/03/05 04:48:42 42 :  call for  1  times
2024/03/05 04:48:42 CallOrder: worker get response &{1 [mr-tmp-0-5 mr-tmp-1-5 mr-tmp-2-5 mr-tmp-3-5 mr-tmp-4-5 mr-tmp-5-5 mr-tmp-6-5 mr-tmp-7-5] 13 0}
2024/03/05 04:48:42 worker  42 get order:  &{1 [mr-tmp-0-5 mr-tmp-1-5 mr-tmp-2-5 mr-tmp-3-5 mr-tmp-4-5 mr-tmp-5-5 mr-tmp-6-5 mr-tmp-7-5] 13 0}  order Type 1
2024/03/05 04:48:42 start 13 map
2024/03/05 04:48:42 Worker finish order 13, order type 1
2024/03/05 04:48:43 42 :  call for  2  times
2024/03/05 04:48:43 CallOrder: worker get response &{1 [mr-tmp-0-8 mr-tmp-1-8 mr-tmp-2-8 mr-tmp-3-8 mr-tmp-4-8 mr-tmp-5-8 mr-tmp-6-8 mr-tmp-7-8] 16 0}
2024/03/05 04:48:43 worker  42 get order:  &{1 [mr-tmp-0-8 mr-tmp-1-8 mr-tmp-2-8 mr-tmp-3-8 mr-tmp-4-8 mr-tmp-5-8 mr-tmp-6-8 mr-tmp-7-8] 16 0}  order Type 1
2024/03/05 04:48:43 start 16 map
2024/03/05 04:48:43 Worker finish order 16, order type 1
2024/03/05 04:48:44 42 :  call for  3  times
2024/03/05 04:48:44 CallOrder: worker get response &{3 [] 0 0}
2024/03/05 04:48:44 worker  42 get order:  &{3 [] 0 0}  order Type 3
2024/03/05 04:48:44 42  waiting for order
2024/03/05 04:48:46 42 :  call for  4  times
2024/03/05 04:48:46 CallOrder: worker get response &{3 [] 0 0}
2024/03/05 04:48:46 worker  42 get order:  &{3 [] 0 0}  order Type 3
2024/03/05 04:48:46 42  waiting for order
2024/03/05 04:48:48 42 :  call for  5  times
2024/03/05 04:48:48 CallOrder: worker get response &{3 [] 0 0}
2024/03/05 04:48:48 worker  42 get order:  &{3 [] 0 0}  order Type 3
2024/03/05 04:48:48 42  waiting for order
2024/03/05 04:48:50 42 :  call for  6  times
2024/03/05 04:48:50 CallOrder: worker get response &{3 [] 0 0}
2024/03/05 04:48:50 worker  42 get order:  &{3 [] 0 0}  order Type 3
2024/03/05 04:48:50 42  waiting for order
2024/03/05 04:48:52 42 :  call for  7  times
2024/03/05 04:48:52 CallOrder: worker get response &{3 [] 0 0}
2024/03/05 04:48:52 worker  42 get order:  &{3 [] 0 0}  order Type 3
2024/03/05 04:48:52 42  waiting for order
2024/03/05 04:48:54 42 :  call for  8  times
2024/03/05 04:48:54 dialing:dial unix /var/tmp/824-mr-0: connect: connection refused
