2024/03/05 03:58:18 18 :  call for  1  times
2024/03/05 03:58:18 CallOrder: worker get response &{0 [../pg-being_ernest.txt] 0 10}
2024/03/05 03:58:18 worker  18 get order:  &{0 [../pg-being_ernest.txt] 0 10}  order Type 0
2024/03/05 03:58:18 start 0 map
2024/03/05 03:58:18 Worker finish order 0, order type 0
2024/03/05 03:58:19 18 :  call for  2  times
2024/03/05 03:58:19 CallOrder: worker get response &{0 [../pg-huckleberry_finn.txt] 4 10}
2024/03/05 03:58:19 worker  18 get order:  &{0 [../pg-huckleberry_finn.txt] 4 10}  order Type 0
2024/03/05 03:58:19 start 4 map
2024/03/05 03:58:19 Worker finish order 4, order type 0
2024/03/05 03:58:20 18 :  call for  3  times
2024/03/05 03:58:20 CallOrder: worker get response &{2 [] 0 0}
2024/03/05 03:58:20 worker  18 get order:  &{2 [] 0 0}  order Type 2
2024/03/05 03:58:20 18  waiting for order
2024/03/05 03:58:22 18 :  call for  4  times
2024/03/05 03:58:22 CallOrder: worker get response &{2 [] 0 0}
2024/03/05 03:58:22 worker  18 get order:  &{2 [] 0 0}  order Type 2
2024/03/05 03:58:22 18  waiting for order
2024/03/05 03:58:24 18 :  call for  5  times
2024/03/05 03:58:24 CallOrder: worker get response &{2 [] 0 0}
2024/03/05 03:58:24 worker  18 get order:  &{2 [] 0 0}  order Type 2
2024/03/05 03:58:24 18  waiting for order
2024/03/05 03:58:26 18 :  call for  6  times
2024/03/05 03:58:26 CallOrder: worker get response &{2 [] 0 0}
2024/03/05 03:58:26 worker  18 get order:  &{2 [] 0 0}  order Type 2
2024/03/05 03:58:26 18  waiting for order
2024/03/05 03:58:28 18 :  call for  7  times
2024/03/05 03:58:28 CallOrder: worker get response &{2 [] 0 0}
2024/03/05 03:58:28 worker  18 get order:  &{2 [] 0 0}  order Type 2
2024/03/05 03:58:28 18  waiting for order
2024/03/05 03:58:30 18 :  call for  8  times
2024/03/05 03:58:30 CallOrder: worker get response &{0 [../pg-frankenstein.txt] 2 10}
2024/03/05 03:58:30 worker  18 get order:  &{0 [../pg-frankenstein.txt] 2 10}  order Type 0
