2024/03/05 12:36:15 15 :  call for  1  times
2024/03/05 12:36:15 CallOrder: worker get response &{0 [../pg-dorian_gray.txt] 1 10}
2024/03/05 12:36:15 worker  15 get order:  &{0 [../pg-dorian_gray.txt] 1 10}  order Type 0
2024/03/05 12:36:15 start 1 map
2024/03/05 12:36:15 Worker finish order 1, order type 0
2024/03/05 12:36:16 15 :  call for  2  times
2024/03/05 12:36:16 CallOrder: worker get response &{0 [../pg-metamorphosis.txt] 5 10}
2024/03/05 12:36:16 worker  15 get order:  &{0 [../pg-metamorphosis.txt] 5 10}  order Type 0
2024/03/05 12:36:16 start 5 map
2024/03/05 12:36:16 Worker finish order 5, order type 0
2024/03/05 12:36:17 15 :  call for  3  times
2024/03/05 12:36:17 CallOrder: worker get response &{0 [../pg-sherlock_holmes.txt] 6 10}
2024/03/05 12:36:17 worker  15 get order:  &{0 [../pg-sherlock_holmes.txt] 6 10}  order Type 0
2024/03/05 12:36:17 start 6 map
2024/03/05 12:36:17 Worker finish order 6, order type 0
2024/03/05 12:36:18 15 :  call for  4  times
2024/03/05 12:36:18 CallOrder: worker get response &{2 [] 0 0}
2024/03/05 12:36:18 worker  15 get order:  &{2 [] 0 0}  order Type 2
2024/03/05 12:36:18 15  waiting for order
2024/03/05 12:36:20 15 :  call for  5  times
2024/03/05 12:36:20 CallOrder: worker get response &{1 [mr-tmp-0-4 mr-tmp-1-4 mr-tmp-2-4 mr-tmp-3-4 mr-tmp-4-4 mr-tmp-5-4 mr-tmp-6-4 mr-tmp-7-4] 12 0}
2024/03/05 12:36:20 worker  15 get order:  &{1 [mr-tmp-0-4 mr-tmp-1-4 mr-tmp-2-4 mr-tmp-3-4 mr-tmp-4-4 mr-tmp-5-4 mr-tmp-6-4 mr-tmp-7-4] 12 0}  order Type 1
2024/03/05 12:36:20 start 12 map
2024/03/05 12:36:20 Worker finish order 12, order type 1
2024/03/05 12:36:21 15 :  call for  6  times
2024/03/05 12:36:21 CallOrder: worker get response &{1 [mr-tmp-0-6 mr-tmp-1-6 mr-tmp-2-6 mr-tmp-3-6 mr-tmp-4-6 mr-tmp-5-6 mr-tmp-6-6 mr-tmp-7-6] 14 0}
2024/03/05 12:36:21 worker  15 get order:  &{1 [mr-tmp-0-6 mr-tmp-1-6 mr-tmp-2-6 mr-tmp-3-6 mr-tmp-4-6 mr-tmp-5-6 mr-tmp-6-6 mr-tmp-7-6] 14 0}  order Type 1
2024/03/05 12:36:24 start 14 map
2024/03/05 12:36:24 Worker finish order 14, order type 1
2024/03/05 12:36:25 15 :  call for  7  times
2024/03/05 12:36:25 CallOrder: worker get response &{4 [] 0 0}
2024/03/05 12:36:25 worker  15 get order:  &{4 [] 0 0}  order Type 4
2024/03/05 12:36:26 15  killed
