2024/03/05 06:05:19 19 :  call for  1  times
2024/03/05 06:05:19 CallOrder: worker get response &{0 [../pg-dorian_gray.txt] 1 10}
2024/03/05 06:05:19 worker  19 get order:  &{0 [../pg-dorian_gray.txt] 1 10}  order Type 0
2024/03/05 06:05:19 start 1 map
2024/03/05 06:05:19 Worker finish order 1, order type 0
2024/03/05 06:05:20 19 :  call for  2  times
2024/03/05 06:05:20 CallOrder: worker get response &{0 [../pg-metamorphosis.txt] 5 10}
2024/03/05 06:05:20 worker  19 get order:  &{0 [../pg-metamorphosis.txt] 5 10}  order Type 0
2024/03/05 06:05:20 start 5 map
2024/03/05 06:05:20 Worker finish order 5, order type 0
2024/03/05 06:05:21 19 :  call for  3  times
2024/03/05 06:05:21 CallOrder: worker get response &{0 [../pg-tom_sawyer.txt] 7 10}
2024/03/05 06:05:21 worker  19 get order:  &{0 [../pg-tom_sawyer.txt] 7 10}  order Type 0
2024/03/05 06:05:21 start 7 map
2024/03/05 06:05:21 Worker finish order 7, order type 0
2024/03/05 06:05:22 19 :  call for  4  times
2024/03/05 06:05:22 CallOrder: worker get response &{1 [mr-tmp-0-0 mr-tmp-1-0 mr-tmp-2-0 mr-tmp-3-0 mr-tmp-4-0 mr-tmp-5-0 mr-tmp-6-0 mr-tmp-7-0] 8 0}
2024/03/05 06:05:22 worker  19 get order:  &{1 [mr-tmp-0-0 mr-tmp-1-0 mr-tmp-2-0 mr-tmp-3-0 mr-tmp-4-0 mr-tmp-5-0 mr-tmp-6-0 mr-tmp-7-0] 8 0}  order Type 1
2024/03/05 06:05:22 start 8 map
2024/03/05 06:05:22 Worker finish order 8, order type 1
2024/03/05 06:05:23 19 :  call for  5  times
2024/03/05 06:05:23 CallOrder: worker get response &{1 [mr-tmp-0-2 mr-tmp-1-2 mr-tmp-2-2 mr-tmp-3-2 mr-tmp-4-2 mr-tmp-5-2 mr-tmp-6-2 mr-tmp-7-2] 10 0}
2024/03/05 06:05:23 worker  19 get order:  &{1 [mr-tmp-0-2 mr-tmp-1-2 mr-tmp-2-2 mr-tmp-3-2 mr-tmp-4-2 mr-tmp-5-2 mr-tmp-6-2 mr-tmp-7-2] 10 0}  order Type 1
2024/03/05 06:05:26 start 10 map
2024/03/05 06:05:26 Worker finish order 10, order type 1
2024/03/05 06:05:27 19 :  call for  6  times
2024/03/05 06:05:27 CallOrder: worker get response &{1 [mr-tmp-0-8 mr-tmp-1-8 mr-tmp-2-8 mr-tmp-3-8 mr-tmp-4-8 mr-tmp-5-8 mr-tmp-6-8 mr-tmp-7-8] 16 0}
2024/03/05 06:05:27 worker  19 get order:  &{1 [mr-tmp-0-8 mr-tmp-1-8 mr-tmp-2-8 mr-tmp-3-8 mr-tmp-4-8 mr-tmp-5-8 mr-tmp-6-8 mr-tmp-7-8] 16 0}  order Type 1
2024/03/05 06:05:27 start 16 map
2024/03/05 06:05:27 Worker finish order 16, order type 1
2024/03/05 06:05:28 19 :  call for  7  times
2024/03/05 06:05:28 CallOrder: worker get response &{3 [] 0 0}
2024/03/05 06:05:28 worker  19 get order:  &{3 [] 0 0}  order Type 3
2024/03/05 06:05:28 19  waiting for order
2024/03/05 06:05:30 19 :  call for  8  times
2024/03/05 06:05:30 dialing:dial unix /var/tmp/824-mr-0: connect: connection refused
