2024/03/05 00:49:33 33 :  call for  1  times
2024/03/05 00:49:33 CallOrder: worker get response &{1 [mr-tmp-0-5 mr-tmp-1-5 mr-tmp-2-5 mr-tmp-3-5 mr-tmp-4-5 mr-tmp-5-5 mr-tmp-6-5 mr-tmp-7-5] 13 0}
2024/03/05 00:49:33 worker  33 get order:  &{1 [mr-tmp-0-5 mr-tmp-1-5 mr-tmp-2-5 mr-tmp-3-5 mr-tmp-4-5 mr-tmp-5-5 mr-tmp-6-5 mr-tmp-7-5] 13 0}  order Type 1
2024/03/05 00:49:33 start 13 map
2024/03/05 00:49:33 Worker finish order 13, order type 1
2024/03/05 00:49:34 33 :  call for  2  times
2024/03/05 00:49:34 CallOrder: worker get response &{1 [mr-tmp-0-9 mr-tmp-1-9 mr-tmp-2-9 mr-tmp-3-9 mr-tmp-4-9 mr-tmp-5-9 mr-tmp-6-9 mr-tmp-7-9] 17 0}
2024/03/05 00:49:34 worker  33 get order:  &{1 [mr-tmp-0-9 mr-tmp-1-9 mr-tmp-2-9 mr-tmp-3-9 mr-tmp-4-9 mr-tmp-5-9 mr-tmp-6-9 mr-tmp-7-9] 17 0}  order Type 1
2024/03/05 00:49:34 start 17 map
2024/03/05 00:49:34 Worker finish order 17, order type 1
2024/03/05 00:49:35 33 :  call for  3  times
2024/03/05 00:49:35 CallOrder: worker get response &{3 [] 0 0}
2024/03/05 00:49:35 worker  33 get order:  &{3 [] 0 0}  order Type 3
2024/03/05 00:49:35 33  waiting for order
2024/03/05 00:49:37 33 :  call for  4  times
2024/03/05 00:49:37 CallOrder: worker get response &{3 [] 0 0}
2024/03/05 00:49:37 worker  33 get order:  &{3 [] 0 0}  order Type 3
2024/03/05 00:49:37 33  waiting for order
2024/03/05 00:49:39 33 :  call for  5  times
2024/03/05 00:49:39 CallOrder: worker get response &{3 [] 0 0}
2024/03/05 00:49:39 worker  33 get order:  &{3 [] 0 0}  order Type 3
2024/03/05 00:49:39 33  waiting for order
2024/03/05 00:49:41 33 :  call for  6  times
2024/03/05 00:49:41 CallOrder: worker get response &{3 [] 0 0}
2024/03/05 00:49:41 worker  33 get order:  &{3 [] 0 0}  order Type 3
2024/03/05 00:49:41 33  waiting for order
2024/03/05 00:49:43 33 :  call for  7  times
2024/03/05 00:49:43 CallOrder: worker get response &{3 [] 0 0}
2024/03/05 00:49:43 worker  33 get order:  &{3 [] 0 0}  order Type 3
2024/03/05 00:49:43 33  waiting for order
2024/03/05 00:49:45 33 :  call for  8  times
2024/03/05 00:49:45 CallOrder: worker get response &{3 [] 0 0}
2024/03/05 00:49:45 worker  33 get order:  &{3 [] 0 0}  order Type 3
2024/03/05 00:49:45 33  waiting for order
2024/03/05 00:49:47 33 :  call for  9  times
2024/03/05 00:49:47 CallOrder: worker get response &{3 [] 0 0}
2024/03/05 00:49:47 worker  33 get order:  &{3 [] 0 0}  order Type 3
2024/03/05 00:49:47 33  waiting for order
2024/03/05 00:49:49 33 :  call for  10  times
2024/03/05 00:49:49 CallOrder: worker get response &{3 [] 0 0}
2024/03/05 00:49:49 worker  33 get order:  &{3 [] 0 0}  order Type 3
2024/03/05 00:49:49 33  waiting for order
2024/03/05 00:49:51 33 :  call for  11  times
2024/03/05 00:49:51 CallOrder: worker get response &{3 [] 0 0}
2024/03/05 00:49:51 worker  33 get order:  &{3 [] 0 0}  order Type 3
2024/03/05 00:49:51 33  waiting for order
2024/03/05 00:49:53 33 :  call for  12  times
2024/03/05 00:49:53 CallOrder: worker get response &{1 [mr-tmp-0-2 mr-tmp-1-2 mr-tmp-2-2 mr-tmp-3-2 mr-tmp-4-2 mr-tmp-5-2 mr-tmp-6-2 mr-tmp-7-2] 10 0}
2024/03/05 00:49:53 worker  33 get order:  &{1 [mr-tmp-0-2 mr-tmp-1-2 mr-tmp-2-2 mr-tmp-3-2 mr-tmp-4-2 mr-tmp-5-2 mr-tmp-6-2 mr-tmp-7-2] 10 0}  order Type 1
2024/03/05 00:49:53 start 10 map
2024/03/05 00:49:53 Worker finish order 10, order type 1
2024/03/05 00:49:54 33 :  call for  13  times
2024/03/05 00:49:54 CallOrder: worker get response &{4 [] 0 0}
2024/03/05 00:49:54 worker  33 get order:  &{4 [] 0 0}  order Type 4
2024/03/05 00:49:55 33  killed
