2024/03/05 00:15:27 27 :  call for  1  times
2024/03/05 00:15:27 CallOrder: worker get response &{0 [../pg-dorian_gray.txt] 1 10}
2024/03/05 00:15:27 worker  27 get order:  &{0 [../pg-dorian_gray.txt] 1 10}  order Type 0
2024/03/05 00:15:29 start 1 map
2024/03/05 00:15:29 Worker finish order 1, order type 0
2024/03/05 00:15:30 27 :  call for  2  times
2024/03/05 00:15:30 CallOrder: worker get response &{0 [../pg-metamorphosis.txt] 5 10}
2024/03/05 00:15:30 worker  27 get order:  &{0 [../pg-metamorphosis.txt] 5 10}  order Type 0
2024/03/05 00:15:31 start 5 map
2024/03/05 00:15:31 Worker finish order 5, order type 0
2024/03/05 00:15:32 27 :  call for  3  times
2024/03/05 00:15:32 CallOrder: worker get response &{0 [../pg-tom_sawyer.txt] 7 10}
2024/03/05 00:15:32 worker  27 get order:  &{0 [../pg-tom_sawyer.txt] 7 10}  order Type 0
2024/03/05 00:15:33 start 7 map
2024/03/05 00:15:33 Worker finish order 7, order type 0
2024/03/05 00:15:34 27 :  call for  4  times
2024/03/05 00:15:34 CallOrder: worker get response &{2 [] 0 0}
2024/03/05 00:15:34 worker  27 get order:  &{2 [] 0 0}  order Type 2
2024/03/05 00:15:34 27  waiting for order
2024/03/05 00:15:36 27 :  call for  5  times
2024/03/05 00:15:36 CallOrder: worker get response &{1 [mr-tmp-0-3 mr-tmp-1-3 mr-tmp-2-3 mr-tmp-3-3 mr-tmp-4-3 mr-tmp-5-3 mr-tmp-6-3 mr-tmp-7-3] 11 0}
2024/03/05 00:15:36 worker  27 get order:  &{1 [mr-tmp-0-3 mr-tmp-1-3 mr-tmp-2-3 mr-tmp-3-3 mr-tmp-4-3 mr-tmp-5-3 mr-tmp-6-3 mr-tmp-7-3] 11 0}  order Type 1
2024/03/05 00:15:37 start 11 map
2024/03/05 00:15:37 Worker finish order 11, order type 1
2024/03/05 00:15:38 27 :  call for  6  times
2024/03/05 00:15:38 CallOrder: worker get response &{1 [mr-tmp-0-5 mr-tmp-1-5 mr-tmp-2-5 mr-tmp-3-5 mr-tmp-4-5 mr-tmp-5-5 mr-tmp-6-5 mr-tmp-7-5] 13 0}
2024/03/05 00:15:38 worker  27 get order:  &{1 [mr-tmp-0-5 mr-tmp-1-5 mr-tmp-2-5 mr-tmp-3-5 mr-tmp-4-5 mr-tmp-5-5 mr-tmp-6-5 mr-tmp-7-5] 13 0}  order Type 1
2024/03/05 00:15:38 start 13 map
2024/03/05 00:15:38 Worker finish order 13, order type 1
2024/03/05 00:15:39 27 :  call for  7  times
2024/03/05 00:15:39 CallOrder: worker get response &{1 [mr-tmp-0-8 mr-tmp-1-8 mr-tmp-2-8 mr-tmp-3-8 mr-tmp-4-8 mr-tmp-5-8 mr-tmp-6-8 mr-tmp-7-8] 16 0}
2024/03/05 00:15:39 worker  27 get order:  &{1 [mr-tmp-0-8 mr-tmp-1-8 mr-tmp-2-8 mr-tmp-3-8 mr-tmp-4-8 mr-tmp-5-8 mr-tmp-6-8 mr-tmp-7-8] 16 0}  order Type 1
2024/03/05 00:15:41 start 16 map
2024/03/05 00:15:41 Worker finish order 16, order type 1
2024/03/05 00:15:42 27 :  call for  8  times
2024/03/05 00:15:42 CallOrder: worker get response &{3 [] 0 0}
2024/03/05 00:15:42 worker  27 get order:  &{3 [] 0 0}  order Type 3
2024/03/05 00:15:42 27  waiting for order
2024/03/05 00:15:44 27 :  call for  9  times
2024/03/05 00:15:44 dialing:dial unix /var/tmp/824-mr-0: connect: connection refused
