2024/03/05 00:36:17 17 :  call for  1  times
2024/03/05 00:36:17 CallOrder: worker get response &{0 [../pg-being_ernest.txt] 0 10}
2024/03/05 00:36:17 worker  17 get order:  &{0 [../pg-being_ernest.txt] 0 10}  order Type 0
2024/03/05 00:36:17 start 0 map
2024/03/05 00:36:17 Worker finish order 0, order type 0
2024/03/05 00:36:18 17 :  call for  2  times
2024/03/05 00:36:18 CallOrder: worker get response &{0 [../pg-frankenstein.txt] 2 10}
2024/03/05 00:36:18 worker  17 get order:  &{0 [../pg-frankenstein.txt] 2 10}  order Type 0
2024/03/05 00:36:18 start 2 map
2024/03/05 00:36:18 Worker finish order 2, order type 0
2024/03/05 00:36:19 17 :  call for  3  times
2024/03/05 00:36:19 CallOrder: worker get response &{0 [../pg-huckleberry_finn.txt] 4 10}
2024/03/05 00:36:19 worker  17 get order:  &{0 [../pg-huckleberry_finn.txt] 4 10}  order Type 0
2024/03/05 00:36:19 start 4 map
2024/03/05 00:36:19 Worker finish order 4, order type 0
2024/03/05 00:36:20 17 :  call for  4  times
2024/03/05 00:36:20 CallOrder: worker get response &{0 [../pg-tom_sawyer.txt] 7 10}
2024/03/05 00:36:20 worker  17 get order:  &{0 [../pg-tom_sawyer.txt] 7 10}  order Type 0
2024/03/05 00:36:20 start 7 map
2024/03/05 00:36:20 Worker finish order 7, order type 0
2024/03/05 00:36:21 17 :  call for  5  times
2024/03/05 00:36:21 CallOrder: worker get response &{2 [] 0 0}
2024/03/05 00:36:21 worker  17 get order:  &{2 [] 0 0}  order Type 2
2024/03/05 00:36:21 17  waiting for order
2024/03/05 00:36:23 17 :  call for  6  times
2024/03/05 00:36:23 CallOrder: worker get response &{1 [mr-tmp-0-1 mr-tmp-1-1 mr-tmp-2-1 mr-tmp-3-1 mr-tmp-4-1 mr-tmp-5-1 mr-tmp-6-1 mr-tmp-7-1] 9 0}
2024/03/05 00:36:23 worker  17 get order:  &{1 [mr-tmp-0-1 mr-tmp-1-1 mr-tmp-2-1 mr-tmp-3-1 mr-tmp-4-1 mr-tmp-5-1 mr-tmp-6-1 mr-tmp-7-1] 9 0}  order Type 1
2024/03/05 00:36:24 start 9 map
2024/03/05 00:36:24 Worker finish order 9, order type 1
2024/03/05 00:36:25 17 :  call for  7  times
2024/03/05 00:36:25 CallOrder: worker get response &{1 [mr-tmp-0-3 mr-tmp-1-3 mr-tmp-2-3 mr-tmp-3-3 mr-tmp-4-3 mr-tmp-5-3 mr-tmp-6-3 mr-tmp-7-3] 11 0}
2024/03/05 00:36:25 worker  17 get order:  &{1 [mr-tmp-0-3 mr-tmp-1-3 mr-tmp-2-3 mr-tmp-3-3 mr-tmp-4-3 mr-tmp-5-3 mr-tmp-6-3 mr-tmp-7-3] 11 0}  order Type 1
2024/03/05 00:36:27 start 11 map
2024/03/05 00:36:27 Worker finish order 11, order type 1
2024/03/05 00:36:28 17 :  call for  8  times
2024/03/05 00:36:28 CallOrder: worker get response &{1 [mr-tmp-0-5 mr-tmp-1-5 mr-tmp-2-5 mr-tmp-3-5 mr-tmp-4-5 mr-tmp-5-5 mr-tmp-6-5 mr-tmp-7-5] 13 0}
2024/03/05 00:36:28 worker  17 get order:  &{1 [mr-tmp-0-5 mr-tmp-1-5 mr-tmp-2-5 mr-tmp-3-5 mr-tmp-4-5 mr-tmp-5-5 mr-tmp-6-5 mr-tmp-7-5] 13 0}  order Type 1
2024/03/05 00:36:29 start 13 map
2024/03/05 00:36:29 Worker finish order 13, order type 1
2024/03/05 00:36:30 17 :  call for  9  times
2024/03/05 00:36:30 CallOrder: worker get response &{1 [mr-tmp-0-8 mr-tmp-1-8 mr-tmp-2-8 mr-tmp-3-8 mr-tmp-4-8 mr-tmp-5-8 mr-tmp-6-8 mr-tmp-7-8] 16 0}
2024/03/05 00:36:30 worker  17 get order:  &{1 [mr-tmp-0-8 mr-tmp-1-8 mr-tmp-2-8 mr-tmp-3-8 mr-tmp-4-8 mr-tmp-5-8 mr-tmp-6-8 mr-tmp-7-8] 16 0}  order Type 1
2024/03/05 00:36:30 start 16 map
2024/03/05 00:36:30 Worker finish order 16, order type 1
2024/03/05 00:36:31 17 :  call for  10  times
2024/03/05 00:36:31 CallOrder: worker get response &{3 [] 0 0}
2024/03/05 00:36:31 worker  17 get order:  &{3 [] 0 0}  order Type 3
2024/03/05 00:36:31 17  waiting for order
2024/03/05 00:36:33 17 :  call for  11  times
2024/03/05 00:36:33 CallOrder: worker get response &{4 [] 0 0}
2024/03/05 00:36:33 worker  17 get order:  &{4 [] 0 0}  order Type 4
2024/03/05 00:36:34 17  killed
