2024/03/05 02:02:23 23 :  call for  1  times
2024/03/05 02:02:23 CallOrder: worker get response &{2 [] 0 0}
2024/03/05 02:02:23 worker  23 get order:  &{2 [] 0 0}  order Type 2
2024/03/05 02:02:23 23  waiting for order
2024/03/05 02:02:25 23 :  call for  2  times
2024/03/05 02:02:25 CallOrder: worker get response &{2 [] 0 0}
2024/03/05 02:02:25 worker  23 get order:  &{2 [] 0 0}  order Type 2
2024/03/05 02:02:25 23  waiting for order
2024/03/05 02:02:27 23 :  call for  3  times
2024/03/05 02:02:27 CallOrder: worker get response &{2 [] 0 0}
2024/03/05 02:02:27 worker  23 get order:  &{2 [] 0 0}  order Type 2
2024/03/05 02:02:27 23  waiting for order
2024/03/05 02:02:29 23 :  call for  4  times
2024/03/05 02:02:29 CallOrder: worker get response &{2 [] 0 0}
2024/03/05 02:02:29 worker  23 get order:  &{2 [] 0 0}  order Type 2
2024/03/05 02:02:29 23  waiting for order
2024/03/05 02:02:31 23 :  call for  5  times
2024/03/05 02:02:31 CallOrder: worker get response &{2 [] 0 0}
2024/03/05 02:02:31 worker  23 get order:  &{2 [] 0 0}  order Type 2
2024/03/05 02:02:31 23  waiting for order
2024/03/05 02:02:33 23 :  call for  6  times
2024/03/05 02:02:33 CallOrder: worker get response &{2 [] 0 0}
2024/03/05 02:02:33 worker  23 get order:  &{2 [] 0 0}  order Type 2
2024/03/05 02:02:33 23  waiting for order
2024/03/05 02:02:35 23 :  call for  7  times
2024/03/05 02:02:35 CallOrder: worker get response &{2 [] 0 0}
2024/03/05 02:02:35 worker  23 get order:  &{2 [] 0 0}  order Type 2
2024/03/05 02:02:35 23  waiting for order
2024/03/05 02:02:37 23 :  call for  8  times
2024/03/05 02:02:37 CallOrder: worker get response &{2 [] 0 0}
2024/03/05 02:02:37 worker  23 get order:  &{2 [] 0 0}  order Type 2
2024/03/05 02:02:37 23  waiting for order
2024/03/05 02:02:39 23 :  call for  9  times
2024/03/05 02:02:39 CallOrder: worker get response &{2 [] 0 0}
2024/03/05 02:02:39 worker  23 get order:  &{2 [] 0 0}  order Type 2
2024/03/05 02:02:39 23  waiting for order
2024/03/05 02:02:41 23 :  call for  10  times
2024/03/05 02:02:41 CallOrder: worker get response &{2 [] 0 0}
2024/03/05 02:02:41 worker  23 get order:  &{2 [] 0 0}  order Type 2
2024/03/05 02:02:41 23  waiting for order
2024/03/05 02:02:43 23 :  call for  11  times
2024/03/05 02:02:43 CallOrder: worker get response &{1 [mr-tmp-0-1 mr-tmp-1-1 mr-tmp-2-1 mr-tmp-3-1 mr-tmp-4-1 mr-tmp-5-1 mr-tmp-6-1 mr-tmp-7-1] 9 0}
2024/03/05 02:02:43 worker  23 get order:  &{1 [mr-tmp-0-1 mr-tmp-1-1 mr-tmp-2-1 mr-tmp-3-1 mr-tmp-4-1 mr-tmp-5-1 mr-tmp-6-1 mr-tmp-7-1] 9 0}  order Type 1
2024/03/05 02:02:43 start 9 map
2024/03/05 02:02:43 Worker finish order 9, order type 1
2024/03/05 02:02:44 23 :  call for  12  times
2024/03/05 02:02:44 CallOrder: worker get response &{1 [mr-tmp-0-3 mr-tmp-1-3 mr-tmp-2-3 mr-tmp-3-3 mr-tmp-4-3 mr-tmp-5-3 mr-tmp-6-3 mr-tmp-7-3] 11 0}
2024/03/05 02:02:44 worker  23 get order:  &{1 [mr-tmp-0-3 mr-tmp-1-3 mr-tmp-2-3 mr-tmp-3-3 mr-tmp-4-3 mr-tmp-5-3 mr-tmp-6-3 mr-tmp-7-3] 11 0}  order Type 1
2024/03/05 02:02:44 start 11 map
2024/03/05 02:02:44 Worker finish order 11, order type 1
2024/03/05 02:02:45 23 :  call for  13  times
2024/03/05 02:02:45 CallOrder: worker get response &{1 [mr-tmp-0-5 mr-tmp-1-5 mr-tmp-2-5 mr-tmp-3-5 mr-tmp-4-5 mr-tmp-5-5 mr-tmp-6-5 mr-tmp-7-5] 13 0}
2024/03/05 02:02:45 worker  23 get order:  &{1 [mr-tmp-0-5 mr-tmp-1-5 mr-tmp-2-5 mr-tmp-3-5 mr-tmp-4-5 mr-tmp-5-5 mr-tmp-6-5 mr-tmp-7-5] 13 0}  order Type 1
2024/03/05 02:02:45 start 13 map
2024/03/05 02:02:45 Worker finish order 13, order type 1
2024/03/05 02:02:46 23 :  call for  14  times
2024/03/05 02:02:46 CallOrder: worker get response &{1 [mr-tmp-0-7 mr-tmp-1-7 mr-tmp-2-7 mr-tmp-3-7 mr-tmp-4-7 mr-tmp-5-7 mr-tmp-6-7 mr-tmp-7-7] 15 0}
2024/03/05 02:02:46 worker  23 get order:  &{1 [mr-tmp-0-7 mr-tmp-1-7 mr-tmp-2-7 mr-tmp-3-7 mr-tmp-4-7 mr-tmp-5-7 mr-tmp-6-7 mr-tmp-7-7] 15 0}  order Type 1
2024/03/05 02:02:46 start 15 map
2024/03/05 02:02:46 Worker finish order 15, order type 1
2024/03/05 02:02:47 23 :  call for  15  times
2024/03/05 02:02:47 CallOrder: worker get response &{1 [mr-tmp-0-9 mr-tmp-1-9 mr-tmp-2-9 mr-tmp-3-9 mr-tmp-4-9 mr-tmp-5-9 mr-tmp-6-9 mr-tmp-7-9] 17 0}
2024/03/05 02:02:47 worker  23 get order:  &{1 [mr-tmp-0-9 mr-tmp-1-9 mr-tmp-2-9 mr-tmp-3-9 mr-tmp-4-9 mr-tmp-5-9 mr-tmp-6-9 mr-tmp-7-9] 17 0}  order Type 1
