2024/03/05 01:35:52 52 :  call for  1  times
2024/03/05 01:35:52 CallOrder: worker get response &{0 [../pg-being_ernest.txt] 0 10}
2024/03/05 01:35:52 worker  52 get order:  &{0 [../pg-being_ernest.txt] 0 10}  order Type 0
2024/03/05 01:35:52 start 0 map
2024/03/05 01:35:52 Worker finish order 0, order type 0
2024/03/05 01:35:53 52 :  call for  2  times
2024/03/05 01:35:53 CallOrder: worker get response &{0 [../pg-huckleberry_finn.txt] 4 10}
2024/03/05 01:35:53 worker  52 get order:  &{0 [../pg-huckleberry_finn.txt] 4 10}  order Type 0
2024/03/05 01:35:53 start 4 map
2024/03/05 01:35:53 Worker finish order 4, order type 0
2024/03/05 01:35:54 52 :  call for  3  times
2024/03/05 01:35:54 CallOrder: worker get response &{0 [../pg-sherlock_holmes.txt] 6 10}
2024/03/05 01:35:54 worker  52 get order:  &{0 [../pg-sherlock_holmes.txt] 6 10}  order Type 0
2024/03/05 01:36:00 start 6 map
2024/03/05 01:36:00 Worker finish order 6, order type 0
2024/03/05 01:36:01 52 :  call for  4  times
2024/03/05 01:36:01 CallOrder: worker get response &{2 [] 0 0}
2024/03/05 01:36:01 worker  52 get order:  &{2 [] 0 0}  order Type 2
2024/03/05 01:36:01 52  waiting for order
2024/03/05 01:36:03 52 :  call for  5  times
2024/03/05 01:36:03 CallOrder: worker get response &{2 [] 0 0}
2024/03/05 01:36:03 worker  52 get order:  &{2 [] 0 0}  order Type 2
2024/03/05 01:36:03 52  waiting for order
2024/03/05 01:36:05 52 :  call for  6  times
2024/03/05 01:36:05 CallOrder: worker get response &{2 [] 0 0}
2024/03/05 01:36:05 worker  52 get order:  &{2 [] 0 0}  order Type 2
2024/03/05 01:36:05 52  waiting for order
2024/03/05 01:36:07 52 :  call for  7  times
2024/03/05 01:36:07 CallOrder: worker get response &{1 [mr-tmp-0-6 mr-tmp-1-6 mr-tmp-2-6 mr-tmp-3-6 mr-tmp-4-6 mr-tmp-5-6 mr-tmp-6-6 mr-tmp-7-6] 14 0}
2024/03/05 01:36:07 worker  52 get order:  &{1 [mr-tmp-0-6 mr-tmp-1-6 mr-tmp-2-6 mr-tmp-3-6 mr-tmp-4-6 mr-tmp-5-6 mr-tmp-6-6 mr-tmp-7-6] 14 0}  order Type 1
2024/03/05 01:36:07 start 14 map
2024/03/05 01:36:07 Worker finish order 14, order type 1
2024/03/05 01:36:08 52 :  call for  8  times
2024/03/05 01:36:08 CallOrder: worker get response &{1 [mr-tmp-0-9 mr-tmp-1-9 mr-tmp-2-9 mr-tmp-3-9 mr-tmp-4-9 mr-tmp-5-9 mr-tmp-6-9 mr-tmp-7-9] 17 0}
2024/03/05 01:36:08 worker  52 get order:  &{1 [mr-tmp-0-9 mr-tmp-1-9 mr-tmp-2-9 mr-tmp-3-9 mr-tmp-4-9 mr-tmp-5-9 mr-tmp-6-9 mr-tmp-7-9] 17 0}  order Type 1
