2024/03/04 22:56:50 50 :  call for  1  times
2024/03/04 22:56:50 CallOrder: worker get response &{0 [../pg-huckleberry_finn.txt] 4 10}
2024/03/04 22:56:50 worker  50 get order:  &{0 [../pg-huckleberry_finn.txt] 4 10}  order Type 0
2024/03/04 22:56:57 start 4 map
2024/03/04 22:56:57 Worker finish order 4, order type 0
2024/03/04 22:56:58 50 :  call for  2  times
2024/03/04 22:56:58 CallOrder: worker get response &{2 [] 0 0}
2024/03/04 22:56:58 worker  50 get order:  &{2 [] 0 0}  order Type 2
2024/03/04 22:56:58 50  waiting for order
2024/03/04 22:57:00 50 :  call for  3  times
2024/03/04 22:57:00 CallOrder: worker get response &{0 [../pg-dorian_gray.txt] 1 10}
2024/03/04 22:57:00 worker  50 get order:  &{0 [../pg-dorian_gray.txt] 1 10}  order Type 0
2024/03/04 22:57:02 start 1 map
2024/03/04 22:57:02 Worker finish order 1, order type 0
2024/03/04 22:57:03 50 :  call for  4  times
2024/03/04 22:57:03 CallOrder: worker get response &{2 [] 0 0}
2024/03/04 22:57:03 worker  50 get order:  &{2 [] 0 0}  order Type 2
2024/03/04 22:57:03 50  waiting for order
2024/03/04 22:57:05 50 :  call for  5  times
2024/03/04 22:57:05 CallOrder: worker get response &{2 [] 0 0}
2024/03/04 22:57:05 worker  50 get order:  &{2 [] 0 0}  order Type 2
2024/03/04 22:57:05 50  waiting for order
2024/03/04 22:57:07 50 :  call for  6  times
2024/03/04 22:57:07 CallOrder: worker get response &{2 [] 0 0}
2024/03/04 22:57:07 worker  50 get order:  &{2 [] 0 0}  order Type 2
2024/03/04 22:57:07 50  waiting for order
2024/03/04 22:57:09 50 :  call for  7  times
2024/03/04 22:57:09 CallOrder: worker get response &{2 [] 0 0}
2024/03/04 22:57:09 worker  50 get order:  &{2 [] 0 0}  order Type 2
2024/03/04 22:57:09 50  waiting for order
2024/03/04 22:57:11 50 :  call for  8  times
2024/03/04 22:57:11 CallOrder: worker get response &{2 [] 0 0}
2024/03/04 22:57:11 worker  50 get order:  &{2 [] 0 0}  order Type 2
2024/03/04 22:57:11 50  waiting for order
2024/03/04 22:57:13 50 :  call for  9  times
2024/03/04 22:57:13 CallOrder: worker get response &{2 [] 0 0}
2024/03/04 22:57:13 worker  50 get order:  &{2 [] 0 0}  order Type 2
2024/03/04 22:57:13 50  waiting for order
2024/03/04 22:57:15 50 :  call for  10  times
2024/03/04 22:57:15 CallOrder: worker get response &{2 [] 0 0}
2024/03/04 22:57:15 worker  50 get order:  &{2 [] 0 0}  order Type 2
2024/03/04 22:57:15 50  waiting for order
2024/03/04 22:57:17 50 :  call for  11  times
2024/03/04 22:57:17 CallOrder: worker get response &{2 [] 0 0}
2024/03/04 22:57:17 worker  50 get order:  &{2 [] 0 0}  order Type 2
2024/03/04 22:57:17 50  waiting for order
2024/03/04 22:57:19 50 :  call for  12  times
2024/03/04 22:57:19 CallOrder: worker get response &{2 [] 0 0}
2024/03/04 22:57:19 worker  50 get order:  &{2 [] 0 0}  order Type 2
2024/03/04 22:57:19 50  waiting for order
2024/03/04 22:57:21 50 :  call for  13  times
2024/03/04 22:57:21 CallOrder: worker get response &{2 [] 0 0}
2024/03/04 22:57:21 worker  50 get order:  &{2 [] 0 0}  order Type 2
2024/03/04 22:57:21 50  waiting for order
2024/03/04 22:57:23 50 :  call for  14  times
2024/03/04 22:57:23 CallOrder: worker get response &{2 [] 0 0}
2024/03/04 22:57:23 worker  50 get order:  &{2 [] 0 0}  order Type 2
2024/03/04 22:57:23 50  waiting for order
2024/03/04 22:57:25 50 :  call for  15  times
2024/03/04 22:57:25 CallOrder: worker get response &{2 [] 0 0}
2024/03/04 22:57:25 worker  50 get order:  &{2 [] 0 0}  order Type 2
2024/03/04 22:57:25 50  waiting for order
2024/03/04 22:57:27 50 :  call for  16  times
2024/03/04 22:57:27 CallOrder: worker get response &{2 [] 0 0}
2024/03/04 22:57:27 worker  50 get order:  &{2 [] 0 0}  order Type 2
2024/03/04 22:57:27 50  waiting for order
2024/03/04 22:57:29 50 :  call for  17  times
2024/03/04 22:57:29 CallOrder: worker get response &{2 [] 0 0}
2024/03/04 22:57:29 worker  50 get order:  &{2 [] 0 0}  order Type 2
2024/03/04 22:57:29 50  waiting for order
2024/03/04 22:57:31 50 :  call for  18  times
2024/03/04 22:57:31 CallOrder: worker get response &{2 [] 0 0}
2024/03/04 22:57:31 worker  50 get order:  &{2 [] 0 0}  order Type 2
2024/03/04 22:57:31 50  waiting for order
2024/03/04 22:57:33 50 :  call for  19  times
2024/03/04 22:57:33 CallOrder: worker get response &{2 [] 0 0}
2024/03/04 22:57:33 worker  50 get order:  &{2 [] 0 0}  order Type 2
2024/03/04 22:57:33 50  waiting for order
2024/03/04 22:57:35 50 :  call for  20  times
2024/03/04 22:57:35 CallOrder: worker get response &{2 [] 0 0}
2024/03/04 22:57:35 worker  50 get order:  &{2 [] 0 0}  order Type 2
2024/03/04 22:57:35 50  waiting for order
2024/03/04 22:57:37 50 :  call for  21  times
2024/03/04 22:57:37 CallOrder: worker get response &{2 [] 0 0}
2024/03/04 22:57:37 worker  50 get order:  &{2 [] 0 0}  order Type 2
2024/03/04 22:57:37 50  waiting for order
2024/03/04 22:57:39 50 :  call for  22  times
2024/03/04 22:57:39 CallOrder: worker get response &{2 [] 0 0}
2024/03/04 22:57:39 worker  50 get order:  &{2 [] 0 0}  order Type 2
2024/03/04 22:57:39 50  waiting for order
2024/03/04 22:57:41 50 :  call for  23  times
2024/03/04 22:57:41 CallOrder: worker get response &{2 [] 0 0}
2024/03/04 22:57:41 worker  50 get order:  &{2 [] 0 0}  order Type 2
2024/03/04 22:57:41 50  waiting for order
2024/03/04 22:57:43 50 :  call for  24  times
2024/03/04 22:57:43 CallOrder: worker get response &{2 [] 0 0}
2024/03/04 22:57:43 worker  50 get order:  &{2 [] 0 0}  order Type 2
2024/03/04 22:57:43 50  waiting for order
2024/03/04 22:57:45 50 :  call for  25  times
2024/03/04 22:57:45 CallOrder: worker get response &{0 [../pg-frankenstein.txt] 2 10}
2024/03/04 22:57:45 worker  50 get order:  &{0 [../pg-frankenstein.txt] 2 10}  order Type 0
