2024/03/05 10:16:32 32 :  call for  1  times
2024/03/05 10:16:32 CallOrder: worker get response &{0 [../pg-being_ernest.txt] 0 10}
2024/03/05 10:16:32 worker  32 get order:  &{0 [../pg-being_ernest.txt] 0 10}  order Type 0
2024/03/05 10:16:32 start 0 map
2024/03/05 10:16:32 Worker finish order 0, order type 0
2024/03/05 10:16:33 32 :  call for  2  times
2024/03/05 10:16:33 CallOrder: worker get response &{0 [../pg-frankenstein.txt] 2 10}
2024/03/05 10:16:33 worker  32 get order:  &{0 [../pg-frankenstein.txt] 2 10}  order Type 0
2024/03/05 10:16:33 start 2 map
2024/03/05 10:16:33 Worker finish order 2, order type 0
2024/03/05 10:16:34 32 :  call for  3  times
2024/03/05 10:16:34 CallOrder: worker get response &{0 [../pg-huckleberry_finn.txt] 4 10}
2024/03/05 10:16:34 worker  32 get order:  &{0 [../pg-huckleberry_finn.txt] 4 10}  order Type 0
2024/03/05 10:16:34 start 4 map
2024/03/05 10:16:34 Worker finish order 4, order type 0
2024/03/05 10:16:35 32 :  call for  4  times
2024/03/05 10:16:35 CallOrder: worker get response &{0 [../pg-sherlock_holmes.txt] 6 10}
2024/03/05 10:16:35 worker  32 get order:  &{0 [../pg-sherlock_holmes.txt] 6 10}  order Type 0
2024/03/05 10:16:36 start 6 map
2024/03/05 10:16:36 Worker finish order 6, order type 0
2024/03/05 10:16:37 32 :  call for  5  times
2024/03/05 10:16:37 CallOrder: worker get response &{2 [] 0 0}
2024/03/05 10:16:37 worker  32 get order:  &{2 [] 0 0}  order Type 2
2024/03/05 10:16:37 32  waiting for order
2024/03/05 10:16:39 32 :  call for  6  times
2024/03/05 10:16:39 CallOrder: worker get response &{1 [mr-tmp-0-2 mr-tmp-1-2 mr-tmp-2-2 mr-tmp-3-2 mr-tmp-4-2 mr-tmp-5-2 mr-tmp-6-2 mr-tmp-7-2] 10 0}
2024/03/05 10:16:39 worker  32 get order:  &{1 [mr-tmp-0-2 mr-tmp-1-2 mr-tmp-2-2 mr-tmp-3-2 mr-tmp-4-2 mr-tmp-5-2 mr-tmp-6-2 mr-tmp-7-2] 10 0}  order Type 1
2024/03/05 10:16:39 start 10 map
2024/03/05 10:16:39 Worker finish order 10, order type 1
2024/03/05 10:16:40 32 :  call for  7  times
2024/03/05 10:16:40 CallOrder: worker get response &{1 [mr-tmp-0-4 mr-tmp-1-4 mr-tmp-2-4 mr-tmp-3-4 mr-tmp-4-4 mr-tmp-5-4 mr-tmp-6-4 mr-tmp-7-4] 12 0}
2024/03/05 10:16:40 worker  32 get order:  &{1 [mr-tmp-0-4 mr-tmp-1-4 mr-tmp-2-4 mr-tmp-3-4 mr-tmp-4-4 mr-tmp-5-4 mr-tmp-6-4 mr-tmp-7-4] 12 0}  order Type 1
2024/03/05 10:16:40 start 12 map
2024/03/05 10:16:40 Worker finish order 12, order type 1
2024/03/05 10:16:41 32 :  call for  8  times
2024/03/05 10:16:41 CallOrder: worker get response &{1 [mr-tmp-0-6 mr-tmp-1-6 mr-tmp-2-6 mr-tmp-3-6 mr-tmp-4-6 mr-tmp-5-6 mr-tmp-6-6 mr-tmp-7-6] 14 0}
2024/03/05 10:16:41 worker  32 get order:  &{1 [mr-tmp-0-6 mr-tmp-1-6 mr-tmp-2-6 mr-tmp-3-6 mr-tmp-4-6 mr-tmp-5-6 mr-tmp-6-6 mr-tmp-7-6] 14 0}  order Type 1
2024/03/05 10:16:41 start 14 map
2024/03/05 10:16:41 Worker finish order 14, order type 1
2024/03/05 10:16:42 32 :  call for  9  times
2024/03/05 10:16:42 CallOrder: worker get response &{1 [mr-tmp-0-8 mr-tmp-1-8 mr-tmp-2-8 mr-tmp-3-8 mr-tmp-4-8 mr-tmp-5-8 mr-tmp-6-8 mr-tmp-7-8] 16 0}
2024/03/05 10:16:42 worker  32 get order:  &{1 [mr-tmp-0-8 mr-tmp-1-8 mr-tmp-2-8 mr-tmp-3-8 mr-tmp-4-8 mr-tmp-5-8 mr-tmp-6-8 mr-tmp-7-8] 16 0}  order Type 1
2024/03/05 10:16:42 start 16 map
2024/03/05 10:16:42 Worker finish order 16, order type 1
2024/03/05 10:16:43 32 :  call for  10  times
2024/03/05 10:16:43 CallOrder: worker get response &{3 [] 0 0}
2024/03/05 10:16:43 worker  32 get order:  &{3 [] 0 0}  order Type 3
2024/03/05 10:16:43 32  waiting for order
2024/03/05 10:16:45 32 :  call for  11  times
2024/03/05 10:16:45 dialing:dial unix /var/tmp/824-mr-0: connect: connection refused
