2024/03/05 09:19:17 17 :  call for  1  times
2024/03/05 09:19:17 CallOrder: worker get response &{2 [] 0 0}
2024/03/05 09:19:17 worker  17 get order:  &{2 [] 0 0}  order Type 2
2024/03/05 09:19:17 17  waiting for order
2024/03/05 09:19:19 17 :  call for  2  times
2024/03/05 09:19:19 CallOrder: worker get response &{2 [] 0 0}
2024/03/05 09:19:19 worker  17 get order:  &{2 [] 0 0}  order Type 2
2024/03/05 09:19:19 17  waiting for order
2024/03/05 09:19:21 17 :  call for  3  times
2024/03/05 09:19:21 CallOrder: worker get response &{2 [] 0 0}
2024/03/05 09:19:21 worker  17 get order:  &{2 [] 0 0}  order Type 2
2024/03/05 09:19:21 17  waiting for order
2024/03/05 09:19:23 17 :  call for  4  times
2024/03/05 09:19:23 CallOrder: worker get response &{2 [] 0 0}
2024/03/05 09:19:23 worker  17 get order:  &{2 [] 0 0}  order Type 2
2024/03/05 09:19:23 17  waiting for order
2024/03/05 09:19:25 17 :  call for  5  times
2024/03/05 09:19:25 CallOrder: worker get response &{2 [] 0 0}
2024/03/05 09:19:25 worker  17 get order:  &{2 [] 0 0}  order Type 2
2024/03/05 09:19:25 17  waiting for order
2024/03/05 09:19:27 17 :  call for  6  times
2024/03/05 09:19:27 CallOrder: worker get response &{0 [../pg-tom_sawyer.txt] 7 10}
2024/03/05 09:19:27 worker  17 get order:  &{0 [../pg-tom_sawyer.txt] 7 10}  order Type 0
