2024/03/05 00:08:57 57 :  call for  1  times
2024/03/05 00:08:57 CallOrder: worker get response &{0 [../pg-being_ernest.txt] 0 10}
2024/03/05 00:08:57 worker  57 get order:  &{0 [../pg-being_ernest.txt] 0 10}  order Type 0
2024/03/05 00:08:57 start 0 map
2024/03/05 00:08:57 Worker finish order 0, order type 0
2024/03/05 00:08:58 57 :  call for  2  times
2024/03/05 00:08:58 CallOrder: worker get response &{0 [../pg-grimm.txt] 3 10}
2024/03/05 00:08:58 worker  57 get order:  &{0 [../pg-grimm.txt] 3 10}  order Type 0
2024/03/05 00:08:58 start 3 map
2024/03/05 00:08:58 Worker finish order 3, order type 0
2024/03/05 00:08:59 57 :  call for  3  times
2024/03/05 00:08:59 CallOrder: worker get response &{0 [../pg-sherlock_holmes.txt] 6 10}
2024/03/05 00:08:59 worker  57 get order:  &{0 [../pg-sherlock_holmes.txt] 6 10}  order Type 0
2024/03/05 00:08:59 start 6 map
2024/03/05 00:08:59 Worker finish order 6, order type 0
2024/03/05 00:09:00 57 :  call for  4  times
2024/03/05 00:09:00 CallOrder: worker get response &{1 [mr-tmp-0-0 mr-tmp-1-0 mr-tmp-2-0 mr-tmp-3-0 mr-tmp-4-0 mr-tmp-5-0 mr-tmp-6-0 mr-tmp-7-0] 8 0}
2024/03/05 00:09:00 worker  57 get order:  &{1 [mr-tmp-0-0 mr-tmp-1-0 mr-tmp-2-0 mr-tmp-3-0 mr-tmp-4-0 mr-tmp-5-0 mr-tmp-6-0 mr-tmp-7-0] 8 0}  order Type 1
2024/03/05 00:09:00 start 8 map
2024/03/05 00:09:00 Worker finish order 8, order type 1
2024/03/05 00:09:01 57 :  call for  5  times
2024/03/05 00:09:01 CallOrder: worker get response &{1 [mr-tmp-0-2 mr-tmp-1-2 mr-tmp-2-2 mr-tmp-3-2 mr-tmp-4-2 mr-tmp-5-2 mr-tmp-6-2 mr-tmp-7-2] 10 0}
2024/03/05 00:09:01 worker  57 get order:  &{1 [mr-tmp-0-2 mr-tmp-1-2 mr-tmp-2-2 mr-tmp-3-2 mr-tmp-4-2 mr-tmp-5-2 mr-tmp-6-2 mr-tmp-7-2] 10 0}  order Type 1
2024/03/05 00:09:04 start 10 map
2024/03/05 00:09:04 Worker finish order 10, order type 1
2024/03/05 00:09:05 57 :  call for  6  times
2024/03/05 00:09:05 CallOrder: worker get response &{1 [mr-tmp-0-9 mr-tmp-1-9 mr-tmp-2-9 mr-tmp-3-9 mr-tmp-4-9 mr-tmp-5-9 mr-tmp-6-9 mr-tmp-7-9] 17 0}
2024/03/05 00:09:05 worker  57 get order:  &{1 [mr-tmp-0-9 mr-tmp-1-9 mr-tmp-2-9 mr-tmp-3-9 mr-tmp-4-9 mr-tmp-5-9 mr-tmp-6-9 mr-tmp-7-9] 17 0}  order Type 1
2024/03/05 00:09:05 start 17 map
2024/03/05 00:09:05 Worker finish order 17, order type 1
2024/03/05 00:09:06 57 :  call for  7  times
2024/03/05 00:09:06 CallOrder: worker get response &{4 [] 0 0}
2024/03/05 00:09:06 worker  57 get order:  &{4 [] 0 0}  order Type 4
2024/03/05 00:09:07 57  killed
