2024/03/04 21:08:58 58 :  call for  1  times
2024/03/04 21:08:58 CallOrder: worker get response &{0 [../pg-frankenstein.txt] 2 10}
2024/03/04 21:08:58 worker  58 get order:  &{0 [../pg-frankenstein.txt] 2 10}  order Type 0
2024/03/04 21:09:00 start 2 map
2024/03/04 21:09:00 Worker finish order 2, order type 0
2024/03/04 21:09:01 58 :  call for  2  times
2024/03/04 21:09:01 CallOrder: worker get response &{0 [../pg-metamorphosis.txt] 5 10}
2024/03/04 21:09:01 worker  58 get order:  &{0 [../pg-metamorphosis.txt] 5 10}  order Type 0
2024/03/04 21:09:01 start 5 map
2024/03/04 21:09:01 Worker finish order 5, order type 0
2024/03/04 21:09:02 58 :  call for  3  times
2024/03/04 21:09:02 CallOrder: worker get response &{0 [../pg-sherlock_holmes.txt] 6 10}
2024/03/04 21:09:02 worker  58 get order:  &{0 [../pg-sherlock_holmes.txt] 6 10}  order Type 0
2024/03/04 21:09:04 start 6 map
2024/03/04 21:09:04 Worker finish order 6, order type 0
2024/03/04 21:09:05 58 :  call for  4  times
2024/03/04 21:09:05 CallOrder: worker get response &{1 [mr-tmp-0-0 mr-tmp-1-0 mr-tmp-2-0 mr-tmp-3-0 mr-tmp-4-0 mr-tmp-5-0 mr-tmp-6-0 mr-tmp-7-0] 8 0}
2024/03/04 21:09:05 worker  58 get order:  &{1 [mr-tmp-0-0 mr-tmp-1-0 mr-tmp-2-0 mr-tmp-3-0 mr-tmp-4-0 mr-tmp-5-0 mr-tmp-6-0 mr-tmp-7-0] 8 0}  order Type 1
2024/03/04 21:09:06 start 8 map
2024/03/04 21:09:06 Worker finish order 8, order type 1
2024/03/04 21:09:07 58 :  call for  5  times
2024/03/04 21:09:07 CallOrder: worker get response &{1 [mr-tmp-0-2 mr-tmp-1-2 mr-tmp-2-2 mr-tmp-3-2 mr-tmp-4-2 mr-tmp-5-2 mr-tmp-6-2 mr-tmp-7-2] 10 0}
2024/03/04 21:09:07 worker  58 get order:  &{1 [mr-tmp-0-2 mr-tmp-1-2 mr-tmp-2-2 mr-tmp-3-2 mr-tmp-4-2 mr-tmp-5-2 mr-tmp-6-2 mr-tmp-7-2] 10 0}  order Type 1
2024/03/04 21:09:08 start 10 map
2024/03/04 21:09:08 Worker finish order 10, order type 1
2024/03/04 21:09:09 58 :  call for  6  times
2024/03/04 21:09:09 CallOrder: worker get response &{1 [mr-tmp-0-7 mr-tmp-1-7 mr-tmp-2-7 mr-tmp-3-7 mr-tmp-4-7 mr-tmp-5-7 mr-tmp-6-7 mr-tmp-7-7] 15 0}
2024/03/04 21:09:09 worker  58 get order:  &{1 [mr-tmp-0-7 mr-tmp-1-7 mr-tmp-2-7 mr-tmp-3-7 mr-tmp-4-7 mr-tmp-5-7 mr-tmp-6-7 mr-tmp-7-7] 15 0}  order Type 1
2024/03/04 21:09:10 start 15 map
2024/03/04 21:09:10 Worker finish order 15, order type 1
2024/03/04 21:09:11 58 :  call for  7  times
2024/03/04 21:09:11 CallOrder: worker get response &{1 [mr-tmp-0-9 mr-tmp-1-9 mr-tmp-2-9 mr-tmp-3-9 mr-tmp-4-9 mr-tmp-5-9 mr-tmp-6-9 mr-tmp-7-9] 17 0}
2024/03/04 21:09:11 worker  58 get order:  &{1 [mr-tmp-0-9 mr-tmp-1-9 mr-tmp-2-9 mr-tmp-3-9 mr-tmp-4-9 mr-tmp-5-9 mr-tmp-6-9 mr-tmp-7-9] 17 0}  order Type 1
2024/03/04 21:09:12 start 17 map
2024/03/04 21:09:12 Worker finish order 17, order type 1
2024/03/04 21:09:13 58 :  call for  8  times
2024/03/04 21:09:13 CallOrder: worker get response &{4 [] 0 0}
2024/03/04 21:09:13 worker  58 get order:  &{4 [] 0 0}  order Type 4
2024/03/04 21:09:14 58  killed
