2024/03/04 21:16:33 33 :  call for  1  times
2024/03/04 21:16:33 CallOrder: worker get response &{0 [../pg-dorian_gray.txt] 1 10}
2024/03/04 21:16:33 worker  33 get order:  &{0 [../pg-dorian_gray.txt] 1 10}  order Type 0
2024/03/04 21:16:33 start 1 map
2024/03/04 21:16:33 Worker finish order 1, order type 0
2024/03/04 21:16:34 33 :  call for  2  times
2024/03/04 21:16:34 CallOrder: worker get response &{0 [../pg-metamorphosis.txt] 5 10}
2024/03/04 21:16:34 worker  33 get order:  &{0 [../pg-metamorphosis.txt] 5 10}  order Type 0
2024/03/04 21:16:34 start 5 map
2024/03/04 21:16:34 Worker finish order 5, order type 0
2024/03/04 21:16:35 33 :  call for  3  times
2024/03/04 21:16:35 CallOrder: worker get response &{2 [] 0 0}
2024/03/04 21:16:35 worker  33 get order:  &{2 [] 0 0}  order Type 2
2024/03/04 21:16:35 33  waiting for order
2024/03/04 21:16:37 33 :  call for  4  times
2024/03/04 21:16:37 CallOrder: worker get response &{2 [] 0 0}
2024/03/04 21:16:37 worker  33 get order:  &{2 [] 0 0}  order Type 2
2024/03/04 21:16:37 33  waiting for order
2024/03/04 21:16:39 33 :  call for  5  times
2024/03/04 21:16:39 CallOrder: worker get response &{2 [] 0 0}
2024/03/04 21:16:39 worker  33 get order:  &{2 [] 0 0}  order Type 2
2024/03/04 21:16:39 33  waiting for order
2024/03/04 21:16:41 33 :  call for  6  times
2024/03/04 21:16:41 CallOrder: worker get response &{2 [] 0 0}
2024/03/04 21:16:41 worker  33 get order:  &{2 [] 0 0}  order Type 2
2024/03/04 21:16:41 33  waiting for order
2024/03/04 21:16:43 33 :  call for  7  times
2024/03/04 21:16:43 CallOrder: worker get response &{2 [] 0 0}
2024/03/04 21:16:43 worker  33 get order:  &{2 [] 0 0}  order Type 2
2024/03/04 21:16:43 33  waiting for order
2024/03/04 21:16:45 33 :  call for  8  times
2024/03/04 21:16:45 CallOrder: worker get response &{2 [] 0 0}
2024/03/04 21:16:45 worker  33 get order:  &{2 [] 0 0}  order Type 2
2024/03/04 21:16:45 33  waiting for order
2024/03/04 21:16:47 33 :  call for  9  times
2024/03/04 21:16:47 CallOrder: worker get response &{2 [] 0 0}
2024/03/04 21:16:47 worker  33 get order:  &{2 [] 0 0}  order Type 2
2024/03/04 21:16:47 33  waiting for order
2024/03/04 21:16:49 33 :  call for  10  times
2024/03/04 21:16:49 CallOrder: worker get response &{2 [] 0 0}
2024/03/04 21:16:49 worker  33 get order:  &{2 [] 0 0}  order Type 2
2024/03/04 21:16:49 33  waiting for order
2024/03/04 21:16:51 33 :  call for  11  times
2024/03/04 21:16:51 CallOrder: worker get response &{2 [] 0 0}
2024/03/04 21:16:51 worker  33 get order:  &{2 [] 0 0}  order Type 2
2024/03/04 21:16:51 33  waiting for order
2024/03/04 21:16:53 33 :  call for  12  times
2024/03/04 21:16:53 CallOrder: worker get response &{2 [] 0 0}
2024/03/04 21:16:53 worker  33 get order:  &{2 [] 0 0}  order Type 2
2024/03/04 21:16:53 33  waiting for order
2024/03/04 21:16:55 33 :  call for  13  times
2024/03/04 21:16:55 CallOrder: worker get response &{2 [] 0 0}
2024/03/04 21:16:55 worker  33 get order:  &{2 [] 0 0}  order Type 2
2024/03/04 21:16:55 33  waiting for order
2024/03/04 21:16:57 33 :  call for  14  times
2024/03/04 21:16:57 CallOrder: worker get response &{2 [] 0 0}
2024/03/04 21:16:57 worker  33 get order:  &{2 [] 0 0}  order Type 2
2024/03/04 21:16:57 33  waiting for order
2024/03/04 21:16:59 33 :  call for  15  times
2024/03/04 21:16:59 CallOrder: worker get response &{2 [] 0 0}
2024/03/04 21:16:59 worker  33 get order:  &{2 [] 0 0}  order Type 2
2024/03/04 21:16:59 33  waiting for order
2024/03/04 21:17:01 33 :  call for  16  times
2024/03/04 21:17:01 CallOrder: worker get response &{1 [mr-tmp-0-4 mr-tmp-1-4 mr-tmp-2-4 mr-tmp-3-4 mr-tmp-4-4 mr-tmp-5-4 mr-tmp-6-4 mr-tmp-7-4] 12 0}
2024/03/04 21:17:01 worker  33 get order:  &{1 [mr-tmp-0-4 mr-tmp-1-4 mr-tmp-2-4 mr-tmp-3-4 mr-tmp-4-4 mr-tmp-5-4 mr-tmp-6-4 mr-tmp-7-4] 12 0}  order Type 1
2024/03/04 21:17:01 start 12 map
2024/03/04 21:17:01 Worker finish order 12, order type 1
2024/03/04 21:17:02 33 :  call for  17  times
2024/03/04 21:17:02 CallOrder: worker get response &{1 [mr-tmp-0-6 mr-tmp-1-6 mr-tmp-2-6 mr-tmp-3-6 mr-tmp-4-6 mr-tmp-5-6 mr-tmp-6-6 mr-tmp-7-6] 14 0}
2024/03/04 21:17:02 worker  33 get order:  &{1 [mr-tmp-0-6 mr-tmp-1-6 mr-tmp-2-6 mr-tmp-3-6 mr-tmp-4-6 mr-tmp-5-6 mr-tmp-6-6 mr-tmp-7-6] 14 0}  order Type 1
2024/03/04 21:17:02 start 14 map
2024/03/04 21:17:02 Worker finish order 14, order type 1
2024/03/04 21:17:03 33 :  call for  18  times
2024/03/04 21:17:03 CallOrder: worker get response &{1 [mr-tmp-0-7 mr-tmp-1-7 mr-tmp-2-7 mr-tmp-3-7 mr-tmp-4-7 mr-tmp-5-7 mr-tmp-6-7 mr-tmp-7-7] 15 0}
2024/03/04 21:17:03 worker  33 get order:  &{1 [mr-tmp-0-7 mr-tmp-1-7 mr-tmp-2-7 mr-tmp-3-7 mr-tmp-4-7 mr-tmp-5-7 mr-tmp-6-7 mr-tmp-7-7] 15 0}  order Type 1
2024/03/04 21:17:03 start 15 map
2024/03/04 21:17:03 Worker finish order 15, order type 1
2024/03/04 21:17:04 33 :  call for  19  times
2024/03/04 21:17:04 CallOrder: worker get response &{1 [mr-tmp-0-8 mr-tmp-1-8 mr-tmp-2-8 mr-tmp-3-8 mr-tmp-4-8 mr-tmp-5-8 mr-tmp-6-8 mr-tmp-7-8] 16 0}
2024/03/04 21:17:04 worker  33 get order:  &{1 [mr-tmp-0-8 mr-tmp-1-8 mr-tmp-2-8 mr-tmp-3-8 mr-tmp-4-8 mr-tmp-5-8 mr-tmp-6-8 mr-tmp-7-8] 16 0}  order Type 1
2024/03/04 21:17:04 start 16 map
2024/03/04 21:17:04 Worker finish order 16, order type 1
2024/03/04 21:17:05 33 :  call for  20  times
2024/03/04 21:17:05 CallOrder: worker get response &{3 [] 0 0}
2024/03/04 21:17:05 worker  33 get order:  &{3 [] 0 0}  order Type 3
2024/03/04 21:17:05 33  waiting for order
2024/03/04 21:17:07 33 :  call for  21  times
2024/03/04 21:17:07 CallOrder: worker get response &{3 [] 0 0}
2024/03/04 21:17:07 worker  33 get order:  &{3 [] 0 0}  order Type 3
2024/03/04 21:17:07 33  waiting for order
2024/03/04 21:17:09 33 :  call for  22  times
2024/03/04 21:17:09 CallOrder: worker get response &{4 [] 0 0}
2024/03/04 21:17:09 worker  33 get order:  &{4 [] 0 0}  order Type 4
2024/03/04 21:17:10 33  killed
