2024/03/04 23:16:23 23 :  call for  1  times
2024/03/04 23:16:23 CallOrder: worker get response &{0 [../pg-sherlock_holmes.txt] 6 10}
2024/03/04 23:16:23 worker  23 get order:  &{0 [../pg-sherlock_holmes.txt] 6 10}  order Type 0
2024/03/04 23:16:23 start 6 map
2024/03/04 23:16:23 Worker finish order 6, order type 0
2024/03/04 23:16:24 23 :  call for  2  times
2024/03/04 23:16:24 CallOrder: worker get response &{2 [] 0 0}
2024/03/04 23:16:24 worker  23 get order:  &{2 [] 0 0}  order Type 2
2024/03/04 23:16:24 23  waiting for order
2024/03/04 23:16:26 23 :  call for  3  times
2024/03/04 23:16:26 CallOrder: worker get response &{2 [] 0 0}
2024/03/04 23:16:26 worker  23 get order:  &{2 [] 0 0}  order Type 2
2024/03/04 23:16:26 23  waiting for order
2024/03/04 23:16:28 23 :  call for  4  times
2024/03/04 23:16:28 CallOrder: worker get response &{2 [] 0 0}
2024/03/04 23:16:28 worker  23 get order:  &{2 [] 0 0}  order Type 2
2024/03/04 23:16:28 23  waiting for order
2024/03/04 23:16:30 23 :  call for  5  times
2024/03/04 23:16:30 CallOrder: worker get response &{2 [] 0 0}
2024/03/04 23:16:30 worker  23 get order:  &{2 [] 0 0}  order Type 2
2024/03/04 23:16:30 23  waiting for order
2024/03/04 23:16:32 23 :  call for  6  times
2024/03/04 23:16:32 CallOrder: worker get response &{2 [] 0 0}
2024/03/04 23:16:32 worker  23 get order:  &{2 [] 0 0}  order Type 2
2024/03/04 23:16:32 23  waiting for order
2024/03/04 23:16:34 23 :  call for  7  times
2024/03/04 23:16:34 CallOrder: worker get response &{0 [../pg-frankenstein.txt] 2 10}
2024/03/04 23:16:34 worker  23 get order:  &{0 [../pg-frankenstein.txt] 2 10}  order Type 0
2024/03/04 23:16:34 start 2 map
2024/03/04 23:16:34 Worker finish order 2, order type 0
2024/03/04 23:16:35 23 :  call for  8  times
2024/03/04 23:16:35 CallOrder: worker get response &{0 [../pg-metamorphosis.txt] 5 10}
2024/03/04 23:16:35 worker  23 get order:  &{0 [../pg-metamorphosis.txt] 5 10}  order Type 0
2024/03/04 23:16:39 start 5 map
2024/03/04 23:16:39 Worker finish order 5, order type 0
2024/03/04 23:16:40 23 :  call for  9  times
2024/03/04 23:16:40 CallOrder: worker get response &{2 [] 0 0}
2024/03/04 23:16:40 worker  23 get order:  &{2 [] 0 0}  order Type 2
2024/03/04 23:16:40 23  waiting for order
2024/03/04 23:16:42 23 :  call for  10  times
2024/03/04 23:16:42 CallOrder: worker get response &{2 [] 0 0}
2024/03/04 23:16:42 worker  23 get order:  &{2 [] 0 0}  order Type 2
2024/03/04 23:16:42 23  waiting for order
2024/03/04 23:16:44 23 :  call for  11  times
2024/03/04 23:16:44 CallOrder: worker get response &{2 [] 0 0}
2024/03/04 23:16:44 worker  23 get order:  &{2 [] 0 0}  order Type 2
2024/03/04 23:16:44 23  waiting for order
2024/03/04 23:16:46 23 :  call for  12  times
2024/03/04 23:16:46 CallOrder: worker get response &{1 [mr-tmp-0-0 mr-tmp-1-0 mr-tmp-2-0 mr-tmp-3-0 mr-tmp-4-0 mr-tmp-5-0 mr-tmp-6-0 mr-tmp-7-0] 8 0}
2024/03/04 23:16:46 worker  23 get order:  &{1 [mr-tmp-0-0 mr-tmp-1-0 mr-tmp-2-0 mr-tmp-3-0 mr-tmp-4-0 mr-tmp-5-0 mr-tmp-6-0 mr-tmp-7-0] 8 0}  order Type 1
2024/03/04 23:16:49 start 8 map
2024/03/04 23:16:49 Worker finish order 8, order type 1
2024/03/04 23:16:50 23 :  call for  13  times
2024/03/04 23:16:50 CallOrder: worker get response &{1 [mr-tmp-0-7 mr-tmp-1-7 mr-tmp-2-7 mr-tmp-3-7 mr-tmp-4-7 mr-tmp-5-7 mr-tmp-6-7 mr-tmp-7-7] 15 0}
2024/03/04 23:16:50 worker  23 get order:  &{1 [mr-tmp-0-7 mr-tmp-1-7 mr-tmp-2-7 mr-tmp-3-7 mr-tmp-4-7 mr-tmp-5-7 mr-tmp-6-7 mr-tmp-7-7] 15 0}  order Type 1
2024/03/04 23:16:50 start 15 map
2024/03/04 23:16:50 Worker finish order 15, order type 1
2024/03/04 23:16:51 23 :  call for  14  times
2024/03/04 23:16:51 CallOrder: worker get response &{3 [] 0 0}
2024/03/04 23:16:51 worker  23 get order:  &{3 [] 0 0}  order Type 3
2024/03/04 23:16:51 23  waiting for order
2024/03/04 23:16:53 23 :  call for  15  times
2024/03/04 23:16:53 CallOrder: worker get response &{3 [] 0 0}
2024/03/04 23:16:53 worker  23 get order:  &{3 [] 0 0}  order Type 3
2024/03/04 23:16:53 23  waiting for order
2024/03/04 23:16:55 23 :  call for  16  times
2024/03/04 23:16:55 CallOrder: worker get response &{3 [] 0 0}
2024/03/04 23:16:55 worker  23 get order:  &{3 [] 0 0}  order Type 3
2024/03/04 23:16:55 23  waiting for order
2024/03/04 23:16:57 23 :  call for  17  times
2024/03/04 23:16:57 CallOrder: worker get response &{3 [] 0 0}
2024/03/04 23:16:57 worker  23 get order:  &{3 [] 0 0}  order Type 3
2024/03/04 23:16:57 23  waiting for order
2024/03/04 23:16:59 23 :  call for  18  times
2024/03/04 23:16:59 CallOrder: worker get response &{1 [mr-tmp-0-2 mr-tmp-1-2 mr-tmp-2-2 mr-tmp-3-2 mr-tmp-4-2 mr-tmp-5-2 mr-tmp-6-2 mr-tmp-7-2] 10 0}
2024/03/04 23:16:59 worker  23 get order:  &{1 [mr-tmp-0-2 mr-tmp-1-2 mr-tmp-2-2 mr-tmp-3-2 mr-tmp-4-2 mr-tmp-5-2 mr-tmp-6-2 mr-tmp-7-2] 10 0}  order Type 1
2024/03/04 23:16:59 start 10 map
2024/03/04 23:16:59 Worker finish order 10, order type 1
2024/03/04 23:17:00 23 :  call for  19  times
2024/03/04 23:17:00 CallOrder: worker get response &{4 [] 0 0}
2024/03/04 23:17:00 worker  23 get order:  &{4 [] 0 0}  order Type 4
2024/03/04 23:17:01 23  killed
