2024/03/04 22:25:54 54 :  call for  1  times
2024/03/04 22:25:54 CallOrder: worker get response &{0 [../pg-being_ernest.txt] 0 10}
2024/03/04 22:25:54 worker  54 get order:  &{0 [../pg-being_ernest.txt] 0 10}  order Type 0
2024/03/04 22:25:54 start 0 map
2024/03/04 22:25:54 Worker finish order 0, order type 0
2024/03/04 22:25:55 54 :  call for  2  times
2024/03/04 22:25:55 CallOrder: worker get response &{0 [../pg-metamorphosis.txt] 5 10}
2024/03/04 22:25:55 worker  54 get order:  &{0 [../pg-metamorphosis.txt] 5 10}  order Type 0
2024/03/04 22:25:55 start 5 map
2024/03/04 22:25:55 Worker finish order 5, order type 0
2024/03/04 22:25:56 54 :  call for  3  times
2024/03/04 22:25:56 CallOrder: worker get response &{0 [../pg-sherlock_holmes.txt] 6 10}
2024/03/04 22:25:56 worker  54 get order:  &{0 [../pg-sherlock_holmes.txt] 6 10}  order Type 0
2024/03/04 22:25:57 start 6 map
2024/03/04 22:25:57 Worker finish order 6, order type 0
2024/03/04 22:25:58 54 :  call for  4  times
2024/03/04 22:25:58 CallOrder: worker get response &{2 [] 0 0}
2024/03/04 22:25:58 worker  54 get order:  &{2 [] 0 0}  order Type 2
2024/03/04 22:25:58 54  waiting for order
2024/03/04 22:26:00 54 :  call for  5  times
2024/03/04 22:26:00 CallOrder: worker get response &{2 [] 0 0}
2024/03/04 22:26:00 worker  54 get order:  &{2 [] 0 0}  order Type 2
2024/03/04 22:26:00 54  waiting for order
2024/03/04 22:26:02 54 :  call for  6  times
2024/03/04 22:26:02 CallOrder: worker get response &{2 [] 0 0}
2024/03/04 22:26:02 worker  54 get order:  &{2 [] 0 0}  order Type 2
2024/03/04 22:26:02 54  waiting for order
2024/03/04 22:26:04 54 :  call for  7  times
2024/03/04 22:26:04 CallOrder: worker get response &{2 [] 0 0}
2024/03/04 22:26:04 worker  54 get order:  &{2 [] 0 0}  order Type 2
2024/03/04 22:26:04 54  waiting for order
2024/03/04 22:26:06 54 :  call for  8  times
2024/03/04 22:26:06 CallOrder: worker get response &{0 [../pg-frankenstein.txt] 2 10}
2024/03/04 22:26:06 worker  54 get order:  &{0 [../pg-frankenstein.txt] 2 10}  order Type 0
