2024/03/05 08:30:30 30 :  call for  1  times
2024/03/05 08:30:30 CallOrder: worker get response &{3 [] 0 0}
2024/03/05 08:30:30 worker  30 get order:  &{3 [] 0 0}  order Type 3
2024/03/05 08:30:30 30  waiting for order
2024/03/05 08:30:32 30 :  call for  2  times
2024/03/05 08:30:32 CallOrder: worker get response &{3 [] 0 0}
2024/03/05 08:30:32 worker  30 get order:  &{3 [] 0 0}  order Type 3
2024/03/05 08:30:32 30  waiting for order
2024/03/05 08:30:34 30 :  call for  3  times
2024/03/05 08:30:34 CallOrder: worker get response &{3 [] 0 0}
2024/03/05 08:30:34 worker  30 get order:  &{3 [] 0 0}  order Type 3
2024/03/05 08:30:34 30  waiting for order
2024/03/05 08:30:36 30 :  call for  4  times
2024/03/05 08:30:36 CallOrder: worker get response &{3 [] 0 0}
2024/03/05 08:30:36 worker  30 get order:  &{3 [] 0 0}  order Type 3
2024/03/05 08:30:36 30  waiting for order
2024/03/05 08:30:38 30 :  call for  5  times
2024/03/05 08:30:38 CallOrder: worker get response &{3 [] 0 0}
2024/03/05 08:30:38 worker  30 get order:  &{3 [] 0 0}  order Type 3
2024/03/05 08:30:38 30  waiting for order
2024/03/05 08:30:40 30 :  call for  6  times
2024/03/05 08:30:40 CallOrder: worker get response &{3 [] 0 0}
2024/03/05 08:30:40 worker  30 get order:  &{3 [] 0 0}  order Type 3
2024/03/05 08:30:40 30  waiting for order
2024/03/05 08:30:42 30 :  call for  7  times
2024/03/05 08:30:42 dialing:dial unix /var/tmp/824-mr-0: connect: connection refused
