2024/03/05 07:52:31 31 :  call for  1  times
2024/03/05 07:52:31 CallOrder: worker get response &{0 [../pg-frankenstein.txt] 2 10}
2024/03/05 07:52:31 worker  31 get order:  &{0 [../pg-frankenstein.txt] 2 10}  order Type 0
2024/03/05 07:52:31 start 2 map
2024/03/05 07:52:31 Worker finish order 2, order type 0
2024/03/05 07:52:32 31 :  call for  2  times
2024/03/05 07:52:32 CallOrder: worker get response &{0 [../pg-huckleberry_finn.txt] 4 10}
2024/03/05 07:52:32 worker  31 get order:  &{0 [../pg-huckleberry_finn.txt] 4 10}  order Type 0
2024/03/05 07:52:32 start 4 map
2024/03/05 07:52:32 Worker finish order 4, order type 0
2024/03/05 07:52:33 31 :  call for  3  times
2024/03/05 07:52:33 CallOrder: worker get response &{2 [] 0 0}
2024/03/05 07:52:33 worker  31 get order:  &{2 [] 0 0}  order Type 2
2024/03/05 07:52:33 31  waiting for order
2024/03/05 07:52:35 31 :  call for  4  times
2024/03/05 07:52:35 CallOrder: worker get response &{1 [mr-tmp-0-1 mr-tmp-1-1 mr-tmp-2-1 mr-tmp-3-1 mr-tmp-4-1 mr-tmp-5-1 mr-tmp-6-1 mr-tmp-7-1] 9 0}
2024/03/05 07:52:35 worker  31 get order:  &{1 [mr-tmp-0-1 mr-tmp-1-1 mr-tmp-2-1 mr-tmp-3-1 mr-tmp-4-1 mr-tmp-5-1 mr-tmp-6-1 mr-tmp-7-1] 9 0}  order Type 1
2024/03/05 07:52:35 start 9 map
2024/03/05 07:52:35 Worker finish order 9, order type 1
2024/03/05 07:52:36 31 :  call for  5  times
2024/03/05 07:52:36 CallOrder: worker get response &{1 [mr-tmp-0-3 mr-tmp-1-3 mr-tmp-2-3 mr-tmp-3-3 mr-tmp-4-3 mr-tmp-5-3 mr-tmp-6-3 mr-tmp-7-3] 11 0}
2024/03/05 07:52:36 worker  31 get order:  &{1 [mr-tmp-0-3 mr-tmp-1-3 mr-tmp-2-3 mr-tmp-3-3 mr-tmp-4-3 mr-tmp-5-3 mr-tmp-6-3 mr-tmp-7-3] 11 0}  order Type 1
2024/03/05 07:52:36 start 11 map
2024/03/05 07:52:36 Worker finish order 11, order type 1
2024/03/05 07:52:37 31 :  call for  6  times
2024/03/05 07:52:37 CallOrder: worker get response &{1 [mr-tmp-0-5 mr-tmp-1-5 mr-tmp-2-5 mr-tmp-3-5 mr-tmp-4-5 mr-tmp-5-5 mr-tmp-6-5 mr-tmp-7-5] 13 0}
2024/03/05 07:52:37 worker  31 get order:  &{1 [mr-tmp-0-5 mr-tmp-1-5 mr-tmp-2-5 mr-tmp-3-5 mr-tmp-4-5 mr-tmp-5-5 mr-tmp-6-5 mr-tmp-7-5] 13 0}  order Type 1
2024/03/05 07:52:37 start 13 map
2024/03/05 07:52:37 Worker finish order 13, order type 1
2024/03/05 07:52:38 31 :  call for  7  times
2024/03/05 07:52:38 CallOrder: worker get response &{1 [mr-tmp-0-7 mr-tmp-1-7 mr-tmp-2-7 mr-tmp-3-7 mr-tmp-4-7 mr-tmp-5-7 mr-tmp-6-7 mr-tmp-7-7] 15 0}
2024/03/05 07:52:38 worker  31 get order:  &{1 [mr-tmp-0-7 mr-tmp-1-7 mr-tmp-2-7 mr-tmp-3-7 mr-tmp-4-7 mr-tmp-5-7 mr-tmp-6-7 mr-tmp-7-7] 15 0}  order Type 1
2024/03/05 07:52:38 start 15 map
2024/03/05 07:52:38 Worker finish order 15, order type 1
2024/03/05 07:52:39 31 :  call for  8  times
2024/03/05 07:52:39 CallOrder: worker get response &{1 [mr-tmp-0-9 mr-tmp-1-9 mr-tmp-2-9 mr-tmp-3-9 mr-tmp-4-9 mr-tmp-5-9 mr-tmp-6-9 mr-tmp-7-9] 17 0}
2024/03/05 07:52:39 worker  31 get order:  &{1 [mr-tmp-0-9 mr-tmp-1-9 mr-tmp-2-9 mr-tmp-3-9 mr-tmp-4-9 mr-tmp-5-9 mr-tmp-6-9 mr-tmp-7-9] 17 0}  order Type 1
2024/03/05 07:52:39 start 17 map
2024/03/05 07:52:39 Worker finish order 17, order type 1
2024/03/05 07:52:40 31 :  call for  9  times
2024/03/05 07:52:40 CallOrder: worker get response &{4 [] 0 0}
2024/03/05 07:52:40 worker  31 get order:  &{4 [] 0 0}  order Type 4
2024/03/05 07:52:41 31  killed
