2024/03/05 09:05:10 10 :  call for  1  times
2024/03/05 09:05:10 CallOrder: worker get response &{3 [] 0 0}
2024/03/05 09:05:10 worker  10 get order:  &{3 [] 0 0}  order Type 3
2024/03/05 09:05:10 10  waiting for order
2024/03/05 09:05:12 10 :  call for  2  times
2024/03/05 09:05:12 CallOrder: worker get response &{3 [] 0 0}
2024/03/05 09:05:12 worker  10 get order:  &{3 [] 0 0}  order Type 3
2024/03/05 09:05:12 10  waiting for order
2024/03/05 09:05:14 10 :  call for  3  times
2024/03/05 09:05:14 CallOrder: worker get response &{3 [] 0 0}
2024/03/05 09:05:14 worker  10 get order:  &{3 [] 0 0}  order Type 3
2024/03/05 09:05:14 10  waiting for order
2024/03/05 09:05:16 10 :  call for  4  times
2024/03/05 09:05:16 CallOrder: worker get response &{1 [mr-tmp-0-0 mr-tmp-1-0 mr-tmp-2-0 mr-tmp-3-0 mr-tmp-4-0 mr-tmp-5-0 mr-tmp-6-0 mr-tmp-7-0] 8 0}
2024/03/05 09:05:16 worker  10 get order:  &{1 [mr-tmp-0-0 mr-tmp-1-0 mr-tmp-2-0 mr-tmp-3-0 mr-tmp-4-0 mr-tmp-5-0 mr-tmp-6-0 mr-tmp-7-0] 8 0}  order Type 1
2024/03/05 09:05:22 start 8 map
2024/03/05 09:05:22 Worker finish order 8, order type 1
2024/03/05 09:05:23 10 :  call for  5  times
2024/03/05 09:05:23 CallOrder: worker get response &{3 [] 0 0}
2024/03/05 09:05:23 worker  10 get order:  &{3 [] 0 0}  order Type 3
2024/03/05 09:05:23 10  waiting for order
2024/03/05 09:05:25 10 :  call for  6  times
2024/03/05 09:05:25 dialing:dial unix /var/tmp/824-mr-0: connect: connection refused
