2024/03/05 02:26:56 56 :  call for  1  times
2024/03/05 02:26:56 CallOrder: worker get response &{0 [../pg-being_ernest.txt] 0 10}
2024/03/05 02:26:56 worker  56 get order:  &{0 [../pg-being_ernest.txt] 0 10}  order Type 0
2024/03/05 02:26:56 start 0 map
2024/03/05 02:26:56 Worker finish order 0, order type 0
2024/03/05 02:26:57 56 :  call for  2  times
2024/03/05 02:26:57 CallOrder: worker get response &{0 [../pg-frankenstein.txt] 2 10}
2024/03/05 02:26:57 worker  56 get order:  &{0 [../pg-frankenstein.txt] 2 10}  order Type 0
2024/03/05 02:26:58 start 2 map
2024/03/05 02:26:58 Worker finish order 2, order type 0
2024/03/05 02:26:59 56 :  call for  3  times
2024/03/05 02:26:59 CallOrder: worker get response &{0 [../pg-huckleberry_finn.txt] 4 10}
2024/03/05 02:26:59 worker  56 get order:  &{0 [../pg-huckleberry_finn.txt] 4 10}  order Type 0
2024/03/05 02:26:59 start 4 map
2024/03/05 02:26:59 Worker finish order 4, order type 0
2024/03/05 02:27:00 56 :  call for  4  times
2024/03/05 02:27:00 CallOrder: worker get response &{0 [../pg-tom_sawyer.txt] 7 10}
2024/03/05 02:27:00 worker  56 get order:  &{0 [../pg-tom_sawyer.txt] 7 10}  order Type 0
2024/03/05 02:27:00 start 7 map
2024/03/05 02:27:00 Worker finish order 7, order type 0
2024/03/05 02:27:01 56 :  call for  5  times
2024/03/05 02:27:01 CallOrder: worker get response &{2 [] 0 0}
2024/03/05 02:27:01 worker  56 get order:  &{2 [] 0 0}  order Type 2
2024/03/05 02:27:01 56  waiting for order
2024/03/05 02:27:03 56 :  call for  6  times
2024/03/05 02:27:03 CallOrder: worker get response &{1 [mr-tmp-0-2 mr-tmp-1-2 mr-tmp-2-2 mr-tmp-3-2 mr-tmp-4-2 mr-tmp-5-2 mr-tmp-6-2 mr-tmp-7-2] 10 0}
2024/03/05 02:27:03 worker  56 get order:  &{1 [mr-tmp-0-2 mr-tmp-1-2 mr-tmp-2-2 mr-tmp-3-2 mr-tmp-4-2 mr-tmp-5-2 mr-tmp-6-2 mr-tmp-7-2] 10 0}  order Type 1
2024/03/05 02:27:03 start 10 map
2024/03/05 02:27:03 Worker finish order 10, order type 1
2024/03/05 02:27:04 56 :  call for  7  times
2024/03/05 02:27:04 CallOrder: worker get response &{1 [mr-tmp-0-4 mr-tmp-1-4 mr-tmp-2-4 mr-tmp-3-4 mr-tmp-4-4 mr-tmp-5-4 mr-tmp-6-4 mr-tmp-7-4] 12 0}
2024/03/05 02:27:04 worker  56 get order:  &{1 [mr-tmp-0-4 mr-tmp-1-4 mr-tmp-2-4 mr-tmp-3-4 mr-tmp-4-4 mr-tmp-5-4 mr-tmp-6-4 mr-tmp-7-4] 12 0}  order Type 1
2024/03/05 02:27:04 start 12 map
2024/03/05 02:27:04 Worker finish order 12, order type 1
2024/03/05 02:27:05 56 :  call for  8  times
2024/03/05 02:27:05 CallOrder: worker get response &{1 [mr-tmp-0-6 mr-tmp-1-6 mr-tmp-2-6 mr-tmp-3-6 mr-tmp-4-6 mr-tmp-5-6 mr-tmp-6-6 mr-tmp-7-6] 14 0}
2024/03/05 02:27:05 worker  56 get order:  &{1 [mr-tmp-0-6 mr-tmp-1-6 mr-tmp-2-6 mr-tmp-3-6 mr-tmp-4-6 mr-tmp-5-6 mr-tmp-6-6 mr-tmp-7-6] 14 0}  order Type 1
2024/03/05 02:27:05 start 14 map
2024/03/05 02:27:05 Worker finish order 14, order type 1
2024/03/05 02:27:06 56 :  call for  9  times
2024/03/05 02:27:06 CallOrder: worker get response &{1 [mr-tmp-0-8 mr-tmp-1-8 mr-tmp-2-8 mr-tmp-3-8 mr-tmp-4-8 mr-tmp-5-8 mr-tmp-6-8 mr-tmp-7-8] 16 0}
2024/03/05 02:27:06 worker  56 get order:  &{1 [mr-tmp-0-8 mr-tmp-1-8 mr-tmp-2-8 mr-tmp-3-8 mr-tmp-4-8 mr-tmp-5-8 mr-tmp-6-8 mr-tmp-7-8] 16 0}  order Type 1
2024/03/05 02:27:07 start 16 map
2024/03/05 02:27:07 Worker finish order 16, order type 1
2024/03/05 02:27:08 56 :  call for  10  times
2024/03/05 02:27:08 CallOrder: worker get response &{3 [] 0 0}
2024/03/05 02:27:08 worker  56 get order:  &{3 [] 0 0}  order Type 3
2024/03/05 02:27:08 56  waiting for order
2024/03/05 02:27:10 56 :  call for  11  times
2024/03/05 02:27:10 dialing:dial unix /var/tmp/824-mr-0: connect: connection refused
