2024/03/04 22:29:50 50 :  call for  1  times
2024/03/04 22:29:50 CallOrder: worker get response &{0 [../pg-dorian_gray.txt] 1 10}
2024/03/04 22:29:50 worker  50 get order:  &{0 [../pg-dorian_gray.txt] 1 10}  order Type 0
2024/03/04 22:29:52 start 1 map
2024/03/04 22:29:52 Worker finish order 1, order type 0
2024/03/04 22:29:53 50 :  call for  2  times
2024/03/04 22:29:53 CallOrder: worker get response &{0 [../pg-metamorphosis.txt] 5 10}
2024/03/04 22:29:53 worker  50 get order:  &{0 [../pg-metamorphosis.txt] 5 10}  order Type 0
2024/03/04 22:29:54 start 5 map
2024/03/04 22:29:54 Worker finish order 5, order type 0
2024/03/04 22:29:55 50 :  call for  3  times
2024/03/04 22:29:55 CallOrder: worker get response &{0 [../pg-tom_sawyer.txt] 7 10}
2024/03/04 22:29:55 worker  50 get order:  &{0 [../pg-tom_sawyer.txt] 7 10}  order Type 0
2024/03/04 22:29:56 start 7 map
2024/03/04 22:29:56 Worker finish order 7, order type 0
2024/03/04 22:29:57 50 :  call for  4  times
2024/03/04 22:29:57 CallOrder: worker get response &{2 [] 0 0}
2024/03/04 22:29:57 worker  50 get order:  &{2 [] 0 0}  order Type 2
2024/03/04 22:29:57 50  waiting for order
2024/03/04 22:29:59 50 :  call for  5  times
2024/03/04 22:29:59 CallOrder: worker get response &{1 [mr-tmp-0-3 mr-tmp-1-3 mr-tmp-2-3 mr-tmp-3-3 mr-tmp-4-3 mr-tmp-5-3 mr-tmp-6-3 mr-tmp-7-3] 11 0}
2024/03/04 22:29:59 worker  50 get order:  &{1 [mr-tmp-0-3 mr-tmp-1-3 mr-tmp-2-3 mr-tmp-3-3 mr-tmp-4-3 mr-tmp-5-3 mr-tmp-6-3 mr-tmp-7-3] 11 0}  order Type 1
2024/03/04 22:30:00 start 11 map
2024/03/04 22:30:00 Worker finish order 11, order type 1
2024/03/04 22:30:01 50 :  call for  6  times
2024/03/04 22:30:01 CallOrder: worker get response &{1 [mr-tmp-0-5 mr-tmp-1-5 mr-tmp-2-5 mr-tmp-3-5 mr-tmp-4-5 mr-tmp-5-5 mr-tmp-6-5 mr-tmp-7-5] 13 0}
2024/03/04 22:30:01 worker  50 get order:  &{1 [mr-tmp-0-5 mr-tmp-1-5 mr-tmp-2-5 mr-tmp-3-5 mr-tmp-4-5 mr-tmp-5-5 mr-tmp-6-5 mr-tmp-7-5] 13 0}  order Type 1
2024/03/04 22:30:01 start 13 map
2024/03/04 22:30:01 Worker finish order 13, order type 1
2024/03/04 22:30:02 50 :  call for  7  times
2024/03/04 22:30:02 CallOrder: worker get response &{1 [mr-tmp-0-8 mr-tmp-1-8 mr-tmp-2-8 mr-tmp-3-8 mr-tmp-4-8 mr-tmp-5-8 mr-tmp-6-8 mr-tmp-7-8] 16 0}
2024/03/04 22:30:02 worker  50 get order:  &{1 [mr-tmp-0-8 mr-tmp-1-8 mr-tmp-2-8 mr-tmp-3-8 mr-tmp-4-8 mr-tmp-5-8 mr-tmp-6-8 mr-tmp-7-8] 16 0}  order Type 1
2024/03/04 22:30:03 start 16 map
2024/03/04 22:30:03 Worker finish order 16, order type 1
2024/03/04 22:30:04 50 :  call for  8  times
2024/03/04 22:30:05 CallOrder: worker get response &{3 [] 0 0}
2024/03/04 22:30:05 worker  50 get order:  &{3 [] 0 0}  order Type 3
2024/03/04 22:30:05 50  waiting for order
2024/03/04 22:30:07 50 :  call for  9  times
2024/03/04 22:30:07 dialing:dial unix /var/tmp/824-mr-0: connect: connection refused
