2024/03/05 07:33:37 37 :  call for  1  times
2024/03/05 07:33:37 CallOrder: worker get response &{2 [] 0 0}
2024/03/05 07:33:37 worker  37 get order:  &{2 [] 0 0}  order Type 2
2024/03/05 07:33:37 37  waiting for order
2024/03/05 07:33:39 37 :  call for  2  times
2024/03/05 07:33:39 CallOrder: worker get response &{2 [] 0 0}
2024/03/05 07:33:39 worker  37 get order:  &{2 [] 0 0}  order Type 2
2024/03/05 07:33:39 37  waiting for order
2024/03/05 07:33:41 37 :  call for  3  times
2024/03/05 07:33:41 CallOrder: worker get response &{2 [] 0 0}
2024/03/05 07:33:41 worker  37 get order:  &{2 [] 0 0}  order Type 2
2024/03/05 07:33:41 37  waiting for order
2024/03/05 07:33:43 37 :  call for  4  times
2024/03/05 07:33:43 CallOrder: worker get response &{2 [] 0 0}
2024/03/05 07:33:43 worker  37 get order:  &{2 [] 0 0}  order Type 2
2024/03/05 07:33:43 37  waiting for order
2024/03/05 07:33:45 37 :  call for  5  times
2024/03/05 07:33:45 CallOrder: worker get response &{2 [] 0 0}
2024/03/05 07:33:45 worker  37 get order:  &{2 [] 0 0}  order Type 2
2024/03/05 07:33:45 37  waiting for order
2024/03/05 07:33:47 37 :  call for  6  times
2024/03/05 07:33:47 CallOrder: worker get response &{0 [../pg-metamorphosis.txt] 5 10}
2024/03/05 07:33:47 worker  37 get order:  &{0 [../pg-metamorphosis.txt] 5 10}  order Type 0
