2024/03/05 01:10:04 4 :  call for  1  times
2024/03/05 01:10:04 CallOrder: worker get response &{0 [../pg-dorian_gray.txt] 1 10}
2024/03/05 01:10:04 worker  4 get order:  &{0 [../pg-dorian_gray.txt] 1 10}  order Type 0
2024/03/05 01:10:04 start 1 map
2024/03/05 01:10:04 Worker finish order 1, order type 0
2024/03/05 01:10:05 4 :  call for  2  times
2024/03/05 01:10:05 CallOrder: worker get response &{0 [../pg-grimm.txt] 3 10}
2024/03/05 01:10:05 worker  4 get order:  &{0 [../pg-grimm.txt] 3 10}  order Type 0
2024/03/05 01:10:05 start 3 map
2024/03/05 01:10:05 Worker finish order 3, order type 0
2024/03/05 01:10:06 4 :  call for  3  times
2024/03/05 01:10:06 CallOrder: worker get response &{0 [../pg-metamorphosis.txt] 5 10}
2024/03/05 01:10:06 worker  4 get order:  &{0 [../pg-metamorphosis.txt] 5 10}  order Type 0
2024/03/05 01:10:06 start 5 map
2024/03/05 01:10:06 Worker finish order 5, order type 0
2024/03/05 01:10:07 4 :  call for  4  times
2024/03/05 01:10:07 CallOrder: worker get response &{0 [../pg-tom_sawyer.txt] 7 10}
2024/03/05 01:10:07 worker  4 get order:  &{0 [../pg-tom_sawyer.txt] 7 10}  order Type 0
2024/03/05 01:10:07 start 7 map
2024/03/05 01:10:07 Worker finish order 7, order type 0
2024/03/05 01:10:08 4 :  call for  5  times
2024/03/05 01:10:08 CallOrder: worker get response &{1 [mr-tmp-0-0 mr-tmp-1-0 mr-tmp-2-0 mr-tmp-3-0 mr-tmp-4-0 mr-tmp-5-0 mr-tmp-6-0 mr-tmp-7-0] 8 0}
2024/03/05 01:10:08 worker  4 get order:  &{1 [mr-tmp-0-0 mr-tmp-1-0 mr-tmp-2-0 mr-tmp-3-0 mr-tmp-4-0 mr-tmp-5-0 mr-tmp-6-0 mr-tmp-7-0] 8 0}  order Type 1
2024/03/05 01:10:09 start 8 map
2024/03/05 01:10:09 Worker finish order 8, order type 1
2024/03/05 01:10:10 4 :  call for  6  times
2024/03/05 01:10:10 CallOrder: worker get response &{1 [mr-tmp-0-2 mr-tmp-1-2 mr-tmp-2-2 mr-tmp-3-2 mr-tmp-4-2 mr-tmp-5-2 mr-tmp-6-2 mr-tmp-7-2] 10 0}
2024/03/05 01:10:10 worker  4 get order:  &{1 [mr-tmp-0-2 mr-tmp-1-2 mr-tmp-2-2 mr-tmp-3-2 mr-tmp-4-2 mr-tmp-5-2 mr-tmp-6-2 mr-tmp-7-2] 10 0}  order Type 1
2024/03/05 01:10:11 start 10 map
2024/03/05 01:10:11 Worker finish order 10, order type 1
2024/03/05 01:10:12 4 :  call for  7  times
2024/03/05 01:10:12 CallOrder: worker get response &{1 [mr-tmp-0-4 mr-tmp-1-4 mr-tmp-2-4 mr-tmp-3-4 mr-tmp-4-4 mr-tmp-5-4 mr-tmp-6-4 mr-tmp-7-4] 12 0}
2024/03/05 01:10:12 worker  4 get order:  &{1 [mr-tmp-0-4 mr-tmp-1-4 mr-tmp-2-4 mr-tmp-3-4 mr-tmp-4-4 mr-tmp-5-4 mr-tmp-6-4 mr-tmp-7-4] 12 0}  order Type 1
2024/03/05 01:10:14 start 12 map
2024/03/05 01:10:14 Worker finish order 12, order type 1
2024/03/05 01:10:15 4 :  call for  8  times
2024/03/05 01:10:15 CallOrder: worker get response &{1 [mr-tmp-0-6 mr-tmp-1-6 mr-tmp-2-6 mr-tmp-3-6 mr-tmp-4-6 mr-tmp-5-6 mr-tmp-6-6 mr-tmp-7-6] 14 0}
2024/03/05 01:10:15 worker  4 get order:  &{1 [mr-tmp-0-6 mr-tmp-1-6 mr-tmp-2-6 mr-tmp-3-6 mr-tmp-4-6 mr-tmp-5-6 mr-tmp-6-6 mr-tmp-7-6] 14 0}  order Type 1
2024/03/05 01:10:16 start 14 map
2024/03/05 01:10:16 Worker finish order 14, order type 1
2024/03/05 01:10:17 4 :  call for  9  times
2024/03/05 01:10:17 CallOrder: worker get response &{1 [mr-tmp-0-8 mr-tmp-1-8 mr-tmp-2-8 mr-tmp-3-8 mr-tmp-4-8 mr-tmp-5-8 mr-tmp-6-8 mr-tmp-7-8] 16 0}
2024/03/05 01:10:17 worker  4 get order:  &{1 [mr-tmp-0-8 mr-tmp-1-8 mr-tmp-2-8 mr-tmp-3-8 mr-tmp-4-8 mr-tmp-5-8 mr-tmp-6-8 mr-tmp-7-8] 16 0}  order Type 1
2024/03/05 01:10:17 start 16 map
2024/03/05 01:10:17 Worker finish order 16, order type 1
2024/03/05 01:10:18 4 :  call for  10  times
2024/03/05 01:10:18 CallOrder: worker get response &{3 [] 0 0}
2024/03/05 01:10:18 worker  4 get order:  &{3 [] 0 0}  order Type 3
2024/03/05 01:10:18 4  waiting for order
2024/03/05 01:10:20 4 :  call for  11  times
2024/03/05 01:10:20 CallOrder: worker get response &{3 [] 0 0}
2024/03/05 01:10:20 worker  4 get order:  &{3 [] 0 0}  order Type 3
2024/03/05 01:10:20 4  waiting for order
2024/03/05 01:10:22 4 :  call for  12  times
2024/03/05 01:10:22 dialing:dial unix /var/tmp/824-mr-0: connect: connection refused
