2024/03/05 05:46:32 32 :  call for  1  times
2024/03/05 05:46:32 CallOrder: worker get response &{2 [] 0 0}
2024/03/05 05:46:32 worker  32 get order:  &{2 [] 0 0}  order Type 2
2024/03/05 05:46:32 32  waiting for order
2024/03/05 05:46:34 32 :  call for  2  times
2024/03/05 05:46:34 CallOrder: worker get response &{2 [] 0 0}
2024/03/05 05:46:34 worker  32 get order:  &{2 [] 0 0}  order Type 2
2024/03/05 05:46:34 32  waiting for order
2024/03/05 05:46:36 32 :  call for  3  times
2024/03/05 05:46:36 CallOrder: worker get response &{2 [] 0 0}
2024/03/05 05:46:36 worker  32 get order:  &{2 [] 0 0}  order Type 2
2024/03/05 05:46:36 32  waiting for order
2024/03/05 05:46:38 32 :  call for  4  times
2024/03/05 05:46:38 CallOrder: worker get response &{2 [] 0 0}
2024/03/05 05:46:38 worker  32 get order:  &{2 [] 0 0}  order Type 2
2024/03/05 05:46:38 32  waiting for order
2024/03/05 05:46:40 32 :  call for  5  times
2024/03/05 05:46:40 CallOrder: worker get response &{2 [] 0 0}
2024/03/05 05:46:40 worker  32 get order:  &{2 [] 0 0}  order Type 2
2024/03/05 05:46:40 32  waiting for order
2024/03/05 05:46:42 32 :  call for  6  times
2024/03/05 05:46:42 CallOrder: worker get response &{0 [../pg-dorian_gray.txt] 1 10}
2024/03/05 05:46:42 worker  32 get order:  &{0 [../pg-dorian_gray.txt] 1 10}  order Type 0
2024/03/05 05:46:43 start 1 map
2024/03/05 05:46:43 Worker finish order 1, order type 0
2024/03/05 05:46:44 32 :  call for  7  times
2024/03/05 05:46:44 CallOrder: worker get response &{2 [] 0 0}
2024/03/05 05:46:44 worker  32 get order:  &{2 [] 0 0}  order Type 2
2024/03/05 05:46:44 32  waiting for order
2024/03/05 05:46:46 32 :  call for  8  times
2024/03/05 05:46:46 CallOrder: worker get response &{2 [] 0 0}
2024/03/05 05:46:46 worker  32 get order:  &{2 [] 0 0}  order Type 2
2024/03/05 05:46:46 32  waiting for order
2024/03/05 05:46:48 32 :  call for  9  times
2024/03/05 05:46:48 CallOrder: worker get response &{2 [] 0 0}
2024/03/05 05:46:48 worker  32 get order:  &{2 [] 0 0}  order Type 2
2024/03/05 05:46:48 32  waiting for order
2024/03/05 05:46:50 32 :  call for  10  times
2024/03/05 05:46:50 CallOrder: worker get response &{2 [] 0 0}
2024/03/05 05:46:50 worker  32 get order:  &{2 [] 0 0}  order Type 2
2024/03/05 05:46:50 32  waiting for order
2024/03/05 05:46:52 32 :  call for  11  times
2024/03/05 05:46:52 CallOrder: worker get response &{2 [] 0 0}
2024/03/05 05:46:52 worker  32 get order:  &{2 [] 0 0}  order Type 2
2024/03/05 05:46:52 32  waiting for order
2024/03/05 05:46:54 32 :  call for  12  times
2024/03/05 05:46:54 CallOrder: worker get response &{0 [../pg-grimm.txt] 3 10}
2024/03/05 05:46:54 worker  32 get order:  &{0 [../pg-grimm.txt] 3 10}  order Type 0
