2024/03/05 07:18:13 13 :  call for  1  times
2024/03/05 07:18:13 CallOrder: worker get response &{0 [../pg-sherlock_holmes.txt] 6 10}
2024/03/05 07:18:13 worker  13 get order:  &{0 [../pg-sherlock_holmes.txt] 6 10}  order Type 0
2024/03/05 07:18:13 start 6 map
2024/03/05 07:18:13 Worker finish order 6, order type 0
2024/03/05 07:18:14 13 :  call for  2  times
2024/03/05 07:18:14 CallOrder: worker get response &{2 [] 0 0}
2024/03/05 07:18:14 worker  13 get order:  &{2 [] 0 0}  order Type 2
2024/03/05 07:18:14 13  waiting for order
2024/03/05 07:18:16 13 :  call for  3  times
2024/03/05 07:18:16 CallOrder: worker get response &{2 [] 0 0}
2024/03/05 07:18:16 worker  13 get order:  &{2 [] 0 0}  order Type 2
2024/03/05 07:18:16 13  waiting for order
2024/03/05 07:18:18 13 :  call for  4  times
2024/03/05 07:18:18 CallOrder: worker get response &{2 [] 0 0}
2024/03/05 07:18:18 worker  13 get order:  &{2 [] 0 0}  order Type 2
2024/03/05 07:18:18 13  waiting for order
2024/03/05 07:18:20 13 :  call for  5  times
2024/03/05 07:18:20 CallOrder: worker get response &{2 [] 0 0}
2024/03/05 07:18:20 worker  13 get order:  &{2 [] 0 0}  order Type 2
2024/03/05 07:18:20 13  waiting for order
2024/03/05 07:18:22 13 :  call for  6  times
2024/03/05 07:18:22 CallOrder: worker get response &{2 [] 0 0}
2024/03/05 07:18:22 worker  13 get order:  &{2 [] 0 0}  order Type 2
2024/03/05 07:18:22 13  waiting for order
2024/03/05 07:18:24 13 :  call for  7  times
2024/03/05 07:18:24 CallOrder: worker get response &{0 [../pg-huckleberry_finn.txt] 4 10}
2024/03/05 07:18:24 worker  13 get order:  &{0 [../pg-huckleberry_finn.txt] 4 10}  order Type 0
