2024/03/04 23:55:36 36 :  call for  1  times
2024/03/04 23:55:36 CallOrder: worker get response &{0 [../pg-grimm.txt] 3 10}
2024/03/04 23:55:36 worker  36 get order:  &{0 [../pg-grimm.txt] 3 10}  order Type 0
2024/03/04 23:55:40 start 3 map
2024/03/04 23:55:40 Worker finish order 3, order type 0
2024/03/04 23:55:41 36 :  call for  2  times
2024/03/04 23:55:41 CallOrder: worker get response &{0 [../pg-metamorphosis.txt] 5 10}
2024/03/04 23:55:41 worker  36 get order:  &{0 [../pg-metamorphosis.txt] 5 10}  order Type 0
2024/03/04 23:55:41 start 5 map
2024/03/04 23:55:41 Worker finish order 5, order type 0
2024/03/04 23:55:42 36 :  call for  3  times
2024/03/04 23:55:42 CallOrder: worker get response &{0 [../pg-tom_sawyer.txt] 7 10}
2024/03/04 23:55:42 worker  36 get order:  &{0 [../pg-tom_sawyer.txt] 7 10}  order Type 0
2024/03/04 23:55:42 start 7 map
2024/03/04 23:55:42 Worker finish order 7, order type 0
2024/03/04 23:55:43 36 :  call for  4  times
2024/03/04 23:55:43 CallOrder: worker get response &{2 [] 0 0}
2024/03/04 23:55:43 worker  36 get order:  &{2 [] 0 0}  order Type 2
2024/03/04 23:55:43 36  waiting for order
2024/03/04 23:55:45 36 :  call for  5  times
2024/03/04 23:55:45 CallOrder: worker get response &{2 [] 0 0}
2024/03/04 23:55:45 worker  36 get order:  &{2 [] 0 0}  order Type 2
2024/03/04 23:55:45 36  waiting for order
2024/03/04 23:55:47 36 :  call for  6  times
2024/03/04 23:55:47 CallOrder: worker get response &{2 [] 0 0}
2024/03/04 23:55:47 worker  36 get order:  &{2 [] 0 0}  order Type 2
2024/03/04 23:55:47 36  waiting for order
2024/03/04 23:55:49 36 :  call for  7  times
2024/03/04 23:55:49 CallOrder: worker get response &{1 [mr-tmp-0-0 mr-tmp-1-0 mr-tmp-2-0 mr-tmp-3-0 mr-tmp-4-0 mr-tmp-5-0 mr-tmp-6-0 mr-tmp-7-0] 8 0}
2024/03/04 23:55:49 worker  36 get order:  &{1 [mr-tmp-0-0 mr-tmp-1-0 mr-tmp-2-0 mr-tmp-3-0 mr-tmp-4-0 mr-tmp-5-0 mr-tmp-6-0 mr-tmp-7-0] 8 0}  order Type 1
