2024/03/05 00:09:22 22 :  call for  1  times
2024/03/05 00:09:22 CallOrder: worker get response &{1 [mr-tmp-0-8 mr-tmp-1-8 mr-tmp-2-8 mr-tmp-3-8 mr-tmp-4-8 mr-tmp-5-8 mr-tmp-6-8 mr-tmp-7-8] 16 0}
2024/03/05 00:09:22 worker  22 get order:  &{1 [mr-tmp-0-8 mr-tmp-1-8 mr-tmp-2-8 mr-tmp-3-8 mr-tmp-4-8 mr-tmp-5-8 mr-tmp-6-8 mr-tmp-7-8] 16 0}  order Type 1
2024/03/05 00:09:22 start 16 map
2024/03/05 00:09:22 Worker finish order 16, order type 1
2024/03/05 00:09:23 22 :  call for  2  times
2024/03/05 00:09:23 CallOrder: worker get response &{3 [] 0 0}
2024/03/05 00:09:23 worker  22 get order:  &{3 [] 0 0}  order Type 3
2024/03/05 00:09:23 22  waiting for order
2024/03/05 00:09:25 22 :  call for  3  times
2024/03/05 00:09:25 CallOrder: worker get response &{3 [] 0 0}
2024/03/05 00:09:25 worker  22 get order:  &{3 [] 0 0}  order Type 3
2024/03/05 00:09:25 22  waiting for order
2024/03/05 00:09:27 22 :  call for  4  times
2024/03/05 00:09:27 CallOrder: worker get response &{3 [] 0 0}
2024/03/05 00:09:27 worker  22 get order:  &{3 [] 0 0}  order Type 3
2024/03/05 00:09:27 22  waiting for order
2024/03/05 00:09:29 22 :  call for  5  times
2024/03/05 00:09:29 CallOrder: worker get response &{3 [] 0 0}
2024/03/05 00:09:29 worker  22 get order:  &{3 [] 0 0}  order Type 3
2024/03/05 00:09:29 22  waiting for order
2024/03/05 00:09:31 22 :  call for  6  times
2024/03/05 00:09:31 CallOrder: worker get response &{3 [] 0 0}
2024/03/05 00:09:31 worker  22 get order:  &{3 [] 0 0}  order Type 3
2024/03/05 00:09:31 22  waiting for order
2024/03/05 00:09:33 22 :  call for  7  times
2024/03/05 00:09:33 CallOrder: worker get response &{3 [] 0 0}
2024/03/05 00:09:33 worker  22 get order:  &{3 [] 0 0}  order Type 3
2024/03/05 00:09:33 22  waiting for order
2024/03/05 00:09:35 22 :  call for  8  times
2024/03/05 00:09:35 CallOrder: worker get response &{3 [] 0 0}
2024/03/05 00:09:35 worker  22 get order:  &{3 [] 0 0}  order Type 3
2024/03/05 00:09:35 22  waiting for order
2024/03/05 00:09:37 22 :  call for  9  times
2024/03/05 00:09:37 CallOrder: worker get response &{3 [] 0 0}
2024/03/05 00:09:37 worker  22 get order:  &{3 [] 0 0}  order Type 3
2024/03/05 00:09:37 22  waiting for order
2024/03/05 00:09:39 22 :  call for  10  times
2024/03/05 00:09:39 CallOrder: worker get response &{3 [] 0 0}
2024/03/05 00:09:39 worker  22 get order:  &{3 [] 0 0}  order Type 3
2024/03/05 00:09:39 22  waiting for order
2024/03/05 00:09:41 22 :  call for  11  times
2024/03/05 00:09:41 CallOrder: worker get response &{3 [] 0 0}
2024/03/05 00:09:41 worker  22 get order:  &{3 [] 0 0}  order Type 3
2024/03/05 00:09:41 22  waiting for order
2024/03/05 00:09:43 22 :  call for  12  times
2024/03/05 00:09:43 CallOrder: worker get response &{3 [] 0 0}
2024/03/05 00:09:43 worker  22 get order:  &{3 [] 0 0}  order Type 3
2024/03/05 00:09:43 22  waiting for order
2024/03/05 00:09:45 22 :  call for  13  times
2024/03/05 00:09:45 CallOrder: worker get response &{3 [] 0 0}
2024/03/05 00:09:45 worker  22 get order:  &{3 [] 0 0}  order Type 3
2024/03/05 00:09:45 22  waiting for order
2024/03/05 00:09:47 22 :  call for  14  times
2024/03/05 00:09:47 CallOrder: worker get response &{3 [] 0 0}
2024/03/05 00:09:47 worker  22 get order:  &{3 [] 0 0}  order Type 3
2024/03/05 00:09:47 22  waiting for order
2024/03/05 00:09:49 22 :  call for  15  times
2024/03/05 00:09:49 dialing:dial unix /var/tmp/824-mr-0: connect: connection refused
