2024/03/04 22:06:10 10 :  call for  1  times
2024/03/04 22:06:10 CallOrder: worker get response &{0 [../pg-dorian_gray.txt] 1 10}
2024/03/04 22:06:10 worker  10 get order:  &{0 [../pg-dorian_gray.txt] 1 10}  order Type 0
2024/03/04 22:06:11 start 1 map
2024/03/04 22:06:11 Worker finish order 1, order type 0
2024/03/04 22:06:12 10 :  call for  2  times
2024/03/04 22:06:12 CallOrder: worker get response &{0 [../pg-metamorphosis.txt] 5 10}
2024/03/04 22:06:12 worker  10 get order:  &{0 [../pg-metamorphosis.txt] 5 10}  order Type 0
2024/03/04 22:06:13 start 5 map
2024/03/04 22:06:13 Worker finish order 5, order type 0
2024/03/04 22:06:14 10 :  call for  3  times
2024/03/04 22:06:14 CallOrder: worker get response &{0 [../pg-sherlock_holmes.txt] 6 10}
2024/03/04 22:06:14 worker  10 get order:  &{0 [../pg-sherlock_holmes.txt] 6 10}  order Type 0
2024/03/04 22:06:16 start 6 map
2024/03/04 22:06:16 Worker finish order 6, order type 0
2024/03/04 22:06:17 10 :  call for  4  times
2024/03/04 22:06:17 CallOrder: worker get response &{1 [mr-tmp-0-0 mr-tmp-1-0 mr-tmp-2-0 mr-tmp-3-0 mr-tmp-4-0 mr-tmp-5-0 mr-tmp-6-0 mr-tmp-7-0] 8 0}
2024/03/04 22:06:17 worker  10 get order:  &{1 [mr-tmp-0-0 mr-tmp-1-0 mr-tmp-2-0 mr-tmp-3-0 mr-tmp-4-0 mr-tmp-5-0 mr-tmp-6-0 mr-tmp-7-0] 8 0}  order Type 1
2024/03/04 22:06:18 start 8 map
2024/03/04 22:06:18 Worker finish order 8, order type 1
2024/03/04 22:06:19 10 :  call for  5  times
2024/03/04 22:06:19 CallOrder: worker get response &{1 [mr-tmp-0-2 mr-tmp-1-2 mr-tmp-2-2 mr-tmp-3-2 mr-tmp-4-2 mr-tmp-5-2 mr-tmp-6-2 mr-tmp-7-2] 10 0}
2024/03/04 22:06:19 worker  10 get order:  &{1 [mr-tmp-0-2 mr-tmp-1-2 mr-tmp-2-2 mr-tmp-3-2 mr-tmp-4-2 mr-tmp-5-2 mr-tmp-6-2 mr-tmp-7-2] 10 0}  order Type 1
2024/03/04 22:06:20 start 10 map
2024/03/04 22:06:20 Worker finish order 10, order type 1
2024/03/04 22:06:21 10 :  call for  6  times
2024/03/04 22:06:21 CallOrder: worker get response &{1 [mr-tmp-0-7 mr-tmp-1-7 mr-tmp-2-7 mr-tmp-3-7 mr-tmp-4-7 mr-tmp-5-7 mr-tmp-6-7 mr-tmp-7-7] 15 0}
2024/03/04 22:06:21 worker  10 get order:  &{1 [mr-tmp-0-7 mr-tmp-1-7 mr-tmp-2-7 mr-tmp-3-7 mr-tmp-4-7 mr-tmp-5-7 mr-tmp-6-7 mr-tmp-7-7] 15 0}  order Type 1
2024/03/04 22:06:22 start 15 map
2024/03/04 22:06:22 Worker finish order 15, order type 1
2024/03/04 22:06:23 10 :  call for  7  times
2024/03/04 22:06:23 CallOrder: worker get response &{1 [mr-tmp-0-9 mr-tmp-1-9 mr-tmp-2-9 mr-tmp-3-9 mr-tmp-4-9 mr-tmp-5-9 mr-tmp-6-9 mr-tmp-7-9] 17 0}
2024/03/04 22:06:23 worker  10 get order:  &{1 [mr-tmp-0-9 mr-tmp-1-9 mr-tmp-2-9 mr-tmp-3-9 mr-tmp-4-9 mr-tmp-5-9 mr-tmp-6-9 mr-tmp-7-9] 17 0}  order Type 1
2024/03/04 22:06:24 start 17 map
2024/03/04 22:06:24 Worker finish order 17, order type 1
2024/03/04 22:06:25 10 :  call for  8  times
2024/03/04 22:06:25 CallOrder: worker get response &{4 [] 0 0}
2024/03/04 22:06:25 worker  10 get order:  &{4 [] 0 0}  order Type 4
2024/03/04 22:06:26 10  killed
