2024/03/05 01:05:46 46 :  call for  1  times
2024/03/05 01:05:46 CallOrder: worker get response &{2 [] 0 0}
2024/03/05 01:05:46 worker  46 get order:  &{2 [] 0 0}  order Type 2
2024/03/05 01:05:46 46  waiting for order
2024/03/05 01:05:48 46 :  call for  2  times
2024/03/05 01:05:48 CallOrder: worker get response &{2 [] 0 0}
2024/03/05 01:05:48 worker  46 get order:  &{2 [] 0 0}  order Type 2
2024/03/05 01:05:48 46  waiting for order
2024/03/05 01:05:50 46 :  call for  3  times
2024/03/05 01:05:50 CallOrder: worker get response &{2 [] 0 0}
2024/03/05 01:05:50 worker  46 get order:  &{2 [] 0 0}  order Type 2
2024/03/05 01:05:50 46  waiting for order
2024/03/05 01:05:52 46 :  call for  4  times
2024/03/05 01:05:52 CallOrder: worker get response &{2 [] 0 0}
2024/03/05 01:05:52 worker  46 get order:  &{2 [] 0 0}  order Type 2
2024/03/05 01:05:52 46  waiting for order
2024/03/05 01:05:54 46 :  call for  5  times
2024/03/05 01:05:54 CallOrder: worker get response &{2 [] 0 0}
2024/03/05 01:05:54 worker  46 get order:  &{2 [] 0 0}  order Type 2
2024/03/05 01:05:54 46  waiting for order
2024/03/05 01:05:56 46 :  call for  6  times
2024/03/05 01:05:56 CallOrder: worker get response &{0 [../pg-sherlock_holmes.txt] 6 10}
2024/03/05 01:05:56 worker  46 get order:  &{0 [../pg-sherlock_holmes.txt] 6 10}  order Type 0
2024/03/05 01:05:56 start 6 map
2024/03/05 01:05:56 Worker finish order 6, order type 0
2024/03/05 01:05:57 46 :  call for  7  times
2024/03/05 01:05:57 CallOrder: worker get response &{2 [] 0 0}
2024/03/05 01:05:57 worker  46 get order:  &{2 [] 0 0}  order Type 2
2024/03/05 01:05:57 46  waiting for order
2024/03/05 01:05:59 46 :  call for  8  times
2024/03/05 01:05:59 CallOrder: worker get response &{2 [] 0 0}
2024/03/05 01:05:59 worker  46 get order:  &{2 [] 0 0}  order Type 2
2024/03/05 01:05:59 46  waiting for order
2024/03/05 01:06:01 46 :  call for  9  times
2024/03/05 01:06:01 CallOrder: worker get response &{2 [] 0 0}
2024/03/05 01:06:01 worker  46 get order:  &{2 [] 0 0}  order Type 2
2024/03/05 01:06:01 46  waiting for order
2024/03/05 01:06:03 46 :  call for  10  times
2024/03/05 01:06:03 CallOrder: worker get response &{2 [] 0 0}
2024/03/05 01:06:03 worker  46 get order:  &{2 [] 0 0}  order Type 2
2024/03/05 01:06:03 46  waiting for order
2024/03/05 01:06:05 46 :  call for  11  times
2024/03/05 01:06:05 CallOrder: worker get response &{1 [mr-tmp-0-0 mr-tmp-1-0 mr-tmp-2-0 mr-tmp-3-0 mr-tmp-4-0 mr-tmp-5-0 mr-tmp-6-0 mr-tmp-7-0] 8 0}
2024/03/05 01:06:05 worker  46 get order:  &{1 [mr-tmp-0-0 mr-tmp-1-0 mr-tmp-2-0 mr-tmp-3-0 mr-tmp-4-0 mr-tmp-5-0 mr-tmp-6-0 mr-tmp-7-0] 8 0}  order Type 1
2024/03/05 01:06:05 start 8 map
2024/03/05 01:06:05 Worker finish order 8, order type 1
2024/03/05 01:06:06 46 :  call for  12  times
2024/03/05 01:06:06 CallOrder: worker get response &{1 [mr-tmp-0-3 mr-tmp-1-3 mr-tmp-2-3 mr-tmp-3-3 mr-tmp-4-3 mr-tmp-5-3 mr-tmp-6-3 mr-tmp-7-3] 11 0}
2024/03/05 01:06:06 worker  46 get order:  &{1 [mr-tmp-0-3 mr-tmp-1-3 mr-tmp-2-3 mr-tmp-3-3 mr-tmp-4-3 mr-tmp-5-3 mr-tmp-6-3 mr-tmp-7-3] 11 0}  order Type 1
2024/03/05 01:06:06 start 11 map
2024/03/05 01:06:06 Worker finish order 11, order type 1
2024/03/05 01:06:07 46 :  call for  13  times
2024/03/05 01:06:07 CallOrder: worker get response &{1 [mr-tmp-0-7 mr-tmp-1-7 mr-tmp-2-7 mr-tmp-3-7 mr-tmp-4-7 mr-tmp-5-7 mr-tmp-6-7 mr-tmp-7-7] 15 0}
2024/03/05 01:06:07 worker  46 get order:  &{1 [mr-tmp-0-7 mr-tmp-1-7 mr-tmp-2-7 mr-tmp-3-7 mr-tmp-4-7 mr-tmp-5-7 mr-tmp-6-7 mr-tmp-7-7] 15 0}  order Type 1
2024/03/05 01:06:07 start 15 map
2024/03/05 01:06:07 Worker finish order 15, order type 1
2024/03/05 01:06:08 46 :  call for  14  times
2024/03/05 01:06:08 CallOrder: worker get response &{3 [] 0 0}
2024/03/05 01:06:08 worker  46 get order:  &{3 [] 0 0}  order Type 3
2024/03/05 01:06:08 46  waiting for order
2024/03/05 01:06:10 46 :  call for  15  times
2024/03/05 01:06:10 CallOrder: worker get response &{3 [] 0 0}
2024/03/05 01:06:10 worker  46 get order:  &{3 [] 0 0}  order Type 3
2024/03/05 01:06:10 46  waiting for order
2024/03/05 01:06:12 46 :  call for  16  times
2024/03/05 01:06:12 CallOrder: worker get response &{3 [] 0 0}
2024/03/05 01:06:12 worker  46 get order:  &{3 [] 0 0}  order Type 3
2024/03/05 01:06:12 46  waiting for order
2024/03/05 01:06:14 46 :  call for  17  times
2024/03/05 01:06:14 CallOrder: worker get response &{3 [] 0 0}
2024/03/05 01:06:14 worker  46 get order:  &{3 [] 0 0}  order Type 3
2024/03/05 01:06:14 46  waiting for order
2024/03/05 01:06:16 46 :  call for  18  times
2024/03/05 01:06:16 CallOrder: worker get response &{1 [mr-tmp-0-2 mr-tmp-1-2 mr-tmp-2-2 mr-tmp-3-2 mr-tmp-4-2 mr-tmp-5-2 mr-tmp-6-2 mr-tmp-7-2] 10 0}
2024/03/05 01:06:16 worker  46 get order:  &{1 [mr-tmp-0-2 mr-tmp-1-2 mr-tmp-2-2 mr-tmp-3-2 mr-tmp-4-2 mr-tmp-5-2 mr-tmp-6-2 mr-tmp-7-2] 10 0}  order Type 1
2024/03/05 01:06:19 start 10 map
2024/03/05 01:06:19 Worker finish order 10, order type 1
2024/03/05 01:06:20 46 :  call for  19  times
2024/03/05 01:06:20 CallOrder: worker get response &{4 [] 0 0}
2024/03/05 01:06:20 worker  46 get order:  &{4 [] 0 0}  order Type 4
2024/03/05 01:06:21 46  killed
