2024/03/05 10:18:56 56 :  call for  1  times
2024/03/05 10:18:56 CallOrder: worker get response &{0 [../pg-dorian_gray.txt] 1 10}
2024/03/05 10:18:56 worker  56 get order:  &{0 [../pg-dorian_gray.txt] 1 10}  order Type 0
2024/03/05 10:18:58 start 1 map
2024/03/05 10:18:58 Worker finish order 1, order type 0
2024/03/05 10:18:59 56 :  call for  2  times
2024/03/05 10:18:59 CallOrder: worker get response &{0 [../pg-metamorphosis.txt] 5 10}
2024/03/05 10:18:59 worker  56 get order:  &{0 [../pg-metamorphosis.txt] 5 10}  order Type 0
2024/03/05 10:19:00 start 5 map
2024/03/05 10:19:00 Worker finish order 5, order type 0
2024/03/05 10:19:01 56 :  call for  3  times
2024/03/05 10:19:01 CallOrder: worker get response &{0 [../pg-sherlock_holmes.txt] 6 10}
2024/03/05 10:19:01 worker  56 get order:  &{0 [../pg-sherlock_holmes.txt] 6 10}  order Type 0
2024/03/05 10:19:04 start 6 map
2024/03/05 10:19:04 Worker finish order 6, order type 0
2024/03/05 10:19:05 56 :  call for  4  times
2024/03/05 10:19:05 CallOrder: worker get response &{1 [mr-tmp-0-0 mr-tmp-1-0 mr-tmp-2-0 mr-tmp-3-0 mr-tmp-4-0 mr-tmp-5-0 mr-tmp-6-0 mr-tmp-7-0] 8 0}
2024/03/05 10:19:05 worker  56 get order:  &{1 [mr-tmp-0-0 mr-tmp-1-0 mr-tmp-2-0 mr-tmp-3-0 mr-tmp-4-0 mr-tmp-5-0 mr-tmp-6-0 mr-tmp-7-0] 8 0}  order Type 1
2024/03/05 10:19:06 start 8 map
2024/03/05 10:19:06 Worker finish order 8, order type 1
2024/03/05 10:19:07 56 :  call for  5  times
2024/03/05 10:19:07 CallOrder: worker get response &{1 [mr-tmp-0-3 mr-tmp-1-3 mr-tmp-2-3 mr-tmp-3-3 mr-tmp-4-3 mr-tmp-5-3 mr-tmp-6-3 mr-tmp-7-3] 11 0}
2024/03/05 10:19:07 worker  56 get order:  &{1 [mr-tmp-0-3 mr-tmp-1-3 mr-tmp-2-3 mr-tmp-3-3 mr-tmp-4-3 mr-tmp-5-3 mr-tmp-6-3 mr-tmp-7-3] 11 0}  order Type 1
2024/03/05 10:19:08 start 11 map
2024/03/05 10:19:08 Worker finish order 11, order type 1
2024/03/05 10:19:09 56 :  call for  6  times
2024/03/05 10:19:09 CallOrder: worker get response &{1 [mr-tmp-0-5 mr-tmp-1-5 mr-tmp-2-5 mr-tmp-3-5 mr-tmp-4-5 mr-tmp-5-5 mr-tmp-6-5 mr-tmp-7-5] 13 0}
2024/03/05 10:19:09 worker  56 get order:  &{1 [mr-tmp-0-5 mr-tmp-1-5 mr-tmp-2-5 mr-tmp-3-5 mr-tmp-4-5 mr-tmp-5-5 mr-tmp-6-5 mr-tmp-7-5] 13 0}  order Type 1
2024/03/05 10:19:09 start 13 map
2024/03/05 10:19:09 Worker finish order 13, order type 1
2024/03/05 10:19:10 56 :  call for  7  times
2024/03/05 10:19:10 CallOrder: worker get response &{1 [mr-tmp-0-8 mr-tmp-1-8 mr-tmp-2-8 mr-tmp-3-8 mr-tmp-4-8 mr-tmp-5-8 mr-tmp-6-8 mr-tmp-7-8] 16 0}
2024/03/05 10:19:10 worker  56 get order:  &{1 [mr-tmp-0-8 mr-tmp-1-8 mr-tmp-2-8 mr-tmp-3-8 mr-tmp-4-8 mr-tmp-5-8 mr-tmp-6-8 mr-tmp-7-8] 16 0}  order Type 1
2024/03/05 10:19:11 start 16 map
2024/03/05 10:19:11 Worker finish order 16, order type 1
2024/03/05 10:19:12 56 :  call for  8  times
2024/03/05 10:19:12 CallOrder: worker get response &{3 [] 0 0}
2024/03/05 10:19:12 worker  56 get order:  &{3 [] 0 0}  order Type 3
2024/03/05 10:19:12 56  waiting for order
2024/03/05 10:19:14 56 :  call for  9  times
2024/03/05 10:19:14 dialing:dial unix /var/tmp/824-mr-0: connect: connection refused
