2024/03/05 03:49:39 39 :  call for  1  times
2024/03/05 03:49:39 CallOrder: worker get response &{2 [] 0 0}
2024/03/05 03:49:39 worker  39 get order:  &{2 [] 0 0}  order Type 2
2024/03/05 03:49:39 39  waiting for order
2024/03/05 03:49:41 39 :  call for  2  times
2024/03/05 03:49:41 CallOrder: worker get response &{2 [] 0 0}
2024/03/05 03:49:41 worker  39 get order:  &{2 [] 0 0}  order Type 2
2024/03/05 03:49:41 39  waiting for order
2024/03/05 03:49:43 39 :  call for  3  times
2024/03/05 03:49:43 CallOrder: worker get response &{2 [] 0 0}
2024/03/05 03:49:43 worker  39 get order:  &{2 [] 0 0}  order Type 2
2024/03/05 03:49:43 39  waiting for order
2024/03/05 03:49:45 39 :  call for  4  times
2024/03/05 03:49:45 CallOrder: worker get response &{2 [] 0 0}
2024/03/05 03:49:45 worker  39 get order:  &{2 [] 0 0}  order Type 2
2024/03/05 03:49:45 39  waiting for order
2024/03/05 03:49:47 39 :  call for  5  times
2024/03/05 03:49:47 CallOrder: worker get response &{2 [] 0 0}
2024/03/05 03:49:47 worker  39 get order:  &{2 [] 0 0}  order Type 2
2024/03/05 03:49:47 39  waiting for order
2024/03/05 03:49:49 39 :  call for  6  times
2024/03/05 03:49:49 CallOrder: worker get response &{0 [../pg-grimm.txt] 3 10}
2024/03/05 03:49:49 worker  39 get order:  &{0 [../pg-grimm.txt] 3 10}  order Type 0
