2024/03/04 23:24:12 12 :  call for  1  times
2024/03/04 23:24:12 CallOrder: worker get response &{0 [../pg-being_ernest.txt] 0 10}
2024/03/04 23:24:12 worker  12 get order:  &{0 [../pg-being_ernest.txt] 0 10}  order Type 0
2024/03/04 23:24:16 start 0 map
2024/03/04 23:24:16 Worker finish order 0, order type 0
2024/03/04 23:24:17 12 :  call for  2  times
2024/03/04 23:24:17 CallOrder: worker get response &{0 [../pg-frankenstein.txt] 2 10}
2024/03/04 23:24:17 worker  12 get order:  &{0 [../pg-frankenstein.txt] 2 10}  order Type 0
2024/03/04 23:24:21 start 2 map
2024/03/04 23:24:21 Worker finish order 2, order type 0
2024/03/04 23:24:22 12 :  call for  3  times
2024/03/04 23:24:22 CallOrder: worker get response &{0 [../pg-metamorphosis.txt] 5 10}
2024/03/04 23:24:22 worker  12 get order:  &{0 [../pg-metamorphosis.txt] 5 10}  order Type 0
2024/03/04 23:24:26 start 5 map
2024/03/04 23:24:26 Worker finish order 5, order type 0
2024/03/04 23:24:27 12 :  call for  4  times
2024/03/04 23:24:27 CallOrder: worker get response &{0 [../pg-sherlock_holmes.txt] 6 10}
2024/03/04 23:24:27 worker  12 get order:  &{0 [../pg-sherlock_holmes.txt] 6 10}  order Type 0
2024/03/04 23:24:29 start 6 map
2024/03/04 23:24:29 Worker finish order 6, order type 0
2024/03/04 23:24:30 12 :  call for  5  times
2024/03/04 23:24:30 CallOrder: worker get response &{2 [] 0 0}
2024/03/04 23:24:30 worker  12 get order:  &{2 [] 0 0}  order Type 2
2024/03/04 23:24:30 12  waiting for order
2024/03/04 23:24:32 12 :  call for  6  times
2024/03/04 23:24:32 CallOrder: worker get response &{1 [mr-tmp-0-2 mr-tmp-1-2 mr-tmp-2-2 mr-tmp-3-2 mr-tmp-4-2 mr-tmp-5-2 mr-tmp-6-2 mr-tmp-7-2] 10 0}
2024/03/04 23:24:32 worker  12 get order:  &{1 [mr-tmp-0-2 mr-tmp-1-2 mr-tmp-2-2 mr-tmp-3-2 mr-tmp-4-2 mr-tmp-5-2 mr-tmp-6-2 mr-tmp-7-2] 10 0}  order Type 1
2024/03/04 23:24:32 start 10 map
2024/03/04 23:24:32 Worker finish order 10, order type 1
2024/03/04 23:24:33 12 :  call for  7  times
2024/03/04 23:24:33 CallOrder: worker get response &{1 [mr-tmp-0-4 mr-tmp-1-4 mr-tmp-2-4 mr-tmp-3-4 mr-tmp-4-4 mr-tmp-5-4 mr-tmp-6-4 mr-tmp-7-4] 12 0}
2024/03/04 23:24:33 worker  12 get order:  &{1 [mr-tmp-0-4 mr-tmp-1-4 mr-tmp-2-4 mr-tmp-3-4 mr-tmp-4-4 mr-tmp-5-4 mr-tmp-6-4 mr-tmp-7-4] 12 0}  order Type 1
2024/03/04 23:24:33 start 12 map
2024/03/04 23:24:33 Worker finish order 12, order type 1
2024/03/04 23:24:34 12 :  call for  8  times
2024/03/04 23:24:34 CallOrder: worker get response &{1 [mr-tmp-0-6 mr-tmp-1-6 mr-tmp-2-6 mr-tmp-3-6 mr-tmp-4-6 mr-tmp-5-6 mr-tmp-6-6 mr-tmp-7-6] 14 0}
2024/03/04 23:24:34 worker  12 get order:  &{1 [mr-tmp-0-6 mr-tmp-1-6 mr-tmp-2-6 mr-tmp-3-6 mr-tmp-4-6 mr-tmp-5-6 mr-tmp-6-6 mr-tmp-7-6] 14 0}  order Type 1
2024/03/04 23:24:34 start 14 map
2024/03/04 23:24:34 Worker finish order 14, order type 1
2024/03/04 23:24:35 12 :  call for  9  times
2024/03/04 23:24:35 CallOrder: worker get response &{1 [mr-tmp-0-8 mr-tmp-1-8 mr-tmp-2-8 mr-tmp-3-8 mr-tmp-4-8 mr-tmp-5-8 mr-tmp-6-8 mr-tmp-7-8] 16 0}
2024/03/04 23:24:35 worker  12 get order:  &{1 [mr-tmp-0-8 mr-tmp-1-8 mr-tmp-2-8 mr-tmp-3-8 mr-tmp-4-8 mr-tmp-5-8 mr-tmp-6-8 mr-tmp-7-8] 16 0}  order Type 1
2024/03/04 23:24:35 start 16 map
2024/03/04 23:24:35 Worker finish order 16, order type 1
2024/03/04 23:24:36 12 :  call for  10  times
2024/03/04 23:24:36 CallOrder: worker get response &{3 [] 0 0}
2024/03/04 23:24:36 worker  12 get order:  &{3 [] 0 0}  order Type 3
2024/03/04 23:24:36 12  waiting for order
2024/03/04 23:24:38 12 :  call for  11  times
2024/03/04 23:24:38 dialing:dial unix /var/tmp/824-mr-0: connect: connection refused
