2024/03/05 12:24:59 59 :  call for  1  times
2024/03/05 12:24:59 CallOrder: worker get response &{0 [../pg-dorian_gray.txt] 1 10}
2024/03/05 12:24:59 worker  59 get order:  &{0 [../pg-dorian_gray.txt] 1 10}  order Type 0
2024/03/05 12:24:59 start 1 map
2024/03/05 12:24:59 Worker finish order 1, order type 0
2024/03/05 12:25:00 59 :  call for  2  times
2024/03/05 12:25:00 CallOrder: worker get response &{0 [../pg-huckleberry_finn.txt] 4 10}
2024/03/05 12:25:00 worker  59 get order:  &{0 [../pg-huckleberry_finn.txt] 4 10}  order Type 0
2024/03/05 12:25:00 start 4 map
2024/03/05 12:25:00 Worker finish order 4, order type 0
2024/03/05 12:25:01 59 :  call for  3  times
2024/03/05 12:25:01 CallOrder: worker get response &{0 [../pg-tom_sawyer.txt] 7 10}
2024/03/05 12:25:01 worker  59 get order:  &{0 [../pg-tom_sawyer.txt] 7 10}  order Type 0
2024/03/05 12:25:01 start 7 map
2024/03/05 12:25:01 Worker finish order 7, order type 0
2024/03/05 12:25:02 59 :  call for  4  times
2024/03/05 12:25:02 CallOrder: worker get response &{1 [mr-tmp-0-0 mr-tmp-1-0 mr-tmp-2-0 mr-tmp-3-0 mr-tmp-4-0 mr-tmp-5-0 mr-tmp-6-0 mr-tmp-7-0] 8 0}
2024/03/05 12:25:02 worker  59 get order:  &{1 [mr-tmp-0-0 mr-tmp-1-0 mr-tmp-2-0 mr-tmp-3-0 mr-tmp-4-0 mr-tmp-5-0 mr-tmp-6-0 mr-tmp-7-0] 8 0}  order Type 1
2024/03/05 12:25:02 start 8 map
2024/03/05 12:25:02 Worker finish order 8, order type 1
2024/03/05 12:25:03 59 :  call for  5  times
2024/03/05 12:25:03 CallOrder: worker get response &{1 [mr-tmp-0-2 mr-tmp-1-2 mr-tmp-2-2 mr-tmp-3-2 mr-tmp-4-2 mr-tmp-5-2 mr-tmp-6-2 mr-tmp-7-2] 10 0}
2024/03/05 12:25:03 worker  59 get order:  &{1 [mr-tmp-0-2 mr-tmp-1-2 mr-tmp-2-2 mr-tmp-3-2 mr-tmp-4-2 mr-tmp-5-2 mr-tmp-6-2 mr-tmp-7-2] 10 0}  order Type 1
2024/03/05 12:25:06 start 10 map
2024/03/05 12:25:06 Worker finish order 10, order type 1
2024/03/05 12:25:07 59 :  call for  6  times
2024/03/05 12:25:07 CallOrder: worker get response &{1 [mr-tmp-0-9 mr-tmp-1-9 mr-tmp-2-9 mr-tmp-3-9 mr-tmp-4-9 mr-tmp-5-9 mr-tmp-6-9 mr-tmp-7-9] 17 0}
2024/03/05 12:25:07 worker  59 get order:  &{1 [mr-tmp-0-9 mr-tmp-1-9 mr-tmp-2-9 mr-tmp-3-9 mr-tmp-4-9 mr-tmp-5-9 mr-tmp-6-9 mr-tmp-7-9] 17 0}  order Type 1
2024/03/05 12:25:07 start 17 map
2024/03/05 12:25:07 Worker finish order 17, order type 1
2024/03/05 12:25:08 59 :  call for  7  times
2024/03/05 12:25:08 CallOrder: worker get response &{3 [] 0 0}
2024/03/05 12:25:08 worker  59 get order:  &{3 [] 0 0}  order Type 3
2024/03/05 12:25:08 59  waiting for order
2024/03/05 12:25:10 59 :  call for  8  times
2024/03/05 12:25:10 dialing:dial unix /var/tmp/824-mr-0: connect: connection refused
