2024/03/05 04:15:26 26 :  call for  1  times
2024/03/05 04:15:26 CallOrder: worker get response &{0 [../pg-dorian_gray.txt] 1 10}
2024/03/05 04:15:26 worker  26 get order:  &{0 [../pg-dorian_gray.txt] 1 10}  order Type 0
2024/03/05 04:15:26 start 1 map
2024/03/05 04:15:26 Worker finish order 1, order type 0
2024/03/05 04:15:27 26 :  call for  2  times
2024/03/05 04:15:27 CallOrder: worker get response &{0 [../pg-huckleberry_finn.txt] 4 10}
2024/03/05 04:15:27 worker  26 get order:  &{0 [../pg-huckleberry_finn.txt] 4 10}  order Type 0
2024/03/05 04:15:27 start 4 map
2024/03/05 04:15:27 Worker finish order 4, order type 0
2024/03/05 04:15:28 26 :  call for  3  times
2024/03/05 04:15:28 CallOrder: worker get response &{2 [] 0 0}
2024/03/05 04:15:28 worker  26 get order:  &{2 [] 0 0}  order Type 2
2024/03/05 04:15:28 26  waiting for order
2024/03/05 04:15:30 26 :  call for  4  times
2024/03/05 04:15:30 CallOrder: worker get response &{1 [mr-tmp-0-3 mr-tmp-1-3 mr-tmp-2-3 mr-tmp-3-3 mr-tmp-4-3 mr-tmp-5-3 mr-tmp-6-3 mr-tmp-7-3] 11 0}
2024/03/05 04:15:30 worker  26 get order:  &{1 [mr-tmp-0-3 mr-tmp-1-3 mr-tmp-2-3 mr-tmp-3-3 mr-tmp-4-3 mr-tmp-5-3 mr-tmp-6-3 mr-tmp-7-3] 11 0}  order Type 1
2024/03/05 04:15:30 start 11 map
2024/03/05 04:15:30 Worker finish order 11, order type 1
2024/03/05 04:15:31 26 :  call for  5  times
2024/03/05 04:15:31 CallOrder: worker get response &{1 [mr-tmp-0-6 mr-tmp-1-6 mr-tmp-2-6 mr-tmp-3-6 mr-tmp-4-6 mr-tmp-5-6 mr-tmp-6-6 mr-tmp-7-6] 14 0}
2024/03/05 04:15:31 worker  26 get order:  &{1 [mr-tmp-0-6 mr-tmp-1-6 mr-tmp-2-6 mr-tmp-3-6 mr-tmp-4-6 mr-tmp-5-6 mr-tmp-6-6 mr-tmp-7-6] 14 0}  order Type 1
2024/03/05 04:15:34 start 14 map
2024/03/05 04:15:34 Worker finish order 14, order type 1
2024/03/05 04:15:35 26 :  call for  6  times
2024/03/05 04:15:35 CallOrder: worker get response &{4 [] 0 0}
2024/03/05 04:15:35 worker  26 get order:  &{4 [] 0 0}  order Type 4
2024/03/05 04:15:36 26  killed
