2024/03/05 03:58:20 20 :  call for  1  times
2024/03/05 03:58:20 CallOrder: worker get response &{2 [] 0 0}
2024/03/05 03:58:20 worker  20 get order:  &{2 [] 0 0}  order Type 2
2024/03/05 03:58:20 20  waiting for order
2024/03/05 03:58:22 20 :  call for  2  times
2024/03/05 03:58:22 CallOrder: worker get response &{2 [] 0 0}
2024/03/05 03:58:22 worker  20 get order:  &{2 [] 0 0}  order Type 2
2024/03/05 03:58:22 20  waiting for order
2024/03/05 03:58:24 20 :  call for  3  times
2024/03/05 03:58:24 CallOrder: worker get response &{2 [] 0 0}
2024/03/05 03:58:24 worker  20 get order:  &{2 [] 0 0}  order Type 2
2024/03/05 03:58:24 20  waiting for order
2024/03/05 03:58:26 20 :  call for  4  times
2024/03/05 03:58:26 CallOrder: worker get response &{2 [] 0 0}
2024/03/05 03:58:26 worker  20 get order:  &{2 [] 0 0}  order Type 2
2024/03/05 03:58:26 20  waiting for order
2024/03/05 03:58:28 20 :  call for  5  times
2024/03/05 03:58:28 CallOrder: worker get response &{2 [] 0 0}
2024/03/05 03:58:28 worker  20 get order:  &{2 [] 0 0}  order Type 2
2024/03/05 03:58:28 20  waiting for order
2024/03/05 03:58:30 20 :  call for  6  times
2024/03/05 03:58:30 CallOrder: worker get response &{0 [../pg-metamorphosis.txt] 5 10}
2024/03/05 03:58:30 worker  20 get order:  &{0 [../pg-metamorphosis.txt] 5 10}  order Type 0
