2024/03/05 02:44:39 39 :  call for  1  times
2024/03/05 02:44:39 CallOrder: worker get response &{0 [../pg-dorian_gray.txt] 1 10}
2024/03/05 02:44:39 worker  39 get order:  &{0 [../pg-dorian_gray.txt] 1 10}  order Type 0
2024/03/05 02:44:39 start 1 map
2024/03/05 02:44:39 Worker finish order 1, order type 0
2024/03/05 02:44:40 39 :  call for  2  times
2024/03/05 02:44:40 CallOrder: worker get response &{0 [../pg-grimm.txt] 3 10}
2024/03/05 02:44:40 worker  39 get order:  &{0 [../pg-grimm.txt] 3 10}  order Type 0
2024/03/05 02:44:40 start 3 map
2024/03/05 02:44:40 Worker finish order 3, order type 0
2024/03/05 02:44:41 39 :  call for  3  times
2024/03/05 02:44:41 CallOrder: worker get response &{0 [../pg-metamorphosis.txt] 5 10}
2024/03/05 02:44:41 worker  39 get order:  &{0 [../pg-metamorphosis.txt] 5 10}  order Type 0
2024/03/05 02:44:41 start 5 map
2024/03/05 02:44:41 Worker finish order 5, order type 0
2024/03/05 02:44:42 39 :  call for  4  times
2024/03/05 02:44:42 CallOrder: worker get response &{0 [../pg-tom_sawyer.txt] 7 10}
2024/03/05 02:44:42 worker  39 get order:  &{0 [../pg-tom_sawyer.txt] 7 10}  order Type 0
2024/03/05 02:44:42 start 7 map
2024/03/05 02:44:42 Worker finish order 7, order type 0
2024/03/05 02:44:43 39 :  call for  5  times
2024/03/05 02:44:43 CallOrder: worker get response &{2 [] 0 0}
2024/03/05 02:44:43 worker  39 get order:  &{2 [] 0 0}  order Type 2
2024/03/05 02:44:43 39  waiting for order
2024/03/05 02:44:45 39 :  call for  6  times
2024/03/05 02:44:45 CallOrder: worker get response &{1 [mr-tmp-0-1 mr-tmp-1-1 mr-tmp-2-1 mr-tmp-3-1 mr-tmp-4-1 mr-tmp-5-1 mr-tmp-6-1 mr-tmp-7-1] 9 0}
2024/03/05 02:44:45 worker  39 get order:  &{1 [mr-tmp-0-1 mr-tmp-1-1 mr-tmp-2-1 mr-tmp-3-1 mr-tmp-4-1 mr-tmp-5-1 mr-tmp-6-1 mr-tmp-7-1] 9 0}  order Type 1
2024/03/05 02:44:46 start 9 map
2024/03/05 02:44:46 Worker finish order 9, order type 1
2024/03/05 02:44:47 39 :  call for  7  times
2024/03/05 02:44:47 CallOrder: worker get response &{1 [mr-tmp-0-3 mr-tmp-1-3 mr-tmp-2-3 mr-tmp-3-3 mr-tmp-4-3 mr-tmp-5-3 mr-tmp-6-3 mr-tmp-7-3] 11 0}
2024/03/05 02:44:47 worker  39 get order:  &{1 [mr-tmp-0-3 mr-tmp-1-3 mr-tmp-2-3 mr-tmp-3-3 mr-tmp-4-3 mr-tmp-5-3 mr-tmp-6-3 mr-tmp-7-3] 11 0}  order Type 1
2024/03/05 02:44:49 start 11 map
2024/03/05 02:44:49 Worker finish order 11, order type 1
2024/03/05 02:44:50 39 :  call for  8  times
2024/03/05 02:44:50 CallOrder: worker get response &{1 [mr-tmp-0-5 mr-tmp-1-5 mr-tmp-2-5 mr-tmp-3-5 mr-tmp-4-5 mr-tmp-5-5 mr-tmp-6-5 mr-tmp-7-5] 13 0}
2024/03/05 02:44:50 worker  39 get order:  &{1 [mr-tmp-0-5 mr-tmp-1-5 mr-tmp-2-5 mr-tmp-3-5 mr-tmp-4-5 mr-tmp-5-5 mr-tmp-6-5 mr-tmp-7-5] 13 0}  order Type 1
2024/03/05 02:44:51 start 13 map
2024/03/05 02:44:51 Worker finish order 13, order type 1
2024/03/05 02:44:52 39 :  call for  9  times
2024/03/05 02:44:52 CallOrder: worker get response &{1 [mr-tmp-0-7 mr-tmp-1-7 mr-tmp-2-7 mr-tmp-3-7 mr-tmp-4-7 mr-tmp-5-7 mr-tmp-6-7 mr-tmp-7-7] 15 0}
2024/03/05 02:44:52 worker  39 get order:  &{1 [mr-tmp-0-7 mr-tmp-1-7 mr-tmp-2-7 mr-tmp-3-7 mr-tmp-4-7 mr-tmp-5-7 mr-tmp-6-7 mr-tmp-7-7] 15 0}  order Type 1
2024/03/05 02:44:52 start 15 map
2024/03/05 02:44:52 Worker finish order 15, order type 1
2024/03/05 02:44:53 39 :  call for  10  times
2024/03/05 02:44:53 CallOrder: worker get response &{1 [mr-tmp-0-9 mr-tmp-1-9 mr-tmp-2-9 mr-tmp-3-9 mr-tmp-4-9 mr-tmp-5-9 mr-tmp-6-9 mr-tmp-7-9] 17 0}
2024/03/05 02:44:53 worker  39 get order:  &{1 [mr-tmp-0-9 mr-tmp-1-9 mr-tmp-2-9 mr-tmp-3-9 mr-tmp-4-9 mr-tmp-5-9 mr-tmp-6-9 mr-tmp-7-9] 17 0}  order Type 1
2024/03/05 02:44:54 start 17 map
2024/03/05 02:44:54 Worker finish order 17, order type 1
2024/03/05 02:44:55 39 :  call for  11  times
2024/03/05 02:44:55 CallOrder: worker get response &{4 [] 0 0}
2024/03/05 02:44:55 worker  39 get order:  &{4 [] 0 0}  order Type 4
2024/03/05 02:44:56 39  killed
