2024/03/05 11:15:26 26 :  call for  1  times
2024/03/05 11:15:26 CallOrder: worker get response &{2 [] 0 0}
2024/03/05 11:15:26 worker  26 get order:  &{2 [] 0 0}  order Type 2
2024/03/05 11:15:26 26  waiting for order
2024/03/05 11:15:28 26 :  call for  2  times
2024/03/05 11:15:28 CallOrder: worker get response &{2 [] 0 0}
2024/03/05 11:15:28 worker  26 get order:  &{2 [] 0 0}  order Type 2
2024/03/05 11:15:28 26  waiting for order
2024/03/05 11:15:30 26 :  call for  3  times
2024/03/05 11:15:30 CallOrder: worker get response &{2 [] 0 0}
2024/03/05 11:15:30 worker  26 get order:  &{2 [] 0 0}  order Type 2
2024/03/05 11:15:30 26  waiting for order
2024/03/05 11:15:32 26 :  call for  4  times
2024/03/05 11:15:32 CallOrder: worker get response &{2 [] 0 0}
2024/03/05 11:15:32 worker  26 get order:  &{2 [] 0 0}  order Type 2
2024/03/05 11:15:32 26  waiting for order
2024/03/05 11:15:34 26 :  call for  5  times
2024/03/05 11:15:34 CallOrder: worker get response &{2 [] 0 0}
2024/03/05 11:15:34 worker  26 get order:  &{2 [] 0 0}  order Type 2
2024/03/05 11:15:34 26  waiting for order
2024/03/05 11:15:36 26 :  call for  6  times
2024/03/05 11:15:36 CallOrder: worker get response &{0 [../pg-dorian_gray.txt] 1 10}
2024/03/05 11:15:36 worker  26 get order:  &{0 [../pg-dorian_gray.txt] 1 10}  order Type 0
2024/03/05 11:15:36 start 1 map
2024/03/05 11:15:36 Worker finish order 1, order type 0
2024/03/05 11:15:37 26 :  call for  7  times
2024/03/05 11:15:37 CallOrder: worker get response &{0 [../pg-huckleberry_finn.txt] 4 10}
2024/03/05 11:15:37 worker  26 get order:  &{0 [../pg-huckleberry_finn.txt] 4 10}  order Type 0
2024/03/05 11:15:37 start 4 map
2024/03/05 11:15:37 Worker finish order 4, order type 0
2024/03/05 11:15:38 26 :  call for  8  times
2024/03/05 11:15:38 CallOrder: worker get response &{2 [] 0 0}
2024/03/05 11:15:38 worker  26 get order:  &{2 [] 0 0}  order Type 2
2024/03/05 11:15:38 26  waiting for order
2024/03/05 11:15:40 26 :  call for  9  times
2024/03/05 11:15:40 CallOrder: worker get response &{2 [] 0 0}
2024/03/05 11:15:40 worker  26 get order:  &{2 [] 0 0}  order Type 2
2024/03/05 11:15:40 26  waiting for order
2024/03/05 11:15:42 26 :  call for  10  times
2024/03/05 11:15:42 CallOrder: worker get response &{2 [] 0 0}
2024/03/05 11:15:42 worker  26 get order:  &{2 [] 0 0}  order Type 2
2024/03/05 11:15:42 26  waiting for order
2024/03/05 11:15:44 26 :  call for  11  times
2024/03/05 11:15:44 CallOrder: worker get response &{2 [] 0 0}
2024/03/05 11:15:44 worker  26 get order:  &{2 [] 0 0}  order Type 2
2024/03/05 11:15:44 26  waiting for order
2024/03/05 11:15:46 26 :  call for  12  times
2024/03/05 11:15:46 CallOrder: worker get response &{2 [] 0 0}
2024/03/05 11:15:46 worker  26 get order:  &{2 [] 0 0}  order Type 2
2024/03/05 11:15:46 26  waiting for order
2024/03/05 11:15:48 26 :  call for  13  times
2024/03/05 11:15:48 CallOrder: worker get response &{1 [mr-tmp-0-0 mr-tmp-1-0 mr-tmp-2-0 mr-tmp-3-0 mr-tmp-4-0 mr-tmp-5-0 mr-tmp-6-0 mr-tmp-7-0] 8 0}
2024/03/05 11:15:48 worker  26 get order:  &{1 [mr-tmp-0-0 mr-tmp-1-0 mr-tmp-2-0 mr-tmp-3-0 mr-tmp-4-0 mr-tmp-5-0 mr-tmp-6-0 mr-tmp-7-0] 8 0}  order Type 1
2024/03/05 11:15:48 start 8 map
2024/03/05 11:15:48 Worker finish order 8, order type 1
2024/03/05 11:15:49 26 :  call for  14  times
2024/03/05 11:15:49 CallOrder: worker get response &{1 [mr-tmp-0-2 mr-tmp-1-2 mr-tmp-2-2 mr-tmp-3-2 mr-tmp-4-2 mr-tmp-5-2 mr-tmp-6-2 mr-tmp-7-2] 10 0}
2024/03/05 11:15:49 worker  26 get order:  &{1 [mr-tmp-0-2 mr-tmp-1-2 mr-tmp-2-2 mr-tmp-3-2 mr-tmp-4-2 mr-tmp-5-2 mr-tmp-6-2 mr-tmp-7-2] 10 0}  order Type 1
2024/03/05 11:15:57 start 10 map
2024/03/05 11:15:57 Worker finish order 10, order type 1
2024/03/05 11:15:58 26 :  call for  15  times
2024/03/05 11:15:58 CallOrder: worker get response &{3 [] 0 0}
2024/03/05 11:15:58 worker  26 get order:  &{3 [] 0 0}  order Type 3
2024/03/05 11:15:58 26  waiting for order
2024/03/05 11:16:00 26 :  call for  16  times
2024/03/05 11:16:00 CallOrder: worker get response &{3 [] 0 0}
2024/03/05 11:16:00 worker  26 get order:  &{3 [] 0 0}  order Type 3
2024/03/05 11:16:00 26  waiting for order
2024/03/05 11:16:02 26 :  call for  17  times
2024/03/05 11:16:02 CallOrder: worker get response &{3 [] 0 0}
2024/03/05 11:16:02 worker  26 get order:  &{3 [] 0 0}  order Type 3
2024/03/05 11:16:02 26  waiting for order
2024/03/05 11:16:04 26 :  call for  18  times
2024/03/05 11:16:04 CallOrder: worker get response &{3 [] 0 0}
2024/03/05 11:16:04 worker  26 get order:  &{3 [] 0 0}  order Type 3
2024/03/05 11:16:04 26  waiting for order
2024/03/05 11:16:06 26 :  call for  19  times
2024/03/05 11:16:06 dialing:dial unix /var/tmp/824-mr-0: connect: connection refused
