2024/03/04 22:17:20 20 :  call for  1  times
2024/03/04 22:17:20 CallOrder: worker get response &{0 [../pg-frankenstein.txt] 2 10}
2024/03/04 22:17:20 worker  20 get order:  &{0 [../pg-frankenstein.txt] 2 10}  order Type 0
2024/03/04 22:17:20 start 2 map
2024/03/04 22:17:20 Worker finish order 2, order type 0
2024/03/04 22:17:21 20 :  call for  2  times
2024/03/04 22:17:21 CallOrder: worker get response &{0 [../pg-metamorphosis.txt] 5 10}
2024/03/04 22:17:21 worker  20 get order:  &{0 [../pg-metamorphosis.txt] 5 10}  order Type 0
2024/03/04 22:17:31 start 5 map
2024/03/04 22:17:31 Worker finish order 5, order type 0
2024/03/04 22:17:32 20 :  call for  3  times
2024/03/04 22:17:32 CallOrder: worker get response &{1 [mr-tmp-0-0 mr-tmp-1-0 mr-tmp-2-0 mr-tmp-3-0 mr-tmp-4-0 mr-tmp-5-0 mr-tmp-6-0 mr-tmp-7-0] 8 0}
2024/03/04 22:17:32 worker  20 get order:  &{1 [mr-tmp-0-0 mr-tmp-1-0 mr-tmp-2-0 mr-tmp-3-0 mr-tmp-4-0 mr-tmp-5-0 mr-tmp-6-0 mr-tmp-7-0] 8 0}  order Type 1
2024/03/04 22:17:41 start 8 map
2024/03/04 22:17:41 Worker finish order 8, order type 1
2024/03/04 22:17:42 20 :  call for  4  times
2024/03/04 22:17:42 CallOrder: worker get response &{3 [] 0 0}
2024/03/04 22:17:42 worker  20 get order:  &{3 [] 0 0}  order Type 3
2024/03/04 22:17:42 20  waiting for order
2024/03/04 22:17:44 20 :  call for  5  times
2024/03/04 22:17:44 CallOrder: worker get response &{3 [] 0 0}
2024/03/04 22:17:44 worker  20 get order:  &{3 [] 0 0}  order Type 3
2024/03/04 22:17:44 20  waiting for order
2024/03/04 22:17:46 20 :  call for  6  times
2024/03/04 22:17:46 CallOrder: worker get response &{3 [] 0 0}
2024/03/04 22:17:46 worker  20 get order:  &{3 [] 0 0}  order Type 3
2024/03/04 22:17:46 20  waiting for order
2024/03/04 22:17:48 20 :  call for  7  times
2024/03/04 22:17:48 CallOrder: worker get response &{3 [] 0 0}
2024/03/04 22:17:48 worker  20 get order:  &{3 [] 0 0}  order Type 3
2024/03/04 22:17:48 20  waiting for order
2024/03/04 22:17:50 20 :  call for  8  times
2024/03/04 22:17:50 dialing:dial unix /var/tmp/824-mr-0: connect: connection refused
