2024/03/05 12:10:06 6 :  call for  1  times
2024/03/05 12:10:06 CallOrder: worker get response &{3 [] 0 0}
2024/03/05 12:10:06 worker  6 get order:  &{3 [] 0 0}  order Type 3
2024/03/05 12:10:06 6  waiting for order
2024/03/05 12:10:08 6 :  call for  2  times
2024/03/05 12:10:08 CallOrder: worker get response &{3 [] 0 0}
2024/03/05 12:10:08 worker  6 get order:  &{3 [] 0 0}  order Type 3
2024/03/05 12:10:08 6  waiting for order
2024/03/05 12:10:10 6 :  call for  3  times
2024/03/05 12:10:10 CallOrder: worker get response &{3 [] 0 0}
2024/03/05 12:10:10 worker  6 get order:  &{3 [] 0 0}  order Type 3
2024/03/05 12:10:10 6  waiting for order
2024/03/05 12:10:12 6 :  call for  4  times
2024/03/05 12:10:12 CallOrder: worker get response &{3 [] 0 0}
2024/03/05 12:10:12 worker  6 get order:  &{3 [] 0 0}  order Type 3
2024/03/05 12:10:12 6  waiting for order
2024/03/05 12:10:14 6 :  call for  5  times
2024/03/05 12:10:14 CallOrder: worker get response &{3 [] 0 0}
2024/03/05 12:10:14 worker  6 get order:  &{3 [] 0 0}  order Type 3
2024/03/05 12:10:14 6  waiting for order
2024/03/05 12:10:16 6 :  call for  6  times
2024/03/05 12:10:16 CallOrder: worker get response &{3 [] 0 0}
2024/03/05 12:10:16 worker  6 get order:  &{3 [] 0 0}  order Type 3
2024/03/05 12:10:16 6  waiting for order
2024/03/05 12:10:18 6 :  call for  7  times
2024/03/05 12:10:18 CallOrder: worker get response &{3 [] 0 0}
2024/03/05 12:10:18 worker  6 get order:  &{3 [] 0 0}  order Type 3
2024/03/05 12:10:18 6  waiting for order
2024/03/05 12:10:20 6 :  call for  8  times
2024/03/05 12:10:20 CallOrder: worker get response &{3 [] 0 0}
2024/03/05 12:10:20 worker  6 get order:  &{3 [] 0 0}  order Type 3
2024/03/05 12:10:20 6  waiting for order
2024/03/05 12:10:22 6 :  call for  9  times
2024/03/05 12:10:22 CallOrder: worker get response &{3 [] 0 0}
2024/03/05 12:10:22 worker  6 get order:  &{3 [] 0 0}  order Type 3
2024/03/05 12:10:22 6  waiting for order
2024/03/05 12:10:24 6 :  call for  10  times
2024/03/05 12:10:24 CallOrder: worker get response &{3 [] 0 0}
2024/03/05 12:10:24 worker  6 get order:  &{3 [] 0 0}  order Type 3
2024/03/05 12:10:24 6  waiting for order
2024/03/05 12:10:26 6 :  call for  11  times
2024/03/05 12:10:26 CallOrder: worker get response &{3 [] 0 0}
2024/03/05 12:10:26 worker  6 get order:  &{3 [] 0 0}  order Type 3
2024/03/05 12:10:26 6  waiting for order
2024/03/05 12:10:28 6 :  call for  12  times
2024/03/05 12:10:28 CallOrder: worker get response &{3 [] 0 0}
2024/03/05 12:10:28 worker  6 get order:  &{3 [] 0 0}  order Type 3
2024/03/05 12:10:28 6  waiting for order
2024/03/05 12:10:30 6 :  call for  13  times
2024/03/05 12:10:30 CallOrder: worker get response &{3 [] 0 0}
2024/03/05 12:10:30 worker  6 get order:  &{3 [] 0 0}  order Type 3
2024/03/05 12:10:30 6  waiting for order
2024/03/05 12:10:32 6 :  call for  14  times
2024/03/05 12:10:32 CallOrder: worker get response &{3 [] 0 0}
2024/03/05 12:10:32 worker  6 get order:  &{3 [] 0 0}  order Type 3
2024/03/05 12:10:32 6  waiting for order
2024/03/05 12:10:34 6 :  call for  15  times
2024/03/05 12:10:34 CallOrder: worker get response &{3 [] 0 0}
2024/03/05 12:10:34 worker  6 get order:  &{3 [] 0 0}  order Type 3
2024/03/05 12:10:34 6  waiting for order
2024/03/05 12:10:36 6 :  call for  16  times
2024/03/05 12:10:36 CallOrder: worker get response &{3 [] 0 0}
2024/03/05 12:10:36 worker  6 get order:  &{3 [] 0 0}  order Type 3
2024/03/05 12:10:36 6  waiting for order
2024/03/05 12:10:38 6 :  call for  17  times
2024/03/05 12:10:38 CallOrder: worker get response &{3 [] 0 0}
2024/03/05 12:10:38 worker  6 get order:  &{3 [] 0 0}  order Type 3
2024/03/05 12:10:38 6  waiting for order
2024/03/05 12:10:40 6 :  call for  18  times
2024/03/05 12:10:40 dialing:dial unix /var/tmp/824-mr-0: connect: connection refused
