2024/03/05 01:46:40 40 :  call for  1  times
2024/03/05 01:46:40 CallOrder: worker get response &{0 [../pg-grimm.txt] 3 10}
2024/03/05 01:46:40 worker  40 get order:  &{0 [../pg-grimm.txt] 3 10}  order Type 0
2024/03/05 01:46:41 start 3 map
2024/03/05 01:46:41 Worker finish order 3, order type 0
2024/03/05 01:46:42 40 :  call for  2  times
2024/03/05 01:46:42 CallOrder: worker get response &{2 [] 0 0}
2024/03/05 01:46:42 worker  40 get order:  &{2 [] 0 0}  order Type 2
2024/03/05 01:46:42 40  waiting for order
2024/03/05 01:46:44 40 :  call for  3  times
2024/03/05 01:46:44 CallOrder: worker get response &{2 [] 0 0}
2024/03/05 01:46:44 worker  40 get order:  &{2 [] 0 0}  order Type 2
2024/03/05 01:46:44 40  waiting for order
2024/03/05 01:46:46 40 :  call for  4  times
2024/03/05 01:46:46 CallOrder: worker get response &{2 [] 0 0}
2024/03/05 01:46:46 worker  40 get order:  &{2 [] 0 0}  order Type 2
2024/03/05 01:46:46 40  waiting for order
2024/03/05 01:46:48 40 :  call for  5  times
2024/03/05 01:46:48 CallOrder: worker get response &{2 [] 0 0}
2024/03/05 01:46:48 worker  40 get order:  &{2 [] 0 0}  order Type 2
2024/03/05 01:46:48 40  waiting for order
2024/03/05 01:46:50 40 :  call for  6  times
2024/03/05 01:46:50 CallOrder: worker get response &{2 [] 0 0}
2024/03/05 01:46:50 worker  40 get order:  &{2 [] 0 0}  order Type 2
2024/03/05 01:46:50 40  waiting for order
2024/03/05 01:46:52 40 :  call for  7  times
2024/03/05 01:46:52 CallOrder: worker get response &{2 [] 0 0}
2024/03/05 01:46:52 worker  40 get order:  &{2 [] 0 0}  order Type 2
2024/03/05 01:46:52 40  waiting for order
2024/03/05 01:46:54 40 :  call for  8  times
2024/03/05 01:46:54 CallOrder: worker get response &{2 [] 0 0}
2024/03/05 01:46:54 worker  40 get order:  &{2 [] 0 0}  order Type 2
2024/03/05 01:46:54 40  waiting for order
2024/03/05 01:46:56 40 :  call for  9  times
2024/03/05 01:46:56 CallOrder: worker get response &{2 [] 0 0}
2024/03/05 01:46:56 worker  40 get order:  &{2 [] 0 0}  order Type 2
2024/03/05 01:46:56 40  waiting for order
2024/03/05 01:46:58 40 :  call for  10  times
2024/03/05 01:46:58 CallOrder: worker get response &{2 [] 0 0}
2024/03/05 01:46:58 worker  40 get order:  &{2 [] 0 0}  order Type 2
2024/03/05 01:46:58 40  waiting for order
2024/03/05 01:47:00 40 :  call for  11  times
2024/03/05 01:47:00 CallOrder: worker get response &{2 [] 0 0}
2024/03/05 01:47:00 worker  40 get order:  &{2 [] 0 0}  order Type 2
2024/03/05 01:47:00 40  waiting for order
2024/03/05 01:47:02 40 :  call for  12  times
2024/03/05 01:47:02 CallOrder: worker get response &{2 [] 0 0}
2024/03/05 01:47:02 worker  40 get order:  &{2 [] 0 0}  order Type 2
2024/03/05 01:47:02 40  waiting for order
2024/03/05 01:47:04 40 :  call for  13  times
2024/03/05 01:47:04 CallOrder: worker get response &{2 [] 0 0}
2024/03/05 01:47:04 worker  40 get order:  &{2 [] 0 0}  order Type 2
2024/03/05 01:47:04 40  waiting for order
2024/03/05 01:47:06 40 :  call for  14  times
2024/03/05 01:47:06 CallOrder: worker get response &{2 [] 0 0}
2024/03/05 01:47:06 worker  40 get order:  &{2 [] 0 0}  order Type 2
2024/03/05 01:47:06 40  waiting for order
2024/03/05 01:47:08 40 :  call for  15  times
2024/03/05 01:47:08 CallOrder: worker get response &{2 [] 0 0}
2024/03/05 01:47:08 worker  40 get order:  &{2 [] 0 0}  order Type 2
2024/03/05 01:47:08 40  waiting for order
2024/03/05 01:47:10 40 :  call for  16  times
2024/03/05 01:47:10 CallOrder: worker get response &{2 [] 0 0}
2024/03/05 01:47:10 worker  40 get order:  &{2 [] 0 0}  order Type 2
2024/03/05 01:47:10 40  waiting for order
2024/03/05 01:47:12 40 :  call for  17  times
2024/03/05 01:47:12 CallOrder: worker get response &{2 [] 0 0}
2024/03/05 01:47:12 worker  40 get order:  &{2 [] 0 0}  order Type 2
2024/03/05 01:47:12 40  waiting for order
2024/03/05 01:47:14 40 :  call for  18  times
2024/03/05 01:47:14 CallOrder: worker get response &{2 [] 0 0}
2024/03/05 01:47:14 worker  40 get order:  &{2 [] 0 0}  order Type 2
2024/03/05 01:47:14 40  waiting for order
2024/03/05 01:47:16 40 :  call for  19  times
2024/03/05 01:47:16 CallOrder: worker get response &{2 [] 0 0}
2024/03/05 01:47:16 worker  40 get order:  &{2 [] 0 0}  order Type 2
2024/03/05 01:47:16 40  waiting for order
2024/03/05 01:47:18 40 :  call for  20  times
2024/03/05 01:47:18 CallOrder: worker get response &{2 [] 0 0}
2024/03/05 01:47:18 worker  40 get order:  &{2 [] 0 0}  order Type 2
2024/03/05 01:47:18 40  waiting for order
2024/03/05 01:47:20 40 :  call for  21  times
2024/03/05 01:47:20 CallOrder: worker get response &{1 [mr-tmp-0-1 mr-tmp-1-1 mr-tmp-2-1 mr-tmp-3-1 mr-tmp-4-1 mr-tmp-5-1 mr-tmp-6-1 mr-tmp-7-1] 9 0}
2024/03/05 01:47:20 worker  40 get order:  &{1 [mr-tmp-0-1 mr-tmp-1-1 mr-tmp-2-1 mr-tmp-3-1 mr-tmp-4-1 mr-tmp-5-1 mr-tmp-6-1 mr-tmp-7-1] 9 0}  order Type 1
2024/03/05 01:47:20 start 9 map
2024/03/05 01:47:20 Worker finish order 9, order type 1
2024/03/05 01:47:21 40 :  call for  22  times
2024/03/05 01:47:21 CallOrder: worker get response &{1 [mr-tmp-0-4 mr-tmp-1-4 mr-tmp-2-4 mr-tmp-3-4 mr-tmp-4-4 mr-tmp-5-4 mr-tmp-6-4 mr-tmp-7-4] 12 0}
2024/03/05 01:47:21 worker  40 get order:  &{1 [mr-tmp-0-4 mr-tmp-1-4 mr-tmp-2-4 mr-tmp-3-4 mr-tmp-4-4 mr-tmp-5-4 mr-tmp-6-4 mr-tmp-7-4] 12 0}  order Type 1
2024/03/05 01:47:21 start 12 map
2024/03/05 01:47:21 Worker finish order 12, order type 1
2024/03/05 01:47:22 40 :  call for  23  times
2024/03/05 01:47:22 CallOrder: worker get response &{1 [mr-tmp-0-7 mr-tmp-1-7 mr-tmp-2-7 mr-tmp-3-7 mr-tmp-4-7 mr-tmp-5-7 mr-tmp-6-7 mr-tmp-7-7] 15 0}
2024/03/05 01:47:22 worker  40 get order:  &{1 [mr-tmp-0-7 mr-tmp-1-7 mr-tmp-2-7 mr-tmp-3-7 mr-tmp-4-7 mr-tmp-5-7 mr-tmp-6-7 mr-tmp-7-7] 15 0}  order Type 1
2024/03/05 01:47:22 start 15 map
2024/03/05 01:47:22 Worker finish order 15, order type 1
2024/03/05 01:47:23 40 :  call for  24  times
2024/03/05 01:47:23 CallOrder: worker get response &{3 [] 0 0}
2024/03/05 01:47:23 worker  40 get order:  &{3 [] 0 0}  order Type 3
2024/03/05 01:47:23 40  waiting for order
2024/03/05 01:47:25 40 :  call for  25  times
2024/03/05 01:47:25 CallOrder: worker get response &{3 [] 0 0}
2024/03/05 01:47:25 worker  40 get order:  &{3 [] 0 0}  order Type 3
2024/03/05 01:47:25 40  waiting for order
2024/03/05 01:47:27 40 :  call for  26  times
2024/03/05 01:47:27 CallOrder: worker get response &{3 [] 0 0}
2024/03/05 01:47:27 worker  40 get order:  &{3 [] 0 0}  order Type 3
2024/03/05 01:47:27 40  waiting for order
2024/03/05 01:47:29 40 :  call for  27  times
2024/03/05 01:47:29 CallOrder: worker get response &{3 [] 0 0}
2024/03/05 01:47:29 worker  40 get order:  &{3 [] 0 0}  order Type 3
2024/03/05 01:47:29 40  waiting for order
2024/03/05 01:47:31 40 :  call for  28  times
2024/03/05 01:47:31 CallOrder: worker get response &{3 [] 0 0}
2024/03/05 01:47:31 worker  40 get order:  &{3 [] 0 0}  order Type 3
2024/03/05 01:47:31 40  waiting for order
2024/03/05 01:47:33 40 :  call for  29  times
2024/03/05 01:47:33 CallOrder: worker get response &{1 [mr-tmp-0-5 mr-tmp-1-5 mr-tmp-2-5 mr-tmp-3-5 mr-tmp-4-5 mr-tmp-5-5 mr-tmp-6-5 mr-tmp-7-5] 13 0}
2024/03/05 01:47:33 worker  40 get order:  &{1 [mr-tmp-0-5 mr-tmp-1-5 mr-tmp-2-5 mr-tmp-3-5 mr-tmp-4-5 mr-tmp-5-5 mr-tmp-6-5 mr-tmp-7-5] 13 0}  order Type 1
