2024/03/05 05:37:29 29 :  call for  1  times
2024/03/05 05:37:29 CallOrder: worker get response &{0 [../pg-sherlock_holmes.txt] 6 10}
2024/03/05 05:37:29 worker  29 get order:  &{0 [../pg-sherlock_holmes.txt] 6 10}  order Type 0
2024/03/05 05:37:29 start 6 map
2024/03/05 05:37:29 Worker finish order 6, order type 0
2024/03/05 05:37:30 29 :  call for  2  times
2024/03/05 05:37:30 CallOrder: worker get response &{0 [../pg-tom_sawyer.txt] 7 10}
2024/03/05 05:37:30 worker  29 get order:  &{0 [../pg-tom_sawyer.txt] 7 10}  order Type 0
2024/03/05 05:37:30 start 7 map
2024/03/05 05:37:30 Worker finish order 7, order type 0
2024/03/05 05:37:31 29 :  call for  3  times
2024/03/05 05:37:31 CallOrder: worker get response &{2 [] 0 0}
2024/03/05 05:37:31 worker  29 get order:  &{2 [] 0 0}  order Type 2
2024/03/05 05:37:31 29  waiting for order
2024/03/05 05:37:33 29 :  call for  4  times
2024/03/05 05:37:33 CallOrder: worker get response &{2 [] 0 0}
2024/03/05 05:37:33 worker  29 get order:  &{2 [] 0 0}  order Type 2
2024/03/05 05:37:33 29  waiting for order
2024/03/05 05:37:35 29 :  call for  5  times
2024/03/05 05:37:35 CallOrder: worker get response &{2 [] 0 0}
2024/03/05 05:37:35 worker  29 get order:  &{2 [] 0 0}  order Type 2
2024/03/05 05:37:35 29  waiting for order
2024/03/05 05:37:37 29 :  call for  6  times
2024/03/05 05:37:37 CallOrder: worker get response &{2 [] 0 0}
2024/03/05 05:37:37 worker  29 get order:  &{2 [] 0 0}  order Type 2
2024/03/05 05:37:37 29  waiting for order
2024/03/05 05:37:39 29 :  call for  7  times
2024/03/05 05:37:39 CallOrder: worker get response &{0 [../pg-being_ernest.txt] 0 10}
2024/03/05 05:37:39 worker  29 get order:  &{0 [../pg-being_ernest.txt] 0 10}  order Type 0
2024/03/05 05:37:39 start 0 map
2024/03/05 05:37:39 Worker finish order 0, order type 0
2024/03/05 05:37:40 29 :  call for  8  times
2024/03/05 05:37:40 CallOrder: worker get response &{0 [../pg-grimm.txt] 3 10}
2024/03/05 05:37:40 worker  29 get order:  &{0 [../pg-grimm.txt] 3 10}  order Type 0
