2024/03/05 04:20:44 44 :  call for  1  times
2024/03/05 04:20:44 CallOrder: worker get response &{2 [] 0 0}
2024/03/05 04:20:44 worker  44 get order:  &{2 [] 0 0}  order Type 2
2024/03/05 04:20:44 44  waiting for order
2024/03/05 04:20:46 44 :  call for  2  times
2024/03/05 04:20:46 CallOrder: worker get response &{2 [] 0 0}
2024/03/05 04:20:46 worker  44 get order:  &{2 [] 0 0}  order Type 2
2024/03/05 04:20:46 44  waiting for order
2024/03/05 04:20:48 44 :  call for  3  times
2024/03/05 04:20:48 CallOrder: worker get response &{2 [] 0 0}
2024/03/05 04:20:48 worker  44 get order:  &{2 [] 0 0}  order Type 2
2024/03/05 04:20:48 44  waiting for order
2024/03/05 04:20:50 44 :  call for  4  times
2024/03/05 04:20:50 CallOrder: worker get response &{2 [] 0 0}
2024/03/05 04:20:50 worker  44 get order:  &{2 [] 0 0}  order Type 2
2024/03/05 04:20:50 44  waiting for order
2024/03/05 04:20:52 44 :  call for  5  times
2024/03/05 04:20:52 CallOrder: worker get response &{2 [] 0 0}
2024/03/05 04:20:52 worker  44 get order:  &{2 [] 0 0}  order Type 2
2024/03/05 04:20:52 44  waiting for order
2024/03/05 04:20:54 44 :  call for  6  times
2024/03/05 04:20:54 CallOrder: worker get response &{2 [] 0 0}
2024/03/05 04:20:54 worker  44 get order:  &{2 [] 0 0}  order Type 2
2024/03/05 04:20:54 44  waiting for order
2024/03/05 04:20:56 44 :  call for  7  times
2024/03/05 04:20:56 CallOrder: worker get response &{2 [] 0 0}
2024/03/05 04:20:56 worker  44 get order:  &{2 [] 0 0}  order Type 2
2024/03/05 04:20:56 44  waiting for order
2024/03/05 04:20:58 44 :  call for  8  times
2024/03/05 04:20:58 CallOrder: worker get response &{2 [] 0 0}
2024/03/05 04:20:58 worker  44 get order:  &{2 [] 0 0}  order Type 2
2024/03/05 04:20:58 44  waiting for order
2024/03/05 04:21:00 44 :  call for  9  times
2024/03/05 04:21:00 CallOrder: worker get response &{2 [] 0 0}
2024/03/05 04:21:00 worker  44 get order:  &{2 [] 0 0}  order Type 2
2024/03/05 04:21:00 44  waiting for order
2024/03/05 04:21:02 44 :  call for  10  times
2024/03/05 04:21:02 CallOrder: worker get response &{2 [] 0 0}
2024/03/05 04:21:02 worker  44 get order:  &{2 [] 0 0}  order Type 2
2024/03/05 04:21:02 44  waiting for order
2024/03/05 04:21:04 44 :  call for  11  times
2024/03/05 04:21:04 CallOrder: worker get response &{0 [../pg-being_ernest.txt] 0 10}
2024/03/05 04:21:04 worker  44 get order:  &{0 [../pg-being_ernest.txt] 0 10}  order Type 0
2024/03/05 04:21:10 start 0 map
2024/03/05 04:21:10 Worker finish order 0, order type 0
2024/03/05 04:21:11 44 :  call for  12  times
2024/03/05 04:21:11 CallOrder: worker get response &{2 [] 0 0}
2024/03/05 04:21:11 worker  44 get order:  &{2 [] 0 0}  order Type 2
2024/03/05 04:21:11 44  waiting for order
2024/03/05 04:21:13 44 :  call for  13  times
2024/03/05 04:21:13 CallOrder: worker get response &{1 [mr-tmp-0-4 mr-tmp-1-4 mr-tmp-2-4 mr-tmp-3-4 mr-tmp-4-4 mr-tmp-5-4 mr-tmp-6-4 mr-tmp-7-4] 12 0}
2024/03/05 04:21:13 worker  44 get order:  &{1 [mr-tmp-0-4 mr-tmp-1-4 mr-tmp-2-4 mr-tmp-3-4 mr-tmp-4-4 mr-tmp-5-4 mr-tmp-6-4 mr-tmp-7-4] 12 0}  order Type 1
2024/03/05 04:21:13 start 12 map
2024/03/05 04:21:13 Worker finish order 12, order type 1
2024/03/05 04:21:14 44 :  call for  14  times
2024/03/05 04:21:14 CallOrder: worker get response &{1 [mr-tmp-0-7 mr-tmp-1-7 mr-tmp-2-7 mr-tmp-3-7 mr-tmp-4-7 mr-tmp-5-7 mr-tmp-6-7 mr-tmp-7-7] 15 0}
2024/03/05 04:21:14 worker  44 get order:  &{1 [mr-tmp-0-7 mr-tmp-1-7 mr-tmp-2-7 mr-tmp-3-7 mr-tmp-4-7 mr-tmp-5-7 mr-tmp-6-7 mr-tmp-7-7] 15 0}  order Type 1
2024/03/05 04:21:14 start 15 map
2024/03/05 04:21:14 Worker finish order 15, order type 1
2024/03/05 04:21:15 44 :  call for  15  times
2024/03/05 04:21:15 CallOrder: worker get response &{1 [mr-tmp-0-9 mr-tmp-1-9 mr-tmp-2-9 mr-tmp-3-9 mr-tmp-4-9 mr-tmp-5-9 mr-tmp-6-9 mr-tmp-7-9] 17 0}
2024/03/05 04:21:15 worker  44 get order:  &{1 [mr-tmp-0-9 mr-tmp-1-9 mr-tmp-2-9 mr-tmp-3-9 mr-tmp-4-9 mr-tmp-5-9 mr-tmp-6-9 mr-tmp-7-9] 17 0}  order Type 1
2024/03/05 04:21:15 start 17 map
2024/03/05 04:21:15 Worker finish order 17, order type 1
2024/03/05 04:21:16 44 :  call for  16  times
2024/03/05 04:21:16 CallOrder: worker get response &{3 [] 0 0}
2024/03/05 04:21:16 worker  44 get order:  &{3 [] 0 0}  order Type 3
2024/03/05 04:21:16 44  waiting for order
2024/03/05 04:21:18 44 :  call for  17  times
2024/03/05 04:21:18 CallOrder: worker get response &{4 [] 0 0}
2024/03/05 04:21:18 worker  44 get order:  &{4 [] 0 0}  order Type 4
2024/03/05 04:21:19 44  killed
