2024/03/05 07:53:27 27 :  call for  1  times
2024/03/05 07:53:27 CallOrder: worker get response &{1 [mr-tmp-0-8 mr-tmp-1-8 mr-tmp-2-8 mr-tmp-3-8 mr-tmp-4-8 mr-tmp-5-8 mr-tmp-6-8 mr-tmp-7-8] 16 0}
2024/03/05 07:53:27 worker  27 get order:  &{1 [mr-tmp-0-8 mr-tmp-1-8 mr-tmp-2-8 mr-tmp-3-8 mr-tmp-4-8 mr-tmp-5-8 mr-tmp-6-8 mr-tmp-7-8] 16 0}  order Type 1
2024/03/05 07:53:27 start 16 map
2024/03/05 07:53:27 Worker finish order 16, order type 1
2024/03/05 07:53:28 27 :  call for  2  times
2024/03/05 07:53:28 CallOrder: worker get response &{3 [] 0 0}
2024/03/05 07:53:28 worker  27 get order:  &{3 [] 0 0}  order Type 3
2024/03/05 07:53:28 27  waiting for order
2024/03/05 07:53:30 27 :  call for  3  times
2024/03/05 07:53:30 CallOrder: worker get response &{3 [] 0 0}
2024/03/05 07:53:30 worker  27 get order:  &{3 [] 0 0}  order Type 3
2024/03/05 07:53:30 27  waiting for order
2024/03/05 07:53:32 27 :  call for  4  times
2024/03/05 07:53:32 CallOrder: worker get response &{3 [] 0 0}
2024/03/05 07:53:32 worker  27 get order:  &{3 [] 0 0}  order Type 3
2024/03/05 07:53:32 27  waiting for order
2024/03/05 07:53:34 27 :  call for  5  times
2024/03/05 07:53:34 CallOrder: worker get response &{3 [] 0 0}
2024/03/05 07:53:34 worker  27 get order:  &{3 [] 0 0}  order Type 3
2024/03/05 07:53:34 27  waiting for order
2024/03/05 07:53:36 27 :  call for  6  times
2024/03/05 07:53:36 CallOrder: worker get response &{3 [] 0 0}
2024/03/05 07:53:36 worker  27 get order:  &{3 [] 0 0}  order Type 3
2024/03/05 07:53:36 27  waiting for order
2024/03/05 07:53:38 27 :  call for  7  times
2024/03/05 07:53:38 CallOrder: worker get response &{3 [] 0 0}
2024/03/05 07:53:38 worker  27 get order:  &{3 [] 0 0}  order Type 3
2024/03/05 07:53:38 27  waiting for order
2024/03/05 07:53:40 27 :  call for  8  times
2024/03/05 07:53:40 CallOrder: worker get response &{3 [] 0 0}
2024/03/05 07:53:40 worker  27 get order:  &{3 [] 0 0}  order Type 3
2024/03/05 07:53:40 27  waiting for order
2024/03/05 07:53:42 27 :  call for  9  times
2024/03/05 07:53:42 CallOrder: worker get response &{3 [] 0 0}
2024/03/05 07:53:42 worker  27 get order:  &{3 [] 0 0}  order Type 3
2024/03/05 07:53:42 27  waiting for order
2024/03/05 07:53:44 27 :  call for  10  times
2024/03/05 07:53:44 CallOrder: worker get response &{3 [] 0 0}
2024/03/05 07:53:44 worker  27 get order:  &{3 [] 0 0}  order Type 3
2024/03/05 07:53:44 27  waiting for order
2024/03/05 07:53:46 27 :  call for  11  times
2024/03/05 07:53:46 CallOrder: worker get response &{3 [] 0 0}
2024/03/05 07:53:46 worker  27 get order:  &{3 [] 0 0}  order Type 3
2024/03/05 07:53:46 27  waiting for order
2024/03/05 07:53:48 27 :  call for  12  times
2024/03/05 07:53:48 CallOrder: worker get response &{3 [] 0 0}
2024/03/05 07:53:48 worker  27 get order:  &{3 [] 0 0}  order Type 3
2024/03/05 07:53:48 27  waiting for order
2024/03/05 07:53:50 27 :  call for  13  times
2024/03/05 07:53:50 CallOrder: worker get response &{3 [] 0 0}
2024/03/05 07:53:50 worker  27 get order:  &{3 [] 0 0}  order Type 3
2024/03/05 07:53:50 27  waiting for order
2024/03/05 07:53:52 27 :  call for  14  times
2024/03/05 07:53:52 CallOrder: worker get response &{3 [] 0 0}
2024/03/05 07:53:52 worker  27 get order:  &{3 [] 0 0}  order Type 3
2024/03/05 07:53:52 27  waiting for order
2024/03/05 07:53:54 27 :  call for  15  times
2024/03/05 07:53:54 CallOrder: worker get response &{3 [] 0 0}
2024/03/05 07:53:54 worker  27 get order:  &{3 [] 0 0}  order Type 3
2024/03/05 07:53:54 27  waiting for order
2024/03/05 07:53:56 27 :  call for  16  times
2024/03/05 07:53:56 CallOrder: worker get response &{3 [] 0 0}
2024/03/05 07:53:56 worker  27 get order:  &{3 [] 0 0}  order Type 3
2024/03/05 07:53:56 27  waiting for order
2024/03/05 07:53:58 27 :  call for  17  times
2024/03/05 07:53:58 CallOrder: worker get response &{4 [] 0 0}
2024/03/05 07:53:58 worker  27 get order:  &{4 [] 0 0}  order Type 4
2024/03/05 07:53:59 27  killed
