2024/03/05 02:06:03 3 :  call for  1  times
2024/03/05 02:06:03 CallOrder: worker get response &{0 [../pg-dorian_gray.txt] 1 10}
2024/03/05 02:06:03 worker  3 get order:  &{0 [../pg-dorian_gray.txt] 1 10}  order Type 0
2024/03/05 02:06:05 start 1 map
2024/03/05 02:06:05 Worker finish order 1, order type 0
2024/03/05 02:06:06 3 :  call for  2  times
2024/03/05 02:06:06 CallOrder: worker get response &{0 [../pg-metamorphosis.txt] 5 10}
2024/03/05 02:06:06 worker  3 get order:  &{0 [../pg-metamorphosis.txt] 5 10}  order Type 0
2024/03/05 02:06:07 start 5 map
2024/03/05 02:06:07 Worker finish order 5, order type 0
2024/03/05 02:06:08 3 :  call for  3  times
2024/03/05 02:06:08 CallOrder: worker get response &{0 [../pg-sherlock_holmes.txt] 6 10}
2024/03/05 02:06:08 worker  3 get order:  &{0 [../pg-sherlock_holmes.txt] 6 10}  order Type 0
2024/03/05 02:06:09 start 6 map
2024/03/05 02:06:09 Worker finish order 6, order type 0
2024/03/05 02:06:10 3 :  call for  4  times
2024/03/05 02:06:10 CallOrder: worker get response &{2 [] 0 0}
2024/03/05 02:06:10 worker  3 get order:  &{2 [] 0 0}  order Type 2
2024/03/05 02:06:10 3  waiting for order
2024/03/05 02:06:12 3 :  call for  5  times
2024/03/05 02:06:12 CallOrder: worker get response &{1 [mr-tmp-0-3 mr-tmp-1-3 mr-tmp-2-3 mr-tmp-3-3 mr-tmp-4-3 mr-tmp-5-3 mr-tmp-6-3 mr-tmp-7-3] 11 0}
2024/03/05 02:06:12 worker  3 get order:  &{1 [mr-tmp-0-3 mr-tmp-1-3 mr-tmp-2-3 mr-tmp-3-3 mr-tmp-4-3 mr-tmp-5-3 mr-tmp-6-3 mr-tmp-7-3] 11 0}  order Type 1
2024/03/05 02:06:14 start 11 map
2024/03/05 02:06:14 Worker finish order 11, order type 1
2024/03/05 02:06:15 3 :  call for  6  times
2024/03/05 02:06:15 CallOrder: worker get response &{1 [mr-tmp-0-5 mr-tmp-1-5 mr-tmp-2-5 mr-tmp-3-5 mr-tmp-4-5 mr-tmp-5-5 mr-tmp-6-5 mr-tmp-7-5] 13 0}
2024/03/05 02:06:15 worker  3 get order:  &{1 [mr-tmp-0-5 mr-tmp-1-5 mr-tmp-2-5 mr-tmp-3-5 mr-tmp-4-5 mr-tmp-5-5 mr-tmp-6-5 mr-tmp-7-5] 13 0}  order Type 1
2024/03/05 02:06:15 start 13 map
2024/03/05 02:06:15 Worker finish order 13, order type 1
2024/03/05 02:06:16 3 :  call for  7  times
2024/03/05 02:06:16 CallOrder: worker get response &{1 [mr-tmp-0-8 mr-tmp-1-8 mr-tmp-2-8 mr-tmp-3-8 mr-tmp-4-8 mr-tmp-5-8 mr-tmp-6-8 mr-tmp-7-8] 16 0}
2024/03/05 02:06:16 worker  3 get order:  &{1 [mr-tmp-0-8 mr-tmp-1-8 mr-tmp-2-8 mr-tmp-3-8 mr-tmp-4-8 mr-tmp-5-8 mr-tmp-6-8 mr-tmp-7-8] 16 0}  order Type 1
2024/03/05 02:06:17 start 16 map
2024/03/05 02:06:17 Worker finish order 16, order type 1
2024/03/05 02:06:18 3 :  call for  8  times
2024/03/05 02:06:18 CallOrder: worker get response &{3 [] 0 0}
2024/03/05 02:06:18 worker  3 get order:  &{3 [] 0 0}  order Type 3
2024/03/05 02:06:18 3  waiting for order
2024/03/05 02:06:20 3 :  call for  9  times
2024/03/05 02:06:20 dialing:dial unix /var/tmp/824-mr-0: connect: connection refused
