2024/03/05 04:32:28 28 :  call for  1  times
2024/03/05 04:32:28 CallOrder: worker get response &{0 [../pg-being_ernest.txt] 0 10}
2024/03/05 04:32:28 worker  28 get order:  &{0 [../pg-being_ernest.txt] 0 10}  order Type 0
2024/03/05 04:32:28 start 0 map
2024/03/05 04:32:28 Worker finish order 0, order type 0
2024/03/05 04:32:29 28 :  call for  2  times
2024/03/05 04:32:29 CallOrder: worker get response &{0 [../pg-grimm.txt] 3 10}
2024/03/05 04:32:29 worker  28 get order:  &{0 [../pg-grimm.txt] 3 10}  order Type 0
2024/03/05 04:32:31 start 3 map
2024/03/05 04:32:31 Worker finish order 3, order type 0
2024/03/05 04:32:32 28 :  call for  3  times
2024/03/05 04:32:32 CallOrder: worker get response &{0 [../pg-sherlock_holmes.txt] 6 10}
2024/03/05 04:32:32 worker  28 get order:  &{0 [../pg-sherlock_holmes.txt] 6 10}  order Type 0
2024/03/05 04:32:34 start 6 map
2024/03/05 04:32:34 Worker finish order 6, order type 0
2024/03/05 04:32:35 28 :  call for  4  times
2024/03/05 04:32:35 CallOrder: worker get response &{1 [mr-tmp-0-1 mr-tmp-1-1 mr-tmp-2-1 mr-tmp-3-1 mr-tmp-4-1 mr-tmp-5-1 mr-tmp-6-1 mr-tmp-7-1] 9 0}
2024/03/05 04:32:35 worker  28 get order:  &{1 [mr-tmp-0-1 mr-tmp-1-1 mr-tmp-2-1 mr-tmp-3-1 mr-tmp-4-1 mr-tmp-5-1 mr-tmp-6-1 mr-tmp-7-1] 9 0}  order Type 1
2024/03/05 04:32:36 start 9 map
2024/03/05 04:32:36 Worker finish order 9, order type 1
2024/03/05 04:32:37 28 :  call for  5  times
2024/03/05 04:32:37 CallOrder: worker get response &{1 [mr-tmp-0-4 mr-tmp-1-4 mr-tmp-2-4 mr-tmp-3-4 mr-tmp-4-4 mr-tmp-5-4 mr-tmp-6-4 mr-tmp-7-4] 12 0}
2024/03/05 04:32:37 worker  28 get order:  &{1 [mr-tmp-0-4 mr-tmp-1-4 mr-tmp-2-4 mr-tmp-3-4 mr-tmp-4-4 mr-tmp-5-4 mr-tmp-6-4 mr-tmp-7-4] 12 0}  order Type 1
2024/03/05 04:32:38 start 12 map
2024/03/05 04:32:38 Worker finish order 12, order type 1
2024/03/05 04:32:39 28 :  call for  6  times
2024/03/05 04:32:39 CallOrder: worker get response &{1 [mr-tmp-0-6 mr-tmp-1-6 mr-tmp-2-6 mr-tmp-3-6 mr-tmp-4-6 mr-tmp-5-6 mr-tmp-6-6 mr-tmp-7-6] 14 0}
2024/03/05 04:32:39 worker  28 get order:  &{1 [mr-tmp-0-6 mr-tmp-1-6 mr-tmp-2-6 mr-tmp-3-6 mr-tmp-4-6 mr-tmp-5-6 mr-tmp-6-6 mr-tmp-7-6] 14 0}  order Type 1
2024/03/05 04:32:41 start 14 map
2024/03/05 04:32:41 Worker finish order 14, order type 1
2024/03/05 04:32:42 28 :  call for  7  times
2024/03/05 04:32:42 CallOrder: worker get response &{3 [] 0 0}
2024/03/05 04:32:42 worker  28 get order:  &{3 [] 0 0}  order Type 3
2024/03/05 04:32:42 28  waiting for order
2024/03/05 04:32:44 28 :  call for  8  times
2024/03/05 04:32:44 CallOrder: worker get response &{4 [] 0 0}
2024/03/05 04:32:44 worker  28 get order:  &{4 [] 0 0}  order Type 4
2024/03/05 04:32:45 28  killed
