2024/03/05 04:26:08 8 :  call for  1  times
2024/03/05 04:26:08 CallOrder: worker get response &{0 [../pg-sherlock_holmes.txt] 6 10}
2024/03/05 04:26:08 worker  8 get order:  &{0 [../pg-sherlock_holmes.txt] 6 10}  order Type 0
2024/03/05 04:26:08 start 6 map
2024/03/05 04:26:08 Worker finish order 6, order type 0
2024/03/05 04:26:09 8 :  call for  2  times
2024/03/05 04:26:09 CallOrder: worker get response &{2 [] 0 0}
2024/03/05 04:26:09 worker  8 get order:  &{2 [] 0 0}  order Type 2
2024/03/05 04:26:09 8  waiting for order
2024/03/05 04:26:11 8 :  call for  3  times
2024/03/05 04:26:11 CallOrder: worker get response &{2 [] 0 0}
2024/03/05 04:26:11 worker  8 get order:  &{2 [] 0 0}  order Type 2
2024/03/05 04:26:11 8  waiting for order
2024/03/05 04:26:13 8 :  call for  4  times
2024/03/05 04:26:13 CallOrder: worker get response &{2 [] 0 0}
2024/03/05 04:26:13 worker  8 get order:  &{2 [] 0 0}  order Type 2
2024/03/05 04:26:13 8  waiting for order
2024/03/05 04:26:15 8 :  call for  5  times
2024/03/05 04:26:15 CallOrder: worker get response &{2 [] 0 0}
2024/03/05 04:26:15 worker  8 get order:  &{2 [] 0 0}  order Type 2
2024/03/05 04:26:15 8  waiting for order
2024/03/05 04:26:17 8 :  call for  6  times
2024/03/05 04:26:17 CallOrder: worker get response &{0 [../pg-grimm.txt] 3 10}
2024/03/05 04:26:17 worker  8 get order:  &{0 [../pg-grimm.txt] 3 10}  order Type 0
2024/03/05 04:26:22 start 3 map
2024/03/05 04:26:22 Worker finish order 3, order type 0
2024/03/05 04:26:23 8 :  call for  7  times
2024/03/05 04:26:23 CallOrder: worker get response &{2 [] 0 0}
2024/03/05 04:26:23 worker  8 get order:  &{2 [] 0 0}  order Type 2
2024/03/05 04:26:23 8  waiting for order
2024/03/05 04:26:25 8 :  call for  8  times
2024/03/05 04:26:25 CallOrder: worker get response &{2 [] 0 0}
2024/03/05 04:26:25 worker  8 get order:  &{2 [] 0 0}  order Type 2
2024/03/05 04:26:25 8  waiting for order
2024/03/05 04:26:27 8 :  call for  9  times
2024/03/05 04:26:27 CallOrder: worker get response &{2 [] 0 0}
2024/03/05 04:26:27 worker  8 get order:  &{2 [] 0 0}  order Type 2
2024/03/05 04:26:27 8  waiting for order
2024/03/05 04:26:29 8 :  call for  10  times
2024/03/05 04:26:29 CallOrder: worker get response &{2 [] 0 0}
2024/03/05 04:26:29 worker  8 get order:  &{2 [] 0 0}  order Type 2
2024/03/05 04:26:29 8  waiting for order
2024/03/05 04:26:31 8 :  call for  11  times
2024/03/05 04:26:31 CallOrder: worker get response &{1 [mr-tmp-0-2 mr-tmp-1-2 mr-tmp-2-2 mr-tmp-3-2 mr-tmp-4-2 mr-tmp-5-2 mr-tmp-6-2 mr-tmp-7-2] 10 0}
2024/03/05 04:26:31 worker  8 get order:  &{1 [mr-tmp-0-2 mr-tmp-1-2 mr-tmp-2-2 mr-tmp-3-2 mr-tmp-4-2 mr-tmp-5-2 mr-tmp-6-2 mr-tmp-7-2] 10 0}  order Type 1
2024/03/05 04:26:38 start 10 map
2024/03/05 04:26:38 Worker finish order 10, order type 1
2024/03/05 04:26:39 8 :  call for  12  times
2024/03/05 04:26:39 CallOrder: worker get response &{3 [] 0 0}
2024/03/05 04:26:39 worker  8 get order:  &{3 [] 0 0}  order Type 3
2024/03/05 04:26:39 8  waiting for order
2024/03/05 04:26:41 8 :  call for  13  times
2024/03/05 04:26:41 CallOrder: worker get response &{1 [mr-tmp-0-0 mr-tmp-1-0 mr-tmp-2-0 mr-tmp-3-0 mr-tmp-4-0 mr-tmp-5-0 mr-tmp-6-0 mr-tmp-7-0] 8 0}
2024/03/05 04:26:41 worker  8 get order:  &{1 [mr-tmp-0-0 mr-tmp-1-0 mr-tmp-2-0 mr-tmp-3-0 mr-tmp-4-0 mr-tmp-5-0 mr-tmp-6-0 mr-tmp-7-0] 8 0}  order Type 1
2024/03/05 04:26:41 start 8 map
2024/03/05 04:26:41 Worker finish order 8, order type 1
2024/03/05 04:26:42 8 :  call for  14  times
2024/03/05 04:26:42 CallOrder: worker get response &{4 [] 0 0}
2024/03/05 04:26:42 worker  8 get order:  &{4 [] 0 0}  order Type 4
2024/03/05 04:26:43 8  killed
