2024/03/05 13:27:52 52 :  call for  1  times
2024/03/05 13:27:52 CallOrder: worker get response &{0 [../pg-frankenstein.txt] 2 10}
2024/03/05 13:27:52 worker  52 get order:  &{0 [../pg-frankenstein.txt] 2 10}  order Type 0
2024/03/05 13:27:52 start 2 map
2024/03/05 13:27:52 Worker finish order 2, order type 0
2024/03/05 13:27:53 52 :  call for  2  times
2024/03/05 13:27:53 CallOrder: worker get response &{0 [../pg-tom_sawyer.txt] 7 10}
2024/03/05 13:27:53 worker  52 get order:  &{0 [../pg-tom_sawyer.txt] 7 10}  order Type 0
2024/03/05 13:27:54 start 7 map
2024/03/05 13:27:54 Worker finish order 7, order type 0
2024/03/05 13:27:55 52 :  call for  3  times
2024/03/05 13:27:55 CallOrder: worker get response &{2 [] 0 0}
2024/03/05 13:27:55 worker  52 get order:  &{2 [] 0 0}  order Type 2
2024/03/05 13:27:55 52  waiting for order
2024/03/05 13:27:57 52 :  call for  4  times
2024/03/05 13:27:57 CallOrder: worker get response &{2 [] 0 0}
2024/03/05 13:27:57 worker  52 get order:  &{2 [] 0 0}  order Type 2
2024/03/05 13:27:57 52  waiting for order
2024/03/05 13:27:59 52 :  call for  5  times
2024/03/05 13:27:59 CallOrder: worker get response &{2 [] 0 0}
2024/03/05 13:27:59 worker  52 get order:  &{2 [] 0 0}  order Type 2
2024/03/05 13:27:59 52  waiting for order
2024/03/05 13:28:01 52 :  call for  6  times
2024/03/05 13:28:01 CallOrder: worker get response &{2 [] 0 0}
2024/03/05 13:28:01 worker  52 get order:  &{2 [] 0 0}  order Type 2
2024/03/05 13:28:01 52  waiting for order
2024/03/05 13:28:03 52 :  call for  7  times
2024/03/05 13:28:03 CallOrder: worker get response &{0 [../pg-dorian_gray.txt] 1 10}
2024/03/05 13:28:03 worker  52 get order:  &{0 [../pg-dorian_gray.txt] 1 10}  order Type 0
