2024/03/05 10:26:19 19 :  call for  1  times
2024/03/05 10:26:19 CallOrder: worker get response &{0 [../pg-being_ernest.txt] 0 10}
2024/03/05 10:26:19 worker  19 get order:  &{0 [../pg-being_ernest.txt] 0 10}  order Type 0
2024/03/05 10:26:19 start 0 map
2024/03/05 10:26:19 Worker finish order 0, order type 0
2024/03/05 10:26:20 19 :  call for  2  times
2024/03/05 10:26:20 CallOrder: worker get response &{0 [../pg-grimm.txt] 3 10}
2024/03/05 10:26:20 worker  19 get order:  &{0 [../pg-grimm.txt] 3 10}  order Type 0
2024/03/05 10:26:20 start 3 map
2024/03/05 10:26:20 Worker finish order 3, order type 0
2024/03/05 10:26:21 19 :  call for  3  times
2024/03/05 10:26:21 CallOrder: worker get response &{0 [../pg-sherlock_holmes.txt] 6 10}
2024/03/05 10:26:21 worker  19 get order:  &{0 [../pg-sherlock_holmes.txt] 6 10}  order Type 0
2024/03/05 10:26:21 start 6 map
2024/03/05 10:26:21 Worker finish order 6, order type 0
2024/03/05 10:26:22 19 :  call for  4  times
2024/03/05 10:26:22 CallOrder: worker get response &{2 [] 0 0}
2024/03/05 10:26:22 worker  19 get order:  &{2 [] 0 0}  order Type 2
2024/03/05 10:26:22 19  waiting for order
2024/03/05 10:26:24 19 :  call for  5  times
2024/03/05 10:26:24 CallOrder: worker get response &{1 [mr-tmp-0-4 mr-tmp-1-4 mr-tmp-2-4 mr-tmp-3-4 mr-tmp-4-4 mr-tmp-5-4 mr-tmp-6-4 mr-tmp-7-4] 12 0}
2024/03/05 10:26:24 worker  19 get order:  &{1 [mr-tmp-0-4 mr-tmp-1-4 mr-tmp-2-4 mr-tmp-3-4 mr-tmp-4-4 mr-tmp-5-4 mr-tmp-6-4 mr-tmp-7-4] 12 0}  order Type 1
2024/03/05 10:26:24 start 12 map
2024/03/05 10:26:24 Worker finish order 12, order type 1
2024/03/05 10:26:25 19 :  call for  6  times
2024/03/05 10:26:25 CallOrder: worker get response &{1 [mr-tmp-0-6 mr-tmp-1-6 mr-tmp-2-6 mr-tmp-3-6 mr-tmp-4-6 mr-tmp-5-6 mr-tmp-6-6 mr-tmp-7-6] 14 0}
2024/03/05 10:26:25 worker  19 get order:  &{1 [mr-tmp-0-6 mr-tmp-1-6 mr-tmp-2-6 mr-tmp-3-6 mr-tmp-4-6 mr-tmp-5-6 mr-tmp-6-6 mr-tmp-7-6] 14 0}  order Type 1
2024/03/05 10:26:28 start 14 map
2024/03/05 10:26:28 Worker finish order 14, order type 1
2024/03/05 10:26:29 19 :  call for  7  times
2024/03/05 10:26:29 CallOrder: worker get response &{4 [] 0 0}
2024/03/05 10:26:29 worker  19 get order:  &{4 [] 0 0}  order Type 4
2024/03/05 10:26:30 19  killed
