2024/03/05 02:13:28 28 :  call for  1  times
2024/03/05 02:13:28 CallOrder: worker get response &{0 [../pg-tom_sawyer.txt] 7 10}
2024/03/05 02:13:28 worker  28 get order:  &{0 [../pg-tom_sawyer.txt] 7 10}  order Type 0
2024/03/05 02:13:28 start 7 map
2024/03/05 02:13:28 Worker finish order 7, order type 0
2024/03/05 02:13:29 28 :  call for  2  times
2024/03/05 02:13:29 CallOrder: worker get response &{2 [] 0 0}
2024/03/05 02:13:29 worker  28 get order:  &{2 [] 0 0}  order Type 2
2024/03/05 02:13:29 28  waiting for order
2024/03/05 02:13:31 28 :  call for  3  times
2024/03/05 02:13:31 CallOrder: worker get response &{2 [] 0 0}
2024/03/05 02:13:31 worker  28 get order:  &{2 [] 0 0}  order Type 2
2024/03/05 02:13:31 28  waiting for order
2024/03/05 02:13:33 28 :  call for  4  times
2024/03/05 02:13:33 CallOrder: worker get response &{2 [] 0 0}
2024/03/05 02:13:33 worker  28 get order:  &{2 [] 0 0}  order Type 2
2024/03/05 02:13:33 28  waiting for order
2024/03/05 02:13:35 28 :  call for  5  times
2024/03/05 02:13:35 CallOrder: worker get response &{2 [] 0 0}
2024/03/05 02:13:35 worker  28 get order:  &{2 [] 0 0}  order Type 2
2024/03/05 02:13:35 28  waiting for order
2024/03/05 02:13:37 28 :  call for  6  times
2024/03/05 02:13:37 CallOrder: worker get response &{0 [../pg-grimm.txt] 3 10}
2024/03/05 02:13:37 worker  28 get order:  &{0 [../pg-grimm.txt] 3 10}  order Type 0
2024/03/05 02:13:37 start 3 map
2024/03/05 02:13:37 Worker finish order 3, order type 0
2024/03/05 02:13:38 28 :  call for  7  times
2024/03/05 02:13:38 CallOrder: worker get response &{0 [../pg-being_ernest.txt] 0 10}
2024/03/05 02:13:38 worker  28 get order:  &{0 [../pg-being_ernest.txt] 0 10}  order Type 0
