2024/03/04 22:05:35 35 :  call for  1  times
2024/03/04 22:05:35 CallOrder: worker get response &{2 [] 0 0}
2024/03/04 22:05:35 worker  35 get order:  &{2 [] 0 0}  order Type 2
2024/03/04 22:05:35 35  waiting for order
2024/03/04 22:05:37 35 :  call for  2  times
2024/03/04 22:05:37 CallOrder: worker get response &{2 [] 0 0}
2024/03/04 22:05:37 worker  35 get order:  &{2 [] 0 0}  order Type 2
2024/03/04 22:05:37 35  waiting for order
2024/03/04 22:05:39 35 :  call for  3  times
2024/03/04 22:05:39 CallOrder: worker get response &{2 [] 0 0}
2024/03/04 22:05:39 worker  35 get order:  &{2 [] 0 0}  order Type 2
2024/03/04 22:05:39 35  waiting for order
2024/03/04 22:05:41 35 :  call for  4  times
2024/03/04 22:05:41 CallOrder: worker get response &{2 [] 0 0}
2024/03/04 22:05:41 worker  35 get order:  &{2 [] 0 0}  order Type 2
2024/03/04 22:05:41 35  waiting for order
2024/03/04 22:05:43 35 :  call for  5  times
2024/03/04 22:05:43 CallOrder: worker get response &{2 [] 0 0}
2024/03/04 22:05:43 worker  35 get order:  &{2 [] 0 0}  order Type 2
2024/03/04 22:05:43 35  waiting for order
2024/03/04 22:05:45 35 :  call for  6  times
2024/03/04 22:05:45 CallOrder: worker get response &{2 [] 0 0}
2024/03/04 22:05:45 worker  35 get order:  &{2 [] 0 0}  order Type 2
2024/03/04 22:05:45 35  waiting for order
2024/03/04 22:05:47 35 :  call for  7  times
2024/03/04 22:05:47 CallOrder: worker get response &{1 [mr-tmp-0-0 mr-tmp-1-0 mr-tmp-2-0 mr-tmp-3-0 mr-tmp-4-0 mr-tmp-5-0 mr-tmp-6-0 mr-tmp-7-0] 8 0}
2024/03/04 22:05:47 worker  35 get order:  &{1 [mr-tmp-0-0 mr-tmp-1-0 mr-tmp-2-0 mr-tmp-3-0 mr-tmp-4-0 mr-tmp-5-0 mr-tmp-6-0 mr-tmp-7-0] 8 0}  order Type 1
