2024/03/04 17:33:56 56 :  call for  1  times
2024/03/04 17:33:56 CallOrder: worker get response &{0 [../pg-dorian_gray.txt] 1 10}
2024/03/04 17:33:56 worker  56 get order:  &{0 [../pg-dorian_gray.txt] 1 10}  order Type 0
2024/03/04 17:33:56 start 1 map
2024/03/04 17:33:56 Worker finish order 1, order type 0
2024/03/04 17:33:57 56 :  call for  2  times
2024/03/04 17:33:57 CallOrder: worker get response &{0 [../pg-huckleberry_finn.txt] 4 10}
2024/03/04 17:33:57 worker  56 get order:  &{0 [../pg-huckleberry_finn.txt] 4 10}  order Type 0
2024/03/04 17:33:57 start 4 map
2024/03/04 17:33:57 Worker finish order 4, order type 0
2024/03/04 17:33:58 56 :  call for  3  times
2024/03/04 17:33:58 CallOrder: worker get response &{2 [] 0 0}
2024/03/04 17:33:58 worker  56 get order:  &{2 [] 0 0}  order Type 2
2024/03/04 17:33:58 56  waiting for order
2024/03/04 17:34:00 56 :  call for  4  times
2024/03/04 17:34:00 CallOrder: worker get response &{1 [mr-tmp-0-1 mr-tmp-1-1 mr-tmp-2-1 mr-tmp-3-1 mr-tmp-4-1 mr-tmp-5-1 mr-tmp-6-1 mr-tmp-7-1] 9 0}
2024/03/04 17:34:00 worker  56 get order:  &{1 [mr-tmp-0-1 mr-tmp-1-1 mr-tmp-2-1 mr-tmp-3-1 mr-tmp-4-1 mr-tmp-5-1 mr-tmp-6-1 mr-tmp-7-1] 9 0}  order Type 1
2024/03/04 17:34:00 start 9 map
2024/03/04 17:34:00 Worker finish order 9, order type 1
2024/03/04 17:34:01 56 :  call for  5  times
2024/03/04 17:34:01 CallOrder: worker get response &{1 [mr-tmp-0-4 mr-tmp-1-4 mr-tmp-2-4 mr-tmp-3-4 mr-tmp-4-4 mr-tmp-5-4 mr-tmp-6-4 mr-tmp-7-4] 12 0}
2024/03/04 17:34:01 worker  56 get order:  &{1 [mr-tmp-0-4 mr-tmp-1-4 mr-tmp-2-4 mr-tmp-3-4 mr-tmp-4-4 mr-tmp-5-4 mr-tmp-6-4 mr-tmp-7-4] 12 0}  order Type 1
2024/03/04 17:34:01 start 12 map
2024/03/04 17:34:01 Worker finish order 12, order type 1
2024/03/04 17:34:02 56 :  call for  6  times
2024/03/04 17:34:02 CallOrder: worker get response &{1 [mr-tmp-0-6 mr-tmp-1-6 mr-tmp-2-6 mr-tmp-3-6 mr-tmp-4-6 mr-tmp-5-6 mr-tmp-6-6 mr-tmp-7-6] 14 0}
2024/03/04 17:34:02 worker  56 get order:  &{1 [mr-tmp-0-6 mr-tmp-1-6 mr-tmp-2-6 mr-tmp-3-6 mr-tmp-4-6 mr-tmp-5-6 mr-tmp-6-6 mr-tmp-7-6] 14 0}  order Type 1
2024/03/04 17:34:05 start 14 map
2024/03/04 17:34:05 Worker finish order 14, order type 1
2024/03/04 17:34:06 56 :  call for  7  times
2024/03/04 17:34:06 CallOrder: worker get response &{4 [] 0 0}
2024/03/04 17:34:06 worker  56 get order:  &{4 [] 0 0}  order Type 4
2024/03/04 17:34:07 56  killed
