2024/03/04 23:00:09 9 :  call for  1  times
2024/03/04 23:00:09 CallOrder: worker get response &{0 [../pg-being_ernest.txt] 0 10}
2024/03/04 23:00:09 worker  9 get order:  &{0 [../pg-being_ernest.txt] 0 10}  order Type 0
2024/03/04 23:00:09 start 0 map
2024/03/04 23:00:09 Worker finish order 0, order type 0
2024/03/04 23:00:10 9 :  call for  2  times
2024/03/04 23:00:10 CallOrder: worker get response &{0 [../pg-grimm.txt] 3 10}
2024/03/04 23:00:10 worker  9 get order:  &{0 [../pg-grimm.txt] 3 10}  order Type 0
2024/03/04 23:00:10 start 3 map
2024/03/04 23:00:10 Worker finish order 3, order type 0
2024/03/04 23:00:11 9 :  call for  3  times
2024/03/04 23:00:11 CallOrder: worker get response &{0 [../pg-tom_sawyer.txt] 7 10}
2024/03/04 23:00:11 worker  9 get order:  &{0 [../pg-tom_sawyer.txt] 7 10}  order Type 0
2024/03/04 23:00:11 start 7 map
2024/03/04 23:00:11 Worker finish order 7, order type 0
2024/03/04 23:00:12 9 :  call for  4  times
2024/03/04 23:00:12 CallOrder: worker get response &{1 [mr-tmp-0-0 mr-tmp-1-0 mr-tmp-2-0 mr-tmp-3-0 mr-tmp-4-0 mr-tmp-5-0 mr-tmp-6-0 mr-tmp-7-0] 8 0}
2024/03/04 23:00:12 worker  9 get order:  &{1 [mr-tmp-0-0 mr-tmp-1-0 mr-tmp-2-0 mr-tmp-3-0 mr-tmp-4-0 mr-tmp-5-0 mr-tmp-6-0 mr-tmp-7-0] 8 0}  order Type 1
2024/03/04 23:00:12 start 8 map
2024/03/04 23:00:12 Worker finish order 8, order type 1
2024/03/04 23:00:13 9 :  call for  5  times
2024/03/04 23:00:13 CallOrder: worker get response &{1 [mr-tmp-0-2 mr-tmp-1-2 mr-tmp-2-2 mr-tmp-3-2 mr-tmp-4-2 mr-tmp-5-2 mr-tmp-6-2 mr-tmp-7-2] 10 0}
2024/03/04 23:00:13 worker  9 get order:  &{1 [mr-tmp-0-2 mr-tmp-1-2 mr-tmp-2-2 mr-tmp-3-2 mr-tmp-4-2 mr-tmp-5-2 mr-tmp-6-2 mr-tmp-7-2] 10 0}  order Type 1
2024/03/04 23:00:16 start 10 map
2024/03/04 23:00:16 Worker finish order 10, order type 1
2024/03/04 23:00:17 9 :  call for  6  times
2024/03/04 23:00:17 CallOrder: worker get response &{1 [mr-tmp-0-9 mr-tmp-1-9 mr-tmp-2-9 mr-tmp-3-9 mr-tmp-4-9 mr-tmp-5-9 mr-tmp-6-9 mr-tmp-7-9] 17 0}
2024/03/04 23:00:17 worker  9 get order:  &{1 [mr-tmp-0-9 mr-tmp-1-9 mr-tmp-2-9 mr-tmp-3-9 mr-tmp-4-9 mr-tmp-5-9 mr-tmp-6-9 mr-tmp-7-9] 17 0}  order Type 1
2024/03/04 23:00:17 start 17 map
2024/03/04 23:00:17 Worker finish order 17, order type 1
2024/03/04 23:00:18 9 :  call for  7  times
2024/03/04 23:00:18 CallOrder: worker get response &{3 [] 0 0}
2024/03/04 23:00:18 worker  9 get order:  &{3 [] 0 0}  order Type 3
2024/03/04 23:00:18 9  waiting for order
2024/03/04 23:00:20 9 :  call for  8  times
2024/03/04 23:00:20 dialing:dial unix /var/tmp/824-mr-0: connect: connection refused
