2024/03/04 21:02:33 33 :  call for  1  times
2024/03/04 21:02:33 CallOrder: worker get response &{0 [../pg-frankenstein.txt] 2 10}
2024/03/04 21:02:33 worker  33 get order:  &{0 [../pg-frankenstein.txt] 2 10}  order Type 0
2024/03/04 21:02:35 start 2 map
2024/03/04 21:02:35 Worker finish order 2, order type 0
2024/03/04 21:02:36 33 :  call for  2  times
2024/03/04 21:02:36 CallOrder: worker get response &{0 [../pg-huckleberry_finn.txt] 4 10}
2024/03/04 21:02:36 worker  33 get order:  &{0 [../pg-huckleberry_finn.txt] 4 10}  order Type 0
2024/03/04 21:02:38 start 4 map
2024/03/04 21:02:38 Worker finish order 4, order type 0
2024/03/04 21:02:39 33 :  call for  3  times
2024/03/04 21:02:39 CallOrder: worker get response &{2 [] 0 0}
2024/03/04 21:02:39 worker  33 get order:  &{2 [] 0 0}  order Type 2
2024/03/04 21:02:39 33  waiting for order
2024/03/04 21:02:41 33 :  call for  4  times
2024/03/04 21:02:41 CallOrder: worker get response &{1 [mr-tmp-0-1 mr-tmp-1-1 mr-tmp-2-1 mr-tmp-3-1 mr-tmp-4-1 mr-tmp-5-1 mr-tmp-6-1 mr-tmp-7-1] 9 0}
2024/03/04 21:02:41 worker  33 get order:  &{1 [mr-tmp-0-1 mr-tmp-1-1 mr-tmp-2-1 mr-tmp-3-1 mr-tmp-4-1 mr-tmp-5-1 mr-tmp-6-1 mr-tmp-7-1] 9 0}  order Type 1
2024/03/04 21:02:41 start 9 map
2024/03/04 21:02:41 Worker finish order 9, order type 1
2024/03/04 21:02:42 33 :  call for  5  times
2024/03/04 21:02:42 CallOrder: worker get response &{1 [mr-tmp-0-2 mr-tmp-1-2 mr-tmp-2-2 mr-tmp-3-2 mr-tmp-4-2 mr-tmp-5-2 mr-tmp-6-2 mr-tmp-7-2] 10 0}
2024/03/04 21:02:42 worker  33 get order:  &{1 [mr-tmp-0-2 mr-tmp-1-2 mr-tmp-2-2 mr-tmp-3-2 mr-tmp-4-2 mr-tmp-5-2 mr-tmp-6-2 mr-tmp-7-2] 10 0}  order Type 1
2024/03/04 21:02:44 start 10 map
2024/03/04 21:02:44 Worker finish order 10, order type 1
2024/03/04 21:02:45 33 :  call for  6  times
2024/03/04 21:02:45 CallOrder: worker get response &{1 [mr-tmp-0-7 mr-tmp-1-7 mr-tmp-2-7 mr-tmp-3-7 mr-tmp-4-7 mr-tmp-5-7 mr-tmp-6-7 mr-tmp-7-7] 15 0}
2024/03/04 21:02:45 worker  33 get order:  &{1 [mr-tmp-0-7 mr-tmp-1-7 mr-tmp-2-7 mr-tmp-3-7 mr-tmp-4-7 mr-tmp-5-7 mr-tmp-6-7 mr-tmp-7-7] 15 0}  order Type 1
2024/03/04 21:02:46 start 15 map
2024/03/04 21:02:46 Worker finish order 15, order type 1
2024/03/04 21:02:47 33 :  call for  7  times
2024/03/04 21:02:47 CallOrder: worker get response &{1 [mr-tmp-0-9 mr-tmp-1-9 mr-tmp-2-9 mr-tmp-3-9 mr-tmp-4-9 mr-tmp-5-9 mr-tmp-6-9 mr-tmp-7-9] 17 0}
2024/03/04 21:02:47 worker  33 get order:  &{1 [mr-tmp-0-9 mr-tmp-1-9 mr-tmp-2-9 mr-tmp-3-9 mr-tmp-4-9 mr-tmp-5-9 mr-tmp-6-9 mr-tmp-7-9] 17 0}  order Type 1
2024/03/04 21:02:48 start 17 map
2024/03/04 21:02:48 Worker finish order 17, order type 1
2024/03/04 21:02:49 33 :  call for  8  times
2024/03/04 21:02:49 CallOrder: worker get response &{4 [] 0 0}
2024/03/04 21:02:49 worker  33 get order:  &{4 [] 0 0}  order Type 4
2024/03/04 21:02:50 33  killed
