2024/03/05 07:27:01 1 :  call for  1  times
2024/03/05 07:27:01 CallOrder: worker get response &{0 [../pg-metamorphosis.txt] 5 10}
2024/03/05 07:27:01 worker  1 get order:  &{0 [../pg-metamorphosis.txt] 5 10}  order Type 0
2024/03/05 07:27:07 start 5 map
2024/03/05 07:27:07 Worker finish order 5, order type 0
2024/03/05 07:27:08 1 :  call for  2  times
2024/03/05 07:27:08 CallOrder: worker get response &{0 [../pg-sherlock_holmes.txt] 6 10}
2024/03/05 07:27:08 worker  1 get order:  &{0 [../pg-sherlock_holmes.txt] 6 10}  order Type 0
2024/03/05 07:27:08 start 6 map
2024/03/05 07:27:08 Worker finish order 6, order type 0
2024/03/05 07:27:09 1 :  call for  3  times
2024/03/05 07:27:09 CallOrder: worker get response &{2 [] 0 0}
2024/03/05 07:27:09 worker  1 get order:  &{2 [] 0 0}  order Type 2
2024/03/05 07:27:09 1  waiting for order
2024/03/05 07:27:11 1 :  call for  4  times
2024/03/05 07:27:11 CallOrder: worker get response &{0 [../pg-being_ernest.txt] 0 10}
2024/03/05 07:27:11 worker  1 get order:  &{0 [../pg-being_ernest.txt] 0 10}  order Type 0
2024/03/05 07:27:11 start 0 map
2024/03/05 07:27:11 Worker finish order 0, order type 0
2024/03/05 07:27:12 1 :  call for  5  times
2024/03/05 07:27:12 CallOrder: worker get response &{2 [] 0 0}
2024/03/05 07:27:12 worker  1 get order:  &{2 [] 0 0}  order Type 2
2024/03/05 07:27:12 1  waiting for order
2024/03/05 07:27:14 1 :  call for  6  times
2024/03/05 07:27:14 CallOrder: worker get response &{2 [] 0 0}
2024/03/05 07:27:14 worker  1 get order:  &{2 [] 0 0}  order Type 2
2024/03/05 07:27:14 1  waiting for order
2024/03/05 07:27:16 1 :  call for  7  times
2024/03/05 07:27:16 CallOrder: worker get response &{2 [] 0 0}
2024/03/05 07:27:16 worker  1 get order:  &{2 [] 0 0}  order Type 2
2024/03/05 07:27:16 1  waiting for order
2024/03/05 07:27:18 1 :  call for  8  times
2024/03/05 07:27:18 CallOrder: worker get response &{2 [] 0 0}
2024/03/05 07:27:18 worker  1 get order:  &{2 [] 0 0}  order Type 2
2024/03/05 07:27:18 1  waiting for order
2024/03/05 07:27:20 1 :  call for  9  times
2024/03/05 07:27:20 CallOrder: worker get response &{2 [] 0 0}
2024/03/05 07:27:20 worker  1 get order:  &{2 [] 0 0}  order Type 2
2024/03/05 07:27:20 1  waiting for order
2024/03/05 07:27:22 1 :  call for  10  times
2024/03/05 07:27:22 CallOrder: worker get response &{2 [] 0 0}
2024/03/05 07:27:22 worker  1 get order:  &{2 [] 0 0}  order Type 2
2024/03/05 07:27:22 1  waiting for order
2024/03/05 07:27:24 1 :  call for  11  times
2024/03/05 07:27:24 CallOrder: worker get response &{2 [] 0 0}
2024/03/05 07:27:24 worker  1 get order:  &{2 [] 0 0}  order Type 2
2024/03/05 07:27:24 1  waiting for order
2024/03/05 07:27:26 1 :  call for  12  times
2024/03/05 07:27:26 CallOrder: worker get response &{2 [] 0 0}
2024/03/05 07:27:26 worker  1 get order:  &{2 [] 0 0}  order Type 2
2024/03/05 07:27:26 1  waiting for order
2024/03/05 07:27:28 1 :  call for  13  times
2024/03/05 07:27:28 CallOrder: worker get response &{2 [] 0 0}
2024/03/05 07:27:28 worker  1 get order:  &{2 [] 0 0}  order Type 2
2024/03/05 07:27:28 1  waiting for order
2024/03/05 07:27:30 1 :  call for  14  times
2024/03/05 07:27:30 CallOrder: worker get response &{2 [] 0 0}
2024/03/05 07:27:30 worker  1 get order:  &{2 [] 0 0}  order Type 2
2024/03/05 07:27:30 1  waiting for order
2024/03/05 07:27:32 1 :  call for  15  times
2024/03/05 07:27:32 CallOrder: worker get response &{2 [] 0 0}
2024/03/05 07:27:32 worker  1 get order:  &{2 [] 0 0}  order Type 2
2024/03/05 07:27:32 1  waiting for order
2024/03/05 07:27:34 1 :  call for  16  times
2024/03/05 07:27:34 CallOrder: worker get response &{2 [] 0 0}
2024/03/05 07:27:34 worker  1 get order:  &{2 [] 0 0}  order Type 2
2024/03/05 07:27:34 1  waiting for order
2024/03/05 07:27:36 1 :  call for  17  times
2024/03/05 07:27:36 CallOrder: worker get response &{2 [] 0 0}
2024/03/05 07:27:36 worker  1 get order:  &{2 [] 0 0}  order Type 2
2024/03/05 07:27:36 1  waiting for order
2024/03/05 07:27:38 1 :  call for  18  times
2024/03/05 07:27:38 CallOrder: worker get response &{2 [] 0 0}
2024/03/05 07:27:38 worker  1 get order:  &{2 [] 0 0}  order Type 2
2024/03/05 07:27:38 1  waiting for order
2024/03/05 07:27:40 1 :  call for  19  times
2024/03/05 07:27:40 CallOrder: worker get response &{2 [] 0 0}
2024/03/05 07:27:40 worker  1 get order:  &{2 [] 0 0}  order Type 2
2024/03/05 07:27:40 1  waiting for order
2024/03/05 07:27:42 1 :  call for  20  times
2024/03/05 07:27:42 CallOrder: worker get response &{1 [mr-tmp-0-1 mr-tmp-1-1 mr-tmp-2-1 mr-tmp-3-1 mr-tmp-4-1 mr-tmp-5-1 mr-tmp-6-1 mr-tmp-7-1] 9 0}
2024/03/05 07:27:42 worker  1 get order:  &{1 [mr-tmp-0-1 mr-tmp-1-1 mr-tmp-2-1 mr-tmp-3-1 mr-tmp-4-1 mr-tmp-5-1 mr-tmp-6-1 mr-tmp-7-1] 9 0}  order Type 1
2024/03/05 07:27:42 start 9 map
2024/03/05 07:27:42 Worker finish order 9, order type 1
2024/03/05 07:27:43 1 :  call for  21  times
2024/03/05 07:27:43 CallOrder: worker get response &{1 [mr-tmp-0-3 mr-tmp-1-3 mr-tmp-2-3 mr-tmp-3-3 mr-tmp-4-3 mr-tmp-5-3 mr-tmp-6-3 mr-tmp-7-3] 11 0}
2024/03/05 07:27:43 worker  1 get order:  &{1 [mr-tmp-0-3 mr-tmp-1-3 mr-tmp-2-3 mr-tmp-3-3 mr-tmp-4-3 mr-tmp-5-3 mr-tmp-6-3 mr-tmp-7-3] 11 0}  order Type 1
2024/03/05 07:27:43 start 11 map
2024/03/05 07:27:43 Worker finish order 11, order type 1
2024/03/05 07:27:44 1 :  call for  22  times
2024/03/05 07:27:44 CallOrder: worker get response &{1 [mr-tmp-0-5 mr-tmp-1-5 mr-tmp-2-5 mr-tmp-3-5 mr-tmp-4-5 mr-tmp-5-5 mr-tmp-6-5 mr-tmp-7-5] 13 0}
2024/03/05 07:27:44 worker  1 get order:  &{1 [mr-tmp-0-5 mr-tmp-1-5 mr-tmp-2-5 mr-tmp-3-5 mr-tmp-4-5 mr-tmp-5-5 mr-tmp-6-5 mr-tmp-7-5] 13 0}  order Type 1
2024/03/05 07:27:44 start 13 map
2024/03/05 07:27:44 Worker finish order 13, order type 1
2024/03/05 07:27:45 1 :  call for  23  times
2024/03/05 07:27:45 CallOrder: worker get response &{1 [mr-tmp-0-7 mr-tmp-1-7 mr-tmp-2-7 mr-tmp-3-7 mr-tmp-4-7 mr-tmp-5-7 mr-tmp-6-7 mr-tmp-7-7] 15 0}
2024/03/05 07:27:45 worker  1 get order:  &{1 [mr-tmp-0-7 mr-tmp-1-7 mr-tmp-2-7 mr-tmp-3-7 mr-tmp-4-7 mr-tmp-5-7 mr-tmp-6-7 mr-tmp-7-7] 15 0}  order Type 1
2024/03/05 07:27:45 start 15 map
2024/03/05 07:27:45 Worker finish order 15, order type 1
2024/03/05 07:27:46 1 :  call for  24  times
2024/03/05 07:27:46 CallOrder: worker get response &{1 [mr-tmp-0-9 mr-tmp-1-9 mr-tmp-2-9 mr-tmp-3-9 mr-tmp-4-9 mr-tmp-5-9 mr-tmp-6-9 mr-tmp-7-9] 17 0}
2024/03/05 07:27:46 worker  1 get order:  &{1 [mr-tmp-0-9 mr-tmp-1-9 mr-tmp-2-9 mr-tmp-3-9 mr-tmp-4-9 mr-tmp-5-9 mr-tmp-6-9 mr-tmp-7-9] 17 0}  order Type 1
2024/03/05 07:27:52 start 17 map
2024/03/05 07:27:52 Worker finish order 17, order type 1
2024/03/05 07:27:53 1 :  call for  25  times
2024/03/05 07:27:53 CallOrder: worker get response &{3 [] 0 0}
2024/03/05 07:27:53 worker  1 get order:  &{3 [] 0 0}  order Type 3
2024/03/05 07:27:53 1  waiting for order
2024/03/05 07:27:55 1 :  call for  26  times
2024/03/05 07:27:55 CallOrder: worker get response &{3 [] 0 0}
2024/03/05 07:27:55 worker  1 get order:  &{3 [] 0 0}  order Type 3
2024/03/05 07:27:55 1  waiting for order
2024/03/05 07:27:57 1 :  call for  27  times
2024/03/05 07:27:57 CallOrder: worker get response &{3 [] 0 0}
2024/03/05 07:27:57 worker  1 get order:  &{3 [] 0 0}  order Type 3
2024/03/05 07:27:57 1  waiting for order
2024/03/05 07:27:59 1 :  call for  28  times
2024/03/05 07:27:59 CallOrder: worker get response &{3 [] 0 0}
2024/03/05 07:27:59 worker  1 get order:  &{3 [] 0 0}  order Type 3
2024/03/05 07:27:59 1  waiting for order
2024/03/05 07:28:01 1 :  call for  29  times
2024/03/05 07:28:01 CallOrder: worker get response &{3 [] 0 0}
2024/03/05 07:28:01 worker  1 get order:  &{3 [] 0 0}  order Type 3
2024/03/05 07:28:01 1  waiting for order
2024/03/05 07:28:03 1 :  call for  30  times
2024/03/05 07:28:03 CallOrder: worker get response &{3 [] 0 0}
2024/03/05 07:28:03 worker  1 get order:  &{3 [] 0 0}  order Type 3
2024/03/05 07:28:03 1  waiting for order
2024/03/05 07:28:05 1 :  call for  31  times
2024/03/05 07:28:05 CallOrder: worker get response &{3 [] 0 0}
2024/03/05 07:28:05 worker  1 get order:  &{3 [] 0 0}  order Type 3
2024/03/05 07:28:05 1  waiting for order
2024/03/05 07:28:07 1 :  call for  32  times
2024/03/05 07:28:07 CallOrder: worker get response &{3 [] 0 0}
2024/03/05 07:28:07 worker  1 get order:  &{3 [] 0 0}  order Type 3
2024/03/05 07:28:07 1  waiting for order
2024/03/05 07:28:09 1 :  call for  33  times
2024/03/05 07:28:09 CallOrder: worker get response &{3 [] 0 0}
2024/03/05 07:28:09 worker  1 get order:  &{3 [] 0 0}  order Type 3
2024/03/05 07:28:09 1  waiting for order
2024/03/05 07:28:11 1 :  call for  34  times
2024/03/05 07:28:11 CallOrder: worker get response &{3 [] 0 0}
2024/03/05 07:28:11 worker  1 get order:  &{3 [] 0 0}  order Type 3
2024/03/05 07:28:11 1  waiting for order
2024/03/05 07:28:13 1 :  call for  35  times
2024/03/05 07:28:13 CallOrder: worker get response &{3 [] 0 0}
2024/03/05 07:28:13 worker  1 get order:  &{3 [] 0 0}  order Type 3
2024/03/05 07:28:13 1  waiting for order
2024/03/05 07:28:15 1 :  call for  36  times
2024/03/05 07:28:15 CallOrder: worker get response &{3 [] 0 0}
2024/03/05 07:28:15 worker  1 get order:  &{3 [] 0 0}  order Type 3
2024/03/05 07:28:15 1  waiting for order
2024/03/05 07:28:17 1 :  call for  37  times
2024/03/05 07:28:17 CallOrder: worker get response &{3 [] 0 0}
2024/03/05 07:28:17 worker  1 get order:  &{3 [] 0 0}  order Type 3
2024/03/05 07:28:17 1  waiting for order
2024/03/05 07:28:19 1 :  call for  38  times
2024/03/05 07:28:19 CallOrder: worker get response &{3 [] 0 0}
2024/03/05 07:28:19 worker  1 get order:  &{3 [] 0 0}  order Type 3
2024/03/05 07:28:19 1  waiting for order
2024/03/05 07:28:21 1 :  call for  39  times
2024/03/05 07:28:21 CallOrder: worker get response &{3 [] 0 0}
2024/03/05 07:28:21 worker  1 get order:  &{3 [] 0 0}  order Type 3
2024/03/05 07:28:21 1  waiting for order
2024/03/05 07:28:23 1 :  call for  40  times
2024/03/05 07:28:23 CallOrder: worker get response &{4 [] 0 0}
2024/03/05 07:28:23 worker  1 get order:  &{4 [] 0 0}  order Type 4
2024/03/05 07:28:24 1  killed
