2024/03/04 22:47:50 50 :  call for  1  times
2024/03/04 22:47:50 CallOrder: worker get response &{2 [] 0 0}
2024/03/04 22:47:50 worker  50 get order:  &{2 [] 0 0}  order Type 2
2024/03/04 22:47:50 50  waiting for order
2024/03/04 22:47:52 50 :  call for  2  times
2024/03/04 22:47:52 CallOrder: worker get response &{2 [] 0 0}
2024/03/04 22:47:52 worker  50 get order:  &{2 [] 0 0}  order Type 2
2024/03/04 22:47:52 50  waiting for order
2024/03/04 22:47:54 50 :  call for  3  times
2024/03/04 22:47:54 CallOrder: worker get response &{2 [] 0 0}
2024/03/04 22:47:54 worker  50 get order:  &{2 [] 0 0}  order Type 2
2024/03/04 22:47:54 50  waiting for order
2024/03/04 22:47:56 50 :  call for  4  times
2024/03/04 22:47:56 CallOrder: worker get response &{2 [] 0 0}
2024/03/04 22:47:56 worker  50 get order:  &{2 [] 0 0}  order Type 2
2024/03/04 22:47:56 50  waiting for order
2024/03/04 22:47:58 50 :  call for  5  times
2024/03/04 22:47:58 CallOrder: worker get response &{2 [] 0 0}
2024/03/04 22:47:58 worker  50 get order:  &{2 [] 0 0}  order Type 2
2024/03/04 22:47:58 50  waiting for order
2024/03/04 22:48:00 50 :  call for  6  times
2024/03/04 22:48:01 CallOrder: worker get response &{0 [../pg-frankenstein.txt] 2 10}
2024/03/04 22:48:01 worker  50 get order:  &{0 [../pg-frankenstein.txt] 2 10}  order Type 0
2024/03/04 22:48:01 start 2 map
2024/03/04 22:48:01 Worker finish order 2, order type 0
2024/03/04 22:48:02 50 :  call for  7  times
2024/03/04 22:48:02 CallOrder: worker get response &{1 [mr-tmp-0-0 mr-tmp-1-0 mr-tmp-2-0 mr-tmp-3-0 mr-tmp-4-0 mr-tmp-5-0 mr-tmp-6-0 mr-tmp-7-0] 8 0}
2024/03/04 22:48:02 worker  50 get order:  &{1 [mr-tmp-0-0 mr-tmp-1-0 mr-tmp-2-0 mr-tmp-3-0 mr-tmp-4-0 mr-tmp-5-0 mr-tmp-6-0 mr-tmp-7-0] 8 0}  order Type 1
