2024/03/05 00:06:17 17 :  call for  1  times
2024/03/05 00:06:17 CallOrder: worker get response &{2 [] 0 0}
2024/03/05 00:06:17 worker  17 get order:  &{2 [] 0 0}  order Type 2
2024/03/05 00:06:17 17  waiting for order
2024/03/05 00:06:19 17 :  call for  2  times
2024/03/05 00:06:19 CallOrder: worker get response &{2 [] 0 0}
2024/03/05 00:06:19 worker  17 get order:  &{2 [] 0 0}  order Type 2
2024/03/05 00:06:19 17  waiting for order
2024/03/05 00:06:21 17 :  call for  3  times
2024/03/05 00:06:21 CallOrder: worker get response &{2 [] 0 0}
2024/03/05 00:06:21 worker  17 get order:  &{2 [] 0 0}  order Type 2
2024/03/05 00:06:21 17  waiting for order
2024/03/05 00:06:23 17 :  call for  4  times
2024/03/05 00:06:23 CallOrder: worker get response &{2 [] 0 0}
2024/03/05 00:06:23 worker  17 get order:  &{2 [] 0 0}  order Type 2
2024/03/05 00:06:23 17  waiting for order
2024/03/05 00:06:25 17 :  call for  5  times
2024/03/05 00:06:25 CallOrder: worker get response &{2 [] 0 0}
2024/03/05 00:06:25 worker  17 get order:  &{2 [] 0 0}  order Type 2
2024/03/05 00:06:25 17  waiting for order
2024/03/05 00:06:27 17 :  call for  6  times
2024/03/05 00:06:27 CallOrder: worker get response &{0 [../pg-sherlock_holmes.txt] 6 10}
2024/03/05 00:06:27 worker  17 get order:  &{0 [../pg-sherlock_holmes.txt] 6 10}  order Type 0
2024/03/05 00:06:36 start 6 map
2024/03/05 00:06:36 Worker finish order 6, order type 0
2024/03/05 00:06:37 17 :  call for  7  times
2024/03/05 00:06:37 CallOrder: worker get response &{2 [] 0 0}
2024/03/05 00:06:37 worker  17 get order:  &{2 [] 0 0}  order Type 2
2024/03/05 00:06:37 17  waiting for order
2024/03/05 00:06:39 17 :  call for  8  times
2024/03/05 00:06:39 CallOrder: worker get response &{2 [] 0 0}
2024/03/05 00:06:39 worker  17 get order:  &{2 [] 0 0}  order Type 2
2024/03/05 00:06:39 17  waiting for order
2024/03/05 00:06:41 17 :  call for  9  times
2024/03/05 00:06:41 CallOrder: worker get response &{2 [] 0 0}
2024/03/05 00:06:41 worker  17 get order:  &{2 [] 0 0}  order Type 2
2024/03/05 00:06:41 17  waiting for order
2024/03/05 00:06:43 17 :  call for  10  times
2024/03/05 00:06:43 CallOrder: worker get response &{2 [] 0 0}
2024/03/05 00:06:43 worker  17 get order:  &{2 [] 0 0}  order Type 2
2024/03/05 00:06:43 17  waiting for order
2024/03/05 00:06:45 17 :  call for  11  times
2024/03/05 00:06:45 CallOrder: worker get response &{2 [] 0 0}
2024/03/05 00:06:45 worker  17 get order:  &{2 [] 0 0}  order Type 2
2024/03/05 00:06:45 17  waiting for order
2024/03/05 00:06:47 17 :  call for  12  times
2024/03/05 00:06:47 CallOrder: worker get response &{1 [mr-tmp-0-4 mr-tmp-1-4 mr-tmp-2-4 mr-tmp-3-4 mr-tmp-4-4 mr-tmp-5-4 mr-tmp-6-4 mr-tmp-7-4] 12 0}
2024/03/05 00:06:47 worker  17 get order:  &{1 [mr-tmp-0-4 mr-tmp-1-4 mr-tmp-2-4 mr-tmp-3-4 mr-tmp-4-4 mr-tmp-5-4 mr-tmp-6-4 mr-tmp-7-4] 12 0}  order Type 1
2024/03/05 00:06:47 start 12 map
2024/03/05 00:06:47 Worker finish order 12, order type 1
2024/03/05 00:06:48 17 :  call for  13  times
2024/03/05 00:06:48 CallOrder: worker get response &{1 [mr-tmp-0-7 mr-tmp-1-7 mr-tmp-2-7 mr-tmp-3-7 mr-tmp-4-7 mr-tmp-5-7 mr-tmp-6-7 mr-tmp-7-7] 15 0}
2024/03/05 00:06:48 worker  17 get order:  &{1 [mr-tmp-0-7 mr-tmp-1-7 mr-tmp-2-7 mr-tmp-3-7 mr-tmp-4-7 mr-tmp-5-7 mr-tmp-6-7 mr-tmp-7-7] 15 0}  order Type 1
2024/03/05 00:06:48 start 15 map
2024/03/05 00:06:48 Worker finish order 15, order type 1
2024/03/05 00:06:49 17 :  call for  14  times
2024/03/05 00:06:49 CallOrder: worker get response &{3 [] 0 0}
2024/03/05 00:06:49 worker  17 get order:  &{3 [] 0 0}  order Type 3
2024/03/05 00:06:49 17  waiting for order
2024/03/05 00:06:51 17 :  call for  15  times
2024/03/05 00:06:51 CallOrder: worker get response &{3 [] 0 0}
2024/03/05 00:06:51 worker  17 get order:  &{3 [] 0 0}  order Type 3
2024/03/05 00:06:51 17  waiting for order
2024/03/05 00:06:53 17 :  call for  16  times
2024/03/05 00:06:53 CallOrder: worker get response &{3 [] 0 0}
2024/03/05 00:06:53 worker  17 get order:  &{3 [] 0 0}  order Type 3
2024/03/05 00:06:53 17  waiting for order
2024/03/05 00:06:55 17 :  call for  17  times
2024/03/05 00:06:55 CallOrder: worker get response &{3 [] 0 0}
2024/03/05 00:06:55 worker  17 get order:  &{3 [] 0 0}  order Type 3
2024/03/05 00:06:55 17  waiting for order
2024/03/05 00:06:57 17 :  call for  18  times
2024/03/05 00:06:57 CallOrder: worker get response &{1 [mr-tmp-0-0 mr-tmp-1-0 mr-tmp-2-0 mr-tmp-3-0 mr-tmp-4-0 mr-tmp-5-0 mr-tmp-6-0 mr-tmp-7-0] 8 0}
2024/03/05 00:06:57 worker  17 get order:  &{1 [mr-tmp-0-0 mr-tmp-1-0 mr-tmp-2-0 mr-tmp-3-0 mr-tmp-4-0 mr-tmp-5-0 mr-tmp-6-0 mr-tmp-7-0] 8 0}  order Type 1
2024/03/05 00:07:06 start 8 map
2024/03/05 00:07:06 Worker finish order 8, order type 1
2024/03/05 00:07:07 17 :  call for  19  times
2024/03/05 00:07:07 CallOrder: worker get response &{3 [] 0 0}
2024/03/05 00:07:07 worker  17 get order:  &{3 [] 0 0}  order Type 3
2024/03/05 00:07:07 17  waiting for order
2024/03/05 00:07:09 17 :  call for  20  times
2024/03/05 00:07:09 CallOrder: worker get response &{3 [] 0 0}
2024/03/05 00:07:09 worker  17 get order:  &{3 [] 0 0}  order Type 3
2024/03/05 00:07:09 17  waiting for order
2024/03/05 00:07:11 17 :  call for  21  times
2024/03/05 00:07:11 CallOrder: worker get response &{4 [] 0 0}
2024/03/05 00:07:11 worker  17 get order:  &{4 [] 0 0}  order Type 4
2024/03/05 00:07:12 17  killed
