2024/03/05 09:22:23 23 :  call for  1  times
2024/03/05 09:22:23 CallOrder: worker get response &{0 [../pg-being_ernest.txt] 0 10}
2024/03/05 09:22:23 worker  23 get order:  &{0 [../pg-being_ernest.txt] 0 10}  order Type 0
2024/03/05 09:22:29 start 0 map
2024/03/05 09:22:29 Worker finish order 0, order type 0
2024/03/05 09:22:30 23 :  call for  2  times
2024/03/05 09:22:30 CallOrder: worker get response &{2 [] 0 0}
2024/03/05 09:22:30 worker  23 get order:  &{2 [] 0 0}  order Type 2
2024/03/05 09:22:30 23  waiting for order
2024/03/05 09:22:32 23 :  call for  3  times
2024/03/05 09:22:32 CallOrder: worker get response &{2 [] 0 0}
2024/03/05 09:22:32 worker  23 get order:  &{2 [] 0 0}  order Type 2
2024/03/05 09:22:32 23  waiting for order
2024/03/05 09:22:34 23 :  call for  4  times
2024/03/05 09:22:34 CallOrder: worker get response &{2 [] 0 0}
2024/03/05 09:22:34 worker  23 get order:  &{2 [] 0 0}  order Type 2
2024/03/05 09:22:34 23  waiting for order
2024/03/05 09:22:36 23 :  call for  5  times
2024/03/05 09:22:36 CallOrder: worker get response &{2 [] 0 0}
2024/03/05 09:22:36 worker  23 get order:  &{2 [] 0 0}  order Type 2
2024/03/05 09:22:36 23  waiting for order
2024/03/05 09:22:38 23 :  call for  6  times
2024/03/05 09:22:38 CallOrder: worker get response &{2 [] 0 0}
2024/03/05 09:22:38 worker  23 get order:  &{2 [] 0 0}  order Type 2
2024/03/05 09:22:38 23  waiting for order
2024/03/05 09:22:40 23 :  call for  7  times
2024/03/05 09:22:40 CallOrder: worker get response &{2 [] 0 0}
2024/03/05 09:22:40 worker  23 get order:  &{2 [] 0 0}  order Type 2
2024/03/05 09:22:40 23  waiting for order
2024/03/05 09:22:42 23 :  call for  8  times
2024/03/05 09:22:42 CallOrder: worker get response &{2 [] 0 0}
2024/03/05 09:22:42 worker  23 get order:  &{2 [] 0 0}  order Type 2
2024/03/05 09:22:42 23  waiting for order
2024/03/05 09:22:44 23 :  call for  9  times
2024/03/05 09:22:44 CallOrder: worker get response &{1 [mr-tmp-0-5 mr-tmp-1-5 mr-tmp-2-5 mr-tmp-3-5 mr-tmp-4-5 mr-tmp-5-5 mr-tmp-6-5 mr-tmp-7-5] 13 0}
2024/03/05 09:22:44 worker  23 get order:  &{1 [mr-tmp-0-5 mr-tmp-1-5 mr-tmp-2-5 mr-tmp-3-5 mr-tmp-4-5 mr-tmp-5-5 mr-tmp-6-5 mr-tmp-7-5] 13 0}  order Type 1
