2024/03/05 04:18:11 11 :  call for  1  times
2024/03/05 04:18:11 CallOrder: worker get response &{0 [../pg-huckleberry_finn.txt] 4 10}
2024/03/05 04:18:11 worker  11 get order:  &{0 [../pg-huckleberry_finn.txt] 4 10}  order Type 0
2024/03/05 04:18:11 start 4 map
2024/03/05 04:18:11 Worker finish order 4, order type 0
2024/03/05 04:18:12 11 :  call for  2  times
2024/03/05 04:18:12 CallOrder: worker get response &{0 [../pg-metamorphosis.txt] 5 10}
2024/03/05 04:18:12 worker  11 get order:  &{0 [../pg-metamorphosis.txt] 5 10}  order Type 0
2024/03/05 04:18:16 start 5 map
2024/03/05 04:18:16 Worker finish order 5, order type 0
2024/03/05 04:18:17 11 :  call for  3  times
2024/03/05 04:18:17 CallOrder: worker get response &{2 [] 0 0}
2024/03/05 04:18:17 worker  11 get order:  &{2 [] 0 0}  order Type 2
2024/03/05 04:18:17 11  waiting for order
2024/03/05 04:18:19 11 :  call for  4  times
2024/03/05 04:18:19 CallOrder: worker get response &{2 [] 0 0}
2024/03/05 04:18:19 worker  11 get order:  &{2 [] 0 0}  order Type 2
2024/03/05 04:18:19 11  waiting for order
2024/03/05 04:18:21 11 :  call for  5  times
2024/03/05 04:18:21 CallOrder: worker get response &{2 [] 0 0}
2024/03/05 04:18:21 worker  11 get order:  &{2 [] 0 0}  order Type 2
2024/03/05 04:18:21 11  waiting for order
2024/03/05 04:18:23 11 :  call for  6  times
2024/03/05 04:18:23 CallOrder: worker get response &{1 [mr-tmp-0-0 mr-tmp-1-0 mr-tmp-2-0 mr-tmp-3-0 mr-tmp-4-0 mr-tmp-5-0 mr-tmp-6-0 mr-tmp-7-0] 8 0}
2024/03/05 04:18:23 worker  11 get order:  &{1 [mr-tmp-0-0 mr-tmp-1-0 mr-tmp-2-0 mr-tmp-3-0 mr-tmp-4-0 mr-tmp-5-0 mr-tmp-6-0 mr-tmp-7-0] 8 0}  order Type 1
2024/03/05 04:18:23 start 8 map
2024/03/05 04:18:23 Worker finish order 8, order type 1
2024/03/05 04:18:24 11 :  call for  7  times
2024/03/05 04:18:24 CallOrder: worker get response &{1 [mr-tmp-0-2 mr-tmp-1-2 mr-tmp-2-2 mr-tmp-3-2 mr-tmp-4-2 mr-tmp-5-2 mr-tmp-6-2 mr-tmp-7-2] 10 0}
2024/03/05 04:18:24 worker  11 get order:  &{1 [mr-tmp-0-2 mr-tmp-1-2 mr-tmp-2-2 mr-tmp-3-2 mr-tmp-4-2 mr-tmp-5-2 mr-tmp-6-2 mr-tmp-7-2] 10 0}  order Type 1
2024/03/05 04:18:29 start 10 map
2024/03/05 04:18:29 Worker finish order 10, order type 1
2024/03/05 04:18:30 11 :  call for  8  times
2024/03/05 04:18:30 CallOrder: worker get response &{4 [] 0 0}
2024/03/05 04:18:30 worker  11 get order:  &{4 [] 0 0}  order Type 4
2024/03/05 04:18:31 11  killed
