2024/03/05 13:16:43 43 :  call for  1  times
2024/03/05 13:16:43 CallOrder: worker get response &{0 [../pg-dorian_gray.txt] 1 10}
2024/03/05 13:16:43 worker  43 get order:  &{0 [../pg-dorian_gray.txt] 1 10}  order Type 0
2024/03/05 13:16:46 start 1 map
2024/03/05 13:16:46 Worker finish order 1, order type 0
2024/03/05 13:16:47 43 :  call for  2  times
2024/03/05 13:16:47 CallOrder: worker get response &{0 [../pg-metamorphosis.txt] 5 10}
2024/03/05 13:16:47 worker  43 get order:  &{0 [../pg-metamorphosis.txt] 5 10}  order Type 0
2024/03/05 13:16:48 start 5 map
2024/03/05 13:16:48 Worker finish order 5, order type 0
2024/03/05 13:16:49 43 :  call for  3  times
2024/03/05 13:16:49 CallOrder: worker get response &{0 [../pg-sherlock_holmes.txt] 6 10}
2024/03/05 13:16:49 worker  43 get order:  &{0 [../pg-sherlock_holmes.txt] 6 10}  order Type 0
2024/03/05 13:16:52 start 6 map
2024/03/05 13:16:52 Worker finish order 6, order type 0
2024/03/05 13:16:53 43 :  call for  4  times
2024/03/05 13:16:53 CallOrder: worker get response &{1 [mr-tmp-0-0 mr-tmp-1-0 mr-tmp-2-0 mr-tmp-3-0 mr-tmp-4-0 mr-tmp-5-0 mr-tmp-6-0 mr-tmp-7-0] 8 0}
2024/03/05 13:16:53 worker  43 get order:  &{1 [mr-tmp-0-0 mr-tmp-1-0 mr-tmp-2-0 mr-tmp-3-0 mr-tmp-4-0 mr-tmp-5-0 mr-tmp-6-0 mr-tmp-7-0] 8 0}  order Type 1
2024/03/05 13:16:53 start 8 map
2024/03/05 13:16:53 Worker finish order 8, order type 1
2024/03/05 13:16:54 43 :  call for  5  times
2024/03/05 13:16:54 CallOrder: worker get response &{1 [mr-tmp-0-2 mr-tmp-1-2 mr-tmp-2-2 mr-tmp-3-2 mr-tmp-4-2 mr-tmp-5-2 mr-tmp-6-2 mr-tmp-7-2] 10 0}
2024/03/05 13:16:54 worker  43 get order:  &{1 [mr-tmp-0-2 mr-tmp-1-2 mr-tmp-2-2 mr-tmp-3-2 mr-tmp-4-2 mr-tmp-5-2 mr-tmp-6-2 mr-tmp-7-2] 10 0}  order Type 1
2024/03/05 13:16:56 start 10 map
2024/03/05 13:16:56 Worker finish order 10, order type 1
2024/03/05 13:16:57 43 :  call for  6  times
2024/03/05 13:16:57 CallOrder: worker get response &{1 [mr-tmp-0-7 mr-tmp-1-7 mr-tmp-2-7 mr-tmp-3-7 mr-tmp-4-7 mr-tmp-5-7 mr-tmp-6-7 mr-tmp-7-7] 15 0}
2024/03/05 13:16:57 worker  43 get order:  &{1 [mr-tmp-0-7 mr-tmp-1-7 mr-tmp-2-7 mr-tmp-3-7 mr-tmp-4-7 mr-tmp-5-7 mr-tmp-6-7 mr-tmp-7-7] 15 0}  order Type 1
2024/03/05 13:16:58 start 15 map
2024/03/05 13:16:58 Worker finish order 15, order type 1
2024/03/05 13:16:59 43 :  call for  7  times
2024/03/05 13:16:59 CallOrder: worker get response &{1 [mr-tmp-0-9 mr-tmp-1-9 mr-tmp-2-9 mr-tmp-3-9 mr-tmp-4-9 mr-tmp-5-9 mr-tmp-6-9 mr-tmp-7-9] 17 0}
2024/03/05 13:16:59 worker  43 get order:  &{1 [mr-tmp-0-9 mr-tmp-1-9 mr-tmp-2-9 mr-tmp-3-9 mr-tmp-4-9 mr-tmp-5-9 mr-tmp-6-9 mr-tmp-7-9] 17 0}  order Type 1
2024/03/05 13:16:59 start 17 map
2024/03/05 13:16:59 Worker finish order 17, order type 1
2024/03/05 13:17:00 43 :  call for  8  times
2024/03/05 13:17:00 CallOrder: worker get response &{4 [] 0 0}
2024/03/05 13:17:00 worker  43 get order:  &{4 [] 0 0}  order Type 4
2024/03/05 13:17:01 43  killed
