2024/03/04 20:30:18 18 :  call for  1  times
2024/03/04 20:30:18 CallOrder: worker get response &{2 [] 0 0}
2024/03/04 20:30:18 worker  18 get order:  &{2 [] 0 0}  order Type 2
2024/03/04 20:30:18 18  waiting for order
2024/03/04 20:30:20 18 :  call for  2  times
2024/03/04 20:30:20 CallOrder: worker get response &{2 [] 0 0}
2024/03/04 20:30:20 worker  18 get order:  &{2 [] 0 0}  order Type 2
2024/03/04 20:30:20 18  waiting for order
2024/03/04 20:30:22 18 :  call for  3  times
2024/03/04 20:30:22 CallOrder: worker get response &{2 [] 0 0}
2024/03/04 20:30:22 worker  18 get order:  &{2 [] 0 0}  order Type 2
2024/03/04 20:30:22 18  waiting for order
2024/03/04 20:30:24 18 :  call for  4  times
2024/03/04 20:30:24 CallOrder: worker get response &{2 [] 0 0}
2024/03/04 20:30:24 worker  18 get order:  &{2 [] 0 0}  order Type 2
2024/03/04 20:30:24 18  waiting for order
2024/03/04 20:30:26 18 :  call for  5  times
2024/03/04 20:30:26 CallOrder: worker get response &{2 [] 0 0}
2024/03/04 20:30:26 worker  18 get order:  &{2 [] 0 0}  order Type 2
2024/03/04 20:30:26 18  waiting for order
2024/03/04 20:30:28 18 :  call for  6  times
2024/03/04 20:30:28 CallOrder: worker get response &{2 [] 0 0}
2024/03/04 20:30:28 worker  18 get order:  &{2 [] 0 0}  order Type 2
2024/03/04 20:30:28 18  waiting for order
2024/03/04 20:30:30 18 :  call for  7  times
2024/03/04 20:30:30 CallOrder: worker get response &{1 [mr-tmp-0-0 mr-tmp-1-0 mr-tmp-2-0 mr-tmp-3-0 mr-tmp-4-0 mr-tmp-5-0 mr-tmp-6-0 mr-tmp-7-0] 8 0}
2024/03/04 20:30:30 worker  18 get order:  &{1 [mr-tmp-0-0 mr-tmp-1-0 mr-tmp-2-0 mr-tmp-3-0 mr-tmp-4-0 mr-tmp-5-0 mr-tmp-6-0 mr-tmp-7-0] 8 0}  order Type 1
