2024/03/05 05:35:38 38 :  call for  1  times
2024/03/05 05:35:38 CallOrder: worker get response &{0 [../pg-dorian_gray.txt] 1 10}
2024/03/05 05:35:38 worker  38 get order:  &{0 [../pg-dorian_gray.txt] 1 10}  order Type 0
2024/03/05 05:35:40 start 1 map
2024/03/05 05:35:40 Worker finish order 1, order type 0
2024/03/05 05:35:41 38 :  call for  2  times
2024/03/05 05:35:41 CallOrder: worker get response &{0 [../pg-metamorphosis.txt] 5 10}
2024/03/05 05:35:41 worker  38 get order:  &{0 [../pg-metamorphosis.txt] 5 10}  order Type 0
2024/03/05 05:35:41 start 5 map
2024/03/05 05:35:41 Worker finish order 5, order type 0
2024/03/05 05:35:42 38 :  call for  3  times
2024/03/05 05:35:42 CallOrder: worker get response &{0 [../pg-tom_sawyer.txt] 7 10}
2024/03/05 05:35:42 worker  38 get order:  &{0 [../pg-tom_sawyer.txt] 7 10}  order Type 0
2024/03/05 05:35:44 start 7 map
2024/03/05 05:35:44 Worker finish order 7, order type 0
2024/03/05 05:35:45 38 :  call for  4  times
2024/03/05 05:35:45 CallOrder: worker get response &{2 [] 0 0}
2024/03/05 05:35:45 worker  38 get order:  &{2 [] 0 0}  order Type 2
2024/03/05 05:35:45 38  waiting for order
2024/03/05 05:35:47 38 :  call for  5  times
2024/03/05 05:35:47 CallOrder: worker get response &{1 [mr-tmp-0-4 mr-tmp-1-4 mr-tmp-2-4 mr-tmp-3-4 mr-tmp-4-4 mr-tmp-5-4 mr-tmp-6-4 mr-tmp-7-4] 12 0}
2024/03/05 05:35:47 worker  38 get order:  &{1 [mr-tmp-0-4 mr-tmp-1-4 mr-tmp-2-4 mr-tmp-3-4 mr-tmp-4-4 mr-tmp-5-4 mr-tmp-6-4 mr-tmp-7-4] 12 0}  order Type 1
2024/03/05 05:35:48 start 12 map
2024/03/05 05:35:48 Worker finish order 12, order type 1
2024/03/05 05:35:49 38 :  call for  6  times
2024/03/05 05:35:49 CallOrder: worker get response &{1 [mr-tmp-0-6 mr-tmp-1-6 mr-tmp-2-6 mr-tmp-3-6 mr-tmp-4-6 mr-tmp-5-6 mr-tmp-6-6 mr-tmp-7-6] 14 0}
2024/03/05 05:35:49 worker  38 get order:  &{1 [mr-tmp-0-6 mr-tmp-1-6 mr-tmp-2-6 mr-tmp-3-6 mr-tmp-4-6 mr-tmp-5-6 mr-tmp-6-6 mr-tmp-7-6] 14 0}  order Type 1
2024/03/05 05:35:50 start 14 map
2024/03/05 05:35:50 Worker finish order 14, order type 1
2024/03/05 05:35:51 38 :  call for  7  times
2024/03/05 05:35:51 CallOrder: worker get response &{3 [] 0 0}
2024/03/05 05:35:51 worker  38 get order:  &{3 [] 0 0}  order Type 3
2024/03/05 05:35:51 38  waiting for order
2024/03/05 05:35:53 38 :  call for  8  times
2024/03/05 05:35:53 CallOrder: worker get response &{4 [] 0 0}
2024/03/05 05:35:53 worker  38 get order:  &{4 [] 0 0}  order Type 4
2024/03/05 05:35:54 38  killed
