2024/03/04 22:58:11 11 :  call for  1  times
2024/03/04 22:58:11 CallOrder: worker get response &{3 [] 0 0}
2024/03/04 22:58:11 worker  11 get order:  &{3 [] 0 0}  order Type 3
2024/03/04 22:58:11 11  waiting for order
2024/03/04 22:58:13 11 :  call for  2  times
2024/03/04 22:58:13 CallOrder: worker get response &{3 [] 0 0}
2024/03/04 22:58:13 worker  11 get order:  &{3 [] 0 0}  order Type 3
2024/03/04 22:58:13 11  waiting for order
2024/03/04 22:58:15 11 :  call for  3  times
2024/03/04 22:58:15 CallOrder: worker get response &{3 [] 0 0}
2024/03/04 22:58:15 worker  11 get order:  &{3 [] 0 0}  order Type 3
2024/03/04 22:58:15 11  waiting for order
2024/03/04 22:58:17 11 :  call for  4  times
2024/03/04 22:58:17 CallOrder: worker get response &{3 [] 0 0}
2024/03/04 22:58:17 worker  11 get order:  &{3 [] 0 0}  order Type 3
2024/03/04 22:58:17 11  waiting for order
2024/03/04 22:58:19 11 :  call for  5  times
2024/03/04 22:58:19 CallOrder: worker get response &{3 [] 0 0}
2024/03/04 22:58:19 worker  11 get order:  &{3 [] 0 0}  order Type 3
2024/03/04 22:58:19 11  waiting for order
2024/03/04 22:58:21 11 :  call for  6  times
2024/03/04 22:58:21 CallOrder: worker get response &{3 [] 0 0}
2024/03/04 22:58:21 worker  11 get order:  &{3 [] 0 0}  order Type 3
2024/03/04 22:58:21 11  waiting for order
2024/03/04 22:58:23 11 :  call for  7  times
2024/03/04 22:58:23 dialing:dial unix /var/tmp/824-mr-0: connect: connection refused
