2024/03/05 06:46:47 47 :  call for  1  times
2024/03/05 06:46:47 CallOrder: worker get response &{0 [../pg-frankenstein.txt] 2 10}
2024/03/05 06:46:47 worker  47 get order:  &{0 [../pg-frankenstein.txt] 2 10}  order Type 0
2024/03/05 06:46:55 start 2 map
2024/03/05 06:46:55 Worker finish order 2, order type 0
2024/03/05 06:46:56 47 :  call for  2  times
2024/03/05 06:46:56 CallOrder: worker get response &{2 [] 0 0}
2024/03/05 06:46:56 worker  47 get order:  &{2 [] 0 0}  order Type 2
2024/03/05 06:46:56 47  waiting for order
2024/03/05 06:46:58 47 :  call for  3  times
2024/03/05 06:46:58 CallOrder: worker get response &{2 [] 0 0}
2024/03/05 06:46:58 worker  47 get order:  &{2 [] 0 0}  order Type 2
2024/03/05 06:46:58 47  waiting for order
2024/03/05 06:47:00 47 :  call for  4  times
2024/03/05 06:47:00 CallOrder: worker get response &{2 [] 0 0}
2024/03/05 06:47:00 worker  47 get order:  &{2 [] 0 0}  order Type 2
2024/03/05 06:47:00 47  waiting for order
2024/03/05 06:47:02 47 :  call for  5  times
2024/03/05 06:47:02 CallOrder: worker get response &{2 [] 0 0}
2024/03/05 06:47:02 worker  47 get order:  &{2 [] 0 0}  order Type 2
2024/03/05 06:47:02 47  waiting for order
2024/03/05 06:47:04 47 :  call for  6  times
2024/03/05 06:47:04 CallOrder: worker get response &{2 [] 0 0}
2024/03/05 06:47:04 worker  47 get order:  &{2 [] 0 0}  order Type 2
2024/03/05 06:47:04 47  waiting for order
2024/03/05 06:47:06 47 :  call for  7  times
2024/03/05 06:47:06 CallOrder: worker get response &{2 [] 0 0}
2024/03/05 06:47:06 worker  47 get order:  &{2 [] 0 0}  order Type 2
2024/03/05 06:47:06 47  waiting for order
2024/03/05 06:47:08 47 :  call for  8  times
2024/03/05 06:47:08 CallOrder: worker get response &{2 [] 0 0}
2024/03/05 06:47:08 worker  47 get order:  &{2 [] 0 0}  order Type 2
2024/03/05 06:47:08 47  waiting for order
2024/03/05 06:47:10 47 :  call for  9  times
2024/03/05 06:47:10 CallOrder: worker get response &{2 [] 0 0}
2024/03/05 06:47:10 worker  47 get order:  &{2 [] 0 0}  order Type 2
2024/03/05 06:47:10 47  waiting for order
2024/03/05 06:47:12 47 :  call for  10  times
2024/03/05 06:47:12 CallOrder: worker get response &{2 [] 0 0}
2024/03/05 06:47:12 worker  47 get order:  &{2 [] 0 0}  order Type 2
2024/03/05 06:47:12 47  waiting for order
2024/03/05 06:47:14 47 :  call for  11  times
2024/03/05 06:47:14 CallOrder: worker get response &{2 [] 0 0}
2024/03/05 06:47:14 worker  47 get order:  &{2 [] 0 0}  order Type 2
2024/03/05 06:47:14 47  waiting for order
2024/03/05 06:47:16 47 :  call for  12  times
2024/03/05 06:47:16 CallOrder: worker get response &{2 [] 0 0}
2024/03/05 06:47:16 worker  47 get order:  &{2 [] 0 0}  order Type 2
2024/03/05 06:47:16 47  waiting for order
2024/03/05 06:47:18 47 :  call for  13  times
2024/03/05 06:47:18 CallOrder: worker get response &{2 [] 0 0}
2024/03/05 06:47:18 worker  47 get order:  &{2 [] 0 0}  order Type 2
2024/03/05 06:47:18 47  waiting for order
2024/03/05 06:47:20 47 :  call for  14  times
2024/03/05 06:47:20 CallOrder: worker get response &{2 [] 0 0}
2024/03/05 06:47:20 worker  47 get order:  &{2 [] 0 0}  order Type 2
2024/03/05 06:47:20 47  waiting for order
2024/03/05 06:47:22 47 :  call for  15  times
2024/03/05 06:47:22 CallOrder: worker get response &{0 [../pg-dorian_gray.txt] 1 10}
2024/03/05 06:47:22 worker  47 get order:  &{0 [../pg-dorian_gray.txt] 1 10}  order Type 0
2024/03/05 06:47:24 start 1 map
2024/03/05 06:47:24 Worker finish order 1, order type 0
2024/03/05 06:47:25 47 :  call for  16  times
2024/03/05 06:47:25 CallOrder: worker get response &{1 [mr-tmp-0-1 mr-tmp-1-1 mr-tmp-2-1 mr-tmp-3-1 mr-tmp-4-1 mr-tmp-5-1 mr-tmp-6-1 mr-tmp-7-1] 9 0}
2024/03/05 06:47:25 worker  47 get order:  &{1 [mr-tmp-0-1 mr-tmp-1-1 mr-tmp-2-1 mr-tmp-3-1 mr-tmp-4-1 mr-tmp-5-1 mr-tmp-6-1 mr-tmp-7-1] 9 0}  order Type 1
2024/03/05 06:47:25 start 9 map
2024/03/05 06:47:25 Worker finish order 9, order type 1
2024/03/05 06:47:26 47 :  call for  17  times
2024/03/05 06:47:26 CallOrder: worker get response &{1 [mr-tmp-0-2 mr-tmp-1-2 mr-tmp-2-2 mr-tmp-3-2 mr-tmp-4-2 mr-tmp-5-2 mr-tmp-6-2 mr-tmp-7-2] 10 0}
2024/03/05 06:47:26 worker  47 get order:  &{1 [mr-tmp-0-2 mr-tmp-1-2 mr-tmp-2-2 mr-tmp-3-2 mr-tmp-4-2 mr-tmp-5-2 mr-tmp-6-2 mr-tmp-7-2] 10 0}  order Type 1
2024/03/05 06:47:26 start 10 map
2024/03/05 06:47:26 Worker finish order 10, order type 1
2024/03/05 06:47:27 47 :  call for  18  times
2024/03/05 06:47:27 CallOrder: worker get response &{1 [mr-tmp-0-4 mr-tmp-1-4 mr-tmp-2-4 mr-tmp-3-4 mr-tmp-4-4 mr-tmp-5-4 mr-tmp-6-4 mr-tmp-7-4] 12 0}
2024/03/05 06:47:27 worker  47 get order:  &{1 [mr-tmp-0-4 mr-tmp-1-4 mr-tmp-2-4 mr-tmp-3-4 mr-tmp-4-4 mr-tmp-5-4 mr-tmp-6-4 mr-tmp-7-4] 12 0}  order Type 1
2024/03/05 06:47:27 start 12 map
2024/03/05 06:47:27 Worker finish order 12, order type 1
2024/03/05 06:47:28 47 :  call for  19  times
2024/03/05 06:47:28 CallOrder: worker get response &{1 [mr-tmp-0-6 mr-tmp-1-6 mr-tmp-2-6 mr-tmp-3-6 mr-tmp-4-6 mr-tmp-5-6 mr-tmp-6-6 mr-tmp-7-6] 14 0}
2024/03/05 06:47:28 worker  47 get order:  &{1 [mr-tmp-0-6 mr-tmp-1-6 mr-tmp-2-6 mr-tmp-3-6 mr-tmp-4-6 mr-tmp-5-6 mr-tmp-6-6 mr-tmp-7-6] 14 0}  order Type 1
2024/03/05 06:47:28 start 14 map
2024/03/05 06:47:28 Worker finish order 14, order type 1
2024/03/05 06:47:29 47 :  call for  20  times
2024/03/05 06:47:29 CallOrder: worker get response &{1 [mr-tmp-0-8 mr-tmp-1-8 mr-tmp-2-8 mr-tmp-3-8 mr-tmp-4-8 mr-tmp-5-8 mr-tmp-6-8 mr-tmp-7-8] 16 0}
2024/03/05 06:47:29 worker  47 get order:  &{1 [mr-tmp-0-8 mr-tmp-1-8 mr-tmp-2-8 mr-tmp-3-8 mr-tmp-4-8 mr-tmp-5-8 mr-tmp-6-8 mr-tmp-7-8] 16 0}  order Type 1
2024/03/05 06:47:29 start 16 map
2024/03/05 06:47:29 Worker finish order 16, order type 1
2024/03/05 06:47:30 47 :  call for  21  times
2024/03/05 06:47:30 CallOrder: worker get response &{3 [] 0 0}
2024/03/05 06:47:30 worker  47 get order:  &{3 [] 0 0}  order Type 3
2024/03/05 06:47:30 47  waiting for order
2024/03/05 06:47:32 47 :  call for  22  times
2024/03/05 06:47:32 CallOrder: worker get response &{3 [] 0 0}
2024/03/05 06:47:32 worker  47 get order:  &{3 [] 0 0}  order Type 3
2024/03/05 06:47:32 47  waiting for order
2024/03/05 06:47:34 47 :  call for  23  times
2024/03/05 06:47:34 CallOrder: worker get response &{0 [] 0 0}
2024/03/05 06:47:34 worker  47 get order:  &{0 [] 0 0}  order Type 0
