2024/03/05 09:02:37 37 :  call for  1  times
2024/03/05 09:02:37 CallOrder: worker get response &{0 [../pg-frankenstein.txt] 2 10}
2024/03/05 09:02:37 worker  37 get order:  &{0 [../pg-frankenstein.txt] 2 10}  order Type 0
2024/03/05 09:02:39 start 2 map
2024/03/05 09:02:39 Worker finish order 2, order type 0
2024/03/05 09:02:40 37 :  call for  2  times
2024/03/05 09:02:40 CallOrder: worker get response &{0 [../pg-huckleberry_finn.txt] 4 10}
2024/03/05 09:02:40 worker  37 get order:  &{0 [../pg-huckleberry_finn.txt] 4 10}  order Type 0
2024/03/05 09:02:43 start 4 map
2024/03/05 09:02:43 Worker finish order 4, order type 0
2024/03/05 09:02:44 37 :  call for  3  times
2024/03/05 09:02:44 CallOrder: worker get response &{2 [] 0 0}
2024/03/05 09:02:44 worker  37 get order:  &{2 [] 0 0}  order Type 2
2024/03/05 09:02:44 37  waiting for order
2024/03/05 09:02:46 37 :  call for  4  times
2024/03/05 09:02:46 CallOrder: worker get response &{2 [] 0 0}
2024/03/05 09:02:46 worker  37 get order:  &{2 [] 0 0}  order Type 2
2024/03/05 09:02:46 37  waiting for order
2024/03/05 09:02:48 37 :  call for  5  times
2024/03/05 09:02:48 CallOrder: worker get response &{1 [mr-tmp-0-2 mr-tmp-1-2 mr-tmp-2-2 mr-tmp-3-2 mr-tmp-4-2 mr-tmp-5-2 mr-tmp-6-2 mr-tmp-7-2] 10 0}
2024/03/05 09:02:48 worker  37 get order:  &{1 [mr-tmp-0-2 mr-tmp-1-2 mr-tmp-2-2 mr-tmp-3-2 mr-tmp-4-2 mr-tmp-5-2 mr-tmp-6-2 mr-tmp-7-2] 10 0}  order Type 1
2024/03/05 09:02:49 start 10 map
2024/03/05 09:02:49 Worker finish order 10, order type 1
2024/03/05 09:02:50 37 :  call for  6  times
2024/03/05 09:02:50 CallOrder: worker get response &{1 [mr-tmp-0-7 mr-tmp-1-7 mr-tmp-2-7 mr-tmp-3-7 mr-tmp-4-7 mr-tmp-5-7 mr-tmp-6-7 mr-tmp-7-7] 15 0}
2024/03/05 09:02:50 worker  37 get order:  &{1 [mr-tmp-0-7 mr-tmp-1-7 mr-tmp-2-7 mr-tmp-3-7 mr-tmp-4-7 mr-tmp-5-7 mr-tmp-6-7 mr-tmp-7-7] 15 0}  order Type 1
2024/03/05 09:02:51 start 15 map
2024/03/05 09:02:51 Worker finish order 15, order type 1
2024/03/05 09:02:52 37 :  call for  7  times
2024/03/05 09:02:52 CallOrder: worker get response &{1 [mr-tmp-0-9 mr-tmp-1-9 mr-tmp-2-9 mr-tmp-3-9 mr-tmp-4-9 mr-tmp-5-9 mr-tmp-6-9 mr-tmp-7-9] 17 0}
2024/03/05 09:02:52 worker  37 get order:  &{1 [mr-tmp-0-9 mr-tmp-1-9 mr-tmp-2-9 mr-tmp-3-9 mr-tmp-4-9 mr-tmp-5-9 mr-tmp-6-9 mr-tmp-7-9] 17 0}  order Type 1
2024/03/05 09:02:53 start 17 map
2024/03/05 09:02:53 Worker finish order 17, order type 1
2024/03/05 09:02:54 37 :  call for  8  times
2024/03/05 09:02:54 CallOrder: worker get response &{4 [] 0 0}
2024/03/05 09:02:54 worker  37 get order:  &{4 [] 0 0}  order Type 4
2024/03/05 09:02:55 37  killed
