2024/03/05 11:09:43 43 :  call for  1  times
2024/03/05 11:09:43 CallOrder: worker get response &{0 [../pg-frankenstein.txt] 2 10}
2024/03/05 11:09:43 worker  43 get order:  &{0 [../pg-frankenstein.txt] 2 10}  order Type 0
2024/03/05 11:09:47 start 2 map
2024/03/05 11:09:47 Worker finish order 2, order type 0
2024/03/05 11:09:48 43 :  call for  2  times
2024/03/05 11:09:48 CallOrder: worker get response &{2 [] 0 0}
2024/03/05 11:09:48 worker  43 get order:  &{2 [] 0 0}  order Type 2
2024/03/05 11:09:48 43  waiting for order
2024/03/05 11:09:50 43 :  call for  3  times
2024/03/05 11:09:50 CallOrder: worker get response &{2 [] 0 0}
2024/03/05 11:09:50 worker  43 get order:  &{2 [] 0 0}  order Type 2
2024/03/05 11:09:50 43  waiting for order
2024/03/05 11:09:52 43 :  call for  4  times
2024/03/05 11:09:52 CallOrder: worker get response &{2 [] 0 0}
2024/03/05 11:09:52 worker  43 get order:  &{2 [] 0 0}  order Type 2
2024/03/05 11:09:52 43  waiting for order
2024/03/05 11:09:54 43 :  call for  5  times
2024/03/05 11:09:54 CallOrder: worker get response &{2 [] 0 0}
2024/03/05 11:09:54 worker  43 get order:  &{2 [] 0 0}  order Type 2
2024/03/05 11:09:54 43  waiting for order
2024/03/05 11:09:56 43 :  call for  6  times
2024/03/05 11:09:56 CallOrder: worker get response &{2 [] 0 0}
2024/03/05 11:09:56 worker  43 get order:  &{2 [] 0 0}  order Type 2
2024/03/05 11:09:56 43  waiting for order
2024/03/05 11:09:58 43 :  call for  7  times
2024/03/05 11:09:58 CallOrder: worker get response &{2 [] 0 0}
2024/03/05 11:09:58 worker  43 get order:  &{2 [] 0 0}  order Type 2
2024/03/05 11:09:58 43  waiting for order
2024/03/05 11:10:00 43 :  call for  8  times
2024/03/05 11:10:00 CallOrder: worker get response &{2 [] 0 0}
2024/03/05 11:10:00 worker  43 get order:  &{2 [] 0 0}  order Type 2
2024/03/05 11:10:00 43  waiting for order
2024/03/05 11:10:02 43 :  call for  9  times
2024/03/05 11:10:02 CallOrder: worker get response &{2 [] 0 0}
2024/03/05 11:10:02 worker  43 get order:  &{2 [] 0 0}  order Type 2
2024/03/05 11:10:02 43  waiting for order
2024/03/05 11:10:04 43 :  call for  10  times
2024/03/05 11:10:04 CallOrder: worker get response &{2 [] 0 0}
2024/03/05 11:10:04 worker  43 get order:  &{2 [] 0 0}  order Type 2
2024/03/05 11:10:04 43  waiting for order
2024/03/05 11:10:06 43 :  call for  11  times
2024/03/05 11:10:06 CallOrder: worker get response &{1 [mr-tmp-0-1 mr-tmp-1-1 mr-tmp-2-1 mr-tmp-3-1 mr-tmp-4-1 mr-tmp-5-1 mr-tmp-6-1 mr-tmp-7-1] 9 0}
2024/03/05 11:10:06 worker  43 get order:  &{1 [mr-tmp-0-1 mr-tmp-1-1 mr-tmp-2-1 mr-tmp-3-1 mr-tmp-4-1 mr-tmp-5-1 mr-tmp-6-1 mr-tmp-7-1] 9 0}  order Type 1
2024/03/05 11:10:06 start 9 map
2024/03/05 11:10:06 Worker finish order 9, order type 1
2024/03/05 11:10:07 43 :  call for  12  times
2024/03/05 11:10:07 CallOrder: worker get response &{1 [mr-tmp-0-3 mr-tmp-1-3 mr-tmp-2-3 mr-tmp-3-3 mr-tmp-4-3 mr-tmp-5-3 mr-tmp-6-3 mr-tmp-7-3] 11 0}
2024/03/05 11:10:07 worker  43 get order:  &{1 [mr-tmp-0-3 mr-tmp-1-3 mr-tmp-2-3 mr-tmp-3-3 mr-tmp-4-3 mr-tmp-5-3 mr-tmp-6-3 mr-tmp-7-3] 11 0}  order Type 1
2024/03/05 11:10:07 start 11 map
2024/03/05 11:10:07 Worker finish order 11, order type 1
2024/03/05 11:10:08 43 :  call for  13  times
2024/03/05 11:10:08 CallOrder: worker get response &{1 [mr-tmp-0-5 mr-tmp-1-5 mr-tmp-2-5 mr-tmp-3-5 mr-tmp-4-5 mr-tmp-5-5 mr-tmp-6-5 mr-tmp-7-5] 13 0}
2024/03/05 11:10:08 worker  43 get order:  &{1 [mr-tmp-0-5 mr-tmp-1-5 mr-tmp-2-5 mr-tmp-3-5 mr-tmp-4-5 mr-tmp-5-5 mr-tmp-6-5 mr-tmp-7-5] 13 0}  order Type 1
2024/03/05 11:10:14 start 13 map
2024/03/05 11:10:14 Worker finish order 13, order type 1
2024/03/05 11:10:15 43 :  call for  14  times
2024/03/05 11:10:15 CallOrder: worker get response &{3 [] 0 0}
2024/03/05 11:10:15 worker  43 get order:  &{3 [] 0 0}  order Type 3
2024/03/05 11:10:15 43  waiting for order
2024/03/05 11:10:17 43 :  call for  15  times
2024/03/05 11:10:17 CallOrder: worker get response &{1 [mr-tmp-0-0 mr-tmp-1-0 mr-tmp-2-0 mr-tmp-3-0 mr-tmp-4-0 mr-tmp-5-0 mr-tmp-6-0 mr-tmp-7-0] 8 0}
2024/03/05 11:10:17 worker  43 get order:  &{1 [mr-tmp-0-0 mr-tmp-1-0 mr-tmp-2-0 mr-tmp-3-0 mr-tmp-4-0 mr-tmp-5-0 mr-tmp-6-0 mr-tmp-7-0] 8 0}  order Type 1
2024/03/05 11:10:25 start 8 map
2024/03/05 11:10:25 Worker finish order 8, order type 1
2024/03/05 11:10:26 43 :  call for  16  times
2024/03/05 11:10:26 CallOrder: worker get response &{4 [] 0 0}
2024/03/05 11:10:26 worker  43 get order:  &{4 [] 0 0}  order Type 4
2024/03/05 11:10:27 43  killed
