2024/03/05 06:21:25 25 :  call for  1  times
2024/03/05 06:21:25 CallOrder: worker get response &{0 [../pg-frankenstein.txt] 2 10}
2024/03/05 06:21:25 worker  25 get order:  &{0 [../pg-frankenstein.txt] 2 10}  order Type 0
2024/03/05 06:21:25 start 2 map
2024/03/05 06:21:25 Worker finish order 2, order type 0
2024/03/05 06:21:26 25 :  call for  2  times
2024/03/05 06:21:26 CallOrder: worker get response &{0 [../pg-huckleberry_finn.txt] 4 10}
2024/03/05 06:21:26 worker  25 get order:  &{0 [../pg-huckleberry_finn.txt] 4 10}  order Type 0
2024/03/05 06:21:26 start 4 map
2024/03/05 06:21:26 Worker finish order 4, order type 0
2024/03/05 06:21:27 25 :  call for  3  times
2024/03/05 06:21:27 CallOrder: worker get response &{0 [../pg-tom_sawyer.txt] 7 10}
2024/03/05 06:21:27 worker  25 get order:  &{0 [../pg-tom_sawyer.txt] 7 10}  order Type 0
2024/03/05 06:21:27 start 7 map
2024/03/05 06:21:27 Worker finish order 7, order type 0
2024/03/05 06:21:28 25 :  call for  4  times
2024/03/05 06:21:28 CallOrder: worker get response &{1 [mr-tmp-0-0 mr-tmp-1-0 mr-tmp-2-0 mr-tmp-3-0 mr-tmp-4-0 mr-tmp-5-0 mr-tmp-6-0 mr-tmp-7-0] 8 0}
2024/03/05 06:21:28 worker  25 get order:  &{1 [mr-tmp-0-0 mr-tmp-1-0 mr-tmp-2-0 mr-tmp-3-0 mr-tmp-4-0 mr-tmp-5-0 mr-tmp-6-0 mr-tmp-7-0] 8 0}  order Type 1
2024/03/05 06:21:28 start 8 map
2024/03/05 06:21:28 Worker finish order 8, order type 1
2024/03/05 06:21:29 25 :  call for  5  times
2024/03/05 06:21:29 CallOrder: worker get response &{1 [mr-tmp-0-2 mr-tmp-1-2 mr-tmp-2-2 mr-tmp-3-2 mr-tmp-4-2 mr-tmp-5-2 mr-tmp-6-2 mr-tmp-7-2] 10 0}
2024/03/05 06:21:29 worker  25 get order:  &{1 [mr-tmp-0-2 mr-tmp-1-2 mr-tmp-2-2 mr-tmp-3-2 mr-tmp-4-2 mr-tmp-5-2 mr-tmp-6-2 mr-tmp-7-2] 10 0}  order Type 1
2024/03/05 06:21:32 start 10 map
2024/03/05 06:21:32 Worker finish order 10, order type 1
2024/03/05 06:21:33 25 :  call for  6  times
2024/03/05 06:21:33 CallOrder: worker get response &{1 [mr-tmp-0-9 mr-tmp-1-9 mr-tmp-2-9 mr-tmp-3-9 mr-tmp-4-9 mr-tmp-5-9 mr-tmp-6-9 mr-tmp-7-9] 17 0}
2024/03/05 06:21:33 worker  25 get order:  &{1 [mr-tmp-0-9 mr-tmp-1-9 mr-tmp-2-9 mr-tmp-3-9 mr-tmp-4-9 mr-tmp-5-9 mr-tmp-6-9 mr-tmp-7-9] 17 0}  order Type 1
2024/03/05 06:21:33 start 17 map
2024/03/05 06:21:33 Worker finish order 17, order type 1
2024/03/05 06:21:34 25 :  call for  7  times
2024/03/05 06:21:34 CallOrder: worker get response &{3 [] 0 0}
2024/03/05 06:21:34 worker  25 get order:  &{3 [] 0 0}  order Type 3
2024/03/05 06:21:34 25  waiting for order
2024/03/05 06:21:36 25 :  call for  8  times
2024/03/05 06:21:36 dialing:dial unix /var/tmp/824-mr-0: connect: connection refused
