2024/03/05 03:52:31 31 :  call for  1  times
2024/03/05 03:52:31 CallOrder: worker get response &{0 [../pg-tom_sawyer.txt] 7 10}
2024/03/05 03:52:31 worker  31 get order:  &{0 [../pg-tom_sawyer.txt] 7 10}  order Type 0
2024/03/05 03:52:32 start 7 map
2024/03/05 03:52:32 Worker finish order 7, order type 0
2024/03/05 03:52:33 31 :  call for  2  times
2024/03/05 03:52:33 CallOrder: worker get response &{2 [] 0 0}
2024/03/05 03:52:33 worker  31 get order:  &{2 [] 0 0}  order Type 2
2024/03/05 03:52:33 31  waiting for order
2024/03/05 03:52:35 31 :  call for  3  times
2024/03/05 03:52:35 CallOrder: worker get response &{2 [] 0 0}
2024/03/05 03:52:35 worker  31 get order:  &{2 [] 0 0}  order Type 2
2024/03/05 03:52:35 31  waiting for order
2024/03/05 03:52:37 31 :  call for  4  times
2024/03/05 03:52:37 CallOrder: worker get response &{2 [] 0 0}
2024/03/05 03:52:37 worker  31 get order:  &{2 [] 0 0}  order Type 2
2024/03/05 03:52:37 31  waiting for order
2024/03/05 03:52:39 31 :  call for  5  times
2024/03/05 03:52:39 CallOrder: worker get response &{2 [] 0 0}
2024/03/05 03:52:39 worker  31 get order:  &{2 [] 0 0}  order Type 2
2024/03/05 03:52:39 31  waiting for order
2024/03/05 03:52:41 31 :  call for  6  times
2024/03/05 03:52:41 CallOrder: worker get response &{0 [../pg-dorian_gray.txt] 1 10}
2024/03/05 03:52:41 worker  31 get order:  &{0 [../pg-dorian_gray.txt] 1 10}  order Type 0
2024/03/05 03:52:41 start 1 map
2024/03/05 03:52:41 Worker finish order 1, order type 0
2024/03/05 03:52:42 31 :  call for  7  times
2024/03/05 03:52:42 CallOrder: worker get response &{0 [../pg-metamorphosis.txt] 5 10}
2024/03/05 03:52:42 worker  31 get order:  &{0 [../pg-metamorphosis.txt] 5 10}  order Type 0
2024/03/05 03:52:42 start 5 map
2024/03/05 03:52:42 Worker finish order 5, order type 0
2024/03/05 03:52:43 31 :  call for  8  times
2024/03/05 03:52:43 CallOrder: worker get response &{2 [] 0 0}
2024/03/05 03:52:43 worker  31 get order:  &{2 [] 0 0}  order Type 2
2024/03/05 03:52:43 31  waiting for order
2024/03/05 03:52:45 31 :  call for  9  times
2024/03/05 03:52:45 CallOrder: worker get response &{1 [mr-tmp-0-1 mr-tmp-1-1 mr-tmp-2-1 mr-tmp-3-1 mr-tmp-4-1 mr-tmp-5-1 mr-tmp-6-1 mr-tmp-7-1] 9 0}
2024/03/05 03:52:45 worker  31 get order:  &{1 [mr-tmp-0-1 mr-tmp-1-1 mr-tmp-2-1 mr-tmp-3-1 mr-tmp-4-1 mr-tmp-5-1 mr-tmp-6-1 mr-tmp-7-1] 9 0}  order Type 1
2024/03/05 03:52:45 start 9 map
2024/03/05 03:52:45 Worker finish order 9, order type 1
2024/03/05 03:52:46 31 :  call for  10  times
2024/03/05 03:52:47 CallOrder: worker get response &{1 [mr-tmp-0-3 mr-tmp-1-3 mr-tmp-2-3 mr-tmp-3-3 mr-tmp-4-3 mr-tmp-5-3 mr-tmp-6-3 mr-tmp-7-3] 11 0}
2024/03/05 03:52:47 worker  31 get order:  &{1 [mr-tmp-0-3 mr-tmp-1-3 mr-tmp-2-3 mr-tmp-3-3 mr-tmp-4-3 mr-tmp-5-3 mr-tmp-6-3 mr-tmp-7-3] 11 0}  order Type 1
2024/03/05 03:52:47 start 11 map
2024/03/05 03:52:47 Worker finish order 11, order type 1
2024/03/05 03:52:48 31 :  call for  11  times
2024/03/05 03:52:48 CallOrder: worker get response &{1 [mr-tmp-0-6 mr-tmp-1-6 mr-tmp-2-6 mr-tmp-3-6 mr-tmp-4-6 mr-tmp-5-6 mr-tmp-6-6 mr-tmp-7-6] 14 0}
2024/03/05 03:52:48 worker  31 get order:  &{1 [mr-tmp-0-6 mr-tmp-1-6 mr-tmp-2-6 mr-tmp-3-6 mr-tmp-4-6 mr-tmp-5-6 mr-tmp-6-6 mr-tmp-7-6] 14 0}  order Type 1
2024/03/05 03:52:48 start 14 map
2024/03/05 03:52:48 Worker finish order 14, order type 1
2024/03/05 03:52:49 31 :  call for  12  times
2024/03/05 03:52:49 CallOrder: worker get response &{1 [mr-tmp-0-9 mr-tmp-1-9 mr-tmp-2-9 mr-tmp-3-9 mr-tmp-4-9 mr-tmp-5-9 mr-tmp-6-9 mr-tmp-7-9] 17 0}
2024/03/05 03:52:49 worker  31 get order:  &{1 [mr-tmp-0-9 mr-tmp-1-9 mr-tmp-2-9 mr-tmp-3-9 mr-tmp-4-9 mr-tmp-5-9 mr-tmp-6-9 mr-tmp-7-9] 17 0}  order Type 1
2024/03/05 03:52:56 start 17 map
2024/03/05 03:52:56 Worker finish order 17, order type 1
2024/03/05 03:52:57 31 :  call for  13  times
2024/03/05 03:52:57 CallOrder: worker get response &{1 [mr-tmp-0-5 mr-tmp-1-5 mr-tmp-2-5 mr-tmp-3-5 mr-tmp-4-5 mr-tmp-5-5 mr-tmp-6-5 mr-tmp-7-5] 13 0}
2024/03/05 03:52:57 worker  31 get order:  &{1 [mr-tmp-0-5 mr-tmp-1-5 mr-tmp-2-5 mr-tmp-3-5 mr-tmp-4-5 mr-tmp-5-5 mr-tmp-6-5 mr-tmp-7-5] 13 0}  order Type 1
