2024/03/05 00:03:44 44 :  call for  1  times
2024/03/05 00:03:44 CallOrder: worker get response &{0 [../pg-grimm.txt] 3 10}
2024/03/05 00:03:44 worker  44 get order:  &{0 [../pg-grimm.txt] 3 10}  order Type 0
2024/03/05 00:03:44 start 3 map
2024/03/05 00:03:44 Worker finish order 3, order type 0
2024/03/05 00:03:45 44 :  call for  2  times
2024/03/05 00:03:45 CallOrder: worker get response &{0 [../pg-tom_sawyer.txt] 7 10}
2024/03/05 00:03:45 worker  44 get order:  &{0 [../pg-tom_sawyer.txt] 7 10}  order Type 0
2024/03/05 00:03:51 start 7 map
2024/03/05 00:03:51 Worker finish order 7, order type 0
2024/03/05 00:03:52 44 :  call for  3  times
2024/03/05 00:03:52 CallOrder: worker get response &{2 [] 0 0}
2024/03/05 00:03:52 worker  44 get order:  &{2 [] 0 0}  order Type 2
2024/03/05 00:03:52 44  waiting for order
2024/03/05 00:03:54 44 :  call for  4  times
2024/03/05 00:03:54 CallOrder: worker get response &{2 [] 0 0}
2024/03/05 00:03:54 worker  44 get order:  &{2 [] 0 0}  order Type 2
2024/03/05 00:03:54 44  waiting for order
2024/03/05 00:03:56 44 :  call for  5  times
2024/03/05 00:03:56 CallOrder: worker get response &{2 [] 0 0}
2024/03/05 00:03:56 worker  44 get order:  &{2 [] 0 0}  order Type 2
2024/03/05 00:03:56 44  waiting for order
2024/03/05 00:03:58 44 :  call for  6  times
2024/03/05 00:03:58 CallOrder: worker get response &{2 [] 0 0}
2024/03/05 00:03:58 worker  44 get order:  &{2 [] 0 0}  order Type 2
2024/03/05 00:03:58 44  waiting for order
2024/03/05 00:04:00 44 :  call for  7  times
2024/03/05 00:04:00 CallOrder: worker get response &{2 [] 0 0}
2024/03/05 00:04:00 worker  44 get order:  &{2 [] 0 0}  order Type 2
2024/03/05 00:04:00 44  waiting for order
2024/03/05 00:04:02 44 :  call for  8  times
2024/03/05 00:04:02 CallOrder: worker get response &{2 [] 0 0}
2024/03/05 00:04:02 worker  44 get order:  &{2 [] 0 0}  order Type 2
2024/03/05 00:04:02 44  waiting for order
2024/03/05 00:04:04 44 :  call for  9  times
2024/03/05 00:04:04 CallOrder: worker get response &{1 [mr-tmp-0-1 mr-tmp-1-1 mr-tmp-2-1 mr-tmp-3-1 mr-tmp-4-1 mr-tmp-5-1 mr-tmp-6-1 mr-tmp-7-1] 9 0}
2024/03/05 00:04:04 worker  44 get order:  &{1 [mr-tmp-0-1 mr-tmp-1-1 mr-tmp-2-1 mr-tmp-3-1 mr-tmp-4-1 mr-tmp-5-1 mr-tmp-6-1 mr-tmp-7-1] 9 0}  order Type 1
2024/03/05 00:04:04 start 9 map
2024/03/05 00:04:04 Worker finish order 9, order type 1
2024/03/05 00:04:05 44 :  call for  10  times
2024/03/05 00:04:05 CallOrder: worker get response &{1 [mr-tmp-0-4 mr-tmp-1-4 mr-tmp-2-4 mr-tmp-3-4 mr-tmp-4-4 mr-tmp-5-4 mr-tmp-6-4 mr-tmp-7-4] 12 0}
2024/03/05 00:04:05 worker  44 get order:  &{1 [mr-tmp-0-4 mr-tmp-1-4 mr-tmp-2-4 mr-tmp-3-4 mr-tmp-4-4 mr-tmp-5-4 mr-tmp-6-4 mr-tmp-7-4] 12 0}  order Type 1
2024/03/05 00:04:05 start 12 map
2024/03/05 00:04:05 Worker finish order 12, order type 1
2024/03/05 00:04:06 44 :  call for  11  times
2024/03/05 00:04:06 CallOrder: worker get response &{1 [mr-tmp-0-7 mr-tmp-1-7 mr-tmp-2-7 mr-tmp-3-7 mr-tmp-4-7 mr-tmp-5-7 mr-tmp-6-7 mr-tmp-7-7] 15 0}
2024/03/05 00:04:06 worker  44 get order:  &{1 [mr-tmp-0-7 mr-tmp-1-7 mr-tmp-2-7 mr-tmp-3-7 mr-tmp-4-7 mr-tmp-5-7 mr-tmp-6-7 mr-tmp-7-7] 15 0}  order Type 1
2024/03/05 00:04:06 start 15 map
2024/03/05 00:04:06 Worker finish order 15, order type 1
2024/03/05 00:04:07 44 :  call for  12  times
2024/03/05 00:04:07 CallOrder: worker get response &{1 [mr-tmp-0-9 mr-tmp-1-9 mr-tmp-2-9 mr-tmp-3-9 mr-tmp-4-9 mr-tmp-5-9 mr-tmp-6-9 mr-tmp-7-9] 17 0}
2024/03/05 00:04:07 worker  44 get order:  &{1 [mr-tmp-0-9 mr-tmp-1-9 mr-tmp-2-9 mr-tmp-3-9 mr-tmp-4-9 mr-tmp-5-9 mr-tmp-6-9 mr-tmp-7-9] 17 0}  order Type 1
2024/03/05 00:04:07 start 17 map
2024/03/05 00:04:07 Worker finish order 17, order type 1
2024/03/05 00:04:08 44 :  call for  13  times
2024/03/05 00:04:08 CallOrder: worker get response &{3 [] 0 0}
2024/03/05 00:04:08 worker  44 get order:  &{3 [] 0 0}  order Type 3
2024/03/05 00:04:08 44  waiting for order
2024/03/05 00:04:10 44 :  call for  14  times
2024/03/05 00:04:10 CallOrder: worker get response &{3 [] 0 0}
2024/03/05 00:04:10 worker  44 get order:  &{3 [] 0 0}  order Type 3
2024/03/05 00:04:10 44  waiting for order
2024/03/05 00:04:12 44 :  call for  15  times
2024/03/05 00:04:12 CallOrder: worker get response &{3 [] 0 0}
2024/03/05 00:04:12 worker  44 get order:  &{3 [] 0 0}  order Type 3
2024/03/05 00:04:12 44  waiting for order
2024/03/05 00:04:14 44 :  call for  16  times
2024/03/05 00:04:14 CallOrder: worker get response &{3 [] 0 0}
2024/03/05 00:04:14 worker  44 get order:  &{3 [] 0 0}  order Type 3
2024/03/05 00:04:14 44  waiting for order
2024/03/05 00:04:16 44 :  call for  17  times
2024/03/05 00:04:16 CallOrder: worker get response &{4 [] 0 0}
2024/03/05 00:04:16 worker  44 get order:  &{4 [] 0 0}  order Type 4
2024/03/05 00:04:17 44  killed
