2024/03/05 06:28:18 18 :  call for  1  times
2024/03/05 06:28:18 CallOrder: worker get response &{2 [] 0 0}
2024/03/05 06:28:18 worker  18 get order:  &{2 [] 0 0}  order Type 2
2024/03/05 06:28:18 18  waiting for order
2024/03/05 06:28:20 18 :  call for  2  times
2024/03/05 06:28:20 CallOrder: worker get response &{2 [] 0 0}
2024/03/05 06:28:20 worker  18 get order:  &{2 [] 0 0}  order Type 2
2024/03/05 06:28:20 18  waiting for order
2024/03/05 06:28:22 18 :  call for  3  times
2024/03/05 06:28:22 CallOrder: worker get response &{2 [] 0 0}
2024/03/05 06:28:22 worker  18 get order:  &{2 [] 0 0}  order Type 2
2024/03/05 06:28:22 18  waiting for order
2024/03/05 06:28:24 18 :  call for  4  times
2024/03/05 06:28:24 CallOrder: worker get response &{2 [] 0 0}
2024/03/05 06:28:24 worker  18 get order:  &{2 [] 0 0}  order Type 2
2024/03/05 06:28:24 18  waiting for order
2024/03/05 06:28:26 18 :  call for  5  times
2024/03/05 06:28:26 CallOrder: worker get response &{2 [] 0 0}
2024/03/05 06:28:26 worker  18 get order:  &{2 [] 0 0}  order Type 2
2024/03/05 06:28:26 18  waiting for order
2024/03/05 06:28:28 18 :  call for  6  times
2024/03/05 06:28:28 CallOrder: worker get response &{2 [] 0 0}
2024/03/05 06:28:28 worker  18 get order:  &{2 [] 0 0}  order Type 2
2024/03/05 06:28:28 18  waiting for order
2024/03/05 06:28:30 18 :  call for  7  times
2024/03/05 06:28:30 CallOrder: worker get response &{2 [] 0 0}
2024/03/05 06:28:30 worker  18 get order:  &{2 [] 0 0}  order Type 2
2024/03/05 06:28:30 18  waiting for order
2024/03/05 06:28:32 18 :  call for  8  times
2024/03/05 06:28:32 CallOrder: worker get response &{2 [] 0 0}
2024/03/05 06:28:32 worker  18 get order:  &{2 [] 0 0}  order Type 2
2024/03/05 06:28:32 18  waiting for order
2024/03/05 06:28:34 18 :  call for  9  times
2024/03/05 06:28:34 CallOrder: worker get response &{2 [] 0 0}
2024/03/05 06:28:34 worker  18 get order:  &{2 [] 0 0}  order Type 2
2024/03/05 06:28:34 18  waiting for order
2024/03/05 06:28:36 18 :  call for  10  times
2024/03/05 06:28:36 CallOrder: worker get response &{2 [] 0 0}
2024/03/05 06:28:36 worker  18 get order:  &{2 [] 0 0}  order Type 2
2024/03/05 06:28:36 18  waiting for order
2024/03/05 06:28:38 18 :  call for  11  times
2024/03/05 06:28:38 CallOrder: worker get response &{2 [] 0 0}
2024/03/05 06:28:38 worker  18 get order:  &{2 [] 0 0}  order Type 2
2024/03/05 06:28:38 18  waiting for order
2024/03/05 06:28:40 18 :  call for  12  times
2024/03/05 06:28:40 CallOrder: worker get response &{2 [] 0 0}
2024/03/05 06:28:40 worker  18 get order:  &{2 [] 0 0}  order Type 2
2024/03/05 06:28:40 18  waiting for order
2024/03/05 06:28:42 18 :  call for  13  times
2024/03/05 06:28:42 CallOrder: worker get response &{2 [] 0 0}
2024/03/05 06:28:42 worker  18 get order:  &{2 [] 0 0}  order Type 2
2024/03/05 06:28:42 18  waiting for order
2024/03/05 06:28:44 18 :  call for  14  times
2024/03/05 06:28:44 CallOrder: worker get response &{1 [mr-tmp-0-1 mr-tmp-1-1 mr-tmp-2-1 mr-tmp-3-1 mr-tmp-4-1 mr-tmp-5-1 mr-tmp-6-1 mr-tmp-7-1] 9 0}
2024/03/05 06:28:44 worker  18 get order:  &{1 [mr-tmp-0-1 mr-tmp-1-1 mr-tmp-2-1 mr-tmp-3-1 mr-tmp-4-1 mr-tmp-5-1 mr-tmp-6-1 mr-tmp-7-1] 9 0}  order Type 1
2024/03/05 06:28:44 start 9 map
2024/03/05 06:28:44 Worker finish order 9, order type 1
2024/03/05 06:28:45 18 :  call for  15  times
2024/03/05 06:28:45 CallOrder: worker get response &{1 [mr-tmp-0-3 mr-tmp-1-3 mr-tmp-2-3 mr-tmp-3-3 mr-tmp-4-3 mr-tmp-5-3 mr-tmp-6-3 mr-tmp-7-3] 11 0}
2024/03/05 06:28:45 worker  18 get order:  &{1 [mr-tmp-0-3 mr-tmp-1-3 mr-tmp-2-3 mr-tmp-3-3 mr-tmp-4-3 mr-tmp-5-3 mr-tmp-6-3 mr-tmp-7-3] 11 0}  order Type 1
2024/03/05 06:28:45 start 11 map
2024/03/05 06:28:45 Worker finish order 11, order type 1
2024/03/05 06:28:46 18 :  call for  16  times
2024/03/05 06:28:46 CallOrder: worker get response &{1 [mr-tmp-0-6 mr-tmp-1-6 mr-tmp-2-6 mr-tmp-3-6 mr-tmp-4-6 mr-tmp-5-6 mr-tmp-6-6 mr-tmp-7-6] 14 0}
2024/03/05 06:28:46 worker  18 get order:  &{1 [mr-tmp-0-6 mr-tmp-1-6 mr-tmp-2-6 mr-tmp-3-6 mr-tmp-4-6 mr-tmp-5-6 mr-tmp-6-6 mr-tmp-7-6] 14 0}  order Type 1
2024/03/05 06:28:46 start 14 map
2024/03/05 06:28:46 Worker finish order 14, order type 1
2024/03/05 06:28:47 18 :  call for  17  times
2024/03/05 06:28:47 CallOrder: worker get response &{1 [mr-tmp-0-9 mr-tmp-1-9 mr-tmp-2-9 mr-tmp-3-9 mr-tmp-4-9 mr-tmp-5-9 mr-tmp-6-9 mr-tmp-7-9] 17 0}
2024/03/05 06:28:47 worker  18 get order:  &{1 [mr-tmp-0-9 mr-tmp-1-9 mr-tmp-2-9 mr-tmp-3-9 mr-tmp-4-9 mr-tmp-5-9 mr-tmp-6-9 mr-tmp-7-9] 17 0}  order Type 1
2024/03/05 06:28:47 start 17 map
2024/03/05 06:28:47 Worker finish order 17, order type 1
2024/03/05 06:28:48 18 :  call for  18  times
2024/03/05 06:28:48 CallOrder: worker get response &{3 [] 0 0}
2024/03/05 06:28:48 worker  18 get order:  &{3 [] 0 0}  order Type 3
2024/03/05 06:28:48 18  waiting for order
2024/03/05 06:28:50 18 :  call for  19  times
2024/03/05 06:28:50 CallOrder: worker get response &{3 [] 0 0}
2024/03/05 06:28:50 worker  18 get order:  &{3 [] 0 0}  order Type 3
2024/03/05 06:28:50 18  waiting for order
2024/03/05 06:28:52 18 :  call for  20  times
2024/03/05 06:28:52 CallOrder: worker get response &{4 [] 0 0}
2024/03/05 06:28:52 worker  18 get order:  &{4 [] 0 0}  order Type 4
2024/03/05 06:28:53 18  killed
