2024/03/05 02:04:58 58 :  call for  1  times
2024/03/05 02:04:58 CallOrder: worker get response &{0 [../pg-being_ernest.txt] 0 10}
2024/03/05 02:04:58 worker  58 get order:  &{0 [../pg-being_ernest.txt] 0 10}  order Type 0
2024/03/05 02:05:03 start 0 map
2024/03/05 02:05:03 Worker finish order 0, order type 0
2024/03/05 02:05:04 58 :  call for  2  times
2024/03/05 02:05:04 CallOrder: worker get response &{2 [] 0 0}
2024/03/05 02:05:04 worker  58 get order:  &{2 [] 0 0}  order Type 2
2024/03/05 02:05:04 58  waiting for order
2024/03/05 02:05:06 58 :  call for  3  times
2024/03/05 02:05:06 CallOrder: worker get response &{2 [] 0 0}
2024/03/05 02:05:06 worker  58 get order:  &{2 [] 0 0}  order Type 2
2024/03/05 02:05:06 58  waiting for order
2024/03/05 02:05:08 58 :  call for  4  times
2024/03/05 02:05:08 CallOrder: worker get response &{2 [] 0 0}
2024/03/05 02:05:08 worker  58 get order:  &{2 [] 0 0}  order Type 2
2024/03/05 02:05:08 58  waiting for order
2024/03/05 02:05:10 58 :  call for  5  times
2024/03/05 02:05:10 CallOrder: worker get response &{2 [] 0 0}
2024/03/05 02:05:10 worker  58 get order:  &{2 [] 0 0}  order Type 2
2024/03/05 02:05:10 58  waiting for order
2024/03/05 02:05:12 58 :  call for  6  times
2024/03/05 02:05:12 CallOrder: worker get response &{0 [../pg-sherlock_holmes.txt] 6 10}
2024/03/05 02:05:12 worker  58 get order:  &{0 [../pg-sherlock_holmes.txt] 6 10}  order Type 0
2024/03/05 02:05:12 start 6 map
2024/03/05 02:05:12 Worker finish order 6, order type 0
2024/03/05 02:05:13 58 :  call for  7  times
2024/03/05 02:05:13 CallOrder: worker get response &{2 [] 0 0}
2024/03/05 02:05:13 worker  58 get order:  &{2 [] 0 0}  order Type 2
2024/03/05 02:05:13 58  waiting for order
2024/03/05 02:05:15 58 :  call for  8  times
2024/03/05 02:05:15 CallOrder: worker get response &{2 [] 0 0}
2024/03/05 02:05:15 worker  58 get order:  &{2 [] 0 0}  order Type 2
2024/03/05 02:05:15 58  waiting for order
2024/03/05 02:05:17 58 :  call for  9  times
2024/03/05 02:05:17 CallOrder: worker get response &{2 [] 0 0}
2024/03/05 02:05:17 worker  58 get order:  &{2 [] 0 0}  order Type 2
2024/03/05 02:05:17 58  waiting for order
2024/03/05 02:05:19 58 :  call for  10  times
2024/03/05 02:05:19 CallOrder: worker get response &{2 [] 0 0}
2024/03/05 02:05:19 worker  58 get order:  &{2 [] 0 0}  order Type 2
2024/03/05 02:05:19 58  waiting for order
2024/03/05 02:05:21 58 :  call for  11  times
2024/03/05 02:05:21 CallOrder: worker get response &{2 [] 0 0}
2024/03/05 02:05:21 worker  58 get order:  &{2 [] 0 0}  order Type 2
2024/03/05 02:05:21 58  waiting for order
2024/03/05 02:05:23 58 :  call for  12  times
2024/03/05 02:05:23 CallOrder: worker get response &{2 [] 0 0}
2024/03/05 02:05:23 worker  58 get order:  &{2 [] 0 0}  order Type 2
2024/03/05 02:05:23 58  waiting for order
2024/03/05 02:05:25 58 :  call for  13  times
2024/03/05 02:05:25 CallOrder: worker get response &{2 [] 0 0}
2024/03/05 02:05:25 worker  58 get order:  &{2 [] 0 0}  order Type 2
2024/03/05 02:05:25 58  waiting for order
2024/03/05 02:05:27 58 :  call for  14  times
2024/03/05 02:05:27 CallOrder: worker get response &{2 [] 0 0}
2024/03/05 02:05:27 worker  58 get order:  &{2 [] 0 0}  order Type 2
2024/03/05 02:05:27 58  waiting for order
2024/03/05 02:05:29 58 :  call for  15  times
2024/03/05 02:05:29 CallOrder: worker get response &{2 [] 0 0}
2024/03/05 02:05:29 worker  58 get order:  &{2 [] 0 0}  order Type 2
2024/03/05 02:05:29 58  waiting for order
2024/03/05 02:05:31 58 :  call for  16  times
2024/03/05 02:05:31 CallOrder: worker get response &{1 [mr-tmp-0-0 mr-tmp-1-0 mr-tmp-2-0 mr-tmp-3-0 mr-tmp-4-0 mr-tmp-5-0 mr-tmp-6-0 mr-tmp-7-0] 8 0}
2024/03/05 02:05:31 worker  58 get order:  &{1 [mr-tmp-0-0 mr-tmp-1-0 mr-tmp-2-0 mr-tmp-3-0 mr-tmp-4-0 mr-tmp-5-0 mr-tmp-6-0 mr-tmp-7-0] 8 0}  order Type 1
2024/03/05 02:05:38 start 8 map
2024/03/05 02:05:38 Worker finish order 8, order type 1
2024/03/05 02:05:39 58 :  call for  17  times
2024/03/05 02:05:39 CallOrder: worker get response &{3 [] 0 0}
2024/03/05 02:05:39 worker  58 get order:  &{3 [] 0 0}  order Type 3
2024/03/05 02:05:39 58  waiting for order
2024/03/05 02:05:41 58 :  call for  18  times
2024/03/05 02:05:41 CallOrder: worker get response &{3 [] 0 0}
2024/03/05 02:05:41 worker  58 get order:  &{3 [] 0 0}  order Type 3
2024/03/05 02:05:41 58  waiting for order
2024/03/05 02:05:43 58 :  call for  19  times
2024/03/05 02:05:43 CallOrder: worker get response &{3 [] 0 0}
2024/03/05 02:05:43 worker  58 get order:  &{3 [] 0 0}  order Type 3
2024/03/05 02:05:43 58  waiting for order
2024/03/05 02:05:45 58 :  call for  20  times
2024/03/05 02:05:45 CallOrder: worker get response &{3 [] 0 0}
2024/03/05 02:05:45 worker  58 get order:  &{3 [] 0 0}  order Type 3
2024/03/05 02:05:45 58  waiting for order
2024/03/05 02:05:47 58 :  call for  21  times
2024/03/05 02:05:47 CallOrder: worker get response &{3 [] 0 0}
2024/03/05 02:05:47 worker  58 get order:  &{3 [] 0 0}  order Type 3
2024/03/05 02:05:47 58  waiting for order
2024/03/05 02:05:49 58 :  call for  22  times
2024/03/05 02:05:49 CallOrder: worker get response &{3 [] 0 0}
2024/03/05 02:05:49 worker  58 get order:  &{3 [] 0 0}  order Type 3
2024/03/05 02:05:49 58  waiting for order
2024/03/05 02:05:51 58 :  call for  23  times
2024/03/05 02:05:51 CallOrder: worker get response &{3 [] 0 0}
2024/03/05 02:05:51 worker  58 get order:  &{3 [] 0 0}  order Type 3
2024/03/05 02:05:51 58  waiting for order
2024/03/05 02:05:53 58 :  call for  24  times
2024/03/05 02:05:53 CallOrder: worker get response &{3 [] 0 0}
2024/03/05 02:05:53 worker  58 get order:  &{3 [] 0 0}  order Type 3
2024/03/05 02:05:53 58  waiting for order
2024/03/05 02:05:55 58 :  call for  25  times
2024/03/05 02:05:55 CallOrder: worker get response &{4 [] 0 0}
2024/03/05 02:05:55 worker  58 get order:  &{4 [] 0 0}  order Type 4
2024/03/05 02:05:56 58  killed
