2024/03/05 04:50:54 54 :  call for  1  times
2024/03/05 04:50:54 CallOrder: worker get response &{0 [../pg-huckleberry_finn.txt] 4 10}
2024/03/05 04:50:54 worker  54 get order:  &{0 [../pg-huckleberry_finn.txt] 4 10}  order Type 0
2024/03/05 04:50:54 start 4 map
2024/03/05 04:50:54 Worker finish order 4, order type 0
2024/03/05 04:50:55 54 :  call for  2  times
2024/03/05 04:50:55 CallOrder: worker get response &{0 [../pg-metamorphosis.txt] 5 10}
2024/03/05 04:50:55 worker  54 get order:  &{0 [../pg-metamorphosis.txt] 5 10}  order Type 0
2024/03/05 04:51:04 start 5 map
2024/03/05 04:51:04 Worker finish order 5, order type 0
2024/03/05 04:51:05 54 :  call for  3  times
2024/03/05 04:51:05 CallOrder: worker get response &{0 [../pg-grimm.txt] 3 10}
2024/03/05 04:51:05 worker  54 get order:  &{0 [../pg-grimm.txt] 3 10}  order Type 0
2024/03/05 04:51:05 start 3 map
2024/03/05 04:51:05 Worker finish order 3, order type 0
2024/03/05 04:51:06 54 :  call for  4  times
2024/03/05 04:51:06 CallOrder: worker get response &{1 [mr-tmp-0-1 mr-tmp-1-1 mr-tmp-2-1 mr-tmp-3-1 mr-tmp-4-1 mr-tmp-5-1 mr-tmp-6-1 mr-tmp-7-1] 9 0}
2024/03/05 04:51:06 worker  54 get order:  &{1 [mr-tmp-0-1 mr-tmp-1-1 mr-tmp-2-1 mr-tmp-3-1 mr-tmp-4-1 mr-tmp-5-1 mr-tmp-6-1 mr-tmp-7-1] 9 0}  order Type 1
2024/03/05 04:51:06 start 9 map
2024/03/05 04:51:06 Worker finish order 9, order type 1
2024/03/05 04:51:07 54 :  call for  5  times
2024/03/05 04:51:07 CallOrder: worker get response &{1 [mr-tmp-0-4 mr-tmp-1-4 mr-tmp-2-4 mr-tmp-3-4 mr-tmp-4-4 mr-tmp-5-4 mr-tmp-6-4 mr-tmp-7-4] 12 0}
2024/03/05 04:51:07 worker  54 get order:  &{1 [mr-tmp-0-4 mr-tmp-1-4 mr-tmp-2-4 mr-tmp-3-4 mr-tmp-4-4 mr-tmp-5-4 mr-tmp-6-4 mr-tmp-7-4] 12 0}  order Type 1
2024/03/05 04:51:07 start 12 map
2024/03/05 04:51:07 Worker finish order 12, order type 1
2024/03/05 04:51:08 54 :  call for  6  times
2024/03/05 04:51:08 CallOrder: worker get response &{1 [mr-tmp-0-8 mr-tmp-1-8 mr-tmp-2-8 mr-tmp-3-8 mr-tmp-4-8 mr-tmp-5-8 mr-tmp-6-8 mr-tmp-7-8] 16 0}
2024/03/05 04:51:08 worker  54 get order:  &{1 [mr-tmp-0-8 mr-tmp-1-8 mr-tmp-2-8 mr-tmp-3-8 mr-tmp-4-8 mr-tmp-5-8 mr-tmp-6-8 mr-tmp-7-8] 16 0}  order Type 1
2024/03/05 04:51:08 start 16 map
2024/03/05 04:51:08 Worker finish order 16, order type 1
2024/03/05 04:51:09 54 :  call for  7  times
2024/03/05 04:51:09 CallOrder: worker get response &{3 [] 0 0}
2024/03/05 04:51:09 worker  54 get order:  &{3 [] 0 0}  order Type 3
2024/03/05 04:51:09 54  waiting for order
2024/03/05 04:51:11 54 :  call for  8  times
2024/03/05 04:51:11 CallOrder: worker get response &{3 [] 0 0}
2024/03/05 04:51:11 worker  54 get order:  &{3 [] 0 0}  order Type 3
2024/03/05 04:51:11 54  waiting for order
2024/03/05 04:51:13 54 :  call for  9  times
2024/03/05 04:51:13 CallOrder: worker get response &{3 [] 0 0}
2024/03/05 04:51:13 worker  54 get order:  &{3 [] 0 0}  order Type 3
2024/03/05 04:51:13 54  waiting for order
2024/03/05 04:51:15 54 :  call for  10  times
2024/03/05 04:51:15 CallOrder: worker get response &{3 [] 0 0}
2024/03/05 04:51:15 worker  54 get order:  &{3 [] 0 0}  order Type 3
2024/03/05 04:51:15 54  waiting for order
2024/03/05 04:51:17 54 :  call for  11  times
2024/03/05 04:51:17 CallOrder: worker get response &{3 [] 0 0}
2024/03/05 04:51:17 worker  54 get order:  &{3 [] 0 0}  order Type 3
2024/03/05 04:51:17 54  waiting for order
2024/03/05 04:51:19 54 :  call for  12  times
2024/03/05 04:51:19 CallOrder: worker get response &{3 [] 0 0}
2024/03/05 04:51:19 worker  54 get order:  &{3 [] 0 0}  order Type 3
2024/03/05 04:51:19 54  waiting for order
2024/03/05 04:51:21 54 :  call for  13  times
2024/03/05 04:51:21 dialing:dial unix /var/tmp/824-mr-0: connect: connection refused
