2024/03/05 11:50:17 17 :  call for  1  times
2024/03/05 11:50:17 CallOrder: worker get response &{0 [../pg-being_ernest.txt] 0 10}
2024/03/05 11:50:17 worker  17 get order:  &{0 [../pg-being_ernest.txt] 0 10}  order Type 0
2024/03/05 11:50:24 start 0 map
2024/03/05 11:50:24 Worker finish order 0, order type 0
2024/03/05 11:50:25 17 :  call for  2  times
2024/03/05 11:50:25 CallOrder: worker get response &{2 [] 0 0}
2024/03/05 11:50:25 worker  17 get order:  &{2 [] 0 0}  order Type 2
2024/03/05 11:50:25 17  waiting for order
2024/03/05 11:50:27 17 :  call for  3  times
2024/03/05 11:50:27 CallOrder: worker get response &{2 [] 0 0}
2024/03/05 11:50:27 worker  17 get order:  &{2 [] 0 0}  order Type 2
2024/03/05 11:50:27 17  waiting for order
2024/03/05 11:50:29 17 :  call for  4  times
2024/03/05 11:50:30 CallOrder: worker get response &{2 [] 0 0}
2024/03/05 11:50:30 worker  17 get order:  &{2 [] 0 0}  order Type 2
2024/03/05 11:50:30 17  waiting for order
2024/03/05 11:50:32 17 :  call for  5  times
2024/03/05 11:50:32 CallOrder: worker get response &{2 [] 0 0}
2024/03/05 11:50:32 worker  17 get order:  &{2 [] 0 0}  order Type 2
2024/03/05 11:50:32 17  waiting for order
2024/03/05 11:50:34 17 :  call for  6  times
2024/03/05 11:50:34 CallOrder: worker get response &{2 [] 0 0}
2024/03/05 11:50:34 worker  17 get order:  &{2 [] 0 0}  order Type 2
2024/03/05 11:50:34 17  waiting for order
2024/03/05 11:50:36 17 :  call for  7  times
2024/03/05 11:50:36 CallOrder: worker get response &{1 [mr-tmp-0-4 mr-tmp-1-4 mr-tmp-2-4 mr-tmp-3-4 mr-tmp-4-4 mr-tmp-5-4 mr-tmp-6-4 mr-tmp-7-4] 12 0}
2024/03/05 11:50:36 worker  17 get order:  &{1 [mr-tmp-0-4 mr-tmp-1-4 mr-tmp-2-4 mr-tmp-3-4 mr-tmp-4-4 mr-tmp-5-4 mr-tmp-6-4 mr-tmp-7-4] 12 0}  order Type 1
2024/03/05 11:50:36 start 12 map
2024/03/05 11:50:36 Worker finish order 12, order type 1
2024/03/05 11:50:37 17 :  call for  8  times
2024/03/05 11:50:37 CallOrder: worker get response &{1 [mr-tmp-0-7 mr-tmp-1-7 mr-tmp-2-7 mr-tmp-3-7 mr-tmp-4-7 mr-tmp-5-7 mr-tmp-6-7 mr-tmp-7-7] 15 0}
2024/03/05 11:50:37 worker  17 get order:  &{1 [mr-tmp-0-7 mr-tmp-1-7 mr-tmp-2-7 mr-tmp-3-7 mr-tmp-4-7 mr-tmp-5-7 mr-tmp-6-7 mr-tmp-7-7] 15 0}  order Type 1
2024/03/05 11:50:37 start 15 map
2024/03/05 11:50:37 Worker finish order 15, order type 1
2024/03/05 11:50:38 17 :  call for  9  times
2024/03/05 11:50:38 CallOrder: worker get response &{3 [] 0 0}
2024/03/05 11:50:38 worker  17 get order:  &{3 [] 0 0}  order Type 3
2024/03/05 11:50:38 17  waiting for order
2024/03/05 11:50:40 17 :  call for  10  times
2024/03/05 11:50:40 CallOrder: worker get response &{3 [] 0 0}
2024/03/05 11:50:40 worker  17 get order:  &{3 [] 0 0}  order Type 3
2024/03/05 11:50:40 17  waiting for order
2024/03/05 11:50:42 17 :  call for  11  times
2024/03/05 11:50:42 CallOrder: worker get response &{3 [] 0 0}
2024/03/05 11:50:42 worker  17 get order:  &{3 [] 0 0}  order Type 3
2024/03/05 11:50:42 17  waiting for order
2024/03/05 11:50:44 17 :  call for  12  times
2024/03/05 11:50:44 CallOrder: worker get response &{3 [] 0 0}
2024/03/05 11:50:44 worker  17 get order:  &{3 [] 0 0}  order Type 3
2024/03/05 11:50:44 17  waiting for order
2024/03/05 11:50:46 17 :  call for  13  times
2024/03/05 11:50:46 CallOrder: worker get response &{3 [] 0 0}
2024/03/05 11:50:46 worker  17 get order:  &{3 [] 0 0}  order Type 3
2024/03/05 11:50:46 17  waiting for order
2024/03/05 11:50:48 17 :  call for  14  times
2024/03/05 11:50:48 CallOrder: worker get response &{1 [mr-tmp-0-5 mr-tmp-1-5 mr-tmp-2-5 mr-tmp-3-5 mr-tmp-4-5 mr-tmp-5-5 mr-tmp-6-5 mr-tmp-7-5] 13 0}
2024/03/05 11:50:48 worker  17 get order:  &{1 [mr-tmp-0-5 mr-tmp-1-5 mr-tmp-2-5 mr-tmp-3-5 mr-tmp-4-5 mr-tmp-5-5 mr-tmp-6-5 mr-tmp-7-5] 13 0}  order Type 1
2024/03/05 11:50:52 start 13 map
2024/03/05 11:50:52 Worker finish order 13, order type 1
2024/03/05 11:50:53 17 :  call for  15  times
2024/03/05 11:50:53 CallOrder: worker get response &{4 [] 0 0}
2024/03/05 11:50:53 worker  17 get order:  &{4 [] 0 0}  order Type 4
2024/03/05 11:50:54 17  killed
