2024/03/05 05:52:00 0 :  call for  1  times
2024/03/05 05:52:00 CallOrder: worker get response &{0 [../pg-being_ernest.txt] 0 10}
2024/03/05 05:52:00 worker  0 get order:  &{0 [../pg-being_ernest.txt] 0 10}  order Type 0
2024/03/05 05:52:01 start 0 map
2024/03/05 05:52:01 Worker finish order 0, order type 0
2024/03/05 05:52:02 0 :  call for  2  times
2024/03/05 05:52:02 CallOrder: worker get response &{2 [] 0 0}
2024/03/05 05:52:02 worker  0 get order:  &{2 [] 0 0}  order Type 2
2024/03/05 05:52:02 0  waiting for order
2024/03/05 05:52:04 0 :  call for  3  times
2024/03/05 05:52:04 CallOrder: worker get response &{2 [] 0 0}
2024/03/05 05:52:04 worker  0 get order:  &{2 [] 0 0}  order Type 2
2024/03/05 05:52:04 0  waiting for order
2024/03/05 05:52:06 0 :  call for  4  times
2024/03/05 05:52:06 CallOrder: worker get response &{2 [] 0 0}
2024/03/05 05:52:06 worker  0 get order:  &{2 [] 0 0}  order Type 2
2024/03/05 05:52:06 0  waiting for order
2024/03/05 05:52:08 0 :  call for  5  times
2024/03/05 05:52:08 CallOrder: worker get response &{2 [] 0 0}
2024/03/05 05:52:08 worker  0 get order:  &{2 [] 0 0}  order Type 2
2024/03/05 05:52:08 0  waiting for order
2024/03/05 05:52:10 0 :  call for  6  times
2024/03/05 05:52:10 CallOrder: worker get response &{2 [] 0 0}
2024/03/05 05:52:10 worker  0 get order:  &{2 [] 0 0}  order Type 2
2024/03/05 05:52:10 0  waiting for order
2024/03/05 05:52:12 0 :  call for  7  times
2024/03/05 05:52:12 CallOrder: worker get response &{0 [../pg-huckleberry_finn.txt] 4 10}
2024/03/05 05:52:12 worker  0 get order:  &{0 [../pg-huckleberry_finn.txt] 4 10}  order Type 0
2024/03/05 05:52:14 start 4 map
2024/03/05 05:52:14 Worker finish order 4, order type 0
2024/03/05 05:52:15 0 :  call for  8  times
2024/03/05 05:52:15 CallOrder: worker get response &{1 [mr-tmp-0-0 mr-tmp-1-0 mr-tmp-2-0 mr-tmp-3-0 mr-tmp-4-0 mr-tmp-5-0 mr-tmp-6-0 mr-tmp-7-0] 8 0}
2024/03/05 05:52:15 worker  0 get order:  &{1 [mr-tmp-0-0 mr-tmp-1-0 mr-tmp-2-0 mr-tmp-3-0 mr-tmp-4-0 mr-tmp-5-0 mr-tmp-6-0 mr-tmp-7-0] 8 0}  order Type 1
2024/03/05 05:52:18 start 8 map
2024/03/05 05:52:18 Worker finish order 8, order type 1
2024/03/05 05:52:19 0 :  call for  9  times
2024/03/05 05:52:19 CallOrder: worker get response &{1 [mr-tmp-0-8 mr-tmp-1-8 mr-tmp-2-8 mr-tmp-3-8 mr-tmp-4-8 mr-tmp-5-8 mr-tmp-6-8 mr-tmp-7-8] 16 0}
2024/03/05 05:52:19 worker  0 get order:  &{1 [mr-tmp-0-8 mr-tmp-1-8 mr-tmp-2-8 mr-tmp-3-8 mr-tmp-4-8 mr-tmp-5-8 mr-tmp-6-8 mr-tmp-7-8] 16 0}  order Type 1
2024/03/05 05:52:19 start 16 map
2024/03/05 05:52:19 Worker finish order 16, order type 1
2024/03/05 05:52:20 0 :  call for  10  times
2024/03/05 05:52:20 CallOrder: worker get response &{3 [] 0 0}
2024/03/05 05:52:20 worker  0 get order:  &{3 [] 0 0}  order Type 3
2024/03/05 05:52:20 0  waiting for order
2024/03/05 05:52:22 0 :  call for  11  times
2024/03/05 05:52:22 CallOrder: worker get response &{3 [] 0 0}
2024/03/05 05:52:22 worker  0 get order:  &{3 [] 0 0}  order Type 3
2024/03/05 05:52:22 0  waiting for order
2024/03/05 05:52:24 0 :  call for  12  times
2024/03/05 05:52:24 dialing:dial unix /var/tmp/824-mr-0: connect: connection refused
