2024/03/04 21:28:01 1 :  call for  1  times
2024/03/04 21:28:01 CallOrder: worker get response &{0 [../pg-frankenstein.txt] 2 10}
2024/03/04 21:28:01 worker  1 get order:  &{0 [../pg-frankenstein.txt] 2 10}  order Type 0
2024/03/04 21:28:01 start 2 map
2024/03/04 21:28:01 Worker finish order 2, order type 0
2024/03/04 21:28:02 1 :  call for  2  times
2024/03/04 21:28:02 CallOrder: worker get response &{0 [../pg-metamorphosis.txt] 5 10}
2024/03/04 21:28:02 worker  1 get order:  &{0 [../pg-metamorphosis.txt] 5 10}  order Type 0
2024/03/04 21:28:02 start 5 map
2024/03/04 21:28:02 Worker finish order 5, order type 0
2024/03/04 21:28:03 1 :  call for  3  times
2024/03/04 21:28:03 CallOrder: worker get response &{2 [] 0 0}
2024/03/04 21:28:03 worker  1 get order:  &{2 [] 0 0}  order Type 2
2024/03/04 21:28:03 1  waiting for order
2024/03/04 21:28:05 1 :  call for  4  times
2024/03/04 21:28:05 CallOrder: worker get response &{1 [mr-tmp-0-1 mr-tmp-1-1 mr-tmp-2-1 mr-tmp-3-1 mr-tmp-4-1 mr-tmp-5-1 mr-tmp-6-1 mr-tmp-7-1] 9 0}
2024/03/04 21:28:05 worker  1 get order:  &{1 [mr-tmp-0-1 mr-tmp-1-1 mr-tmp-2-1 mr-tmp-3-1 mr-tmp-4-1 mr-tmp-5-1 mr-tmp-6-1 mr-tmp-7-1] 9 0}  order Type 1
2024/03/04 21:28:05 start 9 map
2024/03/04 21:28:05 Worker finish order 9, order type 1
2024/03/04 21:28:06 1 :  call for  5  times
2024/03/04 21:28:06 CallOrder: worker get response &{1 [mr-tmp-0-4 mr-tmp-1-4 mr-tmp-2-4 mr-tmp-3-4 mr-tmp-4-4 mr-tmp-5-4 mr-tmp-6-4 mr-tmp-7-4] 12 0}
2024/03/04 21:28:06 worker  1 get order:  &{1 [mr-tmp-0-4 mr-tmp-1-4 mr-tmp-2-4 mr-tmp-3-4 mr-tmp-4-4 mr-tmp-5-4 mr-tmp-6-4 mr-tmp-7-4] 12 0}  order Type 1
2024/03/04 21:28:06 start 12 map
2024/03/04 21:28:06 Worker finish order 12, order type 1
2024/03/04 21:28:07 1 :  call for  6  times
2024/03/04 21:28:07 CallOrder: worker get response &{1 [mr-tmp-0-6 mr-tmp-1-6 mr-tmp-2-6 mr-tmp-3-6 mr-tmp-4-6 mr-tmp-5-6 mr-tmp-6-6 mr-tmp-7-6] 14 0}
2024/03/04 21:28:07 worker  1 get order:  &{1 [mr-tmp-0-6 mr-tmp-1-6 mr-tmp-2-6 mr-tmp-3-6 mr-tmp-4-6 mr-tmp-5-6 mr-tmp-6-6 mr-tmp-7-6] 14 0}  order Type 1
2024/03/04 21:28:10 start 14 map
2024/03/04 21:28:10 Worker finish order 14, order type 1
2024/03/04 21:28:11 1 :  call for  7  times
2024/03/04 21:28:11 CallOrder: worker get response &{4 [] 0 0}
2024/03/04 21:28:11 worker  1 get order:  &{4 [] 0 0}  order Type 4
2024/03/04 21:28:12 1  killed
