2024/03/05 09:41:53 53 :  call for  1  times
2024/03/05 09:41:53 CallOrder: worker get response &{0 [../pg-being_ernest.txt] 0 10}
2024/03/05 09:41:53 worker  53 get order:  &{0 [../pg-being_ernest.txt] 0 10}  order Type 0
2024/03/05 09:41:55 start 0 map
2024/03/05 09:41:55 Worker finish order 0, order type 0
2024/03/05 09:41:56 53 :  call for  2  times
2024/03/05 09:41:56 CallOrder: worker get response &{0 [../pg-tom_sawyer.txt] 7 10}
2024/03/05 09:41:56 worker  53 get order:  &{0 [../pg-tom_sawyer.txt] 7 10}  order Type 0
2024/03/05 09:41:56 start 7 map
2024/03/05 09:41:56 Worker finish order 7, order type 0
2024/03/05 09:41:57 53 :  call for  3  times
2024/03/05 09:41:57 CallOrder: worker get response &{2 [] 0 0}
2024/03/05 09:41:57 worker  53 get order:  &{2 [] 0 0}  order Type 2
2024/03/05 09:41:57 53  waiting for order
2024/03/05 09:41:59 53 :  call for  4  times
2024/03/05 09:41:59 CallOrder: worker get response &{2 [] 0 0}
2024/03/05 09:41:59 worker  53 get order:  &{2 [] 0 0}  order Type 2
2024/03/05 09:41:59 53  waiting for order
2024/03/05 09:42:01 53 :  call for  5  times
2024/03/05 09:42:01 CallOrder: worker get response &{2 [] 0 0}
2024/03/05 09:42:01 worker  53 get order:  &{2 [] 0 0}  order Type 2
2024/03/05 09:42:01 53  waiting for order
2024/03/05 09:42:03 53 :  call for  6  times
2024/03/05 09:42:03 CallOrder: worker get response &{2 [] 0 0}
2024/03/05 09:42:03 worker  53 get order:  &{2 [] 0 0}  order Type 2
2024/03/05 09:42:03 53  waiting for order
2024/03/05 09:42:05 53 :  call for  7  times
2024/03/05 09:42:05 CallOrder: worker get response &{2 [] 0 0}
2024/03/05 09:42:05 worker  53 get order:  &{2 [] 0 0}  order Type 2
2024/03/05 09:42:05 53  waiting for order
2024/03/05 09:42:07 53 :  call for  8  times
2024/03/05 09:42:07 CallOrder: worker get response &{2 [] 0 0}
2024/03/05 09:42:07 worker  53 get order:  &{2 [] 0 0}  order Type 2
2024/03/05 09:42:07 53  waiting for order
2024/03/05 09:42:09 53 :  call for  9  times
2024/03/05 09:42:09 CallOrder: worker get response &{2 [] 0 0}
2024/03/05 09:42:09 worker  53 get order:  &{2 [] 0 0}  order Type 2
2024/03/05 09:42:09 53  waiting for order
2024/03/05 09:42:11 53 :  call for  10  times
2024/03/05 09:42:11 CallOrder: worker get response &{2 [] 0 0}
2024/03/05 09:42:11 worker  53 get order:  &{2 [] 0 0}  order Type 2
2024/03/05 09:42:11 53  waiting for order
2024/03/05 09:42:13 53 :  call for  11  times
2024/03/05 09:42:13 CallOrder: worker get response &{1 [mr-tmp-0-4 mr-tmp-1-4 mr-tmp-2-4 mr-tmp-3-4 mr-tmp-4-4 mr-tmp-5-4 mr-tmp-6-4 mr-tmp-7-4] 12 0}
2024/03/05 09:42:13 worker  53 get order:  &{1 [mr-tmp-0-4 mr-tmp-1-4 mr-tmp-2-4 mr-tmp-3-4 mr-tmp-4-4 mr-tmp-5-4 mr-tmp-6-4 mr-tmp-7-4] 12 0}  order Type 1
2024/03/05 09:42:13 start 12 map
2024/03/05 09:42:13 Worker finish order 12, order type 1
2024/03/05 09:42:14 53 :  call for  12  times
2024/03/05 09:42:14 CallOrder: worker get response &{1 [mr-tmp-0-7 mr-tmp-1-7 mr-tmp-2-7 mr-tmp-3-7 mr-tmp-4-7 mr-tmp-5-7 mr-tmp-6-7 mr-tmp-7-7] 15 0}
2024/03/05 09:42:14 worker  53 get order:  &{1 [mr-tmp-0-7 mr-tmp-1-7 mr-tmp-2-7 mr-tmp-3-7 mr-tmp-4-7 mr-tmp-5-7 mr-tmp-6-7 mr-tmp-7-7] 15 0}  order Type 1
2024/03/05 09:42:14 start 15 map
2024/03/05 09:42:14 Worker finish order 15, order type 1
2024/03/05 09:42:15 53 :  call for  13  times
2024/03/05 09:42:15 CallOrder: worker get response &{1 [mr-tmp-0-9 mr-tmp-1-9 mr-tmp-2-9 mr-tmp-3-9 mr-tmp-4-9 mr-tmp-5-9 mr-tmp-6-9 mr-tmp-7-9] 17 0}
2024/03/05 09:42:15 worker  53 get order:  &{1 [mr-tmp-0-9 mr-tmp-1-9 mr-tmp-2-9 mr-tmp-3-9 mr-tmp-4-9 mr-tmp-5-9 mr-tmp-6-9 mr-tmp-7-9] 17 0}  order Type 1
2024/03/05 09:42:16 start 17 map
2024/03/05 09:42:16 Worker finish order 17, order type 1
2024/03/05 09:42:17 53 :  call for  14  times
2024/03/05 09:42:17 CallOrder: worker get response &{4 [] 0 0}
2024/03/05 09:42:17 worker  53 get order:  &{4 [] 0 0}  order Type 4
2024/03/05 09:42:18 53  killed
