2024/03/05 02:50:56 56 :  call for  1  times
2024/03/05 02:50:56 CallOrder: worker get response &{0 [../pg-dorian_gray.txt] 1 10}
2024/03/05 02:50:56 worker  56 get order:  &{0 [../pg-dorian_gray.txt] 1 10}  order Type 0
2024/03/05 02:50:56 start 1 map
2024/03/05 02:50:56 Worker finish order 1, order type 0
2024/03/05 02:50:57 56 :  call for  2  times
2024/03/05 02:50:57 CallOrder: worker get response &{0 [../pg-huckleberry_finn.txt] 4 10}
2024/03/05 02:50:57 worker  56 get order:  &{0 [../pg-huckleberry_finn.txt] 4 10}  order Type 0
2024/03/05 02:50:57 start 4 map
2024/03/05 02:50:57 Worker finish order 4, order type 0
2024/03/05 02:50:58 56 :  call for  3  times
2024/03/05 02:50:58 CallOrder: worker get response &{0 [../pg-tom_sawyer.txt] 7 10}
2024/03/05 02:50:58 worker  56 get order:  &{0 [../pg-tom_sawyer.txt] 7 10}  order Type 0
2024/03/05 02:50:58 start 7 map
2024/03/05 02:50:58 Worker finish order 7, order type 0
2024/03/05 02:50:59 56 :  call for  4  times
2024/03/05 02:50:59 CallOrder: worker get response &{2 [] 0 0}
2024/03/05 02:50:59 worker  56 get order:  &{2 [] 0 0}  order Type 2
2024/03/05 02:50:59 56  waiting for order
2024/03/05 02:51:01 56 :  call for  5  times
2024/03/05 02:51:01 CallOrder: worker get response &{2 [] 0 0}
2024/03/05 02:51:01 worker  56 get order:  &{2 [] 0 0}  order Type 2
2024/03/05 02:51:01 56  waiting for order
2024/03/05 02:51:03 56 :  call for  6  times
2024/03/05 02:51:03 CallOrder: worker get response &{2 [] 0 0}
2024/03/05 02:51:03 worker  56 get order:  &{2 [] 0 0}  order Type 2
2024/03/05 02:51:03 56  waiting for order
2024/03/05 02:51:05 56 :  call for  7  times
2024/03/05 02:51:05 CallOrder: worker get response &{2 [] 0 0}
2024/03/05 02:51:05 worker  56 get order:  &{2 [] 0 0}  order Type 2
2024/03/05 02:51:05 56  waiting for order
2024/03/05 02:51:07 56 :  call for  8  times
2024/03/05 02:51:07 CallOrder: worker get response &{1 [mr-tmp-0-4 mr-tmp-1-4 mr-tmp-2-4 mr-tmp-3-4 mr-tmp-4-4 mr-tmp-5-4 mr-tmp-6-4 mr-tmp-7-4] 12 0}
2024/03/05 02:51:07 worker  56 get order:  &{1 [mr-tmp-0-4 mr-tmp-1-4 mr-tmp-2-4 mr-tmp-3-4 mr-tmp-4-4 mr-tmp-5-4 mr-tmp-6-4 mr-tmp-7-4] 12 0}  order Type 1
2024/03/05 02:51:07 start 12 map
2024/03/05 02:51:07 Worker finish order 12, order type 1
2024/03/05 02:51:08 56 :  call for  9  times
2024/03/05 02:51:08 CallOrder: worker get response &{1 [mr-tmp-0-7 mr-tmp-1-7 mr-tmp-2-7 mr-tmp-3-7 mr-tmp-4-7 mr-tmp-5-7 mr-tmp-6-7 mr-tmp-7-7] 15 0}
2024/03/05 02:51:08 worker  56 get order:  &{1 [mr-tmp-0-7 mr-tmp-1-7 mr-tmp-2-7 mr-tmp-3-7 mr-tmp-4-7 mr-tmp-5-7 mr-tmp-6-7 mr-tmp-7-7] 15 0}  order Type 1
2024/03/05 02:51:08 start 15 map
2024/03/05 02:51:08 Worker finish order 15, order type 1
2024/03/05 02:51:09 56 :  call for  10  times
2024/03/05 02:51:09 CallOrder: worker get response &{1 [mr-tmp-0-9 mr-tmp-1-9 mr-tmp-2-9 mr-tmp-3-9 mr-tmp-4-9 mr-tmp-5-9 mr-tmp-6-9 mr-tmp-7-9] 17 0}
2024/03/05 02:51:09 worker  56 get order:  &{1 [mr-tmp-0-9 mr-tmp-1-9 mr-tmp-2-9 mr-tmp-3-9 mr-tmp-4-9 mr-tmp-5-9 mr-tmp-6-9 mr-tmp-7-9] 17 0}  order Type 1
2024/03/05 02:51:09 start 17 map
2024/03/05 02:51:09 Worker finish order 17, order type 1
2024/03/05 02:51:10 56 :  call for  11  times
2024/03/05 02:51:10 CallOrder: worker get response &{3 [] 0 0}
2024/03/05 02:51:10 worker  56 get order:  &{3 [] 0 0}  order Type 3
2024/03/05 02:51:10 56  waiting for order
2024/03/05 02:51:12 56 :  call for  12  times
2024/03/05 02:51:12 CallOrder: worker get response &{3 [] 0 0}
2024/03/05 02:51:12 worker  56 get order:  &{3 [] 0 0}  order Type 3
2024/03/05 02:51:12 56  waiting for order
2024/03/05 02:51:14 56 :  call for  13  times
2024/03/05 02:51:14 CallOrder: worker get response &{4 [] 0 0}
2024/03/05 02:51:14 worker  56 get order:  &{4 [] 0 0}  order Type 4
2024/03/05 02:51:15 56  killed
