2024/03/05 05:54:23 23 :  call for  1  times
2024/03/05 05:54:23 CallOrder: worker get response &{0 [../pg-being_ernest.txt] 0 10}
2024/03/05 05:54:23 worker  23 get order:  &{0 [../pg-being_ernest.txt] 0 10}  order Type 0
2024/03/05 05:54:24 start 0 map
2024/03/05 05:54:24 Worker finish order 0, order type 0
2024/03/05 05:54:25 23 :  call for  2  times
2024/03/05 05:54:25 CallOrder: worker get response &{0 [../pg-tom_sawyer.txt] 7 10}
2024/03/05 05:54:25 worker  23 get order:  &{0 [../pg-tom_sawyer.txt] 7 10}  order Type 0
2024/03/05 05:54:25 start 7 map
2024/03/05 05:54:25 Worker finish order 7, order type 0
2024/03/05 05:54:26 23 :  call for  3  times
2024/03/05 05:54:26 CallOrder: worker get response &{2 [] 0 0}
2024/03/05 05:54:26 worker  23 get order:  &{2 [] 0 0}  order Type 2
2024/03/05 05:54:26 23  waiting for order
2024/03/05 05:54:28 23 :  call for  4  times
2024/03/05 05:54:28 CallOrder: worker get response &{2 [] 0 0}
2024/03/05 05:54:28 worker  23 get order:  &{2 [] 0 0}  order Type 2
2024/03/05 05:54:28 23  waiting for order
2024/03/05 05:54:30 23 :  call for  5  times
2024/03/05 05:54:30 CallOrder: worker get response &{2 [] 0 0}
2024/03/05 05:54:30 worker  23 get order:  &{2 [] 0 0}  order Type 2
2024/03/05 05:54:30 23  waiting for order
2024/03/05 05:54:32 23 :  call for  6  times
2024/03/05 05:54:32 CallOrder: worker get response &{2 [] 0 0}
2024/03/05 05:54:32 worker  23 get order:  &{2 [] 0 0}  order Type 2
2024/03/05 05:54:32 23  waiting for order
2024/03/05 05:54:34 23 :  call for  7  times
2024/03/05 05:54:34 CallOrder: worker get response &{2 [] 0 0}
2024/03/05 05:54:34 worker  23 get order:  &{2 [] 0 0}  order Type 2
2024/03/05 05:54:34 23  waiting for order
2024/03/05 05:54:36 23 :  call for  8  times
2024/03/05 05:54:36 CallOrder: worker get response &{2 [] 0 0}
2024/03/05 05:54:36 worker  23 get order:  &{2 [] 0 0}  order Type 2
2024/03/05 05:54:36 23  waiting for order
2024/03/05 05:54:38 23 :  call for  9  times
2024/03/05 05:54:38 CallOrder: worker get response &{2 [] 0 0}
2024/03/05 05:54:38 worker  23 get order:  &{2 [] 0 0}  order Type 2
2024/03/05 05:54:38 23  waiting for order
2024/03/05 05:54:40 23 :  call for  10  times
2024/03/05 05:54:40 CallOrder: worker get response &{2 [] 0 0}
2024/03/05 05:54:40 worker  23 get order:  &{2 [] 0 0}  order Type 2
2024/03/05 05:54:40 23  waiting for order
2024/03/05 05:54:42 23 :  call for  11  times
2024/03/05 05:54:42 CallOrder: worker get response &{2 [] 0 0}
2024/03/05 05:54:42 worker  23 get order:  &{2 [] 0 0}  order Type 2
2024/03/05 05:54:42 23  waiting for order
2024/03/05 05:54:44 23 :  call for  12  times
2024/03/05 05:54:44 CallOrder: worker get response &{2 [] 0 0}
2024/03/05 05:54:44 worker  23 get order:  &{2 [] 0 0}  order Type 2
2024/03/05 05:54:44 23  waiting for order
2024/03/05 05:54:46 23 :  call for  13  times
2024/03/05 05:54:46 CallOrder: worker get response &{2 [] 0 0}
2024/03/05 05:54:46 worker  23 get order:  &{2 [] 0 0}  order Type 2
2024/03/05 05:54:46 23  waiting for order
2024/03/05 05:54:48 23 :  call for  14  times
2024/03/05 05:54:48 CallOrder: worker get response &{2 [] 0 0}
2024/03/05 05:54:48 worker  23 get order:  &{2 [] 0 0}  order Type 2
2024/03/05 05:54:48 23  waiting for order
2024/03/05 05:54:50 23 :  call for  15  times
2024/03/05 05:54:50 CallOrder: worker get response &{2 [] 0 0}
2024/03/05 05:54:50 worker  23 get order:  &{2 [] 0 0}  order Type 2
2024/03/05 05:54:50 23  waiting for order
2024/03/05 05:54:52 23 :  call for  16  times
2024/03/05 05:54:52 CallOrder: worker get response &{2 [] 0 0}
2024/03/05 05:54:52 worker  23 get order:  &{2 [] 0 0}  order Type 2
2024/03/05 05:54:52 23  waiting for order
2024/03/05 05:54:54 23 :  call for  17  times
2024/03/05 05:54:54 CallOrder: worker get response &{2 [] 0 0}
2024/03/05 05:54:54 worker  23 get order:  &{2 [] 0 0}  order Type 2
2024/03/05 05:54:54 23  waiting for order
2024/03/05 05:54:56 23 :  call for  18  times
2024/03/05 05:54:56 CallOrder: worker get response &{2 [] 0 0}
2024/03/05 05:54:56 worker  23 get order:  &{2 [] 0 0}  order Type 2
2024/03/05 05:54:56 23  waiting for order
2024/03/05 05:54:58 23 :  call for  19  times
2024/03/05 05:54:58 CallOrder: worker get response &{2 [] 0 0}
2024/03/05 05:54:58 worker  23 get order:  &{2 [] 0 0}  order Type 2
2024/03/05 05:54:58 23  waiting for order
2024/03/05 05:55:00 23 :  call for  20  times
2024/03/05 05:55:00 CallOrder: worker get response &{2 [] 0 0}
2024/03/05 05:55:00 worker  23 get order:  &{2 [] 0 0}  order Type 2
2024/03/05 05:55:00 23  waiting for order
2024/03/05 05:55:02 23 :  call for  21  times
2024/03/05 05:55:02 CallOrder: worker get response &{2 [] 0 0}
2024/03/05 05:55:02 worker  23 get order:  &{2 [] 0 0}  order Type 2
2024/03/05 05:55:02 23  waiting for order
2024/03/05 05:55:04 23 :  call for  22  times
2024/03/05 05:55:04 CallOrder: worker get response &{1 [mr-tmp-0-3 mr-tmp-1-3 mr-tmp-2-3 mr-tmp-3-3 mr-tmp-4-3 mr-tmp-5-3 mr-tmp-6-3 mr-tmp-7-3] 11 0}
2024/03/05 05:55:04 worker  23 get order:  &{1 [mr-tmp-0-3 mr-tmp-1-3 mr-tmp-2-3 mr-tmp-3-3 mr-tmp-4-3 mr-tmp-5-3 mr-tmp-6-3 mr-tmp-7-3] 11 0}  order Type 1
2024/03/05 05:55:04 start 11 map
2024/03/05 05:55:04 Worker finish order 11, order type 1
2024/03/05 05:55:05 23 :  call for  23  times
2024/03/05 05:55:05 CallOrder: worker get response &{1 [mr-tmp-0-6 mr-tmp-1-6 mr-tmp-2-6 mr-tmp-3-6 mr-tmp-4-6 mr-tmp-5-6 mr-tmp-6-6 mr-tmp-7-6] 14 0}
2024/03/05 05:55:05 worker  23 get order:  &{1 [mr-tmp-0-6 mr-tmp-1-6 mr-tmp-2-6 mr-tmp-3-6 mr-tmp-4-6 mr-tmp-5-6 mr-tmp-6-6 mr-tmp-7-6] 14 0}  order Type 1
2024/03/05 05:55:05 start 14 map
2024/03/05 05:55:05 Worker finish order 14, order type 1
2024/03/05 05:55:06 23 :  call for  24  times
2024/03/05 05:55:06 CallOrder: worker get response &{3 [] 0 0}
2024/03/05 05:55:06 worker  23 get order:  &{3 [] 0 0}  order Type 3
2024/03/05 05:55:06 23  waiting for order
2024/03/05 05:55:08 23 :  call for  25  times
2024/03/05 05:55:08 CallOrder: worker get response &{3 [] 0 0}
2024/03/05 05:55:08 worker  23 get order:  &{3 [] 0 0}  order Type 3
2024/03/05 05:55:08 23  waiting for order
2024/03/05 05:55:10 23 :  call for  26  times
2024/03/05 05:55:10 CallOrder: worker get response &{3 [] 0 0}
2024/03/05 05:55:10 worker  23 get order:  &{3 [] 0 0}  order Type 3
2024/03/05 05:55:10 23  waiting for order
2024/03/05 05:55:12 23 :  call for  27  times
2024/03/05 05:55:12 CallOrder: worker get response &{3 [] 0 0}
2024/03/05 05:55:12 worker  23 get order:  &{3 [] 0 0}  order Type 3
2024/03/05 05:55:12 23  waiting for order
2024/03/05 05:55:14 23 :  call for  28  times
2024/03/05 05:55:14 CallOrder: worker get response &{3 [] 0 0}
2024/03/05 05:55:14 worker  23 get order:  &{3 [] 0 0}  order Type 3
2024/03/05 05:55:14 23  waiting for order
2024/03/05 05:55:16 23 :  call for  29  times
2024/03/05 05:55:16 CallOrder: worker get response &{4 [] 0 0}
2024/03/05 05:55:16 worker  23 get order:  &{4 [] 0 0}  order Type 4
2024/03/05 05:55:17 23  killed
