2024/03/05 01:22:46 46 :  call for  1  times
2024/03/05 01:22:46 CallOrder: worker get response &{0 [../pg-being_ernest.txt] 0 10}
2024/03/05 01:22:46 worker  46 get order:  &{0 [../pg-being_ernest.txt] 0 10}  order Type 0
2024/03/05 01:22:46 start 0 map
2024/03/05 01:22:46 Worker finish order 0, order type 0
2024/03/05 01:22:47 46 :  call for  2  times
2024/03/05 01:22:47 CallOrder: worker get response &{0 [../pg-huckleberry_finn.txt] 4 10}
2024/03/05 01:22:47 worker  46 get order:  &{0 [../pg-huckleberry_finn.txt] 4 10}  order Type 0
2024/03/05 01:22:47 start 4 map
2024/03/05 01:22:47 Worker finish order 4, order type 0
2024/03/05 01:22:48 46 :  call for  3  times
2024/03/05 01:22:48 CallOrder: worker get response &{0 [../pg-tom_sawyer.txt] 7 10}
2024/03/05 01:22:48 worker  46 get order:  &{0 [../pg-tom_sawyer.txt] 7 10}  order Type 0
2024/03/05 01:22:48 start 7 map
2024/03/05 01:22:48 Worker finish order 7, order type 0
2024/03/05 01:22:49 46 :  call for  4  times
2024/03/05 01:22:49 CallOrder: worker get response &{2 [] 0 0}
2024/03/05 01:22:49 worker  46 get order:  &{2 [] 0 0}  order Type 2
2024/03/05 01:22:49 46  waiting for order
2024/03/05 01:22:51 46 :  call for  5  times
2024/03/05 01:22:51 CallOrder: worker get response &{1 [mr-tmp-0-2 mr-tmp-1-2 mr-tmp-2-2 mr-tmp-3-2 mr-tmp-4-2 mr-tmp-5-2 mr-tmp-6-2 mr-tmp-7-2] 10 0}
2024/03/05 01:22:51 worker  46 get order:  &{1 [mr-tmp-0-2 mr-tmp-1-2 mr-tmp-2-2 mr-tmp-3-2 mr-tmp-4-2 mr-tmp-5-2 mr-tmp-6-2 mr-tmp-7-2] 10 0}  order Type 1
2024/03/05 01:22:51 start 10 map
2024/03/05 01:22:51 Worker finish order 10, order type 1
2024/03/05 01:22:52 46 :  call for  6  times
2024/03/05 01:22:52 CallOrder: worker get response &{1 [mr-tmp-0-5 mr-tmp-1-5 mr-tmp-2-5 mr-tmp-3-5 mr-tmp-4-5 mr-tmp-5-5 mr-tmp-6-5 mr-tmp-7-5] 13 0}
2024/03/05 01:22:52 worker  46 get order:  &{1 [mr-tmp-0-5 mr-tmp-1-5 mr-tmp-2-5 mr-tmp-3-5 mr-tmp-4-5 mr-tmp-5-5 mr-tmp-6-5 mr-tmp-7-5] 13 0}  order Type 1
