2024/03/05 03:34:30 30 :  call for  1  times
2024/03/05 03:34:30 CallOrder: worker get response &{2 [] 0 0}
2024/03/05 03:34:30 worker  30 get order:  &{2 [] 0 0}  order Type 2
2024/03/05 03:34:30 30  waiting for order
2024/03/05 03:34:32 30 :  call for  2  times
2024/03/05 03:34:32 CallOrder: worker get response &{2 [] 0 0}
2024/03/05 03:34:32 worker  30 get order:  &{2 [] 0 0}  order Type 2
2024/03/05 03:34:32 30  waiting for order
2024/03/05 03:34:34 30 :  call for  3  times
2024/03/05 03:34:34 CallOrder: worker get response &{2 [] 0 0}
2024/03/05 03:34:34 worker  30 get order:  &{2 [] 0 0}  order Type 2
2024/03/05 03:34:34 30  waiting for order
2024/03/05 03:34:36 30 :  call for  4  times
2024/03/05 03:34:36 CallOrder: worker get response &{2 [] 0 0}
2024/03/05 03:34:36 worker  30 get order:  &{2 [] 0 0}  order Type 2
2024/03/05 03:34:36 30  waiting for order
2024/03/05 03:34:38 30 :  call for  5  times
2024/03/05 03:34:38 CallOrder: worker get response &{0 [../pg-grimm.txt] 3 10}
2024/03/05 03:34:38 worker  30 get order:  &{0 [../pg-grimm.txt] 3 10}  order Type 0
2024/03/05 03:34:38 start 3 map
2024/03/05 03:34:38 Worker finish order 3, order type 0
2024/03/05 03:34:39 30 :  call for  6  times
2024/03/05 03:34:39 CallOrder: worker get response &{0 [../pg-huckleberry_finn.txt] 4 10}
2024/03/05 03:34:39 worker  30 get order:  &{0 [../pg-huckleberry_finn.txt] 4 10}  order Type 0
2024/03/05 03:34:48 start 4 map
2024/03/05 03:34:48 Worker finish order 4, order type 0
2024/03/05 03:34:49 30 :  call for  7  times
2024/03/05 03:34:49 CallOrder: worker get response &{2 [] 0 0}
2024/03/05 03:34:49 worker  30 get order:  &{2 [] 0 0}  order Type 2
2024/03/05 03:34:49 30  waiting for order
2024/03/05 03:34:51 30 :  call for  8  times
2024/03/05 03:34:51 CallOrder: worker get response &{2 [] 0 0}
2024/03/05 03:34:51 worker  30 get order:  &{2 [] 0 0}  order Type 2
2024/03/05 03:34:51 30  waiting for order
2024/03/05 03:34:53 30 :  call for  9  times
2024/03/05 03:34:53 CallOrder: worker get response &{2 [] 0 0}
2024/03/05 03:34:53 worker  30 get order:  &{2 [] 0 0}  order Type 2
2024/03/05 03:34:53 30  waiting for order
2024/03/05 03:34:55 30 :  call for  10  times
2024/03/05 03:34:55 CallOrder: worker get response &{2 [] 0 0}
2024/03/05 03:34:55 worker  30 get order:  &{2 [] 0 0}  order Type 2
2024/03/05 03:34:55 30  waiting for order
2024/03/05 03:34:57 30 :  call for  11  times
2024/03/05 03:34:57 CallOrder: worker get response &{2 [] 0 0}
2024/03/05 03:34:57 worker  30 get order:  &{2 [] 0 0}  order Type 2
2024/03/05 03:34:57 30  waiting for order
2024/03/05 03:34:59 30 :  call for  12  times
2024/03/05 03:34:59 CallOrder: worker get response &{2 [] 0 0}
2024/03/05 03:34:59 worker  30 get order:  &{2 [] 0 0}  order Type 2
2024/03/05 03:34:59 30  waiting for order
2024/03/05 03:35:01 30 :  call for  13  times
2024/03/05 03:35:01 CallOrder: worker get response &{2 [] 0 0}
2024/03/05 03:35:01 worker  30 get order:  &{2 [] 0 0}  order Type 2
2024/03/05 03:35:01 30  waiting for order
2024/03/05 03:35:03 30 :  call for  14  times
2024/03/05 03:35:03 CallOrder: worker get response &{1 [mr-tmp-0-1 mr-tmp-1-1 mr-tmp-2-1 mr-tmp-3-1 mr-tmp-4-1 mr-tmp-5-1 mr-tmp-6-1 mr-tmp-7-1] 9 0}
2024/03/05 03:35:03 worker  30 get order:  &{1 [mr-tmp-0-1 mr-tmp-1-1 mr-tmp-2-1 mr-tmp-3-1 mr-tmp-4-1 mr-tmp-5-1 mr-tmp-6-1 mr-tmp-7-1] 9 0}  order Type 1
2024/03/05 03:35:03 start 9 map
2024/03/05 03:35:03 Worker finish order 9, order type 1
2024/03/05 03:35:04 30 :  call for  15  times
2024/03/05 03:35:04 CallOrder: worker get response &{1 [mr-tmp-0-3 mr-tmp-1-3 mr-tmp-2-3 mr-tmp-3-3 mr-tmp-4-3 mr-tmp-5-3 mr-tmp-6-3 mr-tmp-7-3] 11 0}
2024/03/05 03:35:04 worker  30 get order:  &{1 [mr-tmp-0-3 mr-tmp-1-3 mr-tmp-2-3 mr-tmp-3-3 mr-tmp-4-3 mr-tmp-5-3 mr-tmp-6-3 mr-tmp-7-3] 11 0}  order Type 1
2024/03/05 03:35:04 start 11 map
2024/03/05 03:35:04 Worker finish order 11, order type 1
2024/03/05 03:35:05 30 :  call for  16  times
2024/03/05 03:35:05 CallOrder: worker get response &{1 [mr-tmp-0-6 mr-tmp-1-6 mr-tmp-2-6 mr-tmp-3-6 mr-tmp-4-6 mr-tmp-5-6 mr-tmp-6-6 mr-tmp-7-6] 14 0}
2024/03/05 03:35:05 worker  30 get order:  &{1 [mr-tmp-0-6 mr-tmp-1-6 mr-tmp-2-6 mr-tmp-3-6 mr-tmp-4-6 mr-tmp-5-6 mr-tmp-6-6 mr-tmp-7-6] 14 0}  order Type 1
2024/03/05 03:35:05 start 14 map
2024/03/05 03:35:05 Worker finish order 14, order type 1
2024/03/05 03:35:06 30 :  call for  17  times
2024/03/05 03:35:06 CallOrder: worker get response &{1 [mr-tmp-0-9 mr-tmp-1-9 mr-tmp-2-9 mr-tmp-3-9 mr-tmp-4-9 mr-tmp-5-9 mr-tmp-6-9 mr-tmp-7-9] 17 0}
2024/03/05 03:35:06 worker  30 get order:  &{1 [mr-tmp-0-9 mr-tmp-1-9 mr-tmp-2-9 mr-tmp-3-9 mr-tmp-4-9 mr-tmp-5-9 mr-tmp-6-9 mr-tmp-7-9] 17 0}  order Type 1
2024/03/05 03:35:06 start 17 map
2024/03/05 03:35:06 Worker finish order 17, order type 1
2024/03/05 03:35:07 30 :  call for  18  times
2024/03/05 03:35:07 CallOrder: worker get response &{3 [] 0 0}
2024/03/05 03:35:07 worker  30 get order:  &{3 [] 0 0}  order Type 3
2024/03/05 03:35:07 30  waiting for order
2024/03/05 03:35:09 30 :  call for  19  times
2024/03/05 03:35:09 CallOrder: worker get response &{3 [] 0 0}
2024/03/05 03:35:09 worker  30 get order:  &{3 [] 0 0}  order Type 3
2024/03/05 03:35:09 30  waiting for order
2024/03/05 03:35:11 30 :  call for  20  times
2024/03/05 03:35:11 CallOrder: worker get response &{3 [] 0 0}
2024/03/05 03:35:11 worker  30 get order:  &{3 [] 0 0}  order Type 3
2024/03/05 03:35:11 30  waiting for order
2024/03/05 03:35:13 30 :  call for  21  times
2024/03/05 03:35:13 CallOrder: worker get response &{3 [] 0 0}
2024/03/05 03:35:13 worker  30 get order:  &{3 [] 0 0}  order Type 3
2024/03/05 03:35:13 30  waiting for order
2024/03/05 03:35:15 30 :  call for  22  times
2024/03/05 03:35:15 CallOrder: worker get response &{1 [mr-tmp-0-5 mr-tmp-1-5 mr-tmp-2-5 mr-tmp-3-5 mr-tmp-4-5 mr-tmp-5-5 mr-tmp-6-5 mr-tmp-7-5] 13 0}
2024/03/05 03:35:15 worker  30 get order:  &{1 [mr-tmp-0-5 mr-tmp-1-5 mr-tmp-2-5 mr-tmp-3-5 mr-tmp-4-5 mr-tmp-5-5 mr-tmp-6-5 mr-tmp-7-5] 13 0}  order Type 1
